<?xml version="1.0" encoding="utf-8"?>
<TestRun id="2849967c-679e-42f7-b193-13d8eb015188" name="EC2AMAZ-JEOO151$@EC2AMAZ-JEOO151 2019-07-11 17:22:04" runUser="NT AUTHORITY\SYSTEM" xmlns="http://microsoft.com/schemas/VisualStudio/TeamTest/2010">
  <Times creation="2019-07-11T17:22:04.1858919+00:00" queuing="2019-07-11T17:22:04.1858920+00:00" start="2019-07-11T17:21:45.4124187+00:00" finish="2019-07-11T21:47:48.9731216+00:00" />
  <TestSettings name="default" id="1d04d12c-aa3b-4582-a0a6-f97200c693b7">
    <Deployment runDeploymentRoot="EC2AMAZ-JEOO151$_EC2AMAZ-JEOO151_2019-07-11_17_22_04" />
  </TestSettings>
  <Results>
    <UnitTestResult executionId="27e460c6-ff61-4495-9a65-03c95b0b54ec" testId="180ddb40-5d57-80dd-86e5-d2d247b50e5f" testName="ClearShotIsVisibleInGoalInsert(&quot;adjust&quot;,null)" computerName="EC2AMAZ-JEOO151" duration="00:00:14.3820000" startTime="2019-07-11T18:22:22.0000000+00:00" endTime="2019-07-11T18:22:36.0000000+00:00" testType="13cdc9d9-ddb5-4fa4-a97d-d965ccfc6d4b" outcome="Passed" testListId="8c84fa94-04c1-424b-9868-57a2d4851a1d" relativeResultsDirectory="27e460c6-ff61-4495-9a65-03c95b0b54ec">
      <Output>
        <StdOut>sandbox: PrepareForTestRun started.&#xD;
sandbox: football liveStatsApp != null: True &#xD;
sandbox: football liveStatsApp.IsProcessRunning: True &#xD;
sandbox: setupLocalData: localDatabaseProvider != null: True&#xD;
sandbox: applicationPages != null: True&#xD;
sandbox: applicationPages.Webdriver != null: True&#xD;
sandbox: finished setuping local data&#xD;
sandbox: PrepareForTestRun complete.&#xD;
Given Match started with kick off from existing game&#xD;
-&gt; done: SetupGameSteps.GivenMatchStartedWithKickOffButtonFromExistingGame() (3.3s)&#xD;
And "Top right" corner added for Team 1&#xD;
-&gt; done: CornerSteps.GivenCornerAddedForTeam("Top right", 1) (3.2s)&#xD;
And "Yellow" Card for Team 1 is registered&#xD;
Given action failed. Retrying after a timeout.&#xD;
-&gt; done: CardSteps.GivenCardForTeamIsRegistered(Yellow, 1) (3.4s)&#xD;
And I clicked on latest "Corner" event in action log&#xD;
-&gt; done: ActionLogSteps.GivenIClickOnLatestEventInActionLog(Corner) (0.3s)&#xD;
And I entered new conceded event time of "0030"&#xD;
-&gt; done: EditFormSteps.GivenIEnterNewConcededEventTimeOf("0030") (0.9s)&#xD;
And I clicked Save button in action edit form&#xD;
-&gt; done: EditFormSteps.ClickSaveButtonInActionEditForm() (0.6s)&#xD;
And I remembered current players on pitch shirt numbers&#xD;
-&gt; done: GoalEditSteps.GivenIRememberCurrentPlayersOnPitch() (1.1s)&#xD;
When I click Expand Action log button&#xD;
-&gt; done: ActionLogSteps.WhenIClickExpandActionLogButton() (0.2s)&#xD;
And I click last action in expanded action log&#xD;
-&gt; done: ExpandedActionLogSteps.WhenIClickLastActionInExpandedActionLog() (0.1s)&#xD;
And I click insert after button in expanded action log&#xD;
-&gt; done: ExpandedActionLogSteps.WhenIClickInsertAfterButtonInExpandedActionLog() (0.1s)&#xD;
And I click insert Goal button in insert after dropdown&#xD;
-&gt; done: ExpandedActionLogSteps.WhenIClickInsertGoalButtonInInsertAfterDropdown() (0.1s)&#xD;
And I click "adjust" shot location button in insert window&#xD;
-&gt; done: GoalEditSteps.GivenIClickAdjustShotLocationButton() (0.1s)&#xD;
And I click "top right" corner on Net&#xD;
-&gt; done: ExpandedShotLocationDialogSteps.GivenIClickCornerOnNet("top right") (0.1s)&#xD;
Then Clear shot position button is visible&#xD;
-&gt; done: ExpandedShotLocationDialogSteps.ThenClearShotPositionButtonIsVisible() (0.0s)&#xD;
sandbox: CleanUpAfterTestRun started.&#xD;
sandbox: application pages != null: True&#xD;
sandbox: web driver!= null: True&#xD;
sandbox: CleanUpAfterTestRun complete.</StdOut>
      </Output>
    </UnitTestResult>
    <UnitTestResult executionId="df2e0504-e923-4735-bc5c-cfd3164007eb" testId="16d4b4cc-38aa-df1c-e06d-bd6db292bd31" testName="GivenFootballReportsOpened_WhenOpeningReport_ReportPreviewIsShown(&quot;Full Time&quot;)" computerName="EC2AMAZ-JEOO151" duration="00:00:06.0290000" startTime="2019-07-11T21:44:41.0000000+00:00" endTime="2019-07-11T21:44:47.0000000+00:00" testType="13cdc9d9-ddb5-4fa4-a97d-d965ccfc6d4b" outcome="Passed" testListId="8c84fa94-04c1-424b-9868-57a2d4851a1d" relativeResultsDirectory="df2e0504-e923-4735-bc5c-cfd3164007eb">
      <Output>
        <StdOut>sandbox: PrepareForTestRun started.&#xD;
sandbox: football liveStatsApp != null: True &#xD;
sandbox: football liveStatsApp.IsProcessRunning: True &#xD;
sandbox: setupLocalData: localDatabaseProvider != null: True&#xD;
sandbox: applicationPages != null: True&#xD;
sandbox: applicationPages.Webdriver != null: True&#xD;
sandbox: finished setuping local data&#xD;
sandbox: PrepareForTestRun complete.&#xD;
sandbox: CleanUpAfterTestRun started.&#xD;
sandbox: application pages != null: True&#xD;
sandbox: web driver!= null: True&#xD;
sandbox: CleanUpAfterTestRun complete.</StdOut>
      </Output>
    </UnitTestResult>
    <UnitTestResult executionId="1a7ae999-ca4f-4398-9ca0-40256f636456" testId="c9228c24-3074-3781-0e6a-c0028a7dc859" testName="PenaltyActionFlagCanBeReviewedInActionEditScreen" computerName="EC2AMAZ-JEOO151" duration="00:00:09.3640000" startTime="2019-07-11T19:42:09.0000000+00:00" endTime="2019-07-11T19:42:19.0000000+00:00" testType="13cdc9d9-ddb5-4fa4-a97d-d965ccfc6d4b" outcome="Passed" testListId="8c84fa94-04c1-424b-9868-57a2d4851a1d" relativeResultsDirectory="1a7ae999-ca4f-4398-9ca0-40256f636456">
      <Output>
        <StdOut>sandbox: PrepareForTestRun started.&#xD;
sandbox: football liveStatsApp != null: True &#xD;
sandbox: football liveStatsApp.IsProcessRunning: True &#xD;
sandbox: setupLocalData: localDatabaseProvider != null: True&#xD;
sandbox: applicationPages != null: True&#xD;
sandbox: applicationPages.Webdriver != null: True&#xD;
sandbox: finished setuping local data&#xD;
sandbox: PrepareForTestRun complete.&#xD;
Given Match started with kick off from existing game&#xD;
-&gt; done: SetupGameSteps.GivenMatchStartedWithKickOffButtonFromExistingGame() (3.3s)&#xD;
Given Penalty for Team 1 is registered&#xD;
-&gt; done: PenaltySteps.GivenPenaltyForTeamIsRegistered(1) (4.3s)&#xD;
When I click on latest "Penalty" event in action log&#xD;
-&gt; done: ActionLogSteps.GivenIClickOnLatestEventInActionLog(Penalty) (0.2s)&#xD;
And I click Flag &amp; Save button in action edit form&#xD;
-&gt; done: EditFormSteps.ClickFlagAndSaveInActionEditForm() (0.4s)&#xD;
And I click on latest "Penalty" event in action log&#xD;
-&gt; done: ActionLogSteps.GivenIClickOnLatestEventInActionLog(Penalty) (0.1s)&#xD;
And I click review flags button in game action edit window&#xD;
-&gt; done: EditFormSteps.WhenIClickReviewFlagsButtonInGameActionEditWindow() (0.1s)&#xD;
Then Review action flags dialog opens&#xD;
-&gt; done: EditFormSteps.ThenReviewActionFlagsDialogOpens() (0.0s)&#xD;
And "This item was flagged by the User." is visible in review action flags dialog&#xD;
-&gt; done: EditWindowFlagsDropDownSteps.ThenIsVisibleInReviewActionFlagsDialog("This item was fla...") (0.0s)&#xD;
sandbox: CleanUpAfterTestRun started.&#xD;
sandbox: application pages != null: True&#xD;
sandbox: web driver!= null: True&#xD;
sandbox: CleanUpAfterTestRun complete.</StdOut>
      </Output>
    </UnitTestResult>
    <UnitTestResult executionId="24f82db8-bab9-4455-8b4a-f3eb351d1b48" testId="d6fec4a4-196d-66f2-74a6-e4dfbd15ae52" testName="CardTypeAndReasonUpdate(&quot;Yellow&quot;,&quot;Red&quot;,&quot;Serious Foul Play&quot;,null)" computerName="EC2AMAZ-JEOO151" duration="00:00:10.1830000" startTime="2019-07-11T17:47:59.0000000+00:00" endTime="2019-07-11T17:48:09.0000000+00:00" testType="13cdc9d9-ddb5-4fa4-a97d-d965ccfc6d4b" outcome="Passed" testListId="8c84fa94-04c1-424b-9868-57a2d4851a1d" relativeResultsDirectory="24f82db8-bab9-4455-8b4a-f3eb351d1b48">
      <Output>
        <StdOut>sandbox: PrepareForTestRun started.&#xD;
sandbox: football liveStatsApp != null: True &#xD;
sandbox: football liveStatsApp.IsProcessRunning: True &#xD;
sandbox: setupLocalData: localDatabaseProvider != null: True&#xD;
sandbox: applicationPages != null: True&#xD;
sandbox: applicationPages.Webdriver != null: True&#xD;
sandbox: finished setuping local data&#xD;
sandbox: PrepareForTestRun complete.&#xD;
Given Match started with kick off from existing game&#xD;
-&gt; done: SetupGameSteps.GivenMatchStartedWithKickOffButtonFromExistingGame() (3.3s)&#xD;
And I remembered current players on pitch shirt numbers&#xD;
-&gt; done: GoalEditSteps.GivenIRememberCurrentPlayersOnPitch() (1.6s)&#xD;
Given "Yellow" Card for Team "1" player with shirt number "4" is registered&#xD;
-&gt; done: CardSteps.GivenCardForTeamPlayerWithShirtNumberIsRegistered(Yellow, 1, 4) (3.1s)&#xD;
When I click on 1 of type "Booking" event in action log&#xD;
-&gt; done: ActionLogSteps.GivenIClickOnLatestEventInActionLog(1, Booking) (0.2s)&#xD;
And I click "Red" card in card edit page&#xD;
-&gt; done: CardEditSteps.WhenIClickCardInCardEditPage("Red") (0.1s)&#xD;
And I click "select reason for card" button in card edit page&#xD;
-&gt; done: CardEditSteps.WhenIClickButtonInCardEditPage() (0.0s)&#xD;
And I click "Serious Foul Play" reason button&#xD;
-&gt; done: CardSteps.WhenIClickReasonButton("Serious Foul Play") (0.1s)&#xD;
And I click Save button in action edit form&#xD;
-&gt; done: EditFormSteps.ClickSaveButtonInActionEditForm() (0.6s)&#xD;
Then Pitch View is shown&#xD;
-&gt; done: PitchScreenSteps.PitchViewIsShown() (0.0s)&#xD;
And Red label is shown in Booking event action log&#xD;
-&gt; done: ActionLogSteps.ThenOffenceIsShownInPenaltyEventActionLog("Red", Booking) (0.1s)&#xD;
And "Red" label of "Booking" event in action log contains "Red" card icon&#xD;
-&gt; done: ActionLogSteps.ThenLabelOfEventInActionLogContainsCardIcon("Red", Booking, "Red") (0.1s)&#xD;
And Player on pitch by shirt number 4 of team 1 is shown in Red of "Booking" event in action log&#xD;
-&gt; done: ActionLogSteps.ThenPlayerOnPitchByShirtNumberOfTeamIsShownInGoalOfEventInActionLog(4, 1, "Red", Booking) (0.2s)&#xD;
sandbox: CleanUpAfterTestRun started.&#xD;
sandbox: application pages != null: True&#xD;
sandbox: web driver!= null: True&#xD;
sandbox: CleanUpAfterTestRun complete.</StdOut>
      </Output>
    </UnitTestResult>
    <UnitTestResult executionId="3d8b0235-7078-4f97-8d35-de5a8556cc57" testId="672e37fc-e8ae-d345-2a1a-d5a9f79dc318" testName="GivenGameInProgress_WhenEditingClockByArrowDownSeconds_ThenClockEdited" computerName="EC2AMAZ-JEOO151" duration="00:00:07.2850000" startTime="2019-07-11T21:15:53.0000000+00:00" endTime="2019-07-11T21:16:01.0000000+00:00" testType="13cdc9d9-ddb5-4fa4-a97d-d965ccfc6d4b" outcome="Passed" testListId="8c84fa94-04c1-424b-9868-57a2d4851a1d" relativeResultsDirectory="3d8b0235-7078-4f97-8d35-de5a8556cc57">
      <Output>
        <StdOut>sandbox: PrepareForTestRun started.&#xD;
sandbox: football liveStatsApp != null: True &#xD;
sandbox: football liveStatsApp.IsProcessRunning: True &#xD;
sandbox: setupLocalData: localDatabaseProvider != null: True&#xD;
sandbox: applicationPages != null: True&#xD;
sandbox: applicationPages.Webdriver != null: True&#xD;
sandbox: finished setuping local data&#xD;
sandbox: PrepareForTestRun complete.&#xD;
sandbox: CleanUpAfterTestRun started.&#xD;
sandbox: application pages != null: True&#xD;
sandbox: web driver!= null: True&#xD;
sandbox: CleanUpAfterTestRun complete.</StdOut>
      </Output>
    </UnitTestResult>
    <UnitTestResult executionId="644a9a38-9495-40d8-9e43-522e602dc4a3" testId="f97cade4-2f57-d763-2c95-68063348a95c" testName="GivenGameInProgressWithInactiveAssistantCouch_WhenActivatingAssistantCouch_ThenAssistantCouchActivated" computerName="EC2AMAZ-JEOO151" duration="00:00:06.4940000" startTime="2019-07-11T20:07:05.0000000+00:00" endTime="2019-07-11T20:07:12.0000000+00:00" testType="13cdc9d9-ddb5-4fa4-a97d-d965ccfc6d4b" outcome="Passed" testListId="8c84fa94-04c1-424b-9868-57a2d4851a1d" relativeResultsDirectory="644a9a38-9495-40d8-9e43-522e602dc4a3">
      <Output>
        <StdOut>sandbox: PrepareForTestRun started.&#xD;
sandbox: football liveStatsApp != null: True &#xD;
sandbox: football liveStatsApp.IsProcessRunning: True &#xD;
sandbox: setupLocalData: localDatabaseProvider != null: True&#xD;
sandbox: applicationPages != null: True&#xD;
sandbox: applicationPages.Webdriver != null: True&#xD;
sandbox: finished setuping local data&#xD;
sandbox: PrepareForTestRun complete.&#xD;
sandbox: CleanUpAfterTestRun started.&#xD;
sandbox: application pages != null: True&#xD;
sandbox: web driver!= null: True&#xD;
sandbox: CleanUpAfterTestRun complete.</StdOut>
      </Output>
    </UnitTestResult>
    <UnitTestResult executionId="36a85a65-36db-4682-ad66-96fe4b0b5f15" testId="edbcfb6d-2881-58b1-12eb-77371c6c622f" testName="GivenGameKickedOff_WhenDoingAllWorkFlowsOneByOne_ThenFullGameCanBeScouted" computerName="EC2AMAZ-JEOO151" duration="00:00:54.1930000" startTime="2019-07-11T20:01:21.0000000+00:00" endTime="2019-07-11T20:02:16.0000000+00:00" testType="13cdc9d9-ddb5-4fa4-a97d-d965ccfc6d4b" outcome="Failed" testListId="8c84fa94-04c1-424b-9868-57a2d4851a1d" relativeResultsDirectory="36a85a65-36db-4682-ad66-96fe4b0b5f15">
      <Output>
        <StdOut>sandbox: PrepareForTestRun started.&#xD;
sandbox: football liveStatsApp != null: True &#xD;
sandbox: football liveStatsApp.IsProcessRunning: True &#xD;
sandbox: setupLocalData: localDatabaseProvider != null: True&#xD;
sandbox: applicationPages != null: True&#xD;
sandbox: applicationPages.Webdriver != null: True&#xD;
sandbox: finished setuping local data&#xD;
sandbox: PrepareForTestRun complete.&#xD;
Given action failed. Retrying after a timeout.&#xD;
Given action failed. Retrying after a timeout.&#xD;
Given action failed. Retrying after a timeout.&#xD;
Given action failed. Retrying after a timeout.&#xD;
Given action failed. Retrying after a timeout.&#xD;
Given action failed. Retrying after a timeout.&#xD;
Given action failed. Retrying after a timeout.&#xD;
sandbox: CleanUpAfterTestRun started.&#xD;
sandbox: application pages != null: True&#xD;
sandbox: web driver!= null: True&#xD;
sandbox: CleanUpAfterTestRun complete.</StdOut>
        <ErrorInfo>
          <Message>System.NullReferenceException : Object reference not set to an instance of an object.</Message>
          <StackTrace>   at GeniusSports.LiveStats.Football.FunctionalTests.WebDrivers.PlayerButtonsCollection.Select(Int32 shirtId) in C:\GitLab-Runner\builds\wr8MmWYb\0\LiveStats\LiveStats.Football\Source\Test\FunctionalTests\WebDrivers\PlayerButtonsCollection.cs:line 58&#xD;
   at GeniusSports.LiveStats.Football.FunctionalTests.Tests.FullGameCanBeScouted.GivenGameKickedOff_WhenDoingAllWorkFlowsOneByOne_ThenFullGameCanBeScouted() in C:\GitLab-Runner\builds\wr8MmWYb\0\LiveStats\LiveStats.Football\Source\Test\FunctionalTests\Tests\FullGameCanBeScouted.cs:line 29</StackTrace>
        </ErrorInfo>
      </Output>
    </UnitTestResult>
    <UnitTestResult executionId="a118f159-ad2b-49ab-aa75-cd5c1d10dc88" testId="33f68f15-b6d0-3ac0-d559-a4e80e130817" testName="GivenGoalKickRegistered_WhenOpeningGoalKickEdit_ThenFormIsLoaded" computerName="EC2AMAZ-JEOO151" duration="00:00:05.8310000" startTime="2019-07-11T20:32:09.0000000+00:00" endTime="2019-07-11T20:32:15.0000000+00:00" testType="13cdc9d9-ddb5-4fa4-a97d-d965ccfc6d4b" outcome="Passed" testListId="8c84fa94-04c1-424b-9868-57a2d4851a1d" relativeResultsDirectory="a118f159-ad2b-49ab-aa75-cd5c1d10dc88">
      <Output>
        <StdOut>sandbox: PrepareForTestRun started.&#xD;
sandbox: football liveStatsApp != null: True &#xD;
sandbox: football liveStatsApp.IsProcessRunning: True &#xD;
sandbox: setupLocalData: localDatabaseProvider != null: True&#xD;
sandbox: applicationPages != null: True&#xD;
sandbox: applicationPages.Webdriver != null: True&#xD;
sandbox: finished setuping local data&#xD;
sandbox: PrepareForTestRun complete.&#xD;
Given action failed. Retrying after a timeout.&#xD;
sandbox: CleanUpAfterTestRun started.&#xD;
sandbox: application pages != null: True&#xD;
sandbox: web driver!= null: True&#xD;
sandbox: CleanUpAfterTestRun complete.</StdOut>
      </Output>
    </UnitTestResult>
    <UnitTestResult executionId="d35b94e1-8406-4249-9f6d-db72203a2787" testId="855f987d-ebca-43ff-0b31-925b8b9ca53f" testName="CardTypeAndReasonUpdate(&quot;Yellow&quot;,&quot;Red&quot;,&quot;Denied Goalscoring Chance&quot;,null)" computerName="EC2AMAZ-JEOO151" duration="00:00:10.3480000" startTime="2019-07-11T17:48:29.0000000+00:00" endTime="2019-07-11T17:48:40.0000000+00:00" testType="13cdc9d9-ddb5-4fa4-a97d-d965ccfc6d4b" outcome="Passed" testListId="8c84fa94-04c1-424b-9868-57a2d4851a1d" relativeResultsDirectory="d35b94e1-8406-4249-9f6d-db72203a2787">
      <Output>
        <StdOut>sandbox: PrepareForTestRun started.&#xD;
sandbox: football liveStatsApp != null: True &#xD;
sandbox: football liveStatsApp.IsProcessRunning: True &#xD;
sandbox: setupLocalData: localDatabaseProvider != null: True&#xD;
sandbox: applicationPages != null: True&#xD;
sandbox: applicationPages.Webdriver != null: True&#xD;
sandbox: finished setuping local data&#xD;
sandbox: PrepareForTestRun complete.&#xD;
Given Match started with kick off from existing game&#xD;
-&gt; done: SetupGameSteps.GivenMatchStartedWithKickOffButtonFromExistingGame() (3.2s)&#xD;
And I remembered current players on pitch shirt numbers&#xD;
-&gt; done: GoalEditSteps.GivenIRememberCurrentPlayersOnPitch() (1.6s)&#xD;
Given "Yellow" Card for Team "1" player with shirt number "4" is registered&#xD;
Given action failed. Retrying after a timeout.&#xD;
-&gt; done: CardSteps.GivenCardForTeamPlayerWithShirtNumberIsRegistered(Yellow, 1, 4) (3.2s)&#xD;
When I click on 1 of type "Booking" event in action log&#xD;
-&gt; done: ActionLogSteps.GivenIClickOnLatestEventInActionLog(1, Booking) (0.3s)&#xD;
And I click "Red" card in card edit page&#xD;
-&gt; done: CardEditSteps.WhenIClickCardInCardEditPage("Red") (0.1s)&#xD;
And I click "select reason for card" button in card edit page&#xD;
-&gt; done: CardEditSteps.WhenIClickButtonInCardEditPage() (0.0s)&#xD;
And I click "Denied Goalscoring Chance" reason button&#xD;
-&gt; done: CardSteps.WhenIClickReasonButton("Denied Goalscorin...") (0.1s)&#xD;
And I click Save button in action edit form&#xD;
-&gt; done: EditFormSteps.ClickSaveButtonInActionEditForm() (0.6s)&#xD;
Then Pitch View is shown&#xD;
-&gt; done: PitchScreenSteps.PitchViewIsShown() (0.0s)&#xD;
And Red label is shown in Booking event action log&#xD;
-&gt; done: ActionLogSteps.ThenOffenceIsShownInPenaltyEventActionLog("Red", Booking) (0.1s)&#xD;
And "Red" label of "Booking" event in action log contains "Red" card icon&#xD;
-&gt; done: ActionLogSteps.ThenLabelOfEventInActionLogContainsCardIcon("Red", Booking, "Red") (0.1s)&#xD;
And Player on pitch by shirt number 4 of team 1 is shown in Red of "Booking" event in action log&#xD;
-&gt; done: ActionLogSteps.ThenPlayerOnPitchByShirtNumberOfTeamIsShownInGoalOfEventInActionLog(4, 1, "Red", Booking) (0.2s)&#xD;
sandbox: CleanUpAfterTestRun started.&#xD;
sandbox: application pages != null: True&#xD;
sandbox: web driver!= null: True&#xD;
sandbox: CleanUpAfterTestRun complete.</StdOut>
      </Output>
    </UnitTestResult>
    <UnitTestResult executionId="8083f47c-2ff3-45f4-be6d-f63c0eae06f7" testId="2c0681f8-be72-0583-ef88-0b401557b674" testName="GivenGamePlayerHasGoal_WhenRegisteringSecondGoalForSamePlayer_ThenPlayerHasTwoGoals" computerName="EC2AMAZ-JEOO151" duration="00:00:11.6840000" startTime="2019-07-11T21:04:16.0000000+00:00" endTime="2019-07-11T21:04:27.0000000+00:00" testType="13cdc9d9-ddb5-4fa4-a97d-d965ccfc6d4b" outcome="Passed" testListId="8c84fa94-04c1-424b-9868-57a2d4851a1d" relativeResultsDirectory="8083f47c-2ff3-45f4-be6d-f63c0eae06f7">
      <Output>
        <StdOut>sandbox: PrepareForTestRun started.&#xD;
sandbox: football liveStatsApp != null: True &#xD;
sandbox: football liveStatsApp.IsProcessRunning: True &#xD;
sandbox: setupLocalData: localDatabaseProvider != null: True&#xD;
sandbox: applicationPages != null: True&#xD;
sandbox: applicationPages.Webdriver != null: True&#xD;
sandbox: finished setuping local data&#xD;
sandbox: PrepareForTestRun complete.&#xD;
Given action failed. Retrying after a timeout.&#xD;
sandbox: CleanUpAfterTestRun started.&#xD;
sandbox: application pages != null: True&#xD;
sandbox: web driver!= null: True&#xD;
sandbox: CleanUpAfterTestRun complete.</StdOut>
      </Output>
    </UnitTestResult>
    <UnitTestResult executionId="0f612a6f-748c-4c83-a93a-18de5e2d820a" testId="967c2ebf-dec5-28bc-117b-7063c87298f8" testName="FootballChangingAssistantCoachFilterToCoachChangesItemsInTheList" computerName="EC2AMAZ-JEOO151" duration="00:00:11.9180000" startTime="2019-07-11T19:37:41.0000000+00:00" endTime="2019-07-11T19:37:53.0000000+00:00" testType="13cdc9d9-ddb5-4fa4-a97d-d965ccfc6d4b" outcome="Passed" testListId="8c84fa94-04c1-424b-9868-57a2d4851a1d" relativeResultsDirectory="0f612a6f-748c-4c83-a93a-18de5e2d820a">
      <Output>
        <StdOut>sandbox: PrepareForTestRun started.&#xD;
sandbox: football liveStatsApp != null: True &#xD;
sandbox: football liveStatsApp.IsProcessRunning: True &#xD;
sandbox: setupLocalData: localDatabaseProvider != null: True&#xD;
sandbox: applicationPages != null: True&#xD;
sandbox: applicationPages.Webdriver != null: True&#xD;
sandbox: finished setuping local data&#xD;
sandbox: PrepareForTestRun complete.&#xD;
Given Match started with kick off from existing game&#xD;
-&gt; done: SetupGameSteps.GivenMatchStartedWithKickOffButtonFromExistingGame() (3.3s)&#xD;
Given registered "Yellow" card for team "1" coach&#xD;
-&gt; done: CardSteps.GivenRegisteredCardForTeamCoach(Yellow, 1) (3.7s)&#xD;
And registered "Red" card for team "1" assistant coach&#xD;
-&gt; done: CardSteps.GivenRegisteredCardForTeamAssistantCoach(Red, 1) (3.4s)&#xD;
And expanded action log is opened&#xD;
-&gt; done: ActionLogSteps.WhenIClickExpandActionLogButton() (0.2s)&#xD;
And staff filter is expanded&#xD;
-&gt; done: FilterSteps.WhenIExpandStaffFilter() (0.1s)&#xD;
And assistant coach filter from team "1" is selected&#xD;
-&gt; done: FilterSteps.WhenISelectAssistantCoachFilter(1) (0.1s)&#xD;
When I deselect assistant coach filter from team "1"&#xD;
-&gt; done: FilterSteps.WhenIDeselectAssistantCoachFilter(1) (0.1s)&#xD;
And I select coach filter from team "1"&#xD;
-&gt; done: FilterSteps.WhenISelectCoachFilter(1) (0.1s)&#xD;
Then Expanded action log contains "1" items&#xD;
-&gt; done: ExpandedActionLogSteps.ThenExpandedActionLogContainsItemsCount(1) (0.0s)&#xD;
And "Yellow Card" Action is displayed at 1 in expanded action log&#xD;
-&gt; done: ExpandedActionLogSteps.ThenGoalActionIsDisplayedAtInExpandedActionLog("Yellow Card", 1) (0.0s)&#xD;
sandbox: CleanUpAfterTestRun started.&#xD;
sandbox: application pages != null: True&#xD;
sandbox: web driver!= null: True&#xD;
sandbox: CleanUpAfterTestRun complete.</StdOut>
      </Output>
    </UnitTestResult>
    <UnitTestResult executionId="92f4b815-ec76-47b9-8618-7f25f64671f0" testId="c0088f5b-e1a5-bb9c-d1b8-3dc97f394428" testName="CannotProceedWithTooLongGameNumber" computerName="EC2AMAZ-JEOO151" duration="00:00:04.5160000" startTime="2019-07-11T17:23:00.0000000+00:00" endTime="2019-07-11T17:23:05.0000000+00:00" testType="13cdc9d9-ddb5-4fa4-a97d-d965ccfc6d4b" outcome="Passed" testListId="8c84fa94-04c1-424b-9868-57a2d4851a1d" relativeResultsDirectory="92f4b815-ec76-47b9-8618-7f25f64671f0">
      <Output>
        <StdOut>sandbox: PrepareForTestRun started.&#xD;
sandbox: football liveStatsApp != null: True &#xD;
sandbox: football liveStatsApp.IsProcessRunning: True &#xD;
sandbox: setupLocalData: localDatabaseProvider != null: True&#xD;
sandbox: applicationPages != null: True&#xD;
sandbox: applicationPages.Webdriver != null: True&#xD;
sandbox: finished setuping local data&#xD;
sandbox: PrepareForTestRun complete.&#xD;
Given Home screen is visible&#xD;
-&gt; done: DashBoardSteps.GivenPrimaryApplicationHomeScreenIsVisible() (0.2s)&#xD;
When I click on enter game details manually&#xD;
-&gt; done: DashBoardSteps.WhenAsPrimaryIClickOnEnterGameDetailsManuallyButton() (0.1s)&#xD;
When mandatory game fields "Game Number", "Competition" and "Date &amp; Time" are filled&#xD;
-&gt; done: GameInformationTabSteps.GivenMandatoryGameFieldsAndAreFilled() (1.0s)&#xD;
And I enter game number "1111111111"&#xD;
-&gt; done: GameInformationTabSteps.WhenIEnterGameNumber("1111111111") (0.3s)&#xD;
And I click Save &amp; Next button&#xD;
-&gt; done: GameSetupSteps.WhenIClickSaveNextButton() (0.1s)&#xD;
Then Does not navigate to Teams tab&#xD;
Failed to find element with query '[data-qa='teamsForm']'. Web driver timeout exception.&#xD;
-&gt; done: TeamDetailsTabSteps.ThenDoesNotNavigateToTeamsTab() (2.0s)&#xD;
And Error is shown "Game number is too long"&#xD;
-&gt; done: GameSetupSteps.ThenErrorIsShown("Game number is to...") (0.0s)&#xD;
sandbox: CleanUpAfterTestRun started.&#xD;
sandbox: application pages != null: True&#xD;
sandbox: web driver!= null: True&#xD;
sandbox: CleanUpAfterTestRun complete.</StdOut>
      </Output>
    </UnitTestResult>
    <UnitTestResult executionId="3c5f92a0-bfc3-4529-b213-1b801d468404" testId="9b4206bd-7900-2ee0-29c0-9dde7834f5d2" testName="OpenAddedTimeAdded" computerName="EC2AMAZ-JEOO151" duration="00:00:06.3820000" startTime="2019-07-11T17:52:08.0000000+00:00" endTime="2019-07-11T17:52:15.0000000+00:00" testType="13cdc9d9-ddb5-4fa4-a97d-d965ccfc6d4b" outcome="Passed" testListId="8c84fa94-04c1-424b-9868-57a2d4851a1d" relativeResultsDirectory="3c5f92a0-bfc3-4529-b213-1b801d468404">
      <Output>
        <StdOut>sandbox: PrepareForTestRun started.&#xD;
sandbox: football liveStatsApp != null: True &#xD;
sandbox: football liveStatsApp.IsProcessRunning: True &#xD;
sandbox: setupLocalData: localDatabaseProvider != null: True&#xD;
sandbox: applicationPages != null: True&#xD;
sandbox: applicationPages.Webdriver != null: True&#xD;
sandbox: finished setuping local data&#xD;
sandbox: PrepareForTestRun complete.&#xD;
Given Match started with kick off from existing game&#xD;
-&gt; done: SetupGameSteps.GivenMatchStartedWithKickOffButtonFromExistingGame() (3.3s)&#xD;
And Clock minutes value is set to "44"&#xD;
-&gt; done: PitchClockSteps.WhenISetClockMinutesValueTo(44) (1.6s)&#xD;
And "time input" value is set to "3" on the clock&#xD;
-&gt; done: PitchClockSteps.WhenISetTimeInputValueTo(3) (0.1s)&#xD;
And "Add Time" button on the clock is clicked&#xD;
-&gt; done: PitchClockSteps.GivenIClickAddTimeButtonOnTheClock() (0.1s)&#xD;
Given I clicked on latest "InjuryTime" event in action log&#xD;
-&gt; done: ActionLogSteps.GivenIClickOnLatestEventInActionLog(InjuryTime) (0.2s)&#xD;
Then Added time edit view is shown&#xD;
-&gt; done: AddedTimeEditSteps.ThenAddedTimeEditViewIsShown() (0.0s)&#xD;
And "Action ID" of edit screen is visible&#xD;
-&gt; done: EditFormSteps.ThenActionIdOfEditScreenIsVisible() (0.0s)&#xD;
And "Half" of edit screen is visible&#xD;
-&gt; done: EditFormSteps.ThenHalfOfEditScreenIsVisible() (0.0s)&#xD;
And "Edit time" of edit screen is visible&#xD;
-&gt; done: EditFormSteps.ThenEditTimeOfEditScreenIsVisible() (0.0s)&#xD;
And Added Minutes box is visible in edit added time window&#xD;
-&gt; done: AddedTimeEditSteps.ThenAddedMinutesBoxIsVisibleInEditAddedTimeWindow() (0.0s)&#xD;
And "Delete" button of edit screen is visible&#xD;
-&gt; done: EditFormSteps.ThenButtonOfEditScreenIsVisible() (0.0s)&#xD;
And "Flag &amp; Continue" button is shown&#xD;
-&gt; done: WorkflowSteps.ThenFlagAndContinueButtonIsShown() (0.0s)&#xD;
And "Cancel" of edit screen is visible&#xD;
-&gt; done: EditFormSteps.ThenCancelOfEditScreenIsVisible() (0.0s)&#xD;
And "Save &amp; Proceed" of edit screen is visible&#xD;
-&gt; done: EditFormSteps.ThenOfEditScreenIsVisible() (0.0s)&#xD;
sandbox: CleanUpAfterTestRun started.&#xD;
sandbox: application pages != null: True&#xD;
sandbox: web driver!= null: True&#xD;
sandbox: CleanUpAfterTestRun complete.</StdOut>
      </Output>
    </UnitTestResult>
    <UnitTestResult executionId="e99658c4-e87f-4e32-922f-5fcd02d3544e" testId="1b7bc708-f9aa-11a7-c1d2-36c8d7c00150" testName="GivenGameInProgress_WhenPuttingCardOnHold_ThenSetsCardAsIncompleteAction(Yellow,2)" computerName="EC2AMAZ-JEOO151" duration="00:00:05.1990000" startTime="2019-07-11T20:57:25.0000000+00:00" endTime="2019-07-11T20:57:30.0000000+00:00" testType="13cdc9d9-ddb5-4fa4-a97d-d965ccfc6d4b" outcome="Passed" testListId="8c84fa94-04c1-424b-9868-57a2d4851a1d" relativeResultsDirectory="e99658c4-e87f-4e32-922f-5fcd02d3544e">
      <Output>
        <StdOut>sandbox: PrepareForTestRun started.&#xD;
sandbox: football liveStatsApp != null: True &#xD;
sandbox: football liveStatsApp.IsProcessRunning: True &#xD;
sandbox: setupLocalData: localDatabaseProvider != null: True&#xD;
sandbox: applicationPages != null: True&#xD;
sandbox: applicationPages.Webdriver != null: True&#xD;
sandbox: finished setuping local data&#xD;
sandbox: PrepareForTestRun complete.&#xD;
Given action failed. Retrying after a timeout.&#xD;
sandbox: CleanUpAfterTestRun started.&#xD;
sandbox: application pages != null: True&#xD;
sandbox: web driver!= null: True&#xD;
sandbox: CleanUpAfterTestRun complete.</StdOut>
      </Output>
    </UnitTestResult>
    <UnitTestResult executionId="17b2be04-6af0-451f-b0d3-e8dfae366ba7" testId="25ed4304-0d0a-563f-db47-a3a7ca682118" testName="GivenPsokWithInterruption_WhenPsoKicked_ThenInterruptionIsCanceled" computerName="EC2AMAZ-JEOO151" duration="00:00:22.1850000" startTime="2019-07-11T21:30:54.0000000+00:00" endTime="2019-07-11T21:31:16.0000000+00:00" testType="13cdc9d9-ddb5-4fa4-a97d-d965ccfc6d4b" outcome="Passed" testListId="8c84fa94-04c1-424b-9868-57a2d4851a1d" relativeResultsDirectory="17b2be04-6af0-451f-b0d3-e8dfae366ba7">
      <Output>
        <StdOut>sandbox: PrepareForTestRun started.&#xD;
sandbox: football liveStatsApp != null: True &#xD;
sandbox: football liveStatsApp.IsProcessRunning: True &#xD;
sandbox: setupLocalData: localDatabaseProvider != null: True&#xD;
sandbox: applicationPages != null: True&#xD;
sandbox: applicationPages.Webdriver != null: True&#xD;
sandbox: finished setuping local data&#xD;
sandbox: PrepareForTestRun complete.&#xD;
Given action failed. Retrying after a timeout.&#xD;
sandbox: CleanUpAfterTestRun started.&#xD;
sandbox: application pages != null: True&#xD;
sandbox: web driver!= null: True&#xD;
sandbox: CleanUpAfterTestRun complete.</StdOut>
      </Output>
    </UnitTestResult>
    <UnitTestResult executionId="7e1a9be0-fd73-44ba-9d7e-d3f18c9e7fd4" testId="f7808d0c-c671-88b6-ec0f-4e4cf2768d98" testName="InsertedCornerIsPresentedInScoreboard(&quot;1&quot;,&quot;2&quot;,&quot;bottom right&quot;,null)" computerName="EC2AMAZ-JEOO151" duration="00:00:13.9840000" startTime="2019-07-11T18:13:13.0000000+00:00" endTime="2019-07-11T18:13:27.0000000+00:00" testType="13cdc9d9-ddb5-4fa4-a97d-d965ccfc6d4b" outcome="Passed" testListId="8c84fa94-04c1-424b-9868-57a2d4851a1d" relativeResultsDirectory="7e1a9be0-fd73-44ba-9d7e-d3f18c9e7fd4">
      <Output>
        <StdOut>sandbox: PrepareForTestRun started.&#xD;
sandbox: football liveStatsApp != null: True &#xD;
sandbox: football liveStatsApp.IsProcessRunning: True &#xD;
sandbox: setupLocalData: localDatabaseProvider != null: True&#xD;
sandbox: applicationPages != null: True&#xD;
sandbox: applicationPages.Webdriver != null: True&#xD;
sandbox: finished setuping local data&#xD;
sandbox: PrepareForTestRun complete.&#xD;
Given Match started with kick off from existing game&#xD;
-&gt; done: SetupGameSteps.GivenMatchStartedWithKickOffButtonFromExistingGame() (3.2s)&#xD;
And "Yellow" Card for Team 1 is registered&#xD;
-&gt; done: CardSteps.GivenCardForTeamIsRegistered(Yellow, 1) (3.4s)&#xD;
And Throw in added for Team 1&#xD;
Given action failed. Retrying after a timeout.&#xD;
-&gt; done: ThrowInEditSteps.GivenThrowInAddedForTeam(1) (0.8s)&#xD;
And I clicked on latest "ThrowIn" event in action log&#xD;
-&gt; done: ActionLogSteps.GivenIClickOnLatestEventInActionLog(ThrowIn) (0.2s)&#xD;
And I entered new conceded event time of "0030"&#xD;
-&gt; done: EditFormSteps.GivenIEnterNewConcededEventTimeOf("0030") (1.0s)&#xD;
And I clicked Save button in action edit form&#xD;
-&gt; done: EditFormSteps.ClickSaveButtonInActionEditForm() (0.6s)&#xD;
When I click Expand Action log button&#xD;
-&gt; done: ActionLogSteps.WhenIClickExpandActionLogButton() (0.1s)&#xD;
And I insert "Corner" after last action in expanded action log&#xD;
-&gt; done: ExpandedActionLogSteps.WhenIInsertPenaltyAfterLastActionInExpandedActionLog(Corner) (0.3s)&#xD;
And I enter new conceded event time of "0035"&#xD;
-&gt; done: EditFormSteps.GivenIEnterNewConcededEventTimeOf("0035") (1.1s)&#xD;
And I enter new taken event time of "0036"&#xD;
-&gt; done: EditFormSteps.GivenIEnterNewTakenEventTimeOf("0036") (1.0s)&#xD;
And I click Team 1 in edit screen&#xD;
-&gt; done: EditFormSteps.GivenIClickTeamInEditScreen(1) (0.1s)&#xD;
And I click "bottom right" corner of the pitch&#xD;
-&gt; done: CornerSteps.GivenIClickCornerOfThePitch("bottom right") (0.1s)&#xD;
And I click edit Corner taken Location button&#xD;
-&gt; done: CornerEditSteps.GivenIClickEditCornerTakenLocationButton() (0.1s)&#xD;
And I click on expanded pitch view x 50 y 50&#xD;
-&gt; done: ExpandedPitchPositionDialogSteps.GivenIClickOnExpandedPitchViewXY(50, 50) (0.1s)&#xD;
And I Click "Save" Button on expanded pitch view&#xD;
-&gt; done: ExpandedPitchPositionDialogSteps.GivenIClickButtonOnExpandedPitchInCornerEditWorkflow("Save") (0.1s)&#xD;
And I click Save button in action edit form&#xD;
-&gt; done: EditFormSteps.ClickSaveButtonInActionEditForm() (0.6s)&#xD;
And I close expanded action log page&#xD;
-&gt; done: ExpandedActionLogSteps.WhenICloseExpandedActionLogPage() (0.2s)&#xD;
Then Pitch View is shown&#xD;
-&gt; done: PitchScreenSteps.PitchViewIsShown() (0.0s)&#xD;
And Corners count for team 1 is 1&#xD;
-&gt; done: ScoreBoardSteps.ThenCornersCountForTeamIs(1, 1) (0.1s)&#xD;
And Corners count for team 2 is 0&#xD;
-&gt; done: ScoreBoardSteps.ThenCornersCountForTeamIs(2, 0) (0.1s)&#xD;
sandbox: CleanUpAfterTestRun started.&#xD;
sandbox: application pages != null: True&#xD;
sandbox: web driver!= null: True&#xD;
sandbox: CleanUpAfterTestRun complete.</StdOut>
      </Output>
    </UnitTestResult>
    <UnitTestResult executionId="f0321132-fd0e-4e37-8881-495e4a701116" testId="c16ac3df-8251-c19f-2c13-bf2227eec130" testName="GivenCorrectStatisticianSupplied_WhenValidating_ShowsDataAndAllowsToPassTab" computerName="EC2AMAZ-JEOO151" duration="00:00:05.6710000" startTime="2019-07-11T20:12:25.0000000+00:00" endTime="2019-07-11T20:12:30.0000000+00:00" testType="13cdc9d9-ddb5-4fa4-a97d-d965ccfc6d4b" outcome="Passed" testListId="8c84fa94-04c1-424b-9868-57a2d4851a1d" relativeResultsDirectory="f0321132-fd0e-4e37-8881-495e4a701116">
      <Output>
        <StdOut>sandbox: PrepareForTestRun started.&#xD;
sandbox: football liveStatsApp != null: True &#xD;
sandbox: football liveStatsApp.IsProcessRunning: True &#xD;
sandbox: setupLocalData: localDatabaseProvider != null: True&#xD;
sandbox: applicationPages != null: True&#xD;
sandbox: applicationPages.Webdriver != null: True&#xD;
sandbox: finished setuping local data&#xD;
sandbox: PrepareForTestRun complete.&#xD;
sandbox: CleanUpAfterTestRun started.&#xD;
sandbox: application pages != null: True&#xD;
sandbox: web driver!= null: True&#xD;
Given action failed. Retrying after a timeout. Most likely UI was not fast enough to refresh itself.&#xD;
Given action failed. Retrying after a timeout. Most likely UI was not fast enough to refresh itself.&#xD;
sandbox: CleanUpAfterTestRun complete.</StdOut>
      </Output>
    </UnitTestResult>
    <UnitTestResult executionId="7ae798ad-b3f2-4a8f-a0a6-0b4bc312a99c" testId="1a769f46-0103-6b4b-b260-6bfe2aac0c57" testName="RemoveOverturnedVARForCardWithoutPlayerKeepsSaveButtonDisabled" computerName="EC2AMAZ-JEOO151" duration="00:00:07.0180000" startTime="2019-07-11T17:50:12.0000000+00:00" endTime="2019-07-11T17:50:19.0000000+00:00" testType="13cdc9d9-ddb5-4fa4-a97d-d965ccfc6d4b" outcome="Passed" testListId="8c84fa94-04c1-424b-9868-57a2d4851a1d" relativeResultsDirectory="7ae798ad-b3f2-4a8f-a0a6-0b4bc312a99c">
      <Output>
        <StdOut>sandbox: PrepareForTestRun started.&#xD;
sandbox: football liveStatsApp != null: True &#xD;
sandbox: football liveStatsApp.IsProcessRunning: True &#xD;
sandbox: setupLocalData: localDatabaseProvider != null: True&#xD;
sandbox: applicationPages != null: True&#xD;
sandbox: applicationPages.Webdriver != null: True&#xD;
sandbox: finished setuping local data&#xD;
sandbox: PrepareForTestRun complete.&#xD;
Given Match started with kick off from existing game&#xD;
-&gt; done: SetupGameSteps.GivenMatchStartedWithKickOffButtonFromExistingGame() (3.3s)&#xD;
And I remembered current players on pitch shirt numbers&#xD;
-&gt; done: GoalEditSteps.GivenIRememberCurrentPlayersOnPitch() (1.5s)&#xD;
When I click on team 1 possible "Yellow"&#xD;
Given action failed. Retrying after a timeout.&#xD;
-&gt; done: TeamActionButtonSteps.StartPossibleCardRegistration(1, Yellow) (0.5s)&#xD;
And I click "Possible VAR" button in workflow&#xD;
-&gt; done: WorkflowSteps.WhenIClickPossibleVarButtonInWorkflow() (0.1s)&#xD;
And I click var confirmation "no" button&#xD;
-&gt; done: WorkflowSteps.WhenIClickVarConfirmationButton("no") (0.3s)&#xD;
And I click on 1 of type "Booking" event in action log&#xD;
-&gt; done: ActionLogSteps.GivenIClickOnLatestEventInActionLog(1, Booking) (0.3s)&#xD;
And I click "VAR" toggle&#xD;
-&gt; done: EditFormSteps.GivenIClickToggleToEnable() (0.1s)&#xD;
And I click "select reason for card" button in card edit page&#xD;
-&gt; done: CardEditSteps.WhenIClickButtonInCardEditPage() (0.0s)&#xD;
And I click "Dissent" reason button&#xD;
-&gt; done: CardSteps.WhenIClickReasonButton("Dissent") (0.1s)&#xD;
Then Save button is disabled in action edit form&#xD;
-&gt; done: EditFormSteps.SaveButtonIsDisabled() (0.0s)&#xD;
sandbox: CleanUpAfterTestRun started.&#xD;
sandbox: application pages != null: True&#xD;
sandbox: web driver!= null: True&#xD;
sandbox: CleanUpAfterTestRun complete.</StdOut>
      </Output>
    </UnitTestResult>
    <UnitTestResult executionId="94cabc27-71f0-4555-9a78-a6caf23f24f1" testId="f1199bbb-3849-9efe-320b-e6d6d2de8afc" testName="GivenGameInProgress_WhenPitchIsClicked_ThenCorrespondingDangerZoneHighlights(60,50,2)" computerName="EC2AMAZ-JEOO151" duration="00:00:09.1320000" startTime="2019-07-11T21:16:48.0000000+00:00" endTime="2019-07-11T21:16:57.0000000+00:00" testType="13cdc9d9-ddb5-4fa4-a97d-d965ccfc6d4b" outcome="Passed" testListId="8c84fa94-04c1-424b-9868-57a2d4851a1d" relativeResultsDirectory="94cabc27-71f0-4555-9a78-a6caf23f24f1">
      <Output>
        <StdOut>sandbox: PrepareForTestRun started.&#xD;
sandbox: football liveStatsApp != null: True &#xD;
sandbox: football liveStatsApp.IsProcessRunning: True &#xD;
sandbox: setupLocalData: localDatabaseProvider != null: True&#xD;
sandbox: applicationPages != null: True&#xD;
sandbox: applicationPages.Webdriver != null: True&#xD;
sandbox: finished setuping local data&#xD;
sandbox: PrepareForTestRun complete.&#xD;
Failed to find element with query '[data-qa='activePitchOverlay']'. Web driver timeout exception.&#xD;
Given action failed. Retrying after a timeout.&#xD;
Failed to find element with query '[data-qa='activePitchOverlay']'. Web driver timeout exception.&#xD;
sandbox: CleanUpAfterTestRun started.&#xD;
sandbox: application pages != null: True&#xD;
sandbox: web driver!= null: True&#xD;
sandbox: CleanUpAfterTestRun complete.</StdOut>
      </Output>
    </UnitTestResult>
    <UnitTestResult executionId="2f579397-cd5f-4d6c-8ced-2959d8928849" testId="feb254eb-6b7c-0fc9-1282-e4be8fd787c8" testName="CanOpenExpandedActionLogDuringGoalKickWorkflow" computerName="EC2AMAZ-JEOO151" duration="00:00:05.0150000" startTime="2019-07-11T18:49:59.0000000+00:00" endTime="2019-07-11T18:50:04.0000000+00:00" testType="13cdc9d9-ddb5-4fa4-a97d-d965ccfc6d4b" outcome="Passed" testListId="8c84fa94-04c1-424b-9868-57a2d4851a1d" relativeResultsDirectory="2f579397-cd5f-4d6c-8ced-2959d8928849">
      <Output>
        <StdOut>sandbox: PrepareForTestRun started.&#xD;
sandbox: football liveStatsApp != null: True &#xD;
sandbox: football liveStatsApp.IsProcessRunning: True &#xD;
sandbox: setupLocalData: localDatabaseProvider != null: True&#xD;
sandbox: applicationPages != null: True&#xD;
sandbox: applicationPages.Webdriver != null: True&#xD;
sandbox: finished setuping local data&#xD;
sandbox: PrepareForTestRun complete.&#xD;
Given Match started with kick off from existing game&#xD;
-&gt; done: SetupGameSteps.GivenMatchStartedWithKickOffButtonFromExistingGame() (3.2s)&#xD;
Given "GoalKick" record workflow is started for team "2"&#xD;
Given action failed. Retrying after a timeout.&#xD;
-&gt; done: TeamActionButtonSteps.GivenStartedRecordWorkflow(GoalKick, 2) (0.8s)&#xD;
When I open Expanded Action log&#xD;
-&gt; done: ActionLogSteps.WhenIClickExpandActionLogButton() (0.1s)&#xD;
Then expanded action log is shown&#xD;
-&gt; done: ExpandedActionLogSteps.ThenExpandedActionLogIsShown() (0.0s)&#xD;
sandbox: CleanUpAfterTestRun started.&#xD;
sandbox: application pages != null: True&#xD;
sandbox: web driver!= null: True&#xD;
sandbox: CleanUpAfterTestRun complete.</StdOut>
      </Output>
    </UnitTestResult>
    <UnitTestResult executionId="761f5082-fbd1-4e66-8322-35b3213603b1" testId="a56fb8ec-f6a4-19a2-0346-57853bc64bb9" testName="CannotProceedWithoutGoalkeeperInStarters" computerName="EC2AMAZ-JEOO151" duration="00:01:19.8540000" startTime="2019-07-11T17:35:13.0000000+00:00" endTime="2019-07-11T17:36:33.0000000+00:00" testType="13cdc9d9-ddb5-4fa4-a97d-d965ccfc6d4b" outcome="Passed" testListId="8c84fa94-04c1-424b-9868-57a2d4851a1d" relativeResultsDirectory="761f5082-fbd1-4e66-8322-35b3213603b1">
      <Output>
        <StdOut>sandbox: PrepareForTestRun started.&#xD;
sandbox: football liveStatsApp != null: True &#xD;
sandbox: football liveStatsApp.IsProcessRunning: True &#xD;
sandbox: setupLocalData: localDatabaseProvider != null: True&#xD;
sandbox: applicationPages != null: True&#xD;
sandbox: applicationPages.Webdriver != null: True&#xD;
sandbox: finished setuping local data&#xD;
sandbox: PrepareForTestRun complete.&#xD;
Given I am in players tab&#xD;
-&gt; done: PlayersTabSteps.GivenIAmInPlayersTab() (3.1s)&#xD;
When I enter all data for 11 players of team 1&#xD;
-&gt; done: PlayersTabSteps.WhenIEnterAllDataForPlayersForTeam(11, 1) (37.3s)&#xD;
And I enter all data for 11 players of team 2&#xD;
-&gt; done: PlayersTabSteps.WhenIEnterAllDataForPlayersForTeam(11, 2) (35.4s)&#xD;
And player 2 of team 1 selected as captain&#xD;
-&gt; done: PlayersTabSteps.WhenPlayerOfTeamSelectedAsCaptain(2, 1) (0.1s)&#xD;
And Goalkeeper of team 1 changed to not starter&#xD;
-&gt; done: PlayersTabSteps.WhenGoalkeeperOfTeamChangeToNotStarter(1) (0.1s)&#xD;
And I click Save &amp; Next button&#xD;
-&gt; done: GameSetupSteps.WhenIClickSaveNextButton() (0.2s)&#xD;
Then Error is shown "Team must contain at least one goal keeper."&#xD;
-&gt; done: GameSetupSteps.ThenErrorIsShown("Team must contain...") (0.1s)&#xD;
And Formations tab should not be open&#xD;
Failed to find element with query '[data-qa='formationsForm']'. Web driver timeout exception.&#xD;
-&gt; done: TeamsFormationsTabSteps.ThenFormationTabShouldNotOpen() (2.0s)&#xD;
sandbox: CleanUpAfterTestRun started.&#xD;
sandbox: application pages != null: True&#xD;
sandbox: web driver!= null: True&#xD;
Given action failed. Retrying after a timeout. Most likely UI was not fast enough to refresh itself.&#xD;
sandbox: CleanUpAfterTestRun complete.</StdOut>
      </Output>
    </UnitTestResult>
    <UnitTestResult executionId="5eca17b2-2b31-4222-bd73-7ee35392029f" testId="984c9fd7-b64e-1467-d44f-2bbe37c81f05" testName="FootballAssistantCoachFilterDoesNotShowItemsThatAreNotForThisAssistantCoach" computerName="EC2AMAZ-JEOO151" duration="00:00:13.0320000" startTime="2019-07-11T19:37:16.0000000+00:00" endTime="2019-07-11T19:37:29.0000000+00:00" testType="13cdc9d9-ddb5-4fa4-a97d-d965ccfc6d4b" outcome="Passed" testListId="8c84fa94-04c1-424b-9868-57a2d4851a1d" relativeResultsDirectory="5eca17b2-2b31-4222-bd73-7ee35392029f">
      <Output>
        <StdOut>sandbox: PrepareForTestRun started.&#xD;
sandbox: football liveStatsApp != null: True &#xD;
sandbox: football liveStatsApp.IsProcessRunning: True &#xD;
sandbox: setupLocalData: localDatabaseProvider != null: True&#xD;
sandbox: applicationPages != null: True&#xD;
sandbox: applicationPages.Webdriver != null: True&#xD;
sandbox: finished setuping local data&#xD;
sandbox: PrepareForTestRun complete.&#xD;
Given Match started with kick off from existing game&#xD;
-&gt; done: SetupGameSteps.GivenMatchStartedWithKickOffButtonFromExistingGame() (3.2s)&#xD;
Given registered "Yellow" card for team "1" coach&#xD;
Given action failed. Retrying after a timeout.&#xD;
-&gt; done: CardSteps.GivenRegisteredCardForTeamCoach(Yellow, 1) (3.9s)&#xD;
And registered "Red" card for team "1" coach&#xD;
-&gt; done: CardSteps.GivenRegisteredCardForTeamCoach(Red, 1) (3.4s)&#xD;
And expanded action log is opened&#xD;
-&gt; done: ActionLogSteps.WhenIClickExpandActionLogButton() (0.3s)&#xD;
When I expand staff filter&#xD;
-&gt; done: FilterSteps.WhenIExpandStaffFilter() (0.1s)&#xD;
And I select assistant coach filter from team "1"&#xD;
-&gt; done: FilterSteps.WhenISelectAssistantCoachFilter(1) (0.2s)&#xD;
Then Expanded action log is empty&#xD;
Failed to find element with query '[data-qa='expandedActionLogTable']'. Web driver timeout exception.&#xD;
-&gt; done: ExpandedActionLogSteps.ThenExpandedActionLogShouldNotHaveActions() (1.0s)&#xD;
sandbox: CleanUpAfterTestRun started.&#xD;
sandbox: application pages != null: True&#xD;
sandbox: web driver!= null: True&#xD;
sandbox: CleanUpAfterTestRun complete.</StdOut>
      </Output>
    </UnitTestResult>
    <UnitTestResult executionId="d07ab3a5-dd26-4a08-b2ee-a352a06dc402" testId="a1ec1066-7b62-3d85-8f40-52942f2a84c4" testName="InsertGoalKickAfterOrBeforeLastEvent(&quot;after&quot;,&quot;0035&quot;,&quot;00:35&quot;,&quot;2&quot;,&quot;1&quot;,&quot;right&quot;,null)" computerName="EC2AMAZ-JEOO151" duration="00:00:20.6340000" startTime="2019-07-11T18:17:09.0000000+00:00" endTime="2019-07-11T18:17:30.0000000+00:00" testType="13cdc9d9-ddb5-4fa4-a97d-d965ccfc6d4b" outcome="Passed" testListId="8c84fa94-04c1-424b-9868-57a2d4851a1d" relativeResultsDirectory="d07ab3a5-dd26-4a08-b2ee-a352a06dc402">
      <Output>
        <StdOut>sandbox: PrepareForTestRun started.&#xD;
sandbox: football liveStatsApp != null: True &#xD;
sandbox: football liveStatsApp.IsProcessRunning: True &#xD;
sandbox: setupLocalData: localDatabaseProvider != null: True&#xD;
sandbox: applicationPages != null: True&#xD;
sandbox: applicationPages.Webdriver != null: True&#xD;
sandbox: finished setuping local data&#xD;
sandbox: PrepareForTestRun complete.&#xD;
Given Match started with kick off from existing game&#xD;
-&gt; done: SetupGameSteps.GivenMatchStartedWithKickOffButtonFromExistingGame() (3.3s)&#xD;
And "Yellow" Card for Team 1 is registered&#xD;
Given action failed. Retrying after a timeout.&#xD;
-&gt; done: CardSteps.GivenCardForTeamIsRegistered(Yellow, 1) (3.5s)&#xD;
And "Top right" corner added for Team 1&#xD;
Given action failed. Retrying after a timeout.&#xD;
-&gt; done: CornerSteps.GivenCornerAddedForTeam("Top right", 1) (2.9s)&#xD;
And I clicked on latest "Corner" event in action log&#xD;
-&gt; done: ActionLogSteps.GivenIClickOnLatestEventInActionLog(Corner) (0.2s)&#xD;
And I entered new conceded event time of "0030"&#xD;
-&gt; done: EditFormSteps.GivenIEnterNewConcededEventTimeOf("0030") (1.0s)&#xD;
And I clicked Save button in action edit form&#xD;
-&gt; done: EditFormSteps.ClickSaveButtonInActionEditForm() (0.6s)&#xD;
When I click Expand Action log button&#xD;
-&gt; done: ActionLogSteps.WhenIClickExpandActionLogButton() (0.1s)&#xD;
And I click last action in expanded action log&#xD;
-&gt; done: ExpandedActionLogSteps.WhenIClickLastActionInExpandedActionLog() (0.1s)&#xD;
And I click insert after button in expanded action log&#xD;
-&gt; done: ExpandedActionLogSteps.WhenIClickInsertAfterButtonInExpandedActionLog() (0.1s)&#xD;
And I click insert Goal Kick button in insert after dropdown&#xD;
-&gt; done: ExpandedActionLogSteps.WhenIClickInsertGoalKickButtonInInsertAfterDropdown() (0.1s)&#xD;
And I enter new conceded event time of "0035"&#xD;
-&gt; done: EditFormSteps.GivenIEnterNewConcededEventTimeOf("0035") (1.0s)&#xD;
And I enter new taken event time of "0035"&#xD;
-&gt; done: EditFormSteps.GivenIEnterNewTakenEventTimeOf("0035") (1.0s)&#xD;
And I click team 2 in edit form&#xD;
-&gt; done: EditFormSteps.WhenIClickTeamInEditForm(2) (0.1s)&#xD;
And I change ball landing location to x 10 and y 80&#xD;
-&gt; done: GoalKickEditSteps.WhenIChangeBallLandingLocationToXAndY(10, 80) (0.3s)&#xD;
And I change taken from location to bottom in right goal box area&#xD;
Failed to find data-qa element with tag 'setPitchLocationButton'. No such element exception.&#xD;
-&gt; done: GoalKickEditSteps.WhenIChangeRightGoalKickTakenFromLocationToBottom() (2.3s)&#xD;
And I click Save button in action edit form&#xD;
-&gt; done: EditFormSteps.ClickSaveButtonInActionEditForm() (0.7s)&#xD;
Then Goal kick insert view is not visible&#xD;
Failed to find element with query '[data-qa='goalKickEditScreen']'. Web driver timeout exception.&#xD;
-&gt; done: GoalKickEditSteps.ThenGoalKickEditViewIsNotVisible() (2.0s)&#xD;
And "Goal Kick" Action is displayed at 1 in expanded action log&#xD;
-&gt; done: ExpandedActionLogSteps.ThenGoalActionIsDisplayedAtInExpandedActionLog("Goal Kick", 1) (0.1s)&#xD;
And Action at position 1 half is displayed as "H1"&#xD;
-&gt; done: ExpandedActionLogSteps.ThenActionAtPositionHalfIsDisplayedAs(1, "H1") (0.0s)&#xD;
And Action at position 1 time is displayed as "00:35"&#xD;
-&gt; done: ExpandedActionLogSteps.ThenActionAtPositionTimeIsDisplayedAs(1, "00:35") (0.0s)&#xD;
And Action at position 1 do not have first qualifier&#xD;
-&gt; done: ExpandedActionLogSteps.ThenActionAtPositionDoNotHaveFirstQualifier(1) (0.0s)&#xD;
And Action at position 1 do not have second qualifier&#xD;
-&gt; done: ExpandedActionLogSteps.ThenActionAtPositionDoNotHaveSecondQualifier(1) (0.0s)&#xD;
And Action at position 1 do not have score&#xD;
-&gt; done: ExpandedActionLogSteps.ThenActionAtPositionDoNotHaveScore(1) (0.0s)&#xD;
And Action at position 1 contains team 2 name&#xD;
-&gt; done: ExpandedActionLogSteps.ThenActionAtPositionContainsTeam(1, 2) (0.1s)&#xD;
And Action at position 1 do not have player&#xD;
-&gt; done: ExpandedActionLogSteps.ThenActionAtPositionDoNotHavePlayer(1) (0.0s)&#xD;
sandbox: CleanUpAfterTestRun started.&#xD;
sandbox: application pages != null: True&#xD;
sandbox: web driver!= null: True&#xD;
sandbox: CleanUpAfterTestRun complete.</StdOut>
      </Output>
    </UnitTestResult>
    <UnitTestResult executionId="13223ecc-4d90-4f1b-8810-18e27d3f89fc" testId="bca74496-ac35-e27b-3cdf-2aef74af7b87" testName="GivenActionRegistered_WhenDeletingFromActionLog_ThenDeleted(Goal)" computerName="EC2AMAZ-JEOO151" duration="00:00:14.8310000" startTime="2019-07-11T20:14:11.0000000+00:00" endTime="2019-07-11T20:14:26.0000000+00:00" testType="13cdc9d9-ddb5-4fa4-a97d-d965ccfc6d4b" outcome="Passed" testListId="8c84fa94-04c1-424b-9868-57a2d4851a1d" relativeResultsDirectory="13223ecc-4d90-4f1b-8810-18e27d3f89fc">
      <Output>
        <StdOut>sandbox: PrepareForTestRun started.&#xD;
sandbox: football liveStatsApp != null: True &#xD;
sandbox: football liveStatsApp.IsProcessRunning: True &#xD;
sandbox: setupLocalData: localDatabaseProvider != null: True&#xD;
sandbox: applicationPages != null: True&#xD;
sandbox: applicationPages.Webdriver != null: True&#xD;
sandbox: finished setuping local data&#xD;
sandbox: PrepareForTestRun complete.&#xD;
Given action failed. Retrying after a timeout.&#xD;
sandbox: CleanUpAfterTestRun started.&#xD;
sandbox: application pages != null: True&#xD;
sandbox: web driver!= null: True&#xD;
sandbox: CleanUpAfterTestRun complete.</StdOut>
      </Output>
    </UnitTestResult>
    <UnitTestResult executionId="0a6351c2-34cd-4776-bb08-ffb80ee5dac3" testId="00e63f2b-774f-2f86-02ee-5e6f0170a8b6" testName="GivenGameInProgress_WhenFilingCard_ThenScoreboardsStatsAreUpdated(2,Red)" computerName="EC2AMAZ-JEOO151" duration="00:00:06.0160000" startTime="2019-07-11T21:42:15.0000000+00:00" endTime="2019-07-11T21:42:21.0000000+00:00" testType="13cdc9d9-ddb5-4fa4-a97d-d965ccfc6d4b" outcome="Passed" testListId="8c84fa94-04c1-424b-9868-57a2d4851a1d" relativeResultsDirectory="0a6351c2-34cd-4776-bb08-ffb80ee5dac3">
      <Output>
        <StdOut>sandbox: PrepareForTestRun started.&#xD;
sandbox: football liveStatsApp != null: True &#xD;
sandbox: football liveStatsApp.IsProcessRunning: True &#xD;
sandbox: setupLocalData: localDatabaseProvider != null: True&#xD;
sandbox: applicationPages != null: True&#xD;
sandbox: applicationPages.Webdriver != null: True&#xD;
sandbox: finished setuping local data&#xD;
sandbox: PrepareForTestRun complete.&#xD;
Given action failed. Retrying after a timeout.&#xD;
sandbox: CleanUpAfterTestRun started.&#xD;
sandbox: application pages != null: True&#xD;
sandbox: web driver!= null: True&#xD;
sandbox: CleanUpAfterTestRun complete.</StdOut>
      </Output>
    </UnitTestResult>
    <UnitTestResult executionId="24da286a-192c-4ea3-bc31-0a7ae44c803d" testId="c1e6e960-66f5-6125-b361-65919b6e2ab2" testName="GivenGoalKickStarted_WhenSkippingTakenFromLocationAndLanding_ThenGoalKickFlagged" computerName="EC2AMAZ-JEOO151" duration="00:00:05.4480000" startTime="2019-07-11T21:01:47.0000000+00:00" endTime="2019-07-11T21:01:53.0000000+00:00" testType="13cdc9d9-ddb5-4fa4-a97d-d965ccfc6d4b" outcome="Passed" testListId="8c84fa94-04c1-424b-9868-57a2d4851a1d" relativeResultsDirectory="24da286a-192c-4ea3-bc31-0a7ae44c803d">
      <Output>
        <StdOut>sandbox: PrepareForTestRun started.&#xD;
sandbox: football liveStatsApp != null: True &#xD;
sandbox: football liveStatsApp.IsProcessRunning: True &#xD;
sandbox: setupLocalData: localDatabaseProvider != null: True&#xD;
sandbox: applicationPages != null: True&#xD;
sandbox: applicationPages.Webdriver != null: True&#xD;
sandbox: finished setuping local data&#xD;
sandbox: PrepareForTestRun complete.&#xD;
Given action failed. Retrying after a timeout.&#xD;
sandbox: CleanUpAfterTestRun started.&#xD;
sandbox: application pages != null: True&#xD;
sandbox: web driver!= null: True&#xD;
sandbox: CleanUpAfterTestRun complete.</StdOut>
      </Output>
    </UnitTestResult>
    <UnitTestResult executionId="8f59dec2-ab15-4b74-a432-b86ffc9c16f5" testId="37a24c4f-568d-b131-2d71-092e478c4744" testName="FootballSelectVarReason(&quot;Offence&quot;,null)" computerName="EC2AMAZ-JEOO151" duration="00:00:10.0160000" startTime="2019-07-11T18:02:58.0000000+00:00" endTime="2019-07-11T18:03:08.0000000+00:00" testType="13cdc9d9-ddb5-4fa4-a97d-d965ccfc6d4b" outcome="Passed" testListId="8c84fa94-04c1-424b-9868-57a2d4851a1d" relativeResultsDirectory="8f59dec2-ab15-4b74-a432-b86ffc9c16f5">
      <Output>
        <StdOut>sandbox: PrepareForTestRun started.&#xD;
sandbox: football liveStatsApp != null: True &#xD;
sandbox: football liveStatsApp.IsProcessRunning: True &#xD;
sandbox: setupLocalData: localDatabaseProvider != null: True&#xD;
sandbox: applicationPages != null: True&#xD;
sandbox: applicationPages.Webdriver != null: True&#xD;
sandbox: finished setuping local data&#xD;
sandbox: PrepareForTestRun complete.&#xD;
Given Match started with kick off from existing game&#xD;
-&gt; done: SetupGameSteps.GivenMatchStartedWithKickOffButtonFromExistingGame() (3.2s)&#xD;
And I remembered current players on pitch shirt numbers&#xD;
-&gt; done: GoalEditSteps.GivenIRememberCurrentPlayersOnPitch() (1.6s)&#xD;
And I add a goal for team 1 player 4 assisted by player 13&#xD;
Given action failed. Retrying after a timeout.&#xD;
-&gt; done: GoalSteps.GivenIAddAGoalForTeamPlayerAssistedByPlayer(1, 4, 13) (3.7s)&#xD;
And I click goal event in action log&#xD;
-&gt; done: ActionLogSteps.GivenIClickGoalEventInActionLog() (0.3s)&#xD;
When I click "VAR" toggle&#xD;
-&gt; done: EditFormSteps.GivenIClickToggleToEnable() (0.1s)&#xD;
And I click VAR reason button&#xD;
-&gt; done: EditFormSteps.WhenIClickVarReasonButton() (0.0s)&#xD;
And I select VAR reason Offence&#xD;
-&gt; done: EditFormSteps.WhenISelectVarReason("Offence") (0.1s)&#xD;
Then "Offence" VAR reason is selected&#xD;
-&gt; done: EditFormSteps.GivenVarReasonIsSelected("Offence") (0.0s)&#xD;
Then Save button is disabled in action edit form&#xD;
-&gt; done: EditFormSteps.SaveButtonIsDisabled() (0.0s)&#xD;
sandbox: CleanUpAfterTestRun started.&#xD;
sandbox: application pages != null: True&#xD;
sandbox: web driver!= null: True&#xD;
sandbox: CleanUpAfterTestRun complete.</StdOut>
      </Output>
    </UnitTestResult>
    <UnitTestResult executionId="0c7c69a9-77c7-4afc-a22e-66e0d4fefdc5" testId="7ee2066b-c494-8171-d735-a93865cc9359" testName="GivenGameInProgress_WhenRecordingInjuryOffAndSkippingPlayerSelection_ThenContainerFlagged" computerName="EC2AMAZ-JEOO151" duration="00:00:06.4220000" startTime="2019-07-11T21:05:52.0000000+00:00" endTime="2019-07-11T21:05:59.0000000+00:00" testType="13cdc9d9-ddb5-4fa4-a97d-d965ccfc6d4b" outcome="Passed" testListId="8c84fa94-04c1-424b-9868-57a2d4851a1d" relativeResultsDirectory="0c7c69a9-77c7-4afc-a22e-66e0d4fefdc5">
      <Output>
        <StdOut>sandbox: PrepareForTestRun started.&#xD;
sandbox: football liveStatsApp != null: True &#xD;
sandbox: football liveStatsApp.IsProcessRunning: True &#xD;
sandbox: setupLocalData: localDatabaseProvider != null: True&#xD;
sandbox: applicationPages != null: True&#xD;
sandbox: applicationPages.Webdriver != null: True&#xD;
sandbox: finished setuping local data&#xD;
sandbox: PrepareForTestRun complete.&#xD;
sandbox: CleanUpAfterTestRun started.&#xD;
sandbox: application pages != null: True&#xD;
sandbox: web driver!= null: True&#xD;
sandbox: CleanUpAfterTestRun complete.</StdOut>
      </Output>
    </UnitTestResult>
    <UnitTestResult executionId="6c9c41fd-c6a4-48e6-a41d-1b692b4dad44" testId="6042e2d3-3b1b-de7c-91d8-c5acfc5b3d9b" testName="GivenGameInProgress_WhenRegisteringCardForCouch_ThenCardIsRegisteredForCoach(SecondYellow,1,SecondYellow,&quot;SecondYellow&quot;)" computerName="EC2AMAZ-JEOO151" duration="00:00:11.4640000" startTime="2019-07-11T20:58:37.0000000+00:00" endTime="2019-07-11T20:58:49.0000000+00:00" testType="13cdc9d9-ddb5-4fa4-a97d-d965ccfc6d4b" outcome="Passed" testListId="8c84fa94-04c1-424b-9868-57a2d4851a1d" relativeResultsDirectory="6c9c41fd-c6a4-48e6-a41d-1b692b4dad44">
      <Output>
        <StdOut>sandbox: PrepareForTestRun started.&#xD;
sandbox: football liveStatsApp != null: True &#xD;
sandbox: football liveStatsApp.IsProcessRunning: True &#xD;
sandbox: setupLocalData: localDatabaseProvider != null: True&#xD;
sandbox: applicationPages != null: True&#xD;
sandbox: applicationPages.Webdriver != null: True&#xD;
sandbox: finished setuping local data&#xD;
sandbox: PrepareForTestRun complete.&#xD;
Given action failed. Retrying after a timeout.&#xD;
sandbox: CleanUpAfterTestRun started.&#xD;
sandbox: application pages != null: True&#xD;
sandbox: web driver!= null: True&#xD;
sandbox: CleanUpAfterTestRun complete.</StdOut>
      </Output>
    </UnitTestResult>
    <UnitTestResult executionId="da1a498d-0650-400f-82d0-392bf01c6606" testId="3286a5db-d7f8-375b-2303-5567959b9acd" testName="SelectedBothTeamFiltersShowAllTeamsItems" computerName="EC2AMAZ-JEOO151" duration="00:00:06.6850000" startTime="2019-07-11T19:38:56.0000000+00:00" endTime="2019-07-11T19:39:03.0000000+00:00" testType="13cdc9d9-ddb5-4fa4-a97d-d965ccfc6d4b" outcome="Passed" testListId="8c84fa94-04c1-424b-9868-57a2d4851a1d" relativeResultsDirectory="da1a498d-0650-400f-82d0-392bf01c6606">
      <Output>
        <StdOut>sandbox: PrepareForTestRun started.&#xD;
sandbox: football liveStatsApp != null: True &#xD;
sandbox: football liveStatsApp.IsProcessRunning: True &#xD;
sandbox: setupLocalData: localDatabaseProvider != null: True&#xD;
sandbox: applicationPages != null: True&#xD;
sandbox: applicationPages.Webdriver != null: True&#xD;
sandbox: finished setuping local data&#xD;
sandbox: PrepareForTestRun complete.&#xD;
Given Match started with kick off from existing game&#xD;
-&gt; done: SetupGameSteps.GivenMatchStartedWithKickOffButtonFromExistingGame() (3.4s)&#xD;
Given GoalKick for Team 2 is registered&#xD;
Given action failed. Retrying after a timeout.&#xD;
-&gt; done: GoalKickSteps.GivenGoalKickForTeamIsRegistered(2) (1.0s)&#xD;
And Throw in added for Team 1&#xD;
Given action failed. Retrying after a timeout.&#xD;
-&gt; done: ThrowInEditSteps.GivenThrowInAddedForTeam(1) (0.8s)&#xD;
And expanded action log is opened&#xD;
-&gt; done: ActionLogSteps.WhenIClickExpandActionLogButton() (0.2s)&#xD;
When I expand Team filter&#xD;
-&gt; done: FilterSteps.WhenIExpandTeamFilter() (0.1s)&#xD;
And I select team "1" filter&#xD;
-&gt; done: FilterSteps.WhenISelectTeamFilter(1) (0.1s)&#xD;
And I select team "2" filter&#xD;
-&gt; done: FilterSteps.WhenISelectTeamFilter(2) (0.1s)&#xD;
Then Expanded action log contains "3" items&#xD;
-&gt; done: ExpandedActionLogSteps.ThenExpandedActionLogContainsItemsCount(3) (0.0s)&#xD;
And Actions are displayed in expanded action log in order:&#xD;
  --- table step argument ---&#xD;
  | expectedType |&#xD;
  | Throw In     |&#xD;
  | Goal Kick    |&#xD;
  | Kick Off     |&#xD;
-&gt; done: ExpandedActionLogSteps.ThenActionsAreDisplayedInActionLogAtPositions(System.Collection...) (0.1s)&#xD;
sandbox: CleanUpAfterTestRun started.&#xD;
sandbox: application pages != null: True&#xD;
sandbox: web driver!= null: True&#xD;
sandbox: CleanUpAfterTestRun complete.</StdOut>
      </Output>
    </UnitTestResult>
    <UnitTestResult executionId="7610a8c1-70ba-4943-b503-cdff1721944d" testId="39d8d8db-dd10-181e-ff2d-f35ced6f3491" testName="FootballOpenAdjustPitchPosition" computerName="EC2AMAZ-JEOO151" duration="00:00:12.1980000" startTime="2019-07-11T18:00:20.0000000+00:00" endTime="2019-07-11T18:00:32.0000000+00:00" testType="13cdc9d9-ddb5-4fa4-a97d-d965ccfc6d4b" outcome="Passed" testListId="8c84fa94-04c1-424b-9868-57a2d4851a1d" relativeResultsDirectory="7610a8c1-70ba-4943-b503-cdff1721944d">
      <Output>
        <StdOut>sandbox: PrepareForTestRun started.&#xD;
sandbox: football liveStatsApp != null: True &#xD;
sandbox: football liveStatsApp.IsProcessRunning: True &#xD;
sandbox: setupLocalData: localDatabaseProvider != null: True&#xD;
sandbox: applicationPages != null: True&#xD;
sandbox: applicationPages.Webdriver != null: True&#xD;
sandbox: finished setuping local data&#xD;
sandbox: PrepareForTestRun complete.&#xD;
Given Match started with kick off from existing game&#xD;
-&gt; done: SetupGameSteps.GivenMatchStartedWithKickOffButtonFromExistingGame() (3.2s)&#xD;
And I remembered current players on pitch shirt numbers&#xD;
-&gt; done: GoalEditSteps.GivenIRememberCurrentPlayersOnPitch() (1.6s)&#xD;
And I add a goal for team 1 player 4 assisted by player 13&#xD;
Given action failed. Retrying after a timeout.&#xD;
-&gt; done: GoalSteps.GivenIAddAGoalForTeamPlayerAssistedByPlayer(1, 4, 13) (3.9s)&#xD;
And I click goal event in action log&#xD;
-&gt; done: ActionLogSteps.GivenIClickGoalEventInActionLog() (0.3s)&#xD;
And clicked "adjust" pitch location button in edit window&#xD;
Failed to find data-qa element with tag 'setPitchLocationButton'. No such element exception.&#xD;
-&gt; done: MiniPitchEditPageElementSteps.WhenIClickButtonForFreeKickLocation() (2.2s)&#xD;
Then Edit pitch Location dialog is visible&#xD;
-&gt; done: EditFormSteps.ThenEditLocationDialogIsVisible() (0.0s)&#xD;
And Shot pitch Position marker is visible&#xD;
-&gt; done: ExpandedPitchPositionDialogSteps.ThenShotPitchPositionMarkerIsVisible() (0.0s)&#xD;
And Clear Pitch button is visible&#xD;
-&gt; done: GoalEditSteps.ThenClearPitchButtonIsVisible() (0.0s)&#xD;
And "cancel" Button is visible&#xD;
-&gt; done: EditFormSteps.ThenCancelButtonIsVisible() (0.0s)&#xD;
And "proceed" Button is visible&#xD;
-&gt; done: EditFormSteps.ThenSaveButtonIsVisible() (0.0s)&#xD;
sandbox: CleanUpAfterTestRun started.&#xD;
sandbox: application pages != null: True&#xD;
sandbox: web driver!= null: True&#xD;
sandbox: CleanUpAfterTestRun complete.</StdOut>
      </Output>
    </UnitTestResult>
    <UnitTestResult executionId="dc589e60-7547-4d20-96e5-4015536b219c" testId="fdbbecb2-7c92-acb2-df58-d90b88ac4eb2" testName="YesOnVARForPenaltySecondStep(&quot;1&quot;,&quot;90&quot;,null)" computerName="EC2AMAZ-JEOO151" duration="00:00:12.9670000" startTime="2019-07-11T19:59:45.0000000+00:00" endTime="2019-07-11T19:59:58.0000000+00:00" testType="13cdc9d9-ddb5-4fa4-a97d-d965ccfc6d4b" outcome="Passed" testListId="8c84fa94-04c1-424b-9868-57a2d4851a1d" relativeResultsDirectory="dc589e60-7547-4d20-96e5-4015536b219c">
      <Output>
        <StdOut>sandbox: PrepareForTestRun started.&#xD;
sandbox: football liveStatsApp != null: True &#xD;
sandbox: football liveStatsApp.IsProcessRunning: True &#xD;
sandbox: setupLocalData: localDatabaseProvider != null: True&#xD;
sandbox: applicationPages != null: True&#xD;
sandbox: applicationPages.Webdriver != null: True&#xD;
sandbox: finished setuping local data&#xD;
sandbox: PrepareForTestRun complete.&#xD;
Given Match started with kick off from existing game&#xD;
-&gt; done: SetupGameSteps.GivenMatchStartedWithKickOffButtonFromExistingGame() (3.2s)&#xD;
When I click "Possible Penalty" button for team 1&#xD;
-&gt; done: TeamActionButtonSteps.GivenIClickPossiblePenaltyButtonForTeam(1) (0.6s)&#xD;
And I confirm penalty by clicking "Confirm" button&#xD;
-&gt; done: PenaltySteps.WhenIConfirmPenaltyByClickingButton() (2.3s)&#xD;
And I click on pitch x 90 and y 50&#xD;
Failed to find element with query '[data-qa='activePitchOverlay']'. Web driver timeout exception.&#xD;
Given action failed. Retrying after a timeout.&#xD;
Failed to find element with query '[data-qa='activePitchOverlay']'. Web driver timeout exception.&#xD;
-&gt; done: PitchScreenSteps.WhenIClickOnPitch(90, 50) (4.5s)&#xD;
And I click "Possible VAR" Button&#xD;
-&gt; done: WorkflowSteps.WhenIClickButton() (0.2s)&#xD;
And I click "Yes" button in confirmation dialog&#xD;
-&gt; done: WorkflowSteps.WhenIClickYesButtonInConfirmationDialog() (0.2s)&#xD;
Then Reasons dialog for penalty is shown with title "Reason for Penalty?"&#xD;
-&gt; done: PenaltySteps.ThenReasonsDialogForPenaltyIsShownWithTitle("Reason for Penalty?") (0.2s)&#xD;
And Latest "Penalty" event is highlighted&#xD;
-&gt; done: ActionLogSteps.ThenCardEventIsHighlighted(Penalty) (0.0s)&#xD;
And VAR label is shown in Penalty event action log&#xD;
-&gt; done: ActionLogSteps.ThenOffenceIsShownInPenaltyEventActionLog("VAR", Penalty) (0.1s)&#xD;
And VAR label of "Penalty" event in action log is in team 1 color&#xD;
-&gt; done: ActionLogSteps.ThenSubItemOfEventInActionLogIsInTeamColor("VAR", Penalty, 1) (0.1s)&#xD;
And VAR label of "Penalty" event in action log contains "Penalty Stands" message&#xD;
-&gt; done: ActionLogSteps.ThenSubItemOfEventInActionLogIsInTeamColor("VAR", Penalty, "Penalty Stands") (0.1s)&#xD;
And All action buttons except card and goal buttons are disabled for both teams&#xD;
-&gt; done: TeamActionButtonSteps.ThenAllActionButtonsExceptCardAndGoalButtonsAreDisabledForBothTeams() (0.6s)&#xD;
sandbox: CleanUpAfterTestRun started.&#xD;
sandbox: application pages != null: True&#xD;
sandbox: web driver!= null: True&#xD;
sandbox: CleanUpAfterTestRun complete.</StdOut>
      </Output>
    </UnitTestResult>
    <UnitTestResult executionId="91d3fc3b-911f-4b11-baac-d300517cb961" testId="d3c71dff-0cc8-6f9d-f6bc-c072923bc120" testName="NoOnVAROnSecondStepOfRecordCardWorkflow(&quot;1&quot;,&quot;Yellow&quot;,null)" computerName="EC2AMAZ-JEOO151" duration="00:00:06.4650000" startTime="2019-07-11T19:53:48.0000000+00:00" endTime="2019-07-11T19:53:54.0000000+00:00" testType="13cdc9d9-ddb5-4fa4-a97d-d965ccfc6d4b" outcome="Passed" testListId="8c84fa94-04c1-424b-9868-57a2d4851a1d" relativeResultsDirectory="91d3fc3b-911f-4b11-baac-d300517cb961">
      <Output>
        <StdOut>sandbox: PrepareForTestRun started.&#xD;
sandbox: football liveStatsApp != null: True &#xD;
sandbox: football liveStatsApp.IsProcessRunning: True &#xD;
sandbox: setupLocalData: localDatabaseProvider != null: True&#xD;
sandbox: applicationPages != null: True&#xD;
sandbox: applicationPages.Webdriver != null: True&#xD;
sandbox: finished setuping local data&#xD;
sandbox: PrepareForTestRun complete.&#xD;
Given Match started with kick off from existing game&#xD;
-&gt; done: SetupGameSteps.GivenMatchStartedWithKickOffButtonFromExistingGame() (3.3s)&#xD;
When I click on team 1 possible "Yellow"&#xD;
-&gt; done: TeamActionButtonSteps.StartPossibleCardRegistration(1, Yellow) (0.6s)&#xD;
And I click "Yellow" card button&#xD;
-&gt; done: TeamActionButtonSteps.WhenIClickCardButton("Yellow") (0.1s)&#xD;
And I click "Possible VAR" button in workflow&#xD;
-&gt; done: WorkflowSteps.WhenIClickPossibleVarButtonInWorkflow() (0.1s)&#xD;
And I click var confirmation "No" button&#xD;
-&gt; done: WorkflowSteps.WhenIClickVarConfirmationButton("No") (0.2s)&#xD;
Then VAR label is shown in Booking event action log&#xD;
-&gt; done: ActionLogSteps.ThenOffenceIsShownInPenaltyEventActionLog("VAR", Booking) (0.3s)&#xD;
And Latest "Booking" event is completed&#xD;
-&gt; done: ActionLogSteps.ThenLatestEventIsConfirmed(Booking) (0.0s)&#xD;
And VAR label of "Booking" event in action log is in team 1 color&#xD;
-&gt; done: ActionLogSteps.ThenSubItemOfEventInActionLogIsInTeamColor("VAR", Booking, 1) (0.1s)&#xD;
And VAR label of "Booking" event in action log contains "Card Overturned" message&#xD;
-&gt; done: ActionLogSteps.ThenSubItemOfEventInActionLogIsInTeamColor("VAR", Booking, "Card Overturned") (0.1s)&#xD;
And Action Buttons are enabled&#xD;
-&gt; done: TeamActionButtonSteps.ThenActionButtonsAreEnabled() (0.8s)&#xD;
sandbox: CleanUpAfterTestRun started.&#xD;
sandbox: application pages != null: True&#xD;
sandbox: web driver!= null: True&#xD;
sandbox: CleanUpAfterTestRun complete.</StdOut>
      </Output>
    </UnitTestResult>
    <UnitTestResult executionId="c399b20f-4867-43da-a2af-021eb004fb44" testId="af8b4f95-5ba6-7ebf-4618-8b7f4971850d" testName="GivenGameGameStarted_WhenEndingSecondHalf_ThenPossessionAndPitchLocationCleared" computerName="EC2AMAZ-JEOO151" duration="00:00:32.7990000" startTime="2019-07-11T21:31:29.0000000+00:00" endTime="2019-07-11T21:32:01.0000000+00:00" testType="13cdc9d9-ddb5-4fa4-a97d-d965ccfc6d4b" outcome="Passed" testListId="8c84fa94-04c1-424b-9868-57a2d4851a1d" relativeResultsDirectory="c399b20f-4867-43da-a2af-021eb004fb44">
      <Output>
        <StdOut>sandbox: PrepareForTestRun started.&#xD;
sandbox: football liveStatsApp != null: True &#xD;
sandbox: football liveStatsApp.IsProcessRunning: True &#xD;
sandbox: setupLocalData: localDatabaseProvider != null: True&#xD;
sandbox: applicationPages != null: True&#xD;
sandbox: applicationPages.Webdriver != null: True&#xD;
sandbox: finished setuping local data&#xD;
sandbox: PrepareForTestRun complete.&#xD;
Failed to find element with query '[data-qa='activePitchOverlay']'. Web driver timeout exception.&#xD;
Given action failed. Retrying after a timeout.&#xD;
Failed to find element with query '[data-qa='activePitchOverlay']'. Web driver timeout exception.&#xD;
Failed to find data-qa element with tag 'dangerZoneText'. No such element exception.&#xD;
Failed to find data-qa element with tag 'dangerZoneText'. No such element exception.&#xD;
Failed to find data-qa element with tag 'dangerZoneText'. No such element exception.&#xD;
Failed to find data-qa element with tag 'dangerZoneText'. No such element exception.&#xD;
Failed to find element with query '[data-qa='pitch-cursor']'. Web driver timeout exception.&#xD;
sandbox: CleanUpAfterTestRun started.&#xD;
sandbox: application pages != null: True&#xD;
sandbox: web driver!= null: True&#xD;
sandbox: CleanUpAfterTestRun complete.</StdOut>
      </Output>
    </UnitTestResult>
    <UnitTestResult executionId="e5deb30c-43c1-4b87-b6fe-5164b829aade" testId="b6012217-205c-4134-2dca-387341b512a5" testName="YesOnVARBeforeConfirming(&quot;2&quot;,&quot;Red&quot;,&quot;1&quot;,null)" computerName="EC2AMAZ-JEOO151" duration="00:00:05.3000000" startTime="2019-07-11T19:55:50.0000000+00:00" endTime="2019-07-11T19:55:55.0000000+00:00" testType="13cdc9d9-ddb5-4fa4-a97d-d965ccfc6d4b" outcome="Passed" testListId="8c84fa94-04c1-424b-9868-57a2d4851a1d" relativeResultsDirectory="e5deb30c-43c1-4b87-b6fe-5164b829aade">
      <Output>
        <StdOut>sandbox: PrepareForTestRun started.&#xD;
sandbox: football liveStatsApp != null: True &#xD;
sandbox: football liveStatsApp.IsProcessRunning: True &#xD;
sandbox: setupLocalData: localDatabaseProvider != null: True&#xD;
sandbox: applicationPages != null: True&#xD;
sandbox: applicationPages.Webdriver != null: True&#xD;
sandbox: finished setuping local data&#xD;
sandbox: PrepareForTestRun complete.&#xD;
Given Match started with kick off from existing game&#xD;
-&gt; done: SetupGameSteps.GivenMatchStartedWithKickOffButtonFromExistingGame() (3.2s)&#xD;
When I click on team 2 possible "Red"&#xD;
-&gt; done: TeamActionButtonSteps.StartPossibleCardRegistration(2, Red) (0.6s)&#xD;
And I click "Red" card button&#xD;
-&gt; done: TeamActionButtonSteps.WhenIClickCardButton("Red") (0.1s)&#xD;
And I click "Possible VAR" button in workflow&#xD;
-&gt; done: WorkflowSteps.WhenIClickPossibleVarButtonInWorkflow() (0.1s)&#xD;
And I click var confirmation "yes" button&#xD;
-&gt; done: WorkflowSteps.WhenIClickVarConfirmationButton("yes") (0.2s)&#xD;
Then Confirmation dialog is displayed&#xD;
-&gt; done: CardSteps.ThenConfirmationDialogIsDisplayed() (0.2s)&#xD;
sandbox: CleanUpAfterTestRun started.&#xD;
sandbox: application pages != null: True&#xD;
sandbox: web driver!= null: True&#xD;
sandbox: CleanUpAfterTestRun complete.</StdOut>
      </Output>
    </UnitTestResult>
    <UnitTestResult executionId="71ce108b-5182-4019-9af8-1528e03a51b5" testId="ac373a8f-4885-332b-4c79-c9b64144f5d1" testName="ShotHasSameTimeAsFreeKickTaken" computerName="EC2AMAZ-JEOO151" duration="00:00:06.9830000" startTime="2019-07-11T19:26:24.0000000+00:00" endTime="2019-07-11T19:26:31.0000000+00:00" testType="13cdc9d9-ddb5-4fa4-a97d-d965ccfc6d4b" outcome="Passed" testListId="8c84fa94-04c1-424b-9868-57a2d4851a1d" relativeResultsDirectory="71ce108b-5182-4019-9af8-1528e03a51b5">
      <Output>
        <StdOut>sandbox: PrepareForTestRun started.&#xD;
sandbox: football liveStatsApp != null: True &#xD;
sandbox: football liveStatsApp.IsProcessRunning: True &#xD;
sandbox: setupLocalData: localDatabaseProvider != null: True&#xD;
sandbox: applicationPages != null: True&#xD;
sandbox: applicationPages.Webdriver != null: True&#xD;
sandbox: finished setuping local data&#xD;
sandbox: PrepareForTestRun complete.&#xD;
Given Match started with kick off from existing game&#xD;
-&gt; done: SetupGameSteps.GivenMatchStartedWithKickOffButtonFromExistingGame() (3.2s)&#xD;
Given Free kick for team "1" workflow entered till taken selection&#xD;
-&gt; done: FreeKickSteps.GivenFreeKickForTeamAndWorkflowEnteredTillTakenSelection(1) (1.5s)&#xD;
When I click "Shot" button for team 1&#xD;
Given action failed. Retrying after a timeout.&#xD;
-&gt; done: TeamActionButtonSteps.GivenIClickShotButtonForTeam(1) (0.5s)&#xD;
And I click on team 1 player on pitch with shirt number 13&#xD;
-&gt; done: PitchPlayersComponentSteps.WhenIClickOnTeamPlayerOnPitchWithShirtNumber(1, 13) (0.1s)&#xD;
And I click on pitch x 50 and y 50&#xD;
-&gt; done: PitchScreenSteps.WhenIClickOnPitch(50, 50) (0.2s)&#xD;
And I Click "Shot Blocked" button&#xD;
-&gt; done: ShotRegistrationSteps.WhenClickIShotBlockedButton() (0.1s)&#xD;
And I click on latest "FreeKick" event in action log&#xD;
-&gt; done: ActionLogSteps.GivenIClickOnLatestEventInActionLog(FreeKick) (0.4s)&#xD;
Then Shot time is same as free kick taken time&#xD;
-&gt; done: RegistrationFromActionSteps.ThenShotTimeIsSameAsFreeKickTakenTime() (0.1s)&#xD;
sandbox: CleanUpAfterTestRun started.&#xD;
sandbox: application pages != null: True&#xD;
sandbox: web driver!= null: True&#xD;
sandbox: CleanUpAfterTestRun complete.</StdOut>
      </Output>
    </UnitTestResult>
    <UnitTestResult executionId="fad66819-d293-442c-bf77-11a7cb68acde" testId="6be0df20-5ee7-8efb-9d0e-0b3b85da85f3" testName="OpenCornerForEdit" computerName="EC2AMAZ-JEOO151" duration="00:00:09.9190000" startTime="2019-07-11T17:51:35.0000000+00:00" endTime="2019-07-11T17:51:44.0000000+00:00" testType="13cdc9d9-ddb5-4fa4-a97d-d965ccfc6d4b" outcome="Passed" testListId="8c84fa94-04c1-424b-9868-57a2d4851a1d" relativeResultsDirectory="fad66819-d293-442c-bf77-11a7cb68acde">
      <Output>
        <StdOut>sandbox: PrepareForTestRun started.&#xD;
sandbox: football liveStatsApp != null: True &#xD;
sandbox: football liveStatsApp.IsProcessRunning: True &#xD;
sandbox: setupLocalData: localDatabaseProvider != null: True&#xD;
sandbox: applicationPages != null: True&#xD;
sandbox: applicationPages.Webdriver != null: True&#xD;
sandbox: finished setuping local data&#xD;
sandbox: PrepareForTestRun complete.&#xD;
Given Match started with kick off from existing game&#xD;
-&gt; done: SetupGameSteps.GivenMatchStartedWithKickOffButtonFromExistingGame() (3.3s)&#xD;
And "Top right" corner added for Team 1&#xD;
-&gt; done: CornerSteps.GivenCornerAddedForTeam("Top right", 1) (3.2s)&#xD;
Given I clicked on latest "Corner" event in action log&#xD;
-&gt; done: ActionLogSteps.GivenIClickOnLatestEventInActionLog(Corner) (0.2s)&#xD;
Then Corner edit view is shown&#xD;
-&gt; done: CornerEditSteps.ThenCornerEditViewIsShown() (0.0s)&#xD;
And "Action ID" of edit screen is visible&#xD;
-&gt; done: EditFormSteps.ThenActionIdOfEditScreenIsVisible() (0.0s)&#xD;
And "Half" of edit screen is visible&#xD;
-&gt; done: EditFormSteps.ThenHalfOfEditScreenIsVisible() (0.0s)&#xD;
And "Edit time" of edit screen is visible&#xD;
-&gt; done: EditFormSteps.ThenEditTimeOfEditScreenIsVisible() (0.0s)&#xD;
And Team 1 of edit screen is selected&#xD;
-&gt; done: EditFormSteps.ThenTeamOfEditScreenIsSelected(1) (0.0s)&#xD;
And "top right" corner selection is visible&#xD;
-&gt; done: CornerEditSteps.ThenCornerSelectionIsVisible("top right") (0.0s)&#xD;
And "bottom right" corner selection is visible&#xD;
-&gt; done: CornerEditSteps.ThenCornerSelectionIsVisible("bottom right") (0.0s)&#xD;
And "top left" corner is not visible&#xD;
Failed to find element with query '[data-qa='pitchCornerTopLeft']'. Web driver timeout exception.&#xD;
-&gt; done: CornerEditSteps.ThenCornerIsNotVisible("top left") (1.0s)&#xD;
And "bottom left" corner is not visible&#xD;
Failed to find element with query '[data-qa='pitchCornerBottomLeft']'. Web driver timeout exception.&#xD;
-&gt; done: CornerEditSteps.ThenCornerIsNotVisible("bottom left") (1.0s)&#xD;
And "Taken location" of edit screen is visible&#xD;
-&gt; done: EditFormSteps.ThenTakenLocationOfEditScreenIsVisible() (0.0s)&#xD;
And "Cancel" of edit screen is visible&#xD;
-&gt; done: EditFormSteps.ThenCancelOfEditScreenIsVisible() (0.0s)&#xD;
And Save button is disabled in action edit form&#xD;
-&gt; done: EditFormSteps.SaveButtonIsDisabled() (0.0s)&#xD;
sandbox: CleanUpAfterTestRun started.&#xD;
sandbox: application pages != null: True&#xD;
sandbox: web driver!= null: True&#xD;
sandbox: CleanUpAfterTestRun complete.</StdOut>
      </Output>
    </UnitTestResult>
    <UnitTestResult executionId="e4840ac5-d9a4-4cd2-a1a0-2b181220c122" testId="1c329d84-de43-d067-f160-f8b21621dfd8" testName="PSOCantBeDeletedIfThereIsActionRegisteredAfter" computerName="EC2AMAZ-JEOO151" duration="00:00:21.3150000" startTime="2019-07-11T17:40:25.0000000+00:00" endTime="2019-07-11T17:40:47.0000000+00:00" testType="13cdc9d9-ddb5-4fa4-a97d-d965ccfc6d4b" outcome="Passed" testListId="8c84fa94-04c1-424b-9868-57a2d4851a1d" relativeResultsDirectory="e4840ac5-d9a4-4cd2-a1a0-2b181220c122">
      <Output>
        <StdOut>sandbox: PrepareForTestRun started.&#xD;
sandbox: football liveStatsApp != null: True &#xD;
sandbox: football liveStatsApp.IsProcessRunning: True &#xD;
sandbox: setupLocalData: localDatabaseProvider != null: True&#xD;
sandbox: applicationPages != null: True&#xD;
sandbox: applicationPages.Webdriver != null: True&#xD;
sandbox: finished setuping local data&#xD;
sandbox: PrepareForTestRun complete.&#xD;
Given Match started with kick off from existing game&#xD;
-&gt; done: SetupGameSteps.GivenMatchStartedWithKickOffButtonFromExistingGame() (3.3s)&#xD;
Given I finished and proceeded to next phase&#xD;
-&gt; done: PitchClockSteps.WhenIFinishAndProceedToNextPhase() (3.2s)&#xD;
And I finished and proceeded to next phase&#xD;
-&gt; done: PitchClockSteps.WhenIFinishAndProceedToNextPhase() (3.0s)&#xD;
And I finished and proceeded to next phase&#xD;
-&gt; done: PitchClockSteps.WhenIFinishAndProceedToNextPhase() (2.9s)&#xD;
And I finished and proceeded to next phase&#xD;
-&gt; done: PitchClockSteps.WhenIFinishAndProceedToNextPhase() (2.6s)&#xD;
And I recorded penalty shoot-out kick "Goal" for team 2 player with shirt number 1&#xD;
-&gt; done: PenaltyShootoutSteps.WhenIRecordPenaltyShoot_OutKickGoalForTeamPlayerWithShirtNumber(2, 1) (3.0s)&#xD;
When I click Expand Action log button&#xD;
-&gt; done: ActionLogSteps.WhenIClickExpandActionLogButton() (0.3s)&#xD;
Then latest "PhaseStart" action is not deletable&#xD;
Failed to find data-qa element with tag 'deleteIcon'. No such element exception.&#xD;
-&gt; done: ExpandedActionLogSteps.ThenLatestActionIsNotDeletable(PhaseStart) (2.1s)&#xD;
sandbox: CleanUpAfterTestRun started.&#xD;
sandbox: application pages != null: True&#xD;
sandbox: web driver!= null: True&#xD;
sandbox: CleanUpAfterTestRun complete.</StdOut>
      </Output>
    </UnitTestResult>
    <UnitTestResult executionId="dd42eb3c-3874-476c-b733-3375be894d5a" testId="73a3dfae-0cf8-9a75-96ca-858bc4a0a3dc" testName="WhenAllPlayersHaveFinishedKickingInPenaltyShoot_OutTheyAreEnabledAgain" computerName="EC2AMAZ-JEOO151" duration="00:01:22.4960000" startTime="2019-07-11T19:18:19.0000000+00:00" endTime="2019-07-11T19:19:41.0000000+00:00" testType="13cdc9d9-ddb5-4fa4-a97d-d965ccfc6d4b" outcome="Passed" testListId="8c84fa94-04c1-424b-9868-57a2d4851a1d" relativeResultsDirectory="dd42eb3c-3874-476c-b733-3375be894d5a">
      <Output>
        <StdOut>sandbox: PrepareForTestRun started.&#xD;
sandbox: football liveStatsApp != null: True &#xD;
sandbox: football liveStatsApp.IsProcessRunning: True &#xD;
sandbox: setupLocalData: localDatabaseProvider != null: True&#xD;
sandbox: applicationPages != null: True&#xD;
sandbox: applicationPages.Webdriver != null: True&#xD;
sandbox: finished setuping local data&#xD;
sandbox: PrepareForTestRun complete.&#xD;
Given penalty shoot-out phase started&#xD;
-&gt; done: PitchClockSteps.GivenGamePenaltyShoot_OutPhaseStarted() (14.8s)&#xD;
When I record penalty shoot-out kick "Goal" for team 2 player with shirt number 1&#xD;
-&gt; done: PenaltyShootoutSteps.WhenIRecordPenaltyShoot_OutKickGoalForTeamPlayerWithShirtNumber(2, 1) (2.8s)&#xD;
And I record penalty shoot-out kick "Goal" for team 1 player with shirt number 13&#xD;
-&gt; done: PenaltyShootoutSteps.WhenIRecordPenaltyShoot_OutKickGoalForTeamPlayerWithShirtNumber(1, 13) (2.8s)&#xD;
And I record penalty shoot-out kick "Goal" for team 2 player with shirt number 2&#xD;
-&gt; done: PenaltyShootoutSteps.WhenIRecordPenaltyShoot_OutKickGoalForTeamPlayerWithShirtNumber(2, 2) (2.8s)&#xD;
And I record penalty shoot-out kick "Goal" for team 1 player with shirt number 4&#xD;
-&gt; done: PenaltyShootoutSteps.WhenIRecordPenaltyShoot_OutKickGoalForTeamPlayerWithShirtNumber(1, 4) (2.9s)&#xD;
And I record penalty shoot-out kick "Goal" for team 2 player with shirt number 3&#xD;
-&gt; done: PenaltyShootoutSteps.WhenIRecordPenaltyShoot_OutKickGoalForTeamPlayerWithShirtNumber(2, 3) (2.9s)&#xD;
And I record penalty shoot-out kick "Goal" for team 1 player with shirt number 6&#xD;
-&gt; done: PenaltyShootoutSteps.WhenIRecordPenaltyShoot_OutKickGoalForTeamPlayerWithShirtNumber(1, 6) (2.9s)&#xD;
And I record penalty shoot-out kick "Goal" for team 2 player with shirt number 4&#xD;
-&gt; done: PenaltyShootoutSteps.WhenIRecordPenaltyShoot_OutKickGoalForTeamPlayerWithShirtNumber(2, 4) (2.9s)&#xD;
And I record penalty shoot-out kick "Goal" for team 1 player with shirt number 7&#xD;
-&gt; done: PenaltyShootoutSteps.WhenIRecordPenaltyShoot_OutKickGoalForTeamPlayerWithShirtNumber(1, 7) (2.9s)&#xD;
And I record penalty shoot-out kick "Goal" for team 2 player with shirt number 5&#xD;
-&gt; done: PenaltyShootoutSteps.WhenIRecordPenaltyShoot_OutKickGoalForTeamPlayerWithShirtNumber(2, 5) (2.9s)&#xD;
And I record penalty shoot-out kick "Goal" for team 1 player with shirt number 8&#xD;
-&gt; done: PenaltyShootoutSteps.WhenIRecordPenaltyShoot_OutKickGoalForTeamPlayerWithShirtNumber(1, 8) (2.9s)&#xD;
And I record penalty shoot-out kick "Goal" for team 2 player with shirt number 6&#xD;
-&gt; done: PenaltyShootoutSteps.WhenIRecordPenaltyShoot_OutKickGoalForTeamPlayerWithShirtNumber(2, 6) (3.0s)&#xD;
And I record penalty shoot-out kick "Goal" for team 1 player with shirt number 9&#xD;
-&gt; done: PenaltyShootoutSteps.WhenIRecordPenaltyShoot_OutKickGoalForTeamPlayerWithShirtNumber(1, 9) (3.0s)&#xD;
And I record penalty shoot-out kick "Goal" for team 2 player with shirt number 7&#xD;
-&gt; done: PenaltyShootoutSteps.WhenIRecordPenaltyShoot_OutKickGoalForTeamPlayerWithShirtNumber(2, 7) (3.0s)&#xD;
And I record penalty shoot-out kick "Goal" for team 1 player with shirt number 10&#xD;
-&gt; done: PenaltyShootoutSteps.WhenIRecordPenaltyShoot_OutKickGoalForTeamPlayerWithShirtNumber(1, 10) (3.0s)&#xD;
And I record penalty shoot-out kick "Goal" for team 2 player with shirt number 10&#xD;
-&gt; done: PenaltyShootoutSteps.WhenIRecordPenaltyShoot_OutKickGoalForTeamPlayerWithShirtNumber(2, 10) (3.0s)&#xD;
And I record penalty shoot-out kick "Goal" for team 1 player with shirt number 14&#xD;
-&gt; done: PenaltyShootoutSteps.WhenIRecordPenaltyShoot_OutKickGoalForTeamPlayerWithShirtNumber(1, 14) (3.1s)&#xD;
And I record penalty shoot-out kick "Goal" for team 2 player with shirt number 11&#xD;
-&gt; done: PenaltyShootoutSteps.WhenIRecordPenaltyShoot_OutKickGoalForTeamPlayerWithShirtNumber(2, 11) (3.1s)&#xD;
And I record penalty shoot-out kick "Goal" for team 1 player with shirt number 16&#xD;
-&gt; done: PenaltyShootoutSteps.WhenIRecordPenaltyShoot_OutKickGoalForTeamPlayerWithShirtNumber(1, 16) (3.0s)&#xD;
And I record penalty shoot-out kick "Goal" for team 2 player with shirt number 12&#xD;
-&gt; done: PenaltyShootoutSteps.WhenIRecordPenaltyShoot_OutKickGoalForTeamPlayerWithShirtNumber(2, 12) (3.2s)&#xD;
And I record penalty shoot-out kick "Goal" for team 1 player with shirt number 17&#xD;
-&gt; done: PenaltyShootoutSteps.WhenIRecordPenaltyShoot_OutKickGoalForTeamPlayerWithShirtNumber(1, 17) (3.5s)&#xD;
And I record penalty shoot-out kick "Goal" for team 2 player with shirt number 13&#xD;
-&gt; done: PenaltyShootoutSteps.WhenIRecordPenaltyShoot_OutKickGoalForTeamPlayerWithShirtNumber(2, 13) (3.3s)&#xD;
And I record penalty shoot-out kick "Goal" for team 1 player with shirt number 18&#xD;
-&gt; done: PenaltyShootoutSteps.WhenIRecordPenaltyShoot_OutKickGoalForTeamPlayerWithShirtNumber(1, 18) (3.2s)&#xD;
Then Team 2 players are enabled&#xD;
-&gt; done: PitchPlayersComponentSteps.ThenTeamPlayersAreEnabled(2) (0.3s)&#xD;
sandbox: CleanUpAfterTestRun started.&#xD;
sandbox: application pages != null: True&#xD;
sandbox: web driver!= null: True&#xD;
sandbox: CleanUpAfterTestRun complete.</StdOut>
      </Output>
    </UnitTestResult>
    <UnitTestResult executionId="78308ad4-43b9-435d-9bb7-269c0b312e78" testId="31b4ecf9-c7c4-1f46-d9b0-7593bb9e9631" testName="AllowToSaveCardWithMissingDataWhenOverturedByVAR" computerName="EC2AMAZ-JEOO151" duration="00:00:10.2090000" startTime="2019-07-11T17:45:07.0000000+00:00" endTime="2019-07-11T17:45:17.0000000+00:00" testType="13cdc9d9-ddb5-4fa4-a97d-d965ccfc6d4b" outcome="Passed" testListId="8c84fa94-04c1-424b-9868-57a2d4851a1d" relativeResultsDirectory="78308ad4-43b9-435d-9bb7-269c0b312e78">
      <Output>
        <StdOut>sandbox: PrepareForTestRun started.&#xD;
sandbox: football liveStatsApp != null: True &#xD;
sandbox: football liveStatsApp.IsProcessRunning: True &#xD;
sandbox: setupLocalData: localDatabaseProvider != null: True&#xD;
sandbox: applicationPages != null: True&#xD;
sandbox: applicationPages.Webdriver != null: True&#xD;
sandbox: finished setuping local data&#xD;
sandbox: PrepareForTestRun complete.&#xD;
Given Match started with kick off from existing game&#xD;
-&gt; done: SetupGameSteps.GivenMatchStartedWithKickOffButtonFromExistingGame() (3.4s)&#xD;
And I remembered current players on pitch shirt numbers&#xD;
-&gt; done: GoalEditSteps.GivenIRememberCurrentPlayersOnPitch() (1.5s)&#xD;
Given "Yellow" Card for Team 1 with all data points missing is registered&#xD;
Given action failed. Retrying after a timeout.&#xD;
-&gt; done: CardSteps.RegisterCardForTeamWithNoData(Yellow, 1) (3.2s)&#xD;
When card is set to be overturned by VAR and saved&#xD;
-&gt; done: CardEditSteps.EditLastRegisteredCardToVarOverturned() (1.0s)&#xD;
Then "yellow" label of "Booking" event in action log contains "yellow" card icon&#xD;
-&gt; done: ActionLogSteps.ThenLabelOfEventInActionLogContainsCardIcon("yellow", Booking, "yellow") (0.1s)&#xD;
And VAR label is shown in Booking event action log&#xD;
-&gt; done: ActionLogSteps.ThenOffenceIsShownInPenaltyEventActionLog("VAR", Booking) (0.0s)&#xD;
And VAR label of "Booking" event in action log contains "Card Overturned" message&#xD;
-&gt; done: ActionLogSteps.ThenSubItemOfEventInActionLogIsInTeamColor("VAR", Booking, "Card Overturned") (0.1s)&#xD;
sandbox: CleanUpAfterTestRun started.&#xD;
sandbox: application pages != null: True&#xD;
sandbox: web driver!= null: True&#xD;
sandbox: CleanUpAfterTestRun complete.</StdOut>
      </Output>
    </UnitTestResult>
    <UnitTestResult executionId="87e43bb8-3bd8-4f57-90c2-81f84d6a0f49" testId="2cfbaae9-5213-77e9-7708-aabc49ae60b3" testName="SelectVarOnFirstStepOfRecordCardWorkflow(&quot;1&quot;,&quot;Yellow&quot;,null)" computerName="EC2AMAZ-JEOO151" duration="00:00:05.2500000" startTime="2019-07-11T19:54:14.0000000+00:00" endTime="2019-07-11T19:54:19.0000000+00:00" testType="13cdc9d9-ddb5-4fa4-a97d-d965ccfc6d4b" outcome="Passed" testListId="8c84fa94-04c1-424b-9868-57a2d4851a1d" relativeResultsDirectory="87e43bb8-3bd8-4f57-90c2-81f84d6a0f49">
      <Output>
        <StdOut>sandbox: PrepareForTestRun started.&#xD;
sandbox: football liveStatsApp != null: True &#xD;
sandbox: football liveStatsApp.IsProcessRunning: True &#xD;
sandbox: setupLocalData: localDatabaseProvider != null: True&#xD;
sandbox: applicationPages != null: True&#xD;
sandbox: applicationPages.Webdriver != null: True&#xD;
sandbox: finished setuping local data&#xD;
sandbox: PrepareForTestRun complete.&#xD;
Given Match started with kick off from existing game&#xD;
-&gt; done: SetupGameSteps.GivenMatchStartedWithKickOffButtonFromExistingGame() (3.2s)&#xD;
When I click on team 1 possible "Yellow"&#xD;
Given action failed. Retrying after a timeout.&#xD;
-&gt; done: TeamActionButtonSteps.StartPossibleCardRegistration(1, Yellow) (0.8s)&#xD;
And I click "Possible VAR" button in workflow&#xD;
-&gt; done: WorkflowSteps.WhenIClickPossibleVarButtonInWorkflow() (0.1s)&#xD;
Then confirm VAR dialog is displayed&#xD;
-&gt; done: WorkflowSteps.ThenConfirmVarDialogIsDisplayed() (0.2s)&#xD;
And "Yes" VAR dialog button is shown&#xD;
-&gt; done: WorkflowSteps.ThenVarDialogButtonIsShown("Yes") (0.0s)&#xD;
And "No" VAR dialog button is shown&#xD;
-&gt; done: WorkflowSteps.ThenVarDialogButtonIsShown("No") (0.0s)&#xD;
sandbox: CleanUpAfterTestRun started.&#xD;
sandbox: application pages != null: True&#xD;
sandbox: web driver!= null: True&#xD;
sandbox: CleanUpAfterTestRun complete.</StdOut>
      </Output>
    </UnitTestResult>
    <UnitTestResult executionId="09023695-1df8-4a84-b5b5-723c7a56c7e7" testId="25e8c811-dbbc-0230-eb34-5cc81beb197d" testName="GivenActionRegistered_WhenDeletingFromExpandedActionLog_ThenDeletedInExpanded(Shot)" computerName="EC2AMAZ-JEOO151" duration="00:00:08.0160000" startTime="2019-07-11T20:17:29.0000000+00:00" endTime="2019-07-11T20:17:37.0000000+00:00" testType="13cdc9d9-ddb5-4fa4-a97d-d965ccfc6d4b" outcome="Passed" testListId="8c84fa94-04c1-424b-9868-57a2d4851a1d" relativeResultsDirectory="09023695-1df8-4a84-b5b5-723c7a56c7e7">
      <Output>
        <StdOut>sandbox: PrepareForTestRun started.&#xD;
sandbox: football liveStatsApp != null: True &#xD;
sandbox: football liveStatsApp.IsProcessRunning: True &#xD;
sandbox: setupLocalData: localDatabaseProvider != null: True&#xD;
sandbox: applicationPages != null: True&#xD;
sandbox: applicationPages.Webdriver != null: True&#xD;
sandbox: finished setuping local data&#xD;
sandbox: PrepareForTestRun complete.&#xD;
sandbox: CleanUpAfterTestRun started.&#xD;
sandbox: application pages != null: True&#xD;
sandbox: web driver!= null: True&#xD;
sandbox: CleanUpAfterTestRun complete.</StdOut>
      </Output>
    </UnitTestResult>
    <UnitTestResult executionId="02f6c5ce-b652-46b8-aa5b-8076176e8279" testId="5a0fa8bf-8cb9-50fb-82b4-e76854011ec5" testName="SelectLocationForFoulFreekick(&quot;1&quot;,&quot;2&quot;,null)" computerName="EC2AMAZ-JEOO151" duration="00:00:05.6990000" startTime="2019-07-11T18:57:00.0000000+00:00" endTime="2019-07-11T18:57:05.0000000+00:00" testType="13cdc9d9-ddb5-4fa4-a97d-d965ccfc6d4b" outcome="Passed" testListId="8c84fa94-04c1-424b-9868-57a2d4851a1d" relativeResultsDirectory="02f6c5ce-b652-46b8-aa5b-8076176e8279">
      <Output>
        <StdOut>sandbox: PrepareForTestRun started.&#xD;
sandbox: football liveStatsApp != null: True &#xD;
sandbox: football liveStatsApp.IsProcessRunning: True &#xD;
sandbox: setupLocalData: localDatabaseProvider != null: True&#xD;
sandbox: applicationPages != null: True&#xD;
sandbox: applicationPages.Webdriver != null: True&#xD;
sandbox: finished setuping local data&#xD;
sandbox: PrepareForTestRun complete.&#xD;
Given Match started with kick off from existing game&#xD;
-&gt; done: SetupGameSteps.GivenMatchStartedWithKickOffButtonFromExistingGame() (3.2s)&#xD;
When I click Freekick button for team 1&#xD;
-&gt; done: TeamActionButtonSteps.WhenIClickFreekickButtonForTeam(1) (0.7s)&#xD;
And I click on pitch x 20 and y 50&#xD;
-&gt; done: PitchScreenSteps.WhenIClickOnPitch(20, 50) (0.1s)&#xD;
And I click "Foul" button in freekick reason dialog&#xD;
-&gt; done: FreeKickSteps.WhenIClickButtonInFreekickReasonDialog("Foul") (0.2s)&#xD;
And I click player 1 from team 2&#xD;
-&gt; done: PitchPlayersComponentSteps.WhenIClickPlayerFromTeam(1, 2) (0.2s)&#xD;
And I click player 1 from team 1&#xD;
-&gt; done: PitchPlayersComponentSteps.WhenIClickPlayerFromTeam(1, 1) (0.2s)&#xD;
And I click on pitch x 50 and y 50&#xD;
-&gt; done: PitchScreenSteps.WhenIClickOnPitch(50, 50) (0.2s)&#xD;
Then Latest freekick event is completed&#xD;
-&gt; done: ActionLogSteps.ThenFreekickEventIsCompleted() (0.2s)&#xD;
And Pitch View is shown&#xD;
-&gt; done: PitchScreenSteps.PitchViewIsShown() (0.0s)&#xD;
sandbox: CleanUpAfterTestRun started.&#xD;
sandbox: application pages != null: True&#xD;
sandbox: web driver!= null: True&#xD;
sandbox: CleanUpAfterTestRun complete.</StdOut>
      </Output>
    </UnitTestResult>
    <UnitTestResult executionId="40955c77-a6c9-494a-9cd0-60f191f07c6e" testId="fc71d7eb-12f2-7ccb-0bae-cd20adbe4025" testName="CannotInsertActionsAfterBeforeActionInPeriodBreak(&quot;before&quot;,&quot;GameStart&quot;,null)" computerName="EC2AMAZ-JEOO151" duration="00:00:09.1840000" startTime="2019-07-11T18:42:55.0000000+00:00" endTime="2019-07-11T18:43:04.0000000+00:00" testType="13cdc9d9-ddb5-4fa4-a97d-d965ccfc6d4b" outcome="Passed" testListId="8c84fa94-04c1-424b-9868-57a2d4851a1d" relativeResultsDirectory="40955c77-a6c9-494a-9cd0-60f191f07c6e">
      <Output>
        <StdOut>sandbox: PrepareForTestRun started.&#xD;
sandbox: football liveStatsApp != null: True &#xD;
sandbox: football liveStatsApp.IsProcessRunning: True &#xD;
sandbox: setupLocalData: localDatabaseProvider != null: True&#xD;
sandbox: applicationPages != null: True&#xD;
sandbox: applicationPages.Webdriver != null: True&#xD;
sandbox: finished setuping local data&#xD;
sandbox: PrepareForTestRun complete.&#xD;
Given Second period started from existing game&#xD;
-&gt; done: SetupGameSteps.GivenSecondPeriodStartedFromExistingGame() (6.5s)&#xD;
When I click Expand Action log button&#xD;
-&gt; done: ActionLogSteps.WhenIClickExpandActionLogButton() (0.3s)&#xD;
And I insert "Injury" before "GameStart"&#xD;
-&gt; done: ExpandedActionLogSteps.WhenIInsertBefore(Injury, GameStart) (0.3s)&#xD;
And I click off-pitch&#xD;
-&gt; done: PlayerInjuryEditSteps.WhenIClickOffPitchInjury() (0.1s)&#xD;
And I update injury with team 1, player 4 in edit window&#xD;
-&gt; done: PlayerInjuryEditSteps.WhenIUpdateInjuryWithTeamPlayer(1, 4) (0.3s)&#xD;
And I click Save button in action edit form&#xD;
-&gt; done: EditFormSteps.ClickSaveButtonInActionEditForm() (0.6s)&#xD;
And I select latest "Injury" action in expanded action log&#xD;
-&gt; done: ExpandedActionLogSteps.WhenISelectLatestActionInExpandedActionLog(Injury) (0.1s)&#xD;
And I click insert before button in expanded action log&#xD;
-&gt; done: ExpandedActionLogSteps.WhenIClickInsertBeforeButtonInExpandedActionLog() (0.1s)&#xD;
Then Insert before drop down should contain only card, injury and sub&#xD;
-&gt; done: ExpandedActionLogSteps.ThenInsertBeforeDropDownShouldNotContainAction() (0.1s)&#xD;
sandbox: CleanUpAfterTestRun started.&#xD;
sandbox: application pages != null: True&#xD;
sandbox: web driver!= null: True&#xD;
sandbox: CleanUpAfterTestRun complete.</StdOut>
      </Output>
    </UnitTestResult>
    <UnitTestResult executionId="06dc2526-4e78-43b0-b884-630f3d0dbffa" testId="29787837-54df-deb6-5c8e-b1588fe5f847" testName="GivenActionRegistered_WhenDeletingFromExpandedActionLog_ThenDeletedPitchLog" computerName="EC2AMAZ-JEOO151" duration="00:00:23.5170000" startTime="2019-07-11T20:22:18.0000000+00:00" endTime="2019-07-11T20:22:42.0000000+00:00" testType="13cdc9d9-ddb5-4fa4-a97d-d965ccfc6d4b" outcome="Passed" testListId="8c84fa94-04c1-424b-9868-57a2d4851a1d" relativeResultsDirectory="06dc2526-4e78-43b0-b884-630f3d0dbffa">
      <Output>
        <StdOut>sandbox: PrepareForTestRun started.&#xD;
sandbox: football liveStatsApp != null: True &#xD;
sandbox: football liveStatsApp.IsProcessRunning: True &#xD;
sandbox: setupLocalData: localDatabaseProvider != null: True&#xD;
sandbox: applicationPages != null: True&#xD;
sandbox: applicationPages.Webdriver != null: True&#xD;
sandbox: finished setuping local data&#xD;
sandbox: PrepareForTestRun complete.&#xD;
sandbox: CleanUpAfterTestRun started.&#xD;
sandbox: application pages != null: True&#xD;
sandbox: web driver!= null: True&#xD;
sandbox: CleanUpAfterTestRun complete.</StdOut>
      </Output>
    </UnitTestResult>
    <UnitTestResult executionId="d8215e51-e46c-4f69-bd50-a9aa6e288201" testId="ca027b98-1c81-7fa2-d0a0-e5fb7f924aad" testName="CanSaveDuplicateTeamsInformationAndProceedToHomeScreen(&quot;short team code&quot;,&quot;s11&quot;,null)" computerName="EC2AMAZ-JEOO151" duration="00:00:04.5170000" startTime="2019-07-11T17:39:45.0000000+00:00" endTime="2019-07-11T17:39:49.0000000+00:00" testType="13cdc9d9-ddb5-4fa4-a97d-d965ccfc6d4b" outcome="Passed" testListId="8c84fa94-04c1-424b-9868-57a2d4851a1d" relativeResultsDirectory="d8215e51-e46c-4f69-bd50-a9aa6e288201">
      <Output>
        <StdOut>sandbox: PrepareForTestRun started.&#xD;
sandbox: football liveStatsApp != null: True &#xD;
sandbox: football liveStatsApp.IsProcessRunning: True &#xD;
sandbox: setupLocalData: localDatabaseProvider != null: True&#xD;
sandbox: applicationPages != null: True&#xD;
sandbox: applicationPages.Webdriver != null: True&#xD;
sandbox: finished setuping local data&#xD;
sandbox: PrepareForTestRun complete.&#xD;
Given Teams tab is opened&#xD;
-&gt; done: TeamDetailsTabSteps.WhenTeamsTabIsOpened() (1.4s)&#xD;
When Team 1 field short team code is populated with s11&#xD;
-&gt; done: TeamDetailsTabSteps.WhenTeamNameIsPopulatedWithName(1, "short team code", "s11") (0.3s)&#xD;
And Team 2 field short team code is populated with s11&#xD;
-&gt; done: TeamDetailsTabSteps.WhenTeamNameIsPopulatedWithName(2, "short team code", "s11") (0.1s)&#xD;
And unfilled mandatory values are supplied for team 1&#xD;
-&gt; done: TeamDetailsTabSteps.WhenUnfilledMandatoryValuesAreSuppliedForTeam(1) (0.4s)&#xD;
And unfilled mandatory values are supplied for team 2&#xD;
-&gt; done: TeamDetailsTabSteps.WhenUnfilledMandatoryValuesAreSuppliedForTeam(2) (0.4s)&#xD;
When I Click "Discard &amp; Close" button&#xD;
-&gt; done: DiscardAndCloseGameSteps.WhenIClickDiscardAndCloseButton() (0.1s)&#xD;
And I Click "Save" button in dialog&#xD;
-&gt; done: DiscardAndCloseGameSteps.WhenIClickSaveButton() (0.1s)&#xD;
Then Home screen appears&#xD;
-&gt; done: DiscardAndCloseGameSteps.ThenHomeScreenAppears() (0.1s)&#xD;
sandbox: CleanUpAfterTestRun started.&#xD;
sandbox: application pages != null: True&#xD;
sandbox: web driver!= null: True&#xD;
Given action failed. Retrying after a timeout. Most likely UI was not fast enough to refresh itself.&#xD;
sandbox: CleanUpAfterTestRun complete.</StdOut>
      </Output>
    </UnitTestResult>
    <UnitTestResult executionId="403a24c7-9ccc-4cce-a5ff-db7ef61f6954" testId="2856bc4f-fb68-a4c0-503f-93cbc2924598" testName="CancelPenaltyGoalWorkflow(&quot;1&quot;,&quot;2&quot;,&quot;90&quot;,&quot;50&quot;,&quot;5&quot;,&quot;16&quot;,null)" computerName="EC2AMAZ-JEOO151" duration="00:00:18.4670000" startTime="2019-07-11T19:00:39.0000000+00:00" endTime="2019-07-11T19:00:57.0000000+00:00" testType="13cdc9d9-ddb5-4fa4-a97d-d965ccfc6d4b" outcome="Passed" testListId="8c84fa94-04c1-424b-9868-57a2d4851a1d" relativeResultsDirectory="403a24c7-9ccc-4cce-a5ff-db7ef61f6954">
      <Output>
        <StdOut>sandbox: PrepareForTestRun started.&#xD;
sandbox: football liveStatsApp != null: True &#xD;
sandbox: football liveStatsApp.IsProcessRunning: True &#xD;
sandbox: setupLocalData: localDatabaseProvider != null: True&#xD;
sandbox: applicationPages != null: True&#xD;
sandbox: applicationPages.Webdriver != null: True&#xD;
sandbox: finished setuping local data&#xD;
sandbox: PrepareForTestRun complete.&#xD;
Given Match started with kick off from existing game&#xD;
-&gt; done: SetupGameSteps.GivenMatchStartedWithKickOffButtonFromExistingGame() (3.2s)&#xD;
When I click "Possible Penalty" button for team 1&#xD;
Given action failed. Retrying after a timeout.&#xD;
-&gt; done: TeamActionButtonSteps.GivenIClickPossiblePenaltyButtonForTeam(1) (0.8s)&#xD;
And I confirm penalty by clicking "Confirm" button&#xD;
-&gt; done: PenaltySteps.WhenIConfirmPenaltyByClickingButton() (2.2s)&#xD;
And I click on pitch x 90 and y 50&#xD;
Failed to find element with query '[data-qa='activePitchOverlay']'. Web driver timeout exception.&#xD;
Given action failed. Retrying after a timeout.&#xD;
Failed to find element with query '[data-qa='activePitchOverlay']'. Web driver timeout exception.&#xD;
-&gt; done: PitchScreenSteps.WhenIClickOnPitch(90, 50) (4.5s)&#xD;
And I click "Foul" reason button&#xD;
-&gt; done: CardSteps.WhenIClickReasonButton("Foul") (0.2s)&#xD;
And I click on team 2 player on pitch with shirt number 5&#xD;
-&gt; done: PitchPlayersComponentSteps.WhenIClickOnTeamPlayerOnPitchWithShirtNumber(2, 5) (0.3s)&#xD;
And I click on team 1 player on pitch with shirt number 16&#xD;
-&gt; done: PitchPlayersComponentSteps.WhenIClickOnTeamPlayerOnPitchWithShirtNumber(1, 16) (0.4s)&#xD;
And I click "Penalty Goal" Button&#xD;
-&gt; done: PenaltySteps.WhenIClickPenaltyGoalButton() (0.2s)&#xD;
And I confirm penalty goal by clicking on "Confirm" button&#xD;
-&gt; done: GoalSteps.WhenIConfirmGoalByClickingOnButton() (2.4s)&#xD;
And I cancel action workflow by clicking "Cancel &amp; Delete" button&#xD;
-&gt; done: WorkflowSteps.WhenICancelActionWorkflowByClickingButton() (0.4s)&#xD;
Then Score is 0 for team 1&#xD;
-&gt; done: ScoreBoardSteps.ThenScoreIsForTeam(0, 1) (0.1s)&#xD;
And Score is 0 for team 2&#xD;
-&gt; done: ScoreBoardSteps.ThenScoreIsForTeam(0, 2) (0.1s)&#xD;
And Action Buttons are enabled&#xD;
-&gt; done: TeamActionButtonSteps.ThenActionButtonsAreEnabled() (0.7s)&#xD;
And Player on pitch with shirt number 16 of team 1 do not have goal icon&#xD;
Failed to find data-qa element with tag 'playerGoals'. No such element exception.&#xD;
-&gt; done: PitchPlayersComponentSteps.ThenPlayerOnPitchWithShirtNumberOfTeamDoNotHaveGoalIcon(16, 1) (2.2s)&#xD;
sandbox: CleanUpAfterTestRun started.&#xD;
sandbox: application pages != null: True&#xD;
sandbox: web driver!= null: True&#xD;
sandbox: CleanUpAfterTestRun complete.</StdOut>
      </Output>
    </UnitTestResult>
    <UnitTestResult executionId="a2a12053-ae31-44f8-a150-2bb41ce4547d" testId="ac336e1a-7108-5892-b2db-91d216bb6536" testName="VarAvailableAfterCardSelection(&quot;2&quot;,&quot;Red&quot;,null)" computerName="EC2AMAZ-JEOO151" duration="00:00:04.8500000" startTime="2019-07-11T19:54:48.0000000+00:00" endTime="2019-07-11T19:54:53.0000000+00:00" testType="13cdc9d9-ddb5-4fa4-a97d-d965ccfc6d4b" outcome="Passed" testListId="8c84fa94-04c1-424b-9868-57a2d4851a1d" relativeResultsDirectory="a2a12053-ae31-44f8-a150-2bb41ce4547d">
      <Output>
        <StdOut>sandbox: PrepareForTestRun started.&#xD;
sandbox: football liveStatsApp != null: True &#xD;
sandbox: football liveStatsApp.IsProcessRunning: True &#xD;
sandbox: setupLocalData: localDatabaseProvider != null: True&#xD;
sandbox: applicationPages != null: True&#xD;
sandbox: applicationPages.Webdriver != null: True&#xD;
sandbox: finished setuping local data&#xD;
sandbox: PrepareForTestRun complete.&#xD;
Given Match started with kick off from existing game&#xD;
-&gt; done: SetupGameSteps.GivenMatchStartedWithKickOffButtonFromExistingGame() (3.2s)&#xD;
When I click on team 2 possible "Red"&#xD;
Given action failed. Retrying after a timeout.&#xD;
-&gt; done: TeamActionButtonSteps.StartPossibleCardRegistration(2, Red) (0.8s)&#xD;
Then "Possible VAR" button is visible in action registration workflow&#xD;
-&gt; done: WorkflowSteps.ThenButtonIsVisible() (0.0s)&#xD;
sandbox: CleanUpAfterTestRun started.&#xD;
sandbox: application pages != null: True&#xD;
sandbox: web driver!= null: True&#xD;
sandbox: CleanUpAfterTestRun complete.</StdOut>
      </Output>
    </UnitTestResult>
    <UnitTestResult executionId="31a55b1d-5a6f-4f69-ae55-5523a2a730ca" testId="86ea8378-fc01-0bdc-56eb-dc7e97e055fc" testName="ShotWorkflowCanBeStartedDuringAnyFreeKickWorkflowStep(&quot;location&quot;,&quot;1&quot;,null)" computerName="EC2AMAZ-JEOO151" duration="00:00:05.0540000" startTime="2019-07-11T19:26:31.0000000+00:00" endTime="2019-07-11T19:26:36.0000000+00:00" testType="13cdc9d9-ddb5-4fa4-a97d-d965ccfc6d4b" outcome="Passed" testListId="8c84fa94-04c1-424b-9868-57a2d4851a1d" relativeResultsDirectory="31a55b1d-5a6f-4f69-ae55-5523a2a730ca">
      <Output>
        <StdOut>sandbox: PrepareForTestRun started.&#xD;
sandbox: football liveStatsApp != null: True &#xD;
sandbox: football liveStatsApp.IsProcessRunning: True &#xD;
sandbox: setupLocalData: localDatabaseProvider != null: True&#xD;
sandbox: applicationPages != null: True&#xD;
sandbox: applicationPages.Webdriver != null: True&#xD;
sandbox: finished setuping local data&#xD;
sandbox: PrepareForTestRun complete.&#xD;
Given Match started with kick off from existing game&#xD;
-&gt; done: SetupGameSteps.GivenMatchStartedWithKickOffButtonFromExistingGame() (3.3s)&#xD;
Given Free kick for team "1" workflow entered till location selection&#xD;
Given action failed. Retrying after a timeout.&#xD;
-&gt; done: FreeKickSteps.GivenFreeKickForTeamAndWorkflowEnteredTillLocationSelection(1) (0.8s)&#xD;
Then Can register shot for team "1" but not for other&#xD;
-&gt; done: ShotRegistrationSteps.ThenCanRegisterShotForTeamButNotForOther(1) (0.1s)&#xD;
sandbox: CleanUpAfterTestRun started.&#xD;
sandbox: application pages != null: True&#xD;
sandbox: web driver!= null: True&#xD;
sandbox: CleanUpAfterTestRun complete.</StdOut>
      </Output>
    </UnitTestResult>
    <UnitTestResult executionId="df78fe68-97d7-4aaf-a7b6-92a7cc5d9cf3" testId="b59e576a-0116-63e6-f879-38431e482fbf" testName="FreeKickActionFlagCanBeReviewedInActionEditScreen" computerName="EC2AMAZ-JEOO151" duration="00:00:06.4840000" startTime="2019-07-11T19:41:30.0000000+00:00" endTime="2019-07-11T19:41:36.0000000+00:00" testType="13cdc9d9-ddb5-4fa4-a97d-d965ccfc6d4b" outcome="Passed" testListId="8c84fa94-04c1-424b-9868-57a2d4851a1d" relativeResultsDirectory="df78fe68-97d7-4aaf-a7b6-92a7cc5d9cf3">
      <Output>
        <StdOut>sandbox: PrepareForTestRun started.&#xD;
sandbox: football liveStatsApp != null: True &#xD;
sandbox: football liveStatsApp.IsProcessRunning: True &#xD;
sandbox: setupLocalData: localDatabaseProvider != null: True&#xD;
sandbox: applicationPages != null: True&#xD;
sandbox: applicationPages.Webdriver != null: True&#xD;
sandbox: finished setuping local data&#xD;
sandbox: PrepareForTestRun complete.&#xD;
Given Match started with kick off from existing game&#xD;
-&gt; done: SetupGameSteps.GivenMatchStartedWithKickOffButtonFromExistingGame() (3.2s)&#xD;
Given Freekick for Team 1 is registered&#xD;
-&gt; done: FreeKickSteps.GivenFreekickForTeamIsRegistered(1) (1.5s)&#xD;
When I click on latest "FreeKick" event in action log&#xD;
-&gt; done: ActionLogSteps.GivenIClickOnLatestEventInActionLog(FreeKick) (0.2s)&#xD;
And I click Flag &amp; Save button in action edit form&#xD;
-&gt; done: EditFormSteps.ClickFlagAndSaveInActionEditForm() (0.4s)&#xD;
And I click on latest "FreeKick" event in action log&#xD;
-&gt; done: ActionLogSteps.GivenIClickOnLatestEventInActionLog(FreeKick) (0.1s)&#xD;
And I click review flags button in game action edit window&#xD;
-&gt; done: EditFormSteps.WhenIClickReviewFlagsButtonInGameActionEditWindow() (0.1s)&#xD;
Then Review action flags dialog opens&#xD;
-&gt; done: EditFormSteps.ThenReviewActionFlagsDialogOpens() (0.0s)&#xD;
And "This item was flagged by the User." is visible in review action flags dialog&#xD;
-&gt; done: EditWindowFlagsDropDownSteps.ThenIsVisibleInReviewActionFlagsDialog("This item was fla...") (0.0s)&#xD;
sandbox: CleanUpAfterTestRun started.&#xD;
sandbox: application pages != null: True&#xD;
sandbox: web driver!= null: True&#xD;
sandbox: CleanUpAfterTestRun complete.</StdOut>
      </Output>
    </UnitTestResult>
    <UnitTestResult executionId="ba8c45f3-8dbe-4434-b79b-ecb13b641220" testId="cbd1e7fd-5dbf-bad2-6fb6-d3dacfbd496e" testName="GivenGameInProgressWithActiveAssCouch_WhenDeactivatingAssCouchWithNoData_ThenAssCouchDeactivated" computerName="EC2AMAZ-JEOO151" duration="00:00:05.7840000" startTime="2019-07-11T20:06:47.0000000+00:00" endTime="2019-07-11T20:06:53.0000000+00:00" testType="13cdc9d9-ddb5-4fa4-a97d-d965ccfc6d4b" outcome="Passed" testListId="8c84fa94-04c1-424b-9868-57a2d4851a1d" relativeResultsDirectory="ba8c45f3-8dbe-4434-b79b-ecb13b641220">
      <Output>
        <StdOut>sandbox: PrepareForTestRun started.&#xD;
sandbox: football liveStatsApp != null: True &#xD;
sandbox: football liveStatsApp.IsProcessRunning: True &#xD;
sandbox: setupLocalData: localDatabaseProvider != null: True&#xD;
sandbox: applicationPages != null: True&#xD;
sandbox: applicationPages.Webdriver != null: True&#xD;
sandbox: finished setuping local data&#xD;
sandbox: PrepareForTestRun complete.&#xD;
sandbox: CleanUpAfterTestRun started.&#xD;
sandbox: application pages != null: True&#xD;
sandbox: web driver!= null: True&#xD;
sandbox: CleanUpAfterTestRun complete.</StdOut>
      </Output>
    </UnitTestResult>
    <UnitTestResult executionId="d72d8bb6-f646-4a7e-962a-438ae0ff9370" testId="651e472b-f2e8-6e20-2f5b-de1e6c174caf" testName="GivenGameInProgress_WhenEditingGameInformationOfficials_ThenOfficialsAreUpdated" computerName="EC2AMAZ-JEOO151" duration="00:00:12.9180000" startTime="2019-07-11T20:04:31.0000000+00:00" endTime="2019-07-11T20:04:44.0000000+00:00" testType="13cdc9d9-ddb5-4fa4-a97d-d965ccfc6d4b" outcome="Passed" testListId="8c84fa94-04c1-424b-9868-57a2d4851a1d" relativeResultsDirectory="d72d8bb6-f646-4a7e-962a-438ae0ff9370">
      <Output>
        <StdOut>sandbox: PrepareForTestRun started.&#xD;
sandbox: football liveStatsApp != null: True &#xD;
sandbox: football liveStatsApp.IsProcessRunning: True &#xD;
sandbox: setupLocalData: localDatabaseProvider != null: True&#xD;
sandbox: applicationPages != null: True&#xD;
sandbox: applicationPages.Webdriver != null: True&#xD;
sandbox: finished setuping local data&#xD;
sandbox: PrepareForTestRun complete.&#xD;
sandbox: CleanUpAfterTestRun started.&#xD;
sandbox: application pages != null: True&#xD;
sandbox: web driver!= null: True&#xD;
sandbox: CleanUpAfterTestRun complete.</StdOut>
      </Output>
    </UnitTestResult>
    <UnitTestResult executionId="7c4347c0-95f2-40d4-b789-20f7dc85e0ea" testId="0a8cf91f-048e-60e2-3715-ba72c6a21375" testName="GivenGameInProgress_WhenChangingPlayersInFormationFromBench_ThenFormationsAreUpdated" computerName="EC2AMAZ-JEOO151" duration="00:00:06.8840000" startTime="2019-07-11T20:03:31.0000000+00:00" endTime="2019-07-11T20:03:38.0000000+00:00" testType="13cdc9d9-ddb5-4fa4-a97d-d965ccfc6d4b" outcome="Passed" testListId="8c84fa94-04c1-424b-9868-57a2d4851a1d" relativeResultsDirectory="7c4347c0-95f2-40d4-b789-20f7dc85e0ea">
      <Output>
        <StdOut>sandbox: PrepareForTestRun started.&#xD;
sandbox: football liveStatsApp != null: True &#xD;
sandbox: football liveStatsApp.IsProcessRunning: True &#xD;
sandbox: setupLocalData: localDatabaseProvider != null: True&#xD;
sandbox: applicationPages != null: True&#xD;
sandbox: applicationPages.Webdriver != null: True&#xD;
sandbox: finished setuping local data&#xD;
sandbox: PrepareForTestRun complete.&#xD;
sandbox: CleanUpAfterTestRun started.&#xD;
sandbox: application pages != null: True&#xD;
sandbox: web driver!= null: True&#xD;
sandbox: CleanUpAfterTestRun complete.</StdOut>
      </Output>
    </UnitTestResult>
    <UnitTestResult executionId="984c1574-0147-4605-ae40-bd6f69279bb0" testId="7f869b4b-a93a-b358-dfb0-0f05af5a77e8" testName="GivenManualGameStarted_WhenClosingWithDiscardAndClose_ThenConfirmationPrompted" computerName="EC2AMAZ-JEOO151" duration="00:00:04.2100000" startTime="2019-07-11T20:02:48.0000000+00:00" endTime="2019-07-11T20:02:52.0000000+00:00" testType="13cdc9d9-ddb5-4fa4-a97d-d965ccfc6d4b" outcome="Passed" testListId="8c84fa94-04c1-424b-9868-57a2d4851a1d" relativeResultsDirectory="984c1574-0147-4605-ae40-bd6f69279bb0">
      <Output>
        <StdOut>sandbox: PrepareForTestRun started.&#xD;
sandbox: football liveStatsApp != null: True &#xD;
sandbox: football liveStatsApp.IsProcessRunning: True &#xD;
sandbox: setupLocalData: localDatabaseProvider != null: True&#xD;
sandbox: applicationPages != null: True&#xD;
sandbox: applicationPages.Webdriver != null: True&#xD;
sandbox: finished setuping local data&#xD;
sandbox: PrepareForTestRun complete.&#xD;
sandbox: CleanUpAfterTestRun started.&#xD;
sandbox: application pages != null: True&#xD;
sandbox: web driver!= null: True&#xD;
Given action failed. Retrying after a timeout. Most likely UI was not fast enough to refresh itself.&#xD;
sandbox: CleanUpAfterTestRun complete.</StdOut>
      </Output>
    </UnitTestResult>
    <UnitTestResult executionId="105516af-b3e5-4abc-be8c-a52c180227d3" testId="1d7d5082-7cb0-60d7-a394-8a458d0bc21d" testName="GivenGoalRecorded_WithEditingSelectingAssists_ThenCanSelectNoMoreThanOneAssist" computerName="EC2AMAZ-JEOO151" duration="00:00:09.2990000" startTime="2019-07-11T20:31:00.0000000+00:00" endTime="2019-07-11T20:31:09.0000000+00:00" testType="13cdc9d9-ddb5-4fa4-a97d-d965ccfc6d4b" outcome="Passed" testListId="8c84fa94-04c1-424b-9868-57a2d4851a1d" relativeResultsDirectory="105516af-b3e5-4abc-be8c-a52c180227d3">
      <Output>
        <StdOut>sandbox: PrepareForTestRun started.&#xD;
sandbox: football liveStatsApp != null: True &#xD;
sandbox: football liveStatsApp.IsProcessRunning: True &#xD;
sandbox: setupLocalData: localDatabaseProvider != null: True&#xD;
sandbox: applicationPages != null: True&#xD;
sandbox: applicationPages.Webdriver != null: True&#xD;
sandbox: finished setuping local data&#xD;
sandbox: PrepareForTestRun complete.&#xD;
Given action failed. Retrying after a timeout.&#xD;
sandbox: CleanUpAfterTestRun started.&#xD;
sandbox: application pages != null: True&#xD;
sandbox: web driver!= null: True&#xD;
sandbox: CleanUpAfterTestRun complete.</StdOut>
      </Output>
    </UnitTestResult>
    <UnitTestResult executionId="fa78548c-950a-4d4f-9788-fbd70ac3bde2" testId="0737b253-ca9b-eb9c-ae39-f7da15f04f1c" testName="TeamTitlesShouldContainTeamNamesAsEnteredInTeamsTab" computerName="EC2AMAZ-JEOO151" duration="00:00:05.4020000" startTime="2019-07-11T17:38:50.0000000+00:00" endTime="2019-07-11T17:38:55.0000000+00:00" testType="13cdc9d9-ddb5-4fa4-a97d-d965ccfc6d4b" outcome="Passed" testListId="8c84fa94-04c1-424b-9868-57a2d4851a1d" relativeResultsDirectory="fa78548c-950a-4d4f-9788-fbd70ac3bde2">
      <Output>
        <StdOut>sandbox: PrepareForTestRun started.&#xD;
sandbox: football liveStatsApp != null: True &#xD;
sandbox: football liveStatsApp.IsProcessRunning: True &#xD;
sandbox: setupLocalData: localDatabaseProvider != null: True&#xD;
sandbox: applicationPages != null: True&#xD;
sandbox: applicationPages.Webdriver != null: True&#xD;
sandbox: finished setuping local data&#xD;
sandbox: PrepareForTestRun complete.&#xD;
Given I am in players tab&#xD;
-&gt; done: PlayersTabSteps.GivenIAmInPlayersTab() (3.1s)&#xD;
When I click on teams tab&#xD;
-&gt; done: PlayersTabSteps.WhenIClickOnTeamsTab() (0.1s)&#xD;
And Change name of team 1 to "Team1Name"&#xD;
-&gt; done: PlayersTabSteps.WhenChangeNameOfTeamTo(1, "Team1Name") (0.2s)&#xD;
And Change name of team 2 to "Team2Name"&#xD;
-&gt; done: PlayersTabSteps.WhenChangeNameOfTeamTo(2, "Team2Name") (0.2s)&#xD;
And I click Save &amp; Next button&#xD;
-&gt; done: GameSetupSteps.WhenIClickSaveNextButton() (0.1s)&#xD;
Then team 1 title contains "TEAM1NAME"&#xD;
-&gt; done: PlayersTabSteps.ThenTeamTitleIsDisplayed(1, "TEAM1NAME") (0.3s)&#xD;
And team 2 title contains "TEAM2NAME"&#xD;
-&gt; done: PlayersTabSteps.ThenTeamTitleIsDisplayed(2, "TEAM2NAME") (0.0s)&#xD;
sandbox: CleanUpAfterTestRun started.&#xD;
sandbox: application pages != null: True&#xD;
sandbox: web driver!= null: True&#xD;
Given action failed. Retrying after a timeout. Most likely UI was not fast enough to refresh itself.&#xD;
sandbox: CleanUpAfterTestRun complete.</StdOut>
      </Output>
    </UnitTestResult>
    <UnitTestResult executionId="26a76909-4eae-4f03-a924-d1411f355b65" testId="abec8062-9286-fdc1-b017-60b465879c9a" testName="GivenActionRegistered_WhenDeletingFromExpandedActionLog_ThenDeletedInExpanded(Booking)" computerName="EC2AMAZ-JEOO151" duration="00:00:10.6200000" startTime="2019-07-11T20:16:16.0000000+00:00" endTime="2019-07-11T20:16:27.0000000+00:00" testType="13cdc9d9-ddb5-4fa4-a97d-d965ccfc6d4b" outcome="Passed" testListId="8c84fa94-04c1-424b-9868-57a2d4851a1d" relativeResultsDirectory="26a76909-4eae-4f03-a924-d1411f355b65">
      <Output>
        <StdOut>sandbox: PrepareForTestRun started.&#xD;
sandbox: football liveStatsApp != null: True &#xD;
sandbox: football liveStatsApp.IsProcessRunning: True &#xD;
sandbox: setupLocalData: localDatabaseProvider != null: True&#xD;
sandbox: applicationPages != null: True&#xD;
sandbox: applicationPages.Webdriver != null: True&#xD;
sandbox: finished setuping local data&#xD;
sandbox: PrepareForTestRun complete.&#xD;
Given action failed. Retrying after a timeout.&#xD;
sandbox: CleanUpAfterTestRun started.&#xD;
sandbox: application pages != null: True&#xD;
sandbox: web driver!= null: True&#xD;
sandbox: CleanUpAfterTestRun complete.</StdOut>
      </Output>
    </UnitTestResult>
    <UnitTestResult executionId="58bd9ad5-b4fb-4c37-99de-5aa8cc8bde44" testId="ba23ddbe-d58a-c082-2960-d651cb87094c" testName="InsertGoalPenaltyWithOffenceReasonAfterOrBeforeLastEvent(&quot;before&quot;,&quot;2&quot;,&quot;1&quot;,&quot;0025&quot;,&quot;0026&quot;,&quot;00:25&quot;,&quot;00:26&quot;,&quot;0 - 1&quot;,&quot;3&quot;,&quot;2&quot;,&quot;4&quot;,null)" computerName="EC2AMAZ-JEOO151" duration="00:00:15.8500000" startTime="2019-07-11T18:32:52.0000000+00:00" endTime="2019-07-11T18:33:08.0000000+00:00" testType="13cdc9d9-ddb5-4fa4-a97d-d965ccfc6d4b" outcome="Passed" testListId="8c84fa94-04c1-424b-9868-57a2d4851a1d" relativeResultsDirectory="58bd9ad5-b4fb-4c37-99de-5aa8cc8bde44">
      <Output>
        <StdOut>sandbox: PrepareForTestRun started.&#xD;
sandbox: football liveStatsApp != null: True &#xD;
sandbox: football liveStatsApp.IsProcessRunning: True &#xD;
sandbox: setupLocalData: localDatabaseProvider != null: True&#xD;
sandbox: applicationPages != null: True&#xD;
sandbox: applicationPages.Webdriver != null: True&#xD;
sandbox: finished setuping local data&#xD;
sandbox: PrepareForTestRun complete.&#xD;
Given Match started with kick off from existing game&#xD;
-&gt; done: SetupGameSteps.GivenMatchStartedWithKickOffButtonFromExistingGame() (3.3s)&#xD;
And Throw in added for Team 1&#xD;
-&gt; done: ThrowInEditSteps.GivenThrowInAddedForTeam(1) (0.9s)&#xD;
And I clicked on latest "ThrowIn" event in action log&#xD;
-&gt; done: ActionLogSteps.GivenIClickOnLatestEventInActionLog(ThrowIn) (0.2s)&#xD;
And I entered new conceded event time of "0030"&#xD;
-&gt; done: EditFormSteps.GivenIEnterNewConcededEventTimeOf("0030") (1.0s)&#xD;
And I clicked Save button in action edit form&#xD;
-&gt; done: EditFormSteps.ClickSaveButtonInActionEditForm() (0.6s)&#xD;
And I remembered current players on pitch shirt numbers&#xD;
-&gt; done: GoalEditSteps.GivenIRememberCurrentPlayersOnPitch() (1.2s)&#xD;
When I click Expand Action log button&#xD;
-&gt; done: ActionLogSteps.WhenIClickExpandActionLogButton() (0.1s)&#xD;
And I insert "Penalty" before last action in expanded action log&#xD;
-&gt; done: ExpandedActionLogSteps.WhenIInsertPenaltyBeforeLastActionInExpandedActionLog(Penalty) (0.4s)&#xD;
And I enter "0025" as conceded and "0026" as taken time&#xD;
-&gt; done: EditFormSteps.WhenIEnterAsConcededAndAsTakenTime("0025", "0026") (2.0s)&#xD;
And I set penalty retake count to 1 in penalty edit&#xD;
-&gt; done: PenaltyEditSteps.WhenISetRetakeCountTo(1) (0.1s)&#xD;
And I choose player with number 6 from team 2 as penalty taker&#xD;
-&gt; done: PenaltyShootoutEditSteps.WhenIChoosePlayerWithNumberFromTeamAsPenaltyTaker(6, 2) (0.5s)&#xD;
And I choose player with number 4 for offence reason&#xD;
-&gt; done: PenaltyEditSteps.WhenIChoosePlayerWithNumberForOffenceReason(4) (0.5s)&#xD;
And I click on goal result in penalty edit&#xD;
-&gt; done: PenaltyEditSteps.WhenIClickOnGoalPenaltyResult() (0.1s)&#xD;
And I add pitch location&#xD;
-&gt; done: MiniPitchEditPageElementSteps.WhenIAddPitchLocation() (0.3s)&#xD;
And I add "top right" shot location in net section&#xD;
-&gt; done: PenaltyShootoutEditSteps.WhenIAddShotLocationInNetSection("top right") (0.3s)&#xD;
And I click Save button in action edit form&#xD;
-&gt; done: EditFormSteps.ClickSaveButtonInActionEditForm() (0.6s)&#xD;
Then penalty insert view is not visible&#xD;
Failed to find element with query '[data-qa='penaltyEditScreen']'. Web driver timeout exception.&#xD;
-&gt; done: PenaltyEditSteps.ThenPenaltyShootoutKickInsertViewIsNotVisible() (2.0s)&#xD;
And "Penalty Goal" Action is displayed at 2 in expanded action log&#xD;
-&gt; done: ExpandedActionLogSteps.ThenGoalActionIsDisplayedAtInExpandedActionLog("Penalty Goal", 2) (0.1s)&#xD;
And at 2 position action time is "00:26" in "H1" half&#xD;
-&gt; done: ExpandedActionLogSteps.ThenAtPositionActionTimeIsInHalf(2, "00:26", "H1") (0.1s)&#xD;
And at 2 position action has no qualifiers&#xD;
-&gt; done: ExpandedActionLogSteps.ThenAtPositionActionHasNoQualifiers(2) (0.1s)&#xD;
And at 2 position action displays player with number 6 from team 2&#xD;
-&gt; done: ExpandedActionLogSteps.ThenActionAtPositionPlayerIsDisplayedAs(2, 6, 2) (0.1s)&#xD;
And Action at position 2 score is displayed as "0 - 1"&#xD;
-&gt; done: ExpandedActionLogSteps.ThenActionAtPositionScoreIsDisplayedAs(2, "0 - 1") (0.0s)&#xD;
And "Penalty" Action is displayed at 3 in expanded action log&#xD;
-&gt; done: ExpandedActionLogSteps.ThenGoalActionIsDisplayedAtInExpandedActionLog("Penalty", 3) (0.0s)&#xD;
And at 3 position action time is "00:25" in "H1" half&#xD;
-&gt; done: ExpandedActionLogSteps.ThenAtPositionActionTimeIsInHalf(3, "00:25", "H1") (0.1s)&#xD;
And at 3 position action has no qualifiers&#xD;
-&gt; done: ExpandedActionLogSteps.ThenAtPositionActionHasNoQualifiers(3) (0.1s)&#xD;
And at 3 position action displays player with number 6 from team 2&#xD;
-&gt; done: ExpandedActionLogSteps.ThenActionAtPositionPlayerIsDisplayedAs(3, 6, 2) (0.1s)&#xD;
And Action at position 3 do not have score&#xD;
-&gt; done: ExpandedActionLogSteps.ThenActionAtPositionDoNotHaveScore(3) (0.0s)&#xD;
And "Offence" Action is displayed at 4 in expanded action log&#xD;
-&gt; done: ExpandedActionLogSteps.ThenGoalActionIsDisplayedAtInExpandedActionLog("Offence", 4) (0.0s)&#xD;
And at 4 position action time is "00:25" in "H1" half&#xD;
-&gt; done: ExpandedActionLogSteps.ThenAtPositionActionTimeIsInHalf(4, "00:25", "H1") (0.1s)&#xD;
And at 4 position action has no qualifiers&#xD;
-&gt; done: ExpandedActionLogSteps.ThenAtPositionActionHasNoQualifiers(4) (0.1s)&#xD;
And at 4 position action displays player with number 4 from team 1&#xD;
-&gt; done: ExpandedActionLogSteps.ThenActionAtPositionPlayerIsDisplayedAs(4, 4, 1) (0.1s)&#xD;
And Action at position 4 do not have score&#xD;
-&gt; done: ExpandedActionLogSteps.ThenActionAtPositionDoNotHaveScore(4) (0.1s)&#xD;
sandbox: CleanUpAfterTestRun started.&#xD;
sandbox: application pages != null: True&#xD;
sandbox: web driver!= null: True&#xD;
sandbox: CleanUpAfterTestRun complete.</StdOut>
      </Output>
    </UnitTestResult>
    <UnitTestResult executionId="69e4ffdc-688c-4313-8711-650db8df8734" testId="431f9f04-5185-e697-d426-f34fd6435357" testName="GivenGameInProgress_WhenConfirmingCard_ThenCardIsRegisteredForPlayer(Yellow,2,5,Yellow,&quot;Yellow&quot;)" computerName="EC2AMAZ-JEOO151" duration="00:00:08.4010000" startTime="2019-07-11T20:56:00.0000000+00:00" endTime="2019-07-11T20:56:08.0000000+00:00" testType="13cdc9d9-ddb5-4fa4-a97d-d965ccfc6d4b" outcome="Passed" testListId="8c84fa94-04c1-424b-9868-57a2d4851a1d" relativeResultsDirectory="69e4ffdc-688c-4313-8711-650db8df8734">
      <Output>
        <StdOut>sandbox: PrepareForTestRun started.&#xD;
sandbox: football liveStatsApp != null: True &#xD;
sandbox: football liveStatsApp.IsProcessRunning: True &#xD;
sandbox: setupLocalData: localDatabaseProvider != null: True&#xD;
sandbox: applicationPages != null: True&#xD;
sandbox: applicationPages.Webdriver != null: True&#xD;
sandbox: finished setuping local data&#xD;
sandbox: PrepareForTestRun complete.&#xD;
Given action failed. Retrying after a timeout.&#xD;
sandbox: CleanUpAfterTestRun started.&#xD;
sandbox: application pages != null: True&#xD;
sandbox: web driver!= null: True&#xD;
sandbox: CleanUpAfterTestRun complete.</StdOut>
      </Output>
    </UnitTestResult>
    <UnitTestResult executionId="87839024-1ff2-4217-9bbc-2fc36d5cab15" testId="269a1108-5a5f-17df-157a-8c53ca134932" testName="EditCardWithVAROverturnedInCardFirstStep" computerName="EC2AMAZ-JEOO151" duration="00:00:07.0660000" startTime="2019-07-11T17:49:38.0000000+00:00" endTime="2019-07-11T17:49:45.0000000+00:00" testType="13cdc9d9-ddb5-4fa4-a97d-d965ccfc6d4b" outcome="Passed" testListId="8c84fa94-04c1-424b-9868-57a2d4851a1d" relativeResultsDirectory="87839024-1ff2-4217-9bbc-2fc36d5cab15">
      <Output>
        <StdOut>sandbox: PrepareForTestRun started.&#xD;
sandbox: football liveStatsApp != null: True &#xD;
sandbox: football liveStatsApp.IsProcessRunning: True &#xD;
sandbox: setupLocalData: localDatabaseProvider != null: True&#xD;
sandbox: applicationPages != null: True&#xD;
sandbox: applicationPages.Webdriver != null: True&#xD;
sandbox: finished setuping local data&#xD;
sandbox: PrepareForTestRun complete.&#xD;
Given Match started with kick off from existing game&#xD;
-&gt; done: SetupGameSteps.GivenMatchStartedWithKickOffButtonFromExistingGame() (3.3s)&#xD;
And I remembered current players on pitch shirt numbers&#xD;
-&gt; done: GoalEditSteps.GivenIRememberCurrentPlayersOnPitch() (1.6s)&#xD;
When I click on team 1 possible "Yellow"&#xD;
Given action failed. Retrying after a timeout.&#xD;
-&gt; done: TeamActionButtonSteps.StartPossibleCardRegistration(1, Yellow) (0.5s)&#xD;
And I click "Possible VAR" button in workflow&#xD;
-&gt; done: WorkflowSteps.WhenIClickPossibleVarButtonInWorkflow() (0.1s)&#xD;
And I click var confirmation "no" button&#xD;
-&gt; done: WorkflowSteps.WhenIClickVarConfirmationButton("no") (0.3s)&#xD;
And I click on 1 of type "Booking" event in action log&#xD;
-&gt; done: ActionLogSteps.GivenIClickOnLatestEventInActionLog(1, Booking) (0.3s)&#xD;
And I click Var "Stands" button&#xD;
-&gt; done: EditFormSteps.WhenIClickVarStandsButton() (0.1s)&#xD;
Then Save button is disabled in action edit form&#xD;
-&gt; done: EditFormSteps.SaveButtonIsDisabled() (0.0s)&#xD;
And Var outcome Overturned is not selected&#xD;
-&gt; done: EditFormSteps.ThenVarOutcomeOverturnedIsNotSelected() (0.0s)&#xD;
And Var outcome Stands is selected&#xD;
-&gt; done: EditFormSteps.ThenVarOutcomeStandsIsSelected() (0.0s)&#xD;
sandbox: CleanUpAfterTestRun started.&#xD;
sandbox: application pages != null: True&#xD;
sandbox: web driver!= null: True&#xD;
sandbox: CleanUpAfterTestRun complete.</StdOut>
      </Output>
    </UnitTestResult>
    <UnitTestResult executionId="a63c9168-a592-4bd1-8b22-9f797d81ebff" testId="e3dde6ab-3fc1-1f6f-8532-8782c43f19d1" testName="GivenSetupFinished_WhenGoingBackToKickOffTeamSelectionFromAttackDirection_ThenKickOffTeamSelectionIsPreselected(2)" computerName="EC2AMAZ-JEOO151" duration="00:00:11.6830000" startTime="2019-07-11T21:35:57.0000000+00:00" endTime="2019-07-11T21:36:09.0000000+00:00" testType="13cdc9d9-ddb5-4fa4-a97d-d965ccfc6d4b" outcome="Passed" testListId="8c84fa94-04c1-424b-9868-57a2d4851a1d" relativeResultsDirectory="a63c9168-a592-4bd1-8b22-9f797d81ebff">
      <Output>
        <StdOut>sandbox: PrepareForTestRun started.&#xD;
sandbox: football liveStatsApp != null: True &#xD;
sandbox: football liveStatsApp.IsProcessRunning: True &#xD;
sandbox: setupLocalData: localDatabaseProvider != null: True&#xD;
sandbox: applicationPages != null: True&#xD;
sandbox: applicationPages.Webdriver != null: True&#xD;
sandbox: finished setuping local data&#xD;
sandbox: PrepareForTestRun complete.&#xD;
Failed to find element with query '[data-qa='attackDirectionDialog']'. Web driver timeout exception.&#xD;
sandbox: CleanUpAfterTestRun started.&#xD;
sandbox: application pages != null: True&#xD;
sandbox: web driver!= null: True&#xD;
sandbox: CleanUpAfterTestRun complete.</StdOut>
      </Output>
    </UnitTestResult>
    <UnitTestResult executionId="436685de-50c8-4b1f-8f7e-1c731ae12446" testId="613fdecb-ff52-2265-5590-c2f1e56c5a93" testName="FlagsFreekickIfShotStartedFromMiddleOfFreekickWorkflow(&quot;location&quot;,&quot;2&quot;,null)" computerName="EC2AMAZ-JEOO151" duration="00:00:05.5170000" startTime="2019-07-11T19:25:45.0000000+00:00" endTime="2019-07-11T19:25:51.0000000+00:00" testType="13cdc9d9-ddb5-4fa4-a97d-d965ccfc6d4b" outcome="Passed" testListId="8c84fa94-04c1-424b-9868-57a2d4851a1d" relativeResultsDirectory="436685de-50c8-4b1f-8f7e-1c731ae12446">
      <Output>
        <StdOut>sandbox: PrepareForTestRun started.&#xD;
sandbox: football liveStatsApp != null: True &#xD;
sandbox: football liveStatsApp.IsProcessRunning: True &#xD;
sandbox: setupLocalData: localDatabaseProvider != null: True&#xD;
sandbox: applicationPages != null: True&#xD;
sandbox: applicationPages.Webdriver != null: True&#xD;
sandbox: finished setuping local data&#xD;
sandbox: PrepareForTestRun complete.&#xD;
Given Match started with kick off from existing game&#xD;
-&gt; done: SetupGameSteps.GivenMatchStartedWithKickOffButtonFromExistingGame() (3.3s)&#xD;
Given Free kick for team "2" workflow entered till location selection&#xD;
Given action failed. Retrying after a timeout.&#xD;
-&gt; done: FreeKickSteps.GivenFreeKickForTeamAndWorkflowEnteredTillLocationSelection(2) (0.9s)&#xD;
When I click "Shot" button for team 2&#xD;
Given action failed. Retrying after a timeout.&#xD;
-&gt; done: TeamActionButtonSteps.GivenIClickShotButtonForTeam(2) (0.4s)&#xD;
Then Latest action of type "FreeKick" is flagged&#xD;
-&gt; done: ActionLogSteps.ThenLatestEventInActionLogOfTypeIsFlagged(FreeKick) (0.0s)&#xD;
sandbox: CleanUpAfterTestRun started.&#xD;
sandbox: application pages != null: True&#xD;
sandbox: web driver!= null: True&#xD;
sandbox: CleanUpAfterTestRun complete.</StdOut>
      </Output>
    </UnitTestResult>
    <UnitTestResult executionId="b312d997-c8ce-4691-963e-4221c7364f9a" testId="ad1d5a1f-407c-9bc9-1b83-2085b9d8bc2d" testName="ThrowInActionCanBeUnflagged" computerName="EC2AMAZ-JEOO151" duration="00:00:06.4640000" startTime="2019-07-11T19:43:21.0000000+00:00" endTime="2019-07-11T19:43:27.0000000+00:00" testType="13cdc9d9-ddb5-4fa4-a97d-d965ccfc6d4b" outcome="Passed" testListId="8c84fa94-04c1-424b-9868-57a2d4851a1d" relativeResultsDirectory="b312d997-c8ce-4691-963e-4221c7364f9a">
      <Output>
        <StdOut>sandbox: PrepareForTestRun started.&#xD;
sandbox: football liveStatsApp != null: True &#xD;
sandbox: football liveStatsApp.IsProcessRunning: True &#xD;
sandbox: setupLocalData: localDatabaseProvider != null: True&#xD;
sandbox: applicationPages != null: True&#xD;
sandbox: applicationPages.Webdriver != null: True&#xD;
sandbox: finished setuping local data&#xD;
sandbox: PrepareForTestRun complete.&#xD;
Given Match started with kick off from existing game&#xD;
-&gt; done: SetupGameSteps.GivenMatchStartedWithKickOffButtonFromExistingGame() (3.3s)&#xD;
Given Throw in added for Team 1&#xD;
-&gt; done: ThrowInEditSteps.GivenThrowInAddedForTeam(1) (1.0s)&#xD;
When I click on latest "ThrowIn" event in action log&#xD;
-&gt; done: ActionLogSteps.GivenIClickOnLatestEventInActionLog(ThrowIn) (0.2s)&#xD;
And I click Flag &amp; Save button in action edit form&#xD;
-&gt; done: EditFormSteps.ClickFlagAndSaveInActionEditForm() (0.4s)&#xD;
And I click on latest "ThrowIn" event in action log&#xD;
-&gt; done: ActionLogSteps.GivenIClickOnLatestEventInActionLog(ThrowIn) (0.1s)&#xD;
And I click Save button in action edit form&#xD;
-&gt; done: EditFormSteps.ClickSaveButtonInActionEditForm() (0.6s)&#xD;
Then 1 event in action log of type "ThrowIn" is not flagged&#xD;
-&gt; done: ActionLogSteps.ThenEventInActionLogOfTypeIsNotFlagged(1, ThrowIn) (0.0s)&#xD;
sandbox: CleanUpAfterTestRun started.&#xD;
sandbox: application pages != null: True&#xD;
sandbox: web driver!= null: True&#xD;
sandbox: CleanUpAfterTestRun complete.</StdOut>
      </Output>
    </UnitTestResult>
    <UnitTestResult executionId="d3d19a51-9467-4d19-8994-44149341fd86" testId="cdd84f39-c6d5-16dd-8b97-f413a5f77aa4" testName="ShotHasSameTimeAsCornerTaken" computerName="EC2AMAZ-JEOO151" duration="00:00:08.5310000" startTime="2019-07-11T19:24:26.0000000+00:00" endTime="2019-07-11T19:24:34.0000000+00:00" testType="13cdc9d9-ddb5-4fa4-a97d-d965ccfc6d4b" outcome="Passed" testListId="8c84fa94-04c1-424b-9868-57a2d4851a1d" relativeResultsDirectory="d3d19a51-9467-4d19-8994-44149341fd86">
      <Output>
        <StdOut>sandbox: PrepareForTestRun started.&#xD;
sandbox: football liveStatsApp != null: True &#xD;
sandbox: football liveStatsApp.IsProcessRunning: True &#xD;
sandbox: setupLocalData: localDatabaseProvider != null: True&#xD;
sandbox: applicationPages != null: True&#xD;
sandbox: applicationPages.Webdriver != null: True&#xD;
sandbox: finished setuping local data&#xD;
sandbox: PrepareForTestRun complete.&#xD;
Given Match started with kick off from existing game&#xD;
-&gt; done: SetupGameSteps.GivenMatchStartedWithKickOffButtonFromExistingGame() (3.3s)&#xD;
Given Corner for team "1" workflow entered till taken selection&#xD;
-&gt; done: CornerSteps.GivenCornerForTeamAndWorkflowEnteredTillFoulBySelection(1) (3.1s)&#xD;
When I click "Shot" button for team 1&#xD;
Given action failed. Retrying after a timeout.&#xD;
-&gt; done: TeamActionButtonSteps.GivenIClickShotButtonForTeam(1) (0.4s)&#xD;
And I click on team 1 player on pitch with shirt number 13&#xD;
-&gt; done: PitchPlayersComponentSteps.WhenIClickOnTeamPlayerOnPitchWithShirtNumber(1, 13) (0.1s)&#xD;
And I click on pitch x 50 and y 50&#xD;
-&gt; done: PitchScreenSteps.WhenIClickOnPitch(50, 50) (0.2s)&#xD;
And I Click "Shot Blocked" button&#xD;
-&gt; done: ShotRegistrationSteps.WhenClickIShotBlockedButton() (0.1s)&#xD;
And I click on latest "Corner" event in action log&#xD;
-&gt; done: ActionLogSteps.GivenIClickOnLatestEventInActionLog(Corner) (0.4s)&#xD;
Then Shot time is same as corner taken time&#xD;
-&gt; done: RegistrationFromActionSteps.ThenShotTimeIsSameAsCornerTakenTime() (0.1s)&#xD;
sandbox: CleanUpAfterTestRun started.&#xD;
sandbox: application pages != null: True&#xD;
sandbox: web driver!= null: True&#xD;
sandbox: CleanUpAfterTestRun complete.</StdOut>
      </Output>
    </UnitTestResult>
    <UnitTestResult executionId="e757231f-4603-494e-a246-49cbba12eb52" testId="c69df7f8-4128-658f-60af-a8141484e82c" testName="StartShotFromFreeKickWorkflow(&quot;location&quot;,&quot;2&quot;,null)" computerName="EC2AMAZ-JEOO151" duration="00:00:05.6810000" startTime="2019-07-11T19:26:59.0000000+00:00" endTime="2019-07-11T19:27:05.0000000+00:00" testType="13cdc9d9-ddb5-4fa4-a97d-d965ccfc6d4b" outcome="Passed" testListId="8c84fa94-04c1-424b-9868-57a2d4851a1d" relativeResultsDirectory="e757231f-4603-494e-a246-49cbba12eb52">
      <Output>
        <StdOut>sandbox: PrepareForTestRun started.&#xD;
sandbox: football liveStatsApp != null: True &#xD;
sandbox: football liveStatsApp.IsProcessRunning: True &#xD;
sandbox: setupLocalData: localDatabaseProvider != null: True&#xD;
sandbox: applicationPages != null: True&#xD;
sandbox: applicationPages.Webdriver != null: True&#xD;
sandbox: finished setuping local data&#xD;
sandbox: PrepareForTestRun complete.&#xD;
Given Match started with kick off from existing game&#xD;
-&gt; done: SetupGameSteps.GivenMatchStartedWithKickOffButtonFromExistingGame() (3.2s)&#xD;
Given Free kick for team "2" workflow entered till location selection&#xD;
Given action failed. Retrying after a timeout.&#xD;
-&gt; done: FreeKickSteps.GivenFreeKickForTeamAndWorkflowEnteredTillLocationSelection(2) (0.8s)&#xD;
When I click "Shot" button for team 2&#xD;
Given action failed. Retrying after a timeout.&#xD;
-&gt; done: TeamActionButtonSteps.GivenIClickShotButtonForTeam(2) (0.4s)&#xD;
Then Latest freekick event is in progress&#xD;
-&gt; done: ActionLogSteps.ThenFreekickEventIsNotCompleted() (0.0s)&#xD;
And Latest free kick event is not active&#xD;
-&gt; done: ActionLogSteps.ThenFreeKickEventIsNotActive() (0.0s)&#xD;
And team 2 players are enabled&#xD;
-&gt; done: PitchPlayersComponentSteps.ThenTeamPlayersAreEnabled(2) (0.1s)&#xD;
And Workflow message is shown for "Shot" action&#xD;
-&gt; done: PitchBottomMessageBarSteps.ThenMessageContainsShown("Shot") (0.1s)&#xD;
And Notification "Select shot taker..." is shown&#xD;
-&gt; done: PitchBottomMessageBarSteps.ThenIsShown("Select shot taker...") (0.1s)&#xD;
sandbox: CleanUpAfterTestRun started.&#xD;
sandbox: application pages != null: True&#xD;
sandbox: web driver!= null: True&#xD;
sandbox: CleanUpAfterTestRun complete.</StdOut>
      </Output>
    </UnitTestResult>
    <UnitTestResult executionId="613971a8-57c2-408c-888f-d5d7810a19f2" testId="383c85b9-44d5-c875-43c8-d4faf3ae3f11" testName="GivenGameInProgress_WhenUpdatingFormations_ThenFormationsAreUpdated(&quot;4-4-2&quot;)" computerName="EC2AMAZ-JEOO151" duration="00:00:06.7980000" startTime="2019-07-11T20:05:21.0000000+00:00" endTime="2019-07-11T20:05:28.0000000+00:00" testType="13cdc9d9-ddb5-4fa4-a97d-d965ccfc6d4b" outcome="Passed" testListId="8c84fa94-04c1-424b-9868-57a2d4851a1d" relativeResultsDirectory="613971a8-57c2-408c-888f-d5d7810a19f2">
      <Output>
        <StdOut>sandbox: PrepareForTestRun started.&#xD;
sandbox: football liveStatsApp != null: True &#xD;
sandbox: football liveStatsApp.IsProcessRunning: True &#xD;
sandbox: setupLocalData: localDatabaseProvider != null: True&#xD;
sandbox: applicationPages != null: True&#xD;
sandbox: applicationPages.Webdriver != null: True&#xD;
sandbox: finished setuping local data&#xD;
sandbox: PrepareForTestRun complete.&#xD;
sandbox: CleanUpAfterTestRun started.&#xD;
sandbox: application pages != null: True&#xD;
sandbox: web driver!= null: True&#xD;
sandbox: CleanUpAfterTestRun complete.</StdOut>
      </Output>
    </UnitTestResult>
    <UnitTestResult executionId="8b8e2443-7970-4e7f-86bf-26c4ef2fbc90" testId="bca35587-b250-3ed2-6c48-304e67e0c172" testName="FootballSelectPlayerForRedCardAndRedReasonsAreShown(&quot;Red&quot;,&quot;Red&quot;,&quot;Serious Foul Play&quot;,&quot;Violent Conduct&quot;,&quot;Dissent&quot;,&quot;Denied Goalscoring Chance&quot;,&quot;Red&quot;,null)" computerName="EC2AMAZ-JEOO151" duration="00:00:07.8340000" startTime="2019-07-11T18:55:00.0000000+00:00" endTime="2019-07-11T18:55:08.0000000+00:00" testType="13cdc9d9-ddb5-4fa4-a97d-d965ccfc6d4b" outcome="Passed" testListId="8c84fa94-04c1-424b-9868-57a2d4851a1d" relativeResultsDirectory="8b8e2443-7970-4e7f-86bf-26c4ef2fbc90">
      <Output>
        <StdOut>sandbox: PrepareForTestRun started.&#xD;
sandbox: football liveStatsApp != null: True &#xD;
sandbox: football liveStatsApp.IsProcessRunning: True &#xD;
sandbox: setupLocalData: localDatabaseProvider != null: True&#xD;
sandbox: applicationPages != null: True&#xD;
sandbox: applicationPages.Webdriver != null: True&#xD;
sandbox: finished setuping local data&#xD;
sandbox: PrepareForTestRun complete.&#xD;
Given Match started with kick off from existing game&#xD;
-&gt; done: SetupGameSteps.GivenMatchStartedWithKickOffButtonFromExistingGame() (3.2s)&#xD;
When I click on team 1 possible "Red"&#xD;
-&gt; done: TeamActionButtonSteps.StartPossibleCardRegistration(1, Red) (0.6s)&#xD;
And I click "Red" card button&#xD;
-&gt; done: TeamActionButtonSteps.WhenIClickCardButton("Red") (0.1s)&#xD;
And I confirm booking by clicking "Confirm" button&#xD;
-&gt; done: CardSteps.WhenIConfirmActionByClickingButton() (2.3s)&#xD;
And I click on team 1 player on pitch with shirt number 13&#xD;
-&gt; done: PitchPlayersComponentSteps.WhenIClickOnTeamPlayerOnPitchWithShirtNumber(1, 13) (0.1s)&#xD;
Then team 1 player on pitch with shirt id 13 is marked with Red line&#xD;
-&gt; done: PitchPlayersComponentSteps.ThenTeamPlayerOnPitchWithShirtIdIsMarkedWithLine(1, 13, "Red") (0.1s)&#xD;
And Reason button 1 is shown as Serious Foul Play&#xD;
-&gt; done: CardSteps.ThenReasonButtonIsShown(1, "Serious Foul Play") (0.1s)&#xD;
And Reason button 2 is shown as Violent Conduct&#xD;
-&gt; done: CardSteps.ThenReasonButtonIsShown(2, "Violent Conduct") (0.1s)&#xD;
And Reason button 3 is shown as Dissent&#xD;
-&gt; done: CardSteps.ThenReasonButtonIsShown(3, "Dissent") (0.1s)&#xD;
And Reason button 4 is shown as Denied Goalscoring Chance&#xD;
-&gt; done: CardSteps.ThenReasonButtonIsShown(4, "Denied Goalscorin...") (0.1s)&#xD;
And "Back" button is shown&#xD;
-&gt; done: WorkflowSteps.ThenBackButtonIsVisible() (0.0s)&#xD;
And "Cancel &amp; Delete" button is shown&#xD;
-&gt; done: WorkflowSteps.ThenCancelAndDeleteButtonIsShown() (0.0s)&#xD;
And Latest "Booking" event is highlighted&#xD;
-&gt; done: ActionLogSteps.ThenCardEventIsHighlighted(Booking) (0.0s)&#xD;
sandbox: CleanUpAfterTestRun started.&#xD;
sandbox: application pages != null: True&#xD;
sandbox: web driver!= null: True&#xD;
sandbox: CleanUpAfterTestRun complete.</StdOut>
      </Output>
    </UnitTestResult>
    <UnitTestResult executionId="ac99561d-3774-446a-af59-bb6f94973be8" testId="734b0c72-a53e-b1ba-2cd2-4dd52935ba52" testName="CheckShotLocationInGoalInsert(&quot;set&quot;,null)" computerName="EC2AMAZ-JEOO151" duration="00:00:14.4320000" startTime="2019-07-11T18:19:59.0000000+00:00" endTime="2019-07-11T18:20:14.0000000+00:00" testType="13cdc9d9-ddb5-4fa4-a97d-d965ccfc6d4b" outcome="Passed" testListId="8c84fa94-04c1-424b-9868-57a2d4851a1d" relativeResultsDirectory="ac99561d-3774-446a-af59-bb6f94973be8">
      <Output>
        <StdOut>sandbox: PrepareForTestRun started.&#xD;
sandbox: football liveStatsApp != null: True &#xD;
sandbox: football liveStatsApp.IsProcessRunning: True &#xD;
sandbox: setupLocalData: localDatabaseProvider != null: True&#xD;
sandbox: applicationPages != null: True&#xD;
sandbox: applicationPages.Webdriver != null: True&#xD;
sandbox: finished setuping local data&#xD;
sandbox: PrepareForTestRun complete.&#xD;
Given Match started with kick off from existing game&#xD;
-&gt; done: SetupGameSteps.GivenMatchStartedWithKickOffButtonFromExistingGame() (3.3s)&#xD;
And "Top right" corner added for Team 1&#xD;
-&gt; done: CornerSteps.GivenCornerAddedForTeam("Top right", 1) (3.1s)&#xD;
And "Yellow" Card for Team 1 is registered&#xD;
-&gt; done: CardSteps.GivenCardForTeamIsRegistered(Yellow, 1) (3.2s)&#xD;
And I clicked on latest "Corner" event in action log&#xD;
-&gt; done: ActionLogSteps.GivenIClickOnLatestEventInActionLog(Corner) (0.2s)&#xD;
And I entered new conceded event time of "0030"&#xD;
-&gt; done: EditFormSteps.GivenIEnterNewConcededEventTimeOf("0030") (1.0s)&#xD;
And I clicked Save button in action edit form&#xD;
-&gt; done: EditFormSteps.ClickSaveButtonInActionEditForm() (0.6s)&#xD;
And I remembered current players on pitch shirt numbers&#xD;
-&gt; done: GoalEditSteps.GivenIRememberCurrentPlayersOnPitch() (1.1s)&#xD;
When I click Expand Action log button&#xD;
-&gt; done: ActionLogSteps.WhenIClickExpandActionLogButton() (0.2s)&#xD;
And I click last action in expanded action log&#xD;
-&gt; done: ExpandedActionLogSteps.WhenIClickLastActionInExpandedActionLog() (0.1s)&#xD;
And I click insert after button in expanded action log&#xD;
-&gt; done: ExpandedActionLogSteps.WhenIClickInsertAfterButtonInExpandedActionLog() (0.1s)&#xD;
And I click insert Goal button in insert after dropdown&#xD;
-&gt; done: ExpandedActionLogSteps.WhenIClickInsertGoalButtonInInsertAfterDropdown() (0.1s)&#xD;
And I click "set" shot location button in insert window&#xD;
-&gt; done: GoalEditSteps.WhenIClickSetShotLocationButton() (0.1s)&#xD;
And I click "top right" corner on Net&#xD;
-&gt; done: ExpandedShotLocationDialogSteps.GivenIClickCornerOnNet("top right") (0.1s)&#xD;
And I click "Proceed" button on expanded shot position view&#xD;
-&gt; done: ExpandedShotLocationDialogSteps.GivenIClickButtonOnExpandedShotPositionView("Proceed") (0.1s)&#xD;
And I click "adjust" shot location button in insert window&#xD;
-&gt; done: GoalEditSteps.GivenIClickAdjustShotLocationButton() (0.1s)&#xD;
Then "top right" on Net is visible&#xD;
-&gt; done: ShotLocationNetSteps.ThenOnNetIsVisible("top right") (0.1s)&#xD;
sandbox: CleanUpAfterTestRun started.&#xD;
sandbox: application pages != null: True&#xD;
sandbox: web driver!= null: True&#xD;
sandbox: CleanUpAfterTestRun complete.</StdOut>
      </Output>
    </UnitTestResult>
    <UnitTestResult executionId="e6a4b3dd-550a-4ff2-81d4-7630b1e0ad64" testId="79819c52-4d86-8a61-0367-b9e5021ccbec" testName="GivenActionRegistered_WhenDeletingFromExpandedActionLog_ThenDeletedInExpanded(Corner)" computerName="EC2AMAZ-JEOO151" duration="00:00:10.0180000" startTime="2019-07-11T20:17:10.0000000+00:00" endTime="2019-07-11T20:17:20.0000000+00:00" testType="13cdc9d9-ddb5-4fa4-a97d-d965ccfc6d4b" outcome="Passed" testListId="8c84fa94-04c1-424b-9868-57a2d4851a1d" relativeResultsDirectory="e6a4b3dd-550a-4ff2-81d4-7630b1e0ad64">
      <Output>
        <StdOut>sandbox: PrepareForTestRun started.&#xD;
sandbox: football liveStatsApp != null: True &#xD;
sandbox: football liveStatsApp.IsProcessRunning: True &#xD;
sandbox: setupLocalData: localDatabaseProvider != null: True&#xD;
sandbox: applicationPages != null: True&#xD;
sandbox: applicationPages.Webdriver != null: True&#xD;
sandbox: finished setuping local data&#xD;
sandbox: PrepareForTestRun complete.&#xD;
sandbox: CleanUpAfterTestRun started.&#xD;
sandbox: application pages != null: True&#xD;
sandbox: web driver!= null: True&#xD;
sandbox: CleanUpAfterTestRun complete.</StdOut>
      </Output>
    </UnitTestResult>
    <UnitTestResult executionId="86e55590-56af-4043-aee0-b87967bcab5c" testId="43877d43-86c3-6911-34d5-512b323c634d" testName="GivenGoalRegistered_WhenEditingGoalScorerTeamAndAssist_ThenChangesSaved" computerName="EC2AMAZ-JEOO151" duration="00:00:10.3160000" startTime="2019-07-11T20:31:19.0000000+00:00" endTime="2019-07-11T20:31:29.0000000+00:00" testType="13cdc9d9-ddb5-4fa4-a97d-d965ccfc6d4b" outcome="Passed" testListId="8c84fa94-04c1-424b-9868-57a2d4851a1d" relativeResultsDirectory="86e55590-56af-4043-aee0-b87967bcab5c">
      <Output>
        <StdOut>sandbox: PrepareForTestRun started.&#xD;
sandbox: football liveStatsApp != null: True &#xD;
sandbox: football liveStatsApp.IsProcessRunning: True &#xD;
sandbox: setupLocalData: localDatabaseProvider != null: True&#xD;
sandbox: applicationPages != null: True&#xD;
sandbox: applicationPages.Webdriver != null: True&#xD;
sandbox: finished setuping local data&#xD;
sandbox: PrepareForTestRun complete.&#xD;
Given action failed. Retrying after a timeout.&#xD;
sandbox: CleanUpAfterTestRun started.&#xD;
sandbox: application pages != null: True&#xD;
sandbox: web driver!= null: True&#xD;
sandbox: CleanUpAfterTestRun complete.</StdOut>
      </Output>
    </UnitTestResult>
    <UnitTestResult executionId="a80ec395-22de-44d9-b9be-6c9485e3f19a" testId="bf6eb813-921c-0f4c-1e88-86e955a5d0c8" testName="CannotFlagAndContinuePenaltyConfirmation" computerName="EC2AMAZ-JEOO151" duration="00:00:06.7670000" startTime="2019-07-11T19:45:05.0000000+00:00" endTime="2019-07-11T19:45:12.0000000+00:00" testType="13cdc9d9-ddb5-4fa4-a97d-d965ccfc6d4b" outcome="Passed" testListId="8c84fa94-04c1-424b-9868-57a2d4851a1d" relativeResultsDirectory="a80ec395-22de-44d9-b9be-6c9485e3f19a">
      <Output>
        <StdOut>sandbox: PrepareForTestRun started.&#xD;
sandbox: football liveStatsApp != null: True &#xD;
sandbox: football liveStatsApp.IsProcessRunning: True &#xD;
sandbox: setupLocalData: localDatabaseProvider != null: True&#xD;
sandbox: applicationPages != null: True&#xD;
sandbox: applicationPages.Webdriver != null: True&#xD;
sandbox: finished setuping local data&#xD;
sandbox: PrepareForTestRun complete.&#xD;
Given Match started with kick off from existing game&#xD;
-&gt; done: SetupGameSteps.GivenMatchStartedWithKickOffButtonFromExistingGame() (3.4s)&#xD;
When I click "Possible Penalty" button for team 2&#xD;
-&gt; done: TeamActionButtonSteps.GivenIClickPossiblePenaltyButtonForTeam(2) (0.5s)&#xD;
Then Flag &amp; Continue button is not visible&#xD;
Failed to find element with query '[data-qa='flagAndContinueButton']'. Web driver timeout exception.&#xD;
-&gt; done: WorkflowSteps.ThenFlagAndContinueButtonIsNotVisible() (2.1s)&#xD;
sandbox: CleanUpAfterTestRun started.&#xD;
sandbox: application pages != null: True&#xD;
sandbox: web driver!= null: True&#xD;
sandbox: CleanUpAfterTestRun complete.</StdOut>
      </Output>
    </UnitTestResult>
    <UnitTestResult executionId="bbf15f92-577d-4e6e-b52d-26d23837f68c" testId="5c2b79f9-4273-c0d8-3752-a20acb02074b" testName="GivenActionsWithPlayerAndFilterActive_WhenChangingFilter_ThenTableDataRefreshed" computerName="EC2AMAZ-JEOO151" duration="00:00:13.4820000" startTime="2019-07-11T21:21:26.0000000+00:00" endTime="2019-07-11T21:21:40.0000000+00:00" testType="13cdc9d9-ddb5-4fa4-a97d-d965ccfc6d4b" outcome="Passed" testListId="8c84fa94-04c1-424b-9868-57a2d4851a1d" relativeResultsDirectory="bbf15f92-577d-4e6e-b52d-26d23837f68c">
      <Output>
        <StdOut>sandbox: PrepareForTestRun started.&#xD;
sandbox: football liveStatsApp != null: True &#xD;
sandbox: football liveStatsApp.IsProcessRunning: True &#xD;
sandbox: setupLocalData: localDatabaseProvider != null: True&#xD;
sandbox: applicationPages != null: True&#xD;
sandbox: applicationPages.Webdriver != null: True&#xD;
sandbox: finished setuping local data&#xD;
sandbox: PrepareForTestRun complete.&#xD;
sandbox: CleanUpAfterTestRun started.&#xD;
sandbox: application pages != null: True&#xD;
sandbox: web driver!= null: True&#xD;
sandbox: CleanUpAfterTestRun complete.</StdOut>
      </Output>
    </UnitTestResult>
    <UnitTestResult executionId="adfa9ce9-2c0e-4d44-a206-f618bbabcab6" testId="7221f1dc-9549-1659-cd42-48280a184218" testName="InsertInjuryAfterOrBeforeLastEvent(&quot;after&quot;,&quot;0035&quot;,&quot;00:35&quot;,&quot;1&quot;,&quot;1&quot;,null)" computerName="EC2AMAZ-JEOO151" duration="00:00:18.5500000" startTime="2019-07-11T18:45:21.0000000+00:00" endTime="2019-07-11T18:45:39.0000000+00:00" testType="13cdc9d9-ddb5-4fa4-a97d-d965ccfc6d4b" outcome="Passed" testListId="8c84fa94-04c1-424b-9868-57a2d4851a1d" relativeResultsDirectory="adfa9ce9-2c0e-4d44-a206-f618bbabcab6">
      <Output>
        <StdOut>sandbox: PrepareForTestRun started.&#xD;
sandbox: football liveStatsApp != null: True &#xD;
sandbox: football liveStatsApp.IsProcessRunning: True &#xD;
sandbox: setupLocalData: localDatabaseProvider != null: True&#xD;
sandbox: applicationPages != null: True&#xD;
sandbox: applicationPages.Webdriver != null: True&#xD;
sandbox: finished setuping local data&#xD;
sandbox: PrepareForTestRun complete.&#xD;
Given Match started with kick off from existing game&#xD;
-&gt; done: SetupGameSteps.GivenMatchStartedWithKickOffButtonFromExistingGame() (3.3s)&#xD;
And "Yellow" Card for Team 1 is registered&#xD;
Given action failed. Retrying after a timeout.&#xD;
-&gt; done: CardSteps.GivenCardForTeamIsRegistered(Yellow, 1) (3.6s)&#xD;
And "Top right" corner added for Team 1&#xD;
Given action failed. Retrying after a timeout.&#xD;
-&gt; done: CornerSteps.GivenCornerAddedForTeam("Top right", 1) (3.0s)&#xD;
And I clicked on latest "Corner" event in action log&#xD;
-&gt; done: ActionLogSteps.GivenIClickOnLatestEventInActionLog(Corner) (0.2s)&#xD;
And I entered new conceded event time of "0030"&#xD;
-&gt; done: EditFormSteps.GivenIEnterNewConcededEventTimeOf("0030") (1.0s)&#xD;
And I clicked Save button in action edit form&#xD;
-&gt; done: EditFormSteps.ClickSaveButtonInActionEditForm() (0.6s)&#xD;
And I remembered current players on pitch shirt numbers&#xD;
-&gt; done: GoalEditSteps.GivenIRememberCurrentPlayersOnPitch() (1.1s)&#xD;
When I click Expand Action log button&#xD;
-&gt; done: ActionLogSteps.WhenIClickExpandActionLogButton() (0.1s)&#xD;
And I click last action in expanded action log&#xD;
-&gt; done: ExpandedActionLogSteps.WhenIClickLastActionInExpandedActionLog() (0.1s)&#xD;
And I click insert after button in expanded action log&#xD;
-&gt; done: ExpandedActionLogSteps.WhenIClickInsertAfterButtonInExpandedActionLog() (0.1s)&#xD;
And I click insert Injury button in insert after dropdown&#xD;
-&gt; done: ExpandedActionLogSteps.WhenIClickInsertInjuryButtonInInsertAfterDropdown() (0.1s)&#xD;
And I enter new conceded event time of "0035"&#xD;
-&gt; done: EditFormSteps.GivenIEnterNewConcededEventTimeOf("0035") (1.0s)&#xD;
And I click off-pitch&#xD;
-&gt; done: PlayerInjuryEditSteps.WhenIClickOffPitchInjury() (0.1s)&#xD;
And I update injury with team 1, player 4 in edit window&#xD;
-&gt; done: PlayerInjuryEditSteps.WhenIUpdateInjuryWithTeamPlayer(1, 4) (0.3s)&#xD;
And I click Save button in action edit form&#xD;
-&gt; done: EditFormSteps.ClickSaveButtonInActionEditForm() (0.6s)&#xD;
Then Injury insert view is not visible&#xD;
Failed to find element with query '[data-qa='InjuryEditPage']'. Web driver timeout exception.&#xD;
-&gt; done: PlayerInjuryEditSteps.ThenGoalKickEditViewIsNotVisible() (2.0s)&#xD;
And "Injury" Action is displayed at 1 in expanded action log&#xD;
-&gt; done: ExpandedActionLogSteps.ThenGoalActionIsDisplayedAtInExpandedActionLog("Injury", 1) (0.0s)&#xD;
And Action at position 1 half is displayed as "H1"&#xD;
-&gt; done: ExpandedActionLogSteps.ThenActionAtPositionHalfIsDisplayedAs(1, "H1") (0.0s)&#xD;
And Action at position 1 time is displayed as "00:35"&#xD;
-&gt; done: ExpandedActionLogSteps.ThenActionAtPositionTimeIsDisplayedAs(1, "00:35") (0.0s)&#xD;
And Action at position 1 do not have first qualifier&#xD;
-&gt; done: ExpandedActionLogSteps.ThenActionAtPositionDoNotHaveFirstQualifier(1) (0.1s)&#xD;
And Action at position 1 do not have second qualifier&#xD;
-&gt; done: ExpandedActionLogSteps.ThenActionAtPositionDoNotHaveSecondQualifier(1) (0.0s)&#xD;
And Action at position 1 do not have score&#xD;
-&gt; done: ExpandedActionLogSteps.ThenActionAtPositionDoNotHaveScore(1) (0.0s)&#xD;
And Action at position 1 contains team 1 name&#xD;
-&gt; done: ExpandedActionLogSteps.ThenActionAtPositionContainsTeam(1, 1) (0.0s)&#xD;
And Action at position 1 player is displayed as 4 on "1" team&#xD;
-&gt; done: ExpandedActionLogSteps.ThenActionAtPositionPlayerIsDisplayedAs(1, 4, 1) (0.1s)&#xD;
sandbox: CleanUpAfterTestRun started.&#xD;
sandbox: application pages != null: True&#xD;
sandbox: web driver!= null: True&#xD;
sandbox: CleanUpAfterTestRun complete.</StdOut>
      </Output>
    </UnitTestResult>
    <UnitTestResult executionId="e0827335-5952-406f-96b7-fd8d1317ff38" testId="79338952-b03d-f061-72ec-ced1a3aab149" testName="ClickCard(&quot;2&quot;,&quot;Red&quot;,null)" computerName="EC2AMAZ-JEOO151" duration="00:00:04.9160000" startTime="2019-07-11T18:52:17.0000000+00:00" endTime="2019-07-11T18:52:22.0000000+00:00" testType="13cdc9d9-ddb5-4fa4-a97d-d965ccfc6d4b" outcome="Passed" testListId="8c84fa94-04c1-424b-9868-57a2d4851a1d" relativeResultsDirectory="e0827335-5952-406f-96b7-fd8d1317ff38">
      <Output>
        <StdOut>sandbox: PrepareForTestRun started.&#xD;
sandbox: football liveStatsApp != null: True &#xD;
sandbox: football liveStatsApp.IsProcessRunning: True &#xD;
sandbox: setupLocalData: localDatabaseProvider != null: True&#xD;
sandbox: applicationPages != null: True&#xD;
sandbox: applicationPages.Webdriver != null: True&#xD;
sandbox: finished setuping local data&#xD;
sandbox: PrepareForTestRun complete.&#xD;
Given Match started with kick off from existing game&#xD;
-&gt; done: SetupGameSteps.GivenMatchStartedWithKickOffButtonFromExistingGame() (3.3s)&#xD;
When I click on team 2 possible "Red"&#xD;
-&gt; done: TeamActionButtonSteps.StartPossibleCardRegistration(2, Red) (0.6s)&#xD;
Then "Put on Hold" button is shown&#xD;
-&gt; done: TeamActionButtonSteps.ThenPutOnHoldButtonIsShown() (0.0s)&#xD;
And "Yellow Card" button is shown&#xD;
-&gt; done: TeamActionButtonSteps.ThenYellowCardButtonIsShown() (0.0s)&#xD;
And "Red Card" button is shown&#xD;
-&gt; done: TeamActionButtonSteps.ThenRedCardButtonIsShown() (0.0s)&#xD;
And "2nd Yellow" button is shown&#xD;
-&gt; done: TeamActionButtonSteps.ThenSecondYellowCardButtonIsShown() (0.0s)&#xD;
And "Sin bin" button is shown&#xD;
-&gt; done: TeamActionButtonSteps.ThenSinBinButtonIsShown() (0.0s)&#xD;
sandbox: CleanUpAfterTestRun started.&#xD;
sandbox: application pages != null: True&#xD;
sandbox: web driver!= null: True&#xD;
sandbox: CleanUpAfterTestRun complete.</StdOut>
      </Output>
    </UnitTestResult>
    <UnitTestResult executionId="a9787d0a-8493-47b1-9c48-1f6b2687702f" testId="4383a3be-ebc1-359d-c4db-861fedf44e65" testName="CancelPenaltyGoalWorkflow(&quot;2&quot;,&quot;1&quot;,&quot;10&quot;,&quot;50&quot;,&quot;8&quot;,&quot;11&quot;,null)" computerName="EC2AMAZ-JEOO151" duration="00:00:18.1830000" startTime="2019-07-11T19:00:57.0000000+00:00" endTime="2019-07-11T19:01:15.0000000+00:00" testType="13cdc9d9-ddb5-4fa4-a97d-d965ccfc6d4b" outcome="Passed" testListId="8c84fa94-04c1-424b-9868-57a2d4851a1d" relativeResultsDirectory="a9787d0a-8493-47b1-9c48-1f6b2687702f">
      <Output>
        <StdOut>sandbox: PrepareForTestRun started.&#xD;
sandbox: football liveStatsApp != null: True &#xD;
sandbox: football liveStatsApp.IsProcessRunning: True &#xD;
sandbox: setupLocalData: localDatabaseProvider != null: True&#xD;
sandbox: applicationPages != null: True&#xD;
sandbox: applicationPages.Webdriver != null: True&#xD;
sandbox: finished setuping local data&#xD;
sandbox: PrepareForTestRun complete.&#xD;
Given Match started with kick off from existing game&#xD;
-&gt; done: SetupGameSteps.GivenMatchStartedWithKickOffButtonFromExistingGame() (3.3s)&#xD;
When I click "Possible Penalty" button for team 2&#xD;
-&gt; done: TeamActionButtonSteps.GivenIClickPossiblePenaltyButtonForTeam(2) (0.5s)&#xD;
And I confirm penalty by clicking "Confirm" button&#xD;
-&gt; done: PenaltySteps.WhenIConfirmPenaltyByClickingButton() (2.3s)&#xD;
And I click on pitch x 10 and y 50&#xD;
Failed to find element with query '[data-qa='activePitchOverlay']'. Web driver timeout exception.&#xD;
Given action failed. Retrying after a timeout.&#xD;
Failed to find element with query '[data-qa='activePitchOverlay']'. Web driver timeout exception.&#xD;
-&gt; done: PitchScreenSteps.WhenIClickOnPitch(10, 50) (4.5s)&#xD;
And I click "Foul" reason button&#xD;
-&gt; done: CardSteps.WhenIClickReasonButton("Foul") (0.2s)&#xD;
And I click on team 1 player on pitch with shirt number 8&#xD;
-&gt; done: PitchPlayersComponentSteps.WhenIClickOnTeamPlayerOnPitchWithShirtNumber(1, 8) (0.3s)&#xD;
And I click on team 2 player on pitch with shirt number 11&#xD;
-&gt; done: PitchPlayersComponentSteps.WhenIClickOnTeamPlayerOnPitchWithShirtNumber(2, 11) (0.4s)&#xD;
And I click "Penalty Goal" Button&#xD;
-&gt; done: PenaltySteps.WhenIClickPenaltyGoalButton() (0.2s)&#xD;
And I confirm penalty goal by clicking on "Confirm" button&#xD;
-&gt; done: GoalSteps.WhenIConfirmGoalByClickingOnButton() (2.4s)&#xD;
And I cancel action workflow by clicking "Cancel &amp; Delete" button&#xD;
-&gt; done: WorkflowSteps.WhenICancelActionWorkflowByClickingButton() (0.3s)&#xD;
Then Score is 0 for team 2&#xD;
-&gt; done: ScoreBoardSteps.ThenScoreIsForTeam(0, 2) (0.1s)&#xD;
And Score is 0 for team 1&#xD;
-&gt; done: ScoreBoardSteps.ThenScoreIsForTeam(0, 1) (0.1s)&#xD;
And Action Buttons are enabled&#xD;
-&gt; done: TeamActionButtonSteps.ThenActionButtonsAreEnabled() (0.7s)&#xD;
And Player on pitch with shirt number 11 of team 2 do not have goal icon&#xD;
Failed to find data-qa element with tag 'playerGoals'. No such element exception.&#xD;
-&gt; done: PitchPlayersComponentSteps.ThenPlayerOnPitchWithShirtNumberOfTeamDoNotHaveGoalIcon(11, 2) (2.2s)&#xD;
sandbox: CleanUpAfterTestRun started.&#xD;
sandbox: application pages != null: True&#xD;
sandbox: web driver!= null: True&#xD;
sandbox: CleanUpAfterTestRun complete.</StdOut>
      </Output>
    </UnitTestResult>
    <UnitTestResult executionId="a1a3088e-027f-47d3-bf7a-a631893a2320" testId="ef351caf-f4f6-df73-a6e6-8b9b230e9d0f" testName="FootballSelectVarReasonAndOutcome(&quot;Stands&quot;,&quot;Foul&quot;,null)" computerName="EC2AMAZ-JEOO151" duration="00:00:10.0820000" startTime="2019-07-11T18:03:18.0000000+00:00" endTime="2019-07-11T18:03:28.0000000+00:00" testType="13cdc9d9-ddb5-4fa4-a97d-d965ccfc6d4b" outcome="Passed" testListId="8c84fa94-04c1-424b-9868-57a2d4851a1d" relativeResultsDirectory="a1a3088e-027f-47d3-bf7a-a631893a2320">
      <Output>
        <StdOut>sandbox: PrepareForTestRun started.&#xD;
sandbox: football liveStatsApp != null: True &#xD;
sandbox: football liveStatsApp.IsProcessRunning: True &#xD;
sandbox: setupLocalData: localDatabaseProvider != null: True&#xD;
sandbox: applicationPages != null: True&#xD;
sandbox: applicationPages.Webdriver != null: True&#xD;
sandbox: finished setuping local data&#xD;
sandbox: PrepareForTestRun complete.&#xD;
Given Match started with kick off from existing game&#xD;
-&gt; done: SetupGameSteps.GivenMatchStartedWithKickOffButtonFromExistingGame() (3.2s)&#xD;
And I remembered current players on pitch shirt numbers&#xD;
-&gt; done: GoalEditSteps.GivenIRememberCurrentPlayersOnPitch() (1.6s)&#xD;
And I add a goal for team 1 player 4 assisted by player 13&#xD;
-&gt; done: GoalSteps.GivenIAddAGoalForTeamPlayerAssistedByPlayer(1, 4, 13) (3.8s)&#xD;
And I click goal event in action log&#xD;
-&gt; done: ActionLogSteps.GivenIClickGoalEventInActionLog() (0.3s)&#xD;
When I click "VAR" toggle&#xD;
-&gt; done: EditFormSteps.GivenIClickToggleToEnable() (0.1s)&#xD;
And I click Var "Stands" button&#xD;
-&gt; done: EditFormSteps.WhenIClickVarStandsButton() (0.1s)&#xD;
And I click VAR reason button&#xD;
-&gt; done: EditFormSteps.WhenIClickVarReasonButton() (0.0s)&#xD;
And I select VAR reason Foul&#xD;
-&gt; done: EditFormSteps.WhenISelectVarReason("Foul") (0.1s)&#xD;
Then "Save" of edit screen is enabled&#xD;
-&gt; done: EditFormSteps.ThenOfEditScreenIsEnabled() (0.0s)&#xD;
sandbox: CleanUpAfterTestRun started.&#xD;
sandbox: application pages != null: True&#xD;
sandbox: web driver!= null: True&#xD;
sandbox: CleanUpAfterTestRun complete.</StdOut>
      </Output>
    </UnitTestResult>
    <UnitTestResult executionId="a7274d5d-2c7a-4d8c-afde-ae06f3296e91" testId="33ec4ec7-2baa-da39-4227-e93d4c61c051" testName="CannotFlagAndContinueGoalConfirmationStep" computerName="EC2AMAZ-JEOO151" duration="00:00:06.6660000" startTime="2019-07-11T19:44:53.0000000+00:00" endTime="2019-07-11T19:45:00.0000000+00:00" testType="13cdc9d9-ddb5-4fa4-a97d-d965ccfc6d4b" outcome="Passed" testListId="8c84fa94-04c1-424b-9868-57a2d4851a1d" relativeResultsDirectory="a7274d5d-2c7a-4d8c-afde-ae06f3296e91">
      <Output>
        <StdOut>sandbox: PrepareForTestRun started.&#xD;
sandbox: football liveStatsApp != null: True &#xD;
sandbox: football liveStatsApp.IsProcessRunning: True &#xD;
sandbox: setupLocalData: localDatabaseProvider != null: True&#xD;
sandbox: applicationPages != null: True&#xD;
sandbox: applicationPages.Webdriver != null: True&#xD;
sandbox: finished setuping local data&#xD;
sandbox: PrepareForTestRun complete.&#xD;
Given Match started with kick off from existing game&#xD;
-&gt; done: SetupGameSteps.GivenMatchStartedWithKickOffButtonFromExistingGame() (3.2s)&#xD;
When I click goal for team 1 button&#xD;
-&gt; done: TeamActionButtonSteps.GivenIClickGoalForTeamButton(1) (0.6s)&#xD;
Then Flag &amp; Continue button is not visible&#xD;
Failed to find element with query '[data-qa='flagAndContinueButton']'. Web driver timeout exception.&#xD;
-&gt; done: WorkflowSteps.ThenFlagAndContinueButtonIsNotVisible() (2.1s)&#xD;
sandbox: CleanUpAfterTestRun started.&#xD;
sandbox: application pages != null: True&#xD;
sandbox: web driver!= null: True&#xD;
sandbox: CleanUpAfterTestRun complete.</StdOut>
      </Output>
    </UnitTestResult>
    <UnitTestResult executionId="ad5f81f7-6295-4bfa-a6dc-7bdf6fd35f78" testId="537dd425-70e9-8038-8aad-92cba2887471" testName="FootballChangeShotLocation" computerName="EC2AMAZ-JEOO151" duration="00:00:10.2160000" startTime="2019-07-11T17:59:15.0000000+00:00" endTime="2019-07-11T17:59:25.0000000+00:00" testType="13cdc9d9-ddb5-4fa4-a97d-d965ccfc6d4b" outcome="Passed" testListId="8c84fa94-04c1-424b-9868-57a2d4851a1d" relativeResultsDirectory="ad5f81f7-6295-4bfa-a6dc-7bdf6fd35f78">
      <Output>
        <StdOut>sandbox: PrepareForTestRun started.&#xD;
sandbox: football liveStatsApp != null: True &#xD;
sandbox: football liveStatsApp.IsProcessRunning: True &#xD;
sandbox: setupLocalData: localDatabaseProvider != null: True&#xD;
sandbox: applicationPages != null: True&#xD;
sandbox: applicationPages.Webdriver != null: True&#xD;
sandbox: finished setuping local data&#xD;
sandbox: PrepareForTestRun complete.&#xD;
Given Match started with kick off from existing game&#xD;
-&gt; done: SetupGameSteps.GivenMatchStartedWithKickOffButtonFromExistingGame() (3.4s)&#xD;
And I remembered current players on pitch shirt numbers&#xD;
-&gt; done: GoalEditSteps.GivenIRememberCurrentPlayersOnPitch() (1.5s)&#xD;
And I add a goal for team 1 player 4 assisted by player 13&#xD;
Given action failed. Retrying after a timeout.&#xD;
-&gt; done: GoalSteps.GivenIAddAGoalForTeamPlayerAssistedByPlayer(1, 4, 13) (3.8s)&#xD;
And I click goal event in action log&#xD;
-&gt; done: ActionLogSteps.GivenIClickGoalEventInActionLog() (0.3s)&#xD;
And I click "adjust shot location" button in goal edit window&#xD;
-&gt; done: GoalEditSteps.GivenIClickAdjustShotLocationButton() (0.1s)&#xD;
And I click "top right" corner on Net&#xD;
-&gt; done: ExpandedShotLocationDialogSteps.GivenIClickCornerOnNet("top right") (0.1s)&#xD;
And I click "Proceed" button on expanded shot position view&#xD;
-&gt; done: ExpandedShotLocationDialogSteps.GivenIClickButtonOnExpandedShotPositionView("Proceed") (0.1s)&#xD;
Then Goal Edit view is visible&#xD;
-&gt; done: GoalEditSteps.ThenGoalEditViewIsVisible() (0.0s)&#xD;
And "top right" on Net is visible&#xD;
-&gt; done: ShotLocationNetSteps.ThenOnNetIsVisible("top right") (0.1s)&#xD;
sandbox: CleanUpAfterTestRun started.&#xD;
sandbox: application pages != null: True&#xD;
sandbox: web driver!= null: True&#xD;
sandbox: CleanUpAfterTestRun complete.</StdOut>
      </Output>
    </UnitTestResult>
    <UnitTestResult executionId="a3b53c7e-941f-4f7f-9c35-a52392aa02a4" testId="a7981135-3d8a-9bf2-6623-1e9f7956dca3" testName="CannotEditCardTimeInPeriodBreak(&quot;before&quot;,&quot;GameStart&quot;,null)" computerName="EC2AMAZ-JEOO151" duration="00:00:09.2830000" startTime="2019-07-11T18:41:51.0000000+00:00" endTime="2019-07-11T18:42:00.0000000+00:00" testType="13cdc9d9-ddb5-4fa4-a97d-d965ccfc6d4b" outcome="Passed" testListId="8c84fa94-04c1-424b-9868-57a2d4851a1d" relativeResultsDirectory="a3b53c7e-941f-4f7f-9c35-a52392aa02a4">
      <Output>
        <StdOut>sandbox: PrepareForTestRun started.&#xD;
sandbox: football liveStatsApp != null: True &#xD;
sandbox: football liveStatsApp.IsProcessRunning: True &#xD;
sandbox: setupLocalData: localDatabaseProvider != null: True&#xD;
sandbox: applicationPages != null: True&#xD;
sandbox: applicationPages.Webdriver != null: True&#xD;
sandbox: finished setuping local data&#xD;
sandbox: PrepareForTestRun complete.&#xD;
Given Second period started from existing game&#xD;
-&gt; done: SetupGameSteps.GivenSecondPeriodStartedFromExistingGame() (6.5s)&#xD;
When I insert "Yellow" "Card" before "GameStart"&#xD;
-&gt; done: ExpandedActionLogSteps.WhenIInsertCardBefore("Yellow", Card, GameStart) (1.7s)&#xD;
And I open last "Booking" action edit view from expanded action log&#xD;
-&gt; done: ExpandedActionLogSteps.WhenIOpenLastActionEditViewFromExpandedActionLog(Booking) (0.1s)&#xD;
Then I cannot edit action time&#xD;
-&gt; done: EditFormSteps.ThenICannotEditActionTime() (0.0s)&#xD;
sandbox: CleanUpAfterTestRun started.&#xD;
sandbox: application pages != null: True&#xD;
sandbox: web driver!= null: True&#xD;
sandbox: CleanUpAfterTestRun complete.</StdOut>
      </Output>
    </UnitTestResult>
    <UnitTestResult executionId="db565cab-8b7e-41a2-98d3-136175749add" testId="74ebe2c4-8706-2add-953a-94bca4c48fa8" testName="FlagAndContinueAllCardSteps(&quot;Red&quot;,&quot;Red&quot;,&quot;1&quot;,null)" computerName="EC2AMAZ-JEOO151" duration="00:00:07.7640000" startTime="2019-07-11T19:45:41.0000000+00:00" endTime="2019-07-11T19:45:49.0000000+00:00" testType="13cdc9d9-ddb5-4fa4-a97d-d965ccfc6d4b" outcome="Passed" testListId="8c84fa94-04c1-424b-9868-57a2d4851a1d" relativeResultsDirectory="db565cab-8b7e-41a2-98d3-136175749add">
      <Output>
        <StdOut>sandbox: PrepareForTestRun started.&#xD;
sandbox: football liveStatsApp != null: True &#xD;
sandbox: football liveStatsApp.IsProcessRunning: True &#xD;
sandbox: setupLocalData: localDatabaseProvider != null: True&#xD;
sandbox: applicationPages != null: True&#xD;
sandbox: applicationPages.Webdriver != null: True&#xD;
sandbox: finished setuping local data&#xD;
sandbox: PrepareForTestRun complete.&#xD;
Given Match started with kick off from existing game&#xD;
-&gt; done: SetupGameSteps.GivenMatchStartedWithKickOffButtonFromExistingGame() (3.2s)&#xD;
When I click on team 1 possible "Red"&#xD;
-&gt; done: TeamActionButtonSteps.StartPossibleCardRegistration(1, Red) (0.7s)&#xD;
And I click "Red" card button&#xD;
-&gt; done: TeamActionButtonSteps.WhenIClickCardButton("Red") (0.1s)&#xD;
And I confirm booking by clicking "Confirm" button&#xD;
-&gt; done: CardSteps.WhenIConfirmActionByClickingButton() (2.3s)&#xD;
And I flag and continue&#xD;
-&gt; done: WorkflowSteps.WhenIFlagAndContinue() (0.1s)&#xD;
And I flag and continue&#xD;
-&gt; done: WorkflowSteps.WhenIFlagAndContinue() (0.2s)&#xD;
And I click on latest "Booking" event in action log&#xD;
-&gt; done: ActionLogSteps.GivenIClickOnLatestEventInActionLog(Booking) (0.2s)&#xD;
And I click review flags button in game action edit window&#xD;
-&gt; done: EditFormSteps.WhenIClickReviewFlagsButtonInGameActionEditWindow() (0.1s)&#xD;
Then 1 event in action log of type "Booking" is flagged&#xD;
-&gt; done: ActionLogSteps.ThenEventInActionLogOfTypeIsFlagged(1, Booking) (0.0s)&#xD;
And "This item was flagged by the User." is visible in review action flags dialog&#xD;
-&gt; done: EditWindowFlagsDropDownSteps.ThenIsVisibleInReviewActionFlagsDialog("This item was fla...") (0.0s)&#xD;
sandbox: CleanUpAfterTestRun started.&#xD;
sandbox: application pages != null: True&#xD;
sandbox: web driver!= null: True&#xD;
sandbox: CleanUpAfterTestRun complete.</StdOut>
      </Output>
    </UnitTestResult>
    <UnitTestResult executionId="6b3082f7-20b5-43a7-ad74-063e4db003b1" testId="153bdd6e-7d0b-3261-8368-205a55fa354f" testName="ChangeFromMadeToMiss(&quot;1&quot;,&quot;2&quot;,&quot;90&quot;,&quot;50&quot;,&quot;5&quot;,&quot;16&quot;,null)" computerName="EC2AMAZ-JEOO151" duration="00:00:16.4320000" startTime="2019-07-11T19:01:15.0000000+00:00" endTime="2019-07-11T19:01:32.0000000+00:00" testType="13cdc9d9-ddb5-4fa4-a97d-d965ccfc6d4b" outcome="Passed" testListId="8c84fa94-04c1-424b-9868-57a2d4851a1d" relativeResultsDirectory="6b3082f7-20b5-43a7-ad74-063e4db003b1">
      <Output>
        <StdOut>sandbox: PrepareForTestRun started.&#xD;
sandbox: football liveStatsApp != null: True &#xD;
sandbox: football liveStatsApp.IsProcessRunning: True &#xD;
sandbox: setupLocalData: localDatabaseProvider != null: True&#xD;
sandbox: applicationPages != null: True&#xD;
sandbox: applicationPages.Webdriver != null: True&#xD;
sandbox: finished setuping local data&#xD;
sandbox: PrepareForTestRun complete.&#xD;
Given Match started with kick off from existing game&#xD;
-&gt; done: SetupGameSteps.GivenMatchStartedWithKickOffButtonFromExistingGame() (3.4s)&#xD;
When I click "Possible Penalty" button for team 1&#xD;
Given action failed. Retrying after a timeout.&#xD;
-&gt; done: TeamActionButtonSteps.GivenIClickPossiblePenaltyButtonForTeam(1) (0.9s)&#xD;
And I confirm penalty by clicking "Confirm" button&#xD;
-&gt; done: PenaltySteps.WhenIConfirmPenaltyByClickingButton() (2.3s)&#xD;
And I click on pitch x 90 and y 50&#xD;
Failed to find element with query '[data-qa='activePitchOverlay']'. Web driver timeout exception.&#xD;
Given action failed. Retrying after a timeout.&#xD;
Failed to find element with query '[data-qa='activePitchOverlay']'. Web driver timeout exception.&#xD;
-&gt; done: PitchScreenSteps.WhenIClickOnPitch(90, 50) (4.5s)&#xD;
And I click "Foul" reason button&#xD;
-&gt; done: CardSteps.WhenIClickReasonButton("Foul") (0.2s)&#xD;
And I click on team 2 player on pitch with shirt number 5&#xD;
-&gt; done: PitchPlayersComponentSteps.WhenIClickOnTeamPlayerOnPitchWithShirtNumber(2, 5) (0.3s)&#xD;
And I click on team 1 player on pitch with shirt number 16&#xD;
-&gt; done: PitchPlayersComponentSteps.WhenIClickOnTeamPlayerOnPitchWithShirtNumber(1, 16) (0.4s)&#xD;
And I click "Penalty Goal" Button&#xD;
-&gt; done: PenaltySteps.WhenIClickPenaltyGoalButton() (0.2s)&#xD;
And I click "Back" button in workflow&#xD;
-&gt; done: WorkflowSteps.WhenIClickBackButtonInWorkflow() (0.3s)&#xD;
And I click "Penalty Shot On Target" Button&#xD;
-&gt; done: PenaltySteps.WhenIClickPenaltyShotOnTargetButton() (0.1s)&#xD;
Then Score is 0 for team 1&#xD;
-&gt; done: ScoreBoardSteps.ThenScoreIsForTeam(0, 1) (0.2s)&#xD;
And Score is 0 for team 2&#xD;
-&gt; done: ScoreBoardSteps.ThenScoreIsForTeam(0, 2) (0.1s)&#xD;
And All action buttons except card and goal buttons are disabled for both teams&#xD;
-&gt; done: TeamActionButtonSteps.ThenAllActionButtonsExceptCardAndGoalButtonsAreDisabledForBothTeams() (0.6s)&#xD;
And penalty action button is selected for team "1"&#xD;
-&gt; done: TeamActionButtonSteps.ThenPenaltyActionButtonIsSelected(1) (0.0s)&#xD;
And Player on pitch with shirt number 16 of team 1 do not have goal icon&#xD;
Failed to find data-qa element with tag 'playerGoals'. No such element exception.&#xD;
-&gt; done: PitchPlayersComponentSteps.ThenPlayerOnPitchWithShirtNumberOfTeamDoNotHaveGoalIcon(16, 1) (2.2s)&#xD;
sandbox: CleanUpAfterTestRun started.&#xD;
sandbox: application pages != null: True&#xD;
sandbox: web driver!= null: True&#xD;
sandbox: CleanUpAfterTestRun complete.</StdOut>
      </Output>
    </UnitTestResult>
    <UnitTestResult executionId="a36efd63-867f-4bbd-a171-f298cb5c2ced" testId="cd22912d-c070-b311-7732-e83e28f65759" testName="InsertedSecondYellowIsFlaggedWhenPlayerHasNoCards" computerName="EC2AMAZ-JEOO151" duration="00:00:07.6150000" startTime="2019-07-11T19:49:46.0000000+00:00" endTime="2019-07-11T19:49:54.0000000+00:00" testType="13cdc9d9-ddb5-4fa4-a97d-d965ccfc6d4b" outcome="Passed" testListId="8c84fa94-04c1-424b-9868-57a2d4851a1d" relativeResultsDirectory="a36efd63-867f-4bbd-a171-f298cb5c2ced">
      <Output>
        <StdOut>sandbox: PrepareForTestRun started.&#xD;
sandbox: football liveStatsApp != null: True &#xD;
sandbox: football liveStatsApp.IsProcessRunning: True &#xD;
sandbox: setupLocalData: localDatabaseProvider != null: True&#xD;
sandbox: applicationPages != null: True&#xD;
sandbox: applicationPages.Webdriver != null: True&#xD;
sandbox: finished setuping local data&#xD;
sandbox: PrepareForTestRun complete.&#xD;
Given Match started with kick off from existing game&#xD;
-&gt; done: SetupGameSteps.GivenMatchStartedWithKickOffButtonFromExistingGame() (3.4s)&#xD;
When I register Shot for Team 1&#xD;
Given action failed. Retrying after a timeout.&#xD;
-&gt; done: ShotEditSteps.GivenShotForTeamIsRegistered(1) (1.2s)&#xD;
And I insert "SecondYellow" Card after "Shot" for team "1" player "8"&#xD;
-&gt; done: ExpandedActionLogSteps.WhenIInsertCardAfterForPlayer("SecondYellow", Shot, 1, 8) (1.7s)&#xD;
And I close expanded action log page&#xD;
-&gt; done: ExpandedActionLogSteps.WhenICloseExpandedActionLogPage() (0.1s)&#xD;
And I click on latest "Booking" event in action log&#xD;
-&gt; done: ActionLogSteps.GivenIClickOnLatestEventInActionLog(Booking) (0.1s)&#xD;
And I click review flags button in game action edit window&#xD;
-&gt; done: EditFormSteps.WhenIClickReviewFlagsButtonInGameActionEditWindow() (0.1s)&#xD;
Then Review action flags dialog opens&#xD;
-&gt; done: EditFormSteps.ThenReviewActionFlagsDialogOpens() (0.0s)&#xD;
And Review action flags dialog contains "1" flags&#xD;
-&gt; done: EditWindowFlagsDropDownSteps.ThenReviewActionDialogContainsFlagsCount(1) (0.0s)&#xD;
And Second yellow without first flag in review action flags dialog is visible&#xD;
-&gt; done: EditWindowFlagsDropDownSteps.ThenIsVisibleInReviewActionFlagsDialogForSecondWithoutFirstYellowFlag() (0.0s)&#xD;
sandbox: CleanUpAfterTestRun started.&#xD;
sandbox: application pages != null: True&#xD;
sandbox: web driver!= null: True&#xD;
sandbox: CleanUpAfterTestRun complete.</StdOut>
      </Output>
    </UnitTestResult>
    <UnitTestResult executionId="20cd42ee-586c-4601-b4e8-b651ffcd8935" testId="266e7389-d34e-9dbc-4fb9-2c4e574522be" testName="EnableVARInCardEdit" computerName="EC2AMAZ-JEOO151" duration="00:00:09.5350000" startTime="2019-07-11T17:49:45.0000000+00:00" endTime="2019-07-11T17:49:54.0000000+00:00" testType="13cdc9d9-ddb5-4fa4-a97d-d965ccfc6d4b" outcome="Passed" testListId="8c84fa94-04c1-424b-9868-57a2d4851a1d" relativeResultsDirectory="20cd42ee-586c-4601-b4e8-b651ffcd8935">
      <Output>
        <StdOut>sandbox: PrepareForTestRun started.&#xD;
sandbox: football liveStatsApp != null: True &#xD;
sandbox: football liveStatsApp.IsProcessRunning: True &#xD;
sandbox: setupLocalData: localDatabaseProvider != null: True&#xD;
sandbox: applicationPages != null: True&#xD;
sandbox: applicationPages.Webdriver != null: True&#xD;
sandbox: finished setuping local data&#xD;
sandbox: PrepareForTestRun complete.&#xD;
Given Match started with kick off from existing game&#xD;
-&gt; done: SetupGameSteps.GivenMatchStartedWithKickOffButtonFromExistingGame() (3.3s)&#xD;
And I remembered current players on pitch shirt numbers&#xD;
-&gt; done: GoalEditSteps.GivenIRememberCurrentPlayersOnPitch() (1.7s)&#xD;
Given "Yellow" Card for Team "1" player with shirt number "4" is registered&#xD;
Given action failed. Retrying after a timeout.&#xD;
-&gt; done: CardSteps.GivenCardForTeamPlayerWithShirtNumberIsRegistered(Yellow, 1, 4) (3.4s)&#xD;
When I click on 1 of type "Booking" event in action log&#xD;
-&gt; done: ActionLogSteps.GivenIClickOnLatestEventInActionLog(1, Booking) (0.2s)&#xD;
And I click "VAR" toggle&#xD;
-&gt; done: EditFormSteps.GivenIClickToggleToEnable() (0.1s)&#xD;
Then "Stands" outcome button is shown&#xD;
-&gt; done: EditFormSteps.GivenOutcomeButtonIsShown() (0.0s)&#xD;
And "Overturned" outcome button is shown&#xD;
-&gt; done: EditFormSteps.GivenOverturnedButtonIsShown() (0.0s)&#xD;
And Var outcome Overturned is not selected&#xD;
-&gt; done: EditFormSteps.ThenVarOutcomeOverturnedIsNotSelected() (0.0s)&#xD;
And Var outcome Stands is not selected&#xD;
-&gt; done: EditFormSteps.ThenVarOutcomeStandsIsNotSelected() (0.0s)&#xD;
sandbox: CleanUpAfterTestRun started.&#xD;
sandbox: application pages != null: True&#xD;
sandbox: web driver!= null: True&#xD;
sandbox: CleanUpAfterTestRun complete.</StdOut>
      </Output>
    </UnitTestResult>
    <UnitTestResult executionId="3e140ddc-f5bf-4a88-b334-a27b0846a509" testId="5a1040a6-1f43-40aa-3c1a-d05cf0251cf2" testName="GivenGoalKickRegistered_WhenUpdatingGoalTakenFromLocation_ThenUpdatesSuccessfully" computerName="EC2AMAZ-JEOO151" duration="00:00:08.5530000" startTime="2019-07-11T20:32:49.0000000+00:00" endTime="2019-07-11T20:32:58.0000000+00:00" testType="13cdc9d9-ddb5-4fa4-a97d-d965ccfc6d4b" outcome="Passed" testListId="8c84fa94-04c1-424b-9868-57a2d4851a1d" relativeResultsDirectory="3e140ddc-f5bf-4a88-b334-a27b0846a509">
      <Output>
        <StdOut>sandbox: PrepareForTestRun started.&#xD;
sandbox: football liveStatsApp != null: True &#xD;
sandbox: football liveStatsApp.IsProcessRunning: True &#xD;
sandbox: setupLocalData: localDatabaseProvider != null: True&#xD;
sandbox: applicationPages != null: True&#xD;
sandbox: applicationPages.Webdriver != null: True&#xD;
sandbox: finished setuping local data&#xD;
sandbox: PrepareForTestRun complete.&#xD;
Given action failed. Retrying after a timeout.&#xD;
Failed to find data-qa element with tag 'setPitchLocationButton'. No such element exception.&#xD;
sandbox: CleanUpAfterTestRun started.&#xD;
sandbox: application pages != null: True&#xD;
sandbox: web driver!= null: True&#xD;
sandbox: CleanUpAfterTestRun complete.</StdOut>
      </Output>
    </UnitTestResult>
    <UnitTestResult executionId="a161a545-bf57-4084-8b6d-097ad320bfd0" testId="7eb45eca-622b-d741-ed62-f8f66e702697" testName="GivenFreeKickInProgress_WhenSettingPossession_PossessionIsChanged(2)" computerName="EC2AMAZ-JEOO151" duration="00:00:10.5680000" startTime="2019-07-11T21:42:57.0000000+00:00" endTime="2019-07-11T21:43:08.0000000+00:00" testType="13cdc9d9-ddb5-4fa4-a97d-d965ccfc6d4b" outcome="Passed" testListId="8c84fa94-04c1-424b-9868-57a2d4851a1d" relativeResultsDirectory="a161a545-bf57-4084-8b6d-097ad320bfd0">
      <Output>
        <StdOut>sandbox: PrepareForTestRun started.&#xD;
sandbox: football liveStatsApp != null: True &#xD;
sandbox: football liveStatsApp.IsProcessRunning: True &#xD;
sandbox: setupLocalData: localDatabaseProvider != null: True&#xD;
sandbox: applicationPages != null: True&#xD;
sandbox: applicationPages.Webdriver != null: True&#xD;
sandbox: finished setuping local data&#xD;
sandbox: PrepareForTestRun complete.&#xD;
sandbox: CleanUpAfterTestRun started.&#xD;
sandbox: application pages != null: True&#xD;
sandbox: web driver!= null: True&#xD;
sandbox: CleanUpAfterTestRun complete.</StdOut>
      </Output>
    </UnitTestResult>
    <UnitTestResult executionId="c952b868-121c-492d-b575-9d2da6572f74" testId="6096d157-3686-33f5-c2bb-33775040699d" testName="GivenShotRegistered_WhenUpdatingAllFields_ThenUpdateSuccessfully" computerName="EC2AMAZ-JEOO151" duration="00:00:14.8160000" startTime="2019-07-11T20:43:37.0000000+00:00" endTime="2019-07-11T20:43:51.0000000+00:00" testType="13cdc9d9-ddb5-4fa4-a97d-d965ccfc6d4b" outcome="Passed" testListId="8c84fa94-04c1-424b-9868-57a2d4851a1d" relativeResultsDirectory="c952b868-121c-492d-b575-9d2da6572f74">
      <Output>
        <StdOut>sandbox: PrepareForTestRun started.&#xD;
sandbox: football liveStatsApp != null: True &#xD;
sandbox: football liveStatsApp.IsProcessRunning: True &#xD;
sandbox: setupLocalData: localDatabaseProvider != null: True&#xD;
sandbox: applicationPages != null: True&#xD;
sandbox: applicationPages.Webdriver != null: True&#xD;
sandbox: finished setuping local data&#xD;
sandbox: PrepareForTestRun complete.&#xD;
Failed to find element with query '[data-qa='activePitchOverlay']'. Web driver timeout exception.&#xD;
Given action failed. Retrying after a timeout.&#xD;
Failed to find element with query '[data-qa='activePitchOverlay']'. Web driver timeout exception.&#xD;
Given action failed. Retrying after a timeout.&#xD;
sandbox: CleanUpAfterTestRun started.&#xD;
sandbox: application pages != null: True&#xD;
sandbox: web driver!= null: True&#xD;
sandbox: CleanUpAfterTestRun complete.</StdOut>
      </Output>
    </UnitTestResult>
    <UnitTestResult executionId="8194cda4-4d7a-43e7-98d0-a3042e2d9609" testId="d63b7b96-55a7-b874-55cd-fe8e63b308fb" testName="SelectTeamAndGoalResultInGoalInsert(&quot;2&quot;,&quot;1&quot;,null)" computerName="EC2AMAZ-JEOO151" duration="00:00:16.6150000" startTime="2019-07-11T18:24:12.0000000+00:00" endTime="2019-07-11T18:24:29.0000000+00:00" testType="13cdc9d9-ddb5-4fa4-a97d-d965ccfc6d4b" outcome="Passed" testListId="8c84fa94-04c1-424b-9868-57a2d4851a1d" relativeResultsDirectory="8194cda4-4d7a-43e7-98d0-a3042e2d9609">
      <Output>
        <StdOut>sandbox: PrepareForTestRun started.&#xD;
sandbox: football liveStatsApp != null: True &#xD;
sandbox: football liveStatsApp.IsProcessRunning: True &#xD;
sandbox: setupLocalData: localDatabaseProvider != null: True&#xD;
sandbox: applicationPages != null: True&#xD;
sandbox: applicationPages.Webdriver != null: True&#xD;
sandbox: finished setuping local data&#xD;
sandbox: PrepareForTestRun complete.&#xD;
Given Match started with kick off from existing game&#xD;
-&gt; done: SetupGameSteps.GivenMatchStartedWithKickOffButtonFromExistingGame() (3.3s)&#xD;
And "Top right" corner added for Team 1&#xD;
Given action failed. Retrying after a timeout.&#xD;
-&gt; done: CornerSteps.GivenCornerAddedForTeam("Top right", 1) (3.4s)&#xD;
And "Yellow" Card for Team 1 is registered&#xD;
Given action failed. Retrying after a timeout.&#xD;
-&gt; done: CardSteps.GivenCardForTeamIsRegistered(Yellow, 1) (3.4s)&#xD;
And I clicked on latest "Corner" event in action log&#xD;
-&gt; done: ActionLogSteps.GivenIClickOnLatestEventInActionLog(Corner) (0.2s)&#xD;
And I entered new conceded event time of "0030"&#xD;
-&gt; done: EditFormSteps.GivenIEnterNewConcededEventTimeOf("0030") (0.9s)&#xD;
And I clicked Save button in action edit form&#xD;
-&gt; done: EditFormSteps.ClickSaveButtonInActionEditForm() (0.6s)&#xD;
And I remembered current players on pitch shirt numbers&#xD;
-&gt; done: GoalEditSteps.GivenIRememberCurrentPlayersOnPitch() (1.1s)&#xD;
When I click Expand Action log button&#xD;
-&gt; done: ActionLogSteps.WhenIClickExpandActionLogButton() (0.1s)&#xD;
And I click last action in expanded action log&#xD;
-&gt; done: ExpandedActionLogSteps.WhenIClickLastActionInExpandedActionLog() (0.1s)&#xD;
And I click insert after button in expanded action log&#xD;
-&gt; done: ExpandedActionLogSteps.WhenIClickInsertAfterButtonInExpandedActionLog() (0.1s)&#xD;
And I click insert Goal button in insert after dropdown&#xD;
-&gt; done: ExpandedActionLogSteps.WhenIClickInsertGoalButtonInInsertAfterDropdown() (0.1s)&#xD;
And I click "2" team in Goal by Team&#xD;
-&gt; done: GoalEditSteps.GivenIClickTeamInShotByTeam(2) (0.1s)&#xD;
And I click "own goal" button in insert window&#xD;
-&gt; done: GoalEditSteps.GivenIClickShotResultOwnGoalButton() (0.1s)&#xD;
Then "1" team players are visible in Who scored&#xD;
-&gt; done: GoalEditSteps.ThenTeamPlayersAreVisibleInWhoScored(1) (2.1s)&#xD;
sandbox: CleanUpAfterTestRun started.&#xD;
sandbox: application pages != null: True&#xD;
sandbox: web driver!= null: True&#xD;
sandbox: CleanUpAfterTestRun complete.</StdOut>
      </Output>
    </UnitTestResult>
    <UnitTestResult executionId="7e301dec-b724-4848-8fbb-12f9f48c4d1c" testId="02be8512-4cf1-f4b9-d992-118a1f2f6bc1" testName="FreeKickByTeamUpdateLocationsFoulOnPlayerAndFoulByPlayerSaved" computerName="EC2AMAZ-JEOO151" duration="00:00:11.2160000" startTime="2019-07-11T17:57:27.0000000+00:00" endTime="2019-07-11T17:57:38.0000000+00:00" testType="13cdc9d9-ddb5-4fa4-a97d-d965ccfc6d4b" outcome="Passed" testListId="8c84fa94-04c1-424b-9868-57a2d4851a1d" relativeResultsDirectory="7e301dec-b724-4848-8fbb-12f9f48c4d1c">
      <Output>
        <StdOut>sandbox: PrepareForTestRun started.&#xD;
sandbox: football liveStatsApp != null: True &#xD;
sandbox: football liveStatsApp.IsProcessRunning: True &#xD;
sandbox: setupLocalData: localDatabaseProvider != null: True&#xD;
sandbox: applicationPages != null: True&#xD;
sandbox: applicationPages.Webdriver != null: True&#xD;
sandbox: finished setuping local data&#xD;
sandbox: PrepareForTestRun complete.&#xD;
Given Match started with kick off from existing game&#xD;
-&gt; done: SetupGameSteps.GivenMatchStartedWithKickOffButtonFromExistingGame() (3.2s)&#xD;
And I remembered current players on pitch shirt numbers&#xD;
-&gt; done: GoalEditSteps.GivenIRememberCurrentPlayersOnPitch() (1.6s)&#xD;
Given Freekick for Team 1 is registered&#xD;
Given action failed. Retrying after a timeout.&#xD;
-&gt; done: FreeKickSteps.GivenFreekickForTeamIsRegistered(1) (1.3s)&#xD;
When I click on latest "FreeKick" event in action log&#xD;
-&gt; done: ActionLogSteps.GivenIClickOnLatestEventInActionLog(FreeKick) (0.3s)&#xD;
And I click Team button on left side in edit screen&#xD;
-&gt; done: EditFormSteps.GivenIClickTeamBySideInEditScreen("left") (0.1s)&#xD;
And I click fouled on player by shirt number 10 in freekick edit&#xD;
-&gt; done: FreeKickEditSteps.WhenIClickFouledOnPlayerInFreekickEdit(10) (0.4s)&#xD;
And I click "Set" button for Free Kick location&#xD;
-&gt; done: FreeKickEditSteps.WhenIClickButtonForFreeKickLocation() (0.1s)&#xD;
And I click on expanded pitch view x 75 y 25&#xD;
-&gt; done: ExpandedPitchPositionDialogSteps.GivenIClickOnExpandedPitchViewXY(75, 25) (0.1s)&#xD;
And I click "Proceed" button on expanded pitch view&#xD;
-&gt; done: ExpandedPitchPositionDialogSteps.GivenIClickButtonOnExpandedPitchView("Proceed") (0.1s)&#xD;
And I click "Set" button for Ball Landing location in freekick edit&#xD;
-&gt; done: FreeKickEditSteps.WhenIClickButtonForBallLandingLocationInFreekickEdit() (0.1s)&#xD;
And I click on expanded pitch view x 80 y 10&#xD;
-&gt; done: ExpandedPitchPositionDialogSteps.GivenIClickOnExpandedPitchViewXY(80, 10) (0.1s)&#xD;
And I click "Proceed" button on expanded pitch view&#xD;
-&gt; done: ExpandedPitchPositionDialogSteps.GivenIClickButtonOnExpandedPitchView("Proceed") (0.1s)&#xD;
And I click fouled by player by shirt number 6 in freekick edit&#xD;
-&gt; done: FreeKickEditSteps.WhenIClickFouledByPlayerInFreekickEdit(6) (0.4s)&#xD;
And I click Save button in action edit form&#xD;
-&gt; done: EditFormSteps.ClickSaveButtonInActionEditForm() (0.6s)&#xD;
And Wait for 1 seconds&#xD;
-&gt; done: PitchClockSteps.GivenIWaitSeconds(1) (1.0s)&#xD;
Then FREE KICK label of "Free Kick" event in action log is in team 2 color&#xD;
-&gt; done: ActionLogSteps.ThenSubItemOfEventInActionLogIsInTeamColor("FREE KICK", FreeKick, 2) (0.1s)&#xD;
And Player on pitch by shirt number 10 of team 2 is shown in FREE KICK of "Free Kick" event in action log&#xD;
-&gt; done: ActionLogSteps.ThenPlayerOnPitchByShirtNumberOfTeamIsShownInGoalOfEventInActionLog(10, 2, "FREE KICK", FreeKick) (0.4s)&#xD;
And FOUL label of "FreeKick" event in action log is in team 1 color&#xD;
-&gt; done: ActionLogSteps.ThenSubItemOfEventInActionLogIsInTeamColor("FOUL", FreeKick, 1) (0.1s)&#xD;
And Player on pitch by shirt number 6 of team 1 is shown in FOUL of "Free Kick" event in action log&#xD;
-&gt; done: ActionLogSteps.ThenPlayerOnPitchByShirtNumberOfTeamIsShownInGoalOfEventInActionLog(6, 1, "FOUL", FreeKick) (0.3s)&#xD;
sandbox: CleanUpAfterTestRun started.&#xD;
sandbox: application pages != null: True&#xD;
sandbox: web driver!= null: True&#xD;
sandbox: CleanUpAfterTestRun complete.</StdOut>
      </Output>
    </UnitTestResult>
    <UnitTestResult executionId="33394f40-d6dc-4bae-9cb2-5c3e53aa3f5e" testId="8451c11b-2a0c-c2f5-ab15-76541e1e2d70" testName="InsertCornerAfterOrBeforeLastEvent(&quot;after&quot;,&quot;0035&quot;,&quot;0036&quot;,&quot;00:35&quot;,&quot;1&quot;,&quot;1&quot;,&quot;bottom right&quot;,null)" computerName="EC2AMAZ-JEOO151" duration="00:00:16.3840000" startTime="2019-07-11T18:11:49.0000000+00:00" endTime="2019-07-11T18:12:05.0000000+00:00" testType="13cdc9d9-ddb5-4fa4-a97d-d965ccfc6d4b" outcome="Passed" testListId="8c84fa94-04c1-424b-9868-57a2d4851a1d" relativeResultsDirectory="33394f40-d6dc-4bae-9cb2-5c3e53aa3f5e">
      <Output>
        <StdOut>sandbox: PrepareForTestRun started.&#xD;
sandbox: football liveStatsApp != null: True &#xD;
sandbox: football liveStatsApp.IsProcessRunning: True &#xD;
sandbox: setupLocalData: localDatabaseProvider != null: True&#xD;
sandbox: applicationPages != null: True&#xD;
sandbox: applicationPages.Webdriver != null: True&#xD;
sandbox: finished setuping local data&#xD;
sandbox: PrepareForTestRun complete.&#xD;
Given Match started with kick off from existing game&#xD;
-&gt; done: SetupGameSteps.GivenMatchStartedWithKickOffButtonFromExistingGame() (3.3s)&#xD;
And "Yellow" Card for Team 1 is registered&#xD;
Given action failed. Retrying after a timeout.&#xD;
-&gt; done: CardSteps.GivenCardForTeamIsRegistered(Yellow, 1) (3.7s)&#xD;
And Throw in added for Team 1&#xD;
Given action failed. Retrying after a timeout.&#xD;
-&gt; done: ThrowInEditSteps.GivenThrowInAddedForTeam(1) (0.8s)&#xD;
And I clicked on latest "ThrowIn" event in action log&#xD;
-&gt; done: ActionLogSteps.GivenIClickOnLatestEventInActionLog(ThrowIn) (0.2s)&#xD;
And I entered new conceded event time of "0030"&#xD;
-&gt; done: EditFormSteps.GivenIEnterNewConcededEventTimeOf("0030") (1.0s)&#xD;
And I clicked Save button in action edit form&#xD;
-&gt; done: EditFormSteps.ClickSaveButtonInActionEditForm() (0.6s)&#xD;
When I click Expand Action log button&#xD;
-&gt; done: ActionLogSteps.WhenIClickExpandActionLogButton() (0.1s)&#xD;
And I insert "Corner" after last action in expanded action log&#xD;
-&gt; done: ExpandedActionLogSteps.WhenIInsertPenaltyAfterLastActionInExpandedActionLog(Corner) (0.3s)&#xD;
And I enter new conceded event time of "0035"&#xD;
-&gt; done: EditFormSteps.GivenIEnterNewConcededEventTimeOf("0035") (1.0s)&#xD;
And I enter new taken event time of "0036"&#xD;
-&gt; done: EditFormSteps.GivenIEnterNewTakenEventTimeOf("0036") (1.0s)&#xD;
And I click Team 1 in edit screen&#xD;
-&gt; done: EditFormSteps.GivenIClickTeamInEditScreen(1) (0.1s)&#xD;
And I click "bottom right" corner of the pitch&#xD;
-&gt; done: CornerSteps.GivenIClickCornerOfThePitch("bottom right") (0.1s)&#xD;
And I click edit Corner taken Location button&#xD;
-&gt; done: CornerEditSteps.GivenIClickEditCornerTakenLocationButton() (0.1s)&#xD;
And I click on expanded pitch view x 50 y 50&#xD;
-&gt; done: ExpandedPitchPositionDialogSteps.GivenIClickOnExpandedPitchViewXY(50, 50) (0.1s)&#xD;
And I Click "Save" Button on expanded pitch view&#xD;
-&gt; done: ExpandedPitchPositionDialogSteps.GivenIClickButtonOnExpandedPitchInCornerEditWorkflow("Save") (0.1s)&#xD;
And I click Save button in action edit form&#xD;
-&gt; done: EditFormSteps.ClickSaveButtonInActionEditForm() (0.6s)&#xD;
Then corner insert view is not visible&#xD;
Failed to find element with query '[data-qa='cornerInEditScreen']'. Web driver timeout exception.&#xD;
-&gt; done: CornerEditSteps.ThenCornerInsertViewIsNotVisible() (2.0s)&#xD;
And "Corner" Action is displayed at 1 in expanded action log&#xD;
-&gt; done: ExpandedActionLogSteps.ThenGoalActionIsDisplayedAtInExpandedActionLog("Corner", 1) (0.1s)&#xD;
And Action at position 1 half is displayed as "H1"&#xD;
-&gt; done: ExpandedActionLogSteps.ThenActionAtPositionHalfIsDisplayedAs(1, "H1") (0.0s)&#xD;
And Action at position 1 time is displayed as "00:35"&#xD;
-&gt; done: ExpandedActionLogSteps.ThenActionAtPositionTimeIsDisplayedAs(1, "00:35") (0.0s)&#xD;
And Action at position 1 do not have first qualifier&#xD;
-&gt; done: ExpandedActionLogSteps.ThenActionAtPositionDoNotHaveFirstQualifier(1) (0.0s)&#xD;
And Action at position 1 do not have second qualifier&#xD;
-&gt; done: ExpandedActionLogSteps.ThenActionAtPositionDoNotHaveSecondQualifier(1) (0.0s)&#xD;
And Action at position 1 contains team 1 name&#xD;
-&gt; done: ExpandedActionLogSteps.ThenActionAtPositionContainsTeam(1, 1) (0.0s)&#xD;
And Action at position 1 do not have player&#xD;
-&gt; done: ExpandedActionLogSteps.ThenActionAtPositionDoNotHavePlayer(1) (0.0s)&#xD;
And Action at position 1 do not have score&#xD;
-&gt; done: ExpandedActionLogSteps.ThenActionAtPositionDoNotHaveScore(1) (0.1s)&#xD;
sandbox: CleanUpAfterTestRun started.&#xD;
sandbox: application pages != null: True&#xD;
sandbox: web driver!= null: True&#xD;
sandbox: CleanUpAfterTestRun complete.</StdOut>
      </Output>
    </UnitTestResult>
    <UnitTestResult executionId="8fd17b74-d6f5-4f67-9298-197e93377441" testId="7794a212-8453-33eb-b065-090626d5124b" testName="GivenGameInProgress_WhenPitchIsClicked_ThenCorrespondingDangerZoneHighlights(40,50,1)" computerName="EC2AMAZ-JEOO151" duration="00:00:09.0830000" startTime="2019-07-11T21:16:39.0000000+00:00" endTime="2019-07-11T21:16:48.0000000+00:00" testType="13cdc9d9-ddb5-4fa4-a97d-d965ccfc6d4b" outcome="Passed" testListId="8c84fa94-04c1-424b-9868-57a2d4851a1d" relativeResultsDirectory="8fd17b74-d6f5-4f67-9298-197e93377441">
      <Output>
        <StdOut>sandbox: PrepareForTestRun started.&#xD;
sandbox: football liveStatsApp != null: True &#xD;
sandbox: football liveStatsApp.IsProcessRunning: True &#xD;
sandbox: setupLocalData: localDatabaseProvider != null: True&#xD;
sandbox: applicationPages != null: True&#xD;
sandbox: applicationPages.Webdriver != null: True&#xD;
sandbox: finished setuping local data&#xD;
sandbox: PrepareForTestRun complete.&#xD;
Failed to find element with query '[data-qa='activePitchOverlay']'. Web driver timeout exception.&#xD;
Given action failed. Retrying after a timeout.&#xD;
Failed to find element with query '[data-qa='activePitchOverlay']'. Web driver timeout exception.&#xD;
sandbox: CleanUpAfterTestRun started.&#xD;
sandbox: application pages != null: True&#xD;
sandbox: web driver!= null: True&#xD;
sandbox: CleanUpAfterTestRun complete.</StdOut>
      </Output>
    </UnitTestResult>
    <UnitTestResult executionId="0e88b8aa-c844-4b8b-8716-a550f5d238cf" testId="853975eb-3617-2df9-9de9-42854a76b763" testName="GivenGoalKickRegistered_WhenEditingGoalKickTimeToCollide_ThenContainerMovedDialogWithArrowsPrompted" computerName="EC2AMAZ-JEOO151" duration="00:00:14.7200000" startTime="2019-07-11T20:27:35.0000000+00:00" endTime="2019-07-11T20:27:50.0000000+00:00" testType="13cdc9d9-ddb5-4fa4-a97d-d965ccfc6d4b" outcome="Passed" testListId="8c84fa94-04c1-424b-9868-57a2d4851a1d" relativeResultsDirectory="0e88b8aa-c844-4b8b-8716-a550f5d238cf">
      <Output>
        <StdOut>sandbox: PrepareForTestRun started.&#xD;
sandbox: football liveStatsApp != null: True &#xD;
sandbox: football liveStatsApp.IsProcessRunning: True &#xD;
sandbox: setupLocalData: localDatabaseProvider != null: True&#xD;
sandbox: applicationPages != null: True&#xD;
sandbox: applicationPages.Webdriver != null: True&#xD;
sandbox: finished setuping local data&#xD;
sandbox: PrepareForTestRun complete.&#xD;
Given action failed. Retrying after a timeout.&#xD;
sandbox: CleanUpAfterTestRun started.&#xD;
sandbox: application pages != null: True&#xD;
sandbox: web driver!= null: True&#xD;
sandbox: CleanUpAfterTestRun complete.</StdOut>
      </Output>
    </UnitTestResult>
    <UnitTestResult executionId="43c91429-16e0-402b-906d-3de8199aaf4a" testId="135aef28-98a3-06ed-166f-ead8d4dfbf75" testName="GivenGameInProgress_WhenStartingShot_ThenShotWorkflowStarted" computerName="EC2AMAZ-JEOO151" duration="00:00:06.8160000" startTime="2019-07-11T21:11:23.0000000+00:00" endTime="2019-07-11T21:11:30.0000000+00:00" testType="13cdc9d9-ddb5-4fa4-a97d-d965ccfc6d4b" outcome="Passed" testListId="8c84fa94-04c1-424b-9868-57a2d4851a1d" relativeResultsDirectory="43c91429-16e0-402b-906d-3de8199aaf4a">
      <Output>
        <StdOut>sandbox: PrepareForTestRun started.&#xD;
sandbox: football liveStatsApp != null: True &#xD;
sandbox: football liveStatsApp.IsProcessRunning: True &#xD;
sandbox: setupLocalData: localDatabaseProvider != null: True&#xD;
sandbox: applicationPages != null: True&#xD;
sandbox: applicationPages.Webdriver != null: True&#xD;
sandbox: finished setuping local data&#xD;
sandbox: PrepareForTestRun complete.&#xD;
Given action failed. Retrying after a timeout.&#xD;
sandbox: CleanUpAfterTestRun started.&#xD;
sandbox: application pages != null: True&#xD;
sandbox: web driver!= null: True&#xD;
sandbox: CleanUpAfterTestRun complete.</StdOut>
      </Output>
    </UnitTestResult>
    <UnitTestResult executionId="f45f83f8-c9b1-4e5e-bdbe-a2a5a6df7b10" testId="9edf5ed4-9e04-cfbf-2682-1863ca32badf" testName="PenaltyCannotBeRetakenAfterGoalConfirmation" computerName="EC2AMAZ-JEOO151" duration="00:00:10.6010000" startTime="2019-07-11T19:05:48.0000000+00:00" endTime="2019-07-11T19:05:58.0000000+00:00" testType="13cdc9d9-ddb5-4fa4-a97d-d965ccfc6d4b" outcome="Passed" testListId="8c84fa94-04c1-424b-9868-57a2d4851a1d" relativeResultsDirectory="f45f83f8-c9b1-4e5e-bdbe-a2a5a6df7b10">
      <Output>
        <StdOut>sandbox: PrepareForTestRun started.&#xD;
sandbox: football liveStatsApp != null: True &#xD;
sandbox: football liveStatsApp.IsProcessRunning: True &#xD;
sandbox: setupLocalData: localDatabaseProvider != null: True&#xD;
sandbox: applicationPages != null: True&#xD;
sandbox: applicationPages.Webdriver != null: True&#xD;
sandbox: finished setuping local data&#xD;
sandbox: PrepareForTestRun complete.&#xD;
Given Match started with kick off from existing game&#xD;
-&gt; done: SetupGameSteps.GivenMatchStartedWithKickOffButtonFromExistingGame() (3.3s)&#xD;
Given penalty "Penalty Goal" button is selected for player "16" team "1"&#xD;
-&gt; done: PenaltySteps.GivenPenaltyGoalButtonIsSelected(16, 1) (4.0s)&#xD;
When I confirm penalty goal by clicking on "Confirm" button&#xD;
-&gt; done: GoalSteps.WhenIConfirmGoalByClickingOnButton() (2.4s)&#xD;
Then Net preview is shown&#xD;
-&gt; done: NetSectionSteps.ThenNetPreviewIsShown() (0.0s)&#xD;
And penalty retake is not available&#xD;
-&gt; done: PenaltySteps.ThenPenaltyRetakeIsNotAvailable() (0.1s)&#xD;
sandbox: CleanUpAfterTestRun started.&#xD;
sandbox: application pages != null: True&#xD;
sandbox: web driver!= null: True&#xD;
sandbox: CleanUpAfterTestRun complete.</StdOut>
      </Output>
    </UnitTestResult>
    <UnitTestResult executionId="39f5f1ae-bd2c-4b3d-ad07-57ab02ca9089" testId="c4dac473-59ad-bdba-f890-7b328a3e345b" testName="GivenExpandedLog_WhenInsertingCardAfter_ThenScoreboardIsPresentedCorrectly(Red,&quot;red&quot;,&quot;red&quot;,1,1)" computerName="EC2AMAZ-JEOO151" duration="00:00:17.5840000" startTime="2019-07-11T20:46:06.0000000+00:00" endTime="2019-07-11T20:46:24.0000000+00:00" testType="13cdc9d9-ddb5-4fa4-a97d-d965ccfc6d4b" outcome="Passed" testListId="8c84fa94-04c1-424b-9868-57a2d4851a1d" relativeResultsDirectory="39f5f1ae-bd2c-4b3d-ad07-57ab02ca9089">
      <Output>
        <StdOut>sandbox: PrepareForTestRun started.&#xD;
sandbox: football liveStatsApp != null: True &#xD;
sandbox: football liveStatsApp.IsProcessRunning: True &#xD;
sandbox: setupLocalData: localDatabaseProvider != null: True&#xD;
sandbox: applicationPages != null: True&#xD;
sandbox: applicationPages.Webdriver != null: True&#xD;
sandbox: finished setuping local data&#xD;
sandbox: PrepareForTestRun complete.&#xD;
sandbox: CleanUpAfterTestRun started.&#xD;
sandbox: application pages != null: True&#xD;
sandbox: web driver!= null: True&#xD;
sandbox: CleanUpAfterTestRun complete.</StdOut>
      </Output>
    </UnitTestResult>
    <UnitTestResult executionId="d692a57a-4662-4221-8a27-4dad450f61fb" testId="c9f87d29-1016-11af-9ba3-b7a1187f2c12" testName="GivenInterruptDialogPresent_WhenCancelingDialog_ThenClosesAndDoesntSetInterrupt" computerName="EC2AMAZ-JEOO151" duration="00:00:10.4820000" startTime="2019-07-11T21:28:43.0000000+00:00" endTime="2019-07-11T21:28:54.0000000+00:00" testType="13cdc9d9-ddb5-4fa4-a97d-d965ccfc6d4b" outcome="Passed" testListId="8c84fa94-04c1-424b-9868-57a2d4851a1d" relativeResultsDirectory="d692a57a-4662-4221-8a27-4dad450f61fb">
      <Output>
        <StdOut>sandbox: PrepareForTestRun started.&#xD;
sandbox: football liveStatsApp != null: True &#xD;
sandbox: football liveStatsApp.IsProcessRunning: True &#xD;
sandbox: setupLocalData: localDatabaseProvider != null: True&#xD;
sandbox: applicationPages != null: True&#xD;
sandbox: applicationPages.Webdriver != null: True&#xD;
sandbox: finished setuping local data&#xD;
sandbox: PrepareForTestRun complete.&#xD;
Failed to find element with query '[data-qa='confirmDelayButton']'. Web driver timeout exception.&#xD;
Failed to find element with query '[data-qa='delayLengthPrompt']'. Web driver timeout exception.&#xD;
sandbox: CleanUpAfterTestRun started.&#xD;
sandbox: application pages != null: True&#xD;
sandbox: web driver!= null: True&#xD;
sandbox: CleanUpAfterTestRun complete.</StdOut>
      </Output>
    </UnitTestResult>
    <UnitTestResult executionId="27c33c9e-20c7-46ef-93bc-8f2def97bc96" testId="4dbab8a2-ae49-9b10-8224-5e9be10e3bba" testName="EditCardDuringWorkflowFromExpandedActionLog" computerName="EC2AMAZ-JEOO151" duration="00:00:09.3010000" startTime="2019-07-11T17:52:43.0000000+00:00" endTime="2019-07-11T17:52:52.0000000+00:00" testType="13cdc9d9-ddb5-4fa4-a97d-d965ccfc6d4b" outcome="Passed" testListId="8c84fa94-04c1-424b-9868-57a2d4851a1d" relativeResultsDirectory="27c33c9e-20c7-46ef-93bc-8f2def97bc96">
      <Output>
        <StdOut>sandbox: PrepareForTestRun started.&#xD;
sandbox: football liveStatsApp != null: True &#xD;
sandbox: football liveStatsApp.IsProcessRunning: True &#xD;
sandbox: setupLocalData: localDatabaseProvider != null: True&#xD;
sandbox: applicationPages != null: True&#xD;
sandbox: applicationPages.Webdriver != null: True&#xD;
sandbox: finished setuping local data&#xD;
sandbox: PrepareForTestRun complete.&#xD;
Given Match started with kick off from existing game&#xD;
-&gt; done: SetupGameSteps.GivenMatchStartedWithKickOffButtonFromExistingGame() (3.3s)&#xD;
Given "Yellow" Card for Team 1 is registered&#xD;
Given action failed. Retrying after a timeout.&#xD;
-&gt; done: CardSteps.GivenCardForTeamIsRegistered(Yellow, 1) (3.5s)&#xD;
When I click Freekick button for team 1&#xD;
Given action failed. Retrying after a timeout.&#xD;
-&gt; done: TeamActionButtonSteps.WhenIClickFreekickButtonForTeam(1) (0.5s)&#xD;
And I open Expanded Action log&#xD;
-&gt; done: ActionLogSteps.WhenIClickExpandActionLogButton() (0.2s)&#xD;
And I open last "Booking" action edit view from expanded action log&#xD;
-&gt; done: ExpandedActionLogSteps.WhenIOpenLastActionEditViewFromExpandedActionLog(Booking) (0.1s)&#xD;
And I click Flag &amp; Save button in action edit form&#xD;
-&gt; done: EditFormSteps.ClickFlagAndSaveInActionEditForm() (0.4s)&#xD;
And I close expanded action log page&#xD;
-&gt; done: ExpandedActionLogSteps.WhenICloseExpandedActionLogPage() (0.1s)&#xD;
Then Pitch View is shown&#xD;
-&gt; done: PitchScreenSteps.PitchViewIsShown() (0.0s)&#xD;
And 1 event in action log of type "Booking" is flagged&#xD;
-&gt; done: ActionLogSteps.ThenEventInActionLogOfTypeIsFlagged(1, Booking) (0.0s)&#xD;
And Notification "Select free kick location..." is shown&#xD;
-&gt; done: PitchBottomMessageBarSteps.ThenIsShown("Select free kick ...") (0.1s)&#xD;
sandbox: CleanUpAfterTestRun started.&#xD;
sandbox: application pages != null: True&#xD;
sandbox: web driver!= null: True&#xD;
sandbox: CleanUpAfterTestRun complete.</StdOut>
      </Output>
    </UnitTestResult>
    <UnitTestResult executionId="6bc3d7e2-c724-40da-9880-56c56220f8c4" testId="ad913bcf-371e-aa07-8f2f-4b8f1f6ea95c" testName="GivenFirstHalfEnded_WhenEndHalfDeleted_ThenCanEndHalfAgain" computerName="EC2AMAZ-JEOO151" duration="00:00:09.9170000" startTime="2019-07-11T20:23:42.0000000+00:00" endTime="2019-07-11T20:23:52.0000000+00:00" testType="13cdc9d9-ddb5-4fa4-a97d-d965ccfc6d4b" outcome="Passed" testListId="8c84fa94-04c1-424b-9868-57a2d4851a1d" relativeResultsDirectory="6bc3d7e2-c724-40da-9880-56c56220f8c4">
      <Output>
        <StdOut>sandbox: PrepareForTestRun started.&#xD;
sandbox: football liveStatsApp != null: True &#xD;
sandbox: football liveStatsApp.IsProcessRunning: True &#xD;
sandbox: setupLocalData: localDatabaseProvider != null: True&#xD;
sandbox: applicationPages != null: True&#xD;
sandbox: applicationPages.Webdriver != null: True&#xD;
sandbox: finished setuping local data&#xD;
sandbox: PrepareForTestRun complete.&#xD;
sandbox: CleanUpAfterTestRun started.&#xD;
sandbox: application pages != null: True&#xD;
sandbox: web driver!= null: True&#xD;
sandbox: CleanUpAfterTestRun complete.</StdOut>
      </Output>
    </UnitTestResult>
    <UnitTestResult executionId="448fcebc-9dab-4f0b-8b22-b04c9115ef16" testId="32c3d94f-009d-0f4c-73ae-8aff5de79c9b" testName="LastMinuteControlsAreEnabled" computerName="EC2AMAZ-JEOO151" duration="00:00:11.2500000" startTime="2019-07-11T19:29:43.0000000+00:00" endTime="2019-07-11T19:29:54.0000000+00:00" testType="13cdc9d9-ddb5-4fa4-a97d-d965ccfc6d4b" outcome="Passed" testListId="8c84fa94-04c1-424b-9868-57a2d4851a1d" relativeResultsDirectory="448fcebc-9dab-4f0b-8b22-b04c9115ef16">
      <Output>
        <StdOut>sandbox: PrepareForTestRun started.&#xD;
sandbox: football liveStatsApp != null: True &#xD;
sandbox: football liveStatsApp.IsProcessRunning: True &#xD;
sandbox: setupLocalData: localDatabaseProvider != null: True&#xD;
sandbox: applicationPages != null: True&#xD;
sandbox: applicationPages.Webdriver != null: True&#xD;
sandbox: finished setuping local data&#xD;
sandbox: PrepareForTestRun complete.&#xD;
Given Game setup is finished&#xD;
-&gt; done: SetupGameSteps.GivenGameSetupIsFinished() (7.6s)&#xD;
And Game is kicked off with timer&#xD;
-&gt; done: PitchClockSteps.GivenGameIsKickedOff() (1.0s)&#xD;
When I set clock minutes value to "45"&#xD;
-&gt; done: PitchClockSteps.WhenISetClockMinutesValueTo(45) (1.5s)&#xD;
Then "time input" is enabled&#xD;
-&gt; done: PitchClockSteps.ThenIsEnabled() (0.0s)&#xD;
sandbox: CleanUpAfterTestRun started.&#xD;
sandbox: application pages != null: True&#xD;
sandbox: web driver!= null: True&#xD;
sandbox: CleanUpAfterTestRun complete.</StdOut>
      </Output>
    </UnitTestResult>
    <UnitTestResult executionId="abf93cd8-feb9-44c7-9832-3b29ff3d924f" testId="fe64d621-dcff-6d81-182c-eb8346a5f723" testName="EmptyOrInvalidMatchKeyIsRejected(&quot;&quot;,null)" computerName="EC2AMAZ-JEOO151" duration="00:00:02.0880000" startTime="2019-07-11T17:22:02.0000000+00:00" endTime="2019-07-11T17:22:04.0000000+00:00" testType="13cdc9d9-ddb5-4fa4-a97d-d965ccfc6d4b" outcome="Passed" testListId="8c84fa94-04c1-424b-9868-57a2d4851a1d" relativeResultsDirectory="abf93cd8-feb9-44c7-9832-3b29ff3d924f">
      <Output>
        <StdOut>sandbox: PrepareForTestRun started.&#xD;
sandbox: football liveStatsApp != null: True &#xD;
sandbox: football liveStatsApp.IsProcessRunning: True &#xD;
sandbox: setupLocalData: localDatabaseProvider != null: True&#xD;
sandbox: applicationPages != null: True&#xD;
sandbox: applicationPages.Webdriver != null: True&#xD;
sandbox: finished setuping local data&#xD;
sandbox: PrepareForTestRun complete.&#xD;
Given Load Game Using Match Key Dialog Is Opened&#xD;
-&gt; done: DashBoardSteps.GivenLoadGameUsingMatchKeyDialogIsOpened() (0.2s)&#xD;
When I enter match key&#xD;
-&gt; done: DashBoardSteps.WhenIEnterMatchKey("") (0.1s)&#xD;
And I click Next button&#xD;
-&gt; done: DashBoardSteps.WhenIClickNextButton() (0.1s)&#xD;
Then Invalid Match Key message is displayed&#xD;
-&gt; done: DashBoardSteps.ThenInvalidMatchKeyMessageIsDisplayed() (0.2s)&#xD;
And Match Key field is highlighted&#xD;
-&gt; done: DashBoardSteps.ThenMatchKeyFieldIsHighlighted() (0.0s)&#xD;
sandbox: CleanUpAfterTestRun started.&#xD;
sandbox: application pages != null: True&#xD;
sandbox: web driver!= null: True&#xD;
sandbox: CleanUpAfterTestRun complete.</StdOut>
      </Output>
    </UnitTestResult>
    <UnitTestResult executionId="3bb028d2-0074-402b-a737-e58d00522ab2" testId="609e94f4-278c-20fd-1ecb-4a79b44bd18a" testName="GivenPlayersTab_WhenEnteringExtraPlayers_ThenCanProceedToFormations" computerName="EC2AMAZ-JEOO151" duration="00:01:22.1770000" startTime="2019-07-11T20:09:26.0000000+00:00" endTime="2019-07-11T20:10:48.0000000+00:00" testType="13cdc9d9-ddb5-4fa4-a97d-d965ccfc6d4b" outcome="Passed" testListId="8c84fa94-04c1-424b-9868-57a2d4851a1d" relativeResultsDirectory="3bb028d2-0074-402b-a737-e58d00522ab2">
      <Output>
        <StdOut>sandbox: PrepareForTestRun started.&#xD;
sandbox: football liveStatsApp != null: True &#xD;
sandbox: football liveStatsApp.IsProcessRunning: True &#xD;
sandbox: setupLocalData: localDatabaseProvider != null: True&#xD;
sandbox: applicationPages != null: True&#xD;
sandbox: applicationPages.Webdriver != null: True&#xD;
sandbox: finished setuping local data&#xD;
sandbox: PrepareForTestRun complete.&#xD;
sandbox: CleanUpAfterTestRun started.&#xD;
sandbox: application pages != null: True&#xD;
sandbox: web driver!= null: True&#xD;
Given action failed. Retrying after a timeout. Most likely UI was not fast enough to refresh itself.&#xD;
sandbox: CleanUpAfterTestRun complete.</StdOut>
      </Output>
    </UnitTestResult>
    <UnitTestResult executionId="1a972931-2c75-4172-95fa-64efd86bc36e" testId="1e7aa579-ee8e-5ec6-5268-0562e6ae4137" testName="ExtraPlayerCanBeAdded" computerName="EC2AMAZ-JEOO151" duration="00:00:42.2300000" startTime="2019-07-11T17:37:53.0000000+00:00" endTime="2019-07-11T17:38:35.0000000+00:00" testType="13cdc9d9-ddb5-4fa4-a97d-d965ccfc6d4b" outcome="Passed" testListId="8c84fa94-04c1-424b-9868-57a2d4851a1d" relativeResultsDirectory="1a972931-2c75-4172-95fa-64efd86bc36e">
      <Output>
        <StdOut>sandbox: PrepareForTestRun started.&#xD;
sandbox: football liveStatsApp != null: True &#xD;
sandbox: football liveStatsApp.IsProcessRunning: True &#xD;
sandbox: setupLocalData: localDatabaseProvider != null: True&#xD;
sandbox: applicationPages != null: True&#xD;
sandbox: applicationPages.Webdriver != null: True&#xD;
sandbox: finished setuping local data&#xD;
sandbox: PrepareForTestRun complete.&#xD;
Given I am in players tab&#xD;
-&gt; done: PlayersTabSteps.GivenIAmInPlayersTab() (3.1s)&#xD;
When I enter all data for 11 players of team 1&#xD;
-&gt; done: PlayersTabSteps.WhenIEnterAllDataForPlayersForTeam(11, 1) (37.3s)&#xD;
And I Add player for team 1&#xD;
-&gt; done: PlayersTabSteps.WhenIAddPlayerForTeam(1) (0.1s)&#xD;
Then columns "No.", "First Name", "Last Name", "Position" "Capt.", "Playing" and "Starter" are displayed for player 12 of team 1&#xD;
-&gt; done: PlayersTabSteps.ThenColumnsNumberFirstNameSurnamePositoionCaptPlayingStarterAreDisplayedForPlayerOfTeam(12, 1) (0.3s)&#xD;
sandbox: CleanUpAfterTestRun started.&#xD;
sandbox: application pages != null: True&#xD;
sandbox: web driver!= null: True&#xD;
Given action failed. Retrying after a timeout. Most likely UI was not fast enough to refresh itself.&#xD;
sandbox: CleanUpAfterTestRun complete.</StdOut>
      </Output>
    </UnitTestResult>
    <UnitTestResult executionId="98ac6f12-69f6-43f4-88a4-73ca0e98b73f" testId="b4332307-28e1-d620-83fa-5f3f0d9f1144" testName="GivenGameInProgress_WhenFilingCard_ThenScoreboardsStatsAreUpdated(1,Yellow)" computerName="EC2AMAZ-JEOO151" duration="00:00:05.8960000" startTime="2019-07-11T21:41:57.0000000+00:00" endTime="2019-07-11T21:42:03.0000000+00:00" testType="13cdc9d9-ddb5-4fa4-a97d-d965ccfc6d4b" outcome="Passed" testListId="8c84fa94-04c1-424b-9868-57a2d4851a1d" relativeResultsDirectory="98ac6f12-69f6-43f4-88a4-73ca0e98b73f">
      <Output>
        <StdOut>sandbox: PrepareForTestRun started.&#xD;
sandbox: football liveStatsApp != null: True &#xD;
sandbox: football liveStatsApp.IsProcessRunning: True &#xD;
sandbox: setupLocalData: localDatabaseProvider != null: True&#xD;
sandbox: applicationPages != null: True&#xD;
sandbox: applicationPages.Webdriver != null: True&#xD;
sandbox: finished setuping local data&#xD;
sandbox: PrepareForTestRun complete.&#xD;
sandbox: CleanUpAfterTestRun started.&#xD;
sandbox: application pages != null: True&#xD;
sandbox: web driver!= null: True&#xD;
sandbox: CleanUpAfterTestRun complete.</StdOut>
      </Output>
    </UnitTestResult>
    <UnitTestResult executionId="d8b5645f-f829-44e0-b08d-716de11de20f" testId="b112afa7-3d69-8892-6dfd-863701db5086" testName="GivenGameInProgress_WhenStartingCornerWorkflow_ThenScoreboardsStatsAreUpdated(2)" computerName="EC2AMAZ-JEOO151" duration="00:00:05.1830000" startTime="2019-07-11T21:42:21.0000000+00:00" endTime="2019-07-11T21:42:26.0000000+00:00" testType="13cdc9d9-ddb5-4fa4-a97d-d965ccfc6d4b" outcome="Passed" testListId="8c84fa94-04c1-424b-9868-57a2d4851a1d" relativeResultsDirectory="d8b5645f-f829-44e0-b08d-716de11de20f">
      <Output>
        <StdOut>sandbox: PrepareForTestRun started.&#xD;
sandbox: football liveStatsApp != null: True &#xD;
sandbox: football liveStatsApp.IsProcessRunning: True &#xD;
sandbox: setupLocalData: localDatabaseProvider != null: True&#xD;
sandbox: applicationPages != null: True&#xD;
sandbox: applicationPages.Webdriver != null: True&#xD;
sandbox: finished setuping local data&#xD;
sandbox: PrepareForTestRun complete.&#xD;
Given action failed. Retrying after a timeout.&#xD;
sandbox: CleanUpAfterTestRun started.&#xD;
sandbox: application pages != null: True&#xD;
sandbox: web driver!= null: True&#xD;
sandbox: CleanUpAfterTestRun complete.</StdOut>
      </Output>
    </UnitTestResult>
    <UnitTestResult executionId="68bea65b-75a3-45f2-8923-5ec7b060b3c3" testId="c74ffe54-2bb8-fe11-802b-11dfa7f4c0e8" testName="SelectCard(&quot;Yellow&quot;,&quot;Yellow&quot;,null)" computerName="EC2AMAZ-JEOO151" duration="00:00:04.9140000" startTime="2019-07-11T18:55:08.0000000+00:00" endTime="2019-07-11T18:55:13.0000000+00:00" testType="13cdc9d9-ddb5-4fa4-a97d-d965ccfc6d4b" outcome="Passed" testListId="8c84fa94-04c1-424b-9868-57a2d4851a1d" relativeResultsDirectory="68bea65b-75a3-45f2-8923-5ec7b060b3c3">
      <Output>
        <StdOut>sandbox: PrepareForTestRun started.&#xD;
sandbox: football liveStatsApp != null: True &#xD;
sandbox: football liveStatsApp.IsProcessRunning: True &#xD;
sandbox: setupLocalData: localDatabaseProvider != null: True&#xD;
sandbox: applicationPages != null: True&#xD;
sandbox: applicationPages.Webdriver != null: True&#xD;
sandbox: finished setuping local data&#xD;
sandbox: PrepareForTestRun complete.&#xD;
Given Match started with kick off from existing game&#xD;
-&gt; done: SetupGameSteps.GivenMatchStartedWithKickOffButtonFromExistingGame() (3.3s)&#xD;
When I click on team 1 possible "Yellow"&#xD;
-&gt; done: TeamActionButtonSteps.StartPossibleCardRegistration(1, Yellow) (0.6s)&#xD;
And I click "Yellow" card button&#xD;
-&gt; done: TeamActionButtonSteps.WhenIClickCardButton("Yellow") (0.1s)&#xD;
Then Confirmation dialog is displayed&#xD;
-&gt; done: CardSteps.ThenConfirmationDialogIsDisplayed() (0.1s)&#xD;
And "Confirm" button is shown in booking confirmation dialog&#xD;
-&gt; done: CardSteps.ThenButtonIsShownInConfirmationDialog("Confirm") (0.0s)&#xD;
And "Cancel &amp; Delete" button is shown in booking confirmation dialog&#xD;
-&gt; done: CardSteps.ThenButtonIsShownInConfirmationDialog("Cancel &amp; Delete") (0.0s)&#xD;
sandbox: CleanUpAfterTestRun started.&#xD;
sandbox: application pages != null: True&#xD;
sandbox: web driver!= null: True&#xD;
sandbox: CleanUpAfterTestRun complete.</StdOut>
      </Output>
    </UnitTestResult>
    <UnitTestResult executionId="48fe00a9-4465-4e63-ac27-c8d8d6263412" testId="37a9cb03-b295-1171-ed55-730c9514d1d7" testName="GivenGameInProgress_WhenPitchIsClicked_ThenCorrespondingDangerZoneHighlights(20,50,0)" computerName="EC2AMAZ-JEOO151" duration="00:00:10.4530000" startTime="2019-07-11T21:16:28.0000000+00:00" endTime="2019-07-11T21:16:39.0000000+00:00" testType="13cdc9d9-ddb5-4fa4-a97d-d965ccfc6d4b" outcome="Passed" testListId="8c84fa94-04c1-424b-9868-57a2d4851a1d" relativeResultsDirectory="48fe00a9-4465-4e63-ac27-c8d8d6263412">
      <Output>
        <StdOut>sandbox: PrepareForTestRun started.&#xD;
sandbox: football liveStatsApp != null: True &#xD;
sandbox: football liveStatsApp.IsProcessRunning: True &#xD;
sandbox: setupLocalData: localDatabaseProvider != null: True&#xD;
sandbox: applicationPages != null: True&#xD;
sandbox: applicationPages.Webdriver != null: True&#xD;
sandbox: finished setuping local data&#xD;
sandbox: PrepareForTestRun complete.&#xD;
Failed to find element with query '[data-qa='activePitchOverlay']'. Web driver timeout exception.&#xD;
Given action failed. Retrying after a timeout.&#xD;
Failed to find element with query '[data-qa='activePitchOverlay']'. Web driver timeout exception.&#xD;
sandbox: CleanUpAfterTestRun started.&#xD;
sandbox: application pages != null: True&#xD;
sandbox: web driver!= null: True&#xD;
sandbox: CleanUpAfterTestRun complete.</StdOut>
      </Output>
    </UnitTestResult>
    <UnitTestResult executionId="52140f77-4623-4ac6-8d03-a3bc96de0f1d" testId="d6bac64a-a721-0ba2-b6ab-4b7f36162820" testName="NoOnVARForPenaltyFirstStep(&quot;2&quot;,null)" computerName="EC2AMAZ-JEOO151" duration="00:00:06.2990000" startTime="2019-07-11T19:58:26.0000000+00:00" endTime="2019-07-11T19:58:32.0000000+00:00" testType="13cdc9d9-ddb5-4fa4-a97d-d965ccfc6d4b" outcome="Passed" testListId="8c84fa94-04c1-424b-9868-57a2d4851a1d" relativeResultsDirectory="52140f77-4623-4ac6-8d03-a3bc96de0f1d">
      <Output>
        <StdOut>sandbox: PrepareForTestRun started.&#xD;
sandbox: football liveStatsApp != null: True &#xD;
sandbox: football liveStatsApp.IsProcessRunning: True &#xD;
sandbox: setupLocalData: localDatabaseProvider != null: True&#xD;
sandbox: applicationPages != null: True&#xD;
sandbox: applicationPages.Webdriver != null: True&#xD;
sandbox: finished setuping local data&#xD;
sandbox: PrepareForTestRun complete.&#xD;
Given Match started with kick off from existing game&#xD;
-&gt; done: SetupGameSteps.GivenMatchStartedWithKickOffButtonFromExistingGame() (3.4s)&#xD;
When I click "Possible Penalty" button for team 2&#xD;
-&gt; done: TeamActionButtonSteps.GivenIClickPossiblePenaltyButtonForTeam(2) (0.5s)&#xD;
And I click "Possible VAR" Button&#xD;
-&gt; done: WorkflowSteps.WhenIClickButton() (0.1s)&#xD;
And I click "No" button in confirmation dialog&#xD;
-&gt; done: WorkflowSteps.WhenIClickNoButtonInConfirmationDialog() (0.2s)&#xD;
Then VAR label is shown in Penalty event action log&#xD;
-&gt; done: ActionLogSteps.ThenOffenceIsShownInPenaltyEventActionLog("VAR", Penalty) (0.2s)&#xD;
And VAR label of "Penalty" event in action log is in team 2 color&#xD;
-&gt; done: ActionLogSteps.ThenSubItemOfEventInActionLogIsInTeamColor("VAR", Penalty, 2) (0.1s)&#xD;
And VAR label of "Penalty" event in action log contains "Penalty Overturned" message&#xD;
-&gt; done: ActionLogSteps.ThenSubItemOfEventInActionLogIsInTeamColor("VAR", Penalty, "Penalty Overturned") (0.1s)&#xD;
And Latest "Penalty" event is completed&#xD;
-&gt; done: ActionLogSteps.ThenLatestEventIsConfirmed(Penalty) (0.0s)&#xD;
And Action Buttons are enabled&#xD;
-&gt; done: TeamActionButtonSteps.ThenActionButtonsAreEnabled() (0.7s)&#xD;
sandbox: CleanUpAfterTestRun started.&#xD;
sandbox: application pages != null: True&#xD;
sandbox: web driver!= null: True&#xD;
sandbox: CleanUpAfterTestRun complete.</StdOut>
      </Output>
    </UnitTestResult>
    <UnitTestResult executionId="ecdf1b7c-d362-4244-91e6-e9cc0109e125" testId="9df32449-564b-0ce9-0e63-c308b1a26b74" testName="GoalKickWithoutFromLocationCannotBeInserted" computerName="EC2AMAZ-JEOO151" duration="00:00:15.2640000" startTime="2019-07-11T18:16:33.0000000+00:00" endTime="2019-07-11T18:16:49.0000000+00:00" testType="13cdc9d9-ddb5-4fa4-a97d-d965ccfc6d4b" outcome="Passed" testListId="8c84fa94-04c1-424b-9868-57a2d4851a1d" relativeResultsDirectory="ecdf1b7c-d362-4244-91e6-e9cc0109e125">
      <Output>
        <StdOut>sandbox: PrepareForTestRun started.&#xD;
sandbox: football liveStatsApp != null: True &#xD;
sandbox: football liveStatsApp.IsProcessRunning: True &#xD;
sandbox: setupLocalData: localDatabaseProvider != null: True&#xD;
sandbox: applicationPages != null: True&#xD;
sandbox: applicationPages.Webdriver != null: True&#xD;
sandbox: finished setuping local data&#xD;
sandbox: PrepareForTestRun complete.&#xD;
Given Match started with kick off from existing game&#xD;
-&gt; done: SetupGameSteps.GivenMatchStartedWithKickOffButtonFromExistingGame() (3.3s)&#xD;
And "Yellow" Card for Team 1 is registered&#xD;
Given action failed. Retrying after a timeout.&#xD;
-&gt; done: CardSteps.GivenCardForTeamIsRegistered(Yellow, 1) (3.7s)&#xD;
And "Top right" corner added for Team 1&#xD;
Given action failed. Retrying after a timeout.&#xD;
-&gt; done: CornerSteps.GivenCornerAddedForTeam("Top right", 1) (3.0s)&#xD;
And I clicked on latest "Corner" event in action log&#xD;
-&gt; done: ActionLogSteps.GivenIClickOnLatestEventInActionLog(Corner) (0.2s)&#xD;
And I entered new conceded event time of "0030"&#xD;
-&gt; done: EditFormSteps.GivenIEnterNewConcededEventTimeOf("0030") (1.0s)&#xD;
And I clicked Save button in action edit form&#xD;
-&gt; done: EditFormSteps.ClickSaveButtonInActionEditForm() (0.6s)&#xD;
When I click Expand Action log button&#xD;
-&gt; done: ActionLogSteps.WhenIClickExpandActionLogButton() (0.1s)&#xD;
And I click last action in expanded action log&#xD;
-&gt; done: ExpandedActionLogSteps.WhenIClickLastActionInExpandedActionLog() (0.1s)&#xD;
And I click insert after button in expanded action log&#xD;
-&gt; done: ExpandedActionLogSteps.WhenIClickInsertAfterButtonInExpandedActionLog() (0.1s)&#xD;
And I click insert Goal Kick button in insert after dropdown&#xD;
-&gt; done: ExpandedActionLogSteps.WhenIClickInsertGoalKickButtonInInsertAfterDropdown() (0.1s)&#xD;
And I enter new conceded event time of "0035"&#xD;
-&gt; done: EditFormSteps.GivenIEnterNewConcededEventTimeOf("0035") (1.0s)&#xD;
And I enter new taken event time of "0035"&#xD;
-&gt; done: EditFormSteps.GivenIEnterNewTakenEventTimeOf("0035") (1.1s)&#xD;
And I click team 1 in edit form&#xD;
-&gt; done: EditFormSteps.WhenIClickTeamInEditForm(1) (0.1s)&#xD;
Then "save" Button is disabled&#xD;
-&gt; done: EditFormSteps.ThenButtonIsDisabled() (0.0s)&#xD;
sandbox: CleanUpAfterTestRun started.&#xD;
sandbox: application pages != null: True&#xD;
sandbox: web driver!= null: True&#xD;
sandbox: CleanUpAfterTestRun complete.</StdOut>
      </Output>
    </UnitTestResult>
    <UnitTestResult executionId="fc0b751d-3148-44cf-b34b-c0c20693d1fa" testId="ccb34560-c82b-1676-175f-c83fafa37876" testName="FootballShotWithUpdatedTeamAndPlayerSaved" computerName="EC2AMAZ-JEOO151" duration="00:00:12.0490000" startTime="2019-07-11T18:04:43.0000000+00:00" endTime="2019-07-11T18:04:55.0000000+00:00" testType="13cdc9d9-ddb5-4fa4-a97d-d965ccfc6d4b" outcome="Passed" testListId="8c84fa94-04c1-424b-9868-57a2d4851a1d" relativeResultsDirectory="fc0b751d-3148-44cf-b34b-c0c20693d1fa">
      <Output>
        <StdOut>sandbox: PrepareForTestRun started.&#xD;
sandbox: football liveStatsApp != null: True &#xD;
sandbox: football liveStatsApp.IsProcessRunning: True &#xD;
sandbox: setupLocalData: localDatabaseProvider != null: True&#xD;
sandbox: applicationPages != null: True&#xD;
sandbox: applicationPages.Webdriver != null: True&#xD;
sandbox: finished setuping local data&#xD;
sandbox: PrepareForTestRun complete.&#xD;
Given Match started with kick off from existing game&#xD;
-&gt; done: SetupGameSteps.GivenMatchStartedWithKickOffButtonFromExistingGame() (3.3s)&#xD;
And I remembered current players on pitch shirt numbers&#xD;
-&gt; done: GoalEditSteps.GivenIRememberCurrentPlayersOnPitch() (1.5s)&#xD;
Given I add a goal for team 1 player 4 assisted by player 13&#xD;
Given action failed. Retrying after a timeout.&#xD;
-&gt; done: GoalSteps.GivenIAddAGoalForTeamPlayerAssistedByPlayer(1, 4, 13) (3.8s)&#xD;
And I click goal event in action log&#xD;
-&gt; done: ActionLogSteps.GivenIClickGoalEventInActionLog() (0.3s)&#xD;
And I click "2" side team in Shot by Team&#xD;
-&gt; done: GoalEditSteps.GivenIClickTeamInShotByTeam(2) (0.1s)&#xD;
And I click player 10 from who scored&#xD;
-&gt; done: GoalEditSteps.GivenIClickPlayerFromWhoScored(10) (0.4s)&#xD;
And I clicked Save button in action edit form&#xD;
-&gt; done: EditFormSteps.ClickSaveButtonInActionEditForm() (0.6s)&#xD;
And I wait 1 seconds&#xD;
-&gt; done: PitchClockSteps.GivenIWaitSeconds(1) (1.0s)&#xD;
Then Score is 1 for team 2&#xD;
-&gt; done: ScoreBoardSteps.ThenScoreIsForTeam(1, 2) (0.1s)&#xD;
And "left" team color is shown on Goal event in Action Log&#xD;
-&gt; done: ActionLogSteps.ThenTeamColorIsShownOnGoalEventInActionLog("left") (0.1s)&#xD;
And player 10 is shown in Goal event in action log&#xD;
-&gt; done: GoalEditSteps.ThenTeamPlayerIsShownInGoalEventInActionLog(10) (0.1s)&#xD;
sandbox: CleanUpAfterTestRun started.&#xD;
sandbox: application pages != null: True&#xD;
sandbox: web driver!= null: True&#xD;
sandbox: CleanUpAfterTestRun complete.</StdOut>
      </Output>
    </UnitTestResult>
    <UnitTestResult executionId="00ef27ae-0a02-4ff8-ba38-2f15fec9f069" testId="0ce11532-137a-7e8e-b2fa-b2fd7718f05e" testName="InsertShotOffPenaltyAfterFoulWithNoSave" computerName="EC2AMAZ-JEOO151" duration="00:00:15.8250000" startTime="2019-07-11T18:33:51.0000000+00:00" endTime="2019-07-11T18:34:07.0000000+00:00" testType="13cdc9d9-ddb5-4fa4-a97d-d965ccfc6d4b" outcome="Passed" testListId="8c84fa94-04c1-424b-9868-57a2d4851a1d" relativeResultsDirectory="00ef27ae-0a02-4ff8-ba38-2f15fec9f069">
      <Output>
        <StdOut>sandbox: PrepareForTestRun started.&#xD;
sandbox: football liveStatsApp != null: True &#xD;
sandbox: football liveStatsApp.IsProcessRunning: True &#xD;
sandbox: setupLocalData: localDatabaseProvider != null: True&#xD;
sandbox: applicationPages != null: True&#xD;
sandbox: applicationPages.Webdriver != null: True&#xD;
sandbox: finished setuping local data&#xD;
sandbox: PrepareForTestRun complete.&#xD;
Given Match started with kick off from existing game&#xD;
-&gt; done: SetupGameSteps.GivenMatchStartedWithKickOffButtonFromExistingGame() (3.3s)&#xD;
And Throw in added for Team 1&#xD;
-&gt; done: ThrowInEditSteps.GivenThrowInAddedForTeam(1) (1.0s)&#xD;
And I clicked on latest "ThrowIn" event in action log&#xD;
-&gt; done: ActionLogSteps.GivenIClickOnLatestEventInActionLog(ThrowIn) (0.2s)&#xD;
And I entered new conceded event time of "0030"&#xD;
-&gt; done: EditFormSteps.GivenIEnterNewConcededEventTimeOf("0030") (1.0s)&#xD;
And I clicked Save button in action edit form&#xD;
-&gt; done: EditFormSteps.ClickSaveButtonInActionEditForm() (0.6s)&#xD;
And I remembered current players on pitch shirt numbers&#xD;
-&gt; done: GoalEditSteps.GivenIRememberCurrentPlayersOnPitch() (1.2s)&#xD;
When I click Expand Action log button&#xD;
-&gt; done: ActionLogSteps.WhenIClickExpandActionLogButton() (0.1s)&#xD;
And I insert "Penalty" after last action in expanded action log&#xD;
-&gt; done: ExpandedActionLogSteps.WhenIInsertPenaltyAfterLastActionInExpandedActionLog(Penalty) (0.3s)&#xD;
And I enter "0035" as conceded and "0036" as taken time&#xD;
-&gt; done: EditFormSteps.WhenIEnterAsConcededAndAsTakenTime("0035", "0036") (2.1s)&#xD;
And I set penalty retake count to 1 in penalty edit&#xD;
-&gt; done: PenaltyEditSteps.WhenISetRetakeCountTo(1) (0.1s)&#xD;
And I choose player with number 6 from team 1 as penalty taker&#xD;
-&gt; done: PenaltyShootoutEditSteps.WhenIChoosePlayerWithNumberFromTeamAsPenaltyTaker(6, 1) (0.5s)&#xD;
And I choose player with number 4 for foul reason&#xD;
-&gt; done: PenaltyEditSteps.WhenIChoosePlayerWithNumberForFoulReason(4) (0.5s)&#xD;
And I click on miss off target result in penalty edit&#xD;
-&gt; done: PenaltyEditSteps.WhenIClickOnMissOffTargetPenaltyResult() (0.1s)&#xD;
And I click on goalkeeper not saved in penalty insert&#xD;
-&gt; done: PenaltyShootoutEditSteps.WhenIClickOnGoalkeeperNotSavedInPenaltyInsert() (0.1s)&#xD;
And I add pitch location&#xD;
-&gt; done: MiniPitchEditPageElementSteps.WhenIAddPitchLocation() (0.3s)&#xD;
And I add "out top right" shot location in net section&#xD;
-&gt; done: PenaltyShootoutEditSteps.WhenIAddShotLocationInNetSection("out top right") (0.3s)&#xD;
And I click Save button in action edit form&#xD;
-&gt; done: EditFormSteps.ClickSaveButtonInActionEditForm() (0.6s)&#xD;
Then penalty insert view is not visible&#xD;
Failed to find element with query '[data-qa='penaltyEditScreen']'. Web driver timeout exception.&#xD;
-&gt; done: PenaltyEditSteps.ThenPenaltyShootoutKickInsertViewIsNotVisible() (2.0s)&#xD;
And "Penalty" Action is displayed at 1 in expanded action log&#xD;
-&gt; done: ExpandedActionLogSteps.ThenGoalActionIsDisplayedAtInExpandedActionLog("Penalty", 1) (0.1s)&#xD;
And at 1 position action time is "00:35" in "H1" half&#xD;
-&gt; done: ExpandedActionLogSteps.ThenAtPositionActionTimeIsInHalf(1, "00:35", "H1") (0.1s)&#xD;
And at 1 position action has no qualifiers&#xD;
-&gt; done: ExpandedActionLogSteps.ThenAtPositionActionHasNoQualifiers(1) (0.1s)&#xD;
And at 1 position action displays player with number 6 from team 1&#xD;
-&gt; done: ExpandedActionLogSteps.ThenActionAtPositionPlayerIsDisplayedAs(1, 6, 1) (0.1s)&#xD;
And Action at position 1 do not have score&#xD;
-&gt; done: ExpandedActionLogSteps.ThenActionAtPositionDoNotHaveScore(1) (0.1s)&#xD;
And "Foul" Action is displayed at 2 in expanded action log&#xD;
-&gt; done: ExpandedActionLogSteps.ThenGoalActionIsDisplayedAtInExpandedActionLog("Foul", 2) (0.0s)&#xD;
And at 2 position action time is "00:35" in "H1" half&#xD;
-&gt; done: ExpandedActionLogSteps.ThenAtPositionActionTimeIsInHalf(2, "00:35", "H1") (0.1s)&#xD;
And at 2 position action has no qualifiers&#xD;
-&gt; done: ExpandedActionLogSteps.ThenAtPositionActionHasNoQualifiers(2) (0.1s)&#xD;
And at 2 position action displays player with number 4 from team 2&#xD;
-&gt; done: ExpandedActionLogSteps.ThenActionAtPositionPlayerIsDisplayedAs(2, 4, 2) (0.1s)&#xD;
And Action at position 2 do not have score&#xD;
-&gt; done: ExpandedActionLogSteps.ThenActionAtPositionDoNotHaveScore(2) (0.0s)&#xD;
sandbox: CleanUpAfterTestRun started.&#xD;
sandbox: application pages != null: True&#xD;
sandbox: web driver!= null: True&#xD;
sandbox: CleanUpAfterTestRun complete.</StdOut>
      </Output>
    </UnitTestResult>
    <UnitTestResult executionId="6c0f6112-7350-42e4-be1c-35933c358a71" testId="776f1bbf-796f-f53a-5ebd-33ae0ebddf01" testName="GivenGameInProgress_WhenSwitchingSides_ThenTeamsChangeSides" computerName="EC2AMAZ-JEOO151" duration="00:00:07.9320000" startTime="2019-07-11T21:46:10.0000000+00:00" endTime="2019-07-11T21:46:18.0000000+00:00" testType="13cdc9d9-ddb5-4fa4-a97d-d965ccfc6d4b" outcome="Passed" testListId="8c84fa94-04c1-424b-9868-57a2d4851a1d" relativeResultsDirectory="6c0f6112-7350-42e4-be1c-35933c358a71">
      <Output>
        <StdOut>sandbox: PrepareForTestRun started.&#xD;
sandbox: football liveStatsApp != null: True &#xD;
sandbox: football liveStatsApp.IsProcessRunning: True &#xD;
sandbox: setupLocalData: localDatabaseProvider != null: True&#xD;
sandbox: applicationPages != null: True&#xD;
sandbox: applicationPages.Webdriver != null: True&#xD;
sandbox: finished setuping local data&#xD;
sandbox: PrepareForTestRun complete.&#xD;
Given action failed. Retrying after a timeout.&#xD;
sandbox: CleanUpAfterTestRun started.&#xD;
sandbox: application pages != null: True&#xD;
sandbox: web driver!= null: True&#xD;
sandbox: CleanUpAfterTestRun complete.</StdOut>
      </Output>
    </UnitTestResult>
    <UnitTestResult executionId="d0e51274-57d6-4be1-bd57-34e381423337" testId="3f40c314-6f32-7fd6-0c77-ac727e1ca0f1" testName="GivenPsoKickEditOpened_WhenEditingShotLocation_ThenShotLocationUpdatedInEdit" computerName="EC2AMAZ-JEOO151" duration="00:00:24.1330000" startTime="2019-07-11T20:38:21.0000000+00:00" endTime="2019-07-11T20:38:45.0000000+00:00" testType="13cdc9d9-ddb5-4fa4-a97d-d965ccfc6d4b" outcome="Passed" testListId="8c84fa94-04c1-424b-9868-57a2d4851a1d" relativeResultsDirectory="d0e51274-57d6-4be1-bd57-34e381423337">
      <Output>
        <StdOut>sandbox: PrepareForTestRun started.&#xD;
sandbox: football liveStatsApp != null: True &#xD;
sandbox: football liveStatsApp.IsProcessRunning: True &#xD;
sandbox: setupLocalData: localDatabaseProvider != null: True&#xD;
sandbox: applicationPages != null: True&#xD;
sandbox: applicationPages.Webdriver != null: True&#xD;
sandbox: finished setuping local data&#xD;
sandbox: PrepareForTestRun complete.&#xD;
Given action failed. Retrying after a timeout. Most likely UI was not fast enough to refresh itself.&#xD;
sandbox: CleanUpAfterTestRun started.&#xD;
sandbox: application pages != null: True&#xD;
sandbox: web driver!= null: True&#xD;
sandbox: CleanUpAfterTestRun complete.</StdOut>
      </Output>
    </UnitTestResult>
    <UnitTestResult executionId="6093f322-2faf-4596-a9db-1c8e7aa04a3e" testId="fb0190e1-4388-a6f7-a049-b2623a19e548" testName="GivenGameInProgress_WhenPuttingCardOnHold_ThenSetsCardAsIncompleteAction(Yellow,1)" computerName="EC2AMAZ-JEOO151" duration="00:00:05.1040000" startTime="2019-07-11T20:57:20.0000000+00:00" endTime="2019-07-11T20:57:25.0000000+00:00" testType="13cdc9d9-ddb5-4fa4-a97d-d965ccfc6d4b" outcome="Passed" testListId="8c84fa94-04c1-424b-9868-57a2d4851a1d" relativeResultsDirectory="6093f322-2faf-4596-a9db-1c8e7aa04a3e">
      <Output>
        <StdOut>sandbox: PrepareForTestRun started.&#xD;
sandbox: football liveStatsApp != null: True &#xD;
sandbox: football liveStatsApp.IsProcessRunning: True &#xD;
sandbox: setupLocalData: localDatabaseProvider != null: True&#xD;
sandbox: applicationPages != null: True&#xD;
sandbox: applicationPages.Webdriver != null: True&#xD;
sandbox: finished setuping local data&#xD;
sandbox: PrepareForTestRun complete.&#xD;
Given action failed. Retrying after a timeout.&#xD;
sandbox: CleanUpAfterTestRun started.&#xD;
sandbox: application pages != null: True&#xD;
sandbox: web driver!= null: True&#xD;
sandbox: CleanUpAfterTestRun complete.</StdOut>
      </Output>
    </UnitTestResult>
    <UnitTestResult executionId="780269c1-5dd8-47db-9c4e-47e1a2422558" testId="d4c369b2-c48c-7ff5-ae07-630a40b7d486" testName="CardTypeAndReasonUpdate(&quot;Red&quot;,&quot;Yellow&quot;,&quot;Unsporting&quot;,null)" computerName="EC2AMAZ-JEOO151" duration="00:00:09.8680000" startTime="2019-07-11T17:47:18.0000000+00:00" endTime="2019-07-11T17:47:28.0000000+00:00" testType="13cdc9d9-ddb5-4fa4-a97d-d965ccfc6d4b" outcome="Passed" testListId="8c84fa94-04c1-424b-9868-57a2d4851a1d" relativeResultsDirectory="780269c1-5dd8-47db-9c4e-47e1a2422558">
      <Output>
        <StdOut>sandbox: PrepareForTestRun started.&#xD;
sandbox: football liveStatsApp != null: True &#xD;
sandbox: football liveStatsApp.IsProcessRunning: True &#xD;
sandbox: setupLocalData: localDatabaseProvider != null: True&#xD;
sandbox: applicationPages != null: True&#xD;
sandbox: applicationPages.Webdriver != null: True&#xD;
sandbox: finished setuping local data&#xD;
sandbox: PrepareForTestRun complete.&#xD;
Given Match started with kick off from existing game&#xD;
-&gt; done: SetupGameSteps.GivenMatchStartedWithKickOffButtonFromExistingGame() (3.2s)&#xD;
And I remembered current players on pitch shirt numbers&#xD;
-&gt; done: GoalEditSteps.GivenIRememberCurrentPlayersOnPitch() (1.5s)&#xD;
Given "Red" Card for Team "1" player with shirt number "4" is registered&#xD;
-&gt; done: CardSteps.GivenCardForTeamPlayerWithShirtNumberIsRegistered(Red, 1, 4) (3.0s)&#xD;
When I click on 1 of type "Booking" event in action log&#xD;
-&gt; done: ActionLogSteps.GivenIClickOnLatestEventInActionLog(1, Booking) (0.2s)&#xD;
And I click "Yellow" card in card edit page&#xD;
-&gt; done: CardEditSteps.WhenIClickCardInCardEditPage("Yellow") (0.1s)&#xD;
And I click "select reason for card" button in card edit page&#xD;
-&gt; done: CardEditSteps.WhenIClickButtonInCardEditPage() (0.0s)&#xD;
And I click "Unsporting" reason button&#xD;
-&gt; done: CardSteps.WhenIClickReasonButton("Unsporting") (0.1s)&#xD;
And I click Save button in action edit form&#xD;
-&gt; done: EditFormSteps.ClickSaveButtonInActionEditForm() (0.6s)&#xD;
Then Pitch View is shown&#xD;
-&gt; done: PitchScreenSteps.PitchViewIsShown() (0.0s)&#xD;
And Yellow label is shown in Booking event action log&#xD;
-&gt; done: ActionLogSteps.ThenOffenceIsShownInPenaltyEventActionLog("Yellow", Booking) (0.1s)&#xD;
And "Yellow" label of "Booking" event in action log contains "Yellow" card icon&#xD;
-&gt; done: ActionLogSteps.ThenLabelOfEventInActionLogContainsCardIcon("Yellow", Booking, "Yellow") (0.1s)&#xD;
And Player on pitch by shirt number 4 of team 1 is shown in Yellow of "Booking" event in action log&#xD;
-&gt; done: ActionLogSteps.ThenPlayerOnPitchByShirtNumberOfTeamIsShownInGoalOfEventInActionLog(4, 1, "Yellow", Booking) (0.2s)&#xD;
sandbox: CleanUpAfterTestRun started.&#xD;
sandbox: application pages != null: True&#xD;
sandbox: web driver!= null: True&#xD;
sandbox: CleanUpAfterTestRun complete.</StdOut>
      </Output>
    </UnitTestResult>
    <UnitTestResult executionId="63a5dcae-2daf-4d98-8ae1-9ec347c86655" testId="832b8767-1f44-9936-317a-843e1b67c144" testName="PenaltyGoalAfterPenaltyRetake(&quot;2&quot;,&quot;1&quot;,&quot;10&quot;,&quot;50&quot;,&quot;8&quot;,&quot;11&quot;,null)" computerName="EC2AMAZ-JEOO151" duration="00:00:14.5480000" startTime="2019-07-11T19:06:41.0000000+00:00" endTime="2019-07-11T19:06:56.0000000+00:00" testType="13cdc9d9-ddb5-4fa4-a97d-d965ccfc6d4b" outcome="Passed" testListId="8c84fa94-04c1-424b-9868-57a2d4851a1d" relativeResultsDirectory="63a5dcae-2daf-4d98-8ae1-9ec347c86655">
      <Output>
        <StdOut>sandbox: PrepareForTestRun started.&#xD;
sandbox: football liveStatsApp != null: True &#xD;
sandbox: football liveStatsApp.IsProcessRunning: True &#xD;
sandbox: setupLocalData: localDatabaseProvider != null: True&#xD;
sandbox: applicationPages != null: True&#xD;
sandbox: applicationPages.Webdriver != null: True&#xD;
sandbox: finished setuping local data&#xD;
sandbox: PrepareForTestRun complete.&#xD;
Given Match started with kick off from existing game&#xD;
-&gt; done: SetupGameSteps.GivenMatchStartedWithKickOffButtonFromExistingGame() (3.1s)&#xD;
When I click "Possible Penalty" button for team 2&#xD;
Given action failed. Retrying after a timeout.&#xD;
-&gt; done: TeamActionButtonSteps.GivenIClickPossiblePenaltyButtonForTeam(2) (0.8s)&#xD;
And I confirm penalty by clicking "Confirm" button&#xD;
-&gt; done: PenaltySteps.WhenIConfirmPenaltyByClickingButton() (2.3s)&#xD;
And I click on pitch x 10 and y 50&#xD;
Failed to find element with query '[data-qa='activePitchOverlay']'. Web driver timeout exception.&#xD;
Given action failed. Retrying after a timeout.&#xD;
Failed to find element with query '[data-qa='activePitchOverlay']'. Web driver timeout exception.&#xD;
-&gt; done: PitchScreenSteps.WhenIClickOnPitch(10, 50) (4.4s)&#xD;
And I click "Foul" reason button&#xD;
-&gt; done: CardSteps.WhenIClickReasonButton("Foul") (0.2s)&#xD;
And I click on team 1 player on pitch with shirt number 8&#xD;
-&gt; done: PitchPlayersComponentSteps.WhenIClickOnTeamPlayerOnPitchWithShirtNumber(1, 8) (0.3s)&#xD;
And I click on team 2 player on pitch with shirt number 11&#xD;
-&gt; done: PitchPlayersComponentSteps.WhenIClickOnTeamPlayerOnPitchWithShirtNumber(2, 11) (0.4s)&#xD;
And I click "Penalty Shot Off Target" Button&#xD;
-&gt; done: PenaltySteps.WhenIClickPenaltyShotOffTargetButton() (0.2s)&#xD;
And I click "Retake Penalty" Button&#xD;
-&gt; done: PenaltySteps.WhenIClickButton() (0.2s)&#xD;
And I click "Penalty Goal" Button&#xD;
-&gt; done: PenaltySteps.WhenIClickPenaltyGoalButton() (0.3s)&#xD;
Then "Penalty Goal" confirmation dialog is visible&#xD;
-&gt; done: GoalSteps.ThenConfirmationDialogIsVisible() (0.2s)&#xD;
And Player on pitch 9 of team 2 is shown on dialog&#xD;
-&gt; done: GoalSteps.ThenPlayerOnPitchOfTeamIsShownOnDialog(9, 2) (0.1s)&#xD;
And Score is 1 for team 2&#xD;
-&gt; done: ScoreBoardSteps.ThenScoreIsForTeam(1, 2) (0.1s)&#xD;
And Score is 0 for team 1&#xD;
-&gt; done: ScoreBoardSteps.ThenScoreIsForTeam(0, 1) (0.1s)&#xD;
And "Back" button is shown&#xD;
-&gt; done: WorkflowSteps.ThenBackButtonIsVisible() (0.0s)&#xD;
And "Cancel &amp; Delete" button is shown&#xD;
-&gt; done: WorkflowSteps.ThenCancelAndDeleteButtonIsShown() (0.0s)&#xD;
And Ball icon is shown on player on pitch with shirt number 11 of team 2&#xD;
-&gt; done: PitchPlayersComponentSteps.ThenBallIconIsShownOnPlayerOnPitchWithShirtNumberOfTeamButton(11, 2) (0.2s)&#xD;
And Player on pitch 9 of team 2 is shown in Penalty of "Penalty" event in action log&#xD;
-&gt; done: ActionLogSteps.ThenPlayerOnPitchOfTeamIsShownInGoalOfEventInActionLog(9, 2, "Penalty", Penalty) (0.3s)&#xD;
And All action buttons except card and goal buttons are disabled for both teams&#xD;
-&gt; done: TeamActionButtonSteps.ThenAllActionButtonsExceptCardAndGoalButtonsAreDisabledForBothTeams() (0.6s)&#xD;
And penalty action button is selected for team "2"&#xD;
-&gt; done: TeamActionButtonSteps.ThenPenaltyActionButtonIsSelected(2) (0.0s)&#xD;
sandbox: CleanUpAfterTestRun started.&#xD;
sandbox: application pages != null: True&#xD;
sandbox: web driver!= null: True&#xD;
sandbox: CleanUpAfterTestRun complete.</StdOut>
      </Output>
    </UnitTestResult>
    <UnitTestResult executionId="66a283e0-6649-42e6-92b0-b4ddc9f2dca1" testId="28402380-9c1f-1cf1-3069-1b4e9df61ce9" testName="SelectTeamAndGoalTypeInGoalInsert(&quot;1&quot;,&quot;Other&quot;,null)" computerName="EC2AMAZ-JEOO151" duration="00:00:16.5330000" startTime="2019-07-11T18:26:09.0000000+00:00" endTime="2019-07-11T18:26:26.0000000+00:00" testType="13cdc9d9-ddb5-4fa4-a97d-d965ccfc6d4b" outcome="Passed" testListId="8c84fa94-04c1-424b-9868-57a2d4851a1d" relativeResultsDirectory="66a283e0-6649-42e6-92b0-b4ddc9f2dca1">
      <Output>
        <StdOut>sandbox: PrepareForTestRun started.&#xD;
sandbox: football liveStatsApp != null: True &#xD;
sandbox: football liveStatsApp.IsProcessRunning: True &#xD;
sandbox: setupLocalData: localDatabaseProvider != null: True&#xD;
sandbox: applicationPages != null: True&#xD;
sandbox: applicationPages.Webdriver != null: True&#xD;
sandbox: finished setuping local data&#xD;
sandbox: PrepareForTestRun complete.&#xD;
Given Match started with kick off from existing game&#xD;
-&gt; done: SetupGameSteps.GivenMatchStartedWithKickOffButtonFromExistingGame() (3.2s)&#xD;
And "Top right" corner added for Team 1&#xD;
-&gt; done: CornerSteps.GivenCornerAddedForTeam("Top right", 1) (3.1s)&#xD;
And "Yellow" Card for Team 1 is registered&#xD;
Given action failed. Retrying after a timeout.&#xD;
-&gt; done: CardSteps.GivenCardForTeamIsRegistered(Yellow, 1) (3.3s)&#xD;
And I clicked on latest "Corner" event in action log&#xD;
-&gt; done: ActionLogSteps.GivenIClickOnLatestEventInActionLog(Corner) (0.2s)&#xD;
And I entered new conceded event time of "0030"&#xD;
-&gt; done: EditFormSteps.GivenIEnterNewConcededEventTimeOf("0030") (1.0s)&#xD;
And I clicked Save button in action edit form&#xD;
-&gt; done: EditFormSteps.ClickSaveButtonInActionEditForm() (0.6s)&#xD;
And I remembered current players on pitch shirt numbers&#xD;
-&gt; done: GoalEditSteps.GivenIRememberCurrentPlayersOnPitch() (1.1s)&#xD;
When I click Expand Action log button&#xD;
-&gt; done: ActionLogSteps.WhenIClickExpandActionLogButton() (0.1s)&#xD;
And I click last action in expanded action log&#xD;
-&gt; done: ExpandedActionLogSteps.WhenIClickLastActionInExpandedActionLog() (0.1s)&#xD;
And I click insert after button in expanded action log&#xD;
-&gt; done: ExpandedActionLogSteps.WhenIClickInsertAfterButtonInExpandedActionLog() (0.1s)&#xD;
And I click insert Goal button in insert after dropdown&#xD;
-&gt; done: ExpandedActionLogSteps.WhenIClickInsertGoalButtonInInsertAfterDropdown() (0.1s)&#xD;
And I click "1" team in Goal by Team&#xD;
-&gt; done: GoalEditSteps.GivenIClickTeamInShotByTeam(1) (0.1s)&#xD;
And I click "goal" button in insert window&#xD;
-&gt; done: GoalEditSteps.GivenIClickShotResultGoalButton() (0.0s)&#xD;
And I click "shot type" button in insert window&#xD;
-&gt; done: GoalEditSteps.GivenIClickShotTypeButton() (0.0s)&#xD;
And I click "Other" button in expanded shot type dialog&#xD;
-&gt; done: ExpandedShotTypeDialogSteps.GivenIClickButtonInExpandedShotTypeDialog("Other") (0.2s)&#xD;
Then shot by team "1" button color is updated to "1" team color&#xD;
-&gt; done: GoalEditSteps.ThenShotByTeamColorIsUpdatedToTeamColor(1, 1) (0.0s)&#xD;
And "1" team players are visible in Who scored&#xD;
-&gt; done: GoalEditSteps.ThenTeamPlayersAreVisibleInWhoScored(1) (2.1s)&#xD;
And Shot type button is set to "Other"&#xD;
-&gt; done: GoalEditSteps.ThenShotTypeButtonIsSetTo("Other") (0.1s)&#xD;
And "shot type" button color is updated to team id "1" color&#xD;
-&gt; done: GoalEditSteps.ThenShotTypeButtonColorIsUpdatedToTeamIdColor(1) (0.1s)&#xD;
sandbox: CleanUpAfterTestRun started.&#xD;
sandbox: application pages != null: True&#xD;
sandbox: web driver!= null: True&#xD;
sandbox: CleanUpAfterTestRun complete.</StdOut>
      </Output>
    </UnitTestResult>
    <UnitTestResult executionId="8f9f0e21-da71-4a45-aa5c-06aa092d895f" testId="1f02e13f-cbec-3830-6eca-1972994a2904" testName="AddShotLocationInGoalInsert(&quot;adjust&quot;,null)" computerName="EC2AMAZ-JEOO151" duration="00:00:14.2670000" startTime="2019-07-11T18:18:56.0000000+00:00" endTime="2019-07-11T18:19:10.0000000+00:00" testType="13cdc9d9-ddb5-4fa4-a97d-d965ccfc6d4b" outcome="Passed" testListId="8c84fa94-04c1-424b-9868-57a2d4851a1d" relativeResultsDirectory="8f9f0e21-da71-4a45-aa5c-06aa092d895f">
      <Output>
        <StdOut>sandbox: PrepareForTestRun started.&#xD;
sandbox: football liveStatsApp != null: True &#xD;
sandbox: football liveStatsApp.IsProcessRunning: True &#xD;
sandbox: setupLocalData: localDatabaseProvider != null: True&#xD;
sandbox: applicationPages != null: True&#xD;
sandbox: applicationPages.Webdriver != null: True&#xD;
sandbox: finished setuping local data&#xD;
sandbox: PrepareForTestRun complete.&#xD;
Given Match started with kick off from existing game&#xD;
-&gt; done: SetupGameSteps.GivenMatchStartedWithKickOffButtonFromExistingGame() (3.4s)&#xD;
And "Top right" corner added for Team 1&#xD;
-&gt; done: CornerSteps.GivenCornerAddedForTeam("Top right", 1) (3.1s)&#xD;
And "Yellow" Card for Team 1 is registered&#xD;
-&gt; done: CardSteps.GivenCardForTeamIsRegistered(Yellow, 1) (3.1s)&#xD;
And I clicked on latest "Corner" event in action log&#xD;
-&gt; done: ActionLogSteps.GivenIClickOnLatestEventInActionLog(Corner) (0.2s)&#xD;
And I entered new conceded event time of "0030"&#xD;
-&gt; done: EditFormSteps.GivenIEnterNewConcededEventTimeOf("0030") (1.0s)&#xD;
And I clicked Save button in action edit form&#xD;
-&gt; done: EditFormSteps.ClickSaveButtonInActionEditForm() (0.6s)&#xD;
And I remembered current players on pitch shirt numbers&#xD;
-&gt; done: GoalEditSteps.GivenIRememberCurrentPlayersOnPitch() (1.1s)&#xD;
When I click Expand Action log button&#xD;
-&gt; done: ActionLogSteps.WhenIClickExpandActionLogButton() (0.1s)&#xD;
And I click last action in expanded action log&#xD;
-&gt; done: ExpandedActionLogSteps.WhenIClickLastActionInExpandedActionLog() (0.1s)&#xD;
And I click insert after button in expanded action log&#xD;
-&gt; done: ExpandedActionLogSteps.WhenIClickInsertAfterButtonInExpandedActionLog() (0.1s)&#xD;
And I click insert Goal button in insert after dropdown&#xD;
-&gt; done: ExpandedActionLogSteps.WhenIClickInsertGoalButtonInInsertAfterDropdown() (0.1s)&#xD;
And I click "adjust" shot location button in insert window&#xD;
-&gt; done: GoalEditSteps.GivenIClickAdjustShotLocationButton() (0.1s)&#xD;
And I click "top right" corner on Net&#xD;
-&gt; done: ExpandedShotLocationDialogSteps.GivenIClickCornerOnNet("top right") (0.1s)&#xD;
And I click "Proceed" button on expanded shot position view&#xD;
-&gt; done: ExpandedShotLocationDialogSteps.GivenIClickButtonOnExpandedShotPositionView("Proceed") (0.1s)&#xD;
Then "top right" on mini Net view is visible in insert window&#xD;
-&gt; done: ShotLocationNetSteps.ThenOnNetIsVisible("top right") (0.1s)&#xD;
sandbox: CleanUpAfterTestRun started.&#xD;
sandbox: application pages != null: True&#xD;
sandbox: web driver!= null: True&#xD;
sandbox: CleanUpAfterTestRun complete.</StdOut>
      </Output>
    </UnitTestResult>
    <UnitTestResult executionId="c19a4f86-a225-479e-aeb8-bad81c9f62e7" testId="58ff2731-a6d4-e896-1cdf-e24fa681a560" testName="CanInsertActionDuringActionWorkflowAndThenContinueWorkflow" computerName="EC2AMAZ-JEOO151" duration="00:00:11.4000000" startTime="2019-07-11T18:49:22.0000000+00:00" endTime="2019-07-11T18:49:33.0000000+00:00" testType="13cdc9d9-ddb5-4fa4-a97d-d965ccfc6d4b" outcome="Passed" testListId="8c84fa94-04c1-424b-9868-57a2d4851a1d" relativeResultsDirectory="c19a4f86-a225-479e-aeb8-bad81c9f62e7">
      <Output>
        <StdOut>sandbox: PrepareForTestRun started.&#xD;
sandbox: football liveStatsApp != null: True &#xD;
sandbox: football liveStatsApp.IsProcessRunning: True &#xD;
sandbox: setupLocalData: localDatabaseProvider != null: True&#xD;
sandbox: applicationPages != null: True&#xD;
sandbox: applicationPages.Webdriver != null: True&#xD;
sandbox: finished setuping local data&#xD;
sandbox: PrepareForTestRun complete.&#xD;
Given Match started with kick off from existing game&#xD;
-&gt; done: SetupGameSteps.GivenMatchStartedWithKickOffButtonFromExistingGame() (3.3s)&#xD;
Given GoalKick for Team 2 is registered&#xD;
Given action failed. Retrying after a timeout.&#xD;
-&gt; done: GoalKickSteps.GivenGoalKickForTeamIsRegistered(2) (1.0s)&#xD;
And "Booking" record workflow is started for team "1"&#xD;
-&gt; done: TeamActionButtonSteps.GivenStartedRecordWorkflow(Booking, 1) (0.4s)&#xD;
And expanded action log is opened&#xD;
-&gt; done: ActionLogSteps.WhenIClickExpandActionLogButton() (0.1s)&#xD;
When I insert Goal after last action in expanded action log from "1" team with player with shirt number "4"&#xD;
-&gt; done: GoalSteps.WhenIInsertGoalAfterLastActionInExpandedActionLogFromTeamWithScorerWithShirtAndNoAssist(1, 4) (2.3s)&#xD;
And I close expanded action log page&#xD;
-&gt; done: ExpandedActionLogSteps.WhenICloseExpandedActionLogPage() (0.2s)&#xD;
And I finish current booking workflow for team "1" that has only been started&#xD;
-&gt; done: CardSteps.WhenIFinishCurrentWorkflow(1) (3.1s)&#xD;
Then latest "Booking" action is completed in action log&#xD;
-&gt; done: ActionLogSteps.ThenLatestActionIsCompletedInActionLog(Booking) (0.1s)&#xD;
And latest "Goal" action is completed in action log&#xD;
-&gt; done: ActionLogSteps.ThenLatestActionIsCompletedInActionLog(Goal) (0.1s)&#xD;
sandbox: CleanUpAfterTestRun started.&#xD;
sandbox: application pages != null: True&#xD;
sandbox: web driver!= null: True&#xD;
sandbox: CleanUpAfterTestRun complete.</StdOut>
      </Output>
    </UnitTestResult>
    <UnitTestResult executionId="8345ae86-b878-4195-96b7-6772b62bd7f1" testId="61448ba0-49fd-2e66-4506-6cd646796647" testName="VerifyTeamColorForGoalInsertOptions(&quot;1&quot;,null)" computerName="EC2AMAZ-JEOO151" duration="00:00:17.2870000" startTime="2019-07-11T18:31:55.0000000+00:00" endTime="2019-07-11T18:32:12.0000000+00:00" testType="13cdc9d9-ddb5-4fa4-a97d-d965ccfc6d4b" outcome="Passed" testListId="8c84fa94-04c1-424b-9868-57a2d4851a1d" relativeResultsDirectory="8345ae86-b878-4195-96b7-6772b62bd7f1">
      <Output>
        <StdOut>sandbox: PrepareForTestRun started.&#xD;
sandbox: football liveStatsApp != null: True &#xD;
sandbox: football liveStatsApp.IsProcessRunning: True &#xD;
sandbox: setupLocalData: localDatabaseProvider != null: True&#xD;
sandbox: applicationPages != null: True&#xD;
sandbox: applicationPages.Webdriver != null: True&#xD;
sandbox: finished setuping local data&#xD;
sandbox: PrepareForTestRun complete.&#xD;
Given Match started with kick off from existing game&#xD;
-&gt; done: SetupGameSteps.GivenMatchStartedWithKickOffButtonFromExistingGame() (3.3s)&#xD;
And "Top right" corner added for Team 1&#xD;
-&gt; done: CornerSteps.GivenCornerAddedForTeam("Top right", 1) (3.2s)&#xD;
And "Yellow" Card for Team 1 is registered&#xD;
Given action failed. Retrying after a timeout.&#xD;
-&gt; done: CardSteps.GivenCardForTeamIsRegistered(Yellow, 1) (3.4s)&#xD;
And I clicked on latest "Corner" event in action log&#xD;
-&gt; done: ActionLogSteps.GivenIClickOnLatestEventInActionLog(Corner) (0.2s)&#xD;
And I entered new conceded event time of "0030"&#xD;
-&gt; done: EditFormSteps.GivenIEnterNewConcededEventTimeOf("0030") (1.0s)&#xD;
And I clicked Save button in action edit form&#xD;
-&gt; done: EditFormSteps.ClickSaveButtonInActionEditForm() (0.6s)&#xD;
And I remembered current players on pitch shirt numbers&#xD;
-&gt; done: GoalEditSteps.GivenIRememberCurrentPlayersOnPitch() (1.1s)&#xD;
When I click Expand Action log button&#xD;
-&gt; done: ActionLogSteps.WhenIClickExpandActionLogButton() (0.2s)&#xD;
And I click last action in expanded action log&#xD;
-&gt; done: ExpandedActionLogSteps.WhenIClickLastActionInExpandedActionLog() (0.1s)&#xD;
And I click insert after button in expanded action log&#xD;
-&gt; done: ExpandedActionLogSteps.WhenIClickInsertAfterButtonInExpandedActionLog() (0.1s)&#xD;
And I click insert Goal button in insert after dropdown&#xD;
-&gt; done: ExpandedActionLogSteps.WhenIClickInsertGoalButtonInInsertAfterDropdown() (0.1s)&#xD;
And I click "VAR" toggle&#xD;
-&gt; done: EditFormSteps.GivenIClickToggleToEnable() (0.1s)&#xD;
And I click "1" team in Goal by Team&#xD;
-&gt; done: GoalEditSteps.GivenIClickTeamInShotByTeam(1) (0.2s)&#xD;
And I click "goal" button in insert window&#xD;
-&gt; done: GoalEditSteps.GivenIClickShotResultGoalButton() (0.0s)&#xD;
And I click "shot type" button in insert window&#xD;
-&gt; done: GoalEditSteps.GivenIClickShotTypeButton() (0.0s)&#xD;
And I click "Head" button in expanded shot type dialog&#xD;
-&gt; done: ExpandedShotTypeDialogSteps.GivenIClickButtonInExpandedShotTypeDialog("Head") (0.2s)&#xD;
And I click Var "Stands" button&#xD;
-&gt; done: EditFormSteps.WhenIClickVarStandsButton() (0.1s)&#xD;
And I click VAR reason button&#xD;
-&gt; done: EditFormSteps.WhenIClickVarReasonButton() (0.0s)&#xD;
And I select VAR reason Offence&#xD;
-&gt; done: EditFormSteps.WhenISelectVarReason("Offence") (0.1s)&#xD;
Then shot by team "1" button color is updated to "1" team color&#xD;
-&gt; done: GoalEditSteps.ThenShotByTeamColorIsUpdatedToTeamColor(1, 1) (0.0s)&#xD;
And "shot type" button color is updated to team id "1" color&#xD;
-&gt; done: GoalEditSteps.ThenShotTypeButtonColorIsUpdatedToTeamIdColor(1) (0.1s)&#xD;
And "1" team players are visible in Who scored&#xD;
-&gt; done: GoalEditSteps.ThenTeamPlayersAreVisibleInWhoScored(1) (2.1s)&#xD;
And Var Outcome "Stands" is updated to team id "1" color&#xD;
-&gt; done: EditFormSteps.ThenVarOutcomeStandsIsUpdatedToTeamIdColor(1) (0.0s)&#xD;
And Var reason button is updated to team id "1" color&#xD;
-&gt; done: EditFormSteps.ThenVarReasonButtonIsUpdatedToTeamIdColor(1) (0.1s)&#xD;
sandbox: CleanUpAfterTestRun started.&#xD;
sandbox: application pages != null: True&#xD;
sandbox: web driver!= null: True&#xD;
sandbox: CleanUpAfterTestRun complete.</StdOut>
      </Output>
    </UnitTestResult>
    <UnitTestResult executionId="68bd6a0f-2ec8-46a8-b6d2-10da19e12b5d" testId="2fbdb939-7206-b5e5-9383-5bbb6c877063" testName="WhenInsertingBeforeActionInSecondHalfThatHasLessTimeThanLastActionInFirstHalf" computerName="EC2AMAZ-JEOO151" duration="00:00:35.2340000" startTime="2019-07-11T17:44:32.0000000+00:00" endTime="2019-07-11T17:45:07.0000000+00:00" testType="13cdc9d9-ddb5-4fa4-a97d-d965ccfc6d4b" outcome="Passed" testListId="8c84fa94-04c1-424b-9868-57a2d4851a1d" relativeResultsDirectory="68bd6a0f-2ec8-46a8-b6d2-10da19e12b5d">
      <Output>
        <StdOut>sandbox: PrepareForTestRun started.&#xD;
sandbox: football liveStatsApp != null: True &#xD;
sandbox: football liveStatsApp.IsProcessRunning: False &#xD;
sandbox: rootDataDirectoryPath: C:\Windows\TEMP\Football_2019-07-11-17-44-32&#xD;
sandbox: Setting up the app environment...&#xD;
sandbox: App environment setup complete.&#xD;
sandbox: Setting up the global configuration...&#xD;
sandbox: Global configuration setup complete.&#xD;
sandbox: dropping application pages&#xD;
sandbox: setupLocalData: localDatabaseProvider != null: True&#xD;
sandbox: applicationPages != null: True&#xD;
sandbox: applicationPages.Webdriver != null: True&#xD;
sandbox: finished setuping local data&#xD;
sandbox: PrepareForTestRun complete.&#xD;
Given Match started with kick off from existing game&#xD;
-&gt; done: SetupGameSteps.GivenMatchStartedWithKickOffButtonFromExistingGame() (4.3s)&#xD;
And GoalKick for Team 1 is registered&#xD;
Given action failed. Retrying after a timeout.&#xD;
-&gt; done: GoalKickSteps.GivenGoalKickForTeamIsRegistered(1) (1.2s)&#xD;
And GoalKick for Team 1 is registered&#xD;
Given action failed. Retrying after a timeout. Most likely UI was not fast enough to refresh itself.&#xD;
-&gt; done: GoalKickSteps.GivenGoalKickForTeamIsRegistered(1) (0.9s)&#xD;
And GoalKick for Team 1 is registered&#xD;
-&gt; done: GoalKickSteps.GivenGoalKickForTeamIsRegistered(1) (0.5s)&#xD;
And I clicked on 1 of type "GoalKick" event in action log&#xD;
-&gt; done: ActionLogSteps.GivenIClickOnLatestEventInActionLog(1, GoalKick) (0.3s)&#xD;
And I entered new conceded event time of "0050"&#xD;
-&gt; done: EditFormSteps.GivenIEnterNewConcededEventTimeOf("0050") (1.0s)&#xD;
And I clicked Save button in action edit form&#xD;
-&gt; done: EditFormSteps.ClickSaveButtonInActionEditForm() (0.7s)&#xD;
And I clicked on 2 of type "GoalKick" event in action log&#xD;
-&gt; done: ActionLogSteps.GivenIClickOnLatestEventInActionLog(2, GoalKick) (0.1s)&#xD;
And I entered new conceded event time of "0025"&#xD;
-&gt; done: EditFormSteps.GivenIEnterNewConcededEventTimeOf("0025") (1.1s)&#xD;
And I clicked Save button in action edit form&#xD;
-&gt; done: EditFormSteps.ClickSaveButtonInActionEditForm() (0.7s)&#xD;
And I clicked on 3 of type "GoalKick" event in action log&#xD;
-&gt; done: ActionLogSteps.GivenIClickOnLatestEventInActionLog(3, GoalKick) (0.1s)&#xD;
And I entered new conceded event time of "0005"&#xD;
-&gt; done: EditFormSteps.GivenIEnterNewConcededEventTimeOf("0005") (1.1s)&#xD;
And I clicked Save button in action edit form&#xD;
-&gt; done: EditFormSteps.ClickSaveButtonInActionEditForm() (0.6s)&#xD;
Given I clicked on 1 of type "GoalKick" event in action log&#xD;
-&gt; done: ActionLogSteps.GivenIClickOnLatestEventInActionLog(1, GoalKick) (0.1s)&#xD;
And I entered new conceded event time of "5050"&#xD;
-&gt; done: EditFormSteps.GivenIEnterNewConcededEventTimeOf("5050") (1.0s)&#xD;
And I clicked Save button in action edit form&#xD;
-&gt; done: EditFormSteps.ClickSaveButtonInActionEditForm() (0.6s)&#xD;
When I set clock minutes value to "44"&#xD;
-&gt; done: PitchClockSteps.WhenISetClockMinutesValueTo(44) (1.5s)&#xD;
And I finish and proceed to next phase&#xD;
-&gt; done: PitchClockSteps.WhenIFinishAndProceedToNextPhase() (3.4s)&#xD;
And I set clock minutes value to "48"&#xD;
-&gt; done: PitchClockSteps.WhenISetClockMinutesValueTo(48) (1.7s)&#xD;
And I register Freekick for Team 1 and fouled player with shirt id 4&#xD;
-&gt; done: FreeKickSteps.GivenFreeKickForTeamIsRegistered(1, 4) (1.5s)&#xD;
And I set clock minutes value to "50"&#xD;
-&gt; done: PitchClockSteps.WhenISetClockMinutesValueTo(50) (1.6s)&#xD;
And I register Shot for Team 1&#xD;
-&gt; done: ShotEditSteps.GivenShotForTeamIsRegistered(1) (1.0s)&#xD;
And I click on latest "Shot" event in action log&#xD;
-&gt; done: ActionLogSteps.GivenIClickOnLatestEventInActionLog(Shot) (0.2s)&#xD;
And I enter new conceded event time of "4500"&#xD;
-&gt; done: EditFormSteps.GivenIEnterNewConcededEventTimeOf("4500") (1.0s)&#xD;
And I click Save button in action edit form&#xD;
-&gt; done: EditFormSteps.ClickSaveButtonInActionEditForm() (0.7s)&#xD;
Then 2 event in action log is of type "Shot"&#xD;
-&gt; done: ActionLogSteps.ThenEventInActionLogIsOfType(2, Shot) (0.0s)&#xD;
sandbox: CleanUpAfterTestRun started.&#xD;
sandbox: application pages != null: True&#xD;
sandbox: web driver!= null: True&#xD;
sandbox: CleanUpAfterTestRun complete.</StdOut>
      </Output>
    </UnitTestResult>
    <UnitTestResult executionId="543357d8-f4c1-43a4-9662-d48473c3fc25" testId="06ad3009-6105-fd23-70bb-9730fd70e1b9" testName="GivenGameInProgress_WhenConfirmingEndedHalfNow_ThenSetupOfNextHalfVisible" computerName="EC2AMAZ-JEOO151" duration="00:00:07.4320000" startTime="2019-07-11T21:33:19.0000000+00:00" endTime="2019-07-11T21:33:27.0000000+00:00" testType="13cdc9d9-ddb5-4fa4-a97d-d965ccfc6d4b" outcome="Passed" testListId="8c84fa94-04c1-424b-9868-57a2d4851a1d" relativeResultsDirectory="543357d8-f4c1-43a4-9662-d48473c3fc25">
      <Output>
        <StdOut>sandbox: PrepareForTestRun started.&#xD;
sandbox: football liveStatsApp != null: True &#xD;
sandbox: football liveStatsApp.IsProcessRunning: True &#xD;
sandbox: setupLocalData: localDatabaseProvider != null: True&#xD;
sandbox: applicationPages != null: True&#xD;
sandbox: applicationPages.Webdriver != null: True&#xD;
sandbox: finished setuping local data&#xD;
sandbox: PrepareForTestRun complete.&#xD;
sandbox: CleanUpAfterTestRun started.&#xD;
sandbox: application pages != null: True&#xD;
sandbox: web driver!= null: True&#xD;
sandbox: CleanUpAfterTestRun complete.</StdOut>
      </Output>
    </UnitTestResult>
    <UnitTestResult executionId="06d71500-c459-420a-ae4e-b7ae451eeb9c" testId="2d1b951b-cc6f-ec62-f5d5-4d3e33b442a9" testName="GivenGameInProgress_WhenFinishingGoalKick_ThenWorkflowCompleted" computerName="EC2AMAZ-JEOO151" duration="00:00:06.7830000" startTime="2019-07-11T21:01:21.0000000+00:00" endTime="2019-07-11T21:01:28.0000000+00:00" testType="13cdc9d9-ddb5-4fa4-a97d-d965ccfc6d4b" outcome="Passed" testListId="8c84fa94-04c1-424b-9868-57a2d4851a1d" relativeResultsDirectory="06d71500-c459-420a-ae4e-b7ae451eeb9c">
      <Output>
        <StdOut>sandbox: PrepareForTestRun started.&#xD;
sandbox: football liveStatsApp != null: True &#xD;
sandbox: football liveStatsApp.IsProcessRunning: True &#xD;
sandbox: setupLocalData: localDatabaseProvider != null: True&#xD;
sandbox: applicationPages != null: True&#xD;
sandbox: applicationPages.Webdriver != null: True&#xD;
sandbox: finished setuping local data&#xD;
sandbox: PrepareForTestRun complete.&#xD;
Given action failed. Retrying after a timeout.&#xD;
sandbox: CleanUpAfterTestRun started.&#xD;
sandbox: application pages != null: True&#xD;
sandbox: web driver!= null: True&#xD;
sandbox: CleanUpAfterTestRun complete.</StdOut>
      </Output>
    </UnitTestResult>
    <UnitTestResult executionId="1c0ae205-e706-47b9-b2bb-96355e87bbd4" testId="4c6bb65c-d87f-ed64-903c-eefc4e42a781" testName="GivenSecondExtraTimeHalfEndDeleted_WhenEndingAgain_ThenHalfIsEnded" computerName="EC2AMAZ-JEOO151" duration="00:00:20.3000000" startTime="2019-07-11T20:25:17.0000000+00:00" endTime="2019-07-11T20:25:37.0000000+00:00" testType="13cdc9d9-ddb5-4fa4-a97d-d965ccfc6d4b" outcome="Passed" testListId="8c84fa94-04c1-424b-9868-57a2d4851a1d" relativeResultsDirectory="1c0ae205-e706-47b9-b2bb-96355e87bbd4">
      <Output>
        <StdOut>sandbox: PrepareForTestRun started.&#xD;
sandbox: football liveStatsApp != null: True &#xD;
sandbox: football liveStatsApp.IsProcessRunning: True &#xD;
sandbox: setupLocalData: localDatabaseProvider != null: True&#xD;
sandbox: applicationPages != null: True&#xD;
sandbox: applicationPages.Webdriver != null: True&#xD;
sandbox: finished setuping local data&#xD;
sandbox: PrepareForTestRun complete.&#xD;
sandbox: CleanUpAfterTestRun started.&#xD;
sandbox: application pages != null: True&#xD;
sandbox: web driver!= null: True&#xD;
sandbox: CleanUpAfterTestRun complete.</StdOut>
      </Output>
    </UnitTestResult>
    <UnitTestResult executionId="d66e3519-8652-4f2c-84b3-22568b02c37c" testId="0027cc23-c7ac-aada-66b4-37460adf3f10" testName="FootballPenaltyCannotBeRetakenAfterShotMissOffTargetLocationSelectionStep" computerName="EC2AMAZ-JEOO151" duration="00:00:08.8340000" startTime="2019-07-11T19:04:35.0000000+00:00" endTime="2019-07-11T19:04:44.0000000+00:00" testType="13cdc9d9-ddb5-4fa4-a97d-d965ccfc6d4b" outcome="Passed" testListId="8c84fa94-04c1-424b-9868-57a2d4851a1d" relativeResultsDirectory="d66e3519-8652-4f2c-84b3-22568b02c37c">
      <Output>
        <StdOut>sandbox: PrepareForTestRun started.&#xD;
sandbox: football liveStatsApp != null: True &#xD;
sandbox: football liveStatsApp.IsProcessRunning: True &#xD;
sandbox: setupLocalData: localDatabaseProvider != null: True&#xD;
sandbox: applicationPages != null: True&#xD;
sandbox: applicationPages.Webdriver != null: True&#xD;
sandbox: finished setuping local data&#xD;
sandbox: PrepareForTestRun complete.&#xD;
Given Match started with kick off from existing game&#xD;
-&gt; done: SetupGameSteps.GivenMatchStartedWithKickOffButtonFromExistingGame() (3.4s)&#xD;
Given penalty "Penalty Shot Off Target" button is selected for player "16" team "1"&#xD;
Given action failed. Retrying after a timeout.&#xD;
-&gt; done: PenaltySteps.GivenPenaltyShotOffTargetButtonIsSelected(16, 1) (4.3s)&#xD;
When I click on net x "10" and y "10"&#xD;
-&gt; done: NetSectionSteps.WhenIClickOnNetXAndY(10, 10) (0.2s)&#xD;
Then Net preview is shown&#xD;
-&gt; done: NetSectionSteps.ThenNetPreviewIsShown() (0.1s)&#xD;
And penalty retake is not available&#xD;
-&gt; done: PenaltySteps.ThenPenaltyRetakeIsNotAvailable() (0.1s)&#xD;
sandbox: CleanUpAfterTestRun started.&#xD;
sandbox: application pages != null: True&#xD;
sandbox: web driver!= null: True&#xD;
sandbox: CleanUpAfterTestRun complete.</StdOut>
      </Output>
    </UnitTestResult>
    <UnitTestResult executionId="d81d7322-3209-4534-8201-e39bbad5a044" testId="a71bf9c0-d28d-f9fc-0c1e-4a480dc60de4" testName="FormationShouldBeFilled" computerName="EC2AMAZ-JEOO151" duration="00:00:16.1180000" startTime="2019-07-11T17:24:45.0000000+00:00" endTime="2019-07-11T17:25:01.0000000+00:00" testType="13cdc9d9-ddb5-4fa4-a97d-d965ccfc6d4b" outcome="Passed" testListId="8c84fa94-04c1-424b-9868-57a2d4851a1d" relativeResultsDirectory="d81d7322-3209-4534-8201-e39bbad5a044">
      <Output>
        <StdOut>sandbox: PrepareForTestRun started.&#xD;
sandbox: football liveStatsApp != null: True &#xD;
sandbox: football liveStatsApp.IsProcessRunning: True &#xD;
sandbox: setupLocalData: localDatabaseProvider != null: True&#xD;
sandbox: applicationPages != null: True&#xD;
sandbox: applicationPages.Webdriver != null: True&#xD;
sandbox: finished setuping local data&#xD;
sandbox: PrepareForTestRun complete.&#xD;
Given I am in formations tab&#xD;
-&gt; done: TeamsFormationsTabSteps.GivenIAmInFormationsTab() (6.5s)&#xD;
And All starters are added into formation for team 1&#xD;
-&gt; done: TeamsFormationsTabSteps.GivenAllPlayersAreAddedIntoFormation(1) (2.0s)&#xD;
And All starters are added into formation for team 2&#xD;
-&gt; done: TeamsFormationsTabSteps.GivenAllPlayersAreAddedIntoFormation(2) (2.1s)&#xD;
Then All formation locations of team 1 should be filled&#xD;
-&gt; done: TeamsFormationsTabSteps.ThenAllFormationLocationsOfTeamShouldBeFilled(1) (2.1s)&#xD;
And All formation locations of team 2 should be filled&#xD;
-&gt; done: TeamsFormationsTabSteps.ThenAllFormationLocationsOfTeamShouldBeFilled(2) (2.0s)&#xD;
sandbox: CleanUpAfterTestRun started.&#xD;
sandbox: application pages != null: True&#xD;
sandbox: web driver!= null: True&#xD;
Given action failed. Retrying after a timeout. Most likely UI was not fast enough to refresh itself.&#xD;
sandbox: CleanUpAfterTestRun complete.</StdOut>
      </Output>
    </UnitTestResult>
    <UnitTestResult executionId="80f5864d-6142-4fcc-8b16-b9699565ac60" testId="2aa5522e-f7ac-a700-28bc-bc18fb9305ac" testName="ChangeActionTimeForCardEdit" computerName="EC2AMAZ-JEOO151" duration="00:00:11.0510000" startTime="2019-07-11T17:49:09.0000000+00:00" endTime="2019-07-11T17:49:20.0000000+00:00" testType="13cdc9d9-ddb5-4fa4-a97d-d965ccfc6d4b" outcome="Passed" testListId="8c84fa94-04c1-424b-9868-57a2d4851a1d" relativeResultsDirectory="80f5864d-6142-4fcc-8b16-b9699565ac60">
      <Output>
        <StdOut>sandbox: PrepareForTestRun started.&#xD;
sandbox: football liveStatsApp != null: True &#xD;
sandbox: football liveStatsApp.IsProcessRunning: True &#xD;
sandbox: setupLocalData: localDatabaseProvider != null: True&#xD;
sandbox: applicationPages != null: True&#xD;
sandbox: applicationPages.Webdriver != null: True&#xD;
sandbox: finished setuping local data&#xD;
sandbox: PrepareForTestRun complete.&#xD;
Given Match started with kick off from existing game&#xD;
-&gt; done: SetupGameSteps.GivenMatchStartedWithKickOffButtonFromExistingGame() (3.3s)&#xD;
And I remembered current players on pitch shirt numbers&#xD;
-&gt; done: GoalEditSteps.GivenIRememberCurrentPlayersOnPitch() (1.6s)&#xD;
Given "Yellow" Card for Team "1" player with shirt number "4" is registered&#xD;
Given action failed. Retrying after a timeout.&#xD;
-&gt; done: CardSteps.GivenCardForTeamPlayerWithShirtNumberIsRegistered(Yellow, 1, 4) (3.3s)&#xD;
When I click on 1 of type "Booking" event in action log&#xD;
-&gt; done: ActionLogSteps.GivenIClickOnLatestEventInActionLog(1, Booking) (0.2s)&#xD;
And I change action time to 4444&#xD;
-&gt; done: EditFormSteps.WhenIChangeActionTimeTo("4444") (1.0s)&#xD;
And I click Save button in action edit form&#xD;
-&gt; done: EditFormSteps.ClickSaveButtonInActionEditForm() (0.6s)&#xD;
Then Latest "Booking" event in action log conceded time is "44:44"&#xD;
-&gt; done: ActionLogSteps.ThenLatestEventInActionLogConcededTimeIs(Booking, "44:44") (0.0s)&#xD;
sandbox: CleanUpAfterTestRun started.&#xD;
sandbox: application pages != null: True&#xD;
sandbox: web driver!= null: True&#xD;
sandbox: CleanUpAfterTestRun complete.</StdOut>
      </Output>
    </UnitTestResult>
    <UnitTestResult executionId="db6fc724-609c-4c00-bf6c-34729f9f107b" testId="b73cbb88-6d08-19bb-66d8-88ef0f8d2db5" testName="GivenGameWithCursorOnPitch_WhenDisablingPossession_ThenBallGetsCleared" computerName="EC2AMAZ-JEOO151" duration="00:00:14.3720000" startTime="2019-07-11T21:17:50.0000000+00:00" endTime="2019-07-11T21:18:04.0000000+00:00" testType="13cdc9d9-ddb5-4fa4-a97d-d965ccfc6d4b" outcome="Passed" testListId="8c84fa94-04c1-424b-9868-57a2d4851a1d" relativeResultsDirectory="db6fc724-609c-4c00-bf6c-34729f9f107b">
      <Output>
        <StdOut>sandbox: PrepareForTestRun started.&#xD;
sandbox: football liveStatsApp != null: True &#xD;
sandbox: football liveStatsApp.IsProcessRunning: True &#xD;
sandbox: setupLocalData: localDatabaseProvider != null: True&#xD;
sandbox: applicationPages != null: True&#xD;
sandbox: applicationPages.Webdriver != null: True&#xD;
sandbox: finished setuping local data&#xD;
sandbox: PrepareForTestRun complete.&#xD;
Failed to find data-qa element with tag 'dangerZoneText'. No such element exception.&#xD;
Failed to find data-qa element with tag 'dangerZoneText'. No such element exception.&#xD;
Failed to find data-qa element with tag 'dangerZoneText'. No such element exception.&#xD;
Failed to find data-qa element with tag 'dangerZoneText'. No such element exception.&#xD;
sandbox: CleanUpAfterTestRun started.&#xD;
sandbox: application pages != null: True&#xD;
sandbox: web driver!= null: True&#xD;
sandbox: CleanUpAfterTestRun complete.</StdOut>
      </Output>
    </UnitTestResult>
    <UnitTestResult executionId="0a61667f-461e-46e4-9dc5-4cbbb4edb7d6" testId="e80f6ae1-1e8f-d4e3-64a5-e606c8692dc1" testName="OpenAdjustPitchPositionForBallLandingLocation" computerName="EC2AMAZ-JEOO151" duration="00:00:09.3510000" startTime="2019-07-11T17:57:55.0000000+00:00" endTime="2019-07-11T17:58:05.0000000+00:00" testType="13cdc9d9-ddb5-4fa4-a97d-d965ccfc6d4b" outcome="Passed" testListId="8c84fa94-04c1-424b-9868-57a2d4851a1d" relativeResultsDirectory="0a61667f-461e-46e4-9dc5-4cbbb4edb7d6">
      <Output>
        <StdOut>sandbox: PrepareForTestRun started.&#xD;
sandbox: football liveStatsApp != null: True &#xD;
sandbox: football liveStatsApp.IsProcessRunning: True &#xD;
sandbox: setupLocalData: localDatabaseProvider != null: True&#xD;
sandbox: applicationPages != null: True&#xD;
sandbox: applicationPages.Webdriver != null: True&#xD;
sandbox: finished setuping local data&#xD;
sandbox: PrepareForTestRun complete.&#xD;
Given Match started with kick off from existing game&#xD;
-&gt; done: SetupGameSteps.GivenMatchStartedWithKickOffButtonFromExistingGame() (3.3s)&#xD;
And I remembered current players on pitch shirt numbers&#xD;
-&gt; done: GoalEditSteps.GivenIRememberCurrentPlayersOnPitch() (1.5s)&#xD;
Given Freekick for Team 1 is registered&#xD;
-&gt; done: FreeKickSteps.GivenFreekickForTeamIsRegistered(1) (1.1s)&#xD;
When I click on latest "FreeKick" event in action log&#xD;
-&gt; done: ActionLogSteps.GivenIClickOnLatestEventInActionLog(FreeKick) (0.3s)&#xD;
And I click "adjust pitch location" button in ball landing location edit window&#xD;
Failed to find data-qa element with tag 'setPitchLocationButton'. No such element exception.&#xD;
-&gt; done: MiniPitchEditPageElementSteps.WhenIClickButtonInBallLandingLocationEditWindow() (2.2s)&#xD;
Then Edit pitch Location dialog is visible&#xD;
-&gt; done: EditFormSteps.ThenEditLocationDialogIsVisible() (0.0s)&#xD;
And Shot pitch Position marker is visible&#xD;
-&gt; done: ExpandedPitchPositionDialogSteps.ThenShotPitchPositionMarkerIsVisible() (0.0s)&#xD;
And Clear Pitch button is visible&#xD;
-&gt; done: GoalEditSteps.ThenClearPitchButtonIsVisible() (0.0s)&#xD;
And Cancel pitch location selection button is visible&#xD;
-&gt; done: ExpandedPitchPositionDialogSteps.ThenCancelPitchLocationSelectionButtonIsVisible() (0.0s)&#xD;
And Save pitch location button is visible&#xD;
-&gt; done: ExpandedPitchPositionDialogSteps.ThenSavePitchLocationButtonIsVisible() (0.0s)&#xD;
sandbox: CleanUpAfterTestRun started.&#xD;
sandbox: application pages != null: True&#xD;
sandbox: web driver!= null: True&#xD;
sandbox: CleanUpAfterTestRun complete.</StdOut>
      </Output>
    </UnitTestResult>
    <UnitTestResult executionId="02de41ec-128d-48de-97bf-23ff9010a2f2" testId="22dd0328-f290-168a-e5eb-a9e9d4a64452" testName="GivenGameInProgress_WhenSelectingInjuryButton_ThenTwoOptionsAvailable" computerName="EC2AMAZ-JEOO151" duration="00:00:04.7340000" startTime="2019-07-11T21:06:15.0000000+00:00" endTime="2019-07-11T21:06:19.0000000+00:00" testType="13cdc9d9-ddb5-4fa4-a97d-d965ccfc6d4b" outcome="Passed" testListId="8c84fa94-04c1-424b-9868-57a2d4851a1d" relativeResultsDirectory="02de41ec-128d-48de-97bf-23ff9010a2f2">
      <Output>
        <StdOut>sandbox: PrepareForTestRun started.&#xD;
sandbox: football liveStatsApp != null: True &#xD;
sandbox: football liveStatsApp.IsProcessRunning: True &#xD;
sandbox: setupLocalData: localDatabaseProvider != null: True&#xD;
sandbox: applicationPages != null: True&#xD;
sandbox: applicationPages.Webdriver != null: True&#xD;
sandbox: finished setuping local data&#xD;
sandbox: PrepareForTestRun complete.&#xD;
sandbox: CleanUpAfterTestRun started.&#xD;
sandbox: application pages != null: True&#xD;
sandbox: web driver!= null: True&#xD;
sandbox: CleanUpAfterTestRun complete.</StdOut>
      </Output>
    </UnitTestResult>
    <UnitTestResult executionId="11d52da8-611e-415e-b616-06f78b671207" testId="e52d3001-1eb3-8086-d6bd-955799f73715" testName="GivenInjuryInProgress_WhenSettingPossession_PossessionIsChanged(1)" computerName="EC2AMAZ-JEOO151" duration="00:00:10.1990000" startTime="2019-07-11T21:43:58.0000000+00:00" endTime="2019-07-11T21:44:08.0000000+00:00" testType="13cdc9d9-ddb5-4fa4-a97d-d965ccfc6d4b" outcome="Passed" testListId="8c84fa94-04c1-424b-9868-57a2d4851a1d" relativeResultsDirectory="11d52da8-611e-415e-b616-06f78b671207">
      <Output>
        <StdOut>sandbox: PrepareForTestRun started.&#xD;
sandbox: football liveStatsApp != null: True &#xD;
sandbox: football liveStatsApp.IsProcessRunning: True &#xD;
sandbox: setupLocalData: localDatabaseProvider != null: True&#xD;
sandbox: applicationPages != null: True&#xD;
sandbox: applicationPages.Webdriver != null: True&#xD;
sandbox: finished setuping local data&#xD;
sandbox: PrepareForTestRun complete.&#xD;
sandbox: CleanUpAfterTestRun started.&#xD;
sandbox: application pages != null: True&#xD;
sandbox: web driver!= null: True&#xD;
sandbox: CleanUpAfterTestRun complete.</StdOut>
      </Output>
    </UnitTestResult>
    <UnitTestResult executionId="930b0a10-f0ec-49ee-b65c-56114add6a59" testId="b207ab7c-0ff3-35a9-ed53-f2165c656383" testName="NoOnVarOnFirstStepOfRecordCardWorkflow(&quot;1&quot;,&quot;Red&quot;,null)" computerName="EC2AMAZ-JEOO151" duration="00:00:06.2820000" startTime="2019-07-11T19:53:29.0000000+00:00" endTime="2019-07-11T19:53:35.0000000+00:00" testType="13cdc9d9-ddb5-4fa4-a97d-d965ccfc6d4b" outcome="Passed" testListId="8c84fa94-04c1-424b-9868-57a2d4851a1d" relativeResultsDirectory="930b0a10-f0ec-49ee-b65c-56114add6a59">
      <Output>
        <StdOut>sandbox: PrepareForTestRun started.&#xD;
sandbox: football liveStatsApp != null: True &#xD;
sandbox: football liveStatsApp.IsProcessRunning: True &#xD;
sandbox: setupLocalData: localDatabaseProvider != null: True&#xD;
sandbox: applicationPages != null: True&#xD;
sandbox: applicationPages.Webdriver != null: True&#xD;
sandbox: finished setuping local data&#xD;
sandbox: PrepareForTestRun complete.&#xD;
Given Match started with kick off from existing game&#xD;
-&gt; done: SetupGameSteps.GivenMatchStartedWithKickOffButtonFromExistingGame() (3.2s)&#xD;
When I click on team 1 possible "Red"&#xD;
-&gt; done: TeamActionButtonSteps.StartPossibleCardRegistration(1, Red) (0.6s)&#xD;
And I click "Possible VAR" button in workflow&#xD;
-&gt; done: WorkflowSteps.WhenIClickPossibleVarButtonInWorkflow() (0.1s)&#xD;
And I click var confirmation "No" button&#xD;
-&gt; done: WorkflowSteps.WhenIClickVarConfirmationButton("No") (0.2s)&#xD;
Then VAR label is shown in Booking event action log&#xD;
-&gt; done: ActionLogSteps.ThenOffenceIsShownInPenaltyEventActionLog("VAR", Booking) (0.3s)&#xD;
And Latest "Booking" event is completed&#xD;
-&gt; done: ActionLogSteps.ThenLatestEventIsConfirmed(Booking) (0.0s)&#xD;
And VAR label of "Booking" event in action log is in team 1 color&#xD;
-&gt; done: ActionLogSteps.ThenSubItemOfEventInActionLogIsInTeamColor("VAR", Booking, 1) (0.1s)&#xD;
And VAR label of "Booking" event in action log contains "Card Overturned" message&#xD;
-&gt; done: ActionLogSteps.ThenSubItemOfEventInActionLogIsInTeamColor("VAR", Booking, "Card Overturned") (0.1s)&#xD;
And Action Buttons are enabled&#xD;
-&gt; done: TeamActionButtonSteps.ThenActionButtonsAreEnabled() (0.7s)&#xD;
sandbox: CleanUpAfterTestRun started.&#xD;
sandbox: application pages != null: True&#xD;
sandbox: web driver!= null: True&#xD;
sandbox: CleanUpAfterTestRun complete.</StdOut>
      </Output>
    </UnitTestResult>
    <UnitTestResult executionId="89fc674b-3bae-43cd-b688-f433e745a150" testId="1e168f41-5c5b-dd79-95b9-d3a87519a0c3" testName="EditShotDuringWorkflowFromActionLog" computerName="EC2AMAZ-JEOO151" duration="00:00:06.4990000" startTime="2019-07-11T17:54:46.0000000+00:00" endTime="2019-07-11T17:54:52.0000000+00:00" testType="13cdc9d9-ddb5-4fa4-a97d-d965ccfc6d4b" outcome="Passed" testListId="8c84fa94-04c1-424b-9868-57a2d4851a1d" relativeResultsDirectory="89fc674b-3bae-43cd-b688-f433e745a150">
      <Output>
        <StdOut>sandbox: PrepareForTestRun started.&#xD;
sandbox: football liveStatsApp != null: True &#xD;
sandbox: football liveStatsApp.IsProcessRunning: True &#xD;
sandbox: setupLocalData: localDatabaseProvider != null: True&#xD;
sandbox: applicationPages != null: True&#xD;
sandbox: applicationPages.Webdriver != null: True&#xD;
sandbox: finished setuping local data&#xD;
sandbox: PrepareForTestRun complete.&#xD;
Given Match started with kick off from existing game&#xD;
-&gt; done: SetupGameSteps.GivenMatchStartedWithKickOffButtonFromExistingGame() (3.3s)&#xD;
Given Shot for Team 1 is registered&#xD;
-&gt; done: ShotEditSteps.GivenShotForTeamIsRegistered(1) (1.1s)&#xD;
When I click Freekick button for team 1&#xD;
Given action failed. Retrying after a timeout.&#xD;
-&gt; done: TeamActionButtonSteps.WhenIClickFreekickButtonForTeam(1) (0.6s)&#xD;
And I click on latest "Shot" event in action log&#xD;
-&gt; done: ActionLogSteps.GivenIClickOnLatestEventInActionLog(Shot) (0.1s)&#xD;
And I click Flag &amp; Save button in action edit form&#xD;
-&gt; done: EditFormSteps.ClickFlagAndSaveInActionEditForm() (0.4s)&#xD;
Then Pitch View is shown&#xD;
-&gt; done: PitchScreenSteps.PitchViewIsShown() (0.0s)&#xD;
And 1 event in action log of type "Shot" is flagged&#xD;
-&gt; done: ActionLogSteps.ThenEventInActionLogOfTypeIsFlagged(1, Shot) (0.0s)&#xD;
And Notification "Select free kick location..." is shown&#xD;
-&gt; done: PitchBottomMessageBarSteps.ThenIsShown("Select free kick ...") (0.1s)&#xD;
sandbox: CleanUpAfterTestRun started.&#xD;
sandbox: application pages != null: True&#xD;
sandbox: web driver!= null: True&#xD;
sandbox: CleanUpAfterTestRun complete.</StdOut>
      </Output>
    </UnitTestResult>
    <UnitTestResult executionId="02180bb8-365c-4ac6-85d1-2bc8d43abf4a" testId="1a7d4f9e-fa54-cd99-c226-6ec3000c9dc0" testName="CancellingShotWorkflowResumesFreeKickWorkflow(&quot;location&quot;,&quot;1&quot;,null)" computerName="EC2AMAZ-JEOO151" duration="00:00:05.7320000" startTime="2019-07-11T19:25:13.0000000+00:00" endTime="2019-07-11T19:25:18.0000000+00:00" testType="13cdc9d9-ddb5-4fa4-a97d-d965ccfc6d4b" outcome="Passed" testListId="8c84fa94-04c1-424b-9868-57a2d4851a1d" relativeResultsDirectory="02180bb8-365c-4ac6-85d1-2bc8d43abf4a">
      <Output>
        <StdOut>sandbox: PrepareForTestRun started.&#xD;
sandbox: football liveStatsApp != null: True &#xD;
sandbox: football liveStatsApp.IsProcessRunning: True &#xD;
sandbox: setupLocalData: localDatabaseProvider != null: True&#xD;
sandbox: applicationPages != null: True&#xD;
sandbox: applicationPages.Webdriver != null: True&#xD;
sandbox: finished setuping local data&#xD;
sandbox: PrepareForTestRun complete.&#xD;
Given Match started with kick off from existing game&#xD;
-&gt; done: SetupGameSteps.GivenMatchStartedWithKickOffButtonFromExistingGame() (3.2s)&#xD;
Given Free kick for team "1" workflow entered till location selection&#xD;
-&gt; done: FreeKickSteps.GivenFreeKickForTeamAndWorkflowEnteredTillLocationSelection(1) (0.6s)&#xD;
And I clicked "Shot" button for team 1&#xD;
Given action failed. Retrying after a timeout.&#xD;
-&gt; done: TeamActionButtonSteps.GivenIClickShotButtonForTeam(1) (0.4s)&#xD;
When I cancel action workflow by clicking "Cancel &amp; Delete" button&#xD;
-&gt; done: WorkflowSteps.WhenICancelActionWorkflowByClickingButton() (0.2s)&#xD;
Then Latest freekick event is in progress&#xD;
-&gt; done: ActionLogSteps.ThenFreekickEventIsNotCompleted() (0.1s)&#xD;
And Current free kick step is location selection&#xD;
-&gt; done: FreeKickSteps.ThenCurrentFreeKickStepIsLocationSelection() (0.2s)&#xD;
And Latest action in log is of type "FreeKick"&#xD;
-&gt; done: ActionLogSteps.ThenLatestActionIsOfTypeGoal(FreeKick) (0.0s)&#xD;
And Latest action of type "FreeKick" is not flagged&#xD;
-&gt; done: ActionLogSteps.ThenLatestEventInActionLogOfTypeIsNotFlagged(FreeKick) (0.0s)&#xD;
sandbox: CleanUpAfterTestRun started.&#xD;
sandbox: application pages != null: True&#xD;
sandbox: web driver!= null: True&#xD;
sandbox: CleanUpAfterTestRun complete.</StdOut>
      </Output>
    </UnitTestResult>
    <UnitTestResult executionId="5162e459-f380-4e90-b8d6-504269109984" testId="d07880c6-fb87-92d3-30f9-e0df26d4a707" testName="CannotProceedWithEmptyPlayerName" computerName="EC2AMAZ-JEOO151" duration="00:01:23.4340000" startTime="2019-07-11T17:28:39.0000000+00:00" endTime="2019-07-11T17:30:03.0000000+00:00" testType="13cdc9d9-ddb5-4fa4-a97d-d965ccfc6d4b" outcome="Passed" testListId="8c84fa94-04c1-424b-9868-57a2d4851a1d" relativeResultsDirectory="5162e459-f380-4e90-b8d6-504269109984">
      <Output>
        <StdOut>sandbox: PrepareForTestRun started.&#xD;
sandbox: football liveStatsApp != null: True &#xD;
sandbox: football liveStatsApp.IsProcessRunning: True &#xD;
sandbox: setupLocalData: localDatabaseProvider != null: True&#xD;
sandbox: applicationPages != null: True&#xD;
sandbox: applicationPages.Webdriver != null: True&#xD;
sandbox: finished setuping local data&#xD;
sandbox: PrepareForTestRun complete.&#xD;
Given I am in players tab&#xD;
-&gt; done: PlayersTabSteps.GivenIAmInPlayersTab() (3.0s)&#xD;
When I enter all data for 11 players of team 1&#xD;
-&gt; done: PlayersTabSteps.WhenIEnterAllDataForPlayersForTeam(11, 1) (37.5s)&#xD;
And I enter all data for 11 players of team 2&#xD;
-&gt; done: PlayersTabSteps.WhenIEnterAllDataForPlayersForTeam(11, 2) (35.6s)&#xD;
And I Add player for team 1&#xD;
-&gt; done: PlayersTabSteps.WhenIAddPlayerForTeam(1) (0.1s)&#xD;
And I enter number 12 for player 12 of team 1&#xD;
-&gt; done: PlayersTabSteps.WhenIEnterNumberAaForPlayerOfTeam("12", 12, 1) (0.5s)&#xD;
And I enter name "" for player 12 of team 1&#xD;
-&gt; done: PlayersTabSteps.WhenIEnterNamePlayerForPlayerOfTeam("", 12, 1) (0.1s)&#xD;
And I enter surname "player12surname" for player 12 of team 1&#xD;
-&gt; done: PlayersTabSteps.WhenIEnterSurnamePlayersurnameForPlayerOfTeam("player12surname", 12, 1) (2.3s)&#xD;
And I select positon Lw for player 12 of team 1&#xD;
-&gt; done: PlayersTabSteps.WhenISelectPositonLwForPlayerOfTeam(Lw, 12, 1) (0.3s)&#xD;
And I mark player 12 of team 1 as playing&#xD;
-&gt; done: PlayersTabSteps.WhenIMarkPlayerOfTeamAsPlaying(12, 1) (0.2s)&#xD;
And I click Save &amp; Next button&#xD;
-&gt; done: GameSetupSteps.WhenIClickSaveNextButton() (0.2s)&#xD;
Then Error is shown "First Name is missing"&#xD;
-&gt; done: GameSetupSteps.ThenErrorIsShown("First Name is mis...") (0.1s)&#xD;
And Formations tab should not be open&#xD;
Failed to find element with query '[data-qa='formationsForm']'. Web driver timeout exception.&#xD;
-&gt; done: TeamsFormationsTabSteps.ThenFormationTabShouldNotOpen() (2.1s)&#xD;
sandbox: CleanUpAfterTestRun started.&#xD;
sandbox: application pages != null: True&#xD;
sandbox: web driver!= null: True&#xD;
Given action failed. Retrying after a timeout. Most likely UI was not fast enough to refresh itself.&#xD;
sandbox: CleanUpAfterTestRun complete.</StdOut>
      </Output>
    </UnitTestResult>
    <UnitTestResult executionId="dc5036dd-501e-446c-955d-bfca74c3c350" testId="2709d763-421f-8a89-4799-28e1959048dd" testName="GivenGameInProgress_WhenUpdatingDefaultQuickPrint_ThenUpdatedSuccessfully(&quot;Half Time&quot;)" computerName="EC2AMAZ-JEOO151" duration="00:00:06.2480000" startTime="2019-07-11T20:05:08.0000000+00:00" endTime="2019-07-11T20:05:15.0000000+00:00" testType="13cdc9d9-ddb5-4fa4-a97d-d965ccfc6d4b" outcome="Passed" testListId="8c84fa94-04c1-424b-9868-57a2d4851a1d" relativeResultsDirectory="dc5036dd-501e-446c-955d-bfca74c3c350">
      <Output>
        <StdOut>sandbox: PrepareForTestRun started.&#xD;
sandbox: football liveStatsApp != null: True &#xD;
sandbox: football liveStatsApp.IsProcessRunning: True &#xD;
sandbox: setupLocalData: localDatabaseProvider != null: True&#xD;
sandbox: applicationPages != null: True&#xD;
sandbox: applicationPages.Webdriver != null: True&#xD;
sandbox: finished setuping local data&#xD;
sandbox: PrepareForTestRun complete.&#xD;
sandbox: CleanUpAfterTestRun started.&#xD;
sandbox: application pages != null: True&#xD;
sandbox: web driver!= null: True&#xD;
sandbox: CleanUpAfterTestRun complete.</StdOut>
      </Output>
    </UnitTestResult>
    <UnitTestResult executionId="cd07fbea-22fb-45f9-aac6-6379e168ca18" testId="a83cc73a-9a85-f9ff-b6c3-3dd8d9f7ce7b" testName="CancelSubstitutionEdit" computerName="EC2AMAZ-JEOO151" duration="00:00:08.0650000" startTime="2019-07-11T18:10:27.0000000+00:00" endTime="2019-07-11T18:10:35.0000000+00:00" testType="13cdc9d9-ddb5-4fa4-a97d-d965ccfc6d4b" outcome="Passed" testListId="8c84fa94-04c1-424b-9868-57a2d4851a1d" relativeResultsDirectory="cd07fbea-22fb-45f9-aac6-6379e168ca18">
      <Output>
        <StdOut>sandbox: PrepareForTestRun started.&#xD;
sandbox: football liveStatsApp != null: True &#xD;
sandbox: football liveStatsApp.IsProcessRunning: True &#xD;
sandbox: setupLocalData: localDatabaseProvider != null: True&#xD;
sandbox: applicationPages != null: True&#xD;
sandbox: applicationPages.Webdriver != null: True&#xD;
sandbox: finished setuping local data&#xD;
sandbox: PrepareForTestRun complete.&#xD;
Given Match started with kick off from existing game&#xD;
-&gt; done: SetupGameSteps.GivenMatchStartedWithKickOffButtonFromExistingGame() (3.3s)&#xD;
Given added substitution for in player "24" and out player "4" in team "2"&#xD;
-&gt; done: SubstitutionEditSteps.GivenIAddSubstitutionForBothTeams(24, 4, 2) (2.1s)&#xD;
When I click on latest "Substitution" event in action log&#xD;
-&gt; done: ActionLogSteps.GivenIClickOnLatestEventInActionLog(Substitution) (0.3s)&#xD;
And I click player with shirt number 26 from "bench" list&#xD;
-&gt; done: SubstitutionEditSteps.WhenIClickPlayerWithShirtNumberFromList(26, "bench") (0.6s)&#xD;
And I click player with shirt number 6 from "pitch" list&#xD;
-&gt; done: SubstitutionEditSteps.WhenIClickPlayerWithShirtNumberFromList(6, "pitch") (0.4s)&#xD;
And I Click "cancel" Button in action page&#xD;
-&gt; done: EditFormSteps.GivenIClickCancelButton() (0.2s)&#xD;
Then Pitch View is shown&#xD;
-&gt; done: PitchScreenSteps.PitchViewIsShown() (0.1s)&#xD;
And Substitution event for team 2 contains player with shirt number 24 Sub-in&#xD;
-&gt; done: SubstitutionEditSteps.ThenSubstitutionEventForTeamTeamContainsPlayerWithShirtNumberSub_In(2, 24) (0.1s)&#xD;
And Substitution event for team 2 contains player with shirt number 4 Sub-out&#xD;
-&gt; done: SubstitutionEditSteps.ThenSubstitutionEventForTeamTeamContainsPlayerWithShirtNumberSub_Out(2, 4) (0.1s)&#xD;
And substitutions for team "1" button on pitch shows "3" remaining and "3" available subs&#xD;
-&gt; done: SubstitutionSteps.ThenSubsForTeamButtonOnPitchShowsCompletedAndAvailableSubs(1, 3, 3) (0.0s)&#xD;
And substitutions for team "2" button on pitch shows "2" remaining and "3" available subs&#xD;
-&gt; done: SubstitutionSteps.ThenSubsForTeamButtonOnPitchShowsCompletedAndAvailableSubs(2, 2, 3) (0.0s)&#xD;
sandbox: CleanUpAfterTestRun started.&#xD;
sandbox: application pages != null: True&#xD;
sandbox: web driver!= null: True&#xD;
sandbox: CleanUpAfterTestRun complete.</StdOut>
      </Output>
    </UnitTestResult>
    <UnitTestResult executionId="c78084a9-0f40-4044-82fa-a4f957a625d1" testId="349975a9-1a74-25ad-f290-c12ccaa4b66f" testName="YellowCardsFilterInExpandedLogShowOnlyYellowCards" computerName="EC2AMAZ-JEOO151" duration="00:00:15.4000000" startTime="2019-07-11T19:34:11.0000000+00:00" endTime="2019-07-11T19:34:26.0000000+00:00" testType="13cdc9d9-ddb5-4fa4-a97d-d965ccfc6d4b" outcome="Passed" testListId="8c84fa94-04c1-424b-9868-57a2d4851a1d" relativeResultsDirectory="c78084a9-0f40-4044-82fa-a4f957a625d1">
      <Output>
        <StdOut>sandbox: PrepareForTestRun started.&#xD;
sandbox: football liveStatsApp != null: True &#xD;
sandbox: football liveStatsApp.IsProcessRunning: True &#xD;
sandbox: setupLocalData: localDatabaseProvider != null: True&#xD;
sandbox: applicationPages != null: True&#xD;
sandbox: applicationPages.Webdriver != null: True&#xD;
sandbox: finished setuping local data&#xD;
sandbox: PrepareForTestRun complete.&#xD;
Given Match started with kick off from existing game&#xD;
-&gt; done: SetupGameSteps.GivenMatchStartedWithKickOffButtonFromExistingGame() (3.4s)&#xD;
And "Red" Card for Team 1 is registered&#xD;
Given action failed. Retrying after a timeout.&#xD;
-&gt; done: CardSteps.GivenCardForTeamIsRegistered(Red, 1) (3.5s)&#xD;
And "Yellow" Card for Team "1" player with shirt number "6" is registered&#xD;
-&gt; done: CardSteps.GivenCardForTeamPlayerWithShirtNumberIsRegistered(Yellow, 1, 6) (3.1s)&#xD;
And "SecondYellow" Card for Team "1" player with shirt number "8" is registered&#xD;
-&gt; done: CardSteps.GivenCardForTeamPlayerWithShirtNumberIsRegistered(SecondYellow, 1, 8) (3.3s)&#xD;
Given GoalKick for Team 1 is registered&#xD;
Given action failed. Retrying after a timeout.&#xD;
-&gt; done: GoalKickSteps.GivenGoalKickForTeamIsRegistered(1) (0.8s)&#xD;
When I open Expanded Action log&#xD;
-&gt; done: ActionLogSteps.WhenIClickExpandActionLogButton() (0.2s)&#xD;
And I expand Cards filter&#xD;
-&gt; done: FilterSteps.WhenIExpandCardsFilter() (0.1s)&#xD;
And I select yellow cards filter&#xD;
-&gt; done: FilterSteps.WhenISelectYellowCardsFilter() (0.1s)&#xD;
Then Expanded action log contains "1" items&#xD;
-&gt; done: ExpandedActionLogSteps.ThenExpandedActionLogContainsItemsCount(1) (0.0s)&#xD;
And "Yellow Card" Action is displayed at 1 in expanded action log&#xD;
-&gt; done: ExpandedActionLogSteps.ThenGoalActionIsDisplayedAtInExpandedActionLog("Yellow Card", 1) (0.0s)&#xD;
sandbox: CleanUpAfterTestRun started.&#xD;
sandbox: application pages != null: True&#xD;
sandbox: web driver!= null: True&#xD;
sandbox: CleanUpAfterTestRun complete.</StdOut>
      </Output>
    </UnitTestResult>
    <UnitTestResult executionId="277065dd-f38e-4c0d-9cee-bb6e433cee6e" testId="46e07748-d409-46ce-f865-c7d6bad8aec6" testName="FootballGameInformationTabIsPopulatedWithPre_MatchData" computerName="EC2AMAZ-JEOO151" duration="00:00:09.8970000" startTime="2019-07-11T17:22:05.0000000+00:00" endTime="2019-07-11T17:22:15.0000000+00:00" testType="13cdc9d9-ddb5-4fa4-a97d-d965ccfc6d4b" outcome="Passed" testListId="8c84fa94-04c1-424b-9868-57a2d4851a1d" relativeResultsDirectory="277065dd-f38e-4c0d-9cee-bb6e433cee6e">
      <Output>
        <StdOut>sandbox: PrepareForTestRun started.&#xD;
sandbox: football liveStatsApp != null: True &#xD;
sandbox: football liveStatsApp.IsProcessRunning: True &#xD;
sandbox: setupLocalData: localDatabaseProvider != null: True&#xD;
sandbox: applicationPages != null: True&#xD;
sandbox: applicationPages.Webdriver != null: True&#xD;
sandbox: finished setuping local data&#xD;
sandbox: PrepareForTestRun complete.&#xD;
Given Load Game Using Match Key Dialog Is Opened&#xD;
-&gt; done: DashBoardSteps.GivenLoadGameUsingMatchKeyDialogIsOpened() (0.2s)&#xD;
When I enter match key 152OZG089RYM4N5KQHR8&#xD;
-&gt; done: DashBoardSteps.WhenIEnterMatchKey("152OZG089RYM4N5KQHR8") (0.2s)&#xD;
And I click Next button&#xD;
-&gt; done: DashBoardSteps.WhenIClickNextButton() (0.1s)&#xD;
And I skip statistician network verification tab&#xD;
-&gt; done: GameSetupSteps.GivenISkipStatisticianNetworkVerificationTab() (2.2s)&#xD;
Then Game information tab opens&#xD;
-&gt; done: GameInformationTabSteps.ThenGameInformationTabOpens() (0.1s)&#xD;
And Game Number Field Is Set To "1"&#xD;
-&gt; done: GameInformationTabSteps.ThenGameNumberFieldIsSetTo("1") (0.0s)&#xD;
And Competition Field Is Set To "GS ROUND ROBIN"&#xD;
-&gt; done: GameInformationTabSteps.ThenCompetitionFieldIsSetTo("GS ROUND ROBIN") (0.0s)&#xD;
And Venue Field Is Set To "LONDON STADIUM"&#xD;
-&gt; done: GameInformationTabSteps.ThenVenueFieldIsSetTo("LONDON STADIUM") (0.0s)&#xD;
And Country Field Is Set To "GERMANY"&#xD;
-&gt; done: GameInformationTabSteps.ThenCountryFieldIsSetTo("GERMANY") (0.0s)&#xD;
And "Subs count" is set to 3 in game information tab&#xD;
-&gt; done: GameInformationTabSteps.ThenNumberOfSubseIsSetTo("3") (0.0s)&#xD;
And "Period Length" set to 45&#xD;
-&gt; done: GameInformationTabSteps.ThenHalveLengthSetTo45("45") (0.0s)&#xD;
And "OT Length" set to 10&#xD;
-&gt; done: GameInformationTabSteps.ThenOvertimeLengthSetToValue("10") (0.0s)&#xD;
And Official "Referee" Name is set to Britt&#xD;
-&gt; done: GameInformationTabSteps.ThenOfficialNameIsSetTo("Referee", "Britt") (0.2s)&#xD;
And Official "Referee" Surname is set to Barkovic&#xD;
-&gt; done: GameInformationTabSteps.ThenOfficialSurnameIsSetTo("Referee", "Barkovic") (0.1s)&#xD;
And Official "Referee" Role is set to "Referee"&#xD;
-&gt; done: GameInformationTabSteps.ThenOfficialRoleIsSetTo("Referee", "Referee") (0.1s)&#xD;
And Official "Assistant Referee 1" Name is set to Weber&#xD;
-&gt; done: GameInformationTabSteps.ThenOfficialNameIsSetTo("Assistant Referee 1", "Weber") (0.3s)&#xD;
And Official "Assistant Referee 1" Surname is set to Targett&#xD;
-&gt; done: GameInformationTabSteps.ThenOfficialSurnameIsSetTo("Assistant Referee 1", "Targett") (0.2s)&#xD;
And Official "Assistant Referee 1" Role is set to "Assistant Referee 1"&#xD;
-&gt; done: GameInformationTabSteps.ThenOfficialRoleIsSetTo("Assistant Referee 1", "Assistant Referee 1") (0.2s)&#xD;
And Official "Assistant Referee 2" Name is set to Hobard&#xD;
-&gt; done: GameInformationTabSteps.ThenOfficialNameIsSetTo("Assistant Referee 2", "Hobard") (0.3s)&#xD;
And Official "Assistant Referee 2" Surname is set to Ulrich&#xD;
-&gt; done: GameInformationTabSteps.ThenOfficialSurnameIsSetTo("Assistant Referee 2", "Ulrich") (0.3s)&#xD;
And Official "Assistant Referee 2" Role is set to "Assistant Referee 2"&#xD;
-&gt; done: GameInformationTabSteps.ThenOfficialRoleIsSetTo("Assistant Referee 2", "Assistant Referee 2") (0.6s)&#xD;
And Official "Match Commissioner" Name is set to Gerard&#xD;
-&gt; done: GameInformationTabSteps.ThenOfficialNameIsSetTo("Match Commissioner", "Gerard") (0.4s)&#xD;
And Official "Match Commissioner" Surname is set to Owens&#xD;
-&gt; done: GameInformationTabSteps.ThenOfficialSurnameIsSetTo("Match Commissioner", "Owens") (0.6s)&#xD;
And Official "Match Commissioner" Role is set to "Match Commissioner"&#xD;
-&gt; done: GameInformationTabSteps.ThenOfficialRoleIsSetTo("Match Commissioner", "Match Commissioner") (0.4s)&#xD;
And Official "Fourth Official" Name is set to Gordon&#xD;
-&gt; done: GameInformationTabSteps.ThenOfficialNameIsSetTo("Fourth Official", "Gordon") (0.4s)&#xD;
And Official "Fourth Official" Surname is set to Daniel&#xD;
-&gt; done: GameInformationTabSteps.ThenOfficialSurnameIsSetTo("Fourth Official", "Daniel") (0.6s)&#xD;
And Official "Fourth Official" Role is set to "Fourth Official"&#xD;
-&gt; done: GameInformationTabSteps.ThenOfficialRoleIsSetTo("Fourth Official", "Fourth Official") (0.5s)&#xD;
sandbox: CleanUpAfterTestRun started.&#xD;
sandbox: application pages != null: True&#xD;
sandbox: web driver!= null: True&#xD;
Given action failed. Retrying after a timeout. Most likely UI was not fast enough to refresh itself.&#xD;
sandbox: CleanUpAfterTestRun complete.</StdOut>
      </Output>
    </UnitTestResult>
    <UnitTestResult executionId="d78a83da-ee07-4f32-b01a-10d23a4e3457" testId="96478b34-1683-bc92-f61f-768c8eb375f5" testName="ChangeFromMadeToMiss(&quot;2&quot;,&quot;1&quot;,&quot;10&quot;,&quot;50&quot;,&quot;8&quot;,&quot;11&quot;,null)" computerName="EC2AMAZ-JEOO151" duration="00:00:15.8990000" startTime="2019-07-11T19:01:32.0000000+00:00" endTime="2019-07-11T19:01:48.0000000+00:00" testType="13cdc9d9-ddb5-4fa4-a97d-d965ccfc6d4b" outcome="Passed" testListId="8c84fa94-04c1-424b-9868-57a2d4851a1d" relativeResultsDirectory="d78a83da-ee07-4f32-b01a-10d23a4e3457">
      <Output>
        <StdOut>sandbox: PrepareForTestRun started.&#xD;
sandbox: football liveStatsApp != null: True &#xD;
sandbox: football liveStatsApp.IsProcessRunning: True &#xD;
sandbox: setupLocalData: localDatabaseProvider != null: True&#xD;
sandbox: applicationPages != null: True&#xD;
sandbox: applicationPages.Webdriver != null: True&#xD;
sandbox: finished setuping local data&#xD;
sandbox: PrepareForTestRun complete.&#xD;
Given Match started with kick off from existing game&#xD;
-&gt; done: SetupGameSteps.GivenMatchStartedWithKickOffButtonFromExistingGame() (3.3s)&#xD;
When I click "Possible Penalty" button for team 2&#xD;
-&gt; done: TeamActionButtonSteps.GivenIClickPossiblePenaltyButtonForTeam(2) (0.6s)&#xD;
And I confirm penalty by clicking "Confirm" button&#xD;
-&gt; done: PenaltySteps.WhenIConfirmPenaltyByClickingButton() (2.2s)&#xD;
And I click on pitch x 10 and y 50&#xD;
Failed to find element with query '[data-qa='activePitchOverlay']'. Web driver timeout exception.&#xD;
Given action failed. Retrying after a timeout.&#xD;
Failed to find element with query '[data-qa='activePitchOverlay']'. Web driver timeout exception.&#xD;
-&gt; done: PitchScreenSteps.WhenIClickOnPitch(10, 50) (4.5s)&#xD;
And I click "Foul" reason button&#xD;
-&gt; done: CardSteps.WhenIClickReasonButton("Foul") (0.2s)&#xD;
And I click on team 1 player on pitch with shirt number 8&#xD;
-&gt; done: PitchPlayersComponentSteps.WhenIClickOnTeamPlayerOnPitchWithShirtNumber(1, 8) (0.3s)&#xD;
And I click on team 2 player on pitch with shirt number 11&#xD;
-&gt; done: PitchPlayersComponentSteps.WhenIClickOnTeamPlayerOnPitchWithShirtNumber(2, 11) (0.4s)&#xD;
And I click "Penalty Goal" Button&#xD;
-&gt; done: PenaltySteps.WhenIClickPenaltyGoalButton() (0.2s)&#xD;
And I click "Back" button in workflow&#xD;
-&gt; done: WorkflowSteps.WhenIClickBackButtonInWorkflow() (0.3s)&#xD;
And I click "Penalty Shot On Target" Button&#xD;
-&gt; done: PenaltySteps.WhenIClickPenaltyShotOnTargetButton() (0.1s)&#xD;
Then Score is 0 for team 2&#xD;
-&gt; done: ScoreBoardSteps.ThenScoreIsForTeam(0, 2) (0.2s)&#xD;
And Score is 0 for team 1&#xD;
-&gt; done: ScoreBoardSteps.ThenScoreIsForTeam(0, 1) (0.1s)&#xD;
And All action buttons except card and goal buttons are disabled for both teams&#xD;
-&gt; done: TeamActionButtonSteps.ThenAllActionButtonsExceptCardAndGoalButtonsAreDisabledForBothTeams() (0.6s)&#xD;
And penalty action button is selected for team "2"&#xD;
-&gt; done: TeamActionButtonSteps.ThenPenaltyActionButtonIsSelected(2) (0.0s)&#xD;
And Player on pitch with shirt number 11 of team 2 do not have goal icon&#xD;
Failed to find data-qa element with tag 'playerGoals'. No such element exception.&#xD;
-&gt; done: PitchPlayersComponentSteps.ThenPlayerOnPitchWithShirtNumberOfTeamDoNotHaveGoalIcon(11, 2) (2.2s)&#xD;
sandbox: CleanUpAfterTestRun started.&#xD;
sandbox: application pages != null: True&#xD;
sandbox: web driver!= null: True&#xD;
sandbox: CleanUpAfterTestRun complete.</StdOut>
      </Output>
    </UnitTestResult>
    <UnitTestResult executionId="e5e344c9-670f-4dc6-8bcb-4c9796d0a12a" testId="b20b6090-ed2e-0733-9417-6a033f1f6717" testName="CanRecordACardAfterGoalAndBeforeKickoff(&quot;Red&quot;,&quot;2&quot;,null)" computerName="EC2AMAZ-JEOO151" duration="00:00:11.9150000" startTime="2019-07-11T18:51:14.0000000+00:00" endTime="2019-07-11T18:51:26.0000000+00:00" testType="13cdc9d9-ddb5-4fa4-a97d-d965ccfc6d4b" outcome="Passed" testListId="8c84fa94-04c1-424b-9868-57a2d4851a1d" relativeResultsDirectory="e5e344c9-670f-4dc6-8bcb-4c9796d0a12a">
      <Output>
        <StdOut>sandbox: PrepareForTestRun started.&#xD;
sandbox: football liveStatsApp != null: True &#xD;
sandbox: football liveStatsApp.IsProcessRunning: True &#xD;
sandbox: setupLocalData: localDatabaseProvider != null: True&#xD;
sandbox: applicationPages != null: True&#xD;
sandbox: applicationPages.Webdriver != null: True&#xD;
sandbox: finished setuping local data&#xD;
sandbox: PrepareForTestRun complete.&#xD;
Given Match started with kick off from existing game&#xD;
-&gt; done: SetupGameSteps.GivenMatchStartedWithKickOffButtonFromExistingGame() (3.2s)&#xD;
Given recorded goal for team "1" and player number "4" and assist player "6"&#xD;
Given action failed. Retrying after a timeout.&#xD;
-&gt; done: GoalSteps.WhenIRecordGoalForTeamAndPlayerNumber(1, 4, 6) (4.1s)&#xD;
When I record "Red" card for 2&#xD;
Given action failed. Retrying after a timeout.&#xD;
-&gt; done: CardSteps.WhenIRecordCardFor("Red", 2) (3.4s)&#xD;
Then Kickoff prompt for team 2 is shown&#xD;
-&gt; done: GoalSteps.ThenKickoffPromptForTeamIsShown(2) (0.2s)&#xD;
And Latest "Booking" event is completed&#xD;
-&gt; done: ActionLogSteps.ThenLatestEventIsConfirmed(Booking) (0.1s)&#xD;
sandbox: CleanUpAfterTestRun started.&#xD;
sandbox: application pages != null: True&#xD;
sandbox: web driver!= null: True&#xD;
sandbox: CleanUpAfterTestRun complete.</StdOut>
      </Output>
    </UnitTestResult>
    <UnitTestResult executionId="5b864fb0-9199-41c7-a3ce-eba665a3ea1f" testId="7fc58d88-6f58-3682-efab-bea92e06341a" testName="CannotProceedWithoutBlankMandatoryFields(&quot;1&quot;,&quot;short name&quot;,&quot;Team's short name is required&quot;,null)" computerName="EC2AMAZ-JEOO151" duration="00:00:04.2770000" startTime="2019-07-11T17:39:07.0000000+00:00" endTime="2019-07-11T17:39:11.0000000+00:00" testType="13cdc9d9-ddb5-4fa4-a97d-d965ccfc6d4b" outcome="Passed" testListId="8c84fa94-04c1-424b-9868-57a2d4851a1d" relativeResultsDirectory="5b864fb0-9199-41c7-a3ce-eba665a3ea1f">
      <Output>
        <StdOut>sandbox: PrepareForTestRun started.&#xD;
sandbox: football liveStatsApp != null: True &#xD;
sandbox: football liveStatsApp.IsProcessRunning: True &#xD;
sandbox: setupLocalData: localDatabaseProvider != null: True&#xD;
sandbox: applicationPages != null: True&#xD;
sandbox: applicationPages.Webdriver != null: True&#xD;
sandbox: finished setuping local data&#xD;
sandbox: PrepareForTestRun complete.&#xD;
Given Teams tab is opened&#xD;
-&gt; done: TeamDetailsTabSteps.WhenTeamsTabIsOpened() (1.5s)&#xD;
And all information for both teams are available&#xD;
-&gt; done: TeamDetailsTabSteps.GivenAllInformationForBothTeamsAreAvailable() (1.3s)&#xD;
When 1 - short name is cleared&#xD;
-&gt; done: TeamDetailsTabSteps.WhenIsCleared(1, "short name") (0.1s)&#xD;
And Save &amp; Next button is clicked&#xD;
-&gt; done: GameSetupSteps.WhenSaveNextButtonIsClicked() (0.1s)&#xD;
Then Team's short name is required message is displayed, that 1 short name could not be blank&#xD;
-&gt; done: GameSetupSteps.ThenWarningMessageIsDisplayedThatCouldNotBeBlank("Team's short name...", "1 short", "name") (0.0s)&#xD;
sandbox: CleanUpAfterTestRun started.&#xD;
sandbox: application pages != null: True&#xD;
sandbox: web driver!= null: True&#xD;
Given action failed. Retrying after a timeout. Most likely UI was not fast enough to refresh itself.&#xD;
sandbox: CleanUpAfterTestRun complete.</StdOut>
      </Output>
    </UnitTestResult>
    <UnitTestResult executionId="abefc1c7-2f30-42bc-a6a4-acc36bbba481" testId="2520f397-ee78-b2dc-6e6e-e1d9cf079499" testName="CardReasonUpdate(&quot;Red&quot;,&quot;Serious Foul Play&quot;,null)" computerName="EC2AMAZ-JEOO151" duration="00:00:10.4830000" startTime="2019-07-11T17:46:36.0000000+00:00" endTime="2019-07-11T17:46:46.0000000+00:00" testType="13cdc9d9-ddb5-4fa4-a97d-d965ccfc6d4b" outcome="Passed" testListId="8c84fa94-04c1-424b-9868-57a2d4851a1d" relativeResultsDirectory="abefc1c7-2f30-42bc-a6a4-acc36bbba481">
      <Output>
        <StdOut>sandbox: PrepareForTestRun started.&#xD;
sandbox: football liveStatsApp != null: True &#xD;
sandbox: football liveStatsApp.IsProcessRunning: True &#xD;
sandbox: setupLocalData: localDatabaseProvider != null: True&#xD;
sandbox: applicationPages != null: True&#xD;
sandbox: applicationPages.Webdriver != null: True&#xD;
sandbox: finished setuping local data&#xD;
sandbox: PrepareForTestRun complete.&#xD;
Given Match started with kick off from existing game&#xD;
-&gt; done: SetupGameSteps.GivenMatchStartedWithKickOffButtonFromExistingGame() (3.2s)&#xD;
And I remembered current players on pitch shirt numbers&#xD;
-&gt; done: GoalEditSteps.GivenIRememberCurrentPlayersOnPitch() (1.6s)&#xD;
Given "Red" Card for Team "1" player with shirt number "4" is registered&#xD;
Given action failed. Retrying after a timeout.&#xD;
-&gt; done: CardSteps.GivenCardForTeamPlayerWithShirtNumberIsRegistered(Red, 1, 4) (3.2s)&#xD;
When I click on 1 of type "Booking" event in action log&#xD;
-&gt; done: ActionLogSteps.GivenIClickOnLatestEventInActionLog(1, Booking) (0.2s)&#xD;
And I click "select reason for card" button in card edit page&#xD;
-&gt; done: CardEditSteps.WhenIClickButtonInCardEditPage() (0.0s)&#xD;
And I click "Serious Foul Play" reason button&#xD;
-&gt; done: CardSteps.WhenIClickReasonButton("Serious Foul Play") (0.1s)&#xD;
And I select player with shirt number 10 in to receive the card in card edit page&#xD;
-&gt; done: CardEditSteps.WhenISelectPlayerInToReceiveTheCardInCardEditPage(10) (0.3s)&#xD;
And I click Save button in action edit form&#xD;
-&gt; done: EditFormSteps.ClickSaveButtonInActionEditForm() (0.6s)&#xD;
Then Pitch View is shown&#xD;
-&gt; done: PitchScreenSteps.PitchViewIsShown() (0.0s)&#xD;
And Red label is shown in Booking event action log&#xD;
-&gt; done: ActionLogSteps.ThenOffenceIsShownInPenaltyEventActionLog("Red", Booking) (0.1s)&#xD;
And "Red" label of "Booking" event in action log contains "Red" card icon&#xD;
-&gt; done: ActionLogSteps.ThenLabelOfEventInActionLogContainsCardIcon("Red", Booking, "Red") (0.1s)&#xD;
And Player on pitch by shirt number 10 of team 1 is shown in Red of "Booking" event in action log&#xD;
-&gt; done: ActionLogSteps.ThenPlayerOnPitchByShirtNumberOfTeamIsShownInGoalOfEventInActionLog(10, 1, "Red", Booking) (0.3s)&#xD;
sandbox: CleanUpAfterTestRun started.&#xD;
sandbox: application pages != null: True&#xD;
sandbox: web driver!= null: True&#xD;
sandbox: CleanUpAfterTestRun complete.</StdOut>
      </Output>
    </UnitTestResult>
    <UnitTestResult executionId="1fac6ed7-f24a-4c77-86be-66ac90411406" testId="f6b72aa2-0f9c-5a9a-2ee4-37f24deead51" testName="GivenGameInProgress_WhenUpdatingDefaultQuickPrint_ThenUpdatedSuccessfully(&quot;Full Time&quot;)" computerName="EC2AMAZ-JEOO151" duration="00:00:06.1690000" startTime="2019-07-11T20:05:15.0000000+00:00" endTime="2019-07-11T20:05:21.0000000+00:00" testType="13cdc9d9-ddb5-4fa4-a97d-d965ccfc6d4b" outcome="Passed" testListId="8c84fa94-04c1-424b-9868-57a2d4851a1d" relativeResultsDirectory="1fac6ed7-f24a-4c77-86be-66ac90411406">
      <Output>
        <StdOut>sandbox: PrepareForTestRun started.&#xD;
sandbox: football liveStatsApp != null: True &#xD;
sandbox: football liveStatsApp.IsProcessRunning: True &#xD;
sandbox: setupLocalData: localDatabaseProvider != null: True&#xD;
sandbox: applicationPages != null: True&#xD;
sandbox: applicationPages.Webdriver != null: True&#xD;
sandbox: finished setuping local data&#xD;
sandbox: PrepareForTestRun complete.&#xD;
sandbox: CleanUpAfterTestRun started.&#xD;
sandbox: application pages != null: True&#xD;
sandbox: web driver!= null: True&#xD;
sandbox: CleanUpAfterTestRun complete.</StdOut>
      </Output>
    </UnitTestResult>
    <UnitTestResult executionId="2c0f61a7-0f0f-42e4-af9b-be7178025999" testId="cded159b-a087-6f2b-0e1d-6502b5830bf9" testName="YesOnVAROnSecondStepOfRecordCardWorkflow(&quot;1&quot;,&quot;Yellow&quot;,null)" computerName="EC2AMAZ-JEOO151" duration="00:00:05.5650000" startTime="2019-07-11T19:56:17.0000000+00:00" endTime="2019-07-11T19:56:22.0000000+00:00" testType="13cdc9d9-ddb5-4fa4-a97d-d965ccfc6d4b" outcome="Passed" testListId="8c84fa94-04c1-424b-9868-57a2d4851a1d" relativeResultsDirectory="2c0f61a7-0f0f-42e4-af9b-be7178025999">
      <Output>
        <StdOut>sandbox: PrepareForTestRun started.&#xD;
sandbox: football liveStatsApp != null: True &#xD;
sandbox: football liveStatsApp.IsProcessRunning: True &#xD;
sandbox: setupLocalData: localDatabaseProvider != null: True&#xD;
sandbox: applicationPages != null: True&#xD;
sandbox: applicationPages.Webdriver != null: True&#xD;
sandbox: finished setuping local data&#xD;
sandbox: PrepareForTestRun complete.&#xD;
Given Match started with kick off from existing game&#xD;
-&gt; done: SetupGameSteps.GivenMatchStartedWithKickOffButtonFromExistingGame() (3.2s)&#xD;
When I click on team 1 possible "Yellow"&#xD;
-&gt; done: TeamActionButtonSteps.StartPossibleCardRegistration(1, Yellow) (0.6s)&#xD;
And I click "Yellow" card button&#xD;
-&gt; done: TeamActionButtonSteps.WhenIClickCardButton("Yellow") (0.1s)&#xD;
And I click "Possible VAR" button in workflow&#xD;
-&gt; done: WorkflowSteps.WhenIClickPossibleVarButtonInWorkflow() (0.1s)&#xD;
And I click var confirmation "yes" button&#xD;
-&gt; done: WorkflowSteps.WhenIClickVarConfirmationButton("yes") (0.2s)&#xD;
Then Confirmation dialog is displayed&#xD;
-&gt; done: CardSteps.ThenConfirmationDialogIsDisplayed() (0.2s)&#xD;
And VAR label of "Booking" event in action log is in team 1 color&#xD;
-&gt; done: ActionLogSteps.ThenSubItemOfEventInActionLogIsInTeamColor("VAR", Booking, 1) (0.2s)&#xD;
And VAR label of "Booking" event in action log contains "Card Stands" message&#xD;
-&gt; done: ActionLogSteps.ThenSubItemOfEventInActionLogIsInTeamColor("VAR", Booking, "Card Stands") (0.1s)&#xD;
sandbox: CleanUpAfterTestRun started.&#xD;
sandbox: application pages != null: True&#xD;
sandbox: web driver!= null: True&#xD;
sandbox: CleanUpAfterTestRun complete.</StdOut>
      </Output>
    </UnitTestResult>
    <UnitTestResult executionId="001bbd6f-7534-407d-9e31-7beabec3d7c8" testId="ed3d581c-6e13-ba26-eb14-4288c79f876b" testName="GivenGameGameStarted_WhenKickingOffSecondHalf_ThenPossessionAndPitchLocationSet" computerName="EC2AMAZ-JEOO151" duration="00:00:18.5910000" startTime="2019-07-11T21:32:01.0000000+00:00" endTime="2019-07-11T21:32:20.0000000+00:00" testType="13cdc9d9-ddb5-4fa4-a97d-d965ccfc6d4b" outcome="Passed" testListId="8c84fa94-04c1-424b-9868-57a2d4851a1d" relativeResultsDirectory="001bbd6f-7534-407d-9e31-7beabec3d7c8">
      <Output>
        <StdOut>sandbox: PrepareForTestRun started.&#xD;
sandbox: football liveStatsApp != null: True &#xD;
sandbox: football liveStatsApp.IsProcessRunning: True &#xD;
sandbox: setupLocalData: localDatabaseProvider != null: True&#xD;
sandbox: applicationPages != null: True&#xD;
sandbox: applicationPages.Webdriver != null: True&#xD;
sandbox: finished setuping local data&#xD;
sandbox: PrepareForTestRun complete.&#xD;
Failed to find element with query '[data-qa='activePitchOverlay']'. Web driver timeout exception.&#xD;
Given action failed. Retrying after a timeout.&#xD;
Failed to find element with query '[data-qa='activePitchOverlay']'. Web driver timeout exception.&#xD;
sandbox: CleanUpAfterTestRun started.&#xD;
sandbox: application pages != null: True&#xD;
sandbox: web driver!= null: True&#xD;
sandbox: CleanUpAfterTestRun complete.</StdOut>
      </Output>
    </UnitTestResult>
    <UnitTestResult executionId="fc39b778-8b0a-4b68-891a-abb277ab005d" testId="03a786c5-a1af-74e0-866d-699a1f38d672" testName="GivenGamePhaseEnding_WhenAddingTime_ThenTimeAdded" computerName="EC2AMAZ-JEOO151" duration="00:00:10.9900000" startTime="2019-07-11T21:14:59.0000000+00:00" endTime="2019-07-11T21:15:10.0000000+00:00" testType="13cdc9d9-ddb5-4fa4-a97d-d965ccfc6d4b" outcome="Passed" testListId="8c84fa94-04c1-424b-9868-57a2d4851a1d" relativeResultsDirectory="fc39b778-8b0a-4b68-891a-abb277ab005d">
      <Output>
        <StdOut>sandbox: PrepareForTestRun started.&#xD;
sandbox: football liveStatsApp != null: True &#xD;
sandbox: football liveStatsApp.IsProcessRunning: True &#xD;
sandbox: setupLocalData: localDatabaseProvider != null: True&#xD;
sandbox: applicationPages != null: True&#xD;
sandbox: applicationPages.Webdriver != null: True&#xD;
sandbox: finished setuping local data&#xD;
sandbox: PrepareForTestRun complete.&#xD;
Failed to find element with query '[data-qa='addTimeButton']'. Web driver timeout exception.&#xD;
sandbox: CleanUpAfterTestRun started.&#xD;
sandbox: application pages != null: True&#xD;
sandbox: web driver!= null: True&#xD;
sandbox: CleanUpAfterTestRun complete.</StdOut>
      </Output>
    </UnitTestResult>
    <UnitTestResult executionId="d7bdb523-1ce4-4296-8897-ba735135ad38" testId="1e38d579-e822-5f60-a802-a1aa63058892" testName="FlagsFreekickIfGoalStartedFromMiddleOfFreekickWorkflow(&quot;location&quot;,&quot;2&quot;,null)" computerName="EC2AMAZ-JEOO151" duration="00:00:05.4490000" startTime="2019-07-11T18:58:49.0000000+00:00" endTime="2019-07-11T18:58:54.0000000+00:00" testType="13cdc9d9-ddb5-4fa4-a97d-d965ccfc6d4b" outcome="Passed" testListId="8c84fa94-04c1-424b-9868-57a2d4851a1d" relativeResultsDirectory="d7bdb523-1ce4-4296-8897-ba735135ad38">
      <Output>
        <StdOut>sandbox: PrepareForTestRun started.&#xD;
sandbox: football liveStatsApp != null: True &#xD;
sandbox: football liveStatsApp.IsProcessRunning: True &#xD;
sandbox: setupLocalData: localDatabaseProvider != null: True&#xD;
sandbox: applicationPages != null: True&#xD;
sandbox: applicationPages.Webdriver != null: True&#xD;
sandbox: finished setuping local data&#xD;
sandbox: PrepareForTestRun complete.&#xD;
Given Match started with kick off from existing game&#xD;
-&gt; done: SetupGameSteps.GivenMatchStartedWithKickOffButtonFromExistingGame() (3.3s)&#xD;
Given Free kick for team "2" workflow entered till location selection&#xD;
Given action failed. Retrying after a timeout.&#xD;
-&gt; done: FreeKickSteps.GivenFreeKickForTeamAndWorkflowEnteredTillLocationSelection(2) (0.7s)&#xD;
When I click goal for team 2 button&#xD;
Given action failed. Retrying after a timeout.&#xD;
-&gt; done: TeamActionButtonSteps.GivenIClickGoalForTeamButton(2) (0.4s)&#xD;
Then Latest action of type "FreeKick" is flagged&#xD;
-&gt; done: ActionLogSteps.ThenLatestEventInActionLogOfTypeIsFlagged(FreeKick) (0.0s)&#xD;
sandbox: CleanUpAfterTestRun started.&#xD;
sandbox: application pages != null: True&#xD;
sandbox: web driver!= null: True&#xD;
sandbox: CleanUpAfterTestRun complete.</StdOut>
      </Output>
    </UnitTestResult>
    <UnitTestResult executionId="3f51fbd5-a0cc-4a59-a762-b6e36ca41b38" testId="e9bd6c28-8a3f-5ad9-0264-6ebc04c9a681" testName="FootballChangeShotType" computerName="EC2AMAZ-JEOO151" duration="00:00:10.3000000" startTime="2019-07-11T17:59:25.0000000+00:00" endTime="2019-07-11T17:59:35.0000000+00:00" testType="13cdc9d9-ddb5-4fa4-a97d-d965ccfc6d4b" outcome="Passed" testListId="8c84fa94-04c1-424b-9868-57a2d4851a1d" relativeResultsDirectory="3f51fbd5-a0cc-4a59-a762-b6e36ca41b38">
      <Output>
        <StdOut>sandbox: PrepareForTestRun started.&#xD;
sandbox: football liveStatsApp != null: True &#xD;
sandbox: football liveStatsApp.IsProcessRunning: True &#xD;
sandbox: setupLocalData: localDatabaseProvider != null: True&#xD;
sandbox: applicationPages != null: True&#xD;
sandbox: applicationPages.Webdriver != null: True&#xD;
sandbox: finished setuping local data&#xD;
sandbox: PrepareForTestRun complete.&#xD;
Given Match started with kick off from existing game&#xD;
-&gt; done: SetupGameSteps.GivenMatchStartedWithKickOffButtonFromExistingGame() (3.3s)&#xD;
And I remembered current players on pitch shirt numbers&#xD;
-&gt; done: GoalEditSteps.GivenIRememberCurrentPlayersOnPitch() (1.6s)&#xD;
And I add a goal for team 1 player 4 assisted by player 13&#xD;
Given action failed. Retrying after a timeout.&#xD;
-&gt; done: GoalSteps.GivenIAddAGoalForTeamPlayerAssistedByPlayer(1, 4, 13) (3.9s)&#xD;
And I click goal event in action log&#xD;
-&gt; done: ActionLogSteps.GivenIClickGoalEventInActionLog() (0.3s)&#xD;
And I click "shot type" button in goal edit window&#xD;
-&gt; done: GoalEditSteps.GivenIClickShotTypeButton() (0.0s)&#xD;
And I click "Head" button in expanded shot type dialog&#xD;
-&gt; done: ExpandedShotTypeDialogSteps.GivenIClickButtonInExpandedShotTypeDialog("Head") (0.2s)&#xD;
Then Shot type button is set to "Head"&#xD;
-&gt; done: GoalEditSteps.ThenShotTypeButtonIsSetTo("Head") (0.1s)&#xD;
sandbox: CleanUpAfterTestRun started.&#xD;
sandbox: application pages != null: True&#xD;
sandbox: web driver!= null: True&#xD;
sandbox: CleanUpAfterTestRun complete.</StdOut>
      </Output>
    </UnitTestResult>
    <UnitTestResult executionId="9430dcdd-282e-42e7-b383-b39c3aec603f" testId="03cba5a0-838f-910e-3bf1-34edf1ddbb81" testName="GoalWorkflowCanBeStartedDuringAnyFreeKickWorkflowStep(&quot;taken&quot;,&quot;2&quot;,null)" computerName="EC2AMAZ-JEOO151" duration="00:00:06.4640000" startTime="2019-07-11T18:59:34.0000000+00:00" endTime="2019-07-11T18:59:40.0000000+00:00" testType="13cdc9d9-ddb5-4fa4-a97d-d965ccfc6d4b" outcome="Passed" testListId="8c84fa94-04c1-424b-9868-57a2d4851a1d" relativeResultsDirectory="9430dcdd-282e-42e7-b383-b39c3aec603f">
      <Output>
        <StdOut>sandbox: PrepareForTestRun started.&#xD;
sandbox: football liveStatsApp != null: True &#xD;
sandbox: football liveStatsApp.IsProcessRunning: True &#xD;
sandbox: setupLocalData: localDatabaseProvider != null: True&#xD;
sandbox: applicationPages != null: True&#xD;
sandbox: applicationPages.Webdriver != null: True&#xD;
sandbox: finished setuping local data&#xD;
sandbox: PrepareForTestRun complete.&#xD;
Given Match started with kick off from existing game&#xD;
-&gt; done: SetupGameSteps.GivenMatchStartedWithKickOffButtonFromExistingGame() (3.3s)&#xD;
Given Free kick for team "2" workflow entered till taken selection&#xD;
-&gt; done: FreeKickSteps.GivenFreeKickForTeamAndWorkflowEnteredTillTakenSelection(2) (1.4s)&#xD;
Then Can register goal for team "2" but not other&#xD;
-&gt; done: GoalSteps.ThenCanRegisterGoalForTeam(2) (0.1s)&#xD;
sandbox: CleanUpAfterTestRun started.&#xD;
sandbox: application pages != null: True&#xD;
sandbox: web driver!= null: True&#xD;
sandbox: CleanUpAfterTestRun complete.</StdOut>
      </Output>
    </UnitTestResult>
    <UnitTestResult executionId="fd2d774c-3a61-4116-9ff6-c0ea37a84f3c" testId="843695b6-a2e3-b71d-7238-e90dab1dab81" testName="GivenSetupFinished_WhenSelectingReadyForKickOff_ThenKickOffIsEnabled(2,ToRight)" computerName="EC2AMAZ-JEOO151" duration="00:00:09.8830000" startTime="2019-07-11T21:37:33.0000000+00:00" endTime="2019-07-11T21:37:43.0000000+00:00" testType="13cdc9d9-ddb5-4fa4-a97d-d965ccfc6d4b" outcome="Passed" testListId="8c84fa94-04c1-424b-9868-57a2d4851a1d" relativeResultsDirectory="fd2d774c-3a61-4116-9ff6-c0ea37a84f3c">
      <Output>
        <StdOut>sandbox: PrepareForTestRun started.&#xD;
sandbox: football liveStatsApp != null: True &#xD;
sandbox: football liveStatsApp.IsProcessRunning: True &#xD;
sandbox: setupLocalData: localDatabaseProvider != null: True&#xD;
sandbox: applicationPages != null: True&#xD;
sandbox: applicationPages.Webdriver != null: True&#xD;
sandbox: finished setuping local data&#xD;
sandbox: PrepareForTestRun complete.&#xD;
sandbox: CleanUpAfterTestRun started.&#xD;
sandbox: application pages != null: True&#xD;
sandbox: web driver!= null: True&#xD;
sandbox: CleanUpAfterTestRun complete.</StdOut>
      </Output>
    </UnitTestResult>
    <UnitTestResult executionId="d7cbc80c-259d-400b-99ad-22bad1a980b0" testId="8a3c251b-7e90-2167-1650-91d0fdb08a0e" testName="FreekickActionCanBeUnflagged" computerName="EC2AMAZ-JEOO151" duration="00:00:07.2480000" startTime="2019-07-11T19:41:22.0000000+00:00" endTime="2019-07-11T19:41:30.0000000+00:00" testType="13cdc9d9-ddb5-4fa4-a97d-d965ccfc6d4b" outcome="Passed" testListId="8c84fa94-04c1-424b-9868-57a2d4851a1d" relativeResultsDirectory="d7cbc80c-259d-400b-99ad-22bad1a980b0">
      <Output>
        <StdOut>sandbox: PrepareForTestRun started.&#xD;
sandbox: football liveStatsApp != null: True &#xD;
sandbox: football liveStatsApp.IsProcessRunning: True &#xD;
sandbox: setupLocalData: localDatabaseProvider != null: True&#xD;
sandbox: applicationPages != null: True&#xD;
sandbox: applicationPages.Webdriver != null: True&#xD;
sandbox: finished setuping local data&#xD;
sandbox: PrepareForTestRun complete.&#xD;
Given Match started with kick off from existing game&#xD;
-&gt; done: SetupGameSteps.GivenMatchStartedWithKickOffButtonFromExistingGame() (3.2s)&#xD;
Given Freekick for Team 1 is registered&#xD;
Given action failed. Retrying after a timeout.&#xD;
-&gt; done: FreeKickSteps.GivenFreekickForTeamIsRegistered(1) (1.8s)&#xD;
When I click on latest "FreeKick" event in action log&#xD;
-&gt; done: ActionLogSteps.GivenIClickOnLatestEventInActionLog(FreeKick) (0.3s)&#xD;
And I click Flag &amp; Save button in action edit form&#xD;
-&gt; done: EditFormSteps.ClickFlagAndSaveInActionEditForm() (0.4s)&#xD;
And I click on latest "FreeKick" event in action log&#xD;
-&gt; done: ActionLogSteps.GivenIClickOnLatestEventInActionLog(FreeKick) (0.1s)&#xD;
And I click Save button in action edit form&#xD;
-&gt; done: EditFormSteps.ClickSaveButtonInActionEditForm() (0.6s)&#xD;
Then 1 event in action log of type "FreeKick" is not flagged&#xD;
-&gt; done: ActionLogSteps.ThenEventInActionLogOfTypeIsNotFlagged(1, FreeKick) (0.0s)&#xD;
sandbox: CleanUpAfterTestRun started.&#xD;
sandbox: application pages != null: True&#xD;
sandbox: web driver!= null: True&#xD;
sandbox: CleanUpAfterTestRun complete.</StdOut>
      </Output>
    </UnitTestResult>
    <UnitTestResult executionId="9953e3c5-d9a8-4b73-a07b-eae8f5340df3" testId="e31f15a3-c2be-ab5c-a0db-270325ca6356" testName="GivenGameInProgress_WhenAddingCardAndCornerAndMovingToSecondHalf_ThenScoreboardsStatsAreUpdated(2,Red)" computerName="EC2AMAZ-JEOO151" duration="00:00:14.1850000" startTime="2019-07-11T21:41:43.0000000+00:00" endTime="2019-07-11T21:41:57.0000000+00:00" testType="13cdc9d9-ddb5-4fa4-a97d-d965ccfc6d4b" outcome="Passed" testListId="8c84fa94-04c1-424b-9868-57a2d4851a1d" relativeResultsDirectory="9953e3c5-d9a8-4b73-a07b-eae8f5340df3">
      <Output>
        <StdOut>sandbox: PrepareForTestRun started.&#xD;
sandbox: football liveStatsApp != null: True &#xD;
sandbox: football liveStatsApp.IsProcessRunning: True &#xD;
sandbox: setupLocalData: localDatabaseProvider != null: True&#xD;
sandbox: applicationPages != null: True&#xD;
sandbox: applicationPages.Webdriver != null: True&#xD;
sandbox: finished setuping local data&#xD;
sandbox: PrepareForTestRun complete.&#xD;
Given action failed. Retrying after a timeout.&#xD;
Given action failed. Retrying after a timeout.&#xD;
sandbox: CleanUpAfterTestRun started.&#xD;
sandbox: application pages != null: True&#xD;
sandbox: web driver!= null: True&#xD;
sandbox: CleanUpAfterTestRun complete.</StdOut>
      </Output>
    </UnitTestResult>
    <UnitTestResult executionId="569af393-82b1-40be-ad3a-77bb50d6c526" testId="f9cb2e83-0057-bd2f-4516-8bf4cfb3b2e8" testName="WhenPlayerFromBenchSubstitutedToFormationThenPlayerShouldBeStarterInPlayersTabs" computerName="EC2AMAZ-JEOO151" duration="00:00:13.9490000" startTime="2019-07-11T17:25:41.0000000+00:00" endTime="2019-07-11T17:25:55.0000000+00:00" testType="13cdc9d9-ddb5-4fa4-a97d-d965ccfc6d4b" outcome="Passed" testListId="8c84fa94-04c1-424b-9868-57a2d4851a1d" relativeResultsDirectory="569af393-82b1-40be-ad3a-77bb50d6c526">
      <Output>
        <StdOut>sandbox: PrepareForTestRun started.&#xD;
sandbox: football liveStatsApp != null: True &#xD;
sandbox: football liveStatsApp.IsProcessRunning: True &#xD;
sandbox: setupLocalData: localDatabaseProvider != null: True&#xD;
sandbox: applicationPages != null: True&#xD;
sandbox: applicationPages.Webdriver != null: True&#xD;
sandbox: finished setuping local data&#xD;
sandbox: PrepareForTestRun complete.&#xD;
Given I am in formations tab&#xD;
-&gt; done: TeamsFormationsTabSteps.GivenIAmInFormationsTab() (6.5s)&#xD;
And All starters are added into formation for team 1&#xD;
-&gt; done: TeamsFormationsTabSteps.GivenAllPlayersAreAddedIntoFormation(1) (2.1s)&#xD;
And All starters are added into formation for team 2&#xD;
-&gt; done: TeamsFormationsTabSteps.GivenAllPlayersAreAddedIntoFormation(2) (2.1s)&#xD;
When I select "4-4-2" formation for team 1&#xD;
-&gt; done: TeamsFormationsTabSteps.WhenISelectFormationForTeam("4-4-2", 1) (0.3s)&#xD;
And I click on court player 10 of team 1&#xD;
-&gt; done: TeamsFormationsTabSteps.WhenIClickOnCourtPlayerOfTeam(10, 1) (0.4s)&#xD;
And I click on bench player 21 of team 1&#xD;
-&gt; done: TeamsFormationsTabSteps.WhenIClickOnBenchPlayerOfTeam(21, 1) (0.2s)&#xD;
And I click Save &amp; Next button&#xD;
-&gt; done: GameSetupSteps.WhenIClickSaveNextButton() (0.1s)&#xD;
And Navigate to players tab&#xD;
-&gt; done: PlayersTabSteps.WhenNavigateToPlayersTab() (0.4s)&#xD;
Then player 10 of team 1 is not a starter&#xD;
-&gt; done: PlayersTabSteps.ThenPlayerIsNotAStarter(10, 1) (0.1s)&#xD;
And player 21 of team 1 is a starter&#xD;
-&gt; done: PlayersTabSteps.ThenPlayerIsAStarter(21, 1) (0.1s)&#xD;
sandbox: CleanUpAfterTestRun started.&#xD;
sandbox: application pages != null: True&#xD;
sandbox: web driver!= null: True&#xD;
Given action failed. Retrying after a timeout. Most likely UI was not fast enough to refresh itself.&#xD;
sandbox: CleanUpAfterTestRun complete.</StdOut>
      </Output>
    </UnitTestResult>
    <UnitTestResult executionId="ae76eb51-7ef9-4287-89fa-8fae9335ec4e" testId="ea9a05e2-5bd3-5602-7391-bc6e5146430a" testName="AbleToInsertActionsAfterBeforePeriodBreak(&quot;after&quot;,&quot;PhaseStart&quot;,null)" computerName="EC2AMAZ-JEOO151" duration="00:00:08.4000000" startTime="2019-07-11T18:39:46.0000000+00:00" endTime="2019-07-11T18:39:55.0000000+00:00" testType="13cdc9d9-ddb5-4fa4-a97d-d965ccfc6d4b" outcome="Passed" testListId="8c84fa94-04c1-424b-9868-57a2d4851a1d" relativeResultsDirectory="ae76eb51-7ef9-4287-89fa-8fae9335ec4e">
      <Output>
        <StdOut>sandbox: PrepareForTestRun started.&#xD;
sandbox: football liveStatsApp != null: True &#xD;
sandbox: football liveStatsApp.IsProcessRunning: True &#xD;
sandbox: setupLocalData: localDatabaseProvider != null: True&#xD;
sandbox: applicationPages != null: True&#xD;
sandbox: applicationPages.Webdriver != null: True&#xD;
sandbox: finished setuping local data&#xD;
sandbox: PrepareForTestRun complete.&#xD;
Given Second period started from existing game&#xD;
-&gt; done: SetupGameSteps.GivenSecondPeriodStartedFromExistingGame() (6.6s)&#xD;
When I click Expand Action log button&#xD;
-&gt; done: ActionLogSteps.WhenIClickExpandActionLogButton() (0.3s)&#xD;
And I select latest "PhaseStart" action in expanded action log&#xD;
-&gt; done: ExpandedActionLogSteps.WhenISelectLatestActionInExpandedActionLog(PhaseStart) (0.1s)&#xD;
And I click insert after button in expanded action log&#xD;
-&gt; done: ExpandedActionLogSteps.WhenIClickInsertAfterButtonInExpandedActionLog() (0.1s)&#xD;
Then Insert after drop down should contain all actions&#xD;
-&gt; done: ExpandedActionLogSteps.ThenInsertAfterDropDownShouldContainAllAction() (0.5s)&#xD;
sandbox: CleanUpAfterTestRun started.&#xD;
sandbox: application pages != null: True&#xD;
sandbox: web driver!= null: True&#xD;
sandbox: CleanUpAfterTestRun complete.</StdOut>
      </Output>
    </UnitTestResult>
    <UnitTestResult executionId="a14e1e1e-c6a2-452c-af8b-dbaca4a6cbc6" testId="47d756ca-fec0-fd08-354d-78a033626b68" testName="GivenFootballFirstExtraTimeHalfEnded_WhenEndHalfDeleted_ThenGameBackInProgress" computerName="EC2AMAZ-JEOO151" duration="00:00:15.7490000" startTime="2019-07-11T20:23:52.0000000+00:00" endTime="2019-07-11T20:24:08.0000000+00:00" testType="13cdc9d9-ddb5-4fa4-a97d-d965ccfc6d4b" outcome="Passed" testListId="8c84fa94-04c1-424b-9868-57a2d4851a1d" relativeResultsDirectory="a14e1e1e-c6a2-452c-af8b-dbaca4a6cbc6">
      <Output>
        <StdOut>sandbox: PrepareForTestRun started.&#xD;
sandbox: football liveStatsApp != null: True &#xD;
sandbox: football liveStatsApp.IsProcessRunning: True &#xD;
sandbox: setupLocalData: localDatabaseProvider != null: True&#xD;
sandbox: applicationPages != null: True&#xD;
sandbox: applicationPages.Webdriver != null: True&#xD;
sandbox: finished setuping local data&#xD;
sandbox: PrepareForTestRun complete.&#xD;
sandbox: CleanUpAfterTestRun started.&#xD;
sandbox: application pages != null: True&#xD;
sandbox: web driver!= null: True&#xD;
sandbox: CleanUpAfterTestRun complete.</StdOut>
      </Output>
    </UnitTestResult>
    <UnitTestResult executionId="23ec7c2c-22e9-43af-91ff-22e2294ee9e9" testId="2420a728-acdf-ba03-0c50-4da45ba0dce0" testName="GivenGameWithLeftPossession_WhenSelectingRightPossession_ThenRightTeamHasPossession" computerName="EC2AMAZ-JEOO151" duration="00:00:04.7500000" startTime="2019-07-11T21:18:32.0000000+00:00" endTime="2019-07-11T21:18:36.0000000+00:00" testType="13cdc9d9-ddb5-4fa4-a97d-d965ccfc6d4b" outcome="Passed" testListId="8c84fa94-04c1-424b-9868-57a2d4851a1d" relativeResultsDirectory="23ec7c2c-22e9-43af-91ff-22e2294ee9e9">
      <Output>
        <StdOut>sandbox: PrepareForTestRun started.&#xD;
sandbox: football liveStatsApp != null: True &#xD;
sandbox: football liveStatsApp.IsProcessRunning: True &#xD;
sandbox: setupLocalData: localDatabaseProvider != null: True&#xD;
sandbox: applicationPages != null: True&#xD;
sandbox: applicationPages.Webdriver != null: True&#xD;
sandbox: finished setuping local data&#xD;
sandbox: PrepareForTestRun complete.&#xD;
sandbox: CleanUpAfterTestRun started.&#xD;
sandbox: application pages != null: True&#xD;
sandbox: web driver!= null: True&#xD;
sandbox: CleanUpAfterTestRun complete.</StdOut>
      </Output>
    </UnitTestResult>
    <UnitTestResult executionId="1e007aab-7ce8-48dd-8424-4a48b3f59372" testId="583c5328-d59a-2b93-48f8-f744087cf7ee" testName="PenaltyShootOutKickRetakeClearsPenaltyKickOutcome(&quot;Penalty Goal&quot;,&quot;Goal&quot;,null)" computerName="EC2AMAZ-JEOO151" duration="00:00:19.6990000" startTime="2019-07-11T19:16:57.0000000+00:00" endTime="2019-07-11T19:17:17.0000000+00:00" testType="13cdc9d9-ddb5-4fa4-a97d-d965ccfc6d4b" outcome="Passed" testListId="8c84fa94-04c1-424b-9868-57a2d4851a1d" relativeResultsDirectory="1e007aab-7ce8-48dd-8424-4a48b3f59372">
      <Output>
        <StdOut>sandbox: PrepareForTestRun started.&#xD;
sandbox: football liveStatsApp != null: True &#xD;
sandbox: football liveStatsApp.IsProcessRunning: True &#xD;
sandbox: setupLocalData: localDatabaseProvider != null: True&#xD;
sandbox: applicationPages != null: True&#xD;
sandbox: applicationPages.Webdriver != null: True&#xD;
sandbox: finished setuping local data&#xD;
sandbox: PrepareForTestRun complete.&#xD;
Given penalty shoot-out phase started&#xD;
-&gt; done: PitchClockSteps.GivenGamePenaltyShoot_OutPhaseStarted() (14.8s)&#xD;
Given selected player "6" from team "2" for penalty shoot-out kick&#xD;
Given action failed. Retrying after a timeout.&#xD;
-&gt; done: PenaltyShootoutSteps.WhenISelectPlayerFromTeamForPenaltyShootOutKick(6, 2) (0.7s)&#xD;
And selected "Penalty Goal" outcome&#xD;
-&gt; done: PenaltyShootoutSteps.WhenISelectGoalOutcome() (0.1s)&#xD;
When I retake penalty&#xD;
-&gt; done: PenaltySteps.WhenIClickButton() (0.4s)&#xD;
Then Penalty outcome selection dialog is shown&#xD;
-&gt; done: ShotRegistrationSteps.ThenActionTypeDialogIsShown() (0.2s)&#xD;
And Retake label is shown in PenaltyShootout event action log&#xD;
-&gt; done: ActionLogSteps.ThenOffenceIsShownInPenaltyEventActionLog("Retake", PenaltyShootout) (0.1s)&#xD;
And "Goal" label is not shown in latest "PenaltyShootout" event action log&#xD;
-&gt; done: ActionLogSteps.ThenLabelIsNotShownInLatestEventActionLog("Goal", PenaltyShootout) (0.1s)&#xD;
And Team 2 has 0 penalty shoot-out miss in score board&#xD;
-&gt; done: PenaltyShootoutSteps.ThenTeamHasPenaltyShoot_OutMiss(2, 0) (0.1s)&#xD;
And Team 2 has 0 penalty shoot-out made in score board&#xD;
-&gt; done: PenaltyShootoutSteps.ThenTeamHasPenaltyShoot_OutMade(2, 0) (0.0s)&#xD;
And "Penalty Shot Off Target" button is shown&#xD;
-&gt; done: PenaltySteps.ThenPenaltyShotOffTargetButtonIsShown() (0.0s)&#xD;
And "Penalty Shot On Target" button is shown&#xD;
-&gt; done: PenaltySteps.ThenPenaltyShotOnTargetButtonIsShown() (0.0s)&#xD;
And "Penalty Goal" button is shown&#xD;
-&gt; done: PenaltySteps.ThenPenaltyGoalButtonIsShown() (0.0s)&#xD;
And penalty retake is not visible&#xD;
Failed to find element with query '[data-qa='penaltyRetakeButton']'. Web driver timeout exception.&#xD;
-&gt; done: PenaltySteps.ThenPenaltyRetakeIsNotVisible() (2.0s)&#xD;
sandbox: CleanUpAfterTestRun started.&#xD;
sandbox: application pages != null: True&#xD;
sandbox: web driver!= null: True&#xD;
sandbox: CleanUpAfterTestRun complete.</StdOut>
      </Output>
    </UnitTestResult>
    <UnitTestResult executionId="877ac145-b9f1-4a80-aa3d-35c8bd4a8443" testId="5b935ec2-c6ac-c772-e6c6-ffe9e63538e6" testName="GivenShotStarted_WhenSelectingShotWithSave_ThenShotFinished(OnTarget)" computerName="EC2AMAZ-JEOO151" duration="00:00:19.3700000" startTime="2019-07-11T21:12:40.0000000+00:00" endTime="2019-07-11T21:12:59.0000000+00:00" testType="13cdc9d9-ddb5-4fa4-a97d-d965ccfc6d4b" outcome="Passed" testListId="8c84fa94-04c1-424b-9868-57a2d4851a1d" relativeResultsDirectory="877ac145-b9f1-4a80-aa3d-35c8bd4a8443">
      <Output>
        <StdOut>sandbox: PrepareForTestRun started.&#xD;
sandbox: football liveStatsApp != null: True &#xD;
sandbox: football liveStatsApp.IsProcessRunning: True &#xD;
sandbox: setupLocalData: localDatabaseProvider != null: True&#xD;
sandbox: applicationPages != null: True&#xD;
sandbox: applicationPages.Webdriver != null: True&#xD;
sandbox: finished setuping local data&#xD;
sandbox: PrepareForTestRun complete.&#xD;
Failed to find element with query '[data-qa='activePitchOverlay']'. Web driver timeout exception.&#xD;
Given action failed. Retrying after a timeout.&#xD;
Failed to find element with query '[data-qa='activePitchOverlay']'. Web driver timeout exception.&#xD;
Failed to find data-qa element with tag 'dangerZoneText'. No such element exception.&#xD;
Failed to find data-qa element with tag 'dangerZoneText'. No such element exception.&#xD;
Failed to find data-qa element with tag 'dangerZoneText'. No such element exception.&#xD;
Failed to find data-qa element with tag 'dangerZoneText'. No such element exception.&#xD;
sandbox: CleanUpAfterTestRun started.&#xD;
sandbox: application pages != null: True&#xD;
sandbox: web driver!= null: True&#xD;
sandbox: CleanUpAfterTestRun complete.</StdOut>
      </Output>
    </UnitTestResult>
    <UnitTestResult executionId="df90abc4-de5d-4c1f-850b-b0a609b7718a" testId="6f4fa3e2-5ee7-89d0-37a5-a258a52dab8a" testName="ShotConfirmsCorner" computerName="EC2AMAZ-JEOO151" duration="00:00:06.0500000" startTime="2019-07-11T19:24:12.0000000+00:00" endTime="2019-07-11T19:24:18.0000000+00:00" testType="13cdc9d9-ddb5-4fa4-a97d-d965ccfc6d4b" outcome="Passed" testListId="8c84fa94-04c1-424b-9868-57a2d4851a1d" relativeResultsDirectory="df90abc4-de5d-4c1f-850b-b0a609b7718a">
      <Output>
        <StdOut>sandbox: PrepareForTestRun started.&#xD;
sandbox: football liveStatsApp != null: True &#xD;
sandbox: football liveStatsApp.IsProcessRunning: True &#xD;
sandbox: setupLocalData: localDatabaseProvider != null: True&#xD;
sandbox: applicationPages != null: True&#xD;
sandbox: applicationPages.Webdriver != null: True&#xD;
sandbox: finished setuping local data&#xD;
sandbox: PrepareForTestRun complete.&#xD;
Given Match started with kick off from existing game&#xD;
-&gt; done: SetupGameSteps.GivenMatchStartedWithKickOffButtonFromExistingGame() (3.3s)&#xD;
Given Corner for team "1" workflow entered till pitch location selection&#xD;
Given action failed. Retrying after a timeout.&#xD;
-&gt; done: CornerSteps.GivenCornerForTeamAndWorkflowEnteredTillLocationSelection(1) (0.9s)&#xD;
And I clicked "Shot" button for team 1&#xD;
Given action failed. Retrying after a timeout.&#xD;
-&gt; done: TeamActionButtonSteps.GivenIClickShotButtonForTeam(1) (0.4s)&#xD;
When I cancel action workflow by clicking "Cancel &amp; Delete" button&#xD;
-&gt; done: WorkflowSteps.WhenICancelActionWorkflowByClickingButton() (0.2s)&#xD;
And I click on "Bottom Right" corner&#xD;
-&gt; done: CornerSteps.WhenIClickOnCorner("Bottom Right") (0.1s)&#xD;
Then Current corner step is taken selection&#xD;
-&gt; done: CornerSteps.ThenCurrentCornerStepIsTakenSelection() (0.3s)&#xD;
sandbox: CleanUpAfterTestRun started.&#xD;
sandbox: application pages != null: True&#xD;
sandbox: web driver!= null: True&#xD;
sandbox: CleanUpAfterTestRun complete.</StdOut>
      </Output>
    </UnitTestResult>
    <UnitTestResult executionId="9ac7814d-3558-4dd6-a9c1-9f7524ef7c73" testId="df42a367-e0bc-d33d-edc5-cf1b5578e4e0" testName="SelectTeamInGoalInsert" computerName="EC2AMAZ-JEOO151" duration="00:00:16.2360000" startTime="2019-07-11T18:27:14.0000000+00:00" endTime="2019-07-11T18:27:30.0000000+00:00" testType="13cdc9d9-ddb5-4fa4-a97d-d965ccfc6d4b" outcome="Passed" testListId="8c84fa94-04c1-424b-9868-57a2d4851a1d" relativeResultsDirectory="9ac7814d-3558-4dd6-a9c1-9f7524ef7c73">
      <Output>
        <StdOut>sandbox: PrepareForTestRun started.&#xD;
sandbox: football liveStatsApp != null: True &#xD;
sandbox: football liveStatsApp.IsProcessRunning: True &#xD;
sandbox: setupLocalData: localDatabaseProvider != null: True&#xD;
sandbox: applicationPages != null: True&#xD;
sandbox: applicationPages.Webdriver != null: True&#xD;
sandbox: finished setuping local data&#xD;
sandbox: PrepareForTestRun complete.&#xD;
Given Match started with kick off from existing game&#xD;
-&gt; done: SetupGameSteps.GivenMatchStartedWithKickOffButtonFromExistingGame() (3.2s)&#xD;
And "Top right" corner added for Team 1&#xD;
Given action failed. Retrying after a timeout.&#xD;
-&gt; done: CornerSteps.GivenCornerAddedForTeam("Top right", 1) (3.3s)&#xD;
And "Yellow" Card for Team 1 is registered&#xD;
-&gt; done: CardSteps.GivenCardForTeamIsRegistered(Yellow, 1) (3.2s)&#xD;
And I clicked on latest "Corner" event in action log&#xD;
-&gt; done: ActionLogSteps.GivenIClickOnLatestEventInActionLog(Corner) (0.2s)&#xD;
And I entered new conceded event time of "0030"&#xD;
-&gt; done: EditFormSteps.GivenIEnterNewConcededEventTimeOf("0030") (1.0s)&#xD;
And I clicked Save button in action edit form&#xD;
-&gt; done: EditFormSteps.ClickSaveButtonInActionEditForm() (0.6s)&#xD;
And I remembered current players on pitch shirt numbers&#xD;
-&gt; done: GoalEditSteps.GivenIRememberCurrentPlayersOnPitch() (1.1s)&#xD;
When I click Expand Action log button&#xD;
-&gt; done: ActionLogSteps.WhenIClickExpandActionLogButton() (0.1s)&#xD;
And I click last action in expanded action log&#xD;
-&gt; done: ExpandedActionLogSteps.WhenIClickLastActionInExpandedActionLog() (0.1s)&#xD;
And I click insert after button in expanded action log&#xD;
-&gt; done: ExpandedActionLogSteps.WhenIClickInsertAfterButtonInExpandedActionLog() (0.1s)&#xD;
And I click insert Goal button in insert after dropdown&#xD;
-&gt; done: ExpandedActionLogSteps.WhenIClickInsertGoalButtonInInsertAfterDropdown() (0.1s)&#xD;
And I click "2" side team in Goal by Team&#xD;
-&gt; done: GoalEditSteps.GivenIClickTeamInShotByTeam(2) (0.1s)&#xD;
And I click "goal" button in insert window&#xD;
-&gt; done: GoalEditSteps.GivenIClickShotResultGoalButton() (0.0s)&#xD;
Then "shot by team 2" button color is updated to "2" team color&#xD;
-&gt; done: GoalEditSteps.ThenShotByTeam2ColorIsUpdatedToTeamColor(2) (0.0s)&#xD;
And "2" team players are visible in Who scored&#xD;
-&gt; done: GoalEditSteps.ThenTeamPlayersAreVisibleInWhoScored(2) (2.2s)&#xD;
sandbox: CleanUpAfterTestRun started.&#xD;
sandbox: application pages != null: True&#xD;
sandbox: web driver!= null: True&#xD;
sandbox: CleanUpAfterTestRun complete.</StdOut>
      </Output>
    </UnitTestResult>
    <UnitTestResult executionId="494c97f9-e1a4-432c-882d-f057fa1b7327" testId="680230de-d057-ec72-3454-5353fbc5ac24" testName="CanEditGameSetupAndComeBackToExistingWorkflow" computerName="EC2AMAZ-JEOO151" duration="00:00:08.0490000" startTime="2019-07-11T17:52:15.0000000+00:00" endTime="2019-07-11T17:52:23.0000000+00:00" testType="13cdc9d9-ddb5-4fa4-a97d-d965ccfc6d4b" outcome="Passed" testListId="8c84fa94-04c1-424b-9868-57a2d4851a1d" relativeResultsDirectory="494c97f9-e1a4-432c-882d-f057fa1b7327">
      <Output>
        <StdOut>sandbox: PrepareForTestRun started.&#xD;
sandbox: football liveStatsApp != null: True &#xD;
sandbox: football liveStatsApp.IsProcessRunning: True &#xD;
sandbox: setupLocalData: localDatabaseProvider != null: True&#xD;
sandbox: applicationPages != null: True&#xD;
sandbox: applicationPages.Webdriver != null: True&#xD;
sandbox: finished setuping local data&#xD;
sandbox: PrepareForTestRun complete.&#xD;
Given Match started with kick off from existing game&#xD;
-&gt; done: SetupGameSteps.GivenMatchStartedWithKickOffButtonFromExistingGame() (3.3s)&#xD;
Given I clicked Freekick button for team 1&#xD;
-&gt; done: TeamActionButtonSteps.WhenIClickFreekickButtonForTeam(1) (0.6s)&#xD;
And I click "Game" menu option&#xD;
-&gt; done: HeaderSteps.WhenIClickGameMenuOption() (0.1s)&#xD;
And I click "Edit player details" game menu item&#xD;
-&gt; done: HeaderSteps.GivenIClickEditPlayerDetailsGameMenuItem() (0.4s)&#xD;
When I enter number 88 for player 12 of team 1&#xD;
-&gt; done: PlayersTabSteps.WhenIEnterNumberAaForPlayerOfTeam("88", 12, 1) (0.3s)&#xD;
And I enter name "playerName" for player 12 of team 1&#xD;
-&gt; done: PlayersTabSteps.WhenIEnterNamePlayerForPlayerOfTeam("playerName", 12, 1) (0.8s)&#xD;
And I enter surname "playerSurname" for player 12 of team 1&#xD;
-&gt; done: PlayersTabSteps.WhenIEnterSurnamePlayersurnameForPlayerOfTeam("playerSurname", 12, 1) (1.0s)&#xD;
And I select positon Lw for player 12 of team 1&#xD;
-&gt; done: PlayersTabSteps.WhenISelectPositonLwForPlayerOfTeam(Lw, 12, 1) (0.3s)&#xD;
And I click Save &amp; Next button&#xD;
-&gt; done: GameSetupSteps.WhenIClickSaveNextButton() (0.3s)&#xD;
Then Pitch View is shown&#xD;
-&gt; done: PitchScreenSteps.PitchViewIsShown() (0.0s)&#xD;
And Notification "Select free kick location..." is shown&#xD;
-&gt; done: PitchBottomMessageBarSteps.ThenIsShown("Select free kick ...") (0.1s)&#xD;
sandbox: CleanUpAfterTestRun started.&#xD;
sandbox: application pages != null: True&#xD;
sandbox: web driver!= null: True&#xD;
sandbox: CleanUpAfterTestRun complete.</StdOut>
      </Output>
    </UnitTestResult>
    <UnitTestResult executionId="dd49b9d5-8e3a-4fe4-b293-2a923e9ec577" testId="8dad6231-53d9-e530-c3e5-5c0d9bef59c8" testName="SubstituteOnePair" computerName="EC2AMAZ-JEOO151" duration="00:00:05.3820000" startTime="2019-07-11T19:28:51.0000000+00:00" endTime="2019-07-11T19:28:57.0000000+00:00" testType="13cdc9d9-ddb5-4fa4-a97d-d965ccfc6d4b" outcome="Passed" testListId="8c84fa94-04c1-424b-9868-57a2d4851a1d" relativeResultsDirectory="dd49b9d5-8e3a-4fe4-b293-2a923e9ec577">
      <Output>
        <StdOut>sandbox: PrepareForTestRun started.&#xD;
sandbox: football liveStatsApp != null: True &#xD;
sandbox: football liveStatsApp.IsProcessRunning: True &#xD;
sandbox: setupLocalData: localDatabaseProvider != null: True&#xD;
sandbox: applicationPages != null: True&#xD;
sandbox: applicationPages.Webdriver != null: True&#xD;
sandbox: finished setuping local data&#xD;
sandbox: PrepareForTestRun complete.&#xD;
Given Match started with kick off from existing game&#xD;
-&gt; done: SetupGameSteps.GivenMatchStartedWithKickOffButtonFromExistingGame() (3.2s)&#xD;
Given started substitution for team "2" in pitch view&#xD;
-&gt; done: SubstitutionSteps.WhenIClickSubBenchButtonInSubstitutionRecord(2) (0.5s)&#xD;
When I select player "4" from team "2" for sub out&#xD;
-&gt; done: SubstitutionSteps.WhenIChoosePlayerFromTeamForSubOut(4, 2) (0.2s)&#xD;
And I select player "24" from team "2" for sub in&#xD;
-&gt; done: SubstitutionSteps.WhenIChoosePlayerFromTeamForSubIn(24, 2) (0.3s)&#xD;
Then player "24" from team "2" is entering from "1" substitution pair&#xD;
-&gt; done: SubstitutionSteps.ThenPlayerOnSideFromListIsVisibleInPlayersPitchList(24, 2, 1) (0.2s)&#xD;
And player "4" from team "2" is leaving from "1" substitution pair&#xD;
-&gt; done: SubstitutionSteps.ThenPlayerOnSideFromPitchListIsVisibleInPlayersLeavingPitchList(4, 2, 1) (0.1s)&#xD;
And "2" team subs remaining "2/3" is visible in record substitutions&#xD;
-&gt; done: SubstitutionSteps.ThenTeamSubsRemainingIsVisibleInRecordSubstitutions(2, "2/3") (0.1s)&#xD;
sandbox: CleanUpAfterTestRun started.&#xD;
sandbox: application pages != null: True&#xD;
sandbox: web driver!= null: True&#xD;
sandbox: CleanUpAfterTestRun complete.</StdOut>
      </Output>
    </UnitTestResult>
    <UnitTestResult executionId="60528fac-3e89-4a28-b37f-3337f2820823" testId="81daf2bb-1785-9564-6e31-74e9048a3a24" testName="FootballAssistantCoachFilterOnlyShowsAssistnatCoachItems" computerName="EC2AMAZ-JEOO151" duration="00:00:11.8500000" startTime="2019-07-11T19:37:29.0000000+00:00" endTime="2019-07-11T19:37:41.0000000+00:00" testType="13cdc9d9-ddb5-4fa4-a97d-d965ccfc6d4b" outcome="Passed" testListId="8c84fa94-04c1-424b-9868-57a2d4851a1d" relativeResultsDirectory="60528fac-3e89-4a28-b37f-3337f2820823">
      <Output>
        <StdOut>sandbox: PrepareForTestRun started.&#xD;
sandbox: football liveStatsApp != null: True &#xD;
sandbox: football liveStatsApp.IsProcessRunning: True &#xD;
sandbox: setupLocalData: localDatabaseProvider != null: True&#xD;
sandbox: applicationPages != null: True&#xD;
sandbox: applicationPages.Webdriver != null: True&#xD;
sandbox: finished setuping local data&#xD;
sandbox: PrepareForTestRun complete.&#xD;
Given Match started with kick off from existing game&#xD;
-&gt; done: SetupGameSteps.GivenMatchStartedWithKickOffButtonFromExistingGame() (3.4s)&#xD;
Given registered "Yellow" card for team "1" coach&#xD;
Given action failed. Retrying after a timeout.&#xD;
-&gt; done: CardSteps.GivenRegisteredCardForTeamCoach(Yellow, 1) (3.8s)&#xD;
And registered "Red" card for team "1" assistant coach&#xD;
-&gt; done: CardSteps.GivenRegisteredCardForTeamAssistantCoach(Red, 1) (3.4s)&#xD;
When I open Expanded Action log&#xD;
-&gt; done: ActionLogSteps.WhenIClickExpandActionLogButton() (0.2s)&#xD;
And I expand staff filter&#xD;
-&gt; done: FilterSteps.WhenIExpandStaffFilter() (0.1s)&#xD;
And I select assistant coach filter from team "1"&#xD;
-&gt; done: FilterSteps.WhenISelectAssistantCoachFilter(1) (0.1s)&#xD;
Then "Red Card" Action is displayed at 1 in expanded action log&#xD;
-&gt; done: ExpandedActionLogSteps.ThenGoalActionIsDisplayedAtInExpandedActionLog("Red Card", 1) (0.1s)&#xD;
And Expanded action log contains "1" items&#xD;
-&gt; done: ExpandedActionLogSteps.ThenExpandedActionLogContainsItemsCount(1) (0.0s)&#xD;
sandbox: CleanUpAfterTestRun started.&#xD;
sandbox: application pages != null: True&#xD;
sandbox: web driver!= null: True&#xD;
sandbox: CleanUpAfterTestRun complete.</StdOut>
      </Output>
    </UnitTestResult>
    <UnitTestResult executionId="9f3141db-4dfc-4207-8f5c-431206a052a1" testId="3fd9c283-fdc2-7941-439c-504671e5fc07" testName="GivenGoalStarted_WhenDeclaringVar_ThenVarOptionPrompted" computerName="EC2AMAZ-JEOO151" duration="00:00:05.2690000" startTime="2019-07-11T21:47:13.0000000+00:00" endTime="2019-07-11T21:47:18.0000000+00:00" testType="13cdc9d9-ddb5-4fa4-a97d-d965ccfc6d4b" outcome="Passed" testListId="8c84fa94-04c1-424b-9868-57a2d4851a1d" relativeResultsDirectory="9f3141db-4dfc-4207-8f5c-431206a052a1">
      <Output>
        <StdOut>sandbox: PrepareForTestRun started.&#xD;
sandbox: football liveStatsApp != null: True &#xD;
sandbox: football liveStatsApp.IsProcessRunning: True &#xD;
sandbox: setupLocalData: localDatabaseProvider != null: True&#xD;
sandbox: applicationPages != null: True&#xD;
sandbox: applicationPages.Webdriver != null: True&#xD;
sandbox: finished setuping local data&#xD;
sandbox: PrepareForTestRun complete.&#xD;
Given action failed. Retrying after a timeout.&#xD;
sandbox: CleanUpAfterTestRun started.&#xD;
sandbox: application pages != null: True&#xD;
sandbox: web driver!= null: True&#xD;
sandbox: CleanUpAfterTestRun complete.</StdOut>
      </Output>
    </UnitTestResult>
    <UnitTestResult executionId="4e00fc45-cd92-48e2-a2a5-0e5c0ab23e5e" testId="ac77f56a-f855-efc9-71f6-cada2a3afb7d" testName="GivenPlayerEjectedByCard_WhenRecordingYellow_ThenPlayerIsDisabled(Red,2,5,&quot;Red&quot;)" computerName="EC2AMAZ-JEOO151" duration="00:00:11.0170000" startTime="2019-07-11T20:58:49.0000000+00:00" endTime="2019-07-11T20:59:00.0000000+00:00" testType="13cdc9d9-ddb5-4fa4-a97d-d965ccfc6d4b" outcome="Passed" testListId="8c84fa94-04c1-424b-9868-57a2d4851a1d" relativeResultsDirectory="4e00fc45-cd92-48e2-a2a5-0e5c0ab23e5e">
      <Output>
        <StdOut>sandbox: PrepareForTestRun started.&#xD;
sandbox: football liveStatsApp != null: True &#xD;
sandbox: football liveStatsApp.IsProcessRunning: True &#xD;
sandbox: setupLocalData: localDatabaseProvider != null: True&#xD;
sandbox: applicationPages != null: True&#xD;
sandbox: applicationPages.Webdriver != null: True&#xD;
sandbox: finished setuping local data&#xD;
sandbox: PrepareForTestRun complete.&#xD;
Given action failed. Retrying after a timeout.&#xD;
sandbox: CleanUpAfterTestRun started.&#xD;
sandbox: application pages != null: True&#xD;
sandbox: web driver!= null: True&#xD;
sandbox: CleanUpAfterTestRun complete.</StdOut>
      </Output>
    </UnitTestResult>
    <UnitTestResult executionId="e75190aa-4ace-4c57-bc01-95b6004703a6" testId="7e880aec-3986-2354-2b12-5dd0110e0560" testName="TwoCardFiltersCanBeActivatedAtTheSameTime" computerName="EC2AMAZ-JEOO151" duration="00:00:15.5810000" startTime="2019-07-11T19:33:55.0000000+00:00" endTime="2019-07-11T19:34:11.0000000+00:00" testType="13cdc9d9-ddb5-4fa4-a97d-d965ccfc6d4b" outcome="Passed" testListId="8c84fa94-04c1-424b-9868-57a2d4851a1d" relativeResultsDirectory="e75190aa-4ace-4c57-bc01-95b6004703a6">
      <Output>
        <StdOut>sandbox: PrepareForTestRun started.&#xD;
sandbox: football liveStatsApp != null: True &#xD;
sandbox: football liveStatsApp.IsProcessRunning: True &#xD;
sandbox: setupLocalData: localDatabaseProvider != null: True&#xD;
sandbox: applicationPages != null: True&#xD;
sandbox: applicationPages.Webdriver != null: True&#xD;
sandbox: finished setuping local data&#xD;
sandbox: PrepareForTestRun complete.&#xD;
Given Match started with kick off from existing game&#xD;
-&gt; done: SetupGameSteps.GivenMatchStartedWithKickOffButtonFromExistingGame() (3.3s)&#xD;
And "Red" Card for Team 1 is registered&#xD;
Given action failed. Retrying after a timeout.&#xD;
-&gt; done: CardSteps.GivenCardForTeamIsRegistered(Red, 1) (3.7s)&#xD;
And "Yellow" Card for Team "1" player with shirt number "6" is registered&#xD;
-&gt; done: CardSteps.GivenCardForTeamPlayerWithShirtNumberIsRegistered(Yellow, 1, 6) (3.1s)&#xD;
And "SecondYellow" Card for Team "1" player with shirt number "8" is registered&#xD;
-&gt; done: CardSteps.GivenCardForTeamPlayerWithShirtNumberIsRegistered(SecondYellow, 1, 8) (3.3s)&#xD;
Given GoalKick for Team 1 is registered&#xD;
Given action failed. Retrying after a timeout.&#xD;
-&gt; done: GoalKickSteps.GivenGoalKickForTeamIsRegistered(1) (0.7s)&#xD;
When I open Expanded Action log&#xD;
-&gt; done: ActionLogSteps.WhenIClickExpandActionLogButton() (0.2s)&#xD;
And I expand Cards filter&#xD;
-&gt; done: FilterSteps.WhenIExpandCardsFilter() (0.1s)&#xD;
And I select yellow cards filter&#xD;
-&gt; done: FilterSteps.WhenISelectYellowCardsFilter() (0.1s)&#xD;
And I select red cards filter&#xD;
-&gt; done: FilterSteps.WhenISelectRedCardsFilter() (0.1s)&#xD;
Then Expanded action log contains "2" items&#xD;
-&gt; done: ExpandedActionLogSteps.ThenExpandedActionLogContainsItemsCount(2) (0.0s)&#xD;
And Actions are displayed in expanded action log in order:&#xD;
  --- table step argument ---&#xD;
  | expectedType |&#xD;
  | Yellow Card  |&#xD;
  | Red Card     |&#xD;
-&gt; done: ExpandedActionLogSteps.ThenActionsAreDisplayedInActionLogAtPositions(System.Collection...) (0.1s)&#xD;
sandbox: CleanUpAfterTestRun started.&#xD;
sandbox: application pages != null: True&#xD;
sandbox: web driver!= null: True&#xD;
sandbox: CleanUpAfterTestRun complete.</StdOut>
      </Output>
    </UnitTestResult>
    <UnitTestResult executionId="0a368463-832a-4a14-99d1-491b1e0386ff" testId="fd251c3b-fdab-7e33-0be9-e621a5cfefa0" testName="RecordVAROverturnForPenaltyShoot_OutKickStep2" computerName="EC2AMAZ-JEOO151" duration="00:00:20.0630000" startTime="2019-07-11T19:56:59.0000000+00:00" endTime="2019-07-11T19:57:19.0000000+00:00" testType="13cdc9d9-ddb5-4fa4-a97d-d965ccfc6d4b" outcome="Passed" testListId="8c84fa94-04c1-424b-9868-57a2d4851a1d" relativeResultsDirectory="0a368463-832a-4a14-99d1-491b1e0386ff">
      <Output>
        <StdOut>sandbox: PrepareForTestRun started.&#xD;
sandbox: football liveStatsApp != null: True &#xD;
sandbox: football liveStatsApp.IsProcessRunning: True &#xD;
sandbox: setupLocalData: localDatabaseProvider != null: True&#xD;
sandbox: applicationPages != null: True&#xD;
sandbox: applicationPages.Webdriver != null: True&#xD;
sandbox: finished setuping local data&#xD;
sandbox: PrepareForTestRun complete.&#xD;
Given Game is kicked of with No. of subs set to 1 and Period Length to 45 and Extra Time set to false and Penalty Shoot-Out set to true&#xD;
-&gt; done: SetupGameSteps.GivenGameIsKickedOfWithNoOfPeriodsSetToAndPeriodLengthToAndExtraTimeSetToFalse(1, 45, False, True) (8.5s)&#xD;
And Clock minutes value is set to "44"&#xD;
-&gt; done: PitchClockSteps.WhenISetClockMinutesValueTo(44) (1.5s)&#xD;
When I finish and proceed to next phase&#xD;
-&gt; done: PitchClockSteps.WhenIFinishAndProceedToNextPhase() (3.1s)&#xD;
And I set clock minutes value to "90"&#xD;
-&gt; done: PitchClockSteps.WhenISetClockMinutesValueTo(90) (1.4s)&#xD;
And I finish and proceed to next phase&#xD;
-&gt; done: PitchClockSteps.WhenIFinishAndProceedToNextPhase() (2.9s)&#xD;
When I click on team 2 player on pitch with shirt number 4&#xD;
-&gt; done: PitchPlayersComponentSteps.WhenIClickOnTeamPlayerOnPitchWithShirtNumber(2, 4) (0.3s)&#xD;
And I click "Penalty Goal" Button&#xD;
-&gt; done: PenaltySteps.WhenIClickPenaltyGoalButton() (0.2s)&#xD;
And I click "Possible VAR" Button&#xD;
-&gt; done: WorkflowSteps.WhenIClickButton() (0.2s)&#xD;
And I click "No" button in confirmation dialog&#xD;
-&gt; done: WorkflowSteps.WhenIClickNoButtonInConfirmationDialog() (0.2s)&#xD;
Then VAR label is shown in PenaltyShootout event action log&#xD;
-&gt; done: ActionLogSteps.ThenOffenceIsShownInPenaltyEventActionLog("VAR", PenaltyShootout) (0.2s)&#xD;
And VAR label of "PenaltyShootout" event in action log is in team 2 color&#xD;
-&gt; done: ActionLogSteps.ThenSubItemOfEventInActionLogIsInTeamColor("VAR", PenaltyShootout, 2) (0.1s)&#xD;
And VAR label of "PenaltyShootout" event in action log contains "Penalty Overturned" message&#xD;
-&gt; done: ActionLogSteps.ThenSubItemOfEventInActionLogIsInTeamColor("VAR", PenaltyShootout, "Penalty Overturned") (0.1s)&#xD;
And Latest "PenaltyShootout" event is in progress&#xD;
-&gt; done: ActionLogSteps.ThenLatestEventInProgress(PenaltyShootout) (0.0s)&#xD;
And Penalty shootout table is visible on pitch screen for team 1&#xD;
-&gt; done: PenaltyShootoutSteps.ThenPenaltyShootoutTableIsVisibleOnPitchScreenForTeam(1) (0.0s)&#xD;
And Penalty shootout table is visible on pitch screen for team 2&#xD;
-&gt; done: PenaltyShootoutSteps.ThenPenaltyShootoutTableIsVisibleOnPitchScreenForTeam(2) (0.0s)&#xD;
sandbox: CleanUpAfterTestRun started.&#xD;
sandbox: application pages != null: True&#xD;
sandbox: web driver!= null: True&#xD;
sandbox: CleanUpAfterTestRun complete.</StdOut>
      </Output>
    </UnitTestResult>
    <UnitTestResult executionId="f0392b28-a9b3-40d0-ab9a-5f5a18949209" testId="5870dfb3-c080-3094-24b8-1b166777ab3f" testName="GivenFiltersSelected_WhenDeselectingFiltersFromSide_ThenShowCorrectFilteredItems" computerName="EC2AMAZ-JEOO151" duration="00:00:11.0930000" startTime="2019-07-11T21:22:49.0000000+00:00" endTime="2019-07-11T21:23:00.0000000+00:00" testType="13cdc9d9-ddb5-4fa4-a97d-d965ccfc6d4b" outcome="Passed" testListId="8c84fa94-04c1-424b-9868-57a2d4851a1d" relativeResultsDirectory="f0392b28-a9b3-40d0-ab9a-5f5a18949209">
      <Output>
        <StdOut>sandbox: PrepareForTestRun started.&#xD;
sandbox: football liveStatsApp != null: True &#xD;
sandbox: football liveStatsApp.IsProcessRunning: True &#xD;
sandbox: setupLocalData: localDatabaseProvider != null: True&#xD;
sandbox: applicationPages != null: True&#xD;
sandbox: applicationPages.Webdriver != null: True&#xD;
sandbox: finished setuping local data&#xD;
sandbox: PrepareForTestRun complete.&#xD;
Given action failed. Retrying after a timeout.&#xD;
Given action failed. Retrying after a timeout.&#xD;
sandbox: CleanUpAfterTestRun started.&#xD;
sandbox: application pages != null: True&#xD;
sandbox: web driver!= null: True&#xD;
sandbox: CleanUpAfterTestRun complete.</StdOut>
      </Output>
    </UnitTestResult>
    <UnitTestResult executionId="d6e1fce4-bfa0-4c7e-859f-c4d0d8f6768d" testId="77ce66c9-e663-9aa5-83a3-d82f06f308f8" testName="SelectVarOnFirstStepOfRecordCardWorkflow(&quot;1&quot;,&quot;Red&quot;,null)" computerName="EC2AMAZ-JEOO151" duration="00:00:04.8330000" startTime="2019-07-11T19:54:19.0000000+00:00" endTime="2019-07-11T19:54:24.0000000+00:00" testType="13cdc9d9-ddb5-4fa4-a97d-d965ccfc6d4b" outcome="Passed" testListId="8c84fa94-04c1-424b-9868-57a2d4851a1d" relativeResultsDirectory="d6e1fce4-bfa0-4c7e-859f-c4d0d8f6768d">
      <Output>
        <StdOut>sandbox: PrepareForTestRun started.&#xD;
sandbox: football liveStatsApp != null: True &#xD;
sandbox: football liveStatsApp.IsProcessRunning: True &#xD;
sandbox: setupLocalData: localDatabaseProvider != null: True&#xD;
sandbox: applicationPages != null: True&#xD;
sandbox: applicationPages.Webdriver != null: True&#xD;
sandbox: finished setuping local data&#xD;
sandbox: PrepareForTestRun complete.&#xD;
Given Match started with kick off from existing game&#xD;
-&gt; done: SetupGameSteps.GivenMatchStartedWithKickOffButtonFromExistingGame() (3.2s)&#xD;
When I click on team 1 possible "Red"&#xD;
-&gt; done: TeamActionButtonSteps.StartPossibleCardRegistration(1, Red) (0.5s)&#xD;
And I click "Possible VAR" button in workflow&#xD;
-&gt; done: WorkflowSteps.WhenIClickPossibleVarButtonInWorkflow() (0.1s)&#xD;
Then confirm VAR dialog is displayed&#xD;
-&gt; done: WorkflowSteps.ThenConfirmVarDialogIsDisplayed() (0.2s)&#xD;
And "Yes" VAR dialog button is shown&#xD;
-&gt; done: WorkflowSteps.ThenVarDialogButtonIsShown("Yes") (0.0s)&#xD;
And "No" VAR dialog button is shown&#xD;
-&gt; done: WorkflowSteps.ThenVarDialogButtonIsShown("No") (0.0s)&#xD;
sandbox: CleanUpAfterTestRun started.&#xD;
sandbox: application pages != null: True&#xD;
sandbox: web driver!= null: True&#xD;
sandbox: CleanUpAfterTestRun complete.</StdOut>
      </Output>
    </UnitTestResult>
    <UnitTestResult executionId="c87f1cc8-0143-4ae9-9279-d2f76fcb450d" testId="6d95aba1-d6af-6580-602b-c166348f228d" testName="CannotFlagAndContinueGoalKickLastStep" computerName="EC2AMAZ-JEOO151" duration="00:00:04.9340000" startTime="2019-07-11T19:45:00.0000000+00:00" endTime="2019-07-11T19:45:05.0000000+00:00" testType="13cdc9d9-ddb5-4fa4-a97d-d965ccfc6d4b" outcome="Passed" testListId="8c84fa94-04c1-424b-9868-57a2d4851a1d" relativeResultsDirectory="c87f1cc8-0143-4ae9-9279-d2f76fcb450d">
      <Output>
        <StdOut>sandbox: PrepareForTestRun started.&#xD;
sandbox: football liveStatsApp != null: True &#xD;
sandbox: football liveStatsApp.IsProcessRunning: True &#xD;
sandbox: setupLocalData: localDatabaseProvider != null: True&#xD;
sandbox: applicationPages != null: True&#xD;
sandbox: applicationPages.Webdriver != null: True&#xD;
sandbox: finished setuping local data&#xD;
sandbox: PrepareForTestRun complete.&#xD;
Given Match started with kick off from existing game&#xD;
-&gt; done: SetupGameSteps.GivenMatchStartedWithKickOffButtonFromExistingGame() (3.2s)&#xD;
When I click "GoalKick" button for team1&#xD;
-&gt; done: TeamActionButtonSteps.GivenIClickButtonForTeam(1) (0.7s)&#xD;
And I click on the highlighted Goal Box Area&#xD;
-&gt; done: GoalKickSteps.WhenIClickOnTheRightGoalBoxArea() (0.1s)&#xD;
Then Flag &amp; Continue button is not visible&#xD;
-&gt; done: WorkflowSteps.ThenFlagAndContinueButtonIsNotVisible() (0.1s)&#xD;
sandbox: CleanUpAfterTestRun started.&#xD;
sandbox: application pages != null: True&#xD;
sandbox: web driver!= null: True&#xD;
sandbox: CleanUpAfterTestRun complete.</StdOut>
      </Output>
    </UnitTestResult>
    <UnitTestResult executionId="2f69b3c0-134b-422c-bf07-a30cc5c3aabf" testId="ba55464b-ac9e-206c-ee14-0dcf078b4db7" testName="RemoveVar" computerName="EC2AMAZ-JEOO151" duration="00:00:14.1350000" startTime="2019-07-11T18:08:33.0000000+00:00" endTime="2019-07-11T18:08:47.0000000+00:00" testType="13cdc9d9-ddb5-4fa4-a97d-d965ccfc6d4b" outcome="Passed" testListId="8c84fa94-04c1-424b-9868-57a2d4851a1d" relativeResultsDirectory="2f69b3c0-134b-422c-bf07-a30cc5c3aabf">
      <Output>
        <StdOut>sandbox: PrepareForTestRun started.&#xD;
sandbox: football liveStatsApp != null: True &#xD;
sandbox: football liveStatsApp.IsProcessRunning: True &#xD;
sandbox: setupLocalData: localDatabaseProvider != null: True&#xD;
sandbox: applicationPages != null: True&#xD;
sandbox: applicationPages.Webdriver != null: True&#xD;
sandbox: finished setuping local data&#xD;
sandbox: PrepareForTestRun complete.&#xD;
Given Match started with kick off from existing game&#xD;
-&gt; done: SetupGameSteps.GivenMatchStartedWithKickOffButtonFromExistingGame() (3.3s)&#xD;
When I click "Possible Penalty" button for team 1&#xD;
Given action failed. Retrying after a timeout.&#xD;
-&gt; done: TeamActionButtonSteps.GivenIClickPossiblePenaltyButtonForTeam(1) (0.8s)&#xD;
And I click on pitch x 90 and y 10&#xD;
Failed to find element with query '[data-qa='activePitchOverlay']'. Web driver timeout exception.&#xD;
Given action failed. Retrying after a timeout.&#xD;
Failed to find element with query '[data-qa='activePitchOverlay']'. Web driver timeout exception.&#xD;
-&gt; done: PitchScreenSteps.WhenIClickOnPitch(90, 10) (4.5s)&#xD;
And I click "Possible VAR" button in workflow&#xD;
-&gt; done: WorkflowSteps.WhenIClickPossibleVarButtonInWorkflow() (0.1s)&#xD;
And I click var confirmation "no" button&#xD;
-&gt; done: WorkflowSteps.WhenIClickVarConfirmationButton("no") (0.2s)&#xD;
And I click top event in action log&#xD;
-&gt; done: ActionLogSteps.GivenIClickPenaltyEventInActionLog() (0.3s)&#xD;
And I click on goal result in penalty edit&#xD;
-&gt; done: PenaltyEditSteps.WhenIClickOnGoalPenaltyResult() (0.2s)&#xD;
And I click on player with shirt number 18 as penalty taker in penalty edit&#xD;
-&gt; done: PenaltyEditSteps.WhenIClickOnPlayerWithShirtNumberAsPenaltyTaker(18) (0.4s)&#xD;
And I click on player with shirt number 5 as fouled in penalty edit&#xD;
-&gt; done: PenaltyEditSteps.WhenIClickOnPlayerWithShirtNumberAsFouled(5) (0.4s)&#xD;
And I click "adjust" pitch location button in edit window&#xD;
-&gt; done: MiniPitchEditPageElementSteps.WhenIClickButtonForFreeKickLocation() (0.1s)&#xD;
And I click on expanded pitch view x 95 y 40&#xD;
-&gt; done: ExpandedPitchPositionDialogSteps.GivenIClickOnExpandedPitchViewXY(95, 40) (0.1s)&#xD;
And I click "Proceed" button on expanded pitch view&#xD;
-&gt; done: ExpandedPitchPositionDialogSteps.GivenIClickButtonOnExpandedPitchView("Proceed") (0.1s)&#xD;
And I click "adjust shot location" button in edit window&#xD;
-&gt; done: GoalEditSteps.GivenIClickAdjustShotLocationButton() (0.1s)&#xD;
And I click on "top right" net section at x 20 and y 20&#xD;
-&gt; done: ExpandedShotLocationDialogSteps.GivenIClickCornerOnNetAt("top right", 20, 20) (0.1s)&#xD;
And I click "Proceed" button on expanded shot position view&#xD;
-&gt; done: ExpandedShotLocationDialogSteps.GivenIClickButtonOnExpandedShotPositionView("Proceed") (0.1s)&#xD;
And I enter new taken event time of "0030"&#xD;
-&gt; done: EditFormSteps.GivenIEnterNewTakenEventTimeOf("0030") (1.1s)&#xD;
And I click on "Offence" reason in penalty edit&#xD;
-&gt; done: PenaltyEditSteps.WhenIClickOnPenaltyReason() (0.2s)&#xD;
And I click "VAR" toggle&#xD;
-&gt; done: EditFormSteps.GivenIClickToggleToEnable() (0.1s)&#xD;
And I click Save button in action edit form&#xD;
-&gt; done: EditFormSteps.ClickSaveButtonInActionEditForm() (0.6s)&#xD;
And I click top event in action log&#xD;
-&gt; done: ActionLogSteps.GivenIClickPenaltyEventInActionLog() (0.1s)&#xD;
Then Score is 1 for team 1&#xD;
-&gt; done: ScoreBoardSteps.ThenScoreIsForTeam(1, 1) (0.1s)&#xD;
And Score is 0 for team 2&#xD;
-&gt; done: ScoreBoardSteps.ThenScoreIsForTeam(0, 2) (0.1s)&#xD;
And Penalty kick edit result is "Goal"&#xD;
-&gt; done: PenaltyEditSteps.ThenShotResultIsGoal() (0.0s)&#xD;
And Team 1 of edit screen is selected&#xD;
-&gt; done: EditFormSteps.ThenTeamOfEditScreenIsSelected(1) (0.0s)&#xD;
And Penalty edit reason is "Offence"&#xD;
-&gt; done: PenaltyEditSteps.ThenPenaltyReasonIs() (0.0s)&#xD;
And Fouled player with shirt number 5 is selected in penalty edit&#xD;
-&gt; done: PenaltyEditSteps.ThenFouledPlayerWithShirtNumberIsSelected(5) (0.1s)&#xD;
And Penalty taker with shirt number 18 is selected in penalty edit&#xD;
-&gt; done: PenaltyEditSteps.ThenPenaltyTakerPlayerWithShirtNumberIsSelected(18) (0.1s)&#xD;
And Penalty edit retake count is equal to 0&#xD;
-&gt; done: PenaltyEditSteps.ThenRetakeCountIsEqualTo(0) (0.0s)&#xD;
And Save button is disabled in action edit form&#xD;
-&gt; done: EditFormSteps.SaveButtonIsDisabled() (0.0s)&#xD;
sandbox: CleanUpAfterTestRun started.&#xD;
sandbox: application pages != null: True&#xD;
sandbox: web driver!= null: True&#xD;
sandbox: CleanUpAfterTestRun complete.</StdOut>
      </Output>
    </UnitTestResult>
    <UnitTestResult executionId="23869e20-13af-462a-ab3f-68387919f144" testId="ce77f76f-935a-0e03-cb74-da87d9d87f14" testName="CardReasonUpdate(&quot;Yellow&quot;,&quot;Dissent&quot;,null)" computerName="EC2AMAZ-JEOO151" duration="00:00:10.7510000" startTime="2019-07-11T17:46:04.0000000+00:00" endTime="2019-07-11T17:46:14.0000000+00:00" testType="13cdc9d9-ddb5-4fa4-a97d-d965ccfc6d4b" outcome="Passed" testListId="8c84fa94-04c1-424b-9868-57a2d4851a1d" relativeResultsDirectory="23869e20-13af-462a-ab3f-68387919f144">
      <Output>
        <StdOut>sandbox: PrepareForTestRun started.&#xD;
sandbox: football liveStatsApp != null: True &#xD;
sandbox: football liveStatsApp.IsProcessRunning: True &#xD;
sandbox: setupLocalData: localDatabaseProvider != null: True&#xD;
sandbox: applicationPages != null: True&#xD;
sandbox: applicationPages.Webdriver != null: True&#xD;
sandbox: finished setuping local data&#xD;
sandbox: PrepareForTestRun complete.&#xD;
Given Match started with kick off from existing game&#xD;
-&gt; done: SetupGameSteps.GivenMatchStartedWithKickOffButtonFromExistingGame() (3.3s)&#xD;
And I remembered current players on pitch shirt numbers&#xD;
-&gt; done: GoalEditSteps.GivenIRememberCurrentPlayersOnPitch() (1.6s)&#xD;
Given "Yellow" Card for Team "1" player with shirt number "4" is registered&#xD;
Given action failed. Retrying after a timeout.&#xD;
-&gt; done: CardSteps.GivenCardForTeamPlayerWithShirtNumberIsRegistered(Yellow, 1, 4) (3.3s)&#xD;
When I click on 1 of type "Booking" event in action log&#xD;
-&gt; done: ActionLogSteps.GivenIClickOnLatestEventInActionLog(1, Booking) (0.2s)&#xD;
And I click "select reason for card" button in card edit page&#xD;
-&gt; done: CardEditSteps.WhenIClickButtonInCardEditPage() (0.0s)&#xD;
And I click "Dissent" reason button&#xD;
-&gt; done: CardSteps.WhenIClickReasonButton("Dissent") (0.1s)&#xD;
And I select player with shirt number 10 in to receive the card in card edit page&#xD;
-&gt; done: CardEditSteps.WhenISelectPlayerInToReceiveTheCardInCardEditPage(10) (0.3s)&#xD;
And I click Save button in action edit form&#xD;
-&gt; done: EditFormSteps.ClickSaveButtonInActionEditForm() (0.6s)&#xD;
Then Pitch View is shown&#xD;
-&gt; done: PitchScreenSteps.PitchViewIsShown() (0.0s)&#xD;
And Yellow label is shown in Booking event action log&#xD;
-&gt; done: ActionLogSteps.ThenOffenceIsShownInPenaltyEventActionLog("Yellow", Booking) (0.1s)&#xD;
And "Yellow" label of "Booking" event in action log contains "Yellow" card icon&#xD;
-&gt; done: ActionLogSteps.ThenLabelOfEventInActionLogContainsCardIcon("Yellow", Booking, "Yellow") (0.1s)&#xD;
And Player on pitch by shirt number 10 of team 1 is shown in Yellow of "Booking" event in action log&#xD;
-&gt; done: ActionLogSteps.ThenPlayerOnPitchByShirtNumberOfTeamIsShownInGoalOfEventInActionLog(10, 1, "Yellow", Booking) (0.3s)&#xD;
sandbox: CleanUpAfterTestRun started.&#xD;
sandbox: application pages != null: True&#xD;
sandbox: web driver!= null: True&#xD;
sandbox: CleanUpAfterTestRun complete.</StdOut>
      </Output>
    </UnitTestResult>
    <UnitTestResult executionId="5c60c5f0-f78e-47ef-b662-4cd87bc671f5" testId="f04faca6-d19b-bc2c-1aef-88b5bbcf3342" testName="GivenGameInProgress_WhenConfirmingCardForSubstitutePlayer_ThenCardIsRegisteredForPlayer(Red,2,20,Yellow,&quot;Yellow&quot;)" computerName="EC2AMAZ-JEOO151" duration="00:00:11.1990000" startTime="2019-07-11T20:56:36.0000000+00:00" endTime="2019-07-11T20:56:47.0000000+00:00" testType="13cdc9d9-ddb5-4fa4-a97d-d965ccfc6d4b" outcome="Passed" testListId="8c84fa94-04c1-424b-9868-57a2d4851a1d" relativeResultsDirectory="5c60c5f0-f78e-47ef-b662-4cd87bc671f5">
      <Output>
        <StdOut>sandbox: PrepareForTestRun started.&#xD;
sandbox: football liveStatsApp != null: True &#xD;
sandbox: football liveStatsApp.IsProcessRunning: True &#xD;
sandbox: setupLocalData: localDatabaseProvider != null: True&#xD;
sandbox: applicationPages != null: True&#xD;
sandbox: applicationPages.Webdriver != null: True&#xD;
sandbox: finished setuping local data&#xD;
sandbox: PrepareForTestRun complete.&#xD;
Given action failed. Retrying after a timeout.&#xD;
sandbox: CleanUpAfterTestRun started.&#xD;
sandbox: application pages != null: True&#xD;
sandbox: web driver!= null: True&#xD;
sandbox: CleanUpAfterTestRun complete.</StdOut>
      </Output>
    </UnitTestResult>
    <UnitTestResult executionId="a15c4f86-98af-444a-a04b-f967724d053b" testId="656a898c-e7dd-67d3-945a-f555f6619725" testName="GivenThrowInRegistered_WhenOpeningThrowInEdit_ThenOpensForm" computerName="EC2AMAZ-JEOO151" duration="00:00:05.4820000" startTime="2019-07-11T20:45:28.0000000+00:00" endTime="2019-07-11T20:45:33.0000000+00:00" testType="13cdc9d9-ddb5-4fa4-a97d-d965ccfc6d4b" outcome="Passed" testListId="8c84fa94-04c1-424b-9868-57a2d4851a1d" relativeResultsDirectory="a15c4f86-98af-444a-a04b-f967724d053b">
      <Output>
        <StdOut>sandbox: PrepareForTestRun started.&#xD;
sandbox: football liveStatsApp != null: True &#xD;
sandbox: football liveStatsApp.IsProcessRunning: True &#xD;
sandbox: setupLocalData: localDatabaseProvider != null: True&#xD;
sandbox: applicationPages != null: True&#xD;
sandbox: applicationPages.Webdriver != null: True&#xD;
sandbox: finished setuping local data&#xD;
sandbox: PrepareForTestRun complete.&#xD;
sandbox: CleanUpAfterTestRun started.&#xD;
sandbox: application pages != null: True&#xD;
sandbox: web driver!= null: True&#xD;
sandbox: CleanUpAfterTestRun complete.</StdOut>
      </Output>
    </UnitTestResult>
    <UnitTestResult executionId="65d22f29-2e9e-40eb-8c14-5942103b848b" testId="f67c6668-ef6a-cae8-034d-55c7ccde1bda" testName="GivenGameHalfEnded_WhenConfirmingPeriod_ThenConfirmationPrompted" computerName="EC2AMAZ-JEOO151" duration="00:00:07.2820000" startTime="2019-07-11T21:15:40.0000000+00:00" endTime="2019-07-11T21:15:47.0000000+00:00" testType="13cdc9d9-ddb5-4fa4-a97d-d965ccfc6d4b" outcome="Passed" testListId="8c84fa94-04c1-424b-9868-57a2d4851a1d" relativeResultsDirectory="65d22f29-2e9e-40eb-8c14-5942103b848b">
      <Output>
        <StdOut>sandbox: PrepareForTestRun started.&#xD;
sandbox: football liveStatsApp != null: True &#xD;
sandbox: football liveStatsApp.IsProcessRunning: True &#xD;
sandbox: setupLocalData: localDatabaseProvider != null: True&#xD;
sandbox: applicationPages != null: True&#xD;
sandbox: applicationPages.Webdriver != null: True&#xD;
sandbox: finished setuping local data&#xD;
sandbox: PrepareForTestRun complete.&#xD;
sandbox: CleanUpAfterTestRun started.&#xD;
sandbox: application pages != null: True&#xD;
sandbox: web driver!= null: True&#xD;
sandbox: CleanUpAfterTestRun complete.</StdOut>
      </Output>
    </UnitTestResult>
    <UnitTestResult executionId="e03e541f-b38a-4d4b-884c-ef0828b69b1e" testId="73508a2f-8ea6-cc3b-56bf-f0af3c507544" testName="GivenPso_WhenChangingPsoKickTeam_ThenResultingDataIsCorrect" computerName="EC2AMAZ-JEOO151" duration="00:00:25.7150000" startTime="2019-07-11T20:37:09.0000000+00:00" endTime="2019-07-11T20:37:34.0000000+00:00" testType="13cdc9d9-ddb5-4fa4-a97d-d965ccfc6d4b" outcome="Passed" testListId="8c84fa94-04c1-424b-9868-57a2d4851a1d" relativeResultsDirectory="e03e541f-b38a-4d4b-884c-ef0828b69b1e">
      <Output>
        <StdOut>sandbox: PrepareForTestRun started.&#xD;
sandbox: football liveStatsApp != null: True &#xD;
sandbox: football liveStatsApp.IsProcessRunning: True &#xD;
sandbox: setupLocalData: localDatabaseProvider != null: True&#xD;
sandbox: applicationPages != null: True&#xD;
sandbox: applicationPages.Webdriver != null: True&#xD;
sandbox: finished setuping local data&#xD;
sandbox: PrepareForTestRun complete.&#xD;
sandbox: CleanUpAfterTestRun started.&#xD;
sandbox: application pages != null: True&#xD;
sandbox: web driver!= null: True&#xD;
Given action failed. Retrying after a timeout. Most likely UI was not fast enough to refresh itself.&#xD;
sandbox: CleanUpAfterTestRun complete.</StdOut>
      </Output>
    </UnitTestResult>
    <UnitTestResult executionId="1a46cbcd-50ad-42a9-8d2c-911cee93ba64" testId="f21b28f2-1142-cb8e-f9a5-d61fe4f81b02" testName="CanInsertCardIntoPeriodBreak(&quot;before&quot;,&quot;GameStart&quot;,&quot;6&quot;,&quot;00:00&quot;,null)" computerName="EC2AMAZ-JEOO151" duration="00:00:09.1150000" startTime="2019-07-11T18:40:30.0000000+00:00" endTime="2019-07-11T18:40:39.0000000+00:00" testType="13cdc9d9-ddb5-4fa4-a97d-d965ccfc6d4b" outcome="Passed" testListId="8c84fa94-04c1-424b-9868-57a2d4851a1d" relativeResultsDirectory="1a46cbcd-50ad-42a9-8d2c-911cee93ba64">
      <Output>
        <StdOut>sandbox: PrepareForTestRun started.&#xD;
sandbox: football liveStatsApp != null: True &#xD;
sandbox: football liveStatsApp.IsProcessRunning: True &#xD;
sandbox: setupLocalData: localDatabaseProvider != null: True&#xD;
sandbox: applicationPages != null: True&#xD;
sandbox: applicationPages.Webdriver != null: True&#xD;
sandbox: finished setuping local data&#xD;
sandbox: PrepareForTestRun complete.&#xD;
Given Second period started from existing game&#xD;
-&gt; done: SetupGameSteps.GivenSecondPeriodStartedFromExistingGame() (6.5s)&#xD;
When I click Expand Action log button&#xD;
-&gt; done: ActionLogSteps.WhenIClickExpandActionLogButton() (0.3s)&#xD;
And I insert "Card" before "GameStart"&#xD;
-&gt; done: ExpandedActionLogSteps.WhenIInsertBefore(Card, GameStart) (0.3s)&#xD;
And I click team 1 in edit form&#xD;
-&gt; done: EditFormSteps.WhenIClickTeamInEditForm(1) (0.1s)&#xD;
And I click "Yellow" card in card edit page&#xD;
-&gt; done: CardEditSteps.WhenIClickCardInCardEditPage("Yellow") (0.1s)&#xD;
And I update card reason to "Dissent" in insert window&#xD;
-&gt; done: CardEditSteps.WhenIUpdateCardReasonToInInsertWindow("Dissent") (0.1s)&#xD;
And I select player with shirt number 4 in to receive the card in card edit page&#xD;
-&gt; done: CardEditSteps.WhenISelectPlayerInToReceiveTheCardInCardEditPage(4) (0.1s)&#xD;
And I click Save button in action edit form&#xD;
-&gt; done: EditFormSteps.ClickSaveButtonInActionEditForm() (0.6s)&#xD;
Then "Yellow Card" Action is displayed at 6 in expanded action log&#xD;
-&gt; done: ExpandedActionLogSteps.ThenGoalActionIsDisplayedAtInExpandedActionLog("Yellow Card", 6) (0.1s)&#xD;
And at 6 position action time is "00:00" in "H1" half&#xD;
-&gt; done: ExpandedActionLogSteps.ThenAtPositionActionTimeIsInHalf(6, "00:00", "H1") (0.1s)&#xD;
sandbox: CleanUpAfterTestRun started.&#xD;
sandbox: application pages != null: True&#xD;
sandbox: web driver!= null: True&#xD;
sandbox: CleanUpAfterTestRun complete.</StdOut>
      </Output>
    </UnitTestResult>
    <UnitTestResult executionId="22e3be82-6bd6-401b-a47d-3cb356ff1952" testId="14b020e4-ba33-71d6-d2c0-4e490d69da19" testName="GivenGameInProgress_WhenUpdatingPlayersWithActions_ThenPlayerIsUpdated" computerName="EC2AMAZ-JEOO151" duration="00:00:11.9460000" startTime="2019-07-11T20:06:07.0000000+00:00" endTime="2019-07-11T20:06:19.0000000+00:00" testType="13cdc9d9-ddb5-4fa4-a97d-d965ccfc6d4b" outcome="Passed" testListId="8c84fa94-04c1-424b-9868-57a2d4851a1d" relativeResultsDirectory="22e3be82-6bd6-401b-a47d-3cb356ff1952">
      <Output>
        <StdOut>sandbox: PrepareForTestRun started.&#xD;
sandbox: football liveStatsApp != null: True &#xD;
sandbox: football liveStatsApp.IsProcessRunning: True &#xD;
sandbox: setupLocalData: localDatabaseProvider != null: True&#xD;
sandbox: applicationPages != null: True&#xD;
sandbox: applicationPages.Webdriver != null: True&#xD;
sandbox: finished setuping local data&#xD;
sandbox: PrepareForTestRun complete.&#xD;
Given action failed. Retrying after a timeout.&#xD;
sandbox: CleanUpAfterTestRun started.&#xD;
sandbox: application pages != null: True&#xD;
sandbox: web driver!= null: True&#xD;
sandbox: CleanUpAfterTestRun complete.</StdOut>
      </Output>
    </UnitTestResult>
    <UnitTestResult executionId="87e2db94-7c9a-4746-98c4-67e806230038" testId="18ba73a3-1128-0da5-67da-b5bf1c980278" testName="CannotFlagAndContinueCornerConfirmation" computerName="EC2AMAZ-JEOO151" duration="00:00:04.9500000" startTime="2019-07-11T19:44:39.0000000+00:00" endTime="2019-07-11T19:44:44.0000000+00:00" testType="13cdc9d9-ddb5-4fa4-a97d-d965ccfc6d4b" outcome="Passed" testListId="8c84fa94-04c1-424b-9868-57a2d4851a1d" relativeResultsDirectory="87e2db94-7c9a-4746-98c4-67e806230038">
      <Output>
        <StdOut>sandbox: PrepareForTestRun started.&#xD;
sandbox: football liveStatsApp != null: True &#xD;
sandbox: football liveStatsApp.IsProcessRunning: True &#xD;
sandbox: setupLocalData: localDatabaseProvider != null: True&#xD;
sandbox: applicationPages != null: True&#xD;
sandbox: applicationPages.Webdriver != null: True&#xD;
sandbox: finished setuping local data&#xD;
sandbox: PrepareForTestRun complete.&#xD;
Given Match started with kick off from existing game&#xD;
-&gt; done: SetupGameSteps.GivenMatchStartedWithKickOffButtonFromExistingGame() (3.1s)&#xD;
When I click "Possible Corner" button for team 2&#xD;
Given action failed. Retrying after a timeout.&#xD;
-&gt; done: TeamActionButtonSteps.WhenIClickPossibleCornerButtonForTeam(2) (0.8s)&#xD;
And I flag and continue&#xD;
-&gt; done: WorkflowSteps.WhenIFlagAndContinue() (0.2s)&#xD;
Then Flag &amp; Continue button is not visible&#xD;
-&gt; done: WorkflowSteps.ThenFlagAndContinueButtonIsNotVisible() (0.1s)&#xD;
sandbox: CleanUpAfterTestRun started.&#xD;
sandbox: application pages != null: True&#xD;
sandbox: web driver!= null: True&#xD;
sandbox: CleanUpAfterTestRun complete.</StdOut>
      </Output>
    </UnitTestResult>
    <UnitTestResult executionId="b5f9db58-8d74-4489-a6fc-8cabbd6d0f4f" testId="4b90f96d-8b8f-691b-e5b1-a716211d70db" testName="GivenActionRegistered_WhenDeletingFromActionLog_ThenDeleted(Corner)" computerName="EC2AMAZ-JEOO151" duration="00:00:12.1170000" startTime="2019-07-11T20:15:32.0000000+00:00" endTime="2019-07-11T20:15:44.0000000+00:00" testType="13cdc9d9-ddb5-4fa4-a97d-d965ccfc6d4b" outcome="Passed" testListId="8c84fa94-04c1-424b-9868-57a2d4851a1d" relativeResultsDirectory="b5f9db58-8d74-4489-a6fc-8cabbd6d0f4f">
      <Output>
        <StdOut>sandbox: PrepareForTestRun started.&#xD;
sandbox: football liveStatsApp != null: True &#xD;
sandbox: football liveStatsApp.IsProcessRunning: True &#xD;
sandbox: setupLocalData: localDatabaseProvider != null: True&#xD;
sandbox: applicationPages != null: True&#xD;
sandbox: applicationPages.Webdriver != null: True&#xD;
sandbox: finished setuping local data&#xD;
sandbox: PrepareForTestRun complete.&#xD;
Given action failed. Retrying after a timeout.&#xD;
sandbox: CleanUpAfterTestRun started.&#xD;
sandbox: application pages != null: True&#xD;
sandbox: web driver!= null: True&#xD;
sandbox: CleanUpAfterTestRun complete.</StdOut>
      </Output>
    </UnitTestResult>
    <UnitTestResult executionId="4fa6ff54-cf51-497c-ab5a-164870399f19" testId="d3a8022c-b643-cf3b-3848-d02e1675e535" testName="FootballChangeShotResultToBlocked" computerName="EC2AMAZ-JEOO151" duration="00:00:17.6810000" startTime="2019-07-11T18:09:18.0000000+00:00" endTime="2019-07-11T18:09:36.0000000+00:00" testType="13cdc9d9-ddb5-4fa4-a97d-d965ccfc6d4b" outcome="Passed" testListId="8c84fa94-04c1-424b-9868-57a2d4851a1d" relativeResultsDirectory="4fa6ff54-cf51-497c-ab5a-164870399f19">
      <Output>
        <StdOut>sandbox: PrepareForTestRun started.&#xD;
sandbox: football liveStatsApp != null: True &#xD;
sandbox: football liveStatsApp.IsProcessRunning: True &#xD;
sandbox: setupLocalData: localDatabaseProvider != null: True&#xD;
sandbox: applicationPages != null: True&#xD;
sandbox: applicationPages.Webdriver != null: True&#xD;
sandbox: finished setuping local data&#xD;
sandbox: PrepareForTestRun complete.&#xD;
Given Match started with kick off from existing game&#xD;
-&gt; done: SetupGameSteps.GivenMatchStartedWithKickOffButtonFromExistingGame() (3.2s)&#xD;
And I remembered current players on pitch shirt numbers&#xD;
-&gt; done: GoalEditSteps.GivenIRememberCurrentPlayersOnPitch() (1.6s)&#xD;
And I clicked on pitch x 50 and y 60&#xD;
Failed to find element with query '[data-qa='activePitchOverlay']'. Web driver timeout exception.&#xD;
Given action failed. Retrying after a timeout.&#xD;
Failed to find element with query '[data-qa='activePitchOverlay']'. Web driver timeout exception.&#xD;
-&gt; done: PitchScreenSteps.WhenIClickOnPitch(50, 60) (4.4s)&#xD;
And I clicked "Shot" button for team 1&#xD;
-&gt; done: TeamActionButtonSteps.GivenIClickShotButtonForTeam(1) (0.3s)&#xD;
And I clicked on team 1 player on pitch with shirt number 13&#xD;
-&gt; done: PitchPlayersComponentSteps.WhenIClickOnTeamPlayerOnPitchWithShirtNumber(1, 13) (0.2s)&#xD;
And I clicked on pitch x 50 and y 60&#xD;
-&gt; done: PitchScreenSteps.WhenIClickOnPitch(50, 60) (0.2s)&#xD;
And I clicked "Shot Off Target" button&#xD;
-&gt; done: ShotRegistrationSteps.WhenClickIShotOffTargetButton() (0.1s)&#xD;
And I clicked on net x "50" and y "25"&#xD;
-&gt; done: NetSectionSteps.WhenIClickOnNetXAndY(50, 25) (0.2s)&#xD;
And I clicked "No save" button&#xD;
-&gt; done: NetSectionSteps.WhenIClickNoSaveButton() (0.1s)&#xD;
When I click shot event in action log&#xD;
-&gt; done: ActionLogSteps.WhenIClickShotEventInActionLog() (0.2s)&#xD;
And Shot result changed to Blocked&#xD;
-&gt; done: ShotEditSteps.WhenShotResultChangedToBlocked() (0.1s)&#xD;
Then Goal keeper save section is not visible&#xD;
Failed to find element with query '[data-qa='shotSavedByGoalKeeper']'. Web driver timeout exception.&#xD;
Failed to find element with query '[data-qa='shotNotSaved']'. Web driver timeout exception.&#xD;
-&gt; done: ShotEditSteps.ThenGoalKeeperSaveSectionIsNotVisible() (4.1s)&#xD;
And set button is not visible for shot location&#xD;
Failed to find element with query '[data-qa='setNetLocationButton']'. Web driver timeout exception.&#xD;
-&gt; done: ExpandedShotLocationDialogSteps.ThenSetButtonIsNotVisibleForShotLocation() (2.0s)&#xD;
And "Save" of edit screen is enabled&#xD;
-&gt; done: EditFormSteps.ThenOfEditScreenIsEnabled() (0.0s)&#xD;
sandbox: CleanUpAfterTestRun started.&#xD;
sandbox: application pages != null: True&#xD;
sandbox: web driver!= null: True&#xD;
sandbox: CleanUpAfterTestRun complete.</StdOut>
      </Output>
    </UnitTestResult>
    <UnitTestResult executionId="d8f4bb59-8f8b-4720-bfdc-3e8c514570f2" testId="3f27eb6a-4bb5-77f0-4e78-3f7c05533a07" testName="GivenStatisticianForm_WhenEnteringIncorrectDetails_ThenRegistrationNotSuccessful" computerName="EC2AMAZ-JEOO151" duration="00:00:07.2210000" startTime="2019-07-11T20:12:43.0000000+00:00" endTime="2019-07-11T20:12:50.0000000+00:00" testType="13cdc9d9-ddb5-4fa4-a97d-d965ccfc6d4b" outcome="Passed" testListId="8c84fa94-04c1-424b-9868-57a2d4851a1d" relativeResultsDirectory="d8f4bb59-8f8b-4720-bfdc-3e8c514570f2">
      <Output>
        <StdOut>sandbox: PrepareForTestRun started.&#xD;
sandbox: football liveStatsApp != null: True &#xD;
sandbox: football liveStatsApp.IsProcessRunning: True &#xD;
sandbox: setupLocalData: localDatabaseProvider != null: True&#xD;
sandbox: applicationPages != null: True&#xD;
sandbox: applicationPages.Webdriver != null: True&#xD;
sandbox: finished setuping local data&#xD;
sandbox: PrepareForTestRun complete.&#xD;
Failed to find element with query '[data-qa='statisticianRegistrationForm']'. Web driver timeout exception.&#xD;
sandbox: CleanUpAfterTestRun started.&#xD;
sandbox: application pages != null: True&#xD;
sandbox: web driver!= null: True&#xD;
Given action failed. Retrying after a timeout. Most likely UI was not fast enough to refresh itself.&#xD;
sandbox: CleanUpAfterTestRun complete.</StdOut>
      </Output>
    </UnitTestResult>
    <UnitTestResult executionId="1e913f67-661d-47bf-80ad-a4e84799441a" testId="a311a666-095f-1997-b809-dfc342ea9a68" testName="ThrowInRecordedActionCanBeFlagged" computerName="EC2AMAZ-JEOO151" duration="00:00:05.5990000" startTime="2019-07-11T19:43:33.0000000+00:00" endTime="2019-07-11T19:43:39.0000000+00:00" testType="13cdc9d9-ddb5-4fa4-a97d-d965ccfc6d4b" outcome="Passed" testListId="8c84fa94-04c1-424b-9868-57a2d4851a1d" relativeResultsDirectory="1e913f67-661d-47bf-80ad-a4e84799441a">
      <Output>
        <StdOut>sandbox: PrepareForTestRun started.&#xD;
sandbox: football liveStatsApp != null: True &#xD;
sandbox: football liveStatsApp.IsProcessRunning: True &#xD;
sandbox: setupLocalData: localDatabaseProvider != null: True&#xD;
sandbox: applicationPages != null: True&#xD;
sandbox: applicationPages.Webdriver != null: True&#xD;
sandbox: finished setuping local data&#xD;
sandbox: PrepareForTestRun complete.&#xD;
Given Match started with kick off from existing game&#xD;
-&gt; done: SetupGameSteps.GivenMatchStartedWithKickOffButtonFromExistingGame() (3.2s)&#xD;
Given Throw in added for Team 1&#xD;
-&gt; done: ThrowInEditSteps.GivenThrowInAddedForTeam(1) (0.9s)&#xD;
When I click on latest "ThrowIn" event in action log&#xD;
-&gt; done: ActionLogSteps.GivenIClickOnLatestEventInActionLog(ThrowIn) (0.2s)&#xD;
And I click Flag &amp; Save button in action edit form&#xD;
-&gt; done: EditFormSteps.ClickFlagAndSaveInActionEditForm() (0.4s)&#xD;
Then 1 event in action log of type "ThrowIn" is flagged&#xD;
-&gt; done: ActionLogSteps.ThenEventInActionLogOfTypeIsFlagged(1, ThrowIn) (0.0s)&#xD;
sandbox: CleanUpAfterTestRun started.&#xD;
sandbox: application pages != null: True&#xD;
sandbox: web driver!= null: True&#xD;
sandbox: CleanUpAfterTestRun complete.</StdOut>
      </Output>
    </UnitTestResult>
    <UnitTestResult executionId="8c496377-b325-4a27-9b48-45c0fd6c00d5" testId="5e31dc9a-950c-d922-8cfe-dd2082b67a64" testName="FootballSelectVarReason(&quot;Foul&quot;,null)" computerName="EC2AMAZ-JEOO151" duration="00:00:10.2480000" startTime="2019-07-11T18:02:48.0000000+00:00" endTime="2019-07-11T18:02:58.0000000+00:00" testType="13cdc9d9-ddb5-4fa4-a97d-d965ccfc6d4b" outcome="Passed" testListId="8c84fa94-04c1-424b-9868-57a2d4851a1d" relativeResultsDirectory="8c496377-b325-4a27-9b48-45c0fd6c00d5">
      <Output>
        <StdOut>sandbox: PrepareForTestRun started.&#xD;
sandbox: football liveStatsApp != null: True &#xD;
sandbox: football liveStatsApp.IsProcessRunning: True &#xD;
sandbox: setupLocalData: localDatabaseProvider != null: True&#xD;
sandbox: applicationPages != null: True&#xD;
sandbox: applicationPages.Webdriver != null: True&#xD;
sandbox: finished setuping local data&#xD;
sandbox: PrepareForTestRun complete.&#xD;
Given Match started with kick off from existing game&#xD;
-&gt; done: SetupGameSteps.GivenMatchStartedWithKickOffButtonFromExistingGame() (3.3s)&#xD;
And I remembered current players on pitch shirt numbers&#xD;
-&gt; done: GoalEditSteps.GivenIRememberCurrentPlayersOnPitch() (1.6s)&#xD;
And I add a goal for team 1 player 4 assisted by player 13&#xD;
Given action failed. Retrying after a timeout.&#xD;
-&gt; done: GoalSteps.GivenIAddAGoalForTeamPlayerAssistedByPlayer(1, 4, 13) (4.0s)&#xD;
And I click goal event in action log&#xD;
-&gt; done: ActionLogSteps.GivenIClickGoalEventInActionLog() (0.3s)&#xD;
When I click "VAR" toggle&#xD;
-&gt; done: EditFormSteps.GivenIClickToggleToEnable() (0.1s)&#xD;
And I click VAR reason button&#xD;
-&gt; done: EditFormSteps.WhenIClickVarReasonButton() (0.0s)&#xD;
And I select VAR reason Foul&#xD;
-&gt; done: EditFormSteps.WhenISelectVarReason("Foul") (0.1s)&#xD;
Then "Foul" VAR reason is selected&#xD;
-&gt; done: EditFormSteps.GivenVarReasonIsSelected("Foul") (0.0s)&#xD;
Then Save button is disabled in action edit form&#xD;
-&gt; done: EditFormSteps.SaveButtonIsDisabled() (0.0s)&#xD;
sandbox: CleanUpAfterTestRun started.&#xD;
sandbox: application pages != null: True&#xD;
sandbox: web driver!= null: True&#xD;
sandbox: CleanUpAfterTestRun complete.</StdOut>
      </Output>
    </UnitTestResult>
    <UnitTestResult executionId="5b6ecac6-ba11-4ce1-9bb7-bd4dc17978b1" testId="3547d335-bf84-997d-85d8-cd3f2300c058" testName="AfterPenaltyRetakeIsPossibleToSelectSamePenaltyOutcome(&quot;Penalty Shot On Target&quot;,null)" computerName="EC2AMAZ-JEOO151" duration="00:00:09.1320000" startTime="2019-07-11T19:00:12.0000000+00:00" endTime="2019-07-11T19:00:21.0000000+00:00" testType="13cdc9d9-ddb5-4fa4-a97d-d965ccfc6d4b" outcome="Passed" testListId="8c84fa94-04c1-424b-9868-57a2d4851a1d" relativeResultsDirectory="5b6ecac6-ba11-4ce1-9bb7-bd4dc17978b1">
      <Output>
        <StdOut>sandbox: PrepareForTestRun started.&#xD;
sandbox: football liveStatsApp != null: True &#xD;
sandbox: football liveStatsApp.IsProcessRunning: True &#xD;
sandbox: setupLocalData: localDatabaseProvider != null: True&#xD;
sandbox: applicationPages != null: True&#xD;
sandbox: applicationPages.Webdriver != null: True&#xD;
sandbox: finished setuping local data&#xD;
sandbox: PrepareForTestRun complete.&#xD;
Given Match started with kick off from existing game&#xD;
-&gt; done: SetupGameSteps.GivenMatchStartedWithKickOffButtonFromExistingGame() (3.3s)&#xD;
Given penalty "Penalty Shot On Target" button is selected for player "16" team "1"&#xD;
-&gt; done: PenaltySteps.GivenPenaltyShotOnTargetButtonIsSelected(16, 1) (4.2s)&#xD;
When I retake penalty&#xD;
-&gt; done: PenaltySteps.WhenIClickButton() (0.3s)&#xD;
And I click "Penalty Shot On Target" Button&#xD;
-&gt; done: PenaltySteps.WhenIClickPenaltyShotOnTargetButton() (0.3s)&#xD;
Then Net preview is shown&#xD;
-&gt; done: NetSectionSteps.ThenNetPreviewIsShown() (0.2s)&#xD;
And penalty retake is available&#xD;
-&gt; done: PenaltySteps.ThenRetakePenaltyButtonIsShown() (0.0s)&#xD;
sandbox: CleanUpAfterTestRun started.&#xD;
sandbox: application pages != null: True&#xD;
sandbox: web driver!= null: True&#xD;
sandbox: CleanUpAfterTestRun complete.</StdOut>
      </Output>
    </UnitTestResult>
    <UnitTestResult executionId="2a20b8a4-248a-4ab0-8ffd-f939571c7a5e" testId="2bae0027-6b69-42b0-a9ea-a6352bed0410" testName="GivenActionRegistered_WhenDeletingFromExpandedActionLog_ThenDeletedPitchLog(Penalty)" computerName="EC2AMAZ-JEOO151" duration="00:00:13.6170000" startTime="2019-07-11T20:18:24.0000000+00:00" endTime="2019-07-11T20:18:37.0000000+00:00" testType="13cdc9d9-ddb5-4fa4-a97d-d965ccfc6d4b" outcome="Passed" testListId="8c84fa94-04c1-424b-9868-57a2d4851a1d" relativeResultsDirectory="2a20b8a4-248a-4ab0-8ffd-f939571c7a5e">
      <Output>
        <StdOut>sandbox: PrepareForTestRun started.&#xD;
sandbox: football liveStatsApp != null: True &#xD;
sandbox: football liveStatsApp.IsProcessRunning: True &#xD;
sandbox: setupLocalData: localDatabaseProvider != null: True&#xD;
sandbox: applicationPages != null: True&#xD;
sandbox: applicationPages.Webdriver != null: True&#xD;
sandbox: finished setuping local data&#xD;
sandbox: PrepareForTestRun complete.&#xD;
Given action failed. Retrying after a timeout.&#xD;
sandbox: CleanUpAfterTestRun started.&#xD;
sandbox: application pages != null: True&#xD;
sandbox: web driver!= null: True&#xD;
sandbox: CleanUpAfterTestRun complete.</StdOut>
      </Output>
    </UnitTestResult>
    <UnitTestResult executionId="cabaceb0-75ba-4c18-a108-f20bead761e0" testId="2aea91a3-6a22-0d67-bb68-7e591be64de1" testName="CorrectRequiredDataIsFilledInGameInformationTab" computerName="EC2AMAZ-JEOO151" duration="00:00:03.0560000" startTime="2019-07-11T17:23:15.0000000+00:00" endTime="2019-07-11T17:23:18.0000000+00:00" testType="13cdc9d9-ddb5-4fa4-a97d-d965ccfc6d4b" outcome="Passed" testListId="8c84fa94-04c1-424b-9868-57a2d4851a1d" relativeResultsDirectory="cabaceb0-75ba-4c18-a108-f20bead761e0">
      <Output>
        <StdOut>sandbox: PrepareForTestRun started.&#xD;
sandbox: football liveStatsApp != null: True &#xD;
sandbox: football liveStatsApp.IsProcessRunning: True &#xD;
sandbox: setupLocalData: localDatabaseProvider != null: True&#xD;
sandbox: applicationPages != null: True&#xD;
sandbox: applicationPages.Webdriver != null: True&#xD;
sandbox: finished setuping local data&#xD;
sandbox: PrepareForTestRun complete.&#xD;
Given Home screen is visible&#xD;
-&gt; done: DashBoardSteps.GivenPrimaryApplicationHomeScreenIsVisible() (0.2s)&#xD;
When I click on enter game details manually&#xD;
-&gt; done: DashBoardSteps.WhenAsPrimaryIClickOnEnterGameDetailsManuallyButton() (0.1s)&#xD;
When I enter Game Number&#xD;
-&gt; done: GameInformationTabSteps.WhenIEnterGameNumber() (0.5s)&#xD;
And I enter Competition&#xD;
-&gt; done: GameInformationTabSteps.WhenIEnterCompetition() (0.5s)&#xD;
And I click Save &amp; Next button&#xD;
-&gt; done: GameSetupSteps.WhenIClickSaveNextButton() (0.1s)&#xD;
Then Teams tab opens&#xD;
-&gt; done: TeamDetailsTabSteps.ThenTeamsTabOpens() (0.2s)&#xD;
sandbox: CleanUpAfterTestRun started.&#xD;
sandbox: application pages != null: True&#xD;
sandbox: web driver!= null: True&#xD;
Given action failed. Retrying after a timeout. Most likely UI was not fast enough to refresh itself.&#xD;
sandbox: CleanUpAfterTestRun complete.</StdOut>
      </Output>
    </UnitTestResult>
    <UnitTestResult executionId="b59f2685-b118-46ca-9def-380f123ee9cb" testId="7f5d3dd7-684a-90e4-a08f-d714debe896f" testName="GivenGameInProgress_WhenStartingCornerWorkflow_ThenScoreboardsStatsAreUpdated(1)" computerName="EC2AMAZ-JEOO151" duration="00:00:04.7330000" startTime="2019-07-11T21:42:26.0000000+00:00" endTime="2019-07-11T21:42:31.0000000+00:00" testType="13cdc9d9-ddb5-4fa4-a97d-d965ccfc6d4b" outcome="Passed" testListId="8c84fa94-04c1-424b-9868-57a2d4851a1d" relativeResultsDirectory="b59f2685-b118-46ca-9def-380f123ee9cb">
      <Output>
        <StdOut>sandbox: PrepareForTestRun started.&#xD;
sandbox: football liveStatsApp != null: True &#xD;
sandbox: football liveStatsApp.IsProcessRunning: True &#xD;
sandbox: setupLocalData: localDatabaseProvider != null: True&#xD;
sandbox: applicationPages != null: True&#xD;
sandbox: applicationPages.Webdriver != null: True&#xD;
sandbox: finished setuping local data&#xD;
sandbox: PrepareForTestRun complete.&#xD;
Given action failed. Retrying after a timeout.&#xD;
sandbox: CleanUpAfterTestRun started.&#xD;
sandbox: application pages != null: True&#xD;
sandbox: web driver!= null: True&#xD;
sandbox: CleanUpAfterTestRun complete.</StdOut>
      </Output>
    </UnitTestResult>
    <UnitTestResult executionId="6d58d161-9220-44af-86d3-aafe53ce6cb7" testId="ccf3aece-10d3-6d53-0976-97791e35a263" testName="DeletingSubBeforeActionFlagsWhenPlayerNotOnPitchAnymore" computerName="EC2AMAZ-JEOO151" duration="00:00:14.1840000" startTime="2019-07-11T19:49:22.0000000+00:00" endTime="2019-07-11T19:49:37.0000000+00:00" testType="13cdc9d9-ddb5-4fa4-a97d-d965ccfc6d4b" outcome="Passed" testListId="8c84fa94-04c1-424b-9868-57a2d4851a1d" relativeResultsDirectory="6d58d161-9220-44af-86d3-aafe53ce6cb7">
      <Output>
        <StdOut>sandbox: PrepareForTestRun started.&#xD;
sandbox: football liveStatsApp != null: True &#xD;
sandbox: football liveStatsApp.IsProcessRunning: True &#xD;
sandbox: setupLocalData: localDatabaseProvider != null: True&#xD;
sandbox: applicationPages != null: True&#xD;
sandbox: applicationPages.Webdriver != null: True&#xD;
sandbox: finished setuping local data&#xD;
sandbox: PrepareForTestRun complete.&#xD;
Given Match started with kick off from existing game&#xD;
-&gt; done: SetupGameSteps.GivenMatchStartedWithKickOffButtonFromExistingGame() (3.4s)&#xD;
And I remembered current players on pitch shirt numbers&#xD;
-&gt; done: GoalEditSteps.GivenIRememberCurrentPlayersOnPitch() (1.5s)&#xD;
Given added substitution for in player "24" and out player "4" in team "1"&#xD;
-&gt; done: SubstitutionEditSteps.GivenIAddSubstitutionForBothTeams(24, 4, 1) (1.5s)&#xD;
And I add a goal for team 1 player 24 assisted by player 8&#xD;
-&gt; done: GoalSteps.GivenIAddAGoalForTeamPlayerAssistedByPlayer(1, 24, 8) (4.0s)&#xD;
When I delete latest "Substitution" action&#xD;
-&gt; done: ActionLogSteps.WhenIDeleteLatestGoal(Substitution) (2.7s)&#xD;
And I click on latest "Goal" event in action log&#xD;
-&gt; done: ActionLogSteps.GivenIClickOnLatestEventInActionLog(Goal) (0.1s)&#xD;
And I click review flags button in game action edit window&#xD;
-&gt; done: EditFormSteps.WhenIClickReviewFlagsButtonInGameActionEditWindow() (0.1s)&#xD;
Then Review action flags dialog opens&#xD;
-&gt; done: EditFormSteps.ThenReviewActionFlagsDialogOpens() (0.0s)&#xD;
And Review action flags dialog contains "1" flags&#xD;
-&gt; done: EditWindowFlagsDropDownSteps.ThenReviewActionDialogContainsFlagsCount(1) (0.0s)&#xD;
And player from team "1" with shirt number "24" is visible with not on pitch in review action flags dialog&#xD;
-&gt; done: EditWindowFlagsDropDownSteps.ThenPlayerNotOnPitchIsVisibleInReviewActionFlagsDialog(1, "24") (0.0s)&#xD;
sandbox: CleanUpAfterTestRun started.&#xD;
sandbox: application pages != null: True&#xD;
sandbox: web driver!= null: True&#xD;
sandbox: CleanUpAfterTestRun complete.</StdOut>
      </Output>
    </UnitTestResult>
    <UnitTestResult executionId="12da4563-ef5c-4bbc-b414-6f8e81c59f15" testId="09b6820e-d566-a7e3-1cf1-813b36fa4fd9" testName="InsertSubstitutionInPeriodBreakIsShownOnPitchPlayer(&quot;after&quot;,&quot;PhaseEnd&quot;,null)" computerName="EC2AMAZ-JEOO151" duration="00:00:11.8320000" startTime="2019-07-11T18:43:28.0000000+00:00" endTime="2019-07-11T18:43:40.0000000+00:00" testType="13cdc9d9-ddb5-4fa4-a97d-d965ccfc6d4b" outcome="Passed" testListId="8c84fa94-04c1-424b-9868-57a2d4851a1d" relativeResultsDirectory="12da4563-ef5c-4bbc-b414-6f8e81c59f15">
      <Output>
        <StdOut>sandbox: PrepareForTestRun started.&#xD;
sandbox: football liveStatsApp != null: True &#xD;
sandbox: football liveStatsApp.IsProcessRunning: True &#xD;
sandbox: setupLocalData: localDatabaseProvider != null: True&#xD;
sandbox: applicationPages != null: True&#xD;
sandbox: applicationPages.Webdriver != null: True&#xD;
sandbox: finished setuping local data&#xD;
sandbox: PrepareForTestRun complete.&#xD;
Given Second period started from existing game&#xD;
-&gt; done: SetupGameSteps.GivenSecondPeriodStartedFromExistingGame() (6.4s)&#xD;
When I click Expand Action log button&#xD;
-&gt; done: ActionLogSteps.WhenIClickExpandActionLogButton() (0.3s)&#xD;
And I insert "Substitute" after "PhaseEnd"&#xD;
-&gt; done: ExpandedActionLogSteps.WhenIInsertActionAfterContainer(Substitute, PhaseEnd) (0.3s)&#xD;
And I click team 1 in edit form&#xD;
-&gt; done: EditFormSteps.WhenIClickTeamInEditForm(1) (0.1s)&#xD;
And I click player with shirt number 24 from "bench" list&#xD;
-&gt; done: SubstitutionEditSteps.WhenIClickPlayerWithShirtNumberFromList(24, "bench") (0.3s)&#xD;
And I click player with shirt number 4 from "pitch" list&#xD;
-&gt; done: SubstitutionEditSteps.WhenIClickPlayerWithShirtNumberFromList(4, "pitch") (0.2s)&#xD;
And I click Save button in action edit form&#xD;
-&gt; done: EditFormSteps.ClickSaveButtonInActionEditForm() (0.6s)&#xD;
And I close expanded action log page&#xD;
-&gt; done: ExpandedActionLogSteps.WhenICloseExpandedActionLogPage() (0.1s)&#xD;
Then Substitution insert view is not visible&#xD;
Failed to find element with query '[data-qa='subsEditWrapper']'. Web driver timeout exception.&#xD;
-&gt; done: SubstitutionEditSteps.ThenSubstitutionEditViewIsNotVisible() (2.1s)&#xD;
And player with shirt number 24 of team 1 is on pitch&#xD;
-&gt; done: PitchPlayersComponentSteps.ThenWithShirtNumberFromTeamIsOnPitch(24, 1) (0.3s)&#xD;
And player with shirt number 4 of team 1 is not on pitch&#xD;
-&gt; done: PitchPlayersComponentSteps.ThenWithShirtNumberFromTeamIsNotOnPitch(4, 1) (0.2s)&#xD;
sandbox: CleanUpAfterTestRun started.&#xD;
sandbox: application pages != null: True&#xD;
sandbox: web driver!= null: True&#xD;
sandbox: CleanUpAfterTestRun complete.</StdOut>
      </Output>
    </UnitTestResult>
    <UnitTestResult executionId="c9dc7f2c-7d9b-4424-9948-cc2eabe64e5f" testId="4bb072d1-c271-3076-df75-b482ce8eb668" testName="FootballSaveCanBeFiltered" computerName="EC2AMAZ-JEOO151" duration="00:00:10.3350000" startTime="2019-07-11T19:31:21.0000000+00:00" endTime="2019-07-11T19:31:31.0000000+00:00" testType="13cdc9d9-ddb5-4fa4-a97d-d965ccfc6d4b" outcome="Passed" testListId="8c84fa94-04c1-424b-9868-57a2d4851a1d" relativeResultsDirectory="c9dc7f2c-7d9b-4424-9948-cc2eabe64e5f">
      <Output>
        <StdOut>sandbox: PrepareForTestRun started.&#xD;
sandbox: football liveStatsApp != null: True &#xD;
sandbox: football liveStatsApp.IsProcessRunning: True &#xD;
sandbox: setupLocalData: localDatabaseProvider != null: True&#xD;
sandbox: applicationPages != null: True&#xD;
sandbox: applicationPages.Webdriver != null: True&#xD;
sandbox: finished setuping local data&#xD;
sandbox: PrepareForTestRun complete.&#xD;
Given Match started with kick off from existing game&#xD;
-&gt; done: SetupGameSteps.GivenMatchStartedWithKickOffButtonFromExistingGame() (3.2s)&#xD;
Given Penalty for Team 1 is registered&#xD;
Given action failed. Retrying after a timeout.&#xD;
-&gt; done: PenaltySteps.GivenPenaltyForTeamIsRegistered(1) (4.4s)&#xD;
And Throw in added for Team 1&#xD;
Given action failed. Retrying after a timeout.&#xD;
-&gt; done: ThrowInEditSteps.GivenThrowInAddedForTeam(1) (0.8s)&#xD;
And Injury for Team 1 player with shirt id 4 is registered&#xD;
-&gt; done: PlayerInjuryEditSteps.GivenInjuryForTeamIsRegistered(1, 4) (0.5s)&#xD;
When I open Expanded Action log&#xD;
-&gt; done: ActionLogSteps.WhenIClickExpandActionLogButton() (0.3s)&#xD;
And I select saves filter&#xD;
-&gt; done: FilterSteps.WhenISelectSavesFilter() (0.1s)&#xD;
Then Expanded action log contains "3" items&#xD;
-&gt; done: ExpandedActionLogSteps.ThenExpandedActionLogContainsItemsCount(3) (0.0s)&#xD;
And Actions are displayed in expanded action log in order:&#xD;
  --- table step argument ---&#xD;
  | expectedType |&#xD;
  | Save by GK   |&#xD;
  | Penalty      |&#xD;
  | Foul         |&#xD;
-&gt; done: ExpandedActionLogSteps.ThenActionsAreDisplayedInActionLogAtPositions(System.Collection...) (0.1s)&#xD;
sandbox: CleanUpAfterTestRun started.&#xD;
sandbox: application pages != null: True&#xD;
sandbox: web driver!= null: True&#xD;
sandbox: CleanUpAfterTestRun complete.</StdOut>
      </Output>
    </UnitTestResult>
    <UnitTestResult executionId="2c5555d6-0789-45c0-b30c-d037b349e541" testId="136e7f3d-755d-7001-de38-18e572aab7a3" testName="GivenGoalKickRegistered_WhenUpdatingGoalKickTeam_ThenChangesColorsAndEnablesSave" computerName="EC2AMAZ-JEOO151" duration="00:00:05.6830000" startTime="2019-07-11T20:32:44.0000000+00:00" endTime="2019-07-11T20:32:49.0000000+00:00" testType="13cdc9d9-ddb5-4fa4-a97d-d965ccfc6d4b" outcome="Passed" testListId="8c84fa94-04c1-424b-9868-57a2d4851a1d" relativeResultsDirectory="2c5555d6-0789-45c0-b30c-d037b349e541">
      <Output>
        <StdOut>sandbox: PrepareForTestRun started.&#xD;
sandbox: football liveStatsApp != null: True &#xD;
sandbox: football liveStatsApp.IsProcessRunning: True &#xD;
sandbox: setupLocalData: localDatabaseProvider != null: True&#xD;
sandbox: applicationPages != null: True&#xD;
sandbox: applicationPages.Webdriver != null: True&#xD;
sandbox: finished setuping local data&#xD;
sandbox: PrepareForTestRun complete.&#xD;
Given action failed. Retrying after a timeout.&#xD;
sandbox: CleanUpAfterTestRun started.&#xD;
sandbox: application pages != null: True&#xD;
sandbox: web driver!= null: True&#xD;
sandbox: CleanUpAfterTestRun complete.</StdOut>
      </Output>
    </UnitTestResult>
    <UnitTestResult executionId="d5064636-43b6-4e32-8324-32824623745f" testId="9a4351fc-01ca-74af-c2b4-21fe7c17c49e" testName="GivenShotRegistered_WhenOpeningEdit_ThenFieldsPresent" computerName="EC2AMAZ-JEOO151" duration="00:00:07.1640000" startTime="2019-07-11T20:43:29.0000000+00:00" endTime="2019-07-11T20:43:37.0000000+00:00" testType="13cdc9d9-ddb5-4fa4-a97d-d965ccfc6d4b" outcome="Failed" testListId="8c84fa94-04c1-424b-9868-57a2d4851a1d" relativeResultsDirectory="d5064636-43b6-4e32-8324-32824623745f">
      <Output>
        <StdOut>sandbox: PrepareForTestRun started.&#xD;
sandbox: football liveStatsApp != null: True &#xD;
sandbox: football liveStatsApp.IsProcessRunning: True &#xD;
sandbox: setupLocalData: localDatabaseProvider != null: True&#xD;
sandbox: applicationPages != null: True&#xD;
sandbox: applicationPages.Webdriver != null: True&#xD;
sandbox: finished setuping local data&#xD;
sandbox: PrepareForTestRun complete.&#xD;
sandbox: CleanUpAfterTestRun started.&#xD;
sandbox: application pages != null: True&#xD;
sandbox: web driver!= null: True&#xD;
sandbox: CleanUpAfterTestRun complete.</StdOut>
        <ErrorInfo>
          <Message>  Expected: True&#xD;
  But was:  False&#xD;
</Message>
          <StackTrace>   at GeniusSports.LiveStats.Football.FunctionalTests.Tests.PitchScreen.ActionEdits.ShotEditTests.GivenShotRegistered_WhenOpeningEdit_ThenFieldsPresent() in C:\GitLab-Runner\builds\wr8MmWYb\0\LiveStats\LiveStats.Football\Source\Test\FunctionalTests\Tests\PitchScreen\ActionEdits\ShotEditTests.cs:line 43&#xD;
</StackTrace>
        </ErrorInfo>
      </Output>
    </UnitTestResult>
    <UnitTestResult executionId="608dde59-85c5-47bf-a8fc-6707e996b606" testId="66aa9436-5b98-6d1a-e6fa-02a00ce7bee7" testName="FootballShotByTeamUpdate" computerName="EC2AMAZ-JEOO151" duration="00:00:12.4330000" startTime="2019-07-11T18:04:20.0000000+00:00" endTime="2019-07-11T18:04:32.0000000+00:00" testType="13cdc9d9-ddb5-4fa4-a97d-d965ccfc6d4b" outcome="Passed" testListId="8c84fa94-04c1-424b-9868-57a2d4851a1d" relativeResultsDirectory="608dde59-85c5-47bf-a8fc-6707e996b606">
      <Output>
        <StdOut>sandbox: PrepareForTestRun started.&#xD;
sandbox: football liveStatsApp != null: True &#xD;
sandbox: football liveStatsApp.IsProcessRunning: True &#xD;
sandbox: setupLocalData: localDatabaseProvider != null: True&#xD;
sandbox: applicationPages != null: True&#xD;
sandbox: applicationPages.Webdriver != null: True&#xD;
sandbox: finished setuping local data&#xD;
sandbox: PrepareForTestRun complete.&#xD;
Given Match started with kick off from existing game&#xD;
-&gt; done: SetupGameSteps.GivenMatchStartedWithKickOffButtonFromExistingGame() (3.3s)&#xD;
And I remembered current players on pitch shirt numbers&#xD;
-&gt; done: GoalEditSteps.GivenIRememberCurrentPlayersOnPitch() (1.6s)&#xD;
And I add a goal for team 1 player 4 assisted by player 13&#xD;
Given action failed. Retrying after a timeout.&#xD;
-&gt; done: GoalSteps.GivenIAddAGoalForTeamPlayerAssistedByPlayer(1, 4, 13) (3.9s)&#xD;
And I click goal event in action log&#xD;
-&gt; done: ActionLogSteps.GivenIClickGoalEventInActionLog() (0.3s)&#xD;
And I click "2" side team in Shot by Team&#xD;
-&gt; done: GoalEditSteps.GivenIClickTeamInShotByTeam(2) (0.2s)&#xD;
Then "shot by team 2" button color is updated to "2" team color&#xD;
-&gt; done: GoalEditSteps.ThenShotByTeam2ColorIsUpdatedToTeamColor(2) (0.0s)&#xD;
And "shot type" button color is updated to "2" team color&#xD;
-&gt; done: GoalEditSteps.ThenShotTypeButtonColorIsUpdatedToTeamColor(2) (0.2s)&#xD;
And "2" team players are visible in Who scored&#xD;
-&gt; done: GoalEditSteps.ThenTeamPlayersAreVisibleInWhoScored(2) (2.1s)&#xD;
And Who Scored player is not selected&#xD;
-&gt; done: GoalEditSteps.ThenWhoScoredPlayerIsNotSelected() (0.1s)&#xD;
And Save button is disabled in action edit form&#xD;
-&gt; done: EditFormSteps.SaveButtonIsDisabled() (0.0s)&#xD;
sandbox: CleanUpAfterTestRun started.&#xD;
sandbox: application pages != null: True&#xD;
sandbox: web driver!= null: True&#xD;
sandbox: CleanUpAfterTestRun complete.</StdOut>
      </Output>
    </UnitTestResult>
    <UnitTestResult executionId="2ecc3abe-5f26-4e82-a277-f7ae541aaef2" testId="7d781c54-ceca-9077-07cb-a72bdd42239c" testName="ShotWorkflowCanBeStartedDuringAnyFreeKickWorkflowStep(&quot;reason&quot;,&quot;2&quot;,null)" computerName="EC2AMAZ-JEOO151" duration="00:00:04.9960000" startTime="2019-07-11T19:26:36.0000000+00:00" endTime="2019-07-11T19:26:41.0000000+00:00" testType="13cdc9d9-ddb5-4fa4-a97d-d965ccfc6d4b" outcome="Passed" testListId="8c84fa94-04c1-424b-9868-57a2d4851a1d" relativeResultsDirectory="2ecc3abe-5f26-4e82-a277-f7ae541aaef2">
      <Output>
        <StdOut>sandbox: PrepareForTestRun started.&#xD;
sandbox: football liveStatsApp != null: True &#xD;
sandbox: football liveStatsApp.IsProcessRunning: True &#xD;
sandbox: setupLocalData: localDatabaseProvider != null: True&#xD;
sandbox: applicationPages != null: True&#xD;
sandbox: applicationPages.Webdriver != null: True&#xD;
sandbox: finished setuping local data&#xD;
sandbox: PrepareForTestRun complete.&#xD;
Given Match started with kick off from existing game&#xD;
-&gt; done: SetupGameSteps.GivenMatchStartedWithKickOffButtonFromExistingGame() (3.3s)&#xD;
Given Free kick for team "2" workflow entered till reason selection&#xD;
-&gt; done: FreeKickSteps.GivenFreeKickForTeamAndWorkflowEnteredTillReasonSelection(2) (0.8s)&#xD;
Then Can register shot for team "2" but not for other&#xD;
-&gt; done: ShotRegistrationSteps.ThenCanRegisterShotForTeamButNotForOther(2) (0.1s)&#xD;
sandbox: CleanUpAfterTestRun started.&#xD;
sandbox: application pages != null: True&#xD;
sandbox: web driver!= null: True&#xD;
sandbox: CleanUpAfterTestRun complete.</StdOut>
      </Output>
    </UnitTestResult>
    <UnitTestResult executionId="2cd6b93a-2d26-41b3-bb18-2eed61e6eb33" testId="ccdf537d-e359-2fb8-a3d5-46b239e45d95" testName="CannotSelectPlayersForSubstitutionWhenAllSubstitutionsAreFinished" computerName="EC2AMAZ-JEOO151" duration="00:00:07.5500000" startTime="2019-07-11T19:27:58.0000000+00:00" endTime="2019-07-11T19:28:06.0000000+00:00" testType="13cdc9d9-ddb5-4fa4-a97d-d965ccfc6d4b" outcome="Passed" testListId="8c84fa94-04c1-424b-9868-57a2d4851a1d" relativeResultsDirectory="2cd6b93a-2d26-41b3-bb18-2eed61e6eb33">
      <Output>
        <StdOut>sandbox: PrepareForTestRun started.&#xD;
sandbox: football liveStatsApp != null: True &#xD;
sandbox: football liveStatsApp.IsProcessRunning: True &#xD;
sandbox: setupLocalData: localDatabaseProvider != null: True&#xD;
sandbox: applicationPages != null: True&#xD;
sandbox: applicationPages.Webdriver != null: True&#xD;
sandbox: finished setuping local data&#xD;
sandbox: PrepareForTestRun complete.&#xD;
Given Match started with kick off from existing game&#xD;
-&gt; done: SetupGameSteps.GivenMatchStartedWithKickOffButtonFromExistingGame() (3.2s)&#xD;
Given started substitution for team "2" in pitch view&#xD;
-&gt; done: SubstitutionSteps.WhenIClickSubBenchButtonInSubstitutionRecord(2) (0.5s)&#xD;
And player "24" for sub in and player "4" for sub out were selected from team "2"&#xD;
-&gt; done: SubstitutionSteps.WhenIChoosePlayerFromTeamForSubIn(24, 4, 2) (0.5s)&#xD;
And player "26" for sub in and player "6" for sub out were selected from team "2"&#xD;
-&gt; done: SubstitutionSteps.WhenIChoosePlayerFromTeamForSubIn(26, 6, 2) (0.5s)&#xD;
And player "25" for sub in and player "5" for sub out were selected from team "2"&#xD;
-&gt; done: SubstitutionSteps.WhenIChoosePlayerFromTeamForSubIn(25, 5, 2) (0.5s)&#xD;
When I click Save button in action edit form&#xD;
-&gt; done: EditFormSteps.ClickSaveButtonInActionEditForm() (0.7s)&#xD;
And I Click "yes" Button in substitution confirm dialog&#xD;
-&gt; done: SubstitutionSteps.WhenIClickYesInConfirmDialogButtonInSubstitutionRecord() (0.3s)&#xD;
And I start substitution for team "2" in pitch view&#xD;
-&gt; done: SubstitutionSteps.WhenIClickSubBenchButtonInSubstitutionRecord(2) (0.1s)&#xD;
Then I cannot select player "23" from team "2" for sub in&#xD;
-&gt; done: SubstitutionSteps.ThenICannotChoosePlayerTeamForSubIn(23, 2) (0.3s)&#xD;
And I cannot select player "3" from team "2" for sub out&#xD;
-&gt; done: SubstitutionSteps.ThenICannotChoosePlayerTeamForSubOut(3, 2) (0.1s)&#xD;
sandbox: CleanUpAfterTestRun started.&#xD;
sandbox: application pages != null: True&#xD;
sandbox: web driver!= null: True&#xD;
sandbox: CleanUpAfterTestRun complete.</StdOut>
      </Output>
    </UnitTestResult>
    <UnitTestResult executionId="0ed6df2a-8c4b-4325-83d3-0372efd02a8b" testId="e802a487-30d6-1fc8-857f-4323778d45f2" testName="GivenSetupFinished_WhenSelectingReadyForKickOff_ThenKickOffIsEnabled(1,ToLeft)" computerName="EC2AMAZ-JEOO151" duration="00:00:10.4520000" startTime="2019-07-11T21:37:03.0000000+00:00" endTime="2019-07-11T21:37:13.0000000+00:00" testType="13cdc9d9-ddb5-4fa4-a97d-d965ccfc6d4b" outcome="Passed" testListId="8c84fa94-04c1-424b-9868-57a2d4851a1d" relativeResultsDirectory="0ed6df2a-8c4b-4325-83d3-0372efd02a8b">
      <Output>
        <StdOut>sandbox: PrepareForTestRun started.&#xD;
sandbox: football liveStatsApp != null: True &#xD;
sandbox: football liveStatsApp.IsProcessRunning: True &#xD;
sandbox: setupLocalData: localDatabaseProvider != null: True&#xD;
sandbox: applicationPages != null: True&#xD;
sandbox: applicationPages.Webdriver != null: True&#xD;
sandbox: finished setuping local data&#xD;
sandbox: PrepareForTestRun complete.&#xD;
sandbox: CleanUpAfterTestRun started.&#xD;
sandbox: application pages != null: True&#xD;
sandbox: web driver!= null: True&#xD;
sandbox: CleanUpAfterTestRun complete.</StdOut>
      </Output>
    </UnitTestResult>
    <UnitTestResult executionId="1264a98d-af72-49fb-83fa-bd4581162776" testId="a1db3b3f-69d4-e99f-3baf-bbe924305764" testName="SkippedAllCardStepsAndConfirmingWontAllowToContinueWorkflow" computerName="EC2AMAZ-JEOO151" duration="00:00:07.9030000" startTime="2019-07-11T18:55:39.0000000+00:00" endTime="2019-07-11T18:55:47.0000000+00:00" testType="13cdc9d9-ddb5-4fa4-a97d-d965ccfc6d4b" outcome="Passed" testListId="8c84fa94-04c1-424b-9868-57a2d4851a1d" relativeResultsDirectory="1264a98d-af72-49fb-83fa-bd4581162776">
      <Output>
        <StdOut>sandbox: PrepareForTestRun started.&#xD;
sandbox: football liveStatsApp != null: True &#xD;
sandbox: football liveStatsApp.IsProcessRunning: True &#xD;
sandbox: setupLocalData: localDatabaseProvider != null: True&#xD;
sandbox: applicationPages != null: True&#xD;
sandbox: applicationPages.Webdriver != null: True&#xD;
sandbox: finished setuping local data&#xD;
sandbox: PrepareForTestRun complete.&#xD;
Given Match started with kick off from existing game&#xD;
-&gt; done: SetupGameSteps.GivenMatchStartedWithKickOffButtonFromExistingGame() (3.3s)&#xD;
When I click on team 1 possible "Yellow"&#xD;
Given action failed. Retrying after a timeout.&#xD;
-&gt; done: TeamActionButtonSteps.StartPossibleCardRegistration(1, Yellow) (0.9s)&#xD;
And I click "Yellow" card button&#xD;
-&gt; done: TeamActionButtonSteps.WhenIClickCardButton("Yellow") (0.1s)&#xD;
And I confirm booking by clicking "Confirm" button&#xD;
-&gt; done: CardSteps.WhenIConfirmActionByClickingButton() (2.3s)&#xD;
And I flag and continue&#xD;
-&gt; done: WorkflowSteps.WhenIFlagAndContinue() (0.2s)&#xD;
And I flag and continue&#xD;
-&gt; done: WorkflowSteps.WhenIFlagAndContinue() (0.2s)&#xD;
And I click on latest "Booking" event in action log&#xD;
-&gt; done: ActionLogSteps.GivenIClickOnLatestEventInActionLog(Booking) (0.2s)&#xD;
Then Card Edit view is visible&#xD;
-&gt; done: CardEditSteps.ThenCardEditViewIsVisible() (0.0s)&#xD;
sandbox: CleanUpAfterTestRun started.&#xD;
sandbox: application pages != null: True&#xD;
sandbox: web driver!= null: True&#xD;
sandbox: CleanUpAfterTestRun complete.</StdOut>
      </Output>
    </UnitTestResult>
    <UnitTestResult executionId="254a7669-32b2-45ac-8970-14a5d85cc6ad" testId="106eebc6-6d29-7cdb-8a0b-513c465d3403" testName="CancellingGoalWorkflowResumesFreeKickWorkflow(&quot;foul on&quot;,&quot;2&quot;,null)" computerName="EC2AMAZ-JEOO151" duration="00:00:07.2980000" startTime="2019-07-11T18:58:34.0000000+00:00" endTime="2019-07-11T18:58:41.0000000+00:00" testType="13cdc9d9-ddb5-4fa4-a97d-d965ccfc6d4b" outcome="Passed" testListId="8c84fa94-04c1-424b-9868-57a2d4851a1d" relativeResultsDirectory="254a7669-32b2-45ac-8970-14a5d85cc6ad">
      <Output>
        <StdOut>sandbox: PrepareForTestRun started.&#xD;
sandbox: football liveStatsApp != null: True &#xD;
sandbox: football liveStatsApp.IsProcessRunning: True &#xD;
sandbox: setupLocalData: localDatabaseProvider != null: True&#xD;
sandbox: applicationPages != null: True&#xD;
sandbox: applicationPages.Webdriver != null: True&#xD;
sandbox: finished setuping local data&#xD;
sandbox: PrepareForTestRun complete.&#xD;
Given Match started with kick off from existing game&#xD;
-&gt; done: SetupGameSteps.GivenMatchStartedWithKickOffButtonFromExistingGame() (3.2s)&#xD;
Given Free kick for team "2" workflow entered till foul on selection&#xD;
-&gt; done: FreeKickSteps.GivenFreeKickForTeamAndWorkflowEnteredTillFoulOnSelection(2) (1.2s)&#xD;
When I click goal for team 2 button&#xD;
-&gt; done: TeamActionButtonSteps.GivenIClickGoalForTeamButton(2) (0.4s)&#xD;
And I Click "back" Button on the pitch screen&#xD;
-&gt; done: WorkflowSteps.WhenIClickBackButton() (0.3s)&#xD;
Then Latest freekick event is in progress&#xD;
-&gt; done: ActionLogSteps.ThenFreekickEventIsNotCompleted() (0.0s)&#xD;
And Current free kick step is foul on selection&#xD;
-&gt; done: FreeKickSteps.ThenCurrentFreeKickStepIsFoulOnSelection() (0.3s)&#xD;
And Latest action in log is of type "FreeKick"&#xD;
-&gt; done: ActionLogSteps.ThenLatestActionIsOfTypeGoal(FreeKick) (0.0s)&#xD;
And Latest action of type "FreeKick" is not flagged&#xD;
-&gt; done: ActionLogSteps.ThenLatestEventInActionLogOfTypeIsNotFlagged(FreeKick) (0.0s)&#xD;
sandbox: CleanUpAfterTestRun started.&#xD;
sandbox: application pages != null: True&#xD;
sandbox: web driver!= null: True&#xD;
sandbox: CleanUpAfterTestRun complete.</StdOut>
      </Output>
    </UnitTestResult>
    <UnitTestResult executionId="ee5de899-c4cc-4784-8af3-5a5d2a83a312" testId="f11de6ce-e725-4373-d40f-3ebfb6a95bbf" testName="GivenGameWithActions_WhenSelectingDifferentTypeFilters_ThenReturnsCorrectOutput" computerName="EC2AMAZ-JEOO151" duration="00:00:32.5340000" startTime="2019-07-11T21:20:26.0000000+00:00" endTime="2019-07-11T21:20:59.0000000+00:00" testType="13cdc9d9-ddb5-4fa4-a97d-d965ccfc6d4b" outcome="Passed" testListId="8c84fa94-04c1-424b-9868-57a2d4851a1d" relativeResultsDirectory="ee5de899-c4cc-4784-8af3-5a5d2a83a312">
      <Output>
        <StdOut>sandbox: PrepareForTestRun started.&#xD;
sandbox: football liveStatsApp != null: True &#xD;
sandbox: football liveStatsApp.IsProcessRunning: True &#xD;
sandbox: setupLocalData: localDatabaseProvider != null: True&#xD;
sandbox: applicationPages != null: True&#xD;
sandbox: applicationPages.Webdriver != null: True&#xD;
sandbox: finished setuping local data&#xD;
sandbox: PrepareForTestRun complete.&#xD;
Given action failed. Retrying after a timeout.&#xD;
Given action failed. Retrying after a timeout.&#xD;
sandbox: CleanUpAfterTestRun started.&#xD;
sandbox: application pages != null: True&#xD;
sandbox: web driver!= null: True&#xD;
sandbox: CleanUpAfterTestRun complete.</StdOut>
      </Output>
    </UnitTestResult>
    <UnitTestResult executionId="80a50522-d831-4cac-8a52-c2db3357b0f0" testId="df380552-b51f-d377-07e5-d589f82514e1" testName="GivenExpandedLog_WhenInsertingCardBeforeForCoach_ThenInsertedCorrectly(Red,&quot;red card&quot;)" computerName="EC2AMAZ-JEOO151" duration="00:00:18.6490000" startTime="2019-07-11T20:48:55.0000000+00:00" endTime="2019-07-11T20:49:14.0000000+00:00" testType="13cdc9d9-ddb5-4fa4-a97d-d965ccfc6d4b" outcome="Passed" testListId="8c84fa94-04c1-424b-9868-57a2d4851a1d" relativeResultsDirectory="80a50522-d831-4cac-8a52-c2db3357b0f0">
      <Output>
        <StdOut>sandbox: PrepareForTestRun started.&#xD;
sandbox: football liveStatsApp != null: True &#xD;
sandbox: football liveStatsApp.IsProcessRunning: True &#xD;
sandbox: setupLocalData: localDatabaseProvider != null: True&#xD;
sandbox: applicationPages != null: True&#xD;
sandbox: applicationPages.Webdriver != null: True&#xD;
sandbox: finished setuping local data&#xD;
sandbox: PrepareForTestRun complete.&#xD;
Failed to find element with query '[data-qa='bookingEditScreen']'. Web driver timeout exception.&#xD;
sandbox: CleanUpAfterTestRun started.&#xD;
sandbox: application pages != null: True&#xD;
sandbox: web driver!= null: True&#xD;
sandbox: CleanUpAfterTestRun complete.</StdOut>
      </Output>
    </UnitTestResult>
    <UnitTestResult executionId="b2fbb326-e690-4e33-a9d3-6a78b463c961" testId="3450bcd4-355e-8a1c-a9b5-c03089af943d" testName="NoOnVARBeforeConfirmingCard(&quot;2&quot;,&quot;Yellow&quot;,&quot;1&quot;,null)" computerName="EC2AMAZ-JEOO151" duration="00:00:06.4990000" startTime="2019-07-11T19:53:10.0000000+00:00" endTime="2019-07-11T19:53:16.0000000+00:00" testType="13cdc9d9-ddb5-4fa4-a97d-d965ccfc6d4b" outcome="Passed" testListId="8c84fa94-04c1-424b-9868-57a2d4851a1d" relativeResultsDirectory="b2fbb326-e690-4e33-a9d3-6a78b463c961">
      <Output>
        <StdOut>sandbox: PrepareForTestRun started.&#xD;
sandbox: football liveStatsApp != null: True &#xD;
sandbox: football liveStatsApp.IsProcessRunning: True &#xD;
sandbox: setupLocalData: localDatabaseProvider != null: True&#xD;
sandbox: applicationPages != null: True&#xD;
sandbox: applicationPages.Webdriver != null: True&#xD;
sandbox: finished setuping local data&#xD;
sandbox: PrepareForTestRun complete.&#xD;
Given Match started with kick off from existing game&#xD;
-&gt; done: SetupGameSteps.GivenMatchStartedWithKickOffButtonFromExistingGame() (3.4s)&#xD;
When I click on team 2 possible "Yellow"&#xD;
-&gt; done: TeamActionButtonSteps.StartPossibleCardRegistration(2, Yellow) (0.6s)&#xD;
And I click "Yellow" card button&#xD;
-&gt; done: TeamActionButtonSteps.WhenIClickCardButton("Yellow") (0.1s)&#xD;
And I click "Possible VAR" button in workflow&#xD;
-&gt; done: WorkflowSteps.WhenIClickPossibleVarButtonInWorkflow() (0.1s)&#xD;
And I click var confirmation "no" button&#xD;
-&gt; done: WorkflowSteps.WhenIClickVarConfirmationButton("no") (0.2s)&#xD;
Then VAR label is shown in Booking event action log&#xD;
-&gt; done: ActionLogSteps.ThenOffenceIsShownInPenaltyEventActionLog("VAR", Booking) (0.3s)&#xD;
And Latest "Booking" event is completed&#xD;
-&gt; done: ActionLogSteps.ThenLatestEventIsConfirmed(Booking) (0.0s)&#xD;
And VAR label of "Booking" event in action log is in team 2 color&#xD;
-&gt; done: ActionLogSteps.ThenSubItemOfEventInActionLogIsInTeamColor("VAR", Booking, 2) (0.1s)&#xD;
And VAR label of "Booking" event in action log contains "Card Overturned" message&#xD;
-&gt; done: ActionLogSteps.ThenSubItemOfEventInActionLogIsInTeamColor("VAR", Booking, "Card Overturned") (0.1s)&#xD;
And Action Buttons are enabled&#xD;
-&gt; done: TeamActionButtonSteps.ThenActionButtonsAreEnabled() (0.7s)&#xD;
sandbox: CleanUpAfterTestRun started.&#xD;
sandbox: application pages != null: True&#xD;
sandbox: web driver!= null: True&#xD;
sandbox: CleanUpAfterTestRun complete.</StdOut>
      </Output>
    </UnitTestResult>
    <UnitTestResult executionId="249ab5a7-0391-4ccf-9f01-253588472055" testId="6ab7ecce-158d-f533-b8f5-4f46b513982c" testName="TeamFiltersNotShowItemsThatAreNotRelatedWithTeams" computerName="EC2AMAZ-JEOO151" duration="00:00:09.6150000" startTime="2019-07-11T19:39:16.0000000+00:00" endTime="2019-07-11T19:39:26.0000000+00:00" testType="13cdc9d9-ddb5-4fa4-a97d-d965ccfc6d4b" outcome="Passed" testListId="8c84fa94-04c1-424b-9868-57a2d4851a1d" relativeResultsDirectory="249ab5a7-0391-4ccf-9f01-253588472055">
      <Output>
        <StdOut>sandbox: PrepareForTestRun started.&#xD;
sandbox: football liveStatsApp != null: True &#xD;
sandbox: football liveStatsApp.IsProcessRunning: True &#xD;
sandbox: setupLocalData: localDatabaseProvider != null: True&#xD;
sandbox: applicationPages != null: True&#xD;
sandbox: applicationPages.Webdriver != null: True&#xD;
sandbox: finished setuping local data&#xD;
sandbox: PrepareForTestRun complete.&#xD;
Given Match started with kick off from existing game&#xD;
-&gt; done: SetupGameSteps.GivenMatchStartedWithKickOffButtonFromExistingGame() (3.2s)&#xD;
Given GoalKick for Team 2 is registered&#xD;
Given action failed. Retrying after a timeout.&#xD;
-&gt; done: GoalKickSteps.GivenGoalKickForTeamIsRegistered(2) (1.1s)&#xD;
And Throw in added for Team 2&#xD;
-&gt; done: ThrowInEditSteps.GivenThrowInAddedForTeam(2) (0.6s)&#xD;
And I finished and proceeded to next phase&#xD;
-&gt; done: PitchClockSteps.WhenIFinishAndProceedToNextPhase() (3.1s)&#xD;
And expanded action log is opened&#xD;
-&gt; done: ActionLogSteps.WhenIClickExpandActionLogButton() (0.3s)&#xD;
When I expand Team filter&#xD;
-&gt; done: FilterSteps.WhenIExpandTeamFilter() (0.1s)&#xD;
And I select team "1" filter&#xD;
-&gt; done: FilterSteps.WhenISelectTeamFilter(1) (0.1s)&#xD;
And I select team "2" filter&#xD;
-&gt; done: FilterSteps.WhenISelectTeamFilter(2) (0.1s)&#xD;
Then Expanded action log contains "3" items&#xD;
-&gt; done: ExpandedActionLogSteps.ThenExpandedActionLogContainsItemsCount(3) (0.0s)&#xD;
And Actions are displayed in expanded action log in order:&#xD;
  --- table step argument ---&#xD;
  | expectedType |&#xD;
  | Throw In     |&#xD;
  | Goal Kick    |&#xD;
  | Kick Off     |&#xD;
-&gt; done: ExpandedActionLogSteps.ThenActionsAreDisplayedInActionLogAtPositions(System.Collection...) (0.1s)&#xD;
sandbox: CleanUpAfterTestRun started.&#xD;
sandbox: application pages != null: True&#xD;
sandbox: web driver!= null: True&#xD;
sandbox: CleanUpAfterTestRun complete.</StdOut>
      </Output>
    </UnitTestResult>
    <UnitTestResult executionId="63fec24b-8dd5-4473-9535-1eab174c8f6d" testId="bf2dc78c-88ba-67d1-89ae-08056cb8aeee" testName="MandatoryFieldsAreHighlightedWhenMissingData" computerName="EC2AMAZ-JEOO151" duration="00:00:04.7460000" startTime="2019-07-11T17:38:35.0000000+00:00" endTime="2019-07-11T17:38:40.0000000+00:00" testType="13cdc9d9-ddb5-4fa4-a97d-d965ccfc6d4b" outcome="Passed" testListId="8c84fa94-04c1-424b-9868-57a2d4851a1d" relativeResultsDirectory="63fec24b-8dd5-4473-9535-1eab174c8f6d">
      <Output>
        <StdOut>sandbox: PrepareForTestRun started.&#xD;
sandbox: football liveStatsApp != null: True &#xD;
sandbox: football liveStatsApp.IsProcessRunning: True &#xD;
sandbox: setupLocalData: localDatabaseProvider != null: True&#xD;
sandbox: applicationPages != null: True&#xD;
sandbox: applicationPages.Webdriver != null: True&#xD;
sandbox: finished setuping local data&#xD;
sandbox: PrepareForTestRun complete.&#xD;
Given I am in players tab&#xD;
-&gt; done: PlayersTabSteps.GivenIAmInPlayersTab() (3.0s)&#xD;
When I set player 1 of team 1 as playing&#xD;
-&gt; done: PlayersTabSteps.WhenISetPlayerOfTeamAsPlaying(1, 1) (0.1s)&#xD;
Then "No.", "First Name", "Last Name" for player 1 of team 1 are highligthed&#xD;
-&gt; done: PlayersTabSteps.ThenNumberFirstNameAndLastNameForPlayerAreHighligthed(1, 1) (0.2s)&#xD;
sandbox: CleanUpAfterTestRun started.&#xD;
sandbox: application pages != null: True&#xD;
sandbox: web driver!= null: True&#xD;
Given action failed. Retrying after a timeout. Most likely UI was not fast enough to refresh itself.&#xD;
sandbox: CleanUpAfterTestRun complete.</StdOut>
      </Output>
    </UnitTestResult>
    <UnitTestResult executionId="592c9188-275c-4d2d-bc0b-b05e33bb2f08" testId="129c09dd-f9d3-efe4-4715-b19b9b95240b" testName="EditAddedMinutes" computerName="EC2AMAZ-JEOO151" duration="00:00:07.3090000" startTime="2019-07-11T17:52:01.0000000+00:00" endTime="2019-07-11T17:52:08.0000000+00:00" testType="13cdc9d9-ddb5-4fa4-a97d-d965ccfc6d4b" outcome="Passed" testListId="8c84fa94-04c1-424b-9868-57a2d4851a1d" relativeResultsDirectory="592c9188-275c-4d2d-bc0b-b05e33bb2f08">
      <Output>
        <StdOut>sandbox: PrepareForTestRun started.&#xD;
sandbox: football liveStatsApp != null: True &#xD;
sandbox: football liveStatsApp.IsProcessRunning: True &#xD;
sandbox: setupLocalData: localDatabaseProvider != null: True&#xD;
sandbox: applicationPages != null: True&#xD;
sandbox: applicationPages.Webdriver != null: True&#xD;
sandbox: finished setuping local data&#xD;
sandbox: PrepareForTestRun complete.&#xD;
Given Match started with kick off from existing game&#xD;
-&gt; done: SetupGameSteps.GivenMatchStartedWithKickOffButtonFromExistingGame() (3.6s)&#xD;
And Clock minutes value is set to "44"&#xD;
-&gt; done: PitchClockSteps.WhenISetClockMinutesValueTo(44) (1.6s)&#xD;
And "time input" value is set to "3" on the clock&#xD;
-&gt; done: PitchClockSteps.WhenISetTimeInputValueTo(3) (0.1s)&#xD;
And "Add Time" button on the clock is clicked&#xD;
-&gt; done: PitchClockSteps.GivenIClickAddTimeButtonOnTheClock() (0.1s)&#xD;
When I click on latest "InjuryTime" event in action log&#xD;
-&gt; done: ActionLogSteps.GivenIClickOnLatestEventInActionLog(InjuryTime) (0.2s)&#xD;
And I change added minutes value to 8&#xD;
-&gt; done: AddedTimeEditSteps.WhenIChangeAddedMinutesValueTo(8) (0.1s)&#xD;
And I click Save button in action edit form&#xD;
-&gt; done: EditFormSteps.ClickSaveButtonInActionEditForm() (0.6s)&#xD;
Then "Added time +8" is contained in clock header&#xD;
-&gt; done: PitchClockSteps.ThenIsContainedInClockHeader("Added time +8") (0.1s)&#xD;
And added time action in log is changed to 8&#xD;
-&gt; done: ActionLogSteps.ThenAddedTimeActionInLogIsChangedTo(8) (0.1s)&#xD;
sandbox: CleanUpAfterTestRun started.&#xD;
sandbox: application pages != null: True&#xD;
sandbox: web driver!= null: True&#xD;
sandbox: CleanUpAfterTestRun complete.</StdOut>
      </Output>
    </UnitTestResult>
    <UnitTestResult executionId="6958c6e2-136d-4d54-9917-d27415b94c08" testId="e6da396d-9f54-a041-f842-a1a240f9a822" testName="GivenInterruption_WhenRecordingSub_ThenInterruptionNotCanceled" computerName="EC2AMAZ-JEOO151" duration="00:00:11.5170000" startTime="2019-07-11T21:28:54.0000000+00:00" endTime="2019-07-11T21:29:05.0000000+00:00" testType="13cdc9d9-ddb5-4fa4-a97d-d965ccfc6d4b" outcome="Passed" testListId="8c84fa94-04c1-424b-9868-57a2d4851a1d" relativeResultsDirectory="6958c6e2-136d-4d54-9917-d27415b94c08">
      <Output>
        <StdOut>sandbox: PrepareForTestRun started.&#xD;
sandbox: football liveStatsApp != null: True &#xD;
sandbox: football liveStatsApp.IsProcessRunning: True &#xD;
sandbox: setupLocalData: localDatabaseProvider != null: True&#xD;
sandbox: applicationPages != null: True&#xD;
sandbox: applicationPages.Webdriver != null: True&#xD;
sandbox: finished setuping local data&#xD;
sandbox: PrepareForTestRun complete.&#xD;
sandbox: CleanUpAfterTestRun started.&#xD;
sandbox: application pages != null: True&#xD;
sandbox: web driver!= null: True&#xD;
sandbox: CleanUpAfterTestRun complete.</StdOut>
      </Output>
    </UnitTestResult>
    <UnitTestResult executionId="95b3eb76-cb35-4319-818f-44b6269129e0" testId="b2016798-b691-4b85-b0ca-780151f458b4" testName="CancelCornerInsert" computerName="EC2AMAZ-JEOO151" duration="00:00:12.9620000" startTime="2019-07-11T18:11:36.0000000+00:00" endTime="2019-07-11T18:11:49.0000000+00:00" testType="13cdc9d9-ddb5-4fa4-a97d-d965ccfc6d4b" outcome="Passed" testListId="8c84fa94-04c1-424b-9868-57a2d4851a1d" relativeResultsDirectory="95b3eb76-cb35-4319-818f-44b6269129e0">
      <Output>
        <StdOut>sandbox: PrepareForTestRun started.&#xD;
sandbox: football liveStatsApp != null: True &#xD;
sandbox: football liveStatsApp.IsProcessRunning: True &#xD;
sandbox: setupLocalData: localDatabaseProvider != null: True&#xD;
sandbox: applicationPages != null: True&#xD;
sandbox: applicationPages.Webdriver != null: True&#xD;
sandbox: finished setuping local data&#xD;
sandbox: PrepareForTestRun complete.&#xD;
Given Match started with kick off from existing game&#xD;
-&gt; done: SetupGameSteps.GivenMatchStartedWithKickOffButtonFromExistingGame() (3.3s)&#xD;
And "Yellow" Card for Team 1 is registered&#xD;
-&gt; done: CardSteps.GivenCardForTeamIsRegistered(Yellow, 1) (3.4s)&#xD;
And Throw in added for Team 1&#xD;
Given action failed. Retrying after a timeout.&#xD;
-&gt; done: ThrowInEditSteps.GivenThrowInAddedForTeam(1) (0.9s)&#xD;
And I clicked on latest "ThrowIn" event in action log&#xD;
-&gt; done: ActionLogSteps.GivenIClickOnLatestEventInActionLog(ThrowIn) (0.3s)&#xD;
And I entered new conceded event time of "0030"&#xD;
-&gt; done: EditFormSteps.GivenIEnterNewConcededEventTimeOf("0030") (1.0s)&#xD;
And I clicked Save button in action edit form&#xD;
-&gt; done: EditFormSteps.ClickSaveButtonInActionEditForm() (0.6s)&#xD;
When I click Expand Action log button&#xD;
-&gt; done: ActionLogSteps.WhenIClickExpandActionLogButton() (0.1s)&#xD;
And I insert "Corner" after last action in expanded action log&#xD;
-&gt; done: ExpandedActionLogSteps.WhenIInsertPenaltyAfterLastActionInExpandedActionLog(Corner) (0.3s)&#xD;
And I Click "cancel" Button in insert window&#xD;
-&gt; done: EditFormSteps.GivenIClickCancelButton() (0.1s)&#xD;
Then corner insert view is not visible&#xD;
Failed to find element with query '[data-qa='cornerInEditScreen']'. Web driver timeout exception.&#xD;
-&gt; done: CornerEditSteps.ThenCornerInsertViewIsNotVisible() (2.1s)&#xD;
And "Throw in" Action is displayed at 1 in expanded action log&#xD;
-&gt; done: ExpandedActionLogSteps.ThenGoalActionIsDisplayedAtInExpandedActionLog("Throw in", 1) (0.0s)&#xD;
And "Yellow Card" Action is displayed at 2 in expanded action log&#xD;
-&gt; done: ExpandedActionLogSteps.ThenGoalActionIsDisplayedAtInExpandedActionLog("Yellow Card", 2) (0.0s)&#xD;
And "Kick Off" Action is displayed at 3 in expanded action log&#xD;
-&gt; done: ExpandedActionLogSteps.ThenGoalActionIsDisplayedAtInExpandedActionLog("Kick Off", 3) (0.0s)&#xD;
sandbox: CleanUpAfterTestRun started.&#xD;
sandbox: application pages != null: True&#xD;
sandbox: web driver!= null: True&#xD;
sandbox: CleanUpAfterTestRun complete.</StdOut>
      </Output>
    </UnitTestResult>
    <UnitTestResult executionId="f8d931b0-9284-4c8b-9d0f-889bcd7c2488" testId="108c5f7e-0dba-4e66-e3bd-8edfba8f7c27" testName="FootballOpenShotType" computerName="EC2AMAZ-JEOO151" duration="00:00:10.3010000" startTime="2019-07-11T18:00:54.0000000+00:00" endTime="2019-07-11T18:01:04.0000000+00:00" testType="13cdc9d9-ddb5-4fa4-a97d-d965ccfc6d4b" outcome="Passed" testListId="8c84fa94-04c1-424b-9868-57a2d4851a1d" relativeResultsDirectory="f8d931b0-9284-4c8b-9d0f-889bcd7c2488">
      <Output>
        <StdOut>sandbox: PrepareForTestRun started.&#xD;
sandbox: football liveStatsApp != null: True &#xD;
sandbox: football liveStatsApp.IsProcessRunning: True &#xD;
sandbox: setupLocalData: localDatabaseProvider != null: True&#xD;
sandbox: applicationPages != null: True&#xD;
sandbox: applicationPages.Webdriver != null: True&#xD;
sandbox: finished setuping local data&#xD;
sandbox: PrepareForTestRun complete.&#xD;
Given Match started with kick off from existing game&#xD;
-&gt; done: SetupGameSteps.GivenMatchStartedWithKickOffButtonFromExistingGame() (3.2s)&#xD;
And I remembered current players on pitch shirt numbers&#xD;
-&gt; done: GoalEditSteps.GivenIRememberCurrentPlayersOnPitch() (1.6s)&#xD;
Given I add a goal for team 1 player 4 assisted by player 13&#xD;
Given action failed. Retrying after a timeout.&#xD;
-&gt; done: GoalSteps.GivenIAddAGoalForTeamPlayerAssistedByPlayer(1, 4, 13) (3.9s)&#xD;
And I click goal event in action log&#xD;
-&gt; done: ActionLogSteps.GivenIClickGoalEventInActionLog() (0.3s)&#xD;
When I click "shot type" button in goal edit window&#xD;
-&gt; done: GoalEditSteps.GivenIClickShotTypeButton() (0.0s)&#xD;
Then expanded shot type "Right Foot" button is visible&#xD;
-&gt; done: ExpandedShotTypeDialogSteps.ThenExpandedShotTypeButtonIsVisible("Right Foot") (0.2s)&#xD;
And expanded shot type "Left Foot" button is visible&#xD;
-&gt; done: ExpandedShotTypeDialogSteps.ThenExpandedShotTypeButtonIsVisible("Left Foot") (0.1s)&#xD;
And expanded shot type "Head" button is visible&#xD;
-&gt; done: ExpandedShotTypeDialogSteps.ThenExpandedShotTypeButtonIsVisible("Head") (0.1s)&#xD;
And expanded shot type "Other" button is visible&#xD;
-&gt; done: ExpandedShotTypeDialogSteps.ThenExpandedShotTypeButtonIsVisible("Other") (0.1s)&#xD;
sandbox: CleanUpAfterTestRun started.&#xD;
sandbox: application pages != null: True&#xD;
sandbox: web driver!= null: True&#xD;
sandbox: CleanUpAfterTestRun complete.</StdOut>
      </Output>
    </UnitTestResult>
    <UnitTestResult executionId="74c2c3fd-0a4c-445b-b9de-e76d41b626a4" testId="a26c62bc-0b62-3cf0-fbc6-41bf9d15ef61" testName="CanProceedWithFilledOfficialData" computerName="EC2AMAZ-JEOO151" duration="00:00:03.7770000" startTime="2019-07-11T17:23:08.0000000+00:00" endTime="2019-07-11T17:23:12.0000000+00:00" testType="13cdc9d9-ddb5-4fa4-a97d-d965ccfc6d4b" outcome="Passed" testListId="8c84fa94-04c1-424b-9868-57a2d4851a1d" relativeResultsDirectory="74c2c3fd-0a4c-445b-b9de-e76d41b626a4">
      <Output>
        <StdOut>sandbox: PrepareForTestRun started.&#xD;
sandbox: football liveStatsApp != null: True &#xD;
sandbox: football liveStatsApp.IsProcessRunning: True &#xD;
sandbox: setupLocalData: localDatabaseProvider != null: True&#xD;
sandbox: applicationPages != null: True&#xD;
sandbox: applicationPages.Webdriver != null: True&#xD;
sandbox: finished setuping local data&#xD;
sandbox: PrepareForTestRun complete.&#xD;
Given Home screen is visible&#xD;
-&gt; done: DashBoardSteps.GivenPrimaryApplicationHomeScreenIsVisible() (0.2s)&#xD;
When I click on enter game details manually&#xD;
-&gt; done: DashBoardSteps.WhenAsPrimaryIClickOnEnterGameDetailsManuallyButton() (0.1s)&#xD;
When mandatory game fields "Game Number", "Competition" and "Date &amp; Time" are filled&#xD;
-&gt; done: GameInformationTabSteps.GivenMandatoryGameFieldsAndAreFilled() (0.8s)&#xD;
And referee data is filled&#xD;
-&gt; done: GameInformationTabSteps.WhenRefereeDataIsFilled() (0.9s)&#xD;
And I click Save &amp; Next button&#xD;
-&gt; done: GameSetupSteps.WhenIClickSaveNextButton() (0.1s)&#xD;
Then Teams tab opens&#xD;
-&gt; done: TeamDetailsTabSteps.ThenTeamsTabOpens() (0.2s)&#xD;
sandbox: CleanUpAfterTestRun started.&#xD;
sandbox: application pages != null: True&#xD;
sandbox: web driver!= null: True&#xD;
Given action failed. Retrying after a timeout. Most likely UI was not fast enough to refresh itself.&#xD;
sandbox: CleanUpAfterTestRun complete.</StdOut>
      </Output>
    </UnitTestResult>
    <UnitTestResult executionId="344b6027-941e-4126-9a87-c0a3ead6d4a5" testId="fc2c6f79-5254-f419-3058-da0213584ee8" testName="DoNotConfirmCardColorCard(&quot;Red&quot;,&quot;Red&quot;,null)" computerName="EC2AMAZ-JEOO151" duration="00:00:09.3160000" startTime="2019-07-11T18:54:41.0000000+00:00" endTime="2019-07-11T18:54:51.0000000+00:00" testType="13cdc9d9-ddb5-4fa4-a97d-d965ccfc6d4b" outcome="Passed" testListId="8c84fa94-04c1-424b-9868-57a2d4851a1d" relativeResultsDirectory="344b6027-941e-4126-9a87-c0a3ead6d4a5">
      <Output>
        <StdOut>sandbox: PrepareForTestRun started.&#xD;
sandbox: football liveStatsApp != null: True &#xD;
sandbox: football liveStatsApp.IsProcessRunning: True &#xD;
sandbox: setupLocalData: localDatabaseProvider != null: True&#xD;
sandbox: applicationPages != null: True&#xD;
sandbox: applicationPages.Webdriver != null: True&#xD;
sandbox: finished setuping local data&#xD;
sandbox: PrepareForTestRun complete.&#xD;
Given Match started with kick off from existing game&#xD;
-&gt; done: SetupGameSteps.GivenMatchStartedWithKickOffButtonFromExistingGame() (3.3s)&#xD;
When I click on team 2 possible "Red"&#xD;
-&gt; done: TeamActionButtonSteps.StartPossibleCardRegistration(2, Red) (0.6s)&#xD;
And I click "Red" card button&#xD;
-&gt; done: TeamActionButtonSteps.WhenIClickCardButton("Red") (0.1s)&#xD;
And I dont confirm booking by clicking "Cancel &amp; Delete" button&#xD;
-&gt; done: CardSteps.WhenIDontConfirmActionByClickingButton() (0.1s)&#xD;
And I confirm booking deletion&#xD;
-&gt; done: CardSteps.WhenIConfirmActionDeletion() (0.2s)&#xD;
Then card event is deleted in Action log&#xD;
-&gt; done: ActionLogSteps.ThenCardEventIsDeletedInActionLog() (2.1s)&#xD;
And Pitch View is shown&#xD;
-&gt; done: PitchScreenSteps.PitchViewIsShown() (0.0s)&#xD;
And Red line removed from player with shirt id 1 of team 2&#xD;
Failed to find element with query 'redCardIndicator' under parent. No such element exception.&#xD;
-&gt; done: PitchPlayersComponentSteps.ThenYellowLineRemovedFromPlayerWithShirtIdOfTeam(Red, 1, 2) (2.1s)&#xD;
sandbox: CleanUpAfterTestRun started.&#xD;
sandbox: application pages != null: True&#xD;
sandbox: web driver!= null: True&#xD;
sandbox: CleanUpAfterTestRun complete.</StdOut>
      </Output>
    </UnitTestResult>
    <UnitTestResult executionId="32fcf0be-232d-4109-8535-156a31b48b06" testId="81c40695-ebb0-552c-41ea-cfec76fbe255" testName="GivenGameWithInjuryInFirstHalf_WhenEditingInjuryWhileInSecondHalf_ThenCanSaveData" computerName="EC2AMAZ-JEOO151" duration="00:00:12.7730000" startTime="2019-07-11T20:33:12.0000000+00:00" endTime="2019-07-11T20:33:25.0000000+00:00" testType="13cdc9d9-ddb5-4fa4-a97d-d965ccfc6d4b" outcome="Passed" testListId="8c84fa94-04c1-424b-9868-57a2d4851a1d" relativeResultsDirectory="32fcf0be-232d-4109-8535-156a31b48b06">
      <Output>
        <StdOut>sandbox: PrepareForTestRun started.&#xD;
sandbox: football liveStatsApp != null: True &#xD;
sandbox: football liveStatsApp.IsProcessRunning: True &#xD;
sandbox: setupLocalData: localDatabaseProvider != null: True&#xD;
sandbox: applicationPages != null: True&#xD;
sandbox: applicationPages.Webdriver != null: True&#xD;
sandbox: finished setuping local data&#xD;
sandbox: PrepareForTestRun complete.&#xD;
Failed to find element with query '[data-qa='InjuryEditPage']'. Web driver timeout exception.&#xD;
sandbox: CleanUpAfterTestRun started.&#xD;
sandbox: application pages != null: True&#xD;
sandbox: web driver!= null: True&#xD;
sandbox: CleanUpAfterTestRun complete.</StdOut>
      </Output>
    </UnitTestResult>
    <UnitTestResult executionId="d3a6de9c-b044-4796-8cba-f3b51343c6da" testId="ac3b5310-4ae4-6bcd-da18-a84a70a846f0" testName="ChangeTeamWithZoneAndLocation" computerName="EC2AMAZ-JEOO151" duration="00:00:08.0300000" startTime="2019-07-11T17:51:27.0000000+00:00" endTime="2019-07-11T17:51:35.0000000+00:00" testType="13cdc9d9-ddb5-4fa4-a97d-d965ccfc6d4b" outcome="Passed" testListId="8c84fa94-04c1-424b-9868-57a2d4851a1d" relativeResultsDirectory="d3a6de9c-b044-4796-8cba-f3b51343c6da">
      <Output>
        <StdOut>sandbox: PrepareForTestRun started.&#xD;
sandbox: football liveStatsApp != null: True &#xD;
sandbox: football liveStatsApp.IsProcessRunning: True &#xD;
sandbox: setupLocalData: localDatabaseProvider != null: True&#xD;
sandbox: applicationPages != null: True&#xD;
sandbox: applicationPages.Webdriver != null: True&#xD;
sandbox: finished setuping local data&#xD;
sandbox: PrepareForTestRun complete.&#xD;
Given Match started with kick off from existing game&#xD;
-&gt; done: SetupGameSteps.GivenMatchStartedWithKickOffButtonFromExistingGame() (3.2s)&#xD;
And "Top right" corner added for Team 1&#xD;
Given action failed. Retrying after a timeout.&#xD;
-&gt; done: CornerSteps.GivenCornerAddedForTeam("Top right", 1) (3.3s)&#xD;
Given I clicked on latest "Corner" event in action log&#xD;
-&gt; done: ActionLogSteps.GivenIClickOnLatestEventInActionLog(Corner) (0.2s)&#xD;
And I click Team 2 in edit screen&#xD;
-&gt; done: EditFormSteps.GivenIClickTeamInEditScreen(2) (0.1s)&#xD;
And I click "top left" corner of the pitch&#xD;
-&gt; done: CornerSteps.GivenIClickCornerOfThePitch("top left") (0.1s)&#xD;
And I click edit Corner taken Location button&#xD;
-&gt; done: CornerEditSteps.GivenIClickEditCornerTakenLocationButton() (0.1s)&#xD;
And I click on expanded pitch view x 50 y 50 in corner edit workflow&#xD;
-&gt; done: CornerEditSteps.GivenIClickOnExpandedPitchViewXYInCornerEditWorkflow(50, 50) (0.1s)&#xD;
And I Click "Save" Button on expanded pitch view&#xD;
-&gt; done: ExpandedPitchPositionDialogSteps.GivenIClickButtonOnExpandedPitchInCornerEditWorkflow("Save") (0.1s)&#xD;
Then "Save" of edit screen is enabled&#xD;
-&gt; done: EditFormSteps.ThenOfEditScreenIsEnabled() (0.0s)&#xD;
sandbox: CleanUpAfterTestRun started.&#xD;
sandbox: application pages != null: True&#xD;
sandbox: web driver!= null: True&#xD;
sandbox: CleanUpAfterTestRun complete.</StdOut>
      </Output>
    </UnitTestResult>
    <UnitTestResult executionId="27d0eeff-01a3-47c3-8891-5130b0322b4d" testId="c66bcd80-3373-f3fc-60a9-aa983c1c6327" testName="InsertedFreeKickIsPresentedInEditForm(&quot;offence&quot;,&quot;Offence&quot;,null)" computerName="EC2AMAZ-JEOO151" duration="00:00:15.8660000" startTime="2019-07-11T18:13:54.0000000+00:00" endTime="2019-07-11T18:14:10.0000000+00:00" testType="13cdc9d9-ddb5-4fa4-a97d-d965ccfc6d4b" outcome="Passed" testListId="8c84fa94-04c1-424b-9868-57a2d4851a1d" relativeResultsDirectory="27d0eeff-01a3-47c3-8891-5130b0322b4d">
      <Output>
        <StdOut>sandbox: PrepareForTestRun started.&#xD;
sandbox: football liveStatsApp != null: True &#xD;
sandbox: football liveStatsApp.IsProcessRunning: True &#xD;
sandbox: setupLocalData: localDatabaseProvider != null: True&#xD;
sandbox: applicationPages != null: True&#xD;
sandbox: applicationPages.Webdriver != null: True&#xD;
sandbox: finished setuping local data&#xD;
sandbox: PrepareForTestRun complete.&#xD;
Given Match started with kick off from existing game&#xD;
-&gt; done: SetupGameSteps.GivenMatchStartedWithKickOffButtonFromExistingGame() (3.2s)&#xD;
And "Yellow" Card for Team 1 is registered&#xD;
-&gt; done: CardSteps.GivenCardForTeamIsRegistered(Yellow, 1) (3.5s)&#xD;
And Throw in added for Team 1&#xD;
Given action failed. Retrying after a timeout.&#xD;
-&gt; done: ThrowInEditSteps.GivenThrowInAddedForTeam(1) (0.8s)&#xD;
And I clicked on latest "ThrowIn" event in action log&#xD;
-&gt; done: ActionLogSteps.GivenIClickOnLatestEventInActionLog(ThrowIn) (0.2s)&#xD;
And I entered new conceded event time of "0030"&#xD;
-&gt; done: EditFormSteps.GivenIEnterNewConcededEventTimeOf("0030") (1.0s)&#xD;
And I clicked Save button in action edit form&#xD;
-&gt; done: EditFormSteps.ClickSaveButtonInActionEditForm() (0.6s)&#xD;
When I click Expand Action log button&#xD;
-&gt; done: ActionLogSteps.WhenIClickExpandActionLogButton() (0.1s)&#xD;
And I insert "FreeKick" after last action in expanded action log&#xD;
-&gt; done: ExpandedActionLogSteps.WhenIInsertPenaltyAfterLastActionInExpandedActionLog(FreeKick) (0.3s)&#xD;
And I enter new conceded event time of "0035"&#xD;
-&gt; done: EditFormSteps.GivenIEnterNewConcededEventTimeOf("0035") (1.0s)&#xD;
And I enter new taken event time of "0036"&#xD;
-&gt; done: EditFormSteps.GivenIEnterNewTakenEventTimeOf("0036") (1.0s)&#xD;
And I click "offence" reason in free kick page&#xD;
-&gt; done: FreeKickEditSteps.WhenIClickButtonInExpandedFreeKickReasonsDialog("offence") (0.1s)&#xD;
And I click Team 1 in edit screen&#xD;
-&gt; done: EditFormSteps.GivenIClickTeamInEditScreen(1) (0.1s)&#xD;
And I click fouled on player by shirt number 10 in freekick edit&#xD;
-&gt; done: FreeKickEditSteps.WhenIClickFouledOnPlayerInFreekickEdit(10) (0.4s)&#xD;
And I click fouled by player by shirt number 6 in freekick edit&#xD;
-&gt; done: FreeKickEditSteps.WhenIClickFouledByPlayerInFreekickEdit(6) (0.4s)&#xD;
And I click "Set" button for Free Kick location&#xD;
-&gt; done: FreeKickEditSteps.WhenIClickButtonForFreeKickLocation() (0.1s)&#xD;
And I click on expanded pitch view x 75 y 25&#xD;
-&gt; done: ExpandedPitchPositionDialogSteps.GivenIClickOnExpandedPitchViewXY(75, 25) (0.1s)&#xD;
And I click "Proceed" button on expanded pitch view&#xD;
-&gt; done: ExpandedPitchPositionDialogSteps.GivenIClickButtonOnExpandedPitchView("Proceed") (0.1s)&#xD;
And I click "Set" button for Ball Landing location in freekick edit&#xD;
-&gt; done: FreeKickEditSteps.WhenIClickButtonForBallLandingLocationInFreekickEdit() (0.1s)&#xD;
And I click on expanded pitch view x 80 y 10&#xD;
-&gt; done: ExpandedPitchPositionDialogSteps.GivenIClickOnExpandedPitchViewXY(80, 10) (0.1s)&#xD;
And I click "Proceed" button on expanded pitch view&#xD;
-&gt; done: ExpandedPitchPositionDialogSteps.GivenIClickButtonOnExpandedPitchView("Proceed") (0.1s)&#xD;
And I click Save button in action edit form&#xD;
-&gt; done: EditFormSteps.ClickSaveButtonInActionEditForm() (0.6s)&#xD;
And I close expanded action log page&#xD;
-&gt; done: ExpandedActionLogSteps.WhenICloseExpandedActionLogPage() (0.1s)&#xD;
And I click on latest "Freekick" event in action log&#xD;
-&gt; done: ActionLogSteps.GivenIClickOnLatestEventInActionLog(FreeKick) (0.2s)&#xD;
Then Free Kick Edit view is visible&#xD;
-&gt; done: FreeKickEditSteps.ThenFreeKickEditViewIsVisible() (0.1s)&#xD;
And "Edit time" of action edit page is "0035"&#xD;
-&gt; done: EditFormSteps.ThenEditTimeOfActionEditPageIs("0035") (0.1s)&#xD;
And "Taken time" of action edit page is "0036"&#xD;
-&gt; done: EditFormSteps.ThenOfActionEditPageIs("0036") (0.1s)&#xD;
And Team 1 of edit screen is selected&#xD;
-&gt; done: EditFormSteps.ThenTeamOfEditScreenIsSelected(1) (0.0s)&#xD;
And "Offence" reason is selected in freekick edit page&#xD;
-&gt; done: FreeKickEditSteps.ThenReasonIsSelectedInFreekickEditReasonDialog("Offence") (0.0s)&#xD;
And Fouled on player with shirt number 10 is selected in freekick edit&#xD;
-&gt; done: FreeKickEditSteps.ThenFouledOnPlayerWithShirtNumberIsSelectedInFreekickEdit(10) (0.1s)&#xD;
And Foul/Offence by player with shirt 6 is selected in freekick edit window&#xD;
-&gt; done: FreeKickEditSteps.ThenFoulOffenceByPlayerWithShirtIsSelectedInFreekickEditWindow(6) (0.1s)&#xD;
And mini free kick pitch location has cursor at x "75" and y "25"&#xD;
-&gt; done: FreeKickEditSteps.ThenMiniFreeKickPitchLocationHasCursorAtXAndY(75, 25) (0.1s)&#xD;
And mini ball landing pitch location has cursor at x "80" and y "10"&#xD;
-&gt; done: MiniPitchEditPageElementSteps.ThenMiniBallLandingPitchLocationHasCursorAtXAndY(80, 10) (0.1s)&#xD;
sandbox: CleanUpAfterTestRun started.&#xD;
sandbox: application pages != null: True&#xD;
sandbox: web driver!= null: True&#xD;
sandbox: CleanUpAfterTestRun complete.</StdOut>
      </Output>
    </UnitTestResult>
    <UnitTestResult executionId="d6c62b5f-b0f4-4661-8763-31a6da390fcf" testId="73070904-8e4b-bee6-8735-a554724cb62d" testName="NoOnVAROnSecondStepOfRecordCardWorkflow(&quot;2&quot;,&quot;Red&quot;,null)" computerName="EC2AMAZ-JEOO151" duration="00:00:06.4310000" startTime="2019-07-11T19:54:07.0000000+00:00" endTime="2019-07-11T19:54:14.0000000+00:00" testType="13cdc9d9-ddb5-4fa4-a97d-d965ccfc6d4b" outcome="Passed" testListId="8c84fa94-04c1-424b-9868-57a2d4851a1d" relativeResultsDirectory="d6c62b5f-b0f4-4661-8763-31a6da390fcf">
      <Output>
        <StdOut>sandbox: PrepareForTestRun started.&#xD;
sandbox: football liveStatsApp != null: True &#xD;
sandbox: football liveStatsApp.IsProcessRunning: True &#xD;
sandbox: setupLocalData: localDatabaseProvider != null: True&#xD;
sandbox: applicationPages != null: True&#xD;
sandbox: applicationPages.Webdriver != null: True&#xD;
sandbox: finished setuping local data&#xD;
sandbox: PrepareForTestRun complete.&#xD;
Given Match started with kick off from existing game&#xD;
-&gt; done: SetupGameSteps.GivenMatchStartedWithKickOffButtonFromExistingGame() (3.2s)&#xD;
When I click on team 2 possible "Red"&#xD;
-&gt; done: TeamActionButtonSteps.StartPossibleCardRegistration(2, Red) (0.7s)&#xD;
And I click "Red" card button&#xD;
-&gt; done: TeamActionButtonSteps.WhenIClickCardButton("Red") (0.1s)&#xD;
And I click "Possible VAR" button in workflow&#xD;
-&gt; done: WorkflowSteps.WhenIClickPossibleVarButtonInWorkflow() (0.1s)&#xD;
And I click var confirmation "No" button&#xD;
-&gt; done: WorkflowSteps.WhenIClickVarConfirmationButton("No") (0.2s)&#xD;
Then VAR label is shown in Booking event action log&#xD;
-&gt; done: ActionLogSteps.ThenOffenceIsShownInPenaltyEventActionLog("VAR", Booking) (0.3s)&#xD;
And Latest "Booking" event is completed&#xD;
-&gt; done: ActionLogSteps.ThenLatestEventIsConfirmed(Booking) (0.1s)&#xD;
And VAR label of "Booking" event in action log is in team 2 color&#xD;
-&gt; done: ActionLogSteps.ThenSubItemOfEventInActionLogIsInTeamColor("VAR", Booking, 2) (0.1s)&#xD;
And VAR label of "Booking" event in action log contains "Card Overturned" message&#xD;
-&gt; done: ActionLogSteps.ThenSubItemOfEventInActionLogIsInTeamColor("VAR", Booking, "Card Overturned") (0.1s)&#xD;
And Action Buttons are enabled&#xD;
-&gt; done: TeamActionButtonSteps.ThenActionButtonsAreEnabled() (0.7s)&#xD;
sandbox: CleanUpAfterTestRun started.&#xD;
sandbox: application pages != null: True&#xD;
sandbox: web driver!= null: True&#xD;
sandbox: CleanUpAfterTestRun complete.</StdOut>
      </Output>
    </UnitTestResult>
    <UnitTestResult executionId="dea5b99f-fabe-4cc8-9c6a-82f63b53e3ef" testId="aa9b43db-077e-5d3c-9a36-cbfc1e9e6228" testName="GivenGameInPenaltyShootout_WhenCloseAndOpenDifferentGame_ThenLoadsGameInPitchView" computerName="EC2AMAZ-JEOO151" duration="00:00:20.1930000" startTime="2019-07-11T21:39:46.0000000+00:00" endTime="2019-07-11T21:40:06.0000000+00:00" testType="13cdc9d9-ddb5-4fa4-a97d-d965ccfc6d4b" outcome="Passed" testListId="8c84fa94-04c1-424b-9868-57a2d4851a1d" relativeResultsDirectory="dea5b99f-fabe-4cc8-9c6a-82f63b53e3ef">
      <Output>
        <StdOut>sandbox: PrepareForTestRun started.&#xD;
sandbox: football liveStatsApp != null: True &#xD;
sandbox: football liveStatsApp.IsProcessRunning: True &#xD;
sandbox: setupLocalData: localDatabaseProvider != null: True&#xD;
sandbox: applicationPages != null: True&#xD;
sandbox: applicationPages.Webdriver != null: True&#xD;
sandbox: finished setuping local data&#xD;
sandbox: PrepareForTestRun complete.&#xD;
sandbox: CleanUpAfterTestRun started.&#xD;
sandbox: application pages != null: True&#xD;
sandbox: web driver!= null: True&#xD;
Given action failed. Retrying after a timeout. Most likely UI was not fast enough to refresh itself.&#xD;
sandbox: CleanUpAfterTestRun complete.</StdOut>
      </Output>
    </UnitTestResult>
    <UnitTestResult executionId="e2b2333c-7dbc-452e-9395-bf83ee6818ea" testId="15d7fe6a-05d6-1038-ea32-d74fb118e40a" testName="ChangeTeam" computerName="EC2AMAZ-JEOO151" duration="00:00:10.8810000" startTime="2019-07-11T17:51:08.0000000+00:00" endTime="2019-07-11T17:51:19.0000000+00:00" testType="13cdc9d9-ddb5-4fa4-a97d-d965ccfc6d4b" outcome="Passed" testListId="8c84fa94-04c1-424b-9868-57a2d4851a1d" relativeResultsDirectory="e2b2333c-7dbc-452e-9395-bf83ee6818ea">
      <Output>
        <StdOut>sandbox: PrepareForTestRun started.&#xD;
sandbox: football liveStatsApp != null: True &#xD;
sandbox: football liveStatsApp.IsProcessRunning: True &#xD;
sandbox: setupLocalData: localDatabaseProvider != null: True&#xD;
sandbox: applicationPages != null: True&#xD;
sandbox: applicationPages.Webdriver != null: True&#xD;
sandbox: finished setuping local data&#xD;
sandbox: PrepareForTestRun complete.&#xD;
Given Match started with kick off from existing game&#xD;
-&gt; done: SetupGameSteps.GivenMatchStartedWithKickOffButtonFromExistingGame() (3.3s)&#xD;
And "Top right" corner added for Team 1&#xD;
-&gt; done: CornerSteps.GivenCornerAddedForTeam("Top right", 1) (3.2s)&#xD;
Given I clicked on latest "Corner" event in action log&#xD;
-&gt; done: ActionLogSteps.GivenIClickOnLatestEventInActionLog(Corner) (0.2s)&#xD;
And I click Team 2 in edit screen&#xD;
-&gt; done: EditFormSteps.GivenIClickTeamInEditScreen(2) (0.1s)&#xD;
Then Save button is disabled in action edit form&#xD;
-&gt; done: EditFormSteps.SaveButtonIsDisabled() (0.0s)&#xD;
And "top right" corner is not visible&#xD;
Failed to find element with query '[data-qa='pitchCornerTopRight']'. Web driver timeout exception.&#xD;
-&gt; done: CornerEditSteps.ThenCornerIsNotVisible("top right") (1.0s)&#xD;
And Corner taken location is without cursor&#xD;
Failed to find data-qa element with tag 'currentPitchLocation'. No such element exception.&#xD;
-&gt; done: CornerEditSteps.ThenCornerTakenLocationIsWithoutCursor() (2.0s)&#xD;
And "top left" corner selection is visible&#xD;
-&gt; done: CornerEditSteps.ThenCornerSelectionIsVisible("top left") (0.0s)&#xD;
And "bottom left" corner selection is visible&#xD;
-&gt; done: CornerEditSteps.ThenCornerSelectionIsVisible("bottom left") (0.0s)&#xD;
sandbox: CleanUpAfterTestRun started.&#xD;
sandbox: application pages != null: True&#xD;
sandbox: web driver!= null: True&#xD;
sandbox: CleanUpAfterTestRun complete.</StdOut>
      </Output>
    </UnitTestResult>
    <UnitTestResult executionId="4e4b514e-da97-4f96-96a1-ab19261a22d9" testId="13ee6a69-acd9-2535-5509-13323134f672" testName="GivenGameWithAddedTimeInFirstHalf_WhenEditingAddedTimeWhileInSecondHalf_ThenCanSaveData" computerName="EC2AMAZ-JEOO151" duration="00:00:13.1650000" startTime="2019-07-11T20:28:04.0000000+00:00" endTime="2019-07-11T20:28:17.0000000+00:00" testType="13cdc9d9-ddb5-4fa4-a97d-d965ccfc6d4b" outcome="Passed" testListId="8c84fa94-04c1-424b-9868-57a2d4851a1d" relativeResultsDirectory="4e4b514e-da97-4f96-96a1-ab19261a22d9">
      <Output>
        <StdOut>sandbox: PrepareForTestRun started.&#xD;
sandbox: football liveStatsApp != null: True &#xD;
sandbox: football liveStatsApp.IsProcessRunning: True &#xD;
sandbox: setupLocalData: localDatabaseProvider != null: True&#xD;
sandbox: applicationPages != null: True&#xD;
sandbox: applicationPages.Webdriver != null: True&#xD;
sandbox: finished setuping local data&#xD;
sandbox: PrepareForTestRun complete.&#xD;
Failed to find element with query '[data-qa='injuryTimeEditScreen']'. Web driver timeout exception.&#xD;
sandbox: CleanUpAfterTestRun started.&#xD;
sandbox: application pages != null: True&#xD;
sandbox: web driver!= null: True&#xD;
sandbox: CleanUpAfterTestRun complete.</StdOut>
      </Output>
    </UnitTestResult>
    <UnitTestResult executionId="a2999a56-653f-4851-a664-23833d4a457a" testId="67a0a90f-1fe2-a3a5-20be-ce02f516e697" testName="CheckPitchLocationInGoalInsert(&quot;adjust&quot;,null)" computerName="EC2AMAZ-JEOO151" duration="00:00:16.1150000" startTime="2019-07-11T18:19:43.0000000+00:00" endTime="2019-07-11T18:19:59.0000000+00:00" testType="13cdc9d9-ddb5-4fa4-a97d-d965ccfc6d4b" outcome="Passed" testListId="8c84fa94-04c1-424b-9868-57a2d4851a1d" relativeResultsDirectory="a2999a56-653f-4851-a664-23833d4a457a">
      <Output>
        <StdOut>sandbox: PrepareForTestRun started.&#xD;
sandbox: football liveStatsApp != null: True &#xD;
sandbox: football liveStatsApp.IsProcessRunning: True &#xD;
sandbox: setupLocalData: localDatabaseProvider != null: True&#xD;
sandbox: applicationPages != null: True&#xD;
sandbox: applicationPages.Webdriver != null: True&#xD;
sandbox: finished setuping local data&#xD;
sandbox: PrepareForTestRun complete.&#xD;
Given Match started with kick off from existing game&#xD;
-&gt; done: SetupGameSteps.GivenMatchStartedWithKickOffButtonFromExistingGame() (3.2s)&#xD;
And "Top right" corner added for Team 1&#xD;
-&gt; done: CornerSteps.GivenCornerAddedForTeam("Top right", 1) (3.1s)&#xD;
And "Yellow" Card for Team 1 is registered&#xD;
-&gt; done: CardSteps.GivenCardForTeamIsRegistered(Yellow, 1) (3.1s)&#xD;
And I clicked on latest "Corner" event in action log&#xD;
-&gt; done: ActionLogSteps.GivenIClickOnLatestEventInActionLog(Corner) (0.2s)&#xD;
And I entered new conceded event time of "0030"&#xD;
-&gt; done: EditFormSteps.GivenIEnterNewConcededEventTimeOf("0030") (1.0s)&#xD;
And I clicked Save button in action edit form&#xD;
-&gt; done: EditFormSteps.ClickSaveButtonInActionEditForm() (0.6s)&#xD;
And I remembered current players on pitch shirt numbers&#xD;
-&gt; done: GoalEditSteps.GivenIRememberCurrentPlayersOnPitch() (1.1s)&#xD;
When I click Expand Action log button&#xD;
-&gt; done: ActionLogSteps.WhenIClickExpandActionLogButton() (0.1s)&#xD;
And I click last action in expanded action log&#xD;
-&gt; done: ExpandedActionLogSteps.WhenIClickLastActionInExpandedActionLog() (0.1s)&#xD;
And I click insert after button in expanded action log&#xD;
-&gt; done: ExpandedActionLogSteps.WhenIClickInsertAfterButtonInExpandedActionLog() (0.1s)&#xD;
And I click insert Goal button in insert after dropdown&#xD;
-&gt; done: ExpandedActionLogSteps.WhenIClickInsertGoalButtonInInsertAfterDropdown() (0.1s)&#xD;
And I click "adjust" pitch location button in insert window&#xD;
-&gt; done: MiniPitchEditPageElementSteps.WhenIClickButtonForFreeKickLocation() (0.1s)&#xD;
And I click on expanded pitch view x 10 y 50&#xD;
-&gt; done: ExpandedPitchPositionDialogSteps.GivenIClickOnExpandedPitchViewXY(10, 50) (0.1s)&#xD;
And I click "Proceed" button on expanded pitch view&#xD;
-&gt; done: ExpandedPitchPositionDialogSteps.GivenIClickButtonOnExpandedPitchView("Proceed") (0.1s)&#xD;
And I click "adjust" pitch location button in insert window&#xD;
Failed to find data-qa element with tag 'setPitchLocationButton'. No such element exception.&#xD;
-&gt; done: MiniPitchEditPageElementSteps.WhenIClickButtonForFreeKickLocation() (2.1s)&#xD;
Then current pitch marker is at x 10 and y 50&#xD;
-&gt; done: MiniPitchEditPageElementSteps.ThenCurrentPitchMarkerIsAtXAndY(10, 50) (0.1s)&#xD;
sandbox: CleanUpAfterTestRun started.&#xD;
sandbox: application pages != null: True&#xD;
sandbox: web driver!= null: True&#xD;
sandbox: CleanUpAfterTestRun complete.</StdOut>
      </Output>
    </UnitTestResult>
    <UnitTestResult executionId="e5fe8517-3787-4bd8-8f44-e09e6bb9c200" testId="4707b336-6260-10a2-1c18-17bcd9e51b43" testName="CancelInjuryInsert" computerName="EC2AMAZ-JEOO151" duration="00:00:16.1640000" startTime="2019-07-11T18:44:36.0000000+00:00" endTime="2019-07-11T18:44:52.0000000+00:00" testType="13cdc9d9-ddb5-4fa4-a97d-d965ccfc6d4b" outcome="Passed" testListId="8c84fa94-04c1-424b-9868-57a2d4851a1d" relativeResultsDirectory="e5fe8517-3787-4bd8-8f44-e09e6bb9c200">
      <Output>
        <StdOut>sandbox: PrepareForTestRun started.&#xD;
sandbox: football liveStatsApp != null: True &#xD;
sandbox: football liveStatsApp.IsProcessRunning: True &#xD;
sandbox: setupLocalData: localDatabaseProvider != null: True&#xD;
sandbox: applicationPages != null: True&#xD;
sandbox: applicationPages.Webdriver != null: True&#xD;
sandbox: finished setuping local data&#xD;
sandbox: PrepareForTestRun complete.&#xD;
Given Match started with kick off from existing game&#xD;
-&gt; done: SetupGameSteps.GivenMatchStartedWithKickOffButtonFromExistingGame() (3.2s)&#xD;
And "Yellow" Card for Team 1 is registered&#xD;
-&gt; done: CardSteps.GivenCardForTeamIsRegistered(Yellow, 1) (3.4s)&#xD;
And "Top right" corner added for Team 1&#xD;
Given action failed. Retrying after a timeout.&#xD;
-&gt; done: CornerSteps.GivenCornerAddedForTeam("Top right", 1) (3.0s)&#xD;
And I clicked on latest "Corner" event in action log&#xD;
-&gt; done: ActionLogSteps.GivenIClickOnLatestEventInActionLog(Corner) (0.2s)&#xD;
And I entered new conceded event time of "0030"&#xD;
-&gt; done: EditFormSteps.GivenIEnterNewConcededEventTimeOf("0030") (1.0s)&#xD;
And I clicked Save button in action edit form&#xD;
-&gt; done: EditFormSteps.ClickSaveButtonInActionEditForm() (0.6s)&#xD;
And I remembered current players on pitch shirt numbers&#xD;
-&gt; done: GoalEditSteps.GivenIRememberCurrentPlayersOnPitch() (1.1s)&#xD;
When I click Expand Action log button&#xD;
-&gt; done: ActionLogSteps.WhenIClickExpandActionLogButton() (0.1s)&#xD;
And I click last action in expanded action log&#xD;
-&gt; done: ExpandedActionLogSteps.WhenIClickLastActionInExpandedActionLog() (0.1s)&#xD;
And I click insert after button in expanded action log&#xD;
-&gt; done: ExpandedActionLogSteps.WhenIClickInsertAfterButtonInExpandedActionLog() (0.1s)&#xD;
And I click insert Injury button in insert after dropdown&#xD;
-&gt; done: ExpandedActionLogSteps.WhenIClickInsertInjuryButtonInInsertAfterDropdown() (0.1s)&#xD;
And I click team 1 in edit form&#xD;
-&gt; done: EditFormSteps.WhenIClickTeamInEditForm(1) (0.1s)&#xD;
And I Click "cancel" Button in insert window&#xD;
-&gt; done: EditFormSteps.GivenIClickCancelButton() (0.1s)&#xD;
Then Injury insert view is not visible&#xD;
Failed to find element with query '[data-qa='InjuryEditPage']'. Web driver timeout exception.&#xD;
-&gt; done: PlayerInjuryEditSteps.ThenGoalKickEditViewIsNotVisible() (2.1s)&#xD;
And "Corner" Action is displayed at 1 in expanded action log&#xD;
-&gt; done: ExpandedActionLogSteps.ThenGoalActionIsDisplayedAtInExpandedActionLog("Corner", 1) (0.0s)&#xD;
sandbox: CleanUpAfterTestRun started.&#xD;
sandbox: application pages != null: True&#xD;
sandbox: web driver!= null: True&#xD;
sandbox: CleanUpAfterTestRun complete.</StdOut>
      </Output>
    </UnitTestResult>
    <UnitTestResult executionId="14b450c9-107e-4b80-9f82-cb49ea0d84c1" testId="1f6dd8c2-5124-10e7-9656-9aad63d7ba41" testName="GivenGameInProgress_WhenConfirmingCardForSubstitutePlayer_ThenCardIsRegisteredForPlayer(Red,2,20,Red,&quot;Red&quot;)" computerName="EC2AMAZ-JEOO151" duration="00:00:11.1490000" startTime="2019-07-11T20:56:25.0000000+00:00" endTime="2019-07-11T20:56:36.0000000+00:00" testType="13cdc9d9-ddb5-4fa4-a97d-d965ccfc6d4b" outcome="Passed" testListId="8c84fa94-04c1-424b-9868-57a2d4851a1d" relativeResultsDirectory="14b450c9-107e-4b80-9f82-cb49ea0d84c1">
      <Output>
        <StdOut>sandbox: PrepareForTestRun started.&#xD;
sandbox: football liveStatsApp != null: True &#xD;
sandbox: football liveStatsApp.IsProcessRunning: True &#xD;
sandbox: setupLocalData: localDatabaseProvider != null: True&#xD;
sandbox: applicationPages != null: True&#xD;
sandbox: applicationPages.Webdriver != null: True&#xD;
sandbox: finished setuping local data&#xD;
sandbox: PrepareForTestRun complete.&#xD;
Given action failed. Retrying after a timeout.&#xD;
sandbox: CleanUpAfterTestRun started.&#xD;
sandbox: application pages != null: True&#xD;
sandbox: web driver!= null: True&#xD;
sandbox: CleanUpAfterTestRun complete.</StdOut>
      </Output>
    </UnitTestResult>
    <UnitTestResult executionId="68c6fe7b-8424-4a70-9336-166b44e5a257" testId="0b3193f9-50d8-a1ff-a301-f1d32e779793" testName="PenaltyRetakeClearsPenaltyShotOutcome(&quot;Penalty Goal&quot;,&quot;Goal&quot;,null)" computerName="EC2AMAZ-JEOO151" duration="00:00:10.8670000" startTime="2019-07-11T19:07:44.0000000+00:00" endTime="2019-07-11T19:07:54.0000000+00:00" testType="13cdc9d9-ddb5-4fa4-a97d-d965ccfc6d4b" outcome="Passed" testListId="8c84fa94-04c1-424b-9868-57a2d4851a1d" relativeResultsDirectory="68c6fe7b-8424-4a70-9336-166b44e5a257">
      <Output>
        <StdOut>sandbox: PrepareForTestRun started.&#xD;
sandbox: football liveStatsApp != null: True &#xD;
sandbox: football liveStatsApp.IsProcessRunning: True &#xD;
sandbox: setupLocalData: localDatabaseProvider != null: True&#xD;
sandbox: applicationPages != null: True&#xD;
sandbox: applicationPages.Webdriver != null: True&#xD;
sandbox: finished setuping local data&#xD;
sandbox: PrepareForTestRun complete.&#xD;
Given Match started with kick off from existing game&#xD;
-&gt; done: SetupGameSteps.GivenMatchStartedWithKickOffButtonFromExistingGame() (3.2s)&#xD;
Given penalty "Penalty Goal" button is selected for player "16" team "1"&#xD;
-&gt; done: PenaltySteps.GivenPenaltyGoalButtonIsSelected(16, 1) (4.0s)&#xD;
When I retake penalty&#xD;
-&gt; done: PenaltySteps.WhenIClickButton() (0.3s)&#xD;
Then Penalty outcome selection dialog is shown&#xD;
-&gt; done: ShotRegistrationSteps.ThenActionTypeDialogIsShown() (0.3s)&#xD;
And Retake label is shown in Penalty event action log&#xD;
-&gt; done: ActionLogSteps.ThenOffenceIsShownInPenaltyEventActionLog("Retake", Penalty) (0.1s)&#xD;
And "Goal" label is not shown in latest "Penalty" event action log&#xD;
-&gt; done: ActionLogSteps.ThenLabelIsNotShownInLatestEventActionLog("Goal", Penalty) (0.1s)&#xD;
And "Penalty Shot Off Target" button is shown&#xD;
-&gt; done: PenaltySteps.ThenPenaltyShotOffTargetButtonIsShown() (0.0s)&#xD;
And "Penalty Shot On Target" button is shown&#xD;
-&gt; done: PenaltySteps.ThenPenaltyShotOnTargetButtonIsShown() (0.0s)&#xD;
And "Penalty Goal" button is shown&#xD;
-&gt; done: PenaltySteps.ThenPenaltyGoalButtonIsShown() (0.0s)&#xD;
And penalty retake is not visible&#xD;
Failed to find element with query '[data-qa='penaltyRetakeButton']'. Web driver timeout exception.&#xD;
-&gt; done: PenaltySteps.ThenPenaltyRetakeIsNotVisible() (2.0s)&#xD;
sandbox: CleanUpAfterTestRun started.&#xD;
sandbox: application pages != null: True&#xD;
sandbox: web driver!= null: True&#xD;
sandbox: CleanUpAfterTestRun complete.</StdOut>
      </Output>
    </UnitTestResult>
    <UnitTestResult executionId="13c53507-de54-4ad3-b5ba-f2f7a45f6724" testId="34285996-8ad4-dbc6-51bc-7e1ff2f46489" testName="EditShotDuringWorkflowFromExpandedActionLog" computerName="EC2AMAZ-JEOO151" duration="00:00:07.0500000" startTime="2019-07-11T17:54:52.0000000+00:00" endTime="2019-07-11T17:54:59.0000000+00:00" testType="13cdc9d9-ddb5-4fa4-a97d-d965ccfc6d4b" outcome="Passed" testListId="8c84fa94-04c1-424b-9868-57a2d4851a1d" relativeResultsDirectory="13c53507-de54-4ad3-b5ba-f2f7a45f6724">
      <Output>
        <StdOut>sandbox: PrepareForTestRun started.&#xD;
sandbox: football liveStatsApp != null: True &#xD;
sandbox: football liveStatsApp.IsProcessRunning: True &#xD;
sandbox: setupLocalData: localDatabaseProvider != null: True&#xD;
sandbox: applicationPages != null: True&#xD;
sandbox: applicationPages.Webdriver != null: True&#xD;
sandbox: finished setuping local data&#xD;
sandbox: PrepareForTestRun complete.&#xD;
Given Match started with kick off from existing game&#xD;
-&gt; done: SetupGameSteps.GivenMatchStartedWithKickOffButtonFromExistingGame() (3.3s)&#xD;
Given Shot for Team 1 is registered&#xD;
Given action failed. Retrying after a timeout.&#xD;
-&gt; done: ShotEditSteps.GivenShotForTeamIsRegistered(1) (1.4s)&#xD;
When I click Freekick button for team 1&#xD;
Given action failed. Retrying after a timeout.&#xD;
-&gt; done: TeamActionButtonSteps.WhenIClickFreekickButtonForTeam(1) (0.6s)&#xD;
And I open Expanded Action log&#xD;
-&gt; done: ActionLogSteps.WhenIClickExpandActionLogButton() (0.1s)&#xD;
And I open last "Shot" action edit view from expanded action log&#xD;
-&gt; done: ExpandedActionLogSteps.WhenIOpenLastActionEditViewFromExpandedActionLog(Shot) (0.1s)&#xD;
And I click Flag &amp; Save button in action edit form&#xD;
-&gt; done: EditFormSteps.ClickFlagAndSaveInActionEditForm() (0.4s)&#xD;
And I close expanded action log page&#xD;
-&gt; done: ExpandedActionLogSteps.WhenICloseExpandedActionLogPage() (0.2s)&#xD;
Then Pitch View is shown&#xD;
-&gt; done: PitchScreenSteps.PitchViewIsShown() (0.0s)&#xD;
And 1 event in action log of type "Shot" is flagged&#xD;
-&gt; done: ActionLogSteps.ThenEventInActionLogOfTypeIsFlagged(1, Shot) (0.0s)&#xD;
And Notification "Select free kick location..." is shown&#xD;
-&gt; done: PitchBottomMessageBarSteps.ThenIsShown("Select free kick ...") (0.1s)&#xD;
sandbox: CleanUpAfterTestRun started.&#xD;
sandbox: application pages != null: True&#xD;
sandbox: web driver!= null: True&#xD;
sandbox: CleanUpAfterTestRun complete.</StdOut>
      </Output>
    </UnitTestResult>
    <UnitTestResult executionId="227880a7-a6c9-4e75-87fa-a4ca5965eaf0" testId="0d1f6f00-beb6-1719-047c-8e871149f0dc" testName="FootballCoachFilterDoesNotShowItemsThatAreNotForThisCoach" computerName="EC2AMAZ-JEOO151" duration="00:00:12.7670000" startTime="2019-07-11T19:38:05.0000000+00:00" endTime="2019-07-11T19:38:18.0000000+00:00" testType="13cdc9d9-ddb5-4fa4-a97d-d965ccfc6d4b" outcome="Passed" testListId="8c84fa94-04c1-424b-9868-57a2d4851a1d" relativeResultsDirectory="227880a7-a6c9-4e75-87fa-a4ca5965eaf0">
      <Output>
        <StdOut>sandbox: PrepareForTestRun started.&#xD;
sandbox: football liveStatsApp != null: True &#xD;
sandbox: football liveStatsApp.IsProcessRunning: True &#xD;
sandbox: setupLocalData: localDatabaseProvider != null: True&#xD;
sandbox: applicationPages != null: True&#xD;
sandbox: applicationPages.Webdriver != null: True&#xD;
sandbox: finished setuping local data&#xD;
sandbox: PrepareForTestRun complete.&#xD;
Given Match started with kick off from existing game&#xD;
-&gt; done: SetupGameSteps.GivenMatchStartedWithKickOffButtonFromExistingGame() (3.3s)&#xD;
Given registered "Yellow" card for team "1" assistant coach&#xD;
-&gt; done: CardSteps.GivenRegisteredCardForTeamAssistantCoach(Yellow, 1) (3.8s)&#xD;
And registered "Red" card for team "1" assistant coach&#xD;
-&gt; done: CardSteps.GivenRegisteredCardForTeamAssistantCoach(Red, 1) (3.4s)&#xD;
And expanded action log is opened&#xD;
-&gt; done: ActionLogSteps.WhenIClickExpandActionLogButton() (0.2s)&#xD;
When I expand staff filter&#xD;
-&gt; done: FilterSteps.WhenIExpandStaffFilter() (0.1s)&#xD;
And I select coach filter from team "1"&#xD;
-&gt; done: FilterSteps.WhenISelectCoachFilter(1) (0.1s)&#xD;
Then Expanded action log is empty&#xD;
Failed to find element with query '[data-qa='expandedActionLogTable']'. Web driver timeout exception.&#xD;
-&gt; done: ExpandedActionLogSteps.ThenExpandedActionLogShouldNotHaveActions() (1.0s)&#xD;
sandbox: CleanUpAfterTestRun started.&#xD;
sandbox: application pages != null: True&#xD;
sandbox: web driver!= null: True&#xD;
sandbox: CleanUpAfterTestRun complete.</StdOut>
      </Output>
    </UnitTestResult>
    <UnitTestResult executionId="3d8e4a91-83e0-431e-a7a6-d81a61ad0151" testId="2dfcdf51-9785-5640-9da6-910c46649176" testName="GivenShotStarted_WhenGoingBackAndForwardInWorkflow_ThenShotCanBeFinished" computerName="EC2AMAZ-JEOO151" duration="00:00:16.3490000" startTime="2019-07-11T21:11:48.0000000+00:00" endTime="2019-07-11T21:12:04.0000000+00:00" testType="13cdc9d9-ddb5-4fa4-a97d-d965ccfc6d4b" outcome="Passed" testListId="8c84fa94-04c1-424b-9868-57a2d4851a1d" relativeResultsDirectory="3d8e4a91-83e0-431e-a7a6-d81a61ad0151">
      <Output>
        <StdOut>sandbox: PrepareForTestRun started.&#xD;
sandbox: football liveStatsApp != null: True &#xD;
sandbox: football liveStatsApp.IsProcessRunning: True &#xD;
sandbox: setupLocalData: localDatabaseProvider != null: True&#xD;
sandbox: applicationPages != null: True&#xD;
sandbox: applicationPages.Webdriver != null: True&#xD;
sandbox: finished setuping local data&#xD;
sandbox: PrepareForTestRun complete.&#xD;
Failed to find data-qa element with tag 'dangerZoneText'. No such element exception.&#xD;
Failed to find data-qa element with tag 'dangerZoneText'. No such element exception.&#xD;
Failed to find data-qa element with tag 'dangerZoneText'. No such element exception.&#xD;
Failed to find data-qa element with tag 'dangerZoneText'. No such element exception.&#xD;
sandbox: CleanUpAfterTestRun started.&#xD;
sandbox: application pages != null: True&#xD;
sandbox: web driver!= null: True&#xD;
sandbox: CleanUpAfterTestRun complete.</StdOut>
      </Output>
    </UnitTestResult>
    <UnitTestResult executionId="a689ce52-8284-473f-b5bc-910b7e25aca0" testId="6d2cf5a4-f1c9-4c3e-2231-c1ee6cd41f1c" testName="GivenGoalInsertedWithEjectedPlayer_WhenEjectionDeleted_ThenGoalIsNotFlagged" computerName="EC2AMAZ-JEOO151" duration="00:00:21.7230000" startTime="2019-07-11T21:25:01.0000000+00:00" endTime="2019-07-11T21:25:23.0000000+00:00" testType="13cdc9d9-ddb5-4fa4-a97d-d965ccfc6d4b" outcome="Passed" testListId="8c84fa94-04c1-424b-9868-57a2d4851a1d" relativeResultsDirectory="a689ce52-8284-473f-b5bc-910b7e25aca0">
      <Output>
        <StdOut>sandbox: PrepareForTestRun started.&#xD;
sandbox: football liveStatsApp != null: True &#xD;
sandbox: football liveStatsApp.IsProcessRunning: True &#xD;
sandbox: setupLocalData: localDatabaseProvider != null: True&#xD;
sandbox: applicationPages != null: True&#xD;
sandbox: applicationPages.Webdriver != null: True&#xD;
sandbox: finished setuping local data&#xD;
sandbox: PrepareForTestRun complete.&#xD;
sandbox: CleanUpAfterTestRun started.&#xD;
sandbox: application pages != null: True&#xD;
sandbox: web driver!= null: True&#xD;
sandbox: CleanUpAfterTestRun complete.</StdOut>
      </Output>
    </UnitTestResult>
    <UnitTestResult executionId="bf47969d-21dd-46bf-bd05-9b85ee16dec8" testId="946454dd-77e0-b1db-d827-48b6ef2dd370" testName="VARButtonOnPenaltyFirstStep(&quot;2&quot;,null)" computerName="EC2AMAZ-JEOO151" duration="00:00:04.9360000" startTime="2019-07-11T19:58:58.0000000+00:00" endTime="2019-07-11T19:59:03.0000000+00:00" testType="13cdc9d9-ddb5-4fa4-a97d-d965ccfc6d4b" outcome="Passed" testListId="8c84fa94-04c1-424b-9868-57a2d4851a1d" relativeResultsDirectory="bf47969d-21dd-46bf-bd05-9b85ee16dec8">
      <Output>
        <StdOut>sandbox: PrepareForTestRun started.&#xD;
sandbox: football liveStatsApp != null: True &#xD;
sandbox: football liveStatsApp.IsProcessRunning: True &#xD;
sandbox: setupLocalData: localDatabaseProvider != null: True&#xD;
sandbox: applicationPages != null: True&#xD;
sandbox: applicationPages.Webdriver != null: True&#xD;
sandbox: finished setuping local data&#xD;
sandbox: PrepareForTestRun complete.&#xD;
Given Match started with kick off from existing game&#xD;
-&gt; done: SetupGameSteps.GivenMatchStartedWithKickOffButtonFromExistingGame() (3.3s)&#xD;
When I click "Possible Penalty" button for team 2&#xD;
Given action failed. Retrying after a timeout.&#xD;
-&gt; done: TeamActionButtonSteps.GivenIClickPossiblePenaltyButtonForTeam(2) (0.8s)&#xD;
Then "Possible VAR" button is shown&#xD;
-&gt; done: WorkflowSteps.ThenPossibleVarButtonIsShown() (0.0s)&#xD;
sandbox: CleanUpAfterTestRun started.&#xD;
sandbox: application pages != null: True&#xD;
sandbox: web driver!= null: True&#xD;
sandbox: CleanUpAfterTestRun complete.</StdOut>
      </Output>
    </UnitTestResult>
    <UnitTestResult executionId="406d4689-75bb-4dd5-ba28-02a2fe4985f9" testId="d564a2ae-5a94-deb7-828e-a657e7c4fb59" testName="DoNotConfirmCardColorCard(&quot;Yellow&quot;,&quot;2nd Yellow&quot;,null)" computerName="EC2AMAZ-JEOO151" duration="00:00:09.3820000" startTime="2019-07-11T18:54:51.0000000+00:00" endTime="2019-07-11T18:55:00.0000000+00:00" testType="13cdc9d9-ddb5-4fa4-a97d-d965ccfc6d4b" outcome="Passed" testListId="8c84fa94-04c1-424b-9868-57a2d4851a1d" relativeResultsDirectory="406d4689-75bb-4dd5-ba28-02a2fe4985f9">
      <Output>
        <StdOut>sandbox: PrepareForTestRun started.&#xD;
sandbox: football liveStatsApp != null: True &#xD;
sandbox: football liveStatsApp.IsProcessRunning: True &#xD;
sandbox: setupLocalData: localDatabaseProvider != null: True&#xD;
sandbox: applicationPages != null: True&#xD;
sandbox: applicationPages.Webdriver != null: True&#xD;
sandbox: finished setuping local data&#xD;
sandbox: PrepareForTestRun complete.&#xD;
Given Match started with kick off from existing game&#xD;
-&gt; done: SetupGameSteps.GivenMatchStartedWithKickOffButtonFromExistingGame() (3.2s)&#xD;
When I click on team 2 possible "Yellow"&#xD;
-&gt; done: TeamActionButtonSteps.StartPossibleCardRegistration(2, Yellow) (0.6s)&#xD;
And I click "2nd Yellow" card button&#xD;
-&gt; done: TeamActionButtonSteps.WhenIClickCardButton("2nd Yellow") (0.1s)&#xD;
And I dont confirm booking by clicking "Cancel &amp; Delete" button&#xD;
-&gt; done: CardSteps.WhenIDontConfirmActionByClickingButton() (0.3s)&#xD;
And I confirm booking deletion&#xD;
-&gt; done: CardSteps.WhenIConfirmActionDeletion() (0.2s)&#xD;
Then card event is deleted in Action log&#xD;
-&gt; done: ActionLogSteps.ThenCardEventIsDeletedInActionLog() (2.0s)&#xD;
And Pitch View is shown&#xD;
-&gt; done: PitchScreenSteps.PitchViewIsShown() (0.0s)&#xD;
And Yellow line removed from player with shirt id 1 of team 2&#xD;
Failed to find element with query 'yellowCardIndicator' under parent. No such element exception.&#xD;
-&gt; done: PitchPlayersComponentSteps.ThenYellowLineRemovedFromPlayerWithShirtIdOfTeam(Yellow, 1, 2) (2.1s)&#xD;
sandbox: CleanUpAfterTestRun started.&#xD;
sandbox: application pages != null: True&#xD;
sandbox: web driver!= null: True&#xD;
sandbox: CleanUpAfterTestRun complete.</StdOut>
      </Output>
    </UnitTestResult>
    <UnitTestResult executionId="0a228207-745e-4382-85b0-a05ace991c16" testId="cffa0719-803d-0355-0822-927853c24186" testName="StartGoalFromFreeKickWorkflow(&quot;location&quot;,&quot;2&quot;,&quot;1&quot;,&quot;0&quot;,null)" computerName="EC2AMAZ-JEOO151" duration="00:00:05.5000000" startTime="2019-07-11T18:59:40.0000000+00:00" endTime="2019-07-11T18:59:46.0000000+00:00" testType="13cdc9d9-ddb5-4fa4-a97d-d965ccfc6d4b" outcome="Passed" testListId="8c84fa94-04c1-424b-9868-57a2d4851a1d" relativeResultsDirectory="0a228207-745e-4382-85b0-a05ace991c16">
      <Output>
        <StdOut>sandbox: PrepareForTestRun started.&#xD;
sandbox: football liveStatsApp != null: True &#xD;
sandbox: football liveStatsApp.IsProcessRunning: True &#xD;
sandbox: setupLocalData: localDatabaseProvider != null: True&#xD;
sandbox: applicationPages != null: True&#xD;
sandbox: applicationPages.Webdriver != null: True&#xD;
sandbox: finished setuping local data&#xD;
sandbox: PrepareForTestRun complete.&#xD;
Given Match started with kick off from existing game&#xD;
-&gt; done: SetupGameSteps.GivenMatchStartedWithKickOffButtonFromExistingGame() (3.3s)&#xD;
Given Free kick for team "2" workflow entered till location selection&#xD;
-&gt; done: FreeKickSteps.GivenFreeKickForTeamAndWorkflowEnteredTillLocationSelection(2) (0.6s)&#xD;
When I click goal for team 2 button&#xD;
Given action failed. Retrying after a timeout.&#xD;
-&gt; done: TeamActionButtonSteps.GivenIClickGoalForTeamButton(2) (0.4s)&#xD;
Then Latest freekick event is in progress&#xD;
-&gt; done: ActionLogSteps.ThenFreekickEventIsNotCompleted() (0.1s)&#xD;
And Latest free kick event is not active&#xD;
-&gt; done: ActionLogSteps.ThenFreeKickEventIsNotActive() (0.0s)&#xD;
And "Goal" confirmation dialog is visible&#xD;
-&gt; done: GoalSteps.ThenConfirmationDialogIsVisible() (0.0s)&#xD;
And team 1 players are disabled&#xD;
-&gt; done: PitchPlayersComponentSteps.ThenTeamPlayersAreDisabled(1) (0.1s)&#xD;
And team 2 players are disabled&#xD;
-&gt; done: PitchPlayersComponentSteps.ThenTeamPlayersAreDisabled(2) (0.1s)&#xD;
sandbox: CleanUpAfterTestRun started.&#xD;
sandbox: application pages != null: True&#xD;
sandbox: web driver!= null: True&#xD;
sandbox: CleanUpAfterTestRun complete.</StdOut>
      </Output>
    </UnitTestResult>
    <UnitTestResult executionId="517b072f-cdf4-4698-9d84-356f0f1b08c2" testId="54db0e77-cb35-ecea-8bbe-3b739089c0bf" testName="GivenFirstHalfKickedOff_WhenDeletingKickOff_ThenGameBackInPregame" computerName="EC2AMAZ-JEOO151" duration="00:00:06.5820000" startTime="2019-07-11T20:19:58.0000000+00:00" endTime="2019-07-11T20:20:04.0000000+00:00" testType="13cdc9d9-ddb5-4fa4-a97d-d965ccfc6d4b" outcome="Passed" testListId="8c84fa94-04c1-424b-9868-57a2d4851a1d" relativeResultsDirectory="517b072f-cdf4-4698-9d84-356f0f1b08c2">
      <Output>
        <StdOut>sandbox: PrepareForTestRun started.&#xD;
sandbox: football liveStatsApp != null: True &#xD;
sandbox: football liveStatsApp.IsProcessRunning: True &#xD;
sandbox: setupLocalData: localDatabaseProvider != null: True&#xD;
sandbox: applicationPages != null: True&#xD;
sandbox: applicationPages.Webdriver != null: True&#xD;
sandbox: finished setuping local data&#xD;
sandbox: PrepareForTestRun complete.&#xD;
Failed to find element with query '[data-qa='expandedActionLogTable']'. Web driver timeout exception.&#xD;
sandbox: CleanUpAfterTestRun started.&#xD;
sandbox: application pages != null: True&#xD;
sandbox: web driver!= null: True&#xD;
sandbox: CleanUpAfterTestRun complete.</StdOut>
      </Output>
    </UnitTestResult>
    <UnitTestResult executionId="d5692168-9c07-4332-adb3-1b208e7a2055" testId="7de68bd8-47b0-35ed-37c1-dfe8b355f221" testName="GivenGameInProgress_WhenDeactivatingCouch_ThenCouchDeactivated" computerName="EC2AMAZ-JEOO151" duration="00:00:05.4800000" startTime="2019-07-11T20:03:44.0000000+00:00" endTime="2019-07-11T20:03:49.0000000+00:00" testType="13cdc9d9-ddb5-4fa4-a97d-d965ccfc6d4b" outcome="Passed" testListId="8c84fa94-04c1-424b-9868-57a2d4851a1d" relativeResultsDirectory="d5692168-9c07-4332-adb3-1b208e7a2055">
      <Output>
        <StdOut>sandbox: PrepareForTestRun started.&#xD;
sandbox: football liveStatsApp != null: True &#xD;
sandbox: football liveStatsApp.IsProcessRunning: True &#xD;
sandbox: setupLocalData: localDatabaseProvider != null: True&#xD;
sandbox: applicationPages != null: True&#xD;
sandbox: applicationPages.Webdriver != null: True&#xD;
sandbox: finished setuping local data&#xD;
sandbox: PrepareForTestRun complete.&#xD;
sandbox: CleanUpAfterTestRun started.&#xD;
sandbox: application pages != null: True&#xD;
sandbox: web driver!= null: True&#xD;
sandbox: CleanUpAfterTestRun complete.</StdOut>
      </Output>
    </UnitTestResult>
    <UnitTestResult executionId="42fae776-b79b-44bb-9eb0-ef58bfbb1757" testId="ded46a05-8ea9-a2d8-558a-2f1e4ff2bca0" testName="FootballPre_SetMatchInformationDataIsCorrect" computerName="EC2AMAZ-JEOO151" duration="00:00:03.2060000" startTime="2019-07-11T17:22:21.0000000+00:00" endTime="2019-07-11T17:22:24.0000000+00:00" testType="13cdc9d9-ddb5-4fa4-a97d-d965ccfc6d4b" outcome="Passed" testListId="8c84fa94-04c1-424b-9868-57a2d4851a1d" relativeResultsDirectory="42fae776-b79b-44bb-9eb0-ef58bfbb1757">
      <Output>
        <StdOut>sandbox: PrepareForTestRun started.&#xD;
sandbox: football liveStatsApp != null: True &#xD;
sandbox: football liveStatsApp.IsProcessRunning: True &#xD;
sandbox: setupLocalData: localDatabaseProvider != null: True&#xD;
sandbox: applicationPages != null: True&#xD;
sandbox: applicationPages.Webdriver != null: True&#xD;
sandbox: finished setuping local data&#xD;
sandbox: PrepareForTestRun complete.&#xD;
Given Load Game Using Match Key Dialog Is Opened&#xD;
-&gt; done: DashBoardSteps.GivenLoadGameUsingMatchKeyDialogIsOpened() (0.2s)&#xD;
When I enter match key 152OZG089RYM4N5KQHR8&#xD;
-&gt; done: DashBoardSteps.WhenIEnterMatchKey("152OZG089RYM4N5KQHR8") (0.2s)&#xD;
And I click Next button&#xD;
-&gt; done: DashBoardSteps.WhenIClickNextButton() (0.1s)&#xD;
And I skip statistician network verification tab&#xD;
-&gt; done: GameSetupSteps.GivenISkipStatisticianNetworkVerificationTab() (0.6s)&#xD;
Then Football checkboxes are correctly pre-set&#xD;
-&gt; done: GameInformationTabSteps.ThenFootballCheckboxesAreCorrectlyPre_Set() (0.1s)&#xD;
sandbox: CleanUpAfterTestRun started.&#xD;
sandbox: application pages != null: True&#xD;
sandbox: web driver!= null: True&#xD;
Given action failed. Retrying after a timeout. Most likely UI was not fast enough to refresh itself.&#xD;
Given action failed. Retrying after a timeout. Most likely UI was not fast enough to refresh itself.&#xD;
sandbox: CleanUpAfterTestRun complete.</StdOut>
      </Output>
    </UnitTestResult>
    <UnitTestResult executionId="61a1bfe2-2ac7-4a3c-9838-f029ca3c44b6" testId="efaf2291-8a1a-e9b0-ff23-00c2e4311fa5" testName="ChangeFreeKickReasonType(&quot;offence&quot;,null)" computerName="EC2AMAZ-JEOO151" duration="00:00:07.3810000" startTime="2019-07-11T17:55:55.0000000+00:00" endTime="2019-07-11T17:56:03.0000000+00:00" testType="13cdc9d9-ddb5-4fa4-a97d-d965ccfc6d4b" outcome="Passed" testListId="8c84fa94-04c1-424b-9868-57a2d4851a1d" relativeResultsDirectory="61a1bfe2-2ac7-4a3c-9838-f029ca3c44b6">
      <Output>
        <StdOut>sandbox: PrepareForTestRun started.&#xD;
sandbox: football liveStatsApp != null: True &#xD;
sandbox: football liveStatsApp.IsProcessRunning: True &#xD;
sandbox: setupLocalData: localDatabaseProvider != null: True&#xD;
sandbox: applicationPages != null: True&#xD;
sandbox: applicationPages.Webdriver != null: True&#xD;
sandbox: finished setuping local data&#xD;
sandbox: PrepareForTestRun complete.&#xD;
Given Match started with kick off from existing game&#xD;
-&gt; done: SetupGameSteps.GivenMatchStartedWithKickOffButtonFromExistingGame() (3.2s)&#xD;
And I remembered current players on pitch shirt numbers&#xD;
-&gt; done: GoalEditSteps.GivenIRememberCurrentPlayersOnPitch() (1.6s)&#xD;
Given Freekick for Team 1 is registered&#xD;
Given action failed. Retrying after a timeout.&#xD;
-&gt; done: FreeKickSteps.GivenFreekickForTeamIsRegistered(1) (1.3s)&#xD;
When I click on latest "FreeKick" event in action log&#xD;
-&gt; done: ActionLogSteps.GivenIClickOnLatestEventInActionLog(FreeKick) (0.3s)&#xD;
And I click "offence" reason in free kick page&#xD;
-&gt; done: FreeKickEditSteps.WhenIClickButtonInExpandedFreeKickReasonsDialog("offence") (0.1s)&#xD;
Then "offence" reason is selected in freekick edit page&#xD;
-&gt; done: FreeKickEditSteps.ThenReasonIsSelectedInFreekickEditReasonDialog("offence") (0.0s)&#xD;
sandbox: CleanUpAfterTestRun started.&#xD;
sandbox: application pages != null: True&#xD;
sandbox: web driver!= null: True&#xD;
sandbox: CleanUpAfterTestRun complete.</StdOut>
      </Output>
    </UnitTestResult>
    <UnitTestResult executionId="8da0dfbe-f960-4ce5-82b7-454a580564c9" testId="7d1ecd41-a563-f7c4-fc1d-2d8298fdde71" testName="GivenPsoKickEditOpened_ThenCorrectShotDataIsVisible" computerName="EC2AMAZ-JEOO151" duration="00:00:23.1480000" startTime="2019-07-11T20:37:58.0000000+00:00" endTime="2019-07-11T20:38:21.0000000+00:00" testType="13cdc9d9-ddb5-4fa4-a97d-d965ccfc6d4b" outcome="Passed" testListId="8c84fa94-04c1-424b-9868-57a2d4851a1d" relativeResultsDirectory="8da0dfbe-f960-4ce5-82b7-454a580564c9">
      <Output>
        <StdOut>sandbox: PrepareForTestRun started.&#xD;
sandbox: football liveStatsApp != null: True &#xD;
sandbox: football liveStatsApp.IsProcessRunning: True &#xD;
sandbox: setupLocalData: localDatabaseProvider != null: True&#xD;
sandbox: applicationPages != null: True&#xD;
sandbox: applicationPages.Webdriver != null: True&#xD;
sandbox: finished setuping local data&#xD;
sandbox: PrepareForTestRun complete.&#xD;
Given action failed. Retrying after a timeout. Most likely UI was not fast enough to refresh itself.&#xD;
sandbox: CleanUpAfterTestRun started.&#xD;
sandbox: application pages != null: True&#xD;
sandbox: web driver!= null: True&#xD;
sandbox: CleanUpAfterTestRun complete.</StdOut>
      </Output>
    </UnitTestResult>
    <UnitTestResult executionId="9f5bb587-667c-4640-b051-3879f9738d30" testId="acc62f43-9424-2a76-92c2-d3725a798c8d" testName="FlagAndContinueShotAllSteps" computerName="EC2AMAZ-JEOO151" duration="00:00:05.9420000" startTime="2019-07-11T19:47:14.0000000+00:00" endTime="2019-07-11T19:47:20.0000000+00:00" testType="13cdc9d9-ddb5-4fa4-a97d-d965ccfc6d4b" outcome="Passed" testListId="8c84fa94-04c1-424b-9868-57a2d4851a1d" relativeResultsDirectory="9f5bb587-667c-4640-b051-3879f9738d30">
      <Output>
        <StdOut>sandbox: PrepareForTestRun started.&#xD;
sandbox: football liveStatsApp != null: True &#xD;
sandbox: football liveStatsApp.IsProcessRunning: True &#xD;
sandbox: setupLocalData: localDatabaseProvider != null: True&#xD;
sandbox: applicationPages != null: True&#xD;
sandbox: applicationPages.Webdriver != null: True&#xD;
sandbox: finished setuping local data&#xD;
sandbox: PrepareForTestRun complete.&#xD;
Given Match started with kick off from existing game&#xD;
-&gt; done: SetupGameSteps.GivenMatchStartedWithKickOffButtonFromExistingGame() (3.4s)&#xD;
When I click "Shot" button for team 1&#xD;
Given action failed. Retrying after a timeout.&#xD;
-&gt; done: TeamActionButtonSteps.GivenIClickShotButtonForTeam(1) (0.9s)&#xD;
And I flag and continue&#xD;
-&gt; done: WorkflowSteps.WhenIFlagAndContinue() (0.1s)&#xD;
And I flag and continue&#xD;
-&gt; done: WorkflowSteps.WhenIFlagAndContinue() (0.2s)&#xD;
And I flag and continue&#xD;
-&gt; done: WorkflowSteps.WhenIFlagAndContinue() (0.1s)&#xD;
And I click on latest "Shot" event in action log&#xD;
-&gt; done: ActionLogSteps.GivenIClickOnLatestEventInActionLog(Shot) (0.2s)&#xD;
And I click review flags button in game action edit window&#xD;
-&gt; done: EditFormSteps.WhenIClickReviewFlagsButtonInGameActionEditWindow() (0.1s)&#xD;
Then 1 event in action log of type "Shot" is flagged&#xD;
-&gt; done: ActionLogSteps.ThenEventInActionLogOfTypeIsFlagged(1, Shot) (0.0s)&#xD;
And "This item was flagged by the User." is visible in review action flags dialog&#xD;
-&gt; done: EditWindowFlagsDropDownSteps.ThenIsVisibleInReviewActionFlagsDialog("This item was fla...") (0.0s)&#xD;
sandbox: CleanUpAfterTestRun started.&#xD;
sandbox: application pages != null: True&#xD;
sandbox: web driver!= null: True&#xD;
sandbox: CleanUpAfterTestRun complete.</StdOut>
      </Output>
    </UnitTestResult>
    <UnitTestResult executionId="69c165fd-11c9-4aea-9284-759a745dbf7b" testId="574748ab-0a1d-af9a-cc8d-34771226e0ed" testName="CanOpenExpandedActionLogDuringSubstitutionWorkflow" computerName="EC2AMAZ-JEOO151" duration="00:00:04.8990000" startTime="2019-07-11T18:50:25.0000000+00:00" endTime="2019-07-11T18:50:29.0000000+00:00" testType="13cdc9d9-ddb5-4fa4-a97d-d965ccfc6d4b" outcome="Passed" testListId="8c84fa94-04c1-424b-9868-57a2d4851a1d" relativeResultsDirectory="69c165fd-11c9-4aea-9284-759a745dbf7b">
      <Output>
        <StdOut>sandbox: PrepareForTestRun started.&#xD;
sandbox: football liveStatsApp != null: True &#xD;
sandbox: football liveStatsApp.IsProcessRunning: True &#xD;
sandbox: setupLocalData: localDatabaseProvider != null: True&#xD;
sandbox: applicationPages != null: True&#xD;
sandbox: applicationPages.Webdriver != null: True&#xD;
sandbox: finished setuping local data&#xD;
sandbox: PrepareForTestRun complete.&#xD;
Given Match started with kick off from existing game&#xD;
-&gt; done: SetupGameSteps.GivenMatchStartedWithKickOffButtonFromExistingGame() (3.2s)&#xD;
Given "Substitution" record workflow is started for team "1"&#xD;
-&gt; done: TeamActionButtonSteps.GivenStartedRecordWorkflow(Substitution, 1) (0.5s)&#xD;
When I open Expanded Action log&#xD;
-&gt; done: ActionLogSteps.WhenIClickExpandActionLogButton() (0.1s)&#xD;
Then expanded action log is shown&#xD;
-&gt; done: ExpandedActionLogSteps.ThenExpandedActionLogIsShown() (0.0s)&#xD;
sandbox: CleanUpAfterTestRun started.&#xD;
sandbox: application pages != null: True&#xD;
sandbox: web driver!= null: True&#xD;
sandbox: CleanUpAfterTestRun complete.</StdOut>
      </Output>
    </UnitTestResult>
    <UnitTestResult executionId="257e5962-88e8-4edd-910b-f0686e37f308" testId="ee4da8e7-a93a-1e27-c621-84eb1ad8ccd5" testName="GivenGameInProgress_WhenSelectingPlayerForPenaltyKick_ThenPlayerIsSelectedForPenaltyKick(1,2,5,16,90)" computerName="EC2AMAZ-JEOO151" duration="00:00:16.2350000" startTime="2019-07-11T21:08:48.0000000+00:00" endTime="2019-07-11T21:09:04.0000000+00:00" testType="13cdc9d9-ddb5-4fa4-a97d-d965ccfc6d4b" outcome="Passed" testListId="8c84fa94-04c1-424b-9868-57a2d4851a1d" relativeResultsDirectory="257e5962-88e8-4edd-910b-f0686e37f308">
      <Output>
        <StdOut>sandbox: PrepareForTestRun started.&#xD;
sandbox: football liveStatsApp != null: True &#xD;
sandbox: football liveStatsApp.IsProcessRunning: True &#xD;
sandbox: setupLocalData: localDatabaseProvider != null: True&#xD;
sandbox: applicationPages != null: True&#xD;
sandbox: applicationPages.Webdriver != null: True&#xD;
sandbox: finished setuping local data&#xD;
sandbox: PrepareForTestRun complete.&#xD;
Failed to find element with query '[data-qa='activePitchOverlay']'. Web driver timeout exception.&#xD;
Given action failed. Retrying after a timeout.&#xD;
Failed to find element with query '[data-qa='activePitchOverlay']'. Web driver timeout exception.&#xD;
Failed to find element with query '[data-qa='penaltyRetakeButton']'. Web driver timeout exception.&#xD;
sandbox: CleanUpAfterTestRun started.&#xD;
sandbox: application pages != null: True&#xD;
sandbox: web driver!= null: True&#xD;
sandbox: CleanUpAfterTestRun complete.</StdOut>
      </Output>
    </UnitTestResult>
    <UnitTestResult executionId="a8f44500-e99f-4d14-9d50-e75337787776" testId="6e86560a-66c6-69c9-bcab-294a0c953afa" testName="InsertOffenceFreeKickWithNoPlayersBeforeLastEvent" computerName="EC2AMAZ-JEOO151" duration="00:00:18.6330000" startTime="2019-07-11T18:15:22.0000000+00:00" endTime="2019-07-11T18:15:41.0000000+00:00" testType="13cdc9d9-ddb5-4fa4-a97d-d965ccfc6d4b" outcome="Passed" testListId="8c84fa94-04c1-424b-9868-57a2d4851a1d" relativeResultsDirectory="a8f44500-e99f-4d14-9d50-e75337787776">
      <Output>
        <StdOut>sandbox: PrepareForTestRun started.&#xD;
sandbox: football liveStatsApp != null: True &#xD;
sandbox: football liveStatsApp.IsProcessRunning: True &#xD;
sandbox: setupLocalData: localDatabaseProvider != null: True&#xD;
sandbox: applicationPages != null: True&#xD;
sandbox: applicationPages.Webdriver != null: True&#xD;
sandbox: finished setuping local data&#xD;
sandbox: PrepareForTestRun complete.&#xD;
Given Match started with kick off from existing game&#xD;
-&gt; done: SetupGameSteps.GivenMatchStartedWithKickOffButtonFromExistingGame() (3.3s)&#xD;
And "Yellow" Card for Team 1 is registered&#xD;
Given action failed. Retrying after a timeout.&#xD;
-&gt; done: CardSteps.GivenCardForTeamIsRegistered(Yellow, 1) (3.7s)&#xD;
And Throw in added for Team 1&#xD;
Given action failed. Retrying after a timeout.&#xD;
-&gt; done: ThrowInEditSteps.GivenThrowInAddedForTeam(1) (0.8s)&#xD;
And I clicked on latest "ThrowIn" event in action log&#xD;
-&gt; done: ActionLogSteps.GivenIClickOnLatestEventInActionLog(ThrowIn) (0.2s)&#xD;
And I entered new conceded event time of "0030"&#xD;
-&gt; done: EditFormSteps.GivenIEnterNewConcededEventTimeOf("0030") (1.0s)&#xD;
And I clicked Save button in action edit form&#xD;
-&gt; done: EditFormSteps.ClickSaveButtonInActionEditForm() (0.6s)&#xD;
Given I remembered current players on pitch shirt numbers&#xD;
-&gt; done: GoalEditSteps.GivenIRememberCurrentPlayersOnPitch() (1.2s)&#xD;
When I click Expand Action log button&#xD;
-&gt; done: ActionLogSteps.WhenIClickExpandActionLogButton() (0.1s)&#xD;
And I insert "FreeKick" before last action in expanded action log&#xD;
-&gt; done: ExpandedActionLogSteps.WhenIInsertPenaltyBeforeLastActionInExpandedActionLog(FreeKick) (0.3s)&#xD;
And I enter new conceded event time of "0025"&#xD;
-&gt; done: EditFormSteps.GivenIEnterNewConcededEventTimeOf("0025") (1.0s)&#xD;
And I enter new taken event time of "0026"&#xD;
-&gt; done: EditFormSteps.GivenIEnterNewTakenEventTimeOf("0026") (1.1s)&#xD;
And I click "offence" reason in free kick page&#xD;
-&gt; done: FreeKickEditSteps.WhenIClickButtonInExpandedFreeKickReasonsDialog("offence") (0.1s)&#xD;
And I click Team 1 in edit screen&#xD;
-&gt; done: EditFormSteps.GivenIClickTeamInEditScreen(1) (0.1s)&#xD;
And I click fouled by player by shirt number 6 in freekick edit&#xD;
-&gt; done: FreeKickEditSteps.WhenIClickFouledByPlayerInFreekickEdit(6) (0.4s)&#xD;
And I click no player button in offence on player&#xD;
-&gt; done: FreeKickEditSteps.WhenIClickNoPlayerButtonInOffenceOnPlayer() (0.1s)&#xD;
And I click "Set" button for Free Kick location&#xD;
-&gt; done: FreeKickEditSteps.WhenIClickButtonForFreeKickLocation() (0.1s)&#xD;
And I click on expanded pitch view x 75 y 25&#xD;
-&gt; done: ExpandedPitchPositionDialogSteps.GivenIClickOnExpandedPitchViewXY(75, 25) (0.1s)&#xD;
And I click "Proceed" button on expanded pitch view&#xD;
-&gt; done: ExpandedPitchPositionDialogSteps.GivenIClickButtonOnExpandedPitchView("Proceed") (0.1s)&#xD;
And I click "Set" button for Ball Landing location in freekick edit&#xD;
-&gt; done: FreeKickEditSteps.WhenIClickButtonForBallLandingLocationInFreekickEdit() (0.1s)&#xD;
And I click on expanded pitch view x 80 y 10&#xD;
-&gt; done: ExpandedPitchPositionDialogSteps.GivenIClickOnExpandedPitchViewXY(80, 10) (0.1s)&#xD;
And I click "Proceed" button on expanded pitch view&#xD;
-&gt; done: ExpandedPitchPositionDialogSteps.GivenIClickButtonOnExpandedPitchView("Proceed") (0.1s)&#xD;
And I click Save button in action edit form&#xD;
-&gt; done: EditFormSteps.ClickSaveButtonInActionEditForm() (0.6s)&#xD;
Then freeKick insert view is not visible&#xD;
Failed to find element with query '[data-qa='freeKickEditScreen']'. Web driver timeout exception.&#xD;
-&gt; done: FreeKickEditSteps.ThenFreeKickInsertViewIsNotVisible() (2.1s)&#xD;
And "Offence" Action is displayed at 3 in expanded action log&#xD;
-&gt; done: ExpandedActionLogSteps.ThenGoalActionIsDisplayedAtInExpandedActionLog("Offence", 3) (0.0s)&#xD;
And Action at position 3 contains team 2 name&#xD;
-&gt; done: ExpandedActionLogSteps.ThenActionAtPositionContainsTeam(3, 2) (0.0s)&#xD;
And Action at position 3 player is displayed as 6 on "2" team&#xD;
-&gt; done: ExpandedActionLogSteps.ThenActionAtPositionPlayerIsDisplayedAs(3, 6, 2) (0.1s)&#xD;
And "Free kick" Action is displayed at 2 in expanded action log&#xD;
-&gt; done: ExpandedActionLogSteps.ThenGoalActionIsDisplayedAtInExpandedActionLog("Free kick", 2) (0.1s)&#xD;
And Action at position 2 half is displayed as "H1"&#xD;
-&gt; done: ExpandedActionLogSteps.ThenActionAtPositionHalfIsDisplayedAs(2, "H1") (0.0s)&#xD;
And Action at position 2 time is displayed as "00:25"&#xD;
-&gt; done: ExpandedActionLogSteps.ThenActionAtPositionTimeIsDisplayedAs(2, "00:25") (0.0s)&#xD;
And Action at position 2 first qualifier is displayed as "Offence"&#xD;
-&gt; done: ExpandedActionLogSteps.ThenActionAtPositionFirstQualifiedIsDisplayedAs(2, "Offence") (0.0s)&#xD;
And Action at position 2 do not have second qualifier&#xD;
-&gt; done: ExpandedActionLogSteps.ThenActionAtPositionDoNotHaveSecondQualifier(2) (0.0s)&#xD;
And Action at position 2 contains team 1 name&#xD;
-&gt; done: ExpandedActionLogSteps.ThenActionAtPositionContainsTeam(2, 1) (0.1s)&#xD;
And Action at position 2 do not have player&#xD;
-&gt; done: ExpandedActionLogSteps.ThenActionAtPositionDoNotHavePlayer(2) (0.0s)&#xD;
And Action at position 2 do not have score&#xD;
-&gt; done: ExpandedActionLogSteps.ThenActionAtPositionDoNotHaveScore(2) (0.0s)&#xD;
sandbox: CleanUpAfterTestRun started.&#xD;
sandbox: application pages != null: True&#xD;
sandbox: web driver!= null: True&#xD;
sandbox: CleanUpAfterTestRun complete.</StdOut>
      </Output>
    </UnitTestResult>
    <UnitTestResult executionId="9d1944bf-a823-469b-bdf2-234917d3be60" testId="184db8a1-a1d7-1add-65b8-ac48cd2d0d6b" testName="SelectVarReasonAndOutcome(&quot;Stands&quot;,&quot;Foul&quot;,null)" computerName="EC2AMAZ-JEOO151" duration="00:00:14.4410000" startTime="2019-07-11T18:28:42.0000000+00:00" endTime="2019-07-11T18:28:56.0000000+00:00" testType="13cdc9d9-ddb5-4fa4-a97d-d965ccfc6d4b" outcome="Passed" testListId="8c84fa94-04c1-424b-9868-57a2d4851a1d" relativeResultsDirectory="9d1944bf-a823-469b-bdf2-234917d3be60">
      <Output>
        <StdOut>sandbox: PrepareForTestRun started.&#xD;
sandbox: football liveStatsApp != null: True &#xD;
sandbox: football liveStatsApp.IsProcessRunning: True &#xD;
sandbox: setupLocalData: localDatabaseProvider != null: True&#xD;
sandbox: applicationPages != null: True&#xD;
sandbox: applicationPages.Webdriver != null: True&#xD;
sandbox: finished setuping local data&#xD;
sandbox: PrepareForTestRun complete.&#xD;
Given Match started with kick off from existing game&#xD;
-&gt; done: SetupGameSteps.GivenMatchStartedWithKickOffButtonFromExistingGame() (3.2s)&#xD;
And "Top right" corner added for Team 1&#xD;
Given action failed. Retrying after a timeout.&#xD;
-&gt; done: CornerSteps.GivenCornerAddedForTeam("Top right", 1) (3.3s)&#xD;
And "Yellow" Card for Team 1 is registered&#xD;
Given action failed. Retrying after a timeout.&#xD;
-&gt; done: CardSteps.GivenCardForTeamIsRegistered(Yellow, 1) (3.3s)&#xD;
And I clicked on latest "Corner" event in action log&#xD;
-&gt; done: ActionLogSteps.GivenIClickOnLatestEventInActionLog(Corner) (0.2s)&#xD;
And I entered new conceded event time of "0030"&#xD;
-&gt; done: EditFormSteps.GivenIEnterNewConcededEventTimeOf("0030") (1.0s)&#xD;
And I clicked Save button in action edit form&#xD;
-&gt; done: EditFormSteps.ClickSaveButtonInActionEditForm() (0.6s)&#xD;
And I remembered current players on pitch shirt numbers&#xD;
-&gt; done: GoalEditSteps.GivenIRememberCurrentPlayersOnPitch() (1.1s)&#xD;
When I click Expand Action log button&#xD;
-&gt; done: ActionLogSteps.WhenIClickExpandActionLogButton() (0.1s)&#xD;
And I click last action in expanded action log&#xD;
-&gt; done: ExpandedActionLogSteps.WhenIClickLastActionInExpandedActionLog() (0.1s)&#xD;
And I click insert after button in expanded action log&#xD;
-&gt; done: ExpandedActionLogSteps.WhenIClickInsertAfterButtonInExpandedActionLog() (0.1s)&#xD;
And I click insert Goal button in insert after dropdown&#xD;
-&gt; done: ExpandedActionLogSteps.WhenIClickInsertGoalButtonInInsertAfterDropdown() (0.1s)&#xD;
And I click "VAR" toggle&#xD;
-&gt; done: EditFormSteps.GivenIClickToggleToEnable() (0.1s)&#xD;
And I click Var "Stands" button&#xD;
-&gt; done: EditFormSteps.WhenIClickVarStandsButton() (0.1s)&#xD;
And I click VAR reason button&#xD;
-&gt; done: EditFormSteps.WhenIClickVarReasonButton() (0.0s)&#xD;
And I select VAR reason Foul&#xD;
-&gt; done: EditFormSteps.WhenISelectVarReason("Foul") (0.1s)&#xD;
Then Save button is disabled in action edit form&#xD;
-&gt; done: EditFormSteps.SaveButtonIsDisabled() (0.0s)&#xD;
sandbox: CleanUpAfterTestRun started.&#xD;
sandbox: application pages != null: True&#xD;
sandbox: web driver!= null: True&#xD;
sandbox: CleanUpAfterTestRun complete.</StdOut>
      </Output>
    </UnitTestResult>
    <UnitTestResult executionId="b987b812-2c70-4a43-90f9-6b6765dc20d7" testId="52a01c3d-bc4c-038b-493e-85a8850bed35" testName="GivenGameReadyToKickOff_WhenGoingBackAndEditingAttackDirection_ThenTeamsChangeSidesAndKickOffButtonGrayedOut(1,ToLeft)" computerName="EC2AMAZ-JEOO151" duration="00:00:15.1350000" startTime="2019-07-11T21:34:01.0000000+00:00" endTime="2019-07-11T21:34:16.0000000+00:00" testType="13cdc9d9-ddb5-4fa4-a97d-d965ccfc6d4b" outcome="Failed" testListId="8c84fa94-04c1-424b-9868-57a2d4851a1d" relativeResultsDirectory="b987b812-2c70-4a43-90f9-6b6765dc20d7">
      <Output>
        <StdOut>sandbox: PrepareForTestRun started.&#xD;
sandbox: football liveStatsApp != null: True &#xD;
sandbox: football liveStatsApp.IsProcessRunning: True &#xD;
sandbox: setupLocalData: localDatabaseProvider != null: True&#xD;
sandbox: applicationPages != null: True&#xD;
sandbox: applicationPages.Webdriver != null: True&#xD;
sandbox: finished setuping local data&#xD;
sandbox: PrepareForTestRun complete.&#xD;
Failed to find element with query '[data-qa='attackDirectionDialog']'. Web driver timeout exception.&#xD;
Failed to find data-qa element with tag 'attackDirectionRight'. Element was being searched under parent element which is null.&#xD;
sandbox: CleanUpAfterTestRun started.&#xD;
sandbox: application pages != null: True&#xD;
sandbox: web driver!= null: True&#xD;
Given action failed. Retrying after a timeout. Most likely UI was not fast enough to refresh itself.&#xD;
sandbox: CleanUpAfterTestRun complete.</StdOut>
        <ErrorInfo>
          <Message>System.NullReferenceException : Object reference not set to an instance of an object.</Message>
          <StackTrace>   at GeniusSports.LiveStats.Football.FunctionalTests.WebDrivers.PitchScreen.SelectAttackDirectionDialog.SelectAttackDirection(AttackDirection direction) in C:\GitLab-Runner\builds\wr8MmWYb\0\LiveStats\LiveStats.Football\Source\Test\FunctionalTests\WebDrivers\PitchScreen\PreGameDialogs.cs:line 136&#xD;
   at GeniusSports.LiveStats.Football.FunctionalTests.Tests.PitchScreen.KickOffGameTests.GivenGameReadyToKickOff_WhenGoingBackAndEditingAttackDirection_ThenTeamsChangeSidesAndKickOffButtonGrayedOut(Int32 kickOffTeam, AttackDirection attackDirection) in C:\GitLab-Runner\builds\wr8MmWYb\0\LiveStats\LiveStats.Football\Source\Test\FunctionalTests\Tests\PitchScreen\KickOffGameTests.cs:line 122</StackTrace>
        </ErrorInfo>
      </Output>
    </UnitTestResult>
    <UnitTestResult executionId="596640ee-a926-4067-909a-d32b37eed955" testId="43096a15-c0cc-69f8-22c3-d5e23247a6f4" testName="StaffFiltersNotShowItemsThatAreNotRelatedWithStaff" computerName="EC2AMAZ-JEOO151" duration="00:00:19.1480000" startTime="2019-07-11T19:38:30.0000000+00:00" endTime="2019-07-11T19:38:49.0000000+00:00" testType="13cdc9d9-ddb5-4fa4-a97d-d965ccfc6d4b" outcome="Passed" testListId="8c84fa94-04c1-424b-9868-57a2d4851a1d" relativeResultsDirectory="596640ee-a926-4067-909a-d32b37eed955">
      <Output>
        <StdOut>sandbox: PrepareForTestRun started.&#xD;
sandbox: football liveStatsApp != null: True &#xD;
sandbox: football liveStatsApp.IsProcessRunning: True &#xD;
sandbox: setupLocalData: localDatabaseProvider != null: True&#xD;
sandbox: applicationPages != null: True&#xD;
sandbox: applicationPages.Webdriver != null: True&#xD;
sandbox: finished setuping local data&#xD;
sandbox: PrepareForTestRun complete.&#xD;
Given Match started with kick off from existing game&#xD;
-&gt; done: SetupGameSteps.GivenMatchStartedWithKickOffButtonFromExistingGame() (3.3s)&#xD;
Given registered "Yellow" card for team "1" coach&#xD;
-&gt; done: CardSteps.GivenRegisteredCardForTeamCoach(Yellow, 1) (3.7s)&#xD;
And registered "Red" card for team "1" assistant coach&#xD;
-&gt; done: CardSteps.GivenRegisteredCardForTeamAssistantCoach(Red, 1) (3.4s)&#xD;
And I add a goal for team 1 player 4 assisted by player 6&#xD;
Given action failed. Retrying after a timeout.&#xD;
-&gt; done: GoalSteps.GivenIAddAGoalForTeamPlayerAssistedByPlayer(1, 4, 6) (4.1s)&#xD;
And I finished and proceeded to next phase&#xD;
-&gt; done: PitchClockSteps.WhenIFinishAndProceedToNextPhase() (3.1s)&#xD;
And expanded action log is opened&#xD;
-&gt; done: ActionLogSteps.WhenIClickExpandActionLogButton() (0.3s)&#xD;
And staff filter is expanded&#xD;
-&gt; done: FilterSteps.WhenIExpandStaffFilter() (0.1s)&#xD;
When I select coach filter from team "1"&#xD;
-&gt; done: FilterSteps.WhenISelectCoachFilter(1) (0.1s)&#xD;
And I select assistant coach filter from team "1"&#xD;
-&gt; done: FilterSteps.WhenISelectAssistantCoachFilter(1) (0.1s)&#xD;
Then Expanded action log contains "2" items&#xD;
-&gt; done: ExpandedActionLogSteps.ThenExpandedActionLogContainsItemsCount(2) (0.0s)&#xD;
And Actions are displayed in expanded action log in order:&#xD;
  --- table step argument ---&#xD;
  | expectedType |&#xD;
  | Red Card     |&#xD;
  | Yellow Card  |&#xD;
-&gt; done: ExpandedActionLogSteps.ThenActionsAreDisplayedInActionLogAtPositions(System.Collection...) (0.1s)&#xD;
sandbox: CleanUpAfterTestRun started.&#xD;
sandbox: application pages != null: True&#xD;
sandbox: web driver!= null: True&#xD;
sandbox: CleanUpAfterTestRun complete.</StdOut>
      </Output>
    </UnitTestResult>
    <UnitTestResult executionId="c11770b4-e5a7-47b7-9654-e6f4ce8cced5" testId="b806521c-353e-9515-3cc2-053ec340b7d8" testName="InsertShotOnPenaltyShootoutKickIsPresentedInScoreboard" computerName="EC2AMAZ-JEOO151" duration="00:00:22.6650000" startTime="2019-07-11T18:39:24.0000000+00:00" endTime="2019-07-11T18:39:46.0000000+00:00" testType="13cdc9d9-ddb5-4fa4-a97d-d965ccfc6d4b" outcome="Passed" testListId="8c84fa94-04c1-424b-9868-57a2d4851a1d" relativeResultsDirectory="c11770b4-e5a7-47b7-9654-e6f4ce8cced5">
      <Output>
        <StdOut>sandbox: PrepareForTestRun started.&#xD;
sandbox: football liveStatsApp != null: True &#xD;
sandbox: football liveStatsApp.IsProcessRunning: True &#xD;
sandbox: setupLocalData: localDatabaseProvider != null: True&#xD;
sandbox: applicationPages != null: True&#xD;
sandbox: applicationPages.Webdriver != null: True&#xD;
sandbox: finished setuping local data&#xD;
sandbox: PrepareForTestRun complete.&#xD;
Given penalty shoot-out phase started&#xD;
-&gt; done: PitchClockSteps.GivenGamePenaltyShoot_OutPhaseStarted() (14.7s)&#xD;
And I remembered current players on pitch shirt numbers&#xD;
-&gt; done: GoalEditSteps.GivenIRememberCurrentPlayersOnPitch() (1.2s)&#xD;
And I recorded penalty shoot-out kick "Goal" for team 2 player with shirt number 1&#xD;
-&gt; done: PenaltyShootoutSteps.WhenIRecordPenaltyShoot_OutKickGoalForTeamPlayerWithShirtNumber(2, 1) (2.7s)&#xD;
When I click Expand Action log button&#xD;
-&gt; done: ActionLogSteps.WhenIClickExpandActionLogButton() (0.3s)&#xD;
And I insert "PenaltyShootoutKick" after last action in expanded action log&#xD;
-&gt; done: ExpandedActionLogSteps.WhenIInsertPenaltyAfterLastActionInExpandedActionLog(PenaltyShootoutKick) (0.3s)&#xD;
And I choose player with number 6 from team 1 as penalty taker&#xD;
-&gt; done: PenaltyShootoutEditSteps.WhenIChoosePlayerWithNumberFromTeamAsPenaltyTaker(6, 1) (0.5s)&#xD;
And I click on miss on target result in penalty insert&#xD;
-&gt; done: PenaltyShootoutEditSteps.WhenIClickOnMissOnTargetPenaltyInsert() (0.1s)&#xD;
And I add "top right" shot location in net section&#xD;
-&gt; done: PenaltyShootoutEditSteps.WhenIAddShotLocationInNetSection("top right") (0.3s)&#xD;
And I set penalty retake count to 1 in penalty edit&#xD;
-&gt; done: PenaltyEditSteps.WhenISetRetakeCountTo(1) (0.1s)&#xD;
And I click Save button in action edit form&#xD;
-&gt; done: EditFormSteps.ClickSaveButtonInActionEditForm() (0.6s)&#xD;
And I close expanded action log page&#xD;
-&gt; done: ExpandedActionLogSteps.WhenICloseExpandedActionLogPage() (0.2s)&#xD;
Then Pitch View is shown&#xD;
-&gt; done: PitchScreenSteps.PitchViewIsShown() (0.0s)&#xD;
And Team 1 has 0 penalty shoot-out made in score board&#xD;
-&gt; done: PenaltyShootoutSteps.ThenTeamHasPenaltyShoot_OutMade(1, 0) (0.1s)&#xD;
And Team 1 has 1 penalty shoot-out miss in score board&#xD;
-&gt; done: PenaltyShootoutSteps.ThenTeamHasPenaltyShoot_OutMiss(1, 1) (0.1s)&#xD;
And Team 1 penalty shootout table row 1 contains player with shirt number 6&#xD;
-&gt; done: PenaltyShootoutSteps.ThenTeamPenaltyShootoutTableRowContainsPlayerWithShirtNumber(1, 1, 6) (0.1s)&#xD;
And Team 1 penalty shootout table row 1 contains made result of "Miss"&#xD;
-&gt; done: PenaltyShootoutSteps.ThenTeamPenaltyShootoutTableRowContainsMadeResultOfTrue(1, 1, "Miss") (0.0s)&#xD;
sandbox: CleanUpAfterTestRun started.&#xD;
sandbox: application pages != null: True&#xD;
sandbox: web driver!= null: True&#xD;
sandbox: CleanUpAfterTestRun complete.</StdOut>
      </Output>
    </UnitTestResult>
    <UnitTestResult executionId="753deac7-26e0-4250-b455-51f47d5cc7ed" testId="3733016d-1e43-357d-a866-742e560c03a0" testName="YesOnVARForPenaltyFirstStep(&quot;2&quot;,null)" computerName="EC2AMAZ-JEOO151" duration="00:00:06.3480000" startTime="2019-07-11T19:59:39.0000000+00:00" endTime="2019-07-11T19:59:45.0000000+00:00" testType="13cdc9d9-ddb5-4fa4-a97d-d965ccfc6d4b" outcome="Passed" testListId="8c84fa94-04c1-424b-9868-57a2d4851a1d" relativeResultsDirectory="753deac7-26e0-4250-b455-51f47d5cc7ed">
      <Output>
        <StdOut>sandbox: PrepareForTestRun started.&#xD;
sandbox: football liveStatsApp != null: True &#xD;
sandbox: football liveStatsApp.IsProcessRunning: True &#xD;
sandbox: setupLocalData: localDatabaseProvider != null: True&#xD;
sandbox: applicationPages != null: True&#xD;
sandbox: applicationPages.Webdriver != null: True&#xD;
sandbox: finished setuping local data&#xD;
sandbox: PrepareForTestRun complete.&#xD;
Given Match started with kick off from existing game&#xD;
-&gt; done: SetupGameSteps.GivenMatchStartedWithKickOffButtonFromExistingGame() (3.3s)&#xD;
When I click "Possible Penalty" button for team 2&#xD;
Given action failed. Retrying after a timeout.&#xD;
-&gt; done: TeamActionButtonSteps.GivenIClickPossiblePenaltyButtonForTeam(2) (0.8s)&#xD;
And I click "Possible VAR" Button&#xD;
-&gt; done: WorkflowSteps.WhenIClickButton() (0.1s)&#xD;
And I click "Yes" button in confirmation dialog&#xD;
-&gt; done: WorkflowSteps.WhenIClickYesButtonInConfirmationDialog() (0.2s)&#xD;
Then "Penalty" confirmation dialog is visible&#xD;
-&gt; done: PenaltySteps.ThenPenaltyConfirmationDialogIsVisible() (0.2s)&#xD;
And Latest "Penalty" event is highlighted&#xD;
-&gt; done: ActionLogSteps.ThenCardEventIsHighlighted(Penalty) (0.0s)&#xD;
And VAR label is shown in Penalty event action log&#xD;
-&gt; done: ActionLogSteps.ThenOffenceIsShownInPenaltyEventActionLog("VAR", Penalty) (0.1s)&#xD;
And VAR label of "Penalty" event in action log is in team 2 color&#xD;
-&gt; done: ActionLogSteps.ThenSubItemOfEventInActionLogIsInTeamColor("VAR", Penalty, 2) (0.1s)&#xD;
And VAR label of "Penalty" event in action log contains "Penalty Stands" message&#xD;
-&gt; done: ActionLogSteps.ThenSubItemOfEventInActionLogIsInTeamColor("VAR", Penalty, "Penalty Stands") (0.1s)&#xD;
And All action buttons except card and goal buttons are disabled for both teams&#xD;
-&gt; done: TeamActionButtonSteps.ThenAllActionButtonsExceptCardAndGoalButtonsAreDisabledForBothTeams() (0.6s)&#xD;
And penalty action button is selected for team "2"&#xD;
-&gt; done: TeamActionButtonSteps.ThenPenaltyActionButtonIsSelected(2) (0.0s)&#xD;
sandbox: CleanUpAfterTestRun started.&#xD;
sandbox: application pages != null: True&#xD;
sandbox: web driver!= null: True&#xD;
sandbox: CleanUpAfterTestRun complete.</StdOut>
      </Output>
    </UnitTestResult>
    <UnitTestResult executionId="7a00f01f-3f45-4e5f-b517-98ab1ac7edd1" testId="cce57b44-8dfa-504c-9ea1-a88ffab0efb4" testName="CardEditedWithCoachIsSaved" computerName="EC2AMAZ-JEOO151" duration="00:00:13" startTime="2019-07-11T17:45:27.0000000+00:00" endTime="2019-07-11T17:45:40.0000000+00:00" testType="13cdc9d9-ddb5-4fa4-a97d-d965ccfc6d4b" outcome="Passed" testListId="8c84fa94-04c1-424b-9868-57a2d4851a1d" relativeResultsDirectory="7a00f01f-3f45-4e5f-b517-98ab1ac7edd1">
      <Output>
        <StdOut>sandbox: PrepareForTestRun started.&#xD;
sandbox: football liveStatsApp != null: True &#xD;
sandbox: football liveStatsApp.IsProcessRunning: True &#xD;
sandbox: setupLocalData: localDatabaseProvider != null: True&#xD;
sandbox: applicationPages != null: True&#xD;
sandbox: applicationPages.Webdriver != null: True&#xD;
sandbox: finished setuping local data&#xD;
sandbox: PrepareForTestRun complete.&#xD;
Given Match started with kick off from existing game&#xD;
-&gt; done: SetupGameSteps.GivenMatchStartedWithKickOffButtonFromExistingGame() (3.2s)&#xD;
And I remembered current players on pitch shirt numbers&#xD;
-&gt; done: GoalEditSteps.GivenIRememberCurrentPlayersOnPitch() (1.6s)&#xD;
Given "Yellow" Card for Team "1" player with shirt number "4" is registered&#xD;
Given action failed. Retrying after a timeout.&#xD;
-&gt; done: CardSteps.GivenCardForTeamPlayerWithShirtNumberIsRegistered(Yellow, 1, 4) (3.2s)&#xD;
When I click on latest "Booking" event in action log&#xD;
-&gt; done: ActionLogSteps.GivenIClickOnLatestEventInActionLog(Booking) (0.2s)&#xD;
And I choose coach from expanded team list&#xD;
-&gt; done: CardEditSteps.WhenIChooseCoachFromExpandedTeamList() (0.2s)&#xD;
And I click Save button in action edit form&#xD;
-&gt; done: EditFormSteps.ClickSaveButtonInActionEditForm() (0.6s)&#xD;
Then "yellow" card count for team 1 is 1&#xD;
-&gt; done: ScoreBoardSteps.ThenCardCountForTeamIs("yellow", 1, 1) (0.1s)&#xD;
And "red" card count for team 1 is 0&#xD;
-&gt; done: ScoreBoardSteps.ThenCardCountForTeamIs("red", 1, 0) (0.0s)&#xD;
And coach from team 1 is marked with "Yellow" line&#xD;
-&gt; done: PitchPlayersComponentSteps.ThenCoachIsMarkedWithLine(1, Yellow) (3.0s)&#xD;
sandbox: CleanUpAfterTestRun started.&#xD;
sandbox: application pages != null: True&#xD;
sandbox: web driver!= null: True&#xD;
sandbox: CleanUpAfterTestRun complete.</StdOut>
      </Output>
    </UnitTestResult>
    <UnitTestResult executionId="833cf840-e4e0-4f87-aaeb-8aca6e4efe3c" testId="12a3dfa9-c764-d1b3-161f-0f8d64125a45" testName="GoalKickCanBeFiltered" computerName="EC2AMAZ-JEOO151" duration="00:00:06.7340000" startTime="2019-07-11T19:31:39.0000000+00:00" endTime="2019-07-11T19:31:46.0000000+00:00" testType="13cdc9d9-ddb5-4fa4-a97d-d965ccfc6d4b" outcome="Passed" testListId="8c84fa94-04c1-424b-9868-57a2d4851a1d" relativeResultsDirectory="833cf840-e4e0-4f87-aaeb-8aca6e4efe3c">
      <Output>
        <StdOut>sandbox: PrepareForTestRun started.&#xD;
sandbox: football liveStatsApp != null: True &#xD;
sandbox: football liveStatsApp.IsProcessRunning: True &#xD;
sandbox: setupLocalData: localDatabaseProvider != null: True&#xD;
sandbox: applicationPages != null: True&#xD;
sandbox: applicationPages.Webdriver != null: True&#xD;
sandbox: finished setuping local data&#xD;
sandbox: PrepareForTestRun complete.&#xD;
Given Match started with kick off from existing game&#xD;
-&gt; done: SetupGameSteps.GivenMatchStartedWithKickOffButtonFromExistingGame() (3.3s)&#xD;
Given GoalKick for Team 1 is registered&#xD;
-&gt; done: GoalKickSteps.GivenGoalKickForTeamIsRegistered(1) (0.8s)&#xD;
And Throw in added for Team 1&#xD;
Given action failed. Retrying after a timeout.&#xD;
-&gt; done: ThrowInEditSteps.GivenThrowInAddedForTeam(1) (0.8s)&#xD;
And Injury for Team 1 player with shirt id 4 is registered&#xD;
-&gt; done: PlayerInjuryEditSteps.GivenInjuryForTeamIsRegistered(1, 4) (0.6s)&#xD;
When I open Expanded Action log&#xD;
-&gt; done: ActionLogSteps.WhenIClickExpandActionLogButton() (0.3s)&#xD;
And I select goal kicks filter&#xD;
-&gt; done: FilterSteps.WhenISelectGoalKicksFilter() (0.1s)&#xD;
Then Expanded action log contains "1" items&#xD;
-&gt; done: ExpandedActionLogSteps.ThenExpandedActionLogContainsItemsCount(1) (0.0s)&#xD;
And "Goal Kick" Action is displayed at 1 in expanded action log&#xD;
-&gt; done: ExpandedActionLogSteps.ThenGoalActionIsDisplayedAtInExpandedActionLog("Goal Kick", 1) (0.0s)&#xD;
sandbox: CleanUpAfterTestRun started.&#xD;
sandbox: application pages != null: True&#xD;
sandbox: web driver!= null: True&#xD;
sandbox: CleanUpAfterTestRun complete.</StdOut>
      </Output>
    </UnitTestResult>
    <UnitTestResult executionId="c848b178-78bc-4414-9c48-73ba33427f4b" testId="a7df633d-84ec-905b-3149-3cda13d24f30" testName="GivenGameInProgressWithActiveCouch_WhenDeactivatingCouchWithNoData_ThenCouchDeactivated" computerName="EC2AMAZ-JEOO151" duration="00:00:05.9250000" startTime="2019-07-11T20:06:59.0000000+00:00" endTime="2019-07-11T20:07:05.0000000+00:00" testType="13cdc9d9-ddb5-4fa4-a97d-d965ccfc6d4b" outcome="Passed" testListId="8c84fa94-04c1-424b-9868-57a2d4851a1d" relativeResultsDirectory="c848b178-78bc-4414-9c48-73ba33427f4b">
      <Output>
        <StdOut>sandbox: PrepareForTestRun started.&#xD;
sandbox: football liveStatsApp != null: True &#xD;
sandbox: football liveStatsApp.IsProcessRunning: True &#xD;
sandbox: setupLocalData: localDatabaseProvider != null: True&#xD;
sandbox: applicationPages != null: True&#xD;
sandbox: applicationPages.Webdriver != null: True&#xD;
sandbox: finished setuping local data&#xD;
sandbox: PrepareForTestRun complete.&#xD;
sandbox: CleanUpAfterTestRun started.&#xD;
sandbox: application pages != null: True&#xD;
sandbox: web driver!= null: True&#xD;
sandbox: CleanUpAfterTestRun complete.</StdOut>
      </Output>
    </UnitTestResult>
    <UnitTestResult executionId="60fe3fee-9178-4fae-ac55-b3c1fd1d2319" testId="54a66a51-cc02-a892-1c0f-37881a2a64e0" testName="GivenSeveralActionsWithPlayersRegistered_WhenFilteringByShirtIdOfPlayerWithoutActions_ThenEmptyResultsReturned" computerName="EC2AMAZ-JEOO151" duration="00:00:13.3650000" startTime="2019-07-11T21:22:22.0000000+00:00" endTime="2019-07-11T21:22:35.0000000+00:00" testType="13cdc9d9-ddb5-4fa4-a97d-d965ccfc6d4b" outcome="Passed" testListId="8c84fa94-04c1-424b-9868-57a2d4851a1d" relativeResultsDirectory="60fe3fee-9178-4fae-ac55-b3c1fd1d2319">
      <Output>
        <StdOut>sandbox: PrepareForTestRun started.&#xD;
sandbox: football liveStatsApp != null: True &#xD;
sandbox: football liveStatsApp.IsProcessRunning: True &#xD;
sandbox: setupLocalData: localDatabaseProvider != null: True&#xD;
sandbox: applicationPages != null: True&#xD;
sandbox: applicationPages.Webdriver != null: True&#xD;
sandbox: finished setuping local data&#xD;
sandbox: PrepareForTestRun complete.&#xD;
Given action failed. Retrying after a timeout.&#xD;
Failed to find element with query '[data-qa='expandedActionLogTable']'. Web driver timeout exception.&#xD;
sandbox: CleanUpAfterTestRun started.&#xD;
sandbox: application pages != null: True&#xD;
sandbox: web driver!= null: True&#xD;
sandbox: CleanUpAfterTestRun complete.</StdOut>
      </Output>
    </UnitTestResult>
    <UnitTestResult executionId="15e700de-7431-4fa7-a4e4-b407c88c334d" testId="42b81550-3c14-0024-62dd-189fa8dbb063" testName="EditFreeKickDuringWorkflowFromExpandedActionLog" computerName="EC2AMAZ-JEOO151" duration="00:00:07.0510000" startTime="2019-07-11T17:53:17.0000000+00:00" endTime="2019-07-11T17:53:24.0000000+00:00" testType="13cdc9d9-ddb5-4fa4-a97d-d965ccfc6d4b" outcome="Passed" testListId="8c84fa94-04c1-424b-9868-57a2d4851a1d" relativeResultsDirectory="15e700de-7431-4fa7-a4e4-b407c88c334d">
      <Output>
        <StdOut>sandbox: PrepareForTestRun started.&#xD;
sandbox: football liveStatsApp != null: True &#xD;
sandbox: football liveStatsApp.IsProcessRunning: True &#xD;
sandbox: setupLocalData: localDatabaseProvider != null: True&#xD;
sandbox: applicationPages != null: True&#xD;
sandbox: applicationPages.Webdriver != null: True&#xD;
sandbox: finished setuping local data&#xD;
sandbox: PrepareForTestRun complete.&#xD;
Given Match started with kick off from existing game&#xD;
-&gt; done: SetupGameSteps.GivenMatchStartedWithKickOffButtonFromExistingGame() (3.3s)&#xD;
Given Freekick for Team 1 is registered&#xD;
-&gt; done: FreeKickSteps.GivenFreekickForTeamIsRegistered(1) (1.4s)&#xD;
When I click "Possible Corner" button for team 1&#xD;
-&gt; done: TeamActionButtonSteps.WhenIClickPossibleCornerButtonForTeam(1) (0.5s)&#xD;
And I open Expanded Action log&#xD;
-&gt; done: ActionLogSteps.WhenIClickExpandActionLogButton() (0.1s)&#xD;
And I open latest "FreeKick" action edit view from expanded action log&#xD;
-&gt; done: ExpandedActionLogSteps.WhenIOpenLatestActionEditViewFromExpandedActionLog(FreeKick) (0.1s)&#xD;
And I click Flag &amp; Save button in action edit form&#xD;
-&gt; done: EditFormSteps.ClickFlagAndSaveInActionEditForm() (0.4s)&#xD;
And I close expanded action log page&#xD;
-&gt; done: ExpandedActionLogSteps.WhenICloseExpandedActionLogPage() (0.2s)&#xD;
And I click on "Top right" corner&#xD;
-&gt; done: CornerSteps.WhenIClickOnCorner("Top right") (0.1s)&#xD;
Then "Corner" confirmation dialog is visible&#xD;
-&gt; done: CornerSteps.ThenConfirmationDialogIsVisible() (0.1s)&#xD;
sandbox: CleanUpAfterTestRun started.&#xD;
sandbox: application pages != null: True&#xD;
sandbox: web driver!= null: True&#xD;
sandbox: CleanUpAfterTestRun complete.</StdOut>
      </Output>
    </UnitTestResult>
    <UnitTestResult executionId="ad7b9512-97bd-4ee7-ac96-99851f819e2e" testId="bbc1038f-21df-f758-7f03-90ce862c9d26" testName="CancelFreeKickInsert" computerName="EC2AMAZ-JEOO151" duration="00:00:12.8820000" startTime="2019-07-11T18:13:41.0000000+00:00" endTime="2019-07-11T18:13:54.0000000+00:00" testType="13cdc9d9-ddb5-4fa4-a97d-d965ccfc6d4b" outcome="Passed" testListId="8c84fa94-04c1-424b-9868-57a2d4851a1d" relativeResultsDirectory="ad7b9512-97bd-4ee7-ac96-99851f819e2e">
      <Output>
        <StdOut>sandbox: PrepareForTestRun started.&#xD;
sandbox: football liveStatsApp != null: True &#xD;
sandbox: football liveStatsApp.IsProcessRunning: True &#xD;
sandbox: setupLocalData: localDatabaseProvider != null: True&#xD;
sandbox: applicationPages != null: True&#xD;
sandbox: applicationPages.Webdriver != null: True&#xD;
sandbox: finished setuping local data&#xD;
sandbox: PrepareForTestRun complete.&#xD;
Given Match started with kick off from existing game&#xD;
-&gt; done: SetupGameSteps.GivenMatchStartedWithKickOffButtonFromExistingGame() (3.3s)&#xD;
And "Yellow" Card for Team 1 is registered&#xD;
-&gt; done: CardSteps.GivenCardForTeamIsRegistered(Yellow, 1) (3.4s)&#xD;
And Throw in added for Team 1&#xD;
Given action failed. Retrying after a timeout.&#xD;
-&gt; done: ThrowInEditSteps.GivenThrowInAddedForTeam(1) (0.8s)&#xD;
And I clicked on latest "ThrowIn" event in action log&#xD;
-&gt; done: ActionLogSteps.GivenIClickOnLatestEventInActionLog(ThrowIn) (0.2s)&#xD;
And I entered new conceded event time of "0030"&#xD;
-&gt; done: EditFormSteps.GivenIEnterNewConcededEventTimeOf("0030") (1.0s)&#xD;
And I clicked Save button in action edit form&#xD;
-&gt; done: EditFormSteps.ClickSaveButtonInActionEditForm() (0.6s)&#xD;
When I click Expand Action log button&#xD;
-&gt; done: ActionLogSteps.WhenIClickExpandActionLogButton() (0.1s)&#xD;
And I insert "FreeKick" after last action in expanded action log&#xD;
-&gt; done: ExpandedActionLogSteps.WhenIInsertPenaltyAfterLastActionInExpandedActionLog(FreeKick) (0.3s)&#xD;
And I Click "cancel" Button in insert window&#xD;
-&gt; done: EditFormSteps.GivenIClickCancelButton() (0.1s)&#xD;
Then freeKick insert view is not visible&#xD;
Failed to find element with query '[data-qa='freeKickEditScreen']'. Web driver timeout exception.&#xD;
-&gt; done: FreeKickEditSteps.ThenFreeKickInsertViewIsNotVisible() (2.0s)&#xD;
And "Throw in" Action is displayed at 1 in expanded action log&#xD;
-&gt; done: ExpandedActionLogSteps.ThenGoalActionIsDisplayedAtInExpandedActionLog("Throw in", 1) (0.0s)&#xD;
And "Yellow Card" Action is displayed at 2 in expanded action log&#xD;
-&gt; done: ExpandedActionLogSteps.ThenGoalActionIsDisplayedAtInExpandedActionLog("Yellow Card", 2) (0.0s)&#xD;
And "Kick Off" Action is displayed at 3 in expanded action log&#xD;
-&gt; done: ExpandedActionLogSteps.ThenGoalActionIsDisplayedAtInExpandedActionLog("Kick Off", 3) (0.0s)&#xD;
sandbox: CleanUpAfterTestRun started.&#xD;
sandbox: application pages != null: True&#xD;
sandbox: web driver!= null: True&#xD;
sandbox: CleanUpAfterTestRun complete.</StdOut>
      </Output>
    </UnitTestResult>
    <UnitTestResult executionId="ea4c2131-783b-49d6-8013-a5cf2c1bb2ba" testId="b7ac0ab8-fbfe-7ccd-2479-ffd17ce66903" testName="GivenExpandedLog_WhenInsertingCardBefore_ThenInsertedCorrectly(Red,&quot;red card&quot;)" computerName="EC2AMAZ-JEOO151" duration="00:00:18.7720000" startTime="2019-07-11T20:48:18.0000000+00:00" endTime="2019-07-11T20:48:36.0000000+00:00" testType="13cdc9d9-ddb5-4fa4-a97d-d965ccfc6d4b" outcome="Passed" testListId="8c84fa94-04c1-424b-9868-57a2d4851a1d" relativeResultsDirectory="ea4c2131-783b-49d6-8013-a5cf2c1bb2ba">
      <Output>
        <StdOut>sandbox: PrepareForTestRun started.&#xD;
sandbox: football liveStatsApp != null: True &#xD;
sandbox: football liveStatsApp.IsProcessRunning: True &#xD;
sandbox: setupLocalData: localDatabaseProvider != null: True&#xD;
sandbox: applicationPages != null: True&#xD;
sandbox: applicationPages.Webdriver != null: True&#xD;
sandbox: finished setuping local data&#xD;
sandbox: PrepareForTestRun complete.&#xD;
Failed to find element with query '[data-qa='bookingEditScreen']'. Web driver timeout exception.&#xD;
sandbox: CleanUpAfterTestRun started.&#xD;
sandbox: application pages != null: True&#xD;
sandbox: web driver!= null: True&#xD;
sandbox: CleanUpAfterTestRun complete.</StdOut>
      </Output>
    </UnitTestResult>
    <UnitTestResult executionId="6e52455e-62b6-427b-9abf-c0a8a9b15bed" testId="9e3647e0-66bb-8113-2d16-effb4387a6c3" testName="OffenceCanBeFiltered" computerName="EC2AMAZ-JEOO151" duration="00:00:07.5700000" startTime="2019-07-11T19:32:05.0000000+00:00" endTime="2019-07-11T19:32:12.0000000+00:00" testType="13cdc9d9-ddb5-4fa4-a97d-d965ccfc6d4b" outcome="Passed" testListId="8c84fa94-04c1-424b-9868-57a2d4851a1d" relativeResultsDirectory="6e52455e-62b6-427b-9abf-c0a8a9b15bed">
      <Output>
        <StdOut>sandbox: PrepareForTestRun started.&#xD;
sandbox: football liveStatsApp != null: True &#xD;
sandbox: football liveStatsApp.IsProcessRunning: True &#xD;
sandbox: setupLocalData: localDatabaseProvider != null: True&#xD;
sandbox: applicationPages != null: True&#xD;
sandbox: applicationPages.Webdriver != null: True&#xD;
sandbox: finished setuping local data&#xD;
sandbox: PrepareForTestRun complete.&#xD;
Given Match started with kick off from existing game&#xD;
-&gt; done: SetupGameSteps.GivenMatchStartedWithKickOffButtonFromExistingGame() (3.4s)&#xD;
Given Freekick with offence for Team 1 is registered&#xD;
Given action failed. Retrying after a timeout.&#xD;
-&gt; done: FreeKickSteps.GivenFreekickWithOffenceForTeamIsRegistered(1) (1.7s)&#xD;
And Throw in added for Team 1&#xD;
-&gt; done: ThrowInEditSteps.GivenThrowInAddedForTeam(1) (0.7s)&#xD;
And Injury for Team 1 player with shirt id 4 is registered&#xD;
-&gt; done: PlayerInjuryEditSteps.GivenInjuryForTeamIsRegistered(1, 4) (0.6s)&#xD;
When I open Expanded Action log&#xD;
-&gt; done: ActionLogSteps.WhenIClickExpandActionLogButton() (0.3s)&#xD;
And I select offences filter&#xD;
-&gt; done: FilterSteps.WhenISelectOffencesFilter() (0.1s)&#xD;
Then Expanded action log contains "2" items&#xD;
-&gt; done: ExpandedActionLogSteps.ThenExpandedActionLogContainsItemsCount(2) (0.0s)&#xD;
And Actions are displayed in expanded action log in order:&#xD;
  --- table step argument ---&#xD;
  | expectedType |&#xD;
  | Free Kick    |&#xD;
  | Offence      |&#xD;
-&gt; done: ExpandedActionLogSteps.ThenActionsAreDisplayedInActionLogAtPositions(System.Collection...) (0.1s)&#xD;
sandbox: CleanUpAfterTestRun started.&#xD;
sandbox: application pages != null: True&#xD;
sandbox: web driver!= null: True&#xD;
sandbox: CleanUpAfterTestRun complete.</StdOut>
      </Output>
    </UnitTestResult>
    <UnitTestResult executionId="de5be1c1-af01-4358-8d2c-e77a57e83b7a" testId="b32f2fb2-2d05-eb1b-6fa8-3def892a3b27" testName="InsertGoalWithNoDataAndOverturnedVAR" computerName="EC2AMAZ-JEOO151" duration="00:00:15.3170000" startTime="2019-07-11T18:23:05.0000000+00:00" endTime="2019-07-11T18:23:21.0000000+00:00" testType="13cdc9d9-ddb5-4fa4-a97d-d965ccfc6d4b" outcome="Passed" testListId="8c84fa94-04c1-424b-9868-57a2d4851a1d" relativeResultsDirectory="de5be1c1-af01-4358-8d2c-e77a57e83b7a">
      <Output>
        <StdOut>sandbox: PrepareForTestRun started.&#xD;
sandbox: football liveStatsApp != null: True &#xD;
sandbox: football liveStatsApp.IsProcessRunning: True &#xD;
sandbox: setupLocalData: localDatabaseProvider != null: True&#xD;
sandbox: applicationPages != null: True&#xD;
sandbox: applicationPages.Webdriver != null: True&#xD;
sandbox: finished setuping local data&#xD;
sandbox: PrepareForTestRun complete.&#xD;
Given Match started with kick off from existing game&#xD;
-&gt; done: SetupGameSteps.GivenMatchStartedWithKickOffButtonFromExistingGame() (3.3s)&#xD;
And "Top right" corner added for Team 1&#xD;
Given action failed. Retrying after a timeout.&#xD;
-&gt; done: CornerSteps.GivenCornerAddedForTeam("Top right", 1) (3.3s)&#xD;
And "Yellow" Card for Team 1 is registered&#xD;
-&gt; done: CardSteps.GivenCardForTeamIsRegistered(Yellow, 1) (3.2s)&#xD;
And I clicked on latest "Corner" event in action log&#xD;
-&gt; done: ActionLogSteps.GivenIClickOnLatestEventInActionLog(Corner) (0.2s)&#xD;
And I entered new conceded event time of "0030"&#xD;
-&gt; done: EditFormSteps.GivenIEnterNewConcededEventTimeOf("0030") (1.0s)&#xD;
And I clicked Save button in action edit form&#xD;
-&gt; done: EditFormSteps.ClickSaveButtonInActionEditForm() (0.6s)&#xD;
And I remembered current players on pitch shirt numbers&#xD;
-&gt; done: GoalEditSteps.GivenIRememberCurrentPlayersOnPitch() (1.1s)&#xD;
When I click Expand Action log button&#xD;
-&gt; done: ActionLogSteps.WhenIClickExpandActionLogButton() (0.1s)&#xD;
And I click last action in expanded action log&#xD;
-&gt; done: ExpandedActionLogSteps.WhenIClickLastActionInExpandedActionLog() (0.1s)&#xD;
And I click insert after button in expanded action log&#xD;
-&gt; done: ExpandedActionLogSteps.WhenIClickInsertAfterButtonInExpandedActionLog() (0.1s)&#xD;
And I click insert Goal button in insert after dropdown&#xD;
-&gt; done: ExpandedActionLogSteps.WhenIClickInsertGoalButtonInInsertAfterDropdown() (0.1s)&#xD;
And I click "2" team in Goal by Team&#xD;
-&gt; done: GoalEditSteps.GivenIClickTeamInShotByTeam(2) (0.1s)&#xD;
And I click "VAR" toggle&#xD;
-&gt; done: EditFormSteps.GivenIClickToggleToEnable() (0.1s)&#xD;
And I click Var "Overturned" button&#xD;
-&gt; done: EditFormSteps.WhenIClickVarOverturnedButton() (0.1s)&#xD;
And I click VAR reason button&#xD;
-&gt; done: EditFormSteps.WhenIClickVarReasonButton() (0.0s)&#xD;
And I select VAR reason Offside&#xD;
-&gt; done: EditFormSteps.WhenISelectVarReason("Offside") (0.1s)&#xD;
And I click Save button in action edit form&#xD;
-&gt; done: EditFormSteps.ClickSaveButtonInActionEditForm() (0.6s)&#xD;
Then "Goal" Action is displayed at 2 in expanded action log&#xD;
-&gt; done: ExpandedActionLogSteps.ThenGoalActionIsDisplayedAtInExpandedActionLog("Goal", 2) (0.0s)&#xD;
And Action at position 2 score is displayed as "0 - 0"&#xD;
-&gt; done: ExpandedActionLogSteps.ThenActionAtPositionScoreIsDisplayedAs(2, "0 - 0") (0.0s)&#xD;
And Action at position 2 do not have team&#xD;
-&gt; done: ExpandedActionLogSteps.ThenActionAtPositionDoNotHaveTeam(2) (0.1s)&#xD;
And Action at position 2 do not have player&#xD;
-&gt; done: ExpandedActionLogSteps.ThenActionAtPositionDoNotHavePlayer(2) (0.0s)&#xD;
And Action at position 2 first qualifier is displayed as ""&#xD;
-&gt; done: ExpandedActionLogSteps.ThenActionAtPositionFirstQualifiedIsDisplayedAs(2, "") (0.0s)&#xD;
And Action at position 2 second qualifier is displayed as ""&#xD;
-&gt; done: ExpandedActionLogSteps.ThenActionAtPositionSecondQualifiedIsDisplayedAs(2, "") (0.0s)&#xD;
And "VAR" Action is displayed at 1 in expanded action log&#xD;
-&gt; done: ExpandedActionLogSteps.ThenGoalActionIsDisplayedAtInExpandedActionLog("VAR", 1) (0.0s)&#xD;
sandbox: CleanUpAfterTestRun started.&#xD;
sandbox: application pages != null: True&#xD;
sandbox: web driver!= null: True&#xD;
sandbox: CleanUpAfterTestRun complete.</StdOut>
      </Output>
    </UnitTestResult>
    <UnitTestResult executionId="b01f23d0-b1bf-4ce0-b98b-39e9ffa20ac1" testId="23a2c878-2c55-50c0-3106-95a933b8c5e4" testName="GivenIncorrectStatisticianSupplied_WhenValidating_ShowsDataAndAllowsToPassTab" computerName="EC2AMAZ-JEOO151" duration="00:00:04.9390000" startTime="2019-07-11T20:12:30.0000000+00:00" endTime="2019-07-11T20:12:35.0000000+00:00" testType="13cdc9d9-ddb5-4fa4-a97d-d965ccfc6d4b" outcome="Passed" testListId="8c84fa94-04c1-424b-9868-57a2d4851a1d" relativeResultsDirectory="b01f23d0-b1bf-4ce0-b98b-39e9ffa20ac1">
      <Output>
        <StdOut>sandbox: PrepareForTestRun started.&#xD;
sandbox: football liveStatsApp != null: True &#xD;
sandbox: football liveStatsApp.IsProcessRunning: True &#xD;
sandbox: setupLocalData: localDatabaseProvider != null: True&#xD;
sandbox: applicationPages != null: True&#xD;
sandbox: applicationPages.Webdriver != null: True&#xD;
sandbox: finished setuping local data&#xD;
sandbox: PrepareForTestRun complete.&#xD;
sandbox: CleanUpAfterTestRun started.&#xD;
sandbox: application pages != null: True&#xD;
sandbox: web driver!= null: True&#xD;
Given action failed. Retrying after a timeout. Most likely UI was not fast enough to refresh itself.&#xD;
sandbox: CleanUpAfterTestRun complete.</StdOut>
      </Output>
    </UnitTestResult>
    <UnitTestResult executionId="ae7fac68-8e23-4bf5-bd26-bab5ad00e21b" testId="2831753c-e0a8-cb82-d36a-3e699b2dbfae" testName="AbleToInsertActionsAfterBeforePeriodBreak(&quot;after&quot;,&quot;GameStart&quot;,null)" computerName="EC2AMAZ-JEOO151" duration="00:00:08.1490000" startTime="2019-07-11T18:40:03.0000000+00:00" endTime="2019-07-11T18:40:11.0000000+00:00" testType="13cdc9d9-ddb5-4fa4-a97d-d965ccfc6d4b" outcome="Passed" testListId="8c84fa94-04c1-424b-9868-57a2d4851a1d" relativeResultsDirectory="ae7fac68-8e23-4bf5-bd26-bab5ad00e21b">
      <Output>
        <StdOut>sandbox: PrepareForTestRun started.&#xD;
sandbox: football liveStatsApp != null: True &#xD;
sandbox: football liveStatsApp.IsProcessRunning: True &#xD;
sandbox: setupLocalData: localDatabaseProvider != null: True&#xD;
sandbox: applicationPages != null: True&#xD;
sandbox: applicationPages.Webdriver != null: True&#xD;
sandbox: finished setuping local data&#xD;
sandbox: PrepareForTestRun complete.&#xD;
Given Second period started from existing game&#xD;
-&gt; done: SetupGameSteps.GivenSecondPeriodStartedFromExistingGame() (6.4s)&#xD;
When I click Expand Action log button&#xD;
-&gt; done: ActionLogSteps.WhenIClickExpandActionLogButton() (0.3s)&#xD;
And I select latest "GameStart" action in expanded action log&#xD;
-&gt; done: ExpandedActionLogSteps.WhenISelectLatestActionInExpandedActionLog(GameStart) (0.1s)&#xD;
And I click insert after button in expanded action log&#xD;
-&gt; done: ExpandedActionLogSteps.WhenIClickInsertAfterButtonInExpandedActionLog() (0.1s)&#xD;
Then Insert after drop down should contain all actions&#xD;
-&gt; done: ExpandedActionLogSteps.ThenInsertAfterDropDownShouldContainAllAction() (0.5s)&#xD;
sandbox: CleanUpAfterTestRun started.&#xD;
sandbox: application pages != null: True&#xD;
sandbox: web driver!= null: True&#xD;
sandbox: CleanUpAfterTestRun complete.</StdOut>
      </Output>
    </UnitTestResult>
    <UnitTestResult executionId="d5ae76d3-6f0a-43e4-8560-861e6758e46a" testId="355d4230-d6c3-a319-9aa0-56ddaaef82f0" testName="ShotCompletesCornerWorkflow(&quot;taken&quot;,null)" computerName="EC2AMAZ-JEOO151" duration="00:00:08.3640000" startTime="2019-07-11T19:24:03.0000000+00:00" endTime="2019-07-11T19:24:12.0000000+00:00" testType="13cdc9d9-ddb5-4fa4-a97d-d965ccfc6d4b" outcome="Passed" testListId="8c84fa94-04c1-424b-9868-57a2d4851a1d" relativeResultsDirectory="d5ae76d3-6f0a-43e4-8560-861e6758e46a">
      <Output>
        <StdOut>sandbox: PrepareForTestRun started.&#xD;
sandbox: football liveStatsApp != null: True &#xD;
sandbox: football liveStatsApp.IsProcessRunning: True &#xD;
sandbox: setupLocalData: localDatabaseProvider != null: True&#xD;
sandbox: applicationPages != null: True&#xD;
sandbox: applicationPages.Webdriver != null: True&#xD;
sandbox: finished setuping local data&#xD;
sandbox: PrepareForTestRun complete.&#xD;
Given Match started with kick off from existing game&#xD;
-&gt; done: SetupGameSteps.GivenMatchStartedWithKickOffButtonFromExistingGame() (3.2s)&#xD;
Given Corner for team "1" workflow entered till taken selection&#xD;
-&gt; done: CornerSteps.GivenCornerForTeamAndWorkflowEnteredTillFoulBySelection(1) (3.1s)&#xD;
When I click "Shot" button for team 1&#xD;
Given action failed. Retrying after a timeout.&#xD;
-&gt; done: TeamActionButtonSteps.GivenIClickShotButtonForTeam(1) (0.4s)&#xD;
And I click on team 1 player on pitch with shirt number 13&#xD;
-&gt; done: PitchPlayersComponentSteps.WhenIClickOnTeamPlayerOnPitchWithShirtNumber(1, 13) (0.1s)&#xD;
And I click on pitch x 50 and y 50&#xD;
-&gt; done: PitchScreenSteps.WhenIClickOnPitch(50, 50) (0.2s)&#xD;
And I Click "Shot Blocked" button&#xD;
-&gt; done: ShotRegistrationSteps.WhenClickIShotBlockedButton() (0.1s)&#xD;
Then latest "Corner" action is completed in action log&#xD;
-&gt; done: ActionLogSteps.ThenLatestActionIsCompletedInActionLog(Corner) (0.3s)&#xD;
And latest "Shot" action is completed in action log&#xD;
-&gt; done: ActionLogSteps.ThenLatestActionIsCompletedInActionLog(Shot) (0.1s)&#xD;
And Latest action of type "Corner" is not flagged&#xD;
-&gt; done: ActionLogSteps.ThenLatestEventInActionLogOfTypeIsNotFlagged(Corner) (0.0s)&#xD;
sandbox: CleanUpAfterTestRun started.&#xD;
sandbox: application pages != null: True&#xD;
sandbox: web driver!= null: True&#xD;
sandbox: CleanUpAfterTestRun complete.</StdOut>
      </Output>
    </UnitTestResult>
    <UnitTestResult executionId="9d6adf57-5f3f-4ae7-b068-e0b5b451f263" testId="d541bf76-8abd-5bef-601d-765588aacd98" testName="GoBackToFirstStep(&quot;2&quot;,&quot;1&quot;,null)" computerName="EC2AMAZ-JEOO151" duration="00:00:08.0990000" startTime="2019-07-11T18:56:31.0000000+00:00" endTime="2019-07-11T18:56:39.0000000+00:00" testType="13cdc9d9-ddb5-4fa4-a97d-d965ccfc6d4b" outcome="Passed" testListId="8c84fa94-04c1-424b-9868-57a2d4851a1d" relativeResultsDirectory="9d6adf57-5f3f-4ae7-b068-e0b5b451f263">
      <Output>
        <StdOut>sandbox: PrepareForTestRun started.&#xD;
sandbox: football liveStatsApp != null: True &#xD;
sandbox: football liveStatsApp.IsProcessRunning: True &#xD;
sandbox: setupLocalData: localDatabaseProvider != null: True&#xD;
sandbox: applicationPages != null: True&#xD;
sandbox: applicationPages.Webdriver != null: True&#xD;
sandbox: finished setuping local data&#xD;
sandbox: PrepareForTestRun complete.&#xD;
Given Match started with kick off from existing game&#xD;
-&gt; done: SetupGameSteps.GivenMatchStartedWithKickOffButtonFromExistingGame() (3.2s)&#xD;
When I click Freekick button for team 2&#xD;
-&gt; done: TeamActionButtonSteps.WhenIClickFreekickButtonForTeam(2) (0.6s)&#xD;
And I click on pitch x 20 and y 50&#xD;
-&gt; done: PitchScreenSteps.WhenIClickOnPitch(20, 50) (0.1s)&#xD;
And I click "Foul" button in freekick reason dialog&#xD;
-&gt; done: FreeKickSteps.WhenIClickButtonInFreekickReasonDialog("Foul") (0.2s)&#xD;
And I click player 1 from team 1&#xD;
-&gt; done: PitchPlayersComponentSteps.WhenIClickPlayerFromTeam(1, 1) (0.1s)&#xD;
And I click player 1 from team 2&#xD;
-&gt; done: PitchPlayersComponentSteps.WhenIClickPlayerFromTeam(1, 2) (0.3s)&#xD;
And I click "Back" button in workflow&#xD;
-&gt; done: WorkflowSteps.WhenIClickBackButtonInWorkflow() (0.2s)&#xD;
And I click "Back" button in workflow&#xD;
-&gt; done: WorkflowSteps.WhenIClickBackButtonInWorkflow() (0.1s)&#xD;
And I click "Back" button in workflow&#xD;
-&gt; done: WorkflowSteps.WhenIClickBackButtonInWorkflow() (0.1s)&#xD;
And I click "Back" button in workflow&#xD;
-&gt; done: WorkflowSteps.WhenIClickBackButtonInWorkflow() (0.1s)&#xD;
And I cancel action workflow by clicking "Cancel &amp; Delete" button&#xD;
-&gt; done: WorkflowSteps.WhenICancelActionWorkflowByClickingButton() (0.2s)&#xD;
Then Freekick event is not in Action log&#xD;
-&gt; done: ActionLogSteps.ThenFreekickEventIsNotInActionLog() (2.0s)&#xD;
sandbox: CleanUpAfterTestRun started.&#xD;
sandbox: application pages != null: True&#xD;
sandbox: web driver!= null: True&#xD;
sandbox: CleanUpAfterTestRun complete.</StdOut>
      </Output>
    </UnitTestResult>
    <UnitTestResult executionId="ced64c95-2d10-4fb2-9870-8284d03c6d34" testId="942ced9d-6e83-c15f-48d5-103b0ff318dd" testName="CornerCanBeFiltered" computerName="EC2AMAZ-JEOO151" duration="00:00:09.2010000" startTime="2019-07-11T19:31:01.0000000+00:00" endTime="2019-07-11T19:31:10.0000000+00:00" testType="13cdc9d9-ddb5-4fa4-a97d-d965ccfc6d4b" outcome="Passed" testListId="8c84fa94-04c1-424b-9868-57a2d4851a1d" relativeResultsDirectory="ced64c95-2d10-4fb2-9870-8284d03c6d34">
      <Output>
        <StdOut>sandbox: PrepareForTestRun started.&#xD;
sandbox: football liveStatsApp != null: True &#xD;
sandbox: football liveStatsApp.IsProcessRunning: True &#xD;
sandbox: setupLocalData: localDatabaseProvider != null: True&#xD;
sandbox: applicationPages != null: True&#xD;
sandbox: applicationPages.Webdriver != null: True&#xD;
sandbox: finished setuping local data&#xD;
sandbox: PrepareForTestRun complete.&#xD;
Given Match started with kick off from existing game&#xD;
-&gt; done: SetupGameSteps.GivenMatchStartedWithKickOffButtonFromExistingGame() (3.5s)&#xD;
Given "top right" corner added for Team 1&#xD;
-&gt; done: CornerSteps.GivenCornerAddedForTeam("top right", 1) (3.1s)&#xD;
And Throw in added for Team 1&#xD;
Given action failed. Retrying after a timeout.&#xD;
-&gt; done: ThrowInEditSteps.GivenThrowInAddedForTeam(1) (0.9s)&#xD;
And Injury for Team 1 player with shirt id 4 is registered&#xD;
-&gt; done: PlayerInjuryEditSteps.GivenInjuryForTeamIsRegistered(1, 4) (0.6s)&#xD;
When I open Expanded Action log&#xD;
-&gt; done: ActionLogSteps.WhenIClickExpandActionLogButton() (0.2s)&#xD;
And I select corners filter&#xD;
-&gt; done: FilterSteps.WhenISelectCornersFilter() (0.1s)&#xD;
Then Expanded action log contains "1" items&#xD;
-&gt; done: ExpandedActionLogSteps.ThenExpandedActionLogContainsItemsCount(1) (0.0s)&#xD;
And "Corner" Action is displayed at 1 in expanded action log&#xD;
-&gt; done: ExpandedActionLogSteps.ThenGoalActionIsDisplayedAtInExpandedActionLog("Corner", 1) (0.0s)&#xD;
sandbox: CleanUpAfterTestRun started.&#xD;
sandbox: application pages != null: True&#xD;
sandbox: web driver!= null: True&#xD;
sandbox: CleanUpAfterTestRun complete.</StdOut>
      </Output>
    </UnitTestResult>
    <UnitTestResult executionId="1254c13b-67bf-4cb8-9dfd-8b694e22edd4" testId="dc54ca0b-5c07-c4a8-5212-f3a9e5b55fd7" testName="SecondPenaltyRetake(&quot;2&quot;,&quot;11&quot;,null)" computerName="EC2AMAZ-JEOO151" duration="00:00:11.9150000" startTime="2019-07-11T19:09:30.0000000+00:00" endTime="2019-07-11T19:09:42.0000000+00:00" testType="13cdc9d9-ddb5-4fa4-a97d-d965ccfc6d4b" outcome="Passed" testListId="8c84fa94-04c1-424b-9868-57a2d4851a1d" relativeResultsDirectory="1254c13b-67bf-4cb8-9dfd-8b694e22edd4">
      <Output>
        <StdOut>sandbox: PrepareForTestRun started.&#xD;
sandbox: football liveStatsApp != null: True &#xD;
sandbox: football liveStatsApp.IsProcessRunning: True &#xD;
sandbox: setupLocalData: localDatabaseProvider != null: True&#xD;
sandbox: applicationPages != null: True&#xD;
sandbox: applicationPages.Webdriver != null: True&#xD;
sandbox: finished setuping local data&#xD;
sandbox: PrepareForTestRun complete.&#xD;
Given Match started with kick off from existing game&#xD;
-&gt; done: SetupGameSteps.GivenMatchStartedWithKickOffButtonFromExistingGame() (3.3s)&#xD;
Given penalty "Penalty Shot Off Target" button is selected for player "11" team "2"&#xD;
-&gt; done: PenaltySteps.GivenPenaltyShotOffTargetButtonIsSelected(11, 2) (3.9s)&#xD;
When I retake penalty&#xD;
-&gt; done: PenaltySteps.WhenIClickButton() (0.2s)&#xD;
And I click "Penalty Shot On Target" Button&#xD;
-&gt; done: PenaltySteps.WhenIClickPenaltyShotOnTargetButton() (0.3s)&#xD;
And I retake penalty&#xD;
-&gt; done: PenaltySteps.WhenIClickButton() (0.2s)&#xD;
Then Penalty outcome selection dialog is shown&#xD;
-&gt; done: ShotRegistrationSteps.ThenActionTypeDialogIsShown() (0.2s)&#xD;
And Total of 2 Retake are shown in Penalty event action log&#xD;
-&gt; done: ActionLogSteps.ThenTotalOfRetakeAreShownInPenaltyEventActionLog(2, "Retake", Penalty) (0.2s)&#xD;
And "Penalty Shot Off Target" button is shown&#xD;
-&gt; done: PenaltySteps.ThenPenaltyShotOffTargetButtonIsShown() (0.0s)&#xD;
And "Penalty Shot On Target" button is shown&#xD;
-&gt; done: PenaltySteps.ThenPenaltyShotOnTargetButtonIsShown() (0.0s)&#xD;
And "Penalty Goal" button is shown&#xD;
-&gt; done: PenaltySteps.ThenPenaltyGoalButtonIsShown() (0.0s)&#xD;
And penalty retake is not visible&#xD;
Failed to find element with query '[data-qa='penaltyRetakeButton']'. Web driver timeout exception.&#xD;
-&gt; done: PenaltySteps.ThenPenaltyRetakeIsNotVisible() (2.0s)&#xD;
And All action buttons except card and goal buttons are disabled for both teams&#xD;
-&gt; done: TeamActionButtonSteps.ThenAllActionButtonsExceptCardAndGoalButtonsAreDisabledForBothTeams() (0.6s)&#xD;
And penalty action button is selected for team "2"&#xD;
-&gt; done: TeamActionButtonSteps.ThenPenaltyActionButtonIsSelected(2) (0.0s)&#xD;
sandbox: CleanUpAfterTestRun started.&#xD;
sandbox: application pages != null: True&#xD;
sandbox: web driver!= null: True&#xD;
sandbox: CleanUpAfterTestRun complete.</StdOut>
      </Output>
    </UnitTestResult>
    <UnitTestResult executionId="3f792c0f-7ee6-4cee-b395-2f77a43dadb1" testId="9a5f1a33-fd5d-e608-f3a4-482b392407d2" testName="CannotInsertActionsIntoPeriodBreak(&quot;before&quot;,&quot;GameStart&quot;,null)" computerName="EC2AMAZ-JEOO151" duration="00:00:07.8990000" startTime="2019-07-11T18:43:20.0000000+00:00" endTime="2019-07-11T18:43:28.0000000+00:00" testType="13cdc9d9-ddb5-4fa4-a97d-d965ccfc6d4b" outcome="Passed" testListId="8c84fa94-04c1-424b-9868-57a2d4851a1d" relativeResultsDirectory="3f792c0f-7ee6-4cee-b395-2f77a43dadb1">
      <Output>
        <StdOut>sandbox: PrepareForTestRun started.&#xD;
sandbox: football liveStatsApp != null: True &#xD;
sandbox: football liveStatsApp.IsProcessRunning: True &#xD;
sandbox: setupLocalData: localDatabaseProvider != null: True&#xD;
sandbox: applicationPages != null: True&#xD;
sandbox: applicationPages.Webdriver != null: True&#xD;
sandbox: finished setuping local data&#xD;
sandbox: PrepareForTestRun complete.&#xD;
Given Second period started from existing game&#xD;
-&gt; done: SetupGameSteps.GivenSecondPeriodStartedFromExistingGame() (6.5s)&#xD;
When I click Expand Action log button&#xD;
-&gt; done: ActionLogSteps.WhenIClickExpandActionLogButton() (0.3s)&#xD;
And I select latest "GameStart" action in expanded action log&#xD;
-&gt; done: ExpandedActionLogSteps.WhenISelectLatestActionInExpandedActionLog(GameStart) (0.1s)&#xD;
And I click insert before button in expanded action log&#xD;
-&gt; done: ExpandedActionLogSteps.WhenIClickInsertBeforeButtonInExpandedActionLog() (0.1s)&#xD;
Then Insert before drop down should contain only card, injury and sub&#xD;
-&gt; done: ExpandedActionLogSteps.ThenInsertBeforeDropDownShouldNotContainAction() (0.2s)&#xD;
sandbox: CleanUpAfterTestRun started.&#xD;
sandbox: application pages != null: True&#xD;
sandbox: web driver!= null: True&#xD;
sandbox: CleanUpAfterTestRun complete.</StdOut>
      </Output>
    </UnitTestResult>
    <UnitTestResult executionId="3436393b-70f5-4641-8124-146d1c92bcf0" testId="b2021c3c-fc6b-47f1-cc1b-7aa63fa1552e" testName="GivenFixtureGameStartedAndFilled_WhenClosingWithDiscardAndOpeningAgain_ThenOpensFreshGame" computerName="EC2AMAZ-JEOO151" duration="00:00:09.4190000" startTime="2019-07-11T20:02:30.0000000+00:00" endTime="2019-07-11T20:02:39.0000000+00:00" testType="13cdc9d9-ddb5-4fa4-a97d-d965ccfc6d4b" outcome="Passed" testListId="8c84fa94-04c1-424b-9868-57a2d4851a1d" relativeResultsDirectory="3436393b-70f5-4641-8124-146d1c92bcf0">
      <Output>
        <StdOut>sandbox: PrepareForTestRun started.&#xD;
sandbox: football liveStatsApp != null: True &#xD;
sandbox: football liveStatsApp.IsProcessRunning: True &#xD;
sandbox: setupLocalData: localDatabaseProvider != null: True&#xD;
sandbox: applicationPages != null: True&#xD;
sandbox: applicationPages.Webdriver != null: True&#xD;
sandbox: finished setuping local data&#xD;
sandbox: PrepareForTestRun complete.&#xD;
sandbox: CleanUpAfterTestRun started.&#xD;
sandbox: application pages != null: True&#xD;
sandbox: web driver!= null: True&#xD;
Given action failed. Retrying after a timeout. Most likely UI was not fast enough to refresh itself.&#xD;
sandbox: CleanUpAfterTestRun complete.</StdOut>
      </Output>
    </UnitTestResult>
    <UnitTestResult executionId="96420bcf-ba44-419b-ba94-ec27ad2c5936" testId="a3a948ff-828c-453c-488c-b459ceffe5b2" testName="GivenExpandedActionLog_WhenInsertingThrowInAfterFirst_ThenInsertsCorrectly" computerName="EC2AMAZ-JEOO151" duration="00:00:20.3210000" startTime="2019-07-11T20:52:51.0000000+00:00" endTime="2019-07-11T20:53:11.0000000+00:00" testType="13cdc9d9-ddb5-4fa4-a97d-d965ccfc6d4b" outcome="Passed" testListId="8c84fa94-04c1-424b-9868-57a2d4851a1d" relativeResultsDirectory="96420bcf-ba44-419b-ba94-ec27ad2c5936">
      <Output>
        <StdOut>sandbox: PrepareForTestRun started.&#xD;
sandbox: football liveStatsApp != null: True &#xD;
sandbox: football liveStatsApp.IsProcessRunning: True &#xD;
sandbox: setupLocalData: localDatabaseProvider != null: True&#xD;
sandbox: applicationPages != null: True&#xD;
sandbox: applicationPages.Webdriver != null: True&#xD;
sandbox: finished setuping local data&#xD;
sandbox: PrepareForTestRun complete.&#xD;
Given action failed. Retrying after a timeout.&#xD;
Given action failed. Retrying after a timeout.&#xD;
Failed to find element with query '[data-qa='throwInEditScreen']'. Web driver timeout exception.&#xD;
sandbox: CleanUpAfterTestRun started.&#xD;
sandbox: application pages != null: True&#xD;
sandbox: web driver!= null: True&#xD;
sandbox: CleanUpAfterTestRun complete.</StdOut>
      </Output>
    </UnitTestResult>
    <UnitTestResult executionId="9d1fb288-26ba-43f1-9ff3-c9d1bcde8b51" testId="3fb3ccb0-bd77-b14c-e410-381a3d2c00db" testName="CannotEditCardTimeInPeriodBreak(&quot;after&quot;,&quot;PhaseEnd&quot;,null)" computerName="EC2AMAZ-JEOO151" duration="00:00:09.2180000" startTime="2019-07-11T18:41:33.0000000+00:00" endTime="2019-07-11T18:41:42.0000000+00:00" testType="13cdc9d9-ddb5-4fa4-a97d-d965ccfc6d4b" outcome="Passed" testListId="8c84fa94-04c1-424b-9868-57a2d4851a1d" relativeResultsDirectory="9d1fb288-26ba-43f1-9ff3-c9d1bcde8b51">
      <Output>
        <StdOut>sandbox: PrepareForTestRun started.&#xD;
sandbox: football liveStatsApp != null: True &#xD;
sandbox: football liveStatsApp.IsProcessRunning: True &#xD;
sandbox: setupLocalData: localDatabaseProvider != null: True&#xD;
sandbox: applicationPages != null: True&#xD;
sandbox: applicationPages.Webdriver != null: True&#xD;
sandbox: finished setuping local data&#xD;
sandbox: PrepareForTestRun complete.&#xD;
Given Second period started from existing game&#xD;
-&gt; done: SetupGameSteps.GivenSecondPeriodStartedFromExistingGame() (6.5s)&#xD;
When I insert "Yellow" "Card" after "PhaseEnd"&#xD;
-&gt; done: ExpandedActionLogSteps.WhenIInsertCardAfter("Yellow", Card, PhaseEnd) (1.7s)&#xD;
And I open last "Booking" action edit view from expanded action log&#xD;
-&gt; done: ExpandedActionLogSteps.WhenIOpenLastActionEditViewFromExpandedActionLog(Booking) (0.1s)&#xD;
Then I cannot edit action time&#xD;
-&gt; done: EditFormSteps.ThenICannotEditActionTime() (0.1s)&#xD;
sandbox: CleanUpAfterTestRun started.&#xD;
sandbox: application pages != null: True&#xD;
sandbox: web driver!= null: True&#xD;
sandbox: CleanUpAfterTestRun complete.</StdOut>
      </Output>
    </UnitTestResult>
    <UnitTestResult executionId="ca072a9d-44fb-438a-b664-24003b04a275" testId="50c7a418-ed9b-995c-bc59-f789fbdb912c" testName="TeamFilterOnlyShowsTeamItems" computerName="EC2AMAZ-JEOO151" duration="00:00:06.1280000" startTime="2019-07-11T19:39:10.0000000+00:00" endTime="2019-07-11T19:39:16.0000000+00:00" testType="13cdc9d9-ddb5-4fa4-a97d-d965ccfc6d4b" outcome="Passed" testListId="8c84fa94-04c1-424b-9868-57a2d4851a1d" relativeResultsDirectory="ca072a9d-44fb-438a-b664-24003b04a275">
      <Output>
        <StdOut>sandbox: PrepareForTestRun started.&#xD;
sandbox: football liveStatsApp != null: True &#xD;
sandbox: football liveStatsApp.IsProcessRunning: True &#xD;
sandbox: setupLocalData: localDatabaseProvider != null: True&#xD;
sandbox: applicationPages != null: True&#xD;
sandbox: applicationPages.Webdriver != null: True&#xD;
sandbox: finished setuping local data&#xD;
sandbox: PrepareForTestRun complete.&#xD;
Given Match started with kick off from existing game&#xD;
-&gt; done: SetupGameSteps.GivenMatchStartedWithKickOffButtonFromExistingGame() (3.2s)&#xD;
Given GoalKick for Team 1 is registered&#xD;
-&gt; done: GoalKickSteps.GivenGoalKickForTeamIsRegistered(1) (0.9s)&#xD;
And Throw in added for Team 2&#xD;
-&gt; done: ThrowInEditSteps.GivenThrowInAddedForTeam(2) (0.6s)&#xD;
When I open Expanded Action log&#xD;
-&gt; done: ActionLogSteps.WhenIClickExpandActionLogButton() (0.3s)&#xD;
And I expand Team filter&#xD;
-&gt; done: FilterSteps.WhenIExpandTeamFilter() (0.1s)&#xD;
And I select team "2" filter&#xD;
-&gt; done: FilterSteps.WhenISelectTeamFilter(2) (0.1s)&#xD;
Then Expanded action log contains "2" items&#xD;
-&gt; done: ExpandedActionLogSteps.ThenExpandedActionLogContainsItemsCount(2) (0.0s)&#xD;
And Actions are displayed in expanded action log in order:&#xD;
  --- table step argument ---&#xD;
  | expectedType |&#xD;
  | Throw In     |&#xD;
  | Kick Off     |&#xD;
-&gt; done: ExpandedActionLogSteps.ThenActionsAreDisplayedInActionLogAtPositions(System.Collection...) (0.1s)&#xD;
sandbox: CleanUpAfterTestRun started.&#xD;
sandbox: application pages != null: True&#xD;
sandbox: web driver!= null: True&#xD;
sandbox: CleanUpAfterTestRun complete.</StdOut>
      </Output>
    </UnitTestResult>
    <UnitTestResult executionId="b83b9031-7f47-4848-8934-95722cd97fa1" testId="6ac5ed2d-abfc-3048-f8b7-cad7d6dbab46" testName="SelectOffsideForFreekick(&quot;2&quot;,null)" computerName="EC2AMAZ-JEOO151" duration="00:00:06.6170000" startTime="2019-07-11T18:57:29.0000000+00:00" endTime="2019-07-11T18:57:35.0000000+00:00" testType="13cdc9d9-ddb5-4fa4-a97d-d965ccfc6d4b" outcome="Passed" testListId="8c84fa94-04c1-424b-9868-57a2d4851a1d" relativeResultsDirectory="b83b9031-7f47-4848-8934-95722cd97fa1">
      <Output>
        <StdOut>sandbox: PrepareForTestRun started.&#xD;
sandbox: football liveStatsApp != null: True &#xD;
sandbox: football liveStatsApp.IsProcessRunning: True &#xD;
sandbox: setupLocalData: localDatabaseProvider != null: True&#xD;
sandbox: applicationPages != null: True&#xD;
sandbox: applicationPages.Webdriver != null: True&#xD;
sandbox: finished setuping local data&#xD;
sandbox: PrepareForTestRun complete.&#xD;
Given Match started with kick off from existing game&#xD;
-&gt; done: SetupGameSteps.GivenMatchStartedWithKickOffButtonFromExistingGame() (3.4s)&#xD;
When I click Freekick button for team 2&#xD;
Given action failed. Retrying after a timeout.&#xD;
-&gt; done: TeamActionButtonSteps.WhenIClickFreekickButtonForTeam(2) (0.7s)&#xD;
And I click on pitch x 20 and y 50&#xD;
-&gt; done: PitchScreenSteps.WhenIClickOnPitch(20, 50) (0.1s)&#xD;
And I click "Offside" button in freekick reason dialog&#xD;
-&gt; done: FreeKickSteps.WhenIClickButtonInFreekickReasonDialog("Offside") (0.2s)&#xD;
Then team 1 players are disabled&#xD;
-&gt; done: PitchPlayersComponentSteps.ThenTeamPlayersAreDisabled(1) (0.2s)&#xD;
Then team 2 players are disabled&#xD;
-&gt; done: PitchPlayersComponentSteps.ThenTeamPlayersAreDisabled(2) (0.1s)&#xD;
And "OFFSIDE" is shown in freekick event action&#xD;
-&gt; done: ActionLogSteps.ThenIsShownInFreekickEventAction("OFFSIDE") (0.1s)&#xD;
And Notification "Indicate where the ball has landed..." is shown&#xD;
-&gt; done: PitchBottomMessageBarSteps.ThenIsShown("Indicate where th...") (0.1s)&#xD;
sandbox: CleanUpAfterTestRun started.&#xD;
sandbox: application pages != null: True&#xD;
sandbox: web driver!= null: True&#xD;
sandbox: CleanUpAfterTestRun complete.</StdOut>
      </Output>
    </UnitTestResult>
    <UnitTestResult executionId="9ad5ac1a-f15f-4dfa-9cb5-01c5fc454588" testId="9c5a72b4-9a15-e04e-f20f-8b6eeefebc9c" testName="StartShotFromFreeKickWorkflow(&quot;taken&quot;,&quot;2&quot;,null)" computerName="EC2AMAZ-JEOO151" duration="00:00:07.3000000" startTime="2019-07-11T19:27:24.0000000+00:00" endTime="2019-07-11T19:27:31.0000000+00:00" testType="13cdc9d9-ddb5-4fa4-a97d-d965ccfc6d4b" outcome="Passed" testListId="8c84fa94-04c1-424b-9868-57a2d4851a1d" relativeResultsDirectory="9ad5ac1a-f15f-4dfa-9cb5-01c5fc454588">
      <Output>
        <StdOut>sandbox: PrepareForTestRun started.&#xD;
sandbox: football liveStatsApp != null: True &#xD;
sandbox: football liveStatsApp.IsProcessRunning: True &#xD;
sandbox: setupLocalData: localDatabaseProvider != null: True&#xD;
sandbox: applicationPages != null: True&#xD;
sandbox: applicationPages.Webdriver != null: True&#xD;
sandbox: finished setuping local data&#xD;
sandbox: PrepareForTestRun complete.&#xD;
Given Match started with kick off from existing game&#xD;
-&gt; done: SetupGameSteps.GivenMatchStartedWithKickOffButtonFromExistingGame() (3.2s)&#xD;
Given Free kick for team "2" workflow entered till taken selection&#xD;
Given action failed. Retrying after a timeout.&#xD;
-&gt; done: FreeKickSteps.GivenFreeKickForTeamAndWorkflowEnteredTillTakenSelection(2) (1.7s)&#xD;
When I click "Shot" button for team 2&#xD;
-&gt; done: TeamActionButtonSteps.GivenIClickShotButtonForTeam(2) (0.4s)&#xD;
Then Latest freekick event is in progress&#xD;
-&gt; done: ActionLogSteps.ThenFreekickEventIsNotCompleted() (0.1s)&#xD;
And Latest free kick event is not active&#xD;
-&gt; done: ActionLogSteps.ThenFreeKickEventIsNotActive() (0.0s)&#xD;
And team 2 players are enabled&#xD;
-&gt; done: PitchPlayersComponentSteps.ThenTeamPlayersAreEnabled(2) (0.1s)&#xD;
And Workflow message is shown for "Shot" action&#xD;
-&gt; done: PitchBottomMessageBarSteps.ThenMessageContainsShown("Shot") (0.1s)&#xD;
And Notification "Select shot taker..." is shown&#xD;
-&gt; done: PitchBottomMessageBarSteps.ThenIsShown("Select shot taker...") (0.1s)&#xD;
sandbox: CleanUpAfterTestRun started.&#xD;
sandbox: application pages != null: True&#xD;
sandbox: web driver!= null: True&#xD;
sandbox: CleanUpAfterTestRun complete.</StdOut>
      </Output>
    </UnitTestResult>
    <UnitTestResult executionId="348db932-26c6-45d6-8b07-1946b924da6d" testId="abc33e42-0ff0-18db-5a03-9f2c86a1fab2" testName="SelectFoulForPenalty(&quot;2&quot;,&quot;1&quot;,&quot;10&quot;,&quot;50&quot;,null)" computerName="EC2AMAZ-JEOO151" duration="00:00:13.1000000" startTime="2019-07-11T19:09:55.0000000+00:00" endTime="2019-07-11T19:10:09.0000000+00:00" testType="13cdc9d9-ddb5-4fa4-a97d-d965ccfc6d4b" outcome="Passed" testListId="8c84fa94-04c1-424b-9868-57a2d4851a1d" relativeResultsDirectory="348db932-26c6-45d6-8b07-1946b924da6d">
      <Output>
        <StdOut>sandbox: PrepareForTestRun started.&#xD;
sandbox: football liveStatsApp != null: True &#xD;
sandbox: football liveStatsApp.IsProcessRunning: True &#xD;
sandbox: setupLocalData: localDatabaseProvider != null: True&#xD;
sandbox: applicationPages != null: True&#xD;
sandbox: applicationPages.Webdriver != null: True&#xD;
sandbox: finished setuping local data&#xD;
sandbox: PrepareForTestRun complete.&#xD;
Given Match started with kick off from existing game&#xD;
-&gt; done: SetupGameSteps.GivenMatchStartedWithKickOffButtonFromExistingGame() (3.3s)&#xD;
When I click "Possible Penalty" button for team 2&#xD;
-&gt; done: TeamActionButtonSteps.GivenIClickPossiblePenaltyButtonForTeam(2) (0.5s)&#xD;
And I confirm penalty by clicking "Confirm" button&#xD;
-&gt; done: PenaltySteps.WhenIConfirmPenaltyByClickingButton() (2.2s)&#xD;
And I click on pitch x 10 and y 50&#xD;
Failed to find element with query '[data-qa='activePitchOverlay']'. Web driver timeout exception.&#xD;
Given action failed. Retrying after a timeout.&#xD;
Failed to find element with query '[data-qa='activePitchOverlay']'. Web driver timeout exception.&#xD;
-&gt; done: PitchScreenSteps.WhenIClickOnPitch(10, 50) (4.5s)&#xD;
And I click "Foul" reason button&#xD;
-&gt; done: CardSteps.WhenIClickReasonButton("Foul") (0.2s)&#xD;
Then team 2 players are disabled&#xD;
-&gt; done: PitchPlayersComponentSteps.ThenTeamPlayersAreDisabled(2) (0.2s)&#xD;
And Latest "Penalty" event is highlighted&#xD;
-&gt; done: ActionLogSteps.ThenCardEventIsHighlighted(Penalty) (0.0s)&#xD;
And team 1 players are enabled&#xD;
-&gt; done: PitchPlayersComponentSteps.ThenTeamPlayersAreEnabled(1) (0.1s)&#xD;
And Foul label is shown in Penalty event action log&#xD;
-&gt; done: ActionLogSteps.ThenOffenceIsShownInPenaltyEventActionLog("Foul", Penalty) (0.1s)&#xD;
And Foul label of "Penalty" event in action log is in team 1 color&#xD;
-&gt; done: ActionLogSteps.ThenSubItemOfEventInActionLogIsInTeamColor("Foul", Penalty, 1) (0.1s)&#xD;
And Notification "Select the player that committed the foul..." is shown&#xD;
-&gt; done: PitchBottomMessageBarSteps.ThenIsShown("Select the player...") (0.1s)&#xD;
And "Back" button is shown&#xD;
-&gt; done: WorkflowSteps.ThenBackButtonIsVisible() (0.0s)&#xD;
And "Cancel &amp; Delete" button is shown&#xD;
-&gt; done: WorkflowSteps.ThenCancelAndDeleteButtonIsShown() (0.0s)&#xD;
And Team 1 is shown in Foul label of "Penalty" event in action log&#xD;
-&gt; done: ActionLogSteps.ThenTeamIsShownInSubItemOfEventInActionLog(1, "Foul", Penalty) (0.1s)&#xD;
And All action buttons except card and goal buttons are disabled for both teams&#xD;
-&gt; done: TeamActionButtonSteps.ThenAllActionButtonsExceptCardAndGoalButtonsAreDisabledForBothTeams() (0.6s)&#xD;
And penalty action button is selected for team "2"&#xD;
-&gt; done: TeamActionButtonSteps.ThenPenaltyActionButtonIsSelected(2) (0.0s)&#xD;
sandbox: CleanUpAfterTestRun started.&#xD;
sandbox: application pages != null: True&#xD;
sandbox: web driver!= null: True&#xD;
sandbox: CleanUpAfterTestRun complete.</StdOut>
      </Output>
    </UnitTestResult>
    <UnitTestResult executionId="1c46bcfd-8952-4bd1-8b84-e2cedc14713e" testId="a9f33cc8-2483-d755-ae14-00d4f9f3d242" testName="GivenGameInProgress_WhenAddingYellowAndRedCardsForPlayer_ThenPlayerIsMarkedWithYellowAndRedCards(2,5)" computerName="EC2AMAZ-JEOO151" duration="00:00:11.4350000" startTime="2019-07-11T20:55:15.0000000+00:00" endTime="2019-07-11T20:55:26.0000000+00:00" testType="13cdc9d9-ddb5-4fa4-a97d-d965ccfc6d4b" outcome="Passed" testListId="8c84fa94-04c1-424b-9868-57a2d4851a1d" relativeResultsDirectory="1c46bcfd-8952-4bd1-8b84-e2cedc14713e">
      <Output>
        <StdOut>sandbox: PrepareForTestRun started.&#xD;
sandbox: football liveStatsApp != null: True &#xD;
sandbox: football liveStatsApp.IsProcessRunning: True &#xD;
sandbox: setupLocalData: localDatabaseProvider != null: True&#xD;
sandbox: applicationPages != null: True&#xD;
sandbox: applicationPages.Webdriver != null: True&#xD;
sandbox: finished setuping local data&#xD;
sandbox: PrepareForTestRun complete.&#xD;
Given action failed. Retrying after a timeout.&#xD;
sandbox: CleanUpAfterTestRun started.&#xD;
sandbox: application pages != null: True&#xD;
sandbox: web driver!= null: True&#xD;
sandbox: CleanUpAfterTestRun complete.</StdOut>
      </Output>
    </UnitTestResult>
    <UnitTestResult executionId="724e5587-c4ec-4294-a186-a1b1b64e3b77" testId="b6a2dadc-f84f-8042-c3d4-10e05917e028" testName="CanOpenExpandedActionLogDuringInjuryWorkflow" computerName="EC2AMAZ-JEOO151" duration="00:00:04.7320000" startTime="2019-07-11T18:50:09.0000000+00:00" endTime="2019-07-11T18:50:14.0000000+00:00" testType="13cdc9d9-ddb5-4fa4-a97d-d965ccfc6d4b" outcome="Passed" testListId="8c84fa94-04c1-424b-9868-57a2d4851a1d" relativeResultsDirectory="724e5587-c4ec-4294-a186-a1b1b64e3b77">
      <Output>
        <StdOut>sandbox: PrepareForTestRun started.&#xD;
sandbox: football liveStatsApp != null: True &#xD;
sandbox: football liveStatsApp.IsProcessRunning: True &#xD;
sandbox: setupLocalData: localDatabaseProvider != null: True&#xD;
sandbox: applicationPages != null: True&#xD;
sandbox: applicationPages.Webdriver != null: True&#xD;
sandbox: finished setuping local data&#xD;
sandbox: PrepareForTestRun complete.&#xD;
Given Match started with kick off from existing game&#xD;
-&gt; done: SetupGameSteps.GivenMatchStartedWithKickOffButtonFromExistingGame() (3.2s)&#xD;
When I click Injury icon for team 1&#xD;
-&gt; done: ScoreBoardSteps.WhenIClickInjuryIconForTeam(1) (0.5s)&#xD;
And I open Expanded Action log&#xD;
-&gt; done: ActionLogSteps.WhenIClickExpandActionLogButton() (0.1s)&#xD;
Then expanded action log is shown&#xD;
-&gt; done: ExpandedActionLogSteps.ThenExpandedActionLogIsShown() (0.0s)&#xD;
sandbox: CleanUpAfterTestRun started.&#xD;
sandbox: application pages != null: True&#xD;
sandbox: web driver!= null: True&#xD;
sandbox: CleanUpAfterTestRun complete.</StdOut>
      </Output>
    </UnitTestResult>
    <UnitTestResult executionId="7d95aaab-f577-4b1b-9d6d-e95cb4e24f7e" testId="9dc72f5f-ef18-6d8f-3b12-0bff273e29de" testName="GivenExpandedLog_WhenInsertingCardAfter_ThenScoreboardIsPresentedCorrectly(Yellow,&quot;yellow&quot;,&quot;yellow&quot;,2,0)" computerName="EC2AMAZ-JEOO151" duration="00:00:16.7470000" startTime="2019-07-11T20:46:24.0000000+00:00" endTime="2019-07-11T20:46:40.0000000+00:00" testType="13cdc9d9-ddb5-4fa4-a97d-d965ccfc6d4b" outcome="Passed" testListId="8c84fa94-04c1-424b-9868-57a2d4851a1d" relativeResultsDirectory="7d95aaab-f577-4b1b-9d6d-e95cb4e24f7e">
      <Output>
        <StdOut>sandbox: PrepareForTestRun started.&#xD;
sandbox: football liveStatsApp != null: True &#xD;
sandbox: football liveStatsApp.IsProcessRunning: True &#xD;
sandbox: setupLocalData: localDatabaseProvider != null: True&#xD;
sandbox: applicationPages != null: True&#xD;
sandbox: applicationPages.Webdriver != null: True&#xD;
sandbox: finished setuping local data&#xD;
sandbox: PrepareForTestRun complete.&#xD;
Given action failed. Retrying after a timeout.&#xD;
sandbox: CleanUpAfterTestRun started.&#xD;
sandbox: application pages != null: True&#xD;
sandbox: web driver!= null: True&#xD;
sandbox: CleanUpAfterTestRun complete.</StdOut>
      </Output>
    </UnitTestResult>
    <UnitTestResult executionId="4f089fb1-a9f5-42e6-8d8e-d76ea891cd86" testId="22b5b0e6-3e9d-2853-826a-12bde0ab8ece" testName="SaveClockEdit" computerName="EC2AMAZ-JEOO151" duration="00:00:13.2650000" startTime="2019-07-11T19:30:30.0000000+00:00" endTime="2019-07-11T19:30:43.0000000+00:00" testType="13cdc9d9-ddb5-4fa4-a97d-d965ccfc6d4b" outcome="Passed" testListId="8c84fa94-04c1-424b-9868-57a2d4851a1d" relativeResultsDirectory="4f089fb1-a9f5-42e6-8d8e-d76ea891cd86">
      <Output>
        <StdOut>sandbox: PrepareForTestRun started.&#xD;
sandbox: football liveStatsApp != null: True &#xD;
sandbox: football liveStatsApp.IsProcessRunning: True &#xD;
sandbox: setupLocalData: localDatabaseProvider != null: True&#xD;
sandbox: applicationPages != null: True&#xD;
sandbox: applicationPages.Webdriver != null: True&#xD;
sandbox: finished setuping local data&#xD;
sandbox: PrepareForTestRun complete.&#xD;
Given Game setup is finished&#xD;
-&gt; done: SetupGameSteps.GivenGameSetupIsFinished() (7.8s)&#xD;
And Game is kicked off with timer&#xD;
-&gt; done: PitchClockSteps.GivenGameIsKickedOff() (1.0s)&#xD;
And I wait 2 seconds&#xD;
-&gt; done: PitchClockSteps.GivenIWaitSeconds(2) (2.0s)&#xD;
When I double click on "Clock"&#xD;
-&gt; done: PitchClockSteps.WhenIDoubleClickOnClock() (0.7s)&#xD;
And I click "first minutes number"&#xD;
-&gt; done: PitchClockSteps.WhenIClickFirstMinutesNumber() (0.1s)&#xD;
And I type in value "4415" to clock&#xD;
-&gt; done: PitchClockSteps.WhenITypeInValueToClock(4415) (0.2s)&#xD;
And I click "save time" button&#xD;
-&gt; done: PitchClockSteps.WhenIClickSaveTimeButton() (0.1s)&#xD;
Then Clock value is "44:15"&#xD;
-&gt; done: PitchClockSteps.ThenClockValueIs("44:15") (0.1s)&#xD;
sandbox: CleanUpAfterTestRun started.&#xD;
sandbox: application pages != null: True&#xD;
sandbox: web driver!= null: True&#xD;
sandbox: CleanUpAfterTestRun complete.</StdOut>
      </Output>
    </UnitTestResult>
    <UnitTestResult executionId="6312057d-85bc-48d9-9329-ca3c29f52ec6" testId="6355ed61-5632-c8eb-9efc-f2a1ec331e6e" testName="EditThrowInDuringWorkflowFromExpandedActionLog" computerName="EC2AMAZ-JEOO151" duration="00:00:06.6820000" startTime="2019-07-11T17:55:23.0000000+00:00" endTime="2019-07-11T17:55:30.0000000+00:00" testType="13cdc9d9-ddb5-4fa4-a97d-d965ccfc6d4b" outcome="Passed" testListId="8c84fa94-04c1-424b-9868-57a2d4851a1d" relativeResultsDirectory="6312057d-85bc-48d9-9329-ca3c29f52ec6">
      <Output>
        <StdOut>sandbox: PrepareForTestRun started.&#xD;
sandbox: football liveStatsApp != null: True &#xD;
sandbox: football liveStatsApp.IsProcessRunning: True &#xD;
sandbox: setupLocalData: localDatabaseProvider != null: True&#xD;
sandbox: applicationPages != null: True&#xD;
sandbox: applicationPages.Webdriver != null: True&#xD;
sandbox: finished setuping local data&#xD;
sandbox: PrepareForTestRun complete.&#xD;
Given Match started with kick off from existing game&#xD;
-&gt; done: SetupGameSteps.GivenMatchStartedWithKickOffButtonFromExistingGame() (3.3s)&#xD;
Given Throw in added for Team 1&#xD;
-&gt; done: ThrowInEditSteps.GivenThrowInAddedForTeam(1) (1.0s)&#xD;
When I click Freekick button for team 1&#xD;
Given action failed. Retrying after a timeout.&#xD;
-&gt; done: TeamActionButtonSteps.WhenIClickFreekickButtonForTeam(1) (0.6s)&#xD;
And I open Expanded Action log&#xD;
-&gt; done: ActionLogSteps.WhenIClickExpandActionLogButton() (0.1s)&#xD;
And I open last "ThrowIn" action edit view from expanded action log&#xD;
-&gt; done: ExpandedActionLogSteps.WhenIOpenLastActionEditViewFromExpandedActionLog(ThrowIn) (0.1s)&#xD;
And I click Flag &amp; Save button in action edit form&#xD;
-&gt; done: EditFormSteps.ClickFlagAndSaveInActionEditForm() (0.4s)&#xD;
And I close expanded action log page&#xD;
-&gt; done: ExpandedActionLogSteps.WhenICloseExpandedActionLogPage() (0.2s)&#xD;
Then Pitch View is shown&#xD;
-&gt; done: PitchScreenSteps.PitchViewIsShown() (0.0s)&#xD;
And 1 event in action log of type "ThrowIn" is flagged&#xD;
-&gt; done: ActionLogSteps.ThenEventInActionLogOfTypeIsFlagged(1, ThrowIn) (0.0s)&#xD;
And Notification "Select free kick location..." is shown&#xD;
-&gt; done: PitchBottomMessageBarSteps.ThenIsShown("Select free kick ...") (0.1s)&#xD;
sandbox: CleanUpAfterTestRun started.&#xD;
sandbox: application pages != null: True&#xD;
sandbox: web driver!= null: True&#xD;
sandbox: CleanUpAfterTestRun complete.</StdOut>
      </Output>
    </UnitTestResult>
    <UnitTestResult executionId="23a7f38b-67ca-4b2c-b118-fd5dc26c172c" testId="4e0443d1-afba-cf3a-7874-d9db31d17633" testName="PenaltyGoalAfterPenaltyRetake(&quot;1&quot;,&quot;2&quot;,&quot;90&quot;,&quot;50&quot;,&quot;5&quot;,&quot;16&quot;,null)" computerName="EC2AMAZ-JEOO151" duration="00:00:14.5650000" startTime="2019-07-11T19:06:27.0000000+00:00" endTime="2019-07-11T19:06:41.0000000+00:00" testType="13cdc9d9-ddb5-4fa4-a97d-d965ccfc6d4b" outcome="Passed" testListId="8c84fa94-04c1-424b-9868-57a2d4851a1d" relativeResultsDirectory="23a7f38b-67ca-4b2c-b118-fd5dc26c172c">
      <Output>
        <StdOut>sandbox: PrepareForTestRun started.&#xD;
sandbox: football liveStatsApp != null: True &#xD;
sandbox: football liveStatsApp.IsProcessRunning: True &#xD;
sandbox: setupLocalData: localDatabaseProvider != null: True&#xD;
sandbox: applicationPages != null: True&#xD;
sandbox: applicationPages.Webdriver != null: True&#xD;
sandbox: finished setuping local data&#xD;
sandbox: PrepareForTestRun complete.&#xD;
Given Match started with kick off from existing game&#xD;
-&gt; done: SetupGameSteps.GivenMatchStartedWithKickOffButtonFromExistingGame() (3.3s)&#xD;
When I click "Possible Penalty" button for team 1&#xD;
-&gt; done: TeamActionButtonSteps.GivenIClickPossiblePenaltyButtonForTeam(1) (0.6s)&#xD;
And I confirm penalty by clicking "Confirm" button&#xD;
-&gt; done: PenaltySteps.WhenIConfirmPenaltyByClickingButton() (2.3s)&#xD;
And I click on pitch x 90 and y 50&#xD;
Failed to find element with query '[data-qa='activePitchOverlay']'. Web driver timeout exception.&#xD;
Given action failed. Retrying after a timeout.&#xD;
Failed to find element with query '[data-qa='activePitchOverlay']'. Web driver timeout exception.&#xD;
-&gt; done: PitchScreenSteps.WhenIClickOnPitch(90, 50) (4.5s)&#xD;
And I click "Foul" reason button&#xD;
-&gt; done: CardSteps.WhenIClickReasonButton("Foul") (0.2s)&#xD;
And I click on team 2 player on pitch with shirt number 5&#xD;
-&gt; done: PitchPlayersComponentSteps.WhenIClickOnTeamPlayerOnPitchWithShirtNumber(2, 5) (0.3s)&#xD;
And I click on team 1 player on pitch with shirt number 16&#xD;
-&gt; done: PitchPlayersComponentSteps.WhenIClickOnTeamPlayerOnPitchWithShirtNumber(1, 16) (0.4s)&#xD;
And I click "Penalty Shot Off Target" Button&#xD;
-&gt; done: PenaltySteps.WhenIClickPenaltyShotOffTargetButton() (0.2s)&#xD;
And I click "Retake Penalty" Button&#xD;
-&gt; done: PenaltySteps.WhenIClickButton() (0.2s)&#xD;
And I click "Penalty Goal" Button&#xD;
-&gt; done: PenaltySteps.WhenIClickPenaltyGoalButton() (0.3s)&#xD;
Then "Penalty Goal" confirmation dialog is visible&#xD;
-&gt; done: GoalSteps.ThenConfirmationDialogIsVisible() (0.2s)&#xD;
And Player on pitch 9 of team 1 is shown on dialog&#xD;
-&gt; done: GoalSteps.ThenPlayerOnPitchOfTeamIsShownOnDialog(9, 1) (0.1s)&#xD;
And Score is 1 for team 1&#xD;
-&gt; done: ScoreBoardSteps.ThenScoreIsForTeam(1, 1) (0.1s)&#xD;
And Score is 0 for team 2&#xD;
-&gt; done: ScoreBoardSteps.ThenScoreIsForTeam(0, 2) (0.1s)&#xD;
And "Back" button is shown&#xD;
-&gt; done: WorkflowSteps.ThenBackButtonIsVisible() (0.0s)&#xD;
And "Cancel &amp; Delete" button is shown&#xD;
-&gt; done: WorkflowSteps.ThenCancelAndDeleteButtonIsShown() (0.0s)&#xD;
And Ball icon is shown on player on pitch with shirt number 16 of team 1&#xD;
-&gt; done: PitchPlayersComponentSteps.ThenBallIconIsShownOnPlayerOnPitchWithShirtNumberOfTeamButton(16, 1) (0.2s)&#xD;
And Player on pitch 9 of team 1 is shown in Penalty of "Penalty" event in action log&#xD;
-&gt; done: ActionLogSteps.ThenPlayerOnPitchOfTeamIsShownInGoalOfEventInActionLog(9, 1, "Penalty", Penalty) (0.2s)&#xD;
And All action buttons except card and goal buttons are disabled for both teams&#xD;
-&gt; done: TeamActionButtonSteps.ThenAllActionButtonsExceptCardAndGoalButtonsAreDisabledForBothTeams() (0.6s)&#xD;
And penalty action button is selected for team "1"&#xD;
-&gt; done: TeamActionButtonSteps.ThenPenaltyActionButtonIsSelected(1) (0.0s)&#xD;
sandbox: CleanUpAfterTestRun started.&#xD;
sandbox: application pages != null: True&#xD;
sandbox: web driver!= null: True&#xD;
sandbox: CleanUpAfterTestRun complete.</StdOut>
      </Output>
    </UnitTestResult>
    <UnitTestResult executionId="a4727e90-20a3-4267-8e91-8e82bfb17c69" testId="e428c88c-e076-7d01-b971-a21ef818218b" testName="GivenFootballClockEditStarted_WhenCancelingEdit_ThenClockIsResetToOriginalValue" computerName="EC2AMAZ-JEOO151" duration="00:00:08.4200000" startTime="2019-07-11T21:15:25.0000000+00:00" endTime="2019-07-11T21:15:33.0000000+00:00" testType="13cdc9d9-ddb5-4fa4-a97d-d965ccfc6d4b" outcome="Passed" testListId="8c84fa94-04c1-424b-9868-57a2d4851a1d" relativeResultsDirectory="a4727e90-20a3-4267-8e91-8e82bfb17c69">
      <Output>
        <StdOut>sandbox: PrepareForTestRun started.&#xD;
sandbox: football liveStatsApp != null: True &#xD;
sandbox: football liveStatsApp.IsProcessRunning: True &#xD;
sandbox: setupLocalData: localDatabaseProvider != null: True&#xD;
sandbox: applicationPages != null: True&#xD;
sandbox: applicationPages.Webdriver != null: True&#xD;
sandbox: finished setuping local data&#xD;
sandbox: PrepareForTestRun complete.&#xD;
sandbox: CleanUpAfterTestRun started.&#xD;
sandbox: application pages != null: True&#xD;
sandbox: web driver!= null: True&#xD;
sandbox: CleanUpAfterTestRun complete.</StdOut>
      </Output>
    </UnitTestResult>
    <UnitTestResult executionId="b2300a92-e524-4afd-837e-ba39b32761d8" testId="169260f1-29c4-8298-1fd1-b1ccd331c669" testName="SecondYellowCardsFilterInExpandedLogShowOnlySecondYellowCards" computerName="EC2AMAZ-JEOO151" duration="00:00:15.3290000" startTime="2019-07-11T19:33:40.0000000+00:00" endTime="2019-07-11T19:33:55.0000000+00:00" testType="13cdc9d9-ddb5-4fa4-a97d-d965ccfc6d4b" outcome="Passed" testListId="8c84fa94-04c1-424b-9868-57a2d4851a1d" relativeResultsDirectory="b2300a92-e524-4afd-837e-ba39b32761d8">
      <Output>
        <StdOut>sandbox: PrepareForTestRun started.&#xD;
sandbox: football liveStatsApp != null: True &#xD;
sandbox: football liveStatsApp.IsProcessRunning: True &#xD;
sandbox: setupLocalData: localDatabaseProvider != null: True&#xD;
sandbox: applicationPages != null: True&#xD;
sandbox: applicationPages.Webdriver != null: True&#xD;
sandbox: finished setuping local data&#xD;
sandbox: PrepareForTestRun complete.&#xD;
Given Match started with kick off from existing game&#xD;
-&gt; done: SetupGameSteps.GivenMatchStartedWithKickOffButtonFromExistingGame() (3.4s)&#xD;
And "Red" Card for Team 1 is registered&#xD;
Given action failed. Retrying after a timeout.&#xD;
-&gt; done: CardSteps.GivenCardForTeamIsRegistered(Red, 1) (3.6s)&#xD;
And "Yellow" Card for Team "1" player with shirt number "6" is registered&#xD;
-&gt; done: CardSteps.GivenCardForTeamPlayerWithShirtNumberIsRegistered(Yellow, 1, 6) (3.1s)&#xD;
And "SecondYellow" Card for Team "1" player with shirt number "8" is registered&#xD;
-&gt; done: CardSteps.GivenCardForTeamPlayerWithShirtNumberIsRegistered(SecondYellow, 1, 8) (3.3s)&#xD;
Given GoalKick for Team 1 is registered&#xD;
Given action failed. Retrying after a timeout.&#xD;
-&gt; done: GoalKickSteps.GivenGoalKickForTeamIsRegistered(1) (0.7s)&#xD;
When I open Expanded Action log&#xD;
-&gt; done: ActionLogSteps.WhenIClickExpandActionLogButton() (0.2s)&#xD;
And I expand Cards filter&#xD;
-&gt; done: FilterSteps.WhenIExpandCardsFilter() (0.1s)&#xD;
And I select second yellow cards filter&#xD;
-&gt; done: FilterSteps.WhenISelectSecondYellowCardsFilter() (0.1s)&#xD;
Then Expanded action log contains "1" items&#xD;
-&gt; done: ExpandedActionLogSteps.ThenExpandedActionLogContainsItemsCount(1) (0.0s)&#xD;
And "Second Yellow Card" Action is displayed at 1 in expanded action log&#xD;
-&gt; done: ExpandedActionLogSteps.ThenGoalActionIsDisplayedAtInExpandedActionLog("Second Yellow Card", 1) (0.0s)&#xD;
sandbox: CleanUpAfterTestRun started.&#xD;
sandbox: application pages != null: True&#xD;
sandbox: web driver!= null: True&#xD;
sandbox: CleanUpAfterTestRun complete.</StdOut>
      </Output>
    </UnitTestResult>
    <UnitTestResult executionId="71656b08-4694-4c71-bf52-5cad59fa0dab" testId="e8d90dfe-8834-cd7d-4ecf-0490de9e074d" testName="GivenGameInProgress_WhenGoalWorkflowFinished_ThenScoreUpdatedAndPitchShown" computerName="EC2AMAZ-JEOO151" duration="00:00:10.6840000" startTime="2019-07-11T21:03:50.0000000+00:00" endTime="2019-07-11T21:04:01.0000000+00:00" testType="13cdc9d9-ddb5-4fa4-a97d-d965ccfc6d4b" outcome="Passed" testListId="8c84fa94-04c1-424b-9868-57a2d4851a1d" relativeResultsDirectory="71656b08-4694-4c71-bf52-5cad59fa0dab">
      <Output>
        <StdOut>sandbox: PrepareForTestRun started.&#xD;
sandbox: football liveStatsApp != null: True &#xD;
sandbox: football liveStatsApp.IsProcessRunning: True &#xD;
sandbox: setupLocalData: localDatabaseProvider != null: True&#xD;
sandbox: applicationPages != null: True&#xD;
sandbox: applicationPages.Webdriver != null: True&#xD;
sandbox: finished setuping local data&#xD;
sandbox: PrepareForTestRun complete.&#xD;
Given action failed. Retrying after a timeout.&#xD;
Failed to find element with query '[data-qa='kickOffPrompt']'. Web driver timeout exception.&#xD;
sandbox: CleanUpAfterTestRun started.&#xD;
sandbox: application pages != null: True&#xD;
sandbox: web driver!= null: True&#xD;
sandbox: CleanUpAfterTestRun complete.</StdOut>
      </Output>
    </UnitTestResult>
    <UnitTestResult executionId="b518611c-b098-46fb-b893-f40b391eae38" testId="21674827-1e6f-7aa3-7884-8284165c4572" testName="GivenGameGoalStarted_WhenSelectingPlayer_ThenActionUpdated(2,1)" computerName="EC2AMAZ-JEOO151" duration="00:00:08.0160000" startTime="2019-07-11T21:03:42.0000000+00:00" endTime="2019-07-11T21:03:50.0000000+00:00" testType="13cdc9d9-ddb5-4fa4-a97d-d965ccfc6d4b" outcome="Passed" testListId="8c84fa94-04c1-424b-9868-57a2d4851a1d" relativeResultsDirectory="b518611c-b098-46fb-b893-f40b391eae38">
      <Output>
        <StdOut>sandbox: PrepareForTestRun started.&#xD;
sandbox: football liveStatsApp != null: True &#xD;
sandbox: football liveStatsApp.IsProcessRunning: True &#xD;
sandbox: setupLocalData: localDatabaseProvider != null: True&#xD;
sandbox: applicationPages != null: True&#xD;
sandbox: applicationPages.Webdriver != null: True&#xD;
sandbox: finished setuping local data&#xD;
sandbox: PrepareForTestRun complete.&#xD;
Given action failed. Retrying after a timeout.&#xD;
sandbox: CleanUpAfterTestRun started.&#xD;
sandbox: application pages != null: True&#xD;
sandbox: web driver!= null: True&#xD;
sandbox: CleanUpAfterTestRun complete.</StdOut>
      </Output>
    </UnitTestResult>
    <UnitTestResult executionId="4b680f12-db08-433e-9e75-fc68348b2cda" testId="974090e8-3cf0-4fb7-5ea3-d47ee980423a" testName="GivenGameFinalizeConfirmPrompted_WhenClickingYes_ThenFinalizesGame" computerName="EC2AMAZ-JEOO151" duration="00:00:18.0640000" startTime="2019-07-11T21:38:43.0000000+00:00" endTime="2019-07-11T21:39:01.0000000+00:00" testType="13cdc9d9-ddb5-4fa4-a97d-d965ccfc6d4b" outcome="Passed" testListId="8c84fa94-04c1-424b-9868-57a2d4851a1d" relativeResultsDirectory="4b680f12-db08-433e-9e75-fc68348b2cda">
      <Output>
        <StdOut>sandbox: PrepareForTestRun started.&#xD;
sandbox: football liveStatsApp != null: True &#xD;
sandbox: football liveStatsApp.IsProcessRunning: True &#xD;
sandbox: setupLocalData: localDatabaseProvider != null: True&#xD;
sandbox: applicationPages != null: True&#xD;
sandbox: applicationPages.Webdriver != null: True&#xD;
sandbox: finished setuping local data&#xD;
sandbox: PrepareForTestRun complete.&#xD;
Given action failed. Retrying after a timeout.&#xD;
sandbox: CleanUpAfterTestRun started.&#xD;
sandbox: application pages != null: True&#xD;
sandbox: web driver!= null: True&#xD;
sandbox: CleanUpAfterTestRun complete.</StdOut>
      </Output>
    </UnitTestResult>
    <UnitTestResult executionId="02bef6bf-3a22-414d-a600-852eeb2239ae" testId="2810eee5-cfbd-92f3-6788-92e1c51766d5" testName="GivenSecondExtraTimeHalfEndedInFootball_WhenDeletingHalfEnd_ThenHalfIsBackInProgress" computerName="EC2AMAZ-JEOO151" duration="00:00:18.1650000" startTime="2019-07-11T20:25:37.0000000+00:00" endTime="2019-07-11T20:25:55.0000000+00:00" testType="13cdc9d9-ddb5-4fa4-a97d-d965ccfc6d4b" outcome="Passed" testListId="8c84fa94-04c1-424b-9868-57a2d4851a1d" relativeResultsDirectory="02bef6bf-3a22-414d-a600-852eeb2239ae">
      <Output>
        <StdOut>sandbox: PrepareForTestRun started.&#xD;
sandbox: football liveStatsApp != null: True &#xD;
sandbox: football liveStatsApp.IsProcessRunning: True &#xD;
sandbox: setupLocalData: localDatabaseProvider != null: True&#xD;
sandbox: applicationPages != null: True&#xD;
sandbox: applicationPages.Webdriver != null: True&#xD;
sandbox: finished setuping local data&#xD;
sandbox: PrepareForTestRun complete.&#xD;
sandbox: CleanUpAfterTestRun started.&#xD;
sandbox: application pages != null: True&#xD;
sandbox: web driver!= null: True&#xD;
sandbox: CleanUpAfterTestRun complete.</StdOut>
      </Output>
    </UnitTestResult>
    <UnitTestResult executionId="67f6863a-ff2c-47ad-86b6-48824aa19706" testId="fa747ce4-e0e4-b9b6-8000-0a766fd8a36a" testName="SubstitutionsCanBeFiltered" computerName="EC2AMAZ-JEOO151" duration="00:00:07.8000000" startTime="2019-07-11T19:32:23.0000000+00:00" endTime="2019-07-11T19:32:31.0000000+00:00" testType="13cdc9d9-ddb5-4fa4-a97d-d965ccfc6d4b" outcome="Passed" testListId="8c84fa94-04c1-424b-9868-57a2d4851a1d" relativeResultsDirectory="67f6863a-ff2c-47ad-86b6-48824aa19706">
      <Output>
        <StdOut>sandbox: PrepareForTestRun started.&#xD;
sandbox: football liveStatsApp != null: True &#xD;
sandbox: football liveStatsApp.IsProcessRunning: True &#xD;
sandbox: setupLocalData: localDatabaseProvider != null: True&#xD;
sandbox: applicationPages != null: True&#xD;
sandbox: applicationPages.Webdriver != null: True&#xD;
sandbox: finished setuping local data&#xD;
sandbox: PrepareForTestRun complete.&#xD;
Given Match started with kick off from existing game&#xD;
-&gt; done: SetupGameSteps.GivenMatchStartedWithKickOffButtonFromExistingGame() (3.2s)&#xD;
Given added substitution for in player "24" and out player "4" in team "1"&#xD;
-&gt; done: SubstitutionEditSteps.GivenIAddSubstitutionForBothTeams(24, 4, 1) (2.0s)&#xD;
And Throw in added for Team 1&#xD;
Given action failed. Retrying after a timeout.&#xD;
-&gt; done: ThrowInEditSteps.GivenThrowInAddedForTeam(1) (0.8s)&#xD;
And Injury for Team 1 player with shirt id 6 is registered&#xD;
-&gt; done: PlayerInjuryEditSteps.GivenInjuryForTeamIsRegistered(1, 6) (0.6s)&#xD;
When I open Expanded Action log&#xD;
-&gt; done: ActionLogSteps.WhenIClickExpandActionLogButton() (0.3s)&#xD;
And I select substitutions filter&#xD;
-&gt; done: FilterSteps.WhenISelectSubstitutionsFilter() (0.1s)&#xD;
Then Expanded action log contains "2" items&#xD;
-&gt; done: ExpandedActionLogSteps.ThenExpandedActionLogContainsItemsCount(2) (0.0s)&#xD;
And Actions are displayed in expanded action log in order:&#xD;
  --- table step argument ---&#xD;
  | expectedType |&#xD;
  | Substitution |&#xD;
  | Substitution |&#xD;
-&gt; done: ExpandedActionLogSteps.ThenActionsAreDisplayedInActionLogAtPositions(System.Collection...) (0.1s)&#xD;
sandbox: CleanUpAfterTestRun started.&#xD;
sandbox: application pages != null: True&#xD;
sandbox: web driver!= null: True&#xD;
sandbox: CleanUpAfterTestRun complete.</StdOut>
      </Output>
    </UnitTestResult>
    <UnitTestResult executionId="164c19a8-7c70-4fe2-b42b-ae7511d2103f" testId="795e5286-1277-f509-a808-08c33de21ca9" testName="GivenActionRegistered_WhenDeletingFromExpandedActionLog_ThenDeletedPitchLog(Goal)" computerName="EC2AMAZ-JEOO151" duration="00:00:13.6160000" startTime="2019-07-11T20:17:37.0000000+00:00" endTime="2019-07-11T20:17:50.0000000+00:00" testType="13cdc9d9-ddb5-4fa4-a97d-d965ccfc6d4b" outcome="Passed" testListId="8c84fa94-04c1-424b-9868-57a2d4851a1d" relativeResultsDirectory="164c19a8-7c70-4fe2-b42b-ae7511d2103f">
      <Output>
        <StdOut>sandbox: PrepareForTestRun started.&#xD;
sandbox: football liveStatsApp != null: True &#xD;
sandbox: football liveStatsApp.IsProcessRunning: True &#xD;
sandbox: setupLocalData: localDatabaseProvider != null: True&#xD;
sandbox: applicationPages != null: True&#xD;
sandbox: applicationPages.Webdriver != null: True&#xD;
sandbox: finished setuping local data&#xD;
sandbox: PrepareForTestRun complete.&#xD;
Given action failed. Retrying after a timeout.&#xD;
sandbox: CleanUpAfterTestRun started.&#xD;
sandbox: application pages != null: True&#xD;
sandbox: web driver!= null: True&#xD;
sandbox: CleanUpAfterTestRun complete.</StdOut>
      </Output>
    </UnitTestResult>
    <UnitTestResult executionId="71ae8e2b-1d05-49ad-aae2-22ab77cf1d98" testId="0ca04293-efac-78d1-6558-fc7af529c05b" testName="ConfirmOffencePenalty(&quot;1&quot;,&quot;2&quot;,&quot;90&quot;,&quot;50&quot;,&quot;5&quot;,&quot;4&quot;,null)" computerName="EC2AMAZ-JEOO151" duration="00:00:13.3990000" startTime="2019-07-11T19:02:16.0000000+00:00" endTime="2019-07-11T19:02:29.0000000+00:00" testType="13cdc9d9-ddb5-4fa4-a97d-d965ccfc6d4b" outcome="Passed" testListId="8c84fa94-04c1-424b-9868-57a2d4851a1d" relativeResultsDirectory="71ae8e2b-1d05-49ad-aae2-22ab77cf1d98">
      <Output>
        <StdOut>sandbox: PrepareForTestRun started.&#xD;
sandbox: football liveStatsApp != null: True &#xD;
sandbox: football liveStatsApp.IsProcessRunning: True &#xD;
sandbox: setupLocalData: localDatabaseProvider != null: True&#xD;
sandbox: applicationPages != null: True&#xD;
sandbox: applicationPages.Webdriver != null: True&#xD;
sandbox: finished setuping local data&#xD;
sandbox: PrepareForTestRun complete.&#xD;
Given Match started with kick off from existing game&#xD;
-&gt; done: SetupGameSteps.GivenMatchStartedWithKickOffButtonFromExistingGame() (3.3s)&#xD;
When I click "Possible Penalty" button for team 1&#xD;
-&gt; done: TeamActionButtonSteps.GivenIClickPossiblePenaltyButtonForTeam(1) (0.5s)&#xD;
And I confirm penalty by clicking "Confirm" button&#xD;
-&gt; done: PenaltySteps.WhenIConfirmPenaltyByClickingButton() (2.3s)&#xD;
And I click on pitch x 90 and y 50&#xD;
Failed to find element with query '[data-qa='activePitchOverlay']'. Web driver timeout exception.&#xD;
Given action failed. Retrying after a timeout.&#xD;
Failed to find element with query '[data-qa='activePitchOverlay']'. Web driver timeout exception.&#xD;
-&gt; done: PitchScreenSteps.WhenIClickOnPitch(90, 50) (4.4s)&#xD;
And I click "Offence" reason button&#xD;
-&gt; done: CardSteps.WhenIClickReasonButton("Offence") (0.3s)&#xD;
And I click on team 2 player on pitch with shirt number 5&#xD;
-&gt; done: PitchPlayersComponentSteps.WhenIClickOnTeamPlayerOnPitchWithShirtNumber(2, 5) (0.3s)&#xD;
And I click on team 1 player on pitch with shirt number 4&#xD;
-&gt; done: PitchPlayersComponentSteps.WhenIClickOnTeamPlayerOnPitchWithShirtNumber(1, 4) (0.2s)&#xD;
Then Penalty outcome selection dialog is shown&#xD;
-&gt; done: ShotRegistrationSteps.ThenActionTypeDialogIsShown() (0.1s)&#xD;
And Latest "Penalty" event is in progress&#xD;
-&gt; done: ActionLogSteps.ThenLatestEventInProgress(Penalty) (0.1s)&#xD;
And team 1 players are disabled&#xD;
-&gt; done: PitchPlayersComponentSteps.ThenTeamPlayersAreDisabled(1) (0.1s)&#xD;
And team 2 players are disabled&#xD;
-&gt; done: PitchPlayersComponentSteps.ThenTeamPlayersAreDisabled(2) (0.1s)&#xD;
And "Back" button is shown&#xD;
-&gt; done: WorkflowSteps.ThenBackButtonIsVisible() (0.0s)&#xD;
And "Cancel &amp; Delete" button is shown&#xD;
-&gt; done: WorkflowSteps.ThenCancelAndDeleteButtonIsShown() (0.0s)&#xD;
And Player on pitch by shirt number 4 of team 1 is shown in Penalty of "Penalty" event in action log&#xD;
-&gt; done: ActionLogSteps.ThenPlayerOnPitchByShirtNumberOfTeamIsShownInGoalOfEventInActionLog(4, 1, "Penalty", Penalty) (0.2s)&#xD;
And All action buttons except card and goal buttons are disabled for both teams&#xD;
-&gt; done: TeamActionButtonSteps.ThenAllActionButtonsExceptCardAndGoalButtonsAreDisabledForBothTeams() (0.6s)&#xD;
And penalty action button is selected for team "1"&#xD;
-&gt; done: TeamActionButtonSteps.ThenPenaltyActionButtonIsSelected(1) (0.0s)&#xD;
sandbox: CleanUpAfterTestRun started.&#xD;
sandbox: application pages != null: True&#xD;
sandbox: web driver!= null: True&#xD;
sandbox: CleanUpAfterTestRun complete.</StdOut>
      </Output>
    </UnitTestResult>
    <UnitTestResult executionId="357d56fd-54e2-42ab-b8ef-ee1d3ae1befd" testId="7d2c4bc8-4e35-b08c-9654-bb36b880df85" testName="PenaltyShootOutKickRetake(&quot;Penalty Shot On Target&quot;,null)" computerName="EC2AMAZ-JEOO151" duration="00:00:20.2360000" startTime="2019-07-11T19:15:36.0000000+00:00" endTime="2019-07-11T19:15:57.0000000+00:00" testType="13cdc9d9-ddb5-4fa4-a97d-d965ccfc6d4b" outcome="Passed" testListId="8c84fa94-04c1-424b-9868-57a2d4851a1d" relativeResultsDirectory="357d56fd-54e2-42ab-b8ef-ee1d3ae1befd">
      <Output>
        <StdOut>sandbox: PrepareForTestRun started.&#xD;
sandbox: football liveStatsApp != null: True &#xD;
sandbox: football liveStatsApp.IsProcessRunning: True &#xD;
sandbox: setupLocalData: localDatabaseProvider != null: True&#xD;
sandbox: applicationPages != null: True&#xD;
sandbox: applicationPages.Webdriver != null: True&#xD;
sandbox: finished setuping local data&#xD;
sandbox: PrepareForTestRun complete.&#xD;
Given penalty shoot-out phase started&#xD;
-&gt; done: PitchClockSteps.GivenGamePenaltyShoot_OutPhaseStarted() (14.7s)&#xD;
Given selected player "6" from team "2" for penalty shoot-out kick&#xD;
Given action failed. Retrying after a timeout.&#xD;
-&gt; done: PenaltyShootoutSteps.WhenISelectPlayerFromTeamForPenaltyShootOutKick(6, 2) (0.8s)&#xD;
And selected "Penalty Shot On Target" outcome&#xD;
-&gt; done: PenaltyShootoutSteps.WhenISelectPenaltyShotOnTargetOutcome() (0.1s)&#xD;
When I retake penalty&#xD;
-&gt; done: PenaltySteps.WhenIClickButton() (0.2s)&#xD;
Then Penalty outcome selection dialog is shown&#xD;
-&gt; done: ShotRegistrationSteps.ThenActionTypeDialogIsShown() (0.2s)&#xD;
And Retake label is shown in PenaltyShootout event action log&#xD;
-&gt; done: ActionLogSteps.ThenOffenceIsShownInPenaltyEventActionLog("Retake", PenaltyShootout) (0.1s)&#xD;
And Retake label of "PenaltyShootout" event in action log is in team 2 color&#xD;
-&gt; done: ActionLogSteps.ThenSubItemOfEventInActionLogIsInTeamColor("Retake", PenaltyShootout, 2) (0.1s)&#xD;
And "Penalty Shot Off Target" button is shown&#xD;
-&gt; done: PenaltySteps.ThenPenaltyShotOffTargetButtonIsShown() (0.0s)&#xD;
And "Penalty Shot On Target" button is shown&#xD;
-&gt; done: PenaltySteps.ThenPenaltyShotOnTargetButtonIsShown() (0.0s)&#xD;
And "Penalty Goal" button is shown&#xD;
-&gt; done: PenaltySteps.ThenPenaltyGoalButtonIsShown() (0.0s)&#xD;
And penalty retake is not visible&#xD;
Failed to find element with query '[data-qa='penaltyRetakeButton']'. Web driver timeout exception.&#xD;
-&gt; done: PenaltySteps.ThenPenaltyRetakeIsNotVisible() (2.0s)&#xD;
And "Back" button is shown&#xD;
-&gt; done: WorkflowSteps.ThenBackButtonIsVisible() (0.0s)&#xD;
And Team 2 has 0 penalty shoot-out miss in score board&#xD;
-&gt; done: PenaltyShootoutSteps.ThenTeamHasPenaltyShoot_OutMiss(2, 0) (0.0s)&#xD;
And Team 2 has 0 penalty shoot-out made in score board&#xD;
-&gt; done: PenaltyShootoutSteps.ThenTeamHasPenaltyShoot_OutMade(2, 0) (0.0s)&#xD;
And All action buttons except card buttons are disabled for both teams&#xD;
-&gt; done: TeamActionButtonSteps.ThenAllActionButtonsExceptRedCardButtonAreDisabledForBothTeams() (0.6s)&#xD;
sandbox: CleanUpAfterTestRun started.&#xD;
sandbox: application pages != null: True&#xD;
sandbox: web driver!= null: True&#xD;
sandbox: CleanUpAfterTestRun complete.</StdOut>
      </Output>
    </UnitTestResult>
    <UnitTestResult executionId="bcd9055b-ac49-47f6-915b-805a43c0d8cc" testId="1449addf-8a46-2d41-309a-2822c189c8e5" testName="GivenGameWithLeftPossession_WhenClickingTabButton_ThenSetsPossessionToRightTeam" computerName="EC2AMAZ-JEOO151" duration="00:00:04.8300000" startTime="2019-07-11T21:18:27.0000000+00:00" endTime="2019-07-11T21:18:32.0000000+00:00" testType="13cdc9d9-ddb5-4fa4-a97d-d965ccfc6d4b" outcome="Passed" testListId="8c84fa94-04c1-424b-9868-57a2d4851a1d" relativeResultsDirectory="bcd9055b-ac49-47f6-915b-805a43c0d8cc">
      <Output>
        <StdOut>sandbox: PrepareForTestRun started.&#xD;
sandbox: football liveStatsApp != null: True &#xD;
sandbox: football liveStatsApp.IsProcessRunning: True &#xD;
sandbox: setupLocalData: localDatabaseProvider != null: True&#xD;
sandbox: applicationPages != null: True&#xD;
sandbox: applicationPages.Webdriver != null: True&#xD;
sandbox: finished setuping local data&#xD;
sandbox: PrepareForTestRun complete.&#xD;
sandbox: CleanUpAfterTestRun started.&#xD;
sandbox: application pages != null: True&#xD;
sandbox: web driver!= null: True&#xD;
sandbox: CleanUpAfterTestRun complete.</StdOut>
      </Output>
    </UnitTestResult>
    <UnitTestResult executionId="9fddaf8d-7566-4684-a31f-752f00f9df2a" testId="8953779c-a50a-88a1-9b19-045c77b67e36" testName="GivenPlayersTab_WhenEnteringPlayers_ThenCanProceedToFormations" computerName="EC2AMAZ-JEOO151" duration="00:01:17.3110000" startTime="2019-07-11T20:10:48.0000000+00:00" endTime="2019-07-11T20:12:05.0000000+00:00" testType="13cdc9d9-ddb5-4fa4-a97d-d965ccfc6d4b" outcome="Passed" testListId="8c84fa94-04c1-424b-9868-57a2d4851a1d" relativeResultsDirectory="9fddaf8d-7566-4684-a31f-752f00f9df2a">
      <Output>
        <StdOut>sandbox: PrepareForTestRun started.&#xD;
sandbox: football liveStatsApp != null: True &#xD;
sandbox: football liveStatsApp.IsProcessRunning: True &#xD;
sandbox: setupLocalData: localDatabaseProvider != null: True&#xD;
sandbox: applicationPages != null: True&#xD;
sandbox: applicationPages.Webdriver != null: True&#xD;
sandbox: finished setuping local data&#xD;
sandbox: PrepareForTestRun complete.&#xD;
sandbox: CleanUpAfterTestRun started.&#xD;
sandbox: application pages != null: True&#xD;
sandbox: web driver!= null: True&#xD;
Given action failed. Retrying after a timeout. Most likely UI was not fast enough to refresh itself.&#xD;
sandbox: CleanUpAfterTestRun complete.</StdOut>
      </Output>
    </UnitTestResult>
    <UnitTestResult executionId="fdde9ae7-631e-4af4-85da-75b994b0e7bf" testId="1407b4a8-ad1d-da96-eab0-21cf14cca9b4" testName="SelectPenaltyLocation(&quot;1&quot;,&quot;2&quot;,&quot;90&quot;,&quot;50&quot;,null)" computerName="EC2AMAZ-JEOO151" duration="00:00:12.2500000" startTime="2019-07-11T19:11:07.0000000+00:00" endTime="2019-07-11T19:11:20.0000000+00:00" testType="13cdc9d9-ddb5-4fa4-a97d-d965ccfc6d4b" outcome="Passed" testListId="8c84fa94-04c1-424b-9868-57a2d4851a1d" relativeResultsDirectory="fdde9ae7-631e-4af4-85da-75b994b0e7bf">
      <Output>
        <StdOut>sandbox: PrepareForTestRun started.&#xD;
sandbox: football liveStatsApp != null: True &#xD;
sandbox: football liveStatsApp.IsProcessRunning: True &#xD;
sandbox: setupLocalData: localDatabaseProvider != null: True&#xD;
sandbox: applicationPages != null: True&#xD;
sandbox: applicationPages.Webdriver != null: True&#xD;
sandbox: finished setuping local data&#xD;
sandbox: PrepareForTestRun complete.&#xD;
Given Match started with kick off from existing game&#xD;
-&gt; done: SetupGameSteps.GivenMatchStartedWithKickOffButtonFromExistingGame() (3.3s)&#xD;
When I click "Possible Penalty" button for team 1&#xD;
-&gt; done: TeamActionButtonSteps.GivenIClickPossiblePenaltyButtonForTeam(1) (0.5s)&#xD;
And I confirm penalty by clicking "Confirm" button&#xD;
-&gt; done: PenaltySteps.WhenIConfirmPenaltyByClickingButton() (2.2s)&#xD;
And I click on pitch x 90 and y 50&#xD;
Failed to find element with query '[data-qa='activePitchOverlay']'. Web driver timeout exception.&#xD;
Given action failed. Retrying after a timeout.&#xD;
Failed to find element with query '[data-qa='activePitchOverlay']'. Web driver timeout exception.&#xD;
-&gt; done: PitchScreenSteps.WhenIClickOnPitch(90, 50) (4.4s)&#xD;
Then Reasons dialog for penalty is shown with title "Reason for Penalty?"&#xD;
-&gt; done: PenaltySteps.ThenReasonsDialogForPenaltyIsShownWithTitle("Reason for Penalty?") (0.2s)&#xD;
And Latest "Penalty" event is highlighted&#xD;
-&gt; done: ActionLogSteps.ThenCardEventIsHighlighted(Penalty) (0.0s)&#xD;
And "Foul" reason button is shown&#xD;
-&gt; done: PenaltySteps.ThenFoulReasonButtonIsShown() (0.0s)&#xD;
And "Offence" reason button is shown&#xD;
-&gt; done: PenaltySteps.ThenOffenceReasonButtonIsShown() (0.0s)&#xD;
And "Back" button is shown&#xD;
-&gt; done: WorkflowSteps.ThenBackButtonIsVisible() (0.0s)&#xD;
And "Cancel &amp; Delete" button is shown&#xD;
-&gt; done: WorkflowSteps.ThenCancelAndDeleteButtonIsShown() (0.0s)&#xD;
And All action buttons except card and goal buttons are disabled for both teams&#xD;
-&gt; done: TeamActionButtonSteps.ThenAllActionButtonsExceptCardAndGoalButtonsAreDisabledForBothTeams() (0.6s)&#xD;
And penalty action button is selected for team "1"&#xD;
-&gt; done: TeamActionButtonSteps.ThenPenaltyActionButtonIsSelected(1) (0.0s)&#xD;
sandbox: CleanUpAfterTestRun started.&#xD;
sandbox: application pages != null: True&#xD;
sandbox: web driver!= null: True&#xD;
sandbox: CleanUpAfterTestRun complete.</StdOut>
      </Output>
    </UnitTestResult>
    <UnitTestResult executionId="bdb60c6c-9060-4ce8-83d7-0b1f97564e01" testId="b8603ca2-faf5-7420-1ff2-ebda2290fe51" testName="DisableVARInGoalInsert" computerName="EC2AMAZ-JEOO151" duration="00:00:14.5670000" startTime="2019-07-11T18:22:36.0000000+00:00" endTime="2019-07-11T18:22:51.0000000+00:00" testType="13cdc9d9-ddb5-4fa4-a97d-d965ccfc6d4b" outcome="Passed" testListId="8c84fa94-04c1-424b-9868-57a2d4851a1d" relativeResultsDirectory="bdb60c6c-9060-4ce8-83d7-0b1f97564e01">
      <Output>
        <StdOut>sandbox: PrepareForTestRun started.&#xD;
sandbox: football liveStatsApp != null: True &#xD;
sandbox: football liveStatsApp.IsProcessRunning: True &#xD;
sandbox: setupLocalData: localDatabaseProvider != null: True&#xD;
sandbox: applicationPages != null: True&#xD;
sandbox: applicationPages.Webdriver != null: True&#xD;
sandbox: finished setuping local data&#xD;
sandbox: PrepareForTestRun complete.&#xD;
Given Match started with kick off from existing game&#xD;
-&gt; done: SetupGameSteps.GivenMatchStartedWithKickOffButtonFromExistingGame() (3.3s)&#xD;
And "Top right" corner added for Team 1&#xD;
-&gt; done: CornerSteps.GivenCornerAddedForTeam("Top right", 1) (3.2s)&#xD;
And "Yellow" Card for Team 1 is registered&#xD;
Given action failed. Retrying after a timeout.&#xD;
-&gt; done: CardSteps.GivenCardForTeamIsRegistered(Yellow, 1) (3.4s)&#xD;
And I clicked on latest "Corner" event in action log&#xD;
-&gt; done: ActionLogSteps.GivenIClickOnLatestEventInActionLog(Corner) (0.2s)&#xD;
And I entered new conceded event time of "0030"&#xD;
-&gt; done: EditFormSteps.GivenIEnterNewConcededEventTimeOf("0030") (1.0s)&#xD;
And I clicked Save button in action edit form&#xD;
-&gt; done: EditFormSteps.ClickSaveButtonInActionEditForm() (0.6s)&#xD;
And I remembered current players on pitch shirt numbers&#xD;
-&gt; done: GoalEditSteps.GivenIRememberCurrentPlayersOnPitch() (1.1s)&#xD;
When I click Expand Action log button&#xD;
-&gt; done: ActionLogSteps.WhenIClickExpandActionLogButton() (0.1s)&#xD;
And I click last action in expanded action log&#xD;
-&gt; done: ExpandedActionLogSteps.WhenIClickLastActionInExpandedActionLog() (0.2s)&#xD;
And I click insert after button in expanded action log&#xD;
-&gt; done: ExpandedActionLogSteps.WhenIClickInsertAfterButtonInExpandedActionLog() (0.1s)&#xD;
And I click insert Goal button in insert after dropdown&#xD;
-&gt; done: ExpandedActionLogSteps.WhenIClickInsertGoalButtonInInsertAfterDropdown() (0.1s)&#xD;
When I click "VAR" toggle&#xD;
-&gt; done: EditFormSteps.GivenIClickToggleToEnable() (0.1s)&#xD;
And I click "VAR" toggle&#xD;
-&gt; done: EditFormSteps.GivenIClickToggleToEnable() (0.1s)&#xD;
Then "Stands" outcome button is disabled&#xD;
-&gt; done: EditFormSteps.GivenStandsOutcomeButtonIsDisabled() (0.0s)&#xD;
And "Overturned" outcome button is disabled&#xD;
-&gt; done: EditFormSteps.GivenOverturnedOutcomeButtonIsDisabled() (0.0s)&#xD;
And "Foul" VAR reason button is disabled&#xD;
-&gt; done: EditFormSteps.GivenVarFoulReasonIsDisabled() (0.0s)&#xD;
And "Offence" VAR reason button is disabled&#xD;
-&gt; done: EditFormSteps.GivenVarOffenceReasonIsDisabled() (0.0s)&#xD;
And "Offside" VAR reason button is disabled&#xD;
-&gt; done: EditFormSteps.GivenVarOffsideReasonIsDisabled() (0.0s)&#xD;
sandbox: CleanUpAfterTestRun started.&#xD;
sandbox: application pages != null: True&#xD;
sandbox: web driver!= null: True&#xD;
sandbox: CleanUpAfterTestRun complete.</StdOut>
      </Output>
    </UnitTestResult>
    <UnitTestResult executionId="59e713ee-1e49-4ee6-a65c-44ebb21129a4" testId="e26e38af-6253-68e2-b0fc-b6a3b720ce0e" testName="GivenGameReadyToKickOff_WhenGoingBackAndEditingAttackDirection_ThenTeamsChangeSidesAndKickOffButtonGrayedOut(1,ToRight)" computerName="EC2AMAZ-JEOO151" duration="00:00:10.5490000" startTime="2019-07-11T21:34:27.0000000+00:00" endTime="2019-07-11T21:34:37.0000000+00:00" testType="13cdc9d9-ddb5-4fa4-a97d-d965ccfc6d4b" outcome="Passed" testListId="8c84fa94-04c1-424b-9868-57a2d4851a1d" relativeResultsDirectory="59e713ee-1e49-4ee6-a65c-44ebb21129a4">
      <Output>
        <StdOut>sandbox: PrepareForTestRun started.&#xD;
sandbox: football liveStatsApp != null: True &#xD;
sandbox: football liveStatsApp.IsProcessRunning: True &#xD;
sandbox: setupLocalData: localDatabaseProvider != null: True&#xD;
sandbox: applicationPages != null: True&#xD;
sandbox: applicationPages.Webdriver != null: True&#xD;
sandbox: finished setuping local data&#xD;
sandbox: PrepareForTestRun complete.&#xD;
sandbox: CleanUpAfterTestRun started.&#xD;
sandbox: application pages != null: True&#xD;
sandbox: web driver!= null: True&#xD;
sandbox: CleanUpAfterTestRun complete.</StdOut>
      </Output>
    </UnitTestResult>
    <UnitTestResult executionId="7609e9e9-78cf-4186-abd6-61324073cd9c" testId="a31ea1ce-0eb0-cb0f-88af-a7d7264afb65" testName="InsertSubstitutionIsShownOnPitchPlayer(&quot;after&quot;,&quot;0035&quot;,&quot;00:35&quot;,&quot;1&quot;,&quot;2&quot;,null)" computerName="EC2AMAZ-JEOO151" duration="00:00:18.6510000" startTime="2019-07-11T18:48:25.0000000+00:00" endTime="2019-07-11T18:48:43.0000000+00:00" testType="13cdc9d9-ddb5-4fa4-a97d-d965ccfc6d4b" outcome="Passed" testListId="8c84fa94-04c1-424b-9868-57a2d4851a1d" relativeResultsDirectory="7609e9e9-78cf-4186-abd6-61324073cd9c">
      <Output>
        <StdOut>sandbox: PrepareForTestRun started.&#xD;
sandbox: football liveStatsApp != null: True &#xD;
sandbox: football liveStatsApp.IsProcessRunning: True &#xD;
sandbox: setupLocalData: localDatabaseProvider != null: True&#xD;
sandbox: applicationPages != null: True&#xD;
sandbox: applicationPages.Webdriver != null: True&#xD;
sandbox: finished setuping local data&#xD;
sandbox: PrepareForTestRun complete.&#xD;
Given Match started with kick off from existing game&#xD;
-&gt; done: SetupGameSteps.GivenMatchStartedWithKickOffButtonFromExistingGame() (3.3s)&#xD;
And "Yellow" Card for Team 1 is registered&#xD;
-&gt; done: CardSteps.GivenCardForTeamIsRegistered(Yellow, 1) (3.4s)&#xD;
And "Top right" corner added for Team 1&#xD;
-&gt; done: CornerSteps.GivenCornerAddedForTeam("Top right", 1) (2.8s)&#xD;
And I clicked on latest "Corner" event in action log&#xD;
-&gt; done: ActionLogSteps.GivenIClickOnLatestEventInActionLog(Corner) (0.2s)&#xD;
And I entered new conceded event time of "0030"&#xD;
-&gt; done: EditFormSteps.GivenIEnterNewConcededEventTimeOf("0030") (1.0s)&#xD;
And I clicked Save button in action edit form&#xD;
-&gt; done: EditFormSteps.ClickSaveButtonInActionEditForm() (0.6s)&#xD;
And I remembered current players on pitch shirt numbers&#xD;
-&gt; done: GoalEditSteps.GivenIRememberCurrentPlayersOnPitch() (1.1s)&#xD;
When I click Expand Action log button&#xD;
-&gt; done: ActionLogSteps.WhenIClickExpandActionLogButton() (0.1s)&#xD;
And I insert "Substitute" after "Corner"&#xD;
-&gt; done: ExpandedActionLogSteps.WhenIInsertActionAfterContainer(Substitute, Corner) (0.4s)&#xD;
And I enter new conceded event time of "0035"&#xD;
-&gt; done: EditFormSteps.GivenIEnterNewConcededEventTimeOf("0035") (0.9s)&#xD;
And I click team 1 in edit form&#xD;
-&gt; done: EditFormSteps.WhenIClickTeamInEditForm(1) (0.1s)&#xD;
And I click player with shirt number 24 from "bench" list&#xD;
-&gt; done: SubstitutionEditSteps.WhenIClickPlayerWithShirtNumberFromList(24, "bench") (0.3s)&#xD;
And I click player with shirt number 4 from "pitch" list&#xD;
-&gt; done: SubstitutionEditSteps.WhenIClickPlayerWithShirtNumberFromList(4, "pitch") (0.2s)&#xD;
And I click Save button in action edit form&#xD;
-&gt; done: EditFormSteps.ClickSaveButtonInActionEditForm() (0.6s)&#xD;
And I close expanded action log page&#xD;
-&gt; done: ExpandedActionLogSteps.WhenICloseExpandedActionLogPage() (0.2s)&#xD;
Then Substitution insert view is not visible&#xD;
Failed to find element with query '[data-qa='subsEditWrapper']'. Web driver timeout exception.&#xD;
-&gt; done: SubstitutionEditSteps.ThenSubstitutionEditViewIsNotVisible() (2.0s)&#xD;
And player with shirt number 24 of team 1 is on pitch&#xD;
-&gt; done: PitchPlayersComponentSteps.ThenWithShirtNumberFromTeamIsOnPitch(24, 1) (0.3s)&#xD;
And player with shirt number 4 of team 1 is not on pitch&#xD;
-&gt; done: PitchPlayersComponentSteps.ThenWithShirtNumberFromTeamIsNotOnPitch(4, 1) (0.2s)&#xD;
sandbox: CleanUpAfterTestRun started.&#xD;
sandbox: application pages != null: True&#xD;
sandbox: web driver!= null: True&#xD;
sandbox: CleanUpAfterTestRun complete.</StdOut>
      </Output>
    </UnitTestResult>
    <UnitTestResult executionId="d0d7cb65-fea3-415d-94bf-8fd5e1cdf949" testId="9b379b60-d147-8bde-5cd1-c98a2648a9b2" testName="LoadGameUsingMatchKeyDialogIsAvailable" computerName="EC2AMAZ-JEOO151" duration="00:00:01.0930000" startTime="2019-07-11T17:40:03.0000000+00:00" endTime="2019-07-11T17:40:04.0000000+00:00" testType="13cdc9d9-ddb5-4fa4-a97d-d965ccfc6d4b" outcome="Passed" testListId="8c84fa94-04c1-424b-9868-57a2d4851a1d" relativeResultsDirectory="d0d7cb65-fea3-415d-94bf-8fd5e1cdf949">
      <Output>
        <StdOut>sandbox: PrepareForTestRun started.&#xD;
sandbox: football liveStatsApp != null: True &#xD;
sandbox: football liveStatsApp.IsProcessRunning: True &#xD;
sandbox: setupLocalData: localDatabaseProvider != null: True&#xD;
sandbox: applicationPages != null: True&#xD;
sandbox: applicationPages.Webdriver != null: True&#xD;
sandbox: finished setuping local data&#xD;
sandbox: PrepareForTestRun complete.&#xD;
Given Home screen is visible&#xD;
-&gt; done: DashBoardSteps.GivenPrimaryApplicationHomeScreenIsVisible() (0.2s)&#xD;
When I click on enter match key button&#xD;
-&gt; done: DashBoardSteps.WhenIClickOnEnterMatchKeyButton() (0.1s)&#xD;
Then I expect Load Game Using Match Key Dialog to be opened&#xD;
-&gt; done: DashBoardSteps.ThenIExpectLoadGameUsingMatchKeyDialogToBeOpened() (0.0s)&#xD;
sandbox: CleanUpAfterTestRun started.&#xD;
sandbox: application pages != null: True&#xD;
sandbox: web driver!= null: True&#xD;
sandbox: CleanUpAfterTestRun complete.</StdOut>
      </Output>
    </UnitTestResult>
    <UnitTestResult executionId="d2a2dfa8-4632-43b4-8588-afed773f3ddd" testId="dfcd0ef9-4e6e-c739-ceec-7fd364d9b49a" testName="CoachRolesArePopulatedInDropdown" computerName="EC2AMAZ-JEOO151" duration="00:00:03.2730000" startTime="2019-07-11T17:39:52.0000000+00:00" endTime="2019-07-11T17:39:56.0000000+00:00" testType="13cdc9d9-ddb5-4fa4-a97d-d965ccfc6d4b" outcome="Passed" testListId="8c84fa94-04c1-424b-9868-57a2d4851a1d" relativeResultsDirectory="d2a2dfa8-4632-43b4-8588-afed773f3ddd">
      <Output>
        <StdOut>sandbox: PrepareForTestRun started.&#xD;
sandbox: football liveStatsApp != null: True &#xD;
sandbox: football liveStatsApp.IsProcessRunning: True &#xD;
sandbox: setupLocalData: localDatabaseProvider != null: True&#xD;
sandbox: applicationPages != null: True&#xD;
sandbox: applicationPages.Webdriver != null: True&#xD;
sandbox: finished setuping local data&#xD;
sandbox: PrepareForTestRun complete.&#xD;
Given Teams tab is opened&#xD;
-&gt; done: TeamDetailsTabSteps.WhenTeamsTabIsOpened() (1.4s)&#xD;
When no coach information is available in Stats Engine&#xD;
-&gt; done: TeamDetailsTabSteps.WhenNoCoachInformationIsAvailableInStatsEngine() (0.0s)&#xD;
And Role dropdown is clicked&#xD;
-&gt; done: TeamDetailsTabSteps.ThenRoleDropdownIsClicked() (0.3s)&#xD;
Then "Coach" and "Assistant Coach" options are available&#xD;
-&gt; done: TeamDetailsTabSteps.ThenAndOptionsAreAvailable("Coach", "Assistant Coach") (0.2s)&#xD;
sandbox: CleanUpAfterTestRun started.&#xD;
sandbox: application pages != null: True&#xD;
sandbox: web driver!= null: True&#xD;
Given action failed. Retrying after a timeout. Most likely UI was not fast enough to refresh itself.&#xD;
sandbox: CleanUpAfterTestRun complete.</StdOut>
      </Output>
    </UnitTestResult>
    <UnitTestResult executionId="152384c7-28c0-4340-958b-9ee89d9435b2" testId="f7b15b66-0ea7-682f-98f9-6fd189f4abe8" testName="InsertSubstitutionIsShownOnPitchPlayer(&quot;before&quot;,&quot;0025&quot;,&quot;00:25&quot;,&quot;2&quot;,&quot;3&quot;,null)" computerName="EC2AMAZ-JEOO151" duration="00:00:18.9120000" startTime="2019-07-11T18:48:43.0000000+00:00" endTime="2019-07-11T18:49:02.0000000+00:00" testType="13cdc9d9-ddb5-4fa4-a97d-d965ccfc6d4b" outcome="Passed" testListId="8c84fa94-04c1-424b-9868-57a2d4851a1d" relativeResultsDirectory="152384c7-28c0-4340-958b-9ee89d9435b2">
      <Output>
        <StdOut>sandbox: PrepareForTestRun started.&#xD;
sandbox: football liveStatsApp != null: True &#xD;
sandbox: football liveStatsApp.IsProcessRunning: True &#xD;
sandbox: setupLocalData: localDatabaseProvider != null: True&#xD;
sandbox: applicationPages != null: True&#xD;
sandbox: applicationPages.Webdriver != null: True&#xD;
sandbox: finished setuping local data&#xD;
sandbox: PrepareForTestRun complete.&#xD;
Given Match started with kick off from existing game&#xD;
-&gt; done: SetupGameSteps.GivenMatchStartedWithKickOffButtonFromExistingGame() (3.3s)&#xD;
And "Yellow" Card for Team 1 is registered&#xD;
Given action failed. Retrying after a timeout.&#xD;
-&gt; done: CardSteps.GivenCardForTeamIsRegistered(Yellow, 1) (3.5s)&#xD;
And "Top right" corner added for Team 1&#xD;
Given action failed. Retrying after a timeout.&#xD;
-&gt; done: CornerSteps.GivenCornerAddedForTeam("Top right", 1) (3.0s)&#xD;
And I clicked on latest "Corner" event in action log&#xD;
-&gt; done: ActionLogSteps.GivenIClickOnLatestEventInActionLog(Corner) (0.2s)&#xD;
And I entered new conceded event time of "0030"&#xD;
-&gt; done: EditFormSteps.GivenIEnterNewConcededEventTimeOf("0030") (1.0s)&#xD;
And I clicked Save button in action edit form&#xD;
-&gt; done: EditFormSteps.ClickSaveButtonInActionEditForm() (0.6s)&#xD;
And I remembered current players on pitch shirt numbers&#xD;
-&gt; done: GoalEditSteps.GivenIRememberCurrentPlayersOnPitch() (1.1s)&#xD;
When I click Expand Action log button&#xD;
-&gt; done: ActionLogSteps.WhenIClickExpandActionLogButton() (0.1s)&#xD;
And I insert "Substitute" before "Corner"&#xD;
-&gt; done: ExpandedActionLogSteps.WhenIInsertBefore(Substitute, Corner) (0.3s)&#xD;
And I enter new conceded event time of "0025"&#xD;
-&gt; done: EditFormSteps.GivenIEnterNewConcededEventTimeOf("0025") (1.0s)&#xD;
And I click team 1 in edit form&#xD;
-&gt; done: EditFormSteps.WhenIClickTeamInEditForm(1) (0.1s)&#xD;
And I click player with shirt number 24 from "bench" list&#xD;
-&gt; done: SubstitutionEditSteps.WhenIClickPlayerWithShirtNumberFromList(24, "bench") (0.3s)&#xD;
And I click player with shirt number 4 from "pitch" list&#xD;
-&gt; done: SubstitutionEditSteps.WhenIClickPlayerWithShirtNumberFromList(4, "pitch") (0.3s)&#xD;
And I click Save button in action edit form&#xD;
-&gt; done: EditFormSteps.ClickSaveButtonInActionEditForm() (0.6s)&#xD;
And I close expanded action log page&#xD;
-&gt; done: ExpandedActionLogSteps.WhenICloseExpandedActionLogPage() (0.2s)&#xD;
Then Substitution insert view is not visible&#xD;
Failed to find element with query '[data-qa='subsEditWrapper']'. Web driver timeout exception.&#xD;
-&gt; done: SubstitutionEditSteps.ThenSubstitutionEditViewIsNotVisible() (2.0s)&#xD;
And player with shirt number 24 of team 1 is on pitch&#xD;
-&gt; done: PitchPlayersComponentSteps.ThenWithShirtNumberFromTeamIsOnPitch(24, 1) (0.3s)&#xD;
And player with shirt number 4 of team 1 is not on pitch&#xD;
-&gt; done: PitchPlayersComponentSteps.ThenWithShirtNumberFromTeamIsNotOnPitch(4, 1) (0.2s)&#xD;
sandbox: CleanUpAfterTestRun started.&#xD;
sandbox: application pages != null: True&#xD;
sandbox: web driver!= null: True&#xD;
sandbox: CleanUpAfterTestRun complete.</StdOut>
      </Output>
    </UnitTestResult>
    <UnitTestResult executionId="cd953867-fe11-4e6b-b00e-f0cf6a017769" testId="a0136020-d783-3612-470f-41f2568d9aa6" testName="SelectFoulForFreekick(&quot;1&quot;,&quot;2&quot;,&quot;2&quot;,null)" computerName="EC2AMAZ-JEOO151" duration="00:00:05.5340000" startTime="2019-07-11T18:56:39.0000000+00:00" endTime="2019-07-11T18:56:44.0000000+00:00" testType="13cdc9d9-ddb5-4fa4-a97d-d965ccfc6d4b" outcome="Passed" testListId="8c84fa94-04c1-424b-9868-57a2d4851a1d" relativeResultsDirectory="cd953867-fe11-4e6b-b00e-f0cf6a017769">
      <Output>
        <StdOut>sandbox: PrepareForTestRun started.&#xD;
sandbox: football liveStatsApp != null: True &#xD;
sandbox: football liveStatsApp.IsProcessRunning: True &#xD;
sandbox: setupLocalData: localDatabaseProvider != null: True&#xD;
sandbox: applicationPages != null: True&#xD;
sandbox: applicationPages.Webdriver != null: True&#xD;
sandbox: finished setuping local data&#xD;
sandbox: PrepareForTestRun complete.&#xD;
Given Match started with kick off from existing game&#xD;
-&gt; done: SetupGameSteps.GivenMatchStartedWithKickOffButtonFromExistingGame() (3.2s)&#xD;
When I click Freekick button for team 1&#xD;
Given action failed. Retrying after a timeout.&#xD;
-&gt; done: TeamActionButtonSteps.WhenIClickFreekickButtonForTeam(1) (0.8s)&#xD;
And I click on pitch x 20 and y 50&#xD;
-&gt; done: PitchScreenSteps.WhenIClickOnPitch(20, 50) (0.1s)&#xD;
And I click "Foul" button in freekick reason dialog&#xD;
-&gt; done: FreeKickSteps.WhenIClickButtonInFreekickReasonDialog("Foul") (0.2s)&#xD;
Then team 2 players are enabled&#xD;
-&gt; done: PitchPlayersComponentSteps.ThenTeamPlayersAreEnabled(2) (0.2s)&#xD;
And "FOUL" is shown in freekick event action&#xD;
-&gt; done: ActionLogSteps.ThenIsShownInFreekickEventAction("FOUL") (0.1s)&#xD;
And Notification "Select player that committed the foul..." is shown&#xD;
-&gt; done: PitchBottomMessageBarSteps.ThenIsShown("Select player tha...") (0.1s)&#xD;
sandbox: CleanUpAfterTestRun started.&#xD;
sandbox: application pages != null: True&#xD;
sandbox: web driver!= null: True&#xD;
sandbox: CleanUpAfterTestRun complete.</StdOut>
      </Output>
    </UnitTestResult>
    <UnitTestResult executionId="3dc24678-7e44-454b-b7fa-92e5c7d4e0b8" testId="944072de-0e25-105a-ae07-55b0bb8df2ce" testName="GivenCornerRegistered_WhenRegisteringAnotherCorner_ThenCornersInDashboardAreCorrect" computerName="EC2AMAZ-JEOO151" duration="00:00:10.9780000" startTime="2019-07-11T21:00:15.0000000+00:00" endTime="2019-07-11T21:00:26.0000000+00:00" testType="13cdc9d9-ddb5-4fa4-a97d-d965ccfc6d4b" outcome="Passed" testListId="8c84fa94-04c1-424b-9868-57a2d4851a1d" relativeResultsDirectory="3dc24678-7e44-454b-b7fa-92e5c7d4e0b8">
      <Output>
        <StdOut>sandbox: PrepareForTestRun started.&#xD;
sandbox: football liveStatsApp != null: True &#xD;
sandbox: football liveStatsApp.IsProcessRunning: True &#xD;
sandbox: setupLocalData: localDatabaseProvider != null: True&#xD;
sandbox: applicationPages != null: True&#xD;
sandbox: applicationPages.Webdriver != null: True&#xD;
sandbox: finished setuping local data&#xD;
sandbox: PrepareForTestRun complete.&#xD;
sandbox: CleanUpAfterTestRun started.&#xD;
sandbox: application pages != null: True&#xD;
sandbox: web driver!= null: True&#xD;
sandbox: CleanUpAfterTestRun complete.</StdOut>
      </Output>
    </UnitTestResult>
    <UnitTestResult executionId="a257ec43-88fa-4fac-ba0e-7c37577e5578" testId="914d91b5-25df-3720-04eb-989380e3b4c3" testName="AddPitchLocationInGoalInsert(&quot;set&quot;,null)" computerName="EC2AMAZ-JEOO151" duration="00:00:14.6520000" startTime="2019-07-11T18:18:12.0000000+00:00" endTime="2019-07-11T18:18:27.0000000+00:00" testType="13cdc9d9-ddb5-4fa4-a97d-d965ccfc6d4b" outcome="Passed" testListId="8c84fa94-04c1-424b-9868-57a2d4851a1d" relativeResultsDirectory="a257ec43-88fa-4fac-ba0e-7c37577e5578">
      <Output>
        <StdOut>sandbox: PrepareForTestRun started.&#xD;
sandbox: football liveStatsApp != null: True &#xD;
sandbox: football liveStatsApp.IsProcessRunning: True &#xD;
sandbox: setupLocalData: localDatabaseProvider != null: True&#xD;
sandbox: applicationPages != null: True&#xD;
sandbox: applicationPages.Webdriver != null: True&#xD;
sandbox: finished setuping local data&#xD;
sandbox: PrepareForTestRun complete.&#xD;
Given Match started with kick off from existing game&#xD;
-&gt; done: SetupGameSteps.GivenMatchStartedWithKickOffButtonFromExistingGame() (3.3s)&#xD;
And "Top right" corner added for Team 1&#xD;
-&gt; done: CornerSteps.GivenCornerAddedForTeam("Top right", 1) (3.2s)&#xD;
And "Yellow" Card for Team 1 is registered&#xD;
Given action failed. Retrying after a timeout.&#xD;
-&gt; done: CardSteps.GivenCardForTeamIsRegistered(Yellow, 1) (3.4s)&#xD;
And I clicked on latest "Corner" event in action log&#xD;
-&gt; done: ActionLogSteps.GivenIClickOnLatestEventInActionLog(Corner) (0.2s)&#xD;
And I entered new conceded event time of "0030"&#xD;
-&gt; done: EditFormSteps.GivenIEnterNewConcededEventTimeOf("0030") (1.0s)&#xD;
And I clicked Save button in action edit form&#xD;
-&gt; done: EditFormSteps.ClickSaveButtonInActionEditForm() (0.6s)&#xD;
And I remembered current players on pitch shirt numbers&#xD;
-&gt; done: GoalEditSteps.GivenIRememberCurrentPlayersOnPitch() (1.2s)&#xD;
When I click Expand Action log button&#xD;
-&gt; done: ActionLogSteps.WhenIClickExpandActionLogButton() (0.2s)&#xD;
And I click last action in expanded action log&#xD;
-&gt; done: ExpandedActionLogSteps.WhenIClickLastActionInExpandedActionLog() (0.1s)&#xD;
And I click insert after button in expanded action log&#xD;
-&gt; done: ExpandedActionLogSteps.WhenIClickInsertAfterButtonInExpandedActionLog() (0.1s)&#xD;
And I click insert Goal button in insert after dropdown&#xD;
-&gt; done: ExpandedActionLogSteps.WhenIClickInsertGoalButtonInInsertAfterDropdown() (0.1s)&#xD;
And I click "set" pitch location button in insert window&#xD;
-&gt; done: MiniPitchEditPageElementSteps.WhenIClickSetButtonForFreeKickLocation() (0.1s)&#xD;
And I click on expanded pitch view x 10 y 50&#xD;
-&gt; done: ExpandedPitchPositionDialogSteps.GivenIClickOnExpandedPitchViewXY(10, 50) (0.1s)&#xD;
And I click "Proceed" button on expanded pitch view&#xD;
-&gt; done: ExpandedPitchPositionDialogSteps.GivenIClickButtonOnExpandedPitchView("Proceed") (0.1s)&#xD;
Then mini free kick pitch location has cursor at x "10" and y "50"&#xD;
-&gt; done: FreeKickEditSteps.ThenMiniFreeKickPitchLocationHasCursorAtXAndY(10, 50) (0.1s)&#xD;
sandbox: CleanUpAfterTestRun started.&#xD;
sandbox: application pages != null: True&#xD;
sandbox: web driver!= null: True&#xD;
sandbox: CleanUpAfterTestRun complete.</StdOut>
      </Output>
    </UnitTestResult>
    <UnitTestResult executionId="33c71823-c061-44e7-8866-6f75f78deeeb" testId="15c1bcf6-adbc-1e94-638f-bec8d5e31f27" testName="PenaltyShootoutGoal(&quot;2&quot;,&quot;1&quot;,&quot;10&quot;,&quot;50&quot;,&quot;8&quot;,&quot;11&quot;,null)" computerName="EC2AMAZ-JEOO151" duration="00:00:19.2160000" startTime="2019-07-11T19:14:21.0000000+00:00" endTime="2019-07-11T19:14:41.0000000+00:00" testType="13cdc9d9-ddb5-4fa4-a97d-d965ccfc6d4b" outcome="Passed" testListId="8c84fa94-04c1-424b-9868-57a2d4851a1d" relativeResultsDirectory="33c71823-c061-44e7-8866-6f75f78deeeb">
      <Output>
        <StdOut>sandbox: PrepareForTestRun started.&#xD;
sandbox: football liveStatsApp != null: True &#xD;
sandbox: football liveStatsApp.IsProcessRunning: True &#xD;
sandbox: setupLocalData: localDatabaseProvider != null: True&#xD;
sandbox: applicationPages != null: True&#xD;
sandbox: applicationPages.Webdriver != null: True&#xD;
sandbox: finished setuping local data&#xD;
sandbox: PrepareForTestRun complete.&#xD;
Given penalty shoot-out phase started&#xD;
-&gt; done: PitchClockSteps.GivenGamePenaltyShoot_OutPhaseStarted() (14.7s)&#xD;
When I click on team 2 player on pitch with shirt number 11&#xD;
-&gt; done: PitchPlayersComponentSteps.WhenIClickOnTeamPlayerOnPitchWithShirtNumber(2, 11) (0.4s)&#xD;
And I click "Penalty Goal" Button&#xD;
-&gt; done: PenaltySteps.WhenIClickPenaltyGoalButton() (0.2s)&#xD;
And I confirm penalty goal by clicking on "Confirm" button&#xD;
-&gt; done: GoalSteps.WhenIConfirmGoalByClickingOnButton() (2.3s)&#xD;
And I click on net x "10" and y "10"&#xD;
-&gt; done: NetSectionSteps.WhenIClickOnNetXAndY(10, 10) (0.1s)&#xD;
Then Score is 0 for team 2&#xD;
-&gt; done: ScoreBoardSteps.ThenScoreIsForTeam(0, 2) (0.2s)&#xD;
And Score is 0 for team 1&#xD;
-&gt; done: ScoreBoardSteps.ThenScoreIsForTeam(0, 1) (0.1s)&#xD;
And Team 2 has 1 penalty shoot-out made in score board&#xD;
-&gt; done: PenaltyShootoutSteps.ThenTeamHasPenaltyShoot_OutMade(2, 1) (0.1s)&#xD;
And Latest "PenaltyShootout" event is completed&#xD;
-&gt; done: ActionLogSteps.ThenLatestEventIsConfirmed(PenaltyShootout) (0.1s)&#xD;
sandbox: CleanUpAfterTestRun started.&#xD;
sandbox: application pages != null: True&#xD;
sandbox: web driver!= null: True&#xD;
sandbox: CleanUpAfterTestRun complete.</StdOut>
      </Output>
    </UnitTestResult>
    <UnitTestResult executionId="988d865b-9d48-4f6e-8770-80cc82b10964" testId="a526dd4a-94ed-630b-7aaf-9ae0b56fd332" testName="ClearPitchPositionForBallLandingLocation" computerName="EC2AMAZ-JEOO151" duration="00:00:09.8340000" startTime="2019-07-11T17:56:34.0000000+00:00" endTime="2019-07-11T17:56:44.0000000+00:00" testType="13cdc9d9-ddb5-4fa4-a97d-d965ccfc6d4b" outcome="Passed" testListId="8c84fa94-04c1-424b-9868-57a2d4851a1d" relativeResultsDirectory="988d865b-9d48-4f6e-8770-80cc82b10964">
      <Output>
        <StdOut>sandbox: PrepareForTestRun started.&#xD;
sandbox: football liveStatsApp != null: True &#xD;
sandbox: football liveStatsApp.IsProcessRunning: True &#xD;
sandbox: setupLocalData: localDatabaseProvider != null: True&#xD;
sandbox: applicationPages != null: True&#xD;
sandbox: applicationPages.Webdriver != null: True&#xD;
sandbox: finished setuping local data&#xD;
sandbox: PrepareForTestRun complete.&#xD;
Given Match started with kick off from existing game&#xD;
-&gt; done: SetupGameSteps.GivenMatchStartedWithKickOffButtonFromExistingGame() (3.4s)&#xD;
And I remembered current players on pitch shirt numbers&#xD;
-&gt; done: GoalEditSteps.GivenIRememberCurrentPlayersOnPitch() (1.5s)&#xD;
Given Freekick for Team 1 is registered&#xD;
Given action failed. Retrying after a timeout.&#xD;
-&gt; done: FreeKickSteps.GivenFreekickForTeamIsRegistered(1) (1.4s)&#xD;
When I click on latest "FreeKick" event in action log&#xD;
-&gt; done: ActionLogSteps.GivenIClickOnLatestEventInActionLog(FreeKick) (0.2s)&#xD;
And I click "adjust pitch location" button in ball landing location edit window&#xD;
Failed to find data-qa element with tag 'setPitchLocationButton'. No such element exception.&#xD;
-&gt; done: MiniPitchEditPageElementSteps.WhenIClickButtonInBallLandingLocationEditWindow() (2.2s)&#xD;
And I click "clear pitch" button on expanded pitch view&#xD;
-&gt; done: ExpandedPitchPositionDialogSteps.GivenIClickButtonOnExpandedPitchView("clear pitch") (0.1s)&#xD;
And I click "Proceed" button on expanded pitch view&#xD;
-&gt; done: ExpandedPitchPositionDialogSteps.GivenIClickButtonOnExpandedPitchView("Proceed") (0.1s)&#xD;
Then Free Kick Edit view is visible&#xD;
-&gt; done: FreeKickEditSteps.ThenFreeKickEditViewIsVisible() (0.0s)&#xD;
And Save button is disabled in action edit form&#xD;
-&gt; done: EditFormSteps.SaveButtonIsDisabled() (0.0s)&#xD;
sandbox: CleanUpAfterTestRun started.&#xD;
sandbox: application pages != null: True&#xD;
sandbox: web driver!= null: True&#xD;
sandbox: CleanUpAfterTestRun complete.</StdOut>
      </Output>
    </UnitTestResult>
    <UnitTestResult executionId="827a5a4d-97c3-40ca-afee-eaf611904cf9" testId="d0ab3811-f5f5-0cae-2d63-4c1ae6671e36" testName="GivenGameInProgress_WhenAddingYellowAndRedCardsForAssistantCoach_ThenAssistantCoachIsMarkedWithSecondYellowLine(2,SecondYellow)" computerName="EC2AMAZ-JEOO151" duration="00:00:14.7660000" startTime="2019-07-11T20:54:45.0000000+00:00" endTime="2019-07-11T20:55:00.0000000+00:00" testType="13cdc9d9-ddb5-4fa4-a97d-d965ccfc6d4b" outcome="Passed" testListId="8c84fa94-04c1-424b-9868-57a2d4851a1d" relativeResultsDirectory="827a5a4d-97c3-40ca-afee-eaf611904cf9">
      <Output>
        <StdOut>sandbox: PrepareForTestRun started.&#xD;
sandbox: football liveStatsApp != null: True &#xD;
sandbox: football liveStatsApp.IsProcessRunning: True &#xD;
sandbox: setupLocalData: localDatabaseProvider != null: True&#xD;
sandbox: applicationPages != null: True&#xD;
sandbox: applicationPages.Webdriver != null: True&#xD;
sandbox: finished setuping local data&#xD;
sandbox: PrepareForTestRun complete.&#xD;
Given action failed. Retrying after a timeout.&#xD;
sandbox: CleanUpAfterTestRun started.&#xD;
sandbox: application pages != null: True&#xD;
sandbox: web driver!= null: True&#xD;
sandbox: CleanUpAfterTestRun complete.</StdOut>
      </Output>
    </UnitTestResult>
    <UnitTestResult executionId="8616da37-8214-465a-9b76-d7eb51eedbbd" testId="db94f39b-3847-b19f-f0a8-02041ad8d3fa" testName="CancellingShotWorkflowResumesCornerWorkflow(&quot;pitch location&quot;,&quot;2&quot;,&quot;pitch location&quot;,null)" computerName="EC2AMAZ-JEOO151" duration="00:00:06.5410000" startTime="2019-07-11T19:23:31.0000000+00:00" endTime="2019-07-11T19:23:38.0000000+00:00" testType="13cdc9d9-ddb5-4fa4-a97d-d965ccfc6d4b" outcome="Passed" testListId="8c84fa94-04c1-424b-9868-57a2d4851a1d" relativeResultsDirectory="8616da37-8214-465a-9b76-d7eb51eedbbd">
      <Output>
        <StdOut>sandbox: PrepareForTestRun started.&#xD;
sandbox: football liveStatsApp != null: True &#xD;
sandbox: football liveStatsApp.IsProcessRunning: True &#xD;
sandbox: setupLocalData: localDatabaseProvider != null: True&#xD;
sandbox: applicationPages != null: True&#xD;
sandbox: applicationPages.Webdriver != null: True&#xD;
sandbox: finished setuping local data&#xD;
sandbox: PrepareForTestRun complete.&#xD;
Given Match started with kick off from existing game&#xD;
-&gt; done: SetupGameSteps.GivenMatchStartedWithKickOffButtonFromExistingGame() (3.5s)&#xD;
Given Corner for team "2" workflow entered till pitch location selection&#xD;
-&gt; done: CornerSteps.GivenCornerForTeamAndWorkflowEnteredTillLocationSelection(2) (1.0s)&#xD;
And I clicked "Shot" button for team 2&#xD;
-&gt; done: TeamActionButtonSteps.GivenIClickShotButtonForTeam(2) (0.3s)&#xD;
When I cancel action workflow by clicking "Cancel &amp; Delete" button&#xD;
-&gt; done: WorkflowSteps.WhenICancelActionWorkflowByClickingButton() (0.5s)&#xD;
Then Latest "Corner" event is in progress&#xD;
-&gt; done: ActionLogSteps.ThenLatestEventInProgress(Corner) (0.2s)&#xD;
And Current corner step is pitch location selection&#xD;
-&gt; done: CornerSteps.ThenCurrentCornerStepIsPitchLocationSelection() (0.2s)&#xD;
And Latest action in log is of type "Corner"&#xD;
-&gt; done: ActionLogSteps.ThenLatestActionIsOfTypeGoal(Corner) (0.0s)&#xD;
And Latest action of type "Corner" is not flagged&#xD;
-&gt; done: ActionLogSteps.ThenLatestEventInActionLogOfTypeIsNotFlagged(Corner) (0.0s)&#xD;
sandbox: CleanUpAfterTestRun started.&#xD;
sandbox: application pages != null: True&#xD;
sandbox: web driver!= null: True&#xD;
sandbox: CleanUpAfterTestRun complete.</StdOut>
      </Output>
    </UnitTestResult>
    <UnitTestResult executionId="0ccfed0b-efce-45fb-9a4a-eed1cd99ee11" testId="5f03517a-8e88-55d8-fcaf-9ada130b5b2a" testName="GivenSetupFinished_WhenAttackDirectionPicked_ThenKickOffGameDialogPresented(2,ToRight)" computerName="EC2AMAZ-JEOO151" duration="00:00:09.7320000" startTime="2019-07-11T21:35:26.0000000+00:00" endTime="2019-07-11T21:35:36.0000000+00:00" testType="13cdc9d9-ddb5-4fa4-a97d-d965ccfc6d4b" outcome="Passed" testListId="8c84fa94-04c1-424b-9868-57a2d4851a1d" relativeResultsDirectory="0ccfed0b-efce-45fb-9a4a-eed1cd99ee11">
      <Output>
        <StdOut>sandbox: PrepareForTestRun started.&#xD;
sandbox: football liveStatsApp != null: True &#xD;
sandbox: football liveStatsApp.IsProcessRunning: True &#xD;
sandbox: setupLocalData: localDatabaseProvider != null: True&#xD;
sandbox: applicationPages != null: True&#xD;
sandbox: applicationPages.Webdriver != null: True&#xD;
sandbox: finished setuping local data&#xD;
sandbox: PrepareForTestRun complete.&#xD;
sandbox: CleanUpAfterTestRun started.&#xD;
sandbox: application pages != null: True&#xD;
sandbox: web driver!= null: True&#xD;
sandbox: CleanUpAfterTestRun complete.</StdOut>
      </Output>
    </UnitTestResult>
    <UnitTestResult executionId="9f1ad2ba-c0c8-4c9d-909c-25d806c021bf" testId="20256d99-1adc-4540-ff76-9b8399e760d1" testName="SecondHalfActionsCanBeFiltered" computerName="EC2AMAZ-JEOO151" duration="00:00:27.6980000" startTime="2019-07-11T19:36:14.0000000+00:00" endTime="2019-07-11T19:36:41.0000000+00:00" testType="13cdc9d9-ddb5-4fa4-a97d-d965ccfc6d4b" outcome="Passed" testListId="8c84fa94-04c1-424b-9868-57a2d4851a1d" relativeResultsDirectory="9f1ad2ba-c0c8-4c9d-909c-25d806c021bf">
      <Output>
        <StdOut>sandbox: PrepareForTestRun started.&#xD;
sandbox: football liveStatsApp != null: True &#xD;
sandbox: football liveStatsApp.IsProcessRunning: True &#xD;
sandbox: setupLocalData: localDatabaseProvider != null: True&#xD;
sandbox: applicationPages != null: True&#xD;
sandbox: applicationPages.Webdriver != null: True&#xD;
sandbox: finished setuping local data&#xD;
sandbox: PrepareForTestRun complete.&#xD;
Given Match started with kick off from existing game&#xD;
-&gt; done: SetupGameSteps.GivenMatchStartedWithKickOffButtonFromExistingGame() (3.2s)&#xD;
And "Yellow" Card for Team "1" player with shirt number "4" is registered&#xD;
Given action failed. Retrying after a timeout.&#xD;
-&gt; done: CardSteps.GivenCardForTeamPlayerWithShirtNumberIsRegistered(Yellow, 1, 4) (3.7s)&#xD;
And I finished and proceeded to next phase&#xD;
-&gt; done: PitchClockSteps.WhenIFinishAndProceedToNextPhase() (3.1s)&#xD;
And "Yellow" Card for Team "1" player with shirt number "6" is registered&#xD;
Given action failed. Retrying after a timeout.&#xD;
-&gt; done: CardSteps.GivenCardForTeamPlayerWithShirtNumberIsRegistered(Yellow, 1, 6) (3.4s)&#xD;
And I finished and proceeded to next phase&#xD;
-&gt; done: PitchClockSteps.WhenIFinishAndProceedToNextPhase() (2.9s)&#xD;
And "Yellow" Card for Team "1" player with shirt number "8" is registered&#xD;
Given action failed. Retrying after a timeout.&#xD;
-&gt; done: CardSteps.GivenCardForTeamPlayerWithShirtNumberIsRegistered(Yellow, 1, 8) (3.4s)&#xD;
And I finished and proceeded to next phase&#xD;
-&gt; done: PitchClockSteps.WhenIFinishAndProceedToNextPhase() (3.0s)&#xD;
And "Yellow" Card for Team "1" player with shirt number "13" is registered&#xD;
Given action failed. Retrying after a timeout.&#xD;
-&gt; done: CardSteps.GivenCardForTeamPlayerWithShirtNumberIsRegistered(Yellow, 1, 13) (3.3s)&#xD;
When I open Expanded Action log&#xD;
-&gt; done: ActionLogSteps.WhenIClickExpandActionLogButton() (0.3s)&#xD;
And I expand halves filter&#xD;
-&gt; done: FilterSteps.WhenIExpandHalvesFilter() (0.1s)&#xD;
And I select second half filter&#xD;
-&gt; done: FilterSteps.WhenISelectSecondHalveFilter() (0.1s)&#xD;
Then Expanded action log contains "5" items&#xD;
-&gt; done: ExpandedActionLogSteps.ThenExpandedActionLogContainsItemsCount(5) (0.0s)&#xD;
And Actions are displayed in expanded action log in order:&#xD;
  --- table step argument ---&#xD;
  | expectedType | teamId | playerShirtId |&#xD;
  | Half Confirm | empty  | empty         |&#xD;
  | Half End     | empty  | empty         |&#xD;
  | Yellow Card  | 1      | 6             |&#xD;
  | Kick Off     | empty  | empty         |&#xD;
  | Half Setup   | empty  | empty         |&#xD;
-&gt; done: ExpandedActionLogSteps.ThenActionsAreDisplayedInActionLogAtPositions(System.Collection...) (0.3s)&#xD;
sandbox: CleanUpAfterTestRun started.&#xD;
sandbox: application pages != null: True&#xD;
sandbox: web driver!= null: True&#xD;
sandbox: CleanUpAfterTestRun complete.</StdOut>
      </Output>
    </UnitTestResult>
    <UnitTestResult executionId="efe76e48-244f-45dc-be36-91d0447a4a65" testId="2a37a367-1b88-028d-434e-2b5a8708e26e" testName="AddingTwoYellowsThenChangingPlayerRecordsYellowForNewPlayer" computerName="EC2AMAZ-JEOO151" duration="00:00:16.1330000" startTime="2019-07-11T18:50:46.0000000+00:00" endTime="2019-07-11T18:51:02.0000000+00:00" testType="13cdc9d9-ddb5-4fa4-a97d-d965ccfc6d4b" outcome="Passed" testListId="8c84fa94-04c1-424b-9868-57a2d4851a1d" relativeResultsDirectory="efe76e48-244f-45dc-be36-91d0447a4a65">
      <Output>
        <StdOut>sandbox: PrepareForTestRun started.&#xD;
sandbox: football liveStatsApp != null: True &#xD;
sandbox: football liveStatsApp.IsProcessRunning: True &#xD;
sandbox: setupLocalData: localDatabaseProvider != null: True&#xD;
sandbox: applicationPages != null: True&#xD;
sandbox: applicationPages.Webdriver != null: True&#xD;
sandbox: finished setuping local data&#xD;
sandbox: PrepareForTestRun complete.&#xD;
Given Match started with kick off from existing game&#xD;
-&gt; done: SetupGameSteps.GivenMatchStartedWithKickOffButtonFromExistingGame() (3.3s)&#xD;
When I click on team 2 possible "Yellow"&#xD;
-&gt; done: TeamActionButtonSteps.StartPossibleCardRegistration(2, Yellow) (0.6s)&#xD;
And I click "Yellow" card button&#xD;
-&gt; done: TeamActionButtonSteps.WhenIClickCardButton("Yellow") (0.1s)&#xD;
And I confirm booking by clicking "Confirm" button&#xD;
-&gt; done: CardSteps.WhenIConfirmActionByClickingButton() (2.3s)&#xD;
And I click on team 2 player on pitch with shirt number 5&#xD;
-&gt; done: PitchPlayersComponentSteps.WhenIClickOnTeamPlayerOnPitchWithShirtNumber(2, 5) (0.2s)&#xD;
And I click "Unsporting" reason button&#xD;
-&gt; done: CardSteps.WhenIClickReasonButton("Unsporting") (0.2s)&#xD;
And I click on team 2 possible "Yellow"&#xD;
-&gt; done: TeamActionButtonSteps.StartPossibleCardRegistration(2, Yellow) (0.3s)&#xD;
And I click "Yellow" card button&#xD;
-&gt; done: TeamActionButtonSteps.WhenIClickCardButton("Yellow") (0.1s)&#xD;
And I confirm booking by clicking "Confirm" button&#xD;
-&gt; done: CardSteps.WhenIConfirmActionByClickingButton() (2.3s)&#xD;
And I click on team 2 player on pitch with shirt number 5&#xD;
-&gt; done: PitchPlayersComponentSteps.WhenIClickOnTeamPlayerOnPitchWithShirtNumber(2, 5) (0.1s)&#xD;
And I go one step back&#xD;
-&gt; done: WorkflowSteps.WhenIClickBackButtonInWorkflow() (0.3s)&#xD;
And I click on team 2 player on pitch with shirt number 4&#xD;
-&gt; done: PitchPlayersComponentSteps.WhenIClickOnTeamPlayerOnPitchWithShirtNumber(2, 4) (0.1s)&#xD;
And I click "Unsporting" reason button&#xD;
-&gt; done: CardSteps.WhenIClickReasonButton("Unsporting") (0.3s)&#xD;
Then action 1 is Yellow card for player with shirt id 4 of team 2 event is visible in Action log&#xD;
-&gt; done: ActionLogSteps.ThenCardForPlayerWithShirtIdOfTeamEventIsVisibleInActionLog(1, "Yellow", 4, 2) (0.4s)&#xD;
And action 2 is Yellow card for player with shirt id 5 of team 2 event is visible in Action log&#xD;
-&gt; done: ActionLogSteps.ThenCardForPlayerWithShirtIdOfTeamEventIsVisibleInActionLog(2, "Yellow", 5, 2) (0.3s)&#xD;
And team 2 player on pitch with shirt id 5 is not marked with Red line&#xD;
Failed to find element with query 'redCardIndicator' under parent. No such element exception.&#xD;
-&gt; done: PitchPlayersComponentSteps.ThenTeamPlayerOnPitchWithShirtIdIsNotMarkedWithLine(2, 5, "Red") (2.1s)&#xD;
And team 2 player on pitch with shirt id 5 is marked with Yellow line&#xD;
-&gt; done: PitchPlayersComponentSteps.ThenTeamPlayerOnPitchWithShirtIdIsMarkedWithLine(2, 5, "Yellow") (0.1s)&#xD;
And team 2 player on pitch with shirt id 4 is not marked with Red line&#xD;
Failed to find element with query 'redCardIndicator' under parent. No such element exception.&#xD;
-&gt; done: PitchPlayersComponentSteps.ThenTeamPlayerOnPitchWithShirtIdIsNotMarkedWithLine(2, 4, "Red") (2.1s)&#xD;
And team 2 player on pitch with shirt id 4 is marked with Yellow line&#xD;
-&gt; done: PitchPlayersComponentSteps.ThenTeamPlayerOnPitchWithShirtIdIsMarkedWithLine(2, 4, "Yellow") (0.1s)&#xD;
sandbox: CleanUpAfterTestRun started.&#xD;
sandbox: application pages != null: True&#xD;
sandbox: web driver!= null: True&#xD;
sandbox: CleanUpAfterTestRun complete.</StdOut>
      </Output>
    </UnitTestResult>
    <UnitTestResult executionId="0c04fdf9-d272-4cb4-bcd9-9eefb8c13a3f" testId="1d45dc6e-5329-350c-7bc3-a589d087856b" testName="GivenAppStarted_WhenLaunchingGameFromFixtureKey_ThenGameSetupStarted(&quot;152OZG089RYM4N5KQHR8&quot;)" computerName="EC2AMAZ-JEOO151" duration="00:00:03.8920000" startTime="2019-07-11T20:07:54.0000000+00:00" endTime="2019-07-11T20:07:58.0000000+00:00" testType="13cdc9d9-ddb5-4fa4-a97d-d965ccfc6d4b" outcome="Passed" testListId="8c84fa94-04c1-424b-9868-57a2d4851a1d" relativeResultsDirectory="0c04fdf9-d272-4cb4-bcd9-9eefb8c13a3f">
      <Output>
        <StdOut>sandbox: PrepareForTestRun started.&#xD;
sandbox: football liveStatsApp != null: True &#xD;
sandbox: football liveStatsApp.IsProcessRunning: True &#xD;
sandbox: setupLocalData: localDatabaseProvider != null: True&#xD;
sandbox: applicationPages != null: True&#xD;
sandbox: applicationPages.Webdriver != null: True&#xD;
sandbox: finished setuping local data&#xD;
sandbox: PrepareForTestRun complete.&#xD;
sandbox: CleanUpAfterTestRun started.&#xD;
sandbox: application pages != null: True&#xD;
sandbox: web driver!= null: True&#xD;
Given action failed. Retrying after a timeout. Most likely UI was not fast enough to refresh itself.&#xD;
sandbox: CleanUpAfterTestRun complete.</StdOut>
      </Output>
    </UnitTestResult>
    <UnitTestResult executionId="cf4f5eeb-2f4a-4d6a-be2f-b403e97ea8d3" testId="00380bb8-e736-2a37-0d69-10f69e658127" testName="CannotProceedWithLessThanRequiredNumberOfPlayers" computerName="EC2AMAZ-JEOO151" duration="00:01:03.6970000" startTime="2019-07-11T17:32:50.0000000+00:00" endTime="2019-07-11T17:33:54.0000000+00:00" testType="13cdc9d9-ddb5-4fa4-a97d-d965ccfc6d4b" outcome="Passed" testListId="8c84fa94-04c1-424b-9868-57a2d4851a1d" relativeResultsDirectory="cf4f5eeb-2f4a-4d6a-be2f-b403e97ea8d3">
      <Output>
        <StdOut>sandbox: PrepareForTestRun started.&#xD;
sandbox: football liveStatsApp != null: True &#xD;
sandbox: football liveStatsApp.IsProcessRunning: True &#xD;
sandbox: setupLocalData: localDatabaseProvider != null: True&#xD;
sandbox: applicationPages != null: True&#xD;
sandbox: applicationPages.Webdriver != null: True&#xD;
sandbox: finished setuping local data&#xD;
sandbox: PrepareForTestRun complete.&#xD;
Given I am in players tab&#xD;
-&gt; done: PlayersTabSteps.GivenIAmInPlayersTab() (3.2s)&#xD;
When I enter all data for 11 players of team 1&#xD;
-&gt; done: PlayersTabSteps.WhenIEnterAllDataForPlayersForTeam(11, 1) (37.3s)&#xD;
And I enter all data for 6 players of team 2&#xD;
-&gt; done: PlayersTabSteps.WhenIEnterAllDataForPlayersForTeam(6, 2) (19.5s)&#xD;
And I click Save &amp; Next button&#xD;
-&gt; done: GameSetupSteps.WhenIClickSaveNextButton() (0.1s)&#xD;
Then Error is shown "name2 should contain at least 7 Players in the Line-up"&#xD;
-&gt; done: GameSetupSteps.ThenErrorIsShown("name2 should cont...") (0.1s)&#xD;
And Formations tab should not be open&#xD;
Failed to find element with query '[data-qa='formationsForm']'. Web driver timeout exception.&#xD;
-&gt; done: TeamsFormationsTabSteps.ThenFormationTabShouldNotOpen() (2.0s)&#xD;
sandbox: CleanUpAfterTestRun started.&#xD;
sandbox: application pages != null: True&#xD;
sandbox: web driver!= null: True&#xD;
Given action failed. Retrying after a timeout. Most likely UI was not fast enough to refresh itself.&#xD;
sandbox: CleanUpAfterTestRun complete.</StdOut>
      </Output>
    </UnitTestResult>
    <UnitTestResult executionId="66b2151a-2d83-4979-9a85-954bc856175e" testId="91b94757-fc96-289a-d0bf-00589354a962" testName="GivenGameInProgress_WhenEditingClockByArrowUpMinutes_ThenClockEdited" computerName="EC2AMAZ-JEOO151" duration="00:00:06.6460000" startTime="2019-07-11T21:16:01.0000000+00:00" endTime="2019-07-11T21:16:07.0000000+00:00" testType="13cdc9d9-ddb5-4fa4-a97d-d965ccfc6d4b" outcome="Passed" testListId="8c84fa94-04c1-424b-9868-57a2d4851a1d" relativeResultsDirectory="66b2151a-2d83-4979-9a85-954bc856175e">
      <Output>
        <StdOut>sandbox: PrepareForTestRun started.&#xD;
sandbox: football liveStatsApp != null: True &#xD;
sandbox: football liveStatsApp.IsProcessRunning: True &#xD;
sandbox: setupLocalData: localDatabaseProvider != null: True&#xD;
sandbox: applicationPages != null: True&#xD;
sandbox: applicationPages.Webdriver != null: True&#xD;
sandbox: finished setuping local data&#xD;
sandbox: PrepareForTestRun complete.&#xD;
sandbox: CleanUpAfterTestRun started.&#xD;
sandbox: application pages != null: True&#xD;
sandbox: web driver!= null: True&#xD;
sandbox: CleanUpAfterTestRun complete.</StdOut>
      </Output>
    </UnitTestResult>
    <UnitTestResult executionId="248fca2b-feba-40be-9c35-2826aac31deb" testId="433b7c9e-2d7b-7704-c2d0-6aa8431e573c" testName="MovingInjuryAboveFlaggedItemUnflagsIt" computerName="EC2AMAZ-JEOO151" duration="00:00:10.3550000" startTime="2019-07-11T19:48:01.0000000+00:00" endTime="2019-07-11T19:48:11.0000000+00:00" testType="13cdc9d9-ddb5-4fa4-a97d-d965ccfc6d4b" outcome="Passed" testListId="8c84fa94-04c1-424b-9868-57a2d4851a1d" relativeResultsDirectory="248fca2b-feba-40be-9c35-2826aac31deb">
      <Output>
        <StdOut>sandbox: PrepareForTestRun started.&#xD;
sandbox: football liveStatsApp != null: True &#xD;
sandbox: football liveStatsApp.IsProcessRunning: True &#xD;
sandbox: setupLocalData: localDatabaseProvider != null: True&#xD;
sandbox: applicationPages != null: True&#xD;
sandbox: applicationPages.Webdriver != null: True&#xD;
sandbox: finished setuping local data&#xD;
sandbox: PrepareForTestRun complete.&#xD;
Given Match started with kick off from existing game&#xD;
-&gt; done: SetupGameSteps.GivenMatchStartedWithKickOffButtonFromExistingGame() (3.2s)&#xD;
And I remembered current players on pitch shirt numbers&#xD;
-&gt; done: GoalEditSteps.GivenIRememberCurrentPlayersOnPitch() (1.5s)&#xD;
Given Injury for Team 1 player with shirt id 4 is registered&#xD;
-&gt; done: PlayerInjuryEditSteps.GivenInjuryForTeamIsRegistered(1, 4) (0.4s)&#xD;
And expanded action log is opened&#xD;
-&gt; done: ActionLogSteps.WhenIClickExpandActionLogButton() (0.3s)&#xD;
When I insert Goal after last action in expanded action log from "1" team with player with shirt number "4"&#xD;
-&gt; done: GoalSteps.WhenIInsertGoalAfterLastActionInExpandedActionLogFromTeamWithScorerWithShirtAndNoAssist(1, 4) (2.2s)&#xD;
And I close expanded action log page&#xD;
-&gt; done: ExpandedActionLogSteps.WhenICloseExpandedActionLogPage() (0.1s)&#xD;
And I click on latest "Injury" event in action log&#xD;
-&gt; done: ActionLogSteps.GivenIClickOnLatestEventInActionLog(Injury) (0.1s)&#xD;
And I change action time to 1020&#xD;
-&gt; done: EditFormSteps.WhenIChangeActionTimeTo("1020") (1.0s)&#xD;
And I click Save button in action edit form&#xD;
-&gt; done: EditFormSteps.ClickSaveButtonInActionEditForm() (0.6s)&#xD;
Then 1 event in action log of type "Goal" is not flagged&#xD;
-&gt; done: ActionLogSteps.ThenEventInActionLogOfTypeIsNotFlagged(1, Goal) (0.0s)&#xD;
sandbox: CleanUpAfterTestRun started.&#xD;
sandbox: application pages != null: True&#xD;
sandbox: web driver!= null: True&#xD;
sandbox: CleanUpAfterTestRun complete.</StdOut>
      </Output>
    </UnitTestResult>
    <UnitTestResult executionId="7987bc4a-4a1d-4d1d-9b7d-83972ea4094d" testId="632b2044-4566-e2fa-1051-ad6cc894e228" testName="GivenGameInProgress_WhenOpeningGameInformation_ThenFieldsArePresent" computerName="EC2AMAZ-JEOO151" duration="00:00:13.4000000" startTime="2019-07-11T20:04:44.0000000+00:00" endTime="2019-07-11T20:04:58.0000000+00:00" testType="13cdc9d9-ddb5-4fa4-a97d-d965ccfc6d4b" outcome="Passed" testListId="8c84fa94-04c1-424b-9868-57a2d4851a1d" relativeResultsDirectory="7987bc4a-4a1d-4d1d-9b7d-83972ea4094d">
      <Output>
        <StdOut>sandbox: PrepareForTestRun started.&#xD;
sandbox: football liveStatsApp != null: True &#xD;
sandbox: football liveStatsApp.IsProcessRunning: True &#xD;
sandbox: setupLocalData: localDatabaseProvider != null: True&#xD;
sandbox: applicationPages != null: True&#xD;
sandbox: applicationPages.Webdriver != null: True&#xD;
sandbox: finished setuping local data&#xD;
sandbox: PrepareForTestRun complete.&#xD;
Failed to find element with query '[data-qa='gameInformation.isClockRunningDownwards']'. Web driver timeout exception.&#xD;
Failed to find element with query '[data-qa='gameInformation.isNeutralVenue']'. Web driver timeout exception.&#xD;
Failed to find element with query '[data-qa='gameInformation.isConferenceGame']'. Web driver timeout exception.&#xD;
sandbox: CleanUpAfterTestRun started.&#xD;
sandbox: application pages != null: True&#xD;
sandbox: web driver!= null: True&#xD;
sandbox: CleanUpAfterTestRun complete.</StdOut>
      </Output>
    </UnitTestResult>
    <UnitTestResult executionId="7a3124a2-dfb3-48ea-a493-539bb847268c" testId="bda337ad-0cbe-92c9-a2f6-0e645b370c52" testName="GivenGoalNetLocationSelected_WhenCancelingWorkflow_ThenGoalDeleted(1,10)" computerName="EC2AMAZ-JEOO151" duration="00:00:10.4990000" startTime="2019-07-11T21:04:51.0000000+00:00" endTime="2019-07-11T21:05:01.0000000+00:00" testType="13cdc9d9-ddb5-4fa4-a97d-d965ccfc6d4b" outcome="Passed" testListId="8c84fa94-04c1-424b-9868-57a2d4851a1d" relativeResultsDirectory="7a3124a2-dfb3-48ea-a493-539bb847268c">
      <Output>
        <StdOut>sandbox: PrepareForTestRun started.&#xD;
sandbox: football liveStatsApp != null: True &#xD;
sandbox: football liveStatsApp.IsProcessRunning: True &#xD;
sandbox: setupLocalData: localDatabaseProvider != null: True&#xD;
sandbox: applicationPages != null: True&#xD;
sandbox: applicationPages.Webdriver != null: True&#xD;
sandbox: finished setuping local data&#xD;
sandbox: PrepareForTestRun complete.&#xD;
Given action failed. Retrying after a timeout.&#xD;
Failed to find data-qa element with tag 'playerGoals'. No such element exception.&#xD;
sandbox: CleanUpAfterTestRun started.&#xD;
sandbox: application pages != null: True&#xD;
sandbox: web driver!= null: True&#xD;
sandbox: CleanUpAfterTestRun complete.</StdOut>
      </Output>
    </UnitTestResult>
    <UnitTestResult executionId="322c5940-3168-4bed-88ad-ac9b198b0b94" testId="bbc13080-731c-8f84-ed08-5747215f8e83" testName="GivenGameInProgress_WhenSelectingInterruptReason_ThenConfirmationIsPrompted" computerName="EC2AMAZ-JEOO151" duration="00:00:05.9730000" startTime="2019-07-11T21:28:32.0000000+00:00" endTime="2019-07-11T21:28:38.0000000+00:00" testType="13cdc9d9-ddb5-4fa4-a97d-d965ccfc6d4b" outcome="Passed" testListId="8c84fa94-04c1-424b-9868-57a2d4851a1d" relativeResultsDirectory="322c5940-3168-4bed-88ad-ac9b198b0b94">
      <Output>
        <StdOut>sandbox: PrepareForTestRun started.&#xD;
sandbox: football liveStatsApp != null: True &#xD;
sandbox: football liveStatsApp.IsProcessRunning: True &#xD;
sandbox: setupLocalData: localDatabaseProvider != null: True&#xD;
sandbox: applicationPages != null: True&#xD;
sandbox: applicationPages.Webdriver != null: True&#xD;
sandbox: finished setuping local data&#xD;
sandbox: PrepareForTestRun complete.&#xD;
sandbox: CleanUpAfterTestRun started.&#xD;
sandbox: application pages != null: True&#xD;
sandbox: web driver!= null: True&#xD;
sandbox: CleanUpAfterTestRun complete.</StdOut>
      </Output>
    </UnitTestResult>
    <UnitTestResult executionId="9bbe1e2e-d2d7-409e-a40b-44a9375e6887" testId="96c57aa3-e0e6-4f77-4298-a85e35bfb726" testName="SelectNoAssistByTeamInGoalInsert" computerName="EC2AMAZ-JEOO151" duration="00:00:14.0980000" startTime="2019-07-11T18:23:58.0000000+00:00" endTime="2019-07-11T18:24:12.0000000+00:00" testType="13cdc9d9-ddb5-4fa4-a97d-d965ccfc6d4b" outcome="Passed" testListId="8c84fa94-04c1-424b-9868-57a2d4851a1d" relativeResultsDirectory="9bbe1e2e-d2d7-409e-a40b-44a9375e6887">
      <Output>
        <StdOut>sandbox: PrepareForTestRun started.&#xD;
sandbox: football liveStatsApp != null: True &#xD;
sandbox: football liveStatsApp.IsProcessRunning: True &#xD;
sandbox: setupLocalData: localDatabaseProvider != null: True&#xD;
sandbox: applicationPages != null: True&#xD;
sandbox: applicationPages.Webdriver != null: True&#xD;
sandbox: finished setuping local data&#xD;
sandbox: PrepareForTestRun complete.&#xD;
Given Match started with kick off from existing game&#xD;
-&gt; done: SetupGameSteps.GivenMatchStartedWithKickOffButtonFromExistingGame() (3.2s)&#xD;
And "Top right" corner added for Team 1&#xD;
-&gt; done: CornerSteps.GivenCornerAddedForTeam("Top right", 1) (3.1s)&#xD;
And "Yellow" Card for Team 1 is registered&#xD;
Given action failed. Retrying after a timeout.&#xD;
-&gt; done: CardSteps.GivenCardForTeamIsRegistered(Yellow, 1) (3.3s)&#xD;
And I clicked on latest "Corner" event in action log&#xD;
-&gt; done: ActionLogSteps.GivenIClickOnLatestEventInActionLog(Corner) (0.2s)&#xD;
And I entered new conceded event time of "0030"&#xD;
-&gt; done: EditFormSteps.GivenIEnterNewConcededEventTimeOf("0030") (1.0s)&#xD;
And I clicked Save button in action edit form&#xD;
-&gt; done: EditFormSteps.ClickSaveButtonInActionEditForm() (0.6s)&#xD;
And I remembered current players on pitch shirt numbers&#xD;
-&gt; done: GoalEditSteps.GivenIRememberCurrentPlayersOnPitch() (1.1s)&#xD;
When I click Expand Action log button&#xD;
-&gt; done: ActionLogSteps.WhenIClickExpandActionLogButton() (0.1s)&#xD;
And I click last action in expanded action log&#xD;
-&gt; done: ExpandedActionLogSteps.WhenIClickLastActionInExpandedActionLog() (0.1s)&#xD;
And I click insert after button in expanded action log&#xD;
-&gt; done: ExpandedActionLogSteps.WhenIClickInsertAfterButtonInExpandedActionLog() (0.1s)&#xD;
And I click insert Goal button in insert after dropdown&#xD;
-&gt; done: ExpandedActionLogSteps.WhenIClickInsertGoalButtonInInsertAfterDropdown() (0.1s)&#xD;
And I click "1" team in Goal by Team&#xD;
-&gt; done: GoalEditSteps.GivenIClickTeamInShotByTeam(1) (0.1s)&#xD;
Then "assisted by" is visible in goal edit workflow&#xD;
-&gt; done: GoalEditSteps.ThenAssistedByIsVisible() (0.1s)&#xD;
sandbox: CleanUpAfterTestRun started.&#xD;
sandbox: application pages != null: True&#xD;
sandbox: web driver!= null: True&#xD;
sandbox: CleanUpAfterTestRun complete.</StdOut>
      </Output>
    </UnitTestResult>
    <UnitTestResult executionId="9aef123a-a173-4491-8d72-72a10d64bda7" testId="184976a3-1d46-6cd6-0f59-bd844a34964b" testName="EmptyOrInvalidMatchKeyIsRejected(&quot;NOT_VALID_MATCH_KEY&quot;,null)" computerName="EC2AMAZ-JEOO151" duration="00:00:01.3680000" startTime="2019-07-11T17:22:04.0000000+00:00" endTime="2019-07-11T17:22:05.0000000+00:00" testType="13cdc9d9-ddb5-4fa4-a97d-d965ccfc6d4b" outcome="Passed" testListId="8c84fa94-04c1-424b-9868-57a2d4851a1d" relativeResultsDirectory="9aef123a-a173-4491-8d72-72a10d64bda7">
      <Output>
        <StdOut>sandbox: PrepareForTestRun started.&#xD;
sandbox: football liveStatsApp != null: True &#xD;
sandbox: football liveStatsApp.IsProcessRunning: True &#xD;
sandbox: setupLocalData: localDatabaseProvider != null: True&#xD;
sandbox: applicationPages != null: True&#xD;
sandbox: applicationPages.Webdriver != null: True&#xD;
sandbox: finished setuping local data&#xD;
sandbox: PrepareForTestRun complete.&#xD;
Given Load Game Using Match Key Dialog Is Opened&#xD;
-&gt; done: DashBoardSteps.GivenLoadGameUsingMatchKeyDialogIsOpened() (0.2s)&#xD;
When I enter match key NOT_VALID_MATCH_KEY&#xD;
-&gt; done: DashBoardSteps.WhenIEnterMatchKey("NOT_VALID_MATCH_KEY") (0.2s)&#xD;
And I click Next button&#xD;
-&gt; done: DashBoardSteps.WhenIClickNextButton() (0.1s)&#xD;
Then Invalid Match Key message is displayed&#xD;
-&gt; done: DashBoardSteps.ThenInvalidMatchKeyMessageIsDisplayed() (0.1s)&#xD;
And Match Key field is highlighted&#xD;
-&gt; done: DashBoardSteps.ThenMatchKeyFieldIsHighlighted() (0.0s)&#xD;
sandbox: CleanUpAfterTestRun started.&#xD;
sandbox: application pages != null: True&#xD;
sandbox: web driver!= null: True&#xD;
sandbox: CleanUpAfterTestRun complete.</StdOut>
      </Output>
    </UnitTestResult>
    <UnitTestResult executionId="76798c84-244f-4e69-b0de-120b6cc47d76" testId="90ff0f29-abe1-1956-2708-b75276e328c6" testName="GoalWorkflowCanBeStartedDuringAnyFreeKickWorkflowStep(&quot;reason&quot;,&quot;1&quot;,null)" computerName="EC2AMAZ-JEOO151" duration="00:00:05.0990000" startTime="2019-07-11T18:59:17.0000000+00:00" endTime="2019-07-11T18:59:22.0000000+00:00" testType="13cdc9d9-ddb5-4fa4-a97d-d965ccfc6d4b" outcome="Passed" testListId="8c84fa94-04c1-424b-9868-57a2d4851a1d" relativeResultsDirectory="76798c84-244f-4e69-b0de-120b6cc47d76">
      <Output>
        <StdOut>sandbox: PrepareForTestRun started.&#xD;
sandbox: football liveStatsApp != null: True &#xD;
sandbox: football liveStatsApp.IsProcessRunning: True &#xD;
sandbox: setupLocalData: localDatabaseProvider != null: True&#xD;
sandbox: applicationPages != null: True&#xD;
sandbox: applicationPages.Webdriver != null: True&#xD;
sandbox: finished setuping local data&#xD;
sandbox: PrepareForTestRun complete.&#xD;
Given Match started with kick off from existing game&#xD;
-&gt; done: SetupGameSteps.GivenMatchStartedWithKickOffButtonFromExistingGame() (3.3s)&#xD;
Given Free kick for team "1" workflow entered till reason selection&#xD;
Given action failed. Retrying after a timeout.&#xD;
-&gt; done: FreeKickSteps.GivenFreeKickForTeamAndWorkflowEnteredTillReasonSelection(1) (0.8s)&#xD;
Then Can register goal for team "1" but not other&#xD;
-&gt; done: GoalSteps.ThenCanRegisterGoalForTeam(1) (0.1s)&#xD;
sandbox: CleanUpAfterTestRun started.&#xD;
sandbox: application pages != null: True&#xD;
sandbox: web driver!= null: True&#xD;
sandbox: CleanUpAfterTestRun complete.</StdOut>
      </Output>
    </UnitTestResult>
    <UnitTestResult executionId="6f2466af-9e5d-481f-829b-63eeac7607c2" testId="ed105ca6-c0e9-fd31-1c43-3eca41614b59" testName="PlayerCannotBeSubstitutedToGoalkeeperLocation" computerName="EC2AMAZ-JEOO151" duration="00:00:13.4310000" startTime="2019-07-11T17:25:28.0000000+00:00" endTime="2019-07-11T17:25:41.0000000+00:00" testType="13cdc9d9-ddb5-4fa4-a97d-d965ccfc6d4b" outcome="Passed" testListId="8c84fa94-04c1-424b-9868-57a2d4851a1d" relativeResultsDirectory="6f2466af-9e5d-481f-829b-63eeac7607c2">
      <Output>
        <StdOut>sandbox: PrepareForTestRun started.&#xD;
sandbox: football liveStatsApp != null: True &#xD;
sandbox: football liveStatsApp.IsProcessRunning: True &#xD;
sandbox: setupLocalData: localDatabaseProvider != null: True&#xD;
sandbox: applicationPages != null: True&#xD;
sandbox: applicationPages.Webdriver != null: True&#xD;
sandbox: finished setuping local data&#xD;
sandbox: PrepareForTestRun complete.&#xD;
Given I am in formations tab&#xD;
-&gt; done: TeamsFormationsTabSteps.GivenIAmInFormationsTab() (6.6s)&#xD;
And All starters are added into formation for team 1&#xD;
-&gt; done: TeamsFormationsTabSteps.GivenAllPlayersAreAddedIntoFormation(1) (2.1s)&#xD;
And All starters are added into formation for team 2&#xD;
-&gt; done: TeamsFormationsTabSteps.GivenAllPlayersAreAddedIntoFormation(2) (2.1s)&#xD;
When I select "4-4-2" formation for team 2&#xD;
-&gt; done: TeamsFormationsTabSteps.WhenISelectFormationForTeam("4-4-2", 2) (0.3s)&#xD;
And I click on court goalkeeper of team 2&#xD;
-&gt; done: TeamsFormationsTabSteps.WhenIClickOnCourtGoalkeeperOfTeam(2) (0.3s)&#xD;
And I click on bench button of team 2&#xD;
-&gt; done: TeamsFormationsTabSteps.WhenIClickOnBenchButton(2) (0.1s)&#xD;
And I click on bench player 23 of team 2&#xD;
-&gt; done: TeamsFormationsTabSteps.WhenIClickOnBenchPlayerOfTeam(23, 2) (0.2s)&#xD;
And I click on formation location 1 of team 2&#xD;
-&gt; done: TeamsFormationsTabSteps.WhenIClickOnFormationLocationOfTeam(1, 2) (0.2s)&#xD;
Then formation location 1 of team 2 is empty&#xD;
-&gt; done: TeamsFormationsTabSteps.ThenFormationLocationIsEmpty(1, 2) (0.2s)&#xD;
sandbox: CleanUpAfterTestRun started.&#xD;
sandbox: application pages != null: True&#xD;
sandbox: web driver!= null: True&#xD;
Given action failed. Retrying after a timeout. Most likely UI was not fast enough to refresh itself.&#xD;
sandbox: CleanUpAfterTestRun complete.</StdOut>
      </Output>
    </UnitTestResult>
    <UnitTestResult executionId="a5ec29fb-41b2-4eb3-a780-2aa7d324b50b" testId="e1f3da68-1daa-09fd-00ec-6cd4a8afd07f" testName="ShotCompletesFreeKickWorkflow" computerName="EC2AMAZ-JEOO151" duration="00:00:07.0200000" startTime="2019-07-11T19:26:09.0000000+00:00" endTime="2019-07-11T19:26:16.0000000+00:00" testType="13cdc9d9-ddb5-4fa4-a97d-d965ccfc6d4b" outcome="Passed" testListId="8c84fa94-04c1-424b-9868-57a2d4851a1d" relativeResultsDirectory="a5ec29fb-41b2-4eb3-a780-2aa7d324b50b">
      <Output>
        <StdOut>sandbox: PrepareForTestRun started.&#xD;
sandbox: football liveStatsApp != null: True &#xD;
sandbox: football liveStatsApp.IsProcessRunning: True &#xD;
sandbox: setupLocalData: localDatabaseProvider != null: True&#xD;
sandbox: applicationPages != null: True&#xD;
sandbox: applicationPages.Webdriver != null: True&#xD;
sandbox: finished setuping local data&#xD;
sandbox: PrepareForTestRun complete.&#xD;
Given Match started with kick off from existing game&#xD;
-&gt; done: SetupGameSteps.GivenMatchStartedWithKickOffButtonFromExistingGame() (3.2s)&#xD;
Given Free kick for team "1" workflow entered till taken selection&#xD;
Given action failed. Retrying after a timeout.&#xD;
-&gt; done: FreeKickSteps.GivenFreeKickForTeamAndWorkflowEnteredTillTakenSelection(1) (1.6s)&#xD;
When I click "Shot" button for team 1&#xD;
Given action failed. Retrying after a timeout.&#xD;
-&gt; done: TeamActionButtonSteps.GivenIClickShotButtonForTeam(1) (0.5s)&#xD;
And I click on team 1 player on pitch with shirt number 13&#xD;
-&gt; done: PitchPlayersComponentSteps.WhenIClickOnTeamPlayerOnPitchWithShirtNumber(1, 13) (0.1s)&#xD;
And I click on pitch x 50 and y 50&#xD;
-&gt; done: PitchScreenSteps.WhenIClickOnPitch(50, 50) (0.2s)&#xD;
And I Click "Shot Blocked" button&#xD;
-&gt; done: ShotRegistrationSteps.WhenClickIShotBlockedButton() (0.1s)&#xD;
Then latest "FreeKick" action is completed in action log&#xD;
-&gt; done: ActionLogSteps.ThenLatestActionIsCompletedInActionLog(FreeKick) (0.3s)&#xD;
And latest "Shot" action is completed in action log&#xD;
-&gt; done: ActionLogSteps.ThenLatestActionIsCompletedInActionLog(Shot) (0.1s)&#xD;
And Latest action of type "FreeKick" is not flagged&#xD;
-&gt; done: ActionLogSteps.ThenLatestEventInActionLogOfTypeIsNotFlagged(FreeKick) (0.0s)&#xD;
sandbox: CleanUpAfterTestRun started.&#xD;
sandbox: application pages != null: True&#xD;
sandbox: web driver!= null: True&#xD;
sandbox: CleanUpAfterTestRun complete.</StdOut>
      </Output>
    </UnitTestResult>
    <UnitTestResult executionId="1dbd4f57-adad-46b4-bd82-cd7aafe10d38" testId="f03ab956-1d7e-5115-088d-1f3aa08c6797" testName="StartGoalFromFreeKickWorkflow(&quot;taken&quot;,&quot;2&quot;,&quot;1&quot;,&quot;0&quot;,null)" computerName="EC2AMAZ-JEOO151" duration="00:00:07.3010000" startTime="2019-07-11T19:00:04.0000000+00:00" endTime="2019-07-11T19:00:12.0000000+00:00" testType="13cdc9d9-ddb5-4fa4-a97d-d965ccfc6d4b" outcome="Passed" testListId="8c84fa94-04c1-424b-9868-57a2d4851a1d" relativeResultsDirectory="1dbd4f57-adad-46b4-bd82-cd7aafe10d38">
      <Output>
        <StdOut>sandbox: PrepareForTestRun started.&#xD;
sandbox: football liveStatsApp != null: True &#xD;
sandbox: football liveStatsApp.IsProcessRunning: True &#xD;
sandbox: setupLocalData: localDatabaseProvider != null: True&#xD;
sandbox: applicationPages != null: True&#xD;
sandbox: applicationPages.Webdriver != null: True&#xD;
sandbox: finished setuping local data&#xD;
sandbox: PrepareForTestRun complete.&#xD;
Given Match started with kick off from existing game&#xD;
-&gt; done: SetupGameSteps.GivenMatchStartedWithKickOffButtonFromExistingGame() (3.3s)&#xD;
Given Free kick for team "2" workflow entered till taken selection&#xD;
Given action failed. Retrying after a timeout.&#xD;
-&gt; done: FreeKickSteps.GivenFreeKickForTeamAndWorkflowEnteredTillTakenSelection(2) (1.6s)&#xD;
When I click goal for team 2 button&#xD;
-&gt; done: TeamActionButtonSteps.GivenIClickGoalForTeamButton(2) (0.4s)&#xD;
Then Latest freekick event is in progress&#xD;
-&gt; done: ActionLogSteps.ThenFreekickEventIsNotCompleted() (0.1s)&#xD;
And Latest free kick event is not active&#xD;
-&gt; done: ActionLogSteps.ThenFreeKickEventIsNotActive() (0.0s)&#xD;
And "Goal" confirmation dialog is visible&#xD;
-&gt; done: GoalSteps.ThenConfirmationDialogIsVisible() (0.0s)&#xD;
And team 1 players are disabled&#xD;
-&gt; done: PitchPlayersComponentSteps.ThenTeamPlayersAreDisabled(1) (0.1s)&#xD;
And team 2 players are disabled&#xD;
-&gt; done: PitchPlayersComponentSteps.ThenTeamPlayersAreDisabled(2) (0.1s)&#xD;
sandbox: CleanUpAfterTestRun started.&#xD;
sandbox: application pages != null: True&#xD;
sandbox: web driver!= null: True&#xD;
sandbox: CleanUpAfterTestRun complete.</StdOut>
      </Output>
    </UnitTestResult>
    <UnitTestResult executionId="59d034e4-ce41-441b-869d-777174ae8d35" testId="4fdabef6-52f5-6b77-84b4-4bfdc4692753" testName="FootballTimeUpdatedForShot" computerName="EC2AMAZ-JEOO151" duration="00:00:12.8150000" startTime="2019-07-11T18:10:14.0000000+00:00" endTime="2019-07-11T18:10:27.0000000+00:00" testType="13cdc9d9-ddb5-4fa4-a97d-d965ccfc6d4b" outcome="Passed" testListId="8c84fa94-04c1-424b-9868-57a2d4851a1d" relativeResultsDirectory="59d034e4-ce41-441b-869d-777174ae8d35">
      <Output>
        <StdOut>sandbox: PrepareForTestRun started.&#xD;
sandbox: football liveStatsApp != null: True &#xD;
sandbox: football liveStatsApp.IsProcessRunning: True &#xD;
sandbox: setupLocalData: localDatabaseProvider != null: True&#xD;
sandbox: applicationPages != null: True&#xD;
sandbox: applicationPages.Webdriver != null: True&#xD;
sandbox: finished setuping local data&#xD;
sandbox: PrepareForTestRun complete.&#xD;
Given Match started with kick off from existing game&#xD;
-&gt; done: SetupGameSteps.GivenMatchStartedWithKickOffButtonFromExistingGame() (3.2s)&#xD;
And I remembered current players on pitch shirt numbers&#xD;
-&gt; done: GoalEditSteps.GivenIRememberCurrentPlayersOnPitch() (1.6s)&#xD;
And I clicked on pitch x 50 and y 60&#xD;
Failed to find element with query '[data-qa='activePitchOverlay']'. Web driver timeout exception.&#xD;
Given action failed. Retrying after a timeout.&#xD;
Failed to find element with query '[data-qa='activePitchOverlay']'. Web driver timeout exception.&#xD;
-&gt; done: PitchScreenSteps.WhenIClickOnPitch(50, 60) (4.4s)&#xD;
And I clicked "Shot" button for team 1&#xD;
Given action failed. Retrying after a timeout.&#xD;
-&gt; done: TeamActionButtonSteps.GivenIClickShotButtonForTeam(1) (0.5s)&#xD;
And I clicked on team 1 player on pitch with shirt number 13&#xD;
-&gt; done: PitchPlayersComponentSteps.WhenIClickOnTeamPlayerOnPitchWithShirtNumber(1, 13) (0.1s)&#xD;
And I clicked on pitch x 50 and y 50&#xD;
-&gt; done: PitchScreenSteps.WhenIClickOnPitch(50, 50) (0.2s)&#xD;
And I clicked "Shot Off Target" button&#xD;
-&gt; done: ShotRegistrationSteps.WhenClickIShotOffTargetButton() (0.1s)&#xD;
And I clicked on net x "50" and y "25"&#xD;
-&gt; done: NetSectionSteps.WhenIClickOnNetXAndY(50, 25) (0.2s)&#xD;
And I clicked "No save" button&#xD;
-&gt; done: NetSectionSteps.WhenIClickNoSaveButton() (0.3s)&#xD;
When I click shot event in action log&#xD;
-&gt; done: ActionLogSteps.WhenIClickShotEventInActionLog() (0.2s)&#xD;
And I click on "Edit time" field in action edit&#xD;
-&gt; done: EditFormSteps.GivenIClickOnFieldInActionEdit() (0.1s)&#xD;
And I change action time to 1020&#xD;
-&gt; done: EditFormSteps.WhenIChangeActionTimeTo("1020") (1.0s)&#xD;
Then Save button is enabled in action edit form&#xD;
-&gt; done: EditFormSteps.SaveButtonIsEnabled() (0.0s)&#xD;
sandbox: CleanUpAfterTestRun started.&#xD;
sandbox: application pages != null: True&#xD;
sandbox: web driver!= null: True&#xD;
sandbox: CleanUpAfterTestRun complete.</StdOut>
      </Output>
    </UnitTestResult>
    <UnitTestResult executionId="066fc357-7a9e-4db7-b93b-7a1ed0061b29" testId="3aa5ef5e-c2d9-9075-fe0e-d1529f8c94d8" testName="GivenGameInProgress_WhenEditingGameInformation_ThenFieldsAreUpdated" computerName="EC2AMAZ-JEOO151" duration="00:00:08.3330000" startTime="2019-07-11T20:04:23.0000000+00:00" endTime="2019-07-11T20:04:31.0000000+00:00" testType="13cdc9d9-ddb5-4fa4-a97d-d965ccfc6d4b" outcome="Passed" testListId="8c84fa94-04c1-424b-9868-57a2d4851a1d" relativeResultsDirectory="066fc357-7a9e-4db7-b93b-7a1ed0061b29">
      <Output>
        <StdOut>sandbox: PrepareForTestRun started.&#xD;
sandbox: football liveStatsApp != null: True &#xD;
sandbox: football liveStatsApp.IsProcessRunning: True &#xD;
sandbox: setupLocalData: localDatabaseProvider != null: True&#xD;
sandbox: applicationPages != null: True&#xD;
sandbox: applicationPages.Webdriver != null: True&#xD;
sandbox: finished setuping local data&#xD;
sandbox: PrepareForTestRun complete.&#xD;
sandbox: CleanUpAfterTestRun started.&#xD;
sandbox: application pages != null: True&#xD;
sandbox: web driver!= null: True&#xD;
sandbox: CleanUpAfterTestRun complete.</StdOut>
      </Output>
    </UnitTestResult>
    <UnitTestResult executionId="24ea82be-37d2-4b60-abb5-090bb03486d5" testId="598f234b-807a-c270-b145-f5dcb8e4e3a0" testName="SetAdjustShotLocationForGoalInsert(&quot;adjust&quot;,null)" computerName="EC2AMAZ-JEOO151" duration="00:00:24.4000000" startTime="2019-07-11T18:31:13.0000000+00:00" endTime="2019-07-11T18:31:38.0000000+00:00" testType="13cdc9d9-ddb5-4fa4-a97d-d965ccfc6d4b" outcome="Passed" testListId="8c84fa94-04c1-424b-9868-57a2d4851a1d" relativeResultsDirectory="24ea82be-37d2-4b60-abb5-090bb03486d5">
      <Output>
        <StdOut>sandbox: PrepareForTestRun started.&#xD;
sandbox: football liveStatsApp != null: True &#xD;
sandbox: football liveStatsApp.IsProcessRunning: True &#xD;
sandbox: setupLocalData: localDatabaseProvider != null: True&#xD;
sandbox: applicationPages != null: True&#xD;
sandbox: applicationPages.Webdriver != null: True&#xD;
sandbox: finished setuping local data&#xD;
sandbox: PrepareForTestRun complete.&#xD;
Given Match started with kick off from existing game&#xD;
-&gt; done: SetupGameSteps.GivenMatchStartedWithKickOffButtonFromExistingGame() (3.3s)&#xD;
And "Top right" corner added for Team 1&#xD;
Given action failed. Retrying after a timeout.&#xD;
-&gt; done: CornerSteps.GivenCornerAddedForTeam("Top right", 1) (3.2s)&#xD;
And "Yellow" Card for Team 1 is registered&#xD;
-&gt; done: CardSteps.GivenCardForTeamIsRegistered(Yellow, 1) (3.1s)&#xD;
And I clicked on latest "Corner" event in action log&#xD;
-&gt; done: ActionLogSteps.GivenIClickOnLatestEventInActionLog(Corner) (0.2s)&#xD;
And I entered new conceded event time of "0030"&#xD;
-&gt; done: EditFormSteps.GivenIEnterNewConcededEventTimeOf("0030") (1.0s)&#xD;
And I clicked Save button in action edit form&#xD;
-&gt; done: EditFormSteps.ClickSaveButtonInActionEditForm() (0.6s)&#xD;
And I remembered current players on pitch shirt numbers&#xD;
-&gt; done: GoalEditSteps.GivenIRememberCurrentPlayersOnPitch() (1.1s)&#xD;
When I click Expand Action log button&#xD;
-&gt; done: ActionLogSteps.WhenIClickExpandActionLogButton() (0.2s)&#xD;
And I click last action in expanded action log&#xD;
-&gt; done: ExpandedActionLogSteps.WhenIClickLastActionInExpandedActionLog() (0.1s)&#xD;
And I click insert after button in expanded action log&#xD;
-&gt; done: ExpandedActionLogSteps.WhenIClickInsertAfterButtonInExpandedActionLog() (0.1s)&#xD;
And I click insert Goal button in insert after dropdown&#xD;
-&gt; done: ExpandedActionLogSteps.WhenIClickInsertGoalButtonInInsertAfterDropdown() (0.1s)&#xD;
And I click "adjust" shot location button in insert window&#xD;
-&gt; done: GoalEditSteps.GivenIClickAdjustShotLocationButton() (0.1s)&#xD;
Then Edit shot position dialog is visible&#xD;
-&gt; done: ExpandedShotLocationDialogSteps.ThenEditShotPositionDialogIsVisible() (0.0s)&#xD;
And Shot pitch Position marker is not visible&#xD;
Failed to find element with query '[data-qa='pitchLocationPopup']'. Web driver timeout exception.&#xD;
Failed to find element with query '[data-qa='currentPitchLocation']'. Web driver timeout exception.&#xD;
-&gt; done: ExpandedPitchPositionDialogSteps.ThenShotPitchPositionMarkerIsNotVisible() (4.1s)&#xD;
And Current position marker is not visible in expanded shot position dialog&#xD;
Failed to find element with query '[data-qa='pitchLocationPopup']'. Web driver timeout exception.&#xD;
Failed to find element with query '[data-qa='currentPitchLocation']'. Web driver timeout exception.&#xD;
-&gt; done: ExpandedPitchPositionDialogSteps.ThenShotPitchPositionMarkerIsNotVisible() (4.1s)&#xD;
And Clear shot position button is not visible in expanded shot position dialog&#xD;
Failed to find element with query '[data-qa='pitchLocationClearButton']'. Web driver timeout exception.&#xD;
-&gt; done: ExpandedShotLocationDialogSteps.ThenClearShotPositionButtonIsNotVisibleInExpandedShotPositionDialog() (2.0s)&#xD;
And "Cancel" Button is visible in shot location dialog&#xD;
-&gt; done: ExpandedShotLocationDialogSteps.ThenCancelButtonIsVisibleInShotLocationDialog() (0.0s)&#xD;
And "Proceed" Button is visible in shot location dialog&#xD;
-&gt; done: ExpandedShotLocationDialogSteps.ThenProceedButtonIsVisibleInShotLocationDialog() (0.0s)&#xD;
sandbox: CleanUpAfterTestRun started.&#xD;
sandbox: application pages != null: True&#xD;
sandbox: web driver!= null: True&#xD;
sandbox: CleanUpAfterTestRun complete.</StdOut>
      </Output>
    </UnitTestResult>
    <UnitTestResult executionId="eb022e05-ee42-48de-b768-63d64bda1f67" testId="2db17fc0-3878-17cb-da45-6e2f289142e9" testName="TakenTimeUpdatedForFreeKick" computerName="EC2AMAZ-JEOO151" duration="00:00:08.9660000" startTime="2019-07-11T17:58:23.0000000+00:00" endTime="2019-07-11T17:58:31.0000000+00:00" testType="13cdc9d9-ddb5-4fa4-a97d-d965ccfc6d4b" outcome="Passed" testListId="8c84fa94-04c1-424b-9868-57a2d4851a1d" relativeResultsDirectory="eb022e05-ee42-48de-b768-63d64bda1f67">
      <Output>
        <StdOut>sandbox: PrepareForTestRun started.&#xD;
sandbox: football liveStatsApp != null: True &#xD;
sandbox: football liveStatsApp.IsProcessRunning: True &#xD;
sandbox: setupLocalData: localDatabaseProvider != null: True&#xD;
sandbox: applicationPages != null: True&#xD;
sandbox: applicationPages.Webdriver != null: True&#xD;
sandbox: finished setuping local data&#xD;
sandbox: PrepareForTestRun complete.&#xD;
Given Match started with kick off from existing game&#xD;
-&gt; done: SetupGameSteps.GivenMatchStartedWithKickOffButtonFromExistingGame() (3.3s)&#xD;
And I remembered current players on pitch shirt numbers&#xD;
-&gt; done: GoalEditSteps.GivenIRememberCurrentPlayersOnPitch() (1.5s)&#xD;
Given Freekick for Team 1 is registered&#xD;
-&gt; done: FreeKickSteps.GivenFreekickForTeamIsRegistered(1) (1.1s)&#xD;
When I click on latest "FreeKick" event in action log&#xD;
-&gt; done: ActionLogSteps.GivenIClickOnLatestEventInActionLog(FreeKick) (0.3s)&#xD;
And I enter new taken event time of "2020"&#xD;
-&gt; done: EditFormSteps.GivenIEnterNewTakenEventTimeOf("2020") (1.1s)&#xD;
And I click Save button in action edit form&#xD;
-&gt; done: EditFormSteps.ClickSaveButtonInActionEditForm() (0.6s)&#xD;
And I click on latest "FreeKick" event in action log&#xD;
-&gt; done: ActionLogSteps.GivenIClickOnLatestEventInActionLog(FreeKick) (0.1s)&#xD;
Then "Taken time" of action edit page is "2020"&#xD;
-&gt; done: EditFormSteps.ThenOfActionEditPageIs("2020") (0.2s)&#xD;
sandbox: CleanUpAfterTestRun started.&#xD;
sandbox: application pages != null: True&#xD;
sandbox: web driver!= null: True&#xD;
sandbox: CleanUpAfterTestRun complete.</StdOut>
      </Output>
    </UnitTestResult>
    <UnitTestResult executionId="e8a9e8a9-8f16-4b20-85cf-ea2ce94fa109" testId="e40a4c54-fcff-302e-da28-9d086acda988" testName="SubstitutionActionFlagCanBeReviewedInActionEditScreen" computerName="EC2AMAZ-JEOO151" duration="00:00:06.9830000" startTime="2019-07-11T19:43:07.0000000+00:00" endTime="2019-07-11T19:43:14.0000000+00:00" testType="13cdc9d9-ddb5-4fa4-a97d-d965ccfc6d4b" outcome="Passed" testListId="8c84fa94-04c1-424b-9868-57a2d4851a1d" relativeResultsDirectory="e8a9e8a9-8f16-4b20-85cf-ea2ce94fa109">
      <Output>
        <StdOut>sandbox: PrepareForTestRun started.&#xD;
sandbox: football liveStatsApp != null: True &#xD;
sandbox: football liveStatsApp.IsProcessRunning: True &#xD;
sandbox: setupLocalData: localDatabaseProvider != null: True&#xD;
sandbox: applicationPages != null: True&#xD;
sandbox: applicationPages.Webdriver != null: True&#xD;
sandbox: finished setuping local data&#xD;
sandbox: PrepareForTestRun complete.&#xD;
Given Match started with kick off from existing game&#xD;
-&gt; done: SetupGameSteps.GivenMatchStartedWithKickOffButtonFromExistingGame() (3.3s)&#xD;
Given added substitution for in player "24" and out player "4" in team "2"&#xD;
-&gt; done: SubstitutionEditSteps.GivenIAddSubstitutionForBothTeams(24, 4, 2) (1.9s)&#xD;
When I click on 1 of type "Substitution" event in action log&#xD;
-&gt; done: ActionLogSteps.GivenIClickOnLatestEventInActionLog(1, Substitution) (0.2s)&#xD;
And I click Flag &amp; Save button in action edit form&#xD;
-&gt; done: EditFormSteps.ClickFlagAndSaveInActionEditForm() (0.4s)&#xD;
And I click on 1 of type "Substitution" event in action log&#xD;
-&gt; done: ActionLogSteps.GivenIClickOnLatestEventInActionLog(1, Substitution) (0.1s)&#xD;
And I click review flags button in game action edit window&#xD;
-&gt; done: EditFormSteps.WhenIClickReviewFlagsButtonInGameActionEditWindow() (0.1s)&#xD;
Then Review action flags dialog opens&#xD;
-&gt; done: EditFormSteps.ThenReviewActionFlagsDialogOpens() (0.0s)&#xD;
And "This item was flagged by the User." is visible in review action flags dialog&#xD;
-&gt; done: EditWindowFlagsDropDownSteps.ThenIsVisibleInReviewActionFlagsDialog("This item was fla...") (0.0s)&#xD;
sandbox: CleanUpAfterTestRun started.&#xD;
sandbox: application pages != null: True&#xD;
sandbox: web driver!= null: True&#xD;
sandbox: CleanUpAfterTestRun complete.</StdOut>
      </Output>
    </UnitTestResult>
    <UnitTestResult executionId="a1dcd6db-243a-4fa5-b40b-8f2b008bfd22" testId="1708372b-575c-5dad-0808-2f813c427744" testName="WhenActionTimeChangedToSameTimeAsAnotherActionAndActionMovedBeforeAndSaved" computerName="EC2AMAZ-JEOO151" duration="00:00:06.9550000" startTime="2019-07-11T17:43:15.0000000+00:00" endTime="2019-07-11T17:43:22.0000000+00:00" testType="13cdc9d9-ddb5-4fa4-a97d-d965ccfc6d4b" outcome="Failed" testListId="8c84fa94-04c1-424b-9868-57a2d4851a1d" relativeResultsDirectory="a1dcd6db-243a-4fa5-b40b-8f2b008bfd22">
      <Output>
        <StdOut>-&gt; warning: The previous ScenarioContext was not disposed.&#xD;
sandbox: PrepareForTestRun started.&#xD;
sandbox: football liveStatsApp != null: True &#xD;
sandbox: football liveStatsApp.IsProcessRunning: True &#xD;
sandbox: setupLocalData: localDatabaseProvider != null: True&#xD;
sandbox: applicationPages != null: True&#xD;
sandbox: applicationPages.Webdriver != null: True&#xD;
sandbox: finished setuping local data&#xD;
sandbox: PrepareForTestRun complete.&#xD;
Given Match started with kick off from existing game&#xD;
-&gt; error: Timed out after 1 seconds&#xD;
And GoalKick for Team 1 is registered&#xD;
-&gt; skipped because of previous errors&#xD;
And GoalKick for Team 1 is registered&#xD;
-&gt; skipped because of previous errors&#xD;
And GoalKick for Team 1 is registered&#xD;
-&gt; skipped because of previous errors&#xD;
And I clicked on 1 of type "GoalKick" event in action log&#xD;
-&gt; skipped because of previous errors&#xD;
And I entered new conceded event time of "0050"&#xD;
-&gt; skipped because of previous errors&#xD;
And I clicked Save button in action edit form&#xD;
-&gt; skipped because of previous errors&#xD;
And I clicked on 2 of type "GoalKick" event in action log&#xD;
-&gt; skipped because of previous errors&#xD;
And I entered new conceded event time of "0025"&#xD;
-&gt; skipped because of previous errors&#xD;
And I clicked Save button in action edit form&#xD;
-&gt; skipped because of previous errors&#xD;
And I clicked on 3 of type "GoalKick" event in action log&#xD;
-&gt; skipped because of previous errors&#xD;
And I entered new conceded event time of "0005"&#xD;
-&gt; skipped because of previous errors&#xD;
And I clicked Save button in action edit form&#xD;
-&gt; skipped because of previous errors&#xD;
Given Freekick for Team 1 is registered&#xD;
-&gt; skipped because of previous errors&#xD;
When I click on latest "FreeKick" event in action log&#xD;
-&gt; skipped because of previous errors&#xD;
And I enter new conceded event time of "0025"&#xD;
-&gt; skipped because of previous errors&#xD;
And I click Save button in action edit form&#xD;
-&gt; skipped because of previous errors&#xD;
And Move game action before button is clicked in move game action dialog&#xD;
-&gt; skipped because of previous errors&#xD;
And Confirm new game action order button is clicked in move game action dialog&#xD;
-&gt; skipped because of previous errors&#xD;
Then 3 event in action log is of type "FreeKick"&#xD;
-&gt; skipped because of previous errors&#xD;
sandbox: saving logs&#xD;
sandbox: saving logs success&#xD;
sandbox: CleanUpAfterTestFailed started.&#xD;
sandbox: dropping application pages&#xD;
sandbox: dropping data directory&#xD;
sandbox: CleanUpAfterTestFailed complete.</StdOut>
        <ErrorInfo>
          <Message>OpenQA.Selenium.WebDriverTimeoutException : Timed out after 1 seconds&#xD;
  ----&gt; OpenQA.Selenium.NoSuchElementException : no such element: Unable to locate element: {"method":"id","selector":"game-open-dialog__button--load-from-dwh"}&#xD;
  (Session info: chrome=75.0.3770.100)&#xD;
  (Driver info: chromedriver=2.46.628402 (536cd7adbad73a3783fdc2cab92ab2ba7ec361e1),platform=Windows NT 10.0.17763 x86_64)</Message>
          <StackTrace>   at OpenQA.Selenium.Support.UI.DefaultWait`1.ThrowTimeoutException(String exceptionMessage, Exception lastException)&#xD;
   at OpenQA.Selenium.Support.UI.DefaultWait`1.Until[TResult](Func`2 condition)&#xD;
   at GeniusSports.LiveStats.Football.FunctionalTests.WebDrivers.HomeScreen.DashboardPage.ClickEnterMatchKey() in C:\GitLab-Runner\builds\wr8MmWYb\0\LiveStats\LiveStats.Football\Source\Test\FunctionalTests\WebDrivers\HomeScreen\DashboardPage.cs:line 47&#xD;
   at GeniusSports.LiveStats.Football.FunctionalTests.WebDrivers.StartGameWorkflow.LoadGameFromMatchKey(String fixtureId) in C:\GitLab-Runner\builds\wr8MmWYb\0\LiveStats\LiveStats.Football\Source\Test\FunctionalTests\WebDrivers\StartGameWorkflow.cs:line 128&#xD;
   at GeniusSports.LiveStats.Football.FunctionalTests.StepDefinitions.PitchScreen.SetupGameSteps.GivenMatchStartedWithKickOffButtonFromExistingGame() in C:\GitLab-Runner\builds\wr8MmWYb\0\LiveStats\LiveStats.Football\Source\Test\FunctionalTests\StepDefinitions\PitchScreen\SetupGameSteps.cs:line 49&#xD;
   at TechTalk.SpecFlow.Bindings.BindingInvoker.InvokeBinding(IBinding binding, IContextManager contextManager, Object[] arguments, ITestTracer testTracer, TimeSpan&amp; duration)&#xD;
   at TechTalk.SpecFlow.Infrastructure.TestExecutionEngine.ExecuteStepMatch(BindingMatch match, Object[] arguments)&#xD;
   at TechTalk.SpecFlow.Infrastructure.TestExecutionEngine.ExecuteStep(IContextManager contextManager, StepInstance stepInstance)&#xD;
   at TechTalk.SpecFlow.Infrastructure.TestExecutionEngine.OnAfterLastStep()&#xD;
--NoSuchElementException&#xD;
   at OpenQA.Selenium.Remote.RemoteWebDriver.UnpackAndThrowOnError(Response errorResponse)&#xD;
   at OpenQA.Selenium.Remote.RemoteWebDriver.Execute(String driverCommandToExecute, Dictionary`2 parameters)&#xD;
   at OpenQA.Selenium.Remote.RemoteWebDriver.FindElement(String mechanism, String value)&#xD;
   at SeleniumExtras.WaitHelpers.ExpectedConditions.&lt;&gt;c__DisplayClass7_0.&lt;ElementIsVisible&gt;b__0(IWebDriver driver)&#xD;
   at OpenQA.Selenium.Support.UI.DefaultWait`1.Until[TResult](Func`2 condition)</StackTrace>
        </ErrorInfo>
      </Output>
    </UnitTestResult>
    <UnitTestResult executionId="d0a7ffbc-dfe6-4948-85d7-9c91d5a43cc4" testId="037debbf-18a4-076b-2633-87be9ce1534a" testName="FlagsFreekickIfShotStartedFromMiddleOfFreekickWorkflow(&quot;foul by&quot;,&quot;2&quot;,null)" computerName="EC2AMAZ-JEOO151" duration="00:00:05.7010000" startTime="2019-07-11T19:25:56.0000000+00:00" endTime="2019-07-11T19:26:02.0000000+00:00" testType="13cdc9d9-ddb5-4fa4-a97d-d965ccfc6d4b" outcome="Passed" testListId="8c84fa94-04c1-424b-9868-57a2d4851a1d" relativeResultsDirectory="d0a7ffbc-dfe6-4948-85d7-9c91d5a43cc4">
      <Output>
        <StdOut>sandbox: PrepareForTestRun started.&#xD;
sandbox: football liveStatsApp != null: True &#xD;
sandbox: football liveStatsApp.IsProcessRunning: True &#xD;
sandbox: setupLocalData: localDatabaseProvider != null: True&#xD;
sandbox: applicationPages != null: True&#xD;
sandbox: applicationPages.Webdriver != null: True&#xD;
sandbox: finished setuping local data&#xD;
sandbox: PrepareForTestRun complete.&#xD;
Given Match started with kick off from existing game&#xD;
-&gt; done: SetupGameSteps.GivenMatchStartedWithKickOffButtonFromExistingGame() (3.3s)&#xD;
Given Free kick for team "2" workflow entered till foul by selection&#xD;
Given action failed. Retrying after a timeout.&#xD;
-&gt; done: FreeKickSteps.GivenFreeKickForTeamAndWorkflowEnteredTillFoulBySelection(2) (1.1s)&#xD;
When I click "Shot" button for team 2&#xD;
Given action failed. Retrying after a timeout.&#xD;
-&gt; done: TeamActionButtonSteps.GivenIClickShotButtonForTeam(2) (0.5s)&#xD;
Then Latest action of type "FreeKick" is flagged&#xD;
-&gt; done: ActionLogSteps.ThenLatestEventInActionLogOfTypeIsFlagged(FreeKick) (0.0s)&#xD;
sandbox: CleanUpAfterTestRun started.&#xD;
sandbox: application pages != null: True&#xD;
sandbox: web driver!= null: True&#xD;
sandbox: CleanUpAfterTestRun complete.</StdOut>
      </Output>
    </UnitTestResult>
    <UnitTestResult executionId="d5105edf-7da3-448c-815e-4d3e2b730241" testId="23af5bd3-3f5f-e610-7aaf-347eb170593a" testName="CannotFlagAndContinueCardConfirmationStep(&quot;Red&quot;,&quot;Red&quot;,&quot;1&quot;,null)" computerName="EC2AMAZ-JEOO151" duration="00:00:06.8690000" startTime="2019-07-11T19:44:32.0000000+00:00" endTime="2019-07-11T19:44:39.0000000+00:00" testType="13cdc9d9-ddb5-4fa4-a97d-d965ccfc6d4b" outcome="Passed" testListId="8c84fa94-04c1-424b-9868-57a2d4851a1d" relativeResultsDirectory="d5105edf-7da3-448c-815e-4d3e2b730241">
      <Output>
        <StdOut>sandbox: PrepareForTestRun started.&#xD;
sandbox: football liveStatsApp != null: True &#xD;
sandbox: football liveStatsApp.IsProcessRunning: True &#xD;
sandbox: setupLocalData: localDatabaseProvider != null: True&#xD;
sandbox: applicationPages != null: True&#xD;
sandbox: applicationPages.Webdriver != null: True&#xD;
sandbox: finished setuping local data&#xD;
sandbox: PrepareForTestRun complete.&#xD;
Given Match started with kick off from existing game&#xD;
-&gt; done: SetupGameSteps.GivenMatchStartedWithKickOffButtonFromExistingGame() (3.2s)&#xD;
When I click on team 1 possible "Red"&#xD;
-&gt; done: TeamActionButtonSteps.StartPossibleCardRegistration(1, Red) (0.7s)&#xD;
And I click "Red" card button&#xD;
-&gt; done: TeamActionButtonSteps.WhenIClickCardButton("Red") (0.1s)&#xD;
Then Flag &amp; Continue button is not visible&#xD;
Failed to find element with query '[data-qa='flagAndContinueButton']'. Web driver timeout exception.&#xD;
-&gt; done: WorkflowSteps.ThenFlagAndContinueButtonIsNotVisible() (2.0s)&#xD;
sandbox: CleanUpAfterTestRun started.&#xD;
sandbox: application pages != null: True&#xD;
sandbox: web driver!= null: True&#xD;
sandbox: CleanUpAfterTestRun complete.</StdOut>
      </Output>
    </UnitTestResult>
    <UnitTestResult executionId="f3393c11-7547-479d-9cbb-78ac7b7d72a5" testId="65466124-d26d-7382-a9ec-0248204b0641" testName="GivenGameInProgress_WhenSettingPossession_ThenPossessionIsSetAndDangerZoneInTeamColor(2)" computerName="EC2AMAZ-JEOO151" duration="00:00:14.7990000" startTime="2019-07-11T21:43:22.0000000+00:00" endTime="2019-07-11T21:43:37.0000000+00:00" testType="13cdc9d9-ddb5-4fa4-a97d-d965ccfc6d4b" outcome="Passed" testListId="8c84fa94-04c1-424b-9868-57a2d4851a1d" relativeResultsDirectory="f3393c11-7547-479d-9cbb-78ac7b7d72a5">
      <Output>
        <StdOut>sandbox: PrepareForTestRun started.&#xD;
sandbox: football liveStatsApp != null: True &#xD;
sandbox: football liveStatsApp.IsProcessRunning: True &#xD;
sandbox: setupLocalData: localDatabaseProvider != null: True&#xD;
sandbox: applicationPages != null: True&#xD;
sandbox: applicationPages.Webdriver != null: True&#xD;
sandbox: finished setuping local data&#xD;
sandbox: PrepareForTestRun complete.&#xD;
Failed to find element with query '[data-qa='activePitchOverlay']'. Web driver timeout exception.&#xD;
Given action failed. Retrying after a timeout.&#xD;
Failed to find element with query '[data-qa='activePitchOverlay']'. Web driver timeout exception.&#xD;
sandbox: CleanUpAfterTestRun started.&#xD;
sandbox: application pages != null: True&#xD;
sandbox: web driver!= null: True&#xD;
sandbox: CleanUpAfterTestRun complete.</StdOut>
      </Output>
    </UnitTestResult>
    <UnitTestResult executionId="9ac53bc9-4987-4548-8678-7f204dcb21ec" testId="5c6f60b6-3512-6abe-2e0b-70dc16c1c131" testName="WhenWinnerIsClearInPenaltyShootoutsItIsPossibleToCompleteGame" computerName="EC2AMAZ-JEOO151" duration="00:00:28.7160000" startTime="2019-07-11T19:23:02.0000000+00:00" endTime="2019-07-11T19:23:31.0000000+00:00" testType="13cdc9d9-ddb5-4fa4-a97d-d965ccfc6d4b" outcome="Passed" testListId="8c84fa94-04c1-424b-9868-57a2d4851a1d" relativeResultsDirectory="9ac53bc9-4987-4548-8678-7f204dcb21ec">
      <Output>
        <StdOut>sandbox: PrepareForTestRun started.&#xD;
sandbox: football liveStatsApp != null: True &#xD;
sandbox: football liveStatsApp.IsProcessRunning: True &#xD;
sandbox: setupLocalData: localDatabaseProvider != null: True&#xD;
sandbox: applicationPages != null: True&#xD;
sandbox: applicationPages.Webdriver != null: True&#xD;
sandbox: finished setuping local data&#xD;
sandbox: PrepareForTestRun complete.&#xD;
Given penalty shoot-out phase started&#xD;
-&gt; done: PitchClockSteps.GivenGamePenaltyShoot_OutPhaseStarted() (14.7s)&#xD;
When I record penalty shoot-out kick "Goal" for team 2 player with shirt number 1&#xD;
-&gt; done: PenaltyShootoutSteps.WhenIRecordPenaltyShoot_OutKickGoalForTeamPlayerWithShirtNumber(2, 1) (2.9s)&#xD;
And I record penalty shoot-out kick "Penalty Shot On Target" for team 1 player with shirt number 13&#xD;
Given action failed. Retrying after a timeout. Most likely UI was not fast enough to refresh itself.&#xD;
-&gt; done: PenaltyShootoutSteps.WhenIRecordPenaltyShoot_OutKickForTeamPlayerWithShirtNumber(1, 13) (0.9s)&#xD;
And I record penalty shoot-out kick "Goal" for team 2 player with shirt number 2&#xD;
-&gt; done: PenaltyShootoutSteps.WhenIRecordPenaltyShoot_OutKickGoalForTeamPlayerWithShirtNumber(2, 2) (2.9s)&#xD;
And I record penalty shoot-out kick "Penalty Shot On Target" for team 1 player with shirt number 4&#xD;
Given action failed. Retrying after a timeout. Most likely UI was not fast enough to refresh itself.&#xD;
-&gt; done: PenaltyShootoutSteps.WhenIRecordPenaltyShoot_OutKickForTeamPlayerWithShirtNumber(1, 4) (1.1s)&#xD;
And I record penalty shoot-out kick "Goal" for team 2 player with shirt number 3&#xD;
-&gt; done: PenaltyShootoutSteps.WhenIRecordPenaltyShoot_OutKickGoalForTeamPlayerWithShirtNumber(2, 3) (3.0s)&#xD;
And I record penalty shoot-out kick "Penalty Shot On Target" for team 1 player with shirt number 6&#xD;
-&gt; done: PenaltyShootoutSteps.WhenIRecordPenaltyShoot_OutKickForTeamPlayerWithShirtNumber(1, 6) (0.8s)&#xD;
And I click end penalty shootout button near clock&#xD;
-&gt; done: PitchClockSteps.WhenIClickEndPenaltyShootoutButtonNearClock() (0.3s)&#xD;
And I click "confirm end" button&#xD;
-&gt; done: PitchClockSteps.WhenIClickConfirmEndButton() (0.3s)&#xD;
And I click "confirm period" button&#xD;
-&gt; done: PitchClockSteps.WhenIClickConfirmPeriodButton() (0.1s)&#xD;
And I click "confirm now" button&#xD;
-&gt; done: PitchClockSteps.WhenIClickConfirmNowButton() (0.3s)&#xD;
And I click "finish game" button near clock&#xD;
-&gt; done: PitchClockSteps.WhenIClickFinishGameButton() (0.2s)&#xD;
And I click "Finalize Match" button on game clock&#xD;
-&gt; done: PitchClockSteps.GivenIClickButtonOnGameClock() (0.3s)&#xD;
Then "Finalize game" action dialog is shown&#xD;
-&gt; done: FinalizeGameConfirmationDialogSteps.ThenDialogIsShown() (0.0s)&#xD;
sandbox: CleanUpAfterTestRun started.&#xD;
sandbox: application pages != null: True&#xD;
sandbox: web driver!= null: True&#xD;
sandbox: CleanUpAfterTestRun complete.</StdOut>
      </Output>
    </UnitTestResult>
    <UnitTestResult executionId="a7da5c6c-9af6-4f1b-85e2-af39f4790bc2" testId="441e70dc-883d-30e4-903a-559d4e7bd13e" testName="ChangeGoalVARToOverturnedAndSaveWithoutData" computerName="EC2AMAZ-JEOO151" duration="00:00:10.7320000" startTime="2019-07-11T17:58:31.0000000+00:00" endTime="2019-07-11T17:58:42.0000000+00:00" testType="13cdc9d9-ddb5-4fa4-a97d-d965ccfc6d4b" outcome="Passed" testListId="8c84fa94-04c1-424b-9868-57a2d4851a1d" relativeResultsDirectory="a7da5c6c-9af6-4f1b-85e2-af39f4790bc2">
      <Output>
        <StdOut>sandbox: PrepareForTestRun started.&#xD;
sandbox: football liveStatsApp != null: True &#xD;
sandbox: football liveStatsApp.IsProcessRunning: True &#xD;
sandbox: setupLocalData: localDatabaseProvider != null: True&#xD;
sandbox: applicationPages != null: True&#xD;
sandbox: applicationPages.Webdriver != null: True&#xD;
sandbox: finished setuping local data&#xD;
sandbox: PrepareForTestRun complete.&#xD;
Given Match started with kick off from existing game&#xD;
-&gt; done: SetupGameSteps.GivenMatchStartedWithKickOffButtonFromExistingGame() (3.3s)&#xD;
And I remembered current players on pitch shirt numbers&#xD;
-&gt; done: GoalEditSteps.GivenIRememberCurrentPlayersOnPitch() (1.6s)&#xD;
When I click goal for team 1 button&#xD;
Given action failed. Retrying after a timeout.&#xD;
-&gt; done: TeamActionButtonSteps.GivenIClickGoalForTeamButton(1) (0.5s)&#xD;
And I confirm goal by clicking on "Confirm" button&#xD;
-&gt; done: GoalSteps.WhenIConfirmGoalByClickingOnButton() (2.2s)&#xD;
And I flag and continue&#xD;
-&gt; done: WorkflowSteps.WhenIFlagAndContinue() (0.2s)&#xD;
And I flag and continue&#xD;
-&gt; done: WorkflowSteps.WhenIFlagAndContinue() (0.2s)&#xD;
And I flag and continue&#xD;
-&gt; done: WorkflowSteps.WhenIFlagAndContinue() (0.1s)&#xD;
And I flag and continue&#xD;
-&gt; done: WorkflowSteps.WhenIFlagAndContinue() (0.1s)&#xD;
And I flag and continue&#xD;
-&gt; done: WorkflowSteps.WhenIFlagAndContinue() (0.1s)&#xD;
And I kick off by clicking "Kick Off" button&#xD;
-&gt; done: GoalSteps.WhenIKickOffByClickingButton() (0.2s)&#xD;
And I click goal event in action log&#xD;
-&gt; done: ActionLogSteps.GivenIClickGoalEventInActionLog() (0.3s)&#xD;
And I click "VAR" toggle&#xD;
-&gt; done: EditFormSteps.GivenIClickToggleToEnable() (0.1s)&#xD;
And I click Var "Overturned" button&#xD;
-&gt; done: EditFormSteps.WhenIClickVarOverturnedButton() (0.1s)&#xD;
And I click VAR reason button&#xD;
-&gt; done: EditFormSteps.WhenIClickVarReasonButton() (0.0s)&#xD;
And I select VAR reason Offside&#xD;
-&gt; done: EditFormSteps.WhenISelectVarReason("Offside") (0.1s)&#xD;
And I click Save button in action edit form&#xD;
-&gt; done: EditFormSteps.ClickSaveButtonInActionEditForm() (0.6s)&#xD;
Then Pitch View is shown&#xD;
-&gt; done: PitchScreenSteps.PitchViewIsShown() (0.0s)&#xD;
And VAR label is shown in Goal event action log&#xD;
-&gt; done: ActionLogSteps.ThenOffenceIsShownInPenaltyEventActionLog("VAR", Goal) (0.1s)&#xD;
And VAR label of "Goal" event in action log contains "Offside - Overturned" message&#xD;
-&gt; done: ActionLogSteps.ThenSubItemOfEventInActionLogIsInTeamColor("VAR", Goal, "Offside - Overturned") (0.1s)&#xD;
sandbox: CleanUpAfterTestRun started.&#xD;
sandbox: application pages != null: True&#xD;
sandbox: web driver!= null: True&#xD;
sandbox: CleanUpAfterTestRun complete.</StdOut>
      </Output>
    </UnitTestResult>
    <UnitTestResult executionId="79a5f898-d8de-481c-b3e6-35238713b50a" testId="3d4d2dbe-cca0-c9ca-ef22-df9774e0fe06" testName="CardEditedWithTeamAndCoachIsSaved" computerName="EC2AMAZ-JEOO151" duration="00:00:13.3330000" startTime="2019-07-11T17:45:40.0000000+00:00" endTime="2019-07-11T17:45:53.0000000+00:00" testType="13cdc9d9-ddb5-4fa4-a97d-d965ccfc6d4b" outcome="Passed" testListId="8c84fa94-04c1-424b-9868-57a2d4851a1d" relativeResultsDirectory="79a5f898-d8de-481c-b3e6-35238713b50a">
      <Output>
        <StdOut>sandbox: PrepareForTestRun started.&#xD;
sandbox: football liveStatsApp != null: True &#xD;
sandbox: football liveStatsApp.IsProcessRunning: True &#xD;
sandbox: setupLocalData: localDatabaseProvider != null: True&#xD;
sandbox: applicationPages != null: True&#xD;
sandbox: applicationPages.Webdriver != null: True&#xD;
sandbox: finished setuping local data&#xD;
sandbox: PrepareForTestRun complete.&#xD;
Given Match started with kick off from existing game&#xD;
-&gt; done: SetupGameSteps.GivenMatchStartedWithKickOffButtonFromExistingGame() (3.4s)&#xD;
And I remembered current players on pitch shirt numbers&#xD;
-&gt; done: GoalEditSteps.GivenIRememberCurrentPlayersOnPitch() (1.6s)&#xD;
Given "Yellow" Card for Team "1" player with shirt number "4" is registered&#xD;
Given action failed. Retrying after a timeout.&#xD;
-&gt; done: CardSteps.GivenCardForTeamPlayerWithShirtNumberIsRegistered(Yellow, 1, 4) (3.3s)&#xD;
When I click on latest "Booking" event in action log&#xD;
-&gt; done: ActionLogSteps.GivenIClickOnLatestEventInActionLog(Booking) (0.2s)&#xD;
And I click team 2 in edit form&#xD;
-&gt; done: EditFormSteps.WhenIClickTeamInEditForm(2) (0.1s)&#xD;
And I choose coach from expanded team list&#xD;
-&gt; done: CardEditSteps.WhenIChooseCoachFromExpandedTeamList() (0.2s)&#xD;
And I click Save button in action edit form&#xD;
-&gt; done: EditFormSteps.ClickSaveButtonInActionEditForm() (0.6s)&#xD;
Then "yellow" card count for team 1 is 0&#xD;
-&gt; done: ScoreBoardSteps.ThenCardCountForTeamIs("yellow", 1, 0) (0.0s)&#xD;
And "red" card count for team 1 is 0&#xD;
-&gt; done: ScoreBoardSteps.ThenCardCountForTeamIs("red", 1, 0) (0.0s)&#xD;
And "yellow" card count for team 2 is 1&#xD;
-&gt; done: ScoreBoardSteps.ThenCardCountForTeamIs("yellow", 2, 1) (0.0s)&#xD;
And "red" card count for team 2 is 0&#xD;
-&gt; done: ScoreBoardSteps.ThenCardCountForTeamIs("red", 2, 0) (0.0s)&#xD;
And coach from team 2 is marked with "Yellow" line&#xD;
-&gt; done: PitchPlayersComponentSteps.ThenCoachIsMarkedWithLine(2, Yellow) (2.9s)&#xD;
sandbox: CleanUpAfterTestRun started.&#xD;
sandbox: application pages != null: True&#xD;
sandbox: web driver!= null: True&#xD;
sandbox: CleanUpAfterTestRun complete.</StdOut>
      </Output>
    </UnitTestResult>
    <UnitTestResult executionId="caffd1de-ee73-404d-bfae-8b0ccfadd583" testId="f246bbdb-d2a3-6c8f-bb94-d35bae8f6097" testName="PenaltyShot_OnMissWithLocation(&quot;2&quot;,&quot;1&quot;,&quot;10&quot;,&quot;50&quot;,&quot;8&quot;,&quot;12&quot;,null)" computerName="EC2AMAZ-JEOO151" duration="00:00:15.8820000" startTime="2019-07-11T19:08:50.0000000+00:00" endTime="2019-07-11T19:09:06.0000000+00:00" testType="13cdc9d9-ddb5-4fa4-a97d-d965ccfc6d4b" outcome="Passed" testListId="8c84fa94-04c1-424b-9868-57a2d4851a1d" relativeResultsDirectory="caffd1de-ee73-404d-bfae-8b0ccfadd583">
      <Output>
        <StdOut>sandbox: PrepareForTestRun started.&#xD;
sandbox: football liveStatsApp != null: True &#xD;
sandbox: football liveStatsApp.IsProcessRunning: True &#xD;
sandbox: setupLocalData: localDatabaseProvider != null: True&#xD;
sandbox: applicationPages != null: True&#xD;
sandbox: applicationPages.Webdriver != null: True&#xD;
sandbox: finished setuping local data&#xD;
sandbox: PrepareForTestRun complete.&#xD;
Given Match started with kick off from existing game&#xD;
-&gt; done: SetupGameSteps.GivenMatchStartedWithKickOffButtonFromExistingGame() (3.2s)&#xD;
When I click "Possible Penalty" button for team 2&#xD;
-&gt; done: TeamActionButtonSteps.GivenIClickPossiblePenaltyButtonForTeam(2) (0.6s)&#xD;
And I confirm penalty by clicking "Confirm" button&#xD;
-&gt; done: PenaltySteps.WhenIConfirmPenaltyByClickingButton() (2.3s)&#xD;
And I click on pitch x 10 and y 50&#xD;
Failed to find element with query '[data-qa='activePitchOverlay']'. Web driver timeout exception.&#xD;
Given action failed. Retrying after a timeout.&#xD;
Failed to find element with query '[data-qa='activePitchOverlay']'. Web driver timeout exception.&#xD;
-&gt; done: PitchScreenSteps.WhenIClickOnPitch(10, 50) (4.5s)&#xD;
And I click "Foul" reason button&#xD;
-&gt; done: CardSteps.WhenIClickReasonButton("Foul") (0.2s)&#xD;
And I click on team 1 player on pitch with shirt number 8&#xD;
-&gt; done: PitchPlayersComponentSteps.WhenIClickOnTeamPlayerOnPitchWithShirtNumber(1, 8) (0.3s)&#xD;
And I click on team 2 player on pitch with shirt number 12&#xD;
-&gt; done: PitchPlayersComponentSteps.WhenIClickOnTeamPlayerOnPitchWithShirtNumber(2, 12) (0.4s)&#xD;
And I click "Penalty Shot On Target" Button&#xD;
-&gt; done: PenaltySteps.WhenIClickPenaltyShotOnTargetButton() (0.2s)&#xD;
And I click on net x "50" and y "40"&#xD;
-&gt; done: NetSectionSteps.WhenIClickOnNetXAndY(50, 40) (0.2s)&#xD;
Then Pitch View is shown&#xD;
-&gt; done: PitchScreenSteps.PitchViewIsShown() (0.1s)&#xD;
And Score is 0 for team 2&#xD;
-&gt; done: ScoreBoardSteps.ThenScoreIsForTeam(0, 2) (0.1s)&#xD;
And Score is 0 for team 1&#xD;
-&gt; done: ScoreBoardSteps.ThenScoreIsForTeam(0, 1) (0.1s)&#xD;
And Action Buttons are enabled&#xD;
-&gt; done: TeamActionButtonSteps.ThenActionButtonsAreEnabled() (0.7s)&#xD;
And Player on pitch with shirt number 12 of team 2 do not have goal icon&#xD;
Failed to find data-qa element with tag 'playerGoals'. No such element exception.&#xD;
-&gt; done: PitchPlayersComponentSteps.ThenPlayerOnPitchWithShirtNumberOfTeamDoNotHaveGoalIcon(12, 2) (2.2s)&#xD;
sandbox: CleanUpAfterTestRun started.&#xD;
sandbox: application pages != null: True&#xD;
sandbox: web driver!= null: True&#xD;
sandbox: CleanUpAfterTestRun complete.</StdOut>
      </Output>
    </UnitTestResult>
    <UnitTestResult executionId="a991f380-8eda-4e75-802b-3de0aea2aee9" testId="d473d460-3b9b-1b85-9b7d-ca7d1e18e985" testName="EditGoalKickDuringWorkflowFromActionLog" computerName="EC2AMAZ-JEOO151" duration="00:00:06.3800000" startTime="2019-07-11T17:53:24.0000000+00:00" endTime="2019-07-11T17:53:30.0000000+00:00" testType="13cdc9d9-ddb5-4fa4-a97d-d965ccfc6d4b" outcome="Passed" testListId="8c84fa94-04c1-424b-9868-57a2d4851a1d" relativeResultsDirectory="a991f380-8eda-4e75-802b-3de0aea2aee9">
      <Output>
        <StdOut>sandbox: PrepareForTestRun started.&#xD;
sandbox: football liveStatsApp != null: True &#xD;
sandbox: football liveStatsApp.IsProcessRunning: True &#xD;
sandbox: setupLocalData: localDatabaseProvider != null: True&#xD;
sandbox: applicationPages != null: True&#xD;
sandbox: applicationPages.Webdriver != null: True&#xD;
sandbox: finished setuping local data&#xD;
sandbox: PrepareForTestRun complete.&#xD;
Given Match started with kick off from existing game&#xD;
-&gt; done: SetupGameSteps.GivenMatchStartedWithKickOffButtonFromExistingGame() (3.3s)&#xD;
Given GoalKick for Team 1 is registered&#xD;
-&gt; done: GoalKickSteps.GivenGoalKickForTeamIsRegistered(1) (1.0s)&#xD;
When I click Freekick button for team 1&#xD;
Given action failed. Retrying after a timeout.&#xD;
-&gt; done: TeamActionButtonSteps.WhenIClickFreekickButtonForTeam(1) (0.6s)&#xD;
And I click on latest "GoalKick" event in action log&#xD;
-&gt; done: ActionLogSteps.GivenIClickOnLatestEventInActionLog(GoalKick) (0.1s)&#xD;
And I click Flag &amp; Save button in action edit form&#xD;
-&gt; done: EditFormSteps.ClickFlagAndSaveInActionEditForm() (0.4s)&#xD;
Then Pitch View is shown&#xD;
-&gt; done: PitchScreenSteps.PitchViewIsShown() (0.0s)&#xD;
And 1 event in action log of type "GoalKick" is flagged&#xD;
-&gt; done: ActionLogSteps.ThenEventInActionLogOfTypeIsFlagged(1, GoalKick) (0.0s)&#xD;
And Notification "Select free kick location..." is shown&#xD;
-&gt; done: PitchBottomMessageBarSteps.ThenIsShown("Select free kick ...") (0.1s)&#xD;
sandbox: CleanUpAfterTestRun started.&#xD;
sandbox: application pages != null: True&#xD;
sandbox: web driver!= null: True&#xD;
sandbox: CleanUpAfterTestRun complete.</StdOut>
      </Output>
    </UnitTestResult>
    <UnitTestResult executionId="505731ae-5c80-4e2b-abb5-419e922103b4" testId="3e375d1e-6dd5-8039-f74c-79155a0723e4" testName="CanOpenExpandedActionLogDuringShotWorkflow" computerName="EC2AMAZ-JEOO151" duration="00:00:05.9480000" startTime="2019-07-11T18:50:19.0000000+00:00" endTime="2019-07-11T18:50:25.0000000+00:00" testType="13cdc9d9-ddb5-4fa4-a97d-d965ccfc6d4b" outcome="Passed" testListId="8c84fa94-04c1-424b-9868-57a2d4851a1d" relativeResultsDirectory="505731ae-5c80-4e2b-abb5-419e922103b4">
      <Output>
        <StdOut>sandbox: PrepareForTestRun started.&#xD;
sandbox: football liveStatsApp != null: True &#xD;
sandbox: football liveStatsApp.IsProcessRunning: True &#xD;
sandbox: setupLocalData: localDatabaseProvider != null: True&#xD;
sandbox: applicationPages != null: True&#xD;
sandbox: applicationPages.Webdriver != null: True&#xD;
sandbox: finished setuping local data&#xD;
sandbox: PrepareForTestRun complete.&#xD;
Given Match started with kick off from existing game&#xD;
-&gt; done: SetupGameSteps.GivenMatchStartedWithKickOffButtonFromExistingGame() (3.2s)&#xD;
Given "Shot" record workflow is started for team "1"&#xD;
Given action failed. Retrying after a timeout.&#xD;
-&gt; done: TeamActionButtonSteps.GivenStartedRecordWorkflow(Shot, 1) (0.8s)&#xD;
When I open Expanded Action log&#xD;
-&gt; done: ActionLogSteps.WhenIClickExpandActionLogButton() (0.1s)&#xD;
Then expanded action log is shown&#xD;
-&gt; done: ExpandedActionLogSteps.ThenExpandedActionLogIsShown() (0.0s)&#xD;
sandbox: CleanUpAfterTestRun started.&#xD;
sandbox: application pages != null: True&#xD;
sandbox: web driver!= null: True&#xD;
sandbox: CleanUpAfterTestRun complete.</StdOut>
      </Output>
    </UnitTestResult>
    <UnitTestResult executionId="72fb2672-8df6-4a5f-a49e-d3d9a3fe487c" testId="a95f2e32-53e4-d967-7674-1f96d1c70f2f" testName="GivenPSOHalfEnded_WhenPSOHalfEnd_ThenPSOHalfEndIsDeleted" computerName="EC2AMAZ-JEOO151" duration="00:00:31.0650000" startTime="2019-07-11T20:24:25.0000000+00:00" endTime="2019-07-11T20:24:56.0000000+00:00" testType="13cdc9d9-ddb5-4fa4-a97d-d965ccfc6d4b" outcome="Passed" testListId="8c84fa94-04c1-424b-9868-57a2d4851a1d" relativeResultsDirectory="72fb2672-8df6-4a5f-a49e-d3d9a3fe487c">
      <Output>
        <StdOut>sandbox: PrepareForTestRun started.&#xD;
sandbox: football liveStatsApp != null: True &#xD;
sandbox: football liveStatsApp.IsProcessRunning: True &#xD;
sandbox: setupLocalData: localDatabaseProvider != null: True&#xD;
sandbox: applicationPages != null: True&#xD;
sandbox: applicationPages.Webdriver != null: True&#xD;
sandbox: finished setuping local data&#xD;
sandbox: PrepareForTestRun complete.&#xD;
Given action failed. Retrying after a timeout. Most likely UI was not fast enough to refresh itself.&#xD;
Given action failed. Retrying after a timeout. Most likely UI was not fast enough to refresh itself.&#xD;
Given action failed. Retrying after a timeout. Most likely UI was not fast enough to refresh itself.&#xD;
sandbox: CleanUpAfterTestRun started.&#xD;
sandbox: application pages != null: True&#xD;
sandbox: web driver!= null: True&#xD;
sandbox: CleanUpAfterTestRun complete.</StdOut>
      </Output>
    </UnitTestResult>
    <UnitTestResult executionId="817a69bd-fb31-4da8-a9a1-5e20c8128a6f" testId="04e40e73-5489-6f12-a91e-81097d2d3169" testName="WhenYellowCardIsDeletedBeforeSecondYellowThenItFlagsTheSecondYellow" computerName="EC2AMAZ-JEOO151" duration="00:00:13.6670000" startTime="2019-07-11T19:50:12.0000000+00:00" endTime="2019-07-11T19:50:25.0000000+00:00" testType="13cdc9d9-ddb5-4fa4-a97d-d965ccfc6d4b" outcome="Passed" testListId="8c84fa94-04c1-424b-9868-57a2d4851a1d" relativeResultsDirectory="817a69bd-fb31-4da8-a9a1-5e20c8128a6f">
      <Output>
        <StdOut>sandbox: PrepareForTestRun started.&#xD;
sandbox: football liveStatsApp != null: True &#xD;
sandbox: football liveStatsApp.IsProcessRunning: True &#xD;
sandbox: setupLocalData: localDatabaseProvider != null: True&#xD;
sandbox: applicationPages != null: True&#xD;
sandbox: applicationPages.Webdriver != null: True&#xD;
sandbox: finished setuping local data&#xD;
sandbox: PrepareForTestRun complete.&#xD;
Given Match started with kick off from existing game&#xD;
-&gt; done: SetupGameSteps.GivenMatchStartedWithKickOffButtonFromExistingGame() (3.4s)&#xD;
Given "Yellow" Card for Team "1" player with shirt number "8" is registered&#xD;
-&gt; done: CardSteps.GivenCardForTeamPlayerWithShirtNumberIsRegistered(Yellow, 1, 8) (3.4s)&#xD;
And "SecondYellow" Card for Team "1" player with shirt number "8" is registered&#xD;
-&gt; done: CardSteps.GivenCardForTeamPlayerWithShirtNumberIsRegistered(SecondYellow, 1, 8) (3.2s)&#xD;
When I delete oldest "Booking" action&#xD;
-&gt; done: ActionLogSteps.WhenIDeleteOldestGoal(Booking) (2.6s)&#xD;
And I click on latest "Booking" event in action log&#xD;
-&gt; done: ActionLogSteps.GivenIClickOnLatestEventInActionLog(Booking) (0.1s)&#xD;
And I click review flags button in game action edit window&#xD;
-&gt; done: EditFormSteps.WhenIClickReviewFlagsButtonInGameActionEditWindow() (0.1s)&#xD;
Then Review action flags dialog opens&#xD;
-&gt; done: EditFormSteps.ThenReviewActionFlagsDialogOpens() (0.0s)&#xD;
And Review action flags dialog contains "1" flags&#xD;
-&gt; done: EditWindowFlagsDropDownSteps.ThenReviewActionDialogContainsFlagsCount(1) (0.0s)&#xD;
And Second yellow without first flag in review action flags dialog is visible&#xD;
-&gt; done: EditWindowFlagsDropDownSteps.ThenIsVisibleInReviewActionFlagsDialogForSecondWithoutFirstYellowFlag() (0.0s)&#xD;
sandbox: CleanUpAfterTestRun started.&#xD;
sandbox: application pages != null: True&#xD;
sandbox: web driver!= null: True&#xD;
sandbox: CleanUpAfterTestRun complete.</StdOut>
      </Output>
    </UnitTestResult>
    <UnitTestResult executionId="5e372208-ef8a-4a87-841b-327e056b481a" testId="c29c98de-0771-fe59-8178-aee2a68bbd44" testName="AfterPenaltyShootOutKickRetakeIsPossibleToSelectSamePenaltyOutcome(&quot;Penalty Goal&quot;,null)" computerName="EC2AMAZ-JEOO151" duration="00:00:17.5650000" startTime="2019-07-11T19:12:34.0000000+00:00" endTime="2019-07-11T19:12:51.0000000+00:00" testType="13cdc9d9-ddb5-4fa4-a97d-d965ccfc6d4b" outcome="Passed" testListId="8c84fa94-04c1-424b-9868-57a2d4851a1d" relativeResultsDirectory="5e372208-ef8a-4a87-841b-327e056b481a">
      <Output>
        <StdOut>sandbox: PrepareForTestRun started.&#xD;
sandbox: football liveStatsApp != null: True &#xD;
sandbox: football liveStatsApp.IsProcessRunning: True &#xD;
sandbox: setupLocalData: localDatabaseProvider != null: True&#xD;
sandbox: applicationPages != null: True&#xD;
sandbox: applicationPages.Webdriver != null: True&#xD;
sandbox: finished setuping local data&#xD;
sandbox: PrepareForTestRun complete.&#xD;
Given penalty shoot-out phase started&#xD;
-&gt; done: PitchClockSteps.GivenGamePenaltyShoot_OutPhaseStarted() (15.0s)&#xD;
Given selected player "6" from team "2" for penalty shoot-out kick&#xD;
Given action failed. Retrying after a timeout.&#xD;
-&gt; done: PenaltyShootoutSteps.WhenISelectPlayerFromTeamForPenaltyShootOutKick(6, 2) (0.7s)&#xD;
And selected "Penalty Goal" outcome&#xD;
-&gt; done: PenaltyShootoutSteps.WhenISelectGoalOutcome() (0.1s)&#xD;
When I retake penalty&#xD;
-&gt; done: PenaltySteps.WhenIClickButton() (0.2s)&#xD;
And I select "Penalty Goal" outcome&#xD;
-&gt; done: PenaltyShootoutSteps.WhenISelectGoalOutcome() (0.2s)&#xD;
Then Net preview is shown&#xD;
-&gt; done: NetSectionSteps.ThenNetPreviewIsShown() (0.1s)&#xD;
And penalty retake is available&#xD;
-&gt; done: PenaltySteps.ThenRetakePenaltyButtonIsShown() (0.0s)&#xD;
sandbox: CleanUpAfterTestRun started.&#xD;
sandbox: application pages != null: True&#xD;
sandbox: web driver!= null: True&#xD;
sandbox: CleanUpAfterTestRun complete.</StdOut>
      </Output>
    </UnitTestResult>
    <UnitTestResult executionId="7f9c444f-5224-4af0-9c01-5248a4f13d52" testId="eb85a7dc-ac1e-7755-6e59-0727c16f5b26" testName="GivenGameInProgress_WhenAddingYellowAndRedCardsForCoach_ThenCoachIsMarkedWithSecondYellowLine(2,SecondYellow)" computerName="EC2AMAZ-JEOO151" duration="00:00:14.7980000" startTime="2019-07-11T20:55:00.0000000+00:00" endTime="2019-07-11T20:55:15.0000000+00:00" testType="13cdc9d9-ddb5-4fa4-a97d-d965ccfc6d4b" outcome="Passed" testListId="8c84fa94-04c1-424b-9868-57a2d4851a1d" relativeResultsDirectory="7f9c444f-5224-4af0-9c01-5248a4f13d52">
      <Output>
        <StdOut>sandbox: PrepareForTestRun started.&#xD;
sandbox: football liveStatsApp != null: True &#xD;
sandbox: football liveStatsApp.IsProcessRunning: True &#xD;
sandbox: setupLocalData: localDatabaseProvider != null: True&#xD;
sandbox: applicationPages != null: True&#xD;
sandbox: applicationPages.Webdriver != null: True&#xD;
sandbox: finished setuping local data&#xD;
sandbox: PrepareForTestRun complete.&#xD;
Given action failed. Retrying after a timeout.&#xD;
sandbox: CleanUpAfterTestRun started.&#xD;
sandbox: application pages != null: True&#xD;
sandbox: web driver!= null: True&#xD;
sandbox: CleanUpAfterTestRun complete.</StdOut>
      </Output>
    </UnitTestResult>
    <UnitTestResult executionId="dc3cd66c-9a17-44d4-a13f-f0c853b46564" testId="e663807f-d925-9e78-5d7e-fbb4bb48cab8" testName="ShotWorkflowCanBeStartedDuringAnyFreeKickWorkflowStep(&quot;foul on&quot;,&quot;2&quot;,null)" computerName="EC2AMAZ-JEOO151" duration="00:00:06.2830000" startTime="2019-07-11T19:26:46.0000000+00:00" endTime="2019-07-11T19:26:53.0000000+00:00" testType="13cdc9d9-ddb5-4fa4-a97d-d965ccfc6d4b" outcome="Passed" testListId="8c84fa94-04c1-424b-9868-57a2d4851a1d" relativeResultsDirectory="dc3cd66c-9a17-44d4-a13f-f0c853b46564">
      <Output>
        <StdOut>sandbox: PrepareForTestRun started.&#xD;
sandbox: football liveStatsApp != null: True &#xD;
sandbox: football liveStatsApp.IsProcessRunning: True &#xD;
sandbox: setupLocalData: localDatabaseProvider != null: True&#xD;
sandbox: applicationPages != null: True&#xD;
sandbox: applicationPages.Webdriver != null: True&#xD;
sandbox: finished setuping local data&#xD;
sandbox: PrepareForTestRun complete.&#xD;
Given Match started with kick off from existing game&#xD;
-&gt; done: SetupGameSteps.GivenMatchStartedWithKickOffButtonFromExistingGame() (3.3s)&#xD;
Given Free kick for team "2" workflow entered till foul on selection&#xD;
-&gt; done: FreeKickSteps.GivenFreeKickForTeamAndWorkflowEnteredTillFoulOnSelection(2) (1.2s)&#xD;
Then Can register shot for team "2" but not for other&#xD;
-&gt; done: ShotRegistrationSteps.ThenCanRegisterShotForTeamButNotForOther(2) (0.2s)&#xD;
sandbox: CleanUpAfterTestRun started.&#xD;
sandbox: application pages != null: True&#xD;
sandbox: web driver!= null: True&#xD;
sandbox: CleanUpAfterTestRun complete.</StdOut>
      </Output>
    </UnitTestResult>
    <UnitTestResult executionId="b3fc51f6-a685-45b6-87d0-7317beb36ed2" testId="c52785bb-5406-46ea-53c3-9b46df46d67c" testName="SelectFoulForFreekick(&quot;2&quot;,&quot;1&quot;,&quot;1&quot;,null)" computerName="EC2AMAZ-JEOO151" duration="00:00:05.3000000" startTime="2019-07-11T18:56:44.0000000+00:00" endTime="2019-07-11T18:56:50.0000000+00:00" testType="13cdc9d9-ddb5-4fa4-a97d-d965ccfc6d4b" outcome="Passed" testListId="8c84fa94-04c1-424b-9868-57a2d4851a1d" relativeResultsDirectory="b3fc51f6-a685-45b6-87d0-7317beb36ed2">
      <Output>
        <StdOut>sandbox: PrepareForTestRun started.&#xD;
sandbox: football liveStatsApp != null: True &#xD;
sandbox: football liveStatsApp.IsProcessRunning: True &#xD;
sandbox: setupLocalData: localDatabaseProvider != null: True&#xD;
sandbox: applicationPages != null: True&#xD;
sandbox: applicationPages.Webdriver != null: True&#xD;
sandbox: finished setuping local data&#xD;
sandbox: PrepareForTestRun complete.&#xD;
Given Match started with kick off from existing game&#xD;
-&gt; done: SetupGameSteps.GivenMatchStartedWithKickOffButtonFromExistingGame() (3.3s)&#xD;
When I click Freekick button for team 2&#xD;
-&gt; done: TeamActionButtonSteps.WhenIClickFreekickButtonForTeam(2) (0.6s)&#xD;
And I click on pitch x 20 and y 50&#xD;
-&gt; done: PitchScreenSteps.WhenIClickOnPitch(20, 50) (0.1s)&#xD;
And I click "Foul" button in freekick reason dialog&#xD;
-&gt; done: FreeKickSteps.WhenIClickButtonInFreekickReasonDialog("Foul") (0.2s)&#xD;
Then team 1 players are enabled&#xD;
-&gt; done: PitchPlayersComponentSteps.ThenTeamPlayersAreEnabled(1) (0.2s)&#xD;
And "FOUL" is shown in freekick event action&#xD;
-&gt; done: ActionLogSteps.ThenIsShownInFreekickEventAction("FOUL") (0.1s)&#xD;
And Notification "Select player that committed the foul..." is shown&#xD;
-&gt; done: PitchBottomMessageBarSteps.ThenIsShown("Select player tha...") (0.1s)&#xD;
sandbox: CleanUpAfterTestRun started.&#xD;
sandbox: application pages != null: True&#xD;
sandbox: web driver!= null: True&#xD;
sandbox: CleanUpAfterTestRun complete.</StdOut>
      </Output>
    </UnitTestResult>
    <UnitTestResult executionId="fbbef1a3-f3f1-4f6a-b84c-a8066130cff3" testId="2065da21-8ffc-c930-8b41-b06ee48f89d0" testName="GivenFreeKickStarted_WhenFinishingFreeKickWithGoal_ThenActionsHaveSameTime" computerName="EC2AMAZ-JEOO151" duration="00:00:11.8060000" startTime="2019-07-11T21:02:07.0000000+00:00" endTime="2019-07-11T21:02:19.0000000+00:00" testType="13cdc9d9-ddb5-4fa4-a97d-d965ccfc6d4b" outcome="Passed" testListId="8c84fa94-04c1-424b-9868-57a2d4851a1d" relativeResultsDirectory="fbbef1a3-f3f1-4f6a-b84c-a8066130cff3">
      <Output>
        <StdOut>sandbox: PrepareForTestRun started.&#xD;
sandbox: football liveStatsApp != null: True &#xD;
sandbox: football liveStatsApp.IsProcessRunning: True &#xD;
sandbox: setupLocalData: localDatabaseProvider != null: True&#xD;
sandbox: applicationPages != null: True&#xD;
sandbox: applicationPages.Webdriver != null: True&#xD;
sandbox: finished setuping local data&#xD;
sandbox: PrepareForTestRun complete.&#xD;
Given action failed. Retrying after a timeout.&#xD;
Given action failed. Retrying after a timeout.&#xD;
sandbox: CleanUpAfterTestRun started.&#xD;
sandbox: application pages != null: True&#xD;
sandbox: web driver!= null: True&#xD;
sandbox: CleanUpAfterTestRun complete.</StdOut>
      </Output>
    </UnitTestResult>
    <UnitTestResult executionId="58921a64-13ea-4df2-829d-8dc4d551d453" testId="678771f1-ab9c-d1d6-749d-d10845579ef7" testName="FootballClearShotLocation" computerName="EC2AMAZ-JEOO151" duration="00:00:12.3350000" startTime="2019-07-11T17:59:47.0000000+00:00" endTime="2019-07-11T18:00:00.0000000+00:00" testType="13cdc9d9-ddb5-4fa4-a97d-d965ccfc6d4b" outcome="Passed" testListId="8c84fa94-04c1-424b-9868-57a2d4851a1d" relativeResultsDirectory="58921a64-13ea-4df2-829d-8dc4d551d453">
      <Output>
        <StdOut>sandbox: PrepareForTestRun started.&#xD;
sandbox: football liveStatsApp != null: True &#xD;
sandbox: football liveStatsApp.IsProcessRunning: True &#xD;
sandbox: setupLocalData: localDatabaseProvider != null: True&#xD;
sandbox: applicationPages != null: True&#xD;
sandbox: applicationPages.Webdriver != null: True&#xD;
sandbox: finished setuping local data&#xD;
sandbox: PrepareForTestRun complete.&#xD;
Given Match started with kick off from existing game&#xD;
-&gt; done: SetupGameSteps.GivenMatchStartedWithKickOffButtonFromExistingGame() (3.2s)&#xD;
And I remembered current players on pitch shirt numbers&#xD;
-&gt; done: GoalEditSteps.GivenIRememberCurrentPlayersOnPitch() (1.5s)&#xD;
And I add a goal for team 1 player 4 assisted by player 13&#xD;
Given action failed. Retrying after a timeout.&#xD;
-&gt; done: GoalSteps.GivenIAddAGoalForTeamPlayerAssistedByPlayer(1, 4, 13) (4.0s)&#xD;
And I click goal event in action log&#xD;
-&gt; done: ActionLogSteps.GivenIClickGoalEventInActionLog() (0.3s)&#xD;
And I click "adjust shot location" button in goal edit window&#xD;
-&gt; done: GoalEditSteps.GivenIClickAdjustShotLocationButton() (0.1s)&#xD;
And I click "top right" corner on Net&#xD;
-&gt; done: ExpandedShotLocationDialogSteps.GivenIClickCornerOnNet("top right") (0.1s)&#xD;
And I click "clear" button on expanded shot position view&#xD;
-&gt; done: ExpandedShotLocationDialogSteps.GivenIClickButtonOnExpandedShotPositionView("clear") (0.1s)&#xD;
And I click "Proceed" button on expanded shot position view&#xD;
-&gt; done: ExpandedShotLocationDialogSteps.GivenIClickButtonOnExpandedShotPositionView("Proceed") (0.1s)&#xD;
Then Goal Edit view is visible&#xD;
-&gt; done: GoalEditSteps.ThenGoalEditViewIsVisible() (0.0s)&#xD;
And Shot location is empty&#xD;
Failed to find element with query '[data-qa='netSectionCurrentLocation']'. Web driver timeout exception.&#xD;
-&gt; done: ShotLocationNetSteps.ThenShotLocationIsEmpty() (2.0s)&#xD;
And Save button is enabled in action edit form&#xD;
-&gt; done: EditFormSteps.SaveButtonIsEnabled() (0.0s)&#xD;
sandbox: CleanUpAfterTestRun started.&#xD;
sandbox: application pages != null: True&#xD;
sandbox: web driver!= null: True&#xD;
sandbox: CleanUpAfterTestRun complete.</StdOut>
      </Output>
    </UnitTestResult>
    <UnitTestResult executionId="d56e655d-3d16-4cdb-a53f-03476e9b2d85" testId="f07df440-d472-657b-f285-d46525476c4a" testName="EditActionTime" computerName="EC2AMAZ-JEOO151" duration="00:00:08.3900000" startTime="2019-07-11T17:51:53.0000000+00:00" endTime="2019-07-11T17:52:01.0000000+00:00" testType="13cdc9d9-ddb5-4fa4-a97d-d965ccfc6d4b" outcome="Passed" testListId="8c84fa94-04c1-424b-9868-57a2d4851a1d" relativeResultsDirectory="d56e655d-3d16-4cdb-a53f-03476e9b2d85">
      <Output>
        <StdOut>sandbox: PrepareForTestRun started.&#xD;
sandbox: football liveStatsApp != null: True &#xD;
sandbox: football liveStatsApp.IsProcessRunning: True &#xD;
sandbox: setupLocalData: localDatabaseProvider != null: True&#xD;
sandbox: applicationPages != null: True&#xD;
sandbox: applicationPages.Webdriver != null: True&#xD;
sandbox: finished setuping local data&#xD;
sandbox: PrepareForTestRun complete.&#xD;
Given Match started with kick off from existing game&#xD;
-&gt; done: SetupGameSteps.GivenMatchStartedWithKickOffButtonFromExistingGame() (3.3s)&#xD;
And Clock minutes value is set to "44"&#xD;
-&gt; done: PitchClockSteps.WhenISetClockMinutesValueTo(44) (1.7s)&#xD;
And "time input" value is set to "3" on the clock&#xD;
-&gt; done: PitchClockSteps.WhenISetTimeInputValueTo(3) (0.1s)&#xD;
And "Add Time" button on the clock is clicked&#xD;
-&gt; done: PitchClockSteps.GivenIClickAddTimeButtonOnTheClock() (0.1s)&#xD;
Given I clicked on latest "InjuryTime" event in action log&#xD;
-&gt; done: ActionLogSteps.GivenIClickOnLatestEventInActionLog(InjuryTime) (0.3s)&#xD;
And I click on "Edit time" field in action edit&#xD;
-&gt; done: EditFormSteps.GivenIClickOnFieldInActionEdit() (0.1s)&#xD;
And I entered new conceded event time of "4444"&#xD;
-&gt; done: EditFormSteps.GivenIEnterNewConcededEventTimeOf("4444") (1.1s)&#xD;
And I clicked Save button in action edit form&#xD;
-&gt; done: EditFormSteps.ClickSaveButtonInActionEditForm() (0.7s)&#xD;
Then Latest "InjuryTime" event in action log conceded time is "44:44"&#xD;
-&gt; done: ActionLogSteps.ThenLatestEventInActionLogConcededTimeIs(InjuryTime, "44:44") (0.1s)&#xD;
sandbox: CleanUpAfterTestRun started.&#xD;
sandbox: application pages != null: True&#xD;
sandbox: web driver!= null: True&#xD;
sandbox: CleanUpAfterTestRun complete.</StdOut>
      </Output>
    </UnitTestResult>
    <UnitTestResult executionId="004a02dd-5353-46e2-b847-bfb921be1da9" testId="6f04060a-56ef-e577-7930-b5f1308011ba" testName="InsertOffsideFreeKickWithNoPlayersBeforeLastEvent" computerName="EC2AMAZ-JEOO151" duration="00:00:16.7180000" startTime="2019-07-11T18:16:00.0000000+00:00" endTime="2019-07-11T18:16:17.0000000+00:00" testType="13cdc9d9-ddb5-4fa4-a97d-d965ccfc6d4b" outcome="Passed" testListId="8c84fa94-04c1-424b-9868-57a2d4851a1d" relativeResultsDirectory="004a02dd-5353-46e2-b847-bfb921be1da9">
      <Output>
        <StdOut>sandbox: PrepareForTestRun started.&#xD;
sandbox: football liveStatsApp != null: True &#xD;
sandbox: football liveStatsApp.IsProcessRunning: True &#xD;
sandbox: setupLocalData: localDatabaseProvider != null: True&#xD;
sandbox: applicationPages != null: True&#xD;
sandbox: applicationPages.Webdriver != null: True&#xD;
sandbox: finished setuping local data&#xD;
sandbox: PrepareForTestRun complete.&#xD;
Given Match started with kick off from existing game&#xD;
-&gt; done: SetupGameSteps.GivenMatchStartedWithKickOffButtonFromExistingGame() (3.3s)&#xD;
And "Yellow" Card for Team 1 is registered&#xD;
Given action failed. Retrying after a timeout.&#xD;
-&gt; done: CardSteps.GivenCardForTeamIsRegistered(Yellow, 1) (3.7s)&#xD;
And Throw in added for Team 1&#xD;
-&gt; done: ThrowInEditSteps.GivenThrowInAddedForTeam(1) (0.6s)&#xD;
And I clicked on latest "ThrowIn" event in action log&#xD;
-&gt; done: ActionLogSteps.GivenIClickOnLatestEventInActionLog(ThrowIn) (0.2s)&#xD;
And I entered new conceded event time of "0030"&#xD;
-&gt; done: EditFormSteps.GivenIEnterNewConcededEventTimeOf("0030") (0.9s)&#xD;
And I clicked Save button in action edit form&#xD;
-&gt; done: EditFormSteps.ClickSaveButtonInActionEditForm() (0.6s)&#xD;
When I click Expand Action log button&#xD;
-&gt; done: ActionLogSteps.WhenIClickExpandActionLogButton() (0.1s)&#xD;
And I insert "FreeKick" before last action in expanded action log&#xD;
-&gt; done: ExpandedActionLogSteps.WhenIInsertPenaltyBeforeLastActionInExpandedActionLog(FreeKick) (0.3s)&#xD;
And I enter new conceded event time of "0025"&#xD;
-&gt; done: EditFormSteps.GivenIEnterNewConcededEventTimeOf("0025") (1.0s)&#xD;
And I enter new taken event time of "0026"&#xD;
-&gt; done: EditFormSteps.GivenIEnterNewTakenEventTimeOf("0026") (1.0s)&#xD;
And I click "offside" reason in free kick page&#xD;
-&gt; done: FreeKickEditSteps.WhenIClickButtonInExpandedFreeKickReasonsDialog("offside") (0.1s)&#xD;
And I click Team 2 in edit screen&#xD;
-&gt; done: EditFormSteps.GivenIClickTeamInEditScreen(2) (0.1s)&#xD;
And I click "Set" button for Free Kick location&#xD;
-&gt; done: FreeKickEditSteps.WhenIClickButtonForFreeKickLocation() (0.1s)&#xD;
And I click on expanded pitch view x 75 y 25&#xD;
-&gt; done: ExpandedPitchPositionDialogSteps.GivenIClickOnExpandedPitchViewXY(75, 25) (0.1s)&#xD;
And I click "Proceed" button on expanded pitch view&#xD;
-&gt; done: ExpandedPitchPositionDialogSteps.GivenIClickButtonOnExpandedPitchView("Proceed") (0.1s)&#xD;
And I click "Set" button for Ball Landing location in freekick edit&#xD;
-&gt; done: FreeKickEditSteps.WhenIClickButtonForBallLandingLocationInFreekickEdit() (0.1s)&#xD;
And I click on expanded pitch view x 80 y 10&#xD;
-&gt; done: ExpandedPitchPositionDialogSteps.GivenIClickOnExpandedPitchViewXY(80, 10) (0.1s)&#xD;
And I click "Proceed" button on expanded pitch view&#xD;
-&gt; done: ExpandedPitchPositionDialogSteps.GivenIClickButtonOnExpandedPitchView("Proceed") (0.1s)&#xD;
And I click Save button in action edit form&#xD;
-&gt; done: EditFormSteps.ClickSaveButtonInActionEditForm() (0.6s)&#xD;
Then freeKick insert view is not visible&#xD;
Failed to find element with query '[data-qa='freeKickEditScreen']'. Web driver timeout exception.&#xD;
-&gt; done: FreeKickEditSteps.ThenFreeKickInsertViewIsNotVisible() (2.0s)&#xD;
And "Offside" Action is displayed at 3 in expanded action log&#xD;
-&gt; done: ExpandedActionLogSteps.ThenGoalActionIsDisplayedAtInExpandedActionLog("Offside", 3) (0.0s)&#xD;
And Action at position 3 contains team 1 name&#xD;
-&gt; done: ExpandedActionLogSteps.ThenActionAtPositionContainsTeam(3, 1) (0.0s)&#xD;
And "Free kick" Action is displayed at 2 in expanded action log&#xD;
-&gt; done: ExpandedActionLogSteps.ThenGoalActionIsDisplayedAtInExpandedActionLog("Free kick", 2) (0.0s)&#xD;
And Action at position 2 half is displayed as "H1"&#xD;
-&gt; done: ExpandedActionLogSteps.ThenActionAtPositionHalfIsDisplayedAs(2, "H1") (0.0s)&#xD;
And Action at position 2 time is displayed as "00:25"&#xD;
-&gt; done: ExpandedActionLogSteps.ThenActionAtPositionTimeIsDisplayedAs(2, "00:25") (0.1s)&#xD;
And Action at position 2 first qualifier is displayed as "Offside"&#xD;
-&gt; done: ExpandedActionLogSteps.ThenActionAtPositionFirstQualifiedIsDisplayedAs(2, "Offside") (0.0s)&#xD;
And Action at position 2 do not have second qualifier&#xD;
-&gt; done: ExpandedActionLogSteps.ThenActionAtPositionDoNotHaveSecondQualifier(2) (0.0s)&#xD;
And Action at position 2 contains team 2 name&#xD;
-&gt; done: ExpandedActionLogSteps.ThenActionAtPositionContainsTeam(2, 2) (0.0s)&#xD;
And Action at position 2 do not have player&#xD;
-&gt; done: ExpandedActionLogSteps.ThenActionAtPositionDoNotHavePlayer(2) (0.0s)&#xD;
And Action at position 2 do not have score&#xD;
-&gt; done: ExpandedActionLogSteps.ThenActionAtPositionDoNotHaveScore(2) (0.0s)&#xD;
sandbox: CleanUpAfterTestRun started.&#xD;
sandbox: application pages != null: True&#xD;
sandbox: web driver!= null: True&#xD;
sandbox: CleanUpAfterTestRun complete.</StdOut>
      </Output>
    </UnitTestResult>
    <UnitTestResult executionId="0aa6d74c-8bfe-463d-8626-b3f668a868ff" testId="8b3fca40-30e3-7d98-fdbd-7ea4fb7e9751" testName="FreeKickByTeamUpdateLocationsFoulOnPlayerAndFoulByPlayerUpdated" computerName="EC2AMAZ-JEOO151" duration="00:00:09.6170000" startTime="2019-07-11T17:57:38.0000000+00:00" endTime="2019-07-11T17:57:48.0000000+00:00" testType="13cdc9d9-ddb5-4fa4-a97d-d965ccfc6d4b" outcome="Passed" testListId="8c84fa94-04c1-424b-9868-57a2d4851a1d" relativeResultsDirectory="0aa6d74c-8bfe-463d-8626-b3f668a868ff">
      <Output>
        <StdOut>sandbox: PrepareForTestRun started.&#xD;
sandbox: football liveStatsApp != null: True &#xD;
sandbox: football liveStatsApp.IsProcessRunning: True &#xD;
sandbox: setupLocalData: localDatabaseProvider != null: True&#xD;
sandbox: applicationPages != null: True&#xD;
sandbox: applicationPages.Webdriver != null: True&#xD;
sandbox: finished setuping local data&#xD;
sandbox: PrepareForTestRun complete.&#xD;
Given Match started with kick off from existing game&#xD;
-&gt; done: SetupGameSteps.GivenMatchStartedWithKickOffButtonFromExistingGame() (3.4s)&#xD;
And I remembered current players on pitch shirt numbers&#xD;
-&gt; done: GoalEditSteps.GivenIRememberCurrentPlayersOnPitch() (1.6s)&#xD;
Given Freekick for Team 1 is registered&#xD;
Given action failed. Retrying after a timeout.&#xD;
-&gt; done: FreeKickSteps.GivenFreekickForTeamIsRegistered(1) (1.3s)&#xD;
When I click on latest "FreeKick" event in action log&#xD;
-&gt; done: ActionLogSteps.GivenIClickOnLatestEventInActionLog(FreeKick) (0.3s)&#xD;
And I click Team button on left side in edit screen&#xD;
-&gt; done: EditFormSteps.GivenIClickTeamBySideInEditScreen("left") (0.2s)&#xD;
And I click fouled on player by shirt number 10 in freekick edit&#xD;
-&gt; done: FreeKickEditSteps.WhenIClickFouledOnPlayerInFreekickEdit(10) (0.4s)&#xD;
And I click "Set" button for Free Kick location&#xD;
-&gt; done: FreeKickEditSteps.WhenIClickButtonForFreeKickLocation() (0.1s)&#xD;
And I click on expanded pitch view x 75 y 25&#xD;
-&gt; done: ExpandedPitchPositionDialogSteps.GivenIClickOnExpandedPitchViewXY(75, 25) (0.1s)&#xD;
And I click "Proceed" button on expanded pitch view&#xD;
-&gt; done: ExpandedPitchPositionDialogSteps.GivenIClickButtonOnExpandedPitchView("Proceed") (0.1s)&#xD;
And I click "Set" button for Ball Landing location in freekick edit&#xD;
-&gt; done: FreeKickEditSteps.WhenIClickButtonForBallLandingLocationInFreekickEdit() (0.1s)&#xD;
And I click on expanded pitch view x 80 y 10&#xD;
-&gt; done: ExpandedPitchPositionDialogSteps.GivenIClickOnExpandedPitchViewXY(80, 10) (0.1s)&#xD;
And I click "Proceed" button on expanded pitch view&#xD;
-&gt; done: ExpandedPitchPositionDialogSteps.GivenIClickButtonOnExpandedPitchView("Proceed") (0.1s)&#xD;
And I click fouled by player by shirt number 6 in freekick edit&#xD;
-&gt; done: FreeKickEditSteps.WhenIClickFouledByPlayerInFreekickEdit(6) (0.4s)&#xD;
Then "left" team players are visible in Fouled on in freekick edit&#xD;
-&gt; done: FreeKickEditSteps.ThenTeamPlayersAreVisibleInFouledOnInFreekickEdit("left") (0.3s)&#xD;
And Fouled on player with shirt number 10 is selected in freekick edit&#xD;
-&gt; done: FreeKickEditSteps.ThenFouledOnPlayerWithShirtNumberIsSelectedInFreekickEdit(10) (0.1s)&#xD;
And "Free Kick Reason" button color is updated to "right" team color in freekick edit&#xD;
-&gt; done: FreeKickEditSteps.ThenButtonColorIsUpdatedToTeamColorInFreekickEdit("right") (0.0s)&#xD;
And "Foul/Offence by" "right" team players are visible in freekick edit&#xD;
-&gt; done: FreeKickEditSteps.ThenFoulOffencyByTeamPlayersAreVisibleInFouledOnInFreekickEdit("right") (0.2s)&#xD;
And Foul/Offence by player with shirt 6 is selected in freekick edit window&#xD;
-&gt; done: FreeKickEditSteps.ThenFoulOffenceByPlayerWithShirtIsSelectedInFreekickEditWindow(6) (0.1s)&#xD;
And mini free kick pitch location has cursor at x "75" and y "25"&#xD;
-&gt; done: FreeKickEditSteps.ThenMiniFreeKickPitchLocationHasCursorAtXAndY(75, 25) (0.1s)&#xD;
And mini ball landing pitch location has cursor at x "80" and y "10"&#xD;
-&gt; done: MiniPitchEditPageElementSteps.ThenMiniBallLandingPitchLocationHasCursorAtXAndY(80, 10) (0.1s)&#xD;
And Save button is enabled in action edit form&#xD;
-&gt; done: EditFormSteps.SaveButtonIsEnabled() (0.0s)&#xD;
sandbox: CleanUpAfterTestRun started.&#xD;
sandbox: application pages != null: True&#xD;
sandbox: web driver!= null: True&#xD;
sandbox: CleanUpAfterTestRun complete.</StdOut>
      </Output>
    </UnitTestResult>
    <UnitTestResult executionId="67133b27-7ab4-4dbd-b32b-601007c16c98" testId="92cb4fd6-9ad2-df3c-165e-64dbe2469ad2" testName="GivenSetupFinished_WhenKickingOffGame_ThenGameIsStarted(1,ToRight)" computerName="EC2AMAZ-JEOO151" duration="00:00:13.6680000" startTime="2019-07-11T21:36:35.0000000+00:00" endTime="2019-07-11T21:36:49.0000000+00:00" testType="13cdc9d9-ddb5-4fa4-a97d-d965ccfc6d4b" outcome="Passed" testListId="8c84fa94-04c1-424b-9868-57a2d4851a1d" relativeResultsDirectory="67133b27-7ab4-4dbd-b32b-601007c16c98">
      <Output>
        <StdOut>sandbox: PrepareForTestRun started.&#xD;
sandbox: football liveStatsApp != null: True &#xD;
sandbox: football liveStatsApp.IsProcessRunning: True &#xD;
sandbox: setupLocalData: localDatabaseProvider != null: True&#xD;
sandbox: applicationPages != null: True&#xD;
sandbox: applicationPages.Webdriver != null: True&#xD;
sandbox: finished setuping local data&#xD;
sandbox: PrepareForTestRun complete.&#xD;
sandbox: CleanUpAfterTestRun started.&#xD;
sandbox: application pages != null: True&#xD;
sandbox: web driver!= null: True&#xD;
Given action failed. Retrying after a timeout. Most likely UI was not fast enough to refresh itself.&#xD;
sandbox: CleanUpAfterTestRun complete.</StdOut>
      </Output>
    </UnitTestResult>
    <UnitTestResult executionId="8422ead1-8e31-4592-8283-fee4a17ab879" testId="8ceca75d-2362-7f90-331c-dead0dc7bc6e" testName="AddOverturnedVar" computerName="EC2AMAZ-JEOO151" duration="00:00:14.9660000" startTime="2019-07-11T18:05:29.0000000+00:00" endTime="2019-07-11T18:05:44.0000000+00:00" testType="13cdc9d9-ddb5-4fa4-a97d-d965ccfc6d4b" outcome="Passed" testListId="8c84fa94-04c1-424b-9868-57a2d4851a1d" relativeResultsDirectory="8422ead1-8e31-4592-8283-fee4a17ab879">
      <Output>
        <StdOut>sandbox: PrepareForTestRun started.&#xD;
sandbox: football liveStatsApp != null: True &#xD;
sandbox: football liveStatsApp.IsProcessRunning: True &#xD;
sandbox: setupLocalData: localDatabaseProvider != null: True&#xD;
sandbox: applicationPages != null: True&#xD;
sandbox: applicationPages.Webdriver != null: True&#xD;
sandbox: finished setuping local data&#xD;
sandbox: PrepareForTestRun complete.&#xD;
Given Match started with kick off from existing game&#xD;
-&gt; done: SetupGameSteps.GivenMatchStartedWithKickOffButtonFromExistingGame() (3.3s)&#xD;
Given Made penalty registered for player with shirt number 10 of team 1 fouled by player with shirt number 3&#xD;
Given action failed. Retrying after a timeout.&#xD;
-&gt; done: PenaltySteps.GivenPenaltyRegisteredForTeam(10, 1, 3) (7.0s)&#xD;
And I click top event in action log&#xD;
-&gt; done: ActionLogSteps.GivenIClickPenaltyEventInActionLog() (0.3s)&#xD;
When I click "VAR" toggle&#xD;
-&gt; done: EditFormSteps.GivenIClickToggleToEnable() (0.1s)&#xD;
And I click Var "Overturned" button&#xD;
-&gt; done: EditFormSteps.WhenIClickVarOverturnedButton() (0.1s)&#xD;
And I click Save button in action edit form&#xD;
-&gt; done: EditFormSteps.ClickSaveButtonInActionEditForm() (0.6s)&#xD;
Then Score is 0 for team 1&#xD;
-&gt; done: ScoreBoardSteps.ThenScoreIsForTeam(0, 1) (0.1s)&#xD;
And Score is 0 for team 2&#xD;
-&gt; done: ScoreBoardSteps.ThenScoreIsForTeam(0, 2) (0.1s)&#xD;
And VAR label of "Penalty" event in action log is in team 1 color&#xD;
-&gt; done: ActionLogSteps.ThenSubItemOfEventInActionLogIsInTeamColor("VAR", Penalty, 1) (0.2s)&#xD;
And Player on pitch with shirt number 10 of team 1 do not have goal icon&#xD;
Failed to find data-qa element with tag 'playerGoals'. No such element exception.&#xD;
-&gt; done: PitchPlayersComponentSteps.ThenPlayerOnPitchWithShirtNumberOfTeamDoNotHaveGoalIcon(10, 1) (2.2s)&#xD;
And VAR label of "Penalty" event in action log contains "Penalty Overturned" message&#xD;
-&gt; done: ActionLogSteps.ThenSubItemOfEventInActionLogIsInTeamColor("VAR", Penalty, "Penalty Overturned") (0.1s)&#xD;
sandbox: CleanUpAfterTestRun started.&#xD;
sandbox: application pages != null: True&#xD;
sandbox: web driver!= null: True&#xD;
sandbox: CleanUpAfterTestRun complete.</StdOut>
      </Output>
    </UnitTestResult>
    <UnitTestResult executionId="b455c7b7-7e01-4f7c-aaed-42429cf58b95" testId="daa58567-4168-4597-01b1-3549fe008ec4" testName="CorrectEditUnflagsCard" computerName="EC2AMAZ-JEOO151" duration="00:00:10.1980000" startTime="2019-07-11T19:43:39.0000000+00:00" endTime="2019-07-11T19:43:49.0000000+00:00" testType="13cdc9d9-ddb5-4fa4-a97d-d965ccfc6d4b" outcome="Passed" testListId="8c84fa94-04c1-424b-9868-57a2d4851a1d" relativeResultsDirectory="b455c7b7-7e01-4f7c-aaed-42429cf58b95">
      <Output>
        <StdOut>sandbox: PrepareForTestRun started.&#xD;
sandbox: football liveStatsApp != null: True &#xD;
sandbox: football liveStatsApp.IsProcessRunning: True &#xD;
sandbox: setupLocalData: localDatabaseProvider != null: True&#xD;
sandbox: applicationPages != null: True&#xD;
sandbox: applicationPages.Webdriver != null: True&#xD;
sandbox: finished setuping local data&#xD;
sandbox: PrepareForTestRun complete.&#xD;
Given Match started with kick off from existing game&#xD;
-&gt; done: SetupGameSteps.GivenMatchStartedWithKickOffButtonFromExistingGame() (3.3s)&#xD;
And I remembered current players on pitch shirt numbers&#xD;
-&gt; done: GoalEditSteps.GivenIRememberCurrentPlayersOnPitch() (1.6s)&#xD;
Given "SecondYellow" Card for Team "1" player with shirt number "8" is registered&#xD;
Given action failed. Retrying after a timeout.&#xD;
-&gt; done: CardSteps.GivenCardForTeamPlayerWithShirtNumberIsRegistered(SecondYellow, 1, 8) (3.5s)&#xD;
When I click on latest "Booking" event in action log&#xD;
-&gt; done: ActionLogSteps.GivenIClickOnLatestEventInActionLog(Booking) (0.2s)&#xD;
And I click "yellow" card in card edit page&#xD;
-&gt; done: CardEditSteps.WhenIClickCardInCardEditPage("yellow") (0.2s)&#xD;
And I click Save button in action edit form&#xD;
-&gt; done: EditFormSteps.ClickSaveButtonInActionEditForm() (0.6s)&#xD;
Then 1 event in action log of type "Booking" is not flagged&#xD;
-&gt; done: ActionLogSteps.ThenEventInActionLogOfTypeIsNotFlagged(1, Booking) (0.0s)&#xD;
sandbox: CleanUpAfterTestRun started.&#xD;
sandbox: application pages != null: True&#xD;
sandbox: web driver!= null: True&#xD;
sandbox: CleanUpAfterTestRun complete.</StdOut>
      </Output>
    </UnitTestResult>
    <UnitTestResult executionId="c18af175-52cd-46d8-a841-f93fba355103" testId="1aaab8f6-2e93-57a1-dd6c-9dabd82afc5a" testName="InsertShotOffPenaltyShootoutKickWithNoSaveAfter" computerName="EC2AMAZ-JEOO151" duration="00:00:24.4480000" startTime="2019-07-11T18:37:44.0000000+00:00" endTime="2019-07-11T18:38:08.0000000+00:00" testType="13cdc9d9-ddb5-4fa4-a97d-d965ccfc6d4b" outcome="Passed" testListId="8c84fa94-04c1-424b-9868-57a2d4851a1d" relativeResultsDirectory="c18af175-52cd-46d8-a841-f93fba355103">
      <Output>
        <StdOut>sandbox: PrepareForTestRun started.&#xD;
sandbox: football liveStatsApp != null: True &#xD;
sandbox: football liveStatsApp.IsProcessRunning: True &#xD;
sandbox: setupLocalData: localDatabaseProvider != null: True&#xD;
sandbox: applicationPages != null: True&#xD;
sandbox: applicationPages.Webdriver != null: True&#xD;
sandbox: finished setuping local data&#xD;
sandbox: PrepareForTestRun complete.&#xD;
Given penalty shoot-out phase started&#xD;
-&gt; done: PitchClockSteps.GivenGamePenaltyShoot_OutPhaseStarted() (14.7s)&#xD;
And I remembered current players on pitch shirt numbers&#xD;
-&gt; done: GoalEditSteps.GivenIRememberCurrentPlayersOnPitch() (1.2s)&#xD;
And I recorded penalty shoot-out kick "Goal" for team 2 player with shirt number 1&#xD;
-&gt; done: PenaltyShootoutSteps.WhenIRecordPenaltyShoot_OutKickGoalForTeamPlayerWithShirtNumber(2, 1) (2.7s)&#xD;
When I click Expand Action log button&#xD;
-&gt; done: ActionLogSteps.WhenIClickExpandActionLogButton() (0.3s)&#xD;
And I insert "PenaltyShootoutKick" after last action in expanded action log&#xD;
-&gt; done: ExpandedActionLogSteps.WhenIInsertPenaltyAfterLastActionInExpandedActionLog(PenaltyShootoutKick) (0.3s)&#xD;
And I choose player with number 6 from team 1 as penalty taker&#xD;
-&gt; done: PenaltyShootoutEditSteps.WhenIChoosePlayerWithNumberFromTeamAsPenaltyTaker(6, 1) (0.5s)&#xD;
And I click on miss off target result in penalty edit&#xD;
-&gt; done: PenaltyEditSteps.WhenIClickOnMissOffTargetPenaltyResult() (0.1s)&#xD;
And I click on goalkeeper not saved in penalty insert&#xD;
-&gt; done: PenaltyShootoutEditSteps.WhenIClickOnGoalkeeperNotSavedInPenaltyInsert() (0.1s)&#xD;
And I add "out top right" shot location in net section&#xD;
-&gt; done: PenaltyShootoutEditSteps.WhenIAddShotLocationInNetSection("out top right") (0.3s)&#xD;
And I set penalty retake count to 1 in penalty edit&#xD;
-&gt; done: PenaltyEditSteps.WhenISetRetakeCountTo(1) (0.1s)&#xD;
And I click Save button in action edit form&#xD;
-&gt; done: EditFormSteps.ClickSaveButtonInActionEditForm() (0.6s)&#xD;
Then penalty shootout kick insert view is not visible&#xD;
Failed to find element with query '[data-qa='penaltyShootoutEditScreen']'. Web driver timeout exception.&#xD;
-&gt; done: PenaltyShootoutEditSteps.ThenPenaltyShootoutKickInsertViewIsNotVisible() (2.0s)&#xD;
And "Penalty Shootout Kick" Action is displayed at 1 in expanded action log&#xD;
-&gt; done: ExpandedActionLogSteps.ThenGoalActionIsDisplayedAtInExpandedActionLog("Penalty Shootout ...", 1) (0.0s)&#xD;
And at 1 position action time is "90:00" in "PSO" half&#xD;
-&gt; done: ExpandedActionLogSteps.ThenAtPositionActionTimeIsInHalf(1, "90:00", "PSO") (0.1s)&#xD;
And at 1 position action has no qualifiers&#xD;
-&gt; done: ExpandedActionLogSteps.ThenAtPositionActionHasNoQualifiers(1) (0.1s)&#xD;
And at 1 position action displays player with number 6 from team 1&#xD;
-&gt; done: ExpandedActionLogSteps.ThenActionAtPositionPlayerIsDisplayedAs(1, 6, 1) (0.1s)&#xD;
And Action at position 1 do not have score&#xD;
-&gt; done: ExpandedActionLogSteps.ThenActionAtPositionDoNotHaveScore(1) (0.0s)&#xD;
sandbox: CleanUpAfterTestRun started.&#xD;
sandbox: application pages != null: True&#xD;
sandbox: web driver!= null: True&#xD;
sandbox: CleanUpAfterTestRun complete.</StdOut>
      </Output>
    </UnitTestResult>
    <UnitTestResult executionId="823d3692-7456-4f5d-ae0c-59b960d0ed30" testId="32df2db9-9a70-a4a0-d5c7-ca3be50fb1c8" testName="DeleteCardColorCardAfterSelectingPlayer(&quot;Red&quot;,&quot;Red&quot;,null)" computerName="EC2AMAZ-JEOO151" duration="00:00:11.9820000" startTime="2019-07-11T18:54:08.0000000+00:00" endTime="2019-07-11T18:54:20.0000000+00:00" testType="13cdc9d9-ddb5-4fa4-a97d-d965ccfc6d4b" outcome="Passed" testListId="8c84fa94-04c1-424b-9868-57a2d4851a1d" relativeResultsDirectory="823d3692-7456-4f5d-ae0c-59b960d0ed30">
      <Output>
        <StdOut>sandbox: PrepareForTestRun started.&#xD;
sandbox: football liveStatsApp != null: True &#xD;
sandbox: football liveStatsApp.IsProcessRunning: True &#xD;
sandbox: setupLocalData: localDatabaseProvider != null: True&#xD;
sandbox: applicationPages != null: True&#xD;
sandbox: applicationPages.Webdriver != null: True&#xD;
sandbox: finished setuping local data&#xD;
sandbox: PrepareForTestRun complete.&#xD;
Given Match started with kick off from existing game&#xD;
-&gt; done: SetupGameSteps.GivenMatchStartedWithKickOffButtonFromExistingGame() (3.3s)&#xD;
When I click on team 2 possible "Red"&#xD;
Given action failed. Retrying after a timeout.&#xD;
-&gt; done: TeamActionButtonSteps.StartPossibleCardRegistration(2, Red) (0.9s)&#xD;
And I click "Red" card button&#xD;
-&gt; done: TeamActionButtonSteps.WhenIClickCardButton("Red") (0.1s)&#xD;
And I confirm booking by clicking "Confirm" button&#xD;
-&gt; done: CardSteps.WhenIConfirmActionByClickingButton() (2.3s)&#xD;
And I click on team 2 player on pitch with shirt number 1&#xD;
-&gt; done: PitchPlayersComponentSteps.WhenIClickOnTeamPlayerOnPitchWithShirtNumber(2, 1) (0.1s)&#xD;
And I cancel action workflow by clicking "Cancel &amp; Delete" button&#xD;
-&gt; done: WorkflowSteps.WhenICancelActionWorkflowByClickingButton() (0.4s)&#xD;
Then card event is deleted in Action log&#xD;
-&gt; done: ActionLogSteps.ThenCardEventIsDeletedInActionLog() (2.0s)&#xD;
And Pitch View is shown&#xD;
-&gt; done: PitchScreenSteps.PitchViewIsShown() (0.0s)&#xD;
And Red line removed from player with shirt id 1 of team 2&#xD;
Failed to find element with query 'redCardIndicator' under parent. No such element exception.&#xD;
-&gt; done: PitchPlayersComponentSteps.ThenYellowLineRemovedFromPlayerWithShirtIdOfTeam(Red, 1, 2) (2.0s)&#xD;
sandbox: CleanUpAfterTestRun started.&#xD;
sandbox: application pages != null: True&#xD;
sandbox: web driver!= null: True&#xD;
sandbox: CleanUpAfterTestRun complete.</StdOut>
      </Output>
    </UnitTestResult>
    <UnitTestResult executionId="94d48613-2229-4885-abfd-085ccc481e3d" testId="cddf26ee-280d-91a2-0a09-66efa5b75eb8" testName="CardTypeAndReasonUpdate(&quot;Red&quot;,&quot;Yellow&quot;,&quot;Dissent&quot;,null)" computerName="EC2AMAZ-JEOO151" duration="00:00:10.3820000" startTime="2019-07-11T17:47:28.0000000+00:00" endTime="2019-07-11T17:47:38.0000000+00:00" testType="13cdc9d9-ddb5-4fa4-a97d-d965ccfc6d4b" outcome="Passed" testListId="8c84fa94-04c1-424b-9868-57a2d4851a1d" relativeResultsDirectory="94d48613-2229-4885-abfd-085ccc481e3d">
      <Output>
        <StdOut>sandbox: PrepareForTestRun started.&#xD;
sandbox: football liveStatsApp != null: True &#xD;
sandbox: football liveStatsApp.IsProcessRunning: True &#xD;
sandbox: setupLocalData: localDatabaseProvider != null: True&#xD;
sandbox: applicationPages != null: True&#xD;
sandbox: applicationPages.Webdriver != null: True&#xD;
sandbox: finished setuping local data&#xD;
sandbox: PrepareForTestRun complete.&#xD;
Given Match started with kick off from existing game&#xD;
-&gt; done: SetupGameSteps.GivenMatchStartedWithKickOffButtonFromExistingGame() (3.2s)&#xD;
And I remembered current players on pitch shirt numbers&#xD;
-&gt; done: GoalEditSteps.GivenIRememberCurrentPlayersOnPitch() (1.6s)&#xD;
Given "Red" Card for Team "1" player with shirt number "4" is registered&#xD;
Given action failed. Retrying after a timeout.&#xD;
-&gt; done: CardSteps.GivenCardForTeamPlayerWithShirtNumberIsRegistered(Red, 1, 4) (3.3s)&#xD;
When I click on 1 of type "Booking" event in action log&#xD;
-&gt; done: ActionLogSteps.GivenIClickOnLatestEventInActionLog(1, Booking) (0.2s)&#xD;
And I click "Yellow" card in card edit page&#xD;
-&gt; done: CardEditSteps.WhenIClickCardInCardEditPage("Yellow") (0.1s)&#xD;
And I click "select reason for card" button in card edit page&#xD;
-&gt; done: CardEditSteps.WhenIClickButtonInCardEditPage() (0.0s)&#xD;
And I click "Dissent" reason button&#xD;
-&gt; done: CardSteps.WhenIClickReasonButton("Dissent") (0.1s)&#xD;
And I click Save button in action edit form&#xD;
-&gt; done: EditFormSteps.ClickSaveButtonInActionEditForm() (0.6s)&#xD;
Then Pitch View is shown&#xD;
-&gt; done: PitchScreenSteps.PitchViewIsShown() (0.0s)&#xD;
And Yellow label is shown in Booking event action log&#xD;
-&gt; done: ActionLogSteps.ThenOffenceIsShownInPenaltyEventActionLog("Yellow", Booking) (0.1s)&#xD;
And "Yellow" label of "Booking" event in action log contains "Yellow" card icon&#xD;
-&gt; done: ActionLogSteps.ThenLabelOfEventInActionLogContainsCardIcon("Yellow", Booking, "Yellow") (0.1s)&#xD;
And Player on pitch by shirt number 4 of team 1 is shown in Yellow of "Booking" event in action log&#xD;
-&gt; done: ActionLogSteps.ThenPlayerOnPitchByShirtNumberOfTeamIsShownInGoalOfEventInActionLog(4, 1, "Yellow", Booking) (0.2s)&#xD;
sandbox: CleanUpAfterTestRun started.&#xD;
sandbox: application pages != null: True&#xD;
sandbox: web driver!= null: True&#xD;
sandbox: CleanUpAfterTestRun complete.</StdOut>
      </Output>
    </UnitTestResult>
    <UnitTestResult executionId="90c7d7a2-6538-429c-bfcf-0dc527114217" testId="d20651f2-ef3d-3318-a944-2dda0b276835" testName="CannotAddSubstitutionWhenNoLimitIsReached" computerName="EC2AMAZ-JEOO151" duration="00:00:06.9160000" startTime="2019-07-11T19:27:51.0000000+00:00" endTime="2019-07-11T19:27:58.0000000+00:00" testType="13cdc9d9-ddb5-4fa4-a97d-d965ccfc6d4b" outcome="Passed" testListId="8c84fa94-04c1-424b-9868-57a2d4851a1d" relativeResultsDirectory="90c7d7a2-6538-429c-bfcf-0dc527114217">
      <Output>
        <StdOut>sandbox: PrepareForTestRun started.&#xD;
sandbox: football liveStatsApp != null: True &#xD;
sandbox: football liveStatsApp.IsProcessRunning: True &#xD;
sandbox: setupLocalData: localDatabaseProvider != null: True&#xD;
sandbox: applicationPages != null: True&#xD;
sandbox: applicationPages.Webdriver != null: True&#xD;
sandbox: finished setuping local data&#xD;
sandbox: PrepareForTestRun complete.&#xD;
Given Match started with kick off from existing game&#xD;
-&gt; done: SetupGameSteps.GivenMatchStartedWithKickOffButtonFromExistingGame() (3.2s)&#xD;
Given started substitution for team "2" in pitch view&#xD;
-&gt; done: SubstitutionSteps.WhenIClickSubBenchButtonInSubstitutionRecord(2) (0.5s)&#xD;
When I select player "24" for sub in and player "4" for sub out from team "2"&#xD;
-&gt; done: SubstitutionSteps.WhenIChoosePlayerFromTeamForSubIn(24, 4, 2) (0.5s)&#xD;
And I select player "26" for sub in and player "6" for sub out from team "2"&#xD;
-&gt; done: SubstitutionSteps.WhenIChoosePlayerFromTeamForSubIn(26, 6, 2) (0.5s)&#xD;
And I select player "25" for sub in and player "5" for sub out from team "2"&#xD;
-&gt; done: SubstitutionSteps.WhenIChoosePlayerFromTeamForSubIn(25, 5, 2) (0.5s)&#xD;
Then player "24" is entering and player "4" is leaving from team "2" in "1" substitution pair&#xD;
-&gt; done: SubstitutionSteps.ThenPlayerOnSideFromPitchListIsVisibleInPlayersLeavingPitchList(24, 4, 2, 1) (0.3s)&#xD;
And player "26" is entering and player "6" is leaving from team "2" in "2" substitution pair&#xD;
-&gt; done: SubstitutionSteps.ThenPlayerOnSideFromPitchListIsVisibleInPlayersLeavingPitchList(26, 6, 2, 2) (0.2s)&#xD;
And player "25" is entering and player "5" is leaving from team "2" in "3" substitution pair&#xD;
-&gt; done: SubstitutionSteps.ThenPlayerOnSideFromPitchListIsVisibleInPlayersLeavingPitchList(25, 5, 2, 3) (0.2s)&#xD;
And "2" team subs remaining "0/3" is visible in record substitutions&#xD;
-&gt; done: SubstitutionSteps.ThenTeamSubsRemainingIsVisibleInRecordSubstitutions(2, "0/3") (0.1s)&#xD;
And I cannot select player "23" from team "2" for sub in&#xD;
-&gt; done: SubstitutionSteps.ThenICannotChoosePlayerTeamForSubIn(23, 2) (0.1s)&#xD;
And I cannot select player "3" from team "2" for sub out&#xD;
-&gt; done: SubstitutionSteps.ThenICannotChoosePlayerTeamForSubOut(3, 2) (0.1s)&#xD;
sandbox: CleanUpAfterTestRun started.&#xD;
sandbox: application pages != null: True&#xD;
sandbox: web driver!= null: True&#xD;
sandbox: CleanUpAfterTestRun complete.</StdOut>
      </Output>
    </UnitTestResult>
    <UnitTestResult executionId="8272f74b-6da6-451f-8cc0-69f58255defa" testId="54ad16c8-6ef8-dbd6-cba2-f3d1d0ce2393" testName="CanContinueActionWorkflowAfterClosingExpandedActionLog" computerName="EC2AMAZ-JEOO151" duration="00:00:08.2000000" startTime="2019-07-11T18:49:02.0000000+00:00" endTime="2019-07-11T18:49:10.0000000+00:00" testType="13cdc9d9-ddb5-4fa4-a97d-d965ccfc6d4b" outcome="Passed" testListId="8c84fa94-04c1-424b-9868-57a2d4851a1d" relativeResultsDirectory="8272f74b-6da6-451f-8cc0-69f58255defa">
      <Output>
        <StdOut>sandbox: PrepareForTestRun started.&#xD;
sandbox: football liveStatsApp != null: True &#xD;
sandbox: football liveStatsApp.IsProcessRunning: True &#xD;
sandbox: setupLocalData: localDatabaseProvider != null: True&#xD;
sandbox: applicationPages != null: True&#xD;
sandbox: applicationPages.Webdriver != null: True&#xD;
sandbox: finished setuping local data&#xD;
sandbox: PrepareForTestRun complete.&#xD;
Given Match started with kick off from existing game&#xD;
-&gt; done: SetupGameSteps.GivenMatchStartedWithKickOffButtonFromExistingGame() (3.3s)&#xD;
Given "Booking" record workflow is started for team "1"&#xD;
-&gt; done: TeamActionButtonSteps.GivenStartedRecordWorkflow(Booking, 1) (0.6s)&#xD;
And expanded action log is opened&#xD;
-&gt; done: ActionLogSteps.WhenIClickExpandActionLogButton() (0.1s)&#xD;
When I close expanded action log page&#xD;
-&gt; done: ExpandedActionLogSteps.WhenICloseExpandedActionLogPage() (0.2s)&#xD;
And I finish current booking workflow for team "1" that has only been started&#xD;
-&gt; done: CardSteps.WhenIFinishCurrentWorkflow(1) (3.1s)&#xD;
Then latest "Booking" action is completed in action log&#xD;
-&gt; done: ActionLogSteps.ThenLatestActionIsCompletedInActionLog(Booking) (0.2s)&#xD;
sandbox: CleanUpAfterTestRun started.&#xD;
sandbox: application pages != null: True&#xD;
sandbox: web driver!= null: True&#xD;
sandbox: CleanUpAfterTestRun complete.</StdOut>
      </Output>
    </UnitTestResult>
    <UnitTestResult executionId="bf3f907c-0c53-44d4-8509-a618f1ed19e0" testId="16fdaea3-66b8-c6bb-56c9-c417fe066388" testName="GivenSetupFinished_WhenSelectingReadyForKickOff_ThenKickOffIsEnabled(1,ToRight)" computerName="EC2AMAZ-JEOO151" duration="00:00:09.7160000" startTime="2019-07-11T21:37:23.0000000+00:00" endTime="2019-07-11T21:37:33.0000000+00:00" testType="13cdc9d9-ddb5-4fa4-a97d-d965ccfc6d4b" outcome="Passed" testListId="8c84fa94-04c1-424b-9868-57a2d4851a1d" relativeResultsDirectory="bf3f907c-0c53-44d4-8509-a618f1ed19e0">
      <Output>
        <StdOut>sandbox: PrepareForTestRun started.&#xD;
sandbox: football liveStatsApp != null: True &#xD;
sandbox: football liveStatsApp.IsProcessRunning: True &#xD;
sandbox: setupLocalData: localDatabaseProvider != null: True&#xD;
sandbox: applicationPages != null: True&#xD;
sandbox: applicationPages.Webdriver != null: True&#xD;
sandbox: finished setuping local data&#xD;
sandbox: PrepareForTestRun complete.&#xD;
sandbox: CleanUpAfterTestRun started.&#xD;
sandbox: application pages != null: True&#xD;
sandbox: web driver!= null: True&#xD;
sandbox: CleanUpAfterTestRun complete.</StdOut>
      </Output>
    </UnitTestResult>
    <UnitTestResult executionId="6f69e27a-633b-4453-9467-bd87b42f95c3" testId="21e58dad-c869-061e-8d4b-897f231f8f4e" testName="GivenGameInProgressWithActiveCouch_WhenDeactivatingCouchWithInvalidData_ThenPitchShown" computerName="EC2AMAZ-JEOO151" duration="00:00:06.1570000" startTime="2019-07-11T20:06:53.0000000+00:00" endTime="2019-07-11T20:06:59.0000000+00:00" testType="13cdc9d9-ddb5-4fa4-a97d-d965ccfc6d4b" outcome="Passed" testListId="8c84fa94-04c1-424b-9868-57a2d4851a1d" relativeResultsDirectory="6f69e27a-633b-4453-9467-bd87b42f95c3">
      <Output>
        <StdOut>sandbox: PrepareForTestRun started.&#xD;
sandbox: football liveStatsApp != null: True &#xD;
sandbox: football liveStatsApp.IsProcessRunning: True &#xD;
sandbox: setupLocalData: localDatabaseProvider != null: True&#xD;
sandbox: applicationPages != null: True&#xD;
sandbox: applicationPages.Webdriver != null: True&#xD;
sandbox: finished setuping local data&#xD;
sandbox: PrepareForTestRun complete.&#xD;
sandbox: CleanUpAfterTestRun started.&#xD;
sandbox: application pages != null: True&#xD;
sandbox: web driver!= null: True&#xD;
sandbox: CleanUpAfterTestRun complete.</StdOut>
      </Output>
    </UnitTestResult>
    <UnitTestResult executionId="292a93ae-a7a3-4c5f-96c1-1ecaef02b9a5" testId="163bd945-437a-e9b8-26ce-f2d01f813a17" testName="FootballGoalActionCanBeFlagged" computerName="EC2AMAZ-JEOO151" duration="00:00:09.1500000" startTime="2019-07-11T19:40:47.0000000+00:00" endTime="2019-07-11T19:40:57.0000000+00:00" testType="13cdc9d9-ddb5-4fa4-a97d-d965ccfc6d4b" outcome="Passed" testListId="8c84fa94-04c1-424b-9868-57a2d4851a1d" relativeResultsDirectory="292a93ae-a7a3-4c5f-96c1-1ecaef02b9a5">
      <Output>
        <StdOut>sandbox: PrepareForTestRun started.&#xD;
sandbox: football liveStatsApp != null: True &#xD;
sandbox: football liveStatsApp.IsProcessRunning: True &#xD;
sandbox: setupLocalData: localDatabaseProvider != null: True&#xD;
sandbox: applicationPages != null: True&#xD;
sandbox: applicationPages.Webdriver != null: True&#xD;
sandbox: finished setuping local data&#xD;
sandbox: PrepareForTestRun complete.&#xD;
Given Match started with kick off from existing game&#xD;
-&gt; done: SetupGameSteps.GivenMatchStartedWithKickOffButtonFromExistingGame() (3.3s)&#xD;
Given I add a goal for team 1 player 4 assisted by player 14&#xD;
-&gt; done: GoalSteps.GivenIAddAGoalForTeamPlayerAssistedByPlayer(1, 4, 14) (4.3s)&#xD;
When I click on latest "Goal" event in action log&#xD;
-&gt; done: ActionLogSteps.GivenIClickOnLatestEventInActionLog(Goal) (0.3s)&#xD;
And I click Flag &amp; Save button in action edit form&#xD;
-&gt; done: EditFormSteps.ClickFlagAndSaveInActionEditForm() (0.4s)&#xD;
Then 1 event in action log of type "Goal" is flagged&#xD;
-&gt; done: ActionLogSteps.ThenEventInActionLogOfTypeIsFlagged(1, Goal) (0.0s)&#xD;
sandbox: CleanUpAfterTestRun started.&#xD;
sandbox: application pages != null: True&#xD;
sandbox: web driver!= null: True&#xD;
sandbox: CleanUpAfterTestRun complete.</StdOut>
      </Output>
    </UnitTestResult>
    <UnitTestResult executionId="5d78275a-1573-4cf4-b437-467a310048ec" testId="dd49e447-51dc-29f5-c661-4e2e20e10c23" testName="FlagAndContinueFreeKick" computerName="EC2AMAZ-JEOO151" duration="00:00:05.1170000" startTime="2019-07-11T19:46:48.0000000+00:00" endTime="2019-07-11T19:46:53.0000000+00:00" testType="13cdc9d9-ddb5-4fa4-a97d-d965ccfc6d4b" outcome="Passed" testListId="8c84fa94-04c1-424b-9868-57a2d4851a1d" relativeResultsDirectory="5d78275a-1573-4cf4-b437-467a310048ec">
      <Output>
        <StdOut>sandbox: PrepareForTestRun started.&#xD;
sandbox: football liveStatsApp != null: True &#xD;
sandbox: football liveStatsApp.IsProcessRunning: True &#xD;
sandbox: setupLocalData: localDatabaseProvider != null: True&#xD;
sandbox: applicationPages != null: True&#xD;
sandbox: applicationPages.Webdriver != null: True&#xD;
sandbox: finished setuping local data&#xD;
sandbox: PrepareForTestRun complete.&#xD;
Given Match started with kick off from existing game&#xD;
-&gt; done: SetupGameSteps.GivenMatchStartedWithKickOffButtonFromExistingGame() (3.2s)&#xD;
When I click Freekick button for team 1&#xD;
Given action failed. Retrying after a timeout.&#xD;
-&gt; done: TeamActionButtonSteps.WhenIClickFreekickButtonForTeam(1) (0.8s)&#xD;
And I flag and continue&#xD;
-&gt; done: WorkflowSteps.WhenIFlagAndContinue() (0.1s)&#xD;
Then 1 event in action log of type "FreeKick" is flagged&#xD;
-&gt; done: ActionLogSteps.ThenEventInActionLogOfTypeIsFlagged(1, FreeKick) (0.1s)&#xD;
sandbox: CleanUpAfterTestRun started.&#xD;
sandbox: application pages != null: True&#xD;
sandbox: web driver!= null: True&#xD;
sandbox: CleanUpAfterTestRun complete.</StdOut>
      </Output>
    </UnitTestResult>
    <UnitTestResult executionId="9ea2a9f8-df99-4a08-9506-11563549e7ae" testId="2c6dc2b7-ebf9-a334-d82e-32bf0a3eea14" testName="GivenGoalRegistered_WhenEditingToOwnGoal_ThenNoAssistCanBeSelected" computerName="EC2AMAZ-JEOO151" duration="00:00:11.7680000" startTime="2019-07-11T20:31:29.0000000+00:00" endTime="2019-07-11T20:31:41.0000000+00:00" testType="13cdc9d9-ddb5-4fa4-a97d-d965ccfc6d4b" outcome="Passed" testListId="8c84fa94-04c1-424b-9868-57a2d4851a1d" relativeResultsDirectory="9ea2a9f8-df99-4a08-9506-11563549e7ae">
      <Output>
        <StdOut>sandbox: PrepareForTestRun started.&#xD;
sandbox: football liveStatsApp != null: True &#xD;
sandbox: football liveStatsApp.IsProcessRunning: True &#xD;
sandbox: setupLocalData: localDatabaseProvider != null: True&#xD;
sandbox: applicationPages != null: True&#xD;
sandbox: applicationPages.Webdriver != null: True&#xD;
sandbox: finished setuping local data&#xD;
sandbox: PrepareForTestRun complete.&#xD;
Given action failed. Retrying after a timeout.&#xD;
Failed to find element with query '[data-qa='shotAssistPlayerSelect']'. Web driver timeout exception.&#xD;
sandbox: CleanUpAfterTestRun started.&#xD;
sandbox: application pages != null: True&#xD;
sandbox: web driver!= null: True&#xD;
sandbox: CleanUpAfterTestRun complete.</StdOut>
      </Output>
    </UnitTestResult>
    <UnitTestResult executionId="d841d638-184f-4854-b7f4-c259a037754b" testId="2c54ac8a-aef8-960b-687e-64742cbff580" testName="FootballGoalActionCanBeUnflagged" computerName="EC2AMAZ-JEOO151" duration="00:00:09.7980000" startTime="2019-07-11T19:40:57.0000000+00:00" endTime="2019-07-11T19:41:06.0000000+00:00" testType="13cdc9d9-ddb5-4fa4-a97d-d965ccfc6d4b" outcome="Passed" testListId="8c84fa94-04c1-424b-9868-57a2d4851a1d" relativeResultsDirectory="d841d638-184f-4854-b7f4-c259a037754b">
      <Output>
        <StdOut>sandbox: PrepareForTestRun started.&#xD;
sandbox: football liveStatsApp != null: True &#xD;
sandbox: football liveStatsApp.IsProcessRunning: True &#xD;
sandbox: setupLocalData: localDatabaseProvider != null: True&#xD;
sandbox: applicationPages != null: True&#xD;
sandbox: applicationPages.Webdriver != null: True&#xD;
sandbox: finished setuping local data&#xD;
sandbox: PrepareForTestRun complete.&#xD;
Given Match started with kick off from existing game&#xD;
-&gt; done: SetupGameSteps.GivenMatchStartedWithKickOffButtonFromExistingGame() (3.2s)&#xD;
Given I add a goal for team 1 player 4 assisted by player 14&#xD;
-&gt; done: GoalSteps.GivenIAddAGoalForTeamPlayerAssistedByPlayer(1, 4, 14) (4.3s)&#xD;
When I click on latest "Goal" event in action log&#xD;
-&gt; done: ActionLogSteps.GivenIClickOnLatestEventInActionLog(Goal) (0.3s)&#xD;
And I click Flag &amp; Save button in action edit form&#xD;
-&gt; done: EditFormSteps.ClickFlagAndSaveInActionEditForm() (0.4s)&#xD;
And I click on latest "Goal" event in action log&#xD;
-&gt; done: ActionLogSteps.GivenIClickOnLatestEventInActionLog(Goal) (0.1s)&#xD;
And I click Save button in action edit form&#xD;
-&gt; done: EditFormSteps.ClickSaveButtonInActionEditForm() (0.6s)&#xD;
Then 1 event in action log of type "Goal" is not flagged&#xD;
-&gt; done: ActionLogSteps.ThenEventInActionLogOfTypeIsNotFlagged(1, Goal) (0.0s)&#xD;
sandbox: CleanUpAfterTestRun started.&#xD;
sandbox: application pages != null: True&#xD;
sandbox: web driver!= null: True&#xD;
sandbox: CleanUpAfterTestRun complete.</StdOut>
      </Output>
    </UnitTestResult>
    <UnitTestResult executionId="c3e84347-d95a-482b-b462-9c3c432e9bfd" testId="80976485-9c18-f0b2-bd35-3c0150058c1c" testName="CanInsertGoalKickAfterBeforePeriodBreak(&quot;after&quot;,&quot;PhaseStart&quot;,&quot;1&quot;,null)" computerName="EC2AMAZ-JEOO151" duration="00:00:08.9980000" startTime="2019-07-11T18:40:39.0000000+00:00" endTime="2019-07-11T18:40:48.0000000+00:00" testType="13cdc9d9-ddb5-4fa4-a97d-d965ccfc6d4b" outcome="Passed" testListId="8c84fa94-04c1-424b-9868-57a2d4851a1d" relativeResultsDirectory="c3e84347-d95a-482b-b462-9c3c432e9bfd">
      <Output>
        <StdOut>sandbox: PrepareForTestRun started.&#xD;
sandbox: football liveStatsApp != null: True &#xD;
sandbox: football liveStatsApp.IsProcessRunning: True &#xD;
sandbox: setupLocalData: localDatabaseProvider != null: True&#xD;
sandbox: applicationPages != null: True&#xD;
sandbox: applicationPages.Webdriver != null: True&#xD;
sandbox: finished setuping local data&#xD;
sandbox: PrepareForTestRun complete.&#xD;
Given Second period started from existing game&#xD;
-&gt; done: SetupGameSteps.GivenSecondPeriodStartedFromExistingGame() (6.5s)&#xD;
When I click Expand Action log button&#xD;
-&gt; done: ActionLogSteps.WhenIClickExpandActionLogButton() (0.3s)&#xD;
And I insert "GoalKick" after "PhaseStart"&#xD;
-&gt; done: ExpandedActionLogSteps.WhenIInsertActionAfterContainer(GoalKick, PhaseStart) (0.4s)&#xD;
And I click team 1 in edit form&#xD;
-&gt; done: EditFormSteps.WhenIClickTeamInEditForm(1) (0.1s)&#xD;
And I change ball landing location to x 10 and y 80&#xD;
-&gt; done: GoalKickEditSteps.WhenIChangeBallLandingLocationToXAndY(10, 80) (0.3s)&#xD;
And I click Save button in action edit form&#xD;
-&gt; done: EditFormSteps.ClickSaveButtonInActionEditForm() (0.6s)&#xD;
Then "Goal Kick" Action is displayed at 1 in expanded action log&#xD;
-&gt; done: ExpandedActionLogSteps.ThenGoalActionIsDisplayedAtInExpandedActionLog("Goal Kick", 1) (0.1s)&#xD;
sandbox: CleanUpAfterTestRun started.&#xD;
sandbox: application pages != null: True&#xD;
sandbox: web driver!= null: True&#xD;
sandbox: CleanUpAfterTestRun complete.</StdOut>
      </Output>
    </UnitTestResult>
    <UnitTestResult executionId="eeaa0783-67d3-4c84-afa5-77ea7b5737e0" testId="b6394e13-8ba6-788f-b10e-91098bf30b2d" testName="GivenGameGoalStarted_WhenSelectingAssist_ThenActionUpdated" computerName="EC2AMAZ-JEOO151" duration="00:00:09.4490000" startTime="2019-07-11T21:02:52.0000000+00:00" endTime="2019-07-11T21:03:02.0000000+00:00" testType="13cdc9d9-ddb5-4fa4-a97d-d965ccfc6d4b" outcome="Passed" testListId="8c84fa94-04c1-424b-9868-57a2d4851a1d" relativeResultsDirectory="eeaa0783-67d3-4c84-afa5-77ea7b5737e0">
      <Output>
        <StdOut>sandbox: PrepareForTestRun started.&#xD;
sandbox: football liveStatsApp != null: True &#xD;
sandbox: football liveStatsApp.IsProcessRunning: True &#xD;
sandbox: setupLocalData: localDatabaseProvider != null: True&#xD;
sandbox: applicationPages != null: True&#xD;
sandbox: applicationPages.Webdriver != null: True&#xD;
sandbox: finished setuping local data&#xD;
sandbox: PrepareForTestRun complete.&#xD;
sandbox: CleanUpAfterTestRun started.&#xD;
sandbox: application pages != null: True&#xD;
sandbox: web driver!= null: True&#xD;
sandbox: CleanUpAfterTestRun complete.</StdOut>
      </Output>
    </UnitTestResult>
    <UnitTestResult executionId="6130fc3b-6d2f-487c-bad7-9c15b8ba80f5" testId="2b98ef9d-aa4a-c188-6ab4-dd30f98640fe" testName="InsertOnTargetShotBeforeLastAction" computerName="EC2AMAZ-JEOO151" duration="00:00:19.4300000" startTime="2019-07-11T18:47:10.0000000+00:00" endTime="2019-07-11T18:47:30.0000000+00:00" testType="13cdc9d9-ddb5-4fa4-a97d-d965ccfc6d4b" outcome="Passed" testListId="8c84fa94-04c1-424b-9868-57a2d4851a1d" relativeResultsDirectory="6130fc3b-6d2f-487c-bad7-9c15b8ba80f5">
      <Output>
        <StdOut>sandbox: PrepareForTestRun started.&#xD;
sandbox: football liveStatsApp != null: True &#xD;
sandbox: football liveStatsApp.IsProcessRunning: True &#xD;
sandbox: setupLocalData: localDatabaseProvider != null: True&#xD;
sandbox: applicationPages != null: True&#xD;
sandbox: applicationPages.Webdriver != null: True&#xD;
sandbox: finished setuping local data&#xD;
sandbox: PrepareForTestRun complete.&#xD;
Given Match started with kick off from existing game&#xD;
-&gt; done: SetupGameSteps.GivenMatchStartedWithKickOffButtonFromExistingGame() (3.3s)&#xD;
And "Yellow" Card for Team 1 is registered&#xD;
-&gt; done: CardSteps.GivenCardForTeamIsRegistered(Yellow, 1) (3.5s)&#xD;
And "Top right" corner added for Team 1&#xD;
Given action failed. Retrying after a timeout.&#xD;
-&gt; done: CornerSteps.GivenCornerAddedForTeam("Top right", 1) (3.0s)&#xD;
And I clicked on latest "Corner" event in action log&#xD;
-&gt; done: ActionLogSteps.GivenIClickOnLatestEventInActionLog(Corner) (0.2s)&#xD;
And I entered new conceded event time of "0030"&#xD;
-&gt; done: EditFormSteps.GivenIEnterNewConcededEventTimeOf("0030") (1.0s)&#xD;
And I clicked Save button in action edit form&#xD;
-&gt; done: EditFormSteps.ClickSaveButtonInActionEditForm() (0.6s)&#xD;
And I remembered current players on pitch shirt numbers&#xD;
-&gt; done: GoalEditSteps.GivenIRememberCurrentPlayersOnPitch() (1.1s)&#xD;
When I click Expand Action log button&#xD;
-&gt; done: ActionLogSteps.WhenIClickExpandActionLogButton() (0.2s)&#xD;
And I click last action in expanded action log&#xD;
-&gt; done: ExpandedActionLogSteps.WhenIClickLastActionInExpandedActionLog() (0.1s)&#xD;
And I click insert before button in expanded action log&#xD;
-&gt; done: ExpandedActionLogSteps.WhenIClickInsertBeforeButtonInExpandedActionLog() (0.1s)&#xD;
And I click insert Shot button in insert before dropdown&#xD;
-&gt; done: ExpandedActionLogSteps.WhenIClickInsertShotButtonInInsertBeforeDropdown() (0.1s)&#xD;
And I enter new conceded event time of "0025"&#xD;
-&gt; done: EditFormSteps.GivenIEnterNewConcededEventTimeOf("0025") (1.0s)&#xD;
And I click team 1 in edit form&#xD;
-&gt; done: EditFormSteps.WhenIClickTeamInEditForm(1) (0.2s)&#xD;
And Shot result changed to On Target&#xD;
-&gt; done: ShotEditSteps.WhenShotResultChangedToOnTarget() (0.1s)&#xD;
And I select no GK save&#xD;
-&gt; done: ShotEditSteps.WhenISelectNoGkSave() (0.1s)&#xD;
And I set pitch position to x 80 y 10 in edit window&#xD;
-&gt; done: MiniPitchEditPageElementSteps.SetPitchLocationToXYInEditWindow(80, 10) (0.3s)&#xD;
And I set shot position to "top middle" location in edit window&#xD;
-&gt; done: MiniShotEditPageElement.SetShotLocationToXYInEditWindow("top middle") (0.3s)&#xD;
And I select player with shirt number 13 as shooter&#xD;
-&gt; done: ShotEditSteps.ThenISelectPlayerWithShirtNumberAsShooter(13) (0.3s)&#xD;
And I click Save button in action edit form&#xD;
-&gt; done: EditFormSteps.ClickSaveButtonInActionEditForm() (0.6s)&#xD;
Then Shot insert view is not visible&#xD;
Failed to find element with query '[data-qa='goalEditScreen']'. Web driver timeout exception.&#xD;
-&gt; done: ShotEditSteps.ThenShotEditViewIsNotVisible() (2.1s)&#xD;
And "Shot" Action is displayed at 2 in expanded action log&#xD;
-&gt; done: ExpandedActionLogSteps.ThenGoalActionIsDisplayedAtInExpandedActionLog("Shot", 2) (0.0s)&#xD;
And Action at position 2 half is displayed as "H1"&#xD;
-&gt; done: ExpandedActionLogSteps.ThenActionAtPositionHalfIsDisplayedAs(2, "H1") (0.0s)&#xD;
And Action at position 2 time is displayed as "00:25"&#xD;
-&gt; done: ExpandedActionLogSteps.ThenActionAtPositionTimeIsDisplayedAs(2, "00:25") (0.0s)&#xD;
And at 2 position action has one qualifier with name "On Target"&#xD;
-&gt; done: ExpandedActionLogSteps.ThenAtPositionActionHasOneQualifierWithName(2, "On Target") (0.1s)&#xD;
And Action at position 2 do not have score&#xD;
-&gt; done: ExpandedActionLogSteps.ThenActionAtPositionDoNotHaveScore(2) (0.0s)&#xD;
And Action at position 2 contains team 1 name&#xD;
-&gt; done: ExpandedActionLogSteps.ThenActionAtPositionContainsTeam(2, 1) (0.0s)&#xD;
And Action at position 2 player is displayed as 13 on "1" team&#xD;
-&gt; done: ExpandedActionLogSteps.ThenActionAtPositionPlayerIsDisplayedAs(2, 13, 1) (0.1s)&#xD;
sandbox: CleanUpAfterTestRun started.&#xD;
sandbox: application pages != null: True&#xD;
sandbox: web driver!= null: True&#xD;
sandbox: CleanUpAfterTestRun complete.</StdOut>
      </Output>
    </UnitTestResult>
    <UnitTestResult executionId="85ce8df3-6602-4006-a3e9-63775fd49ac6" testId="a8100980-5686-c9df-e225-c919424807ce" testName="SubsCountIsSavedAfterGameSetup(&quot;3&quot;,null)" computerName="EC2AMAZ-JEOO151" duration="00:00:03.2370000" startTime="2019-07-11T17:23:28.0000000+00:00" endTime="2019-07-11T17:23:31.0000000+00:00" testType="13cdc9d9-ddb5-4fa4-a97d-d965ccfc6d4b" outcome="Passed" testListId="8c84fa94-04c1-424b-9868-57a2d4851a1d" relativeResultsDirectory="85ce8df3-6602-4006-a3e9-63775fd49ac6">
      <Output>
        <StdOut>sandbox: PrepareForTestRun started.&#xD;
sandbox: football liveStatsApp != null: True &#xD;
sandbox: football liveStatsApp.IsProcessRunning: True &#xD;
sandbox: setupLocalData: localDatabaseProvider != null: True&#xD;
sandbox: applicationPages != null: True&#xD;
sandbox: applicationPages.Webdriver != null: True&#xD;
sandbox: finished setuping local data&#xD;
sandbox: PrepareForTestRun complete.&#xD;
Given Home screen is visible&#xD;
-&gt; done: DashBoardSteps.GivenPrimaryApplicationHomeScreenIsVisible() (0.2s)&#xD;
When I click on enter game details manually&#xD;
-&gt; done: DashBoardSteps.WhenAsPrimaryIClickOnEnterGameDetailsManuallyButton() (0.1s)&#xD;
When mandatory game fields "Game Number", "Competition" and "Date &amp; Time" are filled&#xD;
-&gt; done: GameInformationTabSteps.GivenMandatoryGameFieldsAndAreFilled() (0.9s)&#xD;
And I set "Subs count" to 3 in General Information tab&#xD;
-&gt; done: GameInformationTabSteps.WhenIEnterInGeneralInformationTab(3) (0.1s)&#xD;
And I click Save &amp; Next button&#xD;
-&gt; done: GameSetupSteps.WhenIClickSaveNextButton() (0.1s)&#xD;
And I click on General Information tab&#xD;
-&gt; done: GameInformationTabSteps.WhenIClickOnGeneralInformationTab() (0.3s)&#xD;
Then "Subs count" is set to 3 in game information tab&#xD;
-&gt; done: GameInformationTabSteps.ThenNumberOfSubseIsSetTo("3") (0.0s)&#xD;
sandbox: CleanUpAfterTestRun started.&#xD;
sandbox: application pages != null: True&#xD;
sandbox: web driver!= null: True&#xD;
Given action failed. Retrying after a timeout. Most likely UI was not fast enough to refresh itself.&#xD;
sandbox: CleanUpAfterTestRun complete.</StdOut>
      </Output>
    </UnitTestResult>
    <UnitTestResult executionId="563de038-7194-4716-93bc-08ebff9347e3" testId="09373060-bc77-4df3-57f2-856acaa2b3be" testName="ChangingPlayerToOnPitchOneUnflagsAction" computerName="EC2AMAZ-JEOO151" duration="00:00:09.8490000" startTime="2019-07-11T19:49:13.0000000+00:00" endTime="2019-07-11T19:49:22.0000000+00:00" testType="13cdc9d9-ddb5-4fa4-a97d-d965ccfc6d4b" outcome="Passed" testListId="8c84fa94-04c1-424b-9868-57a2d4851a1d" relativeResultsDirectory="563de038-7194-4716-93bc-08ebff9347e3">
      <Output>
        <StdOut>sandbox: PrepareForTestRun started.&#xD;
sandbox: football liveStatsApp != null: True &#xD;
sandbox: football liveStatsApp.IsProcessRunning: True &#xD;
sandbox: setupLocalData: localDatabaseProvider != null: True&#xD;
sandbox: applicationPages != null: True&#xD;
sandbox: applicationPages.Webdriver != null: True&#xD;
sandbox: finished setuping local data&#xD;
sandbox: PrepareForTestRun complete.&#xD;
Given Match started with kick off from existing game&#xD;
-&gt; done: SetupGameSteps.GivenMatchStartedWithKickOffButtonFromExistingGame() (3.3s)&#xD;
And I remembered current players on pitch shirt numbers&#xD;
-&gt; done: GoalEditSteps.GivenIRememberCurrentPlayersOnPitch() (1.5s)&#xD;
Given expanded action log is opened&#xD;
-&gt; done: ActionLogSteps.WhenIClickExpandActionLogButton() (0.1s)&#xD;
When I insert Goal after last action in expanded action log from "1" team with player with shirt number "20"&#xD;
-&gt; done: GoalSteps.WhenIInsertGoalAfterLastActionInExpandedActionLogFromTeamWithScorerWithShirtAndNoAssist(1, 20) (2.7s)&#xD;
And I close expanded action log page&#xD;
-&gt; done: ExpandedActionLogSteps.WhenICloseExpandedActionLogPage() (0.1s)&#xD;
And I click on latest "Goal" event in action log&#xD;
-&gt; done: ActionLogSteps.GivenIClickOnLatestEventInActionLog(Goal) (0.1s)&#xD;
And I click player 4 from who scored&#xD;
-&gt; done: GoalEditSteps.GivenIClickPlayerFromWhoScored(4) (0.4s)&#xD;
And I click Save button in action edit form&#xD;
-&gt; done: EditFormSteps.ClickSaveButtonInActionEditForm() (0.6s)&#xD;
Then 1 event in action log of type "Goal" is not flagged&#xD;
-&gt; done: ActionLogSteps.ThenEventInActionLogOfTypeIsNotFlagged(1, Goal) (0.0s)&#xD;
sandbox: CleanUpAfterTestRun started.&#xD;
sandbox: application pages != null: True&#xD;
sandbox: web driver!= null: True&#xD;
sandbox: CleanUpAfterTestRun complete.</StdOut>
      </Output>
    </UnitTestResult>
    <UnitTestResult executionId="a44d4de4-ed47-4a9b-b3f8-d940955d74b8" testId="51d3669f-0f97-519f-1da5-e755f2beed1c" testName="CardByTeamAndPlayerUpdated" computerName="EC2AMAZ-JEOO151" duration="00:00:09.6640000" startTime="2019-07-11T17:45:17.0000000+00:00" endTime="2019-07-11T17:45:27.0000000+00:00" testType="13cdc9d9-ddb5-4fa4-a97d-d965ccfc6d4b" outcome="Passed" testListId="8c84fa94-04c1-424b-9868-57a2d4851a1d" relativeResultsDirectory="a44d4de4-ed47-4a9b-b3f8-d940955d74b8">
      <Output>
        <StdOut>sandbox: PrepareForTestRun started.&#xD;
sandbox: football liveStatsApp != null: True &#xD;
sandbox: football liveStatsApp.IsProcessRunning: True &#xD;
sandbox: setupLocalData: localDatabaseProvider != null: True&#xD;
sandbox: applicationPages != null: True&#xD;
sandbox: applicationPages.Webdriver != null: True&#xD;
sandbox: finished setuping local data&#xD;
sandbox: PrepareForTestRun complete.&#xD;
Given Match started with kick off from existing game&#xD;
-&gt; done: SetupGameSteps.GivenMatchStartedWithKickOffButtonFromExistingGame() (3.3s)&#xD;
And I remembered current players on pitch shirt numbers&#xD;
-&gt; done: GoalEditSteps.GivenIRememberCurrentPlayersOnPitch() (1.6s)&#xD;
Given "Yellow" Card for Team "1" player with shirt number "4" is registered&#xD;
Given action failed. Retrying after a timeout.&#xD;
-&gt; done: CardSteps.GivenCardForTeamPlayerWithShirtNumberIsRegistered(Yellow, 1, 4) (3.3s)&#xD;
When I click on 1 of type "Booking" event in action log&#xD;
-&gt; done: ActionLogSteps.GivenIClickOnLatestEventInActionLog(1, Booking) (0.2s)&#xD;
And I click "left" team in action edit page&#xD;
-&gt; done: EditFormSteps.WhenIClickTeamInActionEditPage("left") (0.1s)&#xD;
And I select player with shirt number 10 in to receive the card in card edit page&#xD;
-&gt; done: CardEditSteps.WhenISelectPlayerInToReceiveTheCardInCardEditPage(10) (0.3s)&#xD;
Then "Save" of edit screen is enabled&#xD;
-&gt; done: EditFormSteps.ThenOfEditScreenIsEnabled() (0.0s)&#xD;
sandbox: CleanUpAfterTestRun started.&#xD;
sandbox: application pages != null: True&#xD;
sandbox: web driver!= null: True&#xD;
sandbox: CleanUpAfterTestRun complete.</StdOut>
      </Output>
    </UnitTestResult>
    <UnitTestResult executionId="5c1140ed-c066-458b-b71a-2ef73e7afa84" testId="1ee54112-9f60-8170-1cca-6e069b534b00" testName="SelectLocationForPenaltyGoal(&quot;1&quot;,&quot;2&quot;,&quot;90&quot;,&quot;50&quot;,&quot;5&quot;,&quot;16&quot;,null)" computerName="EC2AMAZ-JEOO151" duration="00:00:15.7500000" startTime="2019-07-11T19:10:09.0000000+00:00" endTime="2019-07-11T19:10:24.0000000+00:00" testType="13cdc9d9-ddb5-4fa4-a97d-d965ccfc6d4b" outcome="Passed" testListId="8c84fa94-04c1-424b-9868-57a2d4851a1d" relativeResultsDirectory="5c1140ed-c066-458b-b71a-2ef73e7afa84">
      <Output>
        <StdOut>sandbox: PrepareForTestRun started.&#xD;
sandbox: football liveStatsApp != null: True &#xD;
sandbox: football liveStatsApp.IsProcessRunning: True &#xD;
sandbox: setupLocalData: localDatabaseProvider != null: True&#xD;
sandbox: applicationPages != null: True&#xD;
sandbox: applicationPages.Webdriver != null: True&#xD;
sandbox: finished setuping local data&#xD;
sandbox: PrepareForTestRun complete.&#xD;
Given Match started with kick off from existing game&#xD;
-&gt; done: SetupGameSteps.GivenMatchStartedWithKickOffButtonFromExistingGame() (3.3s)&#xD;
When I click "Possible Penalty" button for team 1&#xD;
-&gt; done: TeamActionButtonSteps.GivenIClickPossiblePenaltyButtonForTeam(1) (0.5s)&#xD;
And I confirm penalty by clicking "Confirm" button&#xD;
-&gt; done: PenaltySteps.WhenIConfirmPenaltyByClickingButton() (2.3s)&#xD;
And I click on pitch x 90 and y 50&#xD;
Failed to find element with query '[data-qa='activePitchOverlay']'. Web driver timeout exception.&#xD;
Given action failed. Retrying after a timeout.&#xD;
Failed to find element with query '[data-qa='activePitchOverlay']'. Web driver timeout exception.&#xD;
-&gt; done: PitchScreenSteps.WhenIClickOnPitch(90, 50) (4.5s)&#xD;
And I click "Foul" reason button&#xD;
-&gt; done: CardSteps.WhenIClickReasonButton("Foul") (0.2s)&#xD;
And I click on team 2 player on pitch with shirt number 5&#xD;
-&gt; done: PitchPlayersComponentSteps.WhenIClickOnTeamPlayerOnPitchWithShirtNumber(2, 5) (0.3s)&#xD;
And I click on team 1 player on pitch with shirt number 16&#xD;
-&gt; done: PitchPlayersComponentSteps.WhenIClickOnTeamPlayerOnPitchWithShirtNumber(1, 16) (0.4s)&#xD;
And I click "Penalty Goal" Button&#xD;
-&gt; done: PenaltySteps.WhenIClickPenaltyGoalButton() (0.2s)&#xD;
And I confirm penalty goal by clicking on "Confirm" button&#xD;
-&gt; done: GoalSteps.WhenIConfirmGoalByClickingOnButton() (2.4s)&#xD;
And I click on net x "50" and y "40"&#xD;
-&gt; done: NetSectionSteps.WhenIClickOnNetXAndY(50, 40) (0.1s)&#xD;
Then Kickoff prompt for team 2 is shown&#xD;
-&gt; done: GoalSteps.ThenKickoffPromptForTeamIsShown(2) (0.3s)&#xD;
And Latest "Penalty" event is completed&#xD;
-&gt; done: ActionLogSteps.ThenLatestEventIsConfirmed(Penalty) (0.0s)&#xD;
And Score is 1 for team 1&#xD;
-&gt; done: ScoreBoardSteps.ThenScoreIsForTeam(1, 1) (0.1s)&#xD;
And Score is 0 for team 2&#xD;
-&gt; done: ScoreBoardSteps.ThenScoreIsForTeam(0, 2) (0.1s)&#xD;
And Ball icon is shown on player on pitch with shirt number 16 of team 1&#xD;
-&gt; done: PitchPlayersComponentSteps.ThenBallIconIsShownOnPlayerOnPitchWithShirtNumberOfTeamButton(16, 1) (0.1s)&#xD;
And Player on pitch 9 of team 1 is shown in Penalty of "Penalty" event in action log&#xD;
-&gt; done: ActionLogSteps.ThenPlayerOnPitchOfTeamIsShownInGoalOfEventInActionLog(9, 1, "Penalty", Penalty) (0.2s)&#xD;
sandbox: CleanUpAfterTestRun started.&#xD;
sandbox: application pages != null: True&#xD;
sandbox: web driver!= null: True&#xD;
sandbox: CleanUpAfterTestRun complete.</StdOut>
      </Output>
    </UnitTestResult>
    <UnitTestResult executionId="bfc3e2a4-ac43-48d0-8746-519ba3bf86ca" testId="6e344cf5-138c-676c-9944-32aa8e1e7d32" testName="SecondPeriodKick_OffCantBeDeletedIfThereIsActionRegisteredAfter" computerName="EC2AMAZ-JEOO151" duration="00:00:10.4990000" startTime="2019-07-11T17:40:58.0000000+00:00" endTime="2019-07-11T17:41:08.0000000+00:00" testType="13cdc9d9-ddb5-4fa4-a97d-d965ccfc6d4b" outcome="Passed" testListId="8c84fa94-04c1-424b-9868-57a2d4851a1d" relativeResultsDirectory="bfc3e2a4-ac43-48d0-8746-519ba3bf86ca">
      <Output>
        <StdOut>sandbox: PrepareForTestRun started.&#xD;
sandbox: football liveStatsApp != null: True &#xD;
sandbox: football liveStatsApp.IsProcessRunning: True &#xD;
sandbox: setupLocalData: localDatabaseProvider != null: True&#xD;
sandbox: applicationPages != null: True&#xD;
sandbox: applicationPages.Webdriver != null: True&#xD;
sandbox: finished setuping local data&#xD;
sandbox: PrepareForTestRun complete.&#xD;
Given Match started with kick off from existing game&#xD;
-&gt; done: SetupGameSteps.GivenMatchStartedWithKickOffButtonFromExistingGame() (3.3s)&#xD;
Given I finished and proceeded to next phase&#xD;
-&gt; done: PitchClockSteps.WhenIFinishAndProceedToNextPhase() (3.3s)&#xD;
And GoalKick for Team 1 is registered&#xD;
-&gt; done: GoalKickSteps.GivenGoalKickForTeamIsRegistered(1) (0.8s)&#xD;
When I click Expand Action log button&#xD;
-&gt; done: ActionLogSteps.WhenIClickExpandActionLogButton() (0.3s)&#xD;
Then latest "PhaseStart" action is not deletable&#xD;
Failed to find data-qa element with tag 'deleteIcon'. No such element exception.&#xD;
-&gt; done: ExpandedActionLogSteps.ThenLatestActionIsNotDeletable(PhaseStart) (2.1s)&#xD;
sandbox: CleanUpAfterTestRun started.&#xD;
sandbox: application pages != null: True&#xD;
sandbox: web driver!= null: True&#xD;
sandbox: CleanUpAfterTestRun complete.</StdOut>
      </Output>
    </UnitTestResult>
    <UnitTestResult executionId="ff185c37-2e7c-4220-93ca-3548ec92938c" testId="1a787aee-0a5f-2a98-acaa-46db56af4937" testName="GivenPeriodBreakWithInterruption_WhenNextHalfKickedOff_ThenInterruptionIsCanceled" computerName="EC2AMAZ-JEOO151" duration="00:00:12.7320000" startTime="2019-07-11T21:30:08.0000000+00:00" endTime="2019-07-11T21:30:21.0000000+00:00" testType="13cdc9d9-ddb5-4fa4-a97d-d965ccfc6d4b" outcome="Passed" testListId="8c84fa94-04c1-424b-9868-57a2d4851a1d" relativeResultsDirectory="ff185c37-2e7c-4220-93ca-3548ec92938c">
      <Output>
        <StdOut>sandbox: PrepareForTestRun started.&#xD;
sandbox: football liveStatsApp != null: True &#xD;
sandbox: football liveStatsApp.IsProcessRunning: True &#xD;
sandbox: setupLocalData: localDatabaseProvider != null: True&#xD;
sandbox: applicationPages != null: True&#xD;
sandbox: applicationPages.Webdriver != null: True&#xD;
sandbox: finished setuping local data&#xD;
sandbox: PrepareForTestRun complete.&#xD;
sandbox: CleanUpAfterTestRun started.&#xD;
sandbox: application pages != null: True&#xD;
sandbox: web driver!= null: True&#xD;
sandbox: CleanUpAfterTestRun complete.</StdOut>
      </Output>
    </UnitTestResult>
    <UnitTestResult executionId="1db69cac-cda6-44a9-aff5-ed5ee3baba83" testId="f40c12be-310d-8260-8cea-d2b442f5379c" testName="InsertingAnotherYellowCardFlagsIt" computerName="EC2AMAZ-JEOO151" duration="00:00:11.1650000" startTime="2019-07-11T19:43:49.0000000+00:00" endTime="2019-07-11T19:44:00.0000000+00:00" testType="13cdc9d9-ddb5-4fa4-a97d-d965ccfc6d4b" outcome="Passed" testListId="8c84fa94-04c1-424b-9868-57a2d4851a1d" relativeResultsDirectory="1db69cac-cda6-44a9-aff5-ed5ee3baba83">
      <Output>
        <StdOut>sandbox: PrepareForTestRun started.&#xD;
sandbox: football liveStatsApp != null: True &#xD;
sandbox: football liveStatsApp.IsProcessRunning: True &#xD;
sandbox: setupLocalData: localDatabaseProvider != null: True&#xD;
sandbox: applicationPages != null: True&#xD;
sandbox: applicationPages.Webdriver != null: True&#xD;
sandbox: finished setuping local data&#xD;
sandbox: PrepareForTestRun complete.&#xD;
Given Match started with kick off from existing game&#xD;
-&gt; done: SetupGameSteps.GivenMatchStartedWithKickOffButtonFromExistingGame() (3.2s)&#xD;
And I remembered current players on pitch shirt numbers&#xD;
-&gt; done: GoalEditSteps.GivenIRememberCurrentPlayersOnPitch() (1.6s)&#xD;
Given "Yellow" Card for Team "1" player with shirt number "8" is registered&#xD;
Given action failed. Retrying after a timeout.&#xD;
-&gt; done: CardSteps.GivenCardForTeamPlayerWithShirtNumberIsRegistered(Yellow, 1, 8) (3.2s)&#xD;
When I insert "Yellow" Card after "Booking" for team "1" player "8"&#xD;
-&gt; done: ExpandedActionLogSteps.WhenIInsertCardAfterForPlayer("Yellow", Booking, 1, 8) (1.8s)&#xD;
And I close expanded action log page&#xD;
-&gt; done: ExpandedActionLogSteps.WhenICloseExpandedActionLogPage() (0.2s)&#xD;
And I click on latest "Booking" event in action log&#xD;
-&gt; done: ActionLogSteps.GivenIClickOnLatestEventInActionLog(Booking) (0.1s)&#xD;
And I click review flags button in game action edit window&#xD;
-&gt; done: EditFormSteps.WhenIClickReviewFlagsButtonInGameActionEditWindow() (0.1s)&#xD;
Then Review action flags dialog opens&#xD;
-&gt; done: EditFormSteps.ThenReviewActionFlagsDialogOpens() (0.0s)&#xD;
And Review action flags dialog contains "1" flags&#xD;
-&gt; done: EditWindowFlagsDropDownSteps.ThenReviewActionDialogContainsFlagsCount(1) (0.0s)&#xD;
And Excessive yellow in review action flags dialog is visible for player with shirt "8" from team "1"&#xD;
-&gt; done: EditWindowFlagsDropDownSteps.ThenIsVisibleInReviewActionFlagsDialogForExcessiveYellowFlagForPlayer("8", 1) (0.0s)&#xD;
sandbox: CleanUpAfterTestRun started.&#xD;
sandbox: application pages != null: True&#xD;
sandbox: web driver!= null: True&#xD;
sandbox: CleanUpAfterTestRun complete.</StdOut>
      </Output>
    </UnitTestResult>
    <UnitTestResult executionId="91ac35ae-01b4-40d8-94be-df4974de4378" testId="d94a2925-a625-eb3b-3412-7470befe99fc" testName="CanInsertCardIntoPeriodBreak(&quot;before&quot;,&quot;PhaseStart&quot;,&quot;3&quot;,&quot;45:00&quot;,null)" computerName="EC2AMAZ-JEOO151" duration="00:00:09.3000000" startTime="2019-07-11T18:40:20.0000000+00:00" endTime="2019-07-11T18:40:30.0000000+00:00" testType="13cdc9d9-ddb5-4fa4-a97d-d965ccfc6d4b" outcome="Passed" testListId="8c84fa94-04c1-424b-9868-57a2d4851a1d" relativeResultsDirectory="91ac35ae-01b4-40d8-94be-df4974de4378">
      <Output>
        <StdOut>sandbox: PrepareForTestRun started.&#xD;
sandbox: football liveStatsApp != null: True &#xD;
sandbox: football liveStatsApp.IsProcessRunning: True &#xD;
sandbox: setupLocalData: localDatabaseProvider != null: True&#xD;
sandbox: applicationPages != null: True&#xD;
sandbox: applicationPages.Webdriver != null: True&#xD;
sandbox: finished setuping local data&#xD;
sandbox: PrepareForTestRun complete.&#xD;
Given Second period started from existing game&#xD;
-&gt; done: SetupGameSteps.GivenSecondPeriodStartedFromExistingGame() (6.6s)&#xD;
When I click Expand Action log button&#xD;
-&gt; done: ActionLogSteps.WhenIClickExpandActionLogButton() (0.3s)&#xD;
And I insert "Card" before "PhaseStart"&#xD;
-&gt; done: ExpandedActionLogSteps.WhenIInsertBefore(Card, PhaseStart) (0.3s)&#xD;
And I click team 1 in edit form&#xD;
-&gt; done: EditFormSteps.WhenIClickTeamInEditForm(1) (0.1s)&#xD;
And I click "Yellow" card in card edit page&#xD;
-&gt; done: CardEditSteps.WhenIClickCardInCardEditPage("Yellow") (0.1s)&#xD;
And I update card reason to "Dissent" in insert window&#xD;
-&gt; done: CardEditSteps.WhenIUpdateCardReasonToInInsertWindow("Dissent") (0.1s)&#xD;
And I select player with shirt number 4 in to receive the card in card edit page&#xD;
-&gt; done: CardEditSteps.WhenISelectPlayerInToReceiveTheCardInCardEditPage(4) (0.1s)&#xD;
And I click Save button in action edit form&#xD;
-&gt; done: EditFormSteps.ClickSaveButtonInActionEditForm() (0.6s)&#xD;
Then "Yellow Card" Action is displayed at 3 in expanded action log&#xD;
-&gt; done: ExpandedActionLogSteps.ThenGoalActionIsDisplayedAtInExpandedActionLog("Yellow Card", 3) (0.1s)&#xD;
And at 3 position action time is "45:00" in "H1" half&#xD;
-&gt; done: ExpandedActionLogSteps.ThenAtPositionActionTimeIsInHalf(3, "45:00", "H1") (0.1s)&#xD;
sandbox: CleanUpAfterTestRun started.&#xD;
sandbox: application pages != null: True&#xD;
sandbox: web driver!= null: True&#xD;
sandbox: CleanUpAfterTestRun complete.</StdOut>
      </Output>
    </UnitTestResult>
    <UnitTestResult executionId="4ec071ae-2645-4a1b-9a85-da006acf23bc" testId="bde20442-e8af-861b-49b2-22b138e6c73b" testName="GivenGameWithActions_WhenInsertBeforeOrAfterShot_ThenInsertedInExpandedLog(Before,2,25,2,1)" computerName="EC2AMAZ-JEOO151" duration="00:00:17.4510000" startTime="2019-07-11T20:52:19.0000000+00:00" endTime="2019-07-11T20:52:36.0000000+00:00" testType="13cdc9d9-ddb5-4fa4-a97d-d965ccfc6d4b" outcome="Passed" testListId="8c84fa94-04c1-424b-9868-57a2d4851a1d" relativeResultsDirectory="4ec071ae-2645-4a1b-9a85-da006acf23bc">
      <Output>
        <StdOut>sandbox: PrepareForTestRun started.&#xD;
sandbox: football liveStatsApp != null: True &#xD;
sandbox: football liveStatsApp.IsProcessRunning: True &#xD;
sandbox: setupLocalData: localDatabaseProvider != null: True&#xD;
sandbox: applicationPages != null: True&#xD;
sandbox: applicationPages.Webdriver != null: True&#xD;
sandbox: finished setuping local data&#xD;
sandbox: PrepareForTestRun complete.&#xD;
Given action failed. Retrying after a timeout.&#xD;
Given action failed. Retrying after a timeout.&#xD;
sandbox: CleanUpAfterTestRun started.&#xD;
sandbox: application pages != null: True&#xD;
sandbox: web driver!= null: True&#xD;
sandbox: CleanUpAfterTestRun complete.</StdOut>
      </Output>
    </UnitTestResult>
    <UnitTestResult executionId="2bb933b0-36d0-4b94-827a-ad38ae5b8993" testId="18ce1467-5142-4292-6268-391f33fa9452" testName="CardTypeAndReasonUpdate(&quot;Yellow&quot;,&quot;Red&quot;,&quot;Dissent&quot;,null)" computerName="EC2AMAZ-JEOO151" duration="00:00:10.3490000" startTime="2019-07-11T17:48:09.0000000+00:00" endTime="2019-07-11T17:48:19.0000000+00:00" testType="13cdc9d9-ddb5-4fa4-a97d-d965ccfc6d4b" outcome="Passed" testListId="8c84fa94-04c1-424b-9868-57a2d4851a1d" relativeResultsDirectory="2bb933b0-36d0-4b94-827a-ad38ae5b8993">
      <Output>
        <StdOut>sandbox: PrepareForTestRun started.&#xD;
sandbox: football liveStatsApp != null: True &#xD;
sandbox: football liveStatsApp.IsProcessRunning: True &#xD;
sandbox: setupLocalData: localDatabaseProvider != null: True&#xD;
sandbox: applicationPages != null: True&#xD;
sandbox: applicationPages.Webdriver != null: True&#xD;
sandbox: finished setuping local data&#xD;
sandbox: PrepareForTestRun complete.&#xD;
Given Match started with kick off from existing game&#xD;
-&gt; done: SetupGameSteps.GivenMatchStartedWithKickOffButtonFromExistingGame() (3.2s)&#xD;
And I remembered current players on pitch shirt numbers&#xD;
-&gt; done: GoalEditSteps.GivenIRememberCurrentPlayersOnPitch() (1.6s)&#xD;
Given "Yellow" Card for Team "1" player with shirt number "4" is registered&#xD;
-&gt; done: CardSteps.GivenCardForTeamPlayerWithShirtNumberIsRegistered(Yellow, 1, 4) (3.1s)&#xD;
When I click on 1 of type "Booking" event in action log&#xD;
-&gt; done: ActionLogSteps.GivenIClickOnLatestEventInActionLog(1, Booking) (0.2s)&#xD;
And I click "Red" card in card edit page&#xD;
-&gt; done: CardEditSteps.WhenIClickCardInCardEditPage("Red") (0.1s)&#xD;
And I click "select reason for card" button in card edit page&#xD;
-&gt; done: CardEditSteps.WhenIClickButtonInCardEditPage() (0.0s)&#xD;
And I click "Dissent" reason button&#xD;
-&gt; done: CardSteps.WhenIClickReasonButton("Dissent") (0.1s)&#xD;
And I click Save button in action edit form&#xD;
-&gt; done: EditFormSteps.ClickSaveButtonInActionEditForm() (0.6s)&#xD;
Then Pitch View is shown&#xD;
-&gt; done: PitchScreenSteps.PitchViewIsShown() (0.0s)&#xD;
And Red label is shown in Booking event action log&#xD;
-&gt; done: ActionLogSteps.ThenOffenceIsShownInPenaltyEventActionLog("Red", Booking) (0.1s)&#xD;
And "Red" label of "Booking" event in action log contains "Red" card icon&#xD;
-&gt; done: ActionLogSteps.ThenLabelOfEventInActionLogContainsCardIcon("Red", Booking, "Red") (0.1s)&#xD;
And Player on pitch by shirt number 4 of team 1 is shown in Red of "Booking" event in action log&#xD;
-&gt; done: ActionLogSteps.ThenPlayerOnPitchByShirtNumberOfTeamIsShownInGoalOfEventInActionLog(4, 1, "Red", Booking) (0.2s)&#xD;
sandbox: CleanUpAfterTestRun started.&#xD;
sandbox: application pages != null: True&#xD;
sandbox: web driver!= null: True&#xD;
sandbox: CleanUpAfterTestRun complete.</StdOut>
      </Output>
    </UnitTestResult>
    <UnitTestResult executionId="148ae089-4b6c-4a52-9289-9f28e670643d" testId="4952678e-922c-b3d1-4429-1108924fd692" testName="CanOpenExpandedActionLogDuringThrowInWorkflow" computerName="EC2AMAZ-JEOO151" duration="00:00:04.8840000" startTime="2019-07-11T18:50:29.0000000+00:00" endTime="2019-07-11T18:50:34.0000000+00:00" testType="13cdc9d9-ddb5-4fa4-a97d-d965ccfc6d4b" outcome="Passed" testListId="8c84fa94-04c1-424b-9868-57a2d4851a1d" relativeResultsDirectory="148ae089-4b6c-4a52-9289-9f28e670643d">
      <Output>
        <StdOut>sandbox: PrepareForTestRun started.&#xD;
sandbox: football liveStatsApp != null: True &#xD;
sandbox: football liveStatsApp.IsProcessRunning: True &#xD;
sandbox: setupLocalData: localDatabaseProvider != null: True&#xD;
sandbox: applicationPages != null: True&#xD;
sandbox: applicationPages.Webdriver != null: True&#xD;
sandbox: finished setuping local data&#xD;
sandbox: PrepareForTestRun complete.&#xD;
Given Match started with kick off from existing game&#xD;
-&gt; done: SetupGameSteps.GivenMatchStartedWithKickOffButtonFromExistingGame() (3.3s)&#xD;
Given "ThrowIn" record workflow is started for team "2"&#xD;
-&gt; done: TeamActionButtonSteps.GivenStartedRecordWorkflow(ThrowIn, 2) (0.5s)&#xD;
When I open Expanded Action log&#xD;
-&gt; done: ActionLogSteps.WhenIClickExpandActionLogButton() (0.1s)&#xD;
Then expanded action log is shown&#xD;
-&gt; done: ExpandedActionLogSteps.ThenExpandedActionLogIsShown() (0.0s)&#xD;
sandbox: CleanUpAfterTestRun started.&#xD;
sandbox: application pages != null: True&#xD;
sandbox: web driver!= null: True&#xD;
sandbox: CleanUpAfterTestRun complete.</StdOut>
      </Output>
    </UnitTestResult>
    <UnitTestResult executionId="f9f41380-519f-43cc-9772-7b84ff7ad82f" testId="51c3110d-61a5-9c03-a99c-2cb129581e3e" testName="GivenPlayersEjectedAndInsertedGoalWithEjectedPlayer_WhenOneOfEjectionDeleted_ThenFlagOneIsRemaining" computerName="EC2AMAZ-JEOO151" duration="00:00:21.8540000" startTime="2019-07-11T21:26:06.0000000+00:00" endTime="2019-07-11T21:26:28.0000000+00:00" testType="13cdc9d9-ddb5-4fa4-a97d-d965ccfc6d4b" outcome="Passed" testListId="8c84fa94-04c1-424b-9868-57a2d4851a1d" relativeResultsDirectory="f9f41380-519f-43cc-9772-7b84ff7ad82f">
      <Output>
        <StdOut>sandbox: PrepareForTestRun started.&#xD;
sandbox: football liveStatsApp != null: True &#xD;
sandbox: football liveStatsApp.IsProcessRunning: True &#xD;
sandbox: setupLocalData: localDatabaseProvider != null: True&#xD;
sandbox: applicationPages != null: True&#xD;
sandbox: applicationPages.Webdriver != null: True&#xD;
sandbox: finished setuping local data&#xD;
sandbox: PrepareForTestRun complete.&#xD;
sandbox: CleanUpAfterTestRun started.&#xD;
sandbox: application pages != null: True&#xD;
sandbox: web driver!= null: True&#xD;
sandbox: CleanUpAfterTestRun complete.</StdOut>
      </Output>
    </UnitTestResult>
    <UnitTestResult executionId="52799480-cb58-4abc-a6cb-37e700651acf" testId="17851011-afdc-52ce-3f25-a3f580d057e9" testName="GivenActionRegistered_WhenDeletingFromExpandedActionLog_ThenDeletedPitchLog(GoalKick)" computerName="EC2AMAZ-JEOO151" duration="00:00:09.9810000" startTime="2019-07-11T20:18:14.0000000+00:00" endTime="2019-07-11T20:18:24.0000000+00:00" testType="13cdc9d9-ddb5-4fa4-a97d-d965ccfc6d4b" outcome="Passed" testListId="8c84fa94-04c1-424b-9868-57a2d4851a1d" relativeResultsDirectory="52799480-cb58-4abc-a6cb-37e700651acf">
      <Output>
        <StdOut>sandbox: PrepareForTestRun started.&#xD;
sandbox: football liveStatsApp != null: True &#xD;
sandbox: football liveStatsApp.IsProcessRunning: True &#xD;
sandbox: setupLocalData: localDatabaseProvider != null: True&#xD;
sandbox: applicationPages != null: True&#xD;
sandbox: applicationPages.Webdriver != null: True&#xD;
sandbox: finished setuping local data&#xD;
sandbox: PrepareForTestRun complete.&#xD;
sandbox: CleanUpAfterTestRun started.&#xD;
sandbox: application pages != null: True&#xD;
sandbox: web driver!= null: True&#xD;
sandbox: CleanUpAfterTestRun complete.</StdOut>
      </Output>
    </UnitTestResult>
    <UnitTestResult executionId="76a6d4e7-8e28-4c50-8b28-249ca8bcb5a9" testId="d33f4a04-5811-9706-114a-efa812b88724" testName="ClearShotInGoalInsert(&quot;adjust&quot;,null)" computerName="EC2AMAZ-JEOO151" duration="00:00:19.2490000" startTime="2019-07-11T18:21:48.0000000+00:00" endTime="2019-07-11T18:22:07.0000000+00:00" testType="13cdc9d9-ddb5-4fa4-a97d-d965ccfc6d4b" outcome="Passed" testListId="8c84fa94-04c1-424b-9868-57a2d4851a1d" relativeResultsDirectory="76a6d4e7-8e28-4c50-8b28-249ca8bcb5a9">
      <Output>
        <StdOut>sandbox: PrepareForTestRun started.&#xD;
sandbox: football liveStatsApp != null: True &#xD;
sandbox: football liveStatsApp.IsProcessRunning: True &#xD;
sandbox: setupLocalData: localDatabaseProvider != null: True&#xD;
sandbox: applicationPages != null: True&#xD;
sandbox: applicationPages.Webdriver != null: True&#xD;
sandbox: finished setuping local data&#xD;
sandbox: PrepareForTestRun complete.&#xD;
Given Match started with kick off from existing game&#xD;
-&gt; done: SetupGameSteps.GivenMatchStartedWithKickOffButtonFromExistingGame() (3.2s)&#xD;
And "Top right" corner added for Team 1&#xD;
Given action failed. Retrying after a timeout.&#xD;
-&gt; done: CornerSteps.GivenCornerAddedForTeam("Top right", 1) (3.5s)&#xD;
And "Yellow" Card for Team 1 is registered&#xD;
Given action failed. Retrying after a timeout.&#xD;
-&gt; done: CardSteps.GivenCardForTeamIsRegistered(Yellow, 1) (3.4s)&#xD;
And I clicked on latest "Corner" event in action log&#xD;
-&gt; done: ActionLogSteps.GivenIClickOnLatestEventInActionLog(Corner) (0.2s)&#xD;
And I entered new conceded event time of "0030"&#xD;
-&gt; done: EditFormSteps.GivenIEnterNewConcededEventTimeOf("0030") (1.0s)&#xD;
And I clicked Save button in action edit form&#xD;
-&gt; done: EditFormSteps.ClickSaveButtonInActionEditForm() (0.7s)&#xD;
And I remembered current players on pitch shirt numbers&#xD;
-&gt; done: GoalEditSteps.GivenIRememberCurrentPlayersOnPitch() (1.5s)&#xD;
When I click Expand Action log button&#xD;
-&gt; done: ActionLogSteps.WhenIClickExpandActionLogButton() (0.2s)&#xD;
And I click last action in expanded action log&#xD;
-&gt; done: ExpandedActionLogSteps.WhenIClickLastActionInExpandedActionLog() (0.1s)&#xD;
And I click insert after button in expanded action log&#xD;
-&gt; done: ExpandedActionLogSteps.WhenIClickInsertAfterButtonInExpandedActionLog() (0.1s)&#xD;
And I click insert Goal button in insert after dropdown&#xD;
-&gt; done: ExpandedActionLogSteps.WhenIClickInsertGoalButtonInInsertAfterDropdown() (0.1s)&#xD;
And I click "adjust" shot location button in insert window&#xD;
-&gt; done: GoalEditSteps.GivenIClickAdjustShotLocationButton() (0.1s)&#xD;
And I click "top right" corner on Net&#xD;
-&gt; done: ExpandedShotLocationDialogSteps.GivenIClickCornerOnNet("top right") (0.1s)&#xD;
And I click "clear location" button on expanded shot position view&#xD;
-&gt; done: ExpandedShotLocationDialogSteps.GivenIClickButtonOnExpandedShotPositionView("clear location") (0.0s)&#xD;
Then Shot pitch Position marker is not visible&#xD;
Failed to find element with query '[data-qa='pitchLocationPopup']'. Web driver timeout exception.&#xD;
Failed to find element with query '[data-qa='currentPitchLocation']'. Web driver timeout exception.&#xD;
-&gt; done: ExpandedPitchPositionDialogSteps.ThenShotPitchPositionMarkerIsNotVisible() (4.1s)&#xD;
sandbox: CleanUpAfterTestRun started.&#xD;
sandbox: application pages != null: True&#xD;
sandbox: web driver!= null: True&#xD;
sandbox: CleanUpAfterTestRun complete.</StdOut>
      </Output>
    </UnitTestResult>
    <UnitTestResult executionId="c38530ec-09d9-48e6-9db4-58aff3a7c96d" testId="e8e95448-281b-aec0-b668-da2e28f01232" testName="GivenShotStarted_WhenSelectingShotBlocked_ThenShotFinished" computerName="EC2AMAZ-JEOO151" duration="00:00:14.5500000" startTime="2019-07-11T21:12:04.0000000+00:00" endTime="2019-07-11T21:12:19.0000000+00:00" testType="13cdc9d9-ddb5-4fa4-a97d-d965ccfc6d4b" outcome="Passed" testListId="8c84fa94-04c1-424b-9868-57a2d4851a1d" relativeResultsDirectory="c38530ec-09d9-48e6-9db4-58aff3a7c96d">
      <Output>
        <StdOut>sandbox: PrepareForTestRun started.&#xD;
sandbox: football liveStatsApp != null: True &#xD;
sandbox: football liveStatsApp.IsProcessRunning: True &#xD;
sandbox: setupLocalData: localDatabaseProvider != null: True&#xD;
sandbox: applicationPages != null: True&#xD;
sandbox: applicationPages.Webdriver != null: True&#xD;
sandbox: finished setuping local data&#xD;
sandbox: PrepareForTestRun complete.&#xD;
Given action failed. Retrying after a timeout.&#xD;
Failed to find data-qa element with tag 'dangerZoneText'. No such element exception.&#xD;
Failed to find data-qa element with tag 'dangerZoneText'. No such element exception.&#xD;
Failed to find data-qa element with tag 'dangerZoneText'. No such element exception.&#xD;
Failed to find data-qa element with tag 'dangerZoneText'. No such element exception.&#xD;
sandbox: CleanUpAfterTestRun started.&#xD;
sandbox: application pages != null: True&#xD;
sandbox: web driver!= null: True&#xD;
sandbox: CleanUpAfterTestRun complete.</StdOut>
      </Output>
    </UnitTestResult>
    <UnitTestResult executionId="aa2ede2c-0200-4c5e-82ff-6c3749cda432" testId="0c388706-424e-2389-7ecb-8ffd910f2d2c" testName="StartGoalFromFreeKickWorkflow(&quot;foul by&quot;,&quot;2&quot;,&quot;1&quot;,&quot;0&quot;,null)" computerName="EC2AMAZ-JEOO151" duration="00:00:06.1320000" startTime="2019-07-11T18:59:51.0000000+00:00" endTime="2019-07-11T18:59:57.0000000+00:00" testType="13cdc9d9-ddb5-4fa4-a97d-d965ccfc6d4b" outcome="Passed" testListId="8c84fa94-04c1-424b-9868-57a2d4851a1d" relativeResultsDirectory="aa2ede2c-0200-4c5e-82ff-6c3749cda432">
      <Output>
        <StdOut>sandbox: PrepareForTestRun started.&#xD;
sandbox: football liveStatsApp != null: True &#xD;
sandbox: football liveStatsApp.IsProcessRunning: True &#xD;
sandbox: setupLocalData: localDatabaseProvider != null: True&#xD;
sandbox: applicationPages != null: True&#xD;
sandbox: applicationPages.Webdriver != null: True&#xD;
sandbox: finished setuping local data&#xD;
sandbox: PrepareForTestRun complete.&#xD;
Given Match started with kick off from existing game&#xD;
-&gt; done: SetupGameSteps.GivenMatchStartedWithKickOffButtonFromExistingGame() (3.2s)&#xD;
Given Free kick for team "2" workflow entered till foul by selection&#xD;
Given action failed. Retrying after a timeout.&#xD;
-&gt; done: FreeKickSteps.GivenFreeKickForTeamAndWorkflowEnteredTillFoulBySelection(2) (1.3s)&#xD;
When I click goal for team 2 button&#xD;
Given action failed. Retrying after a timeout.&#xD;
-&gt; done: TeamActionButtonSteps.GivenIClickGoalForTeamButton(2) (0.5s)&#xD;
Then Latest freekick event is in progress&#xD;
-&gt; done: ActionLogSteps.ThenFreekickEventIsNotCompleted() (0.0s)&#xD;
And Latest free kick event is not active&#xD;
-&gt; done: ActionLogSteps.ThenFreeKickEventIsNotActive() (0.0s)&#xD;
And "Goal" confirmation dialog is visible&#xD;
-&gt; done: GoalSteps.ThenConfirmationDialogIsVisible() (0.0s)&#xD;
And team 1 players are disabled&#xD;
-&gt; done: PitchPlayersComponentSteps.ThenTeamPlayersAreDisabled(1) (0.1s)&#xD;
And team 2 players are disabled&#xD;
-&gt; done: PitchPlayersComponentSteps.ThenTeamPlayersAreDisabled(2) (0.1s)&#xD;
sandbox: CleanUpAfterTestRun started.&#xD;
sandbox: application pages != null: True&#xD;
sandbox: web driver!= null: True&#xD;
sandbox: CleanUpAfterTestRun complete.</StdOut>
      </Output>
    </UnitTestResult>
    <UnitTestResult executionId="33eb496c-928d-4872-a87b-ddff928081aa" testId="3bf0cbba-65bc-6b58-af24-9fe597245c8b" testName="GivenGameInProgress_WhenRegisteringCardForCouch_ThenCardIsRegisteredForCoach(Yellow,1,Yellow,&quot;Yellow&quot;)" computerName="EC2AMAZ-JEOO151" duration="00:00:11.3170000" startTime="2019-07-11T20:58:26.0000000+00:00" endTime="2019-07-11T20:58:37.0000000+00:00" testType="13cdc9d9-ddb5-4fa4-a97d-d965ccfc6d4b" outcome="Passed" testListId="8c84fa94-04c1-424b-9868-57a2d4851a1d" relativeResultsDirectory="33eb496c-928d-4872-a87b-ddff928081aa">
      <Output>
        <StdOut>sandbox: PrepareForTestRun started.&#xD;
sandbox: football liveStatsApp != null: True &#xD;
sandbox: football liveStatsApp.IsProcessRunning: True &#xD;
sandbox: setupLocalData: localDatabaseProvider != null: True&#xD;
sandbox: applicationPages != null: True&#xD;
sandbox: applicationPages.Webdriver != null: True&#xD;
sandbox: finished setuping local data&#xD;
sandbox: PrepareForTestRun complete.&#xD;
Given action failed. Retrying after a timeout.&#xD;
sandbox: CleanUpAfterTestRun started.&#xD;
sandbox: application pages != null: True&#xD;
sandbox: web driver!= null: True&#xD;
sandbox: CleanUpAfterTestRun complete.</StdOut>
      </Output>
    </UnitTestResult>
    <UnitTestResult executionId="3af1ff84-75fd-401a-a005-1722dbdaf2fc" testId="9b183153-37a7-d760-01f1-3d6f537a24b6" testName="InjuryTeamCanBeChanged" computerName="EC2AMAZ-JEOO151" duration="00:00:10.4660000" startTime="2019-07-11T18:08:55.0000000+00:00" endTime="2019-07-11T18:09:06.0000000+00:00" testType="13cdc9d9-ddb5-4fa4-a97d-d965ccfc6d4b" outcome="Passed" testListId="8c84fa94-04c1-424b-9868-57a2d4851a1d" relativeResultsDirectory="3af1ff84-75fd-401a-a005-1722dbdaf2fc">
      <Output>
        <StdOut>sandbox: PrepareForTestRun started.&#xD;
sandbox: football liveStatsApp != null: True &#xD;
sandbox: football liveStatsApp.IsProcessRunning: True &#xD;
sandbox: setupLocalData: localDatabaseProvider != null: True&#xD;
sandbox: applicationPages != null: True&#xD;
sandbox: applicationPages.Webdriver != null: True&#xD;
sandbox: finished setuping local data&#xD;
sandbox: PrepareForTestRun complete.&#xD;
Given Match started with kick off from existing game&#xD;
-&gt; done: SetupGameSteps.GivenMatchStartedWithKickOffButtonFromExistingGame() (3.4s)&#xD;
And Injury for Team 1 player with shirt id 4 is registered&#xD;
-&gt; done: PlayerInjuryEditSteps.GivenInjuryForTeamIsRegistered(1, 4) (0.8s)&#xD;
And I clicked on latest "Injury" event in action log&#xD;
-&gt; done: ActionLogSteps.GivenIClickOnLatestEventInActionLog(Injury) (0.2s)&#xD;
When I update injury with team 2&#xD;
-&gt; done: PlayerInjuryEditSteps.WhenIUpdateInjuryWithTeamInjury(2) (0.1s)&#xD;
And I click injury on-pitch&#xD;
-&gt; done: PlayerInjuryEditSteps.WhenIClickInjuryOnPitch() (0.1s)&#xD;
And I click Save button in action edit form&#xD;
-&gt; done: EditFormSteps.ClickSaveButtonInActionEditForm() (0.6s)&#xD;
Then Pitch View is shown&#xD;
-&gt; done: PitchScreenSteps.PitchViewIsShown() (0.0s)&#xD;
And Player with shirt number 4 from team 2 is not marked as injured&#xD;
Failed to find data-qa element with tag 'playerInjured'. No such element exception.&#xD;
-&gt; done: PlayerInjuryEditSteps.ThenPlayerFromTeamIsNotMarkedInColorRed(4, 2) (2.2s)&#xD;
And Player with shirt number 4 from team 1 is not marked as injured&#xD;
Failed to find data-qa element with tag 'playerInjured'. No such element exception.&#xD;
-&gt; done: PlayerInjuryEditSteps.ThenPlayerFromTeamIsNotMarkedInColorRed(4, 1) (2.1s)&#xD;
And INJURY label of "Injury" event in action log is in team 2 color&#xD;
-&gt; done: ActionLogSteps.ThenSubItemOfEventInActionLogIsInTeamColor("INJURY", Injury, 2) (0.1s)&#xD;
sandbox: CleanUpAfterTestRun started.&#xD;
sandbox: application pages != null: True&#xD;
sandbox: web driver!= null: True&#xD;
sandbox: CleanUpAfterTestRun complete.</StdOut>
      </Output>
    </UnitTestResult>
    <UnitTestResult executionId="d8e6a31d-3942-41f2-8974-fa8d19ebfa06" testId="a2f02ea4-6022-2267-f09e-cdc3432773ef" testName="PenaltyShot_OffMiss(&quot;1&quot;,&quot;2&quot;,&quot;90&quot;,&quot;50&quot;,&quot;5&quot;,&quot;16&quot;,null)" computerName="EC2AMAZ-JEOO151" duration="00:00:19.9490000" startTime="2019-07-11T19:07:54.0000000+00:00" endTime="2019-07-11T19:08:14.0000000+00:00" testType="13cdc9d9-ddb5-4fa4-a97d-d965ccfc6d4b" outcome="Passed" testListId="8c84fa94-04c1-424b-9868-57a2d4851a1d" relativeResultsDirectory="d8e6a31d-3942-41f2-8974-fa8d19ebfa06">
      <Output>
        <StdOut>sandbox: PrepareForTestRun started.&#xD;
sandbox: football liveStatsApp != null: True &#xD;
sandbox: football liveStatsApp.IsProcessRunning: True &#xD;
sandbox: setupLocalData: localDatabaseProvider != null: True&#xD;
sandbox: applicationPages != null: True&#xD;
sandbox: applicationPages.Webdriver != null: True&#xD;
sandbox: finished setuping local data&#xD;
sandbox: PrepareForTestRun complete.&#xD;
Given Match started with kick off from existing game&#xD;
-&gt; done: SetupGameSteps.GivenMatchStartedWithKickOffButtonFromExistingGame() (3.3s)&#xD;
When I click "Possible Penalty" button for team 1&#xD;
-&gt; done: TeamActionButtonSteps.GivenIClickPossiblePenaltyButtonForTeam(1) (0.5s)&#xD;
And I confirm penalty by clicking "Confirm" button&#xD;
-&gt; done: PenaltySteps.WhenIConfirmPenaltyByClickingButton() (2.3s)&#xD;
And I click on pitch x 90 and y 50&#xD;
Failed to find element with query '[data-qa='activePitchOverlay']'. Web driver timeout exception.&#xD;
Given action failed. Retrying after a timeout.&#xD;
Failed to find element with query '[data-qa='activePitchOverlay']'. Web driver timeout exception.&#xD;
-&gt; done: PitchScreenSteps.WhenIClickOnPitch(90, 50) (4.5s)&#xD;
And I click "Foul" reason button&#xD;
-&gt; done: CardSteps.WhenIClickReasonButton("Foul") (0.2s)&#xD;
And I click on team 2 player on pitch with shirt number 5&#xD;
-&gt; done: PitchPlayersComponentSteps.WhenIClickOnTeamPlayerOnPitchWithShirtNumber(2, 5) (0.3s)&#xD;
And I click on team 1 player on pitch with shirt number 16&#xD;
-&gt; done: PitchPlayersComponentSteps.WhenIClickOnTeamPlayerOnPitchWithShirtNumber(1, 16) (0.4s)&#xD;
And I click "Penalty Shot Off Target" Button&#xD;
-&gt; done: PenaltySteps.WhenIClickPenaltyShotOffTargetButton() (0.2s)&#xD;
Then Inner Goalmouth area cannot be selected&#xD;
Failed to find element with query '[data-qa='netSectionCurrentLocation']'. Web driver timeout exception.&#xD;
Failed to find element with query '[data-qa='netSectionCurrentLocation']'. Web driver timeout exception.&#xD;
-&gt; done: ShotRegistrationSteps.ThenInnerGoalmouthAreaCannotBeSelected() (4.2s)&#xD;
And Outer Goalmouth area divided into 8 sections&#xD;
-&gt; done: ShotRegistrationSteps.ThenNetPreviewHasAreas(8) (0.0s)&#xD;
And Score is 0 for team 1&#xD;
-&gt; done: ScoreBoardSteps.ThenScoreIsForTeam(0, 1) (0.1s)&#xD;
And Score is 0 for team 2&#xD;
-&gt; done: ScoreBoardSteps.ThenScoreIsForTeam(0, 2) (0.1s)&#xD;
And "Back" button is shown&#xD;
-&gt; done: WorkflowSteps.ThenBackButtonIsVisible() (0.0s)&#xD;
And "Cancel &amp; Delete" button is shown&#xD;
-&gt; done: WorkflowSteps.ThenCancelAndDeleteButtonIsShown() (0.0s)&#xD;
And Player on pitch with shirt number 16 of team 1 do not have goal icon&#xD;
Failed to find data-qa element with tag 'playerGoals'. No such element exception.&#xD;
-&gt; done: PitchPlayersComponentSteps.ThenPlayerOnPitchWithShirtNumberOfTeamDoNotHaveGoalIcon(16, 1) (2.2s)&#xD;
And Player on pitch 9 of team 1 is shown in Penalty of "Penalty" event in action log&#xD;
-&gt; done: ActionLogSteps.ThenPlayerOnPitchOfTeamIsShownInGoalOfEventInActionLog(9, 1, "Penalty", Penalty) (0.2s)&#xD;
And All action buttons except card and goal buttons are disabled for both teams&#xD;
-&gt; done: TeamActionButtonSteps.ThenAllActionButtonsExceptCardAndGoalButtonsAreDisabledForBothTeams() (0.6s)&#xD;
And penalty action button is selected for team "1"&#xD;
-&gt; done: TeamActionButtonSteps.ThenPenaltyActionButtonIsSelected(1) (0.0s)&#xD;
sandbox: CleanUpAfterTestRun started.&#xD;
sandbox: application pages != null: True&#xD;
sandbox: web driver!= null: True&#xD;
sandbox: CleanUpAfterTestRun complete.</StdOut>
      </Output>
    </UnitTestResult>
    <UnitTestResult executionId="026d4393-1739-4ca0-beed-6fa5d2cc3009" testId="78d47071-7999-80f1-fba9-50a95ad170aa" testName="FlagAndContinueAllCardSteps(&quot;Yellow&quot;,&quot;Yellow&quot;,&quot;1&quot;,null)" computerName="EC2AMAZ-JEOO151" duration="00:00:07.8670000" startTime="2019-07-11T19:45:33.0000000+00:00" endTime="2019-07-11T19:45:41.0000000+00:00" testType="13cdc9d9-ddb5-4fa4-a97d-d965ccfc6d4b" outcome="Passed" testListId="8c84fa94-04c1-424b-9868-57a2d4851a1d" relativeResultsDirectory="026d4393-1739-4ca0-beed-6fa5d2cc3009">
      <Output>
        <StdOut>sandbox: PrepareForTestRun started.&#xD;
sandbox: football liveStatsApp != null: True &#xD;
sandbox: football liveStatsApp.IsProcessRunning: True &#xD;
sandbox: setupLocalData: localDatabaseProvider != null: True&#xD;
sandbox: applicationPages != null: True&#xD;
sandbox: applicationPages.Webdriver != null: True&#xD;
sandbox: finished setuping local data&#xD;
sandbox: PrepareForTestRun complete.&#xD;
Given Match started with kick off from existing game&#xD;
-&gt; done: SetupGameSteps.GivenMatchStartedWithKickOffButtonFromExistingGame() (3.2s)&#xD;
When I click on team 1 possible "Yellow"&#xD;
-&gt; done: TeamActionButtonSteps.StartPossibleCardRegistration(1, Yellow) (0.7s)&#xD;
And I click "Yellow" card button&#xD;
-&gt; done: TeamActionButtonSteps.WhenIClickCardButton("Yellow") (0.1s)&#xD;
And I confirm booking by clicking "Confirm" button&#xD;
-&gt; done: CardSteps.WhenIConfirmActionByClickingButton() (2.3s)&#xD;
And I flag and continue&#xD;
-&gt; done: WorkflowSteps.WhenIFlagAndContinue() (0.1s)&#xD;
And I flag and continue&#xD;
-&gt; done: WorkflowSteps.WhenIFlagAndContinue() (0.2s)&#xD;
And I click on latest "Booking" event in action log&#xD;
-&gt; done: ActionLogSteps.GivenIClickOnLatestEventInActionLog(Booking) (0.2s)&#xD;
And I click review flags button in game action edit window&#xD;
-&gt; done: EditFormSteps.WhenIClickReviewFlagsButtonInGameActionEditWindow() (0.1s)&#xD;
Then 1 event in action log of type "Booking" is flagged&#xD;
-&gt; done: ActionLogSteps.ThenEventInActionLogOfTypeIsFlagged(1, Booking) (0.0s)&#xD;
And "This item was flagged by the User." is visible in review action flags dialog&#xD;
-&gt; done: EditWindowFlagsDropDownSteps.ThenIsVisibleInReviewActionFlagsDialog("This item was fla...") (0.0s)&#xD;
sandbox: CleanUpAfterTestRun started.&#xD;
sandbox: application pages != null: True&#xD;
sandbox: web driver!= null: True&#xD;
sandbox: CleanUpAfterTestRun complete.</StdOut>
      </Output>
    </UnitTestResult>
    <UnitTestResult executionId="afd3deb8-2a3d-47fc-8be7-5c9c1edc3b80" testId="465f1316-d524-e5ee-fb6d-de2f5bca3b7c" testName="GivenGameInProgress_WhenUpdatingFormations_ThenFormationsAreUpdated(&quot;3-5-1-1&quot;)" computerName="EC2AMAZ-JEOO151" duration="00:00:07.1830000" startTime="2019-07-11T20:05:35.0000000+00:00" endTime="2019-07-11T20:05:42.0000000+00:00" testType="13cdc9d9-ddb5-4fa4-a97d-d965ccfc6d4b" outcome="Passed" testListId="8c84fa94-04c1-424b-9868-57a2d4851a1d" relativeResultsDirectory="afd3deb8-2a3d-47fc-8be7-5c9c1edc3b80">
      <Output>
        <StdOut>sandbox: PrepareForTestRun started.&#xD;
sandbox: football liveStatsApp != null: True &#xD;
sandbox: football liveStatsApp.IsProcessRunning: True &#xD;
sandbox: setupLocalData: localDatabaseProvider != null: True&#xD;
sandbox: applicationPages != null: True&#xD;
sandbox: applicationPages.Webdriver != null: True&#xD;
sandbox: finished setuping local data&#xD;
sandbox: PrepareForTestRun complete.&#xD;
sandbox: CleanUpAfterTestRun started.&#xD;
sandbox: application pages != null: True&#xD;
sandbox: web driver!= null: True&#xD;
sandbox: CleanUpAfterTestRun complete.</StdOut>
      </Output>
    </UnitTestResult>
    <UnitTestResult executionId="30aa74e6-4c40-4d30-a061-deface3dd449" testId="2ab41897-9335-9086-565f-7e5bd711f3f8" testName="CancelSubstitutionInsert" computerName="EC2AMAZ-JEOO151" duration="00:00:16.2670000" startTime="2019-07-11T18:47:30.0000000+00:00" endTime="2019-07-11T18:47:46.0000000+00:00" testType="13cdc9d9-ddb5-4fa4-a97d-d965ccfc6d4b" outcome="Passed" testListId="8c84fa94-04c1-424b-9868-57a2d4851a1d" relativeResultsDirectory="30aa74e6-4c40-4d30-a061-deface3dd449">
      <Output>
        <StdOut>sandbox: PrepareForTestRun started.&#xD;
sandbox: football liveStatsApp != null: True &#xD;
sandbox: football liveStatsApp.IsProcessRunning: True &#xD;
sandbox: setupLocalData: localDatabaseProvider != null: True&#xD;
sandbox: applicationPages != null: True&#xD;
sandbox: applicationPages.Webdriver != null: True&#xD;
sandbox: finished setuping local data&#xD;
sandbox: PrepareForTestRun complete.&#xD;
Given Match started with kick off from existing game&#xD;
-&gt; done: SetupGameSteps.GivenMatchStartedWithKickOffButtonFromExistingGame() (3.4s)&#xD;
And "Yellow" Card for Team 1 is registered&#xD;
-&gt; done: CardSteps.GivenCardForTeamIsRegistered(Yellow, 1) (3.4s)&#xD;
And "Top right" corner added for Team 1&#xD;
Given action failed. Retrying after a timeout.&#xD;
-&gt; done: CornerSteps.GivenCornerAddedForTeam("Top right", 1) (3.0s)&#xD;
And I clicked on latest "Corner" event in action log&#xD;
-&gt; done: ActionLogSteps.GivenIClickOnLatestEventInActionLog(Corner) (0.2s)&#xD;
And I entered new conceded event time of "0030"&#xD;
-&gt; done: EditFormSteps.GivenIEnterNewConcededEventTimeOf("0030") (1.0s)&#xD;
And I clicked Save button in action edit form&#xD;
-&gt; done: EditFormSteps.ClickSaveButtonInActionEditForm() (0.6s)&#xD;
And I remembered current players on pitch shirt numbers&#xD;
-&gt; done: GoalEditSteps.GivenIRememberCurrentPlayersOnPitch() (1.1s)&#xD;
When I click Expand Action log button&#xD;
-&gt; done: ActionLogSteps.WhenIClickExpandActionLogButton() (0.2s)&#xD;
And I insert "Substitute" after "Corner"&#xD;
-&gt; done: ExpandedActionLogSteps.WhenIInsertActionAfterContainer(Substitute, Corner) (0.3s)&#xD;
And I Click "cancel" Button in insert window&#xD;
-&gt; done: EditFormSteps.GivenIClickCancelButton() (0.1s)&#xD;
Then Substitution insert view is not visible&#xD;
Failed to find element with query '[data-qa='subsEditWrapper']'. Web driver timeout exception.&#xD;
-&gt; done: SubstitutionEditSteps.ThenSubstitutionEditViewIsNotVisible() (2.0s)&#xD;
And "Corner" Action is displayed at 1 in expanded action log&#xD;
-&gt; done: ExpandedActionLogSteps.ThenGoalActionIsDisplayedAtInExpandedActionLog("Corner", 1) (0.1s)&#xD;
sandbox: CleanUpAfterTestRun started.&#xD;
sandbox: application pages != null: True&#xD;
sandbox: web driver!= null: True&#xD;
sandbox: CleanUpAfterTestRun complete.</StdOut>
      </Output>
    </UnitTestResult>
    <UnitTestResult executionId="2ccfd8da-156e-40c2-a7ec-db0c665497eb" testId="0823b7c6-3d2d-2e31-1cb3-cb34e5afd251" testName="CannotProceedWithoutBlankMandatoryFields(&quot;1&quot;,&quot;name&quot;,&quot;Team's name is required&quot;,null)" computerName="EC2AMAZ-JEOO151" duration="00:00:04.3740000" startTime="2019-07-11T17:39:03.0000000+00:00" endTime="2019-07-11T17:39:07.0000000+00:00" testType="13cdc9d9-ddb5-4fa4-a97d-d965ccfc6d4b" outcome="Passed" testListId="8c84fa94-04c1-424b-9868-57a2d4851a1d" relativeResultsDirectory="2ccfd8da-156e-40c2-a7ec-db0c665497eb">
      <Output>
        <StdOut>sandbox: PrepareForTestRun started.&#xD;
sandbox: football liveStatsApp != null: True &#xD;
sandbox: football liveStatsApp.IsProcessRunning: True &#xD;
sandbox: setupLocalData: localDatabaseProvider != null: True&#xD;
sandbox: applicationPages != null: True&#xD;
sandbox: applicationPages.Webdriver != null: True&#xD;
sandbox: finished setuping local data&#xD;
sandbox: PrepareForTestRun complete.&#xD;
Given Teams tab is opened&#xD;
-&gt; done: TeamDetailsTabSteps.WhenTeamsTabIsOpened() (1.4s)&#xD;
And all information for both teams are available&#xD;
-&gt; done: TeamDetailsTabSteps.GivenAllInformationForBothTeamsAreAvailable() (1.3s)&#xD;
When 1 - name is cleared&#xD;
-&gt; done: TeamDetailsTabSteps.WhenIsCleared(1, "name") (0.1s)&#xD;
And Save &amp; Next button is clicked&#xD;
-&gt; done: GameSetupSteps.WhenSaveNextButtonIsClicked() (0.1s)&#xD;
Then Team's name is required message is displayed, that 1 name could not be blank&#xD;
-&gt; done: GameSetupSteps.ThenWarningMessageIsDisplayedThatCouldNotBeBlank("Team's name is re...", "1", "name") (0.0s)&#xD;
sandbox: CleanUpAfterTestRun started.&#xD;
sandbox: application pages != null: True&#xD;
sandbox: web driver!= null: True&#xD;
Given action failed. Retrying after a timeout. Most likely UI was not fast enough to refresh itself.&#xD;
sandbox: CleanUpAfterTestRun complete.</StdOut>
      </Output>
    </UnitTestResult>
    <UnitTestResult executionId="fcf14106-cb90-436e-bd15-5af62cd67869" testId="b51257bb-fe5b-ad83-89d5-fb56b614e7c2" testName="GivenGameInProgress_WhenRegisteringShotOnMiss_ThenUpdatesGameState(2,10,50,13,8)" computerName="EC2AMAZ-JEOO151" duration="00:00:16.0300000" startTime="2019-07-11T21:08:32.0000000+00:00" endTime="2019-07-11T21:08:48.0000000+00:00" testType="13cdc9d9-ddb5-4fa4-a97d-d965ccfc6d4b" outcome="Passed" testListId="8c84fa94-04c1-424b-9868-57a2d4851a1d" relativeResultsDirectory="fcf14106-cb90-436e-bd15-5af62cd67869">
      <Output>
        <StdOut>sandbox: PrepareForTestRun started.&#xD;
sandbox: football liveStatsApp != null: True &#xD;
sandbox: football liveStatsApp.IsProcessRunning: True &#xD;
sandbox: setupLocalData: localDatabaseProvider != null: True&#xD;
sandbox: applicationPages != null: True&#xD;
sandbox: applicationPages.Webdriver != null: True&#xD;
sandbox: finished setuping local data&#xD;
sandbox: PrepareForTestRun complete.&#xD;
Given action failed. Retrying after a timeout.&#xD;
Failed to find element with query '[data-qa='activePitchOverlay']'. Web driver timeout exception.&#xD;
Given action failed. Retrying after a timeout.&#xD;
Failed to find element with query '[data-qa='activePitchOverlay']'. Web driver timeout exception.&#xD;
Failed to find data-qa element with tag 'playerGoals'. No such element exception.&#xD;
sandbox: CleanUpAfterTestRun started.&#xD;
sandbox: application pages != null: True&#xD;
sandbox: web driver!= null: True&#xD;
sandbox: CleanUpAfterTestRun complete.</StdOut>
      </Output>
    </UnitTestResult>
    <UnitTestResult executionId="ebefa864-c903-4c4d-9a79-27c377316b12" testId="00f6296b-fb59-bf77-b1a5-ce2e96ef5721" testName="GivenDelayPopup_WhenConfirmingDelay_ThenDelayRegistered(PreviousGame,855,15)" computerName="EC2AMAZ-JEOO151" duration="00:00:16.1330000" startTime="2019-07-11T21:26:58.0000000+00:00" endTime="2019-07-11T21:27:14.0000000+00:00" testType="13cdc9d9-ddb5-4fa4-a97d-d965ccfc6d4b" outcome="Passed" testListId="8c84fa94-04c1-424b-9868-57a2d4851a1d" relativeResultsDirectory="ebefa864-c903-4c4d-9a79-27c377316b12">
      <Output>
        <StdOut>sandbox: PrepareForTestRun started.&#xD;
sandbox: football liveStatsApp != null: True &#xD;
sandbox: football liveStatsApp.IsProcessRunning: True &#xD;
sandbox: setupLocalData: localDatabaseProvider != null: True&#xD;
sandbox: applicationPages != null: True&#xD;
sandbox: applicationPages.Webdriver != null: True&#xD;
sandbox: finished setuping local data&#xD;
sandbox: PrepareForTestRun complete.&#xD;
Failed to find element with query '[data-qa='delayLengthPrompt']'. Web driver timeout exception.&#xD;
sandbox: CleanUpAfterTestRun started.&#xD;
sandbox: application pages != null: True&#xD;
sandbox: web driver!= null: True&#xD;
sandbox: CleanUpAfterTestRun complete.</StdOut>
      </Output>
    </UnitTestResult>
    <UnitTestResult executionId="39795836-7ec6-4de4-ad02-f330d2c5de90" testId="62319f3e-ca66-e14f-0bd2-6e09382141d9" testName="FootballSelectVarReasonAndOutcome(&quot;Overturned&quot;,&quot;Foul&quot;,null)" computerName="EC2AMAZ-JEOO151" duration="00:00:10.4340000" startTime="2019-07-11T18:03:49.0000000+00:00" endTime="2019-07-11T18:03:59.0000000+00:00" testType="13cdc9d9-ddb5-4fa4-a97d-d965ccfc6d4b" outcome="Passed" testListId="8c84fa94-04c1-424b-9868-57a2d4851a1d" relativeResultsDirectory="39795836-7ec6-4de4-ad02-f330d2c5de90">
      <Output>
        <StdOut>sandbox: PrepareForTestRun started.&#xD;
sandbox: football liveStatsApp != null: True &#xD;
sandbox: football liveStatsApp.IsProcessRunning: True &#xD;
sandbox: setupLocalData: localDatabaseProvider != null: True&#xD;
sandbox: applicationPages != null: True&#xD;
sandbox: applicationPages.Webdriver != null: True&#xD;
sandbox: finished setuping local data&#xD;
sandbox: PrepareForTestRun complete.&#xD;
Given Match started with kick off from existing game&#xD;
-&gt; done: SetupGameSteps.GivenMatchStartedWithKickOffButtonFromExistingGame() (3.2s)&#xD;
And I remembered current players on pitch shirt numbers&#xD;
-&gt; done: GoalEditSteps.GivenIRememberCurrentPlayersOnPitch() (1.6s)&#xD;
And I add a goal for team 1 player 4 assisted by player 13&#xD;
Given action failed. Retrying after a timeout.&#xD;
-&gt; done: GoalSteps.GivenIAddAGoalForTeamPlayerAssistedByPlayer(1, 4, 13) (4.2s)&#xD;
And I click goal event in action log&#xD;
-&gt; done: ActionLogSteps.GivenIClickGoalEventInActionLog() (0.3s)&#xD;
When I click "VAR" toggle&#xD;
-&gt; done: EditFormSteps.GivenIClickToggleToEnable() (0.1s)&#xD;
And I click Var "Overturned" button&#xD;
-&gt; done: EditFormSteps.WhenIClickVarOverturnedButton() (0.1s)&#xD;
And I click VAR reason button&#xD;
-&gt; done: EditFormSteps.WhenIClickVarReasonButton() (0.0s)&#xD;
And I select VAR reason Foul&#xD;
-&gt; done: EditFormSteps.WhenISelectVarReason("Foul") (0.1s)&#xD;
Then "Save" of edit screen is enabled&#xD;
-&gt; done: EditFormSteps.ThenOfEditScreenIsEnabled() (0.0s)&#xD;
sandbox: CleanUpAfterTestRun started.&#xD;
sandbox: application pages != null: True&#xD;
sandbox: web driver!= null: True&#xD;
sandbox: CleanUpAfterTestRun complete.</StdOut>
      </Output>
    </UnitTestResult>
    <UnitTestResult executionId="afad2fa4-dafd-4458-be24-8dc7a3f7c317" testId="d8334741-67e6-1d50-8d6d-a7ceda3609cf" testName="YesOnVAROnSecondStepOfRecordCardWorkflow(&quot;1&quot;,&quot;Red&quot;,null)" computerName="EC2AMAZ-JEOO151" duration="00:00:05.6170000" startTime="2019-07-11T19:56:22.0000000+00:00" endTime="2019-07-11T19:56:28.0000000+00:00" testType="13cdc9d9-ddb5-4fa4-a97d-d965ccfc6d4b" outcome="Passed" testListId="8c84fa94-04c1-424b-9868-57a2d4851a1d" relativeResultsDirectory="afad2fa4-dafd-4458-be24-8dc7a3f7c317">
      <Output>
        <StdOut>sandbox: PrepareForTestRun started.&#xD;
sandbox: football liveStatsApp != null: True &#xD;
sandbox: football liveStatsApp.IsProcessRunning: True &#xD;
sandbox: setupLocalData: localDatabaseProvider != null: True&#xD;
sandbox: applicationPages != null: True&#xD;
sandbox: applicationPages.Webdriver != null: True&#xD;
sandbox: finished setuping local data&#xD;
sandbox: PrepareForTestRun complete.&#xD;
Given Match started with kick off from existing game&#xD;
-&gt; done: SetupGameSteps.GivenMatchStartedWithKickOffButtonFromExistingGame() (3.3s)&#xD;
When I click on team 1 possible "Red"&#xD;
-&gt; done: TeamActionButtonSteps.StartPossibleCardRegistration(1, Red) (0.7s)&#xD;
And I click "Red" card button&#xD;
-&gt; done: TeamActionButtonSteps.WhenIClickCardButton("Red") (0.1s)&#xD;
And I click "Possible VAR" button in workflow&#xD;
-&gt; done: WorkflowSteps.WhenIClickPossibleVarButtonInWorkflow() (0.1s)&#xD;
And I click var confirmation "yes" button&#xD;
-&gt; done: WorkflowSteps.WhenIClickVarConfirmationButton("yes") (0.2s)&#xD;
Then Confirmation dialog is displayed&#xD;
-&gt; done: CardSteps.ThenConfirmationDialogIsDisplayed() (0.2s)&#xD;
And VAR label of "Booking" event in action log is in team 1 color&#xD;
-&gt; done: ActionLogSteps.ThenSubItemOfEventInActionLogIsInTeamColor("VAR", Booking, 1) (0.1s)&#xD;
And VAR label of "Booking" event in action log contains "Card Stands" message&#xD;
-&gt; done: ActionLogSteps.ThenSubItemOfEventInActionLogIsInTeamColor("VAR", Booking, "Card Stands") (0.1s)&#xD;
sandbox: CleanUpAfterTestRun started.&#xD;
sandbox: application pages != null: True&#xD;
sandbox: web driver!= null: True&#xD;
sandbox: CleanUpAfterTestRun complete.</StdOut>
      </Output>
    </UnitTestResult>
    <UnitTestResult executionId="9132f783-6a93-4572-bed6-5c09f05cab2e" testId="f8918184-193a-4005-1867-2b9f4003d068" testName="ThrowInActionFlagCanBeReviewedInActionEditScreen" computerName="EC2AMAZ-JEOO151" duration="00:00:05.9180000" startTime="2019-07-11T19:43:27.0000000+00:00" endTime="2019-07-11T19:43:33.0000000+00:00" testType="13cdc9d9-ddb5-4fa4-a97d-d965ccfc6d4b" outcome="Passed" testListId="8c84fa94-04c1-424b-9868-57a2d4851a1d" relativeResultsDirectory="9132f783-6a93-4572-bed6-5c09f05cab2e">
      <Output>
        <StdOut>sandbox: PrepareForTestRun started.&#xD;
sandbox: football liveStatsApp != null: True &#xD;
sandbox: football liveStatsApp.IsProcessRunning: True &#xD;
sandbox: setupLocalData: localDatabaseProvider != null: True&#xD;
sandbox: applicationPages != null: True&#xD;
sandbox: applicationPages.Webdriver != null: True&#xD;
sandbox: finished setuping local data&#xD;
sandbox: PrepareForTestRun complete.&#xD;
Given Match started with kick off from existing game&#xD;
-&gt; done: SetupGameSteps.GivenMatchStartedWithKickOffButtonFromExistingGame() (3.3s)&#xD;
Given Throw in added for Team 1&#xD;
-&gt; done: ThrowInEditSteps.GivenThrowInAddedForTeam(1) (0.9s)&#xD;
When I click on latest "ThrowIn" event in action log&#xD;
-&gt; done: ActionLogSteps.GivenIClickOnLatestEventInActionLog(ThrowIn) (0.2s)&#xD;
And I click Flag &amp; Save button in action edit form&#xD;
-&gt; done: EditFormSteps.ClickFlagAndSaveInActionEditForm() (0.4s)&#xD;
And I click on latest "ThrowIn" event in action log&#xD;
-&gt; done: ActionLogSteps.GivenIClickOnLatestEventInActionLog(ThrowIn) (0.1s)&#xD;
And I click review flags button in game action edit window&#xD;
-&gt; done: EditFormSteps.WhenIClickReviewFlagsButtonInGameActionEditWindow() (0.1s)&#xD;
Then Review action flags dialog opens&#xD;
-&gt; done: EditFormSteps.ThenReviewActionFlagsDialogOpens() (0.0s)&#xD;
And "This item was flagged by the User." is visible in review action flags dialog&#xD;
-&gt; done: EditWindowFlagsDropDownSteps.ThenIsVisibleInReviewActionFlagsDialog("This item was fla...") (0.0s)&#xD;
sandbox: CleanUpAfterTestRun started.&#xD;
sandbox: application pages != null: True&#xD;
sandbox: web driver!= null: True&#xD;
sandbox: CleanUpAfterTestRun complete.</StdOut>
      </Output>
    </UnitTestResult>
    <UnitTestResult executionId="b7b602c6-c1c2-4a8c-befd-195ec6da1ca7" testId="1934c119-1ece-bf42-2c60-ccdd5e52fcee" testName="CancellingShotWorkflowResumesFreeKickWorkflow(&quot;foul by&quot;,&quot;2&quot;,null)" computerName="EC2AMAZ-JEOO151" duration="00:00:06.2850000" startTime="2019-07-11T19:25:24.0000000+00:00" endTime="2019-07-11T19:25:30.0000000+00:00" testType="13cdc9d9-ddb5-4fa4-a97d-d965ccfc6d4b" outcome="Passed" testListId="8c84fa94-04c1-424b-9868-57a2d4851a1d" relativeResultsDirectory="b7b602c6-c1c2-4a8c-befd-195ec6da1ca7">
      <Output>
        <StdOut>sandbox: PrepareForTestRun started.&#xD;
sandbox: football liveStatsApp != null: True &#xD;
sandbox: football liveStatsApp.IsProcessRunning: True &#xD;
sandbox: setupLocalData: localDatabaseProvider != null: True&#xD;
sandbox: applicationPages != null: True&#xD;
sandbox: applicationPages.Webdriver != null: True&#xD;
sandbox: finished setuping local data&#xD;
sandbox: PrepareForTestRun complete.&#xD;
Given Match started with kick off from existing game&#xD;
-&gt; done: SetupGameSteps.GivenMatchStartedWithKickOffButtonFromExistingGame() (3.2s)&#xD;
Given Free kick for team "2" workflow entered till foul by selection&#xD;
-&gt; done: FreeKickSteps.GivenFreeKickForTeamAndWorkflowEnteredTillFoulBySelection(2) (0.9s)&#xD;
And I clicked "Shot" button for team 2&#xD;
Given action failed. Retrying after a timeout.&#xD;
-&gt; done: TeamActionButtonSteps.GivenIClickShotButtonForTeam(2) (0.7s)&#xD;
When I cancel action workflow by clicking "Cancel &amp; Delete" button&#xD;
-&gt; done: WorkflowSteps.WhenICancelActionWorkflowByClickingButton() (0.2s)&#xD;
Then Latest freekick event is in progress&#xD;
-&gt; done: ActionLogSteps.ThenFreekickEventIsNotCompleted() (0.0s)&#xD;
And Current free kick step is foul by selection&#xD;
-&gt; done: FreeKickSteps.ThenCurrentFreekickStepIsFoulBySelection() (0.3s)&#xD;
And Latest action in log is of type "FreeKick"&#xD;
-&gt; done: ActionLogSteps.ThenLatestActionIsOfTypeGoal(FreeKick) (0.0s)&#xD;
And Latest action of type "FreeKick" is not flagged&#xD;
-&gt; done: ActionLogSteps.ThenLatestEventInActionLogOfTypeIsNotFlagged(FreeKick) (0.0s)&#xD;
sandbox: CleanUpAfterTestRun started.&#xD;
sandbox: application pages != null: True&#xD;
sandbox: web driver!= null: True&#xD;
sandbox: CleanUpAfterTestRun complete.</StdOut>
      </Output>
    </UnitTestResult>
    <UnitTestResult executionId="e23976c5-4237-4d33-9f51-6e127fbb16ba" testId="251dc894-45b7-8e89-c9ad-3ba26910b0a7" testName="GivenHelpMenuOpened_WhenClickingEndUserLicenceAgreement_ThenLicencePreviewPopupDisplayed" computerName="EC2AMAZ-JEOO151" duration="00:00:01.3620000" startTime="2019-07-11T20:13:56.0000000+00:00" endTime="2019-07-11T20:13:57.0000000+00:00" testType="13cdc9d9-ddb5-4fa4-a97d-d965ccfc6d4b" outcome="Passed" testListId="8c84fa94-04c1-424b-9868-57a2d4851a1d" relativeResultsDirectory="e23976c5-4237-4d33-9f51-6e127fbb16ba">
      <Output>
        <StdOut>sandbox: PrepareForTestRun started.&#xD;
sandbox: football liveStatsApp != null: True &#xD;
sandbox: football liveStatsApp.IsProcessRunning: True &#xD;
sandbox: setupLocalData: localDatabaseProvider != null: True&#xD;
sandbox: applicationPages != null: True&#xD;
sandbox: applicationPages.Webdriver != null: True&#xD;
sandbox: finished setuping local data&#xD;
sandbox: PrepareForTestRun complete.&#xD;
sandbox: CleanUpAfterTestRun started.&#xD;
sandbox: application pages != null: True&#xD;
sandbox: web driver!= null: True&#xD;
sandbox: CleanUpAfterTestRun complete.</StdOut>
      </Output>
    </UnitTestResult>
    <UnitTestResult executionId="c9c2348b-ce15-4a67-800c-971f8ac8a631" testId="51597753-69b7-0cba-11d2-4e0d4b4eb61d" testName="FlagsFreekickIfShotStartedFromMiddleOfFreekickWorkflow(&quot;foul on&quot;,&quot;1&quot;,null)" computerName="EC2AMAZ-JEOO151" duration="00:00:06.8160000" startTime="2019-07-11T19:26:02.0000000+00:00" endTime="2019-07-11T19:26:09.0000000+00:00" testType="13cdc9d9-ddb5-4fa4-a97d-d965ccfc6d4b" outcome="Passed" testListId="8c84fa94-04c1-424b-9868-57a2d4851a1d" relativeResultsDirectory="c9c2348b-ce15-4a67-800c-971f8ac8a631">
      <Output>
        <StdOut>sandbox: PrepareForTestRun started.&#xD;
sandbox: football liveStatsApp != null: True &#xD;
sandbox: football liveStatsApp.IsProcessRunning: True &#xD;
sandbox: setupLocalData: localDatabaseProvider != null: True&#xD;
sandbox: applicationPages != null: True&#xD;
sandbox: applicationPages.Webdriver != null: True&#xD;
sandbox: finished setuping local data&#xD;
sandbox: PrepareForTestRun complete.&#xD;
Given Match started with kick off from existing game&#xD;
-&gt; done: SetupGameSteps.GivenMatchStartedWithKickOffButtonFromExistingGame() (3.2s)&#xD;
Given Free kick for team "1" workflow entered till foul on selection&#xD;
-&gt; done: FreeKickSteps.GivenFreeKickForTeamAndWorkflowEnteredTillFoulOnSelection(1) (1.3s)&#xD;
When I click "Shot" button for team 1&#xD;
Given action failed. Retrying after a timeout.&#xD;
-&gt; done: TeamActionButtonSteps.GivenIClickShotButtonForTeam(1) (0.5s)&#xD;
Then Latest action of type "FreeKick" is flagged&#xD;
-&gt; done: ActionLogSteps.ThenLatestEventInActionLogOfTypeIsFlagged(FreeKick) (0.0s)&#xD;
sandbox: CleanUpAfterTestRun started.&#xD;
sandbox: application pages != null: True&#xD;
sandbox: web driver!= null: True&#xD;
sandbox: CleanUpAfterTestRun complete.</StdOut>
      </Output>
    </UnitTestResult>
    <UnitTestResult executionId="235af493-0567-4197-a660-526e90f8b28d" testId="6d313e24-f034-2521-c314-1c338721a766" testName="GivenGameInProgress_WhenPuttingCardOnHold_ThenSetsCardAsIncompleteAction(Red,2)" computerName="EC2AMAZ-JEOO151" duration="00:00:05.3330000" startTime="2019-07-11T20:57:35.0000000+00:00" endTime="2019-07-11T20:57:41.0000000+00:00" testType="13cdc9d9-ddb5-4fa4-a97d-d965ccfc6d4b" outcome="Passed" testListId="8c84fa94-04c1-424b-9868-57a2d4851a1d" relativeResultsDirectory="235af493-0567-4197-a660-526e90f8b28d">
      <Output>
        <StdOut>sandbox: PrepareForTestRun started.&#xD;
sandbox: football liveStatsApp != null: True &#xD;
sandbox: football liveStatsApp.IsProcessRunning: True &#xD;
sandbox: setupLocalData: localDatabaseProvider != null: True&#xD;
sandbox: applicationPages != null: True&#xD;
sandbox: applicationPages.Webdriver != null: True&#xD;
sandbox: finished setuping local data&#xD;
sandbox: PrepareForTestRun complete.&#xD;
Given action failed. Retrying after a timeout.&#xD;
sandbox: CleanUpAfterTestRun started.&#xD;
sandbox: application pages != null: True&#xD;
sandbox: web driver!= null: True&#xD;
sandbox: CleanUpAfterTestRun complete.</StdOut>
      </Output>
    </UnitTestResult>
    <UnitTestResult executionId="224b7c2d-bf7e-4e4a-b80e-c4501ac4eb56" testId="37fad7b1-8431-b137-7a51-2b6cda07645e" testName="FootballGivenShotWithNoSaveRegistered_WhenOpeningEdit_ThenTeamSaveIsNotAvailable" computerName="EC2AMAZ-JEOO151" duration="00:00:08.6990000" startTime="2019-07-11T20:42:04.0000000+00:00" endTime="2019-07-11T20:42:13.0000000+00:00" testType="13cdc9d9-ddb5-4fa4-a97d-d965ccfc6d4b" outcome="Passed" testListId="8c84fa94-04c1-424b-9868-57a2d4851a1d" relativeResultsDirectory="224b7c2d-bf7e-4e4a-b80e-c4501ac4eb56">
      <Output>
        <StdOut>sandbox: PrepareForTestRun started.&#xD;
sandbox: football liveStatsApp != null: True &#xD;
sandbox: football liveStatsApp.IsProcessRunning: True &#xD;
sandbox: setupLocalData: localDatabaseProvider != null: True&#xD;
sandbox: applicationPages != null: True&#xD;
sandbox: applicationPages.Webdriver != null: True&#xD;
sandbox: finished setuping local data&#xD;
sandbox: PrepareForTestRun complete.&#xD;
Given action failed. Retrying after a timeout.&#xD;
Failed to find element with query '[data-qa='shotSavedByTeam']'. Web driver timeout exception.&#xD;
sandbox: CleanUpAfterTestRun started.&#xD;
sandbox: application pages != null: True&#xD;
sandbox: web driver!= null: True&#xD;
sandbox: CleanUpAfterTestRun complete.</StdOut>
      </Output>
    </UnitTestResult>
    <UnitTestResult executionId="73921885-1a2a-4c75-9fda-c3d921ae9ae2" testId="8539d9ca-7eb2-df45-7efe-55f128b6f8fd" testName="GivenGameInProgress_WhenGoalStarted_ThenVarOptionPresent" computerName="EC2AMAZ-JEOO151" duration="00:00:06.1810000" startTime="2019-07-11T21:46:32.0000000+00:00" endTime="2019-07-11T21:46:38.0000000+00:00" testType="13cdc9d9-ddb5-4fa4-a97d-d965ccfc6d4b" outcome="Passed" testListId="8c84fa94-04c1-424b-9868-57a2d4851a1d" relativeResultsDirectory="73921885-1a2a-4c75-9fda-c3d921ae9ae2">
      <Output>
        <StdOut>sandbox: PrepareForTestRun started.&#xD;
sandbox: football liveStatsApp != null: True &#xD;
sandbox: football liveStatsApp.IsProcessRunning: True &#xD;
sandbox: setupLocalData: localDatabaseProvider != null: True&#xD;
sandbox: applicationPages != null: True&#xD;
sandbox: applicationPages.Webdriver != null: True&#xD;
sandbox: finished setuping local data&#xD;
sandbox: PrepareForTestRun complete.&#xD;
Given action failed. Retrying after a timeout.&#xD;
sandbox: CleanUpAfterTestRun started.&#xD;
sandbox: application pages != null: True&#xD;
sandbox: web driver!= null: True&#xD;
sandbox: CleanUpAfterTestRun complete.</StdOut>
      </Output>
    </UnitTestResult>
    <UnitTestResult executionId="75f7b0fd-ee72-4708-84ab-89d92fea920e" testId="8e46f521-34e4-ed5f-2fa9-d5dd2ace410e" testName="GivenPlayerEjected_WhenInsertingGoalWithEjectedPlayer_ThenGoalIsFlagged" computerName="EC2AMAZ-JEOO151" duration="00:00:21.1960000" startTime="2019-07-11T21:25:23.0000000+00:00" endTime="2019-07-11T21:25:44.0000000+00:00" testType="13cdc9d9-ddb5-4fa4-a97d-d965ccfc6d4b" outcome="Passed" testListId="8c84fa94-04c1-424b-9868-57a2d4851a1d" relativeResultsDirectory="75f7b0fd-ee72-4708-84ab-89d92fea920e">
      <Output>
        <StdOut>sandbox: PrepareForTestRun started.&#xD;
sandbox: football liveStatsApp != null: True &#xD;
sandbox: football liveStatsApp.IsProcessRunning: True &#xD;
sandbox: setupLocalData: localDatabaseProvider != null: True&#xD;
sandbox: applicationPages != null: True&#xD;
sandbox: applicationPages.Webdriver != null: True&#xD;
sandbox: finished setuping local data&#xD;
sandbox: PrepareForTestRun complete.&#xD;
sandbox: CleanUpAfterTestRun started.&#xD;
sandbox: application pages != null: True&#xD;
sandbox: web driver!= null: True&#xD;
sandbox: CleanUpAfterTestRun complete.</StdOut>
      </Output>
    </UnitTestResult>
    <UnitTestResult executionId="486e5ac9-537e-42c8-9bef-6f6d49042534" testId="e31d3e1b-198e-7866-11bb-0bc64eb8cbfe" testName="CannotInsertActionsIntoPeriodBreak(&quot;before&quot;,&quot;PhaseStart&quot;,null)" computerName="EC2AMAZ-JEOO151" duration="00:00:07.9510000" startTime="2019-07-11T18:43:12.0000000+00:00" endTime="2019-07-11T18:43:20.0000000+00:00" testType="13cdc9d9-ddb5-4fa4-a97d-d965ccfc6d4b" outcome="Passed" testListId="8c84fa94-04c1-424b-9868-57a2d4851a1d" relativeResultsDirectory="486e5ac9-537e-42c8-9bef-6f6d49042534">
      <Output>
        <StdOut>sandbox: PrepareForTestRun started.&#xD;
sandbox: football liveStatsApp != null: True &#xD;
sandbox: football liveStatsApp.IsProcessRunning: True &#xD;
sandbox: setupLocalData: localDatabaseProvider != null: True&#xD;
sandbox: applicationPages != null: True&#xD;
sandbox: applicationPages.Webdriver != null: True&#xD;
sandbox: finished setuping local data&#xD;
sandbox: PrepareForTestRun complete.&#xD;
Given Second period started from existing game&#xD;
-&gt; done: SetupGameSteps.GivenSecondPeriodStartedFromExistingGame() (6.5s)&#xD;
When I click Expand Action log button&#xD;
-&gt; done: ActionLogSteps.WhenIClickExpandActionLogButton() (0.3s)&#xD;
And I select latest "PhaseStart" action in expanded action log&#xD;
-&gt; done: ExpandedActionLogSteps.WhenISelectLatestActionInExpandedActionLog(PhaseStart) (0.1s)&#xD;
And I click insert before button in expanded action log&#xD;
-&gt; done: ExpandedActionLogSteps.WhenIClickInsertBeforeButtonInExpandedActionLog() (0.1s)&#xD;
Then Insert before drop down should contain only card, injury and sub&#xD;
-&gt; done: ExpandedActionLogSteps.ThenInsertBeforeDropDownShouldNotContainAction() (0.2s)&#xD;
sandbox: CleanUpAfterTestRun started.&#xD;
sandbox: application pages != null: True&#xD;
sandbox: web driver!= null: True&#xD;
sandbox: CleanUpAfterTestRun complete.</StdOut>
      </Output>
    </UnitTestResult>
    <UnitTestResult executionId="07f0ab45-3462-4fff-8b9e-4f875eb656cd" testId="1a0889f9-b90f-ce46-f85b-43667fcbf57e" testName="PenaltyRetakeClearsPenaltyShotOutcome(&quot;Penalty Shot On Target&quot;,&quot;Save&quot;,null)" computerName="EC2AMAZ-JEOO151" duration="00:00:10.9820000" startTime="2019-07-11T19:07:33.0000000+00:00" endTime="2019-07-11T19:07:44.0000000+00:00" testType="13cdc9d9-ddb5-4fa4-a97d-d965ccfc6d4b" outcome="Passed" testListId="8c84fa94-04c1-424b-9868-57a2d4851a1d" relativeResultsDirectory="07f0ab45-3462-4fff-8b9e-4f875eb656cd">
      <Output>
        <StdOut>sandbox: PrepareForTestRun started.&#xD;
sandbox: football liveStatsApp != null: True &#xD;
sandbox: football liveStatsApp.IsProcessRunning: True &#xD;
sandbox: setupLocalData: localDatabaseProvider != null: True&#xD;
sandbox: applicationPages != null: True&#xD;
sandbox: applicationPages.Webdriver != null: True&#xD;
sandbox: finished setuping local data&#xD;
sandbox: PrepareForTestRun complete.&#xD;
Given Match started with kick off from existing game&#xD;
-&gt; done: SetupGameSteps.GivenMatchStartedWithKickOffButtonFromExistingGame() (3.4s)&#xD;
Given penalty "Penalty Shot On Target" button is selected for player "16" team "1"&#xD;
-&gt; done: PenaltySteps.GivenPenaltyShotOnTargetButtonIsSelected(16, 1) (4.0s)&#xD;
When I retake penalty&#xD;
-&gt; done: PenaltySteps.WhenIClickButton() (0.2s)&#xD;
Then Penalty outcome selection dialog is shown&#xD;
-&gt; done: ShotRegistrationSteps.ThenActionTypeDialogIsShown() (0.2s)&#xD;
And Retake label is shown in Penalty event action log&#xD;
-&gt; done: ActionLogSteps.ThenOffenceIsShownInPenaltyEventActionLog("Retake", Penalty) (0.1s)&#xD;
And "Save" label is not shown in latest "Penalty" event action log&#xD;
-&gt; done: ActionLogSteps.ThenLabelIsNotShownInLatestEventActionLog("Save", Penalty) (0.1s)&#xD;
And "Penalty Shot Off Target" button is shown&#xD;
-&gt; done: PenaltySteps.ThenPenaltyShotOffTargetButtonIsShown() (0.0s)&#xD;
And "Penalty Shot On Target" button is shown&#xD;
-&gt; done: PenaltySteps.ThenPenaltyShotOnTargetButtonIsShown() (0.0s)&#xD;
And "Penalty Goal" button is shown&#xD;
-&gt; done: PenaltySteps.ThenPenaltyGoalButtonIsShown() (0.0s)&#xD;
And penalty retake is not visible&#xD;
Failed to find element with query '[data-qa='penaltyRetakeButton']'. Web driver timeout exception.&#xD;
-&gt; done: PenaltySteps.ThenPenaltyRetakeIsNotVisible() (2.0s)&#xD;
sandbox: CleanUpAfterTestRun started.&#xD;
sandbox: application pages != null: True&#xD;
sandbox: web driver!= null: True&#xD;
sandbox: CleanUpAfterTestRun complete.</StdOut>
      </Output>
    </UnitTestResult>
    <UnitTestResult executionId="372604b2-29d6-4271-bd04-a03a7ee29e38" testId="45c5e6e4-b783-e923-7ad9-9a490ccd8f2d" testName="CurrentWorkflowActionIsFlaggedIfPreviousEditsImpactCurrentItem" computerName="EC2AMAZ-JEOO151" duration="00:00:11.0140000" startTime="2019-07-11T17:52:23.0000000+00:00" endTime="2019-07-11T17:52:34.0000000+00:00" testType="13cdc9d9-ddb5-4fa4-a97d-d965ccfc6d4b" outcome="Passed" testListId="8c84fa94-04c1-424b-9868-57a2d4851a1d" relativeResultsDirectory="372604b2-29d6-4271-bd04-a03a7ee29e38">
      <Output>
        <StdOut>sandbox: PrepareForTestRun started.&#xD;
sandbox: football liveStatsApp != null: True &#xD;
sandbox: football liveStatsApp.IsProcessRunning: True &#xD;
sandbox: setupLocalData: localDatabaseProvider != null: True&#xD;
sandbox: applicationPages != null: True&#xD;
sandbox: applicationPages.Webdriver != null: True&#xD;
sandbox: finished setuping local data&#xD;
sandbox: PrepareForTestRun complete.&#xD;
Given Match started with kick off from existing game&#xD;
-&gt; done: SetupGameSteps.GivenMatchStartedWithKickOffButtonFromExistingGame() (3.4s)&#xD;
Given "Red" Card for Team 1 is registered&#xD;
Given action failed. Retrying after a timeout.&#xD;
-&gt; done: CardSteps.GivenCardForTeamIsRegistered(Red, 1) (3.7s)&#xD;
When I click Freekick button for team 2&#xD;
Given action failed. Retrying after a timeout.&#xD;
-&gt; done: TeamActionButtonSteps.WhenIClickFreekickButtonForTeam(2) (0.5s)&#xD;
And I click on pitch x 20 and y 50&#xD;
-&gt; done: PitchScreenSteps.WhenIClickOnPitch(20, 50) (0.1s)&#xD;
And I click "Foul" button in freekick reason dialog&#xD;
-&gt; done: FreeKickSteps.WhenIClickButtonInFreekickReasonDialog("Foul") (0.2s)&#xD;
And I click on team 1 player on pitch with shirt number 6&#xD;
-&gt; done: PitchPlayersComponentSteps.WhenIClickOnTeamPlayerOnPitchWithShirtNumber(1, 6) (0.2s)&#xD;
And I click on latest "Booking" event in action log&#xD;
-&gt; done: ActionLogSteps.GivenIClickOnLatestEventInActionLog(Booking) (0.2s)&#xD;
And I click team 1 in edit form&#xD;
-&gt; done: EditFormSteps.WhenIClickTeamInEditForm(1) (0.1s)&#xD;
And I select player with shirt number 6 in to receive the card in card edit page&#xD;
-&gt; done: CardEditSteps.WhenISelectPlayerInToReceiveTheCardInCardEditPage(6) (0.2s)&#xD;
And I click Save button in action edit form&#xD;
-&gt; done: EditFormSteps.ClickSaveButtonInActionEditForm() (0.6s)&#xD;
Then 1 event in action log of type "FreeKick" is flagged&#xD;
-&gt; done: ActionLogSteps.ThenEventInActionLogOfTypeIsFlagged(1, FreeKick) (0.0s)&#xD;
sandbox: CleanUpAfterTestRun started.&#xD;
sandbox: application pages != null: True&#xD;
sandbox: web driver!= null: True&#xD;
sandbox: CleanUpAfterTestRun complete.</StdOut>
      </Output>
    </UnitTestResult>
    <UnitTestResult executionId="d2f66fca-76e3-469e-9f88-bf48dbd3d8e9" testId="a08451da-a240-2a71-d150-508331457ad4" testName="GivenExpandedLog_WhenInsertingCardAfterForCoach_ThenScoreboardIsPresentedCorrectly(SecondYellow,SecondYellow,2,1)" computerName="EC2AMAZ-JEOO151" duration="00:00:20.1870000" startTime="2019-07-11T20:46:59.0000000+00:00" endTime="2019-07-11T20:47:19.0000000+00:00" testType="13cdc9d9-ddb5-4fa4-a97d-d965ccfc6d4b" outcome="Passed" testListId="8c84fa94-04c1-424b-9868-57a2d4851a1d" relativeResultsDirectory="d2f66fca-76e3-469e-9f88-bf48dbd3d8e9">
      <Output>
        <StdOut>sandbox: PrepareForTestRun started.&#xD;
sandbox: football liveStatsApp != null: True &#xD;
sandbox: football liveStatsApp.IsProcessRunning: True &#xD;
sandbox: setupLocalData: localDatabaseProvider != null: True&#xD;
sandbox: applicationPages != null: True&#xD;
sandbox: applicationPages.Webdriver != null: True&#xD;
sandbox: finished setuping local data&#xD;
sandbox: PrepareForTestRun complete.&#xD;
sandbox: CleanUpAfterTestRun started.&#xD;
sandbox: application pages != null: True&#xD;
sandbox: web driver!= null: True&#xD;
sandbox: CleanUpAfterTestRun complete.</StdOut>
      </Output>
    </UnitTestResult>
    <UnitTestResult executionId="d17e6118-db33-4465-a6a8-50635076ddaa" testId="f6a6fd39-0017-7a0e-0a41-cd0d1f619004" testName="CanDeleteAllSubPairs" computerName="EC2AMAZ-JEOO151" duration="00:00:06.8000000" startTime="2019-07-11T19:27:39.0000000+00:00" endTime="2019-07-11T19:27:46.0000000+00:00" testType="13cdc9d9-ddb5-4fa4-a97d-d965ccfc6d4b" outcome="Passed" testListId="8c84fa94-04c1-424b-9868-57a2d4851a1d" relativeResultsDirectory="d17e6118-db33-4465-a6a8-50635076ddaa">
      <Output>
        <StdOut>sandbox: PrepareForTestRun started.&#xD;
sandbox: football liveStatsApp != null: True &#xD;
sandbox: football liveStatsApp.IsProcessRunning: True &#xD;
sandbox: setupLocalData: localDatabaseProvider != null: True&#xD;
sandbox: applicationPages != null: True&#xD;
sandbox: applicationPages.Webdriver != null: True&#xD;
sandbox: finished setuping local data&#xD;
sandbox: PrepareForTestRun complete.&#xD;
Given Match started with kick off from existing game&#xD;
-&gt; done: SetupGameSteps.GivenMatchStartedWithKickOffButtonFromExistingGame() (3.3s)&#xD;
Given started substitution for team "2" in pitch view&#xD;
-&gt; done: SubstitutionSteps.WhenIClickSubBenchButtonInSubstitutionRecord(2) (0.6s)&#xD;
And player "24" for sub in and player "4" for sub out were selected from team "2"&#xD;
-&gt; done: SubstitutionSteps.WhenIChoosePlayerFromTeamForSubIn(24, 4, 2) (0.5s)&#xD;
And player "26" for sub in and player "6" for sub out were selected from team "2"&#xD;
-&gt; done: SubstitutionSteps.WhenIChoosePlayerFromTeamForSubIn(26, 6, 2) (0.5s)&#xD;
And player "25" for sub in and player "5" for sub out were selected from team "2"&#xD;
-&gt; done: SubstitutionSteps.WhenIChoosePlayerFromTeamForSubIn(25, 5, 2) (0.5s)&#xD;
When I delete "1" substitution pair for team "2"&#xD;
-&gt; done: SubstitutionSteps.WhenIDeleteSubstitutionPair(1, 2) (0.2s)&#xD;
And I delete "1" substitution pair for team "2"&#xD;
-&gt; done: SubstitutionSteps.WhenIDeleteSubstitutionPair(1, 2) (0.1s)&#xD;
And I delete "1" substitution pair for team "2"&#xD;
-&gt; done: SubstitutionSteps.WhenIDeleteSubstitutionPair(1, 2) (0.1s)&#xD;
Then "2" team subs remaining "3/3" is visible in record substitutions&#xD;
-&gt; done: SubstitutionSteps.ThenTeamSubsRemainingIsVisibleInRecordSubstitutions(2, "3/3") (0.1s)&#xD;
And "save" Button is disabled&#xD;
-&gt; done: EditFormSteps.ThenButtonIsDisabled() (0.0s)&#xD;
sandbox: CleanUpAfterTestRun started.&#xD;
sandbox: application pages != null: True&#xD;
sandbox: web driver!= null: True&#xD;
sandbox: CleanUpAfterTestRun complete.</StdOut>
      </Output>
    </UnitTestResult>
    <UnitTestResult executionId="d0ddc9a7-bf06-423d-9976-d6e6bc966a2c" testId="126cfce9-3322-1067-7cd5-e3870c5557bb" testName="CannotEditInjuryTimeInPeriodBreak(&quot;after&quot;,&quot;PhaseEnd&quot;,null)" computerName="EC2AMAZ-JEOO151" duration="00:00:08.9830000" startTime="2019-07-11T18:42:00.0000000+00:00" endTime="2019-07-11T18:42:09.0000000+00:00" testType="13cdc9d9-ddb5-4fa4-a97d-d965ccfc6d4b" outcome="Passed" testListId="8c84fa94-04c1-424b-9868-57a2d4851a1d" relativeResultsDirectory="d0ddc9a7-bf06-423d-9976-d6e6bc966a2c">
      <Output>
        <StdOut>sandbox: PrepareForTestRun started.&#xD;
sandbox: football liveStatsApp != null: True &#xD;
sandbox: football liveStatsApp.IsProcessRunning: True &#xD;
sandbox: setupLocalData: localDatabaseProvider != null: True&#xD;
sandbox: applicationPages != null: True&#xD;
sandbox: applicationPages.Webdriver != null: True&#xD;
sandbox: finished setuping local data&#xD;
sandbox: PrepareForTestRun complete.&#xD;
Given Second period started from existing game&#xD;
-&gt; done: SetupGameSteps.GivenSecondPeriodStartedFromExistingGame() (6.5s)&#xD;
When I click Expand Action log button&#xD;
-&gt; done: ActionLogSteps.WhenIClickExpandActionLogButton() (0.3s)&#xD;
And I insert "Injury" after "PhaseEnd"&#xD;
-&gt; done: ExpandedActionLogSteps.WhenIInsertActionAfterContainer(Injury, PhaseEnd) (0.3s)&#xD;
And I click off-pitch&#xD;
-&gt; done: PlayerInjuryEditSteps.WhenIClickOffPitchInjury() (0.1s)&#xD;
And I update injury with team 1, player 4 in edit window&#xD;
-&gt; done: PlayerInjuryEditSteps.WhenIUpdateInjuryWithTeamPlayer(1, 4) (0.3s)&#xD;
And I click Save button in action edit form&#xD;
-&gt; done: EditFormSteps.ClickSaveButtonInActionEditForm() (0.6s)&#xD;
And I open last "Injury" action edit view from expanded action log&#xD;
-&gt; done: ExpandedActionLogSteps.WhenIOpenLastActionEditViewFromExpandedActionLog(Injury) (0.1s)&#xD;
Then I cannot edit action time&#xD;
-&gt; done: EditFormSteps.ThenICannotEditActionTime() (0.0s)&#xD;
sandbox: CleanUpAfterTestRun started.&#xD;
sandbox: application pages != null: True&#xD;
sandbox: web driver!= null: True&#xD;
sandbox: CleanUpAfterTestRun complete.</StdOut>
      </Output>
    </UnitTestResult>
    <UnitTestResult executionId="a138d23b-3d99-4cc6-adc8-ebdb42b2e0f4" testId="c5cd8e8a-c12d-2b55-47ee-ad9dd0bffdd6" testName="InsertGoalKickAfterOrBeforeLastEvent(&quot;before&quot;,&quot;0025&quot;,&quot;00:25&quot;,&quot;1&quot;,&quot;2&quot;,&quot;left&quot;,null)" computerName="EC2AMAZ-JEOO151" duration="00:00:20.9790000" startTime="2019-07-11T18:17:30.0000000+00:00" endTime="2019-07-11T18:17:51.0000000+00:00" testType="13cdc9d9-ddb5-4fa4-a97d-d965ccfc6d4b" outcome="Passed" testListId="8c84fa94-04c1-424b-9868-57a2d4851a1d" relativeResultsDirectory="a138d23b-3d99-4cc6-adc8-ebdb42b2e0f4">
      <Output>
        <StdOut>sandbox: PrepareForTestRun started.&#xD;
sandbox: football liveStatsApp != null: True &#xD;
sandbox: football liveStatsApp.IsProcessRunning: True &#xD;
sandbox: setupLocalData: localDatabaseProvider != null: True&#xD;
sandbox: applicationPages != null: True&#xD;
sandbox: applicationPages.Webdriver != null: True&#xD;
sandbox: finished setuping local data&#xD;
sandbox: PrepareForTestRun complete.&#xD;
Given Match started with kick off from existing game&#xD;
-&gt; done: SetupGameSteps.GivenMatchStartedWithKickOffButtonFromExistingGame() (3.3s)&#xD;
And "Yellow" Card for Team 1 is registered&#xD;
Given action failed. Retrying after a timeout.&#xD;
-&gt; done: CardSteps.GivenCardForTeamIsRegistered(Yellow, 1) (3.6s)&#xD;
And "Top right" corner added for Team 1&#xD;
Given action failed. Retrying after a timeout.&#xD;
-&gt; done: CornerSteps.GivenCornerAddedForTeam("Top right", 1) (2.9s)&#xD;
And I clicked on latest "Corner" event in action log&#xD;
-&gt; done: ActionLogSteps.GivenIClickOnLatestEventInActionLog(Corner) (0.3s)&#xD;
And I entered new conceded event time of "0030"&#xD;
-&gt; done: EditFormSteps.GivenIEnterNewConcededEventTimeOf("0030") (1.0s)&#xD;
And I clicked Save button in action edit form&#xD;
-&gt; done: EditFormSteps.ClickSaveButtonInActionEditForm() (0.6s)&#xD;
When I click Expand Action log button&#xD;
-&gt; done: ActionLogSteps.WhenIClickExpandActionLogButton() (0.1s)&#xD;
And I click last action in expanded action log&#xD;
-&gt; done: ExpandedActionLogSteps.WhenIClickLastActionInExpandedActionLog() (0.1s)&#xD;
And I click insert before button in expanded action log&#xD;
-&gt; done: ExpandedActionLogSteps.WhenIClickInsertBeforeButtonInExpandedActionLog() (0.1s)&#xD;
And I click insert Goal Kick button in insert before dropdown&#xD;
-&gt; done: ExpandedActionLogSteps.WhenIClickInsertGoalButtonInInsertBeforeDropdown() (0.1s)&#xD;
And I enter new conceded event time of "0025"&#xD;
-&gt; done: EditFormSteps.GivenIEnterNewConcededEventTimeOf("0025") (1.1s)&#xD;
And I enter new taken event time of "0025"&#xD;
-&gt; done: EditFormSteps.GivenIEnterNewTakenEventTimeOf("0025") (1.0s)&#xD;
And I click team 1 in edit form&#xD;
-&gt; done: EditFormSteps.WhenIClickTeamInEditForm(1) (0.1s)&#xD;
And I change ball landing location to x 10 and y 80&#xD;
-&gt; done: GoalKickEditSteps.WhenIChangeBallLandingLocationToXAndY(10, 80) (0.3s)&#xD;
And I change taken from location to bottom in left goal box area&#xD;
Failed to find data-qa element with tag 'setPitchLocationButton'. No such element exception.&#xD;
-&gt; done: GoalKickEditSteps.WhenIChangeGoalKickTakenFromLocationToBottom() (2.3s)&#xD;
And I click Save button in action edit form&#xD;
-&gt; done: EditFormSteps.ClickSaveButtonInActionEditForm() (0.7s)&#xD;
Then Goal kick insert view is not visible&#xD;
Failed to find element with query '[data-qa='goalKickEditScreen']'. Web driver timeout exception.&#xD;
-&gt; done: GoalKickEditSteps.ThenGoalKickEditViewIsNotVisible() (2.1s)&#xD;
And "Goal Kick" Action is displayed at 2 in expanded action log&#xD;
-&gt; done: ExpandedActionLogSteps.ThenGoalActionIsDisplayedAtInExpandedActionLog("Goal Kick", 2) (0.0s)&#xD;
And Action at position 2 half is displayed as "H1"&#xD;
-&gt; done: ExpandedActionLogSteps.ThenActionAtPositionHalfIsDisplayedAs(2, "H1") (0.0s)&#xD;
And Action at position 2 time is displayed as "00:25"&#xD;
-&gt; done: ExpandedActionLogSteps.ThenActionAtPositionTimeIsDisplayedAs(2, "00:25") (0.1s)&#xD;
And Action at position 2 do not have first qualifier&#xD;
-&gt; done: ExpandedActionLogSteps.ThenActionAtPositionDoNotHaveFirstQualifier(2) (0.0s)&#xD;
And Action at position 2 do not have second qualifier&#xD;
-&gt; done: ExpandedActionLogSteps.ThenActionAtPositionDoNotHaveSecondQualifier(2) (0.0s)&#xD;
And Action at position 2 do not have score&#xD;
-&gt; done: ExpandedActionLogSteps.ThenActionAtPositionDoNotHaveScore(2) (0.0s)&#xD;
And Action at position 2 contains team 1 name&#xD;
-&gt; done: ExpandedActionLogSteps.ThenActionAtPositionContainsTeam(2, 1) (0.0s)&#xD;
And Action at position 2 do not have player&#xD;
-&gt; done: ExpandedActionLogSteps.ThenActionAtPositionDoNotHavePlayer(2) (0.0s)&#xD;
sandbox: CleanUpAfterTestRun started.&#xD;
sandbox: application pages != null: True&#xD;
sandbox: web driver!= null: True&#xD;
sandbox: CleanUpAfterTestRun complete.</StdOut>
      </Output>
    </UnitTestResult>
    <UnitTestResult executionId="d26e3d5b-37de-4746-ba02-06c5537cd001" testId="b0804731-5670-00b3-ffc0-22442c65a212" testName="FootballPenaltyShot_OffMissWithLocation(&quot;2&quot;,&quot;1&quot;,&quot;10&quot;,&quot;50&quot;,&quot;8&quot;,&quot;11&quot;,null)" computerName="EC2AMAZ-JEOO151" duration="00:00:16.0160000" startTime="2019-07-11T19:05:00.0000000+00:00" endTime="2019-07-11T19:05:16.0000000+00:00" testType="13cdc9d9-ddb5-4fa4-a97d-d965ccfc6d4b" outcome="Passed" testListId="8c84fa94-04c1-424b-9868-57a2d4851a1d" relativeResultsDirectory="d26e3d5b-37de-4746-ba02-06c5537cd001">
      <Output>
        <StdOut>sandbox: PrepareForTestRun started.&#xD;
sandbox: football liveStatsApp != null: True &#xD;
sandbox: football liveStatsApp.IsProcessRunning: True &#xD;
sandbox: setupLocalData: localDatabaseProvider != null: True&#xD;
sandbox: applicationPages != null: True&#xD;
sandbox: applicationPages.Webdriver != null: True&#xD;
sandbox: finished setuping local data&#xD;
sandbox: PrepareForTestRun complete.&#xD;
Given Match started with kick off from existing game&#xD;
-&gt; done: SetupGameSteps.GivenMatchStartedWithKickOffButtonFromExistingGame() (3.3s)&#xD;
When I click "Possible Penalty" button for team 2&#xD;
Given action failed. Retrying after a timeout.&#xD;
-&gt; done: TeamActionButtonSteps.GivenIClickPossiblePenaltyButtonForTeam(2) (0.7s)&#xD;
And I confirm penalty by clicking "Confirm" button&#xD;
-&gt; done: PenaltySteps.WhenIConfirmPenaltyByClickingButton() (2.3s)&#xD;
And I click on pitch x 10 and y 50&#xD;
Failed to find element with query '[data-qa='activePitchOverlay']'. Web driver timeout exception.&#xD;
Given action failed. Retrying after a timeout.&#xD;
Failed to find element with query '[data-qa='activePitchOverlay']'. Web driver timeout exception.&#xD;
-&gt; done: PitchScreenSteps.WhenIClickOnPitch(10, 50) (4.4s)&#xD;
And I click "Foul" reason button&#xD;
-&gt; done: CardSteps.WhenIClickReasonButton("Foul") (0.2s)&#xD;
And I click on team 1 player on pitch with shirt number 8&#xD;
-&gt; done: PitchPlayersComponentSteps.WhenIClickOnTeamPlayerOnPitchWithShirtNumber(1, 8) (0.3s)&#xD;
And I click on team 2 player on pitch with shirt number 11&#xD;
-&gt; done: PitchPlayersComponentSteps.WhenIClickOnTeamPlayerOnPitchWithShirtNumber(2, 11) (0.4s)&#xD;
And I click "Penalty Shot Off Target" Button&#xD;
-&gt; done: PenaltySteps.WhenIClickPenaltyShotOffTargetButton() (0.2s)&#xD;
And I click on net x "10" and y "10"&#xD;
-&gt; done: NetSectionSteps.WhenIClickOnNetXAndY(10, 10) (0.2s)&#xD;
Then "Goalkeeper save?" save title is shown&#xD;
-&gt; done: PenaltySteps.ThenSaveTitleIsShown("Goalkeeper save?") (0.1s)&#xD;
And Score is 0 for team 2&#xD;
-&gt; done: ScoreBoardSteps.ThenScoreIsForTeam(0, 2) (0.1s)&#xD;
And Score is 0 for team 1&#xD;
-&gt; done: ScoreBoardSteps.ThenScoreIsForTeam(0, 1) (0.1s)&#xD;
And All action buttons except card and goal buttons are disabled for both teams&#xD;
-&gt; done: TeamActionButtonSteps.ThenAllActionButtonsExceptCardAndGoalButtonsAreDisabledForBothTeams() (0.6s)&#xD;
And penalty action button is selected for team "2"&#xD;
-&gt; done: TeamActionButtonSteps.ThenPenaltyActionButtonIsSelected(2) (0.0s)&#xD;
And Player on pitch with shirt number 11 of team 2 do not have goal icon&#xD;
Failed to find data-qa element with tag 'playerGoals'. No such element exception.&#xD;
-&gt; done: PitchPlayersComponentSteps.ThenPlayerOnPitchWithShirtNumberOfTeamDoNotHaveGoalIcon(11, 2) (2.2s)&#xD;
And Penalty "Save" button is shown&#xD;
-&gt; done: PenaltySteps.ThenPenaltySaveButtonIsShown() (0.0s)&#xD;
And Penalty "No Save" button is shown&#xD;
-&gt; done: PenaltySteps.ThenPenaltyNoSaveButtonIsShown() (0.0s)&#xD;
sandbox: CleanUpAfterTestRun started.&#xD;
sandbox: application pages != null: True&#xD;
sandbox: web driver!= null: True&#xD;
sandbox: CleanUpAfterTestRun complete.</StdOut>
      </Output>
    </UnitTestResult>
    <UnitTestResult executionId="df4122e3-9bf9-4591-93e0-777d80de7d9b" testId="776e7282-ea02-0f96-7f33-d02be126a7e6" testName="PenaltyShootOutCanBeCompletedAfterMovingToEditGameSetup" computerName="EC2AMAZ-JEOO151" duration="00:00:17.7890000" startTime="2019-07-11T19:13:45.0000000+00:00" endTime="2019-07-11T19:14:02.0000000+00:00" testType="13cdc9d9-ddb5-4fa4-a97d-d965ccfc6d4b" outcome="Passed" testListId="8c84fa94-04c1-424b-9868-57a2d4851a1d" relativeResultsDirectory="df4122e3-9bf9-4591-93e0-777d80de7d9b">
      <Output>
        <StdOut>sandbox: PrepareForTestRun started.&#xD;
sandbox: football liveStatsApp != null: True &#xD;
sandbox: football liveStatsApp.IsProcessRunning: True &#xD;
sandbox: setupLocalData: localDatabaseProvider != null: True&#xD;
sandbox: applicationPages != null: True&#xD;
sandbox: applicationPages.Webdriver != null: True&#xD;
sandbox: finished setuping local data&#xD;
sandbox: PrepareForTestRun complete.&#xD;
Given penalty shoot-out phase started&#xD;
-&gt; done: PitchClockSteps.GivenGamePenaltyShoot_OutPhaseStarted() (14.9s)&#xD;
Given selected player "6" from team "2" for penalty shoot-out kick&#xD;
-&gt; done: PenaltyShootoutSteps.WhenISelectPlayerFromTeamForPenaltyShootOutKick(6, 2) (0.5s)&#xD;
When I open "Edit player details" via header&#xD;
-&gt; done: HeaderSteps.WhenIOpenPlayerDetailsGameMenuItem() (0.4s)&#xD;
And I click Save &amp; Next button&#xD;
-&gt; done: GameSetupSteps.WhenIClickSaveNextButton() (0.2s)&#xD;
And I select "Penalty Shot On Target" outcome&#xD;
-&gt; done: PenaltyShootoutSteps.WhenISelectPenaltyShotOnTargetOutcome() (0.2s)&#xD;
And I click on net x "10" and y "10"&#xD;
-&gt; done: NetSectionSteps.WhenIClickOnNetXAndY(10, 10) (0.2s)&#xD;
Then latest "PenaltyShootout" action is completed in action log&#xD;
-&gt; done: ActionLogSteps.ThenLatestActionIsCompletedInActionLog(PenaltyShootout) (0.2s)&#xD;
sandbox: CleanUpAfterTestRun started.&#xD;
sandbox: application pages != null: True&#xD;
sandbox: web driver!= null: True&#xD;
sandbox: CleanUpAfterTestRun complete.</StdOut>
      </Output>
    </UnitTestResult>
    <UnitTestResult executionId="5632decb-1eea-4e20-9fe3-95c4bffc8589" testId="7c64f456-68f0-5e2b-308e-47c72805dc20" testName="FlagAndContinueCard(&quot;Yellow&quot;,&quot;Yellow&quot;,&quot;1&quot;,null)" computerName="EC2AMAZ-JEOO151" duration="00:00:07.6190000" startTime="2019-07-11T19:46:17.0000000+00:00" endTime="2019-07-11T19:46:25.0000000+00:00" testType="13cdc9d9-ddb5-4fa4-a97d-d965ccfc6d4b" outcome="Passed" testListId="8c84fa94-04c1-424b-9868-57a2d4851a1d" relativeResultsDirectory="5632decb-1eea-4e20-9fe3-95c4bffc8589">
      <Output>
        <StdOut>sandbox: PrepareForTestRun started.&#xD;
sandbox: football liveStatsApp != null: True &#xD;
sandbox: football liveStatsApp.IsProcessRunning: True &#xD;
sandbox: setupLocalData: localDatabaseProvider != null: True&#xD;
sandbox: applicationPages != null: True&#xD;
sandbox: applicationPages.Webdriver != null: True&#xD;
sandbox: finished setuping local data&#xD;
sandbox: PrepareForTestRun complete.&#xD;
Given Match started with kick off from existing game&#xD;
-&gt; done: SetupGameSteps.GivenMatchStartedWithKickOffButtonFromExistingGame() (3.2s)&#xD;
When I click on team 1 possible "Yellow"&#xD;
-&gt; done: TeamActionButtonSteps.StartPossibleCardRegistration(1, Yellow) (0.7s)&#xD;
And I click "Yellow" card button&#xD;
-&gt; done: TeamActionButtonSteps.WhenIClickCardButton("Yellow") (0.1s)&#xD;
And I confirm booking by clicking "Confirm" button&#xD;
-&gt; done: CardSteps.WhenIConfirmActionByClickingButton() (2.3s)&#xD;
And I flag and continue&#xD;
-&gt; done: WorkflowSteps.WhenIFlagAndContinue() (0.1s)&#xD;
Then 1 event in action log of type "Booking" is flagged&#xD;
Given action failed. Retrying after a timeout.&#xD;
-&gt; done: ActionLogSteps.ThenEventInActionLogOfTypeIsFlagged(1, Booking) (0.4s)&#xD;
sandbox: CleanUpAfterTestRun started.&#xD;
sandbox: application pages != null: True&#xD;
sandbox: web driver!= null: True&#xD;
sandbox: CleanUpAfterTestRun complete.</StdOut>
      </Output>
    </UnitTestResult>
    <UnitTestResult executionId="b798a86f-2e23-452f-922a-cc620e8cfa85" testId="9e95b2e2-1a82-9db2-31de-797bf7ce167a" testName="CannotSelectSameColorForBothTeams" computerName="EC2AMAZ-JEOO151" duration="00:00:03.2080000" startTime="2019-07-11T17:39:41.0000000+00:00" endTime="2019-07-11T17:39:45.0000000+00:00" testType="13cdc9d9-ddb5-4fa4-a97d-d965ccfc6d4b" outcome="Passed" testListId="8c84fa94-04c1-424b-9868-57a2d4851a1d" relativeResultsDirectory="b798a86f-2e23-452f-922a-cc620e8cfa85">
      <Output>
        <StdOut>sandbox: PrepareForTestRun started.&#xD;
sandbox: football liveStatsApp != null: True &#xD;
sandbox: football liveStatsApp.IsProcessRunning: True &#xD;
sandbox: setupLocalData: localDatabaseProvider != null: True&#xD;
sandbox: applicationPages != null: True&#xD;
sandbox: applicationPages.Webdriver != null: True&#xD;
sandbox: finished setuping local data&#xD;
sandbox: PrepareForTestRun complete.&#xD;
Given Teams tab is opened&#xD;
-&gt; done: TeamDetailsTabSteps.WhenTeamsTabIsOpened() (1.3s)&#xD;
And Team 1 Color picker is clicked&#xD;
-&gt; done: TeamDetailsTabSteps.GivenTeamColorPickerIsClicked(1) (0.2s)&#xD;
And "red" color is selected for team 1&#xD;
-&gt; done: TeamDetailsTabSteps.WhenColorIsSelectedForTeam("red", 1) (0.1s)&#xD;
When Team 2 Color picker is clicked&#xD;
-&gt; done: TeamDetailsTabSteps.GivenTeamColorPickerIsClicked(2) (0.1s)&#xD;
Then "red" color is inactive and not clickable for team 2&#xD;
-&gt; done: TeamDetailsTabSteps.ThenColorIsInactiveAndNotClickableForTeam("red", 2) (0.0s)&#xD;
sandbox: CleanUpAfterTestRun started.&#xD;
sandbox: application pages != null: True&#xD;
sandbox: web driver!= null: True&#xD;
Given action failed. Retrying after a timeout. Most likely UI was not fast enough to refresh itself.&#xD;
sandbox: CleanUpAfterTestRun complete.</StdOut>
      </Output>
    </UnitTestResult>
    <UnitTestResult executionId="4c48be47-04e8-446f-b064-7d7fe0c66b28" testId="3dcfcd25-4ae4-3f30-d7f6-68b148849149" testName="FootballSaveNoAssist" computerName="EC2AMAZ-JEOO151" duration="00:00:10.7160000" startTime="2019-07-11T18:02:17.0000000+00:00" endTime="2019-07-11T18:02:28.0000000+00:00" testType="13cdc9d9-ddb5-4fa4-a97d-d965ccfc6d4b" outcome="Passed" testListId="8c84fa94-04c1-424b-9868-57a2d4851a1d" relativeResultsDirectory="4c48be47-04e8-446f-b064-7d7fe0c66b28">
      <Output>
        <StdOut>sandbox: PrepareForTestRun started.&#xD;
sandbox: football liveStatsApp != null: True &#xD;
sandbox: football liveStatsApp.IsProcessRunning: True &#xD;
sandbox: setupLocalData: localDatabaseProvider != null: True&#xD;
sandbox: applicationPages != null: True&#xD;
sandbox: applicationPages.Webdriver != null: True&#xD;
sandbox: finished setuping local data&#xD;
sandbox: PrepareForTestRun complete.&#xD;
Given Match started with kick off from existing game&#xD;
-&gt; done: SetupGameSteps.GivenMatchStartedWithKickOffButtonFromExistingGame() (3.0s)&#xD;
And I remembered current players on pitch shirt numbers&#xD;
-&gt; done: GoalEditSteps.GivenIRememberCurrentPlayersOnPitch() (1.5s)&#xD;
Given I add a goal for team 1 player 4 assisted by player 13&#xD;
Given action failed. Retrying after a timeout.&#xD;
-&gt; done: GoalSteps.GivenIAddAGoalForTeamPlayerAssistedByPlayer(1, 4, 13) (3.8s)&#xD;
And I click goal event in action log&#xD;
-&gt; done: ActionLogSteps.GivenIClickGoalEventInActionLog() (0.3s)&#xD;
And I click "no assist" button in goal edit window&#xD;
-&gt; done: GoalEditSteps.GivenIClickNoAssistButton() (0.2s)&#xD;
When I click Save button in action edit form&#xD;
-&gt; done: EditFormSteps.ClickSaveButtonInActionEditForm() (0.6s)&#xD;
Then Assist player not visible in Goal event in Action Log&#xD;
-&gt; done: ActionLogSteps.ThenAssistPlayerNotVisibleInGoalEventInActionLog() (0.5s)&#xD;
sandbox: CleanUpAfterTestRun started.&#xD;
sandbox: application pages != null: True&#xD;
sandbox: web driver!= null: True&#xD;
sandbox: CleanUpAfterTestRun complete.</StdOut>
      </Output>
    </UnitTestResult>
    <UnitTestResult executionId="d709fadf-d8fe-46dc-b82b-06400227e368" testId="43b104e2-d8af-e3e4-9cfc-dc948d297e9c" testName="CanDeleteActionInExpandedActionLogDuringActionWorkflowAndThenContinueWorkflow" computerName="EC2AMAZ-JEOO151" duration="00:00:11.7660000" startTime="2019-07-11T18:49:10.0000000+00:00" endTime="2019-07-11T18:49:22.0000000+00:00" testType="13cdc9d9-ddb5-4fa4-a97d-d965ccfc6d4b" outcome="Passed" testListId="8c84fa94-04c1-424b-9868-57a2d4851a1d" relativeResultsDirectory="d709fadf-d8fe-46dc-b82b-06400227e368">
      <Output>
        <StdOut>sandbox: PrepareForTestRun started.&#xD;
sandbox: football liveStatsApp != null: True &#xD;
sandbox: football liveStatsApp.IsProcessRunning: True &#xD;
sandbox: setupLocalData: localDatabaseProvider != null: True&#xD;
sandbox: applicationPages != null: True&#xD;
sandbox: applicationPages.Webdriver != null: True&#xD;
sandbox: finished setuping local data&#xD;
sandbox: PrepareForTestRun complete.&#xD;
Given Match started with kick off from existing game&#xD;
-&gt; done: SetupGameSteps.GivenMatchStartedWithKickOffButtonFromExistingGame() (3.2s)&#xD;
Given GoalKick for Team 2 is registered&#xD;
Given action failed. Retrying after a timeout.&#xD;
-&gt; done: GoalKickSteps.GivenGoalKickForTeamIsRegistered(2) (1.1s)&#xD;
And "Booking" record workflow is started for team "2"&#xD;
Given action failed. Retrying after a timeout.&#xD;
-&gt; done: TeamActionButtonSteps.GivenStartedRecordWorkflow(Booking, 2) (0.6s)&#xD;
And expanded action log is opened&#xD;
-&gt; done: ActionLogSteps.WhenIClickExpandActionLogButton() (0.1s)&#xD;
When I delete latest "GoalKick" action in expanded log&#xD;
-&gt; done: ExpandedActionLogSteps.WhenIDeleteLatestActionInExpandedLog(GoalKick) (0.5s)&#xD;
And I close expanded action log page&#xD;
-&gt; done: ExpandedActionLogSteps.WhenICloseExpandedActionLogPage() (0.2s)&#xD;
And I finish current booking workflow for team "2" that has only been started&#xD;
-&gt; done: CardSteps.WhenIFinishCurrentWorkflow(2) (3.0s)&#xD;
Then latest "Booking" action is completed in action log&#xD;
-&gt; done: ActionLogSteps.ThenLatestActionIsCompletedInActionLog(Booking) (0.1s)&#xD;
And "GoalKick" action is not in action log&#xD;
-&gt; done: ActionLogSteps.ThenActionIsNotInActionLog(GoalKick) (2.1s)&#xD;
sandbox: CleanUpAfterTestRun started.&#xD;
sandbox: application pages != null: True&#xD;
sandbox: web driver!= null: True&#xD;
sandbox: CleanUpAfterTestRun complete.</StdOut>
      </Output>
    </UnitTestResult>
    <UnitTestResult executionId="329ba51d-e157-4d94-87a2-fbfacfdc327b" testId="89846cfd-29f5-2547-78e8-a8c8ecf0a09d" testName="FootballDisableVARInGoalEdit" computerName="EC2AMAZ-JEOO151" duration="00:00:10.2980000" startTime="2019-07-11T18:00:00.0000000+00:00" endTime="2019-07-11T18:00:10.0000000+00:00" testType="13cdc9d9-ddb5-4fa4-a97d-d965ccfc6d4b" outcome="Passed" testListId="8c84fa94-04c1-424b-9868-57a2d4851a1d" relativeResultsDirectory="329ba51d-e157-4d94-87a2-fbfacfdc327b">
      <Output>
        <StdOut>sandbox: PrepareForTestRun started.&#xD;
sandbox: football liveStatsApp != null: True &#xD;
sandbox: football liveStatsApp.IsProcessRunning: True &#xD;
sandbox: setupLocalData: localDatabaseProvider != null: True&#xD;
sandbox: applicationPages != null: True&#xD;
sandbox: applicationPages.Webdriver != null: True&#xD;
sandbox: finished setuping local data&#xD;
sandbox: PrepareForTestRun complete.&#xD;
Given Match started with kick off from existing game&#xD;
-&gt; done: SetupGameSteps.GivenMatchStartedWithKickOffButtonFromExistingGame() (3.2s)&#xD;
And I remembered current players on pitch shirt numbers&#xD;
-&gt; done: GoalEditSteps.GivenIRememberCurrentPlayersOnPitch() (1.7s)&#xD;
And I add a goal for team 1 player 4 assisted by player 13&#xD;
Given action failed. Retrying after a timeout.&#xD;
-&gt; done: GoalSteps.GivenIAddAGoalForTeamPlayerAssistedByPlayer(1, 4, 13) (3.8s)&#xD;
And I click goal event in action log&#xD;
-&gt; done: ActionLogSteps.GivenIClickGoalEventInActionLog() (0.4s)&#xD;
When I click "VAR" toggle&#xD;
-&gt; done: EditFormSteps.GivenIClickToggleToEnable() (0.1s)&#xD;
And I click "VAR" toggle&#xD;
-&gt; done: EditFormSteps.GivenIClickToggleToEnable() (0.1s)&#xD;
Then "Stands" outcome button is disabled&#xD;
-&gt; done: EditFormSteps.GivenStandsOutcomeButtonIsDisabled() (0.0s)&#xD;
And "Overturned" outcome button is disabled&#xD;
-&gt; done: EditFormSteps.GivenOverturnedOutcomeButtonIsDisabled() (0.0s)&#xD;
And "Foul" VAR reason button is disabled&#xD;
-&gt; done: EditFormSteps.GivenVarFoulReasonIsDisabled() (0.1s)&#xD;
And "Offence" VAR reason button is disabled&#xD;
-&gt; done: EditFormSteps.GivenVarOffenceReasonIsDisabled() (0.0s)&#xD;
And "Offside" VAR reason button is disabled&#xD;
-&gt; done: EditFormSteps.GivenVarOffsideReasonIsDisabled() (0.0s)&#xD;
sandbox: CleanUpAfterTestRun started.&#xD;
sandbox: application pages != null: True&#xD;
sandbox: web driver!= null: True&#xD;
sandbox: CleanUpAfterTestRun complete.</StdOut>
      </Output>
    </UnitTestResult>
    <UnitTestResult executionId="af0cea02-98df-461f-ab3c-3608e16499a8" testId="fccff3fd-46d8-d47f-84f5-cad0cdc16ad3" testName="EditGoalWithVARInGoalFirstStep(&quot;Offside&quot;,null)" computerName="EC2AMAZ-JEOO151" duration="00:00:07.0320000" startTime="2019-07-11T17:59:07.0000000+00:00" endTime="2019-07-11T17:59:15.0000000+00:00" testType="13cdc9d9-ddb5-4fa4-a97d-d965ccfc6d4b" outcome="Passed" testListId="8c84fa94-04c1-424b-9868-57a2d4851a1d" relativeResultsDirectory="af0cea02-98df-461f-ab3c-3608e16499a8">
      <Output>
        <StdOut>sandbox: PrepareForTestRun started.&#xD;
sandbox: football liveStatsApp != null: True &#xD;
sandbox: football liveStatsApp.IsProcessRunning: True &#xD;
sandbox: setupLocalData: localDatabaseProvider != null: True&#xD;
sandbox: applicationPages != null: True&#xD;
sandbox: applicationPages.Webdriver != null: True&#xD;
sandbox: finished setuping local data&#xD;
sandbox: PrepareForTestRun complete.&#xD;
Given Match started with kick off from existing game&#xD;
-&gt; done: SetupGameSteps.GivenMatchStartedWithKickOffButtonFromExistingGame() (3.3s)&#xD;
And I remembered current players on pitch shirt numbers&#xD;
-&gt; done: GoalEditSteps.GivenIRememberCurrentPlayersOnPitch() (1.5s)&#xD;
When I click goal for team 1 button&#xD;
Given action failed. Retrying after a timeout.&#xD;
-&gt; done: TeamActionButtonSteps.GivenIClickGoalForTeamButton(1) (0.5s)&#xD;
And I click "Possible VAR" button in workflow&#xD;
-&gt; done: WorkflowSteps.WhenIClickPossibleVarButtonInWorkflow() (0.1s)&#xD;
And I click var "Offside" button&#xD;
-&gt; done: WorkflowSteps.WhenIClickVarButton("Offside") (0.2s)&#xD;
And I click var confirmation "no" button&#xD;
-&gt; done: WorkflowSteps.WhenIClickVarConfirmationButton("no") (0.2s)&#xD;
And I click goal event in action log&#xD;
-&gt; done: ActionLogSteps.GivenIClickGoalEventInActionLog() (0.3s)&#xD;
Then Var outcome Overturned is selected&#xD;
-&gt; done: EditFormSteps.ThenVarOutcomeOverturnedIsSelected() (0.1s)&#xD;
And "Offside" VAR reason is selected&#xD;
-&gt; done: EditFormSteps.GivenVarReasonIsSelected("Offside") (0.0s)&#xD;
sandbox: CleanUpAfterTestRun started.&#xD;
sandbox: application pages != null: True&#xD;
sandbox: web driver!= null: True&#xD;
sandbox: CleanUpAfterTestRun complete.</StdOut>
      </Output>
    </UnitTestResult>
    <UnitTestResult executionId="9e2d492c-e39f-4e29-a8ef-44ba3cd65131" testId="d764fe56-9d66-34f9-b0fd-99b23d98d7e6" testName="SelectLocationForPenaltyGoal(&quot;2&quot;,&quot;1&quot;,&quot;10&quot;,&quot;50&quot;,&quot;8&quot;,&quot;11&quot;,null)" computerName="EC2AMAZ-JEOO151" duration="00:00:16.0150000" startTime="2019-07-11T19:10:24.0000000+00:00" endTime="2019-07-11T19:10:40.0000000+00:00" testType="13cdc9d9-ddb5-4fa4-a97d-d965ccfc6d4b" outcome="Passed" testListId="8c84fa94-04c1-424b-9868-57a2d4851a1d" relativeResultsDirectory="9e2d492c-e39f-4e29-a8ef-44ba3cd65131">
      <Output>
        <StdOut>sandbox: PrepareForTestRun started.&#xD;
sandbox: football liveStatsApp != null: True &#xD;
sandbox: football liveStatsApp.IsProcessRunning: True &#xD;
sandbox: setupLocalData: localDatabaseProvider != null: True&#xD;
sandbox: applicationPages != null: True&#xD;
sandbox: applicationPages.Webdriver != null: True&#xD;
sandbox: finished setuping local data&#xD;
sandbox: PrepareForTestRun complete.&#xD;
Given Match started with kick off from existing game&#xD;
-&gt; done: SetupGameSteps.GivenMatchStartedWithKickOffButtonFromExistingGame() (3.4s)&#xD;
When I click "Possible Penalty" button for team 2&#xD;
Given action failed. Retrying after a timeout.&#xD;
-&gt; done: TeamActionButtonSteps.GivenIClickPossiblePenaltyButtonForTeam(2) (0.8s)&#xD;
And I confirm penalty by clicking "Confirm" button&#xD;
-&gt; done: PenaltySteps.WhenIConfirmPenaltyByClickingButton() (2.3s)&#xD;
And I click on pitch x 10 and y 50&#xD;
Failed to find element with query '[data-qa='activePitchOverlay']'. Web driver timeout exception.&#xD;
Given action failed. Retrying after a timeout.&#xD;
Failed to find element with query '[data-qa='activePitchOverlay']'. Web driver timeout exception.&#xD;
-&gt; done: PitchScreenSteps.WhenIClickOnPitch(10, 50) (4.5s)&#xD;
And I click "Foul" reason button&#xD;
-&gt; done: CardSteps.WhenIClickReasonButton("Foul") (0.2s)&#xD;
And I click on team 1 player on pitch with shirt number 8&#xD;
-&gt; done: PitchPlayersComponentSteps.WhenIClickOnTeamPlayerOnPitchWithShirtNumber(1, 8) (0.3s)&#xD;
And I click on team 2 player on pitch with shirt number 11&#xD;
-&gt; done: PitchPlayersComponentSteps.WhenIClickOnTeamPlayerOnPitchWithShirtNumber(2, 11) (0.4s)&#xD;
And I click "Penalty Goal" Button&#xD;
-&gt; done: PenaltySteps.WhenIClickPenaltyGoalButton() (0.2s)&#xD;
And I confirm penalty goal by clicking on "Confirm" button&#xD;
-&gt; done: GoalSteps.WhenIConfirmGoalByClickingOnButton() (2.4s)&#xD;
And I click on net x "50" and y "40"&#xD;
-&gt; done: NetSectionSteps.WhenIClickOnNetXAndY(50, 40) (0.1s)&#xD;
Then Kickoff prompt for team 1 is shown&#xD;
-&gt; done: GoalSteps.ThenKickoffPromptForTeamIsShown(1) (0.3s)&#xD;
And Latest "Penalty" event is completed&#xD;
-&gt; done: ActionLogSteps.ThenLatestEventIsConfirmed(Penalty) (0.1s)&#xD;
And Score is 1 for team 2&#xD;
-&gt; done: ScoreBoardSteps.ThenScoreIsForTeam(1, 2) (0.1s)&#xD;
And Score is 0 for team 1&#xD;
-&gt; done: ScoreBoardSteps.ThenScoreIsForTeam(0, 1) (0.1s)&#xD;
And Ball icon is shown on player on pitch with shirt number 11 of team 2&#xD;
-&gt; done: PitchPlayersComponentSteps.ThenBallIconIsShownOnPlayerOnPitchWithShirtNumberOfTeamButton(11, 2) (0.2s)&#xD;
And Player on pitch 9 of team 2 is shown in Penalty of "Penalty" event in action log&#xD;
-&gt; done: ActionLogSteps.ThenPlayerOnPitchOfTeamIsShownInGoalOfEventInActionLog(9, 2, "Penalty", Penalty) (0.2s)&#xD;
sandbox: CleanUpAfterTestRun started.&#xD;
sandbox: application pages != null: True&#xD;
sandbox: web driver!= null: True&#xD;
sandbox: CleanUpAfterTestRun complete.</StdOut>
      </Output>
    </UnitTestResult>
    <UnitTestResult executionId="bedfdc55-e5c7-492a-8804-d5a72dd9be6c" testId="21129496-8354-770c-d142-9273caacb65e" testName="SelectTeamAndGoalTypeInGoalInsert(&quot;2&quot;,&quot;Left Foot&quot;,null)" computerName="EC2AMAZ-JEOO151" duration="00:00:16.7860000" startTime="2019-07-11T18:25:19.0000000+00:00" endTime="2019-07-11T18:25:36.0000000+00:00" testType="13cdc9d9-ddb5-4fa4-a97d-d965ccfc6d4b" outcome="Passed" testListId="8c84fa94-04c1-424b-9868-57a2d4851a1d" relativeResultsDirectory="bedfdc55-e5c7-492a-8804-d5a72dd9be6c">
      <Output>
        <StdOut>sandbox: PrepareForTestRun started.&#xD;
sandbox: football liveStatsApp != null: True &#xD;
sandbox: football liveStatsApp.IsProcessRunning: True &#xD;
sandbox: setupLocalData: localDatabaseProvider != null: True&#xD;
sandbox: applicationPages != null: True&#xD;
sandbox: applicationPages.Webdriver != null: True&#xD;
sandbox: finished setuping local data&#xD;
sandbox: PrepareForTestRun complete.&#xD;
Given Match started with kick off from existing game&#xD;
-&gt; done: SetupGameSteps.GivenMatchStartedWithKickOffButtonFromExistingGame() (3.3s)&#xD;
And "Top right" corner added for Team 1&#xD;
Given action failed. Retrying after a timeout.&#xD;
-&gt; done: CornerSteps.GivenCornerAddedForTeam("Top right", 1) (3.3s)&#xD;
And "Yellow" Card for Team 1 is registered&#xD;
Given action failed. Retrying after a timeout.&#xD;
-&gt; done: CardSteps.GivenCardForTeamIsRegistered(Yellow, 1) (3.3s)&#xD;
And I clicked on latest "Corner" event in action log&#xD;
-&gt; done: ActionLogSteps.GivenIClickOnLatestEventInActionLog(Corner) (0.2s)&#xD;
And I entered new conceded event time of "0030"&#xD;
-&gt; done: EditFormSteps.GivenIEnterNewConcededEventTimeOf("0030") (1.0s)&#xD;
And I clicked Save button in action edit form&#xD;
-&gt; done: EditFormSteps.ClickSaveButtonInActionEditForm() (0.6s)&#xD;
And I remembered current players on pitch shirt numbers&#xD;
-&gt; done: GoalEditSteps.GivenIRememberCurrentPlayersOnPitch() (1.1s)&#xD;
When I click Expand Action log button&#xD;
-&gt; done: ActionLogSteps.WhenIClickExpandActionLogButton() (0.1s)&#xD;
And I click last action in expanded action log&#xD;
-&gt; done: ExpandedActionLogSteps.WhenIClickLastActionInExpandedActionLog() (0.1s)&#xD;
And I click insert after button in expanded action log&#xD;
-&gt; done: ExpandedActionLogSteps.WhenIClickInsertAfterButtonInExpandedActionLog() (0.1s)&#xD;
And I click insert Goal button in insert after dropdown&#xD;
-&gt; done: ExpandedActionLogSteps.WhenIClickInsertGoalButtonInInsertAfterDropdown() (0.1s)&#xD;
And I click "2" team in Goal by Team&#xD;
-&gt; done: GoalEditSteps.GivenIClickTeamInShotByTeam(2) (0.1s)&#xD;
And I click "goal" button in insert window&#xD;
-&gt; done: GoalEditSteps.GivenIClickShotResultGoalButton() (0.0s)&#xD;
And I click "shot type" button in insert window&#xD;
-&gt; done: GoalEditSteps.GivenIClickShotTypeButton() (0.0s)&#xD;
And I click "Left Foot" button in expanded shot type dialog&#xD;
-&gt; done: ExpandedShotTypeDialogSteps.GivenIClickButtonInExpandedShotTypeDialog("Left Foot") (0.2s)&#xD;
Then shot by team "2" button color is updated to "2" team color&#xD;
-&gt; done: GoalEditSteps.ThenShotByTeamColorIsUpdatedToTeamColor(2, 2) (0.0s)&#xD;
And "2" team players are visible in Who scored&#xD;
-&gt; done: GoalEditSteps.ThenTeamPlayersAreVisibleInWhoScored(2) (2.1s)&#xD;
And Shot type button is set to "Left Foot"&#xD;
-&gt; done: GoalEditSteps.ThenShotTypeButtonIsSetTo("Left Foot") (0.1s)&#xD;
And "shot type" button color is updated to team id "2" color&#xD;
-&gt; done: GoalEditSteps.ThenShotTypeButtonColorIsUpdatedToTeamIdColor(2) (0.1s)&#xD;
sandbox: CleanUpAfterTestRun started.&#xD;
sandbox: application pages != null: True&#xD;
sandbox: web driver!= null: True&#xD;
sandbox: CleanUpAfterTestRun complete.</StdOut>
      </Output>
    </UnitTestResult>
    <UnitTestResult executionId="0328d8d6-386e-46b8-b8cb-40afaec4b308" testId="f6b58679-db5b-fa3e-70d9-54d38f0abf03" testName="InsertOffenceFreeKickWithPlayersFromExpandedTeamListAfterLastEvent" computerName="EC2AMAZ-JEOO151" duration="00:00:19.0820000" startTime="2019-07-11T18:15:41.0000000+00:00" endTime="2019-07-11T18:16:00.0000000+00:00" testType="13cdc9d9-ddb5-4fa4-a97d-d965ccfc6d4b" outcome="Passed" testListId="8c84fa94-04c1-424b-9868-57a2d4851a1d" relativeResultsDirectory="0328d8d6-386e-46b8-b8cb-40afaec4b308">
      <Output>
        <StdOut>sandbox: PrepareForTestRun started.&#xD;
sandbox: football liveStatsApp != null: True &#xD;
sandbox: football liveStatsApp.IsProcessRunning: True &#xD;
sandbox: setupLocalData: localDatabaseProvider != null: True&#xD;
sandbox: applicationPages != null: True&#xD;
sandbox: applicationPages.Webdriver != null: True&#xD;
sandbox: finished setuping local data&#xD;
sandbox: PrepareForTestRun complete.&#xD;
Given Match started with kick off from existing game&#xD;
-&gt; done: SetupGameSteps.GivenMatchStartedWithKickOffButtonFromExistingGame() (3.3s)&#xD;
And "Yellow" Card for Team 1 is registered&#xD;
Given action failed. Retrying after a timeout.&#xD;
-&gt; done: CardSteps.GivenCardForTeamIsRegistered(Yellow, 1) (3.6s)&#xD;
And Throw in added for Team 1&#xD;
Given action failed. Retrying after a timeout.&#xD;
-&gt; done: ThrowInEditSteps.GivenThrowInAddedForTeam(1) (0.8s)&#xD;
And I clicked on latest "ThrowIn" event in action log&#xD;
-&gt; done: ActionLogSteps.GivenIClickOnLatestEventInActionLog(ThrowIn) (0.2s)&#xD;
And I entered new conceded event time of "0030"&#xD;
-&gt; done: EditFormSteps.GivenIEnterNewConcededEventTimeOf("0030") (1.0s)&#xD;
And I clicked Save button in action edit form&#xD;
-&gt; done: EditFormSteps.ClickSaveButtonInActionEditForm() (0.6s)&#xD;
Given I remembered current players on pitch shirt numbers&#xD;
-&gt; done: GoalEditSteps.GivenIRememberCurrentPlayersOnPitch() (1.2s)&#xD;
When I click Expand Action log button&#xD;
-&gt; done: ActionLogSteps.WhenIClickExpandActionLogButton() (0.1s)&#xD;
And I insert "FreeKick" after last action in expanded action log&#xD;
-&gt; done: ExpandedActionLogSteps.WhenIInsertPenaltyAfterLastActionInExpandedActionLog(FreeKick) (0.4s)&#xD;
And I enter new conceded event time of "0035"&#xD;
-&gt; done: EditFormSteps.GivenIEnterNewConcededEventTimeOf("0035") (1.0s)&#xD;
And I enter new taken event time of "0036"&#xD;
-&gt; done: EditFormSteps.GivenIEnterNewTakenEventTimeOf("0036") (1.0s)&#xD;
And I click "offence" reason in free kick page&#xD;
-&gt; done: FreeKickEditSteps.WhenIClickButtonInExpandedFreeKickReasonsDialog("offence") (0.1s)&#xD;
And I click Team 2 in edit screen&#xD;
-&gt; done: EditFormSteps.GivenIClickTeamInEditScreen(2) (0.1s)&#xD;
And I click fouled by team list button in freekick edit&#xD;
-&gt; done: FreeKickEditSteps.WhenIClickFouledByTeamListButtonInFreekickEdit() (0.1s)&#xD;
And I click fouled by player by shirt number 6 in expanded players dialog&#xD;
-&gt; done: FreeKickEditSteps.WhenIClickFouledByPlayerByShirtNumberInExpandedPlayersDialog(6) (0.4s)&#xD;
And I click fouled on team list button in freekick edit&#xD;
-&gt; done: FreeKickEditSteps.WhenIClickFouledOnTeamListButtonInFreekickEdit() (0.2s)&#xD;
And I click fouled on player by shirt number 10 in expanded players dialog&#xD;
-&gt; done: FreeKickEditSteps.WhenIClickFouledOnPlayerByShirtNumberInExpandedPlayersDialog(10) (0.4s)&#xD;
And I click "Set" button for Free Kick location&#xD;
-&gt; done: FreeKickEditSteps.WhenIClickButtonForFreeKickLocation() (0.1s)&#xD;
And I click on expanded pitch view x 75 y 25&#xD;
-&gt; done: ExpandedPitchPositionDialogSteps.GivenIClickOnExpandedPitchViewXY(75, 25) (0.1s)&#xD;
And I click "Proceed" button on expanded pitch view&#xD;
-&gt; done: ExpandedPitchPositionDialogSteps.GivenIClickButtonOnExpandedPitchView("Proceed") (0.1s)&#xD;
And I click "Set" button for Ball Landing location in freekick edit&#xD;
-&gt; done: FreeKickEditSteps.WhenIClickButtonForBallLandingLocationInFreekickEdit() (0.1s)&#xD;
And I click on expanded pitch view x 80 y 10&#xD;
-&gt; done: ExpandedPitchPositionDialogSteps.GivenIClickOnExpandedPitchViewXY(80, 10) (0.1s)&#xD;
And I click "Proceed" button on expanded pitch view&#xD;
-&gt; done: ExpandedPitchPositionDialogSteps.GivenIClickButtonOnExpandedPitchView("Proceed") (0.1s)&#xD;
And I click Save button in action edit form&#xD;
-&gt; done: EditFormSteps.ClickSaveButtonInActionEditForm() (0.6s)&#xD;
Then freeKick insert view is not visible&#xD;
Failed to find element with query '[data-qa='freeKickEditScreen']'. Web driver timeout exception.&#xD;
-&gt; done: FreeKickEditSteps.ThenFreeKickInsertViewIsNotVisible() (2.0s)&#xD;
And "Offence" Action is displayed at 2 in expanded action log&#xD;
-&gt; done: ExpandedActionLogSteps.ThenGoalActionIsDisplayedAtInExpandedActionLog("Offence", 2) (0.1s)&#xD;
And Action at position 2 contains team 1 name&#xD;
-&gt; done: ExpandedActionLogSteps.ThenActionAtPositionContainsTeam(2, 1) (0.0s)&#xD;
And Action at position 2 player is displayed as 6 on "1" team&#xD;
-&gt; done: ExpandedActionLogSteps.ThenActionAtPositionPlayerIsDisplayedAs(2, 6, 1) (0.1s)&#xD;
And "Free kick" Action is displayed at 1 in expanded action log&#xD;
-&gt; done: ExpandedActionLogSteps.ThenGoalActionIsDisplayedAtInExpandedActionLog("Free kick", 1) (0.0s)&#xD;
And Action at position 1 half is displayed as "H1"&#xD;
-&gt; done: ExpandedActionLogSteps.ThenActionAtPositionHalfIsDisplayedAs(1, "H1") (0.0s)&#xD;
And Action at position 1 time is displayed as "00:35"&#xD;
-&gt; done: ExpandedActionLogSteps.ThenActionAtPositionTimeIsDisplayedAs(1, "00:35") (0.0s)&#xD;
And Action at position 1 first qualifier is displayed as "Offence"&#xD;
-&gt; done: ExpandedActionLogSteps.ThenActionAtPositionFirstQualifiedIsDisplayedAs(1, "Offence") (0.0s)&#xD;
And Action at position 1 do not have second qualifier&#xD;
-&gt; done: ExpandedActionLogSteps.ThenActionAtPositionDoNotHaveSecondQualifier(1) (0.0s)&#xD;
And Action at position 1 contains team 2 name&#xD;
-&gt; done: ExpandedActionLogSteps.ThenActionAtPositionContainsTeam(1, 2) (0.1s)&#xD;
And Action at position 1 player is displayed as 10 on "2" team&#xD;
-&gt; done: ExpandedActionLogSteps.ThenActionAtPositionPlayerIsDisplayedAs(1, 10, 2) (0.1s)&#xD;
And Action at position 1 do not have score&#xD;
-&gt; done: ExpandedActionLogSteps.ThenActionAtPositionDoNotHaveScore(1) (0.0s)&#xD;
sandbox: CleanUpAfterTestRun started.&#xD;
sandbox: application pages != null: True&#xD;
sandbox: web driver!= null: True&#xD;
sandbox: CleanUpAfterTestRun complete.</StdOut>
      </Output>
    </UnitTestResult>
    <UnitTestResult executionId="dd5a194b-9961-4727-ab75-2b66fb966988" testId="78a6a2a0-b36c-dab2-3954-d5bf8b33e3c2" testName="GivenActionRegistered_WhenDeletingFromExpandedActionLog_ThenDeletedPitchLog(ThrowIn)" computerName="EC2AMAZ-JEOO151" duration="00:00:10.1830000" startTime="2019-07-11T20:18:37.0000000+00:00" endTime="2019-07-11T20:18:47.0000000+00:00" testType="13cdc9d9-ddb5-4fa4-a97d-d965ccfc6d4b" outcome="Passed" testListId="8c84fa94-04c1-424b-9868-57a2d4851a1d" relativeResultsDirectory="dd5a194b-9961-4727-ab75-2b66fb966988">
      <Output>
        <StdOut>sandbox: PrepareForTestRun started.&#xD;
sandbox: football liveStatsApp != null: True &#xD;
sandbox: football liveStatsApp.IsProcessRunning: True &#xD;
sandbox: setupLocalData: localDatabaseProvider != null: True&#xD;
sandbox: applicationPages != null: True&#xD;
sandbox: applicationPages.Webdriver != null: True&#xD;
sandbox: finished setuping local data&#xD;
sandbox: PrepareForTestRun complete.&#xD;
Given action failed. Retrying after a timeout.&#xD;
sandbox: CleanUpAfterTestRun started.&#xD;
sandbox: application pages != null: True&#xD;
sandbox: web driver!= null: True&#xD;
sandbox: CleanUpAfterTestRun complete.</StdOut>
      </Output>
    </UnitTestResult>
    <UnitTestResult executionId="aca7a534-709e-4343-9a31-578adabec074" testId="d0322b3e-7253-35eb-8bae-9a60a92b4189" testName="GivenFootballReportsOpened_WhenOpeningReport_ReportPreviewIsShown(&quot;Team 1 Squad List&quot;)" computerName="EC2AMAZ-JEOO151" duration="00:00:06.0350000" startTime="2019-07-11T21:45:05.0000000+00:00" endTime="2019-07-11T21:45:11.0000000+00:00" testType="13cdc9d9-ddb5-4fa4-a97d-d965ccfc6d4b" outcome="Passed" testListId="8c84fa94-04c1-424b-9868-57a2d4851a1d" relativeResultsDirectory="aca7a534-709e-4343-9a31-578adabec074">
      <Output>
        <StdOut>sandbox: PrepareForTestRun started.&#xD;
sandbox: football liveStatsApp != null: True &#xD;
sandbox: football liveStatsApp.IsProcessRunning: True &#xD;
sandbox: setupLocalData: localDatabaseProvider != null: True&#xD;
sandbox: applicationPages != null: True&#xD;
sandbox: applicationPages.Webdriver != null: True&#xD;
sandbox: finished setuping local data&#xD;
sandbox: PrepareForTestRun complete.&#xD;
sandbox: CleanUpAfterTestRun started.&#xD;
sandbox: application pages != null: True&#xD;
sandbox: web driver!= null: True&#xD;
sandbox: CleanUpAfterTestRun complete.</StdOut>
      </Output>
    </UnitTestResult>
    <UnitTestResult executionId="315a1124-11d5-4592-aa79-fac6ca1fea68" testId="650d82de-f0bc-2e5d-bdaa-c729bd3dce92" testName="ChangeVARFromOverturnedToStandsOnCardEdit" computerName="EC2AMAZ-JEOO151" duration="00:00:08.3640000" startTime="2019-07-11T17:49:20.0000000+00:00" endTime="2019-07-11T17:49:28.0000000+00:00" testType="13cdc9d9-ddb5-4fa4-a97d-d965ccfc6d4b" outcome="Passed" testListId="8c84fa94-04c1-424b-9868-57a2d4851a1d" relativeResultsDirectory="315a1124-11d5-4592-aa79-fac6ca1fea68">
      <Output>
        <StdOut>sandbox: PrepareForTestRun started.&#xD;
sandbox: football liveStatsApp != null: True &#xD;
sandbox: football liveStatsApp.IsProcessRunning: True &#xD;
sandbox: setupLocalData: localDatabaseProvider != null: True&#xD;
sandbox: applicationPages != null: True&#xD;
sandbox: applicationPages.Webdriver != null: True&#xD;
sandbox: finished setuping local data&#xD;
sandbox: PrepareForTestRun complete.&#xD;
Given Match started with kick off from existing game&#xD;
-&gt; done: SetupGameSteps.GivenMatchStartedWithKickOffButtonFromExistingGame() (3.3s)&#xD;
And I remembered current players on pitch shirt numbers&#xD;
-&gt; done: GoalEditSteps.GivenIRememberCurrentPlayersOnPitch() (1.6s)&#xD;
When I click on team 1 possible "Yellow"&#xD;
Given action failed. Retrying after a timeout.&#xD;
-&gt; done: TeamActionButtonSteps.StartPossibleCardRegistration(1, Yellow) (0.5s)&#xD;
And I click "Possible VAR" button in workflow&#xD;
-&gt; done: WorkflowSteps.WhenIClickPossibleVarButtonInWorkflow() (0.1s)&#xD;
And I click var confirmation "no" button&#xD;
-&gt; done: WorkflowSteps.WhenIClickVarConfirmationButton("no") (0.3s)&#xD;
And I click on 1 of type "Booking" event in action log&#xD;
-&gt; done: ActionLogSteps.GivenIClickOnLatestEventInActionLog(1, Booking) (0.4s)&#xD;
And I click Var "Stands" button&#xD;
-&gt; done: EditFormSteps.WhenIClickVarStandsButton() (0.1s)&#xD;
And I click "select reason for card" button in card edit page&#xD;
-&gt; done: CardEditSteps.WhenIClickButtonInCardEditPage() (0.0s)&#xD;
And I click "Dissent" reason button&#xD;
-&gt; done: CardSteps.WhenIClickReasonButton("Dissent") (0.1s)&#xD;
And I select player with shirt number 4 in to receive the card in card edit page&#xD;
-&gt; done: CardEditSteps.WhenISelectPlayerInToReceiveTheCardInCardEditPage(4) (0.1s)&#xD;
And I click Save button in action edit form&#xD;
-&gt; done: EditFormSteps.ClickSaveButtonInActionEditForm() (0.6s)&#xD;
Then VAR label is shown in Booking event action log&#xD;
-&gt; done: ActionLogSteps.ThenOffenceIsShownInPenaltyEventActionLog("VAR", Booking) (0.1s)&#xD;
And VAR label of "Booking" event in action log contains "Card Stands" message&#xD;
-&gt; done: ActionLogSteps.ThenSubItemOfEventInActionLogIsInTeamColor("VAR", Booking, "Card Stands") (0.1s)&#xD;
And Player on pitch by shirt number 4 of team 1 is shown in YELLOW of "Booking" event in action log&#xD;
-&gt; done: ActionLogSteps.ThenPlayerOnPitchByShirtNumberOfTeamIsShownInGoalOfEventInActionLog(4, 1, "YELLOW", Booking) (0.2s)&#xD;
sandbox: CleanUpAfterTestRun started.&#xD;
sandbox: application pages != null: True&#xD;
sandbox: web driver!= null: True&#xD;
sandbox: CleanUpAfterTestRun complete.</StdOut>
      </Output>
    </UnitTestResult>
    <UnitTestResult executionId="d4b9872e-8106-4702-b1e5-1275ffe970ff" testId="a7cc8d2f-f2a8-e6d5-c67c-4e711d1cff3a" testName="FiltersCanBeAppliedDuringActiveGoalKickWorkflow" computerName="EC2AMAZ-JEOO151" duration="00:00:07.8280000" startTime="2019-07-11T19:37:01.0000000+00:00" endTime="2019-07-11T19:37:09.0000000+00:00" testType="13cdc9d9-ddb5-4fa4-a97d-d965ccfc6d4b" outcome="Passed" testListId="8c84fa94-04c1-424b-9868-57a2d4851a1d" relativeResultsDirectory="d4b9872e-8106-4702-b1e5-1275ffe970ff">
      <Output>
        <StdOut>sandbox: PrepareForTestRun started.&#xD;
sandbox: football liveStatsApp != null: True &#xD;
sandbox: football liveStatsApp.IsProcessRunning: True &#xD;
sandbox: setupLocalData: localDatabaseProvider != null: True&#xD;
sandbox: applicationPages != null: True&#xD;
sandbox: applicationPages.Webdriver != null: True&#xD;
sandbox: finished setuping local data&#xD;
sandbox: PrepareForTestRun complete.&#xD;
Given Match started with kick off from existing game&#xD;
-&gt; done: SetupGameSteps.GivenMatchStartedWithKickOffButtonFromExistingGame() (3.6s)&#xD;
Given Freekick for Team 1 is registered&#xD;
-&gt; done: FreeKickSteps.GivenFreekickForTeamIsRegistered(1) (2.0s)&#xD;
And I clicked "GoalKick" button for team1&#xD;
-&gt; done: TeamActionButtonSteps.GivenIClickButtonForTeam(1) (0.5s)&#xD;
When I click on latest "FreeKick" event in action log&#xD;
-&gt; done: ActionLogSteps.GivenIClickOnLatestEventInActionLog(FreeKick) (0.1s)&#xD;
And I click Flag &amp; Save button in action edit form&#xD;
-&gt; done: EditFormSteps.ClickFlagAndSaveInActionEditForm() (0.4s)&#xD;
And I activate flagged items filter in action log&#xD;
-&gt; done: ActionLogSteps.WhenIActiveFlaggedItemsFilterInActionLog() (0.1s)&#xD;
Then action log contains "1" items&#xD;
-&gt; done: ActionLogSteps.ThenActionLogContainsItems(1) (0.0s)&#xD;
And 1 event in action log is of type "FreeKick"&#xD;
-&gt; done: ActionLogSteps.ThenEventInActionLogIsOfType(1, FreeKick) (0.0s)&#xD;
And Notification "Indicate where the goal kick is taken from..." is shown&#xD;
-&gt; done: PitchBottomMessageBarSteps.ThenIsShown("Indicate where th...") (0.1s)&#xD;
sandbox: CleanUpAfterTestRun started.&#xD;
sandbox: application pages != null: True&#xD;
sandbox: web driver!= null: True&#xD;
sandbox: CleanUpAfterTestRun complete.</StdOut>
      </Output>
    </UnitTestResult>
    <UnitTestResult executionId="1a132e39-97fe-4817-82fc-95904dd8633b" testId="afd053cf-5555-93d1-4d34-26f29d829b46" testName="NoOnVARBeforeConfirmingCard(&quot;2&quot;,&quot;Red&quot;,&quot;1&quot;,null)" computerName="EC2AMAZ-JEOO151" duration="00:00:06.4490000" startTime="2019-07-11T19:53:16.0000000+00:00" endTime="2019-07-11T19:53:23.0000000+00:00" testType="13cdc9d9-ddb5-4fa4-a97d-d965ccfc6d4b" outcome="Passed" testListId="8c84fa94-04c1-424b-9868-57a2d4851a1d" relativeResultsDirectory="1a132e39-97fe-4817-82fc-95904dd8633b">
      <Output>
        <StdOut>sandbox: PrepareForTestRun started.&#xD;
sandbox: football liveStatsApp != null: True &#xD;
sandbox: football liveStatsApp.IsProcessRunning: True &#xD;
sandbox: setupLocalData: localDatabaseProvider != null: True&#xD;
sandbox: applicationPages != null: True&#xD;
sandbox: applicationPages.Webdriver != null: True&#xD;
sandbox: finished setuping local data&#xD;
sandbox: PrepareForTestRun complete.&#xD;
Given Match started with kick off from existing game&#xD;
-&gt; done: SetupGameSteps.GivenMatchStartedWithKickOffButtonFromExistingGame() (3.3s)&#xD;
When I click on team 2 possible "Red"&#xD;
-&gt; done: TeamActionButtonSteps.StartPossibleCardRegistration(2, Red) (0.6s)&#xD;
And I click "Red" card button&#xD;
-&gt; done: TeamActionButtonSteps.WhenIClickCardButton("Red") (0.1s)&#xD;
And I click "Possible VAR" button in workflow&#xD;
-&gt; done: WorkflowSteps.WhenIClickPossibleVarButtonInWorkflow() (0.1s)&#xD;
And I click var confirmation "no" button&#xD;
-&gt; done: WorkflowSteps.WhenIClickVarConfirmationButton("no") (0.2s)&#xD;
Then VAR label is shown in Booking event action log&#xD;
-&gt; done: ActionLogSteps.ThenOffenceIsShownInPenaltyEventActionLog("VAR", Booking) (0.3s)&#xD;
And Latest "Booking" event is completed&#xD;
-&gt; done: ActionLogSteps.ThenLatestEventIsConfirmed(Booking) (0.1s)&#xD;
And VAR label of "Booking" event in action log is in team 2 color&#xD;
-&gt; done: ActionLogSteps.ThenSubItemOfEventInActionLogIsInTeamColor("VAR", Booking, 2) (0.1s)&#xD;
And VAR label of "Booking" event in action log contains "Card Overturned" message&#xD;
-&gt; done: ActionLogSteps.ThenSubItemOfEventInActionLogIsInTeamColor("VAR", Booking, "Card Overturned") (0.1s)&#xD;
And Action Buttons are enabled&#xD;
-&gt; done: TeamActionButtonSteps.ThenActionButtonsAreEnabled() (0.7s)&#xD;
sandbox: CleanUpAfterTestRun started.&#xD;
sandbox: application pages != null: True&#xD;
sandbox: web driver!= null: True&#xD;
sandbox: CleanUpAfterTestRun complete.</StdOut>
      </Output>
    </UnitTestResult>
    <UnitTestResult executionId="981c6afc-584e-4f21-b3cb-6ed65a553ee5" testId="645818c3-0cd1-93a6-da6f-59b97404a77f" testName="GivenStatisticianForm_WhenEnteringCorrectDetails_ThenSuccessfulRegistration" computerName="EC2AMAZ-JEOO151" duration="00:00:07.4750000" startTime="2019-07-11T20:12:35.0000000+00:00" endTime="2019-07-11T20:12:43.0000000+00:00" testType="13cdc9d9-ddb5-4fa4-a97d-d965ccfc6d4b" outcome="Passed" testListId="8c84fa94-04c1-424b-9868-57a2d4851a1d" relativeResultsDirectory="981c6afc-584e-4f21-b3cb-6ed65a553ee5">
      <Output>
        <StdOut>sandbox: PrepareForTestRun started.&#xD;
sandbox: football liveStatsApp != null: True &#xD;
sandbox: football liveStatsApp.IsProcessRunning: True &#xD;
sandbox: setupLocalData: localDatabaseProvider != null: True&#xD;
sandbox: applicationPages != null: True&#xD;
sandbox: applicationPages.Webdriver != null: True&#xD;
sandbox: finished setuping local data&#xD;
sandbox: PrepareForTestRun complete.&#xD;
Failed to find element with query '[data-qa='statisticianRegistrationForm']'. Web driver timeout exception.&#xD;
sandbox: CleanUpAfterTestRun started.&#xD;
sandbox: application pages != null: True&#xD;
sandbox: web driver!= null: True&#xD;
Given action failed. Retrying after a timeout. Most likely UI was not fast enough to refresh itself.&#xD;
sandbox: CleanUpAfterTestRun complete.</StdOut>
      </Output>
    </UnitTestResult>
    <UnitTestResult executionId="0abd64e1-e0fe-4018-8214-4dd2e46ed43c" testId="ed74c1f6-013f-852c-71ed-0a26c2719037" testName="InsertingCorrectSubBeforeFlaggedActionUnflagsIt" computerName="EC2AMAZ-JEOO151" duration="00:00:09.9650000" startTime="2019-07-11T19:49:37.0000000+00:00" endTime="2019-07-11T19:49:46.0000000+00:00" testType="13cdc9d9-ddb5-4fa4-a97d-d965ccfc6d4b" outcome="Passed" testListId="8c84fa94-04c1-424b-9868-57a2d4851a1d" relativeResultsDirectory="0abd64e1-e0fe-4018-8214-4dd2e46ed43c">
      <Output>
        <StdOut>sandbox: PrepareForTestRun started.&#xD;
sandbox: football liveStatsApp != null: True &#xD;
sandbox: football liveStatsApp.IsProcessRunning: True &#xD;
sandbox: setupLocalData: localDatabaseProvider != null: True&#xD;
sandbox: applicationPages != null: True&#xD;
sandbox: applicationPages.Webdriver != null: True&#xD;
sandbox: finished setuping local data&#xD;
sandbox: PrepareForTestRun complete.&#xD;
Given Match started with kick off from existing game&#xD;
-&gt; done: SetupGameSteps.GivenMatchStartedWithKickOffButtonFromExistingGame() (3.2s)&#xD;
And I remembered current players on pitch shirt numbers&#xD;
-&gt; done: GoalEditSteps.GivenIRememberCurrentPlayersOnPitch() (1.5s)&#xD;
Given expanded action log is opened&#xD;
-&gt; done: ActionLogSteps.WhenIClickExpandActionLogButton() (0.1s)&#xD;
When I insert Goal after last action in expanded action log from "1" team with player with shirt number "20"&#xD;
-&gt; done: GoalSteps.WhenIInsertGoalAfterLastActionInExpandedActionLogFromTeamWithScorerWithShirtAndNoAssist(1, 20) (2.7s)&#xD;
And I insert "Substitute" before "Goal"&#xD;
-&gt; done: ExpandedActionLogSteps.WhenIInsertBefore(Substitute, Goal) (0.3s)&#xD;
And I click team 1 in edit form&#xD;
-&gt; done: EditFormSteps.WhenIClickTeamInEditForm(1) (0.1s)&#xD;
And I click player with shirt number 20 from "bench" list&#xD;
-&gt; done: SubstitutionEditSteps.WhenIClickPlayerWithShirtNumberFromList(20, "bench") (0.1s)&#xD;
And I click player with shirt number 4 from "pitch" list&#xD;
-&gt; done: SubstitutionEditSteps.WhenIClickPlayerWithShirtNumberFromList(4, "pitch") (0.2s)&#xD;
And I click Save button in action edit form&#xD;
-&gt; done: EditFormSteps.ClickSaveButtonInActionEditForm() (0.6s)&#xD;
And I close expanded action log page&#xD;
-&gt; done: ExpandedActionLogSteps.WhenICloseExpandedActionLogPage() (0.2s)&#xD;
Then 1 event in action log of type "Goal" is not flagged&#xD;
-&gt; done: ActionLogSteps.ThenEventInActionLogOfTypeIsNotFlagged(1, Goal) (0.0s)&#xD;
sandbox: CleanUpAfterTestRun started.&#xD;
sandbox: application pages != null: True&#xD;
sandbox: web driver!= null: True&#xD;
sandbox: CleanUpAfterTestRun complete.</StdOut>
      </Output>
    </UnitTestResult>
    <UnitTestResult executionId="d09fcabc-0d5c-487e-ad81-88144c67e6aa" testId="91daca50-67b0-b443-984b-7731aad6a0ec" testName="OpenFreeKickEdit" computerName="EC2AMAZ-JEOO151" duration="00:00:08.2670000" startTime="2019-07-11T17:58:14.0000000+00:00" endTime="2019-07-11T17:58:23.0000000+00:00" testType="13cdc9d9-ddb5-4fa4-a97d-d965ccfc6d4b" outcome="Passed" testListId="8c84fa94-04c1-424b-9868-57a2d4851a1d" relativeResultsDirectory="d09fcabc-0d5c-487e-ad81-88144c67e6aa">
      <Output>
        <StdOut>sandbox: PrepareForTestRun started.&#xD;
sandbox: football liveStatsApp != null: True &#xD;
sandbox: football liveStatsApp.IsProcessRunning: True &#xD;
sandbox: setupLocalData: localDatabaseProvider != null: True&#xD;
sandbox: applicationPages != null: True&#xD;
sandbox: applicationPages.Webdriver != null: True&#xD;
sandbox: finished setuping local data&#xD;
sandbox: PrepareForTestRun complete.&#xD;
Given Match started with kick off from existing game&#xD;
-&gt; done: SetupGameSteps.GivenMatchStartedWithKickOffButtonFromExistingGame() (3.2s)&#xD;
And I remembered current players on pitch shirt numbers&#xD;
-&gt; done: GoalEditSteps.GivenIRememberCurrentPlayersOnPitch() (1.6s)&#xD;
Given I clicked Freekick button for team 1&#xD;
Given action failed. Retrying after a timeout.&#xD;
-&gt; done: TeamActionButtonSteps.WhenIClickFreekickButtonForTeam(1) (0.5s)&#xD;
And I clicked on pitch x 90 and y 10&#xD;
-&gt; done: PitchScreenSteps.WhenIClickOnPitch(90, 10) (0.1s)&#xD;
And I clicked "foul" button in freekick reason dialog&#xD;
-&gt; done: FreeKickSteps.WhenIClickButtonInFreekickReasonDialog("foul") (0.2s)&#xD;
And I clicked on team 2 player on pitch with shirt number 10&#xD;
-&gt; done: PitchPlayersComponentSteps.WhenIClickOnTeamPlayerOnPitchWithShirtNumber(2, 10) (0.3s)&#xD;
And I clicked on team 1 player on pitch with shirt number 8&#xD;
-&gt; done: PitchPlayersComponentSteps.WhenIClickOnTeamPlayerOnPitchWithShirtNumber(1, 8) (0.2s)&#xD;
And I clicked on pitch x 70 and y 60&#xD;
-&gt; done: PitchScreenSteps.WhenIClickOnPitch(70, 60) (0.2s)&#xD;
When I click on latest "FreeKick" event in action log&#xD;
-&gt; done: ActionLogSteps.GivenIClickOnLatestEventInActionLog(FreeKick) (0.2s)&#xD;
Then Free Kick Edit view is visible&#xD;
-&gt; done: FreeKickEditSteps.ThenFreeKickEditViewIsVisible() (0.1s)&#xD;
And "Half" of edit screen is visible&#xD;
-&gt; done: EditFormSteps.ThenHalfOfEditScreenIsVisible() (0.0s)&#xD;
And "Action ID" of edit screen is visible&#xD;
-&gt; done: EditFormSteps.ThenActionIdOfEditScreenIsVisible() (0.0s)&#xD;
And Flag of edit screen is visible&#xD;
-&gt; done: EditFormSteps.ThenFlagOfEditScreenIsVisible() (0.0s)&#xD;
And Flag of edit screen is not active&#xD;
-&gt; done: EditFormSteps.ThenFlagOfEditScreenIsNotActive() (0.0s)&#xD;
And "Edit time" of edit screen is visible&#xD;
-&gt; done: EditFormSteps.ThenEditTimeOfEditScreenIsVisible() (0.0s)&#xD;
And "taken time" of edit screen is visible&#xD;
-&gt; done: EditFormSteps.ThenTakenTimeOfEditScreenIsVisible() (0.0s)&#xD;
And mini Free kick pitch location is visible in freekick edit window&#xD;
-&gt; done: FreeKickEditSteps.ThenMiniFreeKickPitchLocationIsVisibleInFreekickEditWindow() (0.0s)&#xD;
And mini free kick pitch location has cursor at x "90" and y "10"&#xD;
-&gt; done: FreeKickEditSteps.ThenMiniFreeKickPitchLocationHasCursorAtXAndY(90, 10) (0.1s)&#xD;
And mini ball landing pitch location is visible in freekick edit window&#xD;
-&gt; done: FreeKickEditSteps.ThenMiniBallLandingPitchLocationIsVisibleInFreekickEditWindow() (0.0s)&#xD;
And mini ball landing pitch location has cursor at x "70" and y "60"&#xD;
-&gt; done: MiniPitchEditPageElementSteps.ThenMiniBallLandingPitchLocationHasCursorAtXAndY(70, 60) (0.1s)&#xD;
And Left team button is visible in action edit page&#xD;
-&gt; done: EditFormSteps.ThenLeftTeamButtonIsVisibleInActionEditPage() (0.0s)&#xD;
And Right team button is visible in action edit page&#xD;
-&gt; done: EditFormSteps.ThenRightTeamButtonIsVisibleInActionEditPage() (0.0s)&#xD;
And fouled on player with shirt 8 is selected in freekick edit page&#xD;
-&gt; done: FreeKickEditSteps.ThenFouledOnPlayerIsSelectedInFreekickEditPage(8) (0.1s)&#xD;
And "Choose from team list" button is visible in free kick fouled on edit workflow&#xD;
-&gt; done: FreeKickEditSteps.ThenButtonIsVisibleInFreeKickFouledOnEditWorkflow() (0.0s)&#xD;
And "Reason" button is visible in freekick edit window&#xD;
-&gt; done: FreeKickEditSteps.ThenButtonIsVisibleInFreekickEditWindow() (0.0s)&#xD;
And Foul/Offence by player with shirt 10 is selected in freekick edit window&#xD;
-&gt; done: FreeKickEditSteps.ThenFoulOffenceByPlayerWithShirtIsSelectedInFreekickEditWindow(10) (0.1s)&#xD;
And "Choose from team list" button is visible in action edit workflow&#xD;
-&gt; done: EditFormSteps.ThenButtonIsVisibleInCardEditWorkflow() (0.0s)&#xD;
And "delete" edit button is visible&#xD;
-&gt; done: EditFormSteps.ThenGoalEditButtonIsVisible() (0.0s)&#xD;
And Save button is visible in action edit form&#xD;
-&gt; done: EditFormSteps.EditFormSaveButtonVisible() (0.0s)&#xD;
And Save button is disabled in action edit form&#xD;
-&gt; done: EditFormSteps.SaveButtonIsDisabled() (0.0s)&#xD;
And Flag &amp; Save button is visible in action edit form&#xD;
-&gt; done: EditFormSteps.ThenButtonFlagAndSaveIsVisible() (0.0s)&#xD;
And Flag &amp; Save button is visible in action edit form&#xD;
-&gt; done: EditFormSteps.ThenButtonFlagAndSaveIsVisible() (0.0s)&#xD;
And "Cancel" of edit screen is visible&#xD;
-&gt; done: EditFormSteps.ThenCancelOfEditScreenIsVisible() (0.0s)&#xD;
sandbox: CleanUpAfterTestRun started.&#xD;
sandbox: application pages != null: True&#xD;
sandbox: web driver!= null: True&#xD;
sandbox: CleanUpAfterTestRun complete.</StdOut>
      </Output>
    </UnitTestResult>
    <UnitTestResult executionId="3b3ab523-294c-4b51-99c3-90e1a1abf9e1" testId="bdaeea25-d7fe-2f8d-66ae-904eb77fc65e" testName="GivenHalfTimeReportsOpened_WhenClickingClose_ThenReportIsClosed" computerName="EC2AMAZ-JEOO151" duration="00:00:08.1320000" startTime="2019-07-11T21:45:30.0000000+00:00" endTime="2019-07-11T21:45:38.0000000+00:00" testType="13cdc9d9-ddb5-4fa4-a97d-d965ccfc6d4b" outcome="Passed" testListId="8c84fa94-04c1-424b-9868-57a2d4851a1d" relativeResultsDirectory="3b3ab523-294c-4b51-99c3-90e1a1abf9e1">
      <Output>
        <StdOut>sandbox: PrepareForTestRun started.&#xD;
sandbox: football liveStatsApp != null: True &#xD;
sandbox: football liveStatsApp.IsProcessRunning: True &#xD;
sandbox: setupLocalData: localDatabaseProvider != null: True&#xD;
sandbox: applicationPages != null: True&#xD;
sandbox: applicationPages.Webdriver != null: True&#xD;
sandbox: finished setuping local data&#xD;
sandbox: PrepareForTestRun complete.&#xD;
Failed to find element with query '[data-qa='printPreviewPopup']'. Web driver timeout exception.&#xD;
sandbox: CleanUpAfterTestRun started.&#xD;
sandbox: application pages != null: True&#xD;
sandbox: web driver!= null: True&#xD;
sandbox: CleanUpAfterTestRun complete.</StdOut>
      </Output>
    </UnitTestResult>
    <UnitTestResult executionId="d4c2ef07-d561-47ca-a856-099318b18051" testId="7c1a2b1d-1b4f-6516-7336-9c16471e3095" testName="GivenGoalStartedAndConfirmed_WhenCancelingWorkflow_ThenGoalDeleted(1,10)" computerName="EC2AMAZ-JEOO151" duration="00:00:10.1340000" startTime="2019-07-11T21:05:12.0000000+00:00" endTime="2019-07-11T21:05:22.0000000+00:00" testType="13cdc9d9-ddb5-4fa4-a97d-d965ccfc6d4b" outcome="Passed" testListId="8c84fa94-04c1-424b-9868-57a2d4851a1d" relativeResultsDirectory="d4c2ef07-d561-47ca-a856-099318b18051">
      <Output>
        <StdOut>sandbox: PrepareForTestRun started.&#xD;
sandbox: football liveStatsApp != null: True &#xD;
sandbox: football liveStatsApp.IsProcessRunning: True &#xD;
sandbox: setupLocalData: localDatabaseProvider != null: True&#xD;
sandbox: applicationPages != null: True&#xD;
sandbox: applicationPages.Webdriver != null: True&#xD;
sandbox: finished setuping local data&#xD;
sandbox: PrepareForTestRun complete.&#xD;
Given action failed. Retrying after a timeout.&#xD;
Failed to find data-qa element with tag 'playerGoals'. No such element exception.&#xD;
sandbox: CleanUpAfterTestRun started.&#xD;
sandbox: application pages != null: True&#xD;
sandbox: web driver!= null: True&#xD;
sandbox: CleanUpAfterTestRun complete.</StdOut>
      </Output>
    </UnitTestResult>
    <UnitTestResult executionId="aa74a0ad-f430-4e9e-81b0-7c639cf39bae" testId="27bf0f5e-8444-e80c-393e-502115225cea" testName="PenaltyRetake(&quot;Penalty Goal&quot;,null)" computerName="EC2AMAZ-JEOO151" duration="00:00:12.0170000" startTime="2019-07-11T19:07:21.0000000+00:00" endTime="2019-07-11T19:07:33.0000000+00:00" testType="13cdc9d9-ddb5-4fa4-a97d-d965ccfc6d4b" outcome="Passed" testListId="8c84fa94-04c1-424b-9868-57a2d4851a1d" relativeResultsDirectory="aa74a0ad-f430-4e9e-81b0-7c639cf39bae">
      <Output>
        <StdOut>sandbox: PrepareForTestRun started.&#xD;
sandbox: football liveStatsApp != null: True &#xD;
sandbox: football liveStatsApp.IsProcessRunning: True &#xD;
sandbox: setupLocalData: localDatabaseProvider != null: True&#xD;
sandbox: applicationPages != null: True&#xD;
sandbox: applicationPages.Webdriver != null: True&#xD;
sandbox: finished setuping local data&#xD;
sandbox: PrepareForTestRun complete.&#xD;
Given Match started with kick off from existing game&#xD;
-&gt; done: SetupGameSteps.GivenMatchStartedWithKickOffButtonFromExistingGame() (3.3s)&#xD;
Given penalty "Penalty Goal" button is selected for player "16" team "1"&#xD;
-&gt; done: PenaltySteps.GivenPenaltyGoalButtonIsSelected(16, 1) (4.0s)&#xD;
When I retake penalty&#xD;
-&gt; done: PenaltySteps.WhenIClickButton() (0.3s)&#xD;
Then Penalty outcome selection dialog is shown&#xD;
-&gt; done: ShotRegistrationSteps.ThenActionTypeDialogIsShown() (0.2s)&#xD;
And Retake label is shown in Penalty event action log&#xD;
-&gt; done: ActionLogSteps.ThenOffenceIsShownInPenaltyEventActionLog("Retake", Penalty) (0.1s)&#xD;
And Retake label of "Penalty" event in action log is in team 1 color&#xD;
-&gt; done: ActionLogSteps.ThenSubItemOfEventInActionLogIsInTeamColor("Retake", Penalty, 1) (0.2s)&#xD;
And "Penalty Shot Off Target" button is shown&#xD;
-&gt; done: PenaltySteps.ThenPenaltyShotOffTargetButtonIsShown() (0.0s)&#xD;
And "Penalty Shot On Target" button is shown&#xD;
-&gt; done: PenaltySteps.ThenPenaltyShotOnTargetButtonIsShown() (0.0s)&#xD;
And "Penalty Goal" button is shown&#xD;
-&gt; done: PenaltySteps.ThenPenaltyGoalButtonIsShown() (0.0s)&#xD;
And penalty retake is not visible&#xD;
Failed to find element with query '[data-qa='penaltyRetakeButton']'. Web driver timeout exception.&#xD;
-&gt; done: PenaltySteps.ThenPenaltyRetakeIsNotVisible() (2.0s)&#xD;
And "Back" button is shown&#xD;
-&gt; done: WorkflowSteps.ThenBackButtonIsVisible() (0.0s)&#xD;
And "Cancel &amp; Delete" button is shown&#xD;
-&gt; done: WorkflowSteps.ThenCancelAndDeleteButtonIsShown() (0.0s)&#xD;
And Player on pitch 9 of team 1 is shown in Penalty of "Penalty" event in action log&#xD;
-&gt; done: ActionLogSteps.ThenPlayerOnPitchOfTeamIsShownInGoalOfEventInActionLog(9, 1, "Penalty", Penalty) (0.2s)&#xD;
And Player on pitch 9 of team 1 is shown in Retake of "Penalty" event in action log&#xD;
-&gt; done: ActionLogSteps.ThenPlayerOnPitchOfTeamIsShownInGoalOfEventInActionLog(9, 1, "Retake", Penalty) (0.2s)&#xD;
And All action buttons except card and goal buttons are disabled for both teams&#xD;
-&gt; done: TeamActionButtonSteps.ThenAllActionButtonsExceptCardAndGoalButtonsAreDisabledForBothTeams() (0.6s)&#xD;
And penalty action button is selected for team "1"&#xD;
-&gt; done: TeamActionButtonSteps.ThenPenaltyActionButtonIsSelected(1) (0.0s)&#xD;
sandbox: CleanUpAfterTestRun started.&#xD;
sandbox: application pages != null: True&#xD;
sandbox: web driver!= null: True&#xD;
sandbox: CleanUpAfterTestRun complete.</StdOut>
      </Output>
    </UnitTestResult>
    <UnitTestResult executionId="38fb2f7d-ad0a-4262-8881-cb7d3918a3ce" testId="ba1649d0-d90b-8d78-fe21-fe24d5401f26" testName="FlaggedFilterShowsUserFlaggedItems" computerName="EC2AMAZ-JEOO151" duration="00:00:08.6310000" startTime="2019-07-11T19:34:44.0000000+00:00" endTime="2019-07-11T19:34:52.0000000+00:00" testType="13cdc9d9-ddb5-4fa4-a97d-d965ccfc6d4b" outcome="Passed" testListId="8c84fa94-04c1-424b-9868-57a2d4851a1d" relativeResultsDirectory="38fb2f7d-ad0a-4262-8881-cb7d3918a3ce">
      <Output>
        <StdOut>sandbox: PrepareForTestRun started.&#xD;
sandbox: football liveStatsApp != null: True &#xD;
sandbox: football liveStatsApp.IsProcessRunning: True &#xD;
sandbox: setupLocalData: localDatabaseProvider != null: True&#xD;
sandbox: applicationPages != null: True&#xD;
sandbox: applicationPages.Webdriver != null: True&#xD;
sandbox: finished setuping local data&#xD;
sandbox: PrepareForTestRun complete.&#xD;
Given Match started with kick off from existing game&#xD;
-&gt; done: SetupGameSteps.GivenMatchStartedWithKickOffButtonFromExistingGame() (3.2s)&#xD;
Given GoalKick for Team 1 is registered&#xD;
-&gt; done: GoalKickSteps.GivenGoalKickForTeamIsRegistered(1) (0.8s)&#xD;
And Throw in added for Team 1&#xD;
Given action failed. Retrying after a timeout.&#xD;
-&gt; done: ThrowInEditSteps.GivenThrowInAddedForTeam(1) (0.8s)&#xD;
When I click on latest "ThrowIn" event in action log&#xD;
-&gt; done: ActionLogSteps.GivenIClickOnLatestEventInActionLog(ThrowIn) (0.3s)&#xD;
And I click Flag &amp; Save button in action edit form&#xD;
-&gt; done: EditFormSteps.ClickFlagAndSaveInActionEditForm() (0.4s)&#xD;
And I open Expanded Action log&#xD;
-&gt; done: ActionLogSteps.WhenIClickExpandActionLogButton() (0.1s)&#xD;
And I select Flagged filter&#xD;
-&gt; done: FilterSteps.WhenISelectFlaggedFilter() (0.1s)&#xD;
Then Expanded action log should not have actions of type "GoalKick"&#xD;
-&gt; done: ExpandedActionLogSteps.ThenExpandedActionLogShouldNotHaveActionsOfType(GoalKick) (2.0s)&#xD;
And "Throw In" Action is displayed at 1 in expanded action log&#xD;
-&gt; done: ExpandedActionLogSteps.ThenGoalActionIsDisplayedAtInExpandedActionLog("Throw In", 1) (0.1s)&#xD;
sandbox: CleanUpAfterTestRun started.&#xD;
sandbox: application pages != null: True&#xD;
sandbox: web driver!= null: True&#xD;
sandbox: CleanUpAfterTestRun complete.</StdOut>
      </Output>
    </UnitTestResult>
    <UnitTestResult executionId="742b86ec-7f19-4bcd-bf26-652a601499a9" testId="e5326710-ed3d-1257-22c6-b61ba5933cc0" testName="GivenHalfTimeReportsOpened_ThenDownloadIsAvailable" computerName="EC2AMAZ-JEOO151" duration="00:00:06.3150000" startTime="2019-07-11T21:45:17.0000000+00:00" endTime="2019-07-11T21:45:24.0000000+00:00" testType="13cdc9d9-ddb5-4fa4-a97d-d965ccfc6d4b" outcome="Passed" testListId="8c84fa94-04c1-424b-9868-57a2d4851a1d" relativeResultsDirectory="742b86ec-7f19-4bcd-bf26-652a601499a9">
      <Output>
        <StdOut>sandbox: PrepareForTestRun started.&#xD;
sandbox: football liveStatsApp != null: True &#xD;
sandbox: football liveStatsApp.IsProcessRunning: True &#xD;
sandbox: setupLocalData: localDatabaseProvider != null: True&#xD;
sandbox: applicationPages != null: True&#xD;
sandbox: applicationPages.Webdriver != null: True&#xD;
sandbox: finished setuping local data&#xD;
sandbox: PrepareForTestRun complete.&#xD;
sandbox: CleanUpAfterTestRun started.&#xD;
sandbox: application pages != null: True&#xD;
sandbox: web driver!= null: True&#xD;
sandbox: CleanUpAfterTestRun complete.</StdOut>
      </Output>
    </UnitTestResult>
    <UnitTestResult executionId="fb3d2a8a-e497-422a-83c9-ae91c8e9d264" testId="f3391d98-707e-a5d3-b686-fd2b1659d2f1" testName="FlagAndContinueAllPenaltySteps" computerName="EC2AMAZ-JEOO151" duration="00:00:08.2400000" startTime="2019-07-11T19:46:09.0000000+00:00" endTime="2019-07-11T19:46:17.0000000+00:00" testType="13cdc9d9-ddb5-4fa4-a97d-d965ccfc6d4b" outcome="Passed" testListId="8c84fa94-04c1-424b-9868-57a2d4851a1d" relativeResultsDirectory="fb3d2a8a-e497-422a-83c9-ae91c8e9d264">
      <Output>
        <StdOut>sandbox: PrepareForTestRun started.&#xD;
sandbox: football liveStatsApp != null: True &#xD;
sandbox: football liveStatsApp.IsProcessRunning: True &#xD;
sandbox: setupLocalData: localDatabaseProvider != null: True&#xD;
sandbox: applicationPages != null: True&#xD;
sandbox: applicationPages.Webdriver != null: True&#xD;
sandbox: finished setuping local data&#xD;
sandbox: PrepareForTestRun complete.&#xD;
Given Match started with kick off from existing game&#xD;
-&gt; done: SetupGameSteps.GivenMatchStartedWithKickOffButtonFromExistingGame() (3.2s)&#xD;
When I click "Possible Penalty" button for team 2&#xD;
Given action failed. Retrying after a timeout.&#xD;
-&gt; done: TeamActionButtonSteps.GivenIClickPossiblePenaltyButtonForTeam(2) (0.8s)&#xD;
And I confirm penalty by clicking "Confirm" button&#xD;
-&gt; done: PenaltySteps.WhenIConfirmPenaltyByClickingButton() (2.3s)&#xD;
And I flag and continue&#xD;
-&gt; done: WorkflowSteps.WhenIFlagAndContinue() (0.1s)&#xD;
And I flag and continue&#xD;
-&gt; done: WorkflowSteps.WhenIFlagAndContinue() (0.2s)&#xD;
And I flag and continue&#xD;
-&gt; done: WorkflowSteps.WhenIFlagAndContinue() (0.1s)&#xD;
And I flag and continue&#xD;
-&gt; done: WorkflowSteps.WhenIFlagAndContinue() (0.1s)&#xD;
And I flag and continue&#xD;
-&gt; done: WorkflowSteps.WhenIFlagAndContinue() (0.1s)&#xD;
And I click on latest "Penalty" event in action log&#xD;
-&gt; done: ActionLogSteps.GivenIClickOnLatestEventInActionLog(Penalty) (0.3s)&#xD;
And I click review flags button in game action edit window&#xD;
-&gt; done: EditFormSteps.WhenIClickReviewFlagsButtonInGameActionEditWindow() (0.1s)&#xD;
Then 1 event in action log of type "Penalty" is flagged&#xD;
-&gt; done: ActionLogSteps.ThenEventInActionLogOfTypeIsFlagged(1, Penalty) (0.0s)&#xD;
And "This item was flagged by the User." is visible in review action flags dialog&#xD;
-&gt; done: EditWindowFlagsDropDownSteps.ThenIsVisibleInReviewActionFlagsDialog("This item was fla...") (0.0s)&#xD;
sandbox: CleanUpAfterTestRun started.&#xD;
sandbox: application pages != null: True&#xD;
sandbox: web driver!= null: True&#xD;
sandbox: CleanUpAfterTestRun complete.</StdOut>
      </Output>
    </UnitTestResult>
    <UnitTestResult executionId="21433a08-244a-4e23-b173-86b0ff533a31" testId="35e4f218-4695-8650-6ea0-6200f3d1385c" testName="WhenActionIsOnTheTopInActionLogItCannotBeMovedAfter" computerName="EC2AMAZ-JEOO151" duration="00:00:14.5150000" startTime="2019-07-11T17:42:27.0000000+00:00" endTime="2019-07-11T17:42:42.0000000+00:00" testType="13cdc9d9-ddb5-4fa4-a97d-d965ccfc6d4b" outcome="Passed" testListId="8c84fa94-04c1-424b-9868-57a2d4851a1d" relativeResultsDirectory="21433a08-244a-4e23-b173-86b0ff533a31">
      <Output>
        <StdOut>sandbox: PrepareForTestRun started.&#xD;
sandbox: football liveStatsApp != null: True &#xD;
sandbox: football liveStatsApp.IsProcessRunning: True &#xD;
sandbox: setupLocalData: localDatabaseProvider != null: True&#xD;
sandbox: applicationPages != null: True&#xD;
sandbox: applicationPages.Webdriver != null: True&#xD;
sandbox: finished setuping local data&#xD;
sandbox: PrepareForTestRun complete.&#xD;
Given Match started with kick off from existing game&#xD;
-&gt; done: SetupGameSteps.GivenMatchStartedWithKickOffButtonFromExistingGame() (3.3s)&#xD;
And GoalKick for Team 1 is registered&#xD;
-&gt; done: GoalKickSteps.GivenGoalKickForTeamIsRegistered(1) (1.0s)&#xD;
And GoalKick for Team 1 is registered&#xD;
-&gt; done: GoalKickSteps.GivenGoalKickForTeamIsRegistered(1) (0.6s)&#xD;
And GoalKick for Team 1 is registered&#xD;
-&gt; done: GoalKickSteps.GivenGoalKickForTeamIsRegistered(1) (0.6s)&#xD;
And I clicked on 1 of type "GoalKick" event in action log&#xD;
-&gt; done: ActionLogSteps.GivenIClickOnLatestEventInActionLog(1, GoalKick) (0.3s)&#xD;
And I entered new conceded event time of "0050"&#xD;
-&gt; done: EditFormSteps.GivenIEnterNewConcededEventTimeOf("0050") (1.0s)&#xD;
And I clicked Save button in action edit form&#xD;
-&gt; done: EditFormSteps.ClickSaveButtonInActionEditForm() (0.6s)&#xD;
And I clicked on 2 of type "GoalKick" event in action log&#xD;
-&gt; done: ActionLogSteps.GivenIClickOnLatestEventInActionLog(2, GoalKick) (0.1s)&#xD;
And I entered new conceded event time of "0025"&#xD;
-&gt; done: EditFormSteps.GivenIEnterNewConcededEventTimeOf("0025") (1.0s)&#xD;
And I clicked Save button in action edit form&#xD;
-&gt; done: EditFormSteps.ClickSaveButtonInActionEditForm() (0.6s)&#xD;
And I clicked on 3 of type "GoalKick" event in action log&#xD;
-&gt; done: ActionLogSteps.GivenIClickOnLatestEventInActionLog(3, GoalKick) (0.1s)&#xD;
And I entered new conceded event time of "0005"&#xD;
-&gt; done: EditFormSteps.GivenIEnterNewConcededEventTimeOf("0005") (1.0s)&#xD;
And I clicked Save button in action edit form&#xD;
-&gt; done: EditFormSteps.ClickSaveButtonInActionEditForm() (0.6s)&#xD;
Given I clicked on 1 of type "GoalKick" event in action log&#xD;
-&gt; done: ActionLogSteps.GivenIClickOnLatestEventInActionLog(1, GoalKick) (0.1s)&#xD;
When I enter new conceded event time of "0025"&#xD;
-&gt; done: EditFormSteps.GivenIEnterNewConcededEventTimeOf("0025") (1.0s)&#xD;
And I enter new taken event time of "0025"&#xD;
-&gt; done: EditFormSteps.GivenIEnterNewTakenEventTimeOf("0025") (1.0s)&#xD;
And I click Save button in action edit form&#xD;
-&gt; done: EditFormSteps.ClickSaveButtonInActionEditForm() (0.6s)&#xD;
Then move container up button is disabled&#xD;
-&gt; done: MoveGameActionDialogSteps.ThenMoveContainerUpButtonIsDisabled() (0.0s)&#xD;
And move container down button is enabled&#xD;
-&gt; done: MoveGameActionDialogSteps.ThenMoveContainerDownButtonIsEnabled() (0.0s)&#xD;
sandbox: CleanUpAfterTestRun started.&#xD;
sandbox: application pages != null: True&#xD;
sandbox: web driver!= null: True&#xD;
sandbox: CleanUpAfterTestRun complete.</StdOut>
      </Output>
    </UnitTestResult>
    <UnitTestResult executionId="44bc150e-53e9-4c56-ad84-680d0a147a98" testId="f074ce04-b802-bb2e-450f-076534cec91c" testName="CanUnselectChosenPlayersForSubstitution" computerName="EC2AMAZ-JEOO151" duration="00:00:06.8000000" startTime="2019-07-11T19:28:14.0000000+00:00" endTime="2019-07-11T19:28:20.0000000+00:00" testType="13cdc9d9-ddb5-4fa4-a97d-d965ccfc6d4b" outcome="Passed" testListId="8c84fa94-04c1-424b-9868-57a2d4851a1d" relativeResultsDirectory="44bc150e-53e9-4c56-ad84-680d0a147a98">
      <Output>
        <StdOut>sandbox: PrepareForTestRun started.&#xD;
sandbox: football liveStatsApp != null: True &#xD;
sandbox: football liveStatsApp.IsProcessRunning: True &#xD;
sandbox: setupLocalData: localDatabaseProvider != null: True&#xD;
sandbox: applicationPages != null: True&#xD;
sandbox: applicationPages.Webdriver != null: True&#xD;
sandbox: finished setuping local data&#xD;
sandbox: PrepareForTestRun complete.&#xD;
Given Match started with kick off from existing game&#xD;
-&gt; done: SetupGameSteps.GivenMatchStartedWithKickOffButtonFromExistingGame() (3.2s)&#xD;
Given started substitution for team "2" in pitch view&#xD;
-&gt; done: SubstitutionSteps.WhenIClickSubBenchButtonInSubstitutionRecord(2) (0.5s)&#xD;
And player "25" for sub in and player "6" for sub out were selected from team "2"&#xD;
-&gt; done: SubstitutionSteps.WhenIChoosePlayerFromTeamForSubIn(25, 6, 2) (0.6s)&#xD;
When I unselect player "25" from team "2" for sub in&#xD;
-&gt; done: SubstitutionSteps.WhenIChoosePlayerFromTeamForSubIn(25, 2) (0.2s)&#xD;
And I unselect player "6" from team "2" for sub out&#xD;
-&gt; done: SubstitutionSteps.WhenIChoosePlayerFromTeamForSubOut(6, 2) (0.2s)&#xD;
Then there are no substitutions for team "2" to confirm&#xD;
Failed to find element with query '[data-qa='subPairs']'. Web driver timeout exception.&#xD;
-&gt; done: SubstitutionSteps.ThenThereAreNoSubstitutions(2) (1.2s)&#xD;
And "2" team subs remaining "3/3" is visible in record substitutions&#xD;
-&gt; done: SubstitutionSteps.ThenTeamSubsRemainingIsVisibleInRecordSubstitutions(2, "3/3") (0.1s)&#xD;
sandbox: CleanUpAfterTestRun started.&#xD;
sandbox: application pages != null: True&#xD;
sandbox: web driver!= null: True&#xD;
sandbox: CleanUpAfterTestRun complete.</StdOut>
      </Output>
    </UnitTestResult>
    <UnitTestResult executionId="e21f9149-9339-41a2-90b3-62a18ecbed39" testId="2c965403-78bd-451a-0ab5-355ffa3e97db" testName="GivenCornerInitiated_WhenConfirmingCorner_ThenLandingIsPrompted" computerName="EC2AMAZ-JEOO151" duration="00:00:07.7170000" startTime="2019-07-11T20:59:44.0000000+00:00" endTime="2019-07-11T20:59:51.0000000+00:00" testType="13cdc9d9-ddb5-4fa4-a97d-d965ccfc6d4b" outcome="Passed" testListId="8c84fa94-04c1-424b-9868-57a2d4851a1d" relativeResultsDirectory="e21f9149-9339-41a2-90b3-62a18ecbed39">
      <Output>
        <StdOut>sandbox: PrepareForTestRun started.&#xD;
sandbox: football liveStatsApp != null: True &#xD;
sandbox: football liveStatsApp.IsProcessRunning: True &#xD;
sandbox: setupLocalData: localDatabaseProvider != null: True&#xD;
sandbox: applicationPages != null: True&#xD;
sandbox: applicationPages.Webdriver != null: True&#xD;
sandbox: finished setuping local data&#xD;
sandbox: PrepareForTestRun complete.&#xD;
sandbox: CleanUpAfterTestRun started.&#xD;
sandbox: application pages != null: True&#xD;
sandbox: web driver!= null: True&#xD;
sandbox: CleanUpAfterTestRun complete.</StdOut>
      </Output>
    </UnitTestResult>
    <UnitTestResult executionId="d4355c3e-6c3c-4f18-9655-c444697ac0ad" testId="037184c9-45eb-a02f-27dc-5a050eff0112" testName="ExtraTime1StHalfCantBeDeletedIfThereIsActionRegisteredAfter" computerName="EC2AMAZ-JEOO151" duration="00:00:13.7020000" startTime="2019-07-11T17:40:04.0000000+00:00" endTime="2019-07-11T17:40:18.0000000+00:00" testType="13cdc9d9-ddb5-4fa4-a97d-d965ccfc6d4b" outcome="Passed" testListId="8c84fa94-04c1-424b-9868-57a2d4851a1d" relativeResultsDirectory="d4355c3e-6c3c-4f18-9655-c444697ac0ad">
      <Output>
        <StdOut>sandbox: PrepareForTestRun started.&#xD;
sandbox: football liveStatsApp != null: True &#xD;
sandbox: football liveStatsApp.IsProcessRunning: True &#xD;
sandbox: setupLocalData: localDatabaseProvider != null: True&#xD;
sandbox: applicationPages != null: True&#xD;
sandbox: applicationPages.Webdriver != null: True&#xD;
sandbox: finished setuping local data&#xD;
sandbox: PrepareForTestRun complete.&#xD;
Given Match started with kick off from existing game&#xD;
-&gt; done: SetupGameSteps.GivenMatchStartedWithKickOffButtonFromExistingGame() (3.3s)&#xD;
Given I finished and proceeded to next phase&#xD;
-&gt; done: PitchClockSteps.WhenIFinishAndProceedToNextPhase() (3.4s)&#xD;
And I finished and proceeded to next phase&#xD;
-&gt; done: PitchClockSteps.WhenIFinishAndProceedToNextPhase() (3.0s)&#xD;
And GoalKick for Team 1 is registered&#xD;
Given action failed. Retrying after a timeout.&#xD;
-&gt; done: GoalKickSteps.GivenGoalKickForTeamIsRegistered(1) (0.9s)&#xD;
When I click Expand Action log button&#xD;
-&gt; done: ActionLogSteps.WhenIClickExpandActionLogButton() (0.3s)&#xD;
Then latest "PhaseStart" action is not deletable&#xD;
Failed to find data-qa element with tag 'deleteIcon'. No such element exception.&#xD;
-&gt; done: ExpandedActionLogSteps.ThenLatestActionIsNotDeletable(PhaseStart) (2.1s)&#xD;
sandbox: CleanUpAfterTestRun started.&#xD;
sandbox: application pages != null: True&#xD;
sandbox: web driver!= null: True&#xD;
sandbox: CleanUpAfterTestRun complete.</StdOut>
      </Output>
    </UnitTestResult>
    <UnitTestResult executionId="3e6e55c7-9b9d-4ad8-be4e-8e10efe179ab" testId="b341acd8-c186-c7db-76e8-4e41176d6c3c" testName="YesOnVarOnFirstStepOfRecordCardWorkflow(&quot;1&quot;,&quot;Red&quot;,null)" computerName="EC2AMAZ-JEOO151" duration="00:00:05.4160000" startTime="2019-07-11T19:56:00.0000000+00:00" endTime="2019-07-11T19:56:06.0000000+00:00" testType="13cdc9d9-ddb5-4fa4-a97d-d965ccfc6d4b" outcome="Passed" testListId="8c84fa94-04c1-424b-9868-57a2d4851a1d" relativeResultsDirectory="3e6e55c7-9b9d-4ad8-be4e-8e10efe179ab">
      <Output>
        <StdOut>sandbox: PrepareForTestRun started.&#xD;
sandbox: football liveStatsApp != null: True &#xD;
sandbox: football liveStatsApp.IsProcessRunning: True &#xD;
sandbox: setupLocalData: localDatabaseProvider != null: True&#xD;
sandbox: applicationPages != null: True&#xD;
sandbox: applicationPages.Webdriver != null: True&#xD;
sandbox: finished setuping local data&#xD;
sandbox: PrepareForTestRun complete.&#xD;
Given Match started with kick off from existing game&#xD;
-&gt; done: SetupGameSteps.GivenMatchStartedWithKickOffButtonFromExistingGame() (3.2s)&#xD;
When I click on team 1 possible "Red"&#xD;
-&gt; done: TeamActionButtonSteps.StartPossibleCardRegistration(1, Red) (0.6s)&#xD;
And I click "Possible VAR" button in workflow&#xD;
-&gt; done: WorkflowSteps.WhenIClickPossibleVarButtonInWorkflow() (0.1s)&#xD;
And I click var confirmation "yes" button&#xD;
-&gt; done: WorkflowSteps.WhenIClickVarConfirmationButton("yes") (0.2s)&#xD;
Then Card type dialog is displayed&#xD;
-&gt; done: CardSteps.ThenCardTypeDialogIsDisplayed() (0.2s)&#xD;
And VAR label of "Booking" event in action log is in team 1 color&#xD;
-&gt; done: ActionLogSteps.ThenSubItemOfEventInActionLogIsInTeamColor("VAR", Booking, 1) (0.1s)&#xD;
And VAR label of "Booking" event in action log contains "Card Stands" message&#xD;
-&gt; done: ActionLogSteps.ThenSubItemOfEventInActionLogIsInTeamColor("VAR", Booking, "Card Stands") (0.1s)&#xD;
sandbox: CleanUpAfterTestRun started.&#xD;
sandbox: application pages != null: True&#xD;
sandbox: web driver!= null: True&#xD;
sandbox: CleanUpAfterTestRun complete.</StdOut>
      </Output>
    </UnitTestResult>
    <UnitTestResult executionId="4ce4f9b5-48ed-4d02-b7de-6fafcefc65cc" testId="eafba659-10ae-f9f3-c9b9-f163c68136cb" testName="PlayerInjuryRecordedActionCanBeUnflagged" computerName="EC2AMAZ-JEOO151" duration="00:00:06.2630000" startTime="2019-07-11T19:42:34.0000000+00:00" endTime="2019-07-11T19:42:40.0000000+00:00" testType="13cdc9d9-ddb5-4fa4-a97d-d965ccfc6d4b" outcome="Passed" testListId="8c84fa94-04c1-424b-9868-57a2d4851a1d" relativeResultsDirectory="4ce4f9b5-48ed-4d02-b7de-6fafcefc65cc">
      <Output>
        <StdOut>sandbox: PrepareForTestRun started.&#xD;
sandbox: football liveStatsApp != null: True &#xD;
sandbox: football liveStatsApp.IsProcessRunning: True &#xD;
sandbox: setupLocalData: localDatabaseProvider != null: True&#xD;
sandbox: applicationPages != null: True&#xD;
sandbox: applicationPages.Webdriver != null: True&#xD;
sandbox: finished setuping local data&#xD;
sandbox: PrepareForTestRun complete.&#xD;
Given Match started with kick off from existing game&#xD;
-&gt; done: SetupGameSteps.GivenMatchStartedWithKickOffButtonFromExistingGame() (3.3s)&#xD;
Given Injury for Team 1 player with shirt id 4 is registered&#xD;
-&gt; done: PlayerInjuryEditSteps.GivenInjuryForTeamIsRegistered(1, 4) (0.8s)&#xD;
When I click on latest "Injury" event in action log&#xD;
-&gt; done: ActionLogSteps.GivenIClickOnLatestEventInActionLog(Injury) (0.3s)&#xD;
And I click Flag &amp; Save button in action edit form&#xD;
-&gt; done: EditFormSteps.ClickFlagAndSaveInActionEditForm() (0.4s)&#xD;
And I click on latest "Injury" event in action log&#xD;
-&gt; done: ActionLogSteps.GivenIClickOnLatestEventInActionLog(Injury) (0.1s)&#xD;
And I click Save button in action edit form&#xD;
-&gt; done: EditFormSteps.ClickSaveButtonInActionEditForm() (0.6s)&#xD;
Then 1 event in action log of type "Injury" is not flagged&#xD;
-&gt; done: ActionLogSteps.ThenEventInActionLogOfTypeIsNotFlagged(1, Injury) (0.0s)&#xD;
sandbox: CleanUpAfterTestRun started.&#xD;
sandbox: application pages != null: True&#xD;
sandbox: web driver!= null: True&#xD;
sandbox: CleanUpAfterTestRun complete.</StdOut>
      </Output>
    </UnitTestResult>
    <UnitTestResult executionId="457be07f-332a-4644-b54f-11b176fd4bf7" testId="91410bb8-72e0-702d-454e-a117b70228e9" testName="InsertPenaltyShootoutKickWithNoDataSpecifiedWhenOverturnedByVAR" computerName="EC2AMAZ-JEOO151" duration="00:00:21.6150000" startTime="2019-07-11T18:36:30.0000000+00:00" endTime="2019-07-11T18:36:52.0000000+00:00" testType="13cdc9d9-ddb5-4fa4-a97d-d965ccfc6d4b" outcome="Passed" testListId="8c84fa94-04c1-424b-9868-57a2d4851a1d" relativeResultsDirectory="457be07f-332a-4644-b54f-11b176fd4bf7">
      <Output>
        <StdOut>sandbox: PrepareForTestRun started.&#xD;
sandbox: football liveStatsApp != null: True &#xD;
sandbox: football liveStatsApp.IsProcessRunning: True &#xD;
sandbox: setupLocalData: localDatabaseProvider != null: True&#xD;
sandbox: applicationPages != null: True&#xD;
sandbox: applicationPages.Webdriver != null: True&#xD;
sandbox: finished setuping local data&#xD;
sandbox: PrepareForTestRun complete.&#xD;
Given penalty shoot-out phase started&#xD;
-&gt; done: PitchClockSteps.GivenGamePenaltyShoot_OutPhaseStarted() (14.6s)&#xD;
And I remembered current players on pitch shirt numbers&#xD;
-&gt; done: GoalEditSteps.GivenIRememberCurrentPlayersOnPitch() (1.2s)&#xD;
And I recorded penalty shoot-out kick "Goal" for team 2 player with shirt number 1&#xD;
-&gt; done: PenaltyShootoutSteps.WhenIRecordPenaltyShoot_OutKickGoalForTeamPlayerWithShirtNumber(2, 1) (2.7s)&#xD;
When I click Expand Action log button&#xD;
-&gt; done: ActionLogSteps.WhenIClickExpandActionLogButton() (0.3s)&#xD;
And I insert "PenaltyShootoutKick" after last action in expanded action log&#xD;
-&gt; done: ExpandedActionLogSteps.WhenIInsertPenaltyAfterLastActionInExpandedActionLog(PenaltyShootoutKick) (0.3s)&#xD;
And I choose team 1 as penalty taker&#xD;
-&gt; done: PenaltyShootoutEditSteps.SetActionTeamId(1) (0.1s)&#xD;
And I set VAR as Overturned&#xD;
-&gt; done: EditFormSteps.WhenISetVarAsOverturned() (0.2s)&#xD;
And I click Save button in action edit form&#xD;
-&gt; done: EditFormSteps.ClickSaveButtonInActionEditForm() (0.6s)&#xD;
And I close expanded action log page&#xD;
-&gt; done: ExpandedActionLogSteps.WhenICloseExpandedActionLogPage() (0.2s)&#xD;
Then VAR label of "PenaltyShootout" event in action log is in team 1 color&#xD;
-&gt; done: ActionLogSteps.ThenSubItemOfEventInActionLogIsInTeamColor("VAR", PenaltyShootout, 1) (0.2s)&#xD;
And VAR label of "PenaltyShootout" event in action log contains "Penalty Overturned" message&#xD;
-&gt; done: ActionLogSteps.ThenSubItemOfEventInActionLogIsInTeamColor("VAR", PenaltyShootout, "Penalty Overturned") (0.1s)&#xD;
sandbox: CleanUpAfterTestRun started.&#xD;
sandbox: application pages != null: True&#xD;
sandbox: web driver!= null: True&#xD;
sandbox: CleanUpAfterTestRun complete.</StdOut>
      </Output>
    </UnitTestResult>
    <UnitTestResult executionId="e4f57ab4-a678-43b3-bdaf-578310f480e4" testId="2df695cc-bcc2-9ce4-e8e5-4ccc91ae1d63" testName="GoalWorkflowCanBeStartedDuringAnyFreeKickWorkflowStep(&quot;foul by&quot;,&quot;2&quot;,null)" computerName="EC2AMAZ-JEOO151" duration="00:00:05.0830000" startTime="2019-07-11T18:59:22.0000000+00:00" endTime="2019-07-11T18:59:27.0000000+00:00" testType="13cdc9d9-ddb5-4fa4-a97d-d965ccfc6d4b" outcome="Passed" testListId="8c84fa94-04c1-424b-9868-57a2d4851a1d" relativeResultsDirectory="e4f57ab4-a678-43b3-bdaf-578310f480e4">
      <Output>
        <StdOut>sandbox: PrepareForTestRun started.&#xD;
sandbox: football liveStatsApp != null: True &#xD;
sandbox: football liveStatsApp.IsProcessRunning: True &#xD;
sandbox: setupLocalData: localDatabaseProvider != null: True&#xD;
sandbox: applicationPages != null: True&#xD;
sandbox: applicationPages.Webdriver != null: True&#xD;
sandbox: finished setuping local data&#xD;
sandbox: PrepareForTestRun complete.&#xD;
Given Match started with kick off from existing game&#xD;
-&gt; done: SetupGameSteps.GivenMatchStartedWithKickOffButtonFromExistingGame() (3.3s)&#xD;
Given Free kick for team "2" workflow entered till foul by selection&#xD;
-&gt; done: FreeKickSteps.GivenFreeKickForTeamAndWorkflowEnteredTillFoulBySelection(2) (0.9s)&#xD;
Then Can register goal for team "2" but not other&#xD;
-&gt; done: GoalSteps.ThenCanRegisterGoalForTeam(2) (0.1s)&#xD;
sandbox: CleanUpAfterTestRun started.&#xD;
sandbox: application pages != null: True&#xD;
sandbox: web driver!= null: True&#xD;
sandbox: CleanUpAfterTestRun complete.</StdOut>
      </Output>
    </UnitTestResult>
    <UnitTestResult executionId="35451442-a1ed-4839-9174-07aa52c63b64" testId="6186473b-a19d-e4ea-9d9f-857c741c8301" testName="ChangePlayerForCommittedAndFouled(&quot;2&quot;,&quot;1&quot;,null)" computerName="EC2AMAZ-JEOO151" duration="00:00:07.2350000" startTime="2019-07-11T18:56:05.0000000+00:00" endTime="2019-07-11T18:56:12.0000000+00:00" testType="13cdc9d9-ddb5-4fa4-a97d-d965ccfc6d4b" outcome="Passed" testListId="8c84fa94-04c1-424b-9868-57a2d4851a1d" relativeResultsDirectory="35451442-a1ed-4839-9174-07aa52c63b64">
      <Output>
        <StdOut>sandbox: PrepareForTestRun started.&#xD;
sandbox: football liveStatsApp != null: True &#xD;
sandbox: football liveStatsApp.IsProcessRunning: True &#xD;
sandbox: setupLocalData: localDatabaseProvider != null: True&#xD;
sandbox: applicationPages != null: True&#xD;
sandbox: applicationPages.Webdriver != null: True&#xD;
sandbox: finished setuping local data&#xD;
sandbox: PrepareForTestRun complete.&#xD;
Given Match started with kick off from existing game&#xD;
-&gt; done: SetupGameSteps.GivenMatchStartedWithKickOffButtonFromExistingGame() (3.4s)&#xD;
When I click Freekick button for team 2&#xD;
-&gt; done: TeamActionButtonSteps.WhenIClickFreekickButtonForTeam(2) (0.5s)&#xD;
And I click on pitch x 20 and y 50&#xD;
-&gt; done: PitchScreenSteps.WhenIClickOnPitch(20, 50) (0.1s)&#xD;
And I click "Foul" button in freekick reason dialog&#xD;
-&gt; done: FreeKickSteps.WhenIClickButtonInFreekickReasonDialog("Foul") (0.2s)&#xD;
And I click player 1 from team 1&#xD;
-&gt; done: PitchPlayersComponentSteps.WhenIClickPlayerFromTeam(1, 1) (0.2s)&#xD;
And I click player 1 from team 2&#xD;
-&gt; done: PitchPlayersComponentSteps.WhenIClickPlayerFromTeam(1, 2) (0.1s)&#xD;
And I click "Back" button in workflow&#xD;
-&gt; done: WorkflowSteps.WhenIClickBackButtonInWorkflow() (0.2s)&#xD;
And I click "Back" button in workflow&#xD;
-&gt; done: WorkflowSteps.WhenIClickBackButtonInWorkflow() (0.1s)&#xD;
And I click player 2 from team 1&#xD;
-&gt; done: PitchPlayersComponentSteps.WhenIClickPlayerFromTeam(2, 1) (0.1s)&#xD;
And I click player 2 from team 2&#xD;
-&gt; done: PitchPlayersComponentSteps.WhenIClickPlayerFromTeam(2, 2) (0.2s)&#xD;
Then Player2 from team1 is added to freekick event action&#xD;
-&gt; done: ActionLogSteps.ThenPlayerFromTeamIsAddedToFreekickEventAction(2, 1) (0.3s)&#xD;
And Player2 from team2 is added to freekick event action&#xD;
-&gt; done: ActionLogSteps.ThenPlayerFromTeamIsAddedToFreekickEventAction(2, 2) (0.1s)&#xD;
sandbox: CleanUpAfterTestRun started.&#xD;
sandbox: application pages != null: True&#xD;
sandbox: web driver!= null: True&#xD;
sandbox: CleanUpAfterTestRun complete.</StdOut>
      </Output>
    </UnitTestResult>
    <UnitTestResult executionId="e0c96461-dd92-45af-94fd-5137ed1ab44b" testId="f5f981f3-fd2c-ad44-7c19-00be5ddfaa43" testName="PenaltyTeamChangeIsSaved" computerName="EC2AMAZ-JEOO151" duration="00:00:14.5150000" startTime="2019-07-11T18:08:18.0000000+00:00" endTime="2019-07-11T18:08:33.0000000+00:00" testType="13cdc9d9-ddb5-4fa4-a97d-d965ccfc6d4b" outcome="Passed" testListId="8c84fa94-04c1-424b-9868-57a2d4851a1d" relativeResultsDirectory="e0c96461-dd92-45af-94fd-5137ed1ab44b">
      <Output>
        <StdOut>sandbox: PrepareForTestRun started.&#xD;
sandbox: football liveStatsApp != null: True &#xD;
sandbox: football liveStatsApp.IsProcessRunning: True &#xD;
sandbox: setupLocalData: localDatabaseProvider != null: True&#xD;
sandbox: applicationPages != null: True&#xD;
sandbox: applicationPages.Webdriver != null: True&#xD;
sandbox: finished setuping local data&#xD;
sandbox: PrepareForTestRun complete.&#xD;
Given Match started with kick off from existing game&#xD;
-&gt; done: SetupGameSteps.GivenMatchStartedWithKickOffButtonFromExistingGame() (3.3s)&#xD;
Given Made penalty registered for player with shirt number 10 of team 1 fouled by player with shirt number 3&#xD;
Given action failed. Retrying after a timeout.&#xD;
-&gt; done: PenaltySteps.GivenPenaltyRegisteredForTeam(10, 1, 3) (6.9s)&#xD;
And I click top event in action log&#xD;
-&gt; done: ActionLogSteps.GivenIClickPenaltyEventInActionLog() (0.3s)&#xD;
When I click team 2 in edit form&#xD;
-&gt; done: EditFormSteps.WhenIClickTeamInEditForm(2) (0.2s)&#xD;
And I click on player with shirt number 5 as penalty taker in penalty edit&#xD;
-&gt; done: PenaltyEditSteps.WhenIClickOnPlayerWithShirtNumberAsPenaltyTaker(5) (0.4s)&#xD;
And I click on player with shirt number 13 as fouled in penalty edit&#xD;
-&gt; done: PenaltyEditSteps.WhenIClickOnPlayerWithShirtNumberAsFouled(13) (0.4s)&#xD;
And I click "adjust" pitch location button in edit window&#xD;
-&gt; done: MiniPitchEditPageElementSteps.WhenIClickButtonForFreeKickLocation() (0.1s)&#xD;
And I click on expanded pitch view x 95 y 40&#xD;
-&gt; done: ExpandedPitchPositionDialogSteps.GivenIClickOnExpandedPitchViewXY(95, 40) (0.1s)&#xD;
And I click "Proceed" button on expanded pitch view&#xD;
-&gt; done: ExpandedPitchPositionDialogSteps.GivenIClickButtonOnExpandedPitchView("Proceed") (0.1s)&#xD;
And I click Save button in action edit form&#xD;
-&gt; done: EditFormSteps.ClickSaveButtonInActionEditForm() (0.6s)&#xD;
And I click top event in action log&#xD;
-&gt; done: ActionLogSteps.GivenIClickPenaltyEventInActionLog() (0.2s)&#xD;
Then Penalty taker with shirt number 5 is selected in penalty edit&#xD;
-&gt; done: PenaltyEditSteps.ThenPenaltyTakerPlayerWithShirtNumberIsSelected(5) (0.1s)&#xD;
And Fouled player with shirt number 13 is selected in penalty edit&#xD;
-&gt; done: PenaltyEditSteps.ThenFouledPlayerWithShirtNumberIsSelected(13) (0.1s)&#xD;
And Penalty label of "Penalty" event in action log is in team 2 color&#xD;
-&gt; done: ActionLogSteps.ThenSubItemOfEventInActionLogIsInTeamColor("Penalty", Penalty, 2) (0.2s)&#xD;
And Goal label of "Penalty" event in action log is in team 2 color&#xD;
-&gt; done: ActionLogSteps.ThenSubItemOfEventInActionLogIsInTeamColor("Goal", Penalty, 2) (0.1s)&#xD;
And Foul label of "Penalty" event in action log is in team 1 color&#xD;
-&gt; done: ActionLogSteps.ThenSubItemOfEventInActionLogIsInTeamColor("Foul", Penalty, 1) (0.1s)&#xD;
And Selected penalty taker is in Goal label of "Penalty" event&#xD;
-&gt; done: ActionLogSteps.ThenSelectedPenaltyTakerIsInPenaltyLabelOfPenaltyEvent("Goal", Penalty) (0.2s)&#xD;
And Selected penalty taker is in Penalty label of "Penalty" event&#xD;
-&gt; done: ActionLogSteps.ThenSelectedPenaltyTakerIsInPenaltyLabelOfPenaltyEvent("Penalty", Penalty) (0.2s)&#xD;
And Selected fouled player is in Foul label of "Penalty" event&#xD;
-&gt; done: ActionLogSteps.ThenSelectedFouledPlayerIsInPenaltyLabelOfPenaltyEvent("Foul") (0.2s)&#xD;
sandbox: CleanUpAfterTestRun started.&#xD;
sandbox: application pages != null: True&#xD;
sandbox: web driver!= null: True&#xD;
sandbox: CleanUpAfterTestRun complete.</StdOut>
      </Output>
    </UnitTestResult>
    <UnitTestResult executionId="a323ab0e-a131-4c11-960f-08e4b57c4811" testId="76bacc38-1f4b-f58c-d8be-7cccaa601982" testName="VarOnSecondStepOfRecordCardWorkflow(&quot;1&quot;,&quot;Yellow&quot;,null)" computerName="EC2AMAZ-JEOO151" duration="00:00:05.0980000" startTime="2019-07-11T19:55:13.0000000+00:00" endTime="2019-07-11T19:55:18.0000000+00:00" testType="13cdc9d9-ddb5-4fa4-a97d-d965ccfc6d4b" outcome="Passed" testListId="8c84fa94-04c1-424b-9868-57a2d4851a1d" relativeResultsDirectory="a323ab0e-a131-4c11-960f-08e4b57c4811">
      <Output>
        <StdOut>sandbox: PrepareForTestRun started.&#xD;
sandbox: football liveStatsApp != null: True &#xD;
sandbox: football liveStatsApp.IsProcessRunning: True &#xD;
sandbox: setupLocalData: localDatabaseProvider != null: True&#xD;
sandbox: applicationPages != null: True&#xD;
sandbox: applicationPages.Webdriver != null: True&#xD;
sandbox: finished setuping local data&#xD;
sandbox: PrepareForTestRun complete.&#xD;
Given Match started with kick off from existing game&#xD;
-&gt; done: SetupGameSteps.GivenMatchStartedWithKickOffButtonFromExistingGame() (3.2s)&#xD;
When I click on team 1 possible "Yellow"&#xD;
-&gt; done: TeamActionButtonSteps.StartPossibleCardRegistration(1, Yellow) (0.6s)&#xD;
And I click "Yellow" card button&#xD;
-&gt; done: TeamActionButtonSteps.WhenIClickCardButton("Yellow") (0.1s)&#xD;
And I click "Possible VAR" button in workflow&#xD;
-&gt; done: WorkflowSteps.WhenIClickPossibleVarButtonInWorkflow() (0.1s)&#xD;
Then confirm VAR dialog is displayed&#xD;
-&gt; done: WorkflowSteps.ThenConfirmVarDialogIsDisplayed() (0.2s)&#xD;
And "Yes" VAR dialog button is shown&#xD;
-&gt; done: WorkflowSteps.ThenVarDialogButtonIsShown("Yes") (0.0s)&#xD;
And "No" VAR dialog button is shown&#xD;
-&gt; done: WorkflowSteps.ThenVarDialogButtonIsShown("No") (0.0s)&#xD;
sandbox: CleanUpAfterTestRun started.&#xD;
sandbox: application pages != null: True&#xD;
sandbox: web driver!= null: True&#xD;
sandbox: CleanUpAfterTestRun complete.</StdOut>
      </Output>
    </UnitTestResult>
    <UnitTestResult executionId="d56e3412-f913-4ba4-9b3e-d528c7b05689" testId="905803e2-0f4e-5ccc-43f8-49d751706147" testName="GivenManualGameStarted_WhenClosingWithSave_ThenGameShownInDashboard" computerName="EC2AMAZ-JEOO151" duration="00:00:04.4970000" startTime="2019-07-11T20:02:52.0000000+00:00" endTime="2019-07-11T20:02:57.0000000+00:00" testType="13cdc9d9-ddb5-4fa4-a97d-d965ccfc6d4b" outcome="Passed" testListId="8c84fa94-04c1-424b-9868-57a2d4851a1d" relativeResultsDirectory="d56e3412-f913-4ba4-9b3e-d528c7b05689">
      <Output>
        <StdOut>sandbox: PrepareForTestRun started.&#xD;
sandbox: football liveStatsApp != null: True &#xD;
sandbox: football liveStatsApp.IsProcessRunning: True &#xD;
sandbox: setupLocalData: localDatabaseProvider != null: True&#xD;
sandbox: applicationPages != null: True&#xD;
sandbox: applicationPages.Webdriver != null: True&#xD;
sandbox: finished setuping local data&#xD;
sandbox: PrepareForTestRun complete.&#xD;
sandbox: CleanUpAfterTestRun started.&#xD;
sandbox: application pages != null: True&#xD;
sandbox: web driver!= null: True&#xD;
Given action failed. Retrying after a timeout. Most likely UI was not fast enough to refresh itself.&#xD;
sandbox: CleanUpAfterTestRun complete.</StdOut>
      </Output>
    </UnitTestResult>
    <UnitTestResult executionId="9b845037-054f-4aca-ac1d-eab6830b57a5" testId="0ceb62cb-e4d0-2213-b2e5-004793d74119" testName="GivenPsoStarted_WhenDeletingPsoKickOff_ThenPsoPending" computerName="EC2AMAZ-JEOO151" duration="00:00:18.8820000" startTime="2019-07-11T20:20:46.0000000+00:00" endTime="2019-07-11T20:21:05.0000000+00:00" testType="13cdc9d9-ddb5-4fa4-a97d-d965ccfc6d4b" outcome="Passed" testListId="8c84fa94-04c1-424b-9868-57a2d4851a1d" relativeResultsDirectory="9b845037-054f-4aca-ac1d-eab6830b57a5">
      <Output>
        <StdOut>sandbox: PrepareForTestRun started.&#xD;
sandbox: football liveStatsApp != null: True &#xD;
sandbox: football liveStatsApp.IsProcessRunning: True &#xD;
sandbox: setupLocalData: localDatabaseProvider != null: True&#xD;
sandbox: applicationPages != null: True&#xD;
sandbox: applicationPages.Webdriver != null: True&#xD;
sandbox: finished setuping local data&#xD;
sandbox: PrepareForTestRun complete.&#xD;
sandbox: CleanUpAfterTestRun started.&#xD;
sandbox: application pages != null: True&#xD;
sandbox: web driver!= null: True&#xD;
sandbox: CleanUpAfterTestRun complete.</StdOut>
      </Output>
    </UnitTestResult>
    <UnitTestResult executionId="2bc97e78-5740-4599-ba83-793a2addfbbf" testId="30d85ed0-21bd-cba8-926e-14fb5b910ae0" testName="SelectPlayerForFoulFreekick(&quot;1&quot;,&quot;2&quot;,null)" computerName="EC2AMAZ-JEOO151" duration="00:00:06.6990000" startTime="2019-07-11T18:57:35.0000000+00:00" endTime="2019-07-11T18:57:42.0000000+00:00" testType="13cdc9d9-ddb5-4fa4-a97d-d965ccfc6d4b" outcome="Passed" testListId="8c84fa94-04c1-424b-9868-57a2d4851a1d" relativeResultsDirectory="2bc97e78-5740-4599-ba83-793a2addfbbf">
      <Output>
        <StdOut>sandbox: PrepareForTestRun started.&#xD;
sandbox: football liveStatsApp != null: True &#xD;
sandbox: football liveStatsApp.IsProcessRunning: True &#xD;
sandbox: setupLocalData: localDatabaseProvider != null: True&#xD;
sandbox: applicationPages != null: True&#xD;
sandbox: applicationPages.Webdriver != null: True&#xD;
sandbox: finished setuping local data&#xD;
sandbox: PrepareForTestRun complete.&#xD;
Given Match started with kick off from existing game&#xD;
-&gt; done: SetupGameSteps.GivenMatchStartedWithKickOffButtonFromExistingGame() (3.3s)&#xD;
When I click Freekick button for team 1&#xD;
-&gt; done: TeamActionButtonSteps.WhenIClickFreekickButtonForTeam(1) (0.6s)&#xD;
And I click on pitch x 20 and y 50&#xD;
-&gt; done: PitchScreenSteps.WhenIClickOnPitch(20, 50) (0.1s)&#xD;
And I click "Foul" button in freekick reason dialog&#xD;
-&gt; done: FreeKickSteps.WhenIClickButtonInFreekickReasonDialog("Foul") (0.2s)&#xD;
And I click player 1 from team 2&#xD;
-&gt; done: PitchPlayersComponentSteps.WhenIClickPlayerFromTeam(1, 2) (0.2s)&#xD;
And I click player 1 from team 1&#xD;
-&gt; done: PitchPlayersComponentSteps.WhenIClickPlayerFromTeam(1, 1) (0.2s)&#xD;
Then Player1 from team1 is added to freekick event action&#xD;
-&gt; done: ActionLogSteps.ThenPlayerFromTeamIsAddedToFreekickEventAction(1, 1) (0.2s)&#xD;
And Notification "Indicate where the ball has landed..." is shown&#xD;
-&gt; done: PitchBottomMessageBarSteps.ThenIsShown("Indicate where th...") (0.1s)&#xD;
sandbox: CleanUpAfterTestRun started.&#xD;
sandbox: application pages != null: True&#xD;
sandbox: web driver!= null: True&#xD;
sandbox: CleanUpAfterTestRun complete.</StdOut>
      </Output>
    </UnitTestResult>
    <UnitTestResult executionId="664082ea-2c67-44b3-8db0-254725361419" testId="7c69d78d-a106-c3dd-9431-bdacc7d56cd9" testName="GivenGameWithKickOffInFirstHalf_WhenEditingKickOffWhileInSecondHalf_ThenCanSaveData" computerName="EC2AMAZ-JEOO151" duration="00:00:10.9150000" startTime="2019-07-11T20:33:55.0000000+00:00" endTime="2019-07-11T20:34:06.0000000+00:00" testType="13cdc9d9-ddb5-4fa4-a97d-d965ccfc6d4b" outcome="Passed" testListId="8c84fa94-04c1-424b-9868-57a2d4851a1d" relativeResultsDirectory="664082ea-2c67-44b3-8db0-254725361419">
      <Output>
        <StdOut>sandbox: PrepareForTestRun started.&#xD;
sandbox: football liveStatsApp != null: True &#xD;
sandbox: football liveStatsApp.IsProcessRunning: True &#xD;
sandbox: setupLocalData: localDatabaseProvider != null: True&#xD;
sandbox: applicationPages != null: True&#xD;
sandbox: applicationPages.Webdriver != null: True&#xD;
sandbox: finished setuping local data&#xD;
sandbox: PrepareForTestRun complete.&#xD;
Failed to find element with query '[data-qa='kickOffEditScreen']'. Web driver timeout exception.&#xD;
sandbox: CleanUpAfterTestRun started.&#xD;
sandbox: application pages != null: True&#xD;
sandbox: web driver!= null: True&#xD;
sandbox: CleanUpAfterTestRun complete.</StdOut>
      </Output>
    </UnitTestResult>
    <UnitTestResult executionId="b313331a-0f87-43a3-9487-e5d8991d225e" testId="c074ffbc-0557-de9c-00dc-5f811a1ab8fb" testName="FootballCanSubstituteAfterGoalAndBeforeKickoff" computerName="EC2AMAZ-JEOO151" duration="00:00:09.9510000" startTime="2019-07-11T19:28:35.0000000+00:00" endTime="2019-07-11T19:28:45.0000000+00:00" testType="13cdc9d9-ddb5-4fa4-a97d-d965ccfc6d4b" outcome="Passed" testListId="8c84fa94-04c1-424b-9868-57a2d4851a1d" relativeResultsDirectory="b313331a-0f87-43a3-9487-e5d8991d225e">
      <Output>
        <StdOut>sandbox: PrepareForTestRun started.&#xD;
sandbox: football liveStatsApp != null: True &#xD;
sandbox: football liveStatsApp.IsProcessRunning: True &#xD;
sandbox: setupLocalData: localDatabaseProvider != null: True&#xD;
sandbox: applicationPages != null: True&#xD;
sandbox: applicationPages.Webdriver != null: True&#xD;
sandbox: finished setuping local data&#xD;
sandbox: PrepareForTestRun complete.&#xD;
Given Match started with kick off from existing game&#xD;
-&gt; done: SetupGameSteps.GivenMatchStartedWithKickOffButtonFromExistingGame() (3.2s)&#xD;
Given recorded goal for team "1" and player number "4" and assist player "6"&#xD;
-&gt; done: GoalSteps.WhenIRecordGoalForTeamAndPlayerNumber(1, 4, 6) (4.0s)&#xD;
When I add substitution for in player "26" and out player "2" in team "2"&#xD;
-&gt; done: SubstitutionEditSteps.GivenIAddSubstitutionForBothTeams(26, 2, 2) (1.8s)&#xD;
Then Kickoff prompt for team 2 is shown&#xD;
-&gt; done: GoalSteps.ThenKickoffPromptForTeamIsShown(2) (0.1s)&#xD;
sandbox: CleanUpAfterTestRun started.&#xD;
sandbox: application pages != null: True&#xD;
sandbox: web driver!= null: True&#xD;
sandbox: CleanUpAfterTestRun complete.</StdOut>
      </Output>
    </UnitTestResult>
    <UnitTestResult executionId="e228729c-49ef-473c-adb4-9e22741ba787" testId="279f4416-7f8f-308d-6eeb-d3685df7dea5" testName="SelectPlayerForFoulFreekickAvailable(&quot;1&quot;,&quot;2&quot;,&quot;1&quot;,null)" computerName="EC2AMAZ-JEOO151" duration="00:00:06.7330000" startTime="2019-07-11T18:57:49.0000000+00:00" endTime="2019-07-11T18:57:56.0000000+00:00" testType="13cdc9d9-ddb5-4fa4-a97d-d965ccfc6d4b" outcome="Passed" testListId="8c84fa94-04c1-424b-9868-57a2d4851a1d" relativeResultsDirectory="e228729c-49ef-473c-adb4-9e22741ba787">
      <Output>
        <StdOut>sandbox: PrepareForTestRun started.&#xD;
sandbox: football liveStatsApp != null: True &#xD;
sandbox: football liveStatsApp.IsProcessRunning: True &#xD;
sandbox: setupLocalData: localDatabaseProvider != null: True&#xD;
sandbox: applicationPages != null: True&#xD;
sandbox: applicationPages.Webdriver != null: True&#xD;
sandbox: finished setuping local data&#xD;
sandbox: PrepareForTestRun complete.&#xD;
Given Match started with kick off from existing game&#xD;
-&gt; done: SetupGameSteps.GivenMatchStartedWithKickOffButtonFromExistingGame() (3.2s)&#xD;
When I click Freekick button for team 1&#xD;
Given action failed. Retrying after a timeout.&#xD;
-&gt; done: TeamActionButtonSteps.WhenIClickFreekickButtonForTeam(1) (0.8s)&#xD;
And I click on pitch x 20 and y 50&#xD;
-&gt; done: PitchScreenSteps.WhenIClickOnPitch(20, 50) (0.1s)&#xD;
And I click "Foul" button in freekick reason dialog&#xD;
-&gt; done: FreeKickSteps.WhenIClickButtonInFreekickReasonDialog("Foul") (0.2s)&#xD;
And I click player 1 from team 2&#xD;
-&gt; done: PitchPlayersComponentSteps.WhenIClickPlayerFromTeam(1, 2) (0.2s)&#xD;
Then team 1 players are enabled&#xD;
-&gt; done: PitchPlayersComponentSteps.ThenTeamPlayersAreEnabled(1) (0.2s)&#xD;
And Player1 from team2 is added to freekick event action&#xD;
-&gt; done: ActionLogSteps.ThenPlayerFromTeamIsAddedToFreekickEventAction(1, 2) (0.2s)&#xD;
And Notification "Select player that was fouled..." is shown&#xD;
-&gt; done: PitchBottomMessageBarSteps.ThenIsShown("Select player tha...") (0.1s)&#xD;
sandbox: CleanUpAfterTestRun started.&#xD;
sandbox: application pages != null: True&#xD;
sandbox: web driver!= null: True&#xD;
sandbox: CleanUpAfterTestRun complete.</StdOut>
      </Output>
    </UnitTestResult>
    <UnitTestResult executionId="97e7a59a-d204-4cd3-98e6-06a964538766" testId="6904de1d-8642-73e4-2976-f8befe5e14fe" testName="GivenGameKickedOff_WhenEndingHalf_ThenPossessionMarkerAndZonesCleared" computerName="EC2AMAZ-JEOO151" duration="00:00:27.1790000" startTime="2019-07-11T21:32:20.0000000+00:00" endTime="2019-07-11T21:32:47.0000000+00:00" testType="13cdc9d9-ddb5-4fa4-a97d-d965ccfc6d4b" outcome="Passed" testListId="8c84fa94-04c1-424b-9868-57a2d4851a1d" relativeResultsDirectory="97e7a59a-d204-4cd3-98e6-06a964538766">
      <Output>
        <StdOut>sandbox: PrepareForTestRun started.&#xD;
sandbox: football liveStatsApp != null: True &#xD;
sandbox: football liveStatsApp.IsProcessRunning: True &#xD;
sandbox: setupLocalData: localDatabaseProvider != null: True&#xD;
sandbox: applicationPages != null: True&#xD;
sandbox: applicationPages.Webdriver != null: True&#xD;
sandbox: finished setuping local data&#xD;
sandbox: PrepareForTestRun complete.&#xD;
Failed to find element with query '[data-qa='activePitchOverlay']'. Web driver timeout exception.&#xD;
Given action failed. Retrying after a timeout.&#xD;
Failed to find element with query '[data-qa='activePitchOverlay']'. Web driver timeout exception.&#xD;
Failed to find data-qa element with tag 'dangerZoneText'. No such element exception.&#xD;
Failed to find data-qa element with tag 'dangerZoneText'. No such element exception.&#xD;
Failed to find data-qa element with tag 'dangerZoneText'. No such element exception.&#xD;
Failed to find data-qa element with tag 'dangerZoneText'. No such element exception.&#xD;
Failed to find element with query '[data-qa='pitch-cursor']'. Web driver timeout exception.&#xD;
sandbox: CleanUpAfterTestRun started.&#xD;
sandbox: application pages != null: True&#xD;
sandbox: web driver!= null: True&#xD;
sandbox: CleanUpAfterTestRun complete.</StdOut>
      </Output>
    </UnitTestResult>
    <UnitTestResult executionId="a3298d3f-f1d5-47cc-85e0-db154400b1bf" testId="e0606c1c-d3d6-09f5-6948-d863918f34ea" testName="GivenActionRegistered_WhenDeletingFromExpandedActionLog_ThenDeletedInExpanded(Goal)" computerName="EC2AMAZ-JEOO151" duration="00:00:11.2630000" startTime="2019-07-11T20:16:05.0000000+00:00" endTime="2019-07-11T20:16:16.0000000+00:00" testType="13cdc9d9-ddb5-4fa4-a97d-d965ccfc6d4b" outcome="Passed" testListId="8c84fa94-04c1-424b-9868-57a2d4851a1d" relativeResultsDirectory="a3298d3f-f1d5-47cc-85e0-db154400b1bf">
      <Output>
        <StdOut>sandbox: PrepareForTestRun started.&#xD;
sandbox: football liveStatsApp != null: True &#xD;
sandbox: football liveStatsApp.IsProcessRunning: True &#xD;
sandbox: setupLocalData: localDatabaseProvider != null: True&#xD;
sandbox: applicationPages != null: True&#xD;
sandbox: applicationPages.Webdriver != null: True&#xD;
sandbox: finished setuping local data&#xD;
sandbox: PrepareForTestRun complete.&#xD;
Given action failed. Retrying after a timeout.&#xD;
sandbox: CleanUpAfterTestRun started.&#xD;
sandbox: application pages != null: True&#xD;
sandbox: web driver!= null: True&#xD;
sandbox: CleanUpAfterTestRun complete.</StdOut>
      </Output>
    </UnitTestResult>
    <UnitTestResult executionId="c8fb3d8c-51de-4625-ab67-7b5253f860cb" testId="154bb94a-6f7f-bef7-b569-248c2f4f732c" testName="CanRecordACardAfterGoalAndBeforeKickoff(&quot;Yellow&quot;,&quot;1&quot;,null)" computerName="EC2AMAZ-JEOO151" duration="00:00:11.6170000" startTime="2019-07-11T18:51:02.0000000+00:00" endTime="2019-07-11T18:51:14.0000000+00:00" testType="13cdc9d9-ddb5-4fa4-a97d-d965ccfc6d4b" outcome="Passed" testListId="8c84fa94-04c1-424b-9868-57a2d4851a1d" relativeResultsDirectory="c8fb3d8c-51de-4625-ab67-7b5253f860cb">
      <Output>
        <StdOut>sandbox: PrepareForTestRun started.&#xD;
sandbox: football liveStatsApp != null: True &#xD;
sandbox: football liveStatsApp.IsProcessRunning: True &#xD;
sandbox: setupLocalData: localDatabaseProvider != null: True&#xD;
sandbox: applicationPages != null: True&#xD;
sandbox: applicationPages.Webdriver != null: True&#xD;
sandbox: finished setuping local data&#xD;
sandbox: PrepareForTestRun complete.&#xD;
Given Match started with kick off from existing game&#xD;
-&gt; done: SetupGameSteps.GivenMatchStartedWithKickOffButtonFromExistingGame() (3.3s)&#xD;
Given recorded goal for team "1" and player number "4" and assist player "6"&#xD;
Given action failed. Retrying after a timeout.&#xD;
-&gt; done: GoalSteps.WhenIRecordGoalForTeamAndPlayerNumber(1, 4, 6) (4.1s)&#xD;
When I record "Yellow" card for 1&#xD;
-&gt; done: CardSteps.WhenIRecordCardFor("Yellow", 1) (3.1s)&#xD;
Then Kickoff prompt for team 2 is shown&#xD;
-&gt; done: GoalSteps.ThenKickoffPromptForTeamIsShown(2) (0.2s)&#xD;
And Latest "Booking" event is completed&#xD;
-&gt; done: ActionLogSteps.ThenLatestEventIsConfirmed(Booking) (0.1s)&#xD;
sandbox: CleanUpAfterTestRun started.&#xD;
sandbox: application pages != null: True&#xD;
sandbox: web driver!= null: True&#xD;
sandbox: CleanUpAfterTestRun complete.</StdOut>
      </Output>
    </UnitTestResult>
    <UnitTestResult executionId="3886ab61-6ab1-488e-bd18-c6cb3464a06d" testId="4c2caa39-d3fc-8056-8a74-2d37c63efb2e" testName="GivenGoalLastSteps_WhenGoingBackAndFinishingWorkflow_ThenGoalFinished" computerName="EC2AMAZ-JEOO151" duration="00:00:12.0020000" startTime="2019-07-11T21:04:39.0000000+00:00" endTime="2019-07-11T21:04:51.0000000+00:00" testType="13cdc9d9-ddb5-4fa4-a97d-d965ccfc6d4b" outcome="Passed" testListId="8c84fa94-04c1-424b-9868-57a2d4851a1d" relativeResultsDirectory="3886ab61-6ab1-488e-bd18-c6cb3464a06d">
      <Output>
        <StdOut>sandbox: PrepareForTestRun started.&#xD;
sandbox: football liveStatsApp != null: True &#xD;
sandbox: football liveStatsApp.IsProcessRunning: True &#xD;
sandbox: setupLocalData: localDatabaseProvider != null: True&#xD;
sandbox: applicationPages != null: True&#xD;
sandbox: applicationPages.Webdriver != null: True&#xD;
sandbox: finished setuping local data&#xD;
sandbox: PrepareForTestRun complete.&#xD;
Given action failed. Retrying after a timeout.&#xD;
Failed to find data-qa element with tag 'playerGoals'. No such element exception.&#xD;
sandbox: CleanUpAfterTestRun started.&#xD;
sandbox: application pages != null: True&#xD;
sandbox: web driver!= null: True&#xD;
sandbox: CleanUpAfterTestRun complete.</StdOut>
      </Output>
    </UnitTestResult>
    <UnitTestResult executionId="c6a85c7d-268a-454f-8fa2-cc5700d8fbe6" testId="736d0ac9-3a40-4a57-2c40-88347483d2e0" testName="GivenShotsRegistered_WhenSelectingBlockedShots_ThenShowOnlyBlockedShots" computerName="EC2AMAZ-JEOO151" duration="00:00:08.9320000" startTime="2019-07-11T21:23:28.0000000+00:00" endTime="2019-07-11T21:23:37.0000000+00:00" testType="13cdc9d9-ddb5-4fa4-a97d-d965ccfc6d4b" outcome="Passed" testListId="8c84fa94-04c1-424b-9868-57a2d4851a1d" relativeResultsDirectory="c6a85c7d-268a-454f-8fa2-cc5700d8fbe6">
      <Output>
        <StdOut>sandbox: PrepareForTestRun started.&#xD;
sandbox: football liveStatsApp != null: True &#xD;
sandbox: football liveStatsApp.IsProcessRunning: True &#xD;
sandbox: setupLocalData: localDatabaseProvider != null: True&#xD;
sandbox: applicationPages != null: True&#xD;
sandbox: applicationPages.Webdriver != null: True&#xD;
sandbox: finished setuping local data&#xD;
sandbox: PrepareForTestRun complete.&#xD;
Given action failed. Retrying after a timeout.&#xD;
sandbox: CleanUpAfterTestRun started.&#xD;
sandbox: application pages != null: True&#xD;
sandbox: web driver!= null: True&#xD;
sandbox: CleanUpAfterTestRun complete.</StdOut>
      </Output>
    </UnitTestResult>
    <UnitTestResult executionId="341529fc-3a78-472e-9a33-2f2a6b212192" testId="1c0feb26-14b5-e0bf-5006-69460105a10d" testName="GivenSecondHalfEnded_WhenDeletingHalfEndInFootball_ThenGameIsBackInProgress" computerName="EC2AMAZ-JEOO151" duration="00:00:12.2160000" startTime="2019-07-11T20:25:55.0000000+00:00" endTime="2019-07-11T20:26:08.0000000+00:00" testType="13cdc9d9-ddb5-4fa4-a97d-d965ccfc6d4b" outcome="Passed" testListId="8c84fa94-04c1-424b-9868-57a2d4851a1d" relativeResultsDirectory="341529fc-3a78-472e-9a33-2f2a6b212192">
      <Output>
        <StdOut>sandbox: PrepareForTestRun started.&#xD;
sandbox: football liveStatsApp != null: True &#xD;
sandbox: football liveStatsApp.IsProcessRunning: True &#xD;
sandbox: setupLocalData: localDatabaseProvider != null: True&#xD;
sandbox: applicationPages != null: True&#xD;
sandbox: applicationPages.Webdriver != null: True&#xD;
sandbox: finished setuping local data&#xD;
sandbox: PrepareForTestRun complete.&#xD;
sandbox: CleanUpAfterTestRun started.&#xD;
sandbox: application pages != null: True&#xD;
sandbox: web driver!= null: True&#xD;
sandbox: CleanUpAfterTestRun complete.</StdOut>
      </Output>
    </UnitTestResult>
    <UnitTestResult executionId="a0614a5e-2ae6-4492-940a-21bb226e257d" testId="8a1fb947-736a-0abc-938f-81c304822ae9" testName="FootballPenaltyKickResultChangeIsSaved" computerName="EC2AMAZ-JEOO151" duration="00:00:12.6810000" startTime="2019-07-11T18:07:40.0000000+00:00" endTime="2019-07-11T18:07:53.0000000+00:00" testType="13cdc9d9-ddb5-4fa4-a97d-d965ccfc6d4b" outcome="Passed" testListId="8c84fa94-04c1-424b-9868-57a2d4851a1d" relativeResultsDirectory="a0614a5e-2ae6-4492-940a-21bb226e257d">
      <Output>
        <StdOut>sandbox: PrepareForTestRun started.&#xD;
sandbox: football liveStatsApp != null: True &#xD;
sandbox: football liveStatsApp.IsProcessRunning: True &#xD;
sandbox: setupLocalData: localDatabaseProvider != null: True&#xD;
sandbox: applicationPages != null: True&#xD;
sandbox: applicationPages.Webdriver != null: True&#xD;
sandbox: finished setuping local data&#xD;
sandbox: PrepareForTestRun complete.&#xD;
Given Match started with kick off from existing game&#xD;
-&gt; done: SetupGameSteps.GivenMatchStartedWithKickOffButtonFromExistingGame() (3.0s)&#xD;
Given Made penalty registered for player with shirt number 10 of team 1 fouled by player with shirt number 3&#xD;
Given action failed. Retrying after a timeout.&#xD;
-&gt; done: PenaltySteps.GivenPenaltyRegisteredForTeam(10, 1, 3) (6.9s)&#xD;
And I click top event in action log&#xD;
-&gt; done: ActionLogSteps.GivenIClickPenaltyEventInActionLog() (0.3s)&#xD;
When I click on miss off target result in penalty edit&#xD;
-&gt; done: PenaltyEditSteps.WhenIClickOnMissOffTargetPenaltyResult() (0.2s)&#xD;
When I click "adjust shot location" button in edit window&#xD;
-&gt; done: GoalEditSteps.GivenIClickAdjustShotLocationButton() (0.1s)&#xD;
And I click on "out top right" net section at x 10 and y 10&#xD;
-&gt; done: ExpandedShotLocationDialogSteps.GivenIClickCornerOnNetAt("out top right", 10, 10) (0.1s)&#xD;
And I click "Proceed" button on expanded shot position view&#xD;
-&gt; done: ExpandedShotLocationDialogSteps.GivenIClickButtonOnExpandedShotPositionView("Proceed") (0.1s)&#xD;
And I click on goalkeeper saved in penalty edit&#xD;
-&gt; done: PenaltyEditSteps.WhenIClickOnGoalkeeperSavedPenaltyKick() (0.1s)&#xD;
And I click Save button in action edit form&#xD;
-&gt; done: EditFormSteps.ClickSaveButtonInActionEditForm() (0.6s)&#xD;
And I click top event in action log&#xD;
-&gt; done: ActionLogSteps.GivenIClickPenaltyEventInActionLog() (0.1s)&#xD;
Then Penalty kick edit result is "Miss Off Target"&#xD;
-&gt; done: PenaltyEditSteps.ThenShotResultIsMissOffTarget() (0.1s)&#xD;
And Goalkeeper saved kick is selected in penalty edit&#xD;
-&gt; done: PenaltyEditSteps.ThenGoalkeeperSavedPenaltyKickIsSelected() (0.0s)&#xD;
And Save label of "Penalty" event in action log is in team 2 color&#xD;
-&gt; done: ActionLogSteps.ThenSubItemOfEventInActionLogIsInTeamColor("Save", Penalty, 2) (0.2s)&#xD;
And "Penalty" event does not have Goal label&#xD;
-&gt; done: ActionLogSteps.ThenEventDoesNotHaveLabel(Penalty, "Goal") (0.1s)&#xD;
sandbox: CleanUpAfterTestRun started.&#xD;
sandbox: application pages != null: True&#xD;
sandbox: web driver!= null: True&#xD;
sandbox: CleanUpAfterTestRun complete.</StdOut>
      </Output>
    </UnitTestResult>
    <UnitTestResult executionId="73a0808f-b91b-4002-8cb4-4657de1689ea" testId="3103dd75-6c85-ed05-7237-d2eb1fec1411" testName="GivenGoalWorkflow_WithAssistSelected_ThenKickOffShownAndNoSecondAssistPrompted" computerName="EC2AMAZ-JEOO151" duration="00:00:08.5530000" startTime="2019-07-11T21:05:32.0000000+00:00" endTime="2019-07-11T21:05:40.0000000+00:00" testType="13cdc9d9-ddb5-4fa4-a97d-d965ccfc6d4b" outcome="Passed" testListId="8c84fa94-04c1-424b-9868-57a2d4851a1d" relativeResultsDirectory="73a0808f-b91b-4002-8cb4-4657de1689ea">
      <Output>
        <StdOut>sandbox: PrepareForTestRun started.&#xD;
sandbox: football liveStatsApp != null: True &#xD;
sandbox: football liveStatsApp.IsProcessRunning: True &#xD;
sandbox: setupLocalData: localDatabaseProvider != null: True&#xD;
sandbox: applicationPages != null: True&#xD;
sandbox: applicationPages.Webdriver != null: True&#xD;
sandbox: finished setuping local data&#xD;
sandbox: PrepareForTestRun complete.&#xD;
sandbox: CleanUpAfterTestRun started.&#xD;
sandbox: application pages != null: True&#xD;
sandbox: web driver!= null: True&#xD;
sandbox: CleanUpAfterTestRun complete.</StdOut>
      </Output>
    </UnitTestResult>
    <UnitTestResult executionId="140d6da7-7459-49d3-aaff-4e5e931e51a1" testId="987c990d-64cb-80ed-b270-6ef564e67a86" testName="CanInsertGoalKickAfterBeforePeriodBreak(&quot;before&quot;,&quot;PhaseEnd&quot;,&quot;5&quot;,null)" computerName="EC2AMAZ-JEOO151" duration="00:00:08.9350000" startTime="2019-07-11T18:40:48.0000000+00:00" endTime="2019-07-11T18:40:57.0000000+00:00" testType="13cdc9d9-ddb5-4fa4-a97d-d965ccfc6d4b" outcome="Passed" testListId="8c84fa94-04c1-424b-9868-57a2d4851a1d" relativeResultsDirectory="140d6da7-7459-49d3-aaff-4e5e931e51a1">
      <Output>
        <StdOut>sandbox: PrepareForTestRun started.&#xD;
sandbox: football liveStatsApp != null: True &#xD;
sandbox: football liveStatsApp.IsProcessRunning: True &#xD;
sandbox: setupLocalData: localDatabaseProvider != null: True&#xD;
sandbox: applicationPages != null: True&#xD;
sandbox: applicationPages.Webdriver != null: True&#xD;
sandbox: finished setuping local data&#xD;
sandbox: PrepareForTestRun complete.&#xD;
Given Second period started from existing game&#xD;
-&gt; done: SetupGameSteps.GivenSecondPeriodStartedFromExistingGame() (6.5s)&#xD;
When I click Expand Action log button&#xD;
-&gt; done: ActionLogSteps.WhenIClickExpandActionLogButton() (0.3s)&#xD;
And I insert "GoalKick" before "PhaseEnd"&#xD;
-&gt; done: ExpandedActionLogSteps.WhenIInsertBefore(GoalKick, PhaseEnd) (0.3s)&#xD;
And I click team 1 in edit form&#xD;
-&gt; done: EditFormSteps.WhenIClickTeamInEditForm(1) (0.1s)&#xD;
And I change ball landing location to x 10 and y 80&#xD;
-&gt; done: GoalKickEditSteps.WhenIChangeBallLandingLocationToXAndY(10, 80) (0.3s)&#xD;
And I click Save button in action edit form&#xD;
-&gt; done: EditFormSteps.ClickSaveButtonInActionEditForm() (0.6s)&#xD;
Then "Goal Kick" Action is displayed at 5 in expanded action log&#xD;
-&gt; done: ExpandedActionLogSteps.ThenGoalActionIsDisplayedAtInExpandedActionLog("Goal Kick", 5) (0.1s)&#xD;
sandbox: CleanUpAfterTestRun started.&#xD;
sandbox: application pages != null: True&#xD;
sandbox: web driver!= null: True&#xD;
sandbox: CleanUpAfterTestRun complete.</StdOut>
      </Output>
    </UnitTestResult>
    <UnitTestResult executionId="339830d1-0c0c-4fbf-914d-75c7da11bc02" testId="ebdc8bc7-c9d1-c647-c65b-bcdffe6a5ff4" testName="DeleteCardAfterSelectingCoach(&quot;Yellow&quot;,&quot;Yellow&quot;,&quot;Yellow&quot;,null)" computerName="EC2AMAZ-JEOO151" duration="00:00:13.0990000" startTime="2019-07-11T18:53:14.0000000+00:00" endTime="2019-07-11T18:53:27.0000000+00:00" testType="13cdc9d9-ddb5-4fa4-a97d-d965ccfc6d4b" outcome="Passed" testListId="8c84fa94-04c1-424b-9868-57a2d4851a1d" relativeResultsDirectory="339830d1-0c0c-4fbf-914d-75c7da11bc02">
      <Output>
        <StdOut>sandbox: PrepareForTestRun started.&#xD;
sandbox: football liveStatsApp != null: True &#xD;
sandbox: football liveStatsApp.IsProcessRunning: True &#xD;
sandbox: setupLocalData: localDatabaseProvider != null: True&#xD;
sandbox: applicationPages != null: True&#xD;
sandbox: applicationPages.Webdriver != null: True&#xD;
sandbox: finished setuping local data&#xD;
sandbox: PrepareForTestRun complete.&#xD;
Given Match started with kick off from existing game&#xD;
-&gt; done: SetupGameSteps.GivenMatchStartedWithKickOffButtonFromExistingGame() (3.2s)&#xD;
When I click on team 1 possible "Yellow"&#xD;
-&gt; done: TeamActionButtonSteps.StartPossibleCardRegistration(1, Yellow) (0.7s)&#xD;
And I click "Yellow" card button&#xD;
-&gt; done: TeamActionButtonSteps.WhenIClickCardButton("Yellow") (0.1s)&#xD;
And I confirm booking by clicking "Confirm" button&#xD;
-&gt; done: CardSteps.WhenIConfirmActionByClickingButton() (2.3s)&#xD;
And I choose coach from team 1 bench&#xD;
-&gt; done: PitchPlayersComponentSteps.SelectCoachForCard(1) (0.4s)&#xD;
And I cancel action workflow by clicking "Cancel &amp; Delete" button&#xD;
-&gt; done: WorkflowSteps.WhenICancelActionWorkflowByClickingButton() (0.4s)&#xD;
Then Pitch View is shown&#xD;
-&gt; done: PitchScreenSteps.PitchViewIsShown() (0.0s)&#xD;
And coach from team 1 is not marked with "Yellow" line&#xD;
Given action failed. Retrying after a timeout.&#xD;
Failed to find element with query 'yellowCardIndicator' under parent. No such element exception.&#xD;
-&gt; done: PitchPlayersComponentSteps.ThenCoachIsNotMarkedWithLine(1, Yellow) (5.2s)&#xD;
sandbox: CleanUpAfterTestRun started.&#xD;
sandbox: application pages != null: True&#xD;
sandbox: web driver!= null: True&#xD;
sandbox: CleanUpAfterTestRun complete.</StdOut>
      </Output>
    </UnitTestResult>
    <UnitTestResult executionId="e9ed4b5a-b0f6-4217-a743-314f8ce0c286" testId="3514f624-b15c-11da-d2d4-cfbab4a2107a" testName="InsertedCornerIsPresentedInScoreboard(&quot;2&quot;,&quot;1&quot;,&quot;bottom left&quot;,null)" computerName="EC2AMAZ-JEOO151" duration="00:00:14.0990000" startTime="2019-07-11T18:13:27.0000000+00:00" endTime="2019-07-11T18:13:41.0000000+00:00" testType="13cdc9d9-ddb5-4fa4-a97d-d965ccfc6d4b" outcome="Passed" testListId="8c84fa94-04c1-424b-9868-57a2d4851a1d" relativeResultsDirectory="e9ed4b5a-b0f6-4217-a743-314f8ce0c286">
      <Output>
        <StdOut>sandbox: PrepareForTestRun started.&#xD;
sandbox: football liveStatsApp != null: True &#xD;
sandbox: football liveStatsApp.IsProcessRunning: True &#xD;
sandbox: setupLocalData: localDatabaseProvider != null: True&#xD;
sandbox: applicationPages != null: True&#xD;
sandbox: applicationPages.Webdriver != null: True&#xD;
sandbox: finished setuping local data&#xD;
sandbox: PrepareForTestRun complete.&#xD;
Given Match started with kick off from existing game&#xD;
-&gt; done: SetupGameSteps.GivenMatchStartedWithKickOffButtonFromExistingGame() (3.2s)&#xD;
And "Yellow" Card for Team 1 is registered&#xD;
Given action failed. Retrying after a timeout.&#xD;
-&gt; done: CardSteps.GivenCardForTeamIsRegistered(Yellow, 1) (3.7s)&#xD;
And Throw in added for Team 1&#xD;
Given action failed. Retrying after a timeout.&#xD;
-&gt; done: ThrowInEditSteps.GivenThrowInAddedForTeam(1) (0.8s)&#xD;
And I clicked on latest "ThrowIn" event in action log&#xD;
-&gt; done: ActionLogSteps.GivenIClickOnLatestEventInActionLog(ThrowIn) (0.2s)&#xD;
And I entered new conceded event time of "0030"&#xD;
-&gt; done: EditFormSteps.GivenIEnterNewConcededEventTimeOf("0030") (1.0s)&#xD;
And I clicked Save button in action edit form&#xD;
-&gt; done: EditFormSteps.ClickSaveButtonInActionEditForm() (0.6s)&#xD;
When I click Expand Action log button&#xD;
-&gt; done: ActionLogSteps.WhenIClickExpandActionLogButton() (0.1s)&#xD;
And I insert "Corner" after last action in expanded action log&#xD;
-&gt; done: ExpandedActionLogSteps.WhenIInsertPenaltyAfterLastActionInExpandedActionLog(Corner) (0.3s)&#xD;
And I enter new conceded event time of "0035"&#xD;
-&gt; done: EditFormSteps.GivenIEnterNewConcededEventTimeOf("0035") (1.0s)&#xD;
And I enter new taken event time of "0036"&#xD;
-&gt; done: EditFormSteps.GivenIEnterNewTakenEventTimeOf("0036") (1.0s)&#xD;
And I click Team 2 in edit screen&#xD;
-&gt; done: EditFormSteps.GivenIClickTeamInEditScreen(2) (0.1s)&#xD;
And I click "bottom left" corner of the pitch&#xD;
-&gt; done: CornerSteps.GivenIClickCornerOfThePitch("bottom left") (0.1s)&#xD;
And I click edit Corner taken Location button&#xD;
-&gt; done: CornerEditSteps.GivenIClickEditCornerTakenLocationButton() (0.1s)&#xD;
And I click on expanded pitch view x 50 y 50&#xD;
-&gt; done: ExpandedPitchPositionDialogSteps.GivenIClickOnExpandedPitchViewXY(50, 50) (0.1s)&#xD;
And I Click "Save" Button on expanded pitch view&#xD;
-&gt; done: ExpandedPitchPositionDialogSteps.GivenIClickButtonOnExpandedPitchInCornerEditWorkflow("Save") (0.1s)&#xD;
And I click Save button in action edit form&#xD;
-&gt; done: EditFormSteps.ClickSaveButtonInActionEditForm() (0.6s)&#xD;
And I close expanded action log page&#xD;
-&gt; done: ExpandedActionLogSteps.WhenICloseExpandedActionLogPage() (0.2s)&#xD;
Then Pitch View is shown&#xD;
-&gt; done: PitchScreenSteps.PitchViewIsShown() (0.0s)&#xD;
And Corners count for team 2 is 1&#xD;
-&gt; done: ScoreBoardSteps.ThenCornersCountForTeamIs(2, 1) (0.0s)&#xD;
And Corners count for team 1 is 0&#xD;
-&gt; done: ScoreBoardSteps.ThenCornersCountForTeamIs(1, 0) (0.1s)&#xD;
sandbox: CleanUpAfterTestRun started.&#xD;
sandbox: application pages != null: True&#xD;
sandbox: web driver!= null: True&#xD;
sandbox: CleanUpAfterTestRun complete.</StdOut>
      </Output>
    </UnitTestResult>
    <UnitTestResult executionId="ece25bf7-68e8-4d8a-a69c-8c24233c9739" testId="83513a41-a165-7df7-64f0-0d973ff00b4e" testName="ChangePenaltyTaker" computerName="EC2AMAZ-JEOO151" duration="00:00:15.2480000" startTime="2019-07-11T18:06:59.0000000+00:00" endTime="2019-07-11T18:07:14.0000000+00:00" testType="13cdc9d9-ddb5-4fa4-a97d-d965ccfc6d4b" outcome="Passed" testListId="8c84fa94-04c1-424b-9868-57a2d4851a1d" relativeResultsDirectory="ece25bf7-68e8-4d8a-a69c-8c24233c9739">
      <Output>
        <StdOut>sandbox: PrepareForTestRun started.&#xD;
sandbox: football liveStatsApp != null: True &#xD;
sandbox: football liveStatsApp.IsProcessRunning: True &#xD;
sandbox: setupLocalData: localDatabaseProvider != null: True&#xD;
sandbox: applicationPages != null: True&#xD;
sandbox: applicationPages.Webdriver != null: True&#xD;
sandbox: finished setuping local data&#xD;
sandbox: PrepareForTestRun complete.&#xD;
Given Match started with kick off from existing game&#xD;
-&gt; done: SetupGameSteps.GivenMatchStartedWithKickOffButtonFromExistingGame() (3.6s)&#xD;
Given Made penalty registered for player with shirt number 10 of team 1 fouled by player with shirt number 3&#xD;
-&gt; done: PenaltySteps.GivenPenaltyRegisteredForTeam(10, 1, 3) (7.3s)&#xD;
And I click top event in action log&#xD;
-&gt; done: ActionLogSteps.GivenIClickPenaltyEventInActionLog() (0.3s)&#xD;
When I click on player with shirt number 6 as penalty taker in penalty edit&#xD;
-&gt; done: PenaltyEditSteps.WhenIClickOnPlayerWithShirtNumberAsPenaltyTaker(6) (0.4s)&#xD;
And I click Save button in action edit form&#xD;
-&gt; done: EditFormSteps.ClickSaveButtonInActionEditForm() (0.6s)&#xD;
Then Player on pitch with shirt number 10 of team 1 do not have goal icon&#xD;
Failed to find data-qa element with tag 'playerGoals'. No such element exception.&#xD;
-&gt; done: PitchPlayersComponentSteps.ThenPlayerOnPitchWithShirtNumberOfTeamDoNotHaveGoalIcon(10, 1) (2.2s)&#xD;
And Ball icon is shown on player on pitch with shirt number 6 of team 1&#xD;
-&gt; done: PitchPlayersComponentSteps.ThenBallIconIsShownOnPlayerOnPitchWithShirtNumberOfTeamButton(6, 1) (0.1s)&#xD;
sandbox: CleanUpAfterTestRun started.&#xD;
sandbox: application pages != null: True&#xD;
sandbox: web driver!= null: True&#xD;
sandbox: CleanUpAfterTestRun complete.</StdOut>
      </Output>
    </UnitTestResult>
    <UnitTestResult executionId="b91889f2-f2e1-48b5-bc59-7a4be7e6e8f7" testId="c7112c3b-9ca7-3e65-9da1-326b058209d9" testName="DoNotConfirmCardColorCard(&quot;Yellow&quot;,&quot;Yellow&quot;,null)" computerName="EC2AMAZ-JEOO151" duration="00:00:09.4500000" startTime="2019-07-11T18:54:32.0000000+00:00" endTime="2019-07-11T18:54:41.0000000+00:00" testType="13cdc9d9-ddb5-4fa4-a97d-d965ccfc6d4b" outcome="Passed" testListId="8c84fa94-04c1-424b-9868-57a2d4851a1d" relativeResultsDirectory="b91889f2-f2e1-48b5-bc59-7a4be7e6e8f7">
      <Output>
        <StdOut>sandbox: PrepareForTestRun started.&#xD;
sandbox: football liveStatsApp != null: True &#xD;
sandbox: football liveStatsApp.IsProcessRunning: True &#xD;
sandbox: setupLocalData: localDatabaseProvider != null: True&#xD;
sandbox: applicationPages != null: True&#xD;
sandbox: applicationPages.Webdriver != null: True&#xD;
sandbox: finished setuping local data&#xD;
sandbox: PrepareForTestRun complete.&#xD;
Given Match started with kick off from existing game&#xD;
-&gt; done: SetupGameSteps.GivenMatchStartedWithKickOffButtonFromExistingGame() (3.2s)&#xD;
When I click on team 2 possible "Yellow"&#xD;
Given action failed. Retrying after a timeout.&#xD;
-&gt; done: TeamActionButtonSteps.StartPossibleCardRegistration(2, Yellow) (0.8s)&#xD;
And I click "Yellow" card button&#xD;
-&gt; done: TeamActionButtonSteps.WhenIClickCardButton("Yellow") (0.1s)&#xD;
And I dont confirm booking by clicking "Cancel &amp; Delete" button&#xD;
-&gt; done: CardSteps.WhenIDontConfirmActionByClickingButton() (0.1s)&#xD;
And I confirm booking deletion&#xD;
-&gt; done: CardSteps.WhenIConfirmActionDeletion() (0.2s)&#xD;
Then card event is deleted in Action log&#xD;
-&gt; done: ActionLogSteps.ThenCardEventIsDeletedInActionLog() (2.0s)&#xD;
And Pitch View is shown&#xD;
-&gt; done: PitchScreenSteps.PitchViewIsShown() (0.0s)&#xD;
And Yellow line removed from player with shirt id 1 of team 2&#xD;
Failed to find element with query 'yellowCardIndicator' under parent. No such element exception.&#xD;
-&gt; done: PitchPlayersComponentSteps.ThenYellowLineRemovedFromPlayerWithShirtIdOfTeam(Yellow, 1, 2) (2.1s)&#xD;
sandbox: CleanUpAfterTestRun started.&#xD;
sandbox: application pages != null: True&#xD;
sandbox: web driver!= null: True&#xD;
sandbox: CleanUpAfterTestRun complete.</StdOut>
      </Output>
    </UnitTestResult>
    <UnitTestResult executionId="65f94501-6956-4eba-9424-69fbf3733ec5" testId="ff91d518-74fd-8aa1-2962-2daad5009297" testName="GivenPenaltyRegistered_WhenUpdatingTeam_ThenTeamUpdated" computerName="EC2AMAZ-JEOO151" duration="00:00:15.8510000" startTime="2019-07-11T20:34:53.0000000+00:00" endTime="2019-07-11T20:35:09.0000000+00:00" testType="13cdc9d9-ddb5-4fa4-a97d-d965ccfc6d4b" outcome="Passed" testListId="8c84fa94-04c1-424b-9868-57a2d4851a1d" relativeResultsDirectory="65f94501-6956-4eba-9424-69fbf3733ec5">
      <Output>
        <StdOut>sandbox: PrepareForTestRun started.&#xD;
sandbox: football liveStatsApp != null: True &#xD;
sandbox: football liveStatsApp.IsProcessRunning: True &#xD;
sandbox: setupLocalData: localDatabaseProvider != null: True&#xD;
sandbox: applicationPages != null: True&#xD;
sandbox: applicationPages.Webdriver != null: True&#xD;
sandbox: finished setuping local data&#xD;
sandbox: PrepareForTestRun complete.&#xD;
Given action failed. Retrying after a timeout.&#xD;
Failed to find data-qa element with tag 'playerGoals'. No such element exception.&#xD;
sandbox: CleanUpAfterTestRun started.&#xD;
sandbox: application pages != null: True&#xD;
sandbox: web driver!= null: True&#xD;
sandbox: CleanUpAfterTestRun complete.</StdOut>
      </Output>
    </UnitTestResult>
    <UnitTestResult executionId="431b2f09-4acc-497a-9239-1c504fedc9d8" testId="4bf0c5d6-494e-20e5-513c-dca0fc225525" testName="GivenGameInProgress_WhenConfirmingCardForSubstitutePlayer_ThenCardIsRegisteredForPlayer(Yellow,2,20,SecondYellow,&quot;2nd Yellow&quot;)" computerName="EC2AMAZ-JEOO151" duration="00:00:11.0470000" startTime="2019-07-11T20:56:58.0000000+00:00" endTime="2019-07-11T20:57:09.0000000+00:00" testType="13cdc9d9-ddb5-4fa4-a97d-d965ccfc6d4b" outcome="Passed" testListId="8c84fa94-04c1-424b-9868-57a2d4851a1d" relativeResultsDirectory="431b2f09-4acc-497a-9239-1c504fedc9d8">
      <Output>
        <StdOut>sandbox: PrepareForTestRun started.&#xD;
sandbox: football liveStatsApp != null: True &#xD;
sandbox: football liveStatsApp.IsProcessRunning: True &#xD;
sandbox: setupLocalData: localDatabaseProvider != null: True&#xD;
sandbox: applicationPages != null: True&#xD;
sandbox: applicationPages.Webdriver != null: True&#xD;
sandbox: finished setuping local data&#xD;
sandbox: PrepareForTestRun complete.&#xD;
sandbox: CleanUpAfterTestRun started.&#xD;
sandbox: application pages != null: True&#xD;
sandbox: web driver!= null: True&#xD;
sandbox: CleanUpAfterTestRun complete.</StdOut>
      </Output>
    </UnitTestResult>
    <UnitTestResult executionId="426fe5b7-b20e-4071-8f1f-0ed2cbbbcd8f" testId="3fbb787e-13ab-f686-9ea9-f1b0a26b4308" testName="CannotEditCardTimeInPeriodBreak(&quot;before&quot;,&quot;PhaseStart&quot;,null)" computerName="EC2AMAZ-JEOO151" duration="00:00:09.2640000" startTime="2019-07-11T18:41:42.0000000+00:00" endTime="2019-07-11T18:41:51.0000000+00:00" testType="13cdc9d9-ddb5-4fa4-a97d-d965ccfc6d4b" outcome="Passed" testListId="8c84fa94-04c1-424b-9868-57a2d4851a1d" relativeResultsDirectory="426fe5b7-b20e-4071-8f1f-0ed2cbbbcd8f">
      <Output>
        <StdOut>sandbox: PrepareForTestRun started.&#xD;
sandbox: football liveStatsApp != null: True &#xD;
sandbox: football liveStatsApp.IsProcessRunning: True &#xD;
sandbox: setupLocalData: localDatabaseProvider != null: True&#xD;
sandbox: applicationPages != null: True&#xD;
sandbox: applicationPages.Webdriver != null: True&#xD;
sandbox: finished setuping local data&#xD;
sandbox: PrepareForTestRun complete.&#xD;
Given Second period started from existing game&#xD;
-&gt; done: SetupGameSteps.GivenSecondPeriodStartedFromExistingGame() (6.5s)&#xD;
When I insert "Yellow" "Card" before "PhaseStart"&#xD;
-&gt; done: ExpandedActionLogSteps.WhenIInsertCardBefore("Yellow", Card, PhaseStart) (1.8s)&#xD;
And I open last "Booking" action edit view from expanded action log&#xD;
-&gt; done: ExpandedActionLogSteps.WhenIOpenLastActionEditViewFromExpandedActionLog(Booking) (0.1s)&#xD;
Then I cannot edit action time&#xD;
-&gt; done: EditFormSteps.ThenICannotEditActionTime() (0.1s)&#xD;
sandbox: CleanUpAfterTestRun started.&#xD;
sandbox: application pages != null: True&#xD;
sandbox: web driver!= null: True&#xD;
sandbox: CleanUpAfterTestRun complete.</StdOut>
      </Output>
    </UnitTestResult>
    <UnitTestResult executionId="4ef94c21-d44a-44b6-9beb-0c97ee9f2ef3" testId="dfcfa37a-4112-3eba-0985-fe9793023de9" testName="GivenGameInProgress_WhenConfirmingCardForSubstitutePlayer_ThenCardIsRegisteredForPlayer(Yellow,2,20,Red,&quot;Red&quot;)" computerName="EC2AMAZ-JEOO151" duration="00:00:10.8150000" startTime="2019-07-11T20:57:09.0000000+00:00" endTime="2019-07-11T20:57:20.0000000+00:00" testType="13cdc9d9-ddb5-4fa4-a97d-d965ccfc6d4b" outcome="Passed" testListId="8c84fa94-04c1-424b-9868-57a2d4851a1d" relativeResultsDirectory="4ef94c21-d44a-44b6-9beb-0c97ee9f2ef3">
      <Output>
        <StdOut>sandbox: PrepareForTestRun started.&#xD;
sandbox: football liveStatsApp != null: True &#xD;
sandbox: football liveStatsApp.IsProcessRunning: True &#xD;
sandbox: setupLocalData: localDatabaseProvider != null: True&#xD;
sandbox: applicationPages != null: True&#xD;
sandbox: applicationPages.Webdriver != null: True&#xD;
sandbox: finished setuping local data&#xD;
sandbox: PrepareForTestRun complete.&#xD;
sandbox: CleanUpAfterTestRun started.&#xD;
sandbox: application pages != null: True&#xD;
sandbox: web driver!= null: True&#xD;
sandbox: CleanUpAfterTestRun complete.</StdOut>
      </Output>
    </UnitTestResult>
    <UnitTestResult executionId="8e76bb91-15c9-4df4-9173-c97f9bf5c28a" testId="7557ea97-c212-d2e0-6f82-6033a7c43fab" testName="CardFiltersCanBeDeselectedFromTopFilters" computerName="EC2AMAZ-JEOO151" duration="00:00:15.7670000" startTime="2019-07-11T19:33:09.0000000+00:00" endTime="2019-07-11T19:33:25.0000000+00:00" testType="13cdc9d9-ddb5-4fa4-a97d-d965ccfc6d4b" outcome="Passed" testListId="8c84fa94-04c1-424b-9868-57a2d4851a1d" relativeResultsDirectory="8e76bb91-15c9-4df4-9173-c97f9bf5c28a">
      <Output>
        <StdOut>sandbox: PrepareForTestRun started.&#xD;
sandbox: football liveStatsApp != null: True &#xD;
sandbox: football liveStatsApp.IsProcessRunning: True &#xD;
sandbox: setupLocalData: localDatabaseProvider != null: True&#xD;
sandbox: applicationPages != null: True&#xD;
sandbox: applicationPages.Webdriver != null: True&#xD;
sandbox: finished setuping local data&#xD;
sandbox: PrepareForTestRun complete.&#xD;
Given Match started with kick off from existing game&#xD;
-&gt; done: SetupGameSteps.GivenMatchStartedWithKickOffButtonFromExistingGame() (3.5s)&#xD;
And "Red" Card for Team 1 is registered&#xD;
-&gt; done: CardSteps.GivenCardForTeamIsRegistered(Red, 1) (3.3s)&#xD;
And "Yellow" Card for Team "1" player with shirt number "6" is registered&#xD;
-&gt; done: CardSteps.GivenCardForTeamPlayerWithShirtNumberIsRegistered(Yellow, 1, 6) (3.1s)&#xD;
And "SecondYellow" Card for Team "1" player with shirt number "8" is registered&#xD;
-&gt; done: CardSteps.GivenCardForTeamPlayerWithShirtNumberIsRegistered(SecondYellow, 1, 8) (3.3s)&#xD;
Given GoalKick for Team 1 is registered&#xD;
Given action failed. Retrying after a timeout.&#xD;
-&gt; done: GoalKickSteps.GivenGoalKickForTeamIsRegistered(1) (0.7s)&#xD;
When I open Expanded Action log&#xD;
-&gt; done: ActionLogSteps.WhenIClickExpandActionLogButton() (0.3s)&#xD;
And I expand Cards filter&#xD;
-&gt; done: FilterSteps.WhenIExpandCardsFilter() (0.1s)&#xD;
And I select yellow cards filter&#xD;
-&gt; done: FilterSteps.WhenISelectYellowCardsFilter() (0.1s)&#xD;
And I select red cards filter&#xD;
-&gt; done: FilterSteps.WhenISelectRedCardsFilter() (0.1s)&#xD;
And I deselect yellow cards filter from top filters&#xD;
-&gt; done: FilterSteps.WhenIDeselectYellowCardsFilterFromTopFilters() (0.1s)&#xD;
And I deselect red cards filter from top filters&#xD;
-&gt; done: FilterSteps.WhenIDeselectRedCardsFilterFromTopFilters() (0.1s)&#xD;
Then Expanded action log contains "5" items&#xD;
-&gt; done: ExpandedActionLogSteps.ThenExpandedActionLogContainsItemsCount(5) (0.0s)&#xD;
And Actions are displayed in expanded action log in order:&#xD;
  --- table step argument ---&#xD;
  | expectedType       |&#xD;
  | Goal Kick          |&#xD;
  | Second Yellow Card |&#xD;
  | Yellow Card        |&#xD;
  | Red Card           |&#xD;
  | Kick Off           |&#xD;
-&gt; done: ExpandedActionLogSteps.ThenActionsAreDisplayedInActionLogAtPositions(System.Collection...) (0.2s)&#xD;
sandbox: CleanUpAfterTestRun started.&#xD;
sandbox: application pages != null: True&#xD;
sandbox: web driver!= null: True&#xD;
sandbox: CleanUpAfterTestRun complete.</StdOut>
      </Output>
    </UnitTestResult>
    <UnitTestResult executionId="a1c66635-acfd-4043-90c4-735ccf0119bf" testId="03ddbc4a-ed60-f1dc-6540-68bce5bb90a7" testName="KickOffAfterPenaltyGoal(&quot;1&quot;,&quot;2&quot;,&quot;90&quot;,&quot;50&quot;,&quot;5&quot;,&quot;16&quot;,null)" computerName="EC2AMAZ-JEOO151" duration="00:00:15.7820000" startTime="2019-07-11T19:05:16.0000000+00:00" endTime="2019-07-11T19:05:32.0000000+00:00" testType="13cdc9d9-ddb5-4fa4-a97d-d965ccfc6d4b" outcome="Passed" testListId="8c84fa94-04c1-424b-9868-57a2d4851a1d" relativeResultsDirectory="a1c66635-acfd-4043-90c4-735ccf0119bf">
      <Output>
        <StdOut>sandbox: PrepareForTestRun started.&#xD;
sandbox: football liveStatsApp != null: True &#xD;
sandbox: football liveStatsApp.IsProcessRunning: True &#xD;
sandbox: setupLocalData: localDatabaseProvider != null: True&#xD;
sandbox: applicationPages != null: True&#xD;
sandbox: applicationPages.Webdriver != null: True&#xD;
sandbox: finished setuping local data&#xD;
sandbox: PrepareForTestRun complete.&#xD;
Given Match started with kick off from existing game&#xD;
-&gt; done: SetupGameSteps.GivenMatchStartedWithKickOffButtonFromExistingGame() (3.2s)&#xD;
When I click "Possible Penalty" button for team 1&#xD;
-&gt; done: TeamActionButtonSteps.GivenIClickPossiblePenaltyButtonForTeam(1) (0.5s)&#xD;
And I confirm penalty by clicking "Confirm" button&#xD;
-&gt; done: PenaltySteps.WhenIConfirmPenaltyByClickingButton() (2.3s)&#xD;
And I click on pitch x 90 and y 50&#xD;
Failed to find element with query '[data-qa='activePitchOverlay']'. Web driver timeout exception.&#xD;
Given action failed. Retrying after a timeout.&#xD;
Failed to find element with query '[data-qa='activePitchOverlay']'. Web driver timeout exception.&#xD;
-&gt; done: PitchScreenSteps.WhenIClickOnPitch(90, 50) (4.4s)&#xD;
And I click "Foul" reason button&#xD;
-&gt; done: CardSteps.WhenIClickReasonButton("Foul") (0.2s)&#xD;
And I click on team 2 player on pitch with shirt number 5&#xD;
-&gt; done: PitchPlayersComponentSteps.WhenIClickOnTeamPlayerOnPitchWithShirtNumber(2, 5) (0.3s)&#xD;
And I click on team 1 player on pitch with shirt number 16&#xD;
-&gt; done: PitchPlayersComponentSteps.WhenIClickOnTeamPlayerOnPitchWithShirtNumber(1, 16) (0.4s)&#xD;
And I click "Penalty Goal" Button&#xD;
-&gt; done: PenaltySteps.WhenIClickPenaltyGoalButton() (0.2s)&#xD;
And I confirm penalty goal by clicking on "Confirm" button&#xD;
-&gt; done: GoalSteps.WhenIConfirmGoalByClickingOnButton() (2.4s)&#xD;
And I click on net x "50" and y "40"&#xD;
-&gt; done: NetSectionSteps.WhenIClickOnNetXAndY(50, 40) (0.1s)&#xD;
And I kick off by clicking "Kick Off" button&#xD;
-&gt; done: GoalSteps.WhenIKickOffByClickingButton() (0.3s)&#xD;
Then Score is 1 for team 1&#xD;
-&gt; done: ScoreBoardSteps.ThenScoreIsForTeam(1, 1) (0.2s)&#xD;
And Score is 0 for team 2&#xD;
-&gt; done: ScoreBoardSteps.ThenScoreIsForTeam(0, 2) (0.1s)&#xD;
And Ball icon is shown on player on pitch with shirt number 16 of team 1&#xD;
-&gt; done: PitchPlayersComponentSteps.ThenBallIconIsShownOnPlayerOnPitchWithShirtNumberOfTeamButton(16, 1) (0.1s)&#xD;
And Player on pitch 9 of team 1 is shown in Penalty of "Penalty" event in action log&#xD;
-&gt; done: ActionLogSteps.ThenPlayerOnPitchOfTeamIsShownInGoalOfEventInActionLog(9, 1, "Penalty", Penalty) (0.2s)&#xD;
And team 2 possession button is highligthed&#xD;
-&gt; done: ScoreBoardSteps.ThenTeamPossessionButtonIsHighligthed(2) (0.0s)&#xD;
sandbox: CleanUpAfterTestRun started.&#xD;
sandbox: application pages != null: True&#xD;
sandbox: web driver!= null: True&#xD;
sandbox: CleanUpAfterTestRun complete.</StdOut>
      </Output>
    </UnitTestResult>
    <UnitTestResult executionId="f1e4df82-5dd6-45be-a8f2-f63971d64b1c" testId="4ade69ff-5028-abf7-8c4a-82edd6b49f0f" testName="GivenGameInProgress_WhenRecordingInjuryOnPitch_ThenActionLogItemCreated" computerName="EC2AMAZ-JEOO151" duration="00:00:05.1160000" startTime="2019-07-11T21:06:09.0000000+00:00" endTime="2019-07-11T21:06:15.0000000+00:00" testType="13cdc9d9-ddb5-4fa4-a97d-d965ccfc6d4b" outcome="Passed" testListId="8c84fa94-04c1-424b-9868-57a2d4851a1d" relativeResultsDirectory="f1e4df82-5dd6-45be-a8f2-f63971d64b1c">
      <Output>
        <StdOut>sandbox: PrepareForTestRun started.&#xD;
sandbox: football liveStatsApp != null: True &#xD;
sandbox: football liveStatsApp.IsProcessRunning: True &#xD;
sandbox: setupLocalData: localDatabaseProvider != null: True&#xD;
sandbox: applicationPages != null: True&#xD;
sandbox: applicationPages.Webdriver != null: True&#xD;
sandbox: finished setuping local data&#xD;
sandbox: PrepareForTestRun complete.&#xD;
sandbox: CleanUpAfterTestRun started.&#xD;
sandbox: application pages != null: True&#xD;
sandbox: web driver!= null: True&#xD;
sandbox: CleanUpAfterTestRun complete.</StdOut>
      </Output>
    </UnitTestResult>
    <UnitTestResult executionId="9da427f2-745d-4fd2-8f9b-9f42eeca243d" testId="d1263a09-a8e7-ede3-86ad-b5e6f11830b9" testName="GivenGameInProgress_WhenDefaultPrinterUpdated_ThenUpdatedSuccessfully" computerName="EC2AMAZ-JEOO151" duration="00:00:06.4140000" startTime="2019-07-11T20:04:17.0000000+00:00" endTime="2019-07-11T20:04:23.0000000+00:00" testType="13cdc9d9-ddb5-4fa4-a97d-d965ccfc6d4b" outcome="Passed" testListId="8c84fa94-04c1-424b-9868-57a2d4851a1d" relativeResultsDirectory="9da427f2-745d-4fd2-8f9b-9f42eeca243d">
      <Output>
        <StdOut>sandbox: PrepareForTestRun started.&#xD;
sandbox: football liveStatsApp != null: True &#xD;
sandbox: football liveStatsApp.IsProcessRunning: True &#xD;
sandbox: setupLocalData: localDatabaseProvider != null: True&#xD;
sandbox: applicationPages != null: True&#xD;
sandbox: applicationPages.Webdriver != null: True&#xD;
sandbox: finished setuping local data&#xD;
sandbox: PrepareForTestRun complete.&#xD;
sandbox: CleanUpAfterTestRun started.&#xD;
sandbox: application pages != null: True&#xD;
sandbox: web driver!= null: True&#xD;
sandbox: CleanUpAfterTestRun complete.</StdOut>
      </Output>
    </UnitTestResult>
    <UnitTestResult executionId="3ccfd052-be36-43b9-8956-7e86a829b789" testId="59025813-169b-8b22-bc99-c025029c359d" testName="SelectVAROutcome(&quot;Stands&quot;,null)" computerName="EC2AMAZ-JEOO151" duration="00:00:09.0820000" startTime="2019-07-11T17:50:39.0000000+00:00" endTime="2019-07-11T17:50:48.0000000+00:00" testType="13cdc9d9-ddb5-4fa4-a97d-d965ccfc6d4b" outcome="Passed" testListId="8c84fa94-04c1-424b-9868-57a2d4851a1d" relativeResultsDirectory="3ccfd052-be36-43b9-8956-7e86a829b789">
      <Output>
        <StdOut>sandbox: PrepareForTestRun started.&#xD;
sandbox: football liveStatsApp != null: True &#xD;
sandbox: football liveStatsApp.IsProcessRunning: True &#xD;
sandbox: setupLocalData: localDatabaseProvider != null: True&#xD;
sandbox: applicationPages != null: True&#xD;
sandbox: applicationPages.Webdriver != null: True&#xD;
sandbox: finished setuping local data&#xD;
sandbox: PrepareForTestRun complete.&#xD;
Given Match started with kick off from existing game&#xD;
-&gt; done: SetupGameSteps.GivenMatchStartedWithKickOffButtonFromExistingGame() (3.3s)&#xD;
And I remembered current players on pitch shirt numbers&#xD;
-&gt; done: GoalEditSteps.GivenIRememberCurrentPlayersOnPitch() (1.5s)&#xD;
Given "Yellow" Card for Team "1" player with shirt number "4" is registered&#xD;
-&gt; done: CardSteps.GivenCardForTeamPlayerWithShirtNumberIsRegistered(Yellow, 1, 4) (3.0s)&#xD;
When I click on 1 of type "Booking" event in action log&#xD;
-&gt; done: ActionLogSteps.GivenIClickOnLatestEventInActionLog(1, Booking) (0.2s)&#xD;
And I click "VAR" toggle&#xD;
-&gt; done: EditFormSteps.GivenIClickToggleToEnable() (0.1s)&#xD;
And I click Var "Stands" button&#xD;
-&gt; done: EditFormSteps.WhenIClickVarStandsButton() (0.1s)&#xD;
Then "Save" of edit screen is enabled&#xD;
-&gt; done: EditFormSteps.ThenOfEditScreenIsEnabled() (0.0s)&#xD;
sandbox: CleanUpAfterTestRun started.&#xD;
sandbox: application pages != null: True&#xD;
sandbox: web driver!= null: True&#xD;
sandbox: CleanUpAfterTestRun complete.</StdOut>
      </Output>
    </UnitTestResult>
    <UnitTestResult executionId="d1d370ca-890f-4793-99a5-877de0c3ad02" testId="ad9e0aae-c1d9-2ec3-96b9-b437c6a6347c" testName="CardTypeAndReasonUpdate(&quot;Red&quot;,&quot;Yellow&quot;,&quot;Persistent Infringement&quot;,null)" computerName="EC2AMAZ-JEOO151" duration="00:00:10.3840000" startTime="2019-07-11T17:47:48.0000000+00:00" endTime="2019-07-11T17:47:59.0000000+00:00" testType="13cdc9d9-ddb5-4fa4-a97d-d965ccfc6d4b" outcome="Passed" testListId="8c84fa94-04c1-424b-9868-57a2d4851a1d" relativeResultsDirectory="d1d370ca-890f-4793-99a5-877de0c3ad02">
      <Output>
        <StdOut>sandbox: PrepareForTestRun started.&#xD;
sandbox: football liveStatsApp != null: True &#xD;
sandbox: football liveStatsApp.IsProcessRunning: True &#xD;
sandbox: setupLocalData: localDatabaseProvider != null: True&#xD;
sandbox: applicationPages != null: True&#xD;
sandbox: applicationPages.Webdriver != null: True&#xD;
sandbox: finished setuping local data&#xD;
sandbox: PrepareForTestRun complete.&#xD;
Given Match started with kick off from existing game&#xD;
-&gt; done: SetupGameSteps.GivenMatchStartedWithKickOffButtonFromExistingGame() (3.3s)&#xD;
And I remembered current players on pitch shirt numbers&#xD;
-&gt; done: GoalEditSteps.GivenIRememberCurrentPlayersOnPitch() (1.5s)&#xD;
Given "Red" Card for Team "1" player with shirt number "4" is registered&#xD;
Given action failed. Retrying after a timeout.&#xD;
-&gt; done: CardSteps.GivenCardForTeamPlayerWithShirtNumberIsRegistered(Red, 1, 4) (3.2s)&#xD;
When I click on 1 of type "Booking" event in action log&#xD;
-&gt; done: ActionLogSteps.GivenIClickOnLatestEventInActionLog(1, Booking) (0.2s)&#xD;
And I click "Yellow" card in card edit page&#xD;
-&gt; done: CardEditSteps.WhenIClickCardInCardEditPage("Yellow") (0.1s)&#xD;
And I click "select reason for card" button in card edit page&#xD;
-&gt; done: CardEditSteps.WhenIClickButtonInCardEditPage() (0.0s)&#xD;
And I click "Persistent Infringement" reason button&#xD;
-&gt; done: CardSteps.WhenIClickReasonButton("Persistent Infrin...") (0.1s)&#xD;
And I click Save button in action edit form&#xD;
-&gt; done: EditFormSteps.ClickSaveButtonInActionEditForm() (0.6s)&#xD;
Then Pitch View is shown&#xD;
-&gt; done: PitchScreenSteps.PitchViewIsShown() (0.0s)&#xD;
And Yellow label is shown in Booking event action log&#xD;
-&gt; done: ActionLogSteps.ThenOffenceIsShownInPenaltyEventActionLog("Yellow", Booking) (0.1s)&#xD;
And "Yellow" label of "Booking" event in action log contains "Yellow" card icon&#xD;
-&gt; done: ActionLogSteps.ThenLabelOfEventInActionLogContainsCardIcon("Yellow", Booking, "Yellow") (0.1s)&#xD;
And Player on pitch by shirt number 4 of team 1 is shown in Yellow of "Booking" event in action log&#xD;
-&gt; done: ActionLogSteps.ThenPlayerOnPitchByShirtNumberOfTeamIsShownInGoalOfEventInActionLog(4, 1, "Yellow", Booking) (0.2s)&#xD;
sandbox: CleanUpAfterTestRun started.&#xD;
sandbox: application pages != null: True&#xD;
sandbox: web driver!= null: True&#xD;
sandbox: CleanUpAfterTestRun complete.</StdOut>
      </Output>
    </UnitTestResult>
    <UnitTestResult executionId="801150d6-65fc-4b52-99b0-e587e3364279" testId="ae8edc06-8b3e-5685-9354-3bb3309c3f1b" testName="PenaltyShootOutKickCannotBeRetakenAfterShotMissOffTargetLocationSelectionStep" computerName="EC2AMAZ-JEOO151" duration="00:00:16.9830000" startTime="2019-07-11T19:14:59.0000000+00:00" endTime="2019-07-11T19:15:16.0000000+00:00" testType="13cdc9d9-ddb5-4fa4-a97d-d965ccfc6d4b" outcome="Passed" testListId="8c84fa94-04c1-424b-9868-57a2d4851a1d" relativeResultsDirectory="801150d6-65fc-4b52-99b0-e587e3364279">
      <Output>
        <StdOut>sandbox: PrepareForTestRun started.&#xD;
sandbox: football liveStatsApp != null: True &#xD;
sandbox: football liveStatsApp.IsProcessRunning: True &#xD;
sandbox: setupLocalData: localDatabaseProvider != null: True&#xD;
sandbox: applicationPages != null: True&#xD;
sandbox: applicationPages.Webdriver != null: True&#xD;
sandbox: finished setuping local data&#xD;
sandbox: PrepareForTestRun complete.&#xD;
Given penalty shoot-out phase started&#xD;
-&gt; done: PitchClockSteps.GivenGamePenaltyShoot_OutPhaseStarted() (14.8s)&#xD;
Given selected player "6" from team "2" for penalty shoot-out kick&#xD;
Given action failed. Retrying after a timeout.&#xD;
-&gt; done: PenaltyShootoutSteps.WhenISelectPlayerFromTeamForPenaltyShootOutKick(6, 2) (0.7s)&#xD;
And selected "Penalty Shot Off Target" outcome&#xD;
-&gt; done: PenaltyShootoutSteps.WhenISelectPenaltyShotOffTargetOutcome() (0.1s)&#xD;
When I click on net x "10" and y "10"&#xD;
-&gt; done: NetSectionSteps.WhenIClickOnNetXAndY(10, 10) (0.2s)&#xD;
Then Net preview is shown&#xD;
-&gt; done: NetSectionSteps.ThenNetPreviewIsShown() (0.0s)&#xD;
And penalty retake is not available&#xD;
-&gt; done: PenaltySteps.ThenPenaltyRetakeIsNotAvailable() (0.1s)&#xD;
sandbox: CleanUpAfterTestRun started.&#xD;
sandbox: application pages != null: True&#xD;
sandbox: web driver!= null: True&#xD;
sandbox: CleanUpAfterTestRun complete.</StdOut>
      </Output>
    </UnitTestResult>
    <UnitTestResult executionId="c5e88ab6-f7de-4e80-8a68-78ab412101c4" testId="56e50292-6644-e32c-ae47-5ee8e814db72" testName="GoalsCanBeFilteredInFootball" computerName="EC2AMAZ-JEOO151" duration="00:00:10.3000000" startTime="2019-07-11T19:31:46.0000000+00:00" endTime="2019-07-11T19:31:56.0000000+00:00" testType="13cdc9d9-ddb5-4fa4-a97d-d965ccfc6d4b" outcome="Passed" testListId="8c84fa94-04c1-424b-9868-57a2d4851a1d" relativeResultsDirectory="c5e88ab6-f7de-4e80-8a68-78ab412101c4">
      <Output>
        <StdOut>sandbox: PrepareForTestRun started.&#xD;
sandbox: football liveStatsApp != null: True &#xD;
sandbox: football liveStatsApp.IsProcessRunning: True &#xD;
sandbox: setupLocalData: localDatabaseProvider != null: True&#xD;
sandbox: applicationPages != null: True&#xD;
sandbox: applicationPages.Webdriver != null: True&#xD;
sandbox: finished setuping local data&#xD;
sandbox: PrepareForTestRun complete.&#xD;
Given Match started with kick off from existing game&#xD;
-&gt; done: SetupGameSteps.GivenMatchStartedWithKickOffButtonFromExistingGame() (3.3s)&#xD;
Given Goal added for team 1 player 13 assisted by player 10&#xD;
-&gt; done: GoalSteps.GivenIAddAGoalForTeamPlayerAssistedByPlayer(1, 13, 10) (4.4s)&#xD;
And Throw in added for Team 1&#xD;
Given action failed. Retrying after a timeout.&#xD;
-&gt; done: ThrowInEditSteps.GivenThrowInAddedForTeam(1) (0.9s)&#xD;
And Injury for Team 1 player with shirt id 4 is registered&#xD;
-&gt; done: PlayerInjuryEditSteps.GivenInjuryForTeamIsRegistered(1, 4) (0.5s)&#xD;
When I open Expanded Action log&#xD;
-&gt; done: ActionLogSteps.WhenIClickExpandActionLogButton() (0.3s)&#xD;
And I select goals filter&#xD;
-&gt; done: FilterSteps.WhenISelectGoalsFilter() (0.1s)&#xD;
Then Expanded action log contains "2" items&#xD;
-&gt; done: ExpandedActionLogSteps.ThenExpandedActionLogContainsItemsCount(2) (0.0s)&#xD;
And Actions are displayed in expanded action log in order:&#xD;
  --- table step argument ---&#xD;
  | expectedType |&#xD;
  | Goal         |&#xD;
  | Assist       |&#xD;
-&gt; done: ExpandedActionLogSteps.ThenActionsAreDisplayedInActionLogAtPositions(System.Collection...) (0.1s)&#xD;
sandbox: CleanUpAfterTestRun started.&#xD;
sandbox: application pages != null: True&#xD;
sandbox: web driver!= null: True&#xD;
sandbox: CleanUpAfterTestRun complete.</StdOut>
      </Output>
    </UnitTestResult>
    <UnitTestResult executionId="e4045190-4c09-42ca-b5a2-552bf99c6efc" testId="ad0dc192-8d69-77ce-e702-7d9da40a7e37" testName="GivenGameInProgress_WhenGoingBackInPenaltyRegistration_ThenCanRegisterPenaltyForwardAgain(2,1,8,11,7,7,10)" computerName="EC2AMAZ-JEOO151" duration="00:00:23.9630000" startTime="2019-07-11T21:07:52.0000000+00:00" endTime="2019-07-11T21:08:16.0000000+00:00" testType="13cdc9d9-ddb5-4fa4-a97d-d965ccfc6d4b" outcome="Passed" testListId="8c84fa94-04c1-424b-9868-57a2d4851a1d" relativeResultsDirectory="e4045190-4c09-42ca-b5a2-552bf99c6efc">
      <Output>
        <StdOut>sandbox: PrepareForTestRun started.&#xD;
sandbox: football liveStatsApp != null: True &#xD;
sandbox: football liveStatsApp.IsProcessRunning: True &#xD;
sandbox: setupLocalData: localDatabaseProvider != null: True&#xD;
sandbox: applicationPages != null: True&#xD;
sandbox: applicationPages.Webdriver != null: True&#xD;
sandbox: finished setuping local data&#xD;
sandbox: PrepareForTestRun complete.&#xD;
Failed to find element with query '[data-qa='activePitchOverlay']'. Web driver timeout exception.&#xD;
Given action failed. Retrying after a timeout.&#xD;
Failed to find element with query '[data-qa='activePitchOverlay']'. Web driver timeout exception.&#xD;
Failed to find element with query '[data-qa='activePitchOverlay']'. Web driver timeout exception.&#xD;
Given action failed. Retrying after a timeout.&#xD;
Failed to find element with query '[data-qa='activePitchOverlay']'. Web driver timeout exception.&#xD;
Failed to find data-qa element with tag 'playerGoals'. No such element exception.&#xD;
sandbox: CleanUpAfterTestRun started.&#xD;
sandbox: application pages != null: True&#xD;
sandbox: web driver!= null: True&#xD;
sandbox: CleanUpAfterTestRun complete.</StdOut>
      </Output>
    </UnitTestResult>
    <UnitTestResult executionId="abb72597-93df-45e0-bdd0-27ea61857595" testId="47f3c121-e4be-5c7e-3477-dd005ee30e46" testName="GivenFreeKickStarted_WhenFinishingFreeKickWithGoal_ThenFreeKickIsCompleted" computerName="EC2AMAZ-JEOO151" duration="00:00:10.0850000" startTime="2019-07-11T21:02:19.0000000+00:00" endTime="2019-07-11T21:02:29.0000000+00:00" testType="13cdc9d9-ddb5-4fa4-a97d-d965ccfc6d4b" outcome="Passed" testListId="8c84fa94-04c1-424b-9868-57a2d4851a1d" relativeResultsDirectory="abb72597-93df-45e0-bdd0-27ea61857595">
      <Output>
        <StdOut>sandbox: PrepareForTestRun started.&#xD;
sandbox: football liveStatsApp != null: True &#xD;
sandbox: football liveStatsApp.IsProcessRunning: True &#xD;
sandbox: setupLocalData: localDatabaseProvider != null: True&#xD;
sandbox: applicationPages != null: True&#xD;
sandbox: applicationPages.Webdriver != null: True&#xD;
sandbox: finished setuping local data&#xD;
sandbox: PrepareForTestRun complete.&#xD;
Given action failed. Retrying after a timeout.&#xD;
sandbox: CleanUpAfterTestRun started.&#xD;
sandbox: application pages != null: True&#xD;
sandbox: web driver!= null: True&#xD;
sandbox: CleanUpAfterTestRun complete.</StdOut>
      </Output>
    </UnitTestResult>
    <UnitTestResult executionId="8d44e0e2-c4fe-43a9-9271-6ad9ef3b1978" testId="76a00543-3a2f-c358-4dc1-9786800888e4" testName="GivenPsoKickEditOpened_WhenUpdatingPenaltyTaker_ThenNewTakerSeenInEditForm" computerName="EC2AMAZ-JEOO151" duration="00:00:24.1180000" startTime="2019-07-11T20:40:23.0000000+00:00" endTime="2019-07-11T20:40:47.0000000+00:00" testType="13cdc9d9-ddb5-4fa4-a97d-d965ccfc6d4b" outcome="Passed" testListId="8c84fa94-04c1-424b-9868-57a2d4851a1d" relativeResultsDirectory="8d44e0e2-c4fe-43a9-9271-6ad9ef3b1978">
      <Output>
        <StdOut>sandbox: PrepareForTestRun started.&#xD;
sandbox: football liveStatsApp != null: True &#xD;
sandbox: football liveStatsApp.IsProcessRunning: True &#xD;
sandbox: setupLocalData: localDatabaseProvider != null: True&#xD;
sandbox: applicationPages != null: True&#xD;
sandbox: applicationPages.Webdriver != null: True&#xD;
sandbox: finished setuping local data&#xD;
sandbox: PrepareForTestRun complete.&#xD;
Given action failed. Retrying after a timeout. Most likely UI was not fast enough to refresh itself.&#xD;
sandbox: CleanUpAfterTestRun started.&#xD;
sandbox: application pages != null: True&#xD;
sandbox: web driver!= null: True&#xD;
sandbox: CleanUpAfterTestRun complete.</StdOut>
      </Output>
    </UnitTestResult>
    <UnitTestResult executionId="868b98e3-a675-4f84-b81b-a120bd431b61" testId="45f8b405-99cf-83f8-6159-d05d943d98ae" testName="StartVAROnPenaltyShoot_OutKickStep1" computerName="EC2AMAZ-JEOO151" duration="00:00:19.7490000" startTime="2019-07-11T19:58:00.0000000+00:00" endTime="2019-07-11T19:58:20.0000000+00:00" testType="13cdc9d9-ddb5-4fa4-a97d-d965ccfc6d4b" outcome="Passed" testListId="8c84fa94-04c1-424b-9868-57a2d4851a1d" relativeResultsDirectory="868b98e3-a675-4f84-b81b-a120bd431b61">
      <Output>
        <StdOut>sandbox: PrepareForTestRun started.&#xD;
sandbox: football liveStatsApp != null: True &#xD;
sandbox: football liveStatsApp.IsProcessRunning: True &#xD;
sandbox: setupLocalData: localDatabaseProvider != null: True&#xD;
sandbox: applicationPages != null: True&#xD;
sandbox: applicationPages.Webdriver != null: True&#xD;
sandbox: finished setuping local data&#xD;
sandbox: PrepareForTestRun complete.&#xD;
Given Game is kicked of with No. of subs set to 1 and Period Length to 45 and Extra Time set to false and Penalty Shoot-Out set to true&#xD;
-&gt; done: SetupGameSteps.GivenGameIsKickedOfWithNoOfPeriodsSetToAndPeriodLengthToAndExtraTimeSetToFalse(1, 45, False, True) (8.6s)&#xD;
And Clock minutes value is set to "44"&#xD;
-&gt; done: PitchClockSteps.WhenISetClockMinutesValueTo(44) (1.5s)&#xD;
When I finish and proceed to next phase&#xD;
-&gt; done: PitchClockSteps.WhenIFinishAndProceedToNextPhase() (3.0s)&#xD;
And I set clock minutes value to "90"&#xD;
-&gt; done: PitchClockSteps.WhenISetClockMinutesValueTo(90) (1.4s)&#xD;
And I finish and proceed to next phase&#xD;
-&gt; done: PitchClockSteps.WhenIFinishAndProceedToNextPhase() (2.9s)&#xD;
When I click on team 2 player on pitch with shirt number 4&#xD;
-&gt; done: PitchPlayersComponentSteps.WhenIClickOnTeamPlayerOnPitchWithShirtNumber(2, 4) (0.3s)&#xD;
And I click "Possible VAR" Button&#xD;
-&gt; done: WorkflowSteps.WhenIClickButton() (0.2s)&#xD;
Then "Will the penalty stand after VAR review?" dialog is displayed&#xD;
-&gt; done: WorkflowSteps.ThenDialogIsDisplayed("Will the penalty ...") (0.2s)&#xD;
And "Yes" button is shown in var confirmation dialog&#xD;
-&gt; done: WorkflowSteps.ThenConfirmButtonIsShownInVarConfirmationDialog() (0.0s)&#xD;
And "No" button is shown in var confirmation dialog&#xD;
-&gt; done: WorkflowSteps.ThenCancelButtonIsShownInVarConfirmationDialog() (0.0s)&#xD;
And VAR label is shown in PenaltyShootout event action log&#xD;
-&gt; done: ActionLogSteps.ThenOffenceIsShownInPenaltyEventActionLog("VAR", PenaltyShootout) (0.1s)&#xD;
And VAR label of "PenaltyShootout" event in action log is in team 2 color&#xD;
-&gt; done: ActionLogSteps.ThenSubItemOfEventInActionLogIsInTeamColor("VAR", PenaltyShootout, 2) (0.1s)&#xD;
And Latest "PenaltyShootout" event is highlighted&#xD;
-&gt; done: ActionLogSteps.ThenCardEventIsHighlighted(PenaltyShootout) (0.0s)&#xD;
sandbox: CleanUpAfterTestRun started.&#xD;
sandbox: application pages != null: True&#xD;
sandbox: web driver!= null: True&#xD;
sandbox: CleanUpAfterTestRun complete.</StdOut>
      </Output>
    </UnitTestResult>
    <UnitTestResult executionId="df49ec6c-9730-403c-9559-5c9b3caa238e" testId="daebd5c5-198d-5ec4-2e2a-8412837058b4" testName="ChangeFoulToOffence(&quot;2&quot;,null)" computerName="EC2AMAZ-JEOO151" duration="00:00:05.6330000" startTime="2019-07-11T18:55:52.0000000+00:00" endTime="2019-07-11T18:55:58.0000000+00:00" testType="13cdc9d9-ddb5-4fa4-a97d-d965ccfc6d4b" outcome="Passed" testListId="8c84fa94-04c1-424b-9868-57a2d4851a1d" relativeResultsDirectory="df49ec6c-9730-403c-9559-5c9b3caa238e">
      <Output>
        <StdOut>sandbox: PrepareForTestRun started.&#xD;
sandbox: football liveStatsApp != null: True &#xD;
sandbox: football liveStatsApp.IsProcessRunning: True &#xD;
sandbox: setupLocalData: localDatabaseProvider != null: True&#xD;
sandbox: applicationPages != null: True&#xD;
sandbox: applicationPages.Webdriver != null: True&#xD;
sandbox: finished setuping local data&#xD;
sandbox: PrepareForTestRun complete.&#xD;
Given Match started with kick off from existing game&#xD;
-&gt; done: SetupGameSteps.GivenMatchStartedWithKickOffButtonFromExistingGame() (3.2s)&#xD;
When I click Freekick button for team 2&#xD;
Given action failed. Retrying after a timeout.&#xD;
-&gt; done: TeamActionButtonSteps.WhenIClickFreekickButtonForTeam(2) (0.8s)&#xD;
And I click on pitch x 20 and y 50&#xD;
-&gt; done: PitchScreenSteps.WhenIClickOnPitch(20, 50) (0.1s)&#xD;
And I click "Foul" button in freekick reason dialog&#xD;
-&gt; done: FreeKickSteps.WhenIClickButtonInFreekickReasonDialog("Foul") (0.2s)&#xD;
And I click "Back" button in workflow&#xD;
-&gt; done: WorkflowSteps.WhenIClickBackButtonInWorkflow() (0.2s)&#xD;
And I click "Offence" button in freekick reason dialog&#xD;
-&gt; done: FreeKickSteps.WhenIClickButtonInFreekickReasonDialog("Offence") (0.1s)&#xD;
Then "OFFENCE" is shown in freekick event action&#xD;
-&gt; done: ActionLogSteps.ThenIsShownInFreekickEventAction("OFFENCE") (0.2s)&#xD;
sandbox: CleanUpAfterTestRun started.&#xD;
sandbox: application pages != null: True&#xD;
sandbox: web driver!= null: True&#xD;
sandbox: CleanUpAfterTestRun complete.</StdOut>
      </Output>
    </UnitTestResult>
    <UnitTestResult executionId="bdbb74a4-6db0-4341-b527-16f097873fb4" testId="3bac53c8-1dbe-87fb-512c-d9116c44d0f7" testName="InjuryCanBeFiltered" computerName="EC2AMAZ-JEOO151" duration="00:00:08.9960000" startTime="2019-07-11T19:31:56.0000000+00:00" endTime="2019-07-11T19:32:05.0000000+00:00" testType="13cdc9d9-ddb5-4fa4-a97d-d965ccfc6d4b" outcome="Passed" testListId="8c84fa94-04c1-424b-9868-57a2d4851a1d" relativeResultsDirectory="bdbb74a4-6db0-4341-b527-16f097873fb4">
      <Output>
        <StdOut>sandbox: PrepareForTestRun started.&#xD;
sandbox: football liveStatsApp != null: True &#xD;
sandbox: football liveStatsApp.IsProcessRunning: True &#xD;
sandbox: setupLocalData: localDatabaseProvider != null: True&#xD;
sandbox: applicationPages != null: True&#xD;
sandbox: applicationPages.Webdriver != null: True&#xD;
sandbox: finished setuping local data&#xD;
sandbox: PrepareForTestRun complete.&#xD;
Given Match started with kick off from existing game&#xD;
-&gt; done: SetupGameSteps.GivenMatchStartedWithKickOffButtonFromExistingGame() (3.2s)&#xD;
Given "top right" corner added for Team 1&#xD;
-&gt; done: CornerSteps.GivenCornerAddedForTeam("top right", 1) (3.1s)&#xD;
And Throw in added for Team 1&#xD;
Given action failed. Retrying after a timeout.&#xD;
-&gt; done: ThrowInEditSteps.GivenThrowInAddedForTeam(1) (0.9s)&#xD;
And Injury for Team 1 player with shirt id 4 is registered&#xD;
-&gt; done: PlayerInjuryEditSteps.GivenInjuryForTeamIsRegistered(1, 4) (0.6s)&#xD;
When I open Expanded Action log&#xD;
-&gt; done: ActionLogSteps.WhenIClickExpandActionLogButton() (0.2s)&#xD;
And I select injuries filter&#xD;
-&gt; done: FilterSteps.WhenISelectInjuriesFilter() (0.1s)&#xD;
Then Expanded action log contains "1" items&#xD;
-&gt; done: ExpandedActionLogSteps.ThenExpandedActionLogContainsItemsCount(1) (0.0s)&#xD;
And "Injury" Action is displayed at 1 in expanded action log&#xD;
-&gt; done: ExpandedActionLogSteps.ThenGoalActionIsDisplayedAtInExpandedActionLog("Injury", 1) (0.0s)&#xD;
sandbox: CleanUpAfterTestRun started.&#xD;
sandbox: application pages != null: True&#xD;
sandbox: web driver!= null: True&#xD;
sandbox: CleanUpAfterTestRun complete.</StdOut>
      </Output>
    </UnitTestResult>
    <UnitTestResult executionId="70a098f3-d38c-4b99-8d2c-00e27634f0df" testId="fec72d9a-bf82-75d3-368c-e019470c6306" testName="ShotWorkflowCanBeStartedDuringAnyFreeKickWorkflowStep(&quot;foul by&quot;,&quot;1&quot;,null)" computerName="EC2AMAZ-JEOO151" duration="00:00:05.1330000" startTime="2019-07-11T19:26:41.0000000+00:00" endTime="2019-07-11T19:26:46.0000000+00:00" testType="13cdc9d9-ddb5-4fa4-a97d-d965ccfc6d4b" outcome="Passed" testListId="8c84fa94-04c1-424b-9868-57a2d4851a1d" relativeResultsDirectory="70a098f3-d38c-4b99-8d2c-00e27634f0df">
      <Output>
        <StdOut>sandbox: PrepareForTestRun started.&#xD;
sandbox: football liveStatsApp != null: True &#xD;
sandbox: football liveStatsApp.IsProcessRunning: True &#xD;
sandbox: setupLocalData: localDatabaseProvider != null: True&#xD;
sandbox: applicationPages != null: True&#xD;
sandbox: applicationPages.Webdriver != null: True&#xD;
sandbox: finished setuping local data&#xD;
sandbox: PrepareForTestRun complete.&#xD;
Given Match started with kick off from existing game&#xD;
-&gt; done: SetupGameSteps.GivenMatchStartedWithKickOffButtonFromExistingGame() (3.2s)&#xD;
Given Free kick for team "1" workflow entered till foul by selection&#xD;
-&gt; done: FreeKickSteps.GivenFreeKickForTeamAndWorkflowEnteredTillFoulBySelection(1) (1.0s)&#xD;
Then Can register shot for team "1" but not for other&#xD;
-&gt; done: ShotRegistrationSteps.ThenCanRegisterShotForTeamButNotForOther(1) (0.2s)&#xD;
sandbox: CleanUpAfterTestRun started.&#xD;
sandbox: application pages != null: True&#xD;
sandbox: web driver!= null: True&#xD;
sandbox: CleanUpAfterTestRun complete.</StdOut>
      </Output>
    </UnitTestResult>
    <UnitTestResult executionId="9594e780-972f-4ffd-8824-1ffdc4912b89" testId="450aef5d-9b7d-18e0-fe10-9a7d62759d02" testName="ChangeVARFromOverturnedToStandsOnGoalEdit" computerName="EC2AMAZ-JEOO151" duration="00:00:11.2810000" startTime="2019-07-11T17:58:42.0000000+00:00" endTime="2019-07-11T17:58:54.0000000+00:00" testType="13cdc9d9-ddb5-4fa4-a97d-d965ccfc6d4b" outcome="Passed" testListId="8c84fa94-04c1-424b-9868-57a2d4851a1d" relativeResultsDirectory="9594e780-972f-4ffd-8824-1ffdc4912b89">
      <Output>
        <StdOut>sandbox: PrepareForTestRun started.&#xD;
sandbox: football liveStatsApp != null: True &#xD;
sandbox: football liveStatsApp.IsProcessRunning: True &#xD;
sandbox: setupLocalData: localDatabaseProvider != null: True&#xD;
sandbox: applicationPages != null: True&#xD;
sandbox: applicationPages.Webdriver != null: True&#xD;
sandbox: finished setuping local data&#xD;
sandbox: PrepareForTestRun complete.&#xD;
Given Match started with kick off from existing game&#xD;
-&gt; done: SetupGameSteps.GivenMatchStartedWithKickOffButtonFromExistingGame() (3.3s)&#xD;
And I remembered current players on pitch shirt numbers&#xD;
-&gt; done: GoalEditSteps.GivenIRememberCurrentPlayersOnPitch() (1.5s)&#xD;
When I click goal for team 1 button&#xD;
Given action failed. Retrying after a timeout.&#xD;
-&gt; done: TeamActionButtonSteps.GivenIClickGoalForTeamButton(1) (0.5s)&#xD;
And I confirm goal by clicking on "Confirm" button&#xD;
-&gt; done: GoalSteps.WhenIConfirmGoalByClickingOnButton() (2.2s)&#xD;
And I click on team 1 player on pitch with shirt number 13&#xD;
-&gt; done: PitchPlayersComponentSteps.WhenIClickOnTeamPlayerOnPitchWithShirtNumber(1, 13) (0.1s)&#xD;
And I click on pitch x 90 and y 10&#xD;
-&gt; done: PitchScreenSteps.WhenIClickOnPitch(90, 10) (0.2s)&#xD;
And I click "Possible VAR" button in workflow&#xD;
-&gt; done: WorkflowSteps.WhenIClickPossibleVarButtonInWorkflow() (0.2s)&#xD;
And I click var "Foul" button&#xD;
-&gt; done: WorkflowSteps.WhenIClickVarButton("Foul") (0.2s)&#xD;
And I click var confirmation "no" button&#xD;
-&gt; done: WorkflowSteps.WhenIClickVarConfirmationButton("no") (0.2s)&#xD;
And I click goal event in action log&#xD;
-&gt; done: ActionLogSteps.GivenIClickGoalEventInActionLog() (0.4s)&#xD;
And I click "adjust shot location" button in goal edit window&#xD;
-&gt; done: GoalEditSteps.GivenIClickAdjustShotLocationButton() (0.1s)&#xD;
And I click "top right" corner on Net&#xD;
-&gt; done: ExpandedShotLocationDialogSteps.GivenIClickCornerOnNet("top right") (0.1s)&#xD;
And I click "Proceed" button on expanded shot position view&#xD;
-&gt; done: ExpandedShotLocationDialogSteps.GivenIClickButtonOnExpandedShotPositionView("Proceed") (0.1s)&#xD;
And I click "shot type" button in goal edit window&#xD;
-&gt; done: GoalEditSteps.GivenIClickShotTypeButton() (0.0s)&#xD;
And I click "Head" button in expanded shot type dialog&#xD;
-&gt; done: ExpandedShotTypeDialogSteps.GivenIClickButtonInExpandedShotTypeDialog("Head") (0.2s)&#xD;
And I click Var "Stands" button&#xD;
-&gt; done: EditFormSteps.WhenIClickVarStandsButton() (0.1s)&#xD;
And I choose no assist&#xD;
-&gt; done: GoalEditSteps.GivenIClickTeamButtonInAssistByTeam() (0.1s)&#xD;
And I click Save button in action edit form&#xD;
-&gt; done: EditFormSteps.ClickSaveButtonInActionEditForm() (0.6s)&#xD;
Then Pitch View is shown&#xD;
-&gt; done: PitchScreenSteps.PitchViewIsShown() (0.0s)&#xD;
And Score is 1 for team 1&#xD;
-&gt; done: ScoreBoardSteps.ThenScoreIsForTeam(1, 1) (0.1s)&#xD;
And Score is 0 for team 2&#xD;
-&gt; done: ScoreBoardSteps.ThenScoreIsForTeam(0, 2) (0.1s)&#xD;
And Ball icon is shown on player on pitch with shirt number 13 of team 1&#xD;
-&gt; done: PitchPlayersComponentSteps.ThenBallIconIsShownOnPlayerOnPitchWithShirtNumberOfTeamButton(13, 1) (0.1s)&#xD;
And VAR label of "Goal" event in action log contains "Foul - Stands" message&#xD;
-&gt; done: ActionLogSteps.ThenSubItemOfEventInActionLogIsInTeamColor("VAR", Goal, "Foul - Stands") (0.1s)&#xD;
sandbox: CleanUpAfterTestRun started.&#xD;
sandbox: application pages != null: True&#xD;
sandbox: web driver!= null: True&#xD;
sandbox: CleanUpAfterTestRun complete.</StdOut>
      </Output>
    </UnitTestResult>
    <UnitTestResult executionId="098ed3cc-6050-49ae-a7d9-6f81bfbba39a" testId="fd75355a-6f68-f7ca-8295-2ea7728de692" testName="InsertPenaltyShootoutKickWithVAROverturnedBefore" computerName="EC2AMAZ-JEOO151" duration="00:00:26.8650000" startTime="2019-07-11T18:36:52.0000000+00:00" endTime="2019-07-11T18:37:19.0000000+00:00" testType="13cdc9d9-ddb5-4fa4-a97d-d965ccfc6d4b" outcome="Passed" testListId="8c84fa94-04c1-424b-9868-57a2d4851a1d" relativeResultsDirectory="098ed3cc-6050-49ae-a7d9-6f81bfbba39a">
      <Output>
        <StdOut>sandbox: PrepareForTestRun started.&#xD;
sandbox: football liveStatsApp != null: True &#xD;
sandbox: football liveStatsApp.IsProcessRunning: True &#xD;
sandbox: setupLocalData: localDatabaseProvider != null: True&#xD;
sandbox: applicationPages != null: True&#xD;
sandbox: applicationPages.Webdriver != null: True&#xD;
sandbox: finished setuping local data&#xD;
sandbox: PrepareForTestRun complete.&#xD;
Given penalty shoot-out phase started&#xD;
-&gt; done: PitchClockSteps.GivenGamePenaltyShoot_OutPhaseStarted() (16.7s)&#xD;
And I remembered current players on pitch shirt numbers&#xD;
-&gt; done: GoalEditSteps.GivenIRememberCurrentPlayersOnPitch() (1.1s)&#xD;
And I recorded penalty shoot-out kick "Goal" for team 2 player with shirt number 1&#xD;
-&gt; done: PenaltyShootoutSteps.WhenIRecordPenaltyShoot_OutKickGoalForTeamPlayerWithShirtNumber(2, 1) (2.7s)&#xD;
When I click Expand Action log button&#xD;
-&gt; done: ActionLogSteps.WhenIClickExpandActionLogButton() (0.3s)&#xD;
And I insert "PenaltyShootoutKick" before last action in expanded action log&#xD;
-&gt; done: ExpandedActionLogSteps.WhenIInsertPenaltyBeforeLastActionInExpandedActionLog(PenaltyShootoutKick) (0.3s)&#xD;
And I choose player with number 6 from team 1 as penalty taker&#xD;
-&gt; done: PenaltyShootoutEditSteps.WhenIChoosePlayerWithNumberFromTeamAsPenaltyTaker(6, 1) (0.5s)&#xD;
And I click on miss off target result in penalty edit&#xD;
-&gt; done: PenaltyEditSteps.WhenIClickOnMissOffTargetPenaltyResult() (0.1s)&#xD;
And I click on goalkeeper not saved in penalty insert&#xD;
-&gt; done: PenaltyShootoutEditSteps.WhenIClickOnGoalkeeperNotSavedInPenaltyInsert() (0.1s)&#xD;
And I add "out top right" shot location in net section&#xD;
-&gt; done: PenaltyShootoutEditSteps.WhenIAddShotLocationInNetSection("out top right") (0.3s)&#xD;
And I set penalty retake count to 1 in penalty edit&#xD;
-&gt; done: PenaltyEditSteps.WhenISetRetakeCountTo(1) (0.1s)&#xD;
And I set VAR as Overturned&#xD;
-&gt; done: EditFormSteps.WhenISetVarAsOverturned() (0.2s)&#xD;
And I click Save button in action edit form&#xD;
-&gt; done: EditFormSteps.ClickSaveButtonInActionEditForm() (0.6s)&#xD;
Then penalty shootout kick insert view is not visible&#xD;
Failed to find element with query '[data-qa='penaltyShootoutEditScreen']'. Web driver timeout exception.&#xD;
-&gt; done: PenaltyShootoutEditSteps.ThenPenaltyShootoutKickInsertViewIsNotVisible() (2.1s)&#xD;
And "VAR" Action is displayed at 3 in expanded action log&#xD;
-&gt; done: ExpandedActionLogSteps.ThenGoalActionIsDisplayedAtInExpandedActionLog("VAR", 3) (0.0s)&#xD;
And at 3 position action time is "90:00" in "PSO" half&#xD;
-&gt; done: ExpandedActionLogSteps.ThenAtPositionActionTimeIsInHalf(3, "90:00", "PSO") (0.1s)&#xD;
And at 3 position action has one qualifier with name "Overturned"&#xD;
-&gt; done: ExpandedActionLogSteps.ThenAtPositionActionHasOneQualifierWithName(3, "Overturned") (0.1s)&#xD;
And at 3 position action has no player and team&#xD;
-&gt; done: ExpandedActionLogSteps.ThenAtPositionActionHasNoPlayerAndTeam(3) (0.1s)&#xD;
And Action at position 3 do not have score&#xD;
-&gt; done: ExpandedActionLogSteps.ThenActionAtPositionDoNotHaveScore(3) (0.0s)&#xD;
And "Penalty Shootout Kick" Action is displayed at 4 in expanded action log&#xD;
-&gt; done: ExpandedActionLogSteps.ThenGoalActionIsDisplayedAtInExpandedActionLog("Penalty Shootout ...", 4) (0.0s)&#xD;
And at 4 position action time is "90:00" in "PSO" half&#xD;
-&gt; done: ExpandedActionLogSteps.ThenAtPositionActionTimeIsInHalf(4, "90:00", "PSO") (0.1s)&#xD;
And at 4 position action has no qualifiers&#xD;
-&gt; done: ExpandedActionLogSteps.ThenAtPositionActionHasNoQualifiers(4) (0.1s)&#xD;
And at 4 position action displays player with number 6 from team 1&#xD;
-&gt; done: ExpandedActionLogSteps.ThenActionAtPositionPlayerIsDisplayedAs(4, 6, 1) (0.1s)&#xD;
And Action at position 4 do not have score&#xD;
-&gt; done: ExpandedActionLogSteps.ThenActionAtPositionDoNotHaveScore(4) (0.0s)&#xD;
sandbox: CleanUpAfterTestRun started.&#xD;
sandbox: application pages != null: True&#xD;
sandbox: web driver!= null: True&#xD;
sandbox: CleanUpAfterTestRun complete.</StdOut>
      </Output>
    </UnitTestResult>
    <UnitTestResult executionId="ff732e7a-530b-4609-a23e-73cf6a17025a" testId="566d8a6c-d9d8-ff2d-0b16-6a502171aa86" testName="GivenGameEndedAndConfirmed_WhenOpeningExpandedLog_ThenCannotDeleteGameEnd" computerName="EC2AMAZ-JEOO151" duration="00:00:16.9000000" startTime="2019-07-11T20:24:08.0000000+00:00" endTime="2019-07-11T20:24:25.0000000+00:00" testType="13cdc9d9-ddb5-4fa4-a97d-d965ccfc6d4b" outcome="Passed" testListId="8c84fa94-04c1-424b-9868-57a2d4851a1d" relativeResultsDirectory="ff732e7a-530b-4609-a23e-73cf6a17025a">
      <Output>
        <StdOut>sandbox: PrepareForTestRun started.&#xD;
sandbox: football liveStatsApp != null: True &#xD;
sandbox: football liveStatsApp.IsProcessRunning: True &#xD;
sandbox: setupLocalData: localDatabaseProvider != null: True&#xD;
sandbox: applicationPages != null: True&#xD;
sandbox: applicationPages.Webdriver != null: True&#xD;
sandbox: finished setuping local data&#xD;
sandbox: PrepareForTestRun complete.&#xD;
Failed to find data-qa element with tag 'deleteIcon'. No such element exception.&#xD;
sandbox: CleanUpAfterTestRun started.&#xD;
sandbox: application pages != null: True&#xD;
sandbox: web driver!= null: True&#xD;
sandbox: CleanUpAfterTestRun complete.</StdOut>
      </Output>
    </UnitTestResult>
    <UnitTestResult executionId="9c36ff1a-3b5e-4abd-bda8-e74d8d6e0f5a" testId="32b19b64-7240-4df0-7f32-a6ccafe690a1" testName="GivenFlaggedActionsWithPlayersRegistered_WhenSelectingAllFilters_ThenReturnsCorrectOutput" computerName="EC2AMAZ-JEOO151" duration="00:00:29.9150000" startTime="2019-07-11T21:19:56.0000000+00:00" endTime="2019-07-11T21:20:26.0000000+00:00" testType="13cdc9d9-ddb5-4fa4-a97d-d965ccfc6d4b" outcome="Passed" testListId="8c84fa94-04c1-424b-9868-57a2d4851a1d" relativeResultsDirectory="9c36ff1a-3b5e-4abd-bda8-e74d8d6e0f5a">
      <Output>
        <StdOut>sandbox: PrepareForTestRun started.&#xD;
sandbox: football liveStatsApp != null: True &#xD;
sandbox: football liveStatsApp.IsProcessRunning: True &#xD;
sandbox: setupLocalData: localDatabaseProvider != null: True&#xD;
sandbox: applicationPages != null: True&#xD;
sandbox: applicationPages.Webdriver != null: True&#xD;
sandbox: finished setuping local data&#xD;
sandbox: PrepareForTestRun complete.&#xD;
Given action failed. Retrying after a timeout.&#xD;
Given action failed. Retrying after a timeout.&#xD;
Given action failed. Retrying after a timeout.&#xD;
Given action failed. Retrying after a timeout.&#xD;
sandbox: CleanUpAfterTestRun started.&#xD;
sandbox: application pages != null: True&#xD;
sandbox: web driver!= null: True&#xD;
sandbox: CleanUpAfterTestRun complete.</StdOut>
      </Output>
    </UnitTestResult>
    <UnitTestResult executionId="33dd0588-6006-4cd8-b1b3-43d617bf3f25" testId="e749c31a-4c53-6542-cdd5-ec2ef67a14a6" testName="GivenTrainingGameStarted_WhenCompletingSetupAndKickingOff_ThenClockTickingAndTeamActionsEnabled" computerName="EC2AMAZ-JEOO151" duration="00:00:10.4760000" startTime="2019-07-11T20:13:32.0000000+00:00" endTime="2019-07-11T20:13:42.0000000+00:00" testType="13cdc9d9-ddb5-4fa4-a97d-d965ccfc6d4b" outcome="Passed" testListId="8c84fa94-04c1-424b-9868-57a2d4851a1d" relativeResultsDirectory="33dd0588-6006-4cd8-b1b3-43d617bf3f25">
      <Output>
        <StdOut>sandbox: PrepareForTestRun started.&#xD;
sandbox: football liveStatsApp != null: True &#xD;
sandbox: football liveStatsApp.IsProcessRunning: True &#xD;
sandbox: setupLocalData: localDatabaseProvider != null: True&#xD;
sandbox: applicationPages != null: True&#xD;
sandbox: applicationPages.Webdriver != null: True&#xD;
sandbox: finished setuping local data&#xD;
sandbox: PrepareForTestRun complete.&#xD;
sandbox: CleanUpAfterTestRun started.&#xD;
sandbox: application pages != null: True&#xD;
sandbox: web driver!= null: True&#xD;
Given action failed. Retrying after a timeout. Most likely UI was not fast enough to refresh itself.&#xD;
sandbox: CleanUpAfterTestRun complete.</StdOut>
      </Output>
    </UnitTestResult>
    <UnitTestResult executionId="16e66609-fc06-42c6-849f-ca0bf358d8d6" testId="bb2013f2-2b84-03b2-18b8-0737bb0d2a38" testName="CoachRolesArePopulatedByDefault" computerName="EC2AMAZ-JEOO151" duration="00:00:03.2280000" startTime="2019-07-11T17:39:49.0000000+00:00" endTime="2019-07-11T17:39:52.0000000+00:00" testType="13cdc9d9-ddb5-4fa4-a97d-d965ccfc6d4b" outcome="Passed" testListId="8c84fa94-04c1-424b-9868-57a2d4851a1d" relativeResultsDirectory="16e66609-fc06-42c6-849f-ca0bf358d8d6">
      <Output>
        <StdOut>sandbox: PrepareForTestRun started.&#xD;
sandbox: football liveStatsApp != null: True &#xD;
sandbox: football liveStatsApp.IsProcessRunning: True &#xD;
sandbox: setupLocalData: localDatabaseProvider != null: True&#xD;
sandbox: applicationPages != null: True&#xD;
sandbox: applicationPages.Webdriver != null: True&#xD;
sandbox: finished setuping local data&#xD;
sandbox: PrepareForTestRun complete.&#xD;
Given Teams tab is opened&#xD;
-&gt; done: TeamDetailsTabSteps.WhenTeamsTabIsOpened() (1.4s)&#xD;
When no coach information is available in Stats Engine&#xD;
-&gt; done: TeamDetailsTabSteps.WhenNoCoachInformationIsAvailableInStatsEngine() (0.0s)&#xD;
Then default two rows are displayed&#xD;
-&gt; done: TeamDetailsTabSteps.ThenDefaultTwoRowsAreDisplayed() (0.2s)&#xD;
And first row role displayed as "Coach"&#xD;
-&gt; done: TeamDetailsTabSteps.ThenFirstRowRoleDisplayedAs("Coach") (0.1s)&#xD;
And second row role displayed as "Assistant Coach"&#xD;
-&gt; done: TeamDetailsTabSteps.ThenSecondRowRoleDisplayedAs("Assistant Coach") (0.1s)&#xD;
sandbox: CleanUpAfterTestRun started.&#xD;
sandbox: application pages != null: True&#xD;
sandbox: web driver!= null: True&#xD;
Given action failed. Retrying after a timeout. Most likely UI was not fast enough to refresh itself.&#xD;
sandbox: CleanUpAfterTestRun complete.</StdOut>
      </Output>
    </UnitTestResult>
    <UnitTestResult executionId="0697acfc-06e9-437e-ac4e-de5f4a7101cf" testId="68eb6fd4-dec1-cbd1-64ca-686c6e76b77e" testName="CanDeleteSubPair" computerName="EC2AMAZ-JEOO151" duration="00:00:05.8490000" startTime="2019-07-11T19:27:46.0000000+00:00" endTime="2019-07-11T19:27:51.0000000+00:00" testType="13cdc9d9-ddb5-4fa4-a97d-d965ccfc6d4b" outcome="Passed" testListId="8c84fa94-04c1-424b-9868-57a2d4851a1d" relativeResultsDirectory="0697acfc-06e9-437e-ac4e-de5f4a7101cf">
      <Output>
        <StdOut>sandbox: PrepareForTestRun started.&#xD;
sandbox: football liveStatsApp != null: True &#xD;
sandbox: football liveStatsApp.IsProcessRunning: True &#xD;
sandbox: setupLocalData: localDatabaseProvider != null: True&#xD;
sandbox: applicationPages != null: True&#xD;
sandbox: applicationPages.Webdriver != null: True&#xD;
sandbox: finished setuping local data&#xD;
sandbox: PrepareForTestRun complete.&#xD;
Given Match started with kick off from existing game&#xD;
-&gt; done: SetupGameSteps.GivenMatchStartedWithKickOffButtonFromExistingGame() (3.3s)&#xD;
Given started substitution for team "2" in pitch view&#xD;
-&gt; done: SubstitutionSteps.WhenIClickSubBenchButtonInSubstitutionRecord(2) (0.5s)&#xD;
And player "25" for sub in and player "6" for sub out were selected from team "2"&#xD;
-&gt; done: SubstitutionSteps.WhenIChoosePlayerFromTeamForSubIn(25, 6, 2) (0.6s)&#xD;
When I delete "1" substitution pair for team "2"&#xD;
-&gt; done: SubstitutionSteps.WhenIDeleteSubstitutionPair(1, 2) (0.2s)&#xD;
Then "2" team subs remaining "3/3" is visible in record substitutions&#xD;
Given action failed. Retrying after a timeout.&#xD;
-&gt; done: SubstitutionSteps.ThenTeamSubsRemainingIsVisibleInRecordSubstitutions(2, "3/3") (0.5s)&#xD;
And "save" Button is disabled&#xD;
-&gt; done: EditFormSteps.ThenButtonIsDisabled() (0.0s)&#xD;
sandbox: CleanUpAfterTestRun started.&#xD;
sandbox: application pages != null: True&#xD;
sandbox: web driver!= null: True&#xD;
sandbox: CleanUpAfterTestRun complete.</StdOut>
      </Output>
    </UnitTestResult>
    <UnitTestResult executionId="aa6b5a5a-7ddb-47be-bebf-f4d80200a182" testId="a96be734-8add-1885-ba0d-99429bf0d96a" testName="InsertShotOnPenaltyWithFoulReasonAfterOrBeforeLastEvent(&quot;before&quot;,&quot;2&quot;,&quot;1&quot;,&quot;0025&quot;,&quot;0026&quot;,&quot;00:25&quot;,&quot;00:26&quot;,&quot;3&quot;,&quot;4&quot;,&quot;2&quot;,null)" computerName="EC2AMAZ-JEOO151" duration="00:00:15.8990000" startTime="2019-07-11T18:34:39.0000000+00:00" endTime="2019-07-11T18:34:55.0000000+00:00" testType="13cdc9d9-ddb5-4fa4-a97d-d965ccfc6d4b" outcome="Passed" testListId="8c84fa94-04c1-424b-9868-57a2d4851a1d" relativeResultsDirectory="aa6b5a5a-7ddb-47be-bebf-f4d80200a182">
      <Output>
        <StdOut>sandbox: PrepareForTestRun started.&#xD;
sandbox: football liveStatsApp != null: True &#xD;
sandbox: football liveStatsApp.IsProcessRunning: True &#xD;
sandbox: setupLocalData: localDatabaseProvider != null: True&#xD;
sandbox: applicationPages != null: True&#xD;
sandbox: applicationPages.Webdriver != null: True&#xD;
sandbox: finished setuping local data&#xD;
sandbox: PrepareForTestRun complete.&#xD;
Given Match started with kick off from existing game&#xD;
-&gt; done: SetupGameSteps.GivenMatchStartedWithKickOffButtonFromExistingGame() (3.4s)&#xD;
And Throw in added for Team 1&#xD;
-&gt; done: ThrowInEditSteps.GivenThrowInAddedForTeam(1) (0.9s)&#xD;
And I clicked on latest "ThrowIn" event in action log&#xD;
-&gt; done: ActionLogSteps.GivenIClickOnLatestEventInActionLog(ThrowIn) (0.2s)&#xD;
And I entered new conceded event time of "0030"&#xD;
-&gt; done: EditFormSteps.GivenIEnterNewConcededEventTimeOf("0030") (1.0s)&#xD;
And I clicked Save button in action edit form&#xD;
-&gt; done: EditFormSteps.ClickSaveButtonInActionEditForm() (0.6s)&#xD;
And I remembered current players on pitch shirt numbers&#xD;
-&gt; done: GoalEditSteps.GivenIRememberCurrentPlayersOnPitch() (1.2s)&#xD;
When I click Expand Action log button&#xD;
-&gt; done: ActionLogSteps.WhenIClickExpandActionLogButton() (0.1s)&#xD;
And I insert "Penalty" before last action in expanded action log&#xD;
-&gt; done: ExpandedActionLogSteps.WhenIInsertPenaltyBeforeLastActionInExpandedActionLog(Penalty) (0.3s)&#xD;
And I enter "0025" as conceded and "0026" as taken time&#xD;
-&gt; done: EditFormSteps.WhenIEnterAsConcededAndAsTakenTime("0025", "0026") (2.0s)&#xD;
And I set penalty retake count to 1 in penalty edit&#xD;
-&gt; done: PenaltyEditSteps.WhenISetRetakeCountTo(1) (0.1s)&#xD;
And I choose player with number 6 from team 2 as penalty taker&#xD;
-&gt; done: PenaltyShootoutEditSteps.WhenIChoosePlayerWithNumberFromTeamAsPenaltyTaker(6, 2) (0.5s)&#xD;
And I choose player with number 4 for foul reason&#xD;
-&gt; done: PenaltyEditSteps.WhenIChoosePlayerWithNumberForFoulReason(4) (0.5s)&#xD;
And I click on miss on target result in penalty insert&#xD;
-&gt; done: PenaltyShootoutEditSteps.WhenIClickOnMissOnTargetPenaltyInsert() (0.1s)&#xD;
And I add pitch location&#xD;
-&gt; done: MiniPitchEditPageElementSteps.WhenIAddPitchLocation() (0.3s)&#xD;
And I add "top right" shot location in net section&#xD;
-&gt; done: PenaltyShootoutEditSteps.WhenIAddShotLocationInNetSection("top right") (0.3s)&#xD;
And I click Save button in action edit form&#xD;
-&gt; done: EditFormSteps.ClickSaveButtonInActionEditForm() (0.6s)&#xD;
Then penalty insert view is not visible&#xD;
Failed to find element with query '[data-qa='penaltyEditScreen']'. Web driver timeout exception.&#xD;
-&gt; done: PenaltyEditSteps.ThenPenaltyShootoutKickInsertViewIsNotVisible() (2.1s)&#xD;
And "Save by GK" Action is displayed at 2 in expanded action log&#xD;
-&gt; done: ExpandedActionLogSteps.ThenGoalActionIsDisplayedAtInExpandedActionLog("Save by GK", 2) (0.0s)&#xD;
And at 2 position action time is "00:26" in "H1" half&#xD;
-&gt; done: ExpandedActionLogSteps.ThenAtPositionActionTimeIsInHalf(2, "00:26", "H1") (0.1s)&#xD;
And at 2 position action has no qualifiers&#xD;
-&gt; done: ExpandedActionLogSteps.ThenAtPositionActionHasNoQualifiers(2) (0.1s)&#xD;
And at 2 position action displays team 1 with no player&#xD;
-&gt; done: ExpandedActionLogSteps.ThenAtPositionActionDisplaysTeamWithNoPlayer(2, 1) (0.0s)&#xD;
And Action at position 2 do not have score&#xD;
-&gt; done: ExpandedActionLogSteps.ThenActionAtPositionDoNotHaveScore(2) (0.0s)&#xD;
And "Penalty" Action is displayed at 3 in expanded action log&#xD;
-&gt; done: ExpandedActionLogSteps.ThenGoalActionIsDisplayedAtInExpandedActionLog("Penalty", 3) (0.1s)&#xD;
And at 3 position action time is "00:25" in "H1" half&#xD;
-&gt; done: ExpandedActionLogSteps.ThenAtPositionActionTimeIsInHalf(3, "00:25", "H1") (0.1s)&#xD;
And at 3 position action has no qualifiers&#xD;
-&gt; done: ExpandedActionLogSteps.ThenAtPositionActionHasNoQualifiers(3) (0.1s)&#xD;
And at 3 position action displays player with number 6 from team 2&#xD;
-&gt; done: ExpandedActionLogSteps.ThenActionAtPositionPlayerIsDisplayedAs(3, 6, 2) (0.1s)&#xD;
And Action at position 3 do not have score&#xD;
-&gt; done: ExpandedActionLogSteps.ThenActionAtPositionDoNotHaveScore(3) (0.0s)&#xD;
And "Foul" Action is displayed at 4 in expanded action log&#xD;
-&gt; done: ExpandedActionLogSteps.ThenGoalActionIsDisplayedAtInExpandedActionLog("Foul", 4) (0.1s)&#xD;
And at 4 position action time is "00:25" in "H1" half&#xD;
-&gt; done: ExpandedActionLogSteps.ThenAtPositionActionTimeIsInHalf(4, "00:25", "H1") (0.1s)&#xD;
And at 4 position action has no qualifiers&#xD;
-&gt; done: ExpandedActionLogSteps.ThenAtPositionActionHasNoQualifiers(4) (0.1s)&#xD;
And at 4 position action displays player with number 4 from team 1&#xD;
-&gt; done: ExpandedActionLogSteps.ThenActionAtPositionPlayerIsDisplayedAs(4, 4, 1) (0.1s)&#xD;
And Action at position 4 do not have score&#xD;
-&gt; done: ExpandedActionLogSteps.ThenActionAtPositionDoNotHaveScore(4) (0.0s)&#xD;
sandbox: CleanUpAfterTestRun started.&#xD;
sandbox: application pages != null: True&#xD;
sandbox: web driver!= null: True&#xD;
sandbox: CleanUpAfterTestRun complete.</StdOut>
      </Output>
    </UnitTestResult>
    <UnitTestResult executionId="7fbf1884-b655-433d-b845-7c3f0b0c246f" testId="c7ec929e-0594-eb2b-f2a4-a42640c38f44" testName="FlagAndContinueThrowIn" computerName="EC2AMAZ-JEOO151" duration="00:00:05.7150000" startTime="2019-07-11T19:47:25.0000000+00:00" endTime="2019-07-11T19:47:31.0000000+00:00" testType="13cdc9d9-ddb5-4fa4-a97d-d965ccfc6d4b" outcome="Passed" testListId="8c84fa94-04c1-424b-9868-57a2d4851a1d" relativeResultsDirectory="7fbf1884-b655-433d-b845-7c3f0b0c246f">
      <Output>
        <StdOut>sandbox: PrepareForTestRun started.&#xD;
sandbox: football liveStatsApp != null: True &#xD;
sandbox: football liveStatsApp.IsProcessRunning: True &#xD;
sandbox: setupLocalData: localDatabaseProvider != null: True&#xD;
sandbox: applicationPages != null: True&#xD;
sandbox: applicationPages.Webdriver != null: True&#xD;
sandbox: finished setuping local data&#xD;
sandbox: PrepareForTestRun complete.&#xD;
Given Match started with kick off from existing game&#xD;
-&gt; done: SetupGameSteps.GivenMatchStartedWithKickOffButtonFromExistingGame() (3.2s)&#xD;
When I click Throw In action button for 1&#xD;
Given action failed. Retrying after a timeout.&#xD;
-&gt; done: TeamActionButtonSteps.GivenIClickActionButtonFor(1) (0.9s)&#xD;
And I flag and continue&#xD;
-&gt; done: WorkflowSteps.WhenIFlagAndContinue() (0.1s)&#xD;
And I click on pitch x 90 and y 40&#xD;
-&gt; done: PitchScreenSteps.WhenIClickOnPitch(90, 40) (0.2s)&#xD;
And I click on latest "ThrowIn" event in action log&#xD;
-&gt; done: ActionLogSteps.GivenIClickOnLatestEventInActionLog(ThrowIn) (0.3s)&#xD;
And I click review flags button in game action edit window&#xD;
-&gt; done: EditFormSteps.WhenIClickReviewFlagsButtonInGameActionEditWindow() (0.1s)&#xD;
Then 1 event in action log of type "ThrowIn" is flagged&#xD;
-&gt; done: ActionLogSteps.ThenEventInActionLogOfTypeIsFlagged(1, ThrowIn) (0.0s)&#xD;
And "This item was flagged by the User." is visible in review action flags dialog&#xD;
-&gt; done: EditWindowFlagsDropDownSteps.ThenIsVisibleInReviewActionFlagsDialog("This item was fla...") (0.0s)&#xD;
sandbox: CleanUpAfterTestRun started.&#xD;
sandbox: application pages != null: True&#xD;
sandbox: web driver!= null: True&#xD;
sandbox: CleanUpAfterTestRun complete.</StdOut>
      </Output>
    </UnitTestResult>
    <UnitTestResult executionId="7f170bf8-860d-4128-bde6-0b84929e8d16" testId="52eae5ba-3986-692a-b3ed-31e6a316594c" testName="EditPenaltyDuringWorkflowFromExpandedActionLog" computerName="EC2AMAZ-JEOO151" duration="00:00:10.0170000" startTime="2019-07-11T17:54:23.0000000+00:00" endTime="2019-07-11T17:54:33.0000000+00:00" testType="13cdc9d9-ddb5-4fa4-a97d-d965ccfc6d4b" outcome="Passed" testListId="8c84fa94-04c1-424b-9868-57a2d4851a1d" relativeResultsDirectory="7f170bf8-860d-4128-bde6-0b84929e8d16">
      <Output>
        <StdOut>sandbox: PrepareForTestRun started.&#xD;
sandbox: football liveStatsApp != null: True &#xD;
sandbox: football liveStatsApp.IsProcessRunning: True &#xD;
sandbox: setupLocalData: localDatabaseProvider != null: True&#xD;
sandbox: applicationPages != null: True&#xD;
sandbox: applicationPages.Webdriver != null: True&#xD;
sandbox: finished setuping local data&#xD;
sandbox: PrepareForTestRun complete.&#xD;
Given Match started with kick off from existing game&#xD;
-&gt; done: SetupGameSteps.GivenMatchStartedWithKickOffButtonFromExistingGame() (3.2s)&#xD;
Given Penalty for Team 1 is registered&#xD;
-&gt; done: PenaltySteps.GivenPenaltyForTeamIsRegistered(1) (4.2s)&#xD;
When I click Freekick button for team 1&#xD;
Given action failed. Retrying after a timeout.&#xD;
-&gt; done: TeamActionButtonSteps.WhenIClickFreekickButtonForTeam(1) (0.6s)&#xD;
And I open Expanded Action log&#xD;
-&gt; done: ActionLogSteps.WhenIClickExpandActionLogButton() (0.1s)&#xD;
And I open latest "Penalty" action edit view from expanded action log&#xD;
-&gt; done: ExpandedActionLogSteps.WhenIOpenLatestActionEditViewFromExpandedActionLog(Penalty) (0.1s)&#xD;
And I click Flag &amp; Save button in action edit form&#xD;
-&gt; done: EditFormSteps.ClickFlagAndSaveInActionEditForm() (0.4s)&#xD;
And I close expanded action log page&#xD;
-&gt; done: ExpandedActionLogSteps.WhenICloseExpandedActionLogPage() (0.2s)&#xD;
Then Pitch View is shown&#xD;
-&gt; done: PitchScreenSteps.PitchViewIsShown() (0.0s)&#xD;
And 1 event in action log of type "Penalty" is flagged&#xD;
-&gt; done: ActionLogSteps.ThenEventInActionLogOfTypeIsFlagged(1, Penalty) (0.0s)&#xD;
And Notification "Select free kick location..." is shown&#xD;
-&gt; done: PitchBottomMessageBarSteps.ThenIsShown("Select free kick ...") (0.1s)&#xD;
sandbox: CleanUpAfterTestRun started.&#xD;
sandbox: application pages != null: True&#xD;
sandbox: web driver!= null: True&#xD;
sandbox: CleanUpAfterTestRun complete.</StdOut>
      </Output>
    </UnitTestResult>
    <UnitTestResult executionId="822882dd-4a1f-405c-ac87-20c9218591db" testId="13e2cb98-6645-d7df-b30f-166a2433977a" testName="GivenGameInProgress_WhenRegisteringCardForAssistantCouch_ThenCardIsRegisteredForAssistantCoach(Yellow,1,Yellow,&quot;Yellow&quot;)" computerName="EC2AMAZ-JEOO151" duration="00:00:11.1820000" startTime="2019-07-11T20:57:52.0000000+00:00" endTime="2019-07-11T20:58:03.0000000+00:00" testType="13cdc9d9-ddb5-4fa4-a97d-d965ccfc6d4b" outcome="Passed" testListId="8c84fa94-04c1-424b-9868-57a2d4851a1d" relativeResultsDirectory="822882dd-4a1f-405c-ac87-20c9218591db">
      <Output>
        <StdOut>sandbox: PrepareForTestRun started.&#xD;
sandbox: football liveStatsApp != null: True &#xD;
sandbox: football liveStatsApp.IsProcessRunning: True &#xD;
sandbox: setupLocalData: localDatabaseProvider != null: True&#xD;
sandbox: applicationPages != null: True&#xD;
sandbox: applicationPages.Webdriver != null: True&#xD;
sandbox: finished setuping local data&#xD;
sandbox: PrepareForTestRun complete.&#xD;
Given action failed. Retrying after a timeout.&#xD;
sandbox: CleanUpAfterTestRun started.&#xD;
sandbox: application pages != null: True&#xD;
sandbox: web driver!= null: True&#xD;
sandbox: CleanUpAfterTestRun complete.</StdOut>
      </Output>
    </UnitTestResult>
    <UnitTestResult executionId="5536b62e-93a6-4c30-b0b7-e0c01aac6a68" testId="7ed5fdd7-c74a-aea8-a278-763f2e8e3caf" testName="GivenCardWorkflowInProgress_WhenCanceling_ThenScoreboardsStatsAreUpdated(1,Yellow)" computerName="EC2AMAZ-JEOO151" duration="00:00:06.5820000" startTime="2019-07-11T21:40:38.0000000+00:00" endTime="2019-07-11T21:40:44.0000000+00:00" testType="13cdc9d9-ddb5-4fa4-a97d-d965ccfc6d4b" outcome="Passed" testListId="8c84fa94-04c1-424b-9868-57a2d4851a1d" relativeResultsDirectory="5536b62e-93a6-4c30-b0b7-e0c01aac6a68">
      <Output>
        <StdOut>sandbox: PrepareForTestRun started.&#xD;
sandbox: football liveStatsApp != null: True &#xD;
sandbox: football liveStatsApp.IsProcessRunning: True &#xD;
sandbox: setupLocalData: localDatabaseProvider != null: True&#xD;
sandbox: applicationPages != null: True&#xD;
sandbox: applicationPages.Webdriver != null: True&#xD;
sandbox: finished setuping local data&#xD;
sandbox: PrepareForTestRun complete.&#xD;
Given action failed. Retrying after a timeout.&#xD;
sandbox: CleanUpAfterTestRun started.&#xD;
sandbox: application pages != null: True&#xD;
sandbox: web driver!= null: True&#xD;
sandbox: CleanUpAfterTestRun complete.</StdOut>
      </Output>
    </UnitTestResult>
    <UnitTestResult executionId="c8612902-3158-4dc3-8ca8-c59d474f7ab3" testId="1064cc7c-e5ed-0c60-7f16-2c2d6feb5842" testName="ClearShotInGoalInsert(&quot;set&quot;,null)" computerName="EC2AMAZ-JEOO151" duration="00:00:18.2830000" startTime="2019-07-11T18:21:30.0000000+00:00" endTime="2019-07-11T18:21:48.0000000+00:00" testType="13cdc9d9-ddb5-4fa4-a97d-d965ccfc6d4b" outcome="Passed" testListId="8c84fa94-04c1-424b-9868-57a2d4851a1d" relativeResultsDirectory="c8612902-3158-4dc3-8ca8-c59d474f7ab3">
      <Output>
        <StdOut>sandbox: PrepareForTestRun started.&#xD;
sandbox: football liveStatsApp != null: True &#xD;
sandbox: football liveStatsApp.IsProcessRunning: True &#xD;
sandbox: setupLocalData: localDatabaseProvider != null: True&#xD;
sandbox: applicationPages != null: True&#xD;
sandbox: applicationPages.Webdriver != null: True&#xD;
sandbox: finished setuping local data&#xD;
sandbox: PrepareForTestRun complete.&#xD;
Given Match started with kick off from existing game&#xD;
-&gt; done: SetupGameSteps.GivenMatchStartedWithKickOffButtonFromExistingGame() (3.3s)&#xD;
And "Top right" corner added for Team 1&#xD;
Given action failed. Retrying after a timeout.&#xD;
-&gt; done: CornerSteps.GivenCornerAddedForTeam("Top right", 1) (3.3s)&#xD;
And "Yellow" Card for Team 1 is registered&#xD;
-&gt; done: CardSteps.GivenCardForTeamIsRegistered(Yellow, 1) (3.2s)&#xD;
And I clicked on latest "Corner" event in action log&#xD;
-&gt; done: ActionLogSteps.GivenIClickOnLatestEventInActionLog(Corner) (0.2s)&#xD;
And I entered new conceded event time of "0030"&#xD;
-&gt; done: EditFormSteps.GivenIEnterNewConcededEventTimeOf("0030") (1.0s)&#xD;
And I clicked Save button in action edit form&#xD;
-&gt; done: EditFormSteps.ClickSaveButtonInActionEditForm() (0.6s)&#xD;
And I remembered current players on pitch shirt numbers&#xD;
-&gt; done: GoalEditSteps.GivenIRememberCurrentPlayersOnPitch() (1.1s)&#xD;
When I click Expand Action log button&#xD;
-&gt; done: ActionLogSteps.WhenIClickExpandActionLogButton() (0.2s)&#xD;
And I click last action in expanded action log&#xD;
-&gt; done: ExpandedActionLogSteps.WhenIClickLastActionInExpandedActionLog() (0.1s)&#xD;
And I click insert after button in expanded action log&#xD;
-&gt; done: ExpandedActionLogSteps.WhenIClickInsertAfterButtonInExpandedActionLog() (0.1s)&#xD;
And I click insert Goal button in insert after dropdown&#xD;
-&gt; done: ExpandedActionLogSteps.WhenIClickInsertGoalButtonInInsertAfterDropdown() (0.1s)&#xD;
And I click "set" shot location button in insert window&#xD;
-&gt; done: GoalEditSteps.WhenIClickSetShotLocationButton() (0.1s)&#xD;
And I click "top right" corner on Net&#xD;
-&gt; done: ExpandedShotLocationDialogSteps.GivenIClickCornerOnNet("top right") (0.1s)&#xD;
And I click "clear location" button on expanded shot position view&#xD;
-&gt; done: ExpandedShotLocationDialogSteps.GivenIClickButtonOnExpandedShotPositionView("clear location") (0.0s)&#xD;
Then Shot pitch Position marker is not visible&#xD;
Failed to find element with query '[data-qa='pitchLocationPopup']'. Web driver timeout exception.&#xD;
Failed to find element with query '[data-qa='currentPitchLocation']'. Web driver timeout exception.&#xD;
-&gt; done: ExpandedPitchPositionDialogSteps.ThenShotPitchPositionMarkerIsNotVisible() (4.1s)&#xD;
sandbox: CleanUpAfterTestRun started.&#xD;
sandbox: application pages != null: True&#xD;
sandbox: web driver!= null: True&#xD;
sandbox: CleanUpAfterTestRun complete.</StdOut>
      </Output>
    </UnitTestResult>
    <UnitTestResult executionId="37a9ef14-516b-4d15-bb1c-eb569631fc7c" testId="3ba81560-6629-867e-861b-88653148870f" testName="FootballFinishPenaltyShot_OffMissWorkflow(&quot;1&quot;,&quot;2&quot;,&quot;No Save&quot;,&quot;90&quot;,&quot;50&quot;,&quot;5&quot;,&quot;16&quot;,null)" computerName="EC2AMAZ-JEOO151" duration="00:00:16.1310000" startTime="2019-07-11T19:03:47.0000000+00:00" endTime="2019-07-11T19:04:03.0000000+00:00" testType="13cdc9d9-ddb5-4fa4-a97d-d965ccfc6d4b" outcome="Passed" testListId="8c84fa94-04c1-424b-9868-57a2d4851a1d" relativeResultsDirectory="37a9ef14-516b-4d15-bb1c-eb569631fc7c">
      <Output>
        <StdOut>sandbox: PrepareForTestRun started.&#xD;
sandbox: football liveStatsApp != null: True &#xD;
sandbox: football liveStatsApp.IsProcessRunning: True &#xD;
sandbox: setupLocalData: localDatabaseProvider != null: True&#xD;
sandbox: applicationPages != null: True&#xD;
sandbox: applicationPages.Webdriver != null: True&#xD;
sandbox: finished setuping local data&#xD;
sandbox: PrepareForTestRun complete.&#xD;
Given Match started with kick off from existing game&#xD;
-&gt; done: SetupGameSteps.GivenMatchStartedWithKickOffButtonFromExistingGame() (3.2s)&#xD;
When I click "Possible Penalty" button for team 1&#xD;
Given action failed. Retrying after a timeout.&#xD;
-&gt; done: TeamActionButtonSteps.GivenIClickPossiblePenaltyButtonForTeam(1) (0.8s)&#xD;
And I confirm penalty by clicking "Confirm" button&#xD;
-&gt; done: PenaltySteps.WhenIConfirmPenaltyByClickingButton() (2.3s)&#xD;
And I click on pitch x 90 and y 50&#xD;
Failed to find element with query '[data-qa='activePitchOverlay']'. Web driver timeout exception.&#xD;
Given action failed. Retrying after a timeout.&#xD;
Failed to find element with query '[data-qa='activePitchOverlay']'. Web driver timeout exception.&#xD;
-&gt; done: PitchScreenSteps.WhenIClickOnPitch(90, 50) (4.5s)&#xD;
And I click "Foul" reason button&#xD;
-&gt; done: CardSteps.WhenIClickReasonButton("Foul") (0.2s)&#xD;
And I click on team 2 player on pitch with shirt number 5&#xD;
-&gt; done: PitchPlayersComponentSteps.WhenIClickOnTeamPlayerOnPitchWithShirtNumber(2, 5) (0.3s)&#xD;
And I click on team 1 player on pitch with shirt number 16&#xD;
-&gt; done: PitchPlayersComponentSteps.WhenIClickOnTeamPlayerOnPitchWithShirtNumber(1, 16) (0.4s)&#xD;
And I click "Penalty Shot Off Target" Button&#xD;
-&gt; done: PenaltySteps.WhenIClickPenaltyShotOffTargetButton() (0.2s)&#xD;
And I click on net x "10" and y "10"&#xD;
-&gt; done: NetSectionSteps.WhenIClickOnNetXAndY(10, 10) (0.2s)&#xD;
And I click "No Save" Button&#xD;
-&gt; done: PenaltySteps.WhenIClickNoSaveButton() (0.2s)&#xD;
Then Pitch View is shown&#xD;
-&gt; done: PitchScreenSteps.PitchViewIsShown() (0.0s)&#xD;
And Score is 0 for team 1&#xD;
-&gt; done: ScoreBoardSteps.ThenScoreIsForTeam(0, 1) (0.1s)&#xD;
And Score is 0 for team 2&#xD;
-&gt; done: ScoreBoardSteps.ThenScoreIsForTeam(0, 2) (0.1s)&#xD;
And Action Buttons are enabled&#xD;
-&gt; done: TeamActionButtonSteps.ThenActionButtonsAreEnabled() (0.7s)&#xD;
And Player on pitch with shirt number 16 of team 1 do not have goal icon&#xD;
Failed to find data-qa element with tag 'playerGoals'. No such element exception.&#xD;
-&gt; done: PitchPlayersComponentSteps.ThenPlayerOnPitchWithShirtNumberOfTeamDoNotHaveGoalIcon(16, 1) (2.2s)&#xD;
sandbox: CleanUpAfterTestRun started.&#xD;
sandbox: application pages != null: True&#xD;
sandbox: web driver!= null: True&#xD;
sandbox: CleanUpAfterTestRun complete.</StdOut>
      </Output>
    </UnitTestResult>
    <UnitTestResult executionId="a328cb0e-d856-456f-ae33-877f64f73d13" testId="c2dd2802-89b6-3b1c-99a9-a03581632232" testName="GivenGameInProgress_WhenStartingCornerWorkflow_ThenWorkflowInitiatedScoreBoardUpdatedAndActionLogCreated" computerName="EC2AMAZ-JEOO151" duration="00:00:07.6490000" startTime="2019-07-11T21:00:59.0000000+00:00" endTime="2019-07-11T21:01:06.0000000+00:00" testType="13cdc9d9-ddb5-4fa4-a97d-d965ccfc6d4b" outcome="Passed" testListId="8c84fa94-04c1-424b-9868-57a2d4851a1d" relativeResultsDirectory="a328cb0e-d856-456f-ae33-877f64f73d13">
      <Output>
        <StdOut>sandbox: PrepareForTestRun started.&#xD;
sandbox: football liveStatsApp != null: True &#xD;
sandbox: football liveStatsApp.IsProcessRunning: True &#xD;
sandbox: setupLocalData: localDatabaseProvider != null: True&#xD;
sandbox: applicationPages != null: True&#xD;
sandbox: applicationPages.Webdriver != null: True&#xD;
sandbox: finished setuping local data&#xD;
sandbox: PrepareForTestRun complete.&#xD;
Given action failed. Retrying after a timeout.&#xD;
Failed to find element with query '[data-qa='pitchCornerBottomLeft']'. Web driver timeout exception.&#xD;
Failed to find element with query '[data-qa='pitchCornerTopLeft']'. Web driver timeout exception.&#xD;
sandbox: CleanUpAfterTestRun started.&#xD;
sandbox: application pages != null: True&#xD;
sandbox: web driver!= null: True&#xD;
sandbox: CleanUpAfterTestRun complete.</StdOut>
      </Output>
    </UnitTestResult>
    <UnitTestResult executionId="ac5d3adf-fefd-4a43-987a-277bee807dd3" testId="0cebc1fe-3754-a5b8-5ae9-cb0c8bd969bb" testName="FlagAndContinueAllGoalSteps" computerName="EC2AMAZ-JEOO151" duration="00:00:08.3590000" startTime="2019-07-11T19:46:01.0000000+00:00" endTime="2019-07-11T19:46:09.0000000+00:00" testType="13cdc9d9-ddb5-4fa4-a97d-d965ccfc6d4b" outcome="Passed" testListId="8c84fa94-04c1-424b-9868-57a2d4851a1d" relativeResultsDirectory="ac5d3adf-fefd-4a43-987a-277bee807dd3">
      <Output>
        <StdOut>sandbox: PrepareForTestRun started.&#xD;
sandbox: football liveStatsApp != null: True &#xD;
sandbox: football liveStatsApp.IsProcessRunning: True &#xD;
sandbox: setupLocalData: localDatabaseProvider != null: True&#xD;
sandbox: applicationPages != null: True&#xD;
sandbox: applicationPages.Webdriver != null: True&#xD;
sandbox: finished setuping local data&#xD;
sandbox: PrepareForTestRun complete.&#xD;
Given Match started with kick off from existing game&#xD;
-&gt; done: SetupGameSteps.GivenMatchStartedWithKickOffButtonFromExistingGame() (3.3s)&#xD;
When I click goal for team 1 button&#xD;
-&gt; done: TeamActionButtonSteps.GivenIClickGoalForTeamButton(1) (0.7s)&#xD;
And I confirm goal by clicking on "Confirm" button&#xD;
-&gt; done: GoalSteps.WhenIConfirmGoalByClickingOnButton() (2.3s)&#xD;
And I flag and continue&#xD;
-&gt; done: WorkflowSteps.WhenIFlagAndContinue() (0.1s)&#xD;
And I flag and continue&#xD;
-&gt; done: WorkflowSteps.WhenIFlagAndContinue() (0.2s)&#xD;
And I flag and continue&#xD;
-&gt; done: WorkflowSteps.WhenIFlagAndContinue() (0.1s)&#xD;
And I flag and continue&#xD;
-&gt; done: WorkflowSteps.WhenIFlagAndContinue() (0.1s)&#xD;
And I flag and continue&#xD;
-&gt; done: WorkflowSteps.WhenIFlagAndContinue() (0.1s)&#xD;
And I kick off by clicking "Kick Off" button&#xD;
-&gt; done: GoalSteps.WhenIKickOffByClickingButton() (0.2s)&#xD;
And I click on latest "Goal" event in action log&#xD;
-&gt; done: ActionLogSteps.GivenIClickOnLatestEventInActionLog(Goal) (0.3s)&#xD;
And I click review flags button in game action edit window&#xD;
-&gt; done: EditFormSteps.WhenIClickReviewFlagsButtonInGameActionEditWindow() (0.1s)&#xD;
Then 1 event in action log of type "Goal" is flagged&#xD;
-&gt; done: ActionLogSteps.ThenEventInActionLogOfTypeIsFlagged(1, Goal) (0.0s)&#xD;
And "This item was flagged by the User." is visible in review action flags dialog&#xD;
-&gt; done: EditWindowFlagsDropDownSteps.ThenIsVisibleInReviewActionFlagsDialog("This item was fla...") (0.0s)&#xD;
sandbox: CleanUpAfterTestRun started.&#xD;
sandbox: application pages != null: True&#xD;
sandbox: web driver!= null: True&#xD;
sandbox: CleanUpAfterTestRun complete.</StdOut>
      </Output>
    </UnitTestResult>
    <UnitTestResult executionId="88c8a1fd-d68a-42f3-8a53-cfc58bf976f5" testId="d7440e85-ec36-609a-d296-034a734bba77" testName="GivenShotRegistered_WhenClearingPitchLocation_ThenLocationCleared" computerName="EC2AMAZ-JEOO151" duration="00:00:11.0840000" startTime="2019-07-11T20:43:06.0000000+00:00" endTime="2019-07-11T20:43:17.0000000+00:00" testType="13cdc9d9-ddb5-4fa4-a97d-d965ccfc6d4b" outcome="Passed" testListId="8c84fa94-04c1-424b-9868-57a2d4851a1d" relativeResultsDirectory="88c8a1fd-d68a-42f3-8a53-cfc58bf976f5">
      <Output>
        <StdOut>sandbox: PrepareForTestRun started.&#xD;
sandbox: football liveStatsApp != null: True &#xD;
sandbox: football liveStatsApp.IsProcessRunning: True &#xD;
sandbox: setupLocalData: localDatabaseProvider != null: True&#xD;
sandbox: applicationPages != null: True&#xD;
sandbox: applicationPages.Webdriver != null: True&#xD;
sandbox: finished setuping local data&#xD;
sandbox: PrepareForTestRun complete.&#xD;
Given action failed. Retrying after a timeout.&#xD;
Failed to find data-qa element with tag 'setPitchLocationButton'. No such element exception.&#xD;
Failed to find data-qa element with tag 'currentPitchLocation'. No such element exception.&#xD;
sandbox: CleanUpAfterTestRun started.&#xD;
sandbox: application pages != null: True&#xD;
sandbox: web driver!= null: True&#xD;
sandbox: CleanUpAfterTestRun complete.</StdOut>
      </Output>
    </UnitTestResult>
    <UnitTestResult executionId="9f1f4374-4d99-4fec-bead-4014db8f6bf1" testId="75655149-dd9f-1a7b-5272-1b0125ee587f" testName="GivenSetupFinished_WhenAttackDirectionPicked_ThenKickOffGameDialogPresented(1,ToRight)" computerName="EC2AMAZ-JEOO151" duration="00:00:09.8650000" startTime="2019-07-11T21:35:16.0000000+00:00" endTime="2019-07-11T21:35:26.0000000+00:00" testType="13cdc9d9-ddb5-4fa4-a97d-d965ccfc6d4b" outcome="Passed" testListId="8c84fa94-04c1-424b-9868-57a2d4851a1d" relativeResultsDirectory="9f1f4374-4d99-4fec-bead-4014db8f6bf1">
      <Output>
        <StdOut>sandbox: PrepareForTestRun started.&#xD;
sandbox: football liveStatsApp != null: True &#xD;
sandbox: football liveStatsApp.IsProcessRunning: True &#xD;
sandbox: setupLocalData: localDatabaseProvider != null: True&#xD;
sandbox: applicationPages != null: True&#xD;
sandbox: applicationPages.Webdriver != null: True&#xD;
sandbox: finished setuping local data&#xD;
sandbox: PrepareForTestRun complete.&#xD;
sandbox: CleanUpAfterTestRun started.&#xD;
sandbox: application pages != null: True&#xD;
sandbox: web driver!= null: True&#xD;
sandbox: CleanUpAfterTestRun complete.</StdOut>
      </Output>
    </UnitTestResult>
    <UnitTestResult executionId="2dd61f86-056c-49b6-ad8a-d93b7f9b9427" testId="b03dd81a-b2be-203e-e586-df4472050e51" testName="EditGoalWithVARInGoalFirstStep(&quot;Foul&quot;,null)" computerName="EC2AMAZ-JEOO151" duration="00:00:07.0170000" startTime="2019-07-11T17:58:54.0000000+00:00" endTime="2019-07-11T17:59:01.0000000+00:00" testType="13cdc9d9-ddb5-4fa4-a97d-d965ccfc6d4b" outcome="Passed" testListId="8c84fa94-04c1-424b-9868-57a2d4851a1d" relativeResultsDirectory="2dd61f86-056c-49b6-ad8a-d93b7f9b9427">
      <Output>
        <StdOut>sandbox: PrepareForTestRun started.&#xD;
sandbox: football liveStatsApp != null: True &#xD;
sandbox: football liveStatsApp.IsProcessRunning: True &#xD;
sandbox: setupLocalData: localDatabaseProvider != null: True&#xD;
sandbox: applicationPages != null: True&#xD;
sandbox: applicationPages.Webdriver != null: True&#xD;
sandbox: finished setuping local data&#xD;
sandbox: PrepareForTestRun complete.&#xD;
Given Match started with kick off from existing game&#xD;
-&gt; done: SetupGameSteps.GivenMatchStartedWithKickOffButtonFromExistingGame() (3.3s)&#xD;
And I remembered current players on pitch shirt numbers&#xD;
-&gt; done: GoalEditSteps.GivenIRememberCurrentPlayersOnPitch() (1.5s)&#xD;
When I click goal for team 1 button&#xD;
Given action failed. Retrying after a timeout.&#xD;
-&gt; done: TeamActionButtonSteps.GivenIClickGoalForTeamButton(1) (0.4s)&#xD;
And I click "Possible VAR" button in workflow&#xD;
-&gt; done: WorkflowSteps.WhenIClickPossibleVarButtonInWorkflow() (0.1s)&#xD;
And I click var "Foul" button&#xD;
-&gt; done: WorkflowSteps.WhenIClickVarButton("Foul") (0.2s)&#xD;
And I click var confirmation "no" button&#xD;
-&gt; done: WorkflowSteps.WhenIClickVarConfirmationButton("no") (0.2s)&#xD;
And I click goal event in action log&#xD;
-&gt; done: ActionLogSteps.GivenIClickGoalEventInActionLog() (0.3s)&#xD;
Then Var outcome Overturned is selected&#xD;
-&gt; done: EditFormSteps.ThenVarOutcomeOverturnedIsSelected() (0.1s)&#xD;
And "Foul" VAR reason is selected&#xD;
-&gt; done: EditFormSteps.GivenVarReasonIsSelected("Foul") (0.0s)&#xD;
sandbox: CleanUpAfterTestRun started.&#xD;
sandbox: application pages != null: True&#xD;
sandbox: web driver!= null: True&#xD;
sandbox: CleanUpAfterTestRun complete.</StdOut>
      </Output>
    </UnitTestResult>
    <UnitTestResult executionId="02a8b9ca-b8f5-4c4b-9b91-44e8881fdaf1" testId="d82242bf-06d9-7270-6cb2-928112f646ef" testName="Football_GivenActionsWithPlayersRegistered_WhenSelectingAllFiltersWithoutFlags_ThenReturnsCorrectOutput" computerName="EC2AMAZ-JEOO151" duration="00:00:29.2420000" startTime="2019-07-11T21:19:27.0000000+00:00" endTime="2019-07-11T21:19:56.0000000+00:00" testType="13cdc9d9-ddb5-4fa4-a97d-d965ccfc6d4b" outcome="Passed" testListId="8c84fa94-04c1-424b-9868-57a2d4851a1d" relativeResultsDirectory="02a8b9ca-b8f5-4c4b-9b91-44e8881fdaf1">
      <Output>
        <StdOut>sandbox: PrepareForTestRun started.&#xD;
sandbox: football liveStatsApp != null: True &#xD;
sandbox: football liveStatsApp.IsProcessRunning: True &#xD;
sandbox: setupLocalData: localDatabaseProvider != null: True&#xD;
sandbox: applicationPages != null: True&#xD;
sandbox: applicationPages.Webdriver != null: True&#xD;
sandbox: finished setuping local data&#xD;
sandbox: PrepareForTestRun complete.&#xD;
Given action failed. Retrying after a timeout.&#xD;
Given action failed. Retrying after a timeout.&#xD;
Given action failed. Retrying after a timeout.&#xD;
Given action failed. Retrying after a timeout.&#xD;
Given action failed. Retrying after a timeout.&#xD;
sandbox: CleanUpAfterTestRun started.&#xD;
sandbox: application pages != null: True&#xD;
sandbox: web driver!= null: True&#xD;
sandbox: CleanUpAfterTestRun complete.</StdOut>
      </Output>
    </UnitTestResult>
    <UnitTestResult executionId="b72290e1-e451-4207-a64e-de5bdba6f6fc" testId="ee75619c-1e06-1fa6-ad85-d581914567ba" testName="SelectOffenceForPenalty(&quot;2&quot;,&quot;1&quot;,&quot;10&quot;,&quot;50&quot;,null)" computerName="EC2AMAZ-JEOO151" duration="00:00:13.4820000" startTime="2019-07-11T19:10:54.0000000+00:00" endTime="2019-07-11T19:11:07.0000000+00:00" testType="13cdc9d9-ddb5-4fa4-a97d-d965ccfc6d4b" outcome="Passed" testListId="8c84fa94-04c1-424b-9868-57a2d4851a1d" relativeResultsDirectory="b72290e1-e451-4207-a64e-de5bdba6f6fc">
      <Output>
        <StdOut>sandbox: PrepareForTestRun started.&#xD;
sandbox: football liveStatsApp != null: True &#xD;
sandbox: football liveStatsApp.IsProcessRunning: True &#xD;
sandbox: setupLocalData: localDatabaseProvider != null: True&#xD;
sandbox: applicationPages != null: True&#xD;
sandbox: applicationPages.Webdriver != null: True&#xD;
sandbox: finished setuping local data&#xD;
sandbox: PrepareForTestRun complete.&#xD;
Given Match started with kick off from existing game&#xD;
-&gt; done: SetupGameSteps.GivenMatchStartedWithKickOffButtonFromExistingGame() (3.3s)&#xD;
When I click "Possible Penalty" button for team 2&#xD;
Given action failed. Retrying after a timeout.&#xD;
-&gt; done: TeamActionButtonSteps.GivenIClickPossiblePenaltyButtonForTeam(2) (0.8s)&#xD;
And I confirm penalty by clicking "Confirm" button&#xD;
-&gt; done: PenaltySteps.WhenIConfirmPenaltyByClickingButton() (2.3s)&#xD;
And I click on pitch x 10 and y 50&#xD;
Failed to find element with query '[data-qa='activePitchOverlay']'. Web driver timeout exception.&#xD;
Given action failed. Retrying after a timeout.&#xD;
Failed to find element with query '[data-qa='activePitchOverlay']'. Web driver timeout exception.&#xD;
-&gt; done: PitchScreenSteps.WhenIClickOnPitch(10, 50) (4.5s)&#xD;
And I click "Offence" reason button&#xD;
-&gt; done: CardSteps.WhenIClickReasonButton("Offence") (0.2s)&#xD;
Then team 2 players are disabled&#xD;
-&gt; done: PitchPlayersComponentSteps.ThenTeamPlayersAreDisabled(2) (0.2s)&#xD;
And Latest "Penalty" event is highlighted&#xD;
-&gt; done: ActionLogSteps.ThenCardEventIsHighlighted(Penalty) (0.0s)&#xD;
And team 1 players are enabled&#xD;
-&gt; done: PitchPlayersComponentSteps.ThenTeamPlayersAreEnabled(1) (0.1s)&#xD;
And Offence label is shown in Penalty event action log&#xD;
-&gt; done: ActionLogSteps.ThenOffenceIsShownInPenaltyEventActionLog("Offence", Penalty) (0.1s)&#xD;
And Offence label of "Penalty" event in action log is in team 1 color&#xD;
-&gt; done: ActionLogSteps.ThenSubItemOfEventInActionLogIsInTeamColor("Offence", Penalty, 1) (0.1s)&#xD;
And Notification "Select the player that committed the offence..." is shown&#xD;
-&gt; done: PitchBottomMessageBarSteps.ThenIsShown("Select the player...") (0.1s)&#xD;
And "Back" button is shown&#xD;
-&gt; done: WorkflowSteps.ThenBackButtonIsVisible() (0.0s)&#xD;
And "Cancel &amp; Delete" button is shown&#xD;
-&gt; done: WorkflowSteps.ThenCancelAndDeleteButtonIsShown() (0.0s)&#xD;
And Team 1 is shown in Offence label of "Penalty" event in action log&#xD;
-&gt; done: ActionLogSteps.ThenTeamIsShownInSubItemOfEventInActionLog(1, "Offence", Penalty) (0.1s)&#xD;
And Team 2 is shown in Penalty label of "Penalty" event in action log&#xD;
-&gt; done: ActionLogSteps.ThenTeamIsShownInSubItemOfEventInActionLog(2, "Penalty", Penalty) (0.1s)&#xD;
And All action buttons except card and goal buttons are disabled for both teams&#xD;
-&gt; done: TeamActionButtonSteps.ThenAllActionButtonsExceptCardAndGoalButtonsAreDisabledForBothTeams() (0.6s)&#xD;
And penalty action button is selected for team "2"&#xD;
-&gt; done: TeamActionButtonSteps.ThenPenaltyActionButtonIsSelected(2) (0.0s)&#xD;
sandbox: CleanUpAfterTestRun started.&#xD;
sandbox: application pages != null: True&#xD;
sandbox: web driver!= null: True&#xD;
sandbox: CleanUpAfterTestRun complete.</StdOut>
      </Output>
    </UnitTestResult>
    <UnitTestResult executionId="1cec0ac2-441a-4d7d-8fab-2352771c0b65" testId="6cdb9cda-1a3c-2aeb-882c-86835b969d20" testName="AbleToInsertActionsAfterBeforePeriodBreak(&quot;before&quot;,&quot;PhaseEnd&quot;,null)" computerName="EC2AMAZ-JEOO151" duration="00:00:08.2160000" startTime="2019-07-11T18:39:55.0000000+00:00" endTime="2019-07-11T18:40:03.0000000+00:00" testType="13cdc9d9-ddb5-4fa4-a97d-d965ccfc6d4b" outcome="Passed" testListId="8c84fa94-04c1-424b-9868-57a2d4851a1d" relativeResultsDirectory="1cec0ac2-441a-4d7d-8fab-2352771c0b65">
      <Output>
        <StdOut>sandbox: PrepareForTestRun started.&#xD;
sandbox: football liveStatsApp != null: True &#xD;
sandbox: football liveStatsApp.IsProcessRunning: True &#xD;
sandbox: setupLocalData: localDatabaseProvider != null: True&#xD;
sandbox: applicationPages != null: True&#xD;
sandbox: applicationPages.Webdriver != null: True&#xD;
sandbox: finished setuping local data&#xD;
sandbox: PrepareForTestRun complete.&#xD;
Given Second period started from existing game&#xD;
-&gt; done: SetupGameSteps.GivenSecondPeriodStartedFromExistingGame() (6.5s)&#xD;
When I click Expand Action log button&#xD;
-&gt; done: ActionLogSteps.WhenIClickExpandActionLogButton() (0.3s)&#xD;
And I select latest "PhaseEnd" action in expanded action log&#xD;
-&gt; done: ExpandedActionLogSteps.WhenISelectLatestActionInExpandedActionLog(PhaseEnd) (0.1s)&#xD;
And I click insert before button in expanded action log&#xD;
-&gt; done: ExpandedActionLogSteps.WhenIClickInsertBeforeButtonInExpandedActionLog() (0.1s)&#xD;
Then Insert before drop down should contain all actions&#xD;
-&gt; done: ExpandedActionLogSteps.ThenInsertBeforeDropDownShouldContainAllAction() (0.5s)&#xD;
sandbox: CleanUpAfterTestRun started.&#xD;
sandbox: application pages != null: True&#xD;
sandbox: web driver!= null: True&#xD;
sandbox: CleanUpAfterTestRun complete.</StdOut>
      </Output>
    </UnitTestResult>
    <UnitTestResult executionId="64dd23be-56ed-4276-8c70-4b6e07575fed" testId="dbe22186-d10c-320b-995f-ef38724627d0" testName="ChangePenaltyShotLocation" computerName="EC2AMAZ-JEOO151" duration="00:00:12.7490000" startTime="2019-07-11T18:06:46.0000000+00:00" endTime="2019-07-11T18:06:59.0000000+00:00" testType="13cdc9d9-ddb5-4fa4-a97d-d965ccfc6d4b" outcome="Passed" testListId="8c84fa94-04c1-424b-9868-57a2d4851a1d" relativeResultsDirectory="64dd23be-56ed-4276-8c70-4b6e07575fed">
      <Output>
        <StdOut>sandbox: PrepareForTestRun started.&#xD;
sandbox: football liveStatsApp != null: True &#xD;
sandbox: football liveStatsApp.IsProcessRunning: True &#xD;
sandbox: setupLocalData: localDatabaseProvider != null: True&#xD;
sandbox: applicationPages != null: True&#xD;
sandbox: applicationPages.Webdriver != null: True&#xD;
sandbox: finished setuping local data&#xD;
sandbox: PrepareForTestRun complete.&#xD;
Given Match started with kick off from existing game&#xD;
-&gt; done: SetupGameSteps.GivenMatchStartedWithKickOffButtonFromExistingGame() (3.3s)&#xD;
Given Made penalty registered for player with shirt number 10 of team 1 fouled by player with shirt number 3&#xD;
Given action failed. Retrying after a timeout.&#xD;
-&gt; done: PenaltySteps.GivenPenaltyRegisteredForTeam(10, 1, 3) (6.9s)&#xD;
And I click top event in action log&#xD;
-&gt; done: ActionLogSteps.GivenIClickPenaltyEventInActionLog() (0.2s)&#xD;
When I click "adjust shot location" button in edit window&#xD;
-&gt; done: GoalEditSteps.GivenIClickAdjustShotLocationButton() (0.1s)&#xD;
And I click on "top right" net section at x 10 and y 10&#xD;
-&gt; done: ExpandedShotLocationDialogSteps.GivenIClickCornerOnNetAt("top right", 10, 10) (0.1s)&#xD;
And I click "Proceed" button on expanded shot position view&#xD;
-&gt; done: ExpandedShotLocationDialogSteps.GivenIClickButtonOnExpandedShotPositionView("Proceed") (0.1s)&#xD;
And I click Save button in action edit form&#xD;
-&gt; done: EditFormSteps.ClickSaveButtonInActionEditForm() (0.6s)&#xD;
And I click top event in action log&#xD;
-&gt; done: ActionLogSteps.GivenIClickPenaltyEventInActionLog() (0.2s)&#xD;
When I click "adjust shot location" button in edit window&#xD;
-&gt; done: GoalEditSteps.GivenIClickAdjustShotLocationButton() (0.2s)&#xD;
Then Current shot position is in top right section at x 10 y 10&#xD;
-&gt; done: ExpandedShotLocationDialogSteps.ThenCurrentShotPositionIsAtXAndY("top right", 10, 10) (0.1s)&#xD;
sandbox: CleanUpAfterTestRun started.&#xD;
sandbox: application pages != null: True&#xD;
sandbox: web driver!= null: True&#xD;
sandbox: CleanUpAfterTestRun complete.</StdOut>
      </Output>
    </UnitTestResult>
    <UnitTestResult executionId="4f64d9fc-f98c-4ff9-a745-5f9df200fb7a" testId="1282e406-4618-cf83-e8d1-29535ae742a8" testName="CannotFlagAndContinuePenaltyGoalConfirmation" computerName="EC2AMAZ-JEOO151" duration="00:00:07.7650000" startTime="2019-07-11T19:45:12.0000000+00:00" endTime="2019-07-11T19:45:20.0000000+00:00" testType="13cdc9d9-ddb5-4fa4-a97d-d965ccfc6d4b" outcome="Passed" testListId="8c84fa94-04c1-424b-9868-57a2d4851a1d" relativeResultsDirectory="4f64d9fc-f98c-4ff9-a745-5f9df200fb7a">
      <Output>
        <StdOut>sandbox: PrepareForTestRun started.&#xD;
sandbox: football liveStatsApp != null: True &#xD;
sandbox: football liveStatsApp.IsProcessRunning: True &#xD;
sandbox: setupLocalData: localDatabaseProvider != null: True&#xD;
sandbox: applicationPages != null: True&#xD;
sandbox: applicationPages.Webdriver != null: True&#xD;
sandbox: finished setuping local data&#xD;
sandbox: PrepareForTestRun complete.&#xD;
Given Match started with kick off from existing game&#xD;
-&gt; done: SetupGameSteps.GivenMatchStartedWithKickOffButtonFromExistingGame() (3.3s)&#xD;
When I click "Possible Penalty" button for team 2&#xD;
-&gt; done: TeamActionButtonSteps.GivenIClickPossiblePenaltyButtonForTeam(2) (0.5s)&#xD;
And I confirm penalty by clicking "Confirm" button&#xD;
-&gt; done: PenaltySteps.WhenIConfirmPenaltyByClickingButton() (2.3s)&#xD;
And I flag and continue&#xD;
-&gt; done: WorkflowSteps.WhenIFlagAndContinue() (0.1s)&#xD;
And I flag and continue&#xD;
-&gt; done: WorkflowSteps.WhenIFlagAndContinue() (0.2s)&#xD;
And I flag and continue&#xD;
-&gt; done: WorkflowSteps.WhenIFlagAndContinue() (0.1s)&#xD;
And I flag and continue&#xD;
-&gt; done: WorkflowSteps.WhenIFlagAndContinue() (0.1s)&#xD;
And I click "Penalty Goal" Button&#xD;
-&gt; done: PenaltySteps.WhenIClickPenaltyGoalButton() (0.1s)&#xD;
Then Flag &amp; Continue button is not visible&#xD;
-&gt; done: WorkflowSteps.ThenFlagAndContinueButtonIsNotVisible() (0.2s)&#xD;
sandbox: CleanUpAfterTestRun started.&#xD;
sandbox: application pages != null: True&#xD;
sandbox: web driver!= null: True&#xD;
sandbox: CleanUpAfterTestRun complete.</StdOut>
      </Output>
    </UnitTestResult>
    <UnitTestResult executionId="033892c7-5c00-4c80-a6f7-ca48c1ba6214" testId="736f9864-96ca-7e7c-2a3c-98a8c6b96bb1" testName="GivenCardWorkflowInProgress_WhenCanceling_ThenScoreboardsStatsAreUpdated(2,Yellow)" computerName="EC2AMAZ-JEOO151" duration="00:00:05.3210000" startTime="2019-07-11T21:40:44.0000000+00:00" endTime="2019-07-11T21:40:49.0000000+00:00" testType="13cdc9d9-ddb5-4fa4-a97d-d965ccfc6d4b" outcome="Passed" testListId="8c84fa94-04c1-424b-9868-57a2d4851a1d" relativeResultsDirectory="033892c7-5c00-4c80-a6f7-ca48c1ba6214">
      <Output>
        <StdOut>sandbox: PrepareForTestRun started.&#xD;
sandbox: football liveStatsApp != null: True &#xD;
sandbox: football liveStatsApp.IsProcessRunning: True &#xD;
sandbox: setupLocalData: localDatabaseProvider != null: True&#xD;
sandbox: applicationPages != null: True&#xD;
sandbox: applicationPages.Webdriver != null: True&#xD;
sandbox: finished setuping local data&#xD;
sandbox: PrepareForTestRun complete.&#xD;
Given action failed. Retrying after a timeout.&#xD;
sandbox: CleanUpAfterTestRun started.&#xD;
sandbox: application pages != null: True&#xD;
sandbox: web driver!= null: True&#xD;
sandbox: CleanUpAfterTestRun complete.</StdOut>
      </Output>
    </UnitTestResult>
    <UnitTestResult executionId="f679c29c-6d5a-4e9f-8399-de983dab708f" testId="b0357ab3-db63-13e0-d00e-407226617a77" testName="GivenPsoKickEditOpened_WhenUpdatingPenaltyTaker_ThenNewTakerSeenInPitchView" computerName="EC2AMAZ-JEOO151" duration="00:00:23.8320000" startTime="2019-07-11T20:40:47.0000000+00:00" endTime="2019-07-11T20:41:11.0000000+00:00" testType="13cdc9d9-ddb5-4fa4-a97d-d965ccfc6d4b" outcome="Passed" testListId="8c84fa94-04c1-424b-9868-57a2d4851a1d" relativeResultsDirectory="f679c29c-6d5a-4e9f-8399-de983dab708f">
      <Output>
        <StdOut>sandbox: PrepareForTestRun started.&#xD;
sandbox: football liveStatsApp != null: True &#xD;
sandbox: football liveStatsApp.IsProcessRunning: True &#xD;
sandbox: setupLocalData: localDatabaseProvider != null: True&#xD;
sandbox: applicationPages != null: True&#xD;
sandbox: applicationPages.Webdriver != null: True&#xD;
sandbox: finished setuping local data&#xD;
sandbox: PrepareForTestRun complete.&#xD;
Given action failed. Retrying after a timeout. Most likely UI was not fast enough to refresh itself.&#xD;
sandbox: CleanUpAfterTestRun started.&#xD;
sandbox: application pages != null: True&#xD;
sandbox: web driver!= null: True&#xD;
sandbox: CleanUpAfterTestRun complete.</StdOut>
      </Output>
    </UnitTestResult>
    <UnitTestResult executionId="3a63e075-73b7-4b7d-b34c-806f919477ef" testId="832eb6e3-7745-a3c2-5dcc-1e878272d1e1" testName="ThrowInCanBeFiltered" computerName="EC2AMAZ-JEOO151" duration="00:00:06.8980000" startTime="2019-07-11T19:32:31.0000000+00:00" endTime="2019-07-11T19:32:38.0000000+00:00" testType="13cdc9d9-ddb5-4fa4-a97d-d965ccfc6d4b" outcome="Passed" testListId="8c84fa94-04c1-424b-9868-57a2d4851a1d" relativeResultsDirectory="3a63e075-73b7-4b7d-b34c-806f919477ef">
      <Output>
        <StdOut>sandbox: PrepareForTestRun started.&#xD;
sandbox: football liveStatsApp != null: True &#xD;
sandbox: football liveStatsApp.IsProcessRunning: True &#xD;
sandbox: setupLocalData: localDatabaseProvider != null: True&#xD;
sandbox: applicationPages != null: True&#xD;
sandbox: applicationPages.Webdriver != null: True&#xD;
sandbox: finished setuping local data&#xD;
sandbox: PrepareForTestRun complete.&#xD;
Given Match started with kick off from existing game&#xD;
-&gt; done: SetupGameSteps.GivenMatchStartedWithKickOffButtonFromExistingGame() (3.5s)&#xD;
Given GoalKick for Team 1 is registered&#xD;
Given action failed. Retrying after a timeout.&#xD;
-&gt; done: GoalKickSteps.GivenGoalKickForTeamIsRegistered(1) (1.0s)&#xD;
And Throw in added for Team 1&#xD;
-&gt; done: ThrowInEditSteps.GivenThrowInAddedForTeam(1) (0.6s)&#xD;
And Injury for Team 1 player with shirt id 4 is registered&#xD;
-&gt; done: PlayerInjuryEditSteps.GivenInjuryForTeamIsRegistered(1, 4) (0.6s)&#xD;
When I open Expanded Action log&#xD;
-&gt; done: ActionLogSteps.WhenIClickExpandActionLogButton() (0.3s)&#xD;
And I select throw ins filter&#xD;
-&gt; done: FilterSteps.WhenISelectThrowInsFilter() (0.1s)&#xD;
Then Expanded action log contains "1" items&#xD;
-&gt; done: ExpandedActionLogSteps.ThenExpandedActionLogContainsItemsCount(1) (0.0s)&#xD;
And "Throw in" Action is displayed at 1 in expanded action log&#xD;
-&gt; done: ExpandedActionLogSteps.ThenGoalActionIsDisplayedAtInExpandedActionLog("Throw in", 1) (0.0s)&#xD;
sandbox: CleanUpAfterTestRun started.&#xD;
sandbox: application pages != null: True&#xD;
sandbox: web driver!= null: True&#xD;
sandbox: CleanUpAfterTestRun complete.</StdOut>
      </Output>
    </UnitTestResult>
    <UnitTestResult executionId="d2b55a0c-9a27-4d7c-bc21-8e9396716e35" testId="521bfdfb-3991-2cf3-3203-ee5831ed1e56" testName="GivenFootballGameStarted_ThenClockIsTickingUp" computerName="EC2AMAZ-JEOO151" duration="00:00:06.1170000" startTime="2019-07-11T21:15:33.0000000+00:00" endTime="2019-07-11T21:15:40.0000000+00:00" testType="13cdc9d9-ddb5-4fa4-a97d-d965ccfc6d4b" outcome="Passed" testListId="8c84fa94-04c1-424b-9868-57a2d4851a1d" relativeResultsDirectory="d2b55a0c-9a27-4d7c-bc21-8e9396716e35">
      <Output>
        <StdOut>sandbox: PrepareForTestRun started.&#xD;
sandbox: football liveStatsApp != null: True &#xD;
sandbox: football liveStatsApp.IsProcessRunning: True &#xD;
sandbox: setupLocalData: localDatabaseProvider != null: True&#xD;
sandbox: applicationPages != null: True&#xD;
sandbox: applicationPages.Webdriver != null: True&#xD;
sandbox: finished setuping local data&#xD;
sandbox: PrepareForTestRun complete.&#xD;
sandbox: CleanUpAfterTestRun started.&#xD;
sandbox: application pages != null: True&#xD;
sandbox: web driver!= null: True&#xD;
sandbox: CleanUpAfterTestRun complete.</StdOut>
      </Output>
    </UnitTestResult>
    <UnitTestResult executionId="66c50b10-abae-44d6-8b0e-1cbbc953a0ca" testId="6fb67ebc-7f71-5733-1807-5e2ff6922e54" testName="GivenFirstHalfEnded_WhenDeletingHalfEnd_ThenPhaseBackInProgress" computerName="EC2AMAZ-JEOO151" duration="00:00:10.0790000" startTime="2019-07-11T20:23:32.0000000+00:00" endTime="2019-07-11T20:23:42.0000000+00:00" testType="13cdc9d9-ddb5-4fa4-a97d-d965ccfc6d4b" outcome="Passed" testListId="8c84fa94-04c1-424b-9868-57a2d4851a1d" relativeResultsDirectory="66c50b10-abae-44d6-8b0e-1cbbc953a0ca">
      <Output>
        <StdOut>sandbox: PrepareForTestRun started.&#xD;
sandbox: football liveStatsApp != null: True &#xD;
sandbox: football liveStatsApp.IsProcessRunning: True &#xD;
sandbox: setupLocalData: localDatabaseProvider != null: True&#xD;
sandbox: applicationPages != null: True&#xD;
sandbox: applicationPages.Webdriver != null: True&#xD;
sandbox: finished setuping local data&#xD;
sandbox: PrepareForTestRun complete.&#xD;
sandbox: CleanUpAfterTestRun started.&#xD;
sandbox: application pages != null: True&#xD;
sandbox: web driver!= null: True&#xD;
sandbox: CleanUpAfterTestRun complete.</StdOut>
      </Output>
    </UnitTestResult>
    <UnitTestResult executionId="391a6869-c154-4b97-b28b-78c23fe29a6b" testId="1accf2f3-98f9-0858-6047-321c5088b836" testName="GivenGameInProgress_WhenDeactivatingPlayersWithActions_ThenShowsError" computerName="EC2AMAZ-JEOO151" duration="00:00:10.0340000" startTime="2019-07-11T20:04:07.0000000+00:00" endTime="2019-07-11T20:04:17.0000000+00:00" testType="13cdc9d9-ddb5-4fa4-a97d-d965ccfc6d4b" outcome="Passed" testListId="8c84fa94-04c1-424b-9868-57a2d4851a1d" relativeResultsDirectory="391a6869-c154-4b97-b28b-78c23fe29a6b">
      <Output>
        <StdOut>sandbox: PrepareForTestRun started.&#xD;
sandbox: football liveStatsApp != null: True &#xD;
sandbox: football liveStatsApp.IsProcessRunning: True &#xD;
sandbox: setupLocalData: localDatabaseProvider != null: True&#xD;
sandbox: applicationPages != null: True&#xD;
sandbox: applicationPages.Webdriver != null: True&#xD;
sandbox: finished setuping local data&#xD;
sandbox: PrepareForTestRun complete.&#xD;
sandbox: CleanUpAfterTestRun started.&#xD;
sandbox: application pages != null: True&#xD;
sandbox: web driver!= null: True&#xD;
sandbox: CleanUpAfterTestRun complete.</StdOut>
      </Output>
    </UnitTestResult>
    <UnitTestResult executionId="7453ce11-26aa-4d80-aba4-f77512364e7b" testId="cd0d440a-1e33-0734-0152-97341ad9d19b" testName="PenaltyShootoutShot_OnMiss(&quot;2&quot;,&quot;1&quot;,&quot;10&quot;,&quot;50&quot;,&quot;8&quot;,&quot;11&quot;,null)" computerName="EC2AMAZ-JEOO151" duration="00:00:16.8320000" startTime="2019-07-11T19:17:34.0000000+00:00" endTime="2019-07-11T19:17:50.0000000+00:00" testType="13cdc9d9-ddb5-4fa4-a97d-d965ccfc6d4b" outcome="Passed" testListId="8c84fa94-04c1-424b-9868-57a2d4851a1d" relativeResultsDirectory="7453ce11-26aa-4d80-aba4-f77512364e7b">
      <Output>
        <StdOut>sandbox: PrepareForTestRun started.&#xD;
sandbox: football liveStatsApp != null: True &#xD;
sandbox: football liveStatsApp.IsProcessRunning: True &#xD;
sandbox: setupLocalData: localDatabaseProvider != null: True&#xD;
sandbox: applicationPages != null: True&#xD;
sandbox: applicationPages.Webdriver != null: True&#xD;
sandbox: finished setuping local data&#xD;
sandbox: PrepareForTestRun complete.&#xD;
Given penalty shoot-out phase started&#xD;
-&gt; done: PitchClockSteps.GivenGamePenaltyShoot_OutPhaseStarted() (14.6s)&#xD;
When I click on team 2 player on pitch with shirt number 11&#xD;
-&gt; done: PitchPlayersComponentSteps.WhenIClickOnTeamPlayerOnPitchWithShirtNumber(2, 11) (0.4s)&#xD;
And I click "Penalty Shot On Target" Button&#xD;
-&gt; done: PenaltySteps.WhenIClickPenaltyShotOnTargetButton() (0.2s)&#xD;
And I click on net x "10" and y "10"&#xD;
-&gt; done: NetSectionSteps.WhenIClickOnNetXAndY(10, 10) (0.2s)&#xD;
Then Score is 0 for team 2&#xD;
-&gt; done: ScoreBoardSteps.ThenScoreIsForTeam(0, 2) (0.2s)&#xD;
And Score is 0 for team 1&#xD;
-&gt; done: ScoreBoardSteps.ThenScoreIsForTeam(0, 1) (0.1s)&#xD;
And Team 2 has 1 penalty shoot-out miss in score board&#xD;
-&gt; done: PenaltyShootoutSteps.ThenTeamHasPenaltyShoot_OutMiss(2, 1) (0.0s)&#xD;
And Latest "PenaltyShootout" event is completed&#xD;
-&gt; done: ActionLogSteps.ThenLatestEventIsConfirmed(PenaltyShootout) (0.0s)&#xD;
sandbox: CleanUpAfterTestRun started.&#xD;
sandbox: application pages != null: True&#xD;
sandbox: web driver!= null: True&#xD;
sandbox: CleanUpAfterTestRun complete.</StdOut>
      </Output>
    </UnitTestResult>
    <UnitTestResult executionId="7be42441-9285-4672-856f-d0e4e28490e4" testId="02273cdb-96b8-3231-8da1-861dc1ee325d" testName="ChangingSubstitutionOrderWithPlayerThatWasSubbedInAndOutUnflagsAction" computerName="EC2AMAZ-JEOO151" duration="00:00:15.5320000" startTime="2019-07-11T19:48:29.0000000+00:00" endTime="2019-07-11T19:48:45.0000000+00:00" testType="13cdc9d9-ddb5-4fa4-a97d-d965ccfc6d4b" outcome="Passed" testListId="8c84fa94-04c1-424b-9868-57a2d4851a1d" relativeResultsDirectory="7be42441-9285-4672-856f-d0e4e28490e4">
      <Output>
        <StdOut>sandbox: PrepareForTestRun started.&#xD;
sandbox: football liveStatsApp != null: True &#xD;
sandbox: football liveStatsApp.IsProcessRunning: True &#xD;
sandbox: setupLocalData: localDatabaseProvider != null: True&#xD;
sandbox: applicationPages != null: True&#xD;
sandbox: applicationPages.Webdriver != null: True&#xD;
sandbox: finished setuping local data&#xD;
sandbox: PrepareForTestRun complete.&#xD;
Given Match started with kick off from existing game&#xD;
-&gt; done: SetupGameSteps.GivenMatchStartedWithKickOffButtonFromExistingGame() (3.4s)&#xD;
Given added substitution for in player "24" and out player "4" in team "1"&#xD;
-&gt; done: SubstitutionEditSteps.GivenIAddSubstitutionForBothTeams(24, 4, 1) (1.8s)&#xD;
And Clock minutes value is set to "10"&#xD;
-&gt; done: PitchClockSteps.WhenISetClockMinutesValueTo(10) (1.5s)&#xD;
And added substitution for in player "25" and out player "24" in team "1"&#xD;
-&gt; done: SubstitutionEditSteps.GivenIAddSubstitutionForBothTeams(25, 24, 1) (1.8s)&#xD;
And expanded action log is opened&#xD;
-&gt; done: ActionLogSteps.WhenIClickExpandActionLogButton() (0.1s)&#xD;
And inserted substitution after last action for in player "24" and out player "6" in team "1"&#xD;
-&gt; done: SubstitutionEditSteps.WhenIInsertSubstitutionAfterLastActionForInPlayerAndOutPlayerInTeam(24, 6, 1) (1.6s)&#xD;
When I close expanded action log page&#xD;
-&gt; done: ExpandedActionLogSteps.WhenICloseExpandedActionLogPage() (0.1s)&#xD;
When I delete oldest "Substitution" action&#xD;
-&gt; done: ActionLogSteps.WhenIDeleteOldestGoal(Substitution) (2.5s)&#xD;
And I click on latest "Substitution" event in action log&#xD;
-&gt; done: ActionLogSteps.GivenIClickOnLatestEventInActionLog(Substitution) (0.1s)&#xD;
And I change action time to 0001&#xD;
-&gt; done: EditFormSteps.WhenIChangeActionTimeTo("0001") (1.0s)&#xD;
And I click Save button in action edit form&#xD;
-&gt; done: EditFormSteps.ClickSaveButtonInActionEditForm() (0.6s)&#xD;
Then 1 event in action log of type "Substitution" is not flagged&#xD;
-&gt; done: ActionLogSteps.ThenEventInActionLogOfTypeIsNotFlagged(1, Substitution) (0.0s)&#xD;
And 2 event in action log of type "Substitution" is not flagged&#xD;
-&gt; done: ActionLogSteps.ThenEventInActionLogOfTypeIsNotFlagged(2, Substitution) (0.0s)&#xD;
sandbox: CleanUpAfterTestRun started.&#xD;
sandbox: application pages != null: True&#xD;
sandbox: web driver!= null: True&#xD;
sandbox: CleanUpAfterTestRun complete.</StdOut>
      </Output>
    </UnitTestResult>
    <UnitTestResult executionId="99ed481b-81f3-409d-b7a5-6de0f2705e45" testId="4c717b35-0eb0-c1bf-a513-e6a50dbcc2ab" testName="FootballChangingCoachFilterToAssistantCoachChangesItemsInTheList" computerName="EC2AMAZ-JEOO151" duration="00:00:12.1130000" startTime="2019-07-11T19:37:53.0000000+00:00" endTime="2019-07-11T19:38:05.0000000+00:00" testType="13cdc9d9-ddb5-4fa4-a97d-d965ccfc6d4b" outcome="Passed" testListId="8c84fa94-04c1-424b-9868-57a2d4851a1d" relativeResultsDirectory="99ed481b-81f3-409d-b7a5-6de0f2705e45">
      <Output>
        <StdOut>sandbox: PrepareForTestRun started.&#xD;
sandbox: football liveStatsApp != null: True &#xD;
sandbox: football liveStatsApp.IsProcessRunning: True &#xD;
sandbox: setupLocalData: localDatabaseProvider != null: True&#xD;
sandbox: applicationPages != null: True&#xD;
sandbox: applicationPages.Webdriver != null: True&#xD;
sandbox: finished setuping local data&#xD;
sandbox: PrepareForTestRun complete.&#xD;
Given Match started with kick off from existing game&#xD;
-&gt; done: SetupGameSteps.GivenMatchStartedWithKickOffButtonFromExistingGame() (3.3s)&#xD;
Given registered "Yellow" card for team "1" coach&#xD;
Given action failed. Retrying after a timeout.&#xD;
-&gt; done: CardSteps.GivenRegisteredCardForTeamCoach(Yellow, 1) (3.8s)&#xD;
And registered "Red" card for team "1" assistant coach&#xD;
-&gt; done: CardSteps.GivenRegisteredCardForTeamAssistantCoach(Red, 1) (3.4s)&#xD;
And expanded action log is opened&#xD;
-&gt; done: ActionLogSteps.WhenIClickExpandActionLogButton() (0.2s)&#xD;
And staff filter is expanded&#xD;
-&gt; done: FilterSteps.WhenIExpandStaffFilter() (0.2s)&#xD;
And coach filter from team "1" is selected&#xD;
-&gt; done: FilterSteps.WhenISelectCoachFilter(1) (0.2s)&#xD;
When I deselect coach filter from team "1"&#xD;
-&gt; done: FilterSteps.WhenIDeselectCoachFilter(1) (0.1s)&#xD;
And I select assistant coach filter from team "1"&#xD;
-&gt; done: FilterSteps.WhenISelectAssistantCoachFilter(1) (0.1s)&#xD;
Then Expanded action log contains "1" items&#xD;
-&gt; done: ExpandedActionLogSteps.ThenExpandedActionLogContainsItemsCount(1) (0.0s)&#xD;
And "Red Card" Action is displayed at 1 in expanded action log&#xD;
-&gt; done: ExpandedActionLogSteps.ThenGoalActionIsDisplayedAtInExpandedActionLog("Red Card", 1) (0.0s)&#xD;
sandbox: CleanUpAfterTestRun started.&#xD;
sandbox: application pages != null: True&#xD;
sandbox: web driver!= null: True&#xD;
sandbox: CleanUpAfterTestRun complete.</StdOut>
      </Output>
    </UnitTestResult>
    <UnitTestResult executionId="48660d09-3616-443e-8869-aefc5e6c5b2f" testId="3074c38f-c2e0-023e-bdd3-9b210e51766a" testName="ExtraTimeSecondHalfActionsCanBeFiltered" computerName="EC2AMAZ-JEOO151" duration="00:00:27.3160000" startTime="2019-07-11T19:35:19.0000000+00:00" endTime="2019-07-11T19:35:47.0000000+00:00" testType="13cdc9d9-ddb5-4fa4-a97d-d965ccfc6d4b" outcome="Passed" testListId="8c84fa94-04c1-424b-9868-57a2d4851a1d" relativeResultsDirectory="48660d09-3616-443e-8869-aefc5e6c5b2f">
      <Output>
        <StdOut>sandbox: PrepareForTestRun started.&#xD;
sandbox: football liveStatsApp != null: True &#xD;
sandbox: football liveStatsApp.IsProcessRunning: True &#xD;
sandbox: setupLocalData: localDatabaseProvider != null: True&#xD;
sandbox: applicationPages != null: True&#xD;
sandbox: applicationPages.Webdriver != null: True&#xD;
sandbox: finished setuping local data&#xD;
sandbox: PrepareForTestRun complete.&#xD;
Given Match started with kick off from existing game&#xD;
-&gt; done: SetupGameSteps.GivenMatchStartedWithKickOffButtonFromExistingGame() (3.5s)&#xD;
And "Yellow" Card for Team "1" player with shirt number "4" is registered&#xD;
Given action failed. Retrying after a timeout.&#xD;
-&gt; done: CardSteps.GivenCardForTeamPlayerWithShirtNumberIsRegistered(Yellow, 1, 4) (3.4s)&#xD;
And I finished and proceeded to next phase&#xD;
-&gt; done: PitchClockSteps.WhenIFinishAndProceedToNextPhase() (3.0s)&#xD;
And "Yellow" Card for Team "1" player with shirt number "6" is registered&#xD;
Given action failed. Retrying after a timeout.&#xD;
-&gt; done: CardSteps.GivenCardForTeamPlayerWithShirtNumberIsRegistered(Yellow, 1, 6) (3.5s)&#xD;
And I finished and proceeded to next phase&#xD;
-&gt; done: PitchClockSteps.WhenIFinishAndProceedToNextPhase() (2.8s)&#xD;
And "Yellow" Card for Team "1" player with shirt number "8" is registered&#xD;
Given action failed. Retrying after a timeout.&#xD;
-&gt; done: CardSteps.GivenCardForTeamPlayerWithShirtNumberIsRegistered(Yellow, 1, 8) (3.4s)&#xD;
And I finished and proceeded to next phase&#xD;
-&gt; done: PitchClockSteps.WhenIFinishAndProceedToNextPhase() (3.1s)&#xD;
And "Yellow" Card for Team "1" player with shirt number "13" is registered&#xD;
-&gt; done: CardSteps.GivenCardForTeamPlayerWithShirtNumberIsRegistered(Yellow, 1, 13) (3.2s)&#xD;
When I open Expanded Action log&#xD;
-&gt; done: ActionLogSteps.WhenIClickExpandActionLogButton() (0.2s)&#xD;
And I expand halves filter&#xD;
-&gt; done: FilterSteps.WhenIExpandHalvesFilter() (0.1s)&#xD;
And I select extra time second half filter&#xD;
-&gt; done: FilterSteps.WhenISelectExtraTimeSecondHalveFilter() (0.1s)&#xD;
Then Expanded action log contains "3" items&#xD;
-&gt; done: ExpandedActionLogSteps.ThenExpandedActionLogContainsItemsCount(3) (0.0s)&#xD;
And Actions are displayed in expanded action log in order:&#xD;
  --- table step argument ---&#xD;
  | expectedType | teamId | playerShirtId |&#xD;
  | Yellow Card  | 1      | 13            |&#xD;
  | Kick Off     | empty  | empty         |&#xD;
  | Half Setup   | empty  | empty         |&#xD;
-&gt; done: ExpandedActionLogSteps.ThenActionsAreDisplayedInActionLogAtPositions(System.Collection...) (0.2s)&#xD;
sandbox: CleanUpAfterTestRun started.&#xD;
sandbox: application pages != null: True&#xD;
sandbox: web driver!= null: True&#xD;
sandbox: CleanUpAfterTestRun complete.</StdOut>
      </Output>
    </UnitTestResult>
    <UnitTestResult executionId="b2600c48-a0c6-4835-8f4d-5abdf47771f6" testId="7c33f04b-d682-1181-92bf-9ca395572ce2" testName="FewActionFiltersFilterItemsCorrectly" computerName="EC2AMAZ-JEOO151" duration="00:00:19.9140000" startTime="2019-07-11T19:36:41.0000000+00:00" endTime="2019-07-11T19:37:01.0000000+00:00" testType="13cdc9d9-ddb5-4fa4-a97d-d965ccfc6d4b" outcome="Passed" testListId="8c84fa94-04c1-424b-9868-57a2d4851a1d" relativeResultsDirectory="b2600c48-a0c6-4835-8f4d-5abdf47771f6">
      <Output>
        <StdOut>sandbox: PrepareForTestRun started.&#xD;
sandbox: football liveStatsApp != null: True &#xD;
sandbox: football liveStatsApp.IsProcessRunning: True &#xD;
sandbox: setupLocalData: localDatabaseProvider != null: True&#xD;
sandbox: applicationPages != null: True&#xD;
sandbox: applicationPages.Webdriver != null: True&#xD;
sandbox: finished setuping local data&#xD;
sandbox: PrepareForTestRun complete.&#xD;
Given Match started with kick off from existing game&#xD;
-&gt; done: SetupGameSteps.GivenMatchStartedWithKickOffButtonFromExistingGame() (3.3s)&#xD;
Given Freekick for Team 1 is registered&#xD;
Given action failed. Retrying after a timeout.&#xD;
-&gt; done: FreeKickSteps.GivenFreekickForTeamIsRegistered(1) (1.6s)&#xD;
And I add a goal for team 1 player 17 assisted by player 14&#xD;
Given action failed. Retrying after a timeout.&#xD;
-&gt; done: GoalSteps.GivenIAddAGoalForTeamPlayerAssistedByPlayer(1, 17, 14) (4.3s)&#xD;
And Penalty for Team 1 is registered&#xD;
Given action failed. Retrying after a timeout.&#xD;
-&gt; done: PenaltySteps.GivenPenaltyForTeamIsRegistered(1) (4.2s)&#xD;
And Throw in added for Team 2&#xD;
Given action failed. Retrying after a timeout.&#xD;
-&gt; done: ThrowInEditSteps.GivenThrowInAddedForTeam(2) (0.8s)&#xD;
And "Red" Card for Team 2 is registered&#xD;
Given action failed. Retrying after a timeout.&#xD;
-&gt; done: CardSteps.GivenCardForTeamIsRegistered(Red, 2) (3.5s)&#xD;
When I open Expanded Action log&#xD;
-&gt; done: ActionLogSteps.WhenIClickExpandActionLogButton() (0.3s)&#xD;
And I select throw ins filter&#xD;
-&gt; done: FilterSteps.WhenISelectThrowInsFilter() (0.1s)&#xD;
And I select corners filter&#xD;
-&gt; done: FilterSteps.WhenISelectCornersFilter() (0.1s)&#xD;
And I select free kicks filter&#xD;
-&gt; done: FilterSteps.WhenISelectFreeKicksFilter() (0.2s)&#xD;
And I expand Cards filter&#xD;
-&gt; done: FilterSteps.WhenIExpandCardsFilter() (0.1s)&#xD;
And I select yellow cards filter&#xD;
-&gt; done: FilterSteps.WhenISelectYellowCardsFilter() (0.1s)&#xD;
And I select red cards filter&#xD;
-&gt; done: FilterSteps.WhenISelectRedCardsFilter() (0.1s)&#xD;
Then Expanded action log contains "4" items&#xD;
-&gt; done: ExpandedActionLogSteps.ThenExpandedActionLogContainsItemsCount(4) (0.0s)&#xD;
And Actions are displayed in expanded action log in order:&#xD;
  --- table step argument ---&#xD;
  | expectedType |&#xD;
  | Red Card     |&#xD;
  | Throw In     |&#xD;
  | Free Kick    |&#xD;
  | Foul         |&#xD;
-&gt; done: ExpandedActionLogSteps.ThenActionsAreDisplayedInActionLogAtPositions(System.Collection...) (0.2s)&#xD;
sandbox: CleanUpAfterTestRun started.&#xD;
sandbox: application pages != null: True&#xD;
sandbox: web driver!= null: True&#xD;
sandbox: CleanUpAfterTestRun complete.</StdOut>
      </Output>
    </UnitTestResult>
    <UnitTestResult executionId="94c03bec-5df2-49a3-b42f-44db107f0b89" testId="2cb90f13-9eb3-484b-9b07-2e99ed3a9d51" testName="VarAvailableAfterCardSelection(&quot;1&quot;,&quot;Red&quot;,null)" computerName="EC2AMAZ-JEOO151" duration="00:00:04.6520000" startTime="2019-07-11T19:54:38.0000000+00:00" endTime="2019-07-11T19:54:43.0000000+00:00" testType="13cdc9d9-ddb5-4fa4-a97d-d965ccfc6d4b" outcome="Passed" testListId="8c84fa94-04c1-424b-9868-57a2d4851a1d" relativeResultsDirectory="94c03bec-5df2-49a3-b42f-44db107f0b89">
      <Output>
        <StdOut>sandbox: PrepareForTestRun started.&#xD;
sandbox: football liveStatsApp != null: True &#xD;
sandbox: football liveStatsApp.IsProcessRunning: True &#xD;
sandbox: setupLocalData: localDatabaseProvider != null: True&#xD;
sandbox: applicationPages != null: True&#xD;
sandbox: applicationPages.Webdriver != null: True&#xD;
sandbox: finished setuping local data&#xD;
sandbox: PrepareForTestRun complete.&#xD;
Given Match started with kick off from existing game&#xD;
-&gt; done: SetupGameSteps.GivenMatchStartedWithKickOffButtonFromExistingGame() (3.2s)&#xD;
When I click on team 1 possible "Red"&#xD;
-&gt; done: TeamActionButtonSteps.StartPossibleCardRegistration(1, Red) (0.6s)&#xD;
Then "Possible VAR" button is visible in action registration workflow&#xD;
-&gt; done: WorkflowSteps.ThenButtonIsVisible() (0.0s)&#xD;
sandbox: CleanUpAfterTestRun started.&#xD;
sandbox: application pages != null: True&#xD;
sandbox: web driver!= null: True&#xD;
sandbox: CleanUpAfterTestRun complete.</StdOut>
      </Output>
    </UnitTestResult>
    <UnitTestResult executionId="5d0ce9f6-cd59-492d-9f17-b0fd21405ab7" testId="30bd53c2-6fa8-984a-e7c5-341de2dfcf3a" testName="InjuredPlayerCanBeChanged" computerName="EC2AMAZ-JEOO151" duration="00:00:08.6120000" startTime="2019-07-11T18:08:47.0000000+00:00" endTime="2019-07-11T18:08:55.0000000+00:00" testType="13cdc9d9-ddb5-4fa4-a97d-d965ccfc6d4b" outcome="Passed" testListId="8c84fa94-04c1-424b-9868-57a2d4851a1d" relativeResultsDirectory="5d0ce9f6-cd59-492d-9f17-b0fd21405ab7">
      <Output>
        <StdOut>sandbox: PrepareForTestRun started.&#xD;
sandbox: football liveStatsApp != null: True &#xD;
sandbox: football liveStatsApp.IsProcessRunning: True &#xD;
sandbox: setupLocalData: localDatabaseProvider != null: True&#xD;
sandbox: applicationPages != null: True&#xD;
sandbox: applicationPages.Webdriver != null: True&#xD;
sandbox: finished setuping local data&#xD;
sandbox: PrepareForTestRun complete.&#xD;
Given Match started with kick off from existing game&#xD;
-&gt; done: SetupGameSteps.GivenMatchStartedWithKickOffButtonFromExistingGame() (3.2s)&#xD;
And Injury for Team 1 player with shirt id 4 is registered&#xD;
-&gt; done: PlayerInjuryEditSteps.GivenInjuryForTeamIsRegistered(1, 4) (0.8s)&#xD;
And I clicked on latest "Injury" event in action log&#xD;
-&gt; done: ActionLogSteps.GivenIClickOnLatestEventInActionLog(Injury) (0.2s)&#xD;
When I update injury with team 2, player 4 in edit window&#xD;
-&gt; done: PlayerInjuryEditSteps.WhenIUpdateInjuryWithTeamPlayer(2, 4) (0.3s)&#xD;
And I click Save button in action edit form&#xD;
-&gt; done: EditFormSteps.ClickSaveButtonInActionEditForm() (0.6s)&#xD;
Then Pitch View is shown&#xD;
-&gt; done: PitchScreenSteps.PitchViewIsShown() (0.0s)&#xD;
And Player with shirt number 4 from team 2 is marked as injured&#xD;
-&gt; done: PlayerInjuryEditSteps.ThenPlayerWithShirtIdFromTeamIsMarkedInColorRed(4, 2) (0.2s)&#xD;
And Player with shirt number 4 from team 1 is not marked as injured&#xD;
Failed to find data-qa element with tag 'playerInjured'. No such element exception.&#xD;
-&gt; done: PlayerInjuryEditSteps.ThenPlayerFromTeamIsNotMarkedInColorRed(4, 1) (2.1s)&#xD;
And INJURY label of "Injury" event in action log is in team 2 color&#xD;
-&gt; done: ActionLogSteps.ThenSubItemOfEventInActionLogIsInTeamColor("INJURY", Injury, 2) (0.1s)&#xD;
And Player on pitch by shirt number 4 of team 2 is shown in Injury of "Injury" event in action log&#xD;
-&gt; done: ActionLogSteps.ThenPlayerOnPitchByShirtNumberOfTeamIsShownInGoalOfEventInActionLog(4, 2, "Injury", Injury) (0.2s)&#xD;
sandbox: CleanUpAfterTestRun started.&#xD;
sandbox: application pages != null: True&#xD;
sandbox: web driver!= null: True&#xD;
sandbox: CleanUpAfterTestRun complete.</StdOut>
      </Output>
    </UnitTestResult>
    <UnitTestResult executionId="39e455d3-fd6d-42d0-b5a7-ce99052de00a" testId="d77d6c60-c24c-46fb-b143-28dfb7b12cc3" testName="InsertedSubstitutionWithPlayerThatWasSubbedOutIsFlagged" computerName="EC2AMAZ-JEOO151" duration="00:00:08.1850000" startTime="2019-07-11T19:48:55.0000000+00:00" endTime="2019-07-11T19:49:03.0000000+00:00" testType="13cdc9d9-ddb5-4fa4-a97d-d965ccfc6d4b" outcome="Passed" testListId="8c84fa94-04c1-424b-9868-57a2d4851a1d" relativeResultsDirectory="39e455d3-fd6d-42d0-b5a7-ce99052de00a">
      <Output>
        <StdOut>sandbox: PrepareForTestRun started.&#xD;
sandbox: football liveStatsApp != null: True &#xD;
sandbox: football liveStatsApp.IsProcessRunning: True &#xD;
sandbox: setupLocalData: localDatabaseProvider != null: True&#xD;
sandbox: applicationPages != null: True&#xD;
sandbox: applicationPages.Webdriver != null: True&#xD;
sandbox: finished setuping local data&#xD;
sandbox: PrepareForTestRun complete.&#xD;
Given Match started with kick off from existing game&#xD;
-&gt; done: SetupGameSteps.GivenMatchStartedWithKickOffButtonFromExistingGame() (3.4s)&#xD;
Given added substitution for in player "24" and out player "4" in team "1"&#xD;
-&gt; done: SubstitutionEditSteps.GivenIAddSubstitutionForBothTeams(24, 4, 1) (1.9s)&#xD;
And expanded action log is opened&#xD;
-&gt; done: ActionLogSteps.WhenIClickExpandActionLogButton() (0.2s)&#xD;
When I insert substitution after last action for in player "4" and out player "6" in team "1"&#xD;
-&gt; done: SubstitutionEditSteps.WhenIInsertSubstitutionAfterLastActionForInPlayerAndOutPlayerInTeam(4, 6, 1) (1.4s)&#xD;
And I close expanded action log page&#xD;
-&gt; done: ExpandedActionLogSteps.WhenICloseExpandedActionLogPage() (0.2s)&#xD;
And I click on latest "Substitution" event in action log&#xD;
-&gt; done: ActionLogSteps.GivenIClickOnLatestEventInActionLog(Substitution) (0.1s)&#xD;
And I click review flags button in game action edit window&#xD;
-&gt; done: EditFormSteps.WhenIClickReviewFlagsButtonInGameActionEditWindow() (0.1s)&#xD;
Then Review action flags dialog opens&#xD;
-&gt; done: EditFormSteps.ThenReviewActionFlagsDialogOpens() (0.0s)&#xD;
And Review action flags dialog contains "1" flags&#xD;
-&gt; done: EditWindowFlagsDropDownSteps.ThenReviewActionDialogContainsFlagsCount(1) (0.0s)&#xD;
And Return substitution flag is visible for player with shirt "4" from team "1"&#xD;
-&gt; done: EditWindowFlagsDropDownSteps.ThenReturnSubstitutionFlagIsVisibleForPlayerWithShirtFromTeam("4", 1) (0.0s)&#xD;
sandbox: CleanUpAfterTestRun started.&#xD;
sandbox: application pages != null: True&#xD;
sandbox: web driver!= null: True&#xD;
sandbox: CleanUpAfterTestRun complete.</StdOut>
      </Output>
    </UnitTestResult>
    <UnitTestResult executionId="239e0053-bdd3-4dc7-816f-6d1bf871ad19" testId="ba113498-b42e-4d60-a4d3-4b2dad643bdf" testName="CannotProceedWhenMandatoryFieldsAreNotFilledForPlayer" computerName="EC2AMAZ-JEOO151" duration="00:01:20.2310000" startTime="2019-07-11T17:25:55.0000000+00:00" endTime="2019-07-11T17:27:15.0000000+00:00" testType="13cdc9d9-ddb5-4fa4-a97d-d965ccfc6d4b" outcome="Passed" testListId="8c84fa94-04c1-424b-9868-57a2d4851a1d" relativeResultsDirectory="239e0053-bdd3-4dc7-816f-6d1bf871ad19">
      <Output>
        <StdOut>sandbox: PrepareForTestRun started.&#xD;
sandbox: football liveStatsApp != null: True &#xD;
sandbox: football liveStatsApp.IsProcessRunning: True &#xD;
sandbox: setupLocalData: localDatabaseProvider != null: True&#xD;
sandbox: applicationPages != null: True&#xD;
sandbox: applicationPages.Webdriver != null: True&#xD;
sandbox: finished setuping local data&#xD;
sandbox: PrepareForTestRun complete.&#xD;
Given I am in players tab&#xD;
-&gt; done: PlayersTabSteps.GivenIAmInPlayersTab() (3.1s)&#xD;
When I enter all data for 11 players of team 1&#xD;
-&gt; done: PlayersTabSteps.WhenIEnterAllDataForPlayersForTeam(11, 1) (37.5s)&#xD;
And I enter all data for 11 players of team 2&#xD;
-&gt; done: PlayersTabSteps.WhenIEnterAllDataForPlayersForTeam(11, 2) (35.5s)&#xD;
And I Add player for team 1&#xD;
-&gt; done: PlayersTabSteps.WhenIAddPlayerForTeam(1) (0.1s)&#xD;
And I set player 12 of team 1 as playing&#xD;
-&gt; done: PlayersTabSteps.WhenISetPlayerOfTeamAsPlaying(12, 1) (0.1s)&#xD;
And I click Save &amp; Next button&#xD;
-&gt; done: GameSetupSteps.WhenIClickSaveNextButton() (0.3s)&#xD;
Then Formations tab should not be open&#xD;
Failed to find element with query '[data-qa='formationsForm']'. Web driver timeout exception.&#xD;
-&gt; done: TeamsFormationsTabSteps.ThenFormationTabShouldNotOpen() (2.1s)&#xD;
sandbox: CleanUpAfterTestRun started.&#xD;
sandbox: application pages != null: True&#xD;
sandbox: web driver!= null: True&#xD;
Given action failed. Retrying after a timeout. Most likely UI was not fast enough to refresh itself.&#xD;
sandbox: CleanUpAfterTestRun complete.</StdOut>
      </Output>
    </UnitTestResult>
    <UnitTestResult executionId="44c9ea25-d1f6-4b5f-a487-87a363e44a60" testId="0eb27f39-d95e-5755-e554-43cf45096402" testName="GivenGameReadyToKickOff_WhenGoingBackAndEditingAttackDirection_ThenTeamsChangeSidesAndKickOffButtonGrayedOut(2,ToRight)" computerName="EC2AMAZ-JEOO151" duration="00:00:10.6000000" startTime="2019-07-11T21:34:37.0000000+00:00" endTime="2019-07-11T21:34:48.0000000+00:00" testType="13cdc9d9-ddb5-4fa4-a97d-d965ccfc6d4b" outcome="Passed" testListId="8c84fa94-04c1-424b-9868-57a2d4851a1d" relativeResultsDirectory="44c9ea25-d1f6-4b5f-a487-87a363e44a60">
      <Output>
        <StdOut>sandbox: PrepareForTestRun started.&#xD;
sandbox: football liveStatsApp != null: True &#xD;
sandbox: football liveStatsApp.IsProcessRunning: True &#xD;
sandbox: setupLocalData: localDatabaseProvider != null: True&#xD;
sandbox: applicationPages != null: True&#xD;
sandbox: applicationPages.Webdriver != null: True&#xD;
sandbox: finished setuping local data&#xD;
sandbox: PrepareForTestRun complete.&#xD;
sandbox: CleanUpAfterTestRun started.&#xD;
sandbox: application pages != null: True&#xD;
sandbox: web driver!= null: True&#xD;
sandbox: CleanUpAfterTestRun complete.</StdOut>
      </Output>
    </UnitTestResult>
    <UnitTestResult executionId="8520ac0b-54e1-4025-b245-c7e746477509" testId="bc586551-68b2-3cb5-02cb-860992fb758f" testName="DisableVARInCardEdit" computerName="EC2AMAZ-JEOO151" duration="00:00:09.3340000" startTime="2019-07-11T17:49:28.0000000+00:00" endTime="2019-07-11T17:49:38.0000000+00:00" testType="13cdc9d9-ddb5-4fa4-a97d-d965ccfc6d4b" outcome="Passed" testListId="8c84fa94-04c1-424b-9868-57a2d4851a1d" relativeResultsDirectory="8520ac0b-54e1-4025-b245-c7e746477509">
      <Output>
        <StdOut>sandbox: PrepareForTestRun started.&#xD;
sandbox: football liveStatsApp != null: True &#xD;
sandbox: football liveStatsApp.IsProcessRunning: True &#xD;
sandbox: setupLocalData: localDatabaseProvider != null: True&#xD;
sandbox: applicationPages != null: True&#xD;
sandbox: applicationPages.Webdriver != null: True&#xD;
sandbox: finished setuping local data&#xD;
sandbox: PrepareForTestRun complete.&#xD;
Given Match started with kick off from existing game&#xD;
-&gt; done: SetupGameSteps.GivenMatchStartedWithKickOffButtonFromExistingGame() (3.2s)&#xD;
And I remembered current players on pitch shirt numbers&#xD;
-&gt; done: GoalEditSteps.GivenIRememberCurrentPlayersOnPitch() (1.6s)&#xD;
Given "Yellow" Card for Team "1" player with shirt number "4" is registered&#xD;
Given action failed. Retrying after a timeout.&#xD;
-&gt; done: CardSteps.GivenCardForTeamPlayerWithShirtNumberIsRegistered(Yellow, 1, 4) (3.3s)&#xD;
When I click on 1 of type "Booking" event in action log&#xD;
-&gt; done: ActionLogSteps.GivenIClickOnLatestEventInActionLog(1, Booking) (0.2s)&#xD;
And I click "VAR" toggle&#xD;
-&gt; done: EditFormSteps.GivenIClickToggleToEnable() (0.1s)&#xD;
And I click "VAR" toggle&#xD;
-&gt; done: EditFormSteps.GivenIClickToggleToEnable() (0.1s)&#xD;
Then "Stands" outcome button is disabled&#xD;
-&gt; done: EditFormSteps.GivenStandsOutcomeButtonIsDisabled() (0.0s)&#xD;
And "Overturned" outcome button is disabled&#xD;
-&gt; done: EditFormSteps.GivenOverturnedOutcomeButtonIsDisabled() (0.0s)&#xD;
sandbox: CleanUpAfterTestRun started.&#xD;
sandbox: application pages != null: True&#xD;
sandbox: web driver!= null: True&#xD;
sandbox: CleanUpAfterTestRun complete.</StdOut>
      </Output>
    </UnitTestResult>
    <UnitTestResult executionId="fa2f52a2-1994-48cf-9246-2d327df94ee2" testId="551bef1d-49f8-fe7d-8cf1-6e35638309c5" testName="ClickCard(&quot;2&quot;,&quot;Yellow&quot;,null)" computerName="EC2AMAZ-JEOO151" duration="00:00:04.9860000" startTime="2019-07-11T18:52:12.0000000+00:00" endTime="2019-07-11T18:52:17.0000000+00:00" testType="13cdc9d9-ddb5-4fa4-a97d-d965ccfc6d4b" outcome="Passed" testListId="8c84fa94-04c1-424b-9868-57a2d4851a1d" relativeResultsDirectory="fa2f52a2-1994-48cf-9246-2d327df94ee2">
      <Output>
        <StdOut>sandbox: PrepareForTestRun started.&#xD;
sandbox: football liveStatsApp != null: True &#xD;
sandbox: football liveStatsApp.IsProcessRunning: True &#xD;
sandbox: setupLocalData: localDatabaseProvider != null: True&#xD;
sandbox: applicationPages != null: True&#xD;
sandbox: applicationPages.Webdriver != null: True&#xD;
sandbox: finished setuping local data&#xD;
sandbox: PrepareForTestRun complete.&#xD;
Given Match started with kick off from existing game&#xD;
-&gt; done: SetupGameSteps.GivenMatchStartedWithKickOffButtonFromExistingGame() (3.2s)&#xD;
When I click on team 2 possible "Yellow"&#xD;
Given action failed. Retrying after a timeout.&#xD;
-&gt; done: TeamActionButtonSteps.StartPossibleCardRegistration(2, Yellow) (0.7s)&#xD;
Then "Put on Hold" button is shown&#xD;
-&gt; done: TeamActionButtonSteps.ThenPutOnHoldButtonIsShown() (0.0s)&#xD;
And "Yellow Card" button is shown&#xD;
-&gt; done: TeamActionButtonSteps.ThenYellowCardButtonIsShown() (0.0s)&#xD;
And "Red Card" button is shown&#xD;
-&gt; done: TeamActionButtonSteps.ThenRedCardButtonIsShown() (0.0s)&#xD;
And "2nd Yellow" button is shown&#xD;
-&gt; done: TeamActionButtonSteps.ThenSecondYellowCardButtonIsShown() (0.0s)&#xD;
And "Sin bin" button is shown&#xD;
-&gt; done: TeamActionButtonSteps.ThenSinBinButtonIsShown() (0.0s)&#xD;
sandbox: CleanUpAfterTestRun started.&#xD;
sandbox: application pages != null: True&#xD;
sandbox: web driver!= null: True&#xD;
sandbox: CleanUpAfterTestRun complete.</StdOut>
      </Output>
    </UnitTestResult>
    <UnitTestResult executionId="a20da154-3095-4012-ac49-7a8eead4a300" testId="592d80d2-b6ca-526a-29b7-e2fae05428e8" testName="GivenActionRegistered_WhenDeletingFromExpandedActionLog_ThenDeletedInExpanded(Substitution)" computerName="EC2AMAZ-JEOO151" duration="00:00:08.7310000" startTime="2019-07-11T20:17:20.0000000+00:00" endTime="2019-07-11T20:17:29.0000000+00:00" testType="13cdc9d9-ddb5-4fa4-a97d-d965ccfc6d4b" outcome="Passed" testListId="8c84fa94-04c1-424b-9868-57a2d4851a1d" relativeResultsDirectory="a20da154-3095-4012-ac49-7a8eead4a300">
      <Output>
        <StdOut>sandbox: PrepareForTestRun started.&#xD;
sandbox: football liveStatsApp != null: True &#xD;
sandbox: football liveStatsApp.IsProcessRunning: True &#xD;
sandbox: setupLocalData: localDatabaseProvider != null: True&#xD;
sandbox: applicationPages != null: True&#xD;
sandbox: applicationPages.Webdriver != null: True&#xD;
sandbox: finished setuping local data&#xD;
sandbox: PrepareForTestRun complete.&#xD;
sandbox: CleanUpAfterTestRun started.&#xD;
sandbox: application pages != null: True&#xD;
sandbox: web driver!= null: True&#xD;
sandbox: CleanUpAfterTestRun complete.</StdOut>
      </Output>
    </UnitTestResult>
    <UnitTestResult executionId="e0b0e540-81f1-411f-a7d7-ddefed3f7dd7" testId="66cb9aa0-f8a5-c870-e19c-174838607ec3" testName="AfterInjuryInsertPlayerOnPitchIsUpdated(&quot;before&quot;,&quot;0025&quot;,&quot;00:25&quot;,&quot;1&quot;,&quot;2&quot;,&quot;right&quot;,null)" computerName="EC2AMAZ-JEOO151" duration="00:00:16.1010000" startTime="2019-07-11T18:44:20.0000000+00:00" endTime="2019-07-11T18:44:36.0000000+00:00" testType="13cdc9d9-ddb5-4fa4-a97d-d965ccfc6d4b" outcome="Passed" testListId="8c84fa94-04c1-424b-9868-57a2d4851a1d" relativeResultsDirectory="e0b0e540-81f1-411f-a7d7-ddefed3f7dd7">
      <Output>
        <StdOut>sandbox: PrepareForTestRun started.&#xD;
sandbox: football liveStatsApp != null: True &#xD;
sandbox: football liveStatsApp.IsProcessRunning: True &#xD;
sandbox: setupLocalData: localDatabaseProvider != null: True&#xD;
sandbox: applicationPages != null: True&#xD;
sandbox: applicationPages.Webdriver != null: True&#xD;
sandbox: finished setuping local data&#xD;
sandbox: PrepareForTestRun complete.&#xD;
Given Match started with kick off from existing game&#xD;
-&gt; done: SetupGameSteps.GivenMatchStartedWithKickOffButtonFromExistingGame() (3.4s)&#xD;
And "Yellow" Card for Team 1 is registered&#xD;
-&gt; done: CardSteps.GivenCardForTeamIsRegistered(Yellow, 1) (3.4s)&#xD;
And "Top right" corner added for Team 1&#xD;
-&gt; done: CornerSteps.GivenCornerAddedForTeam("Top right", 1) (2.9s)&#xD;
And I clicked on latest "Corner" event in action log&#xD;
-&gt; done: ActionLogSteps.GivenIClickOnLatestEventInActionLog(Corner) (0.2s)&#xD;
And I entered new conceded event time of "0030"&#xD;
-&gt; done: EditFormSteps.GivenIEnterNewConcededEventTimeOf("0030") (1.0s)&#xD;
And I clicked Save button in action edit form&#xD;
-&gt; done: EditFormSteps.ClickSaveButtonInActionEditForm() (0.6s)&#xD;
And I remembered current players on pitch shirt numbers&#xD;
-&gt; done: GoalEditSteps.GivenIRememberCurrentPlayersOnPitch() (1.1s)&#xD;
When I click Expand Action log button&#xD;
-&gt; done: ActionLogSteps.WhenIClickExpandActionLogButton() (0.1s)&#xD;
And I click last action in expanded action log&#xD;
-&gt; done: ExpandedActionLogSteps.WhenIClickLastActionInExpandedActionLog() (0.1s)&#xD;
And I click insert before button in expanded action log&#xD;
-&gt; done: ExpandedActionLogSteps.WhenIClickInsertBeforeButtonInExpandedActionLog() (0.1s)&#xD;
And I click insert Injury button in insert before dropdown&#xD;
-&gt; done: ExpandedActionLogSteps.WhenIClickInsertInjuryButtonInInsertBeforeDropdown() (0.1s)&#xD;
And I enter new conceded event time of "0025"&#xD;
-&gt; done: EditFormSteps.GivenIEnterNewConcededEventTimeOf("0025") (1.0s)&#xD;
And I click off-pitch&#xD;
-&gt; done: PlayerInjuryEditSteps.WhenIClickOffPitchInjury() (0.1s)&#xD;
And I update injury with team 1, player 4 in edit window&#xD;
-&gt; done: PlayerInjuryEditSteps.WhenIUpdateInjuryWithTeamPlayer(1, 4) (0.2s)&#xD;
And I click Save button in action edit form&#xD;
-&gt; done: EditFormSteps.ClickSaveButtonInActionEditForm() (0.6s)&#xD;
And I close expanded action log page&#xD;
-&gt; done: ExpandedActionLogSteps.WhenICloseExpandedActionLogPage() (0.2s)&#xD;
Then Pitch View is shown&#xD;
-&gt; done: PitchScreenSteps.PitchViewIsShown() (0.0s)&#xD;
And Player with shirt number 4 from team 1 is marked as injured&#xD;
-&gt; done: PlayerInjuryEditSteps.ThenPlayerWithShirtIdFromTeamIsMarkedInColorRed(4, 1) (0.1s)&#xD;
sandbox: CleanUpAfterTestRun started.&#xD;
sandbox: application pages != null: True&#xD;
sandbox: web driver!= null: True&#xD;
sandbox: CleanUpAfterTestRun complete.</StdOut>
      </Output>
    </UnitTestResult>
    <UnitTestResult executionId="eecc6454-ccd3-4e60-8d27-952463236ebc" testId="3f89c941-0c75-3b45-d0e3-5f635acbf9f5" testName="SelectTeamAndGoalTypeInGoalInsert(&quot;1&quot;,&quot;Head&quot;,null)" computerName="EC2AMAZ-JEOO151" duration="00:00:16.7990000" startTime="2019-07-11T18:25:52.0000000+00:00" endTime="2019-07-11T18:26:09.0000000+00:00" testType="13cdc9d9-ddb5-4fa4-a97d-d965ccfc6d4b" outcome="Passed" testListId="8c84fa94-04c1-424b-9868-57a2d4851a1d" relativeResultsDirectory="eecc6454-ccd3-4e60-8d27-952463236ebc">
      <Output>
        <StdOut>sandbox: PrepareForTestRun started.&#xD;
sandbox: football liveStatsApp != null: True &#xD;
sandbox: football liveStatsApp.IsProcessRunning: True &#xD;
sandbox: setupLocalData: localDatabaseProvider != null: True&#xD;
sandbox: applicationPages != null: True&#xD;
sandbox: applicationPages.Webdriver != null: True&#xD;
sandbox: finished setuping local data&#xD;
sandbox: PrepareForTestRun complete.&#xD;
Given Match started with kick off from existing game&#xD;
-&gt; done: SetupGameSteps.GivenMatchStartedWithKickOffButtonFromExistingGame() (3.3s)&#xD;
And "Top right" corner added for Team 1&#xD;
-&gt; done: CornerSteps.GivenCornerAddedForTeam("Top right", 1) (3.2s)&#xD;
And "Yellow" Card for Team 1 is registered&#xD;
Given action failed. Retrying after a timeout.&#xD;
-&gt; done: CardSteps.GivenCardForTeamIsRegistered(Yellow, 1) (3.4s)&#xD;
And I clicked on latest "Corner" event in action log&#xD;
-&gt; done: ActionLogSteps.GivenIClickOnLatestEventInActionLog(Corner) (0.2s)&#xD;
And I entered new conceded event time of "0030"&#xD;
-&gt; done: EditFormSteps.GivenIEnterNewConcededEventTimeOf("0030") (1.0s)&#xD;
And I clicked Save button in action edit form&#xD;
-&gt; done: EditFormSteps.ClickSaveButtonInActionEditForm() (0.6s)&#xD;
And I remembered current players on pitch shirt numbers&#xD;
-&gt; done: GoalEditSteps.GivenIRememberCurrentPlayersOnPitch() (1.1s)&#xD;
When I click Expand Action log button&#xD;
-&gt; done: ActionLogSteps.WhenIClickExpandActionLogButton() (0.2s)&#xD;
And I click last action in expanded action log&#xD;
-&gt; done: ExpandedActionLogSteps.WhenIClickLastActionInExpandedActionLog() (0.1s)&#xD;
And I click insert after button in expanded action log&#xD;
-&gt; done: ExpandedActionLogSteps.WhenIClickInsertAfterButtonInExpandedActionLog() (0.1s)&#xD;
And I click insert Goal button in insert after dropdown&#xD;
-&gt; done: ExpandedActionLogSteps.WhenIClickInsertGoalButtonInInsertAfterDropdown() (0.1s)&#xD;
And I click "1" team in Goal by Team&#xD;
-&gt; done: GoalEditSteps.GivenIClickTeamInShotByTeam(1) (0.1s)&#xD;
And I click "goal" button in insert window&#xD;
-&gt; done: GoalEditSteps.GivenIClickShotResultGoalButton() (0.0s)&#xD;
And I click "shot type" button in insert window&#xD;
-&gt; done: GoalEditSteps.GivenIClickShotTypeButton() (0.0s)&#xD;
And I click "Head" button in expanded shot type dialog&#xD;
-&gt; done: ExpandedShotTypeDialogSteps.GivenIClickButtonInExpandedShotTypeDialog("Head") (0.2s)&#xD;
Then shot by team "1" button color is updated to "1" team color&#xD;
-&gt; done: GoalEditSteps.ThenShotByTeamColorIsUpdatedToTeamColor(1, 1) (0.0s)&#xD;
And "1" team players are visible in Who scored&#xD;
-&gt; done: GoalEditSteps.ThenTeamPlayersAreVisibleInWhoScored(1) (2.0s)&#xD;
And Shot type button is set to "Head"&#xD;
-&gt; done: GoalEditSteps.ThenShotTypeButtonIsSetTo("Head") (0.1s)&#xD;
And "shot type" button color is updated to team id "1" color&#xD;
-&gt; done: GoalEditSteps.ThenShotTypeButtonColorIsUpdatedToTeamIdColor(1) (0.1s)&#xD;
sandbox: CleanUpAfterTestRun started.&#xD;
sandbox: application pages != null: True&#xD;
sandbox: web driver!= null: True&#xD;
sandbox: CleanUpAfterTestRun complete.</StdOut>
      </Output>
    </UnitTestResult>
    <UnitTestResult executionId="31c9dc66-d590-4a28-8f31-b02e5ad04e24" testId="50207fdf-451d-bb1a-86fa-dec2102947f7" testName="GivenActionRegistered_WhenDeletingFromExpandedActionLog_ThenDeletedInExpanded" computerName="EC2AMAZ-JEOO151" duration="00:00:22.3810000" startTime="2019-07-11T20:21:56.0000000+00:00" endTime="2019-07-11T20:22:18.0000000+00:00" testType="13cdc9d9-ddb5-4fa4-a97d-d965ccfc6d4b" outcome="Passed" testListId="8c84fa94-04c1-424b-9868-57a2d4851a1d" relativeResultsDirectory="31c9dc66-d590-4a28-8f31-b02e5ad04e24">
      <Output>
        <StdOut>sandbox: PrepareForTestRun started.&#xD;
sandbox: football liveStatsApp != null: True &#xD;
sandbox: football liveStatsApp.IsProcessRunning: True &#xD;
sandbox: setupLocalData: localDatabaseProvider != null: True&#xD;
sandbox: applicationPages != null: True&#xD;
sandbox: applicationPages.Webdriver != null: True&#xD;
sandbox: finished setuping local data&#xD;
sandbox: PrepareForTestRun complete.&#xD;
sandbox: CleanUpAfterTestRun started.&#xD;
sandbox: application pages != null: True&#xD;
sandbox: web driver!= null: True&#xD;
sandbox: CleanUpAfterTestRun complete.</StdOut>
      </Output>
    </UnitTestResult>
    <UnitTestResult executionId="14d0a126-a596-48c3-a8e1-d84cbc80a91a" testId="0bbd952d-f4b4-ed3e-a48a-3f50e9c087f8" testName="CheckShotLocationInGoalInsert(&quot;adjust&quot;,null)" computerName="EC2AMAZ-JEOO151" duration="00:00:14.4000000" startTime="2019-07-11T18:20:14.0000000+00:00" endTime="2019-07-11T18:20:28.0000000+00:00" testType="13cdc9d9-ddb5-4fa4-a97d-d965ccfc6d4b" outcome="Passed" testListId="8c84fa94-04c1-424b-9868-57a2d4851a1d" relativeResultsDirectory="14d0a126-a596-48c3-a8e1-d84cbc80a91a">
      <Output>
        <StdOut>sandbox: PrepareForTestRun started.&#xD;
sandbox: football liveStatsApp != null: True &#xD;
sandbox: football liveStatsApp.IsProcessRunning: True &#xD;
sandbox: setupLocalData: localDatabaseProvider != null: True&#xD;
sandbox: applicationPages != null: True&#xD;
sandbox: applicationPages.Webdriver != null: True&#xD;
sandbox: finished setuping local data&#xD;
sandbox: PrepareForTestRun complete.&#xD;
Given Match started with kick off from existing game&#xD;
-&gt; done: SetupGameSteps.GivenMatchStartedWithKickOffButtonFromExistingGame() (3.3s)&#xD;
And "Top right" corner added for Team 1&#xD;
-&gt; done: CornerSteps.GivenCornerAddedForTeam("Top right", 1) (3.1s)&#xD;
And "Yellow" Card for Team 1 is registered&#xD;
Given action failed. Retrying after a timeout.&#xD;
-&gt; done: CardSteps.GivenCardForTeamIsRegistered(Yellow, 1) (3.3s)&#xD;
And I clicked on latest "Corner" event in action log&#xD;
-&gt; done: ActionLogSteps.GivenIClickOnLatestEventInActionLog(Corner) (0.2s)&#xD;
And I entered new conceded event time of "0030"&#xD;
-&gt; done: EditFormSteps.GivenIEnterNewConcededEventTimeOf("0030") (0.9s)&#xD;
And I clicked Save button in action edit form&#xD;
-&gt; done: EditFormSteps.ClickSaveButtonInActionEditForm() (0.6s)&#xD;
And I remembered current players on pitch shirt numbers&#xD;
-&gt; done: GoalEditSteps.GivenIRememberCurrentPlayersOnPitch() (1.1s)&#xD;
When I click Expand Action log button&#xD;
-&gt; done: ActionLogSteps.WhenIClickExpandActionLogButton() (0.1s)&#xD;
And I click last action in expanded action log&#xD;
-&gt; done: ExpandedActionLogSteps.WhenIClickLastActionInExpandedActionLog() (0.1s)&#xD;
And I click insert after button in expanded action log&#xD;
-&gt; done: ExpandedActionLogSteps.WhenIClickInsertAfterButtonInExpandedActionLog() (0.1s)&#xD;
And I click insert Goal button in insert after dropdown&#xD;
-&gt; done: ExpandedActionLogSteps.WhenIClickInsertGoalButtonInInsertAfterDropdown() (0.1s)&#xD;
And I click "adjust" shot location button in insert window&#xD;
-&gt; done: GoalEditSteps.GivenIClickAdjustShotLocationButton() (0.1s)&#xD;
And I click "top right" corner on Net&#xD;
-&gt; done: ExpandedShotLocationDialogSteps.GivenIClickCornerOnNet("top right") (0.1s)&#xD;
And I click "Proceed" button on expanded shot position view&#xD;
-&gt; done: ExpandedShotLocationDialogSteps.GivenIClickButtonOnExpandedShotPositionView("Proceed") (0.1s)&#xD;
And I click "adjust" shot location button in insert window&#xD;
-&gt; done: GoalEditSteps.GivenIClickAdjustShotLocationButton() (0.1s)&#xD;
Then "top right" on Net is visible&#xD;
-&gt; done: ShotLocationNetSteps.ThenOnNetIsVisible("top right") (0.1s)&#xD;
sandbox: CleanUpAfterTestRun started.&#xD;
sandbox: application pages != null: True&#xD;
sandbox: web driver!= null: True&#xD;
sandbox: CleanUpAfterTestRun complete.</StdOut>
      </Output>
    </UnitTestResult>
    <UnitTestResult executionId="da78acd5-be5b-44dc-bf6b-d35e24d0d85e" testId="05caba38-b268-e051-742e-8f82dd707b5a" testName="FreeKickCanBeFiltered" computerName="EC2AMAZ-JEOO151" duration="00:00:07.5000000" startTime="2019-07-11T19:31:31.0000000+00:00" endTime="2019-07-11T19:31:39.0000000+00:00" testType="13cdc9d9-ddb5-4fa4-a97d-d965ccfc6d4b" outcome="Passed" testListId="8c84fa94-04c1-424b-9868-57a2d4851a1d" relativeResultsDirectory="da78acd5-be5b-44dc-bf6b-d35e24d0d85e">
      <Output>
        <StdOut>sandbox: PrepareForTestRun started.&#xD;
sandbox: football liveStatsApp != null: True &#xD;
sandbox: football liveStatsApp.IsProcessRunning: True &#xD;
sandbox: setupLocalData: localDatabaseProvider != null: True&#xD;
sandbox: applicationPages != null: True&#xD;
sandbox: applicationPages.Webdriver != null: True&#xD;
sandbox: finished setuping local data&#xD;
sandbox: PrepareForTestRun complete.&#xD;
Given Match started with kick off from existing game&#xD;
-&gt; done: SetupGameSteps.GivenMatchStartedWithKickOffButtonFromExistingGame() (3.3s)&#xD;
Given Freekick for Team 1 is registered&#xD;
-&gt; done: FreeKickSteps.GivenFreekickForTeamIsRegistered(1) (1.5s)&#xD;
And Throw in added for Team 1&#xD;
Given action failed. Retrying after a timeout.&#xD;
-&gt; done: ThrowInEditSteps.GivenThrowInAddedForTeam(1) (0.9s)&#xD;
And Injury for Team 1 player with shirt id 4 is registered&#xD;
-&gt; done: PlayerInjuryEditSteps.GivenInjuryForTeamIsRegistered(1, 4) (0.6s)&#xD;
When I open Expanded Action log&#xD;
-&gt; done: ActionLogSteps.WhenIClickExpandActionLogButton() (0.2s)&#xD;
And I select free kicks filter&#xD;
-&gt; done: FilterSteps.WhenISelectFreeKicksFilter() (0.1s)&#xD;
Then Expanded action log contains "2" items&#xD;
-&gt; done: ExpandedActionLogSteps.ThenExpandedActionLogContainsItemsCount(2) (0.0s)&#xD;
And Actions are displayed in expanded action log in order:&#xD;
  --- table step argument ---&#xD;
  | expectedType |&#xD;
  | Free kick    |&#xD;
  | Foul         |&#xD;
-&gt; done: ExpandedActionLogSteps.ThenActionsAreDisplayedInActionLogAtPositions(System.Collection...) (0.1s)&#xD;
sandbox: CleanUpAfterTestRun started.&#xD;
sandbox: application pages != null: True&#xD;
sandbox: web driver!= null: True&#xD;
sandbox: CleanUpAfterTestRun complete.</StdOut>
      </Output>
    </UnitTestResult>
    <UnitTestResult executionId="79c7fba4-f6c4-4f81-99c0-e4cc979a52cf" testId="c3ef722b-59c8-3f01-ece0-3e26035a6380" testName="OpenAdjustPitchPositionForFreeKickLocation" computerName="EC2AMAZ-JEOO151" duration="00:00:09.5490000" startTime="2019-07-11T17:58:05.0000000+00:00" endTime="2019-07-11T17:58:14.0000000+00:00" testType="13cdc9d9-ddb5-4fa4-a97d-d965ccfc6d4b" outcome="Passed" testListId="8c84fa94-04c1-424b-9868-57a2d4851a1d" relativeResultsDirectory="79c7fba4-f6c4-4f81-99c0-e4cc979a52cf">
      <Output>
        <StdOut>sandbox: PrepareForTestRun started.&#xD;
sandbox: football liveStatsApp != null: True &#xD;
sandbox: football liveStatsApp.IsProcessRunning: True &#xD;
sandbox: setupLocalData: localDatabaseProvider != null: True&#xD;
sandbox: applicationPages != null: True&#xD;
sandbox: applicationPages.Webdriver != null: True&#xD;
sandbox: finished setuping local data&#xD;
sandbox: PrepareForTestRun complete.&#xD;
Given Match started with kick off from existing game&#xD;
-&gt; done: SetupGameSteps.GivenMatchStartedWithKickOffButtonFromExistingGame() (3.3s)&#xD;
And I remembered current players on pitch shirt numbers&#xD;
-&gt; done: GoalEditSteps.GivenIRememberCurrentPlayersOnPitch() (1.5s)&#xD;
Given Freekick for Team 1 is registered&#xD;
Given action failed. Retrying after a timeout.&#xD;
-&gt; done: FreeKickSteps.GivenFreekickForTeamIsRegistered(1) (1.2s)&#xD;
When I click on latest "FreeKick" event in action log&#xD;
-&gt; done: ActionLogSteps.GivenIClickOnLatestEventInActionLog(FreeKick) (0.3s)&#xD;
And I click "adjust pitch location" button in free kick location edit window&#xD;
Failed to find data-qa element with tag 'setPitchLocationButton'. No such element exception.&#xD;
-&gt; done: FreeKickEditSteps.WhenIClickButtonInFreeKickLocationEditWindow() (2.2s)&#xD;
Then Edit pitch Location dialog is visible&#xD;
-&gt; done: EditFormSteps.ThenEditLocationDialogIsVisible() (0.0s)&#xD;
And Shot pitch Position marker is visible&#xD;
-&gt; done: ExpandedPitchPositionDialogSteps.ThenShotPitchPositionMarkerIsVisible() (0.0s)&#xD;
And Clear Pitch button is visible&#xD;
-&gt; done: GoalEditSteps.ThenClearPitchButtonIsVisible() (0.0s)&#xD;
And Cancel pitch location selection button is visible&#xD;
-&gt; done: ExpandedPitchPositionDialogSteps.ThenCancelPitchLocationSelectionButtonIsVisible() (0.0s)&#xD;
And Save pitch location button is visible&#xD;
-&gt; done: ExpandedPitchPositionDialogSteps.ThenSavePitchLocationButtonIsVisible() (0.0s)&#xD;
sandbox: CleanUpAfterTestRun started.&#xD;
sandbox: application pages != null: True&#xD;
sandbox: web driver!= null: True&#xD;
sandbox: CleanUpAfterTestRun complete.</StdOut>
      </Output>
    </UnitTestResult>
    <UnitTestResult executionId="33dbb34e-864e-49ed-86b0-62d2dfd9def7" testId="47998901-775b-2ffc-9f7a-789c28e0bf4e" testName="StartShotFromFreeKickWorkflow(&quot;foul by&quot;,&quot;2&quot;,null)" computerName="EC2AMAZ-JEOO151" duration="00:00:05.9000000" startTime="2019-07-11T19:27:11.0000000+00:00" endTime="2019-07-11T19:27:17.0000000+00:00" testType="13cdc9d9-ddb5-4fa4-a97d-d965ccfc6d4b" outcome="Passed" testListId="8c84fa94-04c1-424b-9868-57a2d4851a1d" relativeResultsDirectory="33dbb34e-864e-49ed-86b0-62d2dfd9def7">
      <Output>
        <StdOut>sandbox: PrepareForTestRun started.&#xD;
sandbox: football liveStatsApp != null: True &#xD;
sandbox: football liveStatsApp.IsProcessRunning: True &#xD;
sandbox: setupLocalData: localDatabaseProvider != null: True&#xD;
sandbox: applicationPages != null: True&#xD;
sandbox: applicationPages.Webdriver != null: True&#xD;
sandbox: finished setuping local data&#xD;
sandbox: PrepareForTestRun complete.&#xD;
Given Match started with kick off from existing game&#xD;
-&gt; done: SetupGameSteps.GivenMatchStartedWithKickOffButtonFromExistingGame() (3.2s)&#xD;
Given Free kick for team "2" workflow entered till foul by selection&#xD;
Given action failed. Retrying after a timeout.&#xD;
-&gt; done: FreeKickSteps.GivenFreeKickForTeamAndWorkflowEnteredTillFoulBySelection(2) (1.1s)&#xD;
When I click "Shot" button for team 2&#xD;
-&gt; done: TeamActionButtonSteps.GivenIClickShotButtonForTeam(2) (0.4s)&#xD;
Then Latest freekick event is in progress&#xD;
-&gt; done: ActionLogSteps.ThenFreekickEventIsNotCompleted() (0.1s)&#xD;
And Latest free kick event is not active&#xD;
-&gt; done: ActionLogSteps.ThenFreeKickEventIsNotActive() (0.0s)&#xD;
And team 2 players are enabled&#xD;
-&gt; done: PitchPlayersComponentSteps.ThenTeamPlayersAreEnabled(2) (0.1s)&#xD;
And Workflow message is shown for "Shot" action&#xD;
-&gt; done: PitchBottomMessageBarSteps.ThenMessageContainsShown("Shot") (0.1s)&#xD;
And Notification "Select shot taker..." is shown&#xD;
-&gt; done: PitchBottomMessageBarSteps.ThenIsShown("Select shot taker...") (0.1s)&#xD;
sandbox: CleanUpAfterTestRun started.&#xD;
sandbox: application pages != null: True&#xD;
sandbox: web driver!= null: True&#xD;
sandbox: CleanUpAfterTestRun complete.</StdOut>
      </Output>
    </UnitTestResult>
    <UnitTestResult executionId="4a5bcab9-025b-45b3-a545-db643419bb2d" testId="8e89c124-b06d-05ca-6188-2acb21e3a847" testName="VARStartedOnPenaltyFirstStep(&quot;1&quot;,null)" computerName="EC2AMAZ-JEOO151" duration="00:00:05.1970000" startTime="2019-07-11T19:59:03.0000000+00:00" endTime="2019-07-11T19:59:08.0000000+00:00" testType="13cdc9d9-ddb5-4fa4-a97d-d965ccfc6d4b" outcome="Passed" testListId="8c84fa94-04c1-424b-9868-57a2d4851a1d" relativeResultsDirectory="4a5bcab9-025b-45b3-a545-db643419bb2d">
      <Output>
        <StdOut>sandbox: PrepareForTestRun started.&#xD;
sandbox: football liveStatsApp != null: True &#xD;
sandbox: football liveStatsApp.IsProcessRunning: True &#xD;
sandbox: setupLocalData: localDatabaseProvider != null: True&#xD;
sandbox: applicationPages != null: True&#xD;
sandbox: applicationPages.Webdriver != null: True&#xD;
sandbox: finished setuping local data&#xD;
sandbox: PrepareForTestRun complete.&#xD;
Given Match started with kick off from existing game&#xD;
-&gt; done: SetupGameSteps.GivenMatchStartedWithKickOffButtonFromExistingGame() (3.3s)&#xD;
When I click "Possible Penalty" button for team 1&#xD;
-&gt; done: TeamActionButtonSteps.GivenIClickPossiblePenaltyButtonForTeam(1) (0.5s)&#xD;
And I click "Possible VAR" Button&#xD;
-&gt; done: WorkflowSteps.WhenIClickButton() (0.1s)&#xD;
Then "Will the penalty stand after VAR review?" dialog is displayed&#xD;
-&gt; done: WorkflowSteps.ThenDialogIsDisplayed("Will the penalty ...") (0.2s)&#xD;
And "Yes" button is shown in var confirmation dialog&#xD;
-&gt; done: WorkflowSteps.ThenConfirmButtonIsShownInVarConfirmationDialog() (0.0s)&#xD;
And "No" button is shown in var confirmation dialog&#xD;
-&gt; done: WorkflowSteps.ThenCancelButtonIsShownInVarConfirmationDialog() (0.0s)&#xD;
And VAR label is shown in Penalty event action log&#xD;
-&gt; done: ActionLogSteps.ThenOffenceIsShownInPenaltyEventActionLog("VAR", Penalty) (0.1s)&#xD;
And VAR label of "Penalty" event in action log is in team 1 color&#xD;
-&gt; done: ActionLogSteps.ThenSubItemOfEventInActionLogIsInTeamColor("VAR", Penalty, 1) (0.1s)&#xD;
And Latest "Penalty" event is highlighted&#xD;
-&gt; done: ActionLogSteps.ThenCardEventIsHighlighted(Penalty) (0.0s)&#xD;
sandbox: CleanUpAfterTestRun started.&#xD;
sandbox: application pages != null: True&#xD;
sandbox: web driver!= null: True&#xD;
sandbox: CleanUpAfterTestRun complete.</StdOut>
      </Output>
    </UnitTestResult>
    <UnitTestResult executionId="5653a57e-facc-4c50-a7d2-e88f906bd3f6" testId="8eedd403-5c42-6abd-e98b-7fa2dd2a34d3" testName="TeamFilterDoesNotShowItemsThatAreNotForThisTeam" computerName="EC2AMAZ-JEOO151" duration="00:00:07.4880000" startTime="2019-07-11T19:39:03.0000000+00:00" endTime="2019-07-11T19:39:10.0000000+00:00" testType="13cdc9d9-ddb5-4fa4-a97d-d965ccfc6d4b" outcome="Passed" testListId="8c84fa94-04c1-424b-9868-57a2d4851a1d" relativeResultsDirectory="5653a57e-facc-4c50-a7d2-e88f906bd3f6">
      <Output>
        <StdOut>sandbox: PrepareForTestRun started.&#xD;
sandbox: football liveStatsApp != null: True &#xD;
sandbox: football liveStatsApp.IsProcessRunning: True &#xD;
sandbox: setupLocalData: localDatabaseProvider != null: True&#xD;
sandbox: applicationPages != null: True&#xD;
sandbox: applicationPages.Webdriver != null: True&#xD;
sandbox: finished setuping local data&#xD;
sandbox: PrepareForTestRun complete.&#xD;
Given Match started with kick off from existing game&#xD;
-&gt; done: SetupGameSteps.GivenMatchStartedWithKickOffButtonFromExistingGame() (3.2s)&#xD;
Given GoalKick for Team 2 is registered&#xD;
Given action failed. Retrying after a timeout.&#xD;
-&gt; done: GoalKickSteps.GivenGoalKickForTeamIsRegistered(2) (1.1s)&#xD;
And Throw in added for Team 2&#xD;
Given action failed. Retrying after a timeout.&#xD;
-&gt; done: ThrowInEditSteps.GivenThrowInAddedForTeam(2) (0.9s)&#xD;
And expanded action log is opened&#xD;
-&gt; done: ActionLogSteps.WhenIClickExpandActionLogButton() (0.3s)&#xD;
When I expand Team filter&#xD;
-&gt; done: FilterSteps.WhenIExpandTeamFilter() (0.1s)&#xD;
And I select team "1" filter&#xD;
-&gt; done: FilterSteps.WhenISelectTeamFilter(1) (0.1s)&#xD;
Then Expanded action log is empty&#xD;
Failed to find element with query '[data-qa='expandedActionLogTable']'. Web driver timeout exception.&#xD;
-&gt; done: ExpandedActionLogSteps.ThenExpandedActionLogShouldNotHaveActions() (1.0s)&#xD;
sandbox: CleanUpAfterTestRun started.&#xD;
sandbox: application pages != null: True&#xD;
sandbox: web driver!= null: True&#xD;
sandbox: CleanUpAfterTestRun complete.</StdOut>
      </Output>
    </UnitTestResult>
    <UnitTestResult executionId="87ca2157-19b8-46e6-8689-68ef5f4c5f0a" testId="f13a778a-c428-f8c6-be15-278d17823c6e" testName="CardReasonUpdate(&quot;Yellow&quot;,&quot;Time Wasting&quot;,null)" computerName="EC2AMAZ-JEOO151" duration="00:00:10.7340000" startTime="2019-07-11T17:46:14.0000000+00:00" endTime="2019-07-11T17:46:25.0000000+00:00" testType="13cdc9d9-ddb5-4fa4-a97d-d965ccfc6d4b" outcome="Passed" testListId="8c84fa94-04c1-424b-9868-57a2d4851a1d" relativeResultsDirectory="87ca2157-19b8-46e6-8689-68ef5f4c5f0a">
      <Output>
        <StdOut>sandbox: PrepareForTestRun started.&#xD;
sandbox: football liveStatsApp != null: True &#xD;
sandbox: football liveStatsApp.IsProcessRunning: True &#xD;
sandbox: setupLocalData: localDatabaseProvider != null: True&#xD;
sandbox: applicationPages != null: True&#xD;
sandbox: applicationPages.Webdriver != null: True&#xD;
sandbox: finished setuping local data&#xD;
sandbox: PrepareForTestRun complete.&#xD;
Given Match started with kick off from existing game&#xD;
-&gt; done: SetupGameSteps.GivenMatchStartedWithKickOffButtonFromExistingGame() (3.2s)&#xD;
And I remembered current players on pitch shirt numbers&#xD;
-&gt; done: GoalEditSteps.GivenIRememberCurrentPlayersOnPitch() (1.6s)&#xD;
Given "Yellow" Card for Team "1" player with shirt number "4" is registered&#xD;
Given action failed. Retrying after a timeout.&#xD;
-&gt; done: CardSteps.GivenCardForTeamPlayerWithShirtNumberIsRegistered(Yellow, 1, 4) (3.3s)&#xD;
When I click on 1 of type "Booking" event in action log&#xD;
-&gt; done: ActionLogSteps.GivenIClickOnLatestEventInActionLog(1, Booking) (0.2s)&#xD;
And I click "select reason for card" button in card edit page&#xD;
-&gt; done: CardEditSteps.WhenIClickButtonInCardEditPage() (0.0s)&#xD;
And I click "Time Wasting" reason button&#xD;
-&gt; done: CardSteps.WhenIClickReasonButton("Time Wasting") (0.2s)&#xD;
And I select player with shirt number 10 in to receive the card in card edit page&#xD;
-&gt; done: CardEditSteps.WhenISelectPlayerInToReceiveTheCardInCardEditPage(10) (0.3s)&#xD;
And I click Save button in action edit form&#xD;
-&gt; done: EditFormSteps.ClickSaveButtonInActionEditForm() (0.6s)&#xD;
Then Pitch View is shown&#xD;
-&gt; done: PitchScreenSteps.PitchViewIsShown() (0.0s)&#xD;
And Yellow label is shown in Booking event action log&#xD;
-&gt; done: ActionLogSteps.ThenOffenceIsShownInPenaltyEventActionLog("Yellow", Booking) (0.1s)&#xD;
And "Yellow" label of "Booking" event in action log contains "Yellow" card icon&#xD;
-&gt; done: ActionLogSteps.ThenLabelOfEventInActionLogContainsCardIcon("Yellow", Booking, "Yellow") (0.1s)&#xD;
And Player on pitch by shirt number 10 of team 1 is shown in Yellow of "Booking" event in action log&#xD;
-&gt; done: ActionLogSteps.ThenPlayerOnPitchByShirtNumberOfTeamIsShownInGoalOfEventInActionLog(10, 1, "Yellow", Booking) (0.3s)&#xD;
sandbox: CleanUpAfterTestRun started.&#xD;
sandbox: application pages != null: True&#xD;
sandbox: web driver!= null: True&#xD;
sandbox: CleanUpAfterTestRun complete.</StdOut>
      </Output>
    </UnitTestResult>
    <UnitTestResult executionId="5a9fb169-6de2-46c5-a1eb-6fe8b137d28b" testId="fe33c301-e26a-9419-fb4e-7b5c3240d467" testName="GivenExpandedLog_WhenInsertingCardAfter_ThenScoreboardIsPresentedCorrectly(SecondYellow,&quot;2nd yellow&quot;,&quot;secondyellow&quot;,3,1)" computerName="EC2AMAZ-JEOO151" duration="00:00:18.6390000" startTime="2019-07-11T20:45:47.0000000+00:00" endTime="2019-07-11T20:46:06.0000000+00:00" testType="13cdc9d9-ddb5-4fa4-a97d-d965ccfc6d4b" outcome="Passed" testListId="8c84fa94-04c1-424b-9868-57a2d4851a1d" relativeResultsDirectory="5a9fb169-6de2-46c5-a1eb-6fe8b137d28b">
      <Output>
        <StdOut>sandbox: PrepareForTestRun started.&#xD;
sandbox: football liveStatsApp != null: True &#xD;
sandbox: football liveStatsApp.IsProcessRunning: True &#xD;
sandbox: setupLocalData: localDatabaseProvider != null: True&#xD;
sandbox: applicationPages != null: True&#xD;
sandbox: applicationPages.Webdriver != null: True&#xD;
sandbox: finished setuping local data&#xD;
sandbox: PrepareForTestRun complete.&#xD;
Given action failed. Retrying after a timeout.&#xD;
Given action failed. Retrying after a timeout.&#xD;
sandbox: CleanUpAfterTestRun started.&#xD;
sandbox: application pages != null: True&#xD;
sandbox: web driver!= null: True&#xD;
sandbox: CleanUpAfterTestRun complete.</StdOut>
      </Output>
    </UnitTestResult>
    <UnitTestResult executionId="c5c478d6-e90b-4d24-a4f9-cfcd0fe278f4" testId="4162a00d-7aec-44da-1a43-94162180b1f6" testName="GivenGameInProgress_WhenUpdatingPlayersWithoutActions_ThenPitchIsVisible" computerName="EC2AMAZ-JEOO151" duration="00:00:07.4360000" startTime="2019-07-11T20:06:19.0000000+00:00" endTime="2019-07-11T20:06:26.0000000+00:00" testType="13cdc9d9-ddb5-4fa4-a97d-d965ccfc6d4b" outcome="Passed" testListId="8c84fa94-04c1-424b-9868-57a2d4851a1d" relativeResultsDirectory="c5c478d6-e90b-4d24-a4f9-cfcd0fe278f4">
      <Output>
        <StdOut>sandbox: PrepareForTestRun started.&#xD;
sandbox: football liveStatsApp != null: True &#xD;
sandbox: football liveStatsApp.IsProcessRunning: True &#xD;
sandbox: setupLocalData: localDatabaseProvider != null: True&#xD;
sandbox: applicationPages != null: True&#xD;
sandbox: applicationPages.Webdriver != null: True&#xD;
sandbox: finished setuping local data&#xD;
sandbox: PrepareForTestRun complete.&#xD;
sandbox: CleanUpAfterTestRun started.&#xD;
sandbox: application pages != null: True&#xD;
sandbox: web driver!= null: True&#xD;
sandbox: CleanUpAfterTestRun complete.</StdOut>
      </Output>
    </UnitTestResult>
    <UnitTestResult executionId="ada7d03a-5cd5-41e5-9e32-bc1a03bbe4a0" testId="c9c56581-649b-19ee-0f46-1f64bfb6a895" testName="GivenActionRegistered_WhenDeletingFromActionLog_ThenDeleted(Shot)" computerName="EC2AMAZ-JEOO151" duration="00:00:10.2820000" startTime="2019-07-11T20:15:55.0000000+00:00" endTime="2019-07-11T20:16:05.0000000+00:00" testType="13cdc9d9-ddb5-4fa4-a97d-d965ccfc6d4b" outcome="Passed" testListId="8c84fa94-04c1-424b-9868-57a2d4851a1d" relativeResultsDirectory="ada7d03a-5cd5-41e5-9e32-bc1a03bbe4a0">
      <Output>
        <StdOut>sandbox: PrepareForTestRun started.&#xD;
sandbox: football liveStatsApp != null: True &#xD;
sandbox: football liveStatsApp.IsProcessRunning: True &#xD;
sandbox: setupLocalData: localDatabaseProvider != null: True&#xD;
sandbox: applicationPages != null: True&#xD;
sandbox: applicationPages.Webdriver != null: True&#xD;
sandbox: finished setuping local data&#xD;
sandbox: PrepareForTestRun complete.&#xD;
Given action failed. Retrying after a timeout.&#xD;
sandbox: CleanUpAfterTestRun started.&#xD;
sandbox: application pages != null: True&#xD;
sandbox: web driver!= null: True&#xD;
sandbox: CleanUpAfterTestRun complete.</StdOut>
      </Output>
    </UnitTestResult>
    <UnitTestResult executionId="6e216e09-62c0-4bc2-b8c7-e31f1c153622" testId="7a16f5d0-5f7e-d4d9-b8aa-731da472cf7f" testName="WhenMissingPenaltyWithTeam2IndicatorShowsCorrectScoreAndPlayerGetsDisabledOnPitch" computerName="EC2AMAZ-JEOO151" duration="00:00:17.1820000" startTime="2019-07-11T19:19:59.0000000+00:00" endTime="2019-07-11T19:20:17.0000000+00:00" testType="13cdc9d9-ddb5-4fa4-a97d-d965ccfc6d4b" outcome="Passed" testListId="8c84fa94-04c1-424b-9868-57a2d4851a1d" relativeResultsDirectory="6e216e09-62c0-4bc2-b8c7-e31f1c153622">
      <Output>
        <StdOut>sandbox: PrepareForTestRun started.&#xD;
sandbox: football liveStatsApp != null: True &#xD;
sandbox: football liveStatsApp.IsProcessRunning: True &#xD;
sandbox: setupLocalData: localDatabaseProvider != null: True&#xD;
sandbox: applicationPages != null: True&#xD;
sandbox: applicationPages.Webdriver != null: True&#xD;
sandbox: finished setuping local data&#xD;
sandbox: PrepareForTestRun complete.&#xD;
Given penalty shoot-out phase started&#xD;
-&gt; done: PitchClockSteps.GivenGamePenaltyShoot_OutPhaseStarted() (14.6s)&#xD;
When I click on team 2 player on pitch with shirt number 4&#xD;
-&gt; done: PitchPlayersComponentSteps.WhenIClickOnTeamPlayerOnPitchWithShirtNumber(2, 4) (0.3s)&#xD;
And I click "Penalty Shot On Target" Button&#xD;
-&gt; done: PenaltySteps.WhenIClickPenaltyShotOnTargetButton() (0.2s)&#xD;
And I click on net x "10" and y "10"&#xD;
-&gt; done: NetSectionSteps.WhenIClickOnNetXAndY(10, 10) (0.2s)&#xD;
Then Team 2 has 0 penalty shoot-out made in score board&#xD;
-&gt; done: PenaltyShootoutSteps.ThenTeamHasPenaltyShoot_OutMade(2, 0) (0.2s)&#xD;
And Team 2 has 1 penalty shoot-out miss in score board&#xD;
-&gt; done: PenaltyShootoutSteps.ThenTeamHasPenaltyShoot_OutMiss(2, 1) (0.0s)&#xD;
And Team 1 has 0 penalty shoot-out made in score board&#xD;
-&gt; done: PenaltyShootoutSteps.ThenTeamHasPenaltyShoot_OutMade(1, 0) (0.1s)&#xD;
And Team 1 has 0 penalty shoot-out miss in score board&#xD;
-&gt; done: PenaltyShootoutSteps.ThenTeamHasPenaltyShoot_OutMiss(1, 0) (0.0s)&#xD;
And Team 2 penalty shootout table row 1 contains player with shirt number 4&#xD;
-&gt; done: PenaltyShootoutSteps.ThenTeamPenaltyShootoutTableRowContainsPlayerWithShirtNumber(2, 1, 4) (0.1s)&#xD;
And Team 2 penalty shootout table row 1 contains made result of "Miss"&#xD;
-&gt; done: PenaltyShootoutSteps.ThenTeamPenaltyShootoutTableRowContainsMadeResultOfTrue(2, 1, "Miss") (0.0s)&#xD;
And End penalty shoot-out button is visible near clock&#xD;
-&gt; done: PitchClockSteps.ThenEndPenaltyShoot_OutButtonIsVisibleNearClock() (0.0s)&#xD;
And End penalty shoot-out button is disabled near clock&#xD;
-&gt; done: PitchClockSteps.ThenEndPenaltyShoot_OutButtonIsDisabledNearClock() (0.0s)&#xD;
And player with shirt number 4 of team 2 is disabled&#xD;
-&gt; done: PitchPlayersComponentSteps.ThenPlayerWithShirtNumberOfTeamIsDisabled(4, 2) (0.1s)&#xD;
And Number of "PenaltyShootout" containers is 1 in action log&#xD;
-&gt; done: ActionLogSteps.ThenNumberOfContainersIsInActionLog(PenaltyShootout, 1) (0.0s)&#xD;
sandbox: CleanUpAfterTestRun started.&#xD;
sandbox: application pages != null: True&#xD;
sandbox: web driver!= null: True&#xD;
sandbox: CleanUpAfterTestRun complete.</StdOut>
      </Output>
    </UnitTestResult>
    <UnitTestResult executionId="ab495e4f-cfeb-4d51-abc8-4882d8b2916a" testId="5477f9ad-cfa0-e3ca-dd59-b5cd48fdbe49" testName="CardFiltersCanBeDeselectedFromSideFilters" computerName="EC2AMAZ-JEOO151" duration="00:00:15.5650000" startTime="2019-07-11T19:32:53.0000000+00:00" endTime="2019-07-11T19:33:09.0000000+00:00" testType="13cdc9d9-ddb5-4fa4-a97d-d965ccfc6d4b" outcome="Passed" testListId="8c84fa94-04c1-424b-9868-57a2d4851a1d" relativeResultsDirectory="ab495e4f-cfeb-4d51-abc8-4882d8b2916a">
      <Output>
        <StdOut>sandbox: PrepareForTestRun started.&#xD;
sandbox: football liveStatsApp != null: True &#xD;
sandbox: football liveStatsApp.IsProcessRunning: True &#xD;
sandbox: setupLocalData: localDatabaseProvider != null: True&#xD;
sandbox: applicationPages != null: True&#xD;
sandbox: applicationPages.Webdriver != null: True&#xD;
sandbox: finished setuping local data&#xD;
sandbox: PrepareForTestRun complete.&#xD;
Given Match started with kick off from existing game&#xD;
-&gt; done: SetupGameSteps.GivenMatchStartedWithKickOffButtonFromExistingGame() (3.4s)&#xD;
And "Red" Card for Team 1 is registered&#xD;
Given action failed. Retrying after a timeout.&#xD;
-&gt; done: CardSteps.GivenCardForTeamIsRegistered(Red, 1) (3.5s)&#xD;
And "Yellow" Card for Team "1" player with shirt number "6" is registered&#xD;
-&gt; done: CardSteps.GivenCardForTeamPlayerWithShirtNumberIsRegistered(Yellow, 1, 6) (3.1s)&#xD;
And "SecondYellow" Card for Team "1" player with shirt number "8" is registered&#xD;
-&gt; done: CardSteps.GivenCardForTeamPlayerWithShirtNumberIsRegistered(SecondYellow, 1, 8) (3.3s)&#xD;
Given GoalKick for Team 1 is registered&#xD;
-&gt; done: GoalKickSteps.GivenGoalKickForTeamIsRegistered(1) (0.5s)&#xD;
When I open Expanded Action log&#xD;
-&gt; done: ActionLogSteps.WhenIClickExpandActionLogButton() (0.2s)&#xD;
And I expand Cards filter&#xD;
-&gt; done: FilterSteps.WhenIExpandCardsFilter() (0.1s)&#xD;
And I select yellow cards filter&#xD;
-&gt; done: FilterSteps.WhenISelectYellowCardsFilter() (0.1s)&#xD;
And I select red cards filter&#xD;
-&gt; done: FilterSteps.WhenISelectRedCardsFilter() (0.1s)&#xD;
And I deselect yellow cards filter&#xD;
-&gt; done: FilterSteps.WhenIDeselectYellowCardsFilter() (0.1s)&#xD;
And I deselect red cards filter&#xD;
-&gt; done: FilterSteps.WhenIDeselectRedCardsFilter() (0.1s)&#xD;
Then Expanded action log contains "5" items&#xD;
-&gt; done: ExpandedActionLogSteps.ThenExpandedActionLogContainsItemsCount(5) (0.0s)&#xD;
And Actions are displayed in expanded action log in order:&#xD;
  --- table step argument ---&#xD;
  | expectedType       |&#xD;
  | Goal Kick          |&#xD;
  | Second Yellow Card |&#xD;
  | Yellow Card        |&#xD;
  | Red Card           |&#xD;
  | Kick Off           |&#xD;
-&gt; done: ExpandedActionLogSteps.ThenActionsAreDisplayedInActionLogAtPositions(System.Collection...) (0.2s)&#xD;
sandbox: CleanUpAfterTestRun started.&#xD;
sandbox: application pages != null: True&#xD;
sandbox: web driver!= null: True&#xD;
sandbox: CleanUpAfterTestRun complete.</StdOut>
      </Output>
    </UnitTestResult>
    <UnitTestResult executionId="01dc0ef7-d505-46ac-a5f3-331645b090dd" testId="5de5123f-c7e8-12b0-b644-bcf749184a01" testName="FootballSelectVAROutcome(&quot;Overturned&quot;,null)" computerName="EC2AMAZ-JEOO151" duration="00:00:10.2490000" startTime="2019-07-11T18:02:38.0000000+00:00" endTime="2019-07-11T18:02:48.0000000+00:00" testType="13cdc9d9-ddb5-4fa4-a97d-d965ccfc6d4b" outcome="Passed" testListId="8c84fa94-04c1-424b-9868-57a2d4851a1d" relativeResultsDirectory="01dc0ef7-d505-46ac-a5f3-331645b090dd">
      <Output>
        <StdOut>sandbox: PrepareForTestRun started.&#xD;
sandbox: football liveStatsApp != null: True &#xD;
sandbox: football liveStatsApp.IsProcessRunning: True &#xD;
sandbox: setupLocalData: localDatabaseProvider != null: True&#xD;
sandbox: applicationPages != null: True&#xD;
sandbox: applicationPages.Webdriver != null: True&#xD;
sandbox: finished setuping local data&#xD;
sandbox: PrepareForTestRun complete.&#xD;
Given Match started with kick off from existing game&#xD;
-&gt; done: SetupGameSteps.GivenMatchStartedWithKickOffButtonFromExistingGame() (3.3s)&#xD;
And I remembered current players on pitch shirt numbers&#xD;
-&gt; done: GoalEditSteps.GivenIRememberCurrentPlayersOnPitch() (1.5s)&#xD;
And I add a goal for team 1 player 4 assisted by player 13&#xD;
Given action failed. Retrying after a timeout.&#xD;
-&gt; done: GoalSteps.GivenIAddAGoalForTeamPlayerAssistedByPlayer(1, 4, 13) (3.9s)&#xD;
And I click goal event in action log&#xD;
-&gt; done: ActionLogSteps.GivenIClickGoalEventInActionLog() (0.4s)&#xD;
When I click "VAR" toggle&#xD;
-&gt; done: EditFormSteps.GivenIClickToggleToEnable() (0.1s)&#xD;
And I click Var "Overturned" button&#xD;
-&gt; done: EditFormSteps.WhenIClickVarOverturnedButton() (0.1s)&#xD;
Then Save button is disabled in action edit form&#xD;
-&gt; done: EditFormSteps.SaveButtonIsDisabled() (0.0s)&#xD;
And VAR reason is not selected&#xD;
-&gt; done: EditFormSteps.GivenVarReasonIsNotSelected() (0.1s)&#xD;
sandbox: CleanUpAfterTestRun started.&#xD;
sandbox: application pages != null: True&#xD;
sandbox: web driver!= null: True&#xD;
sandbox: CleanUpAfterTestRun complete.</StdOut>
      </Output>
    </UnitTestResult>
    <UnitTestResult executionId="dd209429-dd72-4d06-bc04-d26fa6b58798" testId="5cf733af-905e-f954-b679-8dae90e117e5" testName="NoOnVAROnSecondStepOfRecordCardWorkflow(&quot;1&quot;,&quot;Red&quot;,null)" computerName="EC2AMAZ-JEOO151" duration="00:00:06.3490000" startTime="2019-07-11T19:53:54.0000000+00:00" endTime="2019-07-11T19:54:01.0000000+00:00" testType="13cdc9d9-ddb5-4fa4-a97d-d965ccfc6d4b" outcome="Passed" testListId="8c84fa94-04c1-424b-9868-57a2d4851a1d" relativeResultsDirectory="dd209429-dd72-4d06-bc04-d26fa6b58798">
      <Output>
        <StdOut>sandbox: PrepareForTestRun started.&#xD;
sandbox: football liveStatsApp != null: True &#xD;
sandbox: football liveStatsApp.IsProcessRunning: True &#xD;
sandbox: setupLocalData: localDatabaseProvider != null: True&#xD;
sandbox: applicationPages != null: True&#xD;
sandbox: applicationPages.Webdriver != null: True&#xD;
sandbox: finished setuping local data&#xD;
sandbox: PrepareForTestRun complete.&#xD;
Given Match started with kick off from existing game&#xD;
-&gt; done: SetupGameSteps.GivenMatchStartedWithKickOffButtonFromExistingGame() (3.2s)&#xD;
When I click on team 1 possible "Red"&#xD;
-&gt; done: TeamActionButtonSteps.StartPossibleCardRegistration(1, Red) (0.6s)&#xD;
And I click "Red" card button&#xD;
-&gt; done: TeamActionButtonSteps.WhenIClickCardButton("Red") (0.1s)&#xD;
And I click "Possible VAR" button in workflow&#xD;
-&gt; done: WorkflowSteps.WhenIClickPossibleVarButtonInWorkflow() (0.1s)&#xD;
And I click var confirmation "No" button&#xD;
-&gt; done: WorkflowSteps.WhenIClickVarConfirmationButton("No") (0.3s)&#xD;
Then VAR label is shown in Booking event action log&#xD;
-&gt; done: ActionLogSteps.ThenOffenceIsShownInPenaltyEventActionLog("VAR", Booking) (0.3s)&#xD;
And Latest "Booking" event is completed&#xD;
-&gt; done: ActionLogSteps.ThenLatestEventIsConfirmed(Booking) (0.0s)&#xD;
And VAR label of "Booking" event in action log is in team 1 color&#xD;
-&gt; done: ActionLogSteps.ThenSubItemOfEventInActionLogIsInTeamColor("VAR", Booking, 1) (0.1s)&#xD;
And VAR label of "Booking" event in action log contains "Card Overturned" message&#xD;
-&gt; done: ActionLogSteps.ThenSubItemOfEventInActionLogIsInTeamColor("VAR", Booking, "Card Overturned") (0.1s)&#xD;
And Action Buttons are enabled&#xD;
-&gt; done: TeamActionButtonSteps.ThenActionButtonsAreEnabled() (0.7s)&#xD;
sandbox: CleanUpAfterTestRun started.&#xD;
sandbox: application pages != null: True&#xD;
sandbox: web driver!= null: True&#xD;
sandbox: CleanUpAfterTestRun complete.</StdOut>
      </Output>
    </UnitTestResult>
    <UnitTestResult executionId="8db153c8-0eb5-44f0-b6ff-1915df9dfe5c" testId="6e575553-df8e-7c0b-989c-9ec81c179c2c" testName="InsertPenaltyAfterReasonWithVAROverturned" computerName="EC2AMAZ-JEOO151" duration="00:00:16.4320000" startTime="2019-07-11T18:33:24.0000000+00:00" endTime="2019-07-11T18:33:41.0000000+00:00" testType="13cdc9d9-ddb5-4fa4-a97d-d965ccfc6d4b" outcome="Passed" testListId="8c84fa94-04c1-424b-9868-57a2d4851a1d" relativeResultsDirectory="8db153c8-0eb5-44f0-b6ff-1915df9dfe5c">
      <Output>
        <StdOut>sandbox: PrepareForTestRun started.&#xD;
sandbox: football liveStatsApp != null: True &#xD;
sandbox: football liveStatsApp.IsProcessRunning: True &#xD;
sandbox: setupLocalData: localDatabaseProvider != null: True&#xD;
sandbox: applicationPages != null: True&#xD;
sandbox: applicationPages.Webdriver != null: True&#xD;
sandbox: finished setuping local data&#xD;
sandbox: PrepareForTestRun complete.&#xD;
Given Match started with kick off from existing game&#xD;
-&gt; done: SetupGameSteps.GivenMatchStartedWithKickOffButtonFromExistingGame() (3.3s)&#xD;
And Throw in added for Team 1&#xD;
Given action failed. Retrying after a timeout.&#xD;
-&gt; done: ThrowInEditSteps.GivenThrowInAddedForTeam(1) (1.0s)&#xD;
And I clicked on latest "ThrowIn" event in action log&#xD;
-&gt; done: ActionLogSteps.GivenIClickOnLatestEventInActionLog(ThrowIn) (0.2s)&#xD;
And I entered new conceded event time of "0030"&#xD;
-&gt; done: EditFormSteps.GivenIEnterNewConcededEventTimeOf("0030") (1.0s)&#xD;
And I clicked Save button in action edit form&#xD;
-&gt; done: EditFormSteps.ClickSaveButtonInActionEditForm() (0.6s)&#xD;
And I remembered current players on pitch shirt numbers&#xD;
-&gt; done: GoalEditSteps.GivenIRememberCurrentPlayersOnPitch() (1.2s)&#xD;
When I click Expand Action log button&#xD;
-&gt; done: ActionLogSteps.WhenIClickExpandActionLogButton() (0.1s)&#xD;
And I insert "Penalty" before last action in expanded action log&#xD;
-&gt; done: ExpandedActionLogSteps.WhenIInsertPenaltyBeforeLastActionInExpandedActionLog(Penalty) (0.3s)&#xD;
And I enter "0025" as conceded and "0026" as taken time&#xD;
-&gt; done: EditFormSteps.WhenIEnterAsConcededAndAsTakenTime("0025", "0026") (2.0s)&#xD;
And I set penalty retake count to 1 in penalty edit&#xD;
-&gt; done: PenaltyEditSteps.WhenISetRetakeCountTo(1) (0.1s)&#xD;
And I choose player with number 6 from team 1 as penalty taker&#xD;
-&gt; done: PenaltyShootoutEditSteps.WhenIChoosePlayerWithNumberFromTeamAsPenaltyTaker(6, 1) (0.5s)&#xD;
And I choose player with number 4 for foul reason&#xD;
-&gt; done: PenaltyEditSteps.WhenIChoosePlayerWithNumberForFoulReason(4) (0.5s)&#xD;
And I click on miss off target result in penalty edit&#xD;
-&gt; done: PenaltyEditSteps.WhenIClickOnMissOffTargetPenaltyResult() (0.1s)&#xD;
And I click on goalkeeper not saved in penalty insert&#xD;
-&gt; done: PenaltyShootoutEditSteps.WhenIClickOnGoalkeeperNotSavedInPenaltyInsert() (0.1s)&#xD;
And I add pitch location&#xD;
-&gt; done: MiniPitchEditPageElementSteps.WhenIAddPitchLocation() (0.3s)&#xD;
And I add "out top right" shot location in net section&#xD;
-&gt; done: PenaltyShootoutEditSteps.WhenIAddShotLocationInNetSection("out top right") (0.3s)&#xD;
And I set VAR as Overturned&#xD;
-&gt; done: EditFormSteps.WhenISetVarAsOverturned() (0.2s)&#xD;
And I click Save button in action edit form&#xD;
-&gt; done: EditFormSteps.ClickSaveButtonInActionEditForm() (0.6s)&#xD;
Then penalty insert view is not visible&#xD;
Failed to find element with query '[data-qa='penaltyEditScreen']'. Web driver timeout exception.&#xD;
-&gt; done: PenaltyEditSteps.ThenPenaltyShootoutKickInsertViewIsNotVisible() (2.0s)&#xD;
And "VAR" Action is displayed at 2 in expanded action log&#xD;
-&gt; done: ExpandedActionLogSteps.ThenGoalActionIsDisplayedAtInExpandedActionLog("VAR", 2) (0.0s)&#xD;
And at 2 position action time is "00:25" in "H1" half&#xD;
-&gt; done: ExpandedActionLogSteps.ThenAtPositionActionTimeIsInHalf(2, "00:25", "H1") (0.1s)&#xD;
And at 2 position action has one qualifier with name "Overturned"&#xD;
-&gt; done: ExpandedActionLogSteps.ThenAtPositionActionHasOneQualifierWithName(2, "Overturned") (0.1s)&#xD;
And at 2 position action has no player and team&#xD;
-&gt; done: ExpandedActionLogSteps.ThenAtPositionActionHasNoPlayerAndTeam(2) (0.0s)&#xD;
And Action at position 2 do not have score&#xD;
-&gt; done: ExpandedActionLogSteps.ThenActionAtPositionDoNotHaveScore(2) (0.0s)&#xD;
And "Penalty" Action is displayed at 3 in expanded action log&#xD;
-&gt; done: ExpandedActionLogSteps.ThenGoalActionIsDisplayedAtInExpandedActionLog("Penalty", 3) (0.0s)&#xD;
And at 3 position action time is "00:25" in "H1" half&#xD;
-&gt; done: ExpandedActionLogSteps.ThenAtPositionActionTimeIsInHalf(3, "00:25", "H1") (0.1s)&#xD;
And at 3 position action has no qualifiers&#xD;
-&gt; done: ExpandedActionLogSteps.ThenAtPositionActionHasNoQualifiers(3) (0.1s)&#xD;
And at 3 position action displays player with number 6 from team 1&#xD;
-&gt; done: ExpandedActionLogSteps.ThenActionAtPositionPlayerIsDisplayedAs(3, 6, 1) (0.1s)&#xD;
And Action at position 3 do not have score&#xD;
-&gt; done: ExpandedActionLogSteps.ThenActionAtPositionDoNotHaveScore(3) (0.0s)&#xD;
And "Foul" Action is displayed at 4 in expanded action log&#xD;
-&gt; done: ExpandedActionLogSteps.ThenGoalActionIsDisplayedAtInExpandedActionLog("Foul", 4) (0.0s)&#xD;
And at 4 position action time is "00:25" in "H1" half&#xD;
-&gt; done: ExpandedActionLogSteps.ThenAtPositionActionTimeIsInHalf(4, "00:25", "H1") (0.1s)&#xD;
And at 4 position action has no qualifiers&#xD;
-&gt; done: ExpandedActionLogSteps.ThenAtPositionActionHasNoQualifiers(4) (0.1s)&#xD;
And at 4 position action displays player with number 4 from team 2&#xD;
-&gt; done: ExpandedActionLogSteps.ThenActionAtPositionPlayerIsDisplayedAs(4, 4, 2) (0.1s)&#xD;
And Action at position 4 do not have score&#xD;
-&gt; done: ExpandedActionLogSteps.ThenActionAtPositionDoNotHaveScore(4) (0.0s)&#xD;
sandbox: CleanUpAfterTestRun started.&#xD;
sandbox: application pages != null: True&#xD;
sandbox: web driver!= null: True&#xD;
sandbox: CleanUpAfterTestRun complete.</StdOut>
      </Output>
    </UnitTestResult>
    <UnitTestResult executionId="ddf8615c-bc06-452f-abf1-3ba6dac0858b" testId="474559e1-65e8-19b8-7cb0-fcb1a3e8bda9" testName="GivenShotStartedInFootball_WhenSelectingShotWithNoSave_ThenShotFinished(OffTarget)" computerName="EC2AMAZ-JEOO151" duration="00:00:15.0820000" startTime="2019-07-11T21:13:21.0000000+00:00" endTime="2019-07-11T21:13:36.0000000+00:00" testType="13cdc9d9-ddb5-4fa4-a97d-d965ccfc6d4b" outcome="Passed" testListId="8c84fa94-04c1-424b-9868-57a2d4851a1d" relativeResultsDirectory="ddf8615c-bc06-452f-abf1-3ba6dac0858b">
      <Output>
        <StdOut>sandbox: PrepareForTestRun started.&#xD;
sandbox: football liveStatsApp != null: True &#xD;
sandbox: football liveStatsApp.IsProcessRunning: True &#xD;
sandbox: setupLocalData: localDatabaseProvider != null: True&#xD;
sandbox: applicationPages != null: True&#xD;
sandbox: applicationPages.Webdriver != null: True&#xD;
sandbox: finished setuping local data&#xD;
sandbox: PrepareForTestRun complete.&#xD;
Given action failed. Retrying after a timeout.&#xD;
Failed to find data-qa element with tag 'dangerZoneText'. No such element exception.&#xD;
Failed to find data-qa element with tag 'dangerZoneText'. No such element exception.&#xD;
Failed to find data-qa element with tag 'dangerZoneText'. No such element exception.&#xD;
Failed to find data-qa element with tag 'dangerZoneText'. No such element exception.&#xD;
sandbox: CleanUpAfterTestRun started.&#xD;
sandbox: application pages != null: True&#xD;
sandbox: web driver!= null: True&#xD;
sandbox: CleanUpAfterTestRun complete.</StdOut>
      </Output>
    </UnitTestResult>
    <UnitTestResult executionId="97af21d2-f67a-46c0-b882-fd0eaf42913f" testId="3694d1de-1c29-6ee6-b58d-57aba913ff96" testName="SelectOffenceForFreekick(&quot;2&quot;,&quot;1&quot;,&quot;1&quot;,null)" computerName="EC2AMAZ-JEOO151" duration="00:00:05.3310000" startTime="2019-07-11T18:57:17.0000000+00:00" endTime="2019-07-11T18:57:22.0000000+00:00" testType="13cdc9d9-ddb5-4fa4-a97d-d965ccfc6d4b" outcome="Passed" testListId="8c84fa94-04c1-424b-9868-57a2d4851a1d" relativeResultsDirectory="97af21d2-f67a-46c0-b882-fd0eaf42913f">
      <Output>
        <StdOut>sandbox: PrepareForTestRun started.&#xD;
sandbox: football liveStatsApp != null: True &#xD;
sandbox: football liveStatsApp.IsProcessRunning: True &#xD;
sandbox: setupLocalData: localDatabaseProvider != null: True&#xD;
sandbox: applicationPages != null: True&#xD;
sandbox: applicationPages.Webdriver != null: True&#xD;
sandbox: finished setuping local data&#xD;
sandbox: PrepareForTestRun complete.&#xD;
Given Match started with kick off from existing game&#xD;
-&gt; done: SetupGameSteps.GivenMatchStartedWithKickOffButtonFromExistingGame() (3.3s)&#xD;
When I click Freekick button for team 2&#xD;
-&gt; done: TeamActionButtonSteps.WhenIClickFreekickButtonForTeam(2) (0.5s)&#xD;
And I click on pitch x 20 and y 50&#xD;
-&gt; done: PitchScreenSteps.WhenIClickOnPitch(20, 50) (0.1s)&#xD;
And I click "Offence" button in freekick reason dialog&#xD;
-&gt; done: FreeKickSteps.WhenIClickButtonInFreekickReasonDialog("Offence") (0.2s)&#xD;
Then team 1 players are enabled&#xD;
-&gt; done: PitchPlayersComponentSteps.ThenTeamPlayersAreEnabled(1) (0.2s)&#xD;
And "OFFENCE" is shown in freekick event action&#xD;
-&gt; done: ActionLogSteps.ThenIsShownInFreekickEventAction("OFFENCE") (0.1s)&#xD;
And Notification "Select player that committed the offence..." is shown&#xD;
-&gt; done: PitchBottomMessageBarSteps.ThenIsShown("Select player tha...") (0.1s)&#xD;
sandbox: CleanUpAfterTestRun started.&#xD;
sandbox: application pages != null: True&#xD;
sandbox: web driver!= null: True&#xD;
sandbox: CleanUpAfterTestRun complete.</StdOut>
      </Output>
    </UnitTestResult>
    <UnitTestResult executionId="3d16d3b2-367d-4a97-8bd1-c52bef1fd0be" testId="307301a0-917c-b41f-004d-5422441b30aa" testName="DoNotConfirmPenaltyGoal(&quot;2&quot;,&quot;1&quot;,&quot;10&quot;,&quot;50&quot;,&quot;8&quot;,&quot;11&quot;,null)" computerName="EC2AMAZ-JEOO151" duration="00:00:16.2000000" startTime="2019-07-11T19:03:14.0000000+00:00" endTime="2019-07-11T19:03:30.0000000+00:00" testType="13cdc9d9-ddb5-4fa4-a97d-d965ccfc6d4b" outcome="Passed" testListId="8c84fa94-04c1-424b-9868-57a2d4851a1d" relativeResultsDirectory="3d16d3b2-367d-4a97-8bd1-c52bef1fd0be">
      <Output>
        <StdOut>sandbox: PrepareForTestRun started.&#xD;
sandbox: football liveStatsApp != null: True &#xD;
sandbox: football liveStatsApp.IsProcessRunning: True &#xD;
sandbox: setupLocalData: localDatabaseProvider != null: True&#xD;
sandbox: applicationPages != null: True&#xD;
sandbox: applicationPages.Webdriver != null: True&#xD;
sandbox: finished setuping local data&#xD;
sandbox: PrepareForTestRun complete.&#xD;
Given Match started with kick off from existing game&#xD;
-&gt; done: SetupGameSteps.GivenMatchStartedWithKickOffButtonFromExistingGame() (3.2s)&#xD;
When I click "Possible Penalty" button for team 2&#xD;
-&gt; done: TeamActionButtonSteps.GivenIClickPossiblePenaltyButtonForTeam(2) (0.6s)&#xD;
And I confirm penalty by clicking "Confirm" button&#xD;
-&gt; done: PenaltySteps.WhenIConfirmPenaltyByClickingButton() (2.3s)&#xD;
And I click on pitch x 10 and y 50&#xD;
Failed to find element with query '[data-qa='activePitchOverlay']'. Web driver timeout exception.&#xD;
Given action failed. Retrying after a timeout.&#xD;
Failed to find element with query '[data-qa='activePitchOverlay']'. Web driver timeout exception.&#xD;
-&gt; done: PitchScreenSteps.WhenIClickOnPitch(10, 50) (4.5s)&#xD;
And I click "Foul" reason button&#xD;
-&gt; done: CardSteps.WhenIClickReasonButton("Foul") (0.2s)&#xD;
And I click on team 1 player on pitch with shirt number 8&#xD;
-&gt; done: PitchPlayersComponentSteps.WhenIClickOnTeamPlayerOnPitchWithShirtNumber(1, 8) (0.3s)&#xD;
And I click on team 2 player on pitch with shirt number 11&#xD;
-&gt; done: PitchPlayersComponentSteps.WhenIClickOnTeamPlayerOnPitchWithShirtNumber(2, 11) (0.4s)&#xD;
And I click "Penalty Goal" Button&#xD;
-&gt; done: PenaltySteps.WhenIClickPenaltyGoalButton() (0.2s)&#xD;
And I do not confirm penalty goal by clicking "Cancel &amp; Delete" button&#xD;
-&gt; done: PenaltySteps.WhenIDoNotConfirmPenaltyGoalByClickingButton() (0.2s)&#xD;
And I confirm penalty goal deletion&#xD;
-&gt; done: PenaltySteps.WhenIConfirmPenaltyGoalDeletion() (0.4s)&#xD;
Then Score is 0 for team 2&#xD;
-&gt; done: ScoreBoardSteps.ThenScoreIsForTeam(0, 2) (0.1s)&#xD;
And Score is 0 for team 1&#xD;
-&gt; done: ScoreBoardSteps.ThenScoreIsForTeam(0, 1) (0.1s)&#xD;
And Action Buttons are enabled&#xD;
-&gt; done: TeamActionButtonSteps.ThenActionButtonsAreEnabled() (0.7s)&#xD;
And Player on pitch with shirt number 11 of team 2 do not have goal icon&#xD;
Failed to find data-qa element with tag 'playerGoals'. No such element exception.&#xD;
-&gt; done: PitchPlayersComponentSteps.ThenPlayerOnPitchWithShirtNumberOfTeamDoNotHaveGoalIcon(11, 2) (2.2s)&#xD;
sandbox: CleanUpAfterTestRun started.&#xD;
sandbox: application pages != null: True&#xD;
sandbox: web driver!= null: True&#xD;
sandbox: CleanUpAfterTestRun complete.</StdOut>
      </Output>
    </UnitTestResult>
    <UnitTestResult executionId="6dbff49c-db24-4147-ae38-c3341f0e1530" testId="2351d0bb-75c3-9745-c119-d4a62753b1ea" testName="GivenFootballReportsOpened_WhenOpeningReport_ReportPreviewIsShown(&quot;Shot Summary&quot;)" computerName="EC2AMAZ-JEOO151" duration="00:00:06.2050000" startTime="2019-07-11T21:44:47.0000000+00:00" endTime="2019-07-11T21:44:53.0000000+00:00" testType="13cdc9d9-ddb5-4fa4-a97d-d965ccfc6d4b" outcome="Passed" testListId="8c84fa94-04c1-424b-9868-57a2d4851a1d" relativeResultsDirectory="6dbff49c-db24-4147-ae38-c3341f0e1530">
      <Output>
        <StdOut>sandbox: PrepareForTestRun started.&#xD;
sandbox: football liveStatsApp != null: True &#xD;
sandbox: football liveStatsApp.IsProcessRunning: True &#xD;
sandbox: setupLocalData: localDatabaseProvider != null: True&#xD;
sandbox: applicationPages != null: True&#xD;
sandbox: applicationPages.Webdriver != null: True&#xD;
sandbox: finished setuping local data&#xD;
sandbox: PrepareForTestRun complete.&#xD;
sandbox: CleanUpAfterTestRun started.&#xD;
sandbox: application pages != null: True&#xD;
sandbox: web driver!= null: True&#xD;
sandbox: CleanUpAfterTestRun complete.</StdOut>
      </Output>
    </UnitTestResult>
    <UnitTestResult executionId="c984aeb1-d97e-4b39-a1ce-9a18ef62960b" testId="37946cf9-f9e4-2b84-2d29-443a054db975" testName="PenaltyShootoutShot_OnMiss(&quot;1&quot;,&quot;2&quot;,&quot;90&quot;,&quot;50&quot;,&quot;5&quot;,&quot;16&quot;,null)" computerName="EC2AMAZ-JEOO151" duration="00:00:17.0330000" startTime="2019-07-11T19:17:17.0000000+00:00" endTime="2019-07-11T19:17:34.0000000+00:00" testType="13cdc9d9-ddb5-4fa4-a97d-d965ccfc6d4b" outcome="Passed" testListId="8c84fa94-04c1-424b-9868-57a2d4851a1d" relativeResultsDirectory="c984aeb1-d97e-4b39-a1ce-9a18ef62960b">
      <Output>
        <StdOut>sandbox: PrepareForTestRun started.&#xD;
sandbox: football liveStatsApp != null: True &#xD;
sandbox: football liveStatsApp.IsProcessRunning: True &#xD;
sandbox: setupLocalData: localDatabaseProvider != null: True&#xD;
sandbox: applicationPages != null: True&#xD;
sandbox: applicationPages.Webdriver != null: True&#xD;
sandbox: finished setuping local data&#xD;
sandbox: PrepareForTestRun complete.&#xD;
Given penalty shoot-out phase started&#xD;
-&gt; done: PitchClockSteps.GivenGamePenaltyShoot_OutPhaseStarted() (14.7s)&#xD;
When I click on team 1 player on pitch with shirt number 16&#xD;
-&gt; done: PitchPlayersComponentSteps.WhenIClickOnTeamPlayerOnPitchWithShirtNumber(1, 16) (0.4s)&#xD;
And I click "Penalty Shot On Target" Button&#xD;
-&gt; done: PenaltySteps.WhenIClickPenaltyShotOnTargetButton() (0.2s)&#xD;
And I click on net x "10" and y "10"&#xD;
-&gt; done: NetSectionSteps.WhenIClickOnNetXAndY(10, 10) (0.2s)&#xD;
Then Score is 0 for team 1&#xD;
-&gt; done: ScoreBoardSteps.ThenScoreIsForTeam(0, 1) (0.2s)&#xD;
And Score is 0 for team 2&#xD;
-&gt; done: ScoreBoardSteps.ThenScoreIsForTeam(0, 2) (0.1s)&#xD;
And Team 1 has 1 penalty shoot-out miss in score board&#xD;
-&gt; done: PenaltyShootoutSteps.ThenTeamHasPenaltyShoot_OutMiss(1, 1) (0.1s)&#xD;
And Latest "PenaltyShootout" event is completed&#xD;
-&gt; done: ActionLogSteps.ThenLatestEventIsConfirmed(PenaltyShootout) (0.0s)&#xD;
sandbox: CleanUpAfterTestRun started.&#xD;
sandbox: application pages != null: True&#xD;
sandbox: web driver!= null: True&#xD;
sandbox: CleanUpAfterTestRun complete.</StdOut>
      </Output>
    </UnitTestResult>
    <UnitTestResult executionId="b19b54ef-4300-4ad1-9722-29ee4963ea0d" testId="04dbf16f-0da6-bcb3-606c-bedb6b0c5c42" testName="SelectOffenceForPenalty(&quot;1&quot;,&quot;2&quot;,&quot;90&quot;,&quot;50&quot;,null)" computerName="EC2AMAZ-JEOO151" duration="00:00:13.4830000" startTime="2019-07-11T19:10:40.0000000+00:00" endTime="2019-07-11T19:10:54.0000000+00:00" testType="13cdc9d9-ddb5-4fa4-a97d-d965ccfc6d4b" outcome="Passed" testListId="8c84fa94-04c1-424b-9868-57a2d4851a1d" relativeResultsDirectory="b19b54ef-4300-4ad1-9722-29ee4963ea0d">
      <Output>
        <StdOut>sandbox: PrepareForTestRun started.&#xD;
sandbox: football liveStatsApp != null: True &#xD;
sandbox: football liveStatsApp.IsProcessRunning: True &#xD;
sandbox: setupLocalData: localDatabaseProvider != null: True&#xD;
sandbox: applicationPages != null: True&#xD;
sandbox: applicationPages.Webdriver != null: True&#xD;
sandbox: finished setuping local data&#xD;
sandbox: PrepareForTestRun complete.&#xD;
Given Match started with kick off from existing game&#xD;
-&gt; done: SetupGameSteps.GivenMatchStartedWithKickOffButtonFromExistingGame() (3.3s)&#xD;
When I click "Possible Penalty" button for team 1&#xD;
Given action failed. Retrying after a timeout.&#xD;
-&gt; done: TeamActionButtonSteps.GivenIClickPossiblePenaltyButtonForTeam(1) (0.8s)&#xD;
And I confirm penalty by clicking "Confirm" button&#xD;
-&gt; done: PenaltySteps.WhenIConfirmPenaltyByClickingButton() (2.3s)&#xD;
And I click on pitch x 90 and y 50&#xD;
Failed to find element with query '[data-qa='activePitchOverlay']'. Web driver timeout exception.&#xD;
Given action failed. Retrying after a timeout.&#xD;
Failed to find element with query '[data-qa='activePitchOverlay']'. Web driver timeout exception.&#xD;
-&gt; done: PitchScreenSteps.WhenIClickOnPitch(90, 50) (4.4s)&#xD;
And I click "Offence" reason button&#xD;
-&gt; done: CardSteps.WhenIClickReasonButton("Offence") (0.2s)&#xD;
Then team 1 players are disabled&#xD;
-&gt; done: PitchPlayersComponentSteps.ThenTeamPlayersAreDisabled(1) (0.2s)&#xD;
And Latest "Penalty" event is highlighted&#xD;
-&gt; done: ActionLogSteps.ThenCardEventIsHighlighted(Penalty) (0.0s)&#xD;
And team 2 players are enabled&#xD;
-&gt; done: PitchPlayersComponentSteps.ThenTeamPlayersAreEnabled(2) (0.1s)&#xD;
And Offence label is shown in Penalty event action log&#xD;
-&gt; done: ActionLogSteps.ThenOffenceIsShownInPenaltyEventActionLog("Offence", Penalty) (0.1s)&#xD;
And Offence label of "Penalty" event in action log is in team 2 color&#xD;
-&gt; done: ActionLogSteps.ThenSubItemOfEventInActionLogIsInTeamColor("Offence", Penalty, 2) (0.1s)&#xD;
And Notification "Select the player that committed the offence..." is shown&#xD;
-&gt; done: PitchBottomMessageBarSteps.ThenIsShown("Select the player...") (0.1s)&#xD;
And "Back" button is shown&#xD;
-&gt; done: WorkflowSteps.ThenBackButtonIsVisible() (0.0s)&#xD;
And "Cancel &amp; Delete" button is shown&#xD;
-&gt; done: WorkflowSteps.ThenCancelAndDeleteButtonIsShown() (0.0s)&#xD;
And Team 2 is shown in Offence label of "Penalty" event in action log&#xD;
-&gt; done: ActionLogSteps.ThenTeamIsShownInSubItemOfEventInActionLog(2, "Offence", Penalty) (0.1s)&#xD;
And Team 1 is shown in Penalty label of "Penalty" event in action log&#xD;
-&gt; done: ActionLogSteps.ThenTeamIsShownInSubItemOfEventInActionLog(1, "Penalty", Penalty) (0.1s)&#xD;
And All action buttons except card and goal buttons are disabled for both teams&#xD;
-&gt; done: TeamActionButtonSteps.ThenAllActionButtonsExceptCardAndGoalButtonsAreDisabledForBothTeams() (0.6s)&#xD;
And penalty action button is selected for team "1"&#xD;
-&gt; done: TeamActionButtonSteps.ThenPenaltyActionButtonIsSelected(1) (0.0s)&#xD;
sandbox: CleanUpAfterTestRun started.&#xD;
sandbox: application pages != null: True&#xD;
sandbox: web driver!= null: True&#xD;
sandbox: CleanUpAfterTestRun complete.</StdOut>
      </Output>
    </UnitTestResult>
    <UnitTestResult executionId="e4ddee2c-ce5e-4cc2-9150-b2fdc2a01046" testId="46a5f47a-6760-34a9-90af-c8f5d839385c" testName="CancelCardInsert" computerName="EC2AMAZ-JEOO151" duration="00:00:16.7320000" startTime="2019-07-11T18:11:04.0000000+00:00" endTime="2019-07-11T18:11:20.0000000+00:00" testType="13cdc9d9-ddb5-4fa4-a97d-d965ccfc6d4b" outcome="Passed" testListId="8c84fa94-04c1-424b-9868-57a2d4851a1d" relativeResultsDirectory="e4ddee2c-ce5e-4cc2-9150-b2fdc2a01046">
      <Output>
        <StdOut>sandbox: PrepareForTestRun started.&#xD;
sandbox: football liveStatsApp != null: True &#xD;
sandbox: football liveStatsApp.IsProcessRunning: True &#xD;
sandbox: setupLocalData: localDatabaseProvider != null: True&#xD;
sandbox: applicationPages != null: True&#xD;
sandbox: applicationPages.Webdriver != null: True&#xD;
sandbox: finished setuping local data&#xD;
sandbox: PrepareForTestRun complete.&#xD;
Given Match started with kick off from existing game&#xD;
-&gt; done: SetupGameSteps.GivenMatchStartedWithKickOffButtonFromExistingGame() (3.3s)&#xD;
And "Yellow" Card for Team 1 is registered&#xD;
Given action failed. Retrying after a timeout.&#xD;
-&gt; done: CardSteps.GivenCardForTeamIsRegistered(Yellow, 1) (3.7s)&#xD;
And "Top right" corner added for Team 1&#xD;
Given action failed. Retrying after a timeout.&#xD;
-&gt; done: CornerSteps.GivenCornerAddedForTeam("Top right", 1) (3.2s)&#xD;
And I clicked on latest "Corner" event in action log&#xD;
-&gt; done: ActionLogSteps.GivenIClickOnLatestEventInActionLog(Corner) (0.2s)&#xD;
And I entered new conceded event time of "0030"&#xD;
-&gt; done: EditFormSteps.GivenIEnterNewConcededEventTimeOf("0030") (1.0s)&#xD;
And I clicked Save button in action edit form&#xD;
-&gt; done: EditFormSteps.ClickSaveButtonInActionEditForm() (0.6s)&#xD;
And I remembered current players on pitch shirt numbers&#xD;
-&gt; done: GoalEditSteps.GivenIRememberCurrentPlayersOnPitch() (1.1s)&#xD;
When I click Expand Action log button&#xD;
-&gt; done: ActionLogSteps.WhenIClickExpandActionLogButton() (0.2s)&#xD;
And I click last action in expanded action log&#xD;
-&gt; done: ExpandedActionLogSteps.WhenIClickLastActionInExpandedActionLog() (0.1s)&#xD;
And I click insert after button in expanded action log&#xD;
-&gt; done: ExpandedActionLogSteps.WhenIClickInsertAfterButtonInExpandedActionLog() (0.1s)&#xD;
And I click insert Card button in insert after dropdown&#xD;
-&gt; done: ExpandedActionLogSteps.WhenIClickInsertCardButtonInInsertAfterDropdown() (0.1s)&#xD;
And I Click "cancel" Button in insert window&#xD;
-&gt; done: EditFormSteps.GivenIClickCancelButton() (0.1s)&#xD;
Then Cards insert view is not visible&#xD;
Failed to find element with query '[data-qa='bookingEditScreen']'. Web driver timeout exception.&#xD;
-&gt; done: CardEditSteps.ThenGoalKickEditViewIsNotVisible() (2.0s)&#xD;
And "Corner" Action is displayed at 1 in expanded action log&#xD;
-&gt; done: ExpandedActionLogSteps.ThenGoalActionIsDisplayedAtInExpandedActionLog("Corner", 1) (0.1s)&#xD;
sandbox: CleanUpAfterTestRun started.&#xD;
sandbox: application pages != null: True&#xD;
sandbox: web driver!= null: True&#xD;
sandbox: CleanUpAfterTestRun complete.</StdOut>
      </Output>
    </UnitTestResult>
    <UnitTestResult executionId="403eed86-78d5-4ae7-b4e9-13ee83a0f47d" testId="b4676e09-19e0-3b10-a30b-1c1f1fe6c1aa" testName="CannotInsertActionsAfterBeforeActionInPeriodBreak(&quot;after&quot;,&quot;GameStart&quot;,null)" computerName="EC2AMAZ-JEOO151" duration="00:00:09.2180000" startTime="2019-07-11T18:42:46.0000000+00:00" endTime="2019-07-11T18:42:55.0000000+00:00" testType="13cdc9d9-ddb5-4fa4-a97d-d965ccfc6d4b" outcome="Passed" testListId="8c84fa94-04c1-424b-9868-57a2d4851a1d" relativeResultsDirectory="403eed86-78d5-4ae7-b4e9-13ee83a0f47d">
      <Output>
        <StdOut>sandbox: PrepareForTestRun started.&#xD;
sandbox: football liveStatsApp != null: True &#xD;
sandbox: football liveStatsApp.IsProcessRunning: True &#xD;
sandbox: setupLocalData: localDatabaseProvider != null: True&#xD;
sandbox: applicationPages != null: True&#xD;
sandbox: applicationPages.Webdriver != null: True&#xD;
sandbox: finished setuping local data&#xD;
sandbox: PrepareForTestRun complete.&#xD;
Given Second period started from existing game&#xD;
-&gt; done: SetupGameSteps.GivenSecondPeriodStartedFromExistingGame() (6.5s)&#xD;
When I click Expand Action log button&#xD;
-&gt; done: ActionLogSteps.WhenIClickExpandActionLogButton() (0.3s)&#xD;
And I insert "Injury" before "GameStart"&#xD;
-&gt; done: ExpandedActionLogSteps.WhenIInsertBefore(Injury, GameStart) (0.3s)&#xD;
And I click off-pitch&#xD;
-&gt; done: PlayerInjuryEditSteps.WhenIClickOffPitchInjury() (0.1s)&#xD;
And I update injury with team 1, player 4 in edit window&#xD;
-&gt; done: PlayerInjuryEditSteps.WhenIUpdateInjuryWithTeamPlayer(1, 4) (0.3s)&#xD;
And I click Save button in action edit form&#xD;
-&gt; done: EditFormSteps.ClickSaveButtonInActionEditForm() (0.6s)&#xD;
And I select latest "Injury" action in expanded action log&#xD;
-&gt; done: ExpandedActionLogSteps.WhenISelectLatestActionInExpandedActionLog(Injury) (0.1s)&#xD;
And I click insert after button in expanded action log&#xD;
-&gt; done: ExpandedActionLogSteps.WhenIClickInsertAfterButtonInExpandedActionLog() (0.1s)&#xD;
Then Insert after drop down should contain only card, injury and sub&#xD;
-&gt; done: ExpandedActionLogSteps.ThenInsertAfterDropDownShouldNotContainAction() (0.2s)&#xD;
sandbox: CleanUpAfterTestRun started.&#xD;
sandbox: application pages != null: True&#xD;
sandbox: web driver!= null: True&#xD;
sandbox: CleanUpAfterTestRun complete.</StdOut>
      </Output>
    </UnitTestResult>
    <UnitTestResult executionId="ad7f41bd-10f0-4e85-999b-b9d8072618f7" testId="7bea220f-3fbb-08e0-29a1-fc992a4c331f" testName="GivenGameInProgress_WhenPuttingCardOnHold_ThenSetsCardAsIncompleteAction(Red,1)" computerName="EC2AMAZ-JEOO151" duration="00:00:05.3830000" startTime="2019-07-11T20:57:30.0000000+00:00" endTime="2019-07-11T20:57:35.0000000+00:00" testType="13cdc9d9-ddb5-4fa4-a97d-d965ccfc6d4b" outcome="Passed" testListId="8c84fa94-04c1-424b-9868-57a2d4851a1d" relativeResultsDirectory="ad7f41bd-10f0-4e85-999b-b9d8072618f7">
      <Output>
        <StdOut>sandbox: PrepareForTestRun started.&#xD;
sandbox: football liveStatsApp != null: True &#xD;
sandbox: football liveStatsApp.IsProcessRunning: True &#xD;
sandbox: setupLocalData: localDatabaseProvider != null: True&#xD;
sandbox: applicationPages != null: True&#xD;
sandbox: applicationPages.Webdriver != null: True&#xD;
sandbox: finished setuping local data&#xD;
sandbox: PrepareForTestRun complete.&#xD;
Given action failed. Retrying after a timeout.&#xD;
sandbox: CleanUpAfterTestRun started.&#xD;
sandbox: application pages != null: True&#xD;
sandbox: web driver!= null: True&#xD;
sandbox: CleanUpAfterTestRun complete.</StdOut>
      </Output>
    </UnitTestResult>
    <UnitTestResult executionId="7ea08ef4-68f2-4d8f-8605-a8bfe8256a80" testId="178d97f4-53ce-0e48-99f9-a2f46d027471" testName="InsertShotOnPenaltyShootoutKickAfterOrBeforeLastEvent(&quot;after&quot;,&quot;1&quot;,&quot;2&quot;,&quot;2&quot;,&quot;1&quot;,null)" computerName="EC2AMAZ-JEOO151" duration="00:00:24.9990000" startTime="2019-07-11T18:38:33.0000000+00:00" endTime="2019-07-11T18:38:58.0000000+00:00" testType="13cdc9d9-ddb5-4fa4-a97d-d965ccfc6d4b" outcome="Passed" testListId="8c84fa94-04c1-424b-9868-57a2d4851a1d" relativeResultsDirectory="7ea08ef4-68f2-4d8f-8605-a8bfe8256a80">
      <Output>
        <StdOut>sandbox: PrepareForTestRun started.&#xD;
sandbox: football liveStatsApp != null: True &#xD;
sandbox: football liveStatsApp.IsProcessRunning: True &#xD;
sandbox: setupLocalData: localDatabaseProvider != null: True&#xD;
sandbox: applicationPages != null: True&#xD;
sandbox: applicationPages.Webdriver != null: True&#xD;
sandbox: finished setuping local data&#xD;
sandbox: PrepareForTestRun complete.&#xD;
Given penalty shoot-out phase started&#xD;
-&gt; done: PitchClockSteps.GivenGamePenaltyShoot_OutPhaseStarted() (14.7s)&#xD;
And I remembered current players on pitch shirt numbers&#xD;
-&gt; done: GoalEditSteps.GivenIRememberCurrentPlayersOnPitch() (1.3s)&#xD;
And I recorded penalty shoot-out kick "Goal" for team 2 player with shirt number 1&#xD;
-&gt; done: PenaltyShootoutSteps.WhenIRecordPenaltyShoot_OutKickGoalForTeamPlayerWithShirtNumber(2, 1) (2.6s)&#xD;
When I click Expand Action log button&#xD;
-&gt; done: ActionLogSteps.WhenIClickExpandActionLogButton() (0.3s)&#xD;
And I insert "PenaltyShootoutKick" after last action in expanded action log&#xD;
-&gt; done: ExpandedActionLogSteps.WhenIInsertPenaltyAfterLastActionInExpandedActionLog(PenaltyShootoutKick) (0.3s)&#xD;
And I choose player with number 6 from team 1 as penalty taker&#xD;
-&gt; done: PenaltyShootoutEditSteps.WhenIChoosePlayerWithNumberFromTeamAsPenaltyTaker(6, 1) (0.6s)&#xD;
And I click on miss on target result in penalty insert&#xD;
-&gt; done: PenaltyShootoutEditSteps.WhenIClickOnMissOnTargetPenaltyInsert() (0.1s)&#xD;
And I add "top right" shot location in net section&#xD;
-&gt; done: PenaltyShootoutEditSteps.WhenIAddShotLocationInNetSection("top right") (0.3s)&#xD;
And I set penalty retake count to 1 in penalty edit&#xD;
-&gt; done: PenaltyEditSteps.WhenISetRetakeCountTo(1) (0.1s)&#xD;
And I click Save button in action edit form&#xD;
-&gt; done: EditFormSteps.ClickSaveButtonInActionEditForm() (0.6s)&#xD;
Then penalty shootout kick insert view is not visible&#xD;
Failed to find element with query '[data-qa='penaltyShootoutEditScreen']'. Web driver timeout exception.&#xD;
-&gt; done: PenaltyShootoutEditSteps.ThenPenaltyShootoutKickInsertViewIsNotVisible() (2.1s)&#xD;
And "Save by GK" Action is displayed at 1 in expanded action log&#xD;
-&gt; done: ExpandedActionLogSteps.ThenGoalActionIsDisplayedAtInExpandedActionLog("Save by GK", 1) (0.0s)&#xD;
And at 1 position action time is "90:00" in "PSO" half&#xD;
-&gt; done: ExpandedActionLogSteps.ThenAtPositionActionTimeIsInHalf(1, "90:00", "PSO") (0.1s)&#xD;
And at 1 position action has no qualifiers&#xD;
-&gt; done: ExpandedActionLogSteps.ThenAtPositionActionHasNoQualifiers(1) (0.1s)&#xD;
And at 1 position action displays team 2 with no player&#xD;
-&gt; done: ExpandedActionLogSteps.ThenAtPositionActionDisplaysTeamWithNoPlayer(1, 2) (0.0s)&#xD;
And Action at position 1 do not have score&#xD;
-&gt; done: ExpandedActionLogSteps.ThenActionAtPositionDoNotHaveScore(1) (0.0s)&#xD;
And "Penalty Shootout Kick" Action is displayed at 2 in expanded action log&#xD;
-&gt; done: ExpandedActionLogSteps.ThenGoalActionIsDisplayedAtInExpandedActionLog("Penalty Shootout ...", 2) (0.0s)&#xD;
And at 2 position action time is "90:00" in "PSO" half&#xD;
-&gt; done: ExpandedActionLogSteps.ThenAtPositionActionTimeIsInHalf(2, "90:00", "PSO") (0.1s)&#xD;
And at 2 position action has no qualifiers&#xD;
-&gt; done: ExpandedActionLogSteps.ThenAtPositionActionHasNoQualifiers(2) (0.1s)&#xD;
And at 2 position action displays player with number 6 from team 1&#xD;
-&gt; done: ExpandedActionLogSteps.ThenActionAtPositionPlayerIsDisplayedAs(2, 6, 1) (0.1s)&#xD;
And Action at position 2 do not have score&#xD;
-&gt; done: ExpandedActionLogSteps.ThenActionAtPositionDoNotHaveScore(2) (0.0s)&#xD;
sandbox: CleanUpAfterTestRun started.&#xD;
sandbox: application pages != null: True&#xD;
sandbox: web driver!= null: True&#xD;
sandbox: CleanUpAfterTestRun complete.</StdOut>
      </Output>
    </UnitTestResult>
    <UnitTestResult executionId="12da9be9-9dac-401c-a0f9-d676b8368f58" testId="7537791c-a8c3-13a4-c6e7-ceb3674c27d5" testName="CannotAddDuplicateInformationBothTeams(&quot;short team code&quot;,&quot;s11&quot;,null)" computerName="EC2AMAZ-JEOO151" duration="00:00:04.2810000" startTime="2019-07-11T17:38:55.0000000+00:00" endTime="2019-07-11T17:39:00.0000000+00:00" testType="13cdc9d9-ddb5-4fa4-a97d-d965ccfc6d4b" outcome="Passed" testListId="8c84fa94-04c1-424b-9868-57a2d4851a1d" relativeResultsDirectory="12da9be9-9dac-401c-a0f9-d676b8368f58">
      <Output>
        <StdOut>sandbox: PrepareForTestRun started.&#xD;
sandbox: football liveStatsApp != null: True &#xD;
sandbox: football liveStatsApp.IsProcessRunning: True &#xD;
sandbox: setupLocalData: localDatabaseProvider != null: True&#xD;
sandbox: applicationPages != null: True&#xD;
sandbox: applicationPages.Webdriver != null: True&#xD;
sandbox: finished setuping local data&#xD;
sandbox: PrepareForTestRun complete.&#xD;
Given Teams tab is opened&#xD;
-&gt; done: TeamDetailsTabSteps.WhenTeamsTabIsOpened() (1.4s)&#xD;
When Team 1 field short team code is populated with s11&#xD;
-&gt; done: TeamDetailsTabSteps.WhenTeamNameIsPopulatedWithName(1, "short team code", "s11") (0.3s)&#xD;
And Team 2 field short team code is populated with s11&#xD;
-&gt; done: TeamDetailsTabSteps.WhenTeamNameIsPopulatedWithName(2, "short team code", "s11") (0.1s)&#xD;
And unfilled mandatory values are supplied for team 1&#xD;
-&gt; done: TeamDetailsTabSteps.WhenUnfilledMandatoryValuesAreSuppliedForTeam(1) (0.4s)&#xD;
And unfilled mandatory values are supplied for team 2&#xD;
-&gt; done: TeamDetailsTabSteps.WhenUnfilledMandatoryValuesAreSuppliedForTeam(2) (0.4s)&#xD;
And Save &amp; Next button is clicked&#xD;
-&gt; done: GameSetupSteps.WhenSaveNextButtonIsClicked() (0.1s)&#xD;
Then warning is displayed&#xD;
-&gt; done: TeamDetailsTabSteps.ThenWarningIsDisplayed() (0.1s)&#xD;
sandbox: CleanUpAfterTestRun started.&#xD;
sandbox: application pages != null: True&#xD;
sandbox: web driver!= null: True&#xD;
Given action failed. Retrying after a timeout. Most likely UI was not fast enough to refresh itself.&#xD;
sandbox: CleanUpAfterTestRun complete.</StdOut>
      </Output>
    </UnitTestResult>
    <UnitTestResult executionId="b6832572-8f6a-4891-9b7f-0ebb354f1716" testId="ea6b854f-2645-a296-bdf4-fe142f2ad60e" testName="GoalkickActionCanBeFlagged" computerName="EC2AMAZ-JEOO151" duration="00:00:05.7840000" startTime="2019-07-11T19:41:36.0000000+00:00" endTime="2019-07-11T19:41:42.0000000+00:00" testType="13cdc9d9-ddb5-4fa4-a97d-d965ccfc6d4b" outcome="Passed" testListId="8c84fa94-04c1-424b-9868-57a2d4851a1d" relativeResultsDirectory="b6832572-8f6a-4891-9b7f-0ebb354f1716">
      <Output>
        <StdOut>sandbox: PrepareForTestRun started.&#xD;
sandbox: football liveStatsApp != null: True &#xD;
sandbox: football liveStatsApp.IsProcessRunning: True &#xD;
sandbox: setupLocalData: localDatabaseProvider != null: True&#xD;
sandbox: applicationPages != null: True&#xD;
sandbox: applicationPages.Webdriver != null: True&#xD;
sandbox: finished setuping local data&#xD;
sandbox: PrepareForTestRun complete.&#xD;
Given Match started with kick off from existing game&#xD;
-&gt; done: SetupGameSteps.GivenMatchStartedWithKickOffButtonFromExistingGame() (3.2s)&#xD;
Given GoalKick for Team 1 is registered&#xD;
Given action failed. Retrying after a timeout.&#xD;
-&gt; done: GoalKickSteps.GivenGoalKickForTeamIsRegistered(1) (1.1s)&#xD;
When I click on latest "GoalKick" event in action log&#xD;
-&gt; done: ActionLogSteps.GivenIClickOnLatestEventInActionLog(GoalKick) (0.3s)&#xD;
And I click Flag &amp; Save button in action edit form&#xD;
-&gt; done: EditFormSteps.ClickFlagAndSaveInActionEditForm() (0.4s)&#xD;
Then 1 event in action log of type "GoalKick" is flagged&#xD;
-&gt; done: ActionLogSteps.ThenEventInActionLogOfTypeIsFlagged(1, GoalKick) (0.0s)&#xD;
sandbox: CleanUpAfterTestRun started.&#xD;
sandbox: application pages != null: True&#xD;
sandbox: web driver!= null: True&#xD;
sandbox: CleanUpAfterTestRun complete.</StdOut>
      </Output>
    </UnitTestResult>
    <UnitTestResult executionId="38201c6c-dbff-421e-95e5-bfc870e4eacc" testId="ea0968b7-8b69-a0e7-c842-4c3a3eae6c8b" testName="VerifyTeamColorForGoalInsertOptions(&quot;2&quot;,null)" computerName="EC2AMAZ-JEOO151" duration="00:00:17.1480000" startTime="2019-07-11T18:31:38.0000000+00:00" endTime="2019-07-11T18:31:55.0000000+00:00" testType="13cdc9d9-ddb5-4fa4-a97d-d965ccfc6d4b" outcome="Passed" testListId="8c84fa94-04c1-424b-9868-57a2d4851a1d" relativeResultsDirectory="38201c6c-dbff-421e-95e5-bfc870e4eacc">
      <Output>
        <StdOut>sandbox: PrepareForTestRun started.&#xD;
sandbox: football liveStatsApp != null: True &#xD;
sandbox: football liveStatsApp.IsProcessRunning: True &#xD;
sandbox: setupLocalData: localDatabaseProvider != null: True&#xD;
sandbox: applicationPages != null: True&#xD;
sandbox: applicationPages.Webdriver != null: True&#xD;
sandbox: finished setuping local data&#xD;
sandbox: PrepareForTestRun complete.&#xD;
Given Match started with kick off from existing game&#xD;
-&gt; done: SetupGameSteps.GivenMatchStartedWithKickOffButtonFromExistingGame() (3.3s)&#xD;
And "Top right" corner added for Team 1&#xD;
Given action failed. Retrying after a timeout.&#xD;
-&gt; done: CornerSteps.GivenCornerAddedForTeam("Top right", 1) (3.2s)&#xD;
And "Yellow" Card for Team 1 is registered&#xD;
-&gt; done: CardSteps.GivenCardForTeamIsRegistered(Yellow, 1) (3.2s)&#xD;
And I clicked on latest "Corner" event in action log&#xD;
-&gt; done: ActionLogSteps.GivenIClickOnLatestEventInActionLog(Corner) (0.3s)&#xD;
And I entered new conceded event time of "0030"&#xD;
-&gt; done: EditFormSteps.GivenIEnterNewConcededEventTimeOf("0030") (1.0s)&#xD;
And I clicked Save button in action edit form&#xD;
-&gt; done: EditFormSteps.ClickSaveButtonInActionEditForm() (0.6s)&#xD;
And I remembered current players on pitch shirt numbers&#xD;
-&gt; done: GoalEditSteps.GivenIRememberCurrentPlayersOnPitch() (1.1s)&#xD;
When I click Expand Action log button&#xD;
-&gt; done: ActionLogSteps.WhenIClickExpandActionLogButton() (0.2s)&#xD;
And I click last action in expanded action log&#xD;
-&gt; done: ExpandedActionLogSteps.WhenIClickLastActionInExpandedActionLog() (0.1s)&#xD;
And I click insert after button in expanded action log&#xD;
-&gt; done: ExpandedActionLogSteps.WhenIClickInsertAfterButtonInExpandedActionLog() (0.1s)&#xD;
And I click insert Goal button in insert after dropdown&#xD;
-&gt; done: ExpandedActionLogSteps.WhenIClickInsertGoalButtonInInsertAfterDropdown() (0.1s)&#xD;
And I click "VAR" toggle&#xD;
-&gt; done: EditFormSteps.GivenIClickToggleToEnable() (0.1s)&#xD;
And I click "2" team in Goal by Team&#xD;
-&gt; done: GoalEditSteps.GivenIClickTeamInShotByTeam(2) (0.1s)&#xD;
And I click "goal" button in insert window&#xD;
-&gt; done: GoalEditSteps.GivenIClickShotResultGoalButton() (0.0s)&#xD;
And I click "shot type" button in insert window&#xD;
-&gt; done: GoalEditSteps.GivenIClickShotTypeButton() (0.0s)&#xD;
And I click "Head" button in expanded shot type dialog&#xD;
-&gt; done: ExpandedShotTypeDialogSteps.GivenIClickButtonInExpandedShotTypeDialog("Head") (0.2s)&#xD;
And I click Var "Stands" button&#xD;
-&gt; done: EditFormSteps.WhenIClickVarStandsButton() (0.1s)&#xD;
And I click VAR reason button&#xD;
-&gt; done: EditFormSteps.WhenIClickVarReasonButton() (0.0s)&#xD;
And I select VAR reason Offence&#xD;
-&gt; done: EditFormSteps.WhenISelectVarReason("Offence") (0.1s)&#xD;
Then shot by team "2" button color is updated to "2" team color&#xD;
-&gt; done: GoalEditSteps.ThenShotByTeamColorIsUpdatedToTeamColor(2, 2) (0.0s)&#xD;
And "shot type" button color is updated to team id "2" color&#xD;
-&gt; done: GoalEditSteps.ThenShotTypeButtonColorIsUpdatedToTeamIdColor(2) (0.1s)&#xD;
And "2" team players are visible in Who scored&#xD;
-&gt; done: GoalEditSteps.ThenTeamPlayersAreVisibleInWhoScored(2) (2.1s)&#xD;
And Var Outcome "Stands" is updated to team id "2" color&#xD;
-&gt; done: EditFormSteps.ThenVarOutcomeStandsIsUpdatedToTeamIdColor(2) (0.0s)&#xD;
And Var reason button is updated to team id "2" color&#xD;
-&gt; done: EditFormSteps.ThenVarReasonButtonIsUpdatedToTeamIdColor(2) (0.1s)&#xD;
sandbox: CleanUpAfterTestRun started.&#xD;
sandbox: application pages != null: True&#xD;
sandbox: web driver!= null: True&#xD;
sandbox: CleanUpAfterTestRun complete.</StdOut>
      </Output>
    </UnitTestResult>
    <UnitTestResult executionId="c9162a82-8c9d-41ec-8f7a-26be9975c760" testId="acd1df59-cecf-651a-2ba1-eb3ae8cfb1ea" testName="GivenVarStarted_WhenSelectingNoOnConfirm_ThenDoesNotIncreaseScore" computerName="EC2AMAZ-JEOO151" duration="00:00:05.7650000" startTime="2019-07-11T21:47:18.0000000+00:00" endTime="2019-07-11T21:47:24.0000000+00:00" testType="13cdc9d9-ddb5-4fa4-a97d-d965ccfc6d4b" outcome="Passed" testListId="8c84fa94-04c1-424b-9868-57a2d4851a1d" relativeResultsDirectory="c9162a82-8c9d-41ec-8f7a-26be9975c760">
      <Output>
        <StdOut>sandbox: PrepareForTestRun started.&#xD;
sandbox: football liveStatsApp != null: True &#xD;
sandbox: football liveStatsApp.IsProcessRunning: True &#xD;
sandbox: setupLocalData: localDatabaseProvider != null: True&#xD;
sandbox: applicationPages != null: True&#xD;
sandbox: applicationPages.Webdriver != null: True&#xD;
sandbox: finished setuping local data&#xD;
sandbox: PrepareForTestRun complete.&#xD;
Given action failed. Retrying after a timeout.&#xD;
sandbox: CleanUpAfterTestRun started.&#xD;
sandbox: application pages != null: True&#xD;
sandbox: web driver!= null: True&#xD;
sandbox: CleanUpAfterTestRun complete.</StdOut>
      </Output>
    </UnitTestResult>
    <UnitTestResult executionId="7209a854-e594-4252-a988-2d11e84982cf" testId="d4a8baf8-e636-e3e7-d4da-06f40e3ac99f" testName="EnableVARInGoalInsert" computerName="EC2AMAZ-JEOO151" duration="00:00:14.3810000" startTime="2019-07-11T18:22:51.0000000+00:00" endTime="2019-07-11T18:23:05.0000000+00:00" testType="13cdc9d9-ddb5-4fa4-a97d-d965ccfc6d4b" outcome="Passed" testListId="8c84fa94-04c1-424b-9868-57a2d4851a1d" relativeResultsDirectory="7209a854-e594-4252-a988-2d11e84982cf">
      <Output>
        <StdOut>sandbox: PrepareForTestRun started.&#xD;
sandbox: football liveStatsApp != null: True &#xD;
sandbox: football liveStatsApp.IsProcessRunning: True &#xD;
sandbox: setupLocalData: localDatabaseProvider != null: True&#xD;
sandbox: applicationPages != null: True&#xD;
sandbox: applicationPages.Webdriver != null: True&#xD;
sandbox: finished setuping local data&#xD;
sandbox: PrepareForTestRun complete.&#xD;
Given Match started with kick off from existing game&#xD;
-&gt; done: SetupGameSteps.GivenMatchStartedWithKickOffButtonFromExistingGame() (3.4s)&#xD;
And "Top right" corner added for Team 1&#xD;
Given action failed. Retrying after a timeout.&#xD;
-&gt; done: CornerSteps.GivenCornerAddedForTeam("Top right", 1) (3.3s)&#xD;
And "Yellow" Card for Team 1 is registered&#xD;
-&gt; done: CardSteps.GivenCardForTeamIsRegistered(Yellow, 1) (3.1s)&#xD;
And I clicked on latest "Corner" event in action log&#xD;
-&gt; done: ActionLogSteps.GivenIClickOnLatestEventInActionLog(Corner) (0.2s)&#xD;
And I entered new conceded event time of "0030"&#xD;
-&gt; done: EditFormSteps.GivenIEnterNewConcededEventTimeOf("0030") (1.0s)&#xD;
And I clicked Save button in action edit form&#xD;
-&gt; done: EditFormSteps.ClickSaveButtonInActionEditForm() (0.6s)&#xD;
And I remembered current players on pitch shirt numbers&#xD;
-&gt; done: GoalEditSteps.GivenIRememberCurrentPlayersOnPitch() (1.1s)&#xD;
When I click Expand Action log button&#xD;
-&gt; done: ActionLogSteps.WhenIClickExpandActionLogButton() (0.1s)&#xD;
And I click last action in expanded action log&#xD;
-&gt; done: ExpandedActionLogSteps.WhenIClickLastActionInExpandedActionLog() (0.1s)&#xD;
And I click insert after button in expanded action log&#xD;
-&gt; done: ExpandedActionLogSteps.WhenIClickInsertAfterButtonInExpandedActionLog() (0.1s)&#xD;
And I click insert Goal button in insert after dropdown&#xD;
-&gt; done: ExpandedActionLogSteps.WhenIClickInsertGoalButtonInInsertAfterDropdown() (0.1s)&#xD;
When I click "VAR" toggle&#xD;
-&gt; done: EditFormSteps.GivenIClickToggleToEnable() (0.1s)&#xD;
Then "Stands" outcome button is enabled&#xD;
-&gt; done: EditFormSteps.GivenStandsOutcomeButtonIsEnabled() (0.0s)&#xD;
And "Overturned" outcome button is enabled&#xD;
-&gt; done: EditFormSteps.GivenOverturnedOutcomeButtonIsEnabled() (0.0s)&#xD;
And "Foul" VAR reason button is enabled&#xD;
-&gt; done: EditFormSteps.GivenVarFoulReasonIsEnabled() (0.0s)&#xD;
And "Offence" VAR reason button is enabled&#xD;
-&gt; done: EditFormSteps.GivenVarOffenceReasonIsEnabled() (0.0s)&#xD;
And "Offside" VAR reason button is enabled&#xD;
-&gt; done: EditFormSteps.GivenVarOffsideReasonIsEnabled() (0.0s)&#xD;
And VAR reason is not selected&#xD;
-&gt; done: EditFormSteps.GivenVarReasonIsNotSelected() (0.1s)&#xD;
sandbox: CleanUpAfterTestRun started.&#xD;
sandbox: application pages != null: True&#xD;
sandbox: web driver!= null: True&#xD;
sandbox: CleanUpAfterTestRun complete.</StdOut>
      </Output>
    </UnitTestResult>
    <UnitTestResult executionId="4917dd25-12a6-4bfd-890e-3ecabfe51c1f" testId="ef69be01-556b-c56b-63f8-0ceb14fae0f3" testName="CannotAddSameColorForBothTeams" computerName="EC2AMAZ-JEOO151" duration="00:00:03.1620000" startTime="2019-07-11T17:39:00.0000000+00:00" endTime="2019-07-11T17:39:03.0000000+00:00" testType="13cdc9d9-ddb5-4fa4-a97d-d965ccfc6d4b" outcome="Passed" testListId="8c84fa94-04c1-424b-9868-57a2d4851a1d" relativeResultsDirectory="4917dd25-12a6-4bfd-890e-3ecabfe51c1f">
      <Output>
        <StdOut>sandbox: PrepareForTestRun started.&#xD;
sandbox: football liveStatsApp != null: True &#xD;
sandbox: football liveStatsApp.IsProcessRunning: True &#xD;
sandbox: setupLocalData: localDatabaseProvider != null: True&#xD;
sandbox: applicationPages != null: True&#xD;
sandbox: applicationPages.Webdriver != null: True&#xD;
sandbox: finished setuping local data&#xD;
sandbox: PrepareForTestRun complete.&#xD;
Given Teams tab is opened&#xD;
-&gt; done: TeamDetailsTabSteps.WhenTeamsTabIsOpened() (1.4s)&#xD;
When Team 1 field team color picker is populated with red&#xD;
-&gt; done: TeamDetailsTabSteps.WhenTeamNameIsPopulatedWithName(1, "team color picker", "red") (0.3s)&#xD;
Then Team 2 color picker "red" is disabled&#xD;
-&gt; done: TeamDetailsTabSteps.ThenTeamColorPickerIsDisabled(2, "red") (0.0s)&#xD;
sandbox: CleanUpAfterTestRun started.&#xD;
sandbox: application pages != null: True&#xD;
sandbox: web driver!= null: True&#xD;
Given action failed. Retrying after a timeout. Most likely UI was not fast enough to refresh itself.&#xD;
sandbox: CleanUpAfterTestRun complete.</StdOut>
      </Output>
    </UnitTestResult>
    <UnitTestResult executionId="201e9d7e-9dff-4b6b-a33d-1c912825ee13" testId="67076169-7d9b-9522-005e-e18ca3f15afe" testName="GivenGameGoalStarted_WhenSelectingPlayer_ThenActionUpdated(1,13)" computerName="EC2AMAZ-JEOO151" duration="00:00:07.9320000" startTime="2019-07-11T21:03:34.0000000+00:00" endTime="2019-07-11T21:03:42.0000000+00:00" testType="13cdc9d9-ddb5-4fa4-a97d-d965ccfc6d4b" outcome="Passed" testListId="8c84fa94-04c1-424b-9868-57a2d4851a1d" relativeResultsDirectory="201e9d7e-9dff-4b6b-a33d-1c912825ee13">
      <Output>
        <StdOut>sandbox: PrepareForTestRun started.&#xD;
sandbox: football liveStatsApp != null: True &#xD;
sandbox: football liveStatsApp.IsProcessRunning: True &#xD;
sandbox: setupLocalData: localDatabaseProvider != null: True&#xD;
sandbox: applicationPages != null: True&#xD;
sandbox: applicationPages.Webdriver != null: True&#xD;
sandbox: finished setuping local data&#xD;
sandbox: PrepareForTestRun complete.&#xD;
Given action failed. Retrying after a timeout.&#xD;
sandbox: CleanUpAfterTestRun started.&#xD;
sandbox: application pages != null: True&#xD;
sandbox: web driver!= null: True&#xD;
sandbox: CleanUpAfterTestRun complete.</StdOut>
      </Output>
    </UnitTestResult>
    <UnitTestResult executionId="7972b750-c740-455f-8651-e37b0a2daf82" testId="54cddd3b-7b8a-0544-4a04-2296cb9c27fa" testName="StartShotFromFreeKickWorkflow(&quot;reason&quot;,&quot;1&quot;,null)" computerName="EC2AMAZ-JEOO151" duration="00:00:05.8490000" startTime="2019-07-11T19:27:05.0000000+00:00" endTime="2019-07-11T19:27:11.0000000+00:00" testType="13cdc9d9-ddb5-4fa4-a97d-d965ccfc6d4b" outcome="Passed" testListId="8c84fa94-04c1-424b-9868-57a2d4851a1d" relativeResultsDirectory="7972b750-c740-455f-8651-e37b0a2daf82">
      <Output>
        <StdOut>sandbox: PrepareForTestRun started.&#xD;
sandbox: football liveStatsApp != null: True &#xD;
sandbox: football liveStatsApp.IsProcessRunning: True &#xD;
sandbox: setupLocalData: localDatabaseProvider != null: True&#xD;
sandbox: applicationPages != null: True&#xD;
sandbox: applicationPages.Webdriver != null: True&#xD;
sandbox: finished setuping local data&#xD;
sandbox: PrepareForTestRun complete.&#xD;
Given Match started with kick off from existing game&#xD;
-&gt; done: SetupGameSteps.GivenMatchStartedWithKickOffButtonFromExistingGame() (3.2s)&#xD;
Given Free kick for team "1" workflow entered till reason selection&#xD;
Given action failed. Retrying after a timeout.&#xD;
-&gt; done: FreeKickSteps.GivenFreeKickForTeamAndWorkflowEnteredTillReasonSelection(1) (1.0s)&#xD;
When I click "Shot" button for team 1&#xD;
Given action failed. Retrying after a timeout.&#xD;
-&gt; done: TeamActionButtonSteps.GivenIClickShotButtonForTeam(1) (0.5s)&#xD;
Then Latest freekick event is in progress&#xD;
-&gt; done: ActionLogSteps.ThenFreekickEventIsNotCompleted() (0.0s)&#xD;
And Latest free kick event is not active&#xD;
-&gt; done: ActionLogSteps.ThenFreeKickEventIsNotActive() (0.0s)&#xD;
And team 1 players are enabled&#xD;
-&gt; done: PitchPlayersComponentSteps.ThenTeamPlayersAreEnabled(1) (0.1s)&#xD;
And Workflow message is shown for "Shot" action&#xD;
-&gt; done: PitchBottomMessageBarSteps.ThenMessageContainsShown("Shot") (0.1s)&#xD;
And Notification "Select shot taker..." is shown&#xD;
-&gt; done: PitchBottomMessageBarSteps.ThenIsShown("Select shot taker...") (0.1s)&#xD;
sandbox: CleanUpAfterTestRun started.&#xD;
sandbox: application pages != null: True&#xD;
sandbox: web driver!= null: True&#xD;
sandbox: CleanUpAfterTestRun complete.</StdOut>
      </Output>
    </UnitTestResult>
    <UnitTestResult executionId="ae94e72a-00b5-4619-9415-9c699c0f7fa0" testId="18ad1a95-220e-d52b-4dec-8e4797b77877" testName="ChangeFromMissToMade(&quot;1&quot;,&quot;2&quot;,&quot;90&quot;,&quot;50&quot;,&quot;5&quot;,&quot;16&quot;,null)" computerName="EC2AMAZ-JEOO151" duration="00:00:14.2010000" startTime="2019-07-11T19:01:48.0000000+00:00" endTime="2019-07-11T19:02:02.0000000+00:00" testType="13cdc9d9-ddb5-4fa4-a97d-d965ccfc6d4b" outcome="Passed" testListId="8c84fa94-04c1-424b-9868-57a2d4851a1d" relativeResultsDirectory="ae94e72a-00b5-4619-9415-9c699c0f7fa0">
      <Output>
        <StdOut>sandbox: PrepareForTestRun started.&#xD;
sandbox: football liveStatsApp != null: True &#xD;
sandbox: football liveStatsApp.IsProcessRunning: True &#xD;
sandbox: setupLocalData: localDatabaseProvider != null: True&#xD;
sandbox: applicationPages != null: True&#xD;
sandbox: applicationPages.Webdriver != null: True&#xD;
sandbox: finished setuping local data&#xD;
sandbox: PrepareForTestRun complete.&#xD;
Given Match started with kick off from existing game&#xD;
-&gt; done: SetupGameSteps.GivenMatchStartedWithKickOffButtonFromExistingGame() (3.3s)&#xD;
When I click "Possible Penalty" button for team 1&#xD;
Given action failed. Retrying after a timeout.&#xD;
-&gt; done: TeamActionButtonSteps.GivenIClickPossiblePenaltyButtonForTeam(1) (0.9s)&#xD;
And I confirm penalty by clicking "Confirm" button&#xD;
-&gt; done: PenaltySteps.WhenIConfirmPenaltyByClickingButton() (2.2s)&#xD;
And I click on pitch x 90 and y 50&#xD;
Failed to find element with query '[data-qa='activePitchOverlay']'. Web driver timeout exception.&#xD;
Given action failed. Retrying after a timeout.&#xD;
Failed to find element with query '[data-qa='activePitchOverlay']'. Web driver timeout exception.&#xD;
-&gt; done: PitchScreenSteps.WhenIClickOnPitch(90, 50) (4.4s)&#xD;
And I click "Foul" reason button&#xD;
-&gt; done: CardSteps.WhenIClickReasonButton("Foul") (0.2s)&#xD;
And I click on team 2 player on pitch with shirt number 5&#xD;
-&gt; done: PitchPlayersComponentSteps.WhenIClickOnTeamPlayerOnPitchWithShirtNumber(2, 5) (0.3s)&#xD;
And I click on team 1 player on pitch with shirt number 16&#xD;
-&gt; done: PitchPlayersComponentSteps.WhenIClickOnTeamPlayerOnPitchWithShirtNumber(1, 16) (0.4s)&#xD;
And I click "Penalty Shot Off Target" Button&#xD;
-&gt; done: PenaltySteps.WhenIClickPenaltyShotOffTargetButton() (0.2s)&#xD;
And I click "Back" button in workflow&#xD;
-&gt; done: WorkflowSteps.WhenIClickBackButtonInWorkflow() (0.2s)&#xD;
And I click "Penalty Goal" Button&#xD;
-&gt; done: PenaltySteps.WhenIClickPenaltyGoalButton() (0.1s)&#xD;
Then "Penalty Goal" confirmation dialog is visible&#xD;
-&gt; done: GoalSteps.ThenConfirmationDialogIsVisible() (0.2s)&#xD;
And Score is 1 for team 1&#xD;
-&gt; done: ScoreBoardSteps.ThenScoreIsForTeam(1, 1) (0.1s)&#xD;
And Score is 0 for team 2&#xD;
-&gt; done: ScoreBoardSteps.ThenScoreIsForTeam(0, 2) (0.1s)&#xD;
And All action buttons except card and goal buttons are disabled for both teams&#xD;
-&gt; done: TeamActionButtonSteps.ThenAllActionButtonsExceptCardAndGoalButtonsAreDisabledForBothTeams() (0.6s)&#xD;
And penalty action button is selected for team "1"&#xD;
-&gt; done: TeamActionButtonSteps.ThenPenaltyActionButtonIsSelected(1) (0.0s)&#xD;
And Ball icon is shown on player on pitch with shirt number 16 of team 1&#xD;
-&gt; done: PitchPlayersComponentSteps.ThenBallIconIsShownOnPlayerOnPitchWithShirtNumberOfTeamButton(16, 1) (0.2s)&#xD;
sandbox: CleanUpAfterTestRun started.&#xD;
sandbox: application pages != null: True&#xD;
sandbox: web driver!= null: True&#xD;
sandbox: CleanUpAfterTestRun complete.</StdOut>
      </Output>
    </UnitTestResult>
    <UnitTestResult executionId="9f8f0a26-d509-4b7b-bf1c-32c8b477d72d" testId="644be06e-96c4-12f5-8bdc-5cf891a675ae" testName="WholePeriodCanBeResetByDeletingActionsInIt" computerName="EC2AMAZ-JEOO151" duration="00:00:13.5000000" startTime="2019-07-11T17:41:20.0000000+00:00" endTime="2019-07-11T17:41:34.0000000+00:00" testType="13cdc9d9-ddb5-4fa4-a97d-d965ccfc6d4b" outcome="Passed" testListId="8c84fa94-04c1-424b-9868-57a2d4851a1d" relativeResultsDirectory="9f8f0a26-d509-4b7b-bf1c-32c8b477d72d">
      <Output>
        <StdOut>sandbox: PrepareForTestRun started.&#xD;
sandbox: football liveStatsApp != null: True &#xD;
sandbox: football liveStatsApp.IsProcessRunning: True &#xD;
sandbox: setupLocalData: localDatabaseProvider != null: True&#xD;
sandbox: applicationPages != null: True&#xD;
sandbox: applicationPages.Webdriver != null: True&#xD;
sandbox: finished setuping local data&#xD;
sandbox: PrepareForTestRun complete.&#xD;
Given Match started with kick off from existing game&#xD;
-&gt; done: SetupGameSteps.GivenMatchStartedWithKickOffButtonFromExistingGame() (3.3s)&#xD;
Given I finished and proceeded to next phase&#xD;
-&gt; done: PitchClockSteps.WhenIFinishAndProceedToNextPhase() (3.4s)&#xD;
And GoalKick for Team 1 is registered&#xD;
-&gt; done: GoalKickSteps.GivenGoalKickForTeamIsRegistered(1) (0.7s)&#xD;
And Clock minutes value is set to "94"&#xD;
-&gt; done: PitchClockSteps.WhenISetClockMinutesValueTo(94) (1.4s)&#xD;
And current half is ended&#xD;
-&gt; done: PitchClockSteps.WhenIClickEndHalfButton() (0.1s)&#xD;
And I clicked "confirm end" button&#xD;
-&gt; done: PitchClockSteps.WhenIClickConfirmEndButton() (0.1s)&#xD;
When I open Expanded Action log&#xD;
-&gt; done: ActionLogSteps.WhenIClickExpandActionLogButton() (0.3s)&#xD;
And I delete latest "PhaseEnd" action in expanded log&#xD;
-&gt; done: ExpandedActionLogSteps.WhenIDeleteLatestActionInExpandedLog(PhaseEnd) (0.5s)&#xD;
And I delete latest "GoalKick" action in expanded log&#xD;
-&gt; done: ExpandedActionLogSteps.WhenIDeleteLatestActionInExpandedLog(GoalKick) (0.5s)&#xD;
And I delete latest "PhaseStart" action in expanded log&#xD;
-&gt; done: ExpandedActionLogSteps.WhenIDeleteLatestActionInExpandedLog(PhaseStart) (0.5s)&#xD;
And I close expanded action log page&#xD;
-&gt; done: ExpandedActionLogSteps.WhenICloseExpandedActionLogPage() (0.1s)&#xD;
Then Pitch View is shown&#xD;
-&gt; done: PitchScreenSteps.PitchViewIsShown() (0.0s)&#xD;
And Game Clock is not counting up&#xD;
-&gt; done: PitchClockSteps.ThenGameClockIsBotCountingUp() (1.6s)&#xD;
And Clock value is "45:00"&#xD;
-&gt; done: PitchClockSteps.ThenClockValueIs("45:00") (0.0s)&#xD;
And "2nd Half Pending" is contained in clock header&#xD;
-&gt; done: PitchClockSteps.ThenIsContainedInClockHeader("2nd Half Pending") (0.1s)&#xD;
sandbox: CleanUpAfterTestRun started.&#xD;
sandbox: application pages != null: True&#xD;
sandbox: web driver!= null: True&#xD;
sandbox: CleanUpAfterTestRun complete.</StdOut>
      </Output>
    </UnitTestResult>
    <UnitTestResult executionId="bc680ad4-421c-456b-a181-d315ad177d46" testId="47ab085b-c1a5-3dc4-23bb-6ecee7b5f6bd" testName="WholeFirstPeriodCanBeResetByDeletingActionsInIt" computerName="EC2AMAZ-JEOO151" duration="00:00:11.9170000" startTime="2019-07-11T17:41:08.0000000+00:00" endTime="2019-07-11T17:41:20.0000000+00:00" testType="13cdc9d9-ddb5-4fa4-a97d-d965ccfc6d4b" outcome="Passed" testListId="8c84fa94-04c1-424b-9868-57a2d4851a1d" relativeResultsDirectory="bc680ad4-421c-456b-a181-d315ad177d46">
      <Output>
        <StdOut>sandbox: PrepareForTestRun started.&#xD;
sandbox: football liveStatsApp != null: True &#xD;
sandbox: football liveStatsApp.IsProcessRunning: True &#xD;
sandbox: setupLocalData: localDatabaseProvider != null: True&#xD;
sandbox: applicationPages != null: True&#xD;
sandbox: applicationPages.Webdriver != null: True&#xD;
sandbox: finished setuping local data&#xD;
sandbox: PrepareForTestRun complete.&#xD;
Given Match started with kick off from existing game&#xD;
-&gt; done: SetupGameSteps.GivenMatchStartedWithKickOffButtonFromExistingGame() (3.3s)&#xD;
Given GoalKick for Team 1 is registered&#xD;
Given action failed. Retrying after a timeout.&#xD;
-&gt; done: GoalKickSteps.GivenGoalKickForTeamIsRegistered(1) (1.3s)&#xD;
And Clock minutes value is set to "94"&#xD;
-&gt; done: PitchClockSteps.WhenISetClockMinutesValueTo(94) (1.5s)&#xD;
And current half is ended&#xD;
-&gt; done: PitchClockSteps.WhenIClickEndHalfButton() (0.1s)&#xD;
And I clicked "confirm end" button&#xD;
-&gt; done: PitchClockSteps.WhenIClickConfirmEndButton() (0.1s)&#xD;
When I open Expanded Action log&#xD;
-&gt; done: ActionLogSteps.WhenIClickExpandActionLogButton() (0.3s)&#xD;
And I delete latest "PhaseEnd" action in expanded log&#xD;
-&gt; done: ExpandedActionLogSteps.WhenIDeleteLatestActionInExpandedLog(PhaseEnd) (0.5s)&#xD;
And I delete latest "GoalKick" action in expanded log&#xD;
-&gt; done: ExpandedActionLogSteps.WhenIDeleteLatestActionInExpandedLog(GoalKick) (0.4s)&#xD;
And I delete latest "GameStart" action in expanded log&#xD;
Failed to find element with query '[data-qa='expandedActionLogTable']'. Web driver timeout exception.&#xD;
-&gt; done: ExpandedActionLogSteps.WhenIDeleteLatestActionInExpandedLog(GameStart) (1.5s)&#xD;
And I close expanded action log page&#xD;
-&gt; done: ExpandedActionLogSteps.WhenICloseExpandedActionLogPage() (0.1s)&#xD;
Then Pitch View is shown&#xD;
-&gt; done: PitchScreenSteps.PitchViewIsShown() (0.0s)&#xD;
And Game Clock is not counting up&#xD;
-&gt; done: PitchClockSteps.ThenGameClockIsBotCountingUp() (1.6s)&#xD;
And Clock value is "00:00"&#xD;
-&gt; done: PitchClockSteps.ThenClockValueIs("00:00") (0.0s)&#xD;
And "1st Half Pending" is contained in clock header&#xD;
-&gt; done: PitchClockSteps.ThenIsContainedInClockHeader("1st Half Pending") (0.1s)&#xD;
And "kick-off" Button is enabled on the pitch screen&#xD;
-&gt; done: PreMatchSteps.ThenKickOffButtonIsEnabled() (0.0s)&#xD;
And kick-off team dialog contains team "2" kicking off&#xD;
-&gt; done: PitchScreenSteps.ThenKickOffTeamDialogContainsTeamName(2) (0.1s)&#xD;
sandbox: CleanUpAfterTestRun started.&#xD;
sandbox: application pages != null: True&#xD;
sandbox: web driver!= null: True&#xD;
sandbox: CleanUpAfterTestRun complete.</StdOut>
      </Output>
    </UnitTestResult>
    <UnitTestResult executionId="5d1141f3-f12e-4199-9ce3-0df655b4b62a" testId="c7bed3c2-aa42-c1b2-3ecf-39c2603ad52d" testName="EditCornerDuringWorkflowFromActionLog" computerName="EC2AMAZ-JEOO151" duration="00:00:08.6970000" startTime="2019-07-11T17:52:52.0000000+00:00" endTime="2019-07-11T17:53:01.0000000+00:00" testType="13cdc9d9-ddb5-4fa4-a97d-d965ccfc6d4b" outcome="Passed" testListId="8c84fa94-04c1-424b-9868-57a2d4851a1d" relativeResultsDirectory="5d1141f3-f12e-4199-9ce3-0df655b4b62a">
      <Output>
        <StdOut>sandbox: PrepareForTestRun started.&#xD;
sandbox: football liveStatsApp != null: True &#xD;
sandbox: football liveStatsApp.IsProcessRunning: True &#xD;
sandbox: setupLocalData: localDatabaseProvider != null: True&#xD;
sandbox: applicationPages != null: True&#xD;
sandbox: applicationPages.Webdriver != null: True&#xD;
sandbox: finished setuping local data&#xD;
sandbox: PrepareForTestRun complete.&#xD;
Given Match started with kick off from existing game&#xD;
-&gt; done: SetupGameSteps.GivenMatchStartedWithKickOffButtonFromExistingGame() (3.3s)&#xD;
Given "Top right" corner added for Team 1&#xD;
Given action failed. Retrying after a timeout.&#xD;
-&gt; done: CornerSteps.GivenCornerAddedForTeam("Top right", 1) (3.4s)&#xD;
When I click Freekick button for team 1&#xD;
Given action failed. Retrying after a timeout.&#xD;
-&gt; done: TeamActionButtonSteps.WhenIClickFreekickButtonForTeam(1) (0.6s)&#xD;
And I click on latest "Corner" event in action log&#xD;
-&gt; done: ActionLogSteps.GivenIClickOnLatestEventInActionLog(Corner) (0.1s)&#xD;
And I click Flag &amp; Save button in action edit form&#xD;
-&gt; done: EditFormSteps.ClickFlagAndSaveInActionEditForm() (0.4s)&#xD;
Then Pitch View is shown&#xD;
-&gt; done: PitchScreenSteps.PitchViewIsShown() (0.0s)&#xD;
And 1 event in action log of type "Corner" is flagged&#xD;
-&gt; done: ActionLogSteps.ThenEventInActionLogOfTypeIsFlagged(1, Corner) (0.0s)&#xD;
And Notification "Select free kick location..." is shown&#xD;
-&gt; done: PitchBottomMessageBarSteps.ThenIsShown("Select free kick ...") (0.1s)&#xD;
sandbox: CleanUpAfterTestRun started.&#xD;
sandbox: application pages != null: True&#xD;
sandbox: web driver!= null: True&#xD;
sandbox: CleanUpAfterTestRun complete.</StdOut>
      </Output>
    </UnitTestResult>
    <UnitTestResult executionId="5432b7c0-49a1-403b-8d23-15ad8bfbbfb3" testId="14878dc4-b38a-7e72-6133-029a998c9d6f" testName="CannotEditCurrentActionInExpandedActionLog" computerName="EC2AMAZ-JEOO151" duration="00:00:05.0150000" startTime="2019-07-11T18:49:39.0000000+00:00" endTime="2019-07-11T18:49:44.0000000+00:00" testType="13cdc9d9-ddb5-4fa4-a97d-d965ccfc6d4b" outcome="Passed" testListId="8c84fa94-04c1-424b-9868-57a2d4851a1d" relativeResultsDirectory="5432b7c0-49a1-403b-8d23-15ad8bfbbfb3">
      <Output>
        <StdOut>sandbox: PrepareForTestRun started.&#xD;
sandbox: football liveStatsApp != null: True &#xD;
sandbox: football liveStatsApp.IsProcessRunning: True &#xD;
sandbox: setupLocalData: localDatabaseProvider != null: True&#xD;
sandbox: applicationPages != null: True&#xD;
sandbox: applicationPages.Webdriver != null: True&#xD;
sandbox: finished setuping local data&#xD;
sandbox: PrepareForTestRun complete.&#xD;
Given Match started with kick off from existing game&#xD;
-&gt; done: SetupGameSteps.GivenMatchStartedWithKickOffButtonFromExistingGame() (3.2s)&#xD;
Given "Booking" record workflow is started for team "2"&#xD;
Given action failed. Retrying after a timeout.&#xD;
-&gt; done: TeamActionButtonSteps.GivenStartedRecordWorkflow(Booking, 2) (0.8s)&#xD;
When I open Expanded Action log&#xD;
-&gt; done: ActionLogSteps.WhenIClickExpandActionLogButton() (0.1s)&#xD;
Then latest "Booking" action is not editable&#xD;
-&gt; done: ExpandedActionLogSteps.ThenLatestActionIsNotEditable(Booking) (0.0s)&#xD;
sandbox: CleanUpAfterTestRun started.&#xD;
sandbox: application pages != null: True&#xD;
sandbox: web driver!= null: True&#xD;
sandbox: CleanUpAfterTestRun complete.</StdOut>
      </Output>
    </UnitTestResult>
    <UnitTestResult executionId="942a441f-f669-4b4b-9046-5139c1e4585f" testId="6ca89bc1-806e-1409-c701-61950415ad74" testName="YesOnVAROnSecondStepOfRecordCardWorkflow(&quot;2&quot;,&quot;Yellow&quot;,null)" computerName="EC2AMAZ-JEOO151" duration="00:00:05.5330000" startTime="2019-07-11T19:56:28.0000000+00:00" endTime="2019-07-11T19:56:33.0000000+00:00" testType="13cdc9d9-ddb5-4fa4-a97d-d965ccfc6d4b" outcome="Passed" testListId="8c84fa94-04c1-424b-9868-57a2d4851a1d" relativeResultsDirectory="942a441f-f669-4b4b-9046-5139c1e4585f">
      <Output>
        <StdOut>sandbox: PrepareForTestRun started.&#xD;
sandbox: football liveStatsApp != null: True &#xD;
sandbox: football liveStatsApp.IsProcessRunning: True &#xD;
sandbox: setupLocalData: localDatabaseProvider != null: True&#xD;
sandbox: applicationPages != null: True&#xD;
sandbox: applicationPages.Webdriver != null: True&#xD;
sandbox: finished setuping local data&#xD;
sandbox: PrepareForTestRun complete.&#xD;
Given Match started with kick off from existing game&#xD;
-&gt; done: SetupGameSteps.GivenMatchStartedWithKickOffButtonFromExistingGame() (3.2s)&#xD;
When I click on team 2 possible "Yellow"&#xD;
-&gt; done: TeamActionButtonSteps.StartPossibleCardRegistration(2, Yellow) (0.6s)&#xD;
And I click "Yellow" card button&#xD;
-&gt; done: TeamActionButtonSteps.WhenIClickCardButton("Yellow") (0.1s)&#xD;
And I click "Possible VAR" button in workflow&#xD;
-&gt; done: WorkflowSteps.WhenIClickPossibleVarButtonInWorkflow() (0.1s)&#xD;
And I click var confirmation "yes" button&#xD;
-&gt; done: WorkflowSteps.WhenIClickVarConfirmationButton("yes") (0.2s)&#xD;
Then Confirmation dialog is displayed&#xD;
-&gt; done: CardSteps.ThenConfirmationDialogIsDisplayed() (0.2s)&#xD;
And VAR label of "Booking" event in action log is in team 2 color&#xD;
-&gt; done: ActionLogSteps.ThenSubItemOfEventInActionLogIsInTeamColor("VAR", Booking, 2) (0.1s)&#xD;
And VAR label of "Booking" event in action log contains "Card Stands" message&#xD;
-&gt; done: ActionLogSteps.ThenSubItemOfEventInActionLogIsInTeamColor("VAR", Booking, "Card Stands") (0.1s)&#xD;
sandbox: CleanUpAfterTestRun started.&#xD;
sandbox: application pages != null: True&#xD;
sandbox: web driver!= null: True&#xD;
sandbox: CleanUpAfterTestRun complete.</StdOut>
      </Output>
    </UnitTestResult>
    <UnitTestResult executionId="708dca31-99bd-4d71-99ed-fbbe2e11ba47" testId="1f143944-a4e5-337c-6083-a9ac7190250f" testName="GivenActionRegistered_WhenDeletingFromActionLog_ThenDeleted(FreeKick)" computerName="EC2AMAZ-JEOO151" duration="00:00:10.3020000" startTime="2019-07-11T20:14:39.0000000+00:00" endTime="2019-07-11T20:14:49.0000000+00:00" testType="13cdc9d9-ddb5-4fa4-a97d-d965ccfc6d4b" outcome="Passed" testListId="8c84fa94-04c1-424b-9868-57a2d4851a1d" relativeResultsDirectory="708dca31-99bd-4d71-99ed-fbbe2e11ba47">
      <Output>
        <StdOut>sandbox: PrepareForTestRun started.&#xD;
sandbox: football liveStatsApp != null: True &#xD;
sandbox: football liveStatsApp.IsProcessRunning: True &#xD;
sandbox: setupLocalData: localDatabaseProvider != null: True&#xD;
sandbox: applicationPages != null: True&#xD;
sandbox: applicationPages.Webdriver != null: True&#xD;
sandbox: finished setuping local data&#xD;
sandbox: PrepareForTestRun complete.&#xD;
Given action failed. Retrying after a timeout.&#xD;
sandbox: CleanUpAfterTestRun started.&#xD;
sandbox: application pages != null: True&#xD;
sandbox: web driver!= null: True&#xD;
sandbox: CleanUpAfterTestRun complete.</StdOut>
      </Output>
    </UnitTestResult>
    <UnitTestResult executionId="739e7669-9de2-448a-b98d-1658116a3655" testId="fd374e01-ec03-bb99-fc7d-820905a73387" testName="GoalWorkflowCanBeStartedDuringAnyFreeKickWorkflowStep(&quot;location&quot;,&quot;2&quot;,null)" computerName="EC2AMAZ-JEOO151" duration="00:00:05.0980000" startTime="2019-07-11T18:59:12.0000000+00:00" endTime="2019-07-11T18:59:17.0000000+00:00" testType="13cdc9d9-ddb5-4fa4-a97d-d965ccfc6d4b" outcome="Passed" testListId="8c84fa94-04c1-424b-9868-57a2d4851a1d" relativeResultsDirectory="739e7669-9de2-448a-b98d-1658116a3655">
      <Output>
        <StdOut>sandbox: PrepareForTestRun started.&#xD;
sandbox: football liveStatsApp != null: True &#xD;
sandbox: football liveStatsApp.IsProcessRunning: True &#xD;
sandbox: setupLocalData: localDatabaseProvider != null: True&#xD;
sandbox: applicationPages != null: True&#xD;
sandbox: applicationPages.Webdriver != null: True&#xD;
sandbox: finished setuping local data&#xD;
sandbox: PrepareForTestRun complete.&#xD;
Given Match started with kick off from existing game&#xD;
-&gt; done: SetupGameSteps.GivenMatchStartedWithKickOffButtonFromExistingGame() (3.3s)&#xD;
Given Free kick for team "2" workflow entered till location selection&#xD;
Given action failed. Retrying after a timeout.&#xD;
-&gt; done: FreeKickSteps.GivenFreeKickForTeamAndWorkflowEnteredTillLocationSelection(2) (0.9s)&#xD;
Then Can register goal for team "2" but not other&#xD;
-&gt; done: GoalSteps.ThenCanRegisterGoalForTeam(2) (0.1s)&#xD;
sandbox: CleanUpAfterTestRun started.&#xD;
sandbox: application pages != null: True&#xD;
sandbox: web driver!= null: True&#xD;
sandbox: CleanUpAfterTestRun complete.</StdOut>
      </Output>
    </UnitTestResult>
    <UnitTestResult executionId="286aae81-c5f4-4100-9e1a-d58b80dd31a0" testId="b799c5de-5df3-0e4e-b379-6772e3eae327" testName="GivenFreeKickRegistered_WhenEditingFreeKickTimeToBeOldest_ThenContainerMovedToBottom" computerName="EC2AMAZ-JEOO151" duration="00:00:15.1820000" startTime="2019-07-11T20:27:04.0000000+00:00" endTime="2019-07-11T20:27:19.0000000+00:00" testType="13cdc9d9-ddb5-4fa4-a97d-d965ccfc6d4b" outcome="Passed" testListId="8c84fa94-04c1-424b-9868-57a2d4851a1d" relativeResultsDirectory="286aae81-c5f4-4100-9e1a-d58b80dd31a0">
      <Output>
        <StdOut>sandbox: PrepareForTestRun started.&#xD;
sandbox: football liveStatsApp != null: True &#xD;
sandbox: football liveStatsApp.IsProcessRunning: True &#xD;
sandbox: setupLocalData: localDatabaseProvider != null: True&#xD;
sandbox: applicationPages != null: True&#xD;
sandbox: applicationPages.Webdriver != null: True&#xD;
sandbox: finished setuping local data&#xD;
sandbox: PrepareForTestRun complete.&#xD;
Given action failed. Retrying after a timeout.&#xD;
Given action failed. Retrying after a timeout.&#xD;
sandbox: CleanUpAfterTestRun started.&#xD;
sandbox: application pages != null: True&#xD;
sandbox: web driver!= null: True&#xD;
sandbox: CleanUpAfterTestRun complete.</StdOut>
      </Output>
    </UnitTestResult>
    <UnitTestResult executionId="1a41690b-9633-401d-82a1-2916950b3e1f" testId="772f3595-a3f6-0d44-a530-20557b04375b" testName="InsertSubstitutionAfterOrBeforeLastEvent(&quot;before&quot;,&quot;0025&quot;,&quot;00:25&quot;,&quot;2&quot;,&quot;3&quot;,null)" computerName="EC2AMAZ-JEOO151" duration="00:00:19.3160000" startTime="2019-07-11T18:48:05.0000000+00:00" endTime="2019-07-11T18:48:25.0000000+00:00" testType="13cdc9d9-ddb5-4fa4-a97d-d965ccfc6d4b" outcome="Passed" testListId="8c84fa94-04c1-424b-9868-57a2d4851a1d" relativeResultsDirectory="1a41690b-9633-401d-82a1-2916950b3e1f">
      <Output>
        <StdOut>sandbox: PrepareForTestRun started.&#xD;
sandbox: football liveStatsApp != null: True &#xD;
sandbox: football liveStatsApp.IsProcessRunning: True &#xD;
sandbox: setupLocalData: localDatabaseProvider != null: True&#xD;
sandbox: applicationPages != null: True&#xD;
sandbox: applicationPages.Webdriver != null: True&#xD;
sandbox: finished setuping local data&#xD;
sandbox: PrepareForTestRun complete.&#xD;
Given Match started with kick off from existing game&#xD;
-&gt; done: SetupGameSteps.GivenMatchStartedWithKickOffButtonFromExistingGame() (3.3s)&#xD;
And "Yellow" Card for Team 1 is registered&#xD;
Given action failed. Retrying after a timeout.&#xD;
-&gt; done: CardSteps.GivenCardForTeamIsRegistered(Yellow, 1) (3.6s)&#xD;
And "Top right" corner added for Team 1&#xD;
Given action failed. Retrying after a timeout.&#xD;
-&gt; done: CornerSteps.GivenCornerAddedForTeam("Top right", 1) (3.0s)&#xD;
And I clicked on latest "Corner" event in action log&#xD;
-&gt; done: ActionLogSteps.GivenIClickOnLatestEventInActionLog(Corner) (0.2s)&#xD;
And I entered new conceded event time of "0030"&#xD;
-&gt; done: EditFormSteps.GivenIEnterNewConcededEventTimeOf("0030") (1.0s)&#xD;
And I clicked Save button in action edit form&#xD;
-&gt; done: EditFormSteps.ClickSaveButtonInActionEditForm() (0.6s)&#xD;
And I remembered current players on pitch shirt numbers&#xD;
-&gt; done: GoalEditSteps.GivenIRememberCurrentPlayersOnPitch() (1.1s)&#xD;
When I click Expand Action log button&#xD;
-&gt; done: ActionLogSteps.WhenIClickExpandActionLogButton() (0.2s)&#xD;
And I insert "Substitute" before "Corner"&#xD;
-&gt; done: ExpandedActionLogSteps.WhenIInsertBefore(Substitute, Corner) (0.3s)&#xD;
And I enter new conceded event time of "0025"&#xD;
-&gt; done: EditFormSteps.GivenIEnterNewConcededEventTimeOf("0025") (1.0s)&#xD;
And I click team 1 in edit form&#xD;
-&gt; done: EditFormSteps.WhenIClickTeamInEditForm(1) (0.1s)&#xD;
And I click player with shirt number 24 from "bench" list&#xD;
-&gt; done: SubstitutionEditSteps.WhenIClickPlayerWithShirtNumberFromList(24, "bench") (0.3s)&#xD;
And I click player with shirt number 4 from "pitch" list&#xD;
-&gt; done: SubstitutionEditSteps.WhenIClickPlayerWithShirtNumberFromList(4, "pitch") (0.2s)&#xD;
And I click Save button in action edit form&#xD;
-&gt; done: EditFormSteps.ClickSaveButtonInActionEditForm() (0.6s)&#xD;
Then Substitution insert view is not visible&#xD;
Failed to find element with query '[data-qa='subsEditWrapper']'. Web driver timeout exception.&#xD;
-&gt; done: SubstitutionEditSteps.ThenSubstitutionEditViewIsNotVisible() (2.0s)&#xD;
And "Substitution" Action is displayed at 2 in expanded action log&#xD;
-&gt; done: ExpandedActionLogSteps.ThenGoalActionIsDisplayedAtInExpandedActionLog("Substitution", 2) (0.1s)&#xD;
And at 2 position action time is "00:25" in "H1" half&#xD;
-&gt; done: ExpandedActionLogSteps.ThenAtPositionActionTimeIsInHalf(2, "00:25", "H1") (0.1s)&#xD;
And at 2 position action has one qualifier with name "In"&#xD;
-&gt; done: ExpandedActionLogSteps.ThenAtPositionActionHasOneQualifierWithName(2, "In") (0.1s)&#xD;
And Action at position 2 do not have score&#xD;
-&gt; done: ExpandedActionLogSteps.ThenActionAtPositionDoNotHaveScore(2) (0.0s)&#xD;
And Action at position 2 contains team 1 name&#xD;
-&gt; done: ExpandedActionLogSteps.ThenActionAtPositionContainsTeam(2, 1) (0.0s)&#xD;
And Action at position "2" player is displayed as player "24" on team id "1"&#xD;
-&gt; done: ExpandedActionLogSteps.ThenActionAtPositionPlayerForTeamIdIsDisplayedAs(2, 24, 1) (0.1s)&#xD;
And "Substitution" Action is displayed at 3 in expanded action log&#xD;
-&gt; done: ExpandedActionLogSteps.ThenGoalActionIsDisplayedAtInExpandedActionLog("Substitution", 3) (0.0s)&#xD;
And at 3 position action time is "00:25" in "H1" half&#xD;
-&gt; done: ExpandedActionLogSteps.ThenAtPositionActionTimeIsInHalf(3, "00:25", "H1") (0.1s)&#xD;
And at 3 position action has one qualifier with name "Out"&#xD;
-&gt; done: ExpandedActionLogSteps.ThenAtPositionActionHasOneQualifierWithName(3, "Out") (0.1s)&#xD;
And Action at position 3 do not have score&#xD;
-&gt; done: ExpandedActionLogSteps.ThenActionAtPositionDoNotHaveScore(3) (0.1s)&#xD;
And Action at position 3 contains team 1 name&#xD;
-&gt; done: ExpandedActionLogSteps.ThenActionAtPositionContainsTeam(3, 1) (0.0s)&#xD;
And Action at position "3" player is displayed as player "4" on team id "1"&#xD;
-&gt; done: ExpandedActionLogSteps.ThenActionAtPositionPlayerForTeamIdIsDisplayedAs(3, 4, 1) (0.1s)&#xD;
sandbox: CleanUpAfterTestRun started.&#xD;
sandbox: application pages != null: True&#xD;
sandbox: web driver!= null: True&#xD;
sandbox: CleanUpAfterTestRun complete.</StdOut>
      </Output>
    </UnitTestResult>
    <UnitTestResult executionId="66b8a4be-dc16-4350-a6c1-dc4a352ede1f" testId="d3e9aee3-f24a-afaf-ee30-7f62a8d07d8b" testName="When1TeamIsGoingToWinForSureTableFillsCorrectDataAndEndPenaltyShootoutButtonGetsEnabled" computerName="EC2AMAZ-JEOO151" duration="00:00:28.3150000" startTime="2019-07-11T19:17:50.0000000+00:00" endTime="2019-07-11T19:18:19.0000000+00:00" testType="13cdc9d9-ddb5-4fa4-a97d-d965ccfc6d4b" outcome="Passed" testListId="8c84fa94-04c1-424b-9868-57a2d4851a1d" relativeResultsDirectory="66b8a4be-dc16-4350-a6c1-dc4a352ede1f">
      <Output>
        <StdOut>sandbox: PrepareForTestRun started.&#xD;
sandbox: football liveStatsApp != null: True &#xD;
sandbox: football liveStatsApp.IsProcessRunning: True &#xD;
sandbox: setupLocalData: localDatabaseProvider != null: True&#xD;
sandbox: applicationPages != null: True&#xD;
sandbox: applicationPages.Webdriver != null: True&#xD;
sandbox: finished setuping local data&#xD;
sandbox: PrepareForTestRun complete.&#xD;
Given penalty shoot-out phase started&#xD;
-&gt; done: PitchClockSteps.GivenGamePenaltyShoot_OutPhaseStarted() (14.7s)&#xD;
When I record penalty shoot-out kick "Goal" for team 2 player with shirt number 1&#xD;
-&gt; done: PenaltyShootoutSteps.WhenIRecordPenaltyShoot_OutKickGoalForTeamPlayerWithShirtNumber(2, 1) (2.8s)&#xD;
And I record penalty shoot-out kick "Penalty Shot On Target" for team 1 player with shirt number 13&#xD;
Given action failed. Retrying after a timeout. Most likely UI was not fast enough to refresh itself.&#xD;
-&gt; done: PenaltyShootoutSteps.WhenIRecordPenaltyShoot_OutKickForTeamPlayerWithShirtNumber(1, 13) (0.9s)&#xD;
And I record penalty shoot-out kick "Goal" for team 2 player with shirt number 2&#xD;
-&gt; done: PenaltyShootoutSteps.WhenIRecordPenaltyShoot_OutKickGoalForTeamPlayerWithShirtNumber(2, 2) (2.9s)&#xD;
And I record penalty shoot-out kick "Penalty Shot On Target" for team 1 player with shirt number 4&#xD;
Given action failed. Retrying after a timeout. Most likely UI was not fast enough to refresh itself.&#xD;
-&gt; done: PenaltyShootoutSteps.WhenIRecordPenaltyShoot_OutKickForTeamPlayerWithShirtNumber(1, 4) (0.9s)&#xD;
And I record penalty shoot-out kick "Goal" for team 2 player with shirt number 3&#xD;
-&gt; done: PenaltyShootoutSteps.WhenIRecordPenaltyShoot_OutKickGoalForTeamPlayerWithShirtNumber(2, 3) (2.9s)&#xD;
And I record penalty shoot-out kick "Penalty Shot On Target" for team 1 player with shirt number 6&#xD;
Given action failed. Retrying after a timeout. Most likely UI was not fast enough to refresh itself.&#xD;
-&gt; done: PenaltyShootoutSteps.WhenIRecordPenaltyShoot_OutKickForTeamPlayerWithShirtNumber(1, 6) (1.0s)&#xD;
Then Team 2 has 3 penalty shoot-out made in score board&#xD;
-&gt; done: PenaltyShootoutSteps.ThenTeamHasPenaltyShoot_OutMade(2, 3) (0.2s)&#xD;
And Team 2 has 0 penalty shoot-out miss in score board&#xD;
-&gt; done: PenaltyShootoutSteps.ThenTeamHasPenaltyShoot_OutMiss(2, 0) (0.0s)&#xD;
And Team 1 has 0 penalty shoot-out made in score board&#xD;
-&gt; done: PenaltyShootoutSteps.ThenTeamHasPenaltyShoot_OutMade(1, 0) (0.1s)&#xD;
And Team 1 has 3 penalty shoot-out miss in score board&#xD;
-&gt; done: PenaltyShootoutSteps.ThenTeamHasPenaltyShoot_OutMiss(1, 3) (0.0s)&#xD;
And Team 2 penalty shootout table row 3 contains player with shirt number 1&#xD;
-&gt; done: PenaltyShootoutSteps.ThenTeamPenaltyShootoutTableRowContainsPlayerWithShirtNumber(2, 3, 1) (0.1s)&#xD;
And Team 2 penalty shootout table row 3 contains made result of "Goal"&#xD;
-&gt; done: PenaltyShootoutSteps.ThenTeamPenaltyShootoutTableRowContainsMadeResultOfTrue(2, 3, "Goal") (0.0s)&#xD;
And Team 2 penalty shootout table row 2 contains player with shirt number 2&#xD;
-&gt; done: PenaltyShootoutSteps.ThenTeamPenaltyShootoutTableRowContainsPlayerWithShirtNumber(2, 2, 2) (0.1s)&#xD;
And Team 2 penalty shootout table row 2 contains made result of "Goal"&#xD;
-&gt; done: PenaltyShootoutSteps.ThenTeamPenaltyShootoutTableRowContainsMadeResultOfTrue(2, 2, "Goal") (0.0s)&#xD;
And Team 2 penalty shootout table row 1 contains player with shirt number 3&#xD;
-&gt; done: PenaltyShootoutSteps.ThenTeamPenaltyShootoutTableRowContainsPlayerWithShirtNumber(2, 1, 3) (0.1s)&#xD;
And Team 2 penalty shootout table row 1 contains made result of "Goal"&#xD;
-&gt; done: PenaltyShootoutSteps.ThenTeamPenaltyShootoutTableRowContainsMadeResultOfTrue(2, 1, "Goal") (0.1s)&#xD;
And Team 1 penalty shootout table row 3 contains player with shirt number 13&#xD;
-&gt; done: PenaltyShootoutSteps.ThenTeamPenaltyShootoutTableRowContainsPlayerWithShirtNumber(1, 3, 13) (0.1s)&#xD;
And Team 1 penalty shootout table row 3 contains made result of "Miss"&#xD;
-&gt; done: PenaltyShootoutSteps.ThenTeamPenaltyShootoutTableRowContainsMadeResultOfTrue(1, 3, "Miss") (0.0s)&#xD;
And Team 1 penalty shootout table row 2 contains player with shirt number 4&#xD;
-&gt; done: PenaltyShootoutSteps.ThenTeamPenaltyShootoutTableRowContainsPlayerWithShirtNumber(1, 2, 4) (0.1s)&#xD;
And Team 1 penalty shootout table row 2 contains made result of "Miss"&#xD;
-&gt; done: PenaltyShootoutSteps.ThenTeamPenaltyShootoutTableRowContainsMadeResultOfTrue(1, 2, "Miss") (0.0s)&#xD;
And Team 1 penalty shootout table row 1 contains player with shirt number 6&#xD;
-&gt; done: PenaltyShootoutSteps.ThenTeamPenaltyShootoutTableRowContainsPlayerWithShirtNumber(1, 1, 6) (0.1s)&#xD;
And Team 1 penalty shootout table row 1 contains made result of "Miss"&#xD;
-&gt; done: PenaltyShootoutSteps.ThenTeamPenaltyShootoutTableRowContainsMadeResultOfTrue(1, 1, "Miss") (0.0s)&#xD;
And End penalty shoot-out button is visible near clock&#xD;
-&gt; done: PitchClockSteps.ThenEndPenaltyShoot_OutButtonIsVisibleNearClock() (0.0s)&#xD;
And End penalty shoot-out button is enabled near clock&#xD;
-&gt; done: PitchClockSteps.ThenEndPenaltyShoot_OutButtonIsEnabledNearClock() (0.0s)&#xD;
And Number of "PenaltyShootout" containers is 6 in action log&#xD;
-&gt; done: ActionLogSteps.ThenNumberOfContainersIsInActionLog(PenaltyShootout, 6) (0.0s)&#xD;
sandbox: CleanUpAfterTestRun started.&#xD;
sandbox: application pages != null: True&#xD;
sandbox: web driver!= null: True&#xD;
sandbox: CleanUpAfterTestRun complete.</StdOut>
      </Output>
    </UnitTestResult>
    <UnitTestResult executionId="f51bdb0e-4203-4f25-a359-ca339b63a61d" testId="be65bb04-5f6d-b069-aaf9-354e861bc208" testName="GivenSecondExtraHalfEndedAndCardFiled_WhenOpeningExpandedLog_LatestPhaseEndIsNotDeletableInLog" computerName="EC2AMAZ-JEOO151" duration="00:00:21.0150000" startTime="2019-07-11T20:24:56.0000000+00:00" endTime="2019-07-11T20:25:17.0000000+00:00" testType="13cdc9d9-ddb5-4fa4-a97d-d965ccfc6d4b" outcome="Passed" testListId="8c84fa94-04c1-424b-9868-57a2d4851a1d" relativeResultsDirectory="f51bdb0e-4203-4f25-a359-ca339b63a61d">
      <Output>
        <StdOut>sandbox: PrepareForTestRun started.&#xD;
sandbox: football liveStatsApp != null: True &#xD;
sandbox: football liveStatsApp.IsProcessRunning: True &#xD;
sandbox: setupLocalData: localDatabaseProvider != null: True&#xD;
sandbox: applicationPages != null: True&#xD;
sandbox: applicationPages.Webdriver != null: True&#xD;
sandbox: finished setuping local data&#xD;
sandbox: PrepareForTestRun complete.&#xD;
Failed to find data-qa element with tag 'deleteIcon'. No such element exception.&#xD;
sandbox: CleanUpAfterTestRun started.&#xD;
sandbox: application pages != null: True&#xD;
sandbox: web driver!= null: True&#xD;
sandbox: CleanUpAfterTestRun complete.</StdOut>
      </Output>
    </UnitTestResult>
    <UnitTestResult executionId="b334f93a-70aa-411a-96d0-d35a498f6ea5" testId="7d3add77-fda7-a5cb-ed90-5c43a7940643" testName="SelectPlayerForOffenceFreekick(&quot;2&quot;,&quot;1&quot;,&quot;2&quot;,null)" computerName="EC2AMAZ-JEOO151" duration="00:00:06.7850000" startTime="2019-07-11T18:58:09.0000000+00:00" endTime="2019-07-11T18:58:16.0000000+00:00" testType="13cdc9d9-ddb5-4fa4-a97d-d965ccfc6d4b" outcome="Passed" testListId="8c84fa94-04c1-424b-9868-57a2d4851a1d" relativeResultsDirectory="b334f93a-70aa-411a-96d0-d35a498f6ea5">
      <Output>
        <StdOut>sandbox: PrepareForTestRun started.&#xD;
sandbox: football liveStatsApp != null: True &#xD;
sandbox: football liveStatsApp.IsProcessRunning: True &#xD;
sandbox: setupLocalData: localDatabaseProvider != null: True&#xD;
sandbox: applicationPages != null: True&#xD;
sandbox: applicationPages.Webdriver != null: True&#xD;
sandbox: finished setuping local data&#xD;
sandbox: PrepareForTestRun complete.&#xD;
Given Match started with kick off from existing game&#xD;
-&gt; done: SetupGameSteps.GivenMatchStartedWithKickOffButtonFromExistingGame() (3.2s)&#xD;
When I click Freekick button for team 2&#xD;
Given action failed. Retrying after a timeout.&#xD;
-&gt; done: TeamActionButtonSteps.WhenIClickFreekickButtonForTeam(2) (0.9s)&#xD;
And I click on pitch x 20 and y 50&#xD;
-&gt; done: PitchScreenSteps.WhenIClickOnPitch(20, 50) (0.1s)&#xD;
And I click "Offence" button in freekick reason dialog&#xD;
-&gt; done: FreeKickSteps.WhenIClickButtonInFreekickReasonDialog("Offence") (0.2s)&#xD;
And I click player 1 from team 1&#xD;
-&gt; done: PitchPlayersComponentSteps.WhenIClickPlayerFromTeam(1, 1) (0.2s)&#xD;
Then team 2 players are enabled&#xD;
-&gt; done: PitchPlayersComponentSteps.ThenTeamPlayersAreEnabled(2) (0.2s)&#xD;
And Player1 from team1 is added to freekick event action&#xD;
-&gt; done: ActionLogSteps.ThenPlayerFromTeamIsAddedToFreekickEventAction(1, 1) (0.2s)&#xD;
And Notification "Select player that was offended..." is shown&#xD;
-&gt; done: PitchBottomMessageBarSteps.ThenIsShown("Select player tha...") (0.1s)&#xD;
sandbox: CleanUpAfterTestRun started.&#xD;
sandbox: application pages != null: True&#xD;
sandbox: web driver!= null: True&#xD;
sandbox: CleanUpAfterTestRun complete.</StdOut>
      </Output>
    </UnitTestResult>
    <UnitTestResult executionId="4bc706ce-e9c4-4621-9162-59f62abb1f42" testId="51075111-479a-3010-10eb-24cd0b51f2b7" testName="FootballWhoScoredAndAssistSelectSamePlayer" computerName="EC2AMAZ-JEOO151" duration="00:00:10.9670000" startTime="2019-07-11T18:04:55.0000000+00:00" endTime="2019-07-11T18:05:06.0000000+00:00" testType="13cdc9d9-ddb5-4fa4-a97d-d965ccfc6d4b" outcome="Passed" testListId="8c84fa94-04c1-424b-9868-57a2d4851a1d" relativeResultsDirectory="4bc706ce-e9c4-4621-9162-59f62abb1f42">
      <Output>
        <StdOut>sandbox: PrepareForTestRun started.&#xD;
sandbox: football liveStatsApp != null: True &#xD;
sandbox: football liveStatsApp.IsProcessRunning: True &#xD;
sandbox: setupLocalData: localDatabaseProvider != null: True&#xD;
sandbox: applicationPages != null: True&#xD;
sandbox: applicationPages.Webdriver != null: True&#xD;
sandbox: finished setuping local data&#xD;
sandbox: PrepareForTestRun complete.&#xD;
Given Match started with kick off from existing game&#xD;
-&gt; done: SetupGameSteps.GivenMatchStartedWithKickOffButtonFromExistingGame() (3.4s)&#xD;
And I remembered current players on pitch shirt numbers&#xD;
-&gt; done: GoalEditSteps.GivenIRememberCurrentPlayersOnPitch() (1.5s)&#xD;
And I add a goal for team 1 player 4 assisted by player 13&#xD;
Given action failed. Retrying after a timeout.&#xD;
-&gt; done: GoalSteps.GivenIAddAGoalForTeamPlayerAssistedByPlayer(1, 4, 13) (3.8s)&#xD;
And I click goal event in action log&#xD;
-&gt; done: ActionLogSteps.GivenIClickGoalEventInActionLog() (0.3s)&#xD;
And I click player 14 from who scored&#xD;
-&gt; done: GoalEditSteps.GivenIClickPlayerFromWhoScored(14) (0.4s)&#xD;
Then player 14 from Assist by is disabled&#xD;
-&gt; done: GoalEditSteps.ThenPlayerFromAssistByIsDisabled(14) (0.3s)&#xD;
And player 4 from Who scored is enabled&#xD;
-&gt; done: GoalEditSteps.ThenPlayerFromWhoScoredIsEnabled(4) (0.3s)&#xD;
And player 4 from Assist by is enabled&#xD;
-&gt; done: GoalEditSteps.ThenPlayerFromAssistByIsEnabled(4) (0.2s)&#xD;
sandbox: CleanUpAfterTestRun started.&#xD;
sandbox: application pages != null: True&#xD;
sandbox: web driver!= null: True&#xD;
sandbox: CleanUpAfterTestRun complete.</StdOut>
      </Output>
    </UnitTestResult>
    <UnitTestResult executionId="f48ad646-56ea-4480-911c-44c43d11509f" testId="925f92c7-47fd-6099-9180-bd8ef9d29bf3" testName="EditPlayerInjuryDuringWorkflowFromExpandedActionLog" computerName="EC2AMAZ-JEOO151" duration="00:00:06.6330000" startTime="2019-07-11T17:54:39.0000000+00:00" endTime="2019-07-11T17:54:46.0000000+00:00" testType="13cdc9d9-ddb5-4fa4-a97d-d965ccfc6d4b" outcome="Passed" testListId="8c84fa94-04c1-424b-9868-57a2d4851a1d" relativeResultsDirectory="f48ad646-56ea-4480-911c-44c43d11509f">
      <Output>
        <StdOut>sandbox: PrepareForTestRun started.&#xD;
sandbox: football liveStatsApp != null: True &#xD;
sandbox: football liveStatsApp.IsProcessRunning: True &#xD;
sandbox: setupLocalData: localDatabaseProvider != null: True&#xD;
sandbox: applicationPages != null: True&#xD;
sandbox: applicationPages.Webdriver != null: True&#xD;
sandbox: finished setuping local data&#xD;
sandbox: PrepareForTestRun complete.&#xD;
Given Match started with kick off from existing game&#xD;
-&gt; done: SetupGameSteps.GivenMatchStartedWithKickOffButtonFromExistingGame() (3.3s)&#xD;
Given Injury for Team 1 player with shirt id 4 is registered&#xD;
-&gt; done: PlayerInjuryEditSteps.GivenInjuryForTeamIsRegistered(1, 4) (0.8s)&#xD;
When I click Freekick button for team 1&#xD;
-&gt; done: TeamActionButtonSteps.WhenIClickFreekickButtonForTeam(1) (0.4s)&#xD;
And I open Expanded Action log&#xD;
-&gt; done: ActionLogSteps.WhenIClickExpandActionLogButton() (0.1s)&#xD;
And I open last "Injury" action edit view from expanded action log&#xD;
-&gt; done: ExpandedActionLogSteps.WhenIOpenLastActionEditViewFromExpandedActionLog(Injury) (0.1s)&#xD;
And I update injury with team 1, player 4 in edit window&#xD;
-&gt; done: PlayerInjuryEditSteps.WhenIUpdateInjuryWithTeamPlayer(1, 4) (0.2s)&#xD;
And I click Flag &amp; Save button in action edit form&#xD;
-&gt; done: EditFormSteps.ClickFlagAndSaveInActionEditForm() (0.4s)&#xD;
And I close expanded action log page&#xD;
-&gt; done: ExpandedActionLogSteps.WhenICloseExpandedActionLogPage() (0.2s)&#xD;
Then Pitch View is shown&#xD;
-&gt; done: PitchScreenSteps.PitchViewIsShown() (0.0s)&#xD;
And 1 event in action log of type "Injury" is flagged&#xD;
-&gt; done: ActionLogSteps.ThenEventInActionLogOfTypeIsFlagged(1, Injury) (0.0s)&#xD;
And Notification "Select free kick location..." is shown&#xD;
-&gt; done: PitchBottomMessageBarSteps.ThenIsShown("Select free kick ...") (0.1s)&#xD;
sandbox: CleanUpAfterTestRun started.&#xD;
sandbox: application pages != null: True&#xD;
sandbox: web driver!= null: True&#xD;
sandbox: CleanUpAfterTestRun complete.</StdOut>
      </Output>
    </UnitTestResult>
    <UnitTestResult executionId="0d4aee73-8db2-4bb7-8fa4-c413e425c1ab" testId="df238237-1393-dfd6-7d1b-bd94250b614d" testName="FootballChangePenaltyKickResult" computerName="EC2AMAZ-JEOO151" duration="00:00:14.5990000" startTime="2019-07-11T18:07:25.0000000+00:00" endTime="2019-07-11T18:07:40.0000000+00:00" testType="13cdc9d9-ddb5-4fa4-a97d-d965ccfc6d4b" outcome="Passed" testListId="8c84fa94-04c1-424b-9868-57a2d4851a1d" relativeResultsDirectory="0d4aee73-8db2-4bb7-8fa4-c413e425c1ab">
      <Output>
        <StdOut>sandbox: PrepareForTestRun started.&#xD;
sandbox: football liveStatsApp != null: True &#xD;
sandbox: football liveStatsApp.IsProcessRunning: True &#xD;
sandbox: setupLocalData: localDatabaseProvider != null: True&#xD;
sandbox: applicationPages != null: True&#xD;
sandbox: applicationPages.Webdriver != null: True&#xD;
sandbox: finished setuping local data&#xD;
sandbox: PrepareForTestRun complete.&#xD;
Given Match started with kick off from existing game&#xD;
-&gt; done: SetupGameSteps.GivenMatchStartedWithKickOffButtonFromExistingGame() (3.3s)&#xD;
Given Made penalty registered for player with shirt number 10 of team 1 fouled by player with shirt number 3&#xD;
-&gt; done: PenaltySteps.GivenPenaltyRegisteredForTeam(10, 1, 3) (6.7s)&#xD;
And I click top event in action log&#xD;
-&gt; done: ActionLogSteps.GivenIClickPenaltyEventInActionLog() (0.3s)&#xD;
When I click on miss off target result in penalty edit&#xD;
-&gt; done: PenaltyEditSteps.WhenIClickOnMissOffTargetPenaltyResult() (0.2s)&#xD;
When I click "adjust shot location" button in edit window&#xD;
-&gt; done: GoalEditSteps.GivenIClickAdjustShotLocationButton() (0.1s)&#xD;
And I click on "out top right" net section at x 10 and y 10&#xD;
-&gt; done: ExpandedShotLocationDialogSteps.GivenIClickCornerOnNetAt("out top right", 10, 10) (0.1s)&#xD;
And I click "Proceed" button on expanded shot position view&#xD;
-&gt; done: ExpandedShotLocationDialogSteps.GivenIClickButtonOnExpandedShotPositionView("Proceed") (0.1s)&#xD;
And I click on goalkeeper saved in penalty edit&#xD;
-&gt; done: PenaltyEditSteps.WhenIClickOnGoalkeeperSavedPenaltyKick() (0.1s)&#xD;
And I click Save button in action edit form&#xD;
-&gt; done: EditFormSteps.ClickSaveButtonInActionEditForm() (0.6s)&#xD;
Then Player on pitch with shirt number 10 of team 1 do not have goal icon&#xD;
Failed to find data-qa element with tag 'playerGoals'. No such element exception.&#xD;
-&gt; done: PitchPlayersComponentSteps.ThenPlayerOnPitchWithShirtNumberOfTeamDoNotHaveGoalIcon(10, 1) (2.2s)&#xD;
And Score is 0 for team 1&#xD;
-&gt; done: ScoreBoardSteps.ThenScoreIsForTeam(0, 1) (0.1s)&#xD;
And Score is 0 for team 2&#xD;
-&gt; done: ScoreBoardSteps.ThenScoreIsForTeam(0, 2) (0.1s)&#xD;
sandbox: CleanUpAfterTestRun started.&#xD;
sandbox: application pages != null: True&#xD;
sandbox: web driver!= null: True&#xD;
sandbox: CleanUpAfterTestRun complete.</StdOut>
      </Output>
    </UnitTestResult>
    <UnitTestResult executionId="cb6e2cfa-b430-4cb6-bf81-3eb25f335109" testId="4bf63d1e-e872-2671-b6a6-20e896e4bf6c" testName="GivenGameInProgress_WhenAddingCardAndCornerAndMovingToSecondHalf_ThenScoreboardsStatsAreUpdated(1,Red)" computerName="EC2AMAZ-JEOO151" duration="00:00:13.9820000" startTime="2019-07-11T21:41:29.0000000+00:00" endTime="2019-07-11T21:41:43.0000000+00:00" testType="13cdc9d9-ddb5-4fa4-a97d-d965ccfc6d4b" outcome="Passed" testListId="8c84fa94-04c1-424b-9868-57a2d4851a1d" relativeResultsDirectory="cb6e2cfa-b430-4cb6-bf81-3eb25f335109">
      <Output>
        <StdOut>sandbox: PrepareForTestRun started.&#xD;
sandbox: football liveStatsApp != null: True &#xD;
sandbox: football liveStatsApp.IsProcessRunning: True &#xD;
sandbox: setupLocalData: localDatabaseProvider != null: True&#xD;
sandbox: applicationPages != null: True&#xD;
sandbox: applicationPages.Webdriver != null: True&#xD;
sandbox: finished setuping local data&#xD;
sandbox: PrepareForTestRun complete.&#xD;
Given action failed. Retrying after a timeout.&#xD;
Given action failed. Retrying after a timeout.&#xD;
sandbox: CleanUpAfterTestRun started.&#xD;
sandbox: application pages != null: True&#xD;
sandbox: web driver!= null: True&#xD;
sandbox: CleanUpAfterTestRun complete.</StdOut>
      </Output>
    </UnitTestResult>
    <UnitTestResult executionId="7da878ce-ee6a-4df9-8d18-bd0fd59ea2c4" testId="3f9155d1-c6b3-1bf7-dda4-e5559c022318" testName="ClickCard(&quot;1&quot;,&quot;Red&quot;,null)" computerName="EC2AMAZ-JEOO151" duration="00:00:04.8500000" startTime="2019-07-11T18:52:07.0000000+00:00" endTime="2019-07-11T18:52:12.0000000+00:00" testType="13cdc9d9-ddb5-4fa4-a97d-d965ccfc6d4b" outcome="Passed" testListId="8c84fa94-04c1-424b-9868-57a2d4851a1d" relativeResultsDirectory="7da878ce-ee6a-4df9-8d18-bd0fd59ea2c4">
      <Output>
        <StdOut>sandbox: PrepareForTestRun started.&#xD;
sandbox: football liveStatsApp != null: True &#xD;
sandbox: football liveStatsApp.IsProcessRunning: True &#xD;
sandbox: setupLocalData: localDatabaseProvider != null: True&#xD;
sandbox: applicationPages != null: True&#xD;
sandbox: applicationPages.Webdriver != null: True&#xD;
sandbox: finished setuping local data&#xD;
sandbox: PrepareForTestRun complete.&#xD;
Given Match started with kick off from existing game&#xD;
-&gt; done: SetupGameSteps.GivenMatchStartedWithKickOffButtonFromExistingGame() (3.2s)&#xD;
When I click on team 1 possible "Red"&#xD;
-&gt; done: TeamActionButtonSteps.StartPossibleCardRegistration(1, Red) (0.6s)&#xD;
Then "Put on Hold" button is shown&#xD;
-&gt; done: TeamActionButtonSteps.ThenPutOnHoldButtonIsShown() (0.0s)&#xD;
And "Yellow Card" button is shown&#xD;
-&gt; done: TeamActionButtonSteps.ThenYellowCardButtonIsShown() (0.0s)&#xD;
And "Red Card" button is shown&#xD;
-&gt; done: TeamActionButtonSteps.ThenRedCardButtonIsShown() (0.0s)&#xD;
And "2nd Yellow" button is shown&#xD;
-&gt; done: TeamActionButtonSteps.ThenSecondYellowCardButtonIsShown() (0.0s)&#xD;
And "Sin bin" button is shown&#xD;
-&gt; done: TeamActionButtonSteps.ThenSinBinButtonIsShown() (0.0s)&#xD;
sandbox: CleanUpAfterTestRun started.&#xD;
sandbox: application pages != null: True&#xD;
sandbox: web driver!= null: True&#xD;
sandbox: CleanUpAfterTestRun complete.</StdOut>
      </Output>
    </UnitTestResult>
    <UnitTestResult executionId="075e6eac-e9c2-423a-9a35-1f2037e08dbb" testId="fbcc55b6-eace-3463-c6a9-4c6adc9f6de6" testName="GivenExpandedLog_WhenInsertingGoalAfterWithoutAssistAndNoVar_ThenInsertedCorrectly" computerName="EC2AMAZ-JEOO151" duration="00:00:19.5560000" startTime="2019-07-11T20:50:47.0000000+00:00" endTime="2019-07-11T20:51:07.0000000+00:00" testType="13cdc9d9-ddb5-4fa4-a97d-d965ccfc6d4b" outcome="Passed" testListId="8c84fa94-04c1-424b-9868-57a2d4851a1d" relativeResultsDirectory="075e6eac-e9c2-423a-9a35-1f2037e08dbb">
      <Output>
        <StdOut>sandbox: PrepareForTestRun started.&#xD;
sandbox: football liveStatsApp != null: True &#xD;
sandbox: football liveStatsApp.IsProcessRunning: True &#xD;
sandbox: setupLocalData: localDatabaseProvider != null: True&#xD;
sandbox: applicationPages != null: True&#xD;
sandbox: applicationPages.Webdriver != null: True&#xD;
sandbox: finished setuping local data&#xD;
sandbox: PrepareForTestRun complete.&#xD;
Failed to find element with query '[data-qa='goalEditScreen']'. Web driver timeout exception.&#xD;
sandbox: CleanUpAfterTestRun started.&#xD;
sandbox: application pages != null: True&#xD;
sandbox: web driver!= null: True&#xD;
sandbox: CleanUpAfterTestRun complete.</StdOut>
      </Output>
    </UnitTestResult>
    <UnitTestResult executionId="01e47322-32d7-4bd8-a506-ce311a6cd709" testId="2f58f0d3-4c29-f36f-82cb-62be3f362487" testName="SecondYellowEditToCorrectFlagUnflagsIt" computerName="EC2AMAZ-JEOO151" duration="00:00:08.9660000" startTime="2019-07-11T19:49:54.0000000+00:00" endTime="2019-07-11T19:50:03.0000000+00:00" testType="13cdc9d9-ddb5-4fa4-a97d-d965ccfc6d4b" outcome="Passed" testListId="8c84fa94-04c1-424b-9868-57a2d4851a1d" relativeResultsDirectory="01e47322-32d7-4bd8-a506-ce311a6cd709">
      <Output>
        <StdOut>sandbox: PrepareForTestRun started.&#xD;
sandbox: football liveStatsApp != null: True &#xD;
sandbox: football liveStatsApp.IsProcessRunning: True &#xD;
sandbox: setupLocalData: localDatabaseProvider != null: True&#xD;
sandbox: applicationPages != null: True&#xD;
sandbox: applicationPages.Webdriver != null: True&#xD;
sandbox: finished setuping local data&#xD;
sandbox: PrepareForTestRun complete.&#xD;
Given Match started with kick off from existing game&#xD;
-&gt; done: SetupGameSteps.GivenMatchStartedWithKickOffButtonFromExistingGame() (3.4s)&#xD;
Given "SecondYellow" Card for Team "1" player with shirt number "8" is registered&#xD;
Given action failed. Retrying after a timeout.&#xD;
-&gt; done: CardSteps.GivenCardForTeamPlayerWithShirtNumberIsRegistered(SecondYellow, 1, 8) (3.8s)&#xD;
When I click on latest "Booking" event in action log&#xD;
-&gt; done: ActionLogSteps.GivenIClickOnLatestEventInActionLog(Booking) (0.2s)&#xD;
And I click "yellow" card in card edit page&#xD;
-&gt; done: CardEditSteps.WhenIClickCardInCardEditPage("yellow") (0.1s)&#xD;
And I click Save button in action edit form&#xD;
-&gt; done: EditFormSteps.ClickSaveButtonInActionEditForm() (0.6s)&#xD;
Then 1 event in action log of type "Booking" is not flagged&#xD;
-&gt; done: ActionLogSteps.ThenEventInActionLogOfTypeIsNotFlagged(1, Booking) (0.0s)&#xD;
sandbox: CleanUpAfterTestRun started.&#xD;
sandbox: application pages != null: True&#xD;
sandbox: web driver!= null: True&#xD;
sandbox: CleanUpAfterTestRun complete.</StdOut>
      </Output>
    </UnitTestResult>
    <UnitTestResult executionId="41962183-d427-47ad-b91c-65524934d07b" testId="f056005c-1fc5-6c36-b064-9be0579d6f95" testName="FootballFlagAndContinuePenaltyOutcomeLocation" computerName="EC2AMAZ-JEOO151" duration="00:00:08.7830000" startTime="2019-07-11T19:47:31.0000000+00:00" endTime="2019-07-11T19:47:40.0000000+00:00" testType="13cdc9d9-ddb5-4fa4-a97d-d965ccfc6d4b" outcome="Passed" testListId="8c84fa94-04c1-424b-9868-57a2d4851a1d" relativeResultsDirectory="41962183-d427-47ad-b91c-65524934d07b">
      <Output>
        <StdOut>sandbox: PrepareForTestRun started.&#xD;
sandbox: football liveStatsApp != null: True &#xD;
sandbox: football liveStatsApp.IsProcessRunning: True &#xD;
sandbox: setupLocalData: localDatabaseProvider != null: True&#xD;
sandbox: applicationPages != null: True&#xD;
sandbox: applicationPages.Webdriver != null: True&#xD;
sandbox: finished setuping local data&#xD;
sandbox: PrepareForTestRun complete.&#xD;
Given Match started with kick off from existing game&#xD;
-&gt; done: SetupGameSteps.GivenMatchStartedWithKickOffButtonFromExistingGame() (3.2s)&#xD;
When I click "Possible Penalty" button for team 2&#xD;
-&gt; done: TeamActionButtonSteps.GivenIClickPossiblePenaltyButtonForTeam(2) (0.7s)&#xD;
And I confirm penalty by clicking "Confirm" button&#xD;
-&gt; done: PenaltySteps.WhenIConfirmPenaltyByClickingButton() (2.3s)&#xD;
And I flag and continue&#xD;
-&gt; done: WorkflowSteps.WhenIFlagAndContinue() (0.1s)&#xD;
And I flag and continue&#xD;
-&gt; done: WorkflowSteps.WhenIFlagAndContinue() (0.2s)&#xD;
And I flag and continue&#xD;
-&gt; done: WorkflowSteps.WhenIFlagAndContinue() (0.1s)&#xD;
And I flag and continue&#xD;
-&gt; done: WorkflowSteps.WhenIFlagAndContinue() (0.1s)&#xD;
And I click "Penalty Shot Off Target" Button&#xD;
-&gt; done: PenaltySteps.WhenIClickPenaltyShotOffTargetButton() (0.1s)&#xD;
And I flag and continue&#xD;
-&gt; done: WorkflowSteps.WhenIFlagAndContinue() (0.7s)&#xD;
And I flag and continue&#xD;
-&gt; done: WorkflowSteps.WhenIFlagAndContinue() (0.1s)&#xD;
And I click on latest "Penalty" event in action log&#xD;
-&gt; done: ActionLogSteps.GivenIClickOnLatestEventInActionLog(Penalty) (0.2s)&#xD;
And I click review flags button in game action edit window&#xD;
-&gt; done: EditFormSteps.WhenIClickReviewFlagsButtonInGameActionEditWindow() (0.1s)&#xD;
Then 1 event in action log of type "Penalty" is flagged&#xD;
-&gt; done: ActionLogSteps.ThenEventInActionLogOfTypeIsFlagged(1, Penalty) (0.0s)&#xD;
And "This item was flagged by the User." is visible in review action flags dialog&#xD;
-&gt; done: EditWindowFlagsDropDownSteps.ThenIsVisibleInReviewActionFlagsDialog("This item was fla...") (0.0s)&#xD;
sandbox: CleanUpAfterTestRun started.&#xD;
sandbox: application pages != null: True&#xD;
sandbox: web driver!= null: True&#xD;
sandbox: CleanUpAfterTestRun complete.</StdOut>
      </Output>
    </UnitTestResult>
    <UnitTestResult executionId="d609431a-3d2d-4fc2-b3b1-8d17b8879788" testId="2c3cd761-4e86-ef7c-b574-db6b4a6faa87" testName="GivenCornerRegisteredAndAttackSideChanged_WhenEditingCorner_ThenActiveCornersChanged" computerName="EC2AMAZ-JEOO151" duration="00:00:11.3290000" startTime="2019-07-11T20:29:11.0000000+00:00" endTime="2019-07-11T20:29:23.0000000+00:00" testType="13cdc9d9-ddb5-4fa4-a97d-d965ccfc6d4b" outcome="Passed" testListId="8c84fa94-04c1-424b-9868-57a2d4851a1d" relativeResultsDirectory="d609431a-3d2d-4fc2-b3b1-8d17b8879788">
      <Output>
        <StdOut>sandbox: PrepareForTestRun started.&#xD;
sandbox: football liveStatsApp != null: True &#xD;
sandbox: football liveStatsApp.IsProcessRunning: True &#xD;
sandbox: setupLocalData: localDatabaseProvider != null: True&#xD;
sandbox: applicationPages != null: True&#xD;
sandbox: applicationPages.Webdriver != null: True&#xD;
sandbox: finished setuping local data&#xD;
sandbox: PrepareForTestRun complete.&#xD;
Given action failed. Retrying after a timeout.&#xD;
Failed to find element with query '[data-qa='pitchCornerTopRight']'. Web driver timeout exception.&#xD;
Failed to find element with query '[data-qa='pitchCornerBottomRight']'. Web driver timeout exception.&#xD;
sandbox: CleanUpAfterTestRun started.&#xD;
sandbox: application pages != null: True&#xD;
sandbox: web driver!= null: True&#xD;
sandbox: CleanUpAfterTestRun complete.</StdOut>
      </Output>
    </UnitTestResult>
    <UnitTestResult executionId="34017800-111a-4ae0-b144-7d86be848ec1" testId="6b2a4857-fd9b-1c25-f3b0-4cf284eb4aab" testName="VARButtonOnPenaltyFirstStep(&quot;1&quot;,null)" computerName="EC2AMAZ-JEOO151" duration="00:00:04.9140000" startTime="2019-07-11T19:58:53.0000000+00:00" endTime="2019-07-11T19:58:58.0000000+00:00" testType="13cdc9d9-ddb5-4fa4-a97d-d965ccfc6d4b" outcome="Passed" testListId="8c84fa94-04c1-424b-9868-57a2d4851a1d" relativeResultsDirectory="34017800-111a-4ae0-b144-7d86be848ec1">
      <Output>
        <StdOut>sandbox: PrepareForTestRun started.&#xD;
sandbox: football liveStatsApp != null: True &#xD;
sandbox: football liveStatsApp.IsProcessRunning: True &#xD;
sandbox: setupLocalData: localDatabaseProvider != null: True&#xD;
sandbox: applicationPages != null: True&#xD;
sandbox: applicationPages.Webdriver != null: True&#xD;
sandbox: finished setuping local data&#xD;
sandbox: PrepareForTestRun complete.&#xD;
Given Match started with kick off from existing game&#xD;
-&gt; done: SetupGameSteps.GivenMatchStartedWithKickOffButtonFromExistingGame() (3.2s)&#xD;
When I click "Possible Penalty" button for team 1&#xD;
Given action failed. Retrying after a timeout.&#xD;
-&gt; done: TeamActionButtonSteps.GivenIClickPossiblePenaltyButtonForTeam(1) (0.8s)&#xD;
Then "Possible VAR" button is shown&#xD;
-&gt; done: WorkflowSteps.ThenPossibleVarButtonIsShown() (0.0s)&#xD;
sandbox: CleanUpAfterTestRun started.&#xD;
sandbox: application pages != null: True&#xD;
sandbox: web driver!= null: True&#xD;
sandbox: CleanUpAfterTestRun complete.</StdOut>
      </Output>
    </UnitTestResult>
    <UnitTestResult executionId="52d26b7f-cf35-4da1-a855-da578411ace5" testId="29172664-7b44-3e8d-ee5f-36f5e274d7ae" testName="GivenCornerInitiated_WhenSelectingCorner_ThenConfirmationPrompted" computerName="EC2AMAZ-JEOO151" duration="00:00:05.2650000" startTime="2019-07-11T20:59:51.0000000+00:00" endTime="2019-07-11T20:59:57.0000000+00:00" testType="13cdc9d9-ddb5-4fa4-a97d-d965ccfc6d4b" outcome="Passed" testListId="8c84fa94-04c1-424b-9868-57a2d4851a1d" relativeResultsDirectory="52d26b7f-cf35-4da1-a855-da578411ace5">
      <Output>
        <StdOut>sandbox: PrepareForTestRun started.&#xD;
sandbox: football liveStatsApp != null: True &#xD;
sandbox: football liveStatsApp.IsProcessRunning: True &#xD;
sandbox: setupLocalData: localDatabaseProvider != null: True&#xD;
sandbox: applicationPages != null: True&#xD;
sandbox: applicationPages.Webdriver != null: True&#xD;
sandbox: finished setuping local data&#xD;
sandbox: PrepareForTestRun complete.&#xD;
Given action failed. Retrying after a timeout.&#xD;
sandbox: CleanUpAfterTestRun started.&#xD;
sandbox: application pages != null: True&#xD;
sandbox: web driver!= null: True&#xD;
sandbox: CleanUpAfterTestRun complete.</StdOut>
      </Output>
    </UnitTestResult>
    <UnitTestResult executionId="cc17fa0e-da8e-43b3-b40f-da45d19ef9dd" testId="69d3ee5d-6f5a-f395-3762-5012a45f6e34" testName="CannotFlagAndContinueCardConfirmationStep(&quot;Yellow&quot;,&quot;Yellow&quot;,&quot;1&quot;,null)" computerName="EC2AMAZ-JEOO151" duration="00:00:06.7720000" startTime="2019-07-11T19:44:26.0000000+00:00" endTime="2019-07-11T19:44:32.0000000+00:00" testType="13cdc9d9-ddb5-4fa4-a97d-d965ccfc6d4b" outcome="Passed" testListId="8c84fa94-04c1-424b-9868-57a2d4851a1d" relativeResultsDirectory="cc17fa0e-da8e-43b3-b40f-da45d19ef9dd">
      <Output>
        <StdOut>sandbox: PrepareForTestRun started.&#xD;
sandbox: football liveStatsApp != null: True &#xD;
sandbox: football liveStatsApp.IsProcessRunning: True &#xD;
sandbox: setupLocalData: localDatabaseProvider != null: True&#xD;
sandbox: applicationPages != null: True&#xD;
sandbox: applicationPages.Webdriver != null: True&#xD;
sandbox: finished setuping local data&#xD;
sandbox: PrepareForTestRun complete.&#xD;
Given Match started with kick off from existing game&#xD;
-&gt; done: SetupGameSteps.GivenMatchStartedWithKickOffButtonFromExistingGame() (3.2s)&#xD;
When I click on team 1 possible "Yellow"&#xD;
-&gt; done: TeamActionButtonSteps.StartPossibleCardRegistration(1, Yellow) (0.6s)&#xD;
And I click "Yellow" card button&#xD;
-&gt; done: TeamActionButtonSteps.WhenIClickCardButton("Yellow") (0.1s)&#xD;
Then Flag &amp; Continue button is not visible&#xD;
Failed to find element with query '[data-qa='flagAndContinueButton']'. Web driver timeout exception.&#xD;
-&gt; done: WorkflowSteps.ThenFlagAndContinueButtonIsNotVisible() (2.0s)&#xD;
sandbox: CleanUpAfterTestRun started.&#xD;
sandbox: application pages != null: True&#xD;
sandbox: web driver!= null: True&#xD;
sandbox: CleanUpAfterTestRun complete.</StdOut>
      </Output>
    </UnitTestResult>
    <UnitTestResult executionId="37fbf391-d913-4413-9c5c-99abb75f2705" testId="342822e5-bff4-5665-1674-e9de85f281af" testName="SelectPlayerForOffencePenalty(&quot;2&quot;,&quot;1&quot;,&quot;10&quot;,&quot;50&quot;,&quot;8&quot;,null)" computerName="EC2AMAZ-JEOO151" duration="00:00:13.8190000" startTime="2019-07-11T19:11:45.0000000+00:00" endTime="2019-07-11T19:11:59.0000000+00:00" testType="13cdc9d9-ddb5-4fa4-a97d-d965ccfc6d4b" outcome="Passed" testListId="8c84fa94-04c1-424b-9868-57a2d4851a1d" relativeResultsDirectory="37fbf391-d913-4413-9c5c-99abb75f2705">
      <Output>
        <StdOut>sandbox: PrepareForTestRun started.&#xD;
sandbox: football liveStatsApp != null: True &#xD;
sandbox: football liveStatsApp.IsProcessRunning: True &#xD;
sandbox: setupLocalData: localDatabaseProvider != null: True&#xD;
sandbox: applicationPages != null: True&#xD;
sandbox: applicationPages.Webdriver != null: True&#xD;
sandbox: finished setuping local data&#xD;
sandbox: PrepareForTestRun complete.&#xD;
Given Match started with kick off from existing game&#xD;
-&gt; done: SetupGameSteps.GivenMatchStartedWithKickOffButtonFromExistingGame() (3.3s)&#xD;
When I click "Possible Penalty" button for team 2&#xD;
Given action failed. Retrying after a timeout.&#xD;
-&gt; done: TeamActionButtonSteps.GivenIClickPossiblePenaltyButtonForTeam(2) (0.9s)&#xD;
And I confirm penalty by clicking "Confirm" button&#xD;
-&gt; done: PenaltySteps.WhenIConfirmPenaltyByClickingButton() (2.3s)&#xD;
And I click on pitch x 10 and y 50&#xD;
Failed to find element with query '[data-qa='activePitchOverlay']'. Web driver timeout exception.&#xD;
Given action failed. Retrying after a timeout.&#xD;
Failed to find element with query '[data-qa='activePitchOverlay']'. Web driver timeout exception.&#xD;
-&gt; done: PitchScreenSteps.WhenIClickOnPitch(10, 50) (4.5s)&#xD;
And I click "Offence" reason button&#xD;
-&gt; done: CardSteps.WhenIClickReasonButton("Offence") (0.3s)&#xD;
And I click on team 1 player on pitch with shirt number 8&#xD;
-&gt; done: PitchPlayersComponentSteps.WhenIClickOnTeamPlayerOnPitchWithShirtNumber(1, 8) (0.3s)&#xD;
Then Notification "Select the penalty taker..." is shown&#xD;
-&gt; done: PitchBottomMessageBarSteps.ThenIsShown("Select the penalt...") (0.1s)&#xD;
And Latest "Penalty" event is in progress&#xD;
-&gt; done: ActionLogSteps.ThenLatestEventInProgress(Penalty) (0.0s)&#xD;
And team 2 players are enabled&#xD;
-&gt; done: PitchPlayersComponentSteps.ThenTeamPlayersAreEnabled(2) (0.1s)&#xD;
And team 1 players are disabled&#xD;
-&gt; done: PitchPlayersComponentSteps.ThenTeamPlayersAreDisabled(1) (0.1s)&#xD;
And "Back" button is shown&#xD;
-&gt; done: WorkflowSteps.ThenBackButtonIsVisible() (0.0s)&#xD;
And "Cancel &amp; Delete" button is shown&#xD;
-&gt; done: WorkflowSteps.ThenCancelAndDeleteButtonIsShown() (0.0s)&#xD;
And Team 2 is shown in Penalty label of "Penalty" event in action log&#xD;
-&gt; done: ActionLogSteps.ThenTeamIsShownInSubItemOfEventInActionLog(2, "Penalty", Penalty) (0.2s)&#xD;
And All action buttons except card and goal buttons are disabled for both teams&#xD;
-&gt; done: TeamActionButtonSteps.ThenAllActionButtonsExceptCardAndGoalButtonsAreDisabledForBothTeams() (0.6s)&#xD;
And penalty action button is selected for team "2"&#xD;
-&gt; done: TeamActionButtonSteps.ThenPenaltyActionButtonIsSelected(2) (0.0s)&#xD;
And Latest "Penalty" event is highlighted&#xD;
-&gt; done: ActionLogSteps.ThenCardEventIsHighlighted(Penalty) (0.0s)&#xD;
And Player on pitch with shirt id 8 of team 1 is highlighted in team Color&#xD;
-&gt; done: PitchPlayersComponentSteps.ThenPlayerOnPitchWithShirtIdOfTeamIsHighlightedInTeamColor(8, 1) (0.1s)&#xD;
And Player on pitch 5 of team 1 is shown in Offence of "Penalty" event in action log&#xD;
-&gt; done: ActionLogSteps.ThenPlayerOnPitchOfTeamIsShownInGoalOfEventInActionLog(5, 1, "Offence", Penalty) (0.2s)&#xD;
sandbox: CleanUpAfterTestRun started.&#xD;
sandbox: application pages != null: True&#xD;
sandbox: web driver!= null: True&#xD;
sandbox: CleanUpAfterTestRun complete.</StdOut>
      </Output>
    </UnitTestResult>
    <UnitTestResult executionId="f1baf35b-d70b-4ba3-a1b7-8d34326e82b6" testId="669da7e5-1046-822b-2e2e-aed378031119" testName="GivenFiltersActive_WhenEditingItemToNotMatchFilter_ThenFilterResultIsUpdated" computerName="EC2AMAZ-JEOO151" duration="00:00:08.8260000" startTime="2019-07-11T21:19:04.0000000+00:00" endTime="2019-07-11T21:19:13.0000000+00:00" testType="13cdc9d9-ddb5-4fa4-a97d-d965ccfc6d4b" outcome="Passed" testListId="8c84fa94-04c1-424b-9868-57a2d4851a1d" relativeResultsDirectory="f1baf35b-d70b-4ba3-a1b7-8d34326e82b6">
      <Output>
        <StdOut>sandbox: PrepareForTestRun started.&#xD;
sandbox: football liveStatsApp != null: True &#xD;
sandbox: football liveStatsApp.IsProcessRunning: True &#xD;
sandbox: setupLocalData: localDatabaseProvider != null: True&#xD;
sandbox: applicationPages != null: True&#xD;
sandbox: applicationPages.Webdriver != null: True&#xD;
sandbox: finished setuping local data&#xD;
sandbox: PrepareForTestRun complete.&#xD;
Given action failed. Retrying after a timeout.&#xD;
Failed to find element with query '[data-qa='expandedActionLogTable']'. Web driver timeout exception.&#xD;
sandbox: CleanUpAfterTestRun started.&#xD;
sandbox: application pages != null: True&#xD;
sandbox: web driver!= null: True&#xD;
sandbox: CleanUpAfterTestRun complete.</StdOut>
      </Output>
    </UnitTestResult>
    <UnitTestResult executionId="a6284b3e-ff36-4c11-8d75-0e0dcb2116d8" testId="020c4d8c-be48-f690-61a1-1b2bb9bb4434" testName="FlagsFreekickIfGoalStartedFromMiddleOfFreekickWorkflow(&quot;reason&quot;,&quot;1&quot;,null)" computerName="EC2AMAZ-JEOO151" duration="00:00:05.3670000" startTime="2019-07-11T18:58:54.0000000+00:00" endTime="2019-07-11T18:59:00.0000000+00:00" testType="13cdc9d9-ddb5-4fa4-a97d-d965ccfc6d4b" outcome="Passed" testListId="8c84fa94-04c1-424b-9868-57a2d4851a1d" relativeResultsDirectory="a6284b3e-ff36-4c11-8d75-0e0dcb2116d8">
      <Output>
        <StdOut>sandbox: PrepareForTestRun started.&#xD;
sandbox: football liveStatsApp != null: True &#xD;
sandbox: football liveStatsApp.IsProcessRunning: True &#xD;
sandbox: setupLocalData: localDatabaseProvider != null: True&#xD;
sandbox: applicationPages != null: True&#xD;
sandbox: applicationPages.Webdriver != null: True&#xD;
sandbox: finished setuping local data&#xD;
sandbox: PrepareForTestRun complete.&#xD;
Given Match started with kick off from existing game&#xD;
-&gt; done: SetupGameSteps.GivenMatchStartedWithKickOffButtonFromExistingGame() (3.3s)&#xD;
Given Free kick for team "1" workflow entered till reason selection&#xD;
-&gt; done: FreeKickSteps.GivenFreeKickForTeamAndWorkflowEnteredTillReasonSelection(1) (0.7s)&#xD;
When I click goal for team 1 button&#xD;
Given action failed. Retrying after a timeout.&#xD;
-&gt; done: TeamActionButtonSteps.GivenIClickGoalForTeamButton(1) (0.5s)&#xD;
Then Latest action of type "FreeKick" is flagged&#xD;
-&gt; done: ActionLogSteps.ThenLatestEventInActionLogOfTypeIsFlagged(FreeKick) (0.0s)&#xD;
sandbox: CleanUpAfterTestRun started.&#xD;
sandbox: application pages != null: True&#xD;
sandbox: web driver!= null: True&#xD;
sandbox: CleanUpAfterTestRun complete.</StdOut>
      </Output>
    </UnitTestResult>
    <UnitTestResult executionId="4afc5d78-da41-4ca8-9683-7fa6a04e7185" testId="07a03455-598d-f277-7c52-889e887211b9" testName="GivenGameWithSubInFirstHalf_WhenEditingSubWhileInSecondHalf_ThenCanSaveData" computerName="EC2AMAZ-JEOO151" duration="00:00:15.9580000" startTime="2019-07-11T20:44:11.0000000+00:00" endTime="2019-07-11T20:44:27.0000000+00:00" testType="13cdc9d9-ddb5-4fa4-a97d-d965ccfc6d4b" outcome="Passed" testListId="8c84fa94-04c1-424b-9868-57a2d4851a1d" relativeResultsDirectory="4afc5d78-da41-4ca8-9683-7fa6a04e7185">
      <Output>
        <StdOut>sandbox: PrepareForTestRun started.&#xD;
sandbox: football liveStatsApp != null: True &#xD;
sandbox: football liveStatsApp.IsProcessRunning: True &#xD;
sandbox: setupLocalData: localDatabaseProvider != null: True&#xD;
sandbox: applicationPages != null: True&#xD;
sandbox: applicationPages.Webdriver != null: True&#xD;
sandbox: finished setuping local data&#xD;
sandbox: PrepareForTestRun complete.&#xD;
Given action failed. Retrying after a timeout.&#xD;
Failed to find element with query '[data-qa='subsEditWrapper']'. Web driver timeout exception.&#xD;
sandbox: CleanUpAfterTestRun started.&#xD;
sandbox: application pages != null: True&#xD;
sandbox: web driver!= null: True&#xD;
sandbox: CleanUpAfterTestRun complete.</StdOut>
      </Output>
    </UnitTestResult>
    <UnitTestResult executionId="1e3a6671-9598-48d1-8f03-749729644163" testId="2a9e86ba-67b6-7842-a065-071088811bf7" testName="GoalWorkflowCanBeStartedDuringAnyFreeKickWorkflowStep(&quot;foul on&quot;,&quot;1&quot;,null)" computerName="EC2AMAZ-JEOO151" duration="00:00:06.4530000" startTime="2019-07-11T18:59:27.0000000+00:00" endTime="2019-07-11T18:59:34.0000000+00:00" testType="13cdc9d9-ddb5-4fa4-a97d-d965ccfc6d4b" outcome="Passed" testListId="8c84fa94-04c1-424b-9868-57a2d4851a1d" relativeResultsDirectory="1e3a6671-9598-48d1-8f03-749729644163">
      <Output>
        <StdOut>sandbox: PrepareForTestRun started.&#xD;
sandbox: football liveStatsApp != null: True &#xD;
sandbox: football liveStatsApp.IsProcessRunning: True &#xD;
sandbox: setupLocalData: localDatabaseProvider != null: True&#xD;
sandbox: applicationPages != null: True&#xD;
sandbox: applicationPages.Webdriver != null: True&#xD;
sandbox: finished setuping local data&#xD;
sandbox: PrepareForTestRun complete.&#xD;
Given Match started with kick off from existing game&#xD;
-&gt; done: SetupGameSteps.GivenMatchStartedWithKickOffButtonFromExistingGame() (3.3s)&#xD;
Given Free kick for team "1" workflow entered till foul on selection&#xD;
Given action failed. Retrying after a timeout.&#xD;
-&gt; done: FreeKickSteps.GivenFreeKickForTeamAndWorkflowEnteredTillFoulOnSelection(1) (1.3s)&#xD;
Then Can register goal for team "1" but not other&#xD;
-&gt; done: GoalSteps.ThenCanRegisterGoalForTeam(1) (0.2s)&#xD;
sandbox: CleanUpAfterTestRun started.&#xD;
sandbox: application pages != null: True&#xD;
sandbox: web driver!= null: True&#xD;
sandbox: CleanUpAfterTestRun complete.</StdOut>
      </Output>
    </UnitTestResult>
    <UnitTestResult executionId="f11d56c2-167c-41b1-9edf-16a2c60c9e1b" testId="57a7498c-372f-9fd7-7eaa-8c0ac350954d" testName="GivenActionRegistered_WhenDeletingFromExpandedActionLog_ThenDeletedPitchLog(Booking)" computerName="EC2AMAZ-JEOO151" duration="00:00:12.5650000" startTime="2019-07-11T20:17:50.0000000+00:00" endTime="2019-07-11T20:18:03.0000000+00:00" testType="13cdc9d9-ddb5-4fa4-a97d-d965ccfc6d4b" outcome="Passed" testListId="8c84fa94-04c1-424b-9868-57a2d4851a1d" relativeResultsDirectory="f11d56c2-167c-41b1-9edf-16a2c60c9e1b">
      <Output>
        <StdOut>sandbox: PrepareForTestRun started.&#xD;
sandbox: football liveStatsApp != null: True &#xD;
sandbox: football liveStatsApp.IsProcessRunning: True &#xD;
sandbox: setupLocalData: localDatabaseProvider != null: True&#xD;
sandbox: applicationPages != null: True&#xD;
sandbox: applicationPages.Webdriver != null: True&#xD;
sandbox: finished setuping local data&#xD;
sandbox: PrepareForTestRun complete.&#xD;
sandbox: CleanUpAfterTestRun started.&#xD;
sandbox: application pages != null: True&#xD;
sandbox: web driver!= null: True&#xD;
sandbox: CleanUpAfterTestRun complete.</StdOut>
      </Output>
    </UnitTestResult>
    <UnitTestResult executionId="608ba014-65fb-4d01-bbc4-521571c6990c" testId="da1da512-1073-e758-1686-4b2d3eee922f" testName="CancelSubsitution" computerName="EC2AMAZ-JEOO151" duration="00:00:07.6160000" startTime="2019-07-11T19:27:31.0000000+00:00" endTime="2019-07-11T19:27:39.0000000+00:00" testType="13cdc9d9-ddb5-4fa4-a97d-d965ccfc6d4b" outcome="Passed" testListId="8c84fa94-04c1-424b-9868-57a2d4851a1d" relativeResultsDirectory="608ba014-65fb-4d01-bbc4-521571c6990c">
      <Output>
        <StdOut>sandbox: PrepareForTestRun started.&#xD;
sandbox: football liveStatsApp != null: True &#xD;
sandbox: football liveStatsApp.IsProcessRunning: True &#xD;
sandbox: setupLocalData: localDatabaseProvider != null: True&#xD;
sandbox: applicationPages != null: True&#xD;
sandbox: applicationPages.Webdriver != null: True&#xD;
sandbox: finished setuping local data&#xD;
sandbox: PrepareForTestRun complete.&#xD;
Given Match started with kick off from existing game&#xD;
-&gt; done: SetupGameSteps.GivenMatchStartedWithKickOffButtonFromExistingGame() (3.3s)&#xD;
Given started substitution for team "1" in pitch view&#xD;
-&gt; done: SubstitutionSteps.WhenIClickSubBenchButtonInSubstitutionRecord(1) (0.5s)&#xD;
And player "25" for sub in and player "6" for sub out were selected from team "1"&#xD;
-&gt; done: SubstitutionSteps.WhenIChoosePlayerFromTeamForSubIn(25, 6, 1) (0.5s)&#xD;
When I Click "cancel" Button in substitution window&#xD;
-&gt; done: SubstitutionSteps.WhenIClickCancelButtonInSubstitutionRecord() (0.3s)&#xD;
Then Pitch View is shown&#xD;
-&gt; done: PitchScreenSteps.PitchViewIsShown() (0.1s)&#xD;
And Substitution event not created on Action log&#xD;
-&gt; done: ActionLogSteps.ThenSubstitutionEventNotCreatedOnActionLog() (2.0s)&#xD;
And substitutions for team "1" button on pitch shows "3" remaining and "3" available subs&#xD;
-&gt; done: SubstitutionSteps.ThenSubsForTeamButtonOnPitchShowsCompletedAndAvailableSubs(1, 3, 3) (0.0s)&#xD;
And substitutions for team "2" button on pitch shows "3" remaining and "3" available subs&#xD;
-&gt; done: SubstitutionSteps.ThenSubsForTeamButtonOnPitchShowsCompletedAndAvailableSubs(2, 3, 3) (0.0s)&#xD;
sandbox: CleanUpAfterTestRun started.&#xD;
sandbox: application pages != null: True&#xD;
sandbox: web driver!= null: True&#xD;
sandbox: CleanUpAfterTestRun complete.</StdOut>
      </Output>
    </UnitTestResult>
    <UnitTestResult executionId="e0dd5c9a-3f1f-4afd-ad5f-b8703dd1b59d" testId="0a8a55d8-53d4-ecdf-6e7d-d0c261caab30" testName="GivenGame_WhenUpdatingTeamFormations_ThenFormationsUpdated(&quot;4-3-3&quot;,&quot;4-4-2&quot;)" computerName="EC2AMAZ-JEOO151" duration="00:00:16.4770000" startTime="2019-07-11T20:08:12.0000000+00:00" endTime="2019-07-11T20:08:29.0000000+00:00" testType="13cdc9d9-ddb5-4fa4-a97d-d965ccfc6d4b" outcome="Passed" testListId="8c84fa94-04c1-424b-9868-57a2d4851a1d" relativeResultsDirectory="e0dd5c9a-3f1f-4afd-ad5f-b8703dd1b59d">
      <Output>
        <StdOut>sandbox: PrepareForTestRun started.&#xD;
sandbox: football liveStatsApp != null: True &#xD;
sandbox: football liveStatsApp.IsProcessRunning: True &#xD;
sandbox: setupLocalData: localDatabaseProvider != null: True&#xD;
sandbox: applicationPages != null: True&#xD;
sandbox: applicationPages.Webdriver != null: True&#xD;
sandbox: finished setuping local data&#xD;
sandbox: PrepareForTestRun complete.&#xD;
sandbox: CleanUpAfterTestRun started.&#xD;
sandbox: application pages != null: True&#xD;
sandbox: web driver!= null: True&#xD;
Given action failed. Retrying after a timeout. Most likely UI was not fast enough to refresh itself.&#xD;
sandbox: CleanUpAfterTestRun complete.</StdOut>
      </Output>
    </UnitTestResult>
    <UnitTestResult executionId="9a544c2a-87d6-4236-a2bc-ac6807d806f6" testId="a1d28d38-c134-8ce5-8aa4-73774c266ed6" testName="GivenGoalRegistered_WhenEditingAssist_ThenChangesSaved" computerName="EC2AMAZ-JEOO151" duration="00:00:09.9170000" startTime="2019-07-11T20:31:09.0000000+00:00" endTime="2019-07-11T20:31:19.0000000+00:00" testType="13cdc9d9-ddb5-4fa4-a97d-d965ccfc6d4b" outcome="Passed" testListId="8c84fa94-04c1-424b-9868-57a2d4851a1d" relativeResultsDirectory="9a544c2a-87d6-4236-a2bc-ac6807d806f6">
      <Output>
        <StdOut>sandbox: PrepareForTestRun started.&#xD;
sandbox: football liveStatsApp != null: True &#xD;
sandbox: football liveStatsApp.IsProcessRunning: True &#xD;
sandbox: setupLocalData: localDatabaseProvider != null: True&#xD;
sandbox: applicationPages != null: True&#xD;
sandbox: applicationPages.Webdriver != null: True&#xD;
sandbox: finished setuping local data&#xD;
sandbox: PrepareForTestRun complete.&#xD;
Given action failed. Retrying after a timeout.&#xD;
sandbox: CleanUpAfterTestRun started.&#xD;
sandbox: application pages != null: True&#xD;
sandbox: web driver!= null: True&#xD;
sandbox: CleanUpAfterTestRun complete.</StdOut>
      </Output>
    </UnitTestResult>
    <UnitTestResult executionId="8e312421-d782-4b60-a356-817d904d9637" testId="321e9a78-f502-35e9-eac4-7457cab4e66c" testName="CornerActionFlagCanBeReviewedInActionEditScreen" computerName="EC2AMAZ-JEOO151" duration="00:00:08.1690000" startTime="2019-07-11T19:40:31.0000000+00:00" endTime="2019-07-11T19:40:40.0000000+00:00" testType="13cdc9d9-ddb5-4fa4-a97d-d965ccfc6d4b" outcome="Passed" testListId="8c84fa94-04c1-424b-9868-57a2d4851a1d" relativeResultsDirectory="8e312421-d782-4b60-a356-817d904d9637">
      <Output>
        <StdOut>sandbox: PrepareForTestRun started.&#xD;
sandbox: football liveStatsApp != null: True &#xD;
sandbox: football liveStatsApp.IsProcessRunning: True &#xD;
sandbox: setupLocalData: localDatabaseProvider != null: True&#xD;
sandbox: applicationPages != null: True&#xD;
sandbox: applicationPages.Webdriver != null: True&#xD;
sandbox: finished setuping local data&#xD;
sandbox: PrepareForTestRun complete.&#xD;
Given Match started with kick off from existing game&#xD;
-&gt; done: SetupGameSteps.GivenMatchStartedWithKickOffButtonFromExistingGame() (3.2s)&#xD;
Given "Top right" corner added for Team 1&#xD;
-&gt; done: CornerSteps.GivenCornerAddedForTeam("Top right", 1) (3.2s)&#xD;
When I click on latest "Corner" event in action log&#xD;
-&gt; done: ActionLogSteps.GivenIClickOnLatestEventInActionLog(Corner) (0.2s)&#xD;
And I click Flag &amp; Save button in action edit form&#xD;
-&gt; done: EditFormSteps.ClickFlagAndSaveInActionEditForm() (0.4s)&#xD;
And I click on latest "Corner" event in action log&#xD;
-&gt; done: ActionLogSteps.GivenIClickOnLatestEventInActionLog(Corner) (0.1s)&#xD;
And I click review flags button in game action edit window&#xD;
-&gt; done: EditFormSteps.WhenIClickReviewFlagsButtonInGameActionEditWindow() (0.1s)&#xD;
Then Review action flags dialog opens&#xD;
-&gt; done: EditFormSteps.ThenReviewActionFlagsDialogOpens() (0.0s)&#xD;
And "This item was flagged by the User." is visible in review action flags dialog&#xD;
-&gt; done: EditWindowFlagsDropDownSteps.ThenIsVisibleInReviewActionFlagsDialog("This item was fla...") (0.0s)&#xD;
sandbox: CleanUpAfterTestRun started.&#xD;
sandbox: application pages != null: True&#xD;
sandbox: web driver!= null: True&#xD;
sandbox: CleanUpAfterTestRun complete.</StdOut>
      </Output>
    </UnitTestResult>
    <UnitTestResult executionId="3b4dfa67-8ea9-4ebb-ab34-3a3686e52031" testId="80905701-2cf2-a947-7638-ee653bc99316" testName="InsertGoalPenaltyShootoutKickIsPresentedInScoreboard" computerName="EC2AMAZ-JEOO151" duration="00:00:22.5310000" startTime="2019-07-11T18:36:08.0000000+00:00" endTime="2019-07-11T18:36:30.0000000+00:00" testType="13cdc9d9-ddb5-4fa4-a97d-d965ccfc6d4b" outcome="Passed" testListId="8c84fa94-04c1-424b-9868-57a2d4851a1d" relativeResultsDirectory="3b4dfa67-8ea9-4ebb-ab34-3a3686e52031">
      <Output>
        <StdOut>sandbox: PrepareForTestRun started.&#xD;
sandbox: football liveStatsApp != null: True &#xD;
sandbox: football liveStatsApp.IsProcessRunning: True &#xD;
sandbox: setupLocalData: localDatabaseProvider != null: True&#xD;
sandbox: applicationPages != null: True&#xD;
sandbox: applicationPages.Webdriver != null: True&#xD;
sandbox: finished setuping local data&#xD;
sandbox: PrepareForTestRun complete.&#xD;
Given penalty shoot-out phase started&#xD;
-&gt; done: PitchClockSteps.GivenGamePenaltyShoot_OutPhaseStarted() (14.6s)&#xD;
And I remembered current players on pitch shirt numbers&#xD;
-&gt; done: GoalEditSteps.GivenIRememberCurrentPlayersOnPitch() (1.4s)&#xD;
And I recorded penalty shoot-out kick "Goal" for team 2 player with shirt number 1&#xD;
-&gt; done: PenaltyShootoutSteps.WhenIRecordPenaltyShoot_OutKickGoalForTeamPlayerWithShirtNumber(2, 1) (2.7s)&#xD;
When I click Expand Action log button&#xD;
-&gt; done: ActionLogSteps.WhenIClickExpandActionLogButton() (0.3s)&#xD;
And I insert "PenaltyShootoutKick" after last action in expanded action log&#xD;
-&gt; done: ExpandedActionLogSteps.WhenIInsertPenaltyAfterLastActionInExpandedActionLog(PenaltyShootoutKick) (0.3s)&#xD;
And I choose player with number 6 from team 1 as penalty taker&#xD;
-&gt; done: PenaltyShootoutEditSteps.WhenIChoosePlayerWithNumberFromTeamAsPenaltyTaker(6, 1) (0.5s)&#xD;
And I click on goal result in penalty edit&#xD;
-&gt; done: PenaltyEditSteps.WhenIClickOnGoalPenaltyResult() (0.1s)&#xD;
And I add "top right" shot location in net section&#xD;
-&gt; done: PenaltyShootoutEditSteps.WhenIAddShotLocationInNetSection("top right") (0.3s)&#xD;
And I set penalty retake count to 1 in penalty edit&#xD;
-&gt; done: PenaltyEditSteps.WhenISetRetakeCountTo(1) (0.1s)&#xD;
And I click Save button in action edit form&#xD;
-&gt; done: EditFormSteps.ClickSaveButtonInActionEditForm() (0.6s)&#xD;
And I close expanded action log page&#xD;
-&gt; done: ExpandedActionLogSteps.WhenICloseExpandedActionLogPage() (0.2s)&#xD;
Then Pitch View is shown&#xD;
-&gt; done: PitchScreenSteps.PitchViewIsShown() (0.0s)&#xD;
And Team 1 has 1 penalty shoot-out made in score board&#xD;
-&gt; done: PenaltyShootoutSteps.ThenTeamHasPenaltyShoot_OutMade(1, 1) (0.1s)&#xD;
And Team 1 has 0 penalty shoot-out miss in score board&#xD;
-&gt; done: PenaltyShootoutSteps.ThenTeamHasPenaltyShoot_OutMiss(1, 0) (0.0s)&#xD;
And Team 1 penalty shootout table row 1 contains player with shirt number 6&#xD;
-&gt; done: PenaltyShootoutSteps.ThenTeamPenaltyShootoutTableRowContainsPlayerWithShirtNumber(1, 1, 6) (0.1s)&#xD;
And Team 1 penalty shootout table row 1 contains made result of "Goal"&#xD;
-&gt; done: PenaltyShootoutSteps.ThenTeamPenaltyShootoutTableRowContainsMadeResultOfTrue(1, 1, "Goal") (0.1s)&#xD;
sandbox: CleanUpAfterTestRun started.&#xD;
sandbox: application pages != null: True&#xD;
sandbox: web driver!= null: True&#xD;
sandbox: CleanUpAfterTestRun complete.</StdOut>
      </Output>
    </UnitTestResult>
    <UnitTestResult executionId="293c7294-c26d-4b16-87bb-2cead575e0a1" testId="8917670b-fd60-5fd2-7361-964c5ad89ab6" testName="ChangedFreeKickReasonFromFoulToOffence" computerName="EC2AMAZ-JEOO151" duration="00:00:08.5320000" startTime="2019-07-11T17:55:39.0000000+00:00" endTime="2019-07-11T17:55:47.0000000+00:00" testType="13cdc9d9-ddb5-4fa4-a97d-d965ccfc6d4b" outcome="Passed" testListId="8c84fa94-04c1-424b-9868-57a2d4851a1d" relativeResultsDirectory="293c7294-c26d-4b16-87bb-2cead575e0a1">
      <Output>
        <StdOut>sandbox: PrepareForTestRun started.&#xD;
sandbox: football liveStatsApp != null: True &#xD;
sandbox: football liveStatsApp.IsProcessRunning: True &#xD;
sandbox: setupLocalData: localDatabaseProvider != null: True&#xD;
sandbox: applicationPages != null: True&#xD;
sandbox: applicationPages.Webdriver != null: True&#xD;
sandbox: finished setuping local data&#xD;
sandbox: PrepareForTestRun complete.&#xD;
Given Match started with kick off from existing game&#xD;
-&gt; done: SetupGameSteps.GivenMatchStartedWithKickOffButtonFromExistingGame() (3.3s)&#xD;
And I remembered current players on pitch shirt numbers&#xD;
-&gt; done: GoalEditSteps.GivenIRememberCurrentPlayersOnPitch() (1.6s)&#xD;
Given Freekick for Team 1 is registered&#xD;
Given action failed. Retrying after a timeout.&#xD;
-&gt; done: FreeKickSteps.GivenFreekickForTeamIsRegistered(1) (1.5s)&#xD;
When I click on latest "FreeKick" event in action log&#xD;
-&gt; done: ActionLogSteps.GivenIClickOnLatestEventInActionLog(FreeKick) (0.2s)&#xD;
And I click "offence" reason in free kick page&#xD;
-&gt; done: FreeKickEditSteps.WhenIClickButtonInExpandedFreeKickReasonsDialog("offence") (0.1s)&#xD;
And I click Save button in action edit form&#xD;
-&gt; done: EditFormSteps.ClickSaveButtonInActionEditForm() (0.6s)&#xD;
Then offence label of "FreeKick" event in action log is in team 2 color&#xD;
-&gt; done: ActionLogSteps.ThenSubItemOfEventInActionLogIsInTeamColor("offence", FreeKick, 2) (0.2s)&#xD;
And Player on pitch by shirt number 3 of team 2 is shown in offence of "FreeKick" event in action log&#xD;
-&gt; done: ActionLogSteps.ThenPlayerOnPitchByShirtNumberOfTeamIsShownInGoalOfEventInActionLog(3, 2, "offence", FreeKick) (0.2s)&#xD;
sandbox: CleanUpAfterTestRun started.&#xD;
sandbox: application pages != null: True&#xD;
sandbox: web driver!= null: True&#xD;
sandbox: CleanUpAfterTestRun complete.</StdOut>
      </Output>
    </UnitTestResult>
    <UnitTestResult executionId="b5f83ef0-ecaf-4917-b9ca-f45ac7a0272d" testId="37be0177-7849-776c-62c5-fec0e2b41ed4" testName="SubstitutionBenchButtonEnabledAndClicked" computerName="EC2AMAZ-JEOO151" duration="00:00:04.8170000" startTime="2019-07-11T19:29:03.0000000+00:00" endTime="2019-07-11T19:29:08.0000000+00:00" testType="13cdc9d9-ddb5-4fa4-a97d-d965ccfc6d4b" outcome="Passed" testListId="8c84fa94-04c1-424b-9868-57a2d4851a1d" relativeResultsDirectory="b5f83ef0-ecaf-4917-b9ca-f45ac7a0272d">
      <Output>
        <StdOut>sandbox: PrepareForTestRun started.&#xD;
sandbox: football liveStatsApp != null: True &#xD;
sandbox: football liveStatsApp.IsProcessRunning: True &#xD;
sandbox: setupLocalData: localDatabaseProvider != null: True&#xD;
sandbox: applicationPages != null: True&#xD;
sandbox: applicationPages.Webdriver != null: True&#xD;
sandbox: finished setuping local data&#xD;
sandbox: PrepareForTestRun complete.&#xD;
Given Match started with kick off from existing game&#xD;
-&gt; done: SetupGameSteps.GivenMatchStartedWithKickOffButtonFromExistingGame() (3.3s)&#xD;
When I start substitution for team "1" in pitch view&#xD;
-&gt; done: SubstitutionSteps.WhenIClickSubBenchButtonInSubstitutionRecord(1) (0.5s)&#xD;
Then Substitutions view is shown&#xD;
-&gt; done: SubstitutionSteps.ThenSubstitutionsViewIsShown() (0.0s)&#xD;
And "1" team subs remaining "3/3" is visible in record substitutions&#xD;
-&gt; done: SubstitutionSteps.ThenTeamSubsRemainingIsVisibleInRecordSubstitutions(1, "3/3") (0.1s)&#xD;
And "2" team subs remaining "3/3" is visible in record substitutions&#xD;
-&gt; done: SubstitutionSteps.ThenTeamSubsRemainingIsVisibleInRecordSubstitutions(2, "3/3") (0.1s)&#xD;
And "cancel &amp; delete" Button is visible&#xD;
-&gt; done: EditFormSteps.ThenCancelButtonIsVisible() (0.0s)&#xD;
And "save" Button is visible&#xD;
-&gt; done: EditFormSteps.ThenSaveButtonIsVisible() (0.0s)&#xD;
sandbox: CleanUpAfterTestRun started.&#xD;
sandbox: application pages != null: True&#xD;
sandbox: web driver!= null: True&#xD;
sandbox: CleanUpAfterTestRun complete.</StdOut>
      </Output>
    </UnitTestResult>
    <UnitTestResult executionId="f7eff71f-c8ac-4a15-9f00-6b0365cda0eb" testId="56af6457-aa47-2b12-e9d4-fe3df80c8121" testName="FlagAndContinuePenalty" computerName="EC2AMAZ-JEOO151" duration="00:00:07.1740000" startTime="2019-07-11T19:47:00.0000000+00:00" endTime="2019-07-11T19:47:07.0000000+00:00" testType="13cdc9d9-ddb5-4fa4-a97d-d965ccfc6d4b" outcome="Passed" testListId="8c84fa94-04c1-424b-9868-57a2d4851a1d" relativeResultsDirectory="f7eff71f-c8ac-4a15-9f00-6b0365cda0eb">
      <Output>
        <StdOut>sandbox: PrepareForTestRun started.&#xD;
sandbox: football liveStatsApp != null: True &#xD;
sandbox: football liveStatsApp.IsProcessRunning: True &#xD;
sandbox: setupLocalData: localDatabaseProvider != null: True&#xD;
sandbox: applicationPages != null: True&#xD;
sandbox: applicationPages.Webdriver != null: True&#xD;
sandbox: finished setuping local data&#xD;
sandbox: PrepareForTestRun complete.&#xD;
Given Match started with kick off from existing game&#xD;
-&gt; done: SetupGameSteps.GivenMatchStartedWithKickOffButtonFromExistingGame() (3.2s)&#xD;
When I click "Possible Penalty" button for team 2&#xD;
-&gt; done: TeamActionButtonSteps.GivenIClickPossiblePenaltyButtonForTeam(2) (0.6s)&#xD;
And I confirm penalty by clicking "Confirm" button&#xD;
-&gt; done: PenaltySteps.WhenIConfirmPenaltyByClickingButton() (2.3s)&#xD;
And I flag and continue&#xD;
-&gt; done: WorkflowSteps.WhenIFlagAndContinue() (0.1s)&#xD;
Then 1 event in action log of type "Penalty" is flagged&#xD;
-&gt; done: ActionLogSteps.ThenEventInActionLogOfTypeIsFlagged(1, Penalty) (0.1s)&#xD;
sandbox: CleanUpAfterTestRun started.&#xD;
sandbox: application pages != null: True&#xD;
sandbox: web driver!= null: True&#xD;
sandbox: CleanUpAfterTestRun complete.</StdOut>
      </Output>
    </UnitTestResult>
    <UnitTestResult executionId="d886acf4-007f-42ee-8061-7083a0e2ca61" testId="34e367dd-ac50-89e6-2021-78514f0a3207" testName="InsertFreeKickAfterOrBeforeLastEvent(&quot;after&quot;,&quot;0035&quot;,&quot;0036&quot;,&quot;00:35&quot;,&quot;1&quot;,&quot;2&quot;,&quot;1&quot;,&quot;2&quot;,null)" computerName="EC2AMAZ-JEOO151" duration="00:00:18.7980000" startTime="2019-07-11T18:14:45.0000000+00:00" endTime="2019-07-11T18:15:03.0000000+00:00" testType="13cdc9d9-ddb5-4fa4-a97d-d965ccfc6d4b" outcome="Passed" testListId="8c84fa94-04c1-424b-9868-57a2d4851a1d" relativeResultsDirectory="d886acf4-007f-42ee-8061-7083a0e2ca61">
      <Output>
        <StdOut>sandbox: PrepareForTestRun started.&#xD;
sandbox: football liveStatsApp != null: True &#xD;
sandbox: football liveStatsApp.IsProcessRunning: True &#xD;
sandbox: setupLocalData: localDatabaseProvider != null: True&#xD;
sandbox: applicationPages != null: True&#xD;
sandbox: applicationPages.Webdriver != null: True&#xD;
sandbox: finished setuping local data&#xD;
sandbox: PrepareForTestRun complete.&#xD;
Given Match started with kick off from existing game&#xD;
-&gt; done: SetupGameSteps.GivenMatchStartedWithKickOffButtonFromExistingGame() (3.4s)&#xD;
And "Yellow" Card for Team 1 is registered&#xD;
Given action failed. Retrying after a timeout.&#xD;
-&gt; done: CardSteps.GivenCardForTeamIsRegistered(Yellow, 1) (3.5s)&#xD;
And Throw in added for Team 1&#xD;
Given action failed. Retrying after a timeout.&#xD;
-&gt; done: ThrowInEditSteps.GivenThrowInAddedForTeam(1) (0.8s)&#xD;
And I clicked on latest "ThrowIn" event in action log&#xD;
-&gt; done: ActionLogSteps.GivenIClickOnLatestEventInActionLog(ThrowIn) (0.3s)&#xD;
And I entered new conceded event time of "0030"&#xD;
-&gt; done: EditFormSteps.GivenIEnterNewConcededEventTimeOf("0030") (1.0s)&#xD;
And I clicked Save button in action edit form&#xD;
-&gt; done: EditFormSteps.ClickSaveButtonInActionEditForm() (0.6s)&#xD;
Given I remembered current players on pitch shirt numbers&#xD;
-&gt; done: GoalEditSteps.GivenIRememberCurrentPlayersOnPitch() (1.2s)&#xD;
When I click Expand Action log button&#xD;
-&gt; done: ActionLogSteps.WhenIClickExpandActionLogButton() (0.3s)&#xD;
And I insert "FreeKick" after last action in expanded action log&#xD;
-&gt; done: ExpandedActionLogSteps.WhenIInsertPenaltyAfterLastActionInExpandedActionLog(FreeKick) (0.3s)&#xD;
And I enter new conceded event time of "0035"&#xD;
-&gt; done: EditFormSteps.GivenIEnterNewConcededEventTimeOf("0035") (1.0s)&#xD;
And I enter new taken event time of "0036"&#xD;
-&gt; done: EditFormSteps.GivenIEnterNewTakenEventTimeOf("0036") (1.0s)&#xD;
And I click "foul" reason in free kick page&#xD;
-&gt; done: FreeKickEditSteps.WhenIClickButtonInExpandedFreeKickReasonsDialog("foul") (0.1s)&#xD;
And I click Team 1 in edit screen&#xD;
-&gt; done: EditFormSteps.GivenIClickTeamInEditScreen(1) (0.1s)&#xD;
And I click fouled on player by shirt number 10 in freekick edit&#xD;
-&gt; done: FreeKickEditSteps.WhenIClickFouledOnPlayerInFreekickEdit(10) (0.4s)&#xD;
And I click fouled by player by shirt number 6 in freekick edit&#xD;
-&gt; done: FreeKickEditSteps.WhenIClickFouledByPlayerInFreekickEdit(6) (0.4s)&#xD;
And I click "Set" button for Free Kick location&#xD;
-&gt; done: FreeKickEditSteps.WhenIClickButtonForFreeKickLocation() (0.1s)&#xD;
And I click on expanded pitch view x 75 y 25&#xD;
-&gt; done: ExpandedPitchPositionDialogSteps.GivenIClickOnExpandedPitchViewXY(75, 25) (0.1s)&#xD;
And I click "Proceed" button on expanded pitch view&#xD;
-&gt; done: ExpandedPitchPositionDialogSteps.GivenIClickButtonOnExpandedPitchView("Proceed") (0.1s)&#xD;
And I click "Set" button for Ball Landing location in freekick edit&#xD;
-&gt; done: FreeKickEditSteps.WhenIClickButtonForBallLandingLocationInFreekickEdit() (0.1s)&#xD;
And I click on expanded pitch view x 80 y 10&#xD;
-&gt; done: ExpandedPitchPositionDialogSteps.GivenIClickOnExpandedPitchViewXY(80, 10) (0.1s)&#xD;
And I click "Proceed" button on expanded pitch view&#xD;
-&gt; done: ExpandedPitchPositionDialogSteps.GivenIClickButtonOnExpandedPitchView("Proceed") (0.1s)&#xD;
And I click Save button in action edit form&#xD;
-&gt; done: EditFormSteps.ClickSaveButtonInActionEditForm() (0.6s)&#xD;
Then freeKick insert view is not visible&#xD;
Failed to find element with query '[data-qa='freeKickEditScreen']'. Web driver timeout exception.&#xD;
-&gt; done: FreeKickEditSteps.ThenFreeKickInsertViewIsNotVisible() (2.1s)&#xD;
And "Foul" Action is displayed at 2 in expanded action log&#xD;
-&gt; done: ExpandedActionLogSteps.ThenGoalActionIsDisplayedAtInExpandedActionLog("Foul", 2) (0.0s)&#xD;
And Action at position 2 contains team 2 name&#xD;
-&gt; done: ExpandedActionLogSteps.ThenActionAtPositionContainsTeam(2, 2) (0.0s)&#xD;
And Action at position 2 player is displayed as 6 on "2" team&#xD;
-&gt; done: ExpandedActionLogSteps.ThenActionAtPositionPlayerIsDisplayedAs(2, 6, 2) (0.1s)&#xD;
And "Free kick" Action is displayed at 1 in expanded action log&#xD;
-&gt; done: ExpandedActionLogSteps.ThenGoalActionIsDisplayedAtInExpandedActionLog("Free kick", 1) (0.1s)&#xD;
And Action at position 1 half is displayed as "H1"&#xD;
-&gt; done: ExpandedActionLogSteps.ThenActionAtPositionHalfIsDisplayedAs(1, "H1") (0.0s)&#xD;
And Action at position 1 time is displayed as "00:35"&#xD;
-&gt; done: ExpandedActionLogSteps.ThenActionAtPositionTimeIsDisplayedAs(1, "00:35") (0.0s)&#xD;
And Action at position 1 first qualifier is displayed as "Foul"&#xD;
-&gt; done: ExpandedActionLogSteps.ThenActionAtPositionFirstQualifiedIsDisplayedAs(1, "Foul") (0.0s)&#xD;
And Action at position 1 do not have second qualifier&#xD;
-&gt; done: ExpandedActionLogSteps.ThenActionAtPositionDoNotHaveSecondQualifier(1) (0.1s)&#xD;
And Action at position 1 contains team 1 name&#xD;
-&gt; done: ExpandedActionLogSteps.ThenActionAtPositionContainsTeam(1, 1) (0.0s)&#xD;
And Action at position 1 player is displayed as 10 on "1" team&#xD;
-&gt; done: ExpandedActionLogSteps.ThenActionAtPositionPlayerIsDisplayedAs(1, 10, 1) (0.1s)&#xD;
And Action at position 1 do not have score&#xD;
-&gt; done: ExpandedActionLogSteps.ThenActionAtPositionDoNotHaveScore(1) (0.0s)&#xD;
sandbox: CleanUpAfterTestRun started.&#xD;
sandbox: application pages != null: True&#xD;
sandbox: web driver!= null: True&#xD;
sandbox: CleanUpAfterTestRun complete.</StdOut>
      </Output>
    </UnitTestResult>
    <UnitTestResult executionId="301b8195-6ae6-410e-b02e-9bb4dc79046a" testId="666911d8-673c-0f69-ce0a-f569581199c9" testName="FootballOpenGoalEdit" computerName="EC2AMAZ-JEOO151" duration="00:00:11.1340000" startTime="2019-07-11T18:00:32.0000000+00:00" endTime="2019-07-11T18:00:44.0000000+00:00" testType="13cdc9d9-ddb5-4fa4-a97d-d965ccfc6d4b" outcome="Passed" testListId="8c84fa94-04c1-424b-9868-57a2d4851a1d" relativeResultsDirectory="301b8195-6ae6-410e-b02e-9bb4dc79046a">
      <Output>
        <StdOut>sandbox: PrepareForTestRun started.&#xD;
sandbox: football liveStatsApp != null: True &#xD;
sandbox: football liveStatsApp.IsProcessRunning: True &#xD;
sandbox: setupLocalData: localDatabaseProvider != null: True&#xD;
sandbox: applicationPages != null: True&#xD;
sandbox: applicationPages.Webdriver != null: True&#xD;
sandbox: finished setuping local data&#xD;
sandbox: PrepareForTestRun complete.&#xD;
Given Match started with kick off from existing game&#xD;
-&gt; done: SetupGameSteps.GivenMatchStartedWithKickOffButtonFromExistingGame() (3.3s)&#xD;
And I remembered current players on pitch shirt numbers&#xD;
-&gt; done: GoalEditSteps.GivenIRememberCurrentPlayersOnPitch() (1.5s)&#xD;
And I add a goal for team 1 player 4 assisted by player 13&#xD;
Given action failed. Retrying after a timeout.&#xD;
-&gt; done: GoalSteps.GivenIAddAGoalForTeamPlayerAssistedByPlayer(1, 4, 13) (3.9s)&#xD;
And I click goal event in action log&#xD;
-&gt; done: ActionLogSteps.GivenIClickGoalEventInActionLog() (0.3s)&#xD;
Then Goal Edit view is visible&#xD;
-&gt; done: GoalEditSteps.ThenGoalEditViewIsVisible() (0.1s)&#xD;
And "Edit time" of edit screen is visible&#xD;
-&gt; done: EditFormSteps.ThenEditTimeOfEditScreenIsVisible() (0.0s)&#xD;
And "mini pitch location" is visible in goal edit workflow&#xD;
-&gt; done: GoalEditSteps.ThenTakenLocationOfEditScreenIsVisible() (0.0s)&#xD;
And "shot location" is visible in goal edit workflow&#xD;
-&gt; done: GoalEditSteps.ThenShotLocationIsVisible() (0.1s)&#xD;
And "shot by team" is visible in goal edit workflow&#xD;
-&gt; done: GoalEditSteps.ThenShotByTeamIsVisible() (0.1s)&#xD;
And "shot result" is visible in goal edit workflow&#xD;
-&gt; done: GoalEditSteps.ThenShotResultIsVisible() (0.0s)&#xD;
And "scorer" is visible in goal edit workflow&#xD;
-&gt; done: GoalEditSteps.ThenIsVisibleInGoalEditWorkflow() (0.0s)&#xD;
And player 4 scorer button is selected&#xD;
-&gt; done: GoalEditSteps.ThenPlayerScorerButtonIsSelected(4) (0.3s)&#xD;
And "assisted by" is visible in goal edit workflow&#xD;
-&gt; done: GoalEditSteps.ThenAssistedByIsVisible() (0.1s)&#xD;
And player 13 assist button is selected&#xD;
-&gt; done: GoalEditSteps.ThenPlayerAssistButtonIsSelected(13) (0.3s)&#xD;
And "goal types" is visible in goal edit workflow&#xD;
-&gt; done: GoalEditSteps.ThenShotTypeIsVisibleInGoalEditWorkflow() (0.2s)&#xD;
And "Delete" button of edit screen is visible&#xD;
-&gt; done: EditFormSteps.ThenButtonOfEditScreenIsVisible() (0.0s)&#xD;
And Save button is visible in action edit form&#xD;
-&gt; done: EditFormSteps.EditFormSaveButtonVisible() (0.0s)&#xD;
And "VAR" toggle is visible in goal edit workflow&#xD;
-&gt; done: EditFormSteps.ThenToggleIsVisible() (0.0s)&#xD;
And "VAR" toggle disabled&#xD;
-&gt; done: EditFormSteps.ThenVarToggleDisabled() (0.0s)&#xD;
sandbox: CleanUpAfterTestRun started.&#xD;
sandbox: application pages != null: True&#xD;
sandbox: web driver!= null: True&#xD;
sandbox: CleanUpAfterTestRun complete.</StdOut>
      </Output>
    </UnitTestResult>
    <UnitTestResult executionId="2ae2341f-53cf-4512-b252-b15efa462dfc" testId="955bf9af-17b5-279d-8b6d-06d6d0e58ba8" testName="FootballClearShotLocation" computerName="EC2AMAZ-JEOO151" duration="00:00:23.3630000" startTime="2019-07-11T18:09:51.0000000+00:00" endTime="2019-07-11T18:10:14.0000000+00:00" testType="13cdc9d9-ddb5-4fa4-a97d-d965ccfc6d4b" outcome="Passed" testListId="8c84fa94-04c1-424b-9868-57a2d4851a1d" relativeResultsDirectory="2ae2341f-53cf-4512-b252-b15efa462dfc">
      <Output>
        <StdOut>sandbox: PrepareForTestRun started.&#xD;
sandbox: football liveStatsApp != null: True &#xD;
sandbox: football liveStatsApp.IsProcessRunning: False &#xD;
sandbox: rootDataDirectoryPath: C:\Windows\TEMP\Football_2019-07-11-18-09-51&#xD;
sandbox: Setting up the app environment...&#xD;
sandbox: App environment setup complete.&#xD;
sandbox: Setting up the global configuration...&#xD;
sandbox: Global configuration setup complete.&#xD;
sandbox: dropping application pages&#xD;
sandbox: setupLocalData: localDatabaseProvider != null: True&#xD;
sandbox: applicationPages != null: True&#xD;
sandbox: applicationPages.Webdriver != null: True&#xD;
sandbox: finished setuping local data&#xD;
sandbox: PrepareForTestRun complete.&#xD;
Given Match started with kick off from existing game&#xD;
-&gt; done: SetupGameSteps.GivenMatchStartedWithKickOffButtonFromExistingGame() (4.3s)&#xD;
And I remembered current players on pitch shirt numbers&#xD;
-&gt; done: GoalEditSteps.GivenIRememberCurrentPlayersOnPitch() (1.6s)&#xD;
And I clicked on pitch x 50 and y 60&#xD;
Failed to find element with query '[data-qa='activePitchOverlay']'. Web driver timeout exception.&#xD;
Given action failed. Retrying after a timeout.&#xD;
Failed to find element with query '[data-qa='activePitchOverlay']'. Web driver timeout exception.&#xD;
-&gt; done: PitchScreenSteps.WhenIClickOnPitch(50, 60) (4.5s)&#xD;
And I clicked "Shot" button for team 1&#xD;
Given action failed. Retrying after a timeout.&#xD;
-&gt; done: TeamActionButtonSteps.GivenIClickShotButtonForTeam(1) (0.5s)&#xD;
And I clicked on team 1 player on pitch with shirt number 13&#xD;
-&gt; done: PitchPlayersComponentSteps.WhenIClickOnTeamPlayerOnPitchWithShirtNumber(1, 13) (0.1s)&#xD;
And I clicked on pitch x 50 and y 60&#xD;
-&gt; done: PitchScreenSteps.WhenIClickOnPitch(50, 60) (0.3s)&#xD;
And I clicked "Shot Off Target" button&#xD;
-&gt; done: ShotRegistrationSteps.WhenClickIShotOffTargetButton() (0.1s)&#xD;
And I clicked on net x "50" and y "25"&#xD;
-&gt; done: NetSectionSteps.WhenIClickOnNetXAndY(50, 25) (0.2s)&#xD;
And I clicked "Save" button&#xD;
-&gt; done: NetSectionSteps.WhenIClickSaveButton() (0.2s)&#xD;
When I click shot event in action log&#xD;
-&gt; done: ActionLogSteps.WhenIClickShotEventInActionLog() (0.2s)&#xD;
And I click "adjust shot location" button in edit window&#xD;
-&gt; done: GoalEditSteps.GivenIClickAdjustShotLocationButton() (0.1s)&#xD;
And I click "clear" button on expanded shot position view&#xD;
-&gt; done: ExpandedShotLocationDialogSteps.GivenIClickButtonOnExpandedShotPositionView("clear") (0.1s)&#xD;
And I click "Proceed" button on expanded shot position view&#xD;
-&gt; done: ExpandedShotLocationDialogSteps.GivenIClickButtonOnExpandedShotPositionView("Proceed") (0.1s)&#xD;
Then Previous shot position is in out top middle section at x 50 y 49&#xD;
-&gt; done: ExpandedShotLocationDialogSteps.ThenPreviousShotPositionIsAtXAndY("out top middle", 50, 49) (0.1s)&#xD;
And "Set" button is visible in shot edit view&#xD;
-&gt; done: ExpandedShotLocationDialogSteps.ThenSetButtonIsVisibleInShotView() (0.0s)&#xD;
And Save button is disabled in action edit form&#xD;
-&gt; done: EditFormSteps.SaveButtonIsDisabled() (0.0s)&#xD;
sandbox: CleanUpAfterTestRun started.&#xD;
sandbox: application pages != null: True&#xD;
sandbox: web driver!= null: True&#xD;
sandbox: CleanUpAfterTestRun complete.</StdOut>
      </Output>
    </UnitTestResult>
    <UnitTestResult executionId="a5c4a7d4-89ca-414a-945f-d65212b3d164" testId="ad2bd731-b7b6-19a6-1d9c-937f22c6f1e5" testName="PenaltyShootoutGoal(&quot;1&quot;,&quot;2&quot;,&quot;90&quot;,&quot;50&quot;,&quot;5&quot;,&quot;16&quot;,null)" computerName="EC2AMAZ-JEOO151" duration="00:00:18.9500000" startTime="2019-07-11T19:14:02.0000000+00:00" endTime="2019-07-11T19:14:21.0000000+00:00" testType="13cdc9d9-ddb5-4fa4-a97d-d965ccfc6d4b" outcome="Passed" testListId="8c84fa94-04c1-424b-9868-57a2d4851a1d" relativeResultsDirectory="a5c4a7d4-89ca-414a-945f-d65212b3d164">
      <Output>
        <StdOut>sandbox: PrepareForTestRun started.&#xD;
sandbox: football liveStatsApp != null: True &#xD;
sandbox: football liveStatsApp.IsProcessRunning: True &#xD;
sandbox: setupLocalData: localDatabaseProvider != null: True&#xD;
sandbox: applicationPages != null: True&#xD;
sandbox: applicationPages.Webdriver != null: True&#xD;
sandbox: finished setuping local data&#xD;
sandbox: PrepareForTestRun complete.&#xD;
Given penalty shoot-out phase started&#xD;
-&gt; done: PitchClockSteps.GivenGamePenaltyShoot_OutPhaseStarted() (14.4s)&#xD;
When I click on team 1 player on pitch with shirt number 16&#xD;
-&gt; done: PitchPlayersComponentSteps.WhenIClickOnTeamPlayerOnPitchWithShirtNumber(1, 16) (0.4s)&#xD;
And I click "Penalty Goal" Button&#xD;
-&gt; done: PenaltySteps.WhenIClickPenaltyGoalButton() (0.2s)&#xD;
And I confirm penalty goal by clicking on "Confirm" button&#xD;
-&gt; done: GoalSteps.WhenIConfirmGoalByClickingOnButton() (2.3s)&#xD;
And I click on net x "10" and y "10"&#xD;
-&gt; done: NetSectionSteps.WhenIClickOnNetXAndY(10, 10) (0.1s)&#xD;
Then Score is 0 for team 1&#xD;
-&gt; done: ScoreBoardSteps.ThenScoreIsForTeam(0, 1) (0.2s)&#xD;
And Score is 0 for team 2&#xD;
-&gt; done: ScoreBoardSteps.ThenScoreIsForTeam(0, 2) (0.1s)&#xD;
And Team 1 has 1 penalty shoot-out made in score board&#xD;
-&gt; done: PenaltyShootoutSteps.ThenTeamHasPenaltyShoot_OutMade(1, 1) (0.0s)&#xD;
And Latest "PenaltyShootout" event is completed&#xD;
-&gt; done: ActionLogSteps.ThenLatestEventIsConfirmed(PenaltyShootout) (0.0s)&#xD;
sandbox: CleanUpAfterTestRun started.&#xD;
sandbox: application pages != null: True&#xD;
sandbox: web driver!= null: True&#xD;
sandbox: CleanUpAfterTestRun complete.</StdOut>
      </Output>
    </UnitTestResult>
    <UnitTestResult executionId="5afc0a13-595d-424f-94d9-999f2814e287" testId="5c0fecb4-1c64-07b7-0fb2-b842f26dc76e" testName="GivenSecondHalfEndedAndCardFiled_WhenOpeningExpandedLog_LatestPhaseEndIsNotDeletableInLog" computerName="EC2AMAZ-JEOO151" duration="00:00:15.2170000" startTime="2019-07-11T20:26:20.0000000+00:00" endTime="2019-07-11T20:26:35.0000000+00:00" testType="13cdc9d9-ddb5-4fa4-a97d-d965ccfc6d4b" outcome="Passed" testListId="8c84fa94-04c1-424b-9868-57a2d4851a1d" relativeResultsDirectory="5afc0a13-595d-424f-94d9-999f2814e287">
      <Output>
        <StdOut>sandbox: PrepareForTestRun started.&#xD;
sandbox: football liveStatsApp != null: True &#xD;
sandbox: football liveStatsApp.IsProcessRunning: True &#xD;
sandbox: setupLocalData: localDatabaseProvider != null: True&#xD;
sandbox: applicationPages != null: True&#xD;
sandbox: applicationPages.Webdriver != null: True&#xD;
sandbox: finished setuping local data&#xD;
sandbox: PrepareForTestRun complete.&#xD;
Failed to find data-qa element with tag 'deleteIcon'. No such element exception.&#xD;
sandbox: CleanUpAfterTestRun started.&#xD;
sandbox: application pages != null: True&#xD;
sandbox: web driver!= null: True&#xD;
sandbox: CleanUpAfterTestRun complete.</StdOut>
      </Output>
    </UnitTestResult>
    <UnitTestResult executionId="7d8b5776-5c7c-4d33-9f43-cfe2d9ed2a15" testId="8e2963c4-6e6a-b32b-0d2f-7a4d5e27153c" testName="GivenPlayerWithInjury_WhenRecordingInjuryForSamePlayer_ThenReturnToPitchIsAvailable" computerName="EC2AMAZ-JEOO151" duration="00:00:05.4660000" startTime="2019-07-11T21:06:19.0000000+00:00" endTime="2019-07-11T21:06:25.0000000+00:00" testType="13cdc9d9-ddb5-4fa4-a97d-d965ccfc6d4b" outcome="Passed" testListId="8c84fa94-04c1-424b-9868-57a2d4851a1d" relativeResultsDirectory="7d8b5776-5c7c-4d33-9f43-cfe2d9ed2a15">
      <Output>
        <StdOut>sandbox: PrepareForTestRun started.&#xD;
sandbox: football liveStatsApp != null: True &#xD;
sandbox: football liveStatsApp.IsProcessRunning: True &#xD;
sandbox: setupLocalData: localDatabaseProvider != null: True&#xD;
sandbox: applicationPages != null: True&#xD;
sandbox: applicationPages.Webdriver != null: True&#xD;
sandbox: finished setuping local data&#xD;
sandbox: PrepareForTestRun complete.&#xD;
sandbox: CleanUpAfterTestRun started.&#xD;
sandbox: application pages != null: True&#xD;
sandbox: web driver!= null: True&#xD;
sandbox: CleanUpAfterTestRun complete.</StdOut>
      </Output>
    </UnitTestResult>
    <UnitTestResult executionId="cc0d7175-3489-43f2-8b6b-398dbaa9de62" testId="81468f94-4933-753b-72f2-76efc0440dc4" testName="GivenActionRegistered_WhenDeletingFromExpandedActionLog_ThenDeletedInExpanded(FreeKick)" computerName="EC2AMAZ-JEOO151" duration="00:00:08.2800000" startTime="2019-07-11T20:16:27.0000000+00:00" endTime="2019-07-11T20:16:35.0000000+00:00" testType="13cdc9d9-ddb5-4fa4-a97d-d965ccfc6d4b" outcome="Passed" testListId="8c84fa94-04c1-424b-9868-57a2d4851a1d" relativeResultsDirectory="cc0d7175-3489-43f2-8b6b-398dbaa9de62">
      <Output>
        <StdOut>sandbox: PrepareForTestRun started.&#xD;
sandbox: football liveStatsApp != null: True &#xD;
sandbox: football liveStatsApp.IsProcessRunning: True &#xD;
sandbox: setupLocalData: localDatabaseProvider != null: True&#xD;
sandbox: applicationPages != null: True&#xD;
sandbox: applicationPages.Webdriver != null: True&#xD;
sandbox: finished setuping local data&#xD;
sandbox: PrepareForTestRun complete.&#xD;
Given action failed. Retrying after a timeout.&#xD;
sandbox: CleanUpAfterTestRun started.&#xD;
sandbox: application pages != null: True&#xD;
sandbox: web driver!= null: True&#xD;
sandbox: CleanUpAfterTestRun complete.</StdOut>
      </Output>
    </UnitTestResult>
    <UnitTestResult executionId="25aa8866-2ceb-49aa-9042-0dc086e1ab18" testId="a2565e45-0e0a-7e6f-a072-da28af752c83" testName="GivenExtraPeriodKickOffDeleted_WhenKickingOffAgain_ThenGameInProgress" computerName="EC2AMAZ-JEOO151" duration="00:00:14.9170000" startTime="2019-07-11T20:19:43.0000000+00:00" endTime="2019-07-11T20:19:58.0000000+00:00" testType="13cdc9d9-ddb5-4fa4-a97d-d965ccfc6d4b" outcome="Passed" testListId="8c84fa94-04c1-424b-9868-57a2d4851a1d" relativeResultsDirectory="25aa8866-2ceb-49aa-9042-0dc086e1ab18">
      <Output>
        <StdOut>sandbox: PrepareForTestRun started.&#xD;
sandbox: football liveStatsApp != null: True &#xD;
sandbox: football liveStatsApp.IsProcessRunning: True &#xD;
sandbox: setupLocalData: localDatabaseProvider != null: True&#xD;
sandbox: applicationPages != null: True&#xD;
sandbox: applicationPages.Webdriver != null: True&#xD;
sandbox: finished setuping local data&#xD;
sandbox: PrepareForTestRun complete.&#xD;
sandbox: CleanUpAfterTestRun started.&#xD;
sandbox: application pages != null: True&#xD;
sandbox: web driver!= null: True&#xD;
sandbox: CleanUpAfterTestRun complete.</StdOut>
      </Output>
    </UnitTestResult>
    <UnitTestResult executionId="882b5440-acda-4c66-be23-2d97dfdef7fc" testId="a73d93f6-f60e-c4a7-6c69-ffd1a93b15f7" testName="CanInsertInjuryIntoPeriodBreak(&quot;before&quot;,&quot;GameStart&quot;,&quot;6&quot;,&quot;00:00&quot;,null)" computerName="EC2AMAZ-JEOO151" duration="00:00:09.0160000" startTime="2019-07-11T18:41:24.0000000+00:00" endTime="2019-07-11T18:41:33.0000000+00:00" testType="13cdc9d9-ddb5-4fa4-a97d-d965ccfc6d4b" outcome="Passed" testListId="8c84fa94-04c1-424b-9868-57a2d4851a1d" relativeResultsDirectory="882b5440-acda-4c66-be23-2d97dfdef7fc">
      <Output>
        <StdOut>sandbox: PrepareForTestRun started.&#xD;
sandbox: football liveStatsApp != null: True &#xD;
sandbox: football liveStatsApp.IsProcessRunning: True &#xD;
sandbox: setupLocalData: localDatabaseProvider != null: True&#xD;
sandbox: applicationPages != null: True&#xD;
sandbox: applicationPages.Webdriver != null: True&#xD;
sandbox: finished setuping local data&#xD;
sandbox: PrepareForTestRun complete.&#xD;
Given Second period started from existing game&#xD;
-&gt; done: SetupGameSteps.GivenSecondPeriodStartedFromExistingGame() (6.5s)&#xD;
When I click Expand Action log button&#xD;
-&gt; done: ActionLogSteps.WhenIClickExpandActionLogButton() (0.3s)&#xD;
And I insert "Injury" before "GameStart"&#xD;
-&gt; done: ExpandedActionLogSteps.WhenIInsertBefore(Injury, GameStart) (0.3s)&#xD;
And I click off-pitch&#xD;
-&gt; done: PlayerInjuryEditSteps.WhenIClickOffPitchInjury() (0.1s)&#xD;
And I update injury with team 1, player 4 in edit window&#xD;
-&gt; done: PlayerInjuryEditSteps.WhenIUpdateInjuryWithTeamPlayer(1, 4) (0.3s)&#xD;
And I click Save button in action edit form&#xD;
-&gt; done: EditFormSteps.ClickSaveButtonInActionEditForm() (0.6s)&#xD;
Then "Injury" Action is displayed at 6 in expanded action log&#xD;
-&gt; done: ExpandedActionLogSteps.ThenGoalActionIsDisplayedAtInExpandedActionLog("Injury", 6) (0.1s)&#xD;
And at 6 position action time is "00:00" in "H1" half&#xD;
-&gt; done: ExpandedActionLogSteps.ThenAtPositionActionTimeIsInHalf(6, "00:00", "H1") (0.1s)&#xD;
sandbox: CleanUpAfterTestRun started.&#xD;
sandbox: application pages != null: True&#xD;
sandbox: web driver!= null: True&#xD;
sandbox: CleanUpAfterTestRun complete.</StdOut>
      </Output>
    </UnitTestResult>
    <UnitTestResult executionId="5641c883-6369-40a7-8a0f-bfb04679efa8" testId="ef80f2ee-9f09-d435-7d20-d5bdea049860" testName="GivenCouchEjectedByCard_WhenRecordingYellow_ThenCouchIsDisabled(Red)" computerName="EC2AMAZ-JEOO151" duration="00:00:11.0290000" startTime="2019-07-11T20:54:23.0000000+00:00" endTime="2019-07-11T20:54:34.0000000+00:00" testType="13cdc9d9-ddb5-4fa4-a97d-d965ccfc6d4b" outcome="Passed" testListId="8c84fa94-04c1-424b-9868-57a2d4851a1d" relativeResultsDirectory="5641c883-6369-40a7-8a0f-bfb04679efa8">
      <Output>
        <StdOut>sandbox: PrepareForTestRun started.&#xD;
sandbox: football liveStatsApp != null: True &#xD;
sandbox: football liveStatsApp.IsProcessRunning: True &#xD;
sandbox: setupLocalData: localDatabaseProvider != null: True&#xD;
sandbox: applicationPages != null: True&#xD;
sandbox: applicationPages.Webdriver != null: True&#xD;
sandbox: finished setuping local data&#xD;
sandbox: PrepareForTestRun complete.&#xD;
Given action failed. Retrying after a timeout.&#xD;
sandbox: CleanUpAfterTestRun started.&#xD;
sandbox: application pages != null: True&#xD;
sandbox: web driver!= null: True&#xD;
sandbox: CleanUpAfterTestRun complete.</StdOut>
      </Output>
    </UnitTestResult>
    <UnitTestResult executionId="96436484-5ff8-4a85-bb5d-285d9f72a7fb" testId="459ddc90-d0a3-7300-8e4c-157b6ad37e65" testName="GivenGameInProgressWithCursorOnPitch_WhenWaiting21Seconds_ThenCursorStartsPulsing" computerName="EC2AMAZ-JEOO151" duration="00:00:29.8840000" startTime="2019-07-11T21:17:06.0000000+00:00" endTime="2019-07-11T21:17:36.0000000+00:00" testType="13cdc9d9-ddb5-4fa4-a97d-d965ccfc6d4b" outcome="Passed" testListId="8c84fa94-04c1-424b-9868-57a2d4851a1d" relativeResultsDirectory="96436484-5ff8-4a85-bb5d-285d9f72a7fb">
      <Output>
        <StdOut>sandbox: PrepareForTestRun started.&#xD;
sandbox: football liveStatsApp != null: True &#xD;
sandbox: football liveStatsApp.IsProcessRunning: True &#xD;
sandbox: setupLocalData: localDatabaseProvider != null: True&#xD;
sandbox: applicationPages != null: True&#xD;
sandbox: applicationPages.Webdriver != null: True&#xD;
sandbox: finished setuping local data&#xD;
sandbox: PrepareForTestRun complete.&#xD;
Failed to find element with query '[data-qa='activePitchOverlay']'. Web driver timeout exception.&#xD;
Given action failed. Retrying after a timeout.&#xD;
Failed to find element with query '[data-qa='activePitchOverlay']'. Web driver timeout exception.&#xD;
sandbox: CleanUpAfterTestRun started.&#xD;
sandbox: application pages != null: True&#xD;
sandbox: web driver!= null: True&#xD;
sandbox: CleanUpAfterTestRun complete.</StdOut>
      </Output>
    </UnitTestResult>
    <UnitTestResult executionId="5eb3f300-6922-4556-bea9-45650d4cfb4e" testId="763742c7-8ce1-f0a1-de31-fc1adc350762" testName="CannotProceedWithTwoCoaches(&quot;2&quot;,&quot;Duplicate Officials/Staff team's member role is forbidden&quot;,null)" computerName="EC2AMAZ-JEOO151" duration="00:00:06.3530000" startTime="2019-07-11T17:39:35.0000000+00:00" endTime="2019-07-11T17:39:41.0000000+00:00" testType="13cdc9d9-ddb5-4fa4-a97d-d965ccfc6d4b" outcome="Passed" testListId="8c84fa94-04c1-424b-9868-57a2d4851a1d" relativeResultsDirectory="5eb3f300-6922-4556-bea9-45650d4cfb4e">
      <Output>
        <StdOut>sandbox: PrepareForTestRun started.&#xD;
sandbox: football liveStatsApp != null: True &#xD;
sandbox: football liveStatsApp.IsProcessRunning: True &#xD;
sandbox: setupLocalData: localDatabaseProvider != null: True&#xD;
sandbox: applicationPages != null: True&#xD;
sandbox: applicationPages.Webdriver != null: True&#xD;
sandbox: finished setuping local data&#xD;
sandbox: PrepareForTestRun complete.&#xD;
Given Teams tab is opened&#xD;
-&gt; done: TeamDetailsTabSteps.WhenTeamsTabIsOpened() (1.4s)&#xD;
And all information for both teams are available&#xD;
-&gt; done: TeamDetailsTabSteps.GivenAllInformationForBothTeamsAreAvailable() (1.3s)&#xD;
When two coaches selected for 2&#xD;
-&gt; done: TeamDetailsTabSteps.WhenTwoCoachesSelectedFor(2) (2.0s)&#xD;
And Save &amp; Next button is clicked&#xD;
-&gt; done: GameSetupSteps.WhenSaveNextButtonIsClicked() (0.1s)&#xD;
Then Duplicate Officials/Staff team's member role is forbidden message is displayed, that 2 &lt;field&gt; could not be blank&#xD;
-&gt; done: GameSetupSteps.ThenWarningMessageIsDisplayedThatCouldNotBeBlank("Duplicate Officia...", "2", "&lt;field&gt;") (0.1s)&#xD;
sandbox: CleanUpAfterTestRun started.&#xD;
sandbox: application pages != null: True&#xD;
sandbox: web driver!= null: True&#xD;
Given action failed. Retrying after a timeout. Most likely UI was not fast enough to refresh itself.&#xD;
sandbox: CleanUpAfterTestRun complete.</StdOut>
      </Output>
    </UnitTestResult>
    <UnitTestResult executionId="17f00310-3e92-4b60-b302-c9f07ec0b39c" testId="d6944ee2-ddaa-8328-1f31-7f9c8412b776" testName="GivenTeamAssistantCouchWithYellowCard_WhenSettingCouchInactive_ThenErrorIsShown" computerName="EC2AMAZ-JEOO151" duration="00:00:09.2340000" startTime="2019-07-11T20:07:24.0000000+00:00" endTime="2019-07-11T20:07:33.0000000+00:00" testType="13cdc9d9-ddb5-4fa4-a97d-d965ccfc6d4b" outcome="Passed" testListId="8c84fa94-04c1-424b-9868-57a2d4851a1d" relativeResultsDirectory="17f00310-3e92-4b60-b302-c9f07ec0b39c">
      <Output>
        <StdOut>sandbox: PrepareForTestRun started.&#xD;
sandbox: football liveStatsApp != null: True &#xD;
sandbox: football liveStatsApp.IsProcessRunning: True &#xD;
sandbox: setupLocalData: localDatabaseProvider != null: True&#xD;
sandbox: applicationPages != null: True&#xD;
sandbox: applicationPages.Webdriver != null: True&#xD;
sandbox: finished setuping local data&#xD;
sandbox: PrepareForTestRun complete.&#xD;
sandbox: CleanUpAfterTestRun started.&#xD;
sandbox: application pages != null: True&#xD;
sandbox: web driver!= null: True&#xD;
sandbox: CleanUpAfterTestRun complete.</StdOut>
      </Output>
    </UnitTestResult>
    <UnitTestResult executionId="f1daa5ea-18ce-4aa5-acd0-38d757d5448f" testId="e198b101-f649-0964-5299-70f5b46e0b66" testName="GivenOffTargetShotRegistered_WhenOpenShotLocationInEditForm_ThenShotLocationIsCorrect" computerName="EC2AMAZ-JEOO151" duration="00:00:11.8030000" startTime="2019-07-11T20:42:32.0000000+00:00" endTime="2019-07-11T20:42:43.0000000+00:00" testType="13cdc9d9-ddb5-4fa4-a97d-d965ccfc6d4b" outcome="Passed" testListId="8c84fa94-04c1-424b-9868-57a2d4851a1d" relativeResultsDirectory="f1daa5ea-18ce-4aa5-acd0-38d757d5448f">
      <Output>
        <StdOut>sandbox: PrepareForTestRun started.&#xD;
sandbox: football liveStatsApp != null: True &#xD;
sandbox: football liveStatsApp.IsProcessRunning: True &#xD;
sandbox: setupLocalData: localDatabaseProvider != null: True&#xD;
sandbox: applicationPages != null: True&#xD;
sandbox: applicationPages.Webdriver != null: True&#xD;
sandbox: finished setuping local data&#xD;
sandbox: PrepareForTestRun complete.&#xD;
Failed to find element with query '[data-qa='activePitchOverlay']'. Web driver timeout exception.&#xD;
Given action failed. Retrying after a timeout.&#xD;
Failed to find element with query '[data-qa='activePitchOverlay']'. Web driver timeout exception.&#xD;
sandbox: CleanUpAfterTestRun started.&#xD;
sandbox: application pages != null: True&#xD;
sandbox: web driver!= null: True&#xD;
sandbox: CleanUpAfterTestRun complete.</StdOut>
      </Output>
    </UnitTestResult>
    <UnitTestResult executionId="1139978f-f7f9-4eff-80c1-dd4de28d126a" testId="bddcf661-767e-d552-80e1-f0b41a510352" testName="PlayerWithActionCanBeRemovedFromLine_UpViaPlayersTab" computerName="EC2AMAZ-JEOO151" duration="00:00:10.3480000" startTime="2019-07-11T17:22:39.0000000+00:00" endTime="2019-07-11T17:22:49.0000000+00:00" testType="13cdc9d9-ddb5-4fa4-a97d-d965ccfc6d4b" outcome="Passed" testListId="8c84fa94-04c1-424b-9868-57a2d4851a1d" relativeResultsDirectory="1139978f-f7f9-4eff-80c1-dd4de28d126a">
      <Output>
        <StdOut>sandbox: PrepareForTestRun started.&#xD;
sandbox: football liveStatsApp != null: True &#xD;
sandbox: football liveStatsApp.IsProcessRunning: True &#xD;
sandbox: setupLocalData: localDatabaseProvider != null: True&#xD;
sandbox: applicationPages != null: True&#xD;
sandbox: applicationPages.Webdriver != null: True&#xD;
sandbox: finished setuping local data&#xD;
sandbox: PrepareForTestRun complete.&#xD;
Given Match started with kick off from existing game&#xD;
-&gt; done: SetupGameSteps.GivenMatchStartedWithKickOffButtonFromExistingGame() (3.3s)&#xD;
Given I add a goal for team 2 player 4 assisted by player 6&#xD;
Given action failed. Retrying after a timeout.&#xD;
-&gt; done: GoalSteps.GivenIAddAGoalForTeamPlayerAssistedByPlayer(2, 4, 6) (4.2s)&#xD;
When I open "Edit player details" via header&#xD;
-&gt; done: HeaderSteps.WhenIOpenPlayerDetailsGameMenuItem() (0.6s)&#xD;
And I deselect player 4 of team 2 as line-up&#xD;
-&gt; done: PlayersTabSteps.WhenIDeselectPlayerOfTeamAsLine_Up(4, 2) (0.2s)&#xD;
And I select player 14 of team 2 as line-up&#xD;
-&gt; done: PlayersTabSteps.WhenISelectPlayerOfTeamAsLine_Up(14, 2) (0.2s)&#xD;
And I click Save &amp; Next button&#xD;
-&gt; done: GameSetupSteps.WhenIClickSaveNextButton() (0.3s)&#xD;
Then Pitch View is shown&#xD;
-&gt; done: PitchScreenSteps.PitchViewIsShown() (0.1s)&#xD;
And 1 event in action log of type "Goal" is flagged&#xD;
-&gt; done: ActionLogSteps.ThenEventInActionLogOfTypeIsFlagged(1, Goal) (0.0s)&#xD;
And player with shirt number 4 of team 2 is not on pitch&#xD;
-&gt; done: PitchPlayersComponentSteps.ThenWithShirtNumberFromTeamIsNotOnPitch(4, 2) (0.3s)&#xD;
And player with shirt number 18 of team 2 is on pitch&#xD;
-&gt; done: PitchPlayersComponentSteps.ThenWithShirtNumberFromTeamIsOnPitch(18, 2) (0.2s)&#xD;
sandbox: CleanUpAfterTestRun started.&#xD;
sandbox: application pages != null: True&#xD;
sandbox: web driver!= null: True&#xD;
sandbox: CleanUpAfterTestRun complete.</StdOut>
      </Output>
    </UnitTestResult>
    <UnitTestResult executionId="278d7f3c-fcb9-4a8b-959d-658aebcfbd55" testId="84b7df23-5565-1ddd-5d29-d2e86d817cf5" testName="SelectOffenceForFreekick(&quot;1&quot;,&quot;2&quot;,&quot;2&quot;,null)" computerName="EC2AMAZ-JEOO151" duration="00:00:05.4150000" startTime="2019-07-11T18:57:11.0000000+00:00" endTime="2019-07-11T18:57:17.0000000+00:00" testType="13cdc9d9-ddb5-4fa4-a97d-d965ccfc6d4b" outcome="Passed" testListId="8c84fa94-04c1-424b-9868-57a2d4851a1d" relativeResultsDirectory="278d7f3c-fcb9-4a8b-959d-658aebcfbd55">
      <Output>
        <StdOut>sandbox: PrepareForTestRun started.&#xD;
sandbox: football liveStatsApp != null: True &#xD;
sandbox: football liveStatsApp.IsProcessRunning: True &#xD;
sandbox: setupLocalData: localDatabaseProvider != null: True&#xD;
sandbox: applicationPages != null: True&#xD;
sandbox: applicationPages.Webdriver != null: True&#xD;
sandbox: finished setuping local data&#xD;
sandbox: PrepareForTestRun complete.&#xD;
Given Match started with kick off from existing game&#xD;
-&gt; done: SetupGameSteps.GivenMatchStartedWithKickOffButtonFromExistingGame() (3.3s)&#xD;
When I click Freekick button for team 1&#xD;
-&gt; done: TeamActionButtonSteps.WhenIClickFreekickButtonForTeam(1) (0.7s)&#xD;
And I click on pitch x 20 and y 50&#xD;
-&gt; done: PitchScreenSteps.WhenIClickOnPitch(20, 50) (0.1s)&#xD;
And I click "Offence" button in freekick reason dialog&#xD;
-&gt; done: FreeKickSteps.WhenIClickButtonInFreekickReasonDialog("Offence") (0.2s)&#xD;
Then team 2 players are enabled&#xD;
-&gt; done: PitchPlayersComponentSteps.ThenTeamPlayersAreEnabled(2) (0.2s)&#xD;
And "OFFENCE" is shown in freekick event action&#xD;
-&gt; done: ActionLogSteps.ThenIsShownInFreekickEventAction("OFFENCE") (0.1s)&#xD;
And Notification "Select player that committed the offence..." is shown&#xD;
-&gt; done: PitchBottomMessageBarSteps.ThenIsShown("Select player tha...") (0.1s)&#xD;
sandbox: CleanUpAfterTestRun started.&#xD;
sandbox: application pages != null: True&#xD;
sandbox: web driver!= null: True&#xD;
sandbox: CleanUpAfterTestRun complete.</StdOut>
      </Output>
    </UnitTestResult>
    <UnitTestResult executionId="01466b87-1551-4be1-afc6-302fb7e719c1" testId="4ecdc156-983a-a1e5-1bea-d19b8b8ea940" testName="GivenGameInPso_ThenCannotChangePossession" computerName="EC2AMAZ-JEOO151" duration="00:00:16.5160000" startTime="2019-07-11T21:40:06.0000000+00:00" endTime="2019-07-11T21:40:22.0000000+00:00" testType="13cdc9d9-ddb5-4fa4-a97d-d965ccfc6d4b" outcome="Passed" testListId="8c84fa94-04c1-424b-9868-57a2d4851a1d" relativeResultsDirectory="01466b87-1551-4be1-afc6-302fb7e719c1">
      <Output>
        <StdOut>sandbox: PrepareForTestRun started.&#xD;
sandbox: football liveStatsApp != null: True &#xD;
sandbox: football liveStatsApp.IsProcessRunning: True &#xD;
sandbox: setupLocalData: localDatabaseProvider != null: True&#xD;
sandbox: applicationPages != null: True&#xD;
sandbox: applicationPages.Webdriver != null: True&#xD;
sandbox: finished setuping local data&#xD;
sandbox: PrepareForTestRun complete.&#xD;
sandbox: CleanUpAfterTestRun started.&#xD;
sandbox: application pages != null: True&#xD;
sandbox: web driver!= null: True&#xD;
Given action failed. Retrying after a timeout. Most likely UI was not fast enough to refresh itself.&#xD;
sandbox: CleanUpAfterTestRun complete.</StdOut>
      </Output>
    </UnitTestResult>
    <UnitTestResult executionId="4583cd5c-449c-44f6-8e65-6184a143a1dc" testId="d526249d-51c6-0910-fc59-8245c30da12a" testName="NoOnVARForPenaltySecondStep(&quot;2&quot;,null)" computerName="EC2AMAZ-JEOO151" duration="00:00:10.5990000" startTime="2019-07-11T19:58:43.0000000+00:00" endTime="2019-07-11T19:58:53.0000000+00:00" testType="13cdc9d9-ddb5-4fa4-a97d-d965ccfc6d4b" outcome="Passed" testListId="8c84fa94-04c1-424b-9868-57a2d4851a1d" relativeResultsDirectory="4583cd5c-449c-44f6-8e65-6184a143a1dc">
      <Output>
        <StdOut>sandbox: PrepareForTestRun started.&#xD;
sandbox: football liveStatsApp != null: True &#xD;
sandbox: football liveStatsApp.IsProcessRunning: True &#xD;
sandbox: setupLocalData: localDatabaseProvider != null: True&#xD;
sandbox: applicationPages != null: True&#xD;
sandbox: applicationPages.Webdriver != null: True&#xD;
sandbox: finished setuping local data&#xD;
sandbox: PrepareForTestRun complete.&#xD;
Given Match started with kick off from existing game&#xD;
-&gt; done: SetupGameSteps.GivenMatchStartedWithKickOffButtonFromExistingGame() (3.2s)&#xD;
When I click "Possible Penalty" button for team 2&#xD;
-&gt; done: TeamActionButtonSteps.GivenIClickPossiblePenaltyButtonForTeam(2) (0.6s)&#xD;
And I click on pitch x 90 and y 50&#xD;
Failed to find element with query '[data-qa='activePitchOverlay']'. Web driver timeout exception.&#xD;
Given action failed. Retrying after a timeout.&#xD;
Failed to find element with query '[data-qa='activePitchOverlay']'. Web driver timeout exception.&#xD;
-&gt; done: PitchScreenSteps.WhenIClickOnPitch(90, 50) (4.4s)&#xD;
And I click "Possible VAR" Button&#xD;
-&gt; done: WorkflowSteps.WhenIClickButton() (0.1s)&#xD;
And I click "No" button in confirmation dialog&#xD;
-&gt; done: WorkflowSteps.WhenIClickNoButtonInConfirmationDialog() (0.2s)&#xD;
Then VAR label is shown in Penalty event action log&#xD;
-&gt; done: ActionLogSteps.ThenOffenceIsShownInPenaltyEventActionLog("VAR", Penalty) (0.2s)&#xD;
And VAR label of "Penalty" event in action log is in team 2 color&#xD;
-&gt; done: ActionLogSteps.ThenSubItemOfEventInActionLogIsInTeamColor("VAR", Penalty, 2) (0.1s)&#xD;
And VAR label of "Penalty" event in action log contains "Penalty Overturned" message&#xD;
-&gt; done: ActionLogSteps.ThenSubItemOfEventInActionLogIsInTeamColor("VAR", Penalty, "Penalty Overturned") (0.1s)&#xD;
And Latest "Penalty" event is completed&#xD;
-&gt; done: ActionLogSteps.ThenLatestEventIsConfirmed(Penalty) (0.0s)&#xD;
And Action Buttons are enabled&#xD;
-&gt; done: TeamActionButtonSteps.ThenActionButtonsAreEnabled() (0.7s)&#xD;
sandbox: CleanUpAfterTestRun started.&#xD;
sandbox: application pages != null: True&#xD;
sandbox: web driver!= null: True&#xD;
sandbox: CleanUpAfterTestRun complete.</StdOut>
      </Output>
    </UnitTestResult>
    <UnitTestResult executionId="b4dd77d1-d7aa-41f9-9140-274f167cc837" testId="e47ded95-431a-86a3-6d15-6ea2b64683d4" testName="GivenGameReadyToKickOff_WhenGoingBackAndEditingAttackDirection_ThenTeamsChangeSidesAndKickOffButtonGrayedOut(2,ToLeft)" computerName="EC2AMAZ-JEOO151" duration="00:00:10.7670000" startTime="2019-07-11T21:34:16.0000000+00:00" endTime="2019-07-11T21:34:27.0000000+00:00" testType="13cdc9d9-ddb5-4fa4-a97d-d965ccfc6d4b" outcome="Passed" testListId="8c84fa94-04c1-424b-9868-57a2d4851a1d" relativeResultsDirectory="b4dd77d1-d7aa-41f9-9140-274f167cc837">
      <Output>
        <StdOut>sandbox: PrepareForTestRun started.&#xD;
sandbox: football liveStatsApp != null: True &#xD;
sandbox: football liveStatsApp.IsProcessRunning: True &#xD;
sandbox: setupLocalData: localDatabaseProvider != null: True&#xD;
sandbox: applicationPages != null: True&#xD;
sandbox: applicationPages.Webdriver != null: True&#xD;
sandbox: finished setuping local data&#xD;
sandbox: PrepareForTestRun complete.&#xD;
sandbox: CleanUpAfterTestRun started.&#xD;
sandbox: application pages != null: True&#xD;
sandbox: web driver!= null: True&#xD;
sandbox: CleanUpAfterTestRun complete.</StdOut>
      </Output>
    </UnitTestResult>
    <UnitTestResult executionId="10f5f873-3961-4e14-9869-aeef19469a16" testId="f10b3bb8-3c14-b016-81d4-2a9b9235c880" testName="WhenActionTimeChangedToSameTimeAsAnotherActionPopupForMovingIsShown" computerName="EC2AMAZ-JEOO151" duration="00:00:14.4560000" startTime="2019-07-11T17:43:48.0000000+00:00" endTime="2019-07-11T17:44:03.0000000+00:00" testType="13cdc9d9-ddb5-4fa4-a97d-d965ccfc6d4b" outcome="Passed" testListId="8c84fa94-04c1-424b-9868-57a2d4851a1d" relativeResultsDirectory="10f5f873-3961-4e14-9869-aeef19469a16">
      <Output>
        <StdOut>sandbox: PrepareForTestRun started.&#xD;
sandbox: football liveStatsApp != null: True &#xD;
sandbox: football liveStatsApp.IsProcessRunning: True &#xD;
sandbox: setupLocalData: localDatabaseProvider != null: True&#xD;
sandbox: applicationPages != null: True&#xD;
sandbox: applicationPages.Webdriver != null: True&#xD;
sandbox: finished setuping local data&#xD;
sandbox: PrepareForTestRun complete.&#xD;
Given Match started with kick off from existing game&#xD;
-&gt; done: SetupGameSteps.GivenMatchStartedWithKickOffButtonFromExistingGame() (3.2s)&#xD;
And GoalKick for Team 1 is registered&#xD;
-&gt; done: GoalKickSteps.GivenGoalKickForTeamIsRegistered(1) (0.9s)&#xD;
And GoalKick for Team 1 is registered&#xD;
-&gt; done: GoalKickSteps.GivenGoalKickForTeamIsRegistered(1) (0.6s)&#xD;
And GoalKick for Team 1 is registered&#xD;
-&gt; done: GoalKickSteps.GivenGoalKickForTeamIsRegistered(1) (0.6s)&#xD;
And I clicked on 1 of type "GoalKick" event in action log&#xD;
-&gt; done: ActionLogSteps.GivenIClickOnLatestEventInActionLog(1, GoalKick) (0.2s)&#xD;
And I entered new conceded event time of "0050"&#xD;
-&gt; done: EditFormSteps.GivenIEnterNewConcededEventTimeOf("0050") (1.0s)&#xD;
And I clicked Save button in action edit form&#xD;
-&gt; done: EditFormSteps.ClickSaveButtonInActionEditForm() (0.6s)&#xD;
And I clicked on 2 of type "GoalKick" event in action log&#xD;
-&gt; done: ActionLogSteps.GivenIClickOnLatestEventInActionLog(2, GoalKick) (0.1s)&#xD;
And I entered new conceded event time of "0025"&#xD;
-&gt; done: EditFormSteps.GivenIEnterNewConcededEventTimeOf("0025") (1.0s)&#xD;
And I clicked Save button in action edit form&#xD;
-&gt; done: EditFormSteps.ClickSaveButtonInActionEditForm() (0.6s)&#xD;
And I clicked on 3 of type "GoalKick" event in action log&#xD;
-&gt; done: ActionLogSteps.GivenIClickOnLatestEventInActionLog(3, GoalKick) (0.1s)&#xD;
And I entered new conceded event time of "0005"&#xD;
-&gt; done: EditFormSteps.GivenIEnterNewConcededEventTimeOf("0005") (1.0s)&#xD;
And I clicked Save button in action edit form&#xD;
-&gt; done: EditFormSteps.ClickSaveButtonInActionEditForm() (0.6s)&#xD;
Given Freekick for Team 1 is registered&#xD;
-&gt; done: FreeKickSteps.GivenFreekickForTeamIsRegistered(1) (1.2s)&#xD;
When I click on latest "FreeKick" event in action log&#xD;
-&gt; done: ActionLogSteps.GivenIClickOnLatestEventInActionLog(FreeKick) (0.2s)&#xD;
And I enter new conceded event time of "0025"&#xD;
-&gt; done: EditFormSteps.GivenIEnterNewConcededEventTimeOf("0025") (1.0s)&#xD;
And I click Save button in action edit form&#xD;
-&gt; done: EditFormSteps.ClickSaveButtonInActionEditForm() (0.6s)&#xD;
Then Move action in action log dialog is shown&#xD;
-&gt; done: MoveGameActionDialogSteps.ThenMoveActionInActionLogDialogIsShown() (0.0s)&#xD;
sandbox: CleanUpAfterTestRun started.&#xD;
sandbox: application pages != null: True&#xD;
sandbox: web driver!= null: True&#xD;
sandbox: CleanUpAfterTestRun complete.</StdOut>
      </Output>
    </UnitTestResult>
    <UnitTestResult executionId="52ca405e-e85a-4ffe-9ada-5213e68ccf3b" testId="18f8ead9-7e9a-cc21-bd87-39c439852f26" testName="GivenGameInProgress_WhenRegisteringCardForCouch_ThenCardIsRegisteredForCoach(Red,1,Red,&quot;Red&quot;)" computerName="EC2AMAZ-JEOO151" duration="00:00:11.3490000" startTime="2019-07-11T20:58:15.0000000+00:00" endTime="2019-07-11T20:58:26.0000000+00:00" testType="13cdc9d9-ddb5-4fa4-a97d-d965ccfc6d4b" outcome="Passed" testListId="8c84fa94-04c1-424b-9868-57a2d4851a1d" relativeResultsDirectory="52ca405e-e85a-4ffe-9ada-5213e68ccf3b">
      <Output>
        <StdOut>sandbox: PrepareForTestRun started.&#xD;
sandbox: football liveStatsApp != null: True &#xD;
sandbox: football liveStatsApp.IsProcessRunning: True &#xD;
sandbox: setupLocalData: localDatabaseProvider != null: True&#xD;
sandbox: applicationPages != null: True&#xD;
sandbox: applicationPages.Webdriver != null: True&#xD;
sandbox: finished setuping local data&#xD;
sandbox: PrepareForTestRun complete.&#xD;
Given action failed. Retrying after a timeout.&#xD;
sandbox: CleanUpAfterTestRun started.&#xD;
sandbox: application pages != null: True&#xD;
sandbox: web driver!= null: True&#xD;
sandbox: CleanUpAfterTestRun complete.</StdOut>
      </Output>
    </UnitTestResult>
    <UnitTestResult executionId="85e74b67-b1cf-436e-9fe2-767bf108e154" testId="93df7bd8-2f6d-920b-3936-475f5be4130b" testName="FreeKickReasonTypes" computerName="EC2AMAZ-JEOO151" duration="00:00:07.3810000" startTime="2019-07-11T17:57:48.0000000+00:00" endTime="2019-07-11T17:57:55.0000000+00:00" testType="13cdc9d9-ddb5-4fa4-a97d-d965ccfc6d4b" outcome="Passed" testListId="8c84fa94-04c1-424b-9868-57a2d4851a1d" relativeResultsDirectory="85e74b67-b1cf-436e-9fe2-767bf108e154">
      <Output>
        <StdOut>sandbox: PrepareForTestRun started.&#xD;
sandbox: football liveStatsApp != null: True &#xD;
sandbox: football liveStatsApp.IsProcessRunning: True &#xD;
sandbox: setupLocalData: localDatabaseProvider != null: True&#xD;
sandbox: applicationPages != null: True&#xD;
sandbox: applicationPages.Webdriver != null: True&#xD;
sandbox: finished setuping local data&#xD;
sandbox: PrepareForTestRun complete.&#xD;
Given Match started with kick off from existing game&#xD;
-&gt; done: SetupGameSteps.GivenMatchStartedWithKickOffButtonFromExistingGame() (3.3s)&#xD;
And I remembered current players on pitch shirt numbers&#xD;
-&gt; done: GoalEditSteps.GivenIRememberCurrentPlayersOnPitch() (1.5s)&#xD;
Given Freekick for Team 1 is registered&#xD;
Given action failed. Retrying after a timeout.&#xD;
-&gt; done: FreeKickSteps.GivenFreekickForTeamIsRegistered(1) (1.3s)&#xD;
When I click on latest "FreeKick" event in action log&#xD;
-&gt; done: ActionLogSteps.GivenIClickOnLatestEventInActionLog(FreeKick) (0.3s)&#xD;
Then "Foul" button is shown in freekick edit page&#xD;
-&gt; done: FreeKickEditSteps.ThenButtonIsShownInFreekickEditReasonDialog("Foul") (0.1s)&#xD;
And "Offence" button is shown in freekick edit page&#xD;
-&gt; done: FreeKickEditSteps.ThenButtonIsShownInFreekickEditReasonDialog("Offence") (0.0s)&#xD;
And "Offside" button is shown in freekick edit page&#xD;
-&gt; done: FreeKickEditSteps.ThenButtonIsShownInFreekickEditReasonDialog("Offside") (0.0s)&#xD;
sandbox: CleanUpAfterTestRun started.&#xD;
sandbox: application pages != null: True&#xD;
sandbox: web driver!= null: True&#xD;
sandbox: CleanUpAfterTestRun complete.</StdOut>
      </Output>
    </UnitTestResult>
    <UnitTestResult executionId="949ece79-f856-4d7f-a254-e1d217e7032e" testId="a1cf5d31-3723-288c-6cbd-4f82c8630470" testName="GivenCornerOnLastStep_WhenCancelingWorkflow_ThenCornerDeleted" computerName="EC2AMAZ-JEOO151" duration="00:00:18.2530000" startTime="2019-07-11T20:59:57.0000000+00:00" endTime="2019-07-11T21:00:15.0000000+00:00" testType="13cdc9d9-ddb5-4fa4-a97d-d965ccfc6d4b" outcome="Passed" testListId="8c84fa94-04c1-424b-9868-57a2d4851a1d" relativeResultsDirectory="949ece79-f856-4d7f-a254-e1d217e7032e">
      <Output>
        <StdOut>sandbox: PrepareForTestRun started.&#xD;
sandbox: football liveStatsApp != null: True &#xD;
sandbox: football liveStatsApp.IsProcessRunning: True &#xD;
sandbox: setupLocalData: localDatabaseProvider != null: True&#xD;
sandbox: applicationPages != null: True&#xD;
sandbox: applicationPages.Webdriver != null: True&#xD;
sandbox: finished setuping local data&#xD;
sandbox: PrepareForTestRun complete.&#xD;
Failed to find data-qa element with tag 'dangerZoneText'. No such element exception.&#xD;
Failed to find data-qa element with tag 'dangerZoneText'. No such element exception.&#xD;
Failed to find data-qa element with tag 'dangerZoneText'. No such element exception.&#xD;
Failed to find data-qa element with tag 'dangerZoneText'. No such element exception.&#xD;
sandbox: CleanUpAfterTestRun started.&#xD;
sandbox: application pages != null: True&#xD;
sandbox: web driver!= null: True&#xD;
sandbox: CleanUpAfterTestRun complete.</StdOut>
      </Output>
    </UnitTestResult>
    <UnitTestResult executionId="8ce3d536-67ea-40df-abde-f4f6d3e30c22" testId="11cee9f6-efc2-39eb-8a4b-8345739474ad" testName="GivenFreeKickInProgress_WhenSettingPossession_PossessionIsChanged(1)" computerName="EC2AMAZ-JEOO151" duration="00:00:13.6680000" startTime="2019-07-11T21:42:43.0000000+00:00" endTime="2019-07-11T21:42:57.0000000+00:00" testType="13cdc9d9-ddb5-4fa4-a97d-d965ccfc6d4b" outcome="Passed" testListId="8c84fa94-04c1-424b-9868-57a2d4851a1d" relativeResultsDirectory="8ce3d536-67ea-40df-abde-f4f6d3e30c22">
      <Output>
        <StdOut>sandbox: PrepareForTestRun started.&#xD;
sandbox: football liveStatsApp != null: True &#xD;
sandbox: football liveStatsApp.IsProcessRunning: True &#xD;
sandbox: setupLocalData: localDatabaseProvider != null: True&#xD;
sandbox: applicationPages != null: True&#xD;
sandbox: applicationPages.Webdriver != null: True&#xD;
sandbox: finished setuping local data&#xD;
sandbox: PrepareForTestRun complete.&#xD;
Given action failed. Retrying after a timeout.&#xD;
sandbox: CleanUpAfterTestRun started.&#xD;
sandbox: application pages != null: True&#xD;
sandbox: web driver!= null: True&#xD;
Given action failed. Retrying after a timeout. Most likely UI was not fast enough to refresh itself.&#xD;
sandbox: CleanUpAfterTestRun complete.</StdOut>
      </Output>
    </UnitTestResult>
    <UnitTestResult executionId="3133089f-0553-4ce5-b874-b6357149b5c1" testId="b62d97bf-8c6f-2fee-8cf5-b5142ddee6d6" testName="CardActionFlagCanBeReviewedInActionEditScreen(&quot;1&quot;,null)" computerName="EC2AMAZ-JEOO151" duration="00:00:11.3520000" startTime="2019-07-11T19:39:59.0000000+00:00" endTime="2019-07-11T19:40:11.0000000+00:00" testType="13cdc9d9-ddb5-4fa4-a97d-d965ccfc6d4b" outcome="Passed" testListId="8c84fa94-04c1-424b-9868-57a2d4851a1d" relativeResultsDirectory="3133089f-0553-4ce5-b874-b6357149b5c1">
      <Output>
        <StdOut>sandbox: PrepareForTestRun started.&#xD;
sandbox: football liveStatsApp != null: True &#xD;
sandbox: football liveStatsApp.IsProcessRunning: True &#xD;
sandbox: setupLocalData: localDatabaseProvider != null: True&#xD;
sandbox: applicationPages != null: True&#xD;
sandbox: applicationPages.Webdriver != null: True&#xD;
sandbox: finished setuping local data&#xD;
sandbox: PrepareForTestRun complete.&#xD;
Given Match started with kick off from existing game&#xD;
-&gt; done: SetupGameSteps.GivenMatchStartedWithKickOffButtonFromExistingGame() (3.2s)&#xD;
Given "Yellow" Card for Team 1 is registered&#xD;
-&gt; done: CardSteps.GivenCardForTeamIsRegistered(Yellow, 1) (3.4s)&#xD;
And "Red" Card for Team 1 is registered&#xD;
-&gt; done: CardSteps.GivenCardForTeamIsRegistered(Red, 1) (3.0s)&#xD;
When I click on 1 of type "Booking" event in action log&#xD;
-&gt; done: ActionLogSteps.GivenIClickOnLatestEventInActionLog(1, Booking) (0.2s)&#xD;
And I click Flag &amp; Save button in action edit form&#xD;
-&gt; done: EditFormSteps.ClickFlagAndSaveInActionEditForm() (0.4s)&#xD;
And I click on 1 of type "Booking" event in action log&#xD;
-&gt; done: ActionLogSteps.GivenIClickOnLatestEventInActionLog(1, Booking) (0.1s)&#xD;
And I click review flags button in game action edit window&#xD;
-&gt; done: EditFormSteps.WhenIClickReviewFlagsButtonInGameActionEditWindow() (0.1s)&#xD;
Then Review action flags dialog opens&#xD;
-&gt; done: EditFormSteps.ThenReviewActionFlagsDialogOpens() (0.0s)&#xD;
And "This item was flagged by the User." is visible in review action flags dialog&#xD;
-&gt; done: EditWindowFlagsDropDownSteps.ThenIsVisibleInReviewActionFlagsDialog("This item was fla...") (0.0s)&#xD;
sandbox: CleanUpAfterTestRun started.&#xD;
sandbox: application pages != null: True&#xD;
sandbox: web driver!= null: True&#xD;
sandbox: CleanUpAfterTestRun complete.</StdOut>
      </Output>
    </UnitTestResult>
    <UnitTestResult executionId="cbb58e73-3a55-4941-8062-9c5806afff7b" testId="dc0f48ee-8a73-73a1-3620-377815e34fac" testName="FlaggedFilterShowsNonUserFlags" computerName="EC2AMAZ-JEOO151" duration="00:00:10.1480000" startTime="2019-07-11T19:34:33.0000000+00:00" endTime="2019-07-11T19:34:44.0000000+00:00" testType="13cdc9d9-ddb5-4fa4-a97d-d965ccfc6d4b" outcome="Passed" testListId="8c84fa94-04c1-424b-9868-57a2d4851a1d" relativeResultsDirectory="cbb58e73-3a55-4941-8062-9c5806afff7b">
      <Output>
        <StdOut>sandbox: PrepareForTestRun started.&#xD;
sandbox: football liveStatsApp != null: True &#xD;
sandbox: football liveStatsApp.IsProcessRunning: True &#xD;
sandbox: setupLocalData: localDatabaseProvider != null: True&#xD;
sandbox: applicationPages != null: True&#xD;
sandbox: applicationPages.Webdriver != null: True&#xD;
sandbox: finished setuping local data&#xD;
sandbox: PrepareForTestRun complete.&#xD;
Given Match started with kick off from existing game&#xD;
-&gt; done: SetupGameSteps.GivenMatchStartedWithKickOffButtonFromExistingGame() (3.3s)&#xD;
Given expanded action log is opened&#xD;
-&gt; done: ActionLogSteps.WhenIClickExpandActionLogButton() (0.5s)&#xD;
When I insert yellow card in expanded log for team "1" player "8" at time "0101" after last item&#xD;
-&gt; done: ExpandedActionLogSteps.InsertCardAfterLastItemWithDetails(1, 8, "0101") (2.5s)&#xD;
And I insert yellow card in expanded log for team "1" player "8" at time "0101" after last item&#xD;
-&gt; done: ExpandedActionLogSteps.InsertCardAfterLastItemWithDetails(1, 8, "0101") (2.9s)&#xD;
And I select Flagged filter&#xD;
-&gt; done: FilterSteps.WhenISelectFlaggedFilter() (0.1s)&#xD;
Then Expanded action log contains "1" items&#xD;
-&gt; done: ExpandedActionLogSteps.ThenExpandedActionLogContainsItemsCount(1) (0.0s)&#xD;
And "Yellow Card" Action is displayed at 1 in expanded action log&#xD;
-&gt; done: ExpandedActionLogSteps.ThenGoalActionIsDisplayedAtInExpandedActionLog("Yellow Card", 1) (0.0s)&#xD;
sandbox: CleanUpAfterTestRun started.&#xD;
sandbox: application pages != null: True&#xD;
sandbox: web driver!= null: True&#xD;
sandbox: CleanUpAfterTestRun complete.</StdOut>
      </Output>
    </UnitTestResult>
    <UnitTestResult executionId="072642bc-8e72-4a1f-ab72-af3907ec0190" testId="af35ef9e-51c7-b018-3f94-cccf8d954fcc" testName="GivenGameInProgress_WhenAddingCardAndCornerAndMovingToSecondHalf_ThenScoreboardsStatsAreUpdated(1,Yellow)" computerName="EC2AMAZ-JEOO151" duration="00:00:14.4160000" startTime="2019-07-11T21:41:00.0000000+00:00" endTime="2019-07-11T21:41:15.0000000+00:00" testType="13cdc9d9-ddb5-4fa4-a97d-d965ccfc6d4b" outcome="Passed" testListId="8c84fa94-04c1-424b-9868-57a2d4851a1d" relativeResultsDirectory="072642bc-8e72-4a1f-ab72-af3907ec0190">
      <Output>
        <StdOut>sandbox: PrepareForTestRun started.&#xD;
sandbox: football liveStatsApp != null: True &#xD;
sandbox: football liveStatsApp.IsProcessRunning: True &#xD;
sandbox: setupLocalData: localDatabaseProvider != null: True&#xD;
sandbox: applicationPages != null: True&#xD;
sandbox: applicationPages.Webdriver != null: True&#xD;
sandbox: finished setuping local data&#xD;
sandbox: PrepareForTestRun complete.&#xD;
Given action failed. Retrying after a timeout.&#xD;
Given action failed. Retrying after a timeout.&#xD;
sandbox: CleanUpAfterTestRun started.&#xD;
sandbox: application pages != null: True&#xD;
sandbox: web driver!= null: True&#xD;
sandbox: CleanUpAfterTestRun complete.</StdOut>
      </Output>
    </UnitTestResult>
    <UnitTestResult executionId="3e0c0740-9096-4744-a1ef-6896e4febb1a" testId="baa95d35-778c-34c0-050e-2bf69706c86f" testName="SelectCard(&quot;Yellow&quot;,&quot;2nd Yellow&quot;,null)" computerName="EC2AMAZ-JEOO151" duration="00:00:05.0970000" startTime="2019-07-11T18:55:18.0000000+00:00" endTime="2019-07-11T18:55:23.0000000+00:00" testType="13cdc9d9-ddb5-4fa4-a97d-d965ccfc6d4b" outcome="Passed" testListId="8c84fa94-04c1-424b-9868-57a2d4851a1d" relativeResultsDirectory="3e0c0740-9096-4744-a1ef-6896e4febb1a">
      <Output>
        <StdOut>sandbox: PrepareForTestRun started.&#xD;
sandbox: football liveStatsApp != null: True &#xD;
sandbox: football liveStatsApp.IsProcessRunning: True &#xD;
sandbox: setupLocalData: localDatabaseProvider != null: True&#xD;
sandbox: applicationPages != null: True&#xD;
sandbox: applicationPages.Webdriver != null: True&#xD;
sandbox: finished setuping local data&#xD;
sandbox: PrepareForTestRun complete.&#xD;
Given Match started with kick off from existing game&#xD;
-&gt; done: SetupGameSteps.GivenMatchStartedWithKickOffButtonFromExistingGame() (3.3s)&#xD;
When I click on team 1 possible "Yellow"&#xD;
-&gt; done: TeamActionButtonSteps.StartPossibleCardRegistration(1, Yellow) (0.6s)&#xD;
And I click "2nd Yellow" card button&#xD;
-&gt; done: TeamActionButtonSteps.WhenIClickCardButton("2nd Yellow") (0.1s)&#xD;
Then Confirmation dialog is displayed&#xD;
-&gt; done: CardSteps.ThenConfirmationDialogIsDisplayed() (0.3s)&#xD;
And "Confirm" button is shown in booking confirmation dialog&#xD;
-&gt; done: CardSteps.ThenButtonIsShownInConfirmationDialog("Confirm") (0.0s)&#xD;
And "Cancel &amp; Delete" button is shown in booking confirmation dialog&#xD;
-&gt; done: CardSteps.ThenButtonIsShownInConfirmationDialog("Cancel &amp; Delete") (0.0s)&#xD;
sandbox: CleanUpAfterTestRun started.&#xD;
sandbox: application pages != null: True&#xD;
sandbox: web driver!= null: True&#xD;
sandbox: CleanUpAfterTestRun complete.</StdOut>
      </Output>
    </UnitTestResult>
    <UnitTestResult executionId="5f030125-4273-4ce6-841a-4f6cadd18c35" testId="36cde5bb-a63a-90b8-8176-e1a91836a847" testName="GivenFixtureGameStartedAndFilled_WhenClosingWithSave_ThenUpdatedGameShownInDashboard" computerName="EC2AMAZ-JEOO151" duration="00:00:05.4230000" startTime="2019-07-11T20:02:39.0000000+00:00" endTime="2019-07-11T20:02:44.0000000+00:00" testType="13cdc9d9-ddb5-4fa4-a97d-d965ccfc6d4b" outcome="Passed" testListId="8c84fa94-04c1-424b-9868-57a2d4851a1d" relativeResultsDirectory="5f030125-4273-4ce6-841a-4f6cadd18c35">
      <Output>
        <StdOut>sandbox: PrepareForTestRun started.&#xD;
sandbox: football liveStatsApp != null: True &#xD;
sandbox: football liveStatsApp.IsProcessRunning: True &#xD;
sandbox: setupLocalData: localDatabaseProvider != null: True&#xD;
sandbox: applicationPages != null: True&#xD;
sandbox: applicationPages.Webdriver != null: True&#xD;
sandbox: finished setuping local data&#xD;
sandbox: PrepareForTestRun complete.&#xD;
sandbox: CleanUpAfterTestRun started.&#xD;
sandbox: application pages != null: True&#xD;
sandbox: web driver!= null: True&#xD;
Given action failed. Retrying after a timeout. Most likely UI was not fast enough to refresh itself.&#xD;
sandbox: CleanUpAfterTestRun complete.</StdOut>
      </Output>
    </UnitTestResult>
    <UnitTestResult executionId="ffabc660-cee2-4191-a112-f8d11dd1c9a0" testId="e751f6ce-74e4-08fd-99bf-eeb3a8c9c5ee" testName="ShotWorkflowCanBeStartedDuringAnyCornerWorkflowStep(&quot;pitch location&quot;,&quot;1&quot;,null)" computerName="EC2AMAZ-JEOO151" duration="00:00:04.8320000" startTime="2019-07-11T19:24:34.0000000+00:00" endTime="2019-07-11T19:24:39.0000000+00:00" testType="13cdc9d9-ddb5-4fa4-a97d-d965ccfc6d4b" outcome="Passed" testListId="8c84fa94-04c1-424b-9868-57a2d4851a1d" relativeResultsDirectory="ffabc660-cee2-4191-a112-f8d11dd1c9a0">
      <Output>
        <StdOut>sandbox: PrepareForTestRun started.&#xD;
sandbox: football liveStatsApp != null: True &#xD;
sandbox: football liveStatsApp.IsProcessRunning: True &#xD;
sandbox: setupLocalData: localDatabaseProvider != null: True&#xD;
sandbox: applicationPages != null: True&#xD;
sandbox: applicationPages.Webdriver != null: True&#xD;
sandbox: finished setuping local data&#xD;
sandbox: PrepareForTestRun complete.&#xD;
Given Match started with kick off from existing game&#xD;
-&gt; done: SetupGameSteps.GivenMatchStartedWithKickOffButtonFromExistingGame() (3.3s)&#xD;
Given Corner for team "1" workflow entered till pitch location selection&#xD;
-&gt; done: CornerSteps.GivenCornerForTeamAndWorkflowEnteredTillLocationSelection(1) (0.7s)&#xD;
Then Can register shot for team "1" but not for other&#xD;
-&gt; done: ShotRegistrationSteps.ThenCanRegisterShotForTeamButNotForOther(1) (0.1s)&#xD;
sandbox: CleanUpAfterTestRun started.&#xD;
sandbox: application pages != null: True&#xD;
sandbox: web driver!= null: True&#xD;
sandbox: CleanUpAfterTestRun complete.</StdOut>
      </Output>
    </UnitTestResult>
    <UnitTestResult executionId="f0976c68-98d6-47a8-933d-5512dd2e4592" testId="e007af40-8a8e-df81-7e4b-96d97f2cd5b1" testName="GivenGameKickOffEdit_WhenUpdatingTeam_ThenUpdatesTeam" computerName="EC2AMAZ-JEOO151" duration="00:00:05.4810000" startTime="2019-07-11T20:33:50.0000000+00:00" endTime="2019-07-11T20:33:55.0000000+00:00" testType="13cdc9d9-ddb5-4fa4-a97d-d965ccfc6d4b" outcome="Passed" testListId="8c84fa94-04c1-424b-9868-57a2d4851a1d" relativeResultsDirectory="f0976c68-98d6-47a8-933d-5512dd2e4592">
      <Output>
        <StdOut>sandbox: PrepareForTestRun started.&#xD;
sandbox: football liveStatsApp != null: True &#xD;
sandbox: football liveStatsApp.IsProcessRunning: True &#xD;
sandbox: setupLocalData: localDatabaseProvider != null: True&#xD;
sandbox: applicationPages != null: True&#xD;
sandbox: applicationPages.Webdriver != null: True&#xD;
sandbox: finished setuping local data&#xD;
sandbox: PrepareForTestRun complete.&#xD;
sandbox: CleanUpAfterTestRun started.&#xD;
sandbox: application pages != null: True&#xD;
sandbox: web driver!= null: True&#xD;
sandbox: CleanUpAfterTestRun complete.</StdOut>
      </Output>
    </UnitTestResult>
    <UnitTestResult executionId="fa126ad8-0b0b-4b90-a6d4-6f55ecd73413" testId="3aa71e6b-e61d-5c47-81e0-96f4a048bbd7" testName="FootballSaveGoalVARWithStandsOutcome(&quot;Foul&quot;,null)" computerName="EC2AMAZ-JEOO151" duration="00:00:11.2150000" startTime="2019-07-11T18:01:43.0000000+00:00" endTime="2019-07-11T18:01:55.0000000+00:00" testType="13cdc9d9-ddb5-4fa4-a97d-d965ccfc6d4b" outcome="Passed" testListId="8c84fa94-04c1-424b-9868-57a2d4851a1d" relativeResultsDirectory="fa126ad8-0b0b-4b90-a6d4-6f55ecd73413">
      <Output>
        <StdOut>sandbox: PrepareForTestRun started.&#xD;
sandbox: football liveStatsApp != null: True &#xD;
sandbox: football liveStatsApp.IsProcessRunning: True &#xD;
sandbox: setupLocalData: localDatabaseProvider != null: True&#xD;
sandbox: applicationPages != null: True&#xD;
sandbox: applicationPages.Webdriver != null: True&#xD;
sandbox: finished setuping local data&#xD;
sandbox: PrepareForTestRun complete.&#xD;
Given Match started with kick off from existing game&#xD;
-&gt; done: SetupGameSteps.GivenMatchStartedWithKickOffButtonFromExistingGame() (3.3s)&#xD;
And I remembered current players on pitch shirt numbers&#xD;
-&gt; done: GoalEditSteps.GivenIRememberCurrentPlayersOnPitch() (1.6s)&#xD;
Given I add a goal for team 1 player 4 assisted by player 13&#xD;
Given action failed. Retrying after a timeout.&#xD;
-&gt; done: GoalSteps.GivenIAddAGoalForTeamPlayerAssistedByPlayer(1, 4, 13) (3.9s)&#xD;
And I click goal event in action log&#xD;
-&gt; done: ActionLogSteps.GivenIClickGoalEventInActionLog() (0.3s)&#xD;
When I click "VAR" toggle&#xD;
-&gt; done: EditFormSteps.GivenIClickToggleToEnable() (0.1s)&#xD;
And I click Var "Stands" button&#xD;
-&gt; done: EditFormSteps.WhenIClickVarStandsButton() (0.1s)&#xD;
And I click VAR reason button&#xD;
-&gt; done: EditFormSteps.WhenIClickVarReasonButton() (0.0s)&#xD;
And I select VAR reason Foul&#xD;
-&gt; done: EditFormSteps.WhenISelectVarReason("Foul") (0.1s)&#xD;
And I click Save button in action edit form&#xD;
-&gt; done: EditFormSteps.ClickSaveButtonInActionEditForm() (0.6s)&#xD;
Then VAR label is shown in Goal event action log&#xD;
-&gt; done: ActionLogSteps.ThenOffenceIsShownInPenaltyEventActionLog("VAR", Goal) (0.1s)&#xD;
And VAR label of "Goal" event in action log contains "Foul - Stands" message&#xD;
-&gt; done: ActionLogSteps.ThenSubItemOfEventInActionLogIsInTeamColor("VAR", Goal, "Foul - Stands") (0.1s)&#xD;
And Score is 1 for team 1&#xD;
-&gt; done: ScoreBoardSteps.ThenScoreIsForTeam(1, 1) (0.1s)&#xD;
And Score is 0 for team 2&#xD;
-&gt; done: ScoreBoardSteps.ThenScoreIsForTeam(0, 2) (0.1s)&#xD;
And Ball icon is shown on player on pitch with shirt number 4 of team 1&#xD;
-&gt; done: PitchPlayersComponentSteps.ThenBallIconIsShownOnPlayerOnPitchWithShirtNumberOfTeamButton(4, 1) (0.1s)&#xD;
sandbox: CleanUpAfterTestRun started.&#xD;
sandbox: application pages != null: True&#xD;
sandbox: web driver!= null: True&#xD;
sandbox: CleanUpAfterTestRun complete.</StdOut>
      </Output>
    </UnitTestResult>
    <UnitTestResult executionId="400f4539-268d-4d8d-af3e-6285c03ca890" testId="f9eff9f1-e62a-9c53-550b-bfc72a51974a" testName="GivenGameInProgress_WhenChangingYellowCardIntoRedDuringCardWorkflow_ThenRedCardIsRegistered(2,5,4)" computerName="EC2AMAZ-JEOO151" duration="00:00:16.5810000" startTime="2019-07-11T20:55:26.0000000+00:00" endTime="2019-07-11T20:55:43.0000000+00:00" testType="13cdc9d9-ddb5-4fa4-a97d-d965ccfc6d4b" outcome="Passed" testListId="8c84fa94-04c1-424b-9868-57a2d4851a1d" relativeResultsDirectory="400f4539-268d-4d8d-af3e-6285c03ca890">
      <Output>
        <StdOut>sandbox: PrepareForTestRun started.&#xD;
sandbox: football liveStatsApp != null: True &#xD;
sandbox: football liveStatsApp.IsProcessRunning: True &#xD;
sandbox: setupLocalData: localDatabaseProvider != null: True&#xD;
sandbox: applicationPages != null: True&#xD;
sandbox: applicationPages.Webdriver != null: True&#xD;
sandbox: finished setuping local data&#xD;
sandbox: PrepareForTestRun complete.&#xD;
Failed to find element with query 'redCardIndicator' under parent. No such element exception.&#xD;
Failed to find element with query 'yellowCardIndicator' under parent. No such element exception.&#xD;
sandbox: CleanUpAfterTestRun started.&#xD;
sandbox: application pages != null: True&#xD;
sandbox: web driver!= null: True&#xD;
sandbox: CleanUpAfterTestRun complete.</StdOut>
      </Output>
    </UnitTestResult>
    <UnitTestResult executionId="152b3bcd-b6c3-4af2-a93f-e925c72a3b53" testId="d4092ce7-57e8-c975-df1a-95b65e00c918" testName="ClickBackInAfterSelectingPlayer(&quot;Yellow&quot;,&quot;Yellow&quot;,null)" computerName="EC2AMAZ-JEOO151" duration="00:00:12.1000000" startTime="2019-07-11T18:51:26.0000000+00:00" endTime="2019-07-11T18:51:38.0000000+00:00" testType="13cdc9d9-ddb5-4fa4-a97d-d965ccfc6d4b" outcome="Passed" testListId="8c84fa94-04c1-424b-9868-57a2d4851a1d" relativeResultsDirectory="152b3bcd-b6c3-4af2-a93f-e925c72a3b53">
      <Output>
        <StdOut>sandbox: PrepareForTestRun started.&#xD;
sandbox: football liveStatsApp != null: True &#xD;
sandbox: football liveStatsApp.IsProcessRunning: True &#xD;
sandbox: setupLocalData: localDatabaseProvider != null: True&#xD;
sandbox: applicationPages != null: True&#xD;
sandbox: applicationPages.Webdriver != null: True&#xD;
sandbox: finished setuping local data&#xD;
sandbox: PrepareForTestRun complete.&#xD;
Given Match started with kick off from existing game&#xD;
-&gt; done: SetupGameSteps.GivenMatchStartedWithKickOffButtonFromExistingGame() (3.2s)&#xD;
When I click on team 2 possible "Yellow"&#xD;
Given action failed. Retrying after a timeout.&#xD;
-&gt; done: TeamActionButtonSteps.StartPossibleCardRegistration(2, Yellow) (0.8s)&#xD;
And I click "Yellow" card button&#xD;
-&gt; done: TeamActionButtonSteps.WhenIClickCardButton("Yellow") (0.1s)&#xD;
And I confirm booking by clicking "Confirm" button&#xD;
-&gt; done: CardSteps.WhenIConfirmActionByClickingButton() (2.2s)&#xD;
And I click on team 2 player on pitch with shirt number 1&#xD;
-&gt; done: PitchPlayersComponentSteps.WhenIClickOnTeamPlayerOnPitchWithShirtNumber(2, 1) (0.1s)&#xD;
And I click "Back" button in workflow&#xD;
-&gt; done: WorkflowSteps.WhenIClickBackButtonInWorkflow() (0.2s)&#xD;
And I click "Back" button in workflow&#xD;
-&gt; done: WorkflowSteps.WhenIClickBackButtonInWorkflow() (0.1s)&#xD;
And I cancel action workflow by clicking "Cancel &amp; Delete" button&#xD;
-&gt; done: WorkflowSteps.WhenICancelActionWorkflowByClickingButton() (0.3s)&#xD;
Then card event is deleted in Action log&#xD;
-&gt; done: ActionLogSteps.ThenCardEventIsDeletedInActionLog() (2.0s)&#xD;
And Pitch View is shown&#xD;
-&gt; done: PitchScreenSteps.PitchViewIsShown() (0.0s)&#xD;
And Yellow line removed from player with shirt id 1 of team 2&#xD;
Failed to find element with query 'yellowCardIndicator' under parent. No such element exception.&#xD;
-&gt; done: PitchPlayersComponentSteps.ThenYellowLineRemovedFromPlayerWithShirtIdOfTeam(Yellow, 1, 2) (2.1s)&#xD;
sandbox: CleanUpAfterTestRun started.&#xD;
sandbox: application pages != null: True&#xD;
sandbox: web driver!= null: True&#xD;
sandbox: CleanUpAfterTestRun complete.</StdOut>
      </Output>
    </UnitTestResult>
    <UnitTestResult executionId="80aa4394-99b8-4dae-a4fe-143b03df4496" testId="9f235108-1712-c227-3c20-9fae0f0cf672" testName="VarAvailableAfterCardSelection(&quot;1&quot;,&quot;Yellow&quot;,null)" computerName="EC2AMAZ-JEOO151" duration="00:00:04.6650000" startTime="2019-07-11T19:54:34.0000000+00:00" endTime="2019-07-11T19:54:38.0000000+00:00" testType="13cdc9d9-ddb5-4fa4-a97d-d965ccfc6d4b" outcome="Passed" testListId="8c84fa94-04c1-424b-9868-57a2d4851a1d" relativeResultsDirectory="80aa4394-99b8-4dae-a4fe-143b03df4496">
      <Output>
        <StdOut>sandbox: PrepareForTestRun started.&#xD;
sandbox: football liveStatsApp != null: True &#xD;
sandbox: football liveStatsApp.IsProcessRunning: True &#xD;
sandbox: setupLocalData: localDatabaseProvider != null: True&#xD;
sandbox: applicationPages != null: True&#xD;
sandbox: applicationPages.Webdriver != null: True&#xD;
sandbox: finished setuping local data&#xD;
sandbox: PrepareForTestRun complete.&#xD;
Given Match started with kick off from existing game&#xD;
-&gt; done: SetupGameSteps.GivenMatchStartedWithKickOffButtonFromExistingGame() (3.2s)&#xD;
When I click on team 1 possible "Yellow"&#xD;
-&gt; done: TeamActionButtonSteps.StartPossibleCardRegistration(1, Yellow) (0.6s)&#xD;
Then "Possible VAR" button is visible in action registration workflow&#xD;
-&gt; done: WorkflowSteps.ThenButtonIsVisible() (0.0s)&#xD;
sandbox: CleanUpAfterTestRun started.&#xD;
sandbox: application pages != null: True&#xD;
sandbox: web driver!= null: True&#xD;
sandbox: CleanUpAfterTestRun complete.</StdOut>
      </Output>
    </UnitTestResult>
    <UnitTestResult executionId="b63a776c-7a01-4e25-be6e-dd90abec9ec9" testId="a0573905-da2b-cda8-1f31-b77a0a0ce167" testName="FreekickStarted(&quot;1&quot;,null)" computerName="EC2AMAZ-JEOO151" duration="00:00:05.1800000" startTime="2019-07-11T18:56:12.0000000+00:00" endTime="2019-07-11T18:56:17.0000000+00:00" testType="13cdc9d9-ddb5-4fa4-a97d-d965ccfc6d4b" outcome="Passed" testListId="8c84fa94-04c1-424b-9868-57a2d4851a1d" relativeResultsDirectory="b63a776c-7a01-4e25-be6e-dd90abec9ec9">
      <Output>
        <StdOut>sandbox: PrepareForTestRun started.&#xD;
sandbox: football liveStatsApp != null: True &#xD;
sandbox: football liveStatsApp.IsProcessRunning: True &#xD;
sandbox: setupLocalData: localDatabaseProvider != null: True&#xD;
sandbox: applicationPages != null: True&#xD;
sandbox: applicationPages.Webdriver != null: True&#xD;
sandbox: finished setuping local data&#xD;
sandbox: PrepareForTestRun complete.&#xD;
Given Match started with kick off from existing game&#xD;
-&gt; done: SetupGameSteps.GivenMatchStartedWithKickOffButtonFromExistingGame() (3.3s)&#xD;
When I click Freekick button for team 1&#xD;
Given action failed. Retrying after a timeout.&#xD;
-&gt; done: TeamActionButtonSteps.WhenIClickFreekickButtonForTeam(1) (0.8s)&#xD;
Then Freekick event created for team1 in action log&#xD;
-&gt; done: ActionLogSteps.ThenFreekickEventCreatedForTeamInActionLog(1) (0.0s)&#xD;
And Notification "Select free kick location..." is shown&#xD;
-&gt; done: PitchBottomMessageBarSteps.ThenIsShown("Select free kick ...") (0.1s)&#xD;
And team 1 possession button is highligthed&#xD;
-&gt; done: ScoreBoardSteps.ThenTeamPossessionButtonIsHighligthed(1) (0.1s)&#xD;
sandbox: CleanUpAfterTestRun started.&#xD;
sandbox: application pages != null: True&#xD;
sandbox: web driver!= null: True&#xD;
sandbox: CleanUpAfterTestRun complete.</StdOut>
      </Output>
    </UnitTestResult>
    <UnitTestResult executionId="865c6f80-323c-4744-84ba-b76f8d3be625" testId="5a023ec4-6f43-fe7d-3a9d-c67839893fee" testName="CanSaveAndGoToHomeScreenWhenMandatoryFieldsAreNotFilledForPlayer" computerName="EC2AMAZ-JEOO151" duration="00:01:19.5140000" startTime="2019-07-11T17:36:33.0000000+00:00" endTime="2019-07-11T17:37:53.0000000+00:00" testType="13cdc9d9-ddb5-4fa4-a97d-d965ccfc6d4b" outcome="Passed" testListId="8c84fa94-04c1-424b-9868-57a2d4851a1d" relativeResultsDirectory="865c6f80-323c-4744-84ba-b76f8d3be625">
      <Output>
        <StdOut>sandbox: PrepareForTestRun started.&#xD;
sandbox: football liveStatsApp != null: True &#xD;
sandbox: football liveStatsApp.IsProcessRunning: True &#xD;
sandbox: setupLocalData: localDatabaseProvider != null: True&#xD;
sandbox: applicationPages != null: True&#xD;
sandbox: applicationPages.Webdriver != null: True&#xD;
sandbox: finished setuping local data&#xD;
sandbox: PrepareForTestRun complete.&#xD;
Given I am in players tab&#xD;
-&gt; done: PlayersTabSteps.GivenIAmInPlayersTab() (3.1s)&#xD;
When I enter all data for 11 players of team 1&#xD;
-&gt; done: PlayersTabSteps.WhenIEnterAllDataForPlayersForTeam(11, 1) (38.3s)&#xD;
And I enter all data for 11 players of team 2&#xD;
-&gt; done: PlayersTabSteps.WhenIEnterAllDataForPlayersForTeam(11, 2) (35.7s)&#xD;
And I Add player for team 1&#xD;
-&gt; done: PlayersTabSteps.WhenIAddPlayerForTeam(1) (0.1s)&#xD;
And I set player 12 of team 1 as playing&#xD;
-&gt; done: PlayersTabSteps.WhenISetPlayerOfTeamAsPlaying(12, 1) (0.2s)&#xD;
When I Click "Discard &amp; Close" button&#xD;
-&gt; done: DiscardAndCloseGameSteps.WhenIClickDiscardAndCloseButton() (0.2s)&#xD;
And I Click "Save" button in dialog&#xD;
-&gt; done: DiscardAndCloseGameSteps.WhenIClickSaveButton() (0.3s)&#xD;
Then Home screen appears&#xD;
-&gt; done: DiscardAndCloseGameSteps.ThenHomeScreenAppears() (0.2s)&#xD;
sandbox: CleanUpAfterTestRun started.&#xD;
sandbox: application pages != null: True&#xD;
sandbox: web driver!= null: True&#xD;
Given action failed. Retrying after a timeout. Most likely UI was not fast enough to refresh itself.&#xD;
sandbox: CleanUpAfterTestRun complete.</StdOut>
      </Output>
    </UnitTestResult>
    <UnitTestResult executionId="907ef287-aaf4-4820-878f-1b1283988b47" testId="7b6bfab2-6e4c-8c59-6a77-c7a514025d80" testName="FootballFoulCanBeFiltered" computerName="EC2AMAZ-JEOO151" duration="00:00:10.5450000" startTime="2019-07-11T19:31:10.0000000+00:00" endTime="2019-07-11T19:31:21.0000000+00:00" testType="13cdc9d9-ddb5-4fa4-a97d-d965ccfc6d4b" outcome="Passed" testListId="8c84fa94-04c1-424b-9868-57a2d4851a1d" relativeResultsDirectory="907ef287-aaf4-4820-878f-1b1283988b47">
      <Output>
        <StdOut>sandbox: PrepareForTestRun started.&#xD;
sandbox: football liveStatsApp != null: True &#xD;
sandbox: football liveStatsApp.IsProcessRunning: True &#xD;
sandbox: setupLocalData: localDatabaseProvider != null: True&#xD;
sandbox: applicationPages != null: True&#xD;
sandbox: applicationPages.Webdriver != null: True&#xD;
sandbox: finished setuping local data&#xD;
sandbox: PrepareForTestRun complete.&#xD;
Given Match started with kick off from existing game&#xD;
-&gt; done: SetupGameSteps.GivenMatchStartedWithKickOffButtonFromExistingGame() (3.3s)&#xD;
Given Penalty for Team 1 is registered&#xD;
Given action failed. Retrying after a timeout.&#xD;
-&gt; done: PenaltySteps.GivenPenaltyForTeamIsRegistered(1) (4.6s)&#xD;
And Throw in added for Team 1&#xD;
Given action failed. Retrying after a timeout.&#xD;
-&gt; done: ThrowInEditSteps.GivenThrowInAddedForTeam(1) (0.9s)&#xD;
And Injury for Team 1 player with shirt id 4 is registered&#xD;
-&gt; done: PlayerInjuryEditSteps.GivenInjuryForTeamIsRegistered(1, 4) (0.5s)&#xD;
When I open Expanded Action log&#xD;
-&gt; done: ActionLogSteps.WhenIClickExpandActionLogButton() (0.2s)&#xD;
And I select fouls filter&#xD;
-&gt; done: FilterSteps.WhenISelectFoulsFilter() (0.1s)&#xD;
Then Expanded action log contains "3" items&#xD;
-&gt; done: ExpandedActionLogSteps.ThenExpandedActionLogContainsItemsCount(3) (0.0s)&#xD;
And Actions are displayed in expanded action log in order:&#xD;
  --- table step argument ---&#xD;
  | expectedType |&#xD;
  | Save by GK   |&#xD;
  | Penalty      |&#xD;
  | Foul         |&#xD;
-&gt; done: ExpandedActionLogSteps.ThenActionsAreDisplayedInActionLogAtPositions(System.Collection...) (0.1s)&#xD;
sandbox: CleanUpAfterTestRun started.&#xD;
sandbox: application pages != null: True&#xD;
sandbox: web driver!= null: True&#xD;
sandbox: CleanUpAfterTestRun complete.</StdOut>
      </Output>
    </UnitTestResult>
    <UnitTestResult executionId="4c0e138d-545a-4cc5-ab1b-185ab963b31b" testId="43e808d4-c780-45d1-f5af-d9817b304f58" testName="WhenDeletingExcessiveYellowsThenUnflags" computerName="EC2AMAZ-JEOO151" duration="00:00:13.9840000" startTime="2019-07-11T19:44:00.0000000+00:00" endTime="2019-07-11T19:44:14.0000000+00:00" testType="13cdc9d9-ddb5-4fa4-a97d-d965ccfc6d4b" outcome="Passed" testListId="8c84fa94-04c1-424b-9868-57a2d4851a1d" relativeResultsDirectory="4c0e138d-545a-4cc5-ab1b-185ab963b31b">
      <Output>
        <StdOut>sandbox: PrepareForTestRun started.&#xD;
sandbox: football liveStatsApp != null: True &#xD;
sandbox: football liveStatsApp.IsProcessRunning: True &#xD;
sandbox: setupLocalData: localDatabaseProvider != null: True&#xD;
sandbox: applicationPages != null: True&#xD;
sandbox: applicationPages.Webdriver != null: True&#xD;
sandbox: finished setuping local data&#xD;
sandbox: PrepareForTestRun complete.&#xD;
Given Match started with kick off from existing game&#xD;
-&gt; done: SetupGameSteps.GivenMatchStartedWithKickOffButtonFromExistingGame() (3.3s)&#xD;
And I remembered current players on pitch shirt numbers&#xD;
-&gt; done: GoalEditSteps.GivenIRememberCurrentPlayersOnPitch() (1.5s)&#xD;
Given expanded action log is opened&#xD;
-&gt; done: ActionLogSteps.WhenIClickExpandActionLogButton() (0.1s)&#xD;
When I insert yellow card in expanded log for team "1" player "8" at time "0101" after last item&#xD;
-&gt; done: ExpandedActionLogSteps.InsertCardAfterLastItemWithDetails(1, 8, "0101") (2.5s)&#xD;
And I insert yellow card in expanded log for team "1" player "8" at time "0102" after last item&#xD;
-&gt; done: ExpandedActionLogSteps.InsertCardAfterLastItemWithDetails(1, 8, "0102") (3.0s)&#xD;
And I close expanded action log page&#xD;
-&gt; done: ExpandedActionLogSteps.WhenICloseExpandedActionLogPage() (0.2s)&#xD;
And I delete oldest "Booking" action&#xD;
-&gt; done: ActionLogSteps.WhenIDeleteOldestGoal(Booking) (2.6s)&#xD;
Then 1 event in action log of type "Booking" is not flagged&#xD;
-&gt; done: ActionLogSteps.ThenEventInActionLogOfTypeIsNotFlagged(1, Booking) (0.0s)&#xD;
sandbox: CleanUpAfterTestRun started.&#xD;
sandbox: application pages != null: True&#xD;
sandbox: web driver!= null: True&#xD;
sandbox: CleanUpAfterTestRun complete.</StdOut>
      </Output>
    </UnitTestResult>
    <UnitTestResult executionId="32f832dc-c2f6-4ec3-977e-28cf94721db7" testId="b9b83c9a-afda-6c60-4bca-59632ca2b92a" testName="FlagAndContinueCorner" computerName="EC2AMAZ-JEOO151" duration="00:00:07.6170000" startTime="2019-07-11T19:46:32.0000000+00:00" endTime="2019-07-11T19:46:40.0000000+00:00" testType="13cdc9d9-ddb5-4fa4-a97d-d965ccfc6d4b" outcome="Passed" testListId="8c84fa94-04c1-424b-9868-57a2d4851a1d" relativeResultsDirectory="32f832dc-c2f6-4ec3-977e-28cf94721db7">
      <Output>
        <StdOut>sandbox: PrepareForTestRun started.&#xD;
sandbox: football liveStatsApp != null: True &#xD;
sandbox: football liveStatsApp.IsProcessRunning: True &#xD;
sandbox: setupLocalData: localDatabaseProvider != null: True&#xD;
sandbox: applicationPages != null: True&#xD;
sandbox: applicationPages.Webdriver != null: True&#xD;
sandbox: finished setuping local data&#xD;
sandbox: PrepareForTestRun complete.&#xD;
Given Match started with kick off from existing game&#xD;
-&gt; done: SetupGameSteps.GivenMatchStartedWithKickOffButtonFromExistingGame() (3.2s)&#xD;
When I click "Possible Corner" button for team 2&#xD;
Given action failed. Retrying after a timeout.&#xD;
-&gt; done: TeamActionButtonSteps.WhenIClickPossibleCornerButtonForTeam(2) (0.9s)&#xD;
And I flag and continue&#xD;
-&gt; done: WorkflowSteps.WhenIFlagAndContinue() (0.1s)&#xD;
And I confirm corner by clicking "Confirm" button&#xD;
-&gt; done: CornerSteps.WhenIConfirmCornerByClickingButton() (2.3s)&#xD;
And I click on pitch x 90 and y 40&#xD;
-&gt; done: PitchScreenSteps.WhenIClickOnPitch(90, 40) (0.1s)&#xD;
Then 1 event in action log of type "Corner" is flagged&#xD;
-&gt; done: ActionLogSteps.ThenEventInActionLogOfTypeIsFlagged(1, Corner) (0.1s)&#xD;
sandbox: CleanUpAfterTestRun started.&#xD;
sandbox: application pages != null: True&#xD;
sandbox: web driver!= null: True&#xD;
sandbox: CleanUpAfterTestRun complete.</StdOut>
      </Output>
    </UnitTestResult>
    <UnitTestResult executionId="d4153eff-eccb-4c69-885b-89568f9f4cf0" testId="77591aa7-53b8-3d76-c4a8-25eb00d97aaf" testName="RecordVARStandsForPenaltyShoot_OutKickStep2" computerName="EC2AMAZ-JEOO151" duration="00:00:19.9460000" startTime="2019-07-11T19:57:40.0000000+00:00" endTime="2019-07-11T19:58:00.0000000+00:00" testType="13cdc9d9-ddb5-4fa4-a97d-d965ccfc6d4b" outcome="Passed" testListId="8c84fa94-04c1-424b-9868-57a2d4851a1d" relativeResultsDirectory="d4153eff-eccb-4c69-885b-89568f9f4cf0">
      <Output>
        <StdOut>sandbox: PrepareForTestRun started.&#xD;
sandbox: football liveStatsApp != null: True &#xD;
sandbox: football liveStatsApp.IsProcessRunning: True &#xD;
sandbox: setupLocalData: localDatabaseProvider != null: True&#xD;
sandbox: applicationPages != null: True&#xD;
sandbox: applicationPages.Webdriver != null: True&#xD;
sandbox: finished setuping local data&#xD;
sandbox: PrepareForTestRun complete.&#xD;
Given Game is kicked of with No. of subs set to 1 and Period Length to 45 and Extra Time set to false and Penalty Shoot-Out set to true&#xD;
-&gt; done: SetupGameSteps.GivenGameIsKickedOfWithNoOfPeriodsSetToAndPeriodLengthToAndExtraTimeSetToFalse(1, 45, False, True) (8.5s)&#xD;
And Clock minutes value is set to "44"&#xD;
-&gt; done: PitchClockSteps.WhenISetClockMinutesValueTo(44) (1.5s)&#xD;
When I finish and proceed to next phase&#xD;
-&gt; done: PitchClockSteps.WhenIFinishAndProceedToNextPhase() (3.2s)&#xD;
And I set clock minutes value to "90"&#xD;
-&gt; done: PitchClockSteps.WhenISetClockMinutesValueTo(90) (1.4s)&#xD;
And I finish and proceed to next phase&#xD;
-&gt; done: PitchClockSteps.WhenIFinishAndProceedToNextPhase() (2.9s)&#xD;
When I click on team 2 player on pitch with shirt number 4&#xD;
-&gt; done: PitchPlayersComponentSteps.WhenIClickOnTeamPlayerOnPitchWithShirtNumber(2, 4) (0.3s)&#xD;
And I click "Penalty Goal" Button&#xD;
-&gt; done: PenaltySteps.WhenIClickPenaltyGoalButton() (0.2s)&#xD;
And I click "Possible VAR" Button&#xD;
-&gt; done: WorkflowSteps.WhenIClickButton() (0.2s)&#xD;
And I click "Yes" button in confirmation dialog&#xD;
-&gt; done: WorkflowSteps.WhenIClickYesButtonInConfirmationDialog() (0.2s)&#xD;
Then Latest "PenaltyShootout" event is highlighted&#xD;
-&gt; done: ActionLogSteps.ThenCardEventIsHighlighted(PenaltyShootout) (0.0s)&#xD;
And VAR label is shown in PenaltyShootout event action log&#xD;
-&gt; done: ActionLogSteps.ThenOffenceIsShownInPenaltyEventActionLog("VAR", PenaltyShootout) (0.2s)&#xD;
And VAR label of "PenaltyShootout" event in action log is in team 2 color&#xD;
-&gt; done: ActionLogSteps.ThenSubItemOfEventInActionLogIsInTeamColor("VAR", PenaltyShootout, 2) (0.1s)&#xD;
And VAR label of "PenaltyShootout" event in action log contains "Penalty Stands" message&#xD;
-&gt; done: ActionLogSteps.ThenSubItemOfEventInActionLogIsInTeamColor("VAR", PenaltyShootout, "Penalty Stands") (0.1s)&#xD;
And "Goal" confirmation dialog is visible&#xD;
-&gt; done: GoalSteps.ThenConfirmationDialogIsVisible() (0.0s)&#xD;
sandbox: CleanUpAfterTestRun started.&#xD;
sandbox: application pages != null: True&#xD;
sandbox: web driver!= null: True&#xD;
sandbox: CleanUpAfterTestRun complete.</StdOut>
      </Output>
    </UnitTestResult>
    <UnitTestResult executionId="ddf60269-ce47-4ba0-aac4-f7b0ee286b0e" testId="62aef17d-f3e9-627c-ab39-bae98a08c36d" testName="GivenGameFinished_WhenFinalizingGame_ThenConfirmationIsPrompted" computerName="EC2AMAZ-JEOO151" duration="00:00:14.4000000" startTime="2019-07-11T21:39:17.0000000+00:00" endTime="2019-07-11T21:39:31.0000000+00:00" testType="13cdc9d9-ddb5-4fa4-a97d-d965ccfc6d4b" outcome="Passed" testListId="8c84fa94-04c1-424b-9868-57a2d4851a1d" relativeResultsDirectory="ddf60269-ce47-4ba0-aac4-f7b0ee286b0e">
      <Output>
        <StdOut>sandbox: PrepareForTestRun started.&#xD;
sandbox: football liveStatsApp != null: True &#xD;
sandbox: football liveStatsApp.IsProcessRunning: True &#xD;
sandbox: setupLocalData: localDatabaseProvider != null: True&#xD;
sandbox: applicationPages != null: True&#xD;
sandbox: applicationPages.Webdriver != null: True&#xD;
sandbox: finished setuping local data&#xD;
sandbox: PrepareForTestRun complete.&#xD;
sandbox: CleanUpAfterTestRun started.&#xD;
sandbox: application pages != null: True&#xD;
sandbox: web driver!= null: True&#xD;
sandbox: CleanUpAfterTestRun complete.</StdOut>
      </Output>
    </UnitTestResult>
    <UnitTestResult executionId="f4f98c55-681e-4648-9715-80df0f368392" testId="05b72d7a-5ff3-e227-8a0c-14799869c35a" testName="InsertInjuryAfterOrBeforeLastEvent(&quot;after&quot;,&quot;0035&quot;,&quot;00:35&quot;,&quot;2&quot;,&quot;1&quot;,null)" computerName="EC2AMAZ-JEOO151" duration="00:00:18.7980000" startTime="2019-07-11T18:45:39.0000000+00:00" endTime="2019-07-11T18:45:58.0000000+00:00" testType="13cdc9d9-ddb5-4fa4-a97d-d965ccfc6d4b" outcome="Passed" testListId="8c84fa94-04c1-424b-9868-57a2d4851a1d" relativeResultsDirectory="f4f98c55-681e-4648-9715-80df0f368392">
      <Output>
        <StdOut>sandbox: PrepareForTestRun started.&#xD;
sandbox: football liveStatsApp != null: True &#xD;
sandbox: football liveStatsApp.IsProcessRunning: True &#xD;
sandbox: setupLocalData: localDatabaseProvider != null: True&#xD;
sandbox: applicationPages != null: True&#xD;
sandbox: applicationPages.Webdriver != null: True&#xD;
sandbox: finished setuping local data&#xD;
sandbox: PrepareForTestRun complete.&#xD;
Given Match started with kick off from existing game&#xD;
-&gt; done: SetupGameSteps.GivenMatchStartedWithKickOffButtonFromExistingGame() (3.3s)&#xD;
And "Yellow" Card for Team 1 is registered&#xD;
Given action failed. Retrying after a timeout.&#xD;
-&gt; done: CardSteps.GivenCardForTeamIsRegistered(Yellow, 1) (3.6s)&#xD;
And "Top right" corner added for Team 1&#xD;
Given action failed. Retrying after a timeout.&#xD;
-&gt; done: CornerSteps.GivenCornerAddedForTeam("Top right", 1) (3.2s)&#xD;
And I clicked on latest "Corner" event in action log&#xD;
-&gt; done: ActionLogSteps.GivenIClickOnLatestEventInActionLog(Corner) (0.2s)&#xD;
And I entered new conceded event time of "0030"&#xD;
-&gt; done: EditFormSteps.GivenIEnterNewConcededEventTimeOf("0030") (1.0s)&#xD;
And I clicked Save button in action edit form&#xD;
-&gt; done: EditFormSteps.ClickSaveButtonInActionEditForm() (0.6s)&#xD;
And I remembered current players on pitch shirt numbers&#xD;
-&gt; done: GoalEditSteps.GivenIRememberCurrentPlayersOnPitch() (1.1s)&#xD;
When I click Expand Action log button&#xD;
-&gt; done: ActionLogSteps.WhenIClickExpandActionLogButton() (0.1s)&#xD;
And I click last action in expanded action log&#xD;
-&gt; done: ExpandedActionLogSteps.WhenIClickLastActionInExpandedActionLog() (0.1s)&#xD;
And I click insert after button in expanded action log&#xD;
-&gt; done: ExpandedActionLogSteps.WhenIClickInsertAfterButtonInExpandedActionLog() (0.1s)&#xD;
And I click insert Injury button in insert after dropdown&#xD;
-&gt; done: ExpandedActionLogSteps.WhenIClickInsertInjuryButtonInInsertAfterDropdown() (0.1s)&#xD;
And I enter new conceded event time of "0035"&#xD;
-&gt; done: EditFormSteps.GivenIEnterNewConcededEventTimeOf("0035") (1.0s)&#xD;
And I click off-pitch&#xD;
-&gt; done: PlayerInjuryEditSteps.WhenIClickOffPitchInjury() (0.1s)&#xD;
And I update injury with team 2, player 4 in edit window&#xD;
-&gt; done: PlayerInjuryEditSteps.WhenIUpdateInjuryWithTeamPlayer(2, 4) (0.3s)&#xD;
And I click Save button in action edit form&#xD;
-&gt; done: EditFormSteps.ClickSaveButtonInActionEditForm() (0.6s)&#xD;
Then Injury insert view is not visible&#xD;
Failed to find element with query '[data-qa='InjuryEditPage']'. Web driver timeout exception.&#xD;
-&gt; done: PlayerInjuryEditSteps.ThenGoalKickEditViewIsNotVisible() (2.0s)&#xD;
And "Injury" Action is displayed at 1 in expanded action log&#xD;
-&gt; done: ExpandedActionLogSteps.ThenGoalActionIsDisplayedAtInExpandedActionLog("Injury", 1) (0.0s)&#xD;
And Action at position 1 half is displayed as "H1"&#xD;
-&gt; done: ExpandedActionLogSteps.ThenActionAtPositionHalfIsDisplayedAs(1, "H1") (0.0s)&#xD;
And Action at position 1 time is displayed as "00:35"&#xD;
-&gt; done: ExpandedActionLogSteps.ThenActionAtPositionTimeIsDisplayedAs(1, "00:35") (0.0s)&#xD;
And Action at position 1 do not have first qualifier&#xD;
-&gt; done: ExpandedActionLogSteps.ThenActionAtPositionDoNotHaveFirstQualifier(1) (0.0s)&#xD;
And Action at position 1 do not have second qualifier&#xD;
-&gt; done: ExpandedActionLogSteps.ThenActionAtPositionDoNotHaveSecondQualifier(1) (0.0s)&#xD;
And Action at position 1 do not have score&#xD;
-&gt; done: ExpandedActionLogSteps.ThenActionAtPositionDoNotHaveScore(1) (0.1s)&#xD;
And Action at position 1 contains team 2 name&#xD;
-&gt; done: ExpandedActionLogSteps.ThenActionAtPositionContainsTeam(1, 2) (0.0s)&#xD;
And Action at position 1 player is displayed as 4 on "2" team&#xD;
-&gt; done: ExpandedActionLogSteps.ThenActionAtPositionPlayerIsDisplayedAs(1, 4, 2) (0.1s)&#xD;
sandbox: CleanUpAfterTestRun started.&#xD;
sandbox: application pages != null: True&#xD;
sandbox: web driver!= null: True&#xD;
sandbox: CleanUpAfterTestRun complete.</StdOut>
      </Output>
    </UnitTestResult>
    <UnitTestResult executionId="7c814dd0-b301-473b-a15a-37bcff97c72d" testId="d7e0cac5-55f2-091f-0ebc-f8be6af5620b" testName="CanOpenExpandedActionLogDuringGoalWorkflow" computerName="EC2AMAZ-JEOO151" duration="00:00:05.0670000" startTime="2019-07-11T18:50:04.0000000+00:00" endTime="2019-07-11T18:50:09.0000000+00:00" testType="13cdc9d9-ddb5-4fa4-a97d-d965ccfc6d4b" outcome="Passed" testListId="8c84fa94-04c1-424b-9868-57a2d4851a1d" relativeResultsDirectory="7c814dd0-b301-473b-a15a-37bcff97c72d">
      <Output>
        <StdOut>sandbox: PrepareForTestRun started.&#xD;
sandbox: football liveStatsApp != null: True &#xD;
sandbox: football liveStatsApp.IsProcessRunning: True &#xD;
sandbox: setupLocalData: localDatabaseProvider != null: True&#xD;
sandbox: applicationPages != null: True&#xD;
sandbox: applicationPages.Webdriver != null: True&#xD;
sandbox: finished setuping local data&#xD;
sandbox: PrepareForTestRun complete.&#xD;
Given Match started with kick off from existing game&#xD;
-&gt; done: SetupGameSteps.GivenMatchStartedWithKickOffButtonFromExistingGame() (3.2s)&#xD;
Given "Goal" record workflow is started for team "2"&#xD;
Given action failed. Retrying after a timeout.&#xD;
-&gt; done: TeamActionButtonSteps.GivenStartedRecordWorkflow(Goal, 2) (0.9s)&#xD;
When I open Expanded Action log&#xD;
-&gt; done: ActionLogSteps.WhenIClickExpandActionLogButton() (0.1s)&#xD;
Then expanded action log is shown&#xD;
-&gt; done: ExpandedActionLogSteps.ThenExpandedActionLogIsShown() (0.0s)&#xD;
sandbox: CleanUpAfterTestRun started.&#xD;
sandbox: application pages != null: True&#xD;
sandbox: web driver!= null: True&#xD;
sandbox: CleanUpAfterTestRun complete.</StdOut>
      </Output>
    </UnitTestResult>
    <UnitTestResult executionId="761303ff-06ce-433e-b98e-8146ed2e421d" testId="b3bcd033-b4a2-5398-3144-bf0f2eb2af9c" testName="PenaltyTakerChangeIsSaved" computerName="EC2AMAZ-JEOO151" duration="00:00:12.8670000" startTime="2019-07-11T18:08:05.0000000+00:00" endTime="2019-07-11T18:08:18.0000000+00:00" testType="13cdc9d9-ddb5-4fa4-a97d-d965ccfc6d4b" outcome="Passed" testListId="8c84fa94-04c1-424b-9868-57a2d4851a1d" relativeResultsDirectory="761303ff-06ce-433e-b98e-8146ed2e421d">
      <Output>
        <StdOut>sandbox: PrepareForTestRun started.&#xD;
sandbox: football liveStatsApp != null: True &#xD;
sandbox: football liveStatsApp.IsProcessRunning: True &#xD;
sandbox: setupLocalData: localDatabaseProvider != null: True&#xD;
sandbox: applicationPages != null: True&#xD;
sandbox: applicationPages.Webdriver != null: True&#xD;
sandbox: finished setuping local data&#xD;
sandbox: PrepareForTestRun complete.&#xD;
Given Match started with kick off from existing game&#xD;
-&gt; done: SetupGameSteps.GivenMatchStartedWithKickOffButtonFromExistingGame() (3.4s)&#xD;
Given Made penalty registered for player with shirt number 10 of team 1 fouled by player with shirt number 3&#xD;
Given action failed. Retrying after a timeout.&#xD;
-&gt; done: PenaltySteps.GivenPenaltyRegisteredForTeam(10, 1, 3) (6.9s)&#xD;
And I click top event in action log&#xD;
-&gt; done: ActionLogSteps.GivenIClickPenaltyEventInActionLog() (0.2s)&#xD;
When I click on player with shirt number 6 as penalty taker in penalty edit&#xD;
-&gt; done: PenaltyEditSteps.WhenIClickOnPlayerWithShirtNumberAsPenaltyTaker(6) (0.4s)&#xD;
And I click Save button in action edit form&#xD;
-&gt; done: EditFormSteps.ClickSaveButtonInActionEditForm() (0.6s)&#xD;
And I click top event in action log&#xD;
-&gt; done: ActionLogSteps.GivenIClickPenaltyEventInActionLog() (0.1s)&#xD;
Then Penalty taker with shirt number 6 is selected in penalty edit&#xD;
-&gt; done: PenaltyEditSteps.ThenPenaltyTakerPlayerWithShirtNumberIsSelected(6) (0.1s)&#xD;
And Selected penalty taker is in Penalty label of "Penalty" event&#xD;
-&gt; done: ActionLogSteps.ThenSelectedPenaltyTakerIsInPenaltyLabelOfPenaltyEvent("Penalty", Penalty) (0.2s)&#xD;
sandbox: CleanUpAfterTestRun started.&#xD;
sandbox: application pages != null: True&#xD;
sandbox: web driver!= null: True&#xD;
sandbox: CleanUpAfterTestRun complete.</StdOut>
      </Output>
    </UnitTestResult>
    <UnitTestResult executionId="7c3b2627-638b-4886-ac65-eba3b3b969d2" testId="6be7179b-c90f-ef30-55a7-f3bdf629afa9" testName="GivenGameDelay_WhenCancelingByDropDownOption_ThenDelayCanceled" computerName="EC2AMAZ-JEOO151" duration="00:00:14.8830000" startTime="2019-07-11T21:27:44.0000000+00:00" endTime="2019-07-11T21:27:59.0000000+00:00" testType="13cdc9d9-ddb5-4fa4-a97d-d965ccfc6d4b" outcome="Passed" testListId="8c84fa94-04c1-424b-9868-57a2d4851a1d" relativeResultsDirectory="7c3b2627-638b-4886-ac65-eba3b3b969d2">
      <Output>
        <StdOut>sandbox: PrepareForTestRun started.&#xD;
sandbox: football liveStatsApp != null: True &#xD;
sandbox: football liveStatsApp.IsProcessRunning: True &#xD;
sandbox: setupLocalData: localDatabaseProvider != null: True&#xD;
sandbox: applicationPages != null: True&#xD;
sandbox: applicationPages.Webdriver != null: True&#xD;
sandbox: finished setuping local data&#xD;
sandbox: PrepareForTestRun complete.&#xD;
Given action failed. Retrying after a timeout.&#xD;
sandbox: CleanUpAfterTestRun started.&#xD;
sandbox: application pages != null: True&#xD;
sandbox: web driver!= null: True&#xD;
Given action failed. Retrying after a timeout. Most likely UI was not fast enough to refresh itself.&#xD;
sandbox: CleanUpAfterTestRun complete.</StdOut>
      </Output>
    </UnitTestResult>
    <UnitTestResult executionId="8db955b9-c3b0-4685-8af5-250bd5cf5ae8" testId="e10c3a0a-f9c3-9a1e-f4b1-213ac3346d0b" testName="PenaltyShootOutKickRetake(&quot;Penalty Goal&quot;,null)" computerName="EC2AMAZ-JEOO151" duration="00:00:20.1340000" startTime="2019-07-11T19:16:17.0000000+00:00" endTime="2019-07-11T19:16:37.0000000+00:00" testType="13cdc9d9-ddb5-4fa4-a97d-d965ccfc6d4b" outcome="Passed" testListId="8c84fa94-04c1-424b-9868-57a2d4851a1d" relativeResultsDirectory="8db955b9-c3b0-4685-8af5-250bd5cf5ae8">
      <Output>
        <StdOut>sandbox: PrepareForTestRun started.&#xD;
sandbox: football liveStatsApp != null: True &#xD;
sandbox: football liveStatsApp.IsProcessRunning: True &#xD;
sandbox: setupLocalData: localDatabaseProvider != null: True&#xD;
sandbox: applicationPages != null: True&#xD;
sandbox: applicationPages.Webdriver != null: True&#xD;
sandbox: finished setuping local data&#xD;
sandbox: PrepareForTestRun complete.&#xD;
Given penalty shoot-out phase started&#xD;
-&gt; done: PitchClockSteps.GivenGamePenaltyShoot_OutPhaseStarted() (14.8s)&#xD;
Given selected player "6" from team "2" for penalty shoot-out kick&#xD;
Given action failed. Retrying after a timeout.&#xD;
-&gt; done: PenaltyShootoutSteps.WhenISelectPlayerFromTeamForPenaltyShootOutKick(6, 2) (0.7s)&#xD;
And selected "Penalty Goal" outcome&#xD;
-&gt; done: PenaltyShootoutSteps.WhenISelectGoalOutcome() (0.1s)&#xD;
When I retake penalty&#xD;
-&gt; done: PenaltySteps.WhenIClickButton() (0.2s)&#xD;
Then Penalty outcome selection dialog is shown&#xD;
-&gt; done: ShotRegistrationSteps.ThenActionTypeDialogIsShown() (0.2s)&#xD;
And Retake label is shown in PenaltyShootout event action log&#xD;
-&gt; done: ActionLogSteps.ThenOffenceIsShownInPenaltyEventActionLog("Retake", PenaltyShootout) (0.1s)&#xD;
And Retake label of "PenaltyShootout" event in action log is in team 2 color&#xD;
-&gt; done: ActionLogSteps.ThenSubItemOfEventInActionLogIsInTeamColor("Retake", PenaltyShootout, 2) (0.1s)&#xD;
And "Penalty Shot Off Target" button is shown&#xD;
-&gt; done: PenaltySteps.ThenPenaltyShotOffTargetButtonIsShown() (0.0s)&#xD;
And "Penalty Shot On Target" button is shown&#xD;
-&gt; done: PenaltySteps.ThenPenaltyShotOnTargetButtonIsShown() (0.0s)&#xD;
And "Penalty Goal" button is shown&#xD;
-&gt; done: PenaltySteps.ThenPenaltyGoalButtonIsShown() (0.0s)&#xD;
And penalty retake is not visible&#xD;
Failed to find element with query '[data-qa='penaltyRetakeButton']'. Web driver timeout exception.&#xD;
-&gt; done: PenaltySteps.ThenPenaltyRetakeIsNotVisible() (2.0s)&#xD;
And "Back" button is shown&#xD;
-&gt; done: WorkflowSteps.ThenBackButtonIsVisible() (0.0s)&#xD;
And Team 2 has 0 penalty shoot-out miss in score board&#xD;
-&gt; done: PenaltyShootoutSteps.ThenTeamHasPenaltyShoot_OutMiss(2, 0) (0.0s)&#xD;
And Team 2 has 0 penalty shoot-out made in score board&#xD;
-&gt; done: PenaltyShootoutSteps.ThenTeamHasPenaltyShoot_OutMade(2, 0) (0.0s)&#xD;
And All action buttons except card buttons are disabled for both teams&#xD;
-&gt; done: TeamActionButtonSteps.ThenAllActionButtonsExceptRedCardButtonAreDisabledForBothTeams() (0.6s)&#xD;
sandbox: CleanUpAfterTestRun started.&#xD;
sandbox: application pages != null: True&#xD;
sandbox: web driver!= null: True&#xD;
sandbox: CleanUpAfterTestRun complete.</StdOut>
      </Output>
    </UnitTestResult>
    <UnitTestResult executionId="7155e38d-f495-43b5-808e-ee21d36f57cc" testId="a860d21c-33c8-b393-32bd-a26a2059b5f0" testName="GivenShotsRegistered_WhenSelectingOnTargetShots_ThenShowOnlyOnTargetShots" computerName="EC2AMAZ-JEOO151" duration="00:00:08.7700000" startTime="2019-07-11T21:23:46.0000000+00:00" endTime="2019-07-11T21:23:54.0000000+00:00" testType="13cdc9d9-ddb5-4fa4-a97d-d965ccfc6d4b" outcome="Passed" testListId="8c84fa94-04c1-424b-9868-57a2d4851a1d" relativeResultsDirectory="7155e38d-f495-43b5-808e-ee21d36f57cc">
      <Output>
        <StdOut>sandbox: PrepareForTestRun started.&#xD;
sandbox: football liveStatsApp != null: True &#xD;
sandbox: football liveStatsApp.IsProcessRunning: True &#xD;
sandbox: setupLocalData: localDatabaseProvider != null: True&#xD;
sandbox: applicationPages != null: True&#xD;
sandbox: applicationPages.Webdriver != null: True&#xD;
sandbox: finished setuping local data&#xD;
sandbox: PrepareForTestRun complete.&#xD;
Given action failed. Retrying after a timeout.&#xD;
sandbox: CleanUpAfterTestRun started.&#xD;
sandbox: application pages != null: True&#xD;
sandbox: web driver!= null: True&#xD;
sandbox: CleanUpAfterTestRun complete.</StdOut>
      </Output>
    </UnitTestResult>
    <UnitTestResult executionId="9ba71dd0-a438-4e32-9f64-2fe557b2f49a" testId="5cb39f4e-4f2c-e2a9-1928-80f97dd474f8" testName="GivenActionRegistered_WhenDeletingFromActionLog_ThenDeleted(Injury)" computerName="EC2AMAZ-JEOO151" duration="00:00:09.5480000" startTime="2019-07-11T20:15:22.0000000+00:00" endTime="2019-07-11T20:15:32.0000000+00:00" testType="13cdc9d9-ddb5-4fa4-a97d-d965ccfc6d4b" outcome="Passed" testListId="8c84fa94-04c1-424b-9868-57a2d4851a1d" relativeResultsDirectory="9ba71dd0-a438-4e32-9f64-2fe557b2f49a">
      <Output>
        <StdOut>sandbox: PrepareForTestRun started.&#xD;
sandbox: football liveStatsApp != null: True &#xD;
sandbox: football liveStatsApp.IsProcessRunning: True &#xD;
sandbox: setupLocalData: localDatabaseProvider != null: True&#xD;
sandbox: applicationPages != null: True&#xD;
sandbox: applicationPages.Webdriver != null: True&#xD;
sandbox: finished setuping local data&#xD;
sandbox: PrepareForTestRun complete.&#xD;
sandbox: CleanUpAfterTestRun started.&#xD;
sandbox: application pages != null: True&#xD;
sandbox: web driver!= null: True&#xD;
sandbox: CleanUpAfterTestRun complete.</StdOut>
      </Output>
    </UnitTestResult>
    <UnitTestResult executionId="1bd45d36-c941-4cd7-b38f-d47ba2cdb584" testId="ae669d33-6e18-5320-517a-4aa71f4f1dc9" testName="InsertPenaltyWithNoDataSpecifiedWhenOverturnedByVAR" computerName="EC2AMAZ-JEOO151" duration="00:00:10.4900000" startTime="2019-07-11T18:33:41.0000000+00:00" endTime="2019-07-11T18:33:51.0000000+00:00" testType="13cdc9d9-ddb5-4fa4-a97d-d965ccfc6d4b" outcome="Passed" testListId="8c84fa94-04c1-424b-9868-57a2d4851a1d" relativeResultsDirectory="1bd45d36-c941-4cd7-b38f-d47ba2cdb584">
      <Output>
        <StdOut>sandbox: PrepareForTestRun started.&#xD;
sandbox: football liveStatsApp != null: True &#xD;
sandbox: football liveStatsApp.IsProcessRunning: True &#xD;
sandbox: setupLocalData: localDatabaseProvider != null: True&#xD;
sandbox: applicationPages != null: True&#xD;
sandbox: applicationPages.Webdriver != null: True&#xD;
sandbox: finished setuping local data&#xD;
sandbox: PrepareForTestRun complete.&#xD;
Given Match started with kick off from existing game&#xD;
-&gt; done: SetupGameSteps.GivenMatchStartedWithKickOffButtonFromExistingGame() (3.4s)&#xD;
And Throw in added for Team 1&#xD;
Given action failed. Retrying after a timeout.&#xD;
-&gt; done: ThrowInEditSteps.GivenThrowInAddedForTeam(1) (0.9s)&#xD;
And I clicked on latest "ThrowIn" event in action log&#xD;
-&gt; done: ActionLogSteps.GivenIClickOnLatestEventInActionLog(ThrowIn) (0.2s)&#xD;
And I entered new conceded event time of "0030"&#xD;
-&gt; done: EditFormSteps.GivenIEnterNewConcededEventTimeOf("0030") (1.0s)&#xD;
And I clicked Save button in action edit form&#xD;
-&gt; done: EditFormSteps.ClickSaveButtonInActionEditForm() (0.6s)&#xD;
And I remembered current players on pitch shirt numbers&#xD;
-&gt; done: GoalEditSteps.GivenIRememberCurrentPlayersOnPitch() (1.2s)&#xD;
When I click Expand Action log button&#xD;
-&gt; done: ActionLogSteps.WhenIClickExpandActionLogButton() (0.1s)&#xD;
And I insert "Penalty" after last action in expanded action log&#xD;
-&gt; done: ExpandedActionLogSteps.WhenIInsertPenaltyAfterLastActionInExpandedActionLog(Penalty) (0.3s)&#xD;
And I choose player with number 6 from team 1 as penalty taker&#xD;
-&gt; done: PenaltyShootoutEditSteps.WhenIChoosePlayerWithNumberFromTeamAsPenaltyTaker(6, 1) (0.5s)&#xD;
And I set VAR as Overturned&#xD;
-&gt; done: EditFormSteps.WhenISetVarAsOverturned() (0.2s)&#xD;
And I click Save button in action edit form&#xD;
-&gt; done: EditFormSteps.ClickSaveButtonInActionEditForm() (0.6s)&#xD;
And I close expanded action log page&#xD;
-&gt; done: ExpandedActionLogSteps.WhenICloseExpandedActionLogPage() (0.2s)&#xD;
Then VAR label of "Penalty" event in action log is in team 1 color&#xD;
-&gt; done: ActionLogSteps.ThenSubItemOfEventInActionLogIsInTeamColor("VAR", Penalty, 1) (0.2s)&#xD;
And VAR label of "Penalty" event in action log contains "Penalty Overturned" message&#xD;
-&gt; done: ActionLogSteps.ThenSubItemOfEventInActionLogIsInTeamColor("VAR", Penalty, "Penalty Overturned") (0.1s)&#xD;
sandbox: CleanUpAfterTestRun started.&#xD;
sandbox: application pages != null: True&#xD;
sandbox: web driver!= null: True&#xD;
sandbox: CleanUpAfterTestRun complete.</StdOut>
      </Output>
    </UnitTestResult>
    <UnitTestResult executionId="11c29658-718d-4987-9117-d7384038bd42" testId="c14341cd-e9ef-f28f-acc2-198ed92bdbc9" testName="GivenActionRegistered_WhenDeletingFromExpandedActionLog_ThenDeletedPitchLog(Shot)" computerName="EC2AMAZ-JEOO151" duration="00:00:10.2980000" startTime="2019-07-11T20:19:20.0000000+00:00" endTime="2019-07-11T20:19:30.0000000+00:00" testType="13cdc9d9-ddb5-4fa4-a97d-d965ccfc6d4b" outcome="Passed" testListId="8c84fa94-04c1-424b-9868-57a2d4851a1d" relativeResultsDirectory="11c29658-718d-4987-9117-d7384038bd42">
      <Output>
        <StdOut>sandbox: PrepareForTestRun started.&#xD;
sandbox: football liveStatsApp != null: True &#xD;
sandbox: football liveStatsApp.IsProcessRunning: True &#xD;
sandbox: setupLocalData: localDatabaseProvider != null: True&#xD;
sandbox: applicationPages != null: True&#xD;
sandbox: applicationPages.Webdriver != null: True&#xD;
sandbox: finished setuping local data&#xD;
sandbox: PrepareForTestRun complete.&#xD;
Given action failed. Retrying after a timeout.&#xD;
sandbox: CleanUpAfterTestRun started.&#xD;
sandbox: application pages != null: True&#xD;
sandbox: web driver!= null: True&#xD;
sandbox: CleanUpAfterTestRun complete.</StdOut>
      </Output>
    </UnitTestResult>
    <UnitTestResult executionId="d84e3170-060d-486c-a10e-0be9152d7a4a" testId="9b2e51c3-25e9-65b9-3577-190ec69d9819" testName="YesOnVarOnFirstStepOfRecordCardWorkflow(&quot;2&quot;,&quot;Yellow&quot;,null)" computerName="EC2AMAZ-JEOO151" duration="00:00:05.4470000" startTime="2019-07-11T19:56:06.0000000+00:00" endTime="2019-07-11T19:56:11.0000000+00:00" testType="13cdc9d9-ddb5-4fa4-a97d-d965ccfc6d4b" outcome="Passed" testListId="8c84fa94-04c1-424b-9868-57a2d4851a1d" relativeResultsDirectory="d84e3170-060d-486c-a10e-0be9152d7a4a">
      <Output>
        <StdOut>sandbox: PrepareForTestRun started.&#xD;
sandbox: football liveStatsApp != null: True &#xD;
sandbox: football liveStatsApp.IsProcessRunning: True &#xD;
sandbox: setupLocalData: localDatabaseProvider != null: True&#xD;
sandbox: applicationPages != null: True&#xD;
sandbox: applicationPages.Webdriver != null: True&#xD;
sandbox: finished setuping local data&#xD;
sandbox: PrepareForTestRun complete.&#xD;
Given Match started with kick off from existing game&#xD;
-&gt; done: SetupGameSteps.GivenMatchStartedWithKickOffButtonFromExistingGame() (3.2s)&#xD;
When I click on team 2 possible "Yellow"&#xD;
-&gt; done: TeamActionButtonSteps.StartPossibleCardRegistration(2, Yellow) (0.6s)&#xD;
And I click "Possible VAR" button in workflow&#xD;
-&gt; done: WorkflowSteps.WhenIClickPossibleVarButtonInWorkflow() (0.1s)&#xD;
And I click var confirmation "yes" button&#xD;
-&gt; done: WorkflowSteps.WhenIClickVarConfirmationButton("yes") (0.2s)&#xD;
Then Card type dialog is displayed&#xD;
-&gt; done: CardSteps.ThenCardTypeDialogIsDisplayed() (0.2s)&#xD;
And VAR label of "Booking" event in action log is in team 2 color&#xD;
-&gt; done: ActionLogSteps.ThenSubItemOfEventInActionLogIsInTeamColor("VAR", Booking, 2) (0.1s)&#xD;
And VAR label of "Booking" event in action log contains "Card Stands" message&#xD;
-&gt; done: ActionLogSteps.ThenSubItemOfEventInActionLogIsInTeamColor("VAR", Booking, "Card Stands") (0.1s)&#xD;
sandbox: CleanUpAfterTestRun started.&#xD;
sandbox: application pages != null: True&#xD;
sandbox: web driver!= null: True&#xD;
sandbox: CleanUpAfterTestRun complete.</StdOut>
      </Output>
    </UnitTestResult>
    <UnitTestResult executionId="3b8bfa20-f42d-414b-9566-cec118e11923" testId="c1ff8488-ea3b-fd7e-2d45-d31ec401fd69" testName="GivenCardWorkflowInProgress_WhenCanceling_ThenScoreboardsStatsAreUpdated(1,Red)" computerName="EC2AMAZ-JEOO151" duration="00:00:05.2990000" startTime="2019-07-11T21:40:49.0000000+00:00" endTime="2019-07-11T21:40:55.0000000+00:00" testType="13cdc9d9-ddb5-4fa4-a97d-d965ccfc6d4b" outcome="Passed" testListId="8c84fa94-04c1-424b-9868-57a2d4851a1d" relativeResultsDirectory="3b8bfa20-f42d-414b-9566-cec118e11923">
      <Output>
        <StdOut>sandbox: PrepareForTestRun started.&#xD;
sandbox: football liveStatsApp != null: True &#xD;
sandbox: football liveStatsApp.IsProcessRunning: True &#xD;
sandbox: setupLocalData: localDatabaseProvider != null: True&#xD;
sandbox: applicationPages != null: True&#xD;
sandbox: applicationPages.Webdriver != null: True&#xD;
sandbox: finished setuping local data&#xD;
sandbox: PrepareForTestRun complete.&#xD;
Given action failed. Retrying after a timeout.&#xD;
sandbox: CleanUpAfterTestRun started.&#xD;
sandbox: application pages != null: True&#xD;
sandbox: web driver!= null: True&#xD;
sandbox: CleanUpAfterTestRun complete.</StdOut>
      </Output>
    </UnitTestResult>
    <UnitTestResult executionId="7905a44c-e489-4667-b15a-9b77c92dced1" testId="87d4cb00-5d9e-6090-a1e7-ca4ede2b114b" testName="InsertedSubstitutionWithPlayerThatWasSubbedInAndOutIsFlagged" computerName="EC2AMAZ-JEOO151" duration="00:00:10.1830000" startTime="2019-07-11T19:48:45.0000000+00:00" endTime="2019-07-11T19:48:55.0000000+00:00" testType="13cdc9d9-ddb5-4fa4-a97d-d965ccfc6d4b" outcome="Passed" testListId="8c84fa94-04c1-424b-9868-57a2d4851a1d" relativeResultsDirectory="7905a44c-e489-4667-b15a-9b77c92dced1">
      <Output>
        <StdOut>sandbox: PrepareForTestRun started.&#xD;
sandbox: football liveStatsApp != null: True &#xD;
sandbox: football liveStatsApp.IsProcessRunning: True &#xD;
sandbox: setupLocalData: localDatabaseProvider != null: True&#xD;
sandbox: applicationPages != null: True&#xD;
sandbox: applicationPages.Webdriver != null: True&#xD;
sandbox: finished setuping local data&#xD;
sandbox: PrepareForTestRun complete.&#xD;
Given Match started with kick off from existing game&#xD;
-&gt; done: SetupGameSteps.GivenMatchStartedWithKickOffButtonFromExistingGame() (3.4s)&#xD;
Given added substitution for in player "24" and out player "4" in team "1"&#xD;
-&gt; done: SubstitutionEditSteps.GivenIAddSubstitutionForBothTeams(24, 4, 1) (1.9s)&#xD;
And added substitution for in player "25" and out player "24" in team "1"&#xD;
-&gt; done: SubstitutionEditSteps.GivenIAddSubstitutionForBothTeams(25, 24, 1) (1.8s)&#xD;
And expanded action log is opened&#xD;
-&gt; done: ActionLogSteps.WhenIClickExpandActionLogButton() (0.1s)&#xD;
When I insert substitution after last action for in player "24" and out player "6" in team "1"&#xD;
-&gt; done: SubstitutionEditSteps.WhenIInsertSubstitutionAfterLastActionForInPlayerAndOutPlayerInTeam(24, 6, 1) (1.6s)&#xD;
And I close expanded action log page&#xD;
-&gt; done: ExpandedActionLogSteps.WhenICloseExpandedActionLogPage() (0.1s)&#xD;
And I click on latest "Substitution" event in action log&#xD;
-&gt; done: ActionLogSteps.GivenIClickOnLatestEventInActionLog(Substitution) (0.1s)&#xD;
And I click review flags button in game action edit window&#xD;
-&gt; done: EditFormSteps.WhenIClickReviewFlagsButtonInGameActionEditWindow() (0.1s)&#xD;
Then Review action flags dialog opens&#xD;
-&gt; done: EditFormSteps.ThenReviewActionFlagsDialogOpens() (0.0s)&#xD;
And Review action flags dialog contains "1" flags&#xD;
-&gt; done: EditWindowFlagsDropDownSteps.ThenReviewActionDialogContainsFlagsCount(1) (0.0s)&#xD;
And Return substitution flag is visible for player with shirt "24" from team "1"&#xD;
-&gt; done: EditWindowFlagsDropDownSteps.ThenReturnSubstitutionFlagIsVisibleForPlayerWithShirtFromTeam("24", 1) (0.0s)&#xD;
sandbox: CleanUpAfterTestRun started.&#xD;
sandbox: application pages != null: True&#xD;
sandbox: web driver!= null: True&#xD;
sandbox: CleanUpAfterTestRun complete.</StdOut>
      </Output>
    </UnitTestResult>
    <UnitTestResult executionId="6bdd1d4c-42d2-4451-80df-c322f528a1f4" testId="01669a6d-01f5-bb77-06d5-063001f47b1f" testName="GivenFiltersSelected_WhenDeselectingFiltersFromTop_ThenShowCorrectFilteredItems" computerName="EC2AMAZ-JEOO151" duration="00:00:09.5340000" startTime="2019-07-11T21:23:00.0000000+00:00" endTime="2019-07-11T21:23:10.0000000+00:00" testType="13cdc9d9-ddb5-4fa4-a97d-d965ccfc6d4b" outcome="Passed" testListId="8c84fa94-04c1-424b-9868-57a2d4851a1d" relativeResultsDirectory="6bdd1d4c-42d2-4451-80df-c322f528a1f4">
      <Output>
        <StdOut>sandbox: PrepareForTestRun started.&#xD;
sandbox: football liveStatsApp != null: True &#xD;
sandbox: football liveStatsApp.IsProcessRunning: True &#xD;
sandbox: setupLocalData: localDatabaseProvider != null: True&#xD;
sandbox: applicationPages != null: True&#xD;
sandbox: applicationPages.Webdriver != null: True&#xD;
sandbox: finished setuping local data&#xD;
sandbox: PrepareForTestRun complete.&#xD;
Given action failed. Retrying after a timeout.&#xD;
sandbox: CleanUpAfterTestRun started.&#xD;
sandbox: application pages != null: True&#xD;
sandbox: web driver!= null: True&#xD;
sandbox: CleanUpAfterTestRun complete.</StdOut>
      </Output>
    </UnitTestResult>
    <UnitTestResult executionId="b1c63e76-46d3-4a7d-8bb9-fa8df16fc21f" testId="62d4fa7a-e1d4-1fd8-3511-ca904d221795" testName="GivenExpandedLog_WhenInsertingGoalAfterWithAssistAndNoVar_ThenGoalInserted" computerName="EC2AMAZ-JEOO151" duration="00:00:19.5920000" startTime="2019-07-11T20:50:28.0000000+00:00" endTime="2019-07-11T20:50:47.0000000+00:00" testType="13cdc9d9-ddb5-4fa4-a97d-d965ccfc6d4b" outcome="Passed" testListId="8c84fa94-04c1-424b-9868-57a2d4851a1d" relativeResultsDirectory="b1c63e76-46d3-4a7d-8bb9-fa8df16fc21f">
      <Output>
        <StdOut>sandbox: PrepareForTestRun started.&#xD;
sandbox: football liveStatsApp != null: True &#xD;
sandbox: football liveStatsApp.IsProcessRunning: True &#xD;
sandbox: setupLocalData: localDatabaseProvider != null: True&#xD;
sandbox: applicationPages != null: True&#xD;
sandbox: applicationPages.Webdriver != null: True&#xD;
sandbox: finished setuping local data&#xD;
sandbox: PrepareForTestRun complete.&#xD;
Given action failed. Retrying after a timeout.&#xD;
Failed to find element with query '[data-qa='goalEditScreen']'. Web driver timeout exception.&#xD;
sandbox: CleanUpAfterTestRun started.&#xD;
sandbox: application pages != null: True&#xD;
sandbox: web driver!= null: True&#xD;
sandbox: CleanUpAfterTestRun complete.</StdOut>
      </Output>
    </UnitTestResult>
    <UnitTestResult executionId="4028ea05-957d-4053-bdb4-2d7fb7530633" testId="254af95f-f959-e396-b466-a66a65e0d7b1" testName="OneTeamKicksPenaltyShootoutKickItsPlayersGetDisabled" computerName="EC2AMAZ-JEOO151" duration="00:00:18.7240000" startTime="2019-07-11T19:13:26.0000000+00:00" endTime="2019-07-11T19:13:45.0000000+00:00" testType="13cdc9d9-ddb5-4fa4-a97d-d965ccfc6d4b" outcome="Passed" testListId="8c84fa94-04c1-424b-9868-57a2d4851a1d" relativeResultsDirectory="4028ea05-957d-4053-bdb4-2d7fb7530633">
      <Output>
        <StdOut>sandbox: PrepareForTestRun started.&#xD;
sandbox: football liveStatsApp != null: True &#xD;
sandbox: football liveStatsApp.IsProcessRunning: True &#xD;
sandbox: setupLocalData: localDatabaseProvider != null: True&#xD;
sandbox: applicationPages != null: True&#xD;
sandbox: applicationPages.Webdriver != null: True&#xD;
sandbox: finished setuping local data&#xD;
sandbox: PrepareForTestRun complete.&#xD;
Given penalty shoot-out phase started&#xD;
-&gt; done: PitchClockSteps.GivenGamePenaltyShoot_OutPhaseStarted() (14.5s)&#xD;
When I record penalty shoot-out kick "Goal" for team 2 player with shirt number 1&#xD;
-&gt; done: PenaltyShootoutSteps.WhenIRecordPenaltyShoot_OutKickGoalForTeamPlayerWithShirtNumber(2, 1) (2.8s)&#xD;
Then team 2 players are disabled&#xD;
-&gt; done: PitchPlayersComponentSteps.ThenTeamPlayersAreDisabled(2) (0.2s)&#xD;
sandbox: CleanUpAfterTestRun started.&#xD;
sandbox: application pages != null: True&#xD;
sandbox: web driver!= null: True&#xD;
sandbox: CleanUpAfterTestRun complete.</StdOut>
      </Output>
    </UnitTestResult>
    <UnitTestResult executionId="4990ef1b-0b12-459d-8cb8-24aeb5f30b1e" testId="11b93a96-c4dc-da75-9985-8cff113e49de" testName="CanOpenExpandedActionLogDuringCornerWorkflow" computerName="EC2AMAZ-JEOO151" duration="00:00:04.8840000" startTime="2019-07-11T18:49:49.0000000+00:00" endTime="2019-07-11T18:49:54.0000000+00:00" testType="13cdc9d9-ddb5-4fa4-a97d-d965ccfc6d4b" outcome="Passed" testListId="8c84fa94-04c1-424b-9868-57a2d4851a1d" relativeResultsDirectory="4990ef1b-0b12-459d-8cb8-24aeb5f30b1e">
      <Output>
        <StdOut>sandbox: PrepareForTestRun started.&#xD;
sandbox: football liveStatsApp != null: True &#xD;
sandbox: football liveStatsApp.IsProcessRunning: True &#xD;
sandbox: setupLocalData: localDatabaseProvider != null: True&#xD;
sandbox: applicationPages != null: True&#xD;
sandbox: applicationPages.Webdriver != null: True&#xD;
sandbox: finished setuping local data&#xD;
sandbox: PrepareForTestRun complete.&#xD;
Given Match started with kick off from existing game&#xD;
-&gt; done: SetupGameSteps.GivenMatchStartedWithKickOffButtonFromExistingGame() (3.3s)&#xD;
Given "Corner" record workflow is started for team "2"&#xD;
-&gt; done: TeamActionButtonSteps.GivenStartedRecordWorkflow(Corner, 2) (0.6s)&#xD;
When I open Expanded Action log&#xD;
-&gt; done: ActionLogSteps.WhenIClickExpandActionLogButton() (0.1s)&#xD;
Then expanded action log is shown&#xD;
-&gt; done: ExpandedActionLogSteps.ThenExpandedActionLogIsShown() (0.0s)&#xD;
sandbox: CleanUpAfterTestRun started.&#xD;
sandbox: application pages != null: True&#xD;
sandbox: web driver!= null: True&#xD;
sandbox: CleanUpAfterTestRun complete.</StdOut>
      </Output>
    </UnitTestResult>
    <UnitTestResult executionId="b57f76d5-ee59-4f55-ae55-736b2ef5fbc7" testId="83788b33-a272-5ffb-61fa-2eb86af11bbf" testName="DeleteCardAfterSelectingCoach(&quot;Yellow&quot;,&quot;2nd Yellow&quot;,&quot;SecondYellow&quot;,null)" computerName="EC2AMAZ-JEOO151" duration="00:00:15.7150000" startTime="2019-07-11T18:53:40.0000000+00:00" endTime="2019-07-11T18:53:56.0000000+00:00" testType="13cdc9d9-ddb5-4fa4-a97d-d965ccfc6d4b" outcome="Passed" testListId="8c84fa94-04c1-424b-9868-57a2d4851a1d" relativeResultsDirectory="b57f76d5-ee59-4f55-ae55-736b2ef5fbc7">
      <Output>
        <StdOut>sandbox: PrepareForTestRun started.&#xD;
sandbox: football liveStatsApp != null: True &#xD;
sandbox: football liveStatsApp.IsProcessRunning: True &#xD;
sandbox: setupLocalData: localDatabaseProvider != null: True&#xD;
sandbox: applicationPages != null: True&#xD;
sandbox: applicationPages.Webdriver != null: True&#xD;
sandbox: finished setuping local data&#xD;
sandbox: PrepareForTestRun complete.&#xD;
Given Match started with kick off from existing game&#xD;
-&gt; done: SetupGameSteps.GivenMatchStartedWithKickOffButtonFromExistingGame() (3.2s)&#xD;
When I click on team 1 possible "Yellow"&#xD;
Given action failed. Retrying after a timeout.&#xD;
-&gt; done: TeamActionButtonSteps.StartPossibleCardRegistration(1, Yellow) (0.9s)&#xD;
And I click "2nd Yellow" card button&#xD;
-&gt; done: TeamActionButtonSteps.WhenIClickCardButton("2nd Yellow") (0.1s)&#xD;
And I confirm booking by clicking "Confirm" button&#xD;
-&gt; done: CardSteps.WhenIConfirmActionByClickingButton() (2.4s)&#xD;
And I choose coach from team 1 bench&#xD;
-&gt; done: PitchPlayersComponentSteps.SelectCoachForCard(1) (0.4s)&#xD;
And I cancel action workflow by clicking "Cancel &amp; Delete" button&#xD;
-&gt; done: WorkflowSteps.WhenICancelActionWorkflowByClickingButton() (0.4s)&#xD;
Then Pitch View is shown&#xD;
-&gt; done: PitchScreenSteps.PitchViewIsShown() (0.0s)&#xD;
And coach from team 1 is not marked with "SecondYellow" line&#xD;
Given action failed. Retrying after a timeout.&#xD;
Failed to find element with query 'yellowCardIndicator' under parent. No such element exception.&#xD;
Failed to find element with query 'redCardIndicator' under parent. No such element exception.&#xD;
-&gt; done: PitchPlayersComponentSteps.ThenCoachIsNotMarkedWithLine(1, SecondYellow) (7.3s)&#xD;
sandbox: CleanUpAfterTestRun started.&#xD;
sandbox: application pages != null: True&#xD;
sandbox: web driver!= null: True&#xD;
sandbox: CleanUpAfterTestRun complete.</StdOut>
      </Output>
    </UnitTestResult>
    <UnitTestResult executionId="54bcc78e-c019-460d-8c4f-047d4ae33678" testId="dfb4e488-f0ca-2f9a-4f19-0d2f43e1be8a" testName="GivenExpandedLog_WhenInsertingGoalBeforeWithoutAssistAndNoVar_ThenInsertedCorrectly" computerName="EC2AMAZ-JEOO151" duration="00:00:19.7370000" startTime="2019-07-11T20:51:27.0000000+00:00" endTime="2019-07-11T20:51:46.0000000+00:00" testType="13cdc9d9-ddb5-4fa4-a97d-d965ccfc6d4b" outcome="Passed" testListId="8c84fa94-04c1-424b-9868-57a2d4851a1d" relativeResultsDirectory="54bcc78e-c019-460d-8c4f-047d4ae33678">
      <Output>
        <StdOut>sandbox: PrepareForTestRun started.&#xD;
sandbox: football liveStatsApp != null: True &#xD;
sandbox: football liveStatsApp.IsProcessRunning: True &#xD;
sandbox: setupLocalData: localDatabaseProvider != null: True&#xD;
sandbox: applicationPages != null: True&#xD;
sandbox: applicationPages.Webdriver != null: True&#xD;
sandbox: finished setuping local data&#xD;
sandbox: PrepareForTestRun complete.&#xD;
Failed to find element with query '[data-qa='goalEditScreen']'. Web driver timeout exception.&#xD;
sandbox: CleanUpAfterTestRun started.&#xD;
sandbox: application pages != null: True&#xD;
sandbox: web driver!= null: True&#xD;
sandbox: CleanUpAfterTestRun complete.</StdOut>
      </Output>
    </UnitTestResult>
    <UnitTestResult executionId="2c755c4e-d08e-4960-bf58-4144473a10ae" testId="ce259a0d-c4d9-33f0-3155-07704fc0f49a" testName="GivenGameInProgress_WhenUpdatingPlayersWithoutActions_ThenPlayerIsUpdated" computerName="EC2AMAZ-JEOO151" duration="00:00:07.6320000" startTime="2019-07-11T20:06:26.0000000+00:00" endTime="2019-07-11T20:06:34.0000000+00:00" testType="13cdc9d9-ddb5-4fa4-a97d-d965ccfc6d4b" outcome="Passed" testListId="8c84fa94-04c1-424b-9868-57a2d4851a1d" relativeResultsDirectory="2c755c4e-d08e-4960-bf58-4144473a10ae">
      <Output>
        <StdOut>sandbox: PrepareForTestRun started.&#xD;
sandbox: football liveStatsApp != null: True &#xD;
sandbox: football liveStatsApp.IsProcessRunning: True &#xD;
sandbox: setupLocalData: localDatabaseProvider != null: True&#xD;
sandbox: applicationPages != null: True&#xD;
sandbox: applicationPages.Webdriver != null: True&#xD;
sandbox: finished setuping local data&#xD;
sandbox: PrepareForTestRun complete.&#xD;
sandbox: CleanUpAfterTestRun started.&#xD;
sandbox: application pages != null: True&#xD;
sandbox: web driver!= null: True&#xD;
sandbox: CleanUpAfterTestRun complete.</StdOut>
      </Output>
    </UnitTestResult>
    <UnitTestResult executionId="6139628b-501f-4dbc-bc68-6a35a3d65e09" testId="9ef54890-bb3e-b7fe-7bd9-e9648e10d985" testName="StartSecondSubstitution_RemainingChanged" computerName="EC2AMAZ-JEOO151" duration="00:00:06.2500000" startTime="2019-07-11T19:28:45.0000000+00:00" endTime="2019-07-11T19:28:51.0000000+00:00" testType="13cdc9d9-ddb5-4fa4-a97d-d965ccfc6d4b" outcome="Passed" testListId="8c84fa94-04c1-424b-9868-57a2d4851a1d" relativeResultsDirectory="6139628b-501f-4dbc-bc68-6a35a3d65e09">
      <Output>
        <StdOut>sandbox: PrepareForTestRun started.&#xD;
sandbox: football liveStatsApp != null: True &#xD;
sandbox: football liveStatsApp.IsProcessRunning: True &#xD;
sandbox: setupLocalData: localDatabaseProvider != null: True&#xD;
sandbox: applicationPages != null: True&#xD;
sandbox: applicationPages.Webdriver != null: True&#xD;
sandbox: finished setuping local data&#xD;
sandbox: PrepareForTestRun complete.&#xD;
Given Match started with kick off from existing game&#xD;
-&gt; done: SetupGameSteps.GivenMatchStartedWithKickOffButtonFromExistingGame() (3.2s)&#xD;
Given added substitution for in player "25" and out player "6" in team "1"&#xD;
-&gt; done: SubstitutionEditSteps.GivenIAddSubstitutionForBothTeams(25, 6, 1) (1.9s)&#xD;
When I start substitution for team "1" in pitch view&#xD;
-&gt; done: SubstitutionSteps.WhenIClickSubBenchButtonInSubstitutionRecord(1) (0.2s)&#xD;
Then "1" team subs remaining "2/3" is visible in record substitutions&#xD;
-&gt; done: SubstitutionSteps.ThenTeamSubsRemainingIsVisibleInRecordSubstitutions(1, "2/3") (0.1s)&#xD;
sandbox: CleanUpAfterTestRun started.&#xD;
sandbox: application pages != null: True&#xD;
sandbox: web driver!= null: True&#xD;
sandbox: CleanUpAfterTestRun complete.</StdOut>
      </Output>
    </UnitTestResult>
    <UnitTestResult executionId="39ab945e-3919-45f1-bd28-2a86aaf70dc6" testId="ff4d7ce5-889f-e94f-94c5-bc636996a1d0" testName="EditGoalKickDuringWorkflowInPSOFromActionLog" computerName="EC2AMAZ-JEOO151" duration="00:00:18.2000000" startTime="2019-07-11T17:53:36.0000000+00:00" endTime="2019-07-11T17:53:55.0000000+00:00" testType="13cdc9d9-ddb5-4fa4-a97d-d965ccfc6d4b" outcome="Passed" testListId="8c84fa94-04c1-424b-9868-57a2d4851a1d" relativeResultsDirectory="39ab945e-3919-45f1-bd28-2a86aaf70dc6">
      <Output>
        <StdOut>sandbox: PrepareForTestRun started.&#xD;
sandbox: football liveStatsApp != null: True &#xD;
sandbox: football liveStatsApp.IsProcessRunning: True &#xD;
sandbox: setupLocalData: localDatabaseProvider != null: True&#xD;
sandbox: applicationPages != null: True&#xD;
sandbox: applicationPages.Webdriver != null: True&#xD;
sandbox: finished setuping local data&#xD;
sandbox: PrepareForTestRun complete.&#xD;
Given Match started with kick off from existing game&#xD;
-&gt; done: SetupGameSteps.GivenMatchStartedWithKickOffButtonFromExistingGame() (3.3s)&#xD;
Given GoalKick for Team 1 is registered&#xD;
-&gt; done: GoalKickSteps.GivenGoalKickForTeamIsRegistered(1) (0.8s)&#xD;
And penalty shoot-out phase setuped from first half in progress&#xD;
-&gt; done: PitchClockSteps.GivenGamePenaltyShootOutPhaseStartedFromGameInFirstHalfInProgress() (11.7s)&#xD;
When I kick-off half in clock&#xD;
-&gt; done: PitchClockSteps.WhenKickOffNextHalf() (0.2s)&#xD;
And I select player "4" from team "2" for penalty shoot-out kick&#xD;
Given action failed. Retrying after a timeout.&#xD;
-&gt; done: PenaltyShootoutSteps.WhenISelectPlayerFromTeamForPenaltyShootOutKick(4, 2) (0.7s)&#xD;
And I click on latest "GoalKick" event in action log&#xD;
-&gt; done: ActionLogSteps.GivenIClickOnLatestEventInActionLog(GoalKick) (0.1s)&#xD;
And I click Flag &amp; Save button in action edit form&#xD;
-&gt; done: EditFormSteps.ClickFlagAndSaveInActionEditForm() (0.4s)&#xD;
Then 1 event in action log of type "GoalKick" is flagged&#xD;
-&gt; done: ActionLogSteps.ThenEventInActionLogOfTypeIsFlagged(1, GoalKick) (0.0s)&#xD;
And Penalty shootout outcome selection is visible&#xD;
-&gt; done: PenaltyShootoutSteps.ThenPenaltyShootoutOutcomeSelectionIsVisible() (0.0s)&#xD;
sandbox: CleanUpAfterTestRun started.&#xD;
sandbox: application pages != null: True&#xD;
sandbox: web driver!= null: True&#xD;
sandbox: CleanUpAfterTestRun complete.</StdOut>
      </Output>
    </UnitTestResult>
    <UnitTestResult executionId="fd96685c-8497-4c92-93d4-bbdeeb25d195" testId="47832043-a82b-08d9-e902-26ee4f0abf2f" testName="ChangeTeamAndSelectZone" computerName="EC2AMAZ-JEOO151" duration="00:00:07.7520000" startTime="2019-07-11T17:51:19.0000000+00:00" endTime="2019-07-11T17:51:27.0000000+00:00" testType="13cdc9d9-ddb5-4fa4-a97d-d965ccfc6d4b" outcome="Passed" testListId="8c84fa94-04c1-424b-9868-57a2d4851a1d" relativeResultsDirectory="fd96685c-8497-4c92-93d4-bbdeeb25d195">
      <Output>
        <StdOut>sandbox: PrepareForTestRun started.&#xD;
sandbox: football liveStatsApp != null: True &#xD;
sandbox: football liveStatsApp.IsProcessRunning: True &#xD;
sandbox: setupLocalData: localDatabaseProvider != null: True&#xD;
sandbox: applicationPages != null: True&#xD;
sandbox: applicationPages.Webdriver != null: True&#xD;
sandbox: finished setuping local data&#xD;
sandbox: PrepareForTestRun complete.&#xD;
Given Match started with kick off from existing game&#xD;
-&gt; done: SetupGameSteps.GivenMatchStartedWithKickOffButtonFromExistingGame() (3.3s)&#xD;
And "Top right" corner added for Team 1&#xD;
-&gt; done: CornerSteps.GivenCornerAddedForTeam("Top right", 1) (3.2s)&#xD;
Given I clicked on latest "Corner" event in action log&#xD;
-&gt; done: ActionLogSteps.GivenIClickOnLatestEventInActionLog(Corner) (0.2s)&#xD;
And I click Team 2 in edit screen&#xD;
-&gt; done: EditFormSteps.GivenIClickTeamInEditScreen(2) (0.1s)&#xD;
And I click "top left" corner of the pitch&#xD;
-&gt; done: CornerSteps.GivenIClickCornerOfThePitch("top left") (0.1s)&#xD;
Then Save button is disabled in action edit form&#xD;
-&gt; done: EditFormSteps.SaveButtonIsDisabled() (0.0s)&#xD;
sandbox: CleanUpAfterTestRun started.&#xD;
sandbox: application pages != null: True&#xD;
sandbox: web driver!= null: True&#xD;
sandbox: CleanUpAfterTestRun complete.</StdOut>
      </Output>
    </UnitTestResult>
    <UnitTestResult executionId="23af049a-fac9-471d-8d06-efa6dd4a1797" testId="14ee41d2-1f7a-af41-92a0-3449d9364bfa" testName="GivenGameInProgress_WhenConfirmingCard_ThenCardIsRegisteredForPlayer(Yellow,2,5,SecondYellow,&quot;2nd Yellow&quot;)" computerName="EC2AMAZ-JEOO151" duration="00:00:08.6000000" startTime="2019-07-11T20:56:08.0000000+00:00" endTime="2019-07-11T20:56:17.0000000+00:00" testType="13cdc9d9-ddb5-4fa4-a97d-d965ccfc6d4b" outcome="Passed" testListId="8c84fa94-04c1-424b-9868-57a2d4851a1d" relativeResultsDirectory="23af049a-fac9-471d-8d06-efa6dd4a1797">
      <Output>
        <StdOut>sandbox: PrepareForTestRun started.&#xD;
sandbox: football liveStatsApp != null: True &#xD;
sandbox: football liveStatsApp.IsProcessRunning: True &#xD;
sandbox: setupLocalData: localDatabaseProvider != null: True&#xD;
sandbox: applicationPages != null: True&#xD;
sandbox: applicationPages.Webdriver != null: True&#xD;
sandbox: finished setuping local data&#xD;
sandbox: PrepareForTestRun complete.&#xD;
Given action failed. Retrying after a timeout.&#xD;
sandbox: CleanUpAfterTestRun started.&#xD;
sandbox: application pages != null: True&#xD;
sandbox: web driver!= null: True&#xD;
sandbox: CleanUpAfterTestRun complete.</StdOut>
      </Output>
    </UnitTestResult>
    <UnitTestResult executionId="034416d7-a3ac-4e1b-84b4-f35dc5d901d3" testId="2cd7c729-8b9c-01ea-3772-5ce1e0ea2a94" testName="CannotInsertOnPitchInjuryBeforeInjuryLocationIsSelected" computerName="EC2AMAZ-JEOO151" duration="00:00:14.4330000" startTime="2019-07-11T18:44:52.0000000+00:00" endTime="2019-07-11T18:45:07.0000000+00:00" testType="13cdc9d9-ddb5-4fa4-a97d-d965ccfc6d4b" outcome="Passed" testListId="8c84fa94-04c1-424b-9868-57a2d4851a1d" relativeResultsDirectory="034416d7-a3ac-4e1b-84b4-f35dc5d901d3">
      <Output>
        <StdOut>sandbox: PrepareForTestRun started.&#xD;
sandbox: football liveStatsApp != null: True &#xD;
sandbox: football liveStatsApp.IsProcessRunning: True &#xD;
sandbox: setupLocalData: localDatabaseProvider != null: True&#xD;
sandbox: applicationPages != null: True&#xD;
sandbox: applicationPages.Webdriver != null: True&#xD;
sandbox: finished setuping local data&#xD;
sandbox: PrepareForTestRun complete.&#xD;
Given Match started with kick off from existing game&#xD;
-&gt; done: SetupGameSteps.GivenMatchStartedWithKickOffButtonFromExistingGame() (3.4s)&#xD;
And "Yellow" Card for Team 1 is registered&#xD;
Given action failed. Retrying after a timeout.&#xD;
-&gt; done: CardSteps.GivenCardForTeamIsRegistered(Yellow, 1) (3.6s)&#xD;
And "Top right" corner added for Team 1&#xD;
Given action failed. Retrying after a timeout.&#xD;
-&gt; done: CornerSteps.GivenCornerAddedForTeam("Top right", 1) (3.0s)&#xD;
And I clicked on latest "Corner" event in action log&#xD;
-&gt; done: ActionLogSteps.GivenIClickOnLatestEventInActionLog(Corner) (0.2s)&#xD;
And I entered new conceded event time of "0030"&#xD;
-&gt; done: EditFormSteps.GivenIEnterNewConcededEventTimeOf("0030") (1.0s)&#xD;
And I clicked Save button in action edit form&#xD;
-&gt; done: EditFormSteps.ClickSaveButtonInActionEditForm() (0.6s)&#xD;
And I remembered current players on pitch shirt numbers&#xD;
-&gt; done: GoalEditSteps.GivenIRememberCurrentPlayersOnPitch() (1.1s)&#xD;
When I click Expand Action log button&#xD;
-&gt; done: ActionLogSteps.WhenIClickExpandActionLogButton() (0.1s)&#xD;
And I click last action in expanded action log&#xD;
-&gt; done: ExpandedActionLogSteps.WhenIClickLastActionInExpandedActionLog() (0.1s)&#xD;
And I click insert after button in expanded action log&#xD;
-&gt; done: ExpandedActionLogSteps.WhenIClickInsertAfterButtonInExpandedActionLog() (0.1s)&#xD;
And I click insert Injury button in insert after dropdown&#xD;
-&gt; done: ExpandedActionLogSteps.WhenIClickInsertInjuryButtonInInsertAfterDropdown() (0.1s)&#xD;
And I click team 1 in edit form&#xD;
-&gt; done: EditFormSteps.WhenIClickTeamInEditForm(1) (0.1s)&#xD;
Then Save button is disabled in action edit form&#xD;
-&gt; done: EditFormSteps.SaveButtonIsDisabled() (0.0s)&#xD;
sandbox: CleanUpAfterTestRun started.&#xD;
sandbox: application pages != null: True&#xD;
sandbox: web driver!= null: True&#xD;
sandbox: CleanUpAfterTestRun complete.</StdOut>
      </Output>
    </UnitTestResult>
    <UnitTestResult executionId="9ccd13db-9752-46ec-a6d7-d8ed7d4c635b" testId="8f5e5fbf-29cc-375d-84f4-ad483afe82b7" testName="GivenShotRegistered_WhenChangingPitchLocation_ThenLocationUpdated" computerName="EC2AMAZ-JEOO151" duration="00:00:08.9680000" startTime="2019-07-11T20:42:57.0000000+00:00" endTime="2019-07-11T20:43:06.0000000+00:00" testType="13cdc9d9-ddb5-4fa4-a97d-d965ccfc6d4b" outcome="Passed" testListId="8c84fa94-04c1-424b-9868-57a2d4851a1d" relativeResultsDirectory="9ccd13db-9752-46ec-a6d7-d8ed7d4c635b">
      <Output>
        <StdOut>sandbox: PrepareForTestRun started.&#xD;
sandbox: football liveStatsApp != null: True &#xD;
sandbox: football liveStatsApp.IsProcessRunning: True &#xD;
sandbox: setupLocalData: localDatabaseProvider != null: True&#xD;
sandbox: applicationPages != null: True&#xD;
sandbox: applicationPages.Webdriver != null: True&#xD;
sandbox: finished setuping local data&#xD;
sandbox: PrepareForTestRun complete.&#xD;
Failed to find data-qa element with tag 'setPitchLocationButton'. No such element exception.&#xD;
sandbox: CleanUpAfterTestRun started.&#xD;
sandbox: application pages != null: True&#xD;
sandbox: web driver!= null: True&#xD;
sandbox: CleanUpAfterTestRun complete.</StdOut>
      </Output>
    </UnitTestResult>
    <UnitTestResult executionId="35c085e9-4919-4a86-b074-1df16d7fa7e0" testId="cce49e2c-de90-7701-b38f-a89a88ba7a8b" testName="GivenGameInProgress_WhenSetupNextHalf_ThenSecondHalfSetupDone" computerName="EC2AMAZ-JEOO151" duration="00:00:11.3330000" startTime="2019-07-11T21:33:35.0000000+00:00" endTime="2019-07-11T21:33:47.0000000+00:00" testType="13cdc9d9-ddb5-4fa4-a97d-d965ccfc6d4b" outcome="Passed" testListId="8c84fa94-04c1-424b-9868-57a2d4851a1d" relativeResultsDirectory="35c085e9-4919-4a86-b074-1df16d7fa7e0">
      <Output>
        <StdOut>sandbox: PrepareForTestRun started.&#xD;
sandbox: football liveStatsApp != null: True &#xD;
sandbox: football liveStatsApp.IsProcessRunning: True &#xD;
sandbox: setupLocalData: localDatabaseProvider != null: True&#xD;
sandbox: applicationPages != null: True&#xD;
sandbox: applicationPages.Webdriver != null: True&#xD;
sandbox: finished setuping local data&#xD;
sandbox: PrepareForTestRun complete.&#xD;
Failed to find element with query '[data-qa='addTimeTextField']'. Web driver timeout exception.&#xD;
sandbox: CleanUpAfterTestRun started.&#xD;
sandbox: application pages != null: True&#xD;
sandbox: web driver!= null: True&#xD;
sandbox: CleanUpAfterTestRun complete.</StdOut>
      </Output>
    </UnitTestResult>
    <UnitTestResult executionId="650d12a6-73ab-4474-a5a1-fc23ca8a49e8" testId="3e789a91-c151-b4bf-1dcf-0295463f6c3d" testName="InsertShotOnPenaltyWithFoulReasonAfterOrBeforeLastEvent(&quot;after&quot;,&quot;1&quot;,&quot;2&quot;,&quot;0035&quot;,&quot;0036&quot;,&quot;00:35&quot;,&quot;00:36&quot;,&quot;2&quot;,&quot;3&quot;,&quot;1&quot;,null)" computerName="EC2AMAZ-JEOO151" duration="00:00:15.8830000" startTime="2019-07-11T18:34:23.0000000+00:00" endTime="2019-07-11T18:34:39.0000000+00:00" testType="13cdc9d9-ddb5-4fa4-a97d-d965ccfc6d4b" outcome="Passed" testListId="8c84fa94-04c1-424b-9868-57a2d4851a1d" relativeResultsDirectory="650d12a6-73ab-4474-a5a1-fc23ca8a49e8">
      <Output>
        <StdOut>sandbox: PrepareForTestRun started.&#xD;
sandbox: football liveStatsApp != null: True &#xD;
sandbox: football liveStatsApp.IsProcessRunning: True &#xD;
sandbox: setupLocalData: localDatabaseProvider != null: True&#xD;
sandbox: applicationPages != null: True&#xD;
sandbox: applicationPages.Webdriver != null: True&#xD;
sandbox: finished setuping local data&#xD;
sandbox: PrepareForTestRun complete.&#xD;
Given Match started with kick off from existing game&#xD;
-&gt; done: SetupGameSteps.GivenMatchStartedWithKickOffButtonFromExistingGame() (3.3s)&#xD;
And Throw in added for Team 1&#xD;
-&gt; done: ThrowInEditSteps.GivenThrowInAddedForTeam(1) (0.9s)&#xD;
And I clicked on latest "ThrowIn" event in action log&#xD;
-&gt; done: ActionLogSteps.GivenIClickOnLatestEventInActionLog(ThrowIn) (0.2s)&#xD;
And I entered new conceded event time of "0030"&#xD;
-&gt; done: EditFormSteps.GivenIEnterNewConcededEventTimeOf("0030") (1.0s)&#xD;
And I clicked Save button in action edit form&#xD;
-&gt; done: EditFormSteps.ClickSaveButtonInActionEditForm() (0.6s)&#xD;
And I remembered current players on pitch shirt numbers&#xD;
-&gt; done: GoalEditSteps.GivenIRememberCurrentPlayersOnPitch() (1.2s)&#xD;
When I click Expand Action log button&#xD;
-&gt; done: ActionLogSteps.WhenIClickExpandActionLogButton() (0.1s)&#xD;
And I insert "Penalty" after last action in expanded action log&#xD;
-&gt; done: ExpandedActionLogSteps.WhenIInsertPenaltyAfterLastActionInExpandedActionLog(Penalty) (0.3s)&#xD;
And I enter "0035" as conceded and "0036" as taken time&#xD;
-&gt; done: EditFormSteps.WhenIEnterAsConcededAndAsTakenTime("0035", "0036") (2.0s)&#xD;
And I set penalty retake count to 1 in penalty edit&#xD;
-&gt; done: PenaltyEditSteps.WhenISetRetakeCountTo(1) (0.1s)&#xD;
And I choose player with number 6 from team 1 as penalty taker&#xD;
-&gt; done: PenaltyShootoutEditSteps.WhenIChoosePlayerWithNumberFromTeamAsPenaltyTaker(6, 1) (0.5s)&#xD;
And I choose player with number 4 for foul reason&#xD;
-&gt; done: PenaltyEditSteps.WhenIChoosePlayerWithNumberForFoulReason(4) (0.5s)&#xD;
And I click on miss on target result in penalty insert&#xD;
-&gt; done: PenaltyShootoutEditSteps.WhenIClickOnMissOnTargetPenaltyInsert() (0.1s)&#xD;
And I add pitch location&#xD;
-&gt; done: MiniPitchEditPageElementSteps.WhenIAddPitchLocation() (0.3s)&#xD;
And I add "top right" shot location in net section&#xD;
-&gt; done: PenaltyShootoutEditSteps.WhenIAddShotLocationInNetSection("top right") (0.3s)&#xD;
And I click Save button in action edit form&#xD;
-&gt; done: EditFormSteps.ClickSaveButtonInActionEditForm() (0.6s)&#xD;
Then penalty insert view is not visible&#xD;
Failed to find element with query '[data-qa='penaltyEditScreen']'. Web driver timeout exception.&#xD;
-&gt; done: PenaltyEditSteps.ThenPenaltyShootoutKickInsertViewIsNotVisible() (2.0s)&#xD;
And "Save by GK" Action is displayed at 1 in expanded action log&#xD;
-&gt; done: ExpandedActionLogSteps.ThenGoalActionIsDisplayedAtInExpandedActionLog("Save by GK", 1) (0.0s)&#xD;
And at 1 position action time is "00:36" in "H1" half&#xD;
-&gt; done: ExpandedActionLogSteps.ThenAtPositionActionTimeIsInHalf(1, "00:36", "H1") (0.1s)&#xD;
And at 1 position action has no qualifiers&#xD;
-&gt; done: ExpandedActionLogSteps.ThenAtPositionActionHasNoQualifiers(1) (0.1s)&#xD;
And at 1 position action displays team 2 with no player&#xD;
-&gt; done: ExpandedActionLogSteps.ThenAtPositionActionDisplaysTeamWithNoPlayer(1, 2) (0.0s)&#xD;
And Action at position 1 do not have score&#xD;
-&gt; done: ExpandedActionLogSteps.ThenActionAtPositionDoNotHaveScore(1) (0.0s)&#xD;
And "Penalty" Action is displayed at 2 in expanded action log&#xD;
-&gt; done: ExpandedActionLogSteps.ThenGoalActionIsDisplayedAtInExpandedActionLog("Penalty", 2) (0.0s)&#xD;
And at 2 position action time is "00:35" in "H1" half&#xD;
-&gt; done: ExpandedActionLogSteps.ThenAtPositionActionTimeIsInHalf(2, "00:35", "H1") (0.1s)&#xD;
And at 2 position action has no qualifiers&#xD;
-&gt; done: ExpandedActionLogSteps.ThenAtPositionActionHasNoQualifiers(2) (0.1s)&#xD;
And at 2 position action displays player with number 6 from team 1&#xD;
-&gt; done: ExpandedActionLogSteps.ThenActionAtPositionPlayerIsDisplayedAs(2, 6, 1) (0.1s)&#xD;
And Action at position 2 do not have score&#xD;
-&gt; done: ExpandedActionLogSteps.ThenActionAtPositionDoNotHaveScore(2) (0.0s)&#xD;
And "Foul" Action is displayed at 3 in expanded action log&#xD;
-&gt; done: ExpandedActionLogSteps.ThenGoalActionIsDisplayedAtInExpandedActionLog("Foul", 3) (0.1s)&#xD;
And at 3 position action time is "00:35" in "H1" half&#xD;
-&gt; done: ExpandedActionLogSteps.ThenAtPositionActionTimeIsInHalf(3, "00:35", "H1") (0.1s)&#xD;
And at 3 position action has no qualifiers&#xD;
-&gt; done: ExpandedActionLogSteps.ThenAtPositionActionHasNoQualifiers(3) (0.1s)&#xD;
And at 3 position action displays player with number 4 from team 2&#xD;
-&gt; done: ExpandedActionLogSteps.ThenActionAtPositionPlayerIsDisplayedAs(3, 4, 2) (0.1s)&#xD;
And Action at position 3 do not have score&#xD;
-&gt; done: ExpandedActionLogSteps.ThenActionAtPositionDoNotHaveScore(3) (0.0s)&#xD;
sandbox: CleanUpAfterTestRun started.&#xD;
sandbox: application pages != null: True&#xD;
sandbox: web driver!= null: True&#xD;
sandbox: CleanUpAfterTestRun complete.</StdOut>
      </Output>
    </UnitTestResult>
    <UnitTestResult executionId="9669acc1-80ca-488f-908e-0c1ba682db21" testId="2e89b19f-efed-71d6-9931-462d74c72d93" testName="CanProceedWhenFormationsAreFilled" computerName="EC2AMAZ-JEOO151" duration="00:00:12.3050000" startTime="2019-07-11T17:23:52.0000000+00:00" endTime="2019-07-11T17:24:05.0000000+00:00" testType="13cdc9d9-ddb5-4fa4-a97d-d965ccfc6d4b" outcome="Passed" testListId="8c84fa94-04c1-424b-9868-57a2d4851a1d" relativeResultsDirectory="9669acc1-80ca-488f-908e-0c1ba682db21">
      <Output>
        <StdOut>sandbox: PrepareForTestRun started.&#xD;
sandbox: football liveStatsApp != null: True &#xD;
sandbox: football liveStatsApp.IsProcessRunning: True &#xD;
sandbox: setupLocalData: localDatabaseProvider != null: True&#xD;
sandbox: applicationPages != null: True&#xD;
sandbox: applicationPages.Webdriver != null: True&#xD;
sandbox: finished setuping local data&#xD;
sandbox: PrepareForTestRun complete.&#xD;
Given I am in formations tab&#xD;
-&gt; done: TeamsFormationsTabSteps.GivenIAmInFormationsTab() (6.6s)&#xD;
And All starters are added into formation for team 1&#xD;
-&gt; done: TeamsFormationsTabSteps.GivenAllPlayersAreAddedIntoFormation(1) (2.1s)&#xD;
And All starters are added into formation for team 2&#xD;
-&gt; done: TeamsFormationsTabSteps.GivenAllPlayersAreAddedIntoFormation(2) (2.0s)&#xD;
When I click Save &amp; Next button&#xD;
-&gt; done: GameSetupSteps.WhenIClickSaveNextButton() (0.1s)&#xD;
Then Print settings tab is visible&#xD;
-&gt; done: PrintSettingsTabSteps.ThenPrintSettingsTabIsVisible() (0.0s)&#xD;
sandbox: CleanUpAfterTestRun started.&#xD;
sandbox: application pages != null: True&#xD;
sandbox: web driver!= null: True&#xD;
Given action failed. Retrying after a timeout. Most likely UI was not fast enough to refresh itself.&#xD;
sandbox: CleanUpAfterTestRun complete.</StdOut>
      </Output>
    </UnitTestResult>
    <UnitTestResult executionId="13d196e1-e425-4698-82cb-8f1c64cdace8" testId="a7114cc2-e08c-eb82-f48e-ef010e743954" testName="GivenFootballReportsOpened_WhenOpeningReport_ReportPreviewIsShown(&quot;Player/Team Statistics&quot;)" computerName="EC2AMAZ-JEOO151" duration="00:00:06.3000000" startTime="2019-07-11T21:44:53.0000000+00:00" endTime="2019-07-11T21:45:00.0000000+00:00" testType="13cdc9d9-ddb5-4fa4-a97d-d965ccfc6d4b" outcome="Passed" testListId="8c84fa94-04c1-424b-9868-57a2d4851a1d" relativeResultsDirectory="13d196e1-e425-4698-82cb-8f1c64cdace8">
      <Output>
        <StdOut>sandbox: PrepareForTestRun started.&#xD;
sandbox: football liveStatsApp != null: True &#xD;
sandbox: football liveStatsApp.IsProcessRunning: True &#xD;
sandbox: setupLocalData: localDatabaseProvider != null: True&#xD;
sandbox: applicationPages != null: True&#xD;
sandbox: applicationPages.Webdriver != null: True&#xD;
sandbox: finished setuping local data&#xD;
sandbox: PrepareForTestRun complete.&#xD;
sandbox: CleanUpAfterTestRun started.&#xD;
sandbox: application pages != null: True&#xD;
sandbox: web driver!= null: True&#xD;
sandbox: CleanUpAfterTestRun complete.</StdOut>
      </Output>
    </UnitTestResult>
    <UnitTestResult executionId="27cba2aa-b400-4fd2-9241-ccb0db050a87" testId="db7c512d-2b57-d992-cb96-ff568e8c144c" testName="CheckPitchLocationInGoalInsert(&quot;set&quot;,null)" computerName="EC2AMAZ-JEOO151" duration="00:00:16.6670000" startTime="2019-07-11T18:19:26.0000000+00:00" endTime="2019-07-11T18:19:43.0000000+00:00" testType="13cdc9d9-ddb5-4fa4-a97d-d965ccfc6d4b" outcome="Passed" testListId="8c84fa94-04c1-424b-9868-57a2d4851a1d" relativeResultsDirectory="27cba2aa-b400-4fd2-9241-ccb0db050a87">
      <Output>
        <StdOut>sandbox: PrepareForTestRun started.&#xD;
sandbox: football liveStatsApp != null: True &#xD;
sandbox: football liveStatsApp.IsProcessRunning: True &#xD;
sandbox: setupLocalData: localDatabaseProvider != null: True&#xD;
sandbox: applicationPages != null: True&#xD;
sandbox: applicationPages.Webdriver != null: True&#xD;
sandbox: finished setuping local data&#xD;
sandbox: PrepareForTestRun complete.&#xD;
Given Match started with kick off from existing game&#xD;
-&gt; done: SetupGameSteps.GivenMatchStartedWithKickOffButtonFromExistingGame() (3.2s)&#xD;
And "Top right" corner added for Team 1&#xD;
Given action failed. Retrying after a timeout.&#xD;
-&gt; done: CornerSteps.GivenCornerAddedForTeam("Top right", 1) (3.2s)&#xD;
And "Yellow" Card for Team 1 is registered&#xD;
Given action failed. Retrying after a timeout.&#xD;
-&gt; done: CardSteps.GivenCardForTeamIsRegistered(Yellow, 1) (3.5s)&#xD;
And I clicked on latest "Corner" event in action log&#xD;
-&gt; done: ActionLogSteps.GivenIClickOnLatestEventInActionLog(Corner) (0.2s)&#xD;
And I entered new conceded event time of "0030"&#xD;
-&gt; done: EditFormSteps.GivenIEnterNewConcededEventTimeOf("0030") (1.0s)&#xD;
And I clicked Save button in action edit form&#xD;
-&gt; done: EditFormSteps.ClickSaveButtonInActionEditForm() (0.6s)&#xD;
And I remembered current players on pitch shirt numbers&#xD;
-&gt; done: GoalEditSteps.GivenIRememberCurrentPlayersOnPitch() (1.1s)&#xD;
When I click Expand Action log button&#xD;
-&gt; done: ActionLogSteps.WhenIClickExpandActionLogButton() (0.1s)&#xD;
And I click last action in expanded action log&#xD;
-&gt; done: ExpandedActionLogSteps.WhenIClickLastActionInExpandedActionLog() (0.1s)&#xD;
And I click insert after button in expanded action log&#xD;
-&gt; done: ExpandedActionLogSteps.WhenIClickInsertAfterButtonInExpandedActionLog() (0.1s)&#xD;
And I click insert Goal button in insert after dropdown&#xD;
-&gt; done: ExpandedActionLogSteps.WhenIClickInsertGoalButtonInInsertAfterDropdown() (0.1s)&#xD;
And I click "set" pitch location button in insert window&#xD;
-&gt; done: MiniPitchEditPageElementSteps.WhenIClickSetButtonForFreeKickLocation() (0.1s)&#xD;
And I click on expanded pitch view x 10 y 50&#xD;
-&gt; done: ExpandedPitchPositionDialogSteps.GivenIClickOnExpandedPitchViewXY(10, 50) (0.1s)&#xD;
And I click "Proceed" button on expanded pitch view&#xD;
-&gt; done: ExpandedPitchPositionDialogSteps.GivenIClickButtonOnExpandedPitchView("Proceed") (0.1s)&#xD;
And I click "adjust" pitch location button in insert window&#xD;
Failed to find data-qa element with tag 'setPitchLocationButton'. No such element exception.&#xD;
-&gt; done: MiniPitchEditPageElementSteps.WhenIClickButtonForFreeKickLocation() (2.2s)&#xD;
Then current pitch marker is at x 10 and y 50&#xD;
-&gt; done: MiniPitchEditPageElementSteps.ThenCurrentPitchMarkerIsAtXAndY(10, 50) (0.1s)&#xD;
sandbox: CleanUpAfterTestRun started.&#xD;
sandbox: application pages != null: True&#xD;
sandbox: web driver!= null: True&#xD;
sandbox: CleanUpAfterTestRun complete.</StdOut>
      </Output>
    </UnitTestResult>
    <UnitTestResult executionId="9f3f1779-8537-4ec7-8fec-ff13fdfbefb8" testId="d157b734-d76e-3fdf-df94-971d8fc58186" testName="GivenSetupFinished_WhenKickingOffGame_ThenGameIsStarted(1,ToLeft)" computerName="EC2AMAZ-JEOO151" duration="00:00:13.2500000" startTime="2019-07-11T21:36:09.0000000+00:00" endTime="2019-07-11T21:36:22.0000000+00:00" testType="13cdc9d9-ddb5-4fa4-a97d-d965ccfc6d4b" outcome="Passed" testListId="8c84fa94-04c1-424b-9868-57a2d4851a1d" relativeResultsDirectory="9f3f1779-8537-4ec7-8fec-ff13fdfbefb8">
      <Output>
        <StdOut>sandbox: PrepareForTestRun started.&#xD;
sandbox: football liveStatsApp != null: True &#xD;
sandbox: football liveStatsApp.IsProcessRunning: True &#xD;
sandbox: setupLocalData: localDatabaseProvider != null: True&#xD;
sandbox: applicationPages != null: True&#xD;
sandbox: applicationPages.Webdriver != null: True&#xD;
sandbox: finished setuping local data&#xD;
sandbox: PrepareForTestRun complete.&#xD;
sandbox: CleanUpAfterTestRun started.&#xD;
sandbox: application pages != null: True&#xD;
sandbox: web driver!= null: True&#xD;
sandbox: CleanUpAfterTestRun complete.</StdOut>
      </Output>
    </UnitTestResult>
    <UnitTestResult executionId="63e04c5c-babf-426c-a793-059aaaa96e30" testId="d3b733d4-8c49-d753-f3d7-bec0657792e5" testName="GivenGameWithFreeKickInFirstHalf_WhenEditingFreeKickWhileInSecondHalf_ThenCanSaveData" computerName="EC2AMAZ-JEOO151" duration="00:00:13.5460000" startTime="2019-07-11T20:30:01.0000000+00:00" endTime="2019-07-11T20:30:15.0000000+00:00" testType="13cdc9d9-ddb5-4fa4-a97d-d965ccfc6d4b" outcome="Passed" testListId="8c84fa94-04c1-424b-9868-57a2d4851a1d" relativeResultsDirectory="63e04c5c-babf-426c-a793-059aaaa96e30">
      <Output>
        <StdOut>sandbox: PrepareForTestRun started.&#xD;
sandbox: football liveStatsApp != null: True &#xD;
sandbox: football liveStatsApp.IsProcessRunning: True &#xD;
sandbox: setupLocalData: localDatabaseProvider != null: True&#xD;
sandbox: applicationPages != null: True&#xD;
sandbox: applicationPages.Webdriver != null: True&#xD;
sandbox: finished setuping local data&#xD;
sandbox: PrepareForTestRun complete.&#xD;
Failed to find element with query '[data-qa='freeKickEditScreen']'. Web driver timeout exception.&#xD;
sandbox: CleanUpAfterTestRun started.&#xD;
sandbox: application pages != null: True&#xD;
sandbox: web driver!= null: True&#xD;
sandbox: CleanUpAfterTestRun complete.</StdOut>
      </Output>
    </UnitTestResult>
    <UnitTestResult executionId="bd2ee7a7-64b2-4a0c-950d-33aa6fad7870" testId="f220e0ea-eb3b-f156-e087-7f7f38577f18" testName="StartGoalFromFreeKickWorkflow(&quot;foul on&quot;,&quot;1&quot;,&quot;0&quot;,&quot;1&quot;,null)" computerName="EC2AMAZ-JEOO151" duration="00:00:06.9470000" startTime="2019-07-11T18:59:57.0000000+00:00" endTime="2019-07-11T19:00:04.0000000+00:00" testType="13cdc9d9-ddb5-4fa4-a97d-d965ccfc6d4b" outcome="Passed" testListId="8c84fa94-04c1-424b-9868-57a2d4851a1d" relativeResultsDirectory="bd2ee7a7-64b2-4a0c-950d-33aa6fad7870">
      <Output>
        <StdOut>sandbox: PrepareForTestRun started.&#xD;
sandbox: football liveStatsApp != null: True &#xD;
sandbox: football liveStatsApp.IsProcessRunning: True &#xD;
sandbox: setupLocalData: localDatabaseProvider != null: True&#xD;
sandbox: applicationPages != null: True&#xD;
sandbox: applicationPages.Webdriver != null: True&#xD;
sandbox: finished setuping local data&#xD;
sandbox: PrepareForTestRun complete.&#xD;
Given Match started with kick off from existing game&#xD;
-&gt; done: SetupGameSteps.GivenMatchStartedWithKickOffButtonFromExistingGame() (3.3s)&#xD;
Given Free kick for team "1" workflow entered till foul on selection&#xD;
-&gt; done: FreeKickSteps.GivenFreeKickForTeamAndWorkflowEnteredTillFoulOnSelection(1) (1.2s)&#xD;
When I click goal for team 1 button&#xD;
Given action failed. Retrying after a timeout.&#xD;
-&gt; done: TeamActionButtonSteps.GivenIClickGoalForTeamButton(1) (0.5s)&#xD;
Then Latest freekick event is in progress&#xD;
-&gt; done: ActionLogSteps.ThenFreekickEventIsNotCompleted() (0.0s)&#xD;
And Latest free kick event is not active&#xD;
-&gt; done: ActionLogSteps.ThenFreeKickEventIsNotActive() (0.0s)&#xD;
And "Goal" confirmation dialog is visible&#xD;
-&gt; done: GoalSteps.ThenConfirmationDialogIsVisible() (0.0s)&#xD;
And team 1 players are disabled&#xD;
-&gt; done: PitchPlayersComponentSteps.ThenTeamPlayersAreDisabled(1) (0.1s)&#xD;
And team 2 players are disabled&#xD;
-&gt; done: PitchPlayersComponentSteps.ThenTeamPlayersAreDisabled(2) (0.1s)&#xD;
sandbox: CleanUpAfterTestRun started.&#xD;
sandbox: application pages != null: True&#xD;
sandbox: web driver!= null: True&#xD;
sandbox: CleanUpAfterTestRun complete.</StdOut>
      </Output>
    </UnitTestResult>
    <UnitTestResult executionId="6a95b87c-ab66-44be-9eca-4e24c8444cce" testId="b626aece-e98c-cb02-ff56-6156ba71b48d" testName="GivenGameInProgress_WhenConfirmingGoalInPenaltyRegistration_ThenPenaltyGoalIsConfirmed(1,2,5,16,90)" computerName="EC2AMAZ-JEOO151" duration="00:00:18.2600000" startTime="2019-07-11T21:06:53.0000000+00:00" endTime="2019-07-11T21:07:11.0000000+00:00" testType="13cdc9d9-ddb5-4fa4-a97d-d965ccfc6d4b" outcome="Passed" testListId="8c84fa94-04c1-424b-9868-57a2d4851a1d" relativeResultsDirectory="6a95b87c-ab66-44be-9eca-4e24c8444cce">
      <Output>
        <StdOut>sandbox: PrepareForTestRun started.&#xD;
sandbox: football liveStatsApp != null: True &#xD;
sandbox: football liveStatsApp.IsProcessRunning: True &#xD;
sandbox: setupLocalData: localDatabaseProvider != null: True&#xD;
sandbox: applicationPages != null: True&#xD;
sandbox: applicationPages.Webdriver != null: True&#xD;
sandbox: finished setuping local data&#xD;
sandbox: PrepareForTestRun complete.&#xD;
Failed to find element with query '[data-qa='activePitchOverlay']'. Web driver timeout exception.&#xD;
Given action failed. Retrying after a timeout.&#xD;
Failed to find element with query '[data-qa='activePitchOverlay']'. Web driver timeout exception.&#xD;
sandbox: CleanUpAfterTestRun started.&#xD;
sandbox: application pages != null: True&#xD;
sandbox: web driver!= null: True&#xD;
sandbox: CleanUpAfterTestRun complete.</StdOut>
      </Output>
    </UnitTestResult>
    <UnitTestResult executionId="b6d2b945-b66c-4149-a04f-4530c19e8049" testId="e5aa0857-996f-4e36-179f-e8b52c1b5e10" testName="GivenGameWithPossession_WhenDisablingPossession_ThenNoTeamHasPossession" computerName="EC2AMAZ-JEOO151" duration="00:00:13.3490000" startTime="2019-07-11T21:18:36.0000000+00:00" endTime="2019-07-11T21:18:50.0000000+00:00" testType="13cdc9d9-ddb5-4fa4-a97d-d965ccfc6d4b" outcome="Passed" testListId="8c84fa94-04c1-424b-9868-57a2d4851a1d" relativeResultsDirectory="b6d2b945-b66c-4149-a04f-4530c19e8049">
      <Output>
        <StdOut>sandbox: PrepareForTestRun started.&#xD;
sandbox: football liveStatsApp != null: True &#xD;
sandbox: football liveStatsApp.IsProcessRunning: True &#xD;
sandbox: setupLocalData: localDatabaseProvider != null: True&#xD;
sandbox: applicationPages != null: True&#xD;
sandbox: applicationPages.Webdriver != null: True&#xD;
sandbox: finished setuping local data&#xD;
sandbox: PrepareForTestRun complete.&#xD;
Given action failed. Retrying after a timeout.&#xD;
Failed to find data-qa element with tag 'dangerZoneText'. No such element exception.&#xD;
Failed to find data-qa element with tag 'dangerZoneText'. No such element exception.&#xD;
Failed to find data-qa element with tag 'dangerZoneText'. No such element exception.&#xD;
Failed to find data-qa element with tag 'dangerZoneText'. No such element exception.&#xD;
sandbox: CleanUpAfterTestRun started.&#xD;
sandbox: application pages != null: True&#xD;
sandbox: web driver!= null: True&#xD;
sandbox: CleanUpAfterTestRun complete.</StdOut>
      </Output>
    </UnitTestResult>
    <UnitTestResult executionId="3e1c5e14-4f39-49d1-817a-6db193f74d72" testId="4d364ccf-eec8-9cc8-2d95-71dfa3b4e048" testName="GivenGameWithActions_WhenInsertBeforeOrAfterShot_ThenInsertedInExpandedLog(After,1,35,1,0)" computerName="EC2AMAZ-JEOO151" duration="00:00:18.8520000" startTime="2019-07-11T20:52:00.0000000+00:00" endTime="2019-07-11T20:52:19.0000000+00:00" testType="13cdc9d9-ddb5-4fa4-a97d-d965ccfc6d4b" outcome="Passed" testListId="8c84fa94-04c1-424b-9868-57a2d4851a1d" relativeResultsDirectory="3e1c5e14-4f39-49d1-817a-6db193f74d72">
      <Output>
        <StdOut>sandbox: PrepareForTestRun started.&#xD;
sandbox: football liveStatsApp != null: True &#xD;
sandbox: football liveStatsApp.IsProcessRunning: True &#xD;
sandbox: setupLocalData: localDatabaseProvider != null: True&#xD;
sandbox: applicationPages != null: True&#xD;
sandbox: applicationPages.Webdriver != null: True&#xD;
sandbox: finished setuping local data&#xD;
sandbox: PrepareForTestRun complete.&#xD;
Given action failed. Retrying after a timeout.&#xD;
Given action failed. Retrying after a timeout.&#xD;
sandbox: CleanUpAfterTestRun started.&#xD;
sandbox: application pages != null: True&#xD;
sandbox: web driver!= null: True&#xD;
sandbox: CleanUpAfterTestRun complete.</StdOut>
      </Output>
    </UnitTestResult>
    <UnitTestResult executionId="07289e1e-a6a0-476e-ad86-7b83b42b95c8" testId="bd42a8a7-76b8-0146-51c7-301b8b8c93a9" testName="CanOpenExpandedActionLogDuringFreeKickWorkflow" computerName="EC2AMAZ-JEOO151" duration="00:00:05.0020000" startTime="2019-07-11T18:49:54.0000000+00:00" endTime="2019-07-11T18:49:59.0000000+00:00" testType="13cdc9d9-ddb5-4fa4-a97d-d965ccfc6d4b" outcome="Passed" testListId="8c84fa94-04c1-424b-9868-57a2d4851a1d" relativeResultsDirectory="07289e1e-a6a0-476e-ad86-7b83b42b95c8">
      <Output>
        <StdOut>sandbox: PrepareForTestRun started.&#xD;
sandbox: football liveStatsApp != null: True &#xD;
sandbox: football liveStatsApp.IsProcessRunning: True &#xD;
sandbox: setupLocalData: localDatabaseProvider != null: True&#xD;
sandbox: applicationPages != null: True&#xD;
sandbox: applicationPages.Webdriver != null: True&#xD;
sandbox: finished setuping local data&#xD;
sandbox: PrepareForTestRun complete.&#xD;
Given Match started with kick off from existing game&#xD;
-&gt; done: SetupGameSteps.GivenMatchStartedWithKickOffButtonFromExistingGame() (3.2s)&#xD;
Given "FreeKick" record workflow is started for team "1"&#xD;
Given action failed. Retrying after a timeout.&#xD;
-&gt; done: TeamActionButtonSteps.GivenStartedRecordWorkflow(FreeKick, 1) (0.8s)&#xD;
When I open Expanded Action log&#xD;
-&gt; done: ActionLogSteps.WhenIClickExpandActionLogButton() (0.1s)&#xD;
Then expanded action log is shown&#xD;
-&gt; done: ExpandedActionLogSteps.ThenExpandedActionLogIsShown() (0.0s)&#xD;
sandbox: CleanUpAfterTestRun started.&#xD;
sandbox: application pages != null: True&#xD;
sandbox: web driver!= null: True&#xD;
sandbox: CleanUpAfterTestRun complete.</StdOut>
      </Output>
    </UnitTestResult>
    <UnitTestResult executionId="f5279b7b-3293-45bb-865f-d99222b65ecf" testId="fe114671-4c38-65fd-a120-18f4888df8c8" testName="GivenGameInProgress_WhenEndingHalf_ThenGameStopped" computerName="EC2AMAZ-JEOO151" duration="00:00:08.5830000" startTime="2019-07-11T21:33:27.0000000+00:00" endTime="2019-07-11T21:33:35.0000000+00:00" testType="13cdc9d9-ddb5-4fa4-a97d-d965ccfc6d4b" outcome="Passed" testListId="8c84fa94-04c1-424b-9868-57a2d4851a1d" relativeResultsDirectory="f5279b7b-3293-45bb-865f-d99222b65ecf">
      <Output>
        <StdOut>sandbox: PrepareForTestRun started.&#xD;
sandbox: football liveStatsApp != null: True &#xD;
sandbox: football liveStatsApp.IsProcessRunning: True &#xD;
sandbox: setupLocalData: localDatabaseProvider != null: True&#xD;
sandbox: applicationPages != null: True&#xD;
sandbox: applicationPages.Webdriver != null: True&#xD;
sandbox: finished setuping local data&#xD;
sandbox: PrepareForTestRun complete.&#xD;
sandbox: CleanUpAfterTestRun started.&#xD;
sandbox: application pages != null: True&#xD;
sandbox: web driver!= null: True&#xD;
sandbox: CleanUpAfterTestRun complete.</StdOut>
      </Output>
    </UnitTestResult>
    <UnitTestResult executionId="5deda467-97c2-4468-a7a2-5e8b317c1f3f" testId="f35f823c-5b8b-7f34-edf6-9eaf8000c529" testName="FootballEnableVARInGoalEdit" computerName="EC2AMAZ-JEOO151" duration="00:00:10.2660000" startTime="2019-07-11T18:00:10.0000000+00:00" endTime="2019-07-11T18:00:20.0000000+00:00" testType="13cdc9d9-ddb5-4fa4-a97d-d965ccfc6d4b" outcome="Passed" testListId="8c84fa94-04c1-424b-9868-57a2d4851a1d" relativeResultsDirectory="5deda467-97c2-4468-a7a2-5e8b317c1f3f">
      <Output>
        <StdOut>sandbox: PrepareForTestRun started.&#xD;
sandbox: football liveStatsApp != null: True &#xD;
sandbox: football liveStatsApp.IsProcessRunning: True &#xD;
sandbox: setupLocalData: localDatabaseProvider != null: True&#xD;
sandbox: applicationPages != null: True&#xD;
sandbox: applicationPages.Webdriver != null: True&#xD;
sandbox: finished setuping local data&#xD;
sandbox: PrepareForTestRun complete.&#xD;
Given Match started with kick off from existing game&#xD;
-&gt; done: SetupGameSteps.GivenMatchStartedWithKickOffButtonFromExistingGame() (3.3s)&#xD;
And I remembered current players on pitch shirt numbers&#xD;
-&gt; done: GoalEditSteps.GivenIRememberCurrentPlayersOnPitch() (1.6s)&#xD;
And I add a goal for team 1 player 4 assisted by player 13&#xD;
Given action failed. Retrying after a timeout.&#xD;
-&gt; done: GoalSteps.GivenIAddAGoalForTeamPlayerAssistedByPlayer(1, 4, 13) (3.9s)&#xD;
And I click goal event in action log&#xD;
-&gt; done: ActionLogSteps.GivenIClickGoalEventInActionLog() (0.3s)&#xD;
When I click "VAR" toggle&#xD;
-&gt; done: EditFormSteps.GivenIClickToggleToEnable() (0.1s)&#xD;
Then "Stands" outcome button is enabled&#xD;
-&gt; done: EditFormSteps.GivenStandsOutcomeButtonIsEnabled() (0.0s)&#xD;
And "Overturned" outcome button is enabled&#xD;
-&gt; done: EditFormSteps.GivenOverturnedOutcomeButtonIsEnabled() (0.0s)&#xD;
And "Foul" VAR reason button is enabled&#xD;
-&gt; done: EditFormSteps.GivenVarFoulReasonIsEnabled() (0.0s)&#xD;
And "Offence" VAR reason button is enabled&#xD;
-&gt; done: EditFormSteps.GivenVarOffenceReasonIsEnabled() (0.0s)&#xD;
And "Offside" VAR reason button is enabled&#xD;
-&gt; done: EditFormSteps.GivenVarOffsideReasonIsEnabled() (0.0s)&#xD;
And VAR reason is not selected&#xD;
-&gt; done: EditFormSteps.GivenVarReasonIsNotSelected() (0.1s)&#xD;
sandbox: CleanUpAfterTestRun started.&#xD;
sandbox: application pages != null: True&#xD;
sandbox: web driver!= null: True&#xD;
sandbox: CleanUpAfterTestRun complete.</StdOut>
      </Output>
    </UnitTestResult>
    <UnitTestResult executionId="13cac234-1c79-4ed3-b01c-6cb6ea931f33" testId="539b444f-8edb-d5cf-222c-56bd71d50b8c" testName="GivenCardRecorded_WhenEditingWithFlag_ThenActionFlagged" computerName="EC2AMAZ-JEOO151" duration="00:00:13.0240000" startTime="2019-07-11T21:24:09.0000000+00:00" endTime="2019-07-11T21:24:22.0000000+00:00" testType="13cdc9d9-ddb5-4fa4-a97d-d965ccfc6d4b" outcome="Passed" testListId="8c84fa94-04c1-424b-9868-57a2d4851a1d" relativeResultsDirectory="13cac234-1c79-4ed3-b01c-6cb6ea931f33">
      <Output>
        <StdOut>sandbox: PrepareForTestRun started.&#xD;
sandbox: football liveStatsApp != null: True &#xD;
sandbox: football liveStatsApp.IsProcessRunning: True &#xD;
sandbox: setupLocalData: localDatabaseProvider != null: True&#xD;
sandbox: applicationPages != null: True&#xD;
sandbox: applicationPages.Webdriver != null: True&#xD;
sandbox: finished setuping local data&#xD;
sandbox: PrepareForTestRun complete.&#xD;
Given action failed. Retrying after a timeout.&#xD;
sandbox: CleanUpAfterTestRun started.&#xD;
sandbox: application pages != null: True&#xD;
sandbox: web driver!= null: True&#xD;
sandbox: CleanUpAfterTestRun complete.</StdOut>
      </Output>
    </UnitTestResult>
    <UnitTestResult executionId="59087420-08e3-4517-bbd4-cf916bd20062" testId="0a789065-2390-d57d-c9d6-72b12c33d4b7" testName="GivenExpandedLog_WhenInsertingCardAfterForCoach_ThenScoreboardIsPresentedCorrectly(Red,Red,0,1)" computerName="EC2AMAZ-JEOO151" duration="00:00:19.6100000" startTime="2019-07-11T20:47:19.0000000+00:00" endTime="2019-07-11T20:47:39.0000000+00:00" testType="13cdc9d9-ddb5-4fa4-a97d-d965ccfc6d4b" outcome="Passed" testListId="8c84fa94-04c1-424b-9868-57a2d4851a1d" relativeResultsDirectory="59087420-08e3-4517-bbd4-cf916bd20062">
      <Output>
        <StdOut>sandbox: PrepareForTestRun started.&#xD;
sandbox: football liveStatsApp != null: True &#xD;
sandbox: football liveStatsApp.IsProcessRunning: True &#xD;
sandbox: setupLocalData: localDatabaseProvider != null: True&#xD;
sandbox: applicationPages != null: True&#xD;
sandbox: applicationPages.Webdriver != null: True&#xD;
sandbox: finished setuping local data&#xD;
sandbox: PrepareForTestRun complete.&#xD;
Given action failed. Retrying after a timeout.&#xD;
Given action failed. Retrying after a timeout.&#xD;
sandbox: CleanUpAfterTestRun started.&#xD;
sandbox: application pages != null: True&#xD;
sandbox: web driver!= null: True&#xD;
sandbox: CleanUpAfterTestRun complete.</StdOut>
      </Output>
    </UnitTestResult>
    <UnitTestResult executionId="1ba8dbc2-238a-482a-82a3-0834ad3dd971" testId="1eb3878d-cf9e-c9e8-6372-693392d06d91" testName="PenaltiesCanBeFiltered" computerName="EC2AMAZ-JEOO151" duration="00:00:10.4650000" startTime="2019-07-11T19:32:12.0000000+00:00" endTime="2019-07-11T19:32:23.0000000+00:00" testType="13cdc9d9-ddb5-4fa4-a97d-d965ccfc6d4b" outcome="Passed" testListId="8c84fa94-04c1-424b-9868-57a2d4851a1d" relativeResultsDirectory="1ba8dbc2-238a-482a-82a3-0834ad3dd971">
      <Output>
        <StdOut>sandbox: PrepareForTestRun started.&#xD;
sandbox: football liveStatsApp != null: True &#xD;
sandbox: football liveStatsApp.IsProcessRunning: True &#xD;
sandbox: setupLocalData: localDatabaseProvider != null: True&#xD;
sandbox: applicationPages != null: True&#xD;
sandbox: applicationPages.Webdriver != null: True&#xD;
sandbox: finished setuping local data&#xD;
sandbox: PrepareForTestRun complete.&#xD;
Given Match started with kick off from existing game&#xD;
-&gt; done: SetupGameSteps.GivenMatchStartedWithKickOffButtonFromExistingGame() (3.2s)&#xD;
Given Penalty for Team 1 is registered&#xD;
Given action failed. Retrying after a timeout.&#xD;
-&gt; done: PenaltySteps.GivenPenaltyForTeamIsRegistered(1) (4.6s)&#xD;
And Throw in added for Team 1&#xD;
Given action failed. Retrying after a timeout.&#xD;
-&gt; done: ThrowInEditSteps.GivenThrowInAddedForTeam(1) (0.8s)&#xD;
And Injury for Team 1 player with shirt id 4 is registered&#xD;
-&gt; done: PlayerInjuryEditSteps.GivenInjuryForTeamIsRegistered(1, 4) (0.5s)&#xD;
When I open Expanded Action log&#xD;
-&gt; done: ActionLogSteps.WhenIClickExpandActionLogButton() (0.2s)&#xD;
And I select penalties filter&#xD;
-&gt; done: FilterSteps.WhenISelectPenaltiesFilter() (0.1s)&#xD;
Then Expanded action log contains "3" items&#xD;
-&gt; done: ExpandedActionLogSteps.ThenExpandedActionLogContainsItemsCount(3) (0.0s)&#xD;
And Actions are displayed in expanded action log in order:&#xD;
  --- table step argument ---&#xD;
  | expectedType |&#xD;
  | Save by GK   |&#xD;
  | Penalty      |&#xD;
  | Foul         |&#xD;
-&gt; done: ExpandedActionLogSteps.ThenActionsAreDisplayedInActionLogAtPositions(System.Collection...) (0.1s)&#xD;
sandbox: CleanUpAfterTestRun started.&#xD;
sandbox: application pages != null: True&#xD;
sandbox: web driver!= null: True&#xD;
sandbox: CleanUpAfterTestRun complete.</StdOut>
      </Output>
    </UnitTestResult>
    <UnitTestResult executionId="036ed74e-b2cb-4a32-bb3e-67b6c7596c0c" testId="95a62091-f9f8-8b15-46ec-443a071bcd17" testName="PenaltyGoal(&quot;2&quot;,&quot;1&quot;,&quot;10&quot;,&quot;50&quot;,&quot;8&quot;,&quot;11&quot;,null)" computerName="EC2AMAZ-JEOO151" duration="00:00:14.2820000" startTime="2019-07-11T19:06:12.0000000+00:00" endTime="2019-07-11T19:06:27.0000000+00:00" testType="13cdc9d9-ddb5-4fa4-a97d-d965ccfc6d4b" outcome="Passed" testListId="8c84fa94-04c1-424b-9868-57a2d4851a1d" relativeResultsDirectory="036ed74e-b2cb-4a32-bb3e-67b6c7596c0c">
      <Output>
        <StdOut>sandbox: PrepareForTestRun started.&#xD;
sandbox: football liveStatsApp != null: True &#xD;
sandbox: football liveStatsApp.IsProcessRunning: True &#xD;
sandbox: setupLocalData: localDatabaseProvider != null: True&#xD;
sandbox: applicationPages != null: True&#xD;
sandbox: applicationPages.Webdriver != null: True&#xD;
sandbox: finished setuping local data&#xD;
sandbox: PrepareForTestRun complete.&#xD;
Given Match started with kick off from existing game&#xD;
-&gt; done: SetupGameSteps.GivenMatchStartedWithKickOffButtonFromExistingGame() (3.3s)&#xD;
When I click "Possible Penalty" button for team 2&#xD;
Given action failed. Retrying after a timeout.&#xD;
-&gt; done: TeamActionButtonSteps.GivenIClickPossiblePenaltyButtonForTeam(2) (0.9s)&#xD;
And I confirm penalty by clicking "Confirm" button&#xD;
-&gt; done: PenaltySteps.WhenIConfirmPenaltyByClickingButton() (2.2s)&#xD;
And I click on pitch x 10 and y 50&#xD;
Failed to find element with query '[data-qa='activePitchOverlay']'. Web driver timeout exception.&#xD;
Given action failed. Retrying after a timeout.&#xD;
Failed to find element with query '[data-qa='activePitchOverlay']'. Web driver timeout exception.&#xD;
-&gt; done: PitchScreenSteps.WhenIClickOnPitch(10, 50) (4.5s)&#xD;
And I click "Foul" reason button&#xD;
-&gt; done: CardSteps.WhenIClickReasonButton("Foul") (0.2s)&#xD;
And I click on team 1 player on pitch with shirt number 8&#xD;
-&gt; done: PitchPlayersComponentSteps.WhenIClickOnTeamPlayerOnPitchWithShirtNumber(1, 8) (0.3s)&#xD;
And I click on team 2 player on pitch with shirt number 11&#xD;
-&gt; done: PitchPlayersComponentSteps.WhenIClickOnTeamPlayerOnPitchWithShirtNumber(2, 11) (0.4s)&#xD;
And I click "Penalty Goal" Button&#xD;
-&gt; done: PenaltySteps.WhenIClickPenaltyGoalButton() (0.2s)&#xD;
Then "Penalty Goal" confirmation dialog is visible&#xD;
-&gt; done: GoalSteps.ThenConfirmationDialogIsVisible() (0.2s)&#xD;
And Player on pitch 9 of team 2 is shown on dialog&#xD;
-&gt; done: GoalSteps.ThenPlayerOnPitchOfTeamIsShownOnDialog(9, 2) (0.1s)&#xD;
And Score is 1 for team 2&#xD;
-&gt; done: ScoreBoardSteps.ThenScoreIsForTeam(1, 2) (0.1s)&#xD;
And Score is 0 for team 1&#xD;
-&gt; done: ScoreBoardSteps.ThenScoreIsForTeam(0, 1) (0.1s)&#xD;
And "Back" button is shown&#xD;
-&gt; done: WorkflowSteps.ThenBackButtonIsVisible() (0.0s)&#xD;
And "Cancel &amp; Delete" button is shown&#xD;
-&gt; done: WorkflowSteps.ThenCancelAndDeleteButtonIsShown() (0.0s)&#xD;
And Ball icon is shown on player on pitch with shirt number 11 of team 2&#xD;
-&gt; done: PitchPlayersComponentSteps.ThenBallIconIsShownOnPlayerOnPitchWithShirtNumberOfTeamButton(11, 2) (0.2s)&#xD;
And Player on pitch 9 of team 2 is shown in Penalty of "Penalty" event in action log&#xD;
-&gt; done: ActionLogSteps.ThenPlayerOnPitchOfTeamIsShownInGoalOfEventInActionLog(9, 2, "Penalty", Penalty) (0.2s)&#xD;
And All action buttons except card and goal buttons are disabled for both teams&#xD;
-&gt; done: TeamActionButtonSteps.ThenAllActionButtonsExceptCardAndGoalButtonsAreDisabledForBothTeams() (0.6s)&#xD;
And penalty action button is selected for team "2"&#xD;
-&gt; done: TeamActionButtonSteps.ThenPenaltyActionButtonIsSelected(2) (0.0s)&#xD;
sandbox: CleanUpAfterTestRun started.&#xD;
sandbox: application pages != null: True&#xD;
sandbox: web driver!= null: True&#xD;
sandbox: CleanUpAfterTestRun complete.</StdOut>
      </Output>
    </UnitTestResult>
    <UnitTestResult executionId="5d568836-70d6-4600-97e2-3c6035b0d240" testId="0b7eeb6e-7225-9211-328f-29372955b2dc" testName="GivenGameInProgress_WhenConfirmingCardForSubstitutePlayer_ThenCardIsRegisteredForPlayer(Yellow,2,20,Yellow,&quot;Yellow&quot;)" computerName="EC2AMAZ-JEOO151" duration="00:00:10.8010000" startTime="2019-07-11T20:56:47.0000000+00:00" endTime="2019-07-11T20:56:58.0000000+00:00" testType="13cdc9d9-ddb5-4fa4-a97d-d965ccfc6d4b" outcome="Passed" testListId="8c84fa94-04c1-424b-9868-57a2d4851a1d" relativeResultsDirectory="5d568836-70d6-4600-97e2-3c6035b0d240">
      <Output>
        <StdOut>sandbox: PrepareForTestRun started.&#xD;
sandbox: football liveStatsApp != null: True &#xD;
sandbox: football liveStatsApp.IsProcessRunning: True &#xD;
sandbox: setupLocalData: localDatabaseProvider != null: True&#xD;
sandbox: applicationPages != null: True&#xD;
sandbox: applicationPages.Webdriver != null: True&#xD;
sandbox: finished setuping local data&#xD;
sandbox: PrepareForTestRun complete.&#xD;
sandbox: CleanUpAfterTestRun started.&#xD;
sandbox: application pages != null: True&#xD;
sandbox: web driver!= null: True&#xD;
sandbox: CleanUpAfterTestRun complete.</StdOut>
      </Output>
    </UnitTestResult>
    <UnitTestResult executionId="beea9ef9-40a8-4625-8919-22d84c93c05a" testId="b87348ee-9f7a-741e-afac-ef15bd84e9b4" testName="GivenGameWithGoalKickInFirstHalf_WhenEditingGoalKickWhileInSecondHalf_ThenCanSaveData" computerName="EC2AMAZ-JEOO151" duration="00:00:13.7610000" startTime="2019-07-11T20:31:56.0000000+00:00" endTime="2019-07-11T20:32:09.0000000+00:00" testType="13cdc9d9-ddb5-4fa4-a97d-d965ccfc6d4b" outcome="Failed" testListId="8c84fa94-04c1-424b-9868-57a2d4851a1d" relativeResultsDirectory="beea9ef9-40a8-4625-8919-22d84c93c05a">
      <Output>
        <StdOut>sandbox: PrepareForTestRun started.&#xD;
sandbox: football liveStatsApp != null: True &#xD;
sandbox: football liveStatsApp.IsProcessRunning: True &#xD;
sandbox: setupLocalData: localDatabaseProvider != null: True&#xD;
sandbox: applicationPages != null: True&#xD;
sandbox: applicationPages.Webdriver != null: True&#xD;
sandbox: finished setuping local data&#xD;
sandbox: PrepareForTestRun complete.&#xD;
Given action failed. Retrying after a timeout.&#xD;
Failed to find data-qa element with tag 'setPitchLocationButton'. No such element exception.&#xD;
sandbox: CleanUpAfterTestRun started.&#xD;
sandbox: application pages != null: True&#xD;
sandbox: web driver!= null: True&#xD;
sandbox: CleanUpAfterTestRun complete.</StdOut>
        <ErrorInfo>
          <Message>Element is not enabled</Message>
          <StackTrace>   at GeniusSports.LiveStats.Football.FunctionalTests.Extensions.WebElementExtensions.WaitForElementEnabled(IWebElement element) in C:\GitLab-Runner\builds\wr8MmWYb\0\LiveStats\LiveStats.Football\Source\Test\FunctionalTests\Extensions\WebElementExtensions.cs:line 314&#xD;
   at GeniusSports.LiveStats.Football.FunctionalTests.WebDrivers.WebElement.Click() in C:\GitLab-Runner\builds\wr8MmWYb\0\LiveStats\LiveStats.Football\Source\Test\FunctionalTests\WebDrivers\WebElement.cs:line 81&#xD;
   at GeniusSports.LiveStats.Football.FunctionalTests.WebDrivers.PitchScreen.Edit.ActionEditPage.Save() in C:\GitLab-Runner\builds\wr8MmWYb\0\LiveStats\LiveStats.Football\Source\Test\FunctionalTests\WebDrivers\PitchScreen\Edit\ActionEditPage.cs:line 82&#xD;
   at GeniusSports.LiveStats.Football.FunctionalTests.Tests.PitchScreen.ActionEdits.GoalKickEditTests.GivenGameWithGoalKickInFirstHalf_WhenEditingGoalKickWhileInSecondHalf_ThenCanSaveData() in C:\GitLab-Runner\builds\wr8MmWYb\0\LiveStats\LiveStats.Football\Source\Test\FunctionalTests\Tests\PitchScreen\ActionEdits\GoalKickEditTests.cs:line 121&#xD;
</StackTrace>
        </ErrorInfo>
      </Output>
    </UnitTestResult>
    <UnitTestResult executionId="30768cf7-6977-44a6-98b2-c000139e2893" testId="c02bad8c-5842-b8fd-c02c-d8db9393b013" testName="FreeKickByTeamUpdateAndPlayerUpdated" computerName="EC2AMAZ-JEOO151" duration="00:00:12.6830000" startTime="2019-07-11T17:57:05.0000000+00:00" endTime="2019-07-11T17:57:18.0000000+00:00" testType="13cdc9d9-ddb5-4fa4-a97d-d965ccfc6d4b" outcome="Passed" testListId="8c84fa94-04c1-424b-9868-57a2d4851a1d" relativeResultsDirectory="30768cf7-6977-44a6-98b2-c000139e2893">
      <Output>
        <StdOut>sandbox: PrepareForTestRun started.&#xD;
sandbox: football liveStatsApp != null: True &#xD;
sandbox: football liveStatsApp.IsProcessRunning: True &#xD;
sandbox: setupLocalData: localDatabaseProvider != null: True&#xD;
sandbox: applicationPages != null: True&#xD;
sandbox: applicationPages.Webdriver != null: True&#xD;
sandbox: finished setuping local data&#xD;
sandbox: PrepareForTestRun complete.&#xD;
Given Match started with kick off from existing game&#xD;
-&gt; done: SetupGameSteps.GivenMatchStartedWithKickOffButtonFromExistingGame() (3.4s)&#xD;
And I remembered current players on pitch shirt numbers&#xD;
-&gt; done: GoalEditSteps.GivenIRememberCurrentPlayersOnPitch() (1.5s)&#xD;
Given Freekick for Team 1 is registered&#xD;
Given action failed. Retrying after a timeout.&#xD;
-&gt; done: FreeKickSteps.GivenFreekickForTeamIsRegistered(1) (1.5s)&#xD;
When I click on latest "FreeKick" event in action log&#xD;
-&gt; done: ActionLogSteps.GivenIClickOnLatestEventInActionLog(FreeKick) (0.3s)&#xD;
And I click Team 2 in edit screen&#xD;
-&gt; done: EditFormSteps.GivenIClickTeamInEditScreen(2) (0.1s)&#xD;
And I click fouled on player by shirt number 10 in freekick edit&#xD;
-&gt; done: FreeKickEditSteps.WhenIClickFouledOnPlayerInFreekickEdit(10) (0.4s)&#xD;
Then "left" team players are visible in Fouled on in freekick edit&#xD;
-&gt; done: FreeKickEditSteps.ThenTeamPlayersAreVisibleInFouledOnInFreekickEdit("left") (0.2s)&#xD;
And Fouled on player with shirt number 10 is selected in freekick edit&#xD;
-&gt; done: FreeKickEditSteps.ThenFouledOnPlayerWithShirtNumberIsSelectedInFreekickEdit(10) (0.1s)&#xD;
And "Free Kick Reason" button color is updated to "right" team color in freekick edit&#xD;
-&gt; done: FreeKickEditSteps.ThenButtonColorIsUpdatedToTeamColorInFreekickEdit("right") (0.0s)&#xD;
And "Foul/Offence by" "right" team players are visible in freekick edit&#xD;
-&gt; done: FreeKickEditSteps.ThenFoulOffencyByTeamPlayersAreVisibleInFouledOnInFreekickEdit("right") (0.3s)&#xD;
And "Foul/Offence by" player is not selected in freekick edit&#xD;
-&gt; done: FreeKickEditSteps.ThenPlayerIsNotSelectedInFreekickEdit() (0.1s)&#xD;
And Free Kick location is cleared in freekick edit&#xD;
Failed to find data-qa element with tag 'currentPitchLocation'. No such element exception.&#xD;
-&gt; done: FreeKickEditSteps.ThenFreeKickLocationIsClearedInFreekickEdit() (2.1s)&#xD;
And "Ball landing location" is cleared in freekick edit&#xD;
Failed to find data-qa element with tag 'currentPitchLocation'. No such element exception.&#xD;
-&gt; done: FreeKickEditSteps.ThenIsClearedInFreekickEdit() (2.0s)&#xD;
And Save button is disabled in action edit form&#xD;
-&gt; done: EditFormSteps.SaveButtonIsDisabled() (0.0s)&#xD;
sandbox: CleanUpAfterTestRun started.&#xD;
sandbox: application pages != null: True&#xD;
sandbox: web driver!= null: True&#xD;
sandbox: CleanUpAfterTestRun complete.</StdOut>
      </Output>
    </UnitTestResult>
    <UnitTestResult executionId="b9e0dacf-830a-4240-b3dd-e6f127198f92" testId="5efc04d2-01a2-524e-f80e-c41d3ac05f99" testName="EditPlayerInjuryDuringWorkflowFromActionLog" computerName="EC2AMAZ-JEOO151" duration="00:00:06.2820000" startTime="2019-07-11T17:54:33.0000000+00:00" endTime="2019-07-11T17:54:39.0000000+00:00" testType="13cdc9d9-ddb5-4fa4-a97d-d965ccfc6d4b" outcome="Passed" testListId="8c84fa94-04c1-424b-9868-57a2d4851a1d" relativeResultsDirectory="b9e0dacf-830a-4240-b3dd-e6f127198f92">
      <Output>
        <StdOut>sandbox: PrepareForTestRun started.&#xD;
sandbox: football liveStatsApp != null: True &#xD;
sandbox: football liveStatsApp.IsProcessRunning: True &#xD;
sandbox: setupLocalData: localDatabaseProvider != null: True&#xD;
sandbox: applicationPages != null: True&#xD;
sandbox: applicationPages.Webdriver != null: True&#xD;
sandbox: finished setuping local data&#xD;
sandbox: PrepareForTestRun complete.&#xD;
Given Match started with kick off from existing game&#xD;
-&gt; done: SetupGameSteps.GivenMatchStartedWithKickOffButtonFromExistingGame() (3.3s)&#xD;
Given Injury for Team 1 player with shirt id 4 is registered&#xD;
-&gt; done: PlayerInjuryEditSteps.GivenInjuryForTeamIsRegistered(1, 4) (0.8s)&#xD;
When I click Freekick button for team 1&#xD;
-&gt; done: TeamActionButtonSteps.WhenIClickFreekickButtonForTeam(1) (0.4s)&#xD;
And I click on latest "Injury" event in action log&#xD;
-&gt; done: ActionLogSteps.GivenIClickOnLatestEventInActionLog(Injury) (0.1s)&#xD;
And I update injury with team 1, player 4 in edit window&#xD;
-&gt; done: PlayerInjuryEditSteps.WhenIUpdateInjuryWithTeamPlayer(1, 4) (0.3s)&#xD;
And I click Flag &amp; Save button in action edit form&#xD;
-&gt; done: EditFormSteps.ClickFlagAndSaveInActionEditForm() (0.4s)&#xD;
Then Pitch View is shown&#xD;
-&gt; done: PitchScreenSteps.PitchViewIsShown() (0.0s)&#xD;
And 1 event in action log of type "Injury" is flagged&#xD;
-&gt; done: ActionLogSteps.ThenEventInActionLogOfTypeIsFlagged(1, Injury) (0.0s)&#xD;
And Notification "Select free kick location..." is shown&#xD;
-&gt; done: PitchBottomMessageBarSteps.ThenIsShown("Select free kick ...") (0.1s)&#xD;
sandbox: CleanUpAfterTestRun started.&#xD;
sandbox: application pages != null: True&#xD;
sandbox: web driver!= null: True&#xD;
sandbox: CleanUpAfterTestRun complete.</StdOut>
      </Output>
    </UnitTestResult>
    <UnitTestResult executionId="d74a4437-6471-436e-a364-7f4241653426" testId="d86884b3-6ac7-9dc1-0923-e31499cc050d" testName="CannotEditAllActionInExpandedActionLogThatAreNotFinishedRecording" computerName="EC2AMAZ-JEOO151" duration="00:00:05.4350000" startTime="2019-07-11T18:49:33.0000000+00:00" endTime="2019-07-11T18:49:39.0000000+00:00" testType="13cdc9d9-ddb5-4fa4-a97d-d965ccfc6d4b" outcome="Passed" testListId="8c84fa94-04c1-424b-9868-57a2d4851a1d" relativeResultsDirectory="d74a4437-6471-436e-a364-7f4241653426">
      <Output>
        <StdOut>sandbox: PrepareForTestRun started.&#xD;
sandbox: football liveStatsApp != null: True &#xD;
sandbox: football liveStatsApp.IsProcessRunning: True &#xD;
sandbox: setupLocalData: localDatabaseProvider != null: True&#xD;
sandbox: applicationPages != null: True&#xD;
sandbox: applicationPages.Webdriver != null: True&#xD;
sandbox: finished setuping local data&#xD;
sandbox: PrepareForTestRun complete.&#xD;
Given Match started with kick off from existing game&#xD;
-&gt; done: SetupGameSteps.GivenMatchStartedWithKickOffButtonFromExistingGame() (3.3s)&#xD;
Given "GoalKick" record workflow is started for team "1"&#xD;
-&gt; done: TeamActionButtonSteps.GivenStartedRecordWorkflow(GoalKick, 1) (0.6s)&#xD;
And "Booking" record workflow is started for team "1"&#xD;
Given action failed. Retrying after a timeout.&#xD;
-&gt; done: TeamActionButtonSteps.GivenStartedRecordWorkflow(Booking, 1) (0.5s)&#xD;
And expanded action log is opened&#xD;
-&gt; done: ActionLogSteps.WhenIClickExpandActionLogButton() (0.1s)&#xD;
Then latest "Booking" action is not editable&#xD;
-&gt; done: ExpandedActionLogSteps.ThenLatestActionIsNotEditable(Booking) (0.1s)&#xD;
And latest "GoalKick" action is not editable&#xD;
-&gt; done: ExpandedActionLogSteps.ThenLatestActionIsNotEditable(GoalKick) (0.1s)&#xD;
sandbox: CleanUpAfterTestRun started.&#xD;
sandbox: application pages != null: True&#xD;
sandbox: web driver!= null: True&#xD;
sandbox: CleanUpAfterTestRun complete.</StdOut>
      </Output>
    </UnitTestResult>
    <UnitTestResult executionId="dac6fce5-d987-48ad-a7c3-4311a6d0822b" testId="378c6bd1-8b6d-9adc-a9b7-a99e73721392" testName="GivenSetupFinished_WhenAttackDirectionPicked_ThenKickOffGameDialogPresented(2,ToLeft)" computerName="EC2AMAZ-JEOO151" duration="00:00:09.8000000" startTime="2019-07-11T21:35:07.0000000+00:00" endTime="2019-07-11T21:35:16.0000000+00:00" testType="13cdc9d9-ddb5-4fa4-a97d-d965ccfc6d4b" outcome="Passed" testListId="8c84fa94-04c1-424b-9868-57a2d4851a1d" relativeResultsDirectory="dac6fce5-d987-48ad-a7c3-4311a6d0822b">
      <Output>
        <StdOut>sandbox: PrepareForTestRun started.&#xD;
sandbox: football liveStatsApp != null: True &#xD;
sandbox: football liveStatsApp.IsProcessRunning: True &#xD;
sandbox: setupLocalData: localDatabaseProvider != null: True&#xD;
sandbox: applicationPages != null: True&#xD;
sandbox: applicationPages.Webdriver != null: True&#xD;
sandbox: finished setuping local data&#xD;
sandbox: PrepareForTestRun complete.&#xD;
sandbox: CleanUpAfterTestRun started.&#xD;
sandbox: application pages != null: True&#xD;
sandbox: web driver!= null: True&#xD;
sandbox: CleanUpAfterTestRun complete.</StdOut>
      </Output>
    </UnitTestResult>
    <UnitTestResult executionId="d7e16240-a37e-46d3-871b-d49fa93030d2" testId="32bb3b22-4944-3792-de71-de01824d4de2" testName="NoOnVARBeforeConfirmingCard(&quot;1&quot;,&quot;Yellow&quot;,&quot;13&quot;,null)" computerName="EC2AMAZ-JEOO151" duration="00:00:06.8830000" startTime="2019-07-11T19:52:56.0000000+00:00" endTime="2019-07-11T19:53:03.0000000+00:00" testType="13cdc9d9-ddb5-4fa4-a97d-d965ccfc6d4b" outcome="Passed" testListId="8c84fa94-04c1-424b-9868-57a2d4851a1d" relativeResultsDirectory="d7e16240-a37e-46d3-871b-d49fa93030d2">
      <Output>
        <StdOut>sandbox: PrepareForTestRun started.&#xD;
sandbox: football liveStatsApp != null: True &#xD;
sandbox: football liveStatsApp.IsProcessRunning: True &#xD;
sandbox: setupLocalData: localDatabaseProvider != null: True&#xD;
sandbox: applicationPages != null: True&#xD;
sandbox: applicationPages.Webdriver != null: True&#xD;
sandbox: finished setuping local data&#xD;
sandbox: PrepareForTestRun complete.&#xD;
Given Match started with kick off from existing game&#xD;
-&gt; done: SetupGameSteps.GivenMatchStartedWithKickOffButtonFromExistingGame() (3.4s)&#xD;
When I click on team 1 possible "Yellow"&#xD;
Given action failed. Retrying after a timeout.&#xD;
-&gt; done: TeamActionButtonSteps.StartPossibleCardRegistration(1, Yellow) (0.8s)&#xD;
And I click "Yellow" card button&#xD;
-&gt; done: TeamActionButtonSteps.WhenIClickCardButton("Yellow") (0.1s)&#xD;
And I click "Possible VAR" button in workflow&#xD;
-&gt; done: WorkflowSteps.WhenIClickPossibleVarButtonInWorkflow() (0.1s)&#xD;
And I click var confirmation "no" button&#xD;
-&gt; done: WorkflowSteps.WhenIClickVarConfirmationButton("no") (0.3s)&#xD;
Then VAR label is shown in Booking event action log&#xD;
-&gt; done: ActionLogSteps.ThenOffenceIsShownInPenaltyEventActionLog("VAR", Booking) (0.3s)&#xD;
And Latest "Booking" event is completed&#xD;
-&gt; done: ActionLogSteps.ThenLatestEventIsConfirmed(Booking) (0.1s)&#xD;
And VAR label of "Booking" event in action log is in team 1 color&#xD;
-&gt; done: ActionLogSteps.ThenSubItemOfEventInActionLogIsInTeamColor("VAR", Booking, 1) (0.1s)&#xD;
And VAR label of "Booking" event in action log contains "Card Overturned" message&#xD;
-&gt; done: ActionLogSteps.ThenSubItemOfEventInActionLogIsInTeamColor("VAR", Booking, "Card Overturned") (0.1s)&#xD;
And Action Buttons are enabled&#xD;
-&gt; done: TeamActionButtonSteps.ThenActionButtonsAreEnabled() (0.8s)&#xD;
sandbox: CleanUpAfterTestRun started.&#xD;
sandbox: application pages != null: True&#xD;
sandbox: web driver!= null: True&#xD;
sandbox: CleanUpAfterTestRun complete.</StdOut>
      </Output>
    </UnitTestResult>
    <UnitTestResult executionId="0aa370ae-9543-496d-8c7a-d50fb600ac32" testId="5344ae04-52c1-3357-d0fb-63a07a2114d2" testName="DoNotConfirmOffencePenalty(&quot;2&quot;,&quot;1&quot;,&quot;10&quot;,&quot;50&quot;,&quot;8&quot;,null)" computerName="EC2AMAZ-JEOO151" duration="00:00:07.4480000" startTime="2019-07-11T19:02:50.0000000+00:00" endTime="2019-07-11T19:02:58.0000000+00:00" testType="13cdc9d9-ddb5-4fa4-a97d-d965ccfc6d4b" outcome="Passed" testListId="8c84fa94-04c1-424b-9868-57a2d4851a1d" relativeResultsDirectory="0aa370ae-9543-496d-8c7a-d50fb600ac32">
      <Output>
        <StdOut>sandbox: PrepareForTestRun started.&#xD;
sandbox: football liveStatsApp != null: True &#xD;
sandbox: football liveStatsApp.IsProcessRunning: True &#xD;
sandbox: setupLocalData: localDatabaseProvider != null: True&#xD;
sandbox: applicationPages != null: True&#xD;
sandbox: applicationPages.Webdriver != null: True&#xD;
sandbox: finished setuping local data&#xD;
sandbox: PrepareForTestRun complete.&#xD;
Given Match started with kick off from existing game&#xD;
-&gt; done: SetupGameSteps.GivenMatchStartedWithKickOffButtonFromExistingGame() (3.3s)&#xD;
When I click "Possible Penalty" button for team 2&#xD;
Given action failed. Retrying after a timeout.&#xD;
-&gt; done: TeamActionButtonSteps.GivenIClickPossiblePenaltyButtonForTeam(2) (0.8s)&#xD;
And I do not confirm penalty by clicking "Cancel &amp; Delete" button&#xD;
-&gt; done: PenaltySteps.WhenIDoNotConfirmPenaltyByClickingCancelAndDeleteButton() (0.1s)&#xD;
And I confirm penalty deletion&#xD;
-&gt; done: PenaltySteps.WhenIConfirmPenaltyDeletion() (0.2s)&#xD;
Then team 2 players are disabled&#xD;
-&gt; done: PitchPlayersComponentSteps.ThenTeamPlayersAreDisabled(2) (0.1s)&#xD;
And team 1 players are disabled&#xD;
-&gt; done: PitchPlayersComponentSteps.ThenTeamPlayersAreDisabled(1) (0.1s)&#xD;
And Penalty event is deleted in Action log&#xD;
-&gt; done: ActionLogSteps.ThenPenaltyEventIsDeletedInActionLog() (2.1s)&#xD;
sandbox: CleanUpAfterTestRun started.&#xD;
sandbox: application pages != null: True&#xD;
sandbox: web driver!= null: True&#xD;
sandbox: CleanUpAfterTestRun complete.</StdOut>
      </Output>
    </UnitTestResult>
    <UnitTestResult executionId="4b5ac99c-1a96-4413-a114-c5ae3f0d7dc6" testId="e2e588f0-7f36-04cd-7d69-1ffd957b93cb" testName="EditGoalKickDuringWorkflowFromExpandedActionLog" computerName="EC2AMAZ-JEOO151" duration="00:00:06.3520000" startTime="2019-07-11T17:53:30.0000000+00:00" endTime="2019-07-11T17:53:36.0000000+00:00" testType="13cdc9d9-ddb5-4fa4-a97d-d965ccfc6d4b" outcome="Passed" testListId="8c84fa94-04c1-424b-9868-57a2d4851a1d" relativeResultsDirectory="4b5ac99c-1a96-4413-a114-c5ae3f0d7dc6">
      <Output>
        <StdOut>sandbox: PrepareForTestRun started.&#xD;
sandbox: football liveStatsApp != null: True &#xD;
sandbox: football liveStatsApp.IsProcessRunning: True &#xD;
sandbox: setupLocalData: localDatabaseProvider != null: True&#xD;
sandbox: applicationPages != null: True&#xD;
sandbox: applicationPages.Webdriver != null: True&#xD;
sandbox: finished setuping local data&#xD;
sandbox: PrepareForTestRun complete.&#xD;
Given Match started with kick off from existing game&#xD;
-&gt; done: SetupGameSteps.GivenMatchStartedWithKickOffButtonFromExistingGame() (3.2s)&#xD;
Given GoalKick for Team 1 is registered&#xD;
-&gt; done: GoalKickSteps.GivenGoalKickForTeamIsRegistered(1) (0.9s)&#xD;
When I click Freekick button for team 1&#xD;
-&gt; done: TeamActionButtonSteps.WhenIClickFreekickButtonForTeam(1) (0.4s)&#xD;
And I open Expanded Action log&#xD;
-&gt; done: ActionLogSteps.WhenIClickExpandActionLogButton() (0.1s)&#xD;
And I open last "GoalKick" action edit view from expanded action log&#xD;
-&gt; done: ExpandedActionLogSteps.WhenIOpenLastActionEditViewFromExpandedActionLog(GoalKick) (0.1s)&#xD;
And I click Flag &amp; Save button in action edit form&#xD;
-&gt; done: EditFormSteps.ClickFlagAndSaveInActionEditForm() (0.4s)&#xD;
And I close expanded action log page&#xD;
-&gt; done: ExpandedActionLogSteps.WhenICloseExpandedActionLogPage() (0.2s)&#xD;
Then Pitch View is shown&#xD;
-&gt; done: PitchScreenSteps.PitchViewIsShown() (0.0s)&#xD;
And 1 event in action log of type "GoalKick" is flagged&#xD;
-&gt; done: ActionLogSteps.ThenEventInActionLogOfTypeIsFlagged(1, GoalKick) (0.0s)&#xD;
And Notification "Select free kick location..." is shown&#xD;
-&gt; done: PitchBottomMessageBarSteps.ThenIsShown("Select free kick ...") (0.1s)&#xD;
sandbox: CleanUpAfterTestRun started.&#xD;
sandbox: application pages != null: True&#xD;
sandbox: web driver!= null: True&#xD;
sandbox: CleanUpAfterTestRun complete.</StdOut>
      </Output>
    </UnitTestResult>
    <UnitTestResult executionId="8399d640-ec78-46c7-a7fa-a064632e4c85" testId="3c144ff1-7703-0de9-679c-f1f6bba70c9c" testName="StartGoalFromFreeKickWorkflow(&quot;reason&quot;,&quot;1&quot;,&quot;0&quot;,&quot;1&quot;,null)" computerName="EC2AMAZ-JEOO151" duration="00:00:05.6520000" startTime="2019-07-11T18:59:46.0000000+00:00" endTime="2019-07-11T18:59:51.0000000+00:00" testType="13cdc9d9-ddb5-4fa4-a97d-d965ccfc6d4b" outcome="Passed" testListId="8c84fa94-04c1-424b-9868-57a2d4851a1d" relativeResultsDirectory="8399d640-ec78-46c7-a7fa-a064632e4c85">
      <Output>
        <StdOut>sandbox: PrepareForTestRun started.&#xD;
sandbox: football liveStatsApp != null: True &#xD;
sandbox: football liveStatsApp.IsProcessRunning: True &#xD;
sandbox: setupLocalData: localDatabaseProvider != null: True&#xD;
sandbox: applicationPages != null: True&#xD;
sandbox: applicationPages.Webdriver != null: True&#xD;
sandbox: finished setuping local data&#xD;
sandbox: PrepareForTestRun complete.&#xD;
Given Match started with kick off from existing game&#xD;
-&gt; done: SetupGameSteps.GivenMatchStartedWithKickOffButtonFromExistingGame() (3.3s)&#xD;
Given Free kick for team "1" workflow entered till reason selection&#xD;
-&gt; done: FreeKickSteps.GivenFreeKickForTeamAndWorkflowEnteredTillReasonSelection(1) (0.7s)&#xD;
When I click goal for team 1 button&#xD;
Given action failed. Retrying after a timeout.&#xD;
-&gt; done: TeamActionButtonSteps.GivenIClickGoalForTeamButton(1) (0.5s)&#xD;
Then Latest freekick event is in progress&#xD;
-&gt; done: ActionLogSteps.ThenFreekickEventIsNotCompleted() (0.1s)&#xD;
And Latest free kick event is not active&#xD;
-&gt; done: ActionLogSteps.ThenFreeKickEventIsNotActive() (0.0s)&#xD;
And "Goal" confirmation dialog is visible&#xD;
-&gt; done: GoalSteps.ThenConfirmationDialogIsVisible() (0.0s)&#xD;
And team 1 players are disabled&#xD;
-&gt; done: PitchPlayersComponentSteps.ThenTeamPlayersAreDisabled(1) (0.1s)&#xD;
And team 2 players are disabled&#xD;
-&gt; done: PitchPlayersComponentSteps.ThenTeamPlayersAreDisabled(2) (0.1s)&#xD;
sandbox: CleanUpAfterTestRun started.&#xD;
sandbox: application pages != null: True&#xD;
sandbox: web driver!= null: True&#xD;
sandbox: CleanUpAfterTestRun complete.</StdOut>
      </Output>
    </UnitTestResult>
    <UnitTestResult executionId="8fbe3a04-6e9e-4921-9146-cec45a9361b9" testId="0acfbd51-964d-2fdb-c458-f237dda8597f" testName="SelectVarReason(&quot;Offence&quot;,null)" computerName="EC2AMAZ-JEOO151" duration="00:00:14.2710000" startTime="2019-07-11T18:28:13.0000000+00:00" endTime="2019-07-11T18:28:28.0000000+00:00" testType="13cdc9d9-ddb5-4fa4-a97d-d965ccfc6d4b" outcome="Passed" testListId="8c84fa94-04c1-424b-9868-57a2d4851a1d" relativeResultsDirectory="8fbe3a04-6e9e-4921-9146-cec45a9361b9">
      <Output>
        <StdOut>sandbox: PrepareForTestRun started.&#xD;
sandbox: football liveStatsApp != null: True &#xD;
sandbox: football liveStatsApp.IsProcessRunning: True &#xD;
sandbox: setupLocalData: localDatabaseProvider != null: True&#xD;
sandbox: applicationPages != null: True&#xD;
sandbox: applicationPages.Webdriver != null: True&#xD;
sandbox: finished setuping local data&#xD;
sandbox: PrepareForTestRun complete.&#xD;
Given Match started with kick off from existing game&#xD;
-&gt; done: SetupGameSteps.GivenMatchStartedWithKickOffButtonFromExistingGame() (3.3s)&#xD;
And "Top right" corner added for Team 1&#xD;
-&gt; done: CornerSteps.GivenCornerAddedForTeam("Top right", 1) (3.1s)&#xD;
And "Yellow" Card for Team 1 is registered&#xD;
Given action failed. Retrying after a timeout.&#xD;
-&gt; done: CardSteps.GivenCardForTeamIsRegistered(Yellow, 1) (3.3s)&#xD;
And I clicked on latest "Corner" event in action log&#xD;
-&gt; done: ActionLogSteps.GivenIClickOnLatestEventInActionLog(Corner) (0.2s)&#xD;
And I entered new conceded event time of "0030"&#xD;
-&gt; done: EditFormSteps.GivenIEnterNewConcededEventTimeOf("0030") (1.0s)&#xD;
And I clicked Save button in action edit form&#xD;
-&gt; done: EditFormSteps.ClickSaveButtonInActionEditForm() (0.6s)&#xD;
And I remembered current players on pitch shirt numbers&#xD;
-&gt; done: GoalEditSteps.GivenIRememberCurrentPlayersOnPitch() (1.1s)&#xD;
When I click Expand Action log button&#xD;
-&gt; done: ActionLogSteps.WhenIClickExpandActionLogButton() (0.1s)&#xD;
And I click last action in expanded action log&#xD;
-&gt; done: ExpandedActionLogSteps.WhenIClickLastActionInExpandedActionLog() (0.1s)&#xD;
And I click insert after button in expanded action log&#xD;
-&gt; done: ExpandedActionLogSteps.WhenIClickInsertAfterButtonInExpandedActionLog() (0.1s)&#xD;
And I click insert Goal button in insert after dropdown&#xD;
-&gt; done: ExpandedActionLogSteps.WhenIClickInsertGoalButtonInInsertAfterDropdown() (0.1s)&#xD;
And I click "VAR" toggle&#xD;
-&gt; done: EditFormSteps.GivenIClickToggleToEnable() (0.1s)&#xD;
And I click VAR reason button&#xD;
-&gt; done: EditFormSteps.WhenIClickVarReasonButton() (0.0s)&#xD;
And I select VAR reason Offence&#xD;
-&gt; done: EditFormSteps.WhenISelectVarReason("Offence") (0.1s)&#xD;
Then "Offence" VAR reason is selected&#xD;
-&gt; done: EditFormSteps.GivenVarReasonIsSelected("Offence") (0.0s)&#xD;
Then Save button is disabled in action edit form&#xD;
-&gt; done: EditFormSteps.SaveButtonIsDisabled() (0.0s)&#xD;
sandbox: CleanUpAfterTestRun started.&#xD;
sandbox: application pages != null: True&#xD;
sandbox: web driver!= null: True&#xD;
sandbox: CleanUpAfterTestRun complete.</StdOut>
      </Output>
    </UnitTestResult>
    <UnitTestResult executionId="328dda92-8a29-4b5b-908d-54cdebccebcf" testId="5b767526-35e9-08fb-6f9e-b46ae1d88b7e" testName="FootballSaveGoalVARWithOverturned(&quot;Overturned&quot;,&quot;Offside&quot;,null)" computerName="EC2AMAZ-JEOO151" duration="00:00:12.9840000" startTime="2019-07-11T18:01:30.0000000+00:00" endTime="2019-07-11T18:01:43.0000000+00:00" testType="13cdc9d9-ddb5-4fa4-a97d-d965ccfc6d4b" outcome="Passed" testListId="8c84fa94-04c1-424b-9868-57a2d4851a1d" relativeResultsDirectory="328dda92-8a29-4b5b-908d-54cdebccebcf">
      <Output>
        <StdOut>sandbox: PrepareForTestRun started.&#xD;
sandbox: football liveStatsApp != null: True &#xD;
sandbox: football liveStatsApp.IsProcessRunning: True &#xD;
sandbox: setupLocalData: localDatabaseProvider != null: True&#xD;
sandbox: applicationPages != null: True&#xD;
sandbox: applicationPages.Webdriver != null: True&#xD;
sandbox: finished setuping local data&#xD;
sandbox: PrepareForTestRun complete.&#xD;
Given Match started with kick off from existing game&#xD;
-&gt; done: SetupGameSteps.GivenMatchStartedWithKickOffButtonFromExistingGame() (3.2s)&#xD;
And I remembered current players on pitch shirt numbers&#xD;
-&gt; done: GoalEditSteps.GivenIRememberCurrentPlayersOnPitch() (1.5s)&#xD;
Given I add a goal for team 1 player 4 assisted by player 13&#xD;
Given action failed. Retrying after a timeout.&#xD;
-&gt; done: GoalSteps.GivenIAddAGoalForTeamPlayerAssistedByPlayer(1, 4, 13) (3.8s)&#xD;
And I click goal event in action log&#xD;
-&gt; done: ActionLogSteps.GivenIClickGoalEventInActionLog() (0.3s)&#xD;
When I click "VAR" toggle&#xD;
-&gt; done: EditFormSteps.GivenIClickToggleToEnable() (0.1s)&#xD;
And I click Var "Overturned" button&#xD;
-&gt; done: EditFormSteps.WhenIClickVarOverturnedButton() (0.1s)&#xD;
And I click VAR reason button&#xD;
-&gt; done: EditFormSteps.WhenIClickVarReasonButton() (0.0s)&#xD;
And I select VAR reason Offside&#xD;
-&gt; done: EditFormSteps.WhenISelectVarReason("Offside") (0.1s)&#xD;
And I click Save button in action edit form&#xD;
-&gt; done: EditFormSteps.ClickSaveButtonInActionEditForm() (0.6s)&#xD;
Then VAR label is shown in Goal event action log&#xD;
-&gt; done: ActionLogSteps.ThenOffenceIsShownInPenaltyEventActionLog("VAR", Goal) (0.1s)&#xD;
And VAR label of "Goal" event in action log contains "Offside - Overturned" message&#xD;
-&gt; done: ActionLogSteps.ThenSubItemOfEventInActionLogIsInTeamColor("VAR", Goal, "Offside - Overturned") (0.1s)&#xD;
And Score is 0 for team 1&#xD;
-&gt; done: ScoreBoardSteps.ThenScoreIsForTeam(0, 1) (0.1s)&#xD;
And Score is 0 for team 2&#xD;
-&gt; done: ScoreBoardSteps.ThenScoreIsForTeam(0, 2) (0.1s)&#xD;
And Player on pitch with shirt number 4 of team 1 do not have goal icon&#xD;
Failed to find data-qa element with tag 'playerGoals'. No such element exception.&#xD;
-&gt; done: PitchPlayersComponentSteps.ThenPlayerOnPitchWithShirtNumberOfTeamDoNotHaveGoalIcon(4, 1) (2.1s)&#xD;
sandbox: CleanUpAfterTestRun started.&#xD;
sandbox: application pages != null: True&#xD;
sandbox: web driver!= null: True&#xD;
sandbox: CleanUpAfterTestRun complete.</StdOut>
      </Output>
    </UnitTestResult>
    <UnitTestResult executionId="ecccbbbb-12b8-4ca9-bbe5-d9d6dfe2cf35" testId="f373ceae-17f3-e55f-bb9a-5a99d40ed536" testName="ChangeFouledPlayer" computerName="EC2AMAZ-JEOO151" duration="00:00:12.9990000" startTime="2019-07-11T18:06:08.0000000+00:00" endTime="2019-07-11T18:06:21.0000000+00:00" testType="13cdc9d9-ddb5-4fa4-a97d-d965ccfc6d4b" outcome="Passed" testListId="8c84fa94-04c1-424b-9868-57a2d4851a1d" relativeResultsDirectory="ecccbbbb-12b8-4ca9-bbe5-d9d6dfe2cf35">
      <Output>
        <StdOut>sandbox: PrepareForTestRun started.&#xD;
sandbox: football liveStatsApp != null: True &#xD;
sandbox: football liveStatsApp.IsProcessRunning: True &#xD;
sandbox: setupLocalData: localDatabaseProvider != null: True&#xD;
sandbox: applicationPages != null: True&#xD;
sandbox: applicationPages.Webdriver != null: True&#xD;
sandbox: finished setuping local data&#xD;
sandbox: PrepareForTestRun complete.&#xD;
Given Match started with kick off from existing game&#xD;
-&gt; done: SetupGameSteps.GivenMatchStartedWithKickOffButtonFromExistingGame() (3.3s)&#xD;
Given Made penalty registered for player with shirt number 10 of team 1 fouled by player with shirt number 3&#xD;
Given action failed. Retrying after a timeout.&#xD;
-&gt; done: PenaltySteps.GivenPenaltyRegisteredForTeam(10, 1, 3) (7.1s)&#xD;
And I click top event in action log&#xD;
-&gt; done: ActionLogSteps.GivenIClickPenaltyEventInActionLog() (0.2s)&#xD;
When I click on player with shirt number 5 as fouled in penalty edit&#xD;
-&gt; done: PenaltyEditSteps.WhenIClickOnPlayerWithShirtNumberAsFouled(5) (0.4s)&#xD;
And I click Save button in action edit form&#xD;
-&gt; done: EditFormSteps.ClickSaveButtonInActionEditForm() (0.6s)&#xD;
And I click top event in action log&#xD;
-&gt; done: ActionLogSteps.GivenIClickPenaltyEventInActionLog() (0.1s)&#xD;
Then Fouled player with shirt number 5 is selected in penalty edit&#xD;
-&gt; done: PenaltyEditSteps.ThenFouledPlayerWithShirtNumberIsSelected(5) (0.1s)&#xD;
And Selected fouled player is in Foul label of "Penalty" event&#xD;
-&gt; done: ActionLogSteps.ThenSelectedFouledPlayerIsInPenaltyLabelOfPenaltyEvent("Foul") (0.3s)&#xD;
sandbox: CleanUpAfterTestRun started.&#xD;
sandbox: application pages != null: True&#xD;
sandbox: web driver!= null: True&#xD;
sandbox: CleanUpAfterTestRun complete.</StdOut>
      </Output>
    </UnitTestResult>
    <UnitTestResult executionId="f427aad1-1e18-4728-af38-c187e8c708a2" testId="38b1a421-2bc0-21a3-6930-dff8278e117f" testName="YesOnVARForPenaltySecondStep(&quot;2&quot;,&quot;10&quot;,null)" computerName="EC2AMAZ-JEOO151" duration="00:00:13.1180000" startTime="2019-07-11T19:59:58.0000000+00:00" endTime="2019-07-11T20:00:11.0000000+00:00" testType="13cdc9d9-ddb5-4fa4-a97d-d965ccfc6d4b" outcome="Passed" testListId="8c84fa94-04c1-424b-9868-57a2d4851a1d" relativeResultsDirectory="f427aad1-1e18-4728-af38-c187e8c708a2">
      <Output>
        <StdOut>sandbox: PrepareForTestRun started.&#xD;
sandbox: football liveStatsApp != null: True &#xD;
sandbox: football liveStatsApp.IsProcessRunning: True &#xD;
sandbox: setupLocalData: localDatabaseProvider != null: True&#xD;
sandbox: applicationPages != null: True&#xD;
sandbox: applicationPages.Webdriver != null: True&#xD;
sandbox: finished setuping local data&#xD;
sandbox: PrepareForTestRun complete.&#xD;
Given Match started with kick off from existing game&#xD;
-&gt; done: SetupGameSteps.GivenMatchStartedWithKickOffButtonFromExistingGame() (3.2s)&#xD;
When I click "Possible Penalty" button for team 2&#xD;
Given action failed. Retrying after a timeout.&#xD;
-&gt; done: TeamActionButtonSteps.GivenIClickPossiblePenaltyButtonForTeam(2) (0.8s)&#xD;
And I confirm penalty by clicking "Confirm" button&#xD;
-&gt; done: PenaltySteps.WhenIConfirmPenaltyByClickingButton() (2.3s)&#xD;
And I click on pitch x 10 and y 50&#xD;
Failed to find element with query '[data-qa='activePitchOverlay']'. Web driver timeout exception.&#xD;
Given action failed. Retrying after a timeout.&#xD;
Failed to find element with query '[data-qa='activePitchOverlay']'. Web driver timeout exception.&#xD;
-&gt; done: PitchScreenSteps.WhenIClickOnPitch(10, 50) (4.5s)&#xD;
And I click "Possible VAR" Button&#xD;
-&gt; done: WorkflowSteps.WhenIClickButton() (0.2s)&#xD;
And I click "Yes" button in confirmation dialog&#xD;
-&gt; done: WorkflowSteps.WhenIClickYesButtonInConfirmationDialog() (0.2s)&#xD;
Then Reasons dialog for penalty is shown with title "Reason for Penalty?"&#xD;
-&gt; done: PenaltySteps.ThenReasonsDialogForPenaltyIsShownWithTitle("Reason for Penalty?") (0.2s)&#xD;
And Latest "Penalty" event is highlighted&#xD;
-&gt; done: ActionLogSteps.ThenCardEventIsHighlighted(Penalty) (0.0s)&#xD;
And VAR label is shown in Penalty event action log&#xD;
-&gt; done: ActionLogSteps.ThenOffenceIsShownInPenaltyEventActionLog("VAR", Penalty) (0.1s)&#xD;
And VAR label of "Penalty" event in action log is in team 2 color&#xD;
-&gt; done: ActionLogSteps.ThenSubItemOfEventInActionLogIsInTeamColor("VAR", Penalty, 2) (0.1s)&#xD;
And VAR label of "Penalty" event in action log contains "Penalty Stands" message&#xD;
-&gt; done: ActionLogSteps.ThenSubItemOfEventInActionLogIsInTeamColor("VAR", Penalty, "Penalty Stands") (0.1s)&#xD;
And All action buttons except card and goal buttons are disabled for both teams&#xD;
-&gt; done: TeamActionButtonSteps.ThenAllActionButtonsExceptCardAndGoalButtonsAreDisabledForBothTeams() (0.6s)&#xD;
sandbox: CleanUpAfterTestRun started.&#xD;
sandbox: application pages != null: True&#xD;
sandbox: web driver!= null: True&#xD;
sandbox: CleanUpAfterTestRun complete.</StdOut>
      </Output>
    </UnitTestResult>
    <UnitTestResult executionId="70995a68-13a7-4fa1-863b-db90189e6ad8" testId="ca3465e7-216d-d841-26cd-36ce7c64d384" testName="SelectVarReasonAndOutcomeOverturned(&quot;Overturned&quot;,&quot;Offence&quot;,null)" computerName="EC2AMAZ-JEOO151" duration="00:00:14.4310000" startTime="2019-07-11T18:29:39.0000000+00:00" endTime="2019-07-11T18:29:54.0000000+00:00" testType="13cdc9d9-ddb5-4fa4-a97d-d965ccfc6d4b" outcome="Passed" testListId="8c84fa94-04c1-424b-9868-57a2d4851a1d" relativeResultsDirectory="70995a68-13a7-4fa1-863b-db90189e6ad8">
      <Output>
        <StdOut>sandbox: PrepareForTestRun started.&#xD;
sandbox: football liveStatsApp != null: True &#xD;
sandbox: football liveStatsApp.IsProcessRunning: True &#xD;
sandbox: setupLocalData: localDatabaseProvider != null: True&#xD;
sandbox: applicationPages != null: True&#xD;
sandbox: applicationPages.Webdriver != null: True&#xD;
sandbox: finished setuping local data&#xD;
sandbox: PrepareForTestRun complete.&#xD;
Given Match started with kick off from existing game&#xD;
-&gt; done: SetupGameSteps.GivenMatchStartedWithKickOffButtonFromExistingGame() (3.3s)&#xD;
And "Top right" corner added for Team 1&#xD;
Given action failed. Retrying after a timeout.&#xD;
-&gt; done: CornerSteps.GivenCornerAddedForTeam("Top right", 1) (3.3s)&#xD;
And "Yellow" Card for Team 1 is registered&#xD;
-&gt; done: CardSteps.GivenCardForTeamIsRegistered(Yellow, 1) (3.1s)&#xD;
And I clicked on latest "Corner" event in action log&#xD;
-&gt; done: ActionLogSteps.GivenIClickOnLatestEventInActionLog(Corner) (0.2s)&#xD;
And I entered new conceded event time of "0030"&#xD;
-&gt; done: EditFormSteps.GivenIEnterNewConcededEventTimeOf("0030") (1.0s)&#xD;
And I clicked Save button in action edit form&#xD;
-&gt; done: EditFormSteps.ClickSaveButtonInActionEditForm() (0.6s)&#xD;
And I remembered current players on pitch shirt numbers&#xD;
-&gt; done: GoalEditSteps.GivenIRememberCurrentPlayersOnPitch() (1.1s)&#xD;
When I click Expand Action log button&#xD;
-&gt; done: ActionLogSteps.WhenIClickExpandActionLogButton() (0.1s)&#xD;
And I click last action in expanded action log&#xD;
-&gt; done: ExpandedActionLogSteps.WhenIClickLastActionInExpandedActionLog() (0.1s)&#xD;
And I click insert after button in expanded action log&#xD;
-&gt; done: ExpandedActionLogSteps.WhenIClickInsertAfterButtonInExpandedActionLog() (0.1s)&#xD;
And I click insert Goal button in insert after dropdown&#xD;
-&gt; done: ExpandedActionLogSteps.WhenIClickInsertGoalButtonInInsertAfterDropdown() (0.1s)&#xD;
And I click "2" team in Goal by Team&#xD;
-&gt; done: GoalEditSteps.GivenIClickTeamInShotByTeam(2) (0.1s)&#xD;
And I click "VAR" toggle&#xD;
-&gt; done: EditFormSteps.GivenIClickToggleToEnable() (0.1s)&#xD;
And I click Var "Overturned" button&#xD;
-&gt; done: EditFormSteps.WhenIClickVarOverturnedButton() (0.1s)&#xD;
And I click VAR reason button&#xD;
-&gt; done: EditFormSteps.WhenIClickVarReasonButton() (0.0s)&#xD;
And I select VAR reason Offence&#xD;
-&gt; done: EditFormSteps.WhenISelectVarReason("Offence") (0.1s)&#xD;
Then "Save" of edit screen is enabled&#xD;
-&gt; done: EditFormSteps.ThenOfEditScreenIsEnabled() (0.0s)&#xD;
sandbox: CleanUpAfterTestRun started.&#xD;
sandbox: application pages != null: True&#xD;
sandbox: web driver!= null: True&#xD;
sandbox: CleanUpAfterTestRun complete.</StdOut>
      </Output>
    </UnitTestResult>
    <UnitTestResult executionId="6370a2cf-25e3-4aef-87d0-f1704988c55f" testId="80fd974c-35fe-5919-1400-72571e559edd" testName="CancellingShotWorkflowResumesFreeKickWorkflow(&quot;reason&quot;,&quot;2&quot;,null)" computerName="EC2AMAZ-JEOO151" duration="00:00:05.6820000" startTime="2019-07-11T19:25:18.0000000+00:00" endTime="2019-07-11T19:25:24.0000000+00:00" testType="13cdc9d9-ddb5-4fa4-a97d-d965ccfc6d4b" outcome="Passed" testListId="8c84fa94-04c1-424b-9868-57a2d4851a1d" relativeResultsDirectory="6370a2cf-25e3-4aef-87d0-f1704988c55f">
      <Output>
        <StdOut>sandbox: PrepareForTestRun started.&#xD;
sandbox: football liveStatsApp != null: True &#xD;
sandbox: football liveStatsApp.IsProcessRunning: True &#xD;
sandbox: setupLocalData: localDatabaseProvider != null: True&#xD;
sandbox: applicationPages != null: True&#xD;
sandbox: applicationPages.Webdriver != null: True&#xD;
sandbox: finished setuping local data&#xD;
sandbox: PrepareForTestRun complete.&#xD;
Given Match started with kick off from existing game&#xD;
-&gt; done: SetupGameSteps.GivenMatchStartedWithKickOffButtonFromExistingGame() (3.3s)&#xD;
Given Free kick for team "2" workflow entered till reason selection&#xD;
-&gt; done: FreeKickSteps.GivenFreeKickForTeamAndWorkflowEnteredTillReasonSelection(2) (0.7s)&#xD;
And I clicked "Shot" button for team 2&#xD;
Given action failed. Retrying after a timeout.&#xD;
-&gt; done: TeamActionButtonSteps.GivenIClickShotButtonForTeam(2) (0.5s)&#xD;
When I cancel action workflow by clicking "Cancel &amp; Delete" button&#xD;
-&gt; done: WorkflowSteps.WhenICancelActionWorkflowByClickingButton() (0.2s)&#xD;
Then Latest freekick event is in progress&#xD;
-&gt; done: ActionLogSteps.ThenFreekickEventIsNotCompleted() (0.1s)&#xD;
And Current free kick step is reason selection&#xD;
-&gt; done: FreeKickSteps.ThenCurrentFreeKickStepIsReasonSelection() (0.0s)&#xD;
And Latest action in log is of type "FreeKick"&#xD;
-&gt; done: ActionLogSteps.ThenLatestActionIsOfTypeGoal(FreeKick) (0.0s)&#xD;
And Latest action of type "FreeKick" is not flagged&#xD;
-&gt; done: ActionLogSteps.ThenLatestEventInActionLogOfTypeIsNotFlagged(FreeKick) (0.0s)&#xD;
sandbox: CleanUpAfterTestRun started.&#xD;
sandbox: application pages != null: True&#xD;
sandbox: web driver!= null: True&#xD;
sandbox: CleanUpAfterTestRun complete.</StdOut>
      </Output>
    </UnitTestResult>
    <UnitTestResult executionId="830c1630-5cf1-4e91-a3b9-fc2fd5b375f4" testId="4d0db3b2-cd4d-0d3c-fffc-148b0c4a1e3e" testName="EditPenaltyDuringWorkflowFromActionLog" computerName="EC2AMAZ-JEOO151" duration="00:00:09.9840000" startTime="2019-07-11T17:54:13.0000000+00:00" endTime="2019-07-11T17:54:23.0000000+00:00" testType="13cdc9d9-ddb5-4fa4-a97d-d965ccfc6d4b" outcome="Passed" testListId="8c84fa94-04c1-424b-9868-57a2d4851a1d" relativeResultsDirectory="830c1630-5cf1-4e91-a3b9-fc2fd5b375f4">
      <Output>
        <StdOut>sandbox: PrepareForTestRun started.&#xD;
sandbox: football liveStatsApp != null: True &#xD;
sandbox: football liveStatsApp.IsProcessRunning: True &#xD;
sandbox: setupLocalData: localDatabaseProvider != null: True&#xD;
sandbox: applicationPages != null: True&#xD;
sandbox: applicationPages.Webdriver != null: True&#xD;
sandbox: finished setuping local data&#xD;
sandbox: PrepareForTestRun complete.&#xD;
Given Match started with kick off from existing game&#xD;
-&gt; done: SetupGameSteps.GivenMatchStartedWithKickOffButtonFromExistingGame() (3.3s)&#xD;
Given Penalty for Team 1 is registered&#xD;
Given action failed. Retrying after a timeout.&#xD;
-&gt; done: PenaltySteps.GivenPenaltyForTeamIsRegistered(1) (4.5s)&#xD;
When I click Freekick button for team 1&#xD;
Given action failed. Retrying after a timeout.&#xD;
-&gt; done: TeamActionButtonSteps.WhenIClickFreekickButtonForTeam(1) (0.6s)&#xD;
And I click on latest "Penalty" event in action log&#xD;
-&gt; done: ActionLogSteps.GivenIClickOnLatestEventInActionLog(Penalty) (0.2s)&#xD;
And I click Flag &amp; Save button in action edit form&#xD;
-&gt; done: EditFormSteps.ClickFlagAndSaveInActionEditForm() (0.4s)&#xD;
Then Pitch View is shown&#xD;
-&gt; done: PitchScreenSteps.PitchViewIsShown() (0.0s)&#xD;
And 1 event in action log of type "Penalty" is flagged&#xD;
-&gt; done: ActionLogSteps.ThenEventInActionLogOfTypeIsFlagged(1, Penalty) (0.0s)&#xD;
And Notification "Select free kick location..." is shown&#xD;
-&gt; done: PitchBottomMessageBarSteps.ThenIsShown("Select free kick ...") (0.1s)&#xD;
sandbox: CleanUpAfterTestRun started.&#xD;
sandbox: application pages != null: True&#xD;
sandbox: web driver!= null: True&#xD;
sandbox: CleanUpAfterTestRun complete.</StdOut>
      </Output>
    </UnitTestResult>
    <UnitTestResult executionId="814a85c0-48a6-4122-85d3-7e1f4fc9a7ac" testId="880d027b-b44b-ca4c-ce2e-4673ea102d5e" testName="PenaltyShot_OnMissWithLocation(&quot;1&quot;,&quot;2&quot;,&quot;90&quot;,&quot;50&quot;,&quot;5&quot;,&quot;17&quot;,null)" computerName="EC2AMAZ-JEOO151" duration="00:00:15.7830000" startTime="2019-07-11T19:08:34.0000000+00:00" endTime="2019-07-11T19:08:50.0000000+00:00" testType="13cdc9d9-ddb5-4fa4-a97d-d965ccfc6d4b" outcome="Passed" testListId="8c84fa94-04c1-424b-9868-57a2d4851a1d" relativeResultsDirectory="814a85c0-48a6-4122-85d3-7e1f4fc9a7ac">
      <Output>
        <StdOut>sandbox: PrepareForTestRun started.&#xD;
sandbox: football liveStatsApp != null: True &#xD;
sandbox: football liveStatsApp.IsProcessRunning: True &#xD;
sandbox: setupLocalData: localDatabaseProvider != null: True&#xD;
sandbox: applicationPages != null: True&#xD;
sandbox: applicationPages.Webdriver != null: True&#xD;
sandbox: finished setuping local data&#xD;
sandbox: PrepareForTestRun complete.&#xD;
Given Match started with kick off from existing game&#xD;
-&gt; done: SetupGameSteps.GivenMatchStartedWithKickOffButtonFromExistingGame() (3.2s)&#xD;
When I click "Possible Penalty" button for team 1&#xD;
-&gt; done: TeamActionButtonSteps.GivenIClickPossiblePenaltyButtonForTeam(1) (0.6s)&#xD;
And I confirm penalty by clicking "Confirm" button&#xD;
-&gt; done: PenaltySteps.WhenIConfirmPenaltyByClickingButton() (2.2s)&#xD;
And I click on pitch x 90 and y 50&#xD;
Failed to find element with query '[data-qa='activePitchOverlay']'. Web driver timeout exception.&#xD;
Given action failed. Retrying after a timeout.&#xD;
Failed to find element with query '[data-qa='activePitchOverlay']'. Web driver timeout exception.&#xD;
-&gt; done: PitchScreenSteps.WhenIClickOnPitch(90, 50) (4.5s)&#xD;
And I click "Foul" reason button&#xD;
-&gt; done: CardSteps.WhenIClickReasonButton("Foul") (0.2s)&#xD;
And I click on team 2 player on pitch with shirt number 5&#xD;
-&gt; done: PitchPlayersComponentSteps.WhenIClickOnTeamPlayerOnPitchWithShirtNumber(2, 5) (0.3s)&#xD;
And I click on team 1 player on pitch with shirt number 17&#xD;
-&gt; done: PitchPlayersComponentSteps.WhenIClickOnTeamPlayerOnPitchWithShirtNumber(1, 17) (0.4s)&#xD;
And I click "Penalty Shot On Target" Button&#xD;
-&gt; done: PenaltySteps.WhenIClickPenaltyShotOnTargetButton() (0.2s)&#xD;
And I click on net x "50" and y "40"&#xD;
-&gt; done: NetSectionSteps.WhenIClickOnNetXAndY(50, 40) (0.2s)&#xD;
Then Pitch View is shown&#xD;
-&gt; done: PitchScreenSteps.PitchViewIsShown() (0.1s)&#xD;
And Score is 0 for team 1&#xD;
-&gt; done: ScoreBoardSteps.ThenScoreIsForTeam(0, 1) (0.1s)&#xD;
And Score is 0 for team 2&#xD;
-&gt; done: ScoreBoardSteps.ThenScoreIsForTeam(0, 2) (0.1s)&#xD;
And Action Buttons are enabled&#xD;
-&gt; done: TeamActionButtonSteps.ThenActionButtonsAreEnabled() (0.7s)&#xD;
And Player on pitch with shirt number 17 of team 1 do not have goal icon&#xD;
Failed to find data-qa element with tag 'playerGoals'. No such element exception.&#xD;
-&gt; done: PitchPlayersComponentSteps.ThenPlayerOnPitchWithShirtNumberOfTeamDoNotHaveGoalIcon(17, 1) (2.2s)&#xD;
sandbox: CleanUpAfterTestRun started.&#xD;
sandbox: application pages != null: True&#xD;
sandbox: web driver!= null: True&#xD;
sandbox: CleanUpAfterTestRun complete.</StdOut>
      </Output>
    </UnitTestResult>
    <UnitTestResult executionId="d2a8a1de-a020-40d6-90ff-a9ca46c1169e" testId="4e3bbbf8-cf87-ae69-42eb-d6c859fbae47" testName="WhenFinishingGameWithTiesWhenShootoutsEnabledEntersShootoutPhase" computerName="EC2AMAZ-JEOO151" duration="00:00:18.2670000" startTime="2019-07-11T19:19:41.0000000+00:00" endTime="2019-07-11T19:19:59.0000000+00:00" testType="13cdc9d9-ddb5-4fa4-a97d-d965ccfc6d4b" outcome="Passed" testListId="8c84fa94-04c1-424b-9868-57a2d4851a1d" relativeResultsDirectory="d2a8a1de-a020-40d6-90ff-a9ca46c1169e">
      <Output>
        <StdOut>sandbox: PrepareForTestRun started.&#xD;
sandbox: football liveStatsApp != null: True &#xD;
sandbox: football liveStatsApp.IsProcessRunning: True &#xD;
sandbox: setupLocalData: localDatabaseProvider != null: True&#xD;
sandbox: applicationPages != null: True&#xD;
sandbox: applicationPages.Webdriver != null: True&#xD;
sandbox: finished setuping local data&#xD;
sandbox: PrepareForTestRun complete.&#xD;
Given penalty shoot-out phase started&#xD;
-&gt; done: PitchClockSteps.GivenGamePenaltyShoot_OutPhaseStarted() (15.0s)&#xD;
Then Game Clock is not counting up&#xD;
-&gt; done: PitchClockSteps.ThenGameClockIsBotCountingUp() (1.7s)&#xD;
And "penalty shootout in progress" is contained in clock header&#xD;
-&gt; done: PitchClockSteps.ThenIsContainedInClockHeader("penalty shootout ...") (0.1s)&#xD;
And Penalty shootout table is visible on pitch screen for team 1&#xD;
-&gt; done: PenaltyShootoutSteps.ThenPenaltyShootoutTableIsVisibleOnPitchScreenForTeam(1) (0.0s)&#xD;
And Penalty shootout table is visible on pitch screen for team 2&#xD;
-&gt; done: PenaltyShootoutSteps.ThenPenaltyShootoutTableIsVisibleOnPitchScreenForTeam(2) (0.0s)&#xD;
And team 1 players are enabled&#xD;
-&gt; done: PitchPlayersComponentSteps.ThenTeamPlayersAreEnabled(1) (0.1s)&#xD;
And team 2 players are enabled&#xD;
-&gt; done: PitchPlayersComponentSteps.ThenTeamPlayersAreEnabled(2) (0.1s)&#xD;
sandbox: CleanUpAfterTestRun started.&#xD;
sandbox: application pages != null: True&#xD;
sandbox: web driver!= null: True&#xD;
sandbox: CleanUpAfterTestRun complete.</StdOut>
      </Output>
    </UnitTestResult>
    <UnitTestResult executionId="3e5c6cb4-8f3a-4a2a-bd0a-a3298f0c866f" testId="f94d9504-a317-ec85-e49b-f3239e3e9385" testName="SelectTeamAndGoalTypeInGoalInsert(&quot;2&quot;,&quot;Other&quot;,null)" computerName="EC2AMAZ-JEOO151" duration="00:00:16.7180000" startTime="2019-07-11T18:25:02.0000000+00:00" endTime="2019-07-11T18:25:19.0000000+00:00" testType="13cdc9d9-ddb5-4fa4-a97d-d965ccfc6d4b" outcome="Passed" testListId="8c84fa94-04c1-424b-9868-57a2d4851a1d" relativeResultsDirectory="3e5c6cb4-8f3a-4a2a-bd0a-a3298f0c866f">
      <Output>
        <StdOut>sandbox: PrepareForTestRun started.&#xD;
sandbox: football liveStatsApp != null: True &#xD;
sandbox: football liveStatsApp.IsProcessRunning: True &#xD;
sandbox: setupLocalData: localDatabaseProvider != null: True&#xD;
sandbox: applicationPages != null: True&#xD;
sandbox: applicationPages.Webdriver != null: True&#xD;
sandbox: finished setuping local data&#xD;
sandbox: PrepareForTestRun complete.&#xD;
Given Match started with kick off from existing game&#xD;
-&gt; done: SetupGameSteps.GivenMatchStartedWithKickOffButtonFromExistingGame() (3.4s)&#xD;
And "Top right" corner added for Team 1&#xD;
Given action failed. Retrying after a timeout.&#xD;
-&gt; done: CornerSteps.GivenCornerAddedForTeam("Top right", 1) (3.2s)&#xD;
And "Yellow" Card for Team 1 is registered&#xD;
-&gt; done: CardSteps.GivenCardForTeamIsRegistered(Yellow, 1) (3.2s)&#xD;
And I clicked on latest "Corner" event in action log&#xD;
-&gt; done: ActionLogSteps.GivenIClickOnLatestEventInActionLog(Corner) (0.2s)&#xD;
And I entered new conceded event time of "0030"&#xD;
-&gt; done: EditFormSteps.GivenIEnterNewConcededEventTimeOf("0030") (1.0s)&#xD;
And I clicked Save button in action edit form&#xD;
-&gt; done: EditFormSteps.ClickSaveButtonInActionEditForm() (0.6s)&#xD;
And I remembered current players on pitch shirt numbers&#xD;
-&gt; done: GoalEditSteps.GivenIRememberCurrentPlayersOnPitch() (1.1s)&#xD;
When I click Expand Action log button&#xD;
-&gt; done: ActionLogSteps.WhenIClickExpandActionLogButton() (0.1s)&#xD;
And I click last action in expanded action log&#xD;
-&gt; done: ExpandedActionLogSteps.WhenIClickLastActionInExpandedActionLog() (0.1s)&#xD;
And I click insert after button in expanded action log&#xD;
-&gt; done: ExpandedActionLogSteps.WhenIClickInsertAfterButtonInExpandedActionLog() (0.1s)&#xD;
And I click insert Goal button in insert after dropdown&#xD;
-&gt; done: ExpandedActionLogSteps.WhenIClickInsertGoalButtonInInsertAfterDropdown() (0.1s)&#xD;
And I click "2" team in Goal by Team&#xD;
-&gt; done: GoalEditSteps.GivenIClickTeamInShotByTeam(2) (0.1s)&#xD;
And I click "goal" button in insert window&#xD;
-&gt; done: GoalEditSteps.GivenIClickShotResultGoalButton() (0.0s)&#xD;
And I click "shot type" button in insert window&#xD;
-&gt; done: GoalEditSteps.GivenIClickShotTypeButton() (0.0s)&#xD;
And I click "Other" button in expanded shot type dialog&#xD;
-&gt; done: ExpandedShotTypeDialogSteps.GivenIClickButtonInExpandedShotTypeDialog("Other") (0.2s)&#xD;
Then shot by team "2" button color is updated to "2" team color&#xD;
-&gt; done: GoalEditSteps.ThenShotByTeamColorIsUpdatedToTeamColor(2, 2) (0.0s)&#xD;
And "2" team players are visible in Who scored&#xD;
-&gt; done: GoalEditSteps.ThenTeamPlayersAreVisibleInWhoScored(2) (2.1s)&#xD;
And Shot type button is set to "Other"&#xD;
-&gt; done: GoalEditSteps.ThenShotTypeButtonIsSetTo("Other") (0.1s)&#xD;
And "shot type" button color is updated to team id "2" color&#xD;
-&gt; done: GoalEditSteps.ThenShotTypeButtonColorIsUpdatedToTeamIdColor(2) (0.1s)&#xD;
sandbox: CleanUpAfterTestRun started.&#xD;
sandbox: application pages != null: True&#xD;
sandbox: web driver!= null: True&#xD;
sandbox: CleanUpAfterTestRun complete.</StdOut>
      </Output>
    </UnitTestResult>
    <UnitTestResult executionId="05b53852-6133-4412-9f49-ce3fdb5656ae" testId="9aaab8f8-f3ae-be1d-e9e8-d181cf84fe09" testName="CannotFlagAndContinueCornerTakeStep" computerName="EC2AMAZ-JEOO151" duration="00:00:09.1970000" startTime="2019-07-11T19:44:44.0000000+00:00" endTime="2019-07-11T19:44:53.0000000+00:00" testType="13cdc9d9-ddb5-4fa4-a97d-d965ccfc6d4b" outcome="Passed" testListId="8c84fa94-04c1-424b-9868-57a2d4851a1d" relativeResultsDirectory="05b53852-6133-4412-9f49-ce3fdb5656ae">
      <Output>
        <StdOut>sandbox: PrepareForTestRun started.&#xD;
sandbox: football liveStatsApp != null: True &#xD;
sandbox: football liveStatsApp.IsProcessRunning: True &#xD;
sandbox: setupLocalData: localDatabaseProvider != null: True&#xD;
sandbox: applicationPages != null: True&#xD;
sandbox: applicationPages.Webdriver != null: True&#xD;
sandbox: finished setuping local data&#xD;
sandbox: PrepareForTestRun complete.&#xD;
Given Match started with kick off from existing game&#xD;
-&gt; done: SetupGameSteps.GivenMatchStartedWithKickOffButtonFromExistingGame() (3.1s)&#xD;
When I click "Possible Corner" button for team 2&#xD;
Given action failed. Retrying after a timeout.&#xD;
-&gt; done: TeamActionButtonSteps.WhenIClickPossibleCornerButtonForTeam(2) (0.8s)&#xD;
And I flag and continue&#xD;
-&gt; done: WorkflowSteps.WhenIFlagAndContinue() (0.1s)&#xD;
And I confirm corner by clicking "Confirm" button&#xD;
-&gt; done: CornerSteps.WhenIConfirmCornerByClickingButton() (2.3s)&#xD;
Then Flag &amp; Continue button is not visible&#xD;
Failed to find element with query '[data-qa='flagAndContinueButton']'. Web driver timeout exception.&#xD;
-&gt; done: WorkflowSteps.ThenFlagAndContinueButtonIsNotVisible() (2.0s)&#xD;
sandbox: CleanUpAfterTestRun started.&#xD;
sandbox: application pages != null: True&#xD;
sandbox: web driver!= null: True&#xD;
sandbox: CleanUpAfterTestRun complete.</StdOut>
      </Output>
    </UnitTestResult>
    <UnitTestResult executionId="11120259-afed-4c77-8ae6-c7d95169491c" testId="894c8d78-58d4-d7b0-7314-fa342d79a13f" testName="InsertedCornerIsPresentedInEditForm" computerName="EC2AMAZ-JEOO151" duration="00:00:18.8640000" startTime="2019-07-11T18:12:54.0000000+00:00" endTime="2019-07-11T18:13:13.0000000+00:00" testType="13cdc9d9-ddb5-4fa4-a97d-d965ccfc6d4b" outcome="Passed" testListId="8c84fa94-04c1-424b-9868-57a2d4851a1d" relativeResultsDirectory="11120259-afed-4c77-8ae6-c7d95169491c">
      <Output>
        <StdOut>sandbox: PrepareForTestRun started.&#xD;
sandbox: football liveStatsApp != null: True &#xD;
sandbox: football liveStatsApp.IsProcessRunning: True &#xD;
sandbox: setupLocalData: localDatabaseProvider != null: True&#xD;
sandbox: applicationPages != null: True&#xD;
sandbox: applicationPages.Webdriver != null: True&#xD;
sandbox: finished setuping local data&#xD;
sandbox: PrepareForTestRun complete.&#xD;
Given Match started with kick off from existing game&#xD;
-&gt; done: SetupGameSteps.GivenMatchStartedWithKickOffButtonFromExistingGame() (3.2s)&#xD;
And "Yellow" Card for Team 1 is registered&#xD;
Given action failed. Retrying after a timeout.&#xD;
-&gt; done: CardSteps.GivenCardForTeamIsRegistered(Yellow, 1) (3.7s)&#xD;
And Throw in added for Team 1&#xD;
Given action failed. Retrying after a timeout.&#xD;
-&gt; done: ThrowInEditSteps.GivenThrowInAddedForTeam(1) (0.9s)&#xD;
And I clicked on latest "ThrowIn" event in action log&#xD;
-&gt; done: ActionLogSteps.GivenIClickOnLatestEventInActionLog(ThrowIn) (0.2s)&#xD;
And I entered new conceded event time of "0030"&#xD;
-&gt; done: EditFormSteps.GivenIEnterNewConcededEventTimeOf("0030") (1.0s)&#xD;
And I clicked Save button in action edit form&#xD;
-&gt; done: EditFormSteps.ClickSaveButtonInActionEditForm() (0.6s)&#xD;
When I click Expand Action log button&#xD;
-&gt; done: ActionLogSteps.WhenIClickExpandActionLogButton() (0.1s)&#xD;
And I insert "Corner" after last action in expanded action log&#xD;
-&gt; done: ExpandedActionLogSteps.WhenIInsertPenaltyAfterLastActionInExpandedActionLog(Corner) (0.3s)&#xD;
And I enter new conceded event time of "0035"&#xD;
-&gt; done: EditFormSteps.GivenIEnterNewConcededEventTimeOf("0035") (1.1s)&#xD;
And I enter new taken event time of "0036"&#xD;
-&gt; done: EditFormSteps.GivenIEnterNewTakenEventTimeOf("0036") (1.0s)&#xD;
And I click Team 1 in edit screen&#xD;
-&gt; done: EditFormSteps.GivenIClickTeamInEditScreen(1) (0.1s)&#xD;
And I click "bottom right" corner of the pitch&#xD;
-&gt; done: CornerSteps.GivenIClickCornerOfThePitch("bottom right") (0.1s)&#xD;
And I click edit Corner taken Location button&#xD;
-&gt; done: CornerEditSteps.GivenIClickEditCornerTakenLocationButton() (0.1s)&#xD;
And I click on expanded pitch view x 50 y 50&#xD;
-&gt; done: ExpandedPitchPositionDialogSteps.GivenIClickOnExpandedPitchViewXY(50, 50) (0.1s)&#xD;
And I Click "Save" Button on expanded pitch view&#xD;
-&gt; done: ExpandedPitchPositionDialogSteps.GivenIClickButtonOnExpandedPitchInCornerEditWorkflow("Save") (0.1s)&#xD;
And I click Save button in action edit form&#xD;
-&gt; done: EditFormSteps.ClickSaveButtonInActionEditForm() (0.6s)&#xD;
And I close expanded action log page&#xD;
-&gt; done: ExpandedActionLogSteps.WhenICloseExpandedActionLogPage() (0.2s)&#xD;
And I click on latest "Corner" event in action log&#xD;
-&gt; done: ActionLogSteps.GivenIClickOnLatestEventInActionLog(Corner) (0.1s)&#xD;
Then Corner edit view is shown&#xD;
-&gt; done: CornerEditSteps.ThenCornerEditViewIsShown() (0.0s)&#xD;
And "Edit time" of action edit page is "0035"&#xD;
-&gt; done: EditFormSteps.ThenEditTimeOfActionEditPageIs("0035") (0.1s)&#xD;
And "Taken time" of action edit page is "0036"&#xD;
-&gt; done: EditFormSteps.ThenOfActionEditPageIs("0036") (0.1s)&#xD;
And Team 1 of edit screen is selected&#xD;
-&gt; done: EditFormSteps.ThenTeamOfEditScreenIsSelected(1) (0.0s)&#xD;
And "bottom right" corner is selected in corner edit&#xD;
-&gt; done: CornerEditSteps.ThenCornerIsSelected("bottom right") (0.0s)&#xD;
And current pitch marker is at x 50 and y 50&#xD;
Failed to find element with query '[data-qa='pitchLocation']'. Web driver timeout exception.&#xD;
Failed to find element with query '[data-qa='pitchLocation']'. Web driver timeout exception.&#xD;
-&gt; done: MiniPitchEditPageElementSteps.ThenCurrentPitchMarkerIsAtXAndY(50, 50) (4.2s)&#xD;
sandbox: CleanUpAfterTestRun started.&#xD;
sandbox: application pages != null: True&#xD;
sandbox: web driver!= null: True&#xD;
sandbox: CleanUpAfterTestRun complete.</StdOut>
      </Output>
    </UnitTestResult>
    <UnitTestResult executionId="7b8b46f7-f1a1-40ab-b7fd-31ac812d16ee" testId="830b71e0-9ab3-3ce5-4a3d-7717d43b051f" testName="GivenDelayPopup_WhenConfirmingEarlyDelay_ThenDelayRegistered(Early,15)" computerName="EC2AMAZ-JEOO151" duration="00:00:14.3310000" startTime="2019-07-11T21:27:30.0000000+00:00" endTime="2019-07-11T21:27:44.0000000+00:00" testType="13cdc9d9-ddb5-4fa4-a97d-d965ccfc6d4b" outcome="Passed" testListId="8c84fa94-04c1-424b-9868-57a2d4851a1d" relativeResultsDirectory="7b8b46f7-f1a1-40ab-b7fd-31ac812d16ee">
      <Output>
        <StdOut>sandbox: PrepareForTestRun started.&#xD;
sandbox: football liveStatsApp != null: True &#xD;
sandbox: football liveStatsApp.IsProcessRunning: True &#xD;
sandbox: setupLocalData: localDatabaseProvider != null: True&#xD;
sandbox: applicationPages != null: True&#xD;
sandbox: applicationPages.Webdriver != null: True&#xD;
sandbox: finished setuping local data&#xD;
sandbox: PrepareForTestRun complete.&#xD;
Failed to find element with query '[data-qa='delayLengthPrompt']'. Web driver timeout exception.&#xD;
sandbox: CleanUpAfterTestRun started.&#xD;
sandbox: application pages != null: True&#xD;
sandbox: web driver!= null: True&#xD;
sandbox: CleanUpAfterTestRun complete.</StdOut>
      </Output>
    </UnitTestResult>
    <UnitTestResult executionId="291f7fe9-8ca9-4759-ac95-60257bb1f9fa" testId="4342eb46-cdf3-89ab-4060-de10513cb31f" testName="CannotInsertActionsIntoPeriodBreak(&quot;after&quot;,&quot;PhaseEnd&quot;,null)" computerName="EC2AMAZ-JEOO151" duration="00:00:07.9480000" startTime="2019-07-11T18:43:04.0000000+00:00" endTime="2019-07-11T18:43:12.0000000+00:00" testType="13cdc9d9-ddb5-4fa4-a97d-d965ccfc6d4b" outcome="Passed" testListId="8c84fa94-04c1-424b-9868-57a2d4851a1d" relativeResultsDirectory="291f7fe9-8ca9-4759-ac95-60257bb1f9fa">
      <Output>
        <StdOut>sandbox: PrepareForTestRun started.&#xD;
sandbox: football liveStatsApp != null: True &#xD;
sandbox: football liveStatsApp.IsProcessRunning: True &#xD;
sandbox: setupLocalData: localDatabaseProvider != null: True&#xD;
sandbox: applicationPages != null: True&#xD;
sandbox: applicationPages.Webdriver != null: True&#xD;
sandbox: finished setuping local data&#xD;
sandbox: PrepareForTestRun complete.&#xD;
Given Second period started from existing game&#xD;
-&gt; done: SetupGameSteps.GivenSecondPeriodStartedFromExistingGame() (6.5s)&#xD;
When I click Expand Action log button&#xD;
-&gt; done: ActionLogSteps.WhenIClickExpandActionLogButton() (0.3s)&#xD;
And I select latest "PhaseEnd" action in expanded action log&#xD;
-&gt; done: ExpandedActionLogSteps.WhenISelectLatestActionInExpandedActionLog(PhaseEnd) (0.1s)&#xD;
And I click insert after button in expanded action log&#xD;
-&gt; done: ExpandedActionLogSteps.WhenIClickInsertAfterButtonInExpandedActionLog() (0.1s)&#xD;
Then Insert after drop down should contain only card, injury and sub&#xD;
-&gt; done: ExpandedActionLogSteps.ThenInsertAfterDropDownShouldNotContainAction() (0.1s)&#xD;
sandbox: CleanUpAfterTestRun started.&#xD;
sandbox: application pages != null: True&#xD;
sandbox: web driver!= null: True&#xD;
sandbox: CleanUpAfterTestRun complete.</StdOut>
      </Output>
    </UnitTestResult>
    <UnitTestResult executionId="43f1b539-c26c-4918-834c-10b10d68a440" testId="6599ce3e-a47e-9e66-f3d1-c5bac03ccb7a" testName="GivenActionRegistered_WhenDeletingFromExpandedActionLog_ThenDeletedPitchLog(Injury)" computerName="EC2AMAZ-JEOO151" duration="00:00:09.6990000" startTime="2019-07-11T20:18:47.0000000+00:00" endTime="2019-07-11T20:18:57.0000000+00:00" testType="13cdc9d9-ddb5-4fa4-a97d-d965ccfc6d4b" outcome="Passed" testListId="8c84fa94-04c1-424b-9868-57a2d4851a1d" relativeResultsDirectory="43f1b539-c26c-4918-834c-10b10d68a440">
      <Output>
        <StdOut>sandbox: PrepareForTestRun started.&#xD;
sandbox: football liveStatsApp != null: True &#xD;
sandbox: football liveStatsApp.IsProcessRunning: True &#xD;
sandbox: setupLocalData: localDatabaseProvider != null: True&#xD;
sandbox: applicationPages != null: True&#xD;
sandbox: applicationPages.Webdriver != null: True&#xD;
sandbox: finished setuping local data&#xD;
sandbox: PrepareForTestRun complete.&#xD;
sandbox: CleanUpAfterTestRun started.&#xD;
sandbox: application pages != null: True&#xD;
sandbox: web driver!= null: True&#xD;
sandbox: CleanUpAfterTestRun complete.</StdOut>
      </Output>
    </UnitTestResult>
    <UnitTestResult executionId="5b1a2dc5-1152-45bb-9145-e467884cff95" testId="c86c8c6a-e565-4cbe-d5ec-bdd427fb4f9f" testName="GivenGameInProgress_WhenDeactivatingGameOfficialWithNoData_ThenOfficialDeactivated" computerName="EC2AMAZ-JEOO151" duration="00:00:06.2820000" startTime="2019-07-11T20:04:00.0000000+00:00" endTime="2019-07-11T20:04:07.0000000+00:00" testType="13cdc9d9-ddb5-4fa4-a97d-d965ccfc6d4b" outcome="Passed" testListId="8c84fa94-04c1-424b-9868-57a2d4851a1d" relativeResultsDirectory="5b1a2dc5-1152-45bb-9145-e467884cff95">
      <Output>
        <StdOut>sandbox: PrepareForTestRun started.&#xD;
sandbox: football liveStatsApp != null: True &#xD;
sandbox: football liveStatsApp.IsProcessRunning: True &#xD;
sandbox: setupLocalData: localDatabaseProvider != null: True&#xD;
sandbox: applicationPages != null: True&#xD;
sandbox: applicationPages.Webdriver != null: True&#xD;
sandbox: finished setuping local data&#xD;
sandbox: PrepareForTestRun complete.&#xD;
sandbox: CleanUpAfterTestRun started.&#xD;
sandbox: application pages != null: True&#xD;
sandbox: web driver!= null: True&#xD;
sandbox: CleanUpAfterTestRun complete.</StdOut>
      </Output>
    </UnitTestResult>
    <UnitTestResult executionId="14a3b8dd-9461-47b8-9eeb-9a23977d37f6" testId="dd4a023e-f066-b50e-79b1-43348d88f43c" testName="GivenFirstExtraTimeHalfEnded_WhenEndHalfDeleted_ThenCanEndHalfAgain" computerName="EC2AMAZ-JEOO151" duration="00:00:17.4080000" startTime="2019-07-11T20:22:56.0000000+00:00" endTime="2019-07-11T20:23:14.0000000+00:00" testType="13cdc9d9-ddb5-4fa4-a97d-d965ccfc6d4b" outcome="Passed" testListId="8c84fa94-04c1-424b-9868-57a2d4851a1d" relativeResultsDirectory="14a3b8dd-9461-47b8-9eeb-9a23977d37f6">
      <Output>
        <StdOut>sandbox: PrepareForTestRun started.&#xD;
sandbox: football liveStatsApp != null: True &#xD;
sandbox: football liveStatsApp.IsProcessRunning: True &#xD;
sandbox: setupLocalData: localDatabaseProvider != null: True&#xD;
sandbox: applicationPages != null: True&#xD;
sandbox: applicationPages.Webdriver != null: True&#xD;
sandbox: finished setuping local data&#xD;
sandbox: PrepareForTestRun complete.&#xD;
sandbox: CleanUpAfterTestRun started.&#xD;
sandbox: application pages != null: True&#xD;
sandbox: web driver!= null: True&#xD;
sandbox: CleanUpAfterTestRun complete.</StdOut>
      </Output>
    </UnitTestResult>
    <UnitTestResult executionId="8c2e4a28-b55c-47da-a2d9-63c73a511da4" testId="5cbf35a0-5e56-37b5-8aac-d649040264f2" testName="AllCardsFilterInExpandedLogShowOnlyCards" computerName="EC2AMAZ-JEOO151" duration="00:00:15.7650000" startTime="2019-07-11T19:32:38.0000000+00:00" endTime="2019-07-11T19:32:53.0000000+00:00" testType="13cdc9d9-ddb5-4fa4-a97d-d965ccfc6d4b" outcome="Passed" testListId="8c84fa94-04c1-424b-9868-57a2d4851a1d" relativeResultsDirectory="8c2e4a28-b55c-47da-a2d9-63c73a511da4">
      <Output>
        <StdOut>sandbox: PrepareForTestRun started.&#xD;
sandbox: football liveStatsApp != null: True &#xD;
sandbox: football liveStatsApp.IsProcessRunning: True &#xD;
sandbox: setupLocalData: localDatabaseProvider != null: True&#xD;
sandbox: applicationPages != null: True&#xD;
sandbox: applicationPages.Webdriver != null: True&#xD;
sandbox: finished setuping local data&#xD;
sandbox: PrepareForTestRun complete.&#xD;
Given Match started with kick off from existing game&#xD;
-&gt; done: SetupGameSteps.GivenMatchStartedWithKickOffButtonFromExistingGame() (3.2s)&#xD;
And "Red" Card for Team 1 is registered&#xD;
Given action failed. Retrying after a timeout.&#xD;
-&gt; done: CardSteps.GivenCardForTeamIsRegistered(Red, 1) (3.7s)&#xD;
And "Yellow" Card for Team "1" player with shirt number "6" is registered&#xD;
-&gt; done: CardSteps.GivenCardForTeamPlayerWithShirtNumberIsRegistered(Yellow, 1, 6) (3.1s)&#xD;
And "SecondYellow" Card for Team "1" player with shirt number "8" is registered&#xD;
-&gt; done: CardSteps.GivenCardForTeamPlayerWithShirtNumberIsRegistered(SecondYellow, 1, 8) (3.3s)&#xD;
Given GoalKick for Team 1 is registered&#xD;
Given action failed. Retrying after a timeout.&#xD;
-&gt; done: GoalKickSteps.GivenGoalKickForTeamIsRegistered(1) (0.7s)&#xD;
When I open Expanded Action log&#xD;
-&gt; done: ActionLogSteps.WhenIClickExpandActionLogButton() (0.3s)&#xD;
And I expand Cards filter&#xD;
-&gt; done: FilterSteps.WhenIExpandCardsFilter() (0.1s)&#xD;
And I select second yellow cards filter&#xD;
-&gt; done: FilterSteps.WhenISelectSecondYellowCardsFilter() (0.1s)&#xD;
And I select yellow cards filter&#xD;
-&gt; done: FilterSteps.WhenISelectYellowCardsFilter() (0.1s)&#xD;
And I select red cards filter&#xD;
-&gt; done: FilterSteps.WhenISelectRedCardsFilter() (0.1s)&#xD;
Then Expanded action log contains "3" items&#xD;
-&gt; done: ExpandedActionLogSteps.ThenExpandedActionLogContainsItemsCount(3) (0.0s)&#xD;
And Actions are displayed in expanded action log in order:&#xD;
  --- table step argument ---&#xD;
  | expectedType       |&#xD;
  | Second Yellow Card |&#xD;
  | Yellow Card        |&#xD;
  | Red Card           |&#xD;
-&gt; done: ExpandedActionLogSteps.ThenActionsAreDisplayedInActionLogAtPositions(System.Collection...) (0.2s)&#xD;
sandbox: CleanUpAfterTestRun started.&#xD;
sandbox: application pages != null: True&#xD;
sandbox: web driver!= null: True&#xD;
sandbox: CleanUpAfterTestRun complete.</StdOut>
      </Output>
    </UnitTestResult>
    <UnitTestResult executionId="57643e43-c217-4bdc-bd9f-c11f3452088e" testId="cb4ee736-599a-3a69-94ed-b9c42c12de7b" testName="CanOpenExpandedActionLogDuringBookingWorkflow" computerName="EC2AMAZ-JEOO151" duration="00:00:04.9150000" startTime="2019-07-11T18:49:44.0000000+00:00" endTime="2019-07-11T18:49:49.0000000+00:00" testType="13cdc9d9-ddb5-4fa4-a97d-d965ccfc6d4b" outcome="Passed" testListId="8c84fa94-04c1-424b-9868-57a2d4851a1d" relativeResultsDirectory="57643e43-c217-4bdc-bd9f-c11f3452088e">
      <Output>
        <StdOut>sandbox: PrepareForTestRun started.&#xD;
sandbox: football liveStatsApp != null: True &#xD;
sandbox: football liveStatsApp.IsProcessRunning: True &#xD;
sandbox: setupLocalData: localDatabaseProvider != null: True&#xD;
sandbox: applicationPages != null: True&#xD;
sandbox: applicationPages.Webdriver != null: True&#xD;
sandbox: finished setuping local data&#xD;
sandbox: PrepareForTestRun complete.&#xD;
Given Match started with kick off from existing game&#xD;
-&gt; done: SetupGameSteps.GivenMatchStartedWithKickOffButtonFromExistingGame() (3.3s)&#xD;
Given "Booking" record workflow is started for team "1"&#xD;
-&gt; done: TeamActionButtonSteps.GivenStartedRecordWorkflow(Booking, 1) (0.7s)&#xD;
When I open Expanded Action log&#xD;
-&gt; done: ActionLogSteps.WhenIClickExpandActionLogButton() (0.1s)&#xD;
Then expanded action log is shown&#xD;
-&gt; done: ExpandedActionLogSteps.ThenExpandedActionLogIsShown() (0.0s)&#xD;
sandbox: CleanUpAfterTestRun started.&#xD;
sandbox: application pages != null: True&#xD;
sandbox: web driver!= null: True&#xD;
sandbox: CleanUpAfterTestRun complete.</StdOut>
      </Output>
    </UnitTestResult>
    <UnitTestResult executionId="d9c677e9-f07c-4493-a91a-01264bc9859b" testId="2f4453a7-e295-e7a7-9a6d-bb79a4eb0aad" testName="FootballSaveGoalVARWithOverturned(&quot;Overturned&quot;,&quot;Offence&quot;,null)" computerName="EC2AMAZ-JEOO151" duration="00:00:13.3310000" startTime="2019-07-11T18:01:17.0000000+00:00" endTime="2019-07-11T18:01:30.0000000+00:00" testType="13cdc9d9-ddb5-4fa4-a97d-d965ccfc6d4b" outcome="Passed" testListId="8c84fa94-04c1-424b-9868-57a2d4851a1d" relativeResultsDirectory="d9c677e9-f07c-4493-a91a-01264bc9859b">
      <Output>
        <StdOut>sandbox: PrepareForTestRun started.&#xD;
sandbox: football liveStatsApp != null: True &#xD;
sandbox: football liveStatsApp.IsProcessRunning: True &#xD;
sandbox: setupLocalData: localDatabaseProvider != null: True&#xD;
sandbox: applicationPages != null: True&#xD;
sandbox: applicationPages.Webdriver != null: True&#xD;
sandbox: finished setuping local data&#xD;
sandbox: PrepareForTestRun complete.&#xD;
Given Match started with kick off from existing game&#xD;
-&gt; done: SetupGameSteps.GivenMatchStartedWithKickOffButtonFromExistingGame() (3.3s)&#xD;
And I remembered current players on pitch shirt numbers&#xD;
-&gt; done: GoalEditSteps.GivenIRememberCurrentPlayersOnPitch() (1.5s)&#xD;
Given I add a goal for team 1 player 4 assisted by player 13&#xD;
Given action failed. Retrying after a timeout.&#xD;
-&gt; done: GoalSteps.GivenIAddAGoalForTeamPlayerAssistedByPlayer(1, 4, 13) (4.0s)&#xD;
And I click goal event in action log&#xD;
-&gt; done: ActionLogSteps.GivenIClickGoalEventInActionLog() (0.3s)&#xD;
When I click "VAR" toggle&#xD;
-&gt; done: EditFormSteps.GivenIClickToggleToEnable() (0.1s)&#xD;
And I click Var "Overturned" button&#xD;
-&gt; done: EditFormSteps.WhenIClickVarOverturnedButton() (0.1s)&#xD;
And I click VAR reason button&#xD;
-&gt; done: EditFormSteps.WhenIClickVarReasonButton() (0.0s)&#xD;
And I select VAR reason Offence&#xD;
-&gt; done: EditFormSteps.WhenISelectVarReason("Offence") (0.1s)&#xD;
And I click Save button in action edit form&#xD;
-&gt; done: EditFormSteps.ClickSaveButtonInActionEditForm() (0.6s)&#xD;
Then VAR label is shown in Goal event action log&#xD;
-&gt; done: ActionLogSteps.ThenOffenceIsShownInPenaltyEventActionLog("VAR", Goal) (0.1s)&#xD;
And VAR label of "Goal" event in action log contains "Offence - Overturned" message&#xD;
-&gt; done: ActionLogSteps.ThenSubItemOfEventInActionLogIsInTeamColor("VAR", Goal, "Offence - Overturned") (0.1s)&#xD;
And Score is 0 for team 1&#xD;
-&gt; done: ScoreBoardSteps.ThenScoreIsForTeam(0, 1) (0.1s)&#xD;
And Score is 0 for team 2&#xD;
-&gt; done: ScoreBoardSteps.ThenScoreIsForTeam(0, 2) (0.1s)&#xD;
And Player on pitch with shirt number 4 of team 1 do not have goal icon&#xD;
Failed to find data-qa element with tag 'playerGoals'. No such element exception.&#xD;
-&gt; done: PitchPlayersComponentSteps.ThenPlayerOnPitchWithShirtNumberOfTeamDoNotHaveGoalIcon(4, 1) (2.1s)&#xD;
sandbox: CleanUpAfterTestRun started.&#xD;
sandbox: application pages != null: True&#xD;
sandbox: web driver!= null: True&#xD;
sandbox: CleanUpAfterTestRun complete.</StdOut>
      </Output>
    </UnitTestResult>
    <UnitTestResult executionId="abf0a809-f6ee-4745-a36b-d3474a881074" testId="40bd7596-4015-d1a3-5a1e-dad11732760d" testName="GivenGameWithThrowInInFirstHalf_WhenEditingThrowInWhileInSecondHalf_ThenCanSaveData" computerName="EC2AMAZ-JEOO151" duration="00:00:15.1020000" startTime="2019-07-11T20:44:41.0000000+00:00" endTime="2019-07-11T20:44:56.0000000+00:00" testType="13cdc9d9-ddb5-4fa4-a97d-d965ccfc6d4b" outcome="Passed" testListId="8c84fa94-04c1-424b-9868-57a2d4851a1d" relativeResultsDirectory="abf0a809-f6ee-4745-a36b-d3474a881074">
      <Output>
        <StdOut>sandbox: PrepareForTestRun started.&#xD;
sandbox: football liveStatsApp != null: True &#xD;
sandbox: football liveStatsApp.IsProcessRunning: True &#xD;
sandbox: setupLocalData: localDatabaseProvider != null: True&#xD;
sandbox: applicationPages != null: True&#xD;
sandbox: applicationPages.Webdriver != null: True&#xD;
sandbox: finished setuping local data&#xD;
sandbox: PrepareForTestRun complete.&#xD;
Given action failed. Retrying after a timeout.&#xD;
Failed to find data-qa element with tag 'setPitchLocationButton'. No such element exception.&#xD;
Failed to find element with query '[data-qa='throwInEditScreen']'. Web driver timeout exception.&#xD;
sandbox: CleanUpAfterTestRun started.&#xD;
sandbox: application pages != null: True&#xD;
sandbox: web driver!= null: True&#xD;
sandbox: CleanUpAfterTestRun complete.</StdOut>
      </Output>
    </UnitTestResult>
    <UnitTestResult executionId="b4642ab0-429b-4e73-ab30-bf42621a30e8" testId="d69fb7d9-0f17-5e56-ea54-40ae8d9f865b" testName="CornerRecordedActionCanBeFlagged" computerName="EC2AMAZ-JEOO151" duration="00:00:07.8640000" startTime="2019-07-11T19:40:40.0000000+00:00" endTime="2019-07-11T19:40:47.0000000+00:00" testType="13cdc9d9-ddb5-4fa4-a97d-d965ccfc6d4b" outcome="Passed" testListId="8c84fa94-04c1-424b-9868-57a2d4851a1d" relativeResultsDirectory="b4642ab0-429b-4e73-ab30-bf42621a30e8">
      <Output>
        <StdOut>sandbox: PrepareForTestRun started.&#xD;
sandbox: football liveStatsApp != null: True &#xD;
sandbox: football liveStatsApp.IsProcessRunning: True &#xD;
sandbox: setupLocalData: localDatabaseProvider != null: True&#xD;
sandbox: applicationPages != null: True&#xD;
sandbox: applicationPages.Webdriver != null: True&#xD;
sandbox: finished setuping local data&#xD;
sandbox: PrepareForTestRun complete.&#xD;
Given Match started with kick off from existing game&#xD;
-&gt; done: SetupGameSteps.GivenMatchStartedWithKickOffButtonFromExistingGame() (3.2s)&#xD;
Given "Top right" corner added for Team 1&#xD;
-&gt; done: CornerSteps.GivenCornerAddedForTeam("Top right", 1) (3.2s)&#xD;
When I click on latest "Corner" event in action log&#xD;
-&gt; done: ActionLogSteps.GivenIClickOnLatestEventInActionLog(Corner) (0.2s)&#xD;
And I click Flag &amp; Save button in action edit form&#xD;
-&gt; done: EditFormSteps.ClickFlagAndSaveInActionEditForm() (0.4s)&#xD;
Then 1 event in action log of type "Corner" is flagged&#xD;
-&gt; done: ActionLogSteps.ThenEventInActionLogOfTypeIsFlagged(1, Corner) (0.0s)&#xD;
sandbox: CleanUpAfterTestRun started.&#xD;
sandbox: application pages != null: True&#xD;
sandbox: web driver!= null: True&#xD;
sandbox: CleanUpAfterTestRun complete.</StdOut>
      </Output>
    </UnitTestResult>
    <UnitTestResult executionId="e8335bc1-bf75-4140-a5af-20db78a793e1" testId="949ba8a1-4832-9275-16cf-961d92f0c18c" testName="SubsCountIsSavedAfterGameSetup(&quot;2&quot;,null)" computerName="EC2AMAZ-JEOO151" duration="00:00:03.2350000" startTime="2019-07-11T17:23:25.0000000+00:00" endTime="2019-07-11T17:23:28.0000000+00:00" testType="13cdc9d9-ddb5-4fa4-a97d-d965ccfc6d4b" outcome="Passed" testListId="8c84fa94-04c1-424b-9868-57a2d4851a1d" relativeResultsDirectory="e8335bc1-bf75-4140-a5af-20db78a793e1">
      <Output>
        <StdOut>sandbox: PrepareForTestRun started.&#xD;
sandbox: football liveStatsApp != null: True &#xD;
sandbox: football liveStatsApp.IsProcessRunning: True &#xD;
sandbox: setupLocalData: localDatabaseProvider != null: True&#xD;
sandbox: applicationPages != null: True&#xD;
sandbox: applicationPages.Webdriver != null: True&#xD;
sandbox: finished setuping local data&#xD;
sandbox: PrepareForTestRun complete.&#xD;
Given Home screen is visible&#xD;
-&gt; done: DashBoardSteps.GivenPrimaryApplicationHomeScreenIsVisible() (0.3s)&#xD;
When I click on enter game details manually&#xD;
-&gt; done: DashBoardSteps.WhenAsPrimaryIClickOnEnterGameDetailsManuallyButton() (0.1s)&#xD;
When mandatory game fields "Game Number", "Competition" and "Date &amp; Time" are filled&#xD;
-&gt; done: GameInformationTabSteps.GivenMandatoryGameFieldsAndAreFilled() (0.9s)&#xD;
And I set "Subs count" to 2 in General Information tab&#xD;
-&gt; done: GameInformationTabSteps.WhenIEnterInGeneralInformationTab(2) (0.1s)&#xD;
And I click Save &amp; Next button&#xD;
-&gt; done: GameSetupSteps.WhenIClickSaveNextButton() (0.1s)&#xD;
And I click on General Information tab&#xD;
-&gt; done: GameInformationTabSteps.WhenIClickOnGeneralInformationTab() (0.3s)&#xD;
Then "Subs count" is set to 2 in game information tab&#xD;
-&gt; done: GameInformationTabSteps.ThenNumberOfSubseIsSetTo("2") (0.0s)&#xD;
sandbox: CleanUpAfterTestRun started.&#xD;
sandbox: application pages != null: True&#xD;
sandbox: web driver!= null: True&#xD;
Given action failed. Retrying after a timeout. Most likely UI was not fast enough to refresh itself.&#xD;
sandbox: CleanUpAfterTestRun complete.</StdOut>
      </Output>
    </UnitTestResult>
    <UnitTestResult executionId="9d604e88-f589-437e-99a8-61fcfaf0523c" testId="2943b319-44b9-ca4f-38e9-12da6faac645" testName="GivenSetupFinished_WhenAttackDirectionPicked_ThenKickOffGameDialogPresented(1,ToLeft)" computerName="EC2AMAZ-JEOO151" duration="00:00:09.8020000" startTime="2019-07-11T21:34:57.0000000+00:00" endTime="2019-07-11T21:35:07.0000000+00:00" testType="13cdc9d9-ddb5-4fa4-a97d-d965ccfc6d4b" outcome="Passed" testListId="8c84fa94-04c1-424b-9868-57a2d4851a1d" relativeResultsDirectory="9d604e88-f589-437e-99a8-61fcfaf0523c">
      <Output>
        <StdOut>sandbox: PrepareForTestRun started.&#xD;
sandbox: football liveStatsApp != null: True &#xD;
sandbox: football liveStatsApp.IsProcessRunning: True &#xD;
sandbox: setupLocalData: localDatabaseProvider != null: True&#xD;
sandbox: applicationPages != null: True&#xD;
sandbox: applicationPages.Webdriver != null: True&#xD;
sandbox: finished setuping local data&#xD;
sandbox: PrepareForTestRun complete.&#xD;
sandbox: CleanUpAfterTestRun started.&#xD;
sandbox: application pages != null: True&#xD;
sandbox: web driver!= null: True&#xD;
sandbox: CleanUpAfterTestRun complete.</StdOut>
      </Output>
    </UnitTestResult>
    <UnitTestResult executionId="f0a9653d-47b5-4d61-8159-323d60afcab7" testId="50b866a2-f973-b573-45bf-538c8e5711cf" testName="GivenPlayerWithInjury_WhenSettingPlayerBackOnPitch_ThenPlayerRecovered" computerName="EC2AMAZ-JEOO151" duration="00:00:08.2650000" startTime="2019-07-11T21:06:25.0000000+00:00" endTime="2019-07-11T21:06:33.0000000+00:00" testType="13cdc9d9-ddb5-4fa4-a97d-d965ccfc6d4b" outcome="Passed" testListId="8c84fa94-04c1-424b-9868-57a2d4851a1d" relativeResultsDirectory="f0a9653d-47b5-4d61-8159-323d60afcab7">
      <Output>
        <StdOut>sandbox: PrepareForTestRun started.&#xD;
sandbox: football liveStatsApp != null: True &#xD;
sandbox: football liveStatsApp.IsProcessRunning: True &#xD;
sandbox: setupLocalData: localDatabaseProvider != null: True&#xD;
sandbox: applicationPages != null: True&#xD;
sandbox: applicationPages.Webdriver != null: True&#xD;
sandbox: finished setuping local data&#xD;
sandbox: PrepareForTestRun complete.&#xD;
Failed to find data-qa element with tag 'playerInjured'. No such element exception.&#xD;
sandbox: CleanUpAfterTestRun started.&#xD;
sandbox: application pages != null: True&#xD;
sandbox: web driver!= null: True&#xD;
sandbox: CleanUpAfterTestRun complete.</StdOut>
      </Output>
    </UnitTestResult>
    <UnitTestResult executionId="ad66bd19-0288-4f3a-a287-9f5482c9679b" testId="d566d8f0-3834-70a1-7633-671fea77a3e6" testName="GivenGoalKickRegistered_WhenUpdatingGoalKickTakenTime_ThenEnablesSaveButton" computerName="EC2AMAZ-JEOO151" duration="00:00:07.5330000" startTime="2019-07-11T20:32:36.0000000+00:00" endTime="2019-07-11T20:32:44.0000000+00:00" testType="13cdc9d9-ddb5-4fa4-a97d-d965ccfc6d4b" outcome="Passed" testListId="8c84fa94-04c1-424b-9868-57a2d4851a1d" relativeResultsDirectory="ad66bd19-0288-4f3a-a287-9f5482c9679b">
      <Output>
        <StdOut>sandbox: PrepareForTestRun started.&#xD;
sandbox: football liveStatsApp != null: True &#xD;
sandbox: football liveStatsApp.IsProcessRunning: True &#xD;
sandbox: setupLocalData: localDatabaseProvider != null: True&#xD;
sandbox: applicationPages != null: True&#xD;
sandbox: applicationPages.Webdriver != null: True&#xD;
sandbox: finished setuping local data&#xD;
sandbox: PrepareForTestRun complete.&#xD;
Given action failed. Retrying after a timeout.&#xD;
sandbox: CleanUpAfterTestRun started.&#xD;
sandbox: application pages != null: True&#xD;
sandbox: web driver!= null: True&#xD;
sandbox: CleanUpAfterTestRun complete.</StdOut>
      </Output>
    </UnitTestResult>
    <UnitTestResult executionId="3fafe170-0fec-48d2-bc49-ab4614d0bbfb" testId="12133a89-3b23-159d-ac72-4cc3e538f5e3" testName="ShotWorkflowCanBeStartedDuringAnyCornerWorkflowStep(&quot;taken&quot;,&quot;1&quot;,null)" computerName="EC2AMAZ-JEOO151" duration="00:00:07.4860000" startTime="2019-07-11T19:24:44.0000000+00:00" endTime="2019-07-11T19:24:52.0000000+00:00" testType="13cdc9d9-ddb5-4fa4-a97d-d965ccfc6d4b" outcome="Passed" testListId="8c84fa94-04c1-424b-9868-57a2d4851a1d" relativeResultsDirectory="3fafe170-0fec-48d2-bc49-ab4614d0bbfb">
      <Output>
        <StdOut>sandbox: PrepareForTestRun started.&#xD;
sandbox: football liveStatsApp != null: True &#xD;
sandbox: football liveStatsApp.IsProcessRunning: True &#xD;
sandbox: setupLocalData: localDatabaseProvider != null: True&#xD;
sandbox: applicationPages != null: True&#xD;
sandbox: applicationPages.Webdriver != null: True&#xD;
sandbox: finished setuping local data&#xD;
sandbox: PrepareForTestRun complete.&#xD;
Given Match started with kick off from existing game&#xD;
-&gt; done: SetupGameSteps.GivenMatchStartedWithKickOffButtonFromExistingGame() (3.3s)&#xD;
Given Corner for team "1" workflow entered till taken selection&#xD;
Given action failed. Retrying after a timeout.&#xD;
-&gt; done: CornerSteps.GivenCornerForTeamAndWorkflowEnteredTillFoulBySelection(1) (3.3s)&#xD;
Then Can register shot for team "1" but not for other&#xD;
-&gt; done: ShotRegistrationSteps.ThenCanRegisterShotForTeamButNotForOther(1) (0.1s)&#xD;
sandbox: CleanUpAfterTestRun started.&#xD;
sandbox: application pages != null: True&#xD;
sandbox: web driver!= null: True&#xD;
sandbox: CleanUpAfterTestRun complete.</StdOut>
      </Output>
    </UnitTestResult>
    <UnitTestResult executionId="67ea9dc8-7c2e-4a68-9a51-609ee7303344" testId="b19b92f7-831d-8cf3-6cdb-3559e765e691" testName="EditFreeKickDuringWorkflowFromActionLog" computerName="EC2AMAZ-JEOO151" duration="00:00:06.9480000" startTime="2019-07-11T17:53:10.0000000+00:00" endTime="2019-07-11T17:53:17.0000000+00:00" testType="13cdc9d9-ddb5-4fa4-a97d-d965ccfc6d4b" outcome="Passed" testListId="8c84fa94-04c1-424b-9868-57a2d4851a1d" relativeResultsDirectory="67ea9dc8-7c2e-4a68-9a51-609ee7303344">
      <Output>
        <StdOut>sandbox: PrepareForTestRun started.&#xD;
sandbox: football liveStatsApp != null: True &#xD;
sandbox: football liveStatsApp.IsProcessRunning: True &#xD;
sandbox: setupLocalData: localDatabaseProvider != null: True&#xD;
sandbox: applicationPages != null: True&#xD;
sandbox: applicationPages.Webdriver != null: True&#xD;
sandbox: finished setuping local data&#xD;
sandbox: PrepareForTestRun complete.&#xD;
Given Match started with kick off from existing game&#xD;
-&gt; done: SetupGameSteps.GivenMatchStartedWithKickOffButtonFromExistingGame() (3.3s)&#xD;
Given Freekick for Team 1 is registered&#xD;
-&gt; done: FreeKickSteps.GivenFreekickForTeamIsRegistered(1) (1.6s)&#xD;
When I click "Possible Corner" button for team 1&#xD;
-&gt; done: TeamActionButtonSteps.WhenIClickPossibleCornerButtonForTeam(1) (0.5s)&#xD;
And I click on latest "FreeKick" event in action log&#xD;
-&gt; done: ActionLogSteps.GivenIClickOnLatestEventInActionLog(FreeKick) (0.2s)&#xD;
And I click Flag &amp; Save button in action edit form&#xD;
-&gt; done: EditFormSteps.ClickFlagAndSaveInActionEditForm() (0.4s)&#xD;
And I click on "Top right" corner&#xD;
-&gt; done: CornerSteps.WhenIClickOnCorner("Top right") (0.1s)&#xD;
Then "Corner" confirmation dialog is visible&#xD;
-&gt; done: CornerSteps.ThenConfirmationDialogIsVisible() (0.1s)&#xD;
sandbox: CleanUpAfterTestRun started.&#xD;
sandbox: application pages != null: True&#xD;
sandbox: web driver!= null: True&#xD;
sandbox: CleanUpAfterTestRun complete.</StdOut>
      </Output>
    </UnitTestResult>
    <UnitTestResult executionId="b362315e-ae08-4849-9f07-5b3d5189c4d8" testId="ca8e512f-7689-cc80-4409-4fb086071052" testName="CancellingGoalWorkflowResumesFreeKickWorkflow(&quot;foul by&quot;,&quot;2&quot;,null)" computerName="EC2AMAZ-JEOO151" duration="00:00:06.1180000" startTime="2019-07-11T18:58:27.0000000+00:00" endTime="2019-07-11T18:58:34.0000000+00:00" testType="13cdc9d9-ddb5-4fa4-a97d-d965ccfc6d4b" outcome="Passed" testListId="8c84fa94-04c1-424b-9868-57a2d4851a1d" relativeResultsDirectory="b362315e-ae08-4849-9f07-5b3d5189c4d8">
      <Output>
        <StdOut>sandbox: PrepareForTestRun started.&#xD;
sandbox: football liveStatsApp != null: True &#xD;
sandbox: football liveStatsApp.IsProcessRunning: True &#xD;
sandbox: setupLocalData: localDatabaseProvider != null: True&#xD;
sandbox: applicationPages != null: True&#xD;
sandbox: applicationPages.Webdriver != null: True&#xD;
sandbox: finished setuping local data&#xD;
sandbox: PrepareForTestRun complete.&#xD;
Given Match started with kick off from existing game&#xD;
-&gt; done: SetupGameSteps.GivenMatchStartedWithKickOffButtonFromExistingGame() (3.3s)&#xD;
Given Free kick for team "2" workflow entered till foul by selection&#xD;
-&gt; done: FreeKickSteps.GivenFreeKickForTeamAndWorkflowEnteredTillFoulBySelection(2) (0.8s)&#xD;
When I click goal for team 2 button&#xD;
Given action failed. Retrying after a timeout.&#xD;
-&gt; done: TeamActionButtonSteps.GivenIClickGoalForTeamButton(2) (0.5s)&#xD;
And I Click "back" Button on the pitch screen&#xD;
-&gt; done: WorkflowSteps.WhenIClickBackButton() (0.3s)&#xD;
Then Latest freekick event is in progress&#xD;
-&gt; done: ActionLogSteps.ThenFreekickEventIsNotCompleted() (0.0s)&#xD;
And Current free kick step is foul by selection&#xD;
-&gt; done: FreeKickSteps.ThenCurrentFreekickStepIsFoulBySelection() (0.3s)&#xD;
And Latest action in log is of type "FreeKick"&#xD;
-&gt; done: ActionLogSteps.ThenLatestActionIsOfTypeGoal(FreeKick) (0.0s)&#xD;
And Latest action of type "FreeKick" is not flagged&#xD;
-&gt; done: ActionLogSteps.ThenLatestEventInActionLogOfTypeIsNotFlagged(FreeKick) (0.0s)&#xD;
sandbox: CleanUpAfterTestRun started.&#xD;
sandbox: application pages != null: True&#xD;
sandbox: web driver!= null: True&#xD;
sandbox: CleanUpAfterTestRun complete.</StdOut>
      </Output>
    </UnitTestResult>
    <UnitTestResult executionId="02ca47cd-dbba-4a9b-ac2f-db95a78e8121" testId="bb7f604a-8cc3-3c56-03bd-c533e2cd59bb" testName="CancellingGoalWorkflowResumesFreeKickWorkflow(&quot;taken&quot;,&quot;1&quot;,null)" computerName="EC2AMAZ-JEOO151" duration="00:00:07.8990000" startTime="2019-07-11T18:58:41.0000000+00:00" endTime="2019-07-11T18:58:49.0000000+00:00" testType="13cdc9d9-ddb5-4fa4-a97d-d965ccfc6d4b" outcome="Passed" testListId="8c84fa94-04c1-424b-9868-57a2d4851a1d" relativeResultsDirectory="02ca47cd-dbba-4a9b-ac2f-db95a78e8121">
      <Output>
        <StdOut>sandbox: PrepareForTestRun started.&#xD;
sandbox: football liveStatsApp != null: True &#xD;
sandbox: football liveStatsApp.IsProcessRunning: True &#xD;
sandbox: setupLocalData: localDatabaseProvider != null: True&#xD;
sandbox: applicationPages != null: True&#xD;
sandbox: applicationPages.Webdriver != null: True&#xD;
sandbox: finished setuping local data&#xD;
sandbox: PrepareForTestRun complete.&#xD;
Given Match started with kick off from existing game&#xD;
-&gt; done: SetupGameSteps.GivenMatchStartedWithKickOffButtonFromExistingGame() (3.3s)&#xD;
Given Free kick for team "1" workflow entered till taken selection&#xD;
Given action failed. Retrying after a timeout.&#xD;
-&gt; done: FreeKickSteps.GivenFreeKickForTeamAndWorkflowEnteredTillTakenSelection(1) (1.7s)&#xD;
When I click goal for team 1 button&#xD;
Given action failed. Retrying after a timeout.&#xD;
-&gt; done: TeamActionButtonSteps.GivenIClickGoalForTeamButton(1) (0.5s)&#xD;
And I Click "back" Button on the pitch screen&#xD;
-&gt; done: WorkflowSteps.WhenIClickBackButton() (0.2s)&#xD;
Then Latest freekick event is in progress&#xD;
-&gt; done: ActionLogSteps.ThenFreekickEventIsNotCompleted() (0.2s)&#xD;
And Current free kick step is taken selection&#xD;
-&gt; done: FreeKickSteps.ThenCurrentFreeKickStepIsTakenSelection() (0.2s)&#xD;
And Latest action in log is of type "FreeKick"&#xD;
-&gt; done: ActionLogSteps.ThenLatestActionIsOfTypeGoal(FreeKick) (0.0s)&#xD;
And Latest action of type "FreeKick" is not flagged&#xD;
-&gt; done: ActionLogSteps.ThenLatestEventInActionLogOfTypeIsNotFlagged(FreeKick) (0.0s)&#xD;
sandbox: CleanUpAfterTestRun started.&#xD;
sandbox: application pages != null: True&#xD;
sandbox: web driver!= null: True&#xD;
sandbox: CleanUpAfterTestRun complete.</StdOut>
      </Output>
    </UnitTestResult>
    <UnitTestResult executionId="7bc2149a-f456-457c-b782-d162fe110d30" testId="21391641-1613-6500-6bc7-1eeae99248ae" testName="PenaltyGoal(&quot;1&quot;,&quot;2&quot;,&quot;90&quot;,&quot;50&quot;,&quot;5&quot;,&quot;16&quot;,null)" computerName="EC2AMAZ-JEOO151" duration="00:00:14.0820000" startTime="2019-07-11T19:05:58.0000000+00:00" endTime="2019-07-11T19:06:12.0000000+00:00" testType="13cdc9d9-ddb5-4fa4-a97d-d965ccfc6d4b" outcome="Passed" testListId="8c84fa94-04c1-424b-9868-57a2d4851a1d" relativeResultsDirectory="7bc2149a-f456-457c-b782-d162fe110d30">
      <Output>
        <StdOut>sandbox: PrepareForTestRun started.&#xD;
sandbox: football liveStatsApp != null: True &#xD;
sandbox: football liveStatsApp.IsProcessRunning: True &#xD;
sandbox: setupLocalData: localDatabaseProvider != null: True&#xD;
sandbox: applicationPages != null: True&#xD;
sandbox: applicationPages.Webdriver != null: True&#xD;
sandbox: finished setuping local data&#xD;
sandbox: PrepareForTestRun complete.&#xD;
Given Match started with kick off from existing game&#xD;
-&gt; done: SetupGameSteps.GivenMatchStartedWithKickOffButtonFromExistingGame() (3.3s)&#xD;
When I click "Possible Penalty" button for team 1&#xD;
-&gt; done: TeamActionButtonSteps.GivenIClickPossiblePenaltyButtonForTeam(1) (0.5s)&#xD;
And I confirm penalty by clicking "Confirm" button&#xD;
-&gt; done: PenaltySteps.WhenIConfirmPenaltyByClickingButton() (2.2s)&#xD;
And I click on pitch x 90 and y 50&#xD;
Failed to find element with query '[data-qa='activePitchOverlay']'. Web driver timeout exception.&#xD;
Given action failed. Retrying after a timeout.&#xD;
Failed to find element with query '[data-qa='activePitchOverlay']'. Web driver timeout exception.&#xD;
-&gt; done: PitchScreenSteps.WhenIClickOnPitch(90, 50) (4.5s)&#xD;
And I click "Foul" reason button&#xD;
-&gt; done: CardSteps.WhenIClickReasonButton("Foul") (0.2s)&#xD;
And I click on team 2 player on pitch with shirt number 5&#xD;
-&gt; done: PitchPlayersComponentSteps.WhenIClickOnTeamPlayerOnPitchWithShirtNumber(2, 5) (0.3s)&#xD;
And I click on team 1 player on pitch with shirt number 16&#xD;
-&gt; done: PitchPlayersComponentSteps.WhenIClickOnTeamPlayerOnPitchWithShirtNumber(1, 16) (0.4s)&#xD;
And I click "Penalty Goal" Button&#xD;
-&gt; done: PenaltySteps.WhenIClickPenaltyGoalButton() (0.2s)&#xD;
Then "Penalty Goal" confirmation dialog is visible&#xD;
-&gt; done: GoalSteps.ThenConfirmationDialogIsVisible() (0.3s)&#xD;
And Player on pitch 9 of team 1 is shown on dialog&#xD;
-&gt; done: GoalSteps.ThenPlayerOnPitchOfTeamIsShownOnDialog(9, 1) (0.2s)&#xD;
And Score is 1 for team 1&#xD;
-&gt; done: ScoreBoardSteps.ThenScoreIsForTeam(1, 1) (0.1s)&#xD;
And Score is 0 for team 2&#xD;
-&gt; done: ScoreBoardSteps.ThenScoreIsForTeam(0, 2) (0.1s)&#xD;
And "Back" button is shown&#xD;
-&gt; done: WorkflowSteps.ThenBackButtonIsVisible() (0.0s)&#xD;
And "Cancel &amp; Delete" button is shown&#xD;
-&gt; done: WorkflowSteps.ThenCancelAndDeleteButtonIsShown() (0.0s)&#xD;
And Ball icon is shown on player on pitch with shirt number 16 of team 1&#xD;
-&gt; done: PitchPlayersComponentSteps.ThenBallIconIsShownOnPlayerOnPitchWithShirtNumberOfTeamButton(16, 1) (0.2s)&#xD;
And Player on pitch 9 of team 1 is shown in Penalty of "Penalty" event in action log&#xD;
-&gt; done: ActionLogSteps.ThenPlayerOnPitchOfTeamIsShownInGoalOfEventInActionLog(9, 1, "Penalty", Penalty) (0.2s)&#xD;
And All action buttons except card and goal buttons are disabled for both teams&#xD;
-&gt; done: TeamActionButtonSteps.ThenAllActionButtonsExceptCardAndGoalButtonsAreDisabledForBothTeams() (0.6s)&#xD;
And penalty action button is selected for team "1"&#xD;
-&gt; done: TeamActionButtonSteps.ThenPenaltyActionButtonIsSelected(1) (0.0s)&#xD;
sandbox: CleanUpAfterTestRun started.&#xD;
sandbox: application pages != null: True&#xD;
sandbox: web driver!= null: True&#xD;
sandbox: CleanUpAfterTestRun complete.</StdOut>
      </Output>
    </UnitTestResult>
    <UnitTestResult executionId="e5f40947-3db6-40e7-840d-2a42bf61e926" testId="1f2f1b08-8482-c1b3-6602-1af4be0ea2ce" testName="ChangeActionTimeAndTakenTime" computerName="EC2AMAZ-JEOO151" duration="00:00:14.4990000" startTime="2019-07-11T18:05:54.0000000+00:00" endTime="2019-07-11T18:06:08.0000000+00:00" testType="13cdc9d9-ddb5-4fa4-a97d-d965ccfc6d4b" outcome="Passed" testListId="8c84fa94-04c1-424b-9868-57a2d4851a1d" relativeResultsDirectory="e5f40947-3db6-40e7-840d-2a42bf61e926">
      <Output>
        <StdOut>sandbox: PrepareForTestRun started.&#xD;
sandbox: football liveStatsApp != null: True &#xD;
sandbox: football liveStatsApp.IsProcessRunning: True &#xD;
sandbox: setupLocalData: localDatabaseProvider != null: True&#xD;
sandbox: applicationPages != null: True&#xD;
sandbox: applicationPages.Webdriver != null: True&#xD;
sandbox: finished setuping local data&#xD;
sandbox: PrepareForTestRun complete.&#xD;
Given Match started with kick off from existing game&#xD;
-&gt; done: SetupGameSteps.GivenMatchStartedWithKickOffButtonFromExistingGame() (3.2s)&#xD;
Given Made penalty registered for player with shirt number 10 of team 1 fouled by player with shirt number 3&#xD;
-&gt; done: PenaltySteps.GivenPenaltyRegisteredForTeam(10, 1, 3) (6.8s)&#xD;
And I click top event in action log&#xD;
-&gt; done: ActionLogSteps.GivenIClickPenaltyEventInActionLog() (0.3s)&#xD;
When I enter new conceded event time of "0345"&#xD;
-&gt; done: EditFormSteps.GivenIEnterNewConcededEventTimeOf("0345") (1.1s)&#xD;
And I enter new taken event time of "0401"&#xD;
-&gt; done: EditFormSteps.GivenIEnterNewTakenEventTimeOf("0401") (1.1s)&#xD;
And I click Save button in action edit form&#xD;
-&gt; done: EditFormSteps.ClickSaveButtonInActionEditForm() (0.7s)&#xD;
And I click top event in action log&#xD;
-&gt; done: ActionLogSteps.GivenIClickPenaltyEventInActionLog() (0.2s)&#xD;
Then Latest "Penalty" event in action log conceded time is "03:45"&#xD;
-&gt; done: ActionLogSteps.ThenLatestEventInActionLogConcededTimeIs(Penalty, "03:45") (0.1s)&#xD;
And "Taken time" of action edit page is "0401"&#xD;
-&gt; done: EditFormSteps.ThenOfActionEditPageIs("0401") (0.1s)&#xD;
And "Edit time" of action edit page is "0345"&#xD;
-&gt; done: EditFormSteps.ThenEditTimeOfActionEditPageIs("0345") (0.1s)&#xD;
sandbox: CleanUpAfterTestRun started.&#xD;
sandbox: application pages != null: True&#xD;
sandbox: web driver!= null: True&#xD;
sandbox: CleanUpAfterTestRun complete.</StdOut>
      </Output>
    </UnitTestResult>
    <UnitTestResult executionId="4913e56a-fcab-4456-bc80-d1055fac230e" testId="309c8816-9aaf-e6d1-03a2-3c4ead80ca13" testName="ShotCompletesCornerWorkflow(&quot;confirmation&quot;,null)" computerName="EC2AMAZ-JEOO151" duration="00:00:06.2500000" startTime="2019-07-11T19:23:57.0000000+00:00" endTime="2019-07-11T19:24:03.0000000+00:00" testType="13cdc9d9-ddb5-4fa4-a97d-d965ccfc6d4b" outcome="Passed" testListId="8c84fa94-04c1-424b-9868-57a2d4851a1d" relativeResultsDirectory="4913e56a-fcab-4456-bc80-d1055fac230e">
      <Output>
        <StdOut>sandbox: PrepareForTestRun started.&#xD;
sandbox: football liveStatsApp != null: True &#xD;
sandbox: football liveStatsApp.IsProcessRunning: True &#xD;
sandbox: setupLocalData: localDatabaseProvider != null: True&#xD;
sandbox: applicationPages != null: True&#xD;
sandbox: applicationPages.Webdriver != null: True&#xD;
sandbox: finished setuping local data&#xD;
sandbox: PrepareForTestRun complete.&#xD;
Given Match started with kick off from existing game&#xD;
-&gt; done: SetupGameSteps.GivenMatchStartedWithKickOffButtonFromExistingGame() (3.2s)&#xD;
Given Corner for team "1" workflow entered till confirmation selection&#xD;
Given action failed. Retrying after a timeout.&#xD;
-&gt; done: CornerSteps.GivenCornerForTeamAndWorkflowEnteredTillReasonSelection(1) (0.9s)&#xD;
When I click "Shot" button for team 1&#xD;
Given action failed. Retrying after a timeout.&#xD;
-&gt; done: TeamActionButtonSteps.GivenIClickShotButtonForTeam(1) (0.5s)&#xD;
And I click on team 1 player on pitch with shirt number 13&#xD;
-&gt; done: PitchPlayersComponentSteps.WhenIClickOnTeamPlayerOnPitchWithShirtNumber(1, 13) (0.1s)&#xD;
And I click on pitch x 50 and y 50&#xD;
-&gt; done: PitchScreenSteps.WhenIClickOnPitch(50, 50) (0.2s)&#xD;
And I Click "Shot Blocked" button&#xD;
-&gt; done: ShotRegistrationSteps.WhenClickIShotBlockedButton() (0.1s)&#xD;
Then latest "Corner" action is completed in action log&#xD;
-&gt; done: ActionLogSteps.ThenLatestActionIsCompletedInActionLog(Corner) (0.3s)&#xD;
And latest "Shot" action is completed in action log&#xD;
-&gt; done: ActionLogSteps.ThenLatestActionIsCompletedInActionLog(Shot) (0.1s)&#xD;
And Latest action of type "Corner" is not flagged&#xD;
-&gt; done: ActionLogSteps.ThenLatestEventInActionLogOfTypeIsNotFlagged(Corner) (0.0s)&#xD;
sandbox: CleanUpAfterTestRun started.&#xD;
sandbox: application pages != null: True&#xD;
sandbox: web driver!= null: True&#xD;
sandbox: CleanUpAfterTestRun complete.</StdOut>
      </Output>
    </UnitTestResult>
    <UnitTestResult executionId="5ff3d90d-c3be-43da-be6a-67935214b2b3" testId="a6a3b354-f7ab-e7df-6d82-3ac933f7f928" testName="PenaltyActionCanBeUnflagged" computerName="EC2AMAZ-JEOO151" duration="00:00:09.7270000" startTime="2019-07-11T19:42:00.0000000+00:00" endTime="2019-07-11T19:42:09.0000000+00:00" testType="13cdc9d9-ddb5-4fa4-a97d-d965ccfc6d4b" outcome="Passed" testListId="8c84fa94-04c1-424b-9868-57a2d4851a1d" relativeResultsDirectory="5ff3d90d-c3be-43da-be6a-67935214b2b3">
      <Output>
        <StdOut>sandbox: PrepareForTestRun started.&#xD;
sandbox: football liveStatsApp != null: True &#xD;
sandbox: football liveStatsApp.IsProcessRunning: True &#xD;
sandbox: setupLocalData: localDatabaseProvider != null: True&#xD;
sandbox: applicationPages != null: True&#xD;
sandbox: applicationPages.Webdriver != null: True&#xD;
sandbox: finished setuping local data&#xD;
sandbox: PrepareForTestRun complete.&#xD;
Given Match started with kick off from existing game&#xD;
-&gt; done: SetupGameSteps.GivenMatchStartedWithKickOffButtonFromExistingGame() (3.3s)&#xD;
Given Penalty for Team 1 is registered&#xD;
-&gt; done: PenaltySteps.GivenPenaltyForTeamIsRegistered(1) (4.2s)&#xD;
When I click on latest "Penalty" event in action log&#xD;
-&gt; done: ActionLogSteps.GivenIClickOnLatestEventInActionLog(Penalty) (0.2s)&#xD;
And I click Flag &amp; Save button in action edit form&#xD;
-&gt; done: EditFormSteps.ClickFlagAndSaveInActionEditForm() (0.4s)&#xD;
And I click on latest "Penalty" event in action log&#xD;
-&gt; done: ActionLogSteps.GivenIClickOnLatestEventInActionLog(Penalty) (0.1s)&#xD;
And I click Save button in action edit form&#xD;
-&gt; done: EditFormSteps.ClickSaveButtonInActionEditForm() (0.6s)&#xD;
Then 1 event in action log of type "Penalty" is not flagged&#xD;
-&gt; done: ActionLogSteps.ThenEventInActionLogOfTypeIsNotFlagged(1, Penalty) (0.0s)&#xD;
sandbox: CleanUpAfterTestRun started.&#xD;
sandbox: application pages != null: True&#xD;
sandbox: web driver!= null: True&#xD;
sandbox: CleanUpAfterTestRun complete.</StdOut>
      </Output>
    </UnitTestResult>
    <UnitTestResult executionId="4c5df168-8739-464c-914b-f1654d872f66" testId="0721a9ef-9e55-8c41-0cea-47c433dd392d" testName="OverturnedVarIsSaved" computerName="EC2AMAZ-JEOO151" duration="00:00:12.6510000" startTime="2019-07-11T18:07:53.0000000+00:00" endTime="2019-07-11T18:08:05.0000000+00:00" testType="13cdc9d9-ddb5-4fa4-a97d-d965ccfc6d4b" outcome="Passed" testListId="8c84fa94-04c1-424b-9868-57a2d4851a1d" relativeResultsDirectory="4c5df168-8739-464c-914b-f1654d872f66">
      <Output>
        <StdOut>sandbox: PrepareForTestRun started.&#xD;
sandbox: football liveStatsApp != null: True &#xD;
sandbox: football liveStatsApp.IsProcessRunning: True &#xD;
sandbox: setupLocalData: localDatabaseProvider != null: True&#xD;
sandbox: applicationPages != null: True&#xD;
sandbox: applicationPages.Webdriver != null: True&#xD;
sandbox: finished setuping local data&#xD;
sandbox: PrepareForTestRun complete.&#xD;
Given Match started with kick off from existing game&#xD;
-&gt; done: SetupGameSteps.GivenMatchStartedWithKickOffButtonFromExistingGame() (3.3s)&#xD;
Given Made penalty registered for player with shirt number 10 of team 1 fouled by player with shirt number 3&#xD;
Given action failed. Retrying after a timeout.&#xD;
-&gt; done: PenaltySteps.GivenPenaltyRegisteredForTeam(10, 1, 3) (7.0s)&#xD;
And I click top event in action log&#xD;
-&gt; done: ActionLogSteps.GivenIClickPenaltyEventInActionLog() (0.3s)&#xD;
When I click "VAR" toggle&#xD;
-&gt; done: EditFormSteps.GivenIClickToggleToEnable() (0.1s)&#xD;
And I click Var "Stands" button&#xD;
-&gt; done: EditFormSteps.WhenIClickVarStandsButton() (0.1s)&#xD;
And I click Save button in action edit form&#xD;
-&gt; done: EditFormSteps.ClickSaveButtonInActionEditForm() (0.6s)&#xD;
And I click top event in action log&#xD;
-&gt; done: ActionLogSteps.GivenIClickPenaltyEventInActionLog() (0.1s)&#xD;
Then Var outcome Stands is selected&#xD;
-&gt; done: EditFormSteps.ThenVarOutcomeStandsIsSelected() (0.1s)&#xD;
And VAR label of "Penalty" event in action log is in team 1 color&#xD;
-&gt; done: ActionLogSteps.ThenSubItemOfEventInActionLogIsInTeamColor("VAR", Penalty, 1) (0.2s)&#xD;
And VAR label of "Penalty" event in action log contains "Penalty Stands" message&#xD;
-&gt; done: ActionLogSteps.ThenSubItemOfEventInActionLogIsInTeamColor("VAR", Penalty, "Penalty Stands") (0.1s)&#xD;
sandbox: CleanUpAfterTestRun started.&#xD;
sandbox: application pages != null: True&#xD;
sandbox: web driver!= null: True&#xD;
sandbox: CleanUpAfterTestRun complete.</StdOut>
      </Output>
    </UnitTestResult>
    <UnitTestResult executionId="05aebe4f-ae20-4f04-af00-dd7ec709c514" testId="ecc464d3-6846-60d2-d4e6-8b2ddbcf0832" testName="GivenGameKickOffEdit_WhenClosing_ThenFormCloses" computerName="EC2AMAZ-JEOO151" duration="00:00:04.8320000" startTime="2019-07-11T20:33:45.0000000+00:00" endTime="2019-07-11T20:33:50.0000000+00:00" testType="13cdc9d9-ddb5-4fa4-a97d-d965ccfc6d4b" outcome="Passed" testListId="8c84fa94-04c1-424b-9868-57a2d4851a1d" relativeResultsDirectory="05aebe4f-ae20-4f04-af00-dd7ec709c514">
      <Output>
        <StdOut>sandbox: PrepareForTestRun started.&#xD;
sandbox: football liveStatsApp != null: True &#xD;
sandbox: football liveStatsApp.IsProcessRunning: True &#xD;
sandbox: setupLocalData: localDatabaseProvider != null: True&#xD;
sandbox: applicationPages != null: True&#xD;
sandbox: applicationPages.Webdriver != null: True&#xD;
sandbox: finished setuping local data&#xD;
sandbox: PrepareForTestRun complete.&#xD;
sandbox: CleanUpAfterTestRun started.&#xD;
sandbox: application pages != null: True&#xD;
sandbox: web driver!= null: True&#xD;
sandbox: CleanUpAfterTestRun complete.</StdOut>
      </Output>
    </UnitTestResult>
    <UnitTestResult executionId="69ae00ff-cbe7-4e09-b90b-727b3bd566f3" testId="588b44cb-56c6-6ca2-4f78-53938037e146" testName="InsertShotOnPenaltyShootoutKickAfterOrBeforeLastEvent(&quot;before&quot;,&quot;2&quot;,&quot;1&quot;,&quot;4&quot;,&quot;3&quot;,null)" computerName="EC2AMAZ-JEOO151" duration="00:00:25.4990000" startTime="2019-07-11T18:38:58.0000000+00:00" endTime="2019-07-11T18:39:24.0000000+00:00" testType="13cdc9d9-ddb5-4fa4-a97d-d965ccfc6d4b" outcome="Passed" testListId="8c84fa94-04c1-424b-9868-57a2d4851a1d" relativeResultsDirectory="69ae00ff-cbe7-4e09-b90b-727b3bd566f3">
      <Output>
        <StdOut>sandbox: PrepareForTestRun started.&#xD;
sandbox: football liveStatsApp != null: True &#xD;
sandbox: football liveStatsApp.IsProcessRunning: True &#xD;
sandbox: setupLocalData: localDatabaseProvider != null: True&#xD;
sandbox: applicationPages != null: True&#xD;
sandbox: applicationPages.Webdriver != null: True&#xD;
sandbox: finished setuping local data&#xD;
sandbox: PrepareForTestRun complete.&#xD;
Given penalty shoot-out phase started&#xD;
-&gt; done: PitchClockSteps.GivenGamePenaltyShoot_OutPhaseStarted() (14.8s)&#xD;
And I remembered current players on pitch shirt numbers&#xD;
-&gt; done: GoalEditSteps.GivenIRememberCurrentPlayersOnPitch() (1.3s)&#xD;
And I recorded penalty shoot-out kick "Goal" for team 2 player with shirt number 1&#xD;
-&gt; done: PenaltyShootoutSteps.WhenIRecordPenaltyShoot_OutKickGoalForTeamPlayerWithShirtNumber(2, 1) (2.7s)&#xD;
When I click Expand Action log button&#xD;
-&gt; done: ActionLogSteps.WhenIClickExpandActionLogButton() (0.3s)&#xD;
And I insert "PenaltyShootoutKick" before last action in expanded action log&#xD;
-&gt; done: ExpandedActionLogSteps.WhenIInsertPenaltyBeforeLastActionInExpandedActionLog(PenaltyShootoutKick) (0.3s)&#xD;
And I choose player with number 6 from team 2 as penalty taker&#xD;
-&gt; done: PenaltyShootoutEditSteps.WhenIChoosePlayerWithNumberFromTeamAsPenaltyTaker(6, 2) (0.5s)&#xD;
And I click on miss on target result in penalty insert&#xD;
-&gt; done: PenaltyShootoutEditSteps.WhenIClickOnMissOnTargetPenaltyInsert() (0.1s)&#xD;
And I add "top right" shot location in net section&#xD;
-&gt; done: PenaltyShootoutEditSteps.WhenIAddShotLocationInNetSection("top right") (0.3s)&#xD;
And I set penalty retake count to 1 in penalty edit&#xD;
-&gt; done: PenaltyEditSteps.WhenISetRetakeCountTo(1) (0.1s)&#xD;
And I click Save button in action edit form&#xD;
-&gt; done: EditFormSteps.ClickSaveButtonInActionEditForm() (0.6s)&#xD;
Then penalty shootout kick insert view is not visible&#xD;
Failed to find element with query '[data-qa='penaltyShootoutEditScreen']'. Web driver timeout exception.&#xD;
-&gt; done: PenaltyShootoutEditSteps.ThenPenaltyShootoutKickInsertViewIsNotVisible() (2.0s)&#xD;
And "Save by GK" Action is displayed at 3 in expanded action log&#xD;
-&gt; done: ExpandedActionLogSteps.ThenGoalActionIsDisplayedAtInExpandedActionLog("Save by GK", 3) (0.0s)&#xD;
And at 3 position action time is "90:00" in "PSO" half&#xD;
-&gt; done: ExpandedActionLogSteps.ThenAtPositionActionTimeIsInHalf(3, "90:00", "PSO") (0.1s)&#xD;
And at 3 position action has no qualifiers&#xD;
-&gt; done: ExpandedActionLogSteps.ThenAtPositionActionHasNoQualifiers(3) (0.1s)&#xD;
And at 3 position action displays team 1 with no player&#xD;
-&gt; done: ExpandedActionLogSteps.ThenAtPositionActionDisplaysTeamWithNoPlayer(3, 1) (0.0s)&#xD;
And Action at position 3 do not have score&#xD;
-&gt; done: ExpandedActionLogSteps.ThenActionAtPositionDoNotHaveScore(3) (0.0s)&#xD;
And "Penalty Shootout Kick" Action is displayed at 4 in expanded action log&#xD;
-&gt; done: ExpandedActionLogSteps.ThenGoalActionIsDisplayedAtInExpandedActionLog("Penalty Shootout ...", 4) (0.1s)&#xD;
And at 4 position action time is "90:00" in "PSO" half&#xD;
-&gt; done: ExpandedActionLogSteps.ThenAtPositionActionTimeIsInHalf(4, "90:00", "PSO") (0.1s)&#xD;
And at 4 position action has no qualifiers&#xD;
-&gt; done: ExpandedActionLogSteps.ThenAtPositionActionHasNoQualifiers(4) (0.1s)&#xD;
And at 4 position action displays player with number 6 from team 2&#xD;
-&gt; done: ExpandedActionLogSteps.ThenActionAtPositionPlayerIsDisplayedAs(4, 6, 2) (0.1s)&#xD;
And Action at position 4 do not have score&#xD;
-&gt; done: ExpandedActionLogSteps.ThenActionAtPositionDoNotHaveScore(4) (0.1s)&#xD;
sandbox: CleanUpAfterTestRun started.&#xD;
sandbox: application pages != null: True&#xD;
sandbox: web driver!= null: True&#xD;
Given action failed. Retrying after a timeout. Most likely UI was not fast enough to refresh itself.&#xD;
sandbox: CleanUpAfterTestRun complete.</StdOut>
      </Output>
    </UnitTestResult>
    <UnitTestResult executionId="d7effdc4-af4a-447f-b7f2-845f13f569f5" testId="0d8077bc-4636-7e64-1595-c8989e41ea3e" testName="AddPitchLocationInGoalInsert(&quot;adjust&quot;,null)" computerName="EC2AMAZ-JEOO151" duration="00:00:14.5430000" startTime="2019-07-11T18:18:27.0000000+00:00" endTime="2019-07-11T18:18:41.0000000+00:00" testType="13cdc9d9-ddb5-4fa4-a97d-d965ccfc6d4b" outcome="Passed" testListId="8c84fa94-04c1-424b-9868-57a2d4851a1d" relativeResultsDirectory="d7effdc4-af4a-447f-b7f2-845f13f569f5">
      <Output>
        <StdOut>sandbox: PrepareForTestRun started.&#xD;
sandbox: football liveStatsApp != null: True &#xD;
sandbox: football liveStatsApp.IsProcessRunning: True &#xD;
sandbox: setupLocalData: localDatabaseProvider != null: True&#xD;
sandbox: applicationPages != null: True&#xD;
sandbox: applicationPages.Webdriver != null: True&#xD;
sandbox: finished setuping local data&#xD;
sandbox: PrepareForTestRun complete.&#xD;
Given Match started with kick off from existing game&#xD;
-&gt; done: SetupGameSteps.GivenMatchStartedWithKickOffButtonFromExistingGame() (3.3s)&#xD;
And "Top right" corner added for Team 1&#xD;
-&gt; done: CornerSteps.GivenCornerAddedForTeam("Top right", 1) (3.2s)&#xD;
And "Yellow" Card for Team 1 is registered&#xD;
Given action failed. Retrying after a timeout.&#xD;
-&gt; done: CardSteps.GivenCardForTeamIsRegistered(Yellow, 1) (3.4s)&#xD;
And I clicked on latest "Corner" event in action log&#xD;
-&gt; done: ActionLogSteps.GivenIClickOnLatestEventInActionLog(Corner) (0.2s)&#xD;
And I entered new conceded event time of "0030"&#xD;
-&gt; done: EditFormSteps.GivenIEnterNewConcededEventTimeOf("0030") (1.0s)&#xD;
And I clicked Save button in action edit form&#xD;
-&gt; done: EditFormSteps.ClickSaveButtonInActionEditForm() (0.6s)&#xD;
And I remembered current players on pitch shirt numbers&#xD;
-&gt; done: GoalEditSteps.GivenIRememberCurrentPlayersOnPitch() (1.1s)&#xD;
When I click Expand Action log button&#xD;
-&gt; done: ActionLogSteps.WhenIClickExpandActionLogButton() (0.1s)&#xD;
And I click last action in expanded action log&#xD;
-&gt; done: ExpandedActionLogSteps.WhenIClickLastActionInExpandedActionLog() (0.1s)&#xD;
And I click insert after button in expanded action log&#xD;
-&gt; done: ExpandedActionLogSteps.WhenIClickInsertAfterButtonInExpandedActionLog() (0.1s)&#xD;
And I click insert Goal button in insert after dropdown&#xD;
-&gt; done: ExpandedActionLogSteps.WhenIClickInsertGoalButtonInInsertAfterDropdown() (0.1s)&#xD;
And I click "adjust" pitch location button in insert window&#xD;
-&gt; done: MiniPitchEditPageElementSteps.WhenIClickButtonForFreeKickLocation() (0.1s)&#xD;
And I click on expanded pitch view x 10 y 50&#xD;
-&gt; done: ExpandedPitchPositionDialogSteps.GivenIClickOnExpandedPitchViewXY(10, 50) (0.1s)&#xD;
And I click "Proceed" button on expanded pitch view&#xD;
-&gt; done: ExpandedPitchPositionDialogSteps.GivenIClickButtonOnExpandedPitchView("Proceed") (0.1s)&#xD;
Then mini free kick pitch location has cursor at x "10" and y "50"&#xD;
-&gt; done: FreeKickEditSteps.ThenMiniFreeKickPitchLocationHasCursorAtXAndY(10, 50) (0.1s)&#xD;
sandbox: CleanUpAfterTestRun started.&#xD;
sandbox: application pages != null: True&#xD;
sandbox: web driver!= null: True&#xD;
sandbox: CleanUpAfterTestRun complete.</StdOut>
      </Output>
    </UnitTestResult>
    <UnitTestResult executionId="71d69b16-9437-4a4f-b4ec-7026771c1f18" testId="64bb4e25-b113-44d7-30fd-5cb57666a7c3" testName="GivenSetupFinished_WhenKickingOffGame_ThenGameIsStarted(2,ToRight)" computerName="EC2AMAZ-JEOO151" duration="00:00:13.9320000" startTime="2019-07-11T21:36:49.0000000+00:00" endTime="2019-07-11T21:37:03.0000000+00:00" testType="13cdc9d9-ddb5-4fa4-a97d-d965ccfc6d4b" outcome="Passed" testListId="8c84fa94-04c1-424b-9868-57a2d4851a1d" relativeResultsDirectory="71d69b16-9437-4a4f-b4ec-7026771c1f18">
      <Output>
        <StdOut>sandbox: PrepareForTestRun started.&#xD;
sandbox: football liveStatsApp != null: True &#xD;
sandbox: football liveStatsApp.IsProcessRunning: True &#xD;
sandbox: setupLocalData: localDatabaseProvider != null: True&#xD;
sandbox: applicationPages != null: True&#xD;
sandbox: applicationPages.Webdriver != null: True&#xD;
sandbox: finished setuping local data&#xD;
sandbox: PrepareForTestRun complete.&#xD;
sandbox: CleanUpAfterTestRun started.&#xD;
sandbox: application pages != null: True&#xD;
sandbox: web driver!= null: True&#xD;
sandbox: CleanUpAfterTestRun complete.</StdOut>
      </Output>
    </UnitTestResult>
    <UnitTestResult executionId="94bd345c-5816-496e-b43f-2e7a35557e70" testId="cad3c24f-53e5-65ce-28a1-2b067d96c905" testName="CanInsertInjuryIntoPeriodBreak(&quot;before&quot;,&quot;PhaseStart&quot;,&quot;3&quot;,&quot;45:00&quot;,null)" computerName="EC2AMAZ-JEOO151" duration="00:00:09.0640000" startTime="2019-07-11T18:41:14.0000000+00:00" endTime="2019-07-11T18:41:24.0000000+00:00" testType="13cdc9d9-ddb5-4fa4-a97d-d965ccfc6d4b" outcome="Passed" testListId="8c84fa94-04c1-424b-9868-57a2d4851a1d" relativeResultsDirectory="94bd345c-5816-496e-b43f-2e7a35557e70">
      <Output>
        <StdOut>sandbox: PrepareForTestRun started.&#xD;
sandbox: football liveStatsApp != null: True &#xD;
sandbox: football liveStatsApp.IsProcessRunning: True &#xD;
sandbox: setupLocalData: localDatabaseProvider != null: True&#xD;
sandbox: applicationPages != null: True&#xD;
sandbox: applicationPages.Webdriver != null: True&#xD;
sandbox: finished setuping local data&#xD;
sandbox: PrepareForTestRun complete.&#xD;
Given Second period started from existing game&#xD;
-&gt; done: SetupGameSteps.GivenSecondPeriodStartedFromExistingGame() (6.5s)&#xD;
When I click Expand Action log button&#xD;
-&gt; done: ActionLogSteps.WhenIClickExpandActionLogButton() (0.3s)&#xD;
And I insert "Injury" before "PhaseStart"&#xD;
-&gt; done: ExpandedActionLogSteps.WhenIInsertBefore(Injury, PhaseStart) (0.3s)&#xD;
And I click off-pitch&#xD;
-&gt; done: PlayerInjuryEditSteps.WhenIClickOffPitchInjury() (0.1s)&#xD;
And I update injury with team 1, player 4 in edit window&#xD;
-&gt; done: PlayerInjuryEditSteps.WhenIUpdateInjuryWithTeamPlayer(1, 4) (0.3s)&#xD;
And I click Save button in action edit form&#xD;
-&gt; done: EditFormSteps.ClickSaveButtonInActionEditForm() (0.6s)&#xD;
Then "Injury" Action is displayed at 3 in expanded action log&#xD;
-&gt; done: ExpandedActionLogSteps.ThenGoalActionIsDisplayedAtInExpandedActionLog("Injury", 3) (0.1s)&#xD;
And at 3 position action time is "45:00" in "H1" half&#xD;
-&gt; done: ExpandedActionLogSteps.ThenAtPositionActionTimeIsInHalf(3, "45:00", "H1") (0.1s)&#xD;
sandbox: CleanUpAfterTestRun started.&#xD;
sandbox: application pages != null: True&#xD;
sandbox: web driver!= null: True&#xD;
sandbox: CleanUpAfterTestRun complete.</StdOut>
      </Output>
    </UnitTestResult>
    <UnitTestResult executionId="92e6f1de-06eb-494b-aa2a-4a9b29685a81" testId="56a6f63b-12aa-1ac7-c1cf-ccdb0cdf4704" testName="AddShotLocationInGoalInsert(&quot;set&quot;,null)" computerName="EC2AMAZ-JEOO151" duration="00:00:14.5820000" startTime="2019-07-11T18:18:41.0000000+00:00" endTime="2019-07-11T18:18:56.0000000+00:00" testType="13cdc9d9-ddb5-4fa4-a97d-d965ccfc6d4b" outcome="Passed" testListId="8c84fa94-04c1-424b-9868-57a2d4851a1d" relativeResultsDirectory="92e6f1de-06eb-494b-aa2a-4a9b29685a81">
      <Output>
        <StdOut>sandbox: PrepareForTestRun started.&#xD;
sandbox: football liveStatsApp != null: True &#xD;
sandbox: football liveStatsApp.IsProcessRunning: True &#xD;
sandbox: setupLocalData: localDatabaseProvider != null: True&#xD;
sandbox: applicationPages != null: True&#xD;
sandbox: applicationPages.Webdriver != null: True&#xD;
sandbox: finished setuping local data&#xD;
sandbox: PrepareForTestRun complete.&#xD;
Given Match started with kick off from existing game&#xD;
-&gt; done: SetupGameSteps.GivenMatchStartedWithKickOffButtonFromExistingGame() (3.4s)&#xD;
And "Top right" corner added for Team 1&#xD;
Given action failed. Retrying after a timeout.&#xD;
-&gt; done: CornerSteps.GivenCornerAddedForTeam("Top right", 1) (3.3s)&#xD;
And "Yellow" Card for Team 1 is registered&#xD;
Given action failed. Retrying after a timeout.&#xD;
-&gt; done: CardSteps.GivenCardForTeamIsRegistered(Yellow, 1) (3.4s)&#xD;
And I clicked on latest "Corner" event in action log&#xD;
-&gt; done: ActionLogSteps.GivenIClickOnLatestEventInActionLog(Corner) (0.2s)&#xD;
And I entered new conceded event time of "0030"&#xD;
-&gt; done: EditFormSteps.GivenIEnterNewConcededEventTimeOf("0030") (1.0s)&#xD;
And I clicked Save button in action edit form&#xD;
-&gt; done: EditFormSteps.ClickSaveButtonInActionEditForm() (0.6s)&#xD;
And I remembered current players on pitch shirt numbers&#xD;
-&gt; done: GoalEditSteps.GivenIRememberCurrentPlayersOnPitch() (1.1s)&#xD;
When I click Expand Action log button&#xD;
-&gt; done: ActionLogSteps.WhenIClickExpandActionLogButton() (0.1s)&#xD;
And I click last action in expanded action log&#xD;
-&gt; done: ExpandedActionLogSteps.WhenIClickLastActionInExpandedActionLog() (0.1s)&#xD;
And I click insert after button in expanded action log&#xD;
-&gt; done: ExpandedActionLogSteps.WhenIClickInsertAfterButtonInExpandedActionLog() (0.1s)&#xD;
And I click insert Goal button in insert after dropdown&#xD;
-&gt; done: ExpandedActionLogSteps.WhenIClickInsertGoalButtonInInsertAfterDropdown() (0.1s)&#xD;
And I click "set" shot location button in insert window&#xD;
-&gt; done: GoalEditSteps.WhenIClickSetShotLocationButton() (0.1s)&#xD;
And I click "top right" corner on Net&#xD;
-&gt; done: ExpandedShotLocationDialogSteps.GivenIClickCornerOnNet("top right") (0.1s)&#xD;
And I click "Proceed" button on expanded shot position view&#xD;
-&gt; done: ExpandedShotLocationDialogSteps.GivenIClickButtonOnExpandedShotPositionView("Proceed") (0.1s)&#xD;
Then "top right" on mini Net view is visible in insert window&#xD;
-&gt; done: ShotLocationNetSteps.ThenOnNetIsVisible("top right") (0.1s)&#xD;
sandbox: CleanUpAfterTestRun started.&#xD;
sandbox: application pages != null: True&#xD;
sandbox: web driver!= null: True&#xD;
sandbox: CleanUpAfterTestRun complete.</StdOut>
      </Output>
    </UnitTestResult>
    <UnitTestResult executionId="4d1b248f-205f-4f84-8438-8ea5d5385b20" testId="6245f60f-2ce1-1db0-a119-b35adfd57346" testName="GivenFootballReportsOpened_WhenOpeningReport_ReportPreviewIsShown(&quot;Half Time&quot;)" computerName="EC2AMAZ-JEOO151" duration="00:00:08.2180000" startTime="2019-07-11T21:44:33.0000000+00:00" endTime="2019-07-11T21:44:41.0000000+00:00" testType="13cdc9d9-ddb5-4fa4-a97d-d965ccfc6d4b" outcome="Failed" testListId="8c84fa94-04c1-424b-9868-57a2d4851a1d" relativeResultsDirectory="4d1b248f-205f-4f84-8438-8ea5d5385b20">
      <Output>
        <StdOut>sandbox: PrepareForTestRun started.&#xD;
sandbox: football liveStatsApp != null: True &#xD;
sandbox: football liveStatsApp.IsProcessRunning: True &#xD;
sandbox: setupLocalData: localDatabaseProvider != null: True&#xD;
sandbox: applicationPages != null: True&#xD;
sandbox: applicationPages.Webdriver != null: True&#xD;
sandbox: finished setuping local data&#xD;
sandbox: PrepareForTestRun complete.&#xD;
Failed to find element with query '[data-qa='printPreviewPopup']'. Web driver timeout exception.&#xD;
sandbox: CleanUpAfterTestRun started.&#xD;
sandbox: application pages != null: True&#xD;
sandbox: web driver!= null: True&#xD;
sandbox: CleanUpAfterTestRun complete.</StdOut>
        <ErrorInfo>
          <Message>  Element is not visible.&#xD;
  Expected: True&#xD;
  But was:  False&#xD;
</Message>
          <StackTrace>   at GeniusSports.LiveStats.Football.FunctionalTests.Extensions.SeleniumAssert.IsVisible(IWebElement element) in C:\GitLab-Runner\builds\wr8MmWYb\0\LiveStats\LiveStats.Football\Source\Test\FunctionalTests\Extensions\SeleniumAssert.cs:line 24&#xD;
   at GeniusSports.LiveStats.Football.FunctionalTests.Tests.PitchScreen.PreviewReportsTests.GivenFootballReportsOpened_WhenOpeningReport_ReportPreviewIsShown(String reportMenuOptionTitle) in C:\GitLab-Runner\builds\wr8MmWYb\0\LiveStats\LiveStats.Football\Source\Test\FunctionalTests\Tests\PitchScreen\PreviewReportsTests.cs:line 45&#xD;
</StackTrace>
        </ErrorInfo>
      </Output>
    </UnitTestResult>
    <UnitTestResult executionId="462782a8-4842-405f-9e27-922db4720a93" testId="4fa532ad-f72c-34a1-5338-96db1d0f8641" testName="GivenPsoKickWithVarOverturned_WhenRemovingVar_ThenPsoStateUpdated" computerName="EC2AMAZ-JEOO151" duration="00:00:28.8990000" startTime="2019-07-11T20:41:11.0000000+00:00" endTime="2019-07-11T20:41:40.0000000+00:00" testType="13cdc9d9-ddb5-4fa4-a97d-d965ccfc6d4b" outcome="Passed" testListId="8c84fa94-04c1-424b-9868-57a2d4851a1d" relativeResultsDirectory="462782a8-4842-405f-9e27-922db4720a93">
      <Output>
        <StdOut>sandbox: PrepareForTestRun started.&#xD;
sandbox: football liveStatsApp != null: True &#xD;
sandbox: football liveStatsApp.IsProcessRunning: True &#xD;
sandbox: setupLocalData: localDatabaseProvider != null: True&#xD;
sandbox: applicationPages != null: True&#xD;
sandbox: applicationPages.Webdriver != null: True&#xD;
sandbox: finished setuping local data&#xD;
sandbox: PrepareForTestRun complete.&#xD;
Given action failed. Retrying after a timeout. Most likely UI was not fast enough to refresh itself.&#xD;
sandbox: CleanUpAfterTestRun started.&#xD;
sandbox: application pages != null: True&#xD;
sandbox: web driver!= null: True&#xD;
sandbox: CleanUpAfterTestRun complete.</StdOut>
      </Output>
    </UnitTestResult>
    <UnitTestResult executionId="c0940db4-30d1-4b8e-9ecc-fa27c5153005" testId="69b5dc6b-4b1d-3b64-ca4f-b32083d720ea" testName="GivenThrowInStarted_WhenSelectingThrowInFrom_ThenPitchEnabled" computerName="EC2AMAZ-JEOO151" duration="00:00:05.4990000" startTime="2019-07-11T21:14:40.0000000+00:00" endTime="2019-07-11T21:14:45.0000000+00:00" testType="13cdc9d9-ddb5-4fa4-a97d-d965ccfc6d4b" outcome="Passed" testListId="8c84fa94-04c1-424b-9868-57a2d4851a1d" relativeResultsDirectory="c0940db4-30d1-4b8e-9ecc-fa27c5153005">
      <Output>
        <StdOut>sandbox: PrepareForTestRun started.&#xD;
sandbox: football liveStatsApp != null: True &#xD;
sandbox: football liveStatsApp.IsProcessRunning: True &#xD;
sandbox: setupLocalData: localDatabaseProvider != null: True&#xD;
sandbox: applicationPages != null: True&#xD;
sandbox: applicationPages.Webdriver != null: True&#xD;
sandbox: finished setuping local data&#xD;
sandbox: PrepareForTestRun complete.&#xD;
Given action failed. Retrying after a timeout.&#xD;
Given action failed. Retrying after a timeout.&#xD;
sandbox: CleanUpAfterTestRun started.&#xD;
sandbox: application pages != null: True&#xD;
sandbox: web driver!= null: True&#xD;
sandbox: CleanUpAfterTestRun complete.</StdOut>
      </Output>
    </UnitTestResult>
    <UnitTestResult executionId="190ea4ba-4c62-49c0-8d4d-7d0b52e8b54b" testId="cebb70fe-62d3-ca1f-e8e9-123060a8f54c" testName="InsertCornerAfterOrBeforeLastEvent(&quot;before&quot;,&quot;0025&quot;,&quot;0026&quot;,&quot;00:25&quot;,&quot;1&quot;,&quot;2&quot;,&quot;bottom right&quot;,null)" computerName="EC2AMAZ-JEOO151" duration="00:00:16.3480000" startTime="2019-07-11T18:12:22.0000000+00:00" endTime="2019-07-11T18:12:38.0000000+00:00" testType="13cdc9d9-ddb5-4fa4-a97d-d965ccfc6d4b" outcome="Passed" testListId="8c84fa94-04c1-424b-9868-57a2d4851a1d" relativeResultsDirectory="190ea4ba-4c62-49c0-8d4d-7d0b52e8b54b">
      <Output>
        <StdOut>sandbox: PrepareForTestRun started.&#xD;
sandbox: football liveStatsApp != null: True &#xD;
sandbox: football liveStatsApp.IsProcessRunning: True &#xD;
sandbox: setupLocalData: localDatabaseProvider != null: True&#xD;
sandbox: applicationPages != null: True&#xD;
sandbox: applicationPages.Webdriver != null: True&#xD;
sandbox: finished setuping local data&#xD;
sandbox: PrepareForTestRun complete.&#xD;
Given Match started with kick off from existing game&#xD;
-&gt; done: SetupGameSteps.GivenMatchStartedWithKickOffButtonFromExistingGame() (3.3s)&#xD;
And "Yellow" Card for Team 1 is registered&#xD;
Given action failed. Retrying after a timeout.&#xD;
-&gt; done: CardSteps.GivenCardForTeamIsRegistered(Yellow, 1) (3.6s)&#xD;
And Throw in added for Team 1&#xD;
Given action failed. Retrying after a timeout.&#xD;
-&gt; done: ThrowInEditSteps.GivenThrowInAddedForTeam(1) (0.8s)&#xD;
And I clicked on latest "ThrowIn" event in action log&#xD;
-&gt; done: ActionLogSteps.GivenIClickOnLatestEventInActionLog(ThrowIn) (0.2s)&#xD;
And I entered new conceded event time of "0030"&#xD;
-&gt; done: EditFormSteps.GivenIEnterNewConcededEventTimeOf("0030") (1.0s)&#xD;
And I clicked Save button in action edit form&#xD;
-&gt; done: EditFormSteps.ClickSaveButtonInActionEditForm() (0.6s)&#xD;
When I click Expand Action log button&#xD;
-&gt; done: ActionLogSteps.WhenIClickExpandActionLogButton() (0.1s)&#xD;
And I insert "Corner" before last action in expanded action log&#xD;
-&gt; done: ExpandedActionLogSteps.WhenIInsertPenaltyBeforeLastActionInExpandedActionLog(Corner) (0.3s)&#xD;
And I enter new conceded event time of "0025"&#xD;
-&gt; done: EditFormSteps.GivenIEnterNewConcededEventTimeOf("0025") (1.0s)&#xD;
And I enter new taken event time of "0026"&#xD;
-&gt; done: EditFormSteps.GivenIEnterNewTakenEventTimeOf("0026") (1.0s)&#xD;
And I click Team 1 in edit screen&#xD;
-&gt; done: EditFormSteps.GivenIClickTeamInEditScreen(1) (0.1s)&#xD;
And I click "bottom right" corner of the pitch&#xD;
-&gt; done: CornerSteps.GivenIClickCornerOfThePitch("bottom right") (0.1s)&#xD;
And I click edit Corner taken Location button&#xD;
-&gt; done: CornerEditSteps.GivenIClickEditCornerTakenLocationButton() (0.1s)&#xD;
And I click on expanded pitch view x 50 y 50&#xD;
-&gt; done: ExpandedPitchPositionDialogSteps.GivenIClickOnExpandedPitchViewXY(50, 50) (0.1s)&#xD;
And I Click "Save" Button on expanded pitch view&#xD;
-&gt; done: ExpandedPitchPositionDialogSteps.GivenIClickButtonOnExpandedPitchInCornerEditWorkflow("Save") (0.2s)&#xD;
And I click Save button in action edit form&#xD;
-&gt; done: EditFormSteps.ClickSaveButtonInActionEditForm() (0.6s)&#xD;
Then corner insert view is not visible&#xD;
Failed to find element with query '[data-qa='cornerInEditScreen']'. Web driver timeout exception.&#xD;
-&gt; done: CornerEditSteps.ThenCornerInsertViewIsNotVisible() (2.0s)&#xD;
And "Corner" Action is displayed at 2 in expanded action log&#xD;
-&gt; done: ExpandedActionLogSteps.ThenGoalActionIsDisplayedAtInExpandedActionLog("Corner", 2) (0.0s)&#xD;
And Action at position 2 half is displayed as "H1"&#xD;
-&gt; done: ExpandedActionLogSteps.ThenActionAtPositionHalfIsDisplayedAs(2, "H1") (0.1s)&#xD;
And Action at position 2 time is displayed as "00:25"&#xD;
-&gt; done: ExpandedActionLogSteps.ThenActionAtPositionTimeIsDisplayedAs(2, "00:25") (0.0s)&#xD;
And Action at position 2 do not have first qualifier&#xD;
-&gt; done: ExpandedActionLogSteps.ThenActionAtPositionDoNotHaveFirstQualifier(2) (0.0s)&#xD;
And Action at position 2 do not have second qualifier&#xD;
-&gt; done: ExpandedActionLogSteps.ThenActionAtPositionDoNotHaveSecondQualifier(2) (0.0s)&#xD;
And Action at position 2 contains team 1 name&#xD;
-&gt; done: ExpandedActionLogSteps.ThenActionAtPositionContainsTeam(2, 1) (0.0s)&#xD;
And Action at position 2 do not have player&#xD;
-&gt; done: ExpandedActionLogSteps.ThenActionAtPositionDoNotHavePlayer(2) (0.0s)&#xD;
And Action at position 2 do not have score&#xD;
-&gt; done: ExpandedActionLogSteps.ThenActionAtPositionDoNotHaveScore(2) (0.0s)&#xD;
sandbox: CleanUpAfterTestRun started.&#xD;
sandbox: application pages != null: True&#xD;
sandbox: web driver!= null: True&#xD;
sandbox: CleanUpAfterTestRun complete.</StdOut>
      </Output>
    </UnitTestResult>
    <UnitTestResult executionId="2d8a9588-daad-4753-8a79-99d2e2548dda" testId="811cb989-5d12-2e7d-e9b0-17c816422ae9" testName="CannotProceedWith12Starters" computerName="EC2AMAZ-JEOO151" duration="00:01:23.9570000" startTime="2019-07-11T17:27:15.0000000+00:00" endTime="2019-07-11T17:28:39.0000000+00:00" testType="13cdc9d9-ddb5-4fa4-a97d-d965ccfc6d4b" outcome="Passed" testListId="8c84fa94-04c1-424b-9868-57a2d4851a1d" relativeResultsDirectory="2d8a9588-daad-4753-8a79-99d2e2548dda">
      <Output>
        <StdOut>sandbox: PrepareForTestRun started.&#xD;
sandbox: football liveStatsApp != null: True &#xD;
sandbox: football liveStatsApp.IsProcessRunning: True &#xD;
sandbox: setupLocalData: localDatabaseProvider != null: True&#xD;
sandbox: applicationPages != null: True&#xD;
sandbox: applicationPages.Webdriver != null: True&#xD;
sandbox: finished setuping local data&#xD;
sandbox: PrepareForTestRun complete.&#xD;
Given I am in players tab&#xD;
-&gt; done: PlayersTabSteps.GivenIAmInPlayersTab() (3.2s)&#xD;
When I enter all data for 11 players of team 1&#xD;
-&gt; done: PlayersTabSteps.WhenIEnterAllDataForPlayersForTeam(11, 1) (37.3s)&#xD;
And I enter all data for 11 players of team 2&#xD;
-&gt; done: PlayersTabSteps.WhenIEnterAllDataForPlayersForTeam(11, 2) (35.6s)&#xD;
And I Add player for team 1&#xD;
-&gt; done: PlayersTabSteps.WhenIAddPlayerForTeam(1) (0.1s)&#xD;
And I enter valid data for player 12 of team 1&#xD;
-&gt; done: PlayersTabSteps.WhenIEnterAllDataForPlayerOfTeam(12, 1) (3.8s)&#xD;
And I set player 12 of team 1 as starter&#xD;
-&gt; done: PlayersTabSteps.WhenISetForPlayerOfTeamAsStarter(12, 1) (0.1s)&#xD;
And I click Save &amp; Next button&#xD;
-&gt; done: GameSetupSteps.WhenIClickSaveNextButton() (0.1s)&#xD;
Then Error is shown "Team exceeds starter player count limit."&#xD;
-&gt; done: GameSetupSteps.ThenErrorIsShown("Team exceeds star...") (0.1s)&#xD;
And Formations tab should not be open&#xD;
Failed to find element with query '[data-qa='formationsForm']'. Web driver timeout exception.&#xD;
-&gt; done: TeamsFormationsTabSteps.ThenFormationTabShouldNotOpen() (2.0s)&#xD;
sandbox: CleanUpAfterTestRun started.&#xD;
sandbox: application pages != null: True&#xD;
sandbox: web driver!= null: True&#xD;
Given action failed. Retrying after a timeout. Most likely UI was not fast enough to refresh itself.&#xD;
sandbox: CleanUpAfterTestRun complete.</StdOut>
      </Output>
    </UnitTestResult>
    <UnitTestResult executionId="d4160510-a9d7-42af-98ec-bb1bb2562679" testId="dfd93325-4a10-2b6c-eb59-d3c054a0e19c" testName="GivenGameSetupFinished_WhenOpeningDelayDropDown_ThenOptionsPresentForGameDelay" computerName="EC2AMAZ-JEOO151" duration="00:00:09.3820000" startTime="2019-07-11T21:27:59.0000000+00:00" endTime="2019-07-11T21:28:09.0000000+00:00" testType="13cdc9d9-ddb5-4fa4-a97d-d965ccfc6d4b" outcome="Passed" testListId="8c84fa94-04c1-424b-9868-57a2d4851a1d" relativeResultsDirectory="d4160510-a9d7-42af-98ec-bb1bb2562679">
      <Output>
        <StdOut>sandbox: PrepareForTestRun started.&#xD;
sandbox: football liveStatsApp != null: True &#xD;
sandbox: football liveStatsApp.IsProcessRunning: True &#xD;
sandbox: setupLocalData: localDatabaseProvider != null: True&#xD;
sandbox: applicationPages != null: True&#xD;
sandbox: applicationPages.Webdriver != null: True&#xD;
sandbox: finished setuping local data&#xD;
sandbox: PrepareForTestRun complete.&#xD;
sandbox: CleanUpAfterTestRun started.&#xD;
sandbox: application pages != null: True&#xD;
sandbox: web driver!= null: True&#xD;
Given action failed. Retrying after a timeout. Most likely UI was not fast enough to refresh itself.&#xD;
sandbox: CleanUpAfterTestRun complete.</StdOut>
      </Output>
    </UnitTestResult>
    <UnitTestResult executionId="a04cee12-3ccd-41e8-b9f0-11b8bf3ff000" testId="decc0c9d-f3ef-1a45-69e5-e3fe056e921c" testName="GivenSetupFinished_WhenClickingPlayersOnPitch_ThenKickOffTeamSelectionIsPresented" computerName="EC2AMAZ-JEOO151" duration="00:00:09.3350000" startTime="2019-07-11T21:35:36.0000000+00:00" endTime="2019-07-11T21:35:45.0000000+00:00" testType="13cdc9d9-ddb5-4fa4-a97d-d965ccfc6d4b" outcome="Passed" testListId="8c84fa94-04c1-424b-9868-57a2d4851a1d" relativeResultsDirectory="a04cee12-3ccd-41e8-b9f0-11b8bf3ff000">
      <Output>
        <StdOut>sandbox: PrepareForTestRun started.&#xD;
sandbox: football liveStatsApp != null: True &#xD;
sandbox: football liveStatsApp.IsProcessRunning: True &#xD;
sandbox: setupLocalData: localDatabaseProvider != null: True&#xD;
sandbox: applicationPages != null: True&#xD;
sandbox: applicationPages.Webdriver != null: True&#xD;
sandbox: finished setuping local data&#xD;
sandbox: PrepareForTestRun complete.&#xD;
sandbox: CleanUpAfterTestRun started.&#xD;
sandbox: application pages != null: True&#xD;
sandbox: web driver!= null: True&#xD;
Given action failed. Retrying after a timeout. Most likely UI was not fast enough to refresh itself.&#xD;
sandbox: CleanUpAfterTestRun complete.</StdOut>
      </Output>
    </UnitTestResult>
    <UnitTestResult executionId="ea6abee6-49a2-4d10-90b5-c823effc6ab5" testId="203fece4-ae35-14a6-564c-793868ca15fc" testName="ShotWorkflowCanBeStartedDuringAnyFreeKickWorkflowStep(&quot;taken&quot;,&quot;1&quot;,null)" computerName="EC2AMAZ-JEOO151" duration="00:00:06.5690000" startTime="2019-07-11T19:26:53.0000000+00:00" endTime="2019-07-11T19:26:59.0000000+00:00" testType="13cdc9d9-ddb5-4fa4-a97d-d965ccfc6d4b" outcome="Passed" testListId="8c84fa94-04c1-424b-9868-57a2d4851a1d" relativeResultsDirectory="ea6abee6-49a2-4d10-90b5-c823effc6ab5">
      <Output>
        <StdOut>sandbox: PrepareForTestRun started.&#xD;
sandbox: football liveStatsApp != null: True &#xD;
sandbox: football liveStatsApp.IsProcessRunning: True &#xD;
sandbox: setupLocalData: localDatabaseProvider != null: True&#xD;
sandbox: applicationPages != null: True&#xD;
sandbox: applicationPages.Webdriver != null: True&#xD;
sandbox: finished setuping local data&#xD;
sandbox: PrepareForTestRun complete.&#xD;
Given Match started with kick off from existing game&#xD;
-&gt; done: SetupGameSteps.GivenMatchStartedWithKickOffButtonFromExistingGame() (3.3s)&#xD;
Given Free kick for team "1" workflow entered till taken selection&#xD;
-&gt; done: FreeKickSteps.GivenFreeKickForTeamAndWorkflowEnteredTillTakenSelection(1) (1.5s)&#xD;
Then Can register shot for team "1" but not for other&#xD;
-&gt; done: ShotRegistrationSteps.ThenCanRegisterShotForTeamButNotForOther(1) (0.2s)&#xD;
sandbox: CleanUpAfterTestRun started.&#xD;
sandbox: application pages != null: True&#xD;
sandbox: web driver!= null: True&#xD;
sandbox: CleanUpAfterTestRun complete.</StdOut>
      </Output>
    </UnitTestResult>
    <UnitTestResult executionId="a15776f4-7aa5-403c-8984-8c84faa4363f" testId="d041a802-7e00-fcc1-9dc8-735e51fcc846" testName="GivenGameInPSo_WhenEditingRetakesCount_ThenRetakesUpdated" computerName="EC2AMAZ-JEOO151" duration="00:00:27.3260000" startTime="2019-07-11T20:35:23.0000000+00:00" endTime="2019-07-11T20:35:51.0000000+00:00" testType="13cdc9d9-ddb5-4fa4-a97d-d965ccfc6d4b" outcome="Passed" testListId="8c84fa94-04c1-424b-9868-57a2d4851a1d" relativeResultsDirectory="a15776f4-7aa5-403c-8984-8c84faa4363f">
      <Output>
        <StdOut>sandbox: PrepareForTestRun started.&#xD;
sandbox: football liveStatsApp != null: True &#xD;
sandbox: football liveStatsApp.IsProcessRunning: True &#xD;
sandbox: setupLocalData: localDatabaseProvider != null: True&#xD;
sandbox: applicationPages != null: True&#xD;
sandbox: applicationPages.Webdriver != null: True&#xD;
sandbox: finished setuping local data&#xD;
sandbox: PrepareForTestRun complete.&#xD;
Given action failed. Retrying after a timeout. Most likely UI was not fast enough to refresh itself.&#xD;
sandbox: CleanUpAfterTestRun started.&#xD;
sandbox: application pages != null: True&#xD;
sandbox: web driver!= null: True&#xD;
sandbox: CleanUpAfterTestRun complete.</StdOut>
      </Output>
    </UnitTestResult>
    <UnitTestResult executionId="cd91a0d6-ceac-4b10-aa2f-9594d4b2afc6" testId="ef301bd5-ee29-7ade-f8d3-e4b31d787bc2" testName="CancellingShotWorkflowResumesCornerWorkflow(&quot;confirmation&quot;,&quot;2&quot;,&quot;taken&quot;,null)" computerName="EC2AMAZ-JEOO151" duration="00:00:05.9830000" startTime="2019-07-11T19:23:38.0000000+00:00" endTime="2019-07-11T19:23:44.0000000+00:00" testType="13cdc9d9-ddb5-4fa4-a97d-d965ccfc6d4b" outcome="Passed" testListId="8c84fa94-04c1-424b-9868-57a2d4851a1d" relativeResultsDirectory="cd91a0d6-ceac-4b10-aa2f-9594d4b2afc6">
      <Output>
        <StdOut>sandbox: PrepareForTestRun started.&#xD;
sandbox: football liveStatsApp != null: True &#xD;
sandbox: football liveStatsApp.IsProcessRunning: True &#xD;
sandbox: setupLocalData: localDatabaseProvider != null: True&#xD;
sandbox: applicationPages != null: True&#xD;
sandbox: applicationPages.Webdriver != null: True&#xD;
sandbox: finished setuping local data&#xD;
sandbox: PrepareForTestRun complete.&#xD;
Given Match started with kick off from existing game&#xD;
-&gt; done: SetupGameSteps.GivenMatchStartedWithKickOffButtonFromExistingGame() (3.3s)&#xD;
Given Corner for team "2" workflow entered till confirmation selection&#xD;
Given action failed. Retrying after a timeout.&#xD;
-&gt; done: CornerSteps.GivenCornerForTeamAndWorkflowEnteredTillReasonSelection(2) (0.8s)&#xD;
And I clicked "Shot" button for team 2&#xD;
Given action failed. Retrying after a timeout.&#xD;
-&gt; done: TeamActionButtonSteps.GivenIClickShotButtonForTeam(2) (0.5s)&#xD;
When I cancel action workflow by clicking "Cancel &amp; Delete" button&#xD;
-&gt; done: WorkflowSteps.WhenICancelActionWorkflowByClickingButton() (0.2s)&#xD;
Then Latest "Corner" event is in progress&#xD;
-&gt; done: ActionLogSteps.ThenLatestEventInProgress(Corner) (0.1s)&#xD;
And Current corner step is taken selection&#xD;
-&gt; done: CornerSteps.ThenCurrentCornerStepIsTakenSelection() (0.2s)&#xD;
And Latest action in log is of type "Corner"&#xD;
-&gt; done: ActionLogSteps.ThenLatestActionIsOfTypeGoal(Corner) (0.0s)&#xD;
And Latest action of type "Corner" is not flagged&#xD;
-&gt; done: ActionLogSteps.ThenLatestEventInActionLogOfTypeIsNotFlagged(Corner) (0.0s)&#xD;
sandbox: CleanUpAfterTestRun started.&#xD;
sandbox: application pages != null: True&#xD;
sandbox: web driver!= null: True&#xD;
sandbox: CleanUpAfterTestRun complete.</StdOut>
      </Output>
    </UnitTestResult>
    <UnitTestResult executionId="7e4fce6b-e554-48dd-acec-154149095dda" testId="4a87650f-3c7d-5b4d-44c4-80fa92890d86" testName="GivenGoalInProgress_WhenSettingPossession_PossessionIsChanged(2)" computerName="EC2AMAZ-JEOO151" duration="00:00:10.3490000" startTime="2019-07-11T21:43:48.0000000+00:00" endTime="2019-07-11T21:43:58.0000000+00:00" testType="13cdc9d9-ddb5-4fa4-a97d-d965ccfc6d4b" outcome="Passed" testListId="8c84fa94-04c1-424b-9868-57a2d4851a1d" relativeResultsDirectory="7e4fce6b-e554-48dd-acec-154149095dda">
      <Output>
        <StdOut>sandbox: PrepareForTestRun started.&#xD;
sandbox: football liveStatsApp != null: True &#xD;
sandbox: football liveStatsApp.IsProcessRunning: True &#xD;
sandbox: setupLocalData: localDatabaseProvider != null: True&#xD;
sandbox: applicationPages != null: True&#xD;
sandbox: applicationPages.Webdriver != null: True&#xD;
sandbox: finished setuping local data&#xD;
sandbox: PrepareForTestRun complete.&#xD;
sandbox: CleanUpAfterTestRun started.&#xD;
sandbox: application pages != null: True&#xD;
sandbox: web driver!= null: True&#xD;
sandbox: CleanUpAfterTestRun complete.</StdOut>
      </Output>
    </UnitTestResult>
    <UnitTestResult executionId="7fef7ad0-ea94-45f7-a680-4116329693d8" testId="5173fa7e-dd28-7d5d-a09e-d22035dde249" testName="GivenGameInProgress_WhenSettingPossession_ThenPossessionIsSetAndDangerZoneInTeamColor(1)" computerName="EC2AMAZ-JEOO151" duration="00:00:14.9160000" startTime="2019-07-11T21:43:08.0000000+00:00" endTime="2019-07-11T21:43:22.0000000+00:00" testType="13cdc9d9-ddb5-4fa4-a97d-d965ccfc6d4b" outcome="Passed" testListId="8c84fa94-04c1-424b-9868-57a2d4851a1d" relativeResultsDirectory="7fef7ad0-ea94-45f7-a680-4116329693d8">
      <Output>
        <StdOut>sandbox: PrepareForTestRun started.&#xD;
sandbox: football liveStatsApp != null: True &#xD;
sandbox: football liveStatsApp.IsProcessRunning: True &#xD;
sandbox: setupLocalData: localDatabaseProvider != null: True&#xD;
sandbox: applicationPages != null: True&#xD;
sandbox: applicationPages.Webdriver != null: True&#xD;
sandbox: finished setuping local data&#xD;
sandbox: PrepareForTestRun complete.&#xD;
Failed to find element with query '[data-qa='activePitchOverlay']'. Web driver timeout exception.&#xD;
Given action failed. Retrying after a timeout.&#xD;
Failed to find element with query '[data-qa='activePitchOverlay']'. Web driver timeout exception.&#xD;
sandbox: CleanUpAfterTestRun started.&#xD;
sandbox: application pages != null: True&#xD;
sandbox: web driver!= null: True&#xD;
sandbox: CleanUpAfterTestRun complete.</StdOut>
      </Output>
    </UnitTestResult>
    <UnitTestResult executionId="bd946e2d-1770-45c8-9b99-543f6d4d1890" testId="d2a97e96-3756-f88f-183f-f8ff17fcffad" testName="GivenActionRegistered_WhenDeletingFromExpandedActionLog_ThenDeletedPitchLog(FreeKick)" computerName="EC2AMAZ-JEOO151" duration="00:00:10.5690000" startTime="2019-07-11T20:18:03.0000000+00:00" endTime="2019-07-11T20:18:14.0000000+00:00" testType="13cdc9d9-ddb5-4fa4-a97d-d965ccfc6d4b" outcome="Passed" testListId="8c84fa94-04c1-424b-9868-57a2d4851a1d" relativeResultsDirectory="bd946e2d-1770-45c8-9b99-543f6d4d1890">
      <Output>
        <StdOut>sandbox: PrepareForTestRun started.&#xD;
sandbox: football liveStatsApp != null: True &#xD;
sandbox: football liveStatsApp.IsProcessRunning: True &#xD;
sandbox: setupLocalData: localDatabaseProvider != null: True&#xD;
sandbox: applicationPages != null: True&#xD;
sandbox: applicationPages.Webdriver != null: True&#xD;
sandbox: finished setuping local data&#xD;
sandbox: PrepareForTestRun complete.&#xD;
Given action failed. Retrying after a timeout.&#xD;
sandbox: CleanUpAfterTestRun started.&#xD;
sandbox: application pages != null: True&#xD;
sandbox: web driver!= null: True&#xD;
sandbox: CleanUpAfterTestRun complete.</StdOut>
      </Output>
    </UnitTestResult>
    <UnitTestResult executionId="c1eaad79-1346-476b-b1bd-7fedd361ee31" testId="65a8036a-5d05-55e5-ec47-96a836d2979b" testName="SelectFreekickLocation(&quot;2&quot;,null)" computerName="EC2AMAZ-JEOO151" duration="00:00:04.9660000" startTime="2019-07-11T18:56:55.0000000+00:00" endTime="2019-07-11T18:57:00.0000000+00:00" testType="13cdc9d9-ddb5-4fa4-a97d-d965ccfc6d4b" outcome="Passed" testListId="8c84fa94-04c1-424b-9868-57a2d4851a1d" relativeResultsDirectory="c1eaad79-1346-476b-b1bd-7fedd361ee31">
      <Output>
        <StdOut>sandbox: PrepareForTestRun started.&#xD;
sandbox: football liveStatsApp != null: True &#xD;
sandbox: football liveStatsApp.IsProcessRunning: True &#xD;
sandbox: setupLocalData: localDatabaseProvider != null: True&#xD;
sandbox: applicationPages != null: True&#xD;
sandbox: applicationPages.Webdriver != null: True&#xD;
sandbox: finished setuping local data&#xD;
sandbox: PrepareForTestRun complete.&#xD;
Given Match started with kick off from existing game&#xD;
-&gt; done: SetupGameSteps.GivenMatchStartedWithKickOffButtonFromExistingGame() (3.2s)&#xD;
When I click Freekick button for team 2&#xD;
-&gt; done: TeamActionButtonSteps.WhenIClickFreekickButtonForTeam(2) (0.6s)&#xD;
And I click on pitch x 20 and y 50&#xD;
-&gt; done: PitchScreenSteps.WhenIClickOnPitch(20, 50) (0.1s)&#xD;
Then Reason for Freekick dialog is shown&#xD;
-&gt; done: FreeKickSteps.ThenDialogIsShown() (0.2s)&#xD;
And "Foul" button is shown in freekick reason dialog&#xD;
-&gt; done: FreeKickSteps.ThenButtonIsShownInFreekickReasonDialog("Foul") (0.0s)&#xD;
And "Offence" button is shown in freekick reason dialog&#xD;
-&gt; done: FreeKickSteps.ThenButtonIsShownInFreekickReasonDialog("Offence") (0.0s)&#xD;
And "Offside" button is shown in freekick reason dialog&#xD;
-&gt; done: FreeKickSteps.ThenButtonIsShownInFreekickReasonDialog("Offside") (0.0s)&#xD;
sandbox: CleanUpAfterTestRun started.&#xD;
sandbox: application pages != null: True&#xD;
sandbox: web driver!= null: True&#xD;
sandbox: CleanUpAfterTestRun complete.</StdOut>
      </Output>
    </UnitTestResult>
    <UnitTestResult executionId="51435317-8757-4436-83af-79936fd028fa" testId="a2b2de87-f73a-9919-47a6-2de9893e0dea" testName="GivenGameWithDeadBall_WhenClickingOnPitch_ThenMovesDeadBall" computerName="EC2AMAZ-JEOO151" duration="00:00:17.3330000" startTime="2019-07-11T21:18:04.0000000+00:00" endTime="2019-07-11T21:18:22.0000000+00:00" testType="13cdc9d9-ddb5-4fa4-a97d-d965ccfc6d4b" outcome="Passed" testListId="8c84fa94-04c1-424b-9868-57a2d4851a1d" relativeResultsDirectory="51435317-8757-4436-83af-79936fd028fa">
      <Output>
        <StdOut>sandbox: PrepareForTestRun started.&#xD;
sandbox: football liveStatsApp != null: True &#xD;
sandbox: football liveStatsApp.IsProcessRunning: True &#xD;
sandbox: setupLocalData: localDatabaseProvider != null: True&#xD;
sandbox: applicationPages != null: True&#xD;
sandbox: applicationPages.Webdriver != null: True&#xD;
sandbox: finished setuping local data&#xD;
sandbox: PrepareForTestRun complete.&#xD;
Failed to find element with query '[data-qa='activePitchOverlay']'. Web driver timeout exception.&#xD;
Given action failed. Retrying after a timeout.&#xD;
Failed to find element with query '[data-qa='activePitchOverlay']'. Web driver timeout exception.&#xD;
Failed to find data-qa element with tag 'dangerZoneText'. No such element exception.&#xD;
Failed to find data-qa element with tag 'dangerZoneText'. No such element exception.&#xD;
Failed to find data-qa element with tag 'dangerZoneText'. No such element exception.&#xD;
Failed to find data-qa element with tag 'dangerZoneText'. No such element exception.&#xD;
sandbox: CleanUpAfterTestRun started.&#xD;
sandbox: application pages != null: True&#xD;
sandbox: web driver!= null: True&#xD;
sandbox: CleanUpAfterTestRun complete.</StdOut>
      </Output>
    </UnitTestResult>
    <UnitTestResult executionId="0ce21262-6b91-431a-8679-3b8ab2dbc7c3" testId="9722cb49-0b08-84c4-60d0-b1660e616bb5" testName="WhenScoringPenaltyWithTeam2IndicatorShowsCorrectScoreAndPlayerGetsDisabledOnPitch" computerName="EC2AMAZ-JEOO151" duration="00:00:19.1320000" startTime="2019-07-11T19:20:17.0000000+00:00" endTime="2019-07-11T19:20:36.0000000+00:00" testType="13cdc9d9-ddb5-4fa4-a97d-d965ccfc6d4b" outcome="Passed" testListId="8c84fa94-04c1-424b-9868-57a2d4851a1d" relativeResultsDirectory="0ce21262-6b91-431a-8679-3b8ab2dbc7c3">
      <Output>
        <StdOut>sandbox: PrepareForTestRun started.&#xD;
sandbox: football liveStatsApp != null: True &#xD;
sandbox: football liveStatsApp.IsProcessRunning: True &#xD;
sandbox: setupLocalData: localDatabaseProvider != null: True&#xD;
sandbox: applicationPages != null: True&#xD;
sandbox: applicationPages.Webdriver != null: True&#xD;
sandbox: finished setuping local data&#xD;
sandbox: PrepareForTestRun complete.&#xD;
Given penalty shoot-out phase started&#xD;
-&gt; done: PitchClockSteps.GivenGamePenaltyShoot_OutPhaseStarted() (14.4s)&#xD;
When I click on team 2 player on pitch with shirt number 4&#xD;
-&gt; done: PitchPlayersComponentSteps.WhenIClickOnTeamPlayerOnPitchWithShirtNumber(2, 4) (0.3s)&#xD;
And I click "Penalty Goal" Button&#xD;
-&gt; done: PenaltySteps.WhenIClickPenaltyGoalButton() (0.2s)&#xD;
And I confirm penalty goal by clicking on "Confirm" button&#xD;
-&gt; done: GoalSteps.WhenIConfirmGoalByClickingOnButton() (2.3s)&#xD;
And I click on net x "20" and y "20"&#xD;
-&gt; done: NetSectionSteps.WhenIClickOnNetXAndY(20, 20) (0.1s)&#xD;
Then Team 2 has 1 penalty shoot-out made in score board&#xD;
-&gt; done: PenaltyShootoutSteps.ThenTeamHasPenaltyShoot_OutMade(2, 1) (0.2s)&#xD;
And Team 2 has 0 penalty shoot-out miss in score board&#xD;
-&gt; done: PenaltyShootoutSteps.ThenTeamHasPenaltyShoot_OutMiss(2, 0) (0.0s)&#xD;
And Team 1 has 0 penalty shoot-out made in score board&#xD;
-&gt; done: PenaltyShootoutSteps.ThenTeamHasPenaltyShoot_OutMade(1, 0) (0.1s)&#xD;
And Team 1 has 0 penalty shoot-out miss in score board&#xD;
-&gt; done: PenaltyShootoutSteps.ThenTeamHasPenaltyShoot_OutMiss(1, 0) (0.0s)&#xD;
And Team 2 penalty shootout table row 1 contains player with shirt number 4&#xD;
-&gt; done: PenaltyShootoutSteps.ThenTeamPenaltyShootoutTableRowContainsPlayerWithShirtNumber(2, 1, 4) (0.1s)&#xD;
And Team 2 penalty shootout table row 1 contains made result of "Goal"&#xD;
-&gt; done: PenaltyShootoutSteps.ThenTeamPenaltyShootoutTableRowContainsMadeResultOfTrue(2, 1, "Goal") (0.0s)&#xD;
And End penalty shoot-out button is visible near clock&#xD;
-&gt; done: PitchClockSteps.ThenEndPenaltyShoot_OutButtonIsVisibleNearClock() (0.0s)&#xD;
And End penalty shoot-out button is disabled near clock&#xD;
-&gt; done: PitchClockSteps.ThenEndPenaltyShoot_OutButtonIsDisabledNearClock() (0.0s)&#xD;
And player with shirt number 4 of team 2 is disabled&#xD;
-&gt; done: PitchPlayersComponentSteps.ThenPlayerWithShirtNumberOfTeamIsDisabled(4, 2) (0.1s)&#xD;
sandbox: CleanUpAfterTestRun started.&#xD;
sandbox: application pages != null: True&#xD;
sandbox: web driver!= null: True&#xD;
sandbox: CleanUpAfterTestRun complete.</StdOut>
      </Output>
    </UnitTestResult>
    <UnitTestResult executionId="642ab775-f2a3-4f8e-b2b8-048023308a91" testId="86b0a87f-3f16-b173-413e-43329bca5778" testName="GivenGameInProgress_WhenPitchIsClicked_ThenCorrespondingDangerZoneHighlights(80,50,3)" computerName="EC2AMAZ-JEOO151" duration="00:00:08.9180000" startTime="2019-07-11T21:16:57.0000000+00:00" endTime="2019-07-11T21:17:06.0000000+00:00" testType="13cdc9d9-ddb5-4fa4-a97d-d965ccfc6d4b" outcome="Passed" testListId="8c84fa94-04c1-424b-9868-57a2d4851a1d" relativeResultsDirectory="642ab775-f2a3-4f8e-b2b8-048023308a91">
      <Output>
        <StdOut>sandbox: PrepareForTestRun started.&#xD;
sandbox: football liveStatsApp != null: True &#xD;
sandbox: football liveStatsApp.IsProcessRunning: True &#xD;
sandbox: setupLocalData: localDatabaseProvider != null: True&#xD;
sandbox: applicationPages != null: True&#xD;
sandbox: applicationPages.Webdriver != null: True&#xD;
sandbox: finished setuping local data&#xD;
sandbox: PrepareForTestRun complete.&#xD;
Failed to find element with query '[data-qa='activePitchOverlay']'. Web driver timeout exception.&#xD;
Given action failed. Retrying after a timeout.&#xD;
Failed to find element with query '[data-qa='activePitchOverlay']'. Web driver timeout exception.&#xD;
sandbox: CleanUpAfterTestRun started.&#xD;
sandbox: application pages != null: True&#xD;
sandbox: web driver!= null: True&#xD;
sandbox: CleanUpAfterTestRun complete.</StdOut>
      </Output>
    </UnitTestResult>
    <UnitTestResult executionId="c16d6c8c-b105-4a63-932e-0699cd0e13e0" testId="35ebc062-0eb1-ecb5-9b8d-aabb21dbeedf" testName="GivenCornerTypeSelected_WhenGoingBackAndFinishingCornerWithDifferentCorner_ThenCornerFinished" computerName="EC2AMAZ-JEOO151" duration="00:00:16.6320000" startTime="2019-07-11T21:00:26.0000000+00:00" endTime="2019-07-11T21:00:43.0000000+00:00" testType="13cdc9d9-ddb5-4fa4-a97d-d965ccfc6d4b" outcome="Passed" testListId="8c84fa94-04c1-424b-9868-57a2d4851a1d" relativeResultsDirectory="c16d6c8c-b105-4a63-932e-0699cd0e13e0">
      <Output>
        <StdOut>sandbox: PrepareForTestRun started.&#xD;
sandbox: football liveStatsApp != null: True &#xD;
sandbox: football liveStatsApp.IsProcessRunning: True &#xD;
sandbox: setupLocalData: localDatabaseProvider != null: True&#xD;
sandbox: applicationPages != null: True&#xD;
sandbox: applicationPages.Webdriver != null: True&#xD;
sandbox: finished setuping local data&#xD;
sandbox: PrepareForTestRun complete.&#xD;
Given action failed. Retrying after a timeout.&#xD;
Failed to find data-qa element with tag 'dangerZoneText'. No such element exception.&#xD;
Failed to find data-qa element with tag 'dangerZoneText'. No such element exception.&#xD;
Failed to find data-qa element with tag 'dangerZoneText'. No such element exception.&#xD;
Failed to find data-qa element with tag 'dangerZoneText'. No such element exception.&#xD;
sandbox: CleanUpAfterTestRun started.&#xD;
sandbox: application pages != null: True&#xD;
sandbox: web driver!= null: True&#xD;
sandbox: CleanUpAfterTestRun complete.</StdOut>
      </Output>
    </UnitTestResult>
    <UnitTestResult executionId="3a93e582-8c00-4937-b55c-b6e037a605cc" testId="2aac34ec-5425-f970-6085-339484e91187" testName="GivenExpandedActionLog_WhenInsertingThrowInBeforeFirst_ThenInsertsCorrectly" computerName="EC2AMAZ-JEOO151" duration="00:00:19.2450000" startTime="2019-07-11T20:53:11.0000000+00:00" endTime="2019-07-11T20:53:30.0000000+00:00" testType="13cdc9d9-ddb5-4fa4-a97d-d965ccfc6d4b" outcome="Passed" testListId="8c84fa94-04c1-424b-9868-57a2d4851a1d" relativeResultsDirectory="3a93e582-8c00-4937-b55c-b6e037a605cc">
      <Output>
        <StdOut>sandbox: PrepareForTestRun started.&#xD;
sandbox: football liveStatsApp != null: True &#xD;
sandbox: football liveStatsApp.IsProcessRunning: True &#xD;
sandbox: setupLocalData: localDatabaseProvider != null: True&#xD;
sandbox: applicationPages != null: True&#xD;
sandbox: applicationPages.Webdriver != null: True&#xD;
sandbox: finished setuping local data&#xD;
sandbox: PrepareForTestRun complete.&#xD;
Failed to find element with query '[data-qa='throwInEditScreen']'. Web driver timeout exception.&#xD;
sandbox: CleanUpAfterTestRun started.&#xD;
sandbox: application pages != null: True&#xD;
sandbox: web driver!= null: True&#xD;
sandbox: CleanUpAfterTestRun complete.</StdOut>
      </Output>
    </UnitTestResult>
    <UnitTestResult executionId="c6536cba-0828-4a22-8468-10501d54bbab" testId="12773473-5ac0-2591-5109-b243f309d115" testName="GivenFootballGameInProgress_WhenEditingTeamDetailsTab_ThenTeamDetailsAreUpdated" computerName="EC2AMAZ-JEOO151" duration="00:00:13.1060000" startTime="2019-07-11T20:13:05.0000000+00:00" endTime="2019-07-11T20:13:18.0000000+00:00" testType="13cdc9d9-ddb5-4fa4-a97d-d965ccfc6d4b" outcome="Passed" testListId="8c84fa94-04c1-424b-9868-57a2d4851a1d" relativeResultsDirectory="c6536cba-0828-4a22-8468-10501d54bbab">
      <Output>
        <StdOut>sandbox: PrepareForTestRun started.&#xD;
sandbox: football liveStatsApp != null: True &#xD;
sandbox: football liveStatsApp.IsProcessRunning: True &#xD;
sandbox: setupLocalData: localDatabaseProvider != null: True&#xD;
sandbox: applicationPages != null: True&#xD;
sandbox: applicationPages.Webdriver != null: True&#xD;
sandbox: finished setuping local data&#xD;
sandbox: PrepareForTestRun complete.&#xD;
sandbox: CleanUpAfterTestRun started.&#xD;
sandbox: application pages != null: True&#xD;
sandbox: web driver!= null: True&#xD;
sandbox: CleanUpAfterTestRun complete.</StdOut>
      </Output>
    </UnitTestResult>
    <UnitTestResult executionId="163805fd-8773-4847-861b-ec9355ac6d53" testId="ce3778e1-125d-b1a2-3bd9-f526e2538448" testName="PitchAndPossessionIsNotSetOnPSO" computerName="EC2AMAZ-JEOO151" duration="00:00:36.9810000" startTime="2019-07-11T19:51:34.0000000+00:00" endTime="2019-07-11T19:52:11.0000000+00:00" testType="13cdc9d9-ddb5-4fa4-a97d-d965ccfc6d4b" outcome="Passed" testListId="8c84fa94-04c1-424b-9868-57a2d4851a1d" relativeResultsDirectory="163805fd-8773-4847-861b-ec9355ac6d53">
      <Output>
        <StdOut>sandbox: PrepareForTestRun started.&#xD;
sandbox: football liveStatsApp != null: True &#xD;
sandbox: football liveStatsApp.IsProcessRunning: True &#xD;
sandbox: setupLocalData: localDatabaseProvider != null: True&#xD;
sandbox: applicationPages != null: True&#xD;
sandbox: applicationPages.Webdriver != null: True&#xD;
sandbox: finished setuping local data&#xD;
sandbox: PrepareForTestRun complete.&#xD;
Given Game is kicked of with No. of subs set to 1 and Period Length to 45 and Extra Time set to true and Penalty Shoot-Out set to true&#xD;
-&gt; done: SetupGameSteps.GivenGameIsKickedOfWithNoOfPeriodsSetToAndPeriodLengthToAndExtraTimeSetToFalse(1, 45, True, True) (8.7s)&#xD;
And I clicked on pitch x 50 and y 60&#xD;
Failed to find element with query '[data-qa='activePitchOverlay']'. Web driver timeout exception.&#xD;
Given action failed. Retrying after a timeout.&#xD;
Failed to find element with query '[data-qa='activePitchOverlay']'. Web driver timeout exception.&#xD;
-&gt; done: PitchScreenSteps.WhenIClickOnPitch(50, 60) (4.5s)&#xD;
And I set clock and end half&#xD;
-&gt; done: PitchClockSteps.WhenFirstHalfIsEndedWithoutTime() (2.3s)&#xD;
When I confirm ended half&#xD;
-&gt; done: PitchClockSteps.WhenIConfirmEndedHalf() (0.4s)&#xD;
And I start next half&#xD;
-&gt; done: PitchClockSteps.WhenStartNextHalf() (0.4s)&#xD;
And I finish and proceed to next phase&#xD;
-&gt; done: PitchClockSteps.WhenIFinishAndProceedToNextPhase() (2.9s)&#xD;
And I finish and proceed to next phase&#xD;
-&gt; done: PitchClockSteps.WhenIFinishAndProceedToNextPhase() (2.9s)&#xD;
And I finish and proceed to next phase&#xD;
-&gt; done: PitchClockSteps.WhenIFinishAndProceedToNextPhase() (3.2s)&#xD;
Then team 1 possession button is not highligthed&#xD;
-&gt; done: ScoreBoardSteps.ThenTeamPossessionButtonIsNotHighligthed(1) (0.1s)&#xD;
And team 2 possession button is not highligthed&#xD;
-&gt; done: ScoreBoardSteps.ThenTeamPossessionButtonIsNotHighligthed(2) (0.1s)&#xD;
And ball marker should not be visible&#xD;
Failed to find element with query '[data-qa='pitch-cursor']'. Web driver timeout exception.&#xD;
-&gt; done: BallMarkerSteps.ThenCursorShouldBeVisibleAt() (2.0s)&#xD;
And Zone names are not shown&#xD;
Failed to find element with query '[data-qa='danger-zone0']'. Web driver timeout exception.&#xD;
Failed to find element with query '[data-qa='danger-zone1']'. Web driver timeout exception.&#xD;
Failed to find element with query '[data-qa='danger-zone2']'. Web driver timeout exception.&#xD;
Failed to find element with query '[data-qa='danger-zone3']'. Web driver timeout exception.&#xD;
-&gt; done: PitchScreenSteps.ThenZoneNamesAreNotShown() (8.2s)&#xD;
sandbox: CleanUpAfterTestRun started.&#xD;
sandbox: application pages != null: True&#xD;
sandbox: web driver!= null: True&#xD;
sandbox: CleanUpAfterTestRun complete.</StdOut>
      </Output>
    </UnitTestResult>
    <UnitTestResult executionId="b92947da-9d77-4448-a43c-13c4fc2086fa" testId="b6077d4b-571b-5181-20c4-9514a98262d0" testName="RemoveOverturnedVARForGoal" computerName="EC2AMAZ-JEOO151" duration="00:00:11.0980000" startTime="2019-07-11T18:05:18.0000000+00:00" endTime="2019-07-11T18:05:29.0000000+00:00" testType="13cdc9d9-ddb5-4fa4-a97d-d965ccfc6d4b" outcome="Passed" testListId="8c84fa94-04c1-424b-9868-57a2d4851a1d" relativeResultsDirectory="b92947da-9d77-4448-a43c-13c4fc2086fa">
      <Output>
        <StdOut>sandbox: PrepareForTestRun started.&#xD;
sandbox: football liveStatsApp != null: True &#xD;
sandbox: football liveStatsApp.IsProcessRunning: True &#xD;
sandbox: setupLocalData: localDatabaseProvider != null: True&#xD;
sandbox: applicationPages != null: True&#xD;
sandbox: applicationPages.Webdriver != null: True&#xD;
sandbox: finished setuping local data&#xD;
sandbox: PrepareForTestRun complete.&#xD;
Given Match started with kick off from existing game&#xD;
-&gt; done: SetupGameSteps.GivenMatchStartedWithKickOffButtonFromExistingGame() (3.0s)&#xD;
And I remembered current players on pitch shirt numbers&#xD;
-&gt; done: GoalEditSteps.GivenIRememberCurrentPlayersOnPitch() (1.6s)&#xD;
When I click goal for team 1 button&#xD;
Given action failed. Retrying after a timeout.&#xD;
-&gt; done: TeamActionButtonSteps.GivenIClickGoalForTeamButton(1) (0.4s)&#xD;
And I confirm goal by clicking on "Confirm" button&#xD;
-&gt; done: GoalSteps.WhenIConfirmGoalByClickingOnButton() (2.2s)&#xD;
And I click on team 1 player on pitch with shirt number 13&#xD;
-&gt; done: PitchPlayersComponentSteps.WhenIClickOnTeamPlayerOnPitchWithShirtNumber(1, 13) (0.1s)&#xD;
And I click on pitch x 90 and y 10&#xD;
-&gt; done: PitchScreenSteps.WhenIClickOnPitch(90, 10) (0.2s)&#xD;
And I click "Possible VAR" button in workflow&#xD;
-&gt; done: WorkflowSteps.WhenIClickPossibleVarButtonInWorkflow() (0.2s)&#xD;
And I click var "Foul" button&#xD;
-&gt; done: WorkflowSteps.WhenIClickVarButton("Foul") (0.2s)&#xD;
And I click var confirmation "no" button&#xD;
-&gt; done: WorkflowSteps.WhenIClickVarConfirmationButton("no") (0.2s)&#xD;
And I click goal event in action log&#xD;
-&gt; done: ActionLogSteps.GivenIClickGoalEventInActionLog() (0.4s)&#xD;
And I click "adjust shot location" button in goal edit window&#xD;
-&gt; done: GoalEditSteps.GivenIClickAdjustShotLocationButton() (0.1s)&#xD;
And I click "top right" corner on Net&#xD;
-&gt; done: ExpandedShotLocationDialogSteps.GivenIClickCornerOnNet("top right") (0.1s)&#xD;
And I click "Proceed" button on expanded shot position view&#xD;
-&gt; done: ExpandedShotLocationDialogSteps.GivenIClickButtonOnExpandedShotPositionView("Proceed") (0.1s)&#xD;
And I click "shot type" button in goal edit window&#xD;
-&gt; done: GoalEditSteps.GivenIClickShotTypeButton() (0.0s)&#xD;
And I click "Head" button in expanded shot type dialog&#xD;
-&gt; done: ExpandedShotTypeDialogSteps.GivenIClickButtonInExpandedShotTypeDialog("Head") (0.2s)&#xD;
And I click "VAR" toggle&#xD;
-&gt; done: EditFormSteps.GivenIClickToggleToEnable() (0.1s)&#xD;
And I choose no assist&#xD;
-&gt; done: GoalEditSteps.GivenIClickTeamButtonInAssistByTeam() (0.2s)&#xD;
And I click Save button in action edit form&#xD;
-&gt; done: EditFormSteps.ClickSaveButtonInActionEditForm() (0.6s)&#xD;
Then Pitch View is shown&#xD;
-&gt; done: PitchScreenSteps.PitchViewIsShown() (0.0s)&#xD;
And Score is 1 for team 1&#xD;
-&gt; done: ScoreBoardSteps.ThenScoreIsForTeam(1, 1) (0.1s)&#xD;
And Score is 0 for team 2&#xD;
-&gt; done: ScoreBoardSteps.ThenScoreIsForTeam(0, 2) (0.1s)&#xD;
And Ball icon is shown on player on pitch with shirt number 13 of team 1&#xD;
-&gt; done: PitchPlayersComponentSteps.ThenBallIconIsShownOnPlayerOnPitchWithShirtNumberOfTeamButton(13, 1) (0.1s)&#xD;
And VAR label is not in "Goal" event&#xD;
-&gt; done: ActionLogSteps.ThenVarLabelIsNotInEvent("VAR", Goal) (0.1s)&#xD;
sandbox: CleanUpAfterTestRun started.&#xD;
sandbox: application pages != null: True&#xD;
sandbox: web driver!= null: True&#xD;
sandbox: CleanUpAfterTestRun complete.</StdOut>
      </Output>
    </UnitTestResult>
    <UnitTestResult executionId="c2106af1-a35e-4ae8-a312-b0249db6680f" testId="73c5897a-ea53-807d-e346-42d9510d84c0" testName="SelectVarReasonAndOutcomeOverturned(&quot;Overturned&quot;,&quot;Offside&quot;,null)" computerName="EC2AMAZ-JEOO151" duration="00:00:14.5000000" startTime="2019-07-11T18:29:54.0000000+00:00" endTime="2019-07-11T18:30:08.0000000+00:00" testType="13cdc9d9-ddb5-4fa4-a97d-d965ccfc6d4b" outcome="Passed" testListId="8c84fa94-04c1-424b-9868-57a2d4851a1d" relativeResultsDirectory="c2106af1-a35e-4ae8-a312-b0249db6680f">
      <Output>
        <StdOut>sandbox: PrepareForTestRun started.&#xD;
sandbox: football liveStatsApp != null: True &#xD;
sandbox: football liveStatsApp.IsProcessRunning: True &#xD;
sandbox: setupLocalData: localDatabaseProvider != null: True&#xD;
sandbox: applicationPages != null: True&#xD;
sandbox: applicationPages.Webdriver != null: True&#xD;
sandbox: finished setuping local data&#xD;
sandbox: PrepareForTestRun complete.&#xD;
Given Match started with kick off from existing game&#xD;
-&gt; done: SetupGameSteps.GivenMatchStartedWithKickOffButtonFromExistingGame() (3.2s)&#xD;
And "Top right" corner added for Team 1&#xD;
-&gt; done: CornerSteps.GivenCornerAddedForTeam("Top right", 1) (3.1s)&#xD;
And "Yellow" Card for Team 1 is registered&#xD;
Given action failed. Retrying after a timeout.&#xD;
-&gt; done: CardSteps.GivenCardForTeamIsRegistered(Yellow, 1) (3.4s)&#xD;
And I clicked on latest "Corner" event in action log&#xD;
-&gt; done: ActionLogSteps.GivenIClickOnLatestEventInActionLog(Corner) (0.2s)&#xD;
And I entered new conceded event time of "0030"&#xD;
-&gt; done: EditFormSteps.GivenIEnterNewConcededEventTimeOf("0030") (1.0s)&#xD;
And I clicked Save button in action edit form&#xD;
-&gt; done: EditFormSteps.ClickSaveButtonInActionEditForm() (0.6s)&#xD;
And I remembered current players on pitch shirt numbers&#xD;
-&gt; done: GoalEditSteps.GivenIRememberCurrentPlayersOnPitch() (1.1s)&#xD;
When I click Expand Action log button&#xD;
-&gt; done: ActionLogSteps.WhenIClickExpandActionLogButton() (0.1s)&#xD;
And I click last action in expanded action log&#xD;
-&gt; done: ExpandedActionLogSteps.WhenIClickLastActionInExpandedActionLog() (0.1s)&#xD;
And I click insert after button in expanded action log&#xD;
-&gt; done: ExpandedActionLogSteps.WhenIClickInsertAfterButtonInExpandedActionLog() (0.1s)&#xD;
And I click insert Goal button in insert after dropdown&#xD;
-&gt; done: ExpandedActionLogSteps.WhenIClickInsertGoalButtonInInsertAfterDropdown() (0.1s)&#xD;
And I click "2" team in Goal by Team&#xD;
-&gt; done: GoalEditSteps.GivenIClickTeamInShotByTeam(2) (0.1s)&#xD;
And I click "VAR" toggle&#xD;
-&gt; done: EditFormSteps.GivenIClickToggleToEnable() (0.1s)&#xD;
And I click Var "Overturned" button&#xD;
-&gt; done: EditFormSteps.WhenIClickVarOverturnedButton() (0.1s)&#xD;
And I click VAR reason button&#xD;
-&gt; done: EditFormSteps.WhenIClickVarReasonButton() (0.0s)&#xD;
And I select VAR reason Offside&#xD;
-&gt; done: EditFormSteps.WhenISelectVarReason("Offside") (0.1s)&#xD;
Then "Save" of edit screen is enabled&#xD;
-&gt; done: EditFormSteps.ThenOfEditScreenIsEnabled() (0.0s)&#xD;
sandbox: CleanUpAfterTestRun started.&#xD;
sandbox: application pages != null: True&#xD;
sandbox: web driver!= null: True&#xD;
sandbox: CleanUpAfterTestRun complete.</StdOut>
      </Output>
    </UnitTestResult>
    <UnitTestResult executionId="410ea00a-1d2e-42eb-be7e-96dd77b659e4" testId="e2df0604-0141-4df6-2cf0-39bc905357b5" testName="GivenExpandedActionLog_WhenInsertingGoalBeforeWithAssistAndVar_ThenInsertsCorrectly" computerName="EC2AMAZ-JEOO151" duration="00:00:20.6260000" startTime="2019-07-11T20:50:07.0000000+00:00" endTime="2019-07-11T20:50:28.0000000+00:00" testType="13cdc9d9-ddb5-4fa4-a97d-d965ccfc6d4b" outcome="Passed" testListId="8c84fa94-04c1-424b-9868-57a2d4851a1d" relativeResultsDirectory="410ea00a-1d2e-42eb-be7e-96dd77b659e4">
      <Output>
        <StdOut>sandbox: PrepareForTestRun started.&#xD;
sandbox: football liveStatsApp != null: True &#xD;
sandbox: football liveStatsApp.IsProcessRunning: True &#xD;
sandbox: setupLocalData: localDatabaseProvider != null: True&#xD;
sandbox: applicationPages != null: True&#xD;
sandbox: applicationPages.Webdriver != null: True&#xD;
sandbox: finished setuping local data&#xD;
sandbox: PrepareForTestRun complete.&#xD;
Given action failed. Retrying after a timeout.&#xD;
Failed to find element with query '[data-qa='goalEditScreen']'. Web driver timeout exception.&#xD;
sandbox: CleanUpAfterTestRun started.&#xD;
sandbox: application pages != null: True&#xD;
sandbox: web driver!= null: True&#xD;
sandbox: CleanUpAfterTestRun complete.</StdOut>
      </Output>
    </UnitTestResult>
    <UnitTestResult executionId="d9ec1198-5590-40e4-ab7b-845d26fbb70e" testId="a734f1cd-c30f-c348-4df2-8992e5cb9d89" testName="CardReasonUpdate(&quot;Red&quot;,&quot;Denied Goalscoring Chance&quot;,null)" computerName="EC2AMAZ-JEOO151" duration="00:00:10.6150000" startTime="2019-07-11T17:47:07.0000000+00:00" endTime="2019-07-11T17:47:18.0000000+00:00" testType="13cdc9d9-ddb5-4fa4-a97d-d965ccfc6d4b" outcome="Passed" testListId="8c84fa94-04c1-424b-9868-57a2d4851a1d" relativeResultsDirectory="d9ec1198-5590-40e4-ab7b-845d26fbb70e">
      <Output>
        <StdOut>sandbox: PrepareForTestRun started.&#xD;
sandbox: football liveStatsApp != null: True &#xD;
sandbox: football liveStatsApp.IsProcessRunning: True &#xD;
sandbox: setupLocalData: localDatabaseProvider != null: True&#xD;
sandbox: applicationPages != null: True&#xD;
sandbox: applicationPages.Webdriver != null: True&#xD;
sandbox: finished setuping local data&#xD;
sandbox: PrepareForTestRun complete.&#xD;
Given Match started with kick off from existing game&#xD;
-&gt; done: SetupGameSteps.GivenMatchStartedWithKickOffButtonFromExistingGame() (3.4s)&#xD;
And I remembered current players on pitch shirt numbers&#xD;
-&gt; done: GoalEditSteps.GivenIRememberCurrentPlayersOnPitch() (1.5s)&#xD;
Given "Red" Card for Team "1" player with shirt number "4" is registered&#xD;
Given action failed. Retrying after a timeout.&#xD;
-&gt; done: CardSteps.GivenCardForTeamPlayerWithShirtNumberIsRegistered(Red, 1, 4) (3.2s)&#xD;
When I click on 1 of type "Booking" event in action log&#xD;
-&gt; done: ActionLogSteps.GivenIClickOnLatestEventInActionLog(1, Booking) (0.2s)&#xD;
And I click "select reason for card" button in card edit page&#xD;
-&gt; done: CardEditSteps.WhenIClickButtonInCardEditPage() (0.0s)&#xD;
And I click "Denied Goalscoring Chance" reason button&#xD;
-&gt; done: CardSteps.WhenIClickReasonButton("Denied Goalscorin...") (0.2s)&#xD;
And I select player with shirt number 10 in to receive the card in card edit page&#xD;
-&gt; done: CardEditSteps.WhenISelectPlayerInToReceiveTheCardInCardEditPage(10) (0.3s)&#xD;
And I click Save button in action edit form&#xD;
-&gt; done: EditFormSteps.ClickSaveButtonInActionEditForm() (0.6s)&#xD;
Then Pitch View is shown&#xD;
-&gt; done: PitchScreenSteps.PitchViewIsShown() (0.0s)&#xD;
And Red label is shown in Booking event action log&#xD;
-&gt; done: ActionLogSteps.ThenOffenceIsShownInPenaltyEventActionLog("Red", Booking) (0.1s)&#xD;
And "Red" label of "Booking" event in action log contains "Red" card icon&#xD;
-&gt; done: ActionLogSteps.ThenLabelOfEventInActionLogContainsCardIcon("Red", Booking, "Red") (0.1s)&#xD;
And Player on pitch by shirt number 10 of team 1 is shown in Red of "Booking" event in action log&#xD;
-&gt; done: ActionLogSteps.ThenPlayerOnPitchByShirtNumberOfTeamIsShownInGoalOfEventInActionLog(10, 1, "Red", Booking) (0.3s)&#xD;
sandbox: CleanUpAfterTestRun started.&#xD;
sandbox: application pages != null: True&#xD;
sandbox: web driver!= null: True&#xD;
sandbox: CleanUpAfterTestRun complete.</StdOut>
      </Output>
    </UnitTestResult>
    <UnitTestResult executionId="451377d8-bd2e-4c88-acac-809acb3972a0" testId="b542e3ed-57be-985b-6cc6-cee461b05e8b" testName="CannotProceedWithEmptyPlayerSurname" computerName="EC2AMAZ-JEOO151" duration="00:01:22.3620000" startTime="2019-07-11T17:30:03.0000000+00:00" endTime="2019-07-11T17:31:25.0000000+00:00" testType="13cdc9d9-ddb5-4fa4-a97d-d965ccfc6d4b" outcome="Passed" testListId="8c84fa94-04c1-424b-9868-57a2d4851a1d" relativeResultsDirectory="451377d8-bd2e-4c88-acac-809acb3972a0">
      <Output>
        <StdOut>sandbox: PrepareForTestRun started.&#xD;
sandbox: football liveStatsApp != null: True &#xD;
sandbox: football liveStatsApp.IsProcessRunning: True &#xD;
sandbox: setupLocalData: localDatabaseProvider != null: True&#xD;
sandbox: applicationPages != null: True&#xD;
sandbox: applicationPages.Webdriver != null: True&#xD;
sandbox: finished setuping local data&#xD;
sandbox: PrepareForTestRun complete.&#xD;
Given I am in players tab&#xD;
-&gt; done: PlayersTabSteps.GivenIAmInPlayersTab() (3.1s)&#xD;
When I enter all data for 11 players of team 1&#xD;
-&gt; done: PlayersTabSteps.WhenIEnterAllDataForPlayersForTeam(11, 1) (37.4s)&#xD;
And I enter all data for 11 players of team 2&#xD;
-&gt; done: PlayersTabSteps.WhenIEnterAllDataForPlayersForTeam(11, 2) (35.3s)&#xD;
And I Add player for team 1&#xD;
-&gt; done: PlayersTabSteps.WhenIAddPlayerForTeam(1) (0.1s)&#xD;
And I enter number 12 for player 12 of team 1&#xD;
-&gt; done: PlayersTabSteps.WhenIEnterNumberAaForPlayerOfTeam("12", 12, 1) (0.5s)&#xD;
And I enter name "playerName" for player 12 of team 1&#xD;
-&gt; done: PlayersTabSteps.WhenIEnterNamePlayerForPlayerOfTeam("playerName", 12, 1) (1.6s)&#xD;
And I enter surname "" for player 12 of team 1&#xD;
-&gt; done: PlayersTabSteps.WhenIEnterSurnamePlayersurnameForPlayerOfTeam("", 12, 1) (0.1s)&#xD;
And I select positon Lw for player 12 of team 1&#xD;
-&gt; done: PlayersTabSteps.WhenISelectPositonLwForPlayerOfTeam(Lw, 12, 1) (0.3s)&#xD;
And I mark player 12 of team 1 as playing&#xD;
-&gt; done: PlayersTabSteps.WhenIMarkPlayerOfTeamAsPlaying(12, 1) (0.2s)&#xD;
And I click Save &amp; Next button&#xD;
-&gt; done: GameSetupSteps.WhenIClickSaveNextButton() (0.2s)&#xD;
Then Error is shown "Last Name is missing"&#xD;
-&gt; done: GameSetupSteps.ThenErrorIsShown("Last Name is missing") (0.1s)&#xD;
And Formations tab should not be open&#xD;
Failed to find element with query '[data-qa='formationsForm']'. Web driver timeout exception.&#xD;
-&gt; done: TeamsFormationsTabSteps.ThenFormationTabShouldNotOpen() (2.1s)&#xD;
sandbox: CleanUpAfterTestRun started.&#xD;
sandbox: application pages != null: True&#xD;
sandbox: web driver!= null: True&#xD;
Given action failed. Retrying after a timeout. Most likely UI was not fast enough to refresh itself.&#xD;
sandbox: CleanUpAfterTestRun complete.</StdOut>
      </Output>
    </UnitTestResult>
    <UnitTestResult executionId="e9e33f4e-b0db-4e47-b192-192bb0bb6d0d" testId="29d5745a-450d-0a3f-753c-d48a1b2d99ff" testName="GivenThrowInLastStep_WhenGoingBack_ThenReturnsToPreviousStep" computerName="EC2AMAZ-JEOO151" duration="00:00:05.1640000" startTime="2019-07-11T21:14:35.0000000+00:00" endTime="2019-07-11T21:14:40.0000000+00:00" testType="13cdc9d9-ddb5-4fa4-a97d-d965ccfc6d4b" outcome="Passed" testListId="8c84fa94-04c1-424b-9868-57a2d4851a1d" relativeResultsDirectory="e9e33f4e-b0db-4e47-b192-192bb0bb6d0d">
      <Output>
        <StdOut>sandbox: PrepareForTestRun started.&#xD;
sandbox: football liveStatsApp != null: True &#xD;
sandbox: football liveStatsApp.IsProcessRunning: True &#xD;
sandbox: setupLocalData: localDatabaseProvider != null: True&#xD;
sandbox: applicationPages != null: True&#xD;
sandbox: applicationPages.Webdriver != null: True&#xD;
sandbox: finished setuping local data&#xD;
sandbox: PrepareForTestRun complete.&#xD;
sandbox: CleanUpAfterTestRun started.&#xD;
sandbox: application pages != null: True&#xD;
sandbox: web driver!= null: True&#xD;
sandbox: CleanUpAfterTestRun complete.</StdOut>
      </Output>
    </UnitTestResult>
    <UnitTestResult executionId="f99efef3-9663-459b-ad8a-ffab52f83cd7" testId="330f0fcb-1dc9-6f82-5d36-1b304a78f752" testName="YesOnVarOnFirstStepOfRecordCardWorkflow(&quot;2&quot;,&quot;Red&quot;,null)" computerName="EC2AMAZ-JEOO151" duration="00:00:05.4540000" startTime="2019-07-11T19:56:11.0000000+00:00" endTime="2019-07-11T19:56:17.0000000+00:00" testType="13cdc9d9-ddb5-4fa4-a97d-d965ccfc6d4b" outcome="Passed" testListId="8c84fa94-04c1-424b-9868-57a2d4851a1d" relativeResultsDirectory="f99efef3-9663-459b-ad8a-ffab52f83cd7">
      <Output>
        <StdOut>sandbox: PrepareForTestRun started.&#xD;
sandbox: football liveStatsApp != null: True &#xD;
sandbox: football liveStatsApp.IsProcessRunning: True &#xD;
sandbox: setupLocalData: localDatabaseProvider != null: True&#xD;
sandbox: applicationPages != null: True&#xD;
sandbox: applicationPages.Webdriver != null: True&#xD;
sandbox: finished setuping local data&#xD;
sandbox: PrepareForTestRun complete.&#xD;
Given Match started with kick off from existing game&#xD;
-&gt; done: SetupGameSteps.GivenMatchStartedWithKickOffButtonFromExistingGame() (3.3s)&#xD;
When I click on team 2 possible "Red"&#xD;
-&gt; done: TeamActionButtonSteps.StartPossibleCardRegistration(2, Red) (0.6s)&#xD;
And I click "Possible VAR" button in workflow&#xD;
-&gt; done: WorkflowSteps.WhenIClickPossibleVarButtonInWorkflow() (0.1s)&#xD;
And I click var confirmation "yes" button&#xD;
-&gt; done: WorkflowSteps.WhenIClickVarConfirmationButton("yes") (0.3s)&#xD;
Then Card type dialog is displayed&#xD;
-&gt; done: CardSteps.ThenCardTypeDialogIsDisplayed() (0.2s)&#xD;
And VAR label of "Booking" event in action log is in team 2 color&#xD;
-&gt; done: ActionLogSteps.ThenSubItemOfEventInActionLogIsInTeamColor("VAR", Booking, 2) (0.1s)&#xD;
And VAR label of "Booking" event in action log contains "Card Stands" message&#xD;
-&gt; done: ActionLogSteps.ThenSubItemOfEventInActionLogIsInTeamColor("VAR", Booking, "Card Stands") (0.1s)&#xD;
sandbox: CleanUpAfterTestRun started.&#xD;
sandbox: application pages != null: True&#xD;
sandbox: web driver!= null: True&#xD;
sandbox: CleanUpAfterTestRun complete.</StdOut>
      </Output>
    </UnitTestResult>
    <UnitTestResult executionId="c26d8d3a-00b2-40e7-beaf-e41d5adc2c2f" testId="6668041a-613c-ff56-a55e-dd6b3357a57f" testName="EditSubstitution" computerName="EC2AMAZ-JEOO151" duration="00:00:08.1490000" startTime="2019-07-11T18:10:49.0000000+00:00" endTime="2019-07-11T18:10:57.0000000+00:00" testType="13cdc9d9-ddb5-4fa4-a97d-d965ccfc6d4b" outcome="Passed" testListId="8c84fa94-04c1-424b-9868-57a2d4851a1d" relativeResultsDirectory="c26d8d3a-00b2-40e7-beaf-e41d5adc2c2f">
      <Output>
        <StdOut>sandbox: PrepareForTestRun started.&#xD;
sandbox: football liveStatsApp != null: True &#xD;
sandbox: football liveStatsApp.IsProcessRunning: True &#xD;
sandbox: setupLocalData: localDatabaseProvider != null: True&#xD;
sandbox: applicationPages != null: True&#xD;
sandbox: applicationPages.Webdriver != null: True&#xD;
sandbox: finished setuping local data&#xD;
sandbox: PrepareForTestRun complete.&#xD;
Given Match started with kick off from existing game&#xD;
-&gt; done: SetupGameSteps.GivenMatchStartedWithKickOffButtonFromExistingGame() (3.2s)&#xD;
Given added substitution for in player "24" and out player "4" in team "2"&#xD;
-&gt; done: SubstitutionEditSteps.GivenIAddSubstitutionForBothTeams(24, 4, 2) (2.0s)&#xD;
When I click on latest "Substitution" event in action log&#xD;
-&gt; done: ActionLogSteps.GivenIClickOnLatestEventInActionLog(Substitution) (0.2s)&#xD;
And I click player with shirt number 26 from "bench" list&#xD;
-&gt; done: SubstitutionEditSteps.WhenIClickPlayerWithShirtNumberFromList(26, "bench") (0.5s)&#xD;
And I click player with shirt number 6 from "pitch" list&#xD;
-&gt; done: SubstitutionEditSteps.WhenIClickPlayerWithShirtNumberFromList(6, "pitch") (0.5s)&#xD;
And I click Save button in action edit form&#xD;
-&gt; done: EditFormSteps.ClickSaveButtonInActionEditForm() (0.6s)&#xD;
Then Pitch View is shown&#xD;
-&gt; done: PitchScreenSteps.PitchViewIsShown() (0.0s)&#xD;
And Substitution event for team 2 contains player with shirt number 26 Sub-in&#xD;
-&gt; done: SubstitutionEditSteps.ThenSubstitutionEventForTeamTeamContainsPlayerWithShirtNumberSub_In(2, 26) (0.1s)&#xD;
And Substitution event for team 2 contains player with shirt number 6 Sub-out&#xD;
-&gt; done: SubstitutionEditSteps.ThenSubstitutionEventForTeamTeamContainsPlayerWithShirtNumberSub_Out(2, 6) (0.1s)&#xD;
And substitutions for team "1" button on pitch shows "3" remaining and "3" available subs&#xD;
-&gt; done: SubstitutionSteps.ThenSubsForTeamButtonOnPitchShowsCompletedAndAvailableSubs(1, 3, 3) (0.0s)&#xD;
And substitutions for team "2" button on pitch shows "2" remaining and "3" available subs&#xD;
-&gt; done: SubstitutionSteps.ThenSubsForTeamButtonOnPitchShowsCompletedAndAvailableSubs(2, 2, 3) (0.0s)&#xD;
sandbox: CleanUpAfterTestRun started.&#xD;
sandbox: application pages != null: True&#xD;
sandbox: web driver!= null: True&#xD;
sandbox: CleanUpAfterTestRun complete.</StdOut>
      </Output>
    </UnitTestResult>
    <UnitTestResult executionId="11ac6ce2-6ad2-4ee2-b0cf-dede947e2edd" testId="e12210ac-d8bb-7768-7733-5a1ce790ca0a" testName="WhenTeamsGetsLeadAfter6GoalsAndOtherTeamShot6ThKickPenaltyWithMissShootoutButtonIsEnabled" computerName="EC2AMAZ-JEOO151" duration="00:00:50.5660000" startTime="2019-07-11T19:20:36.0000000+00:00" endTime="2019-07-11T19:21:26.0000000+00:00" testType="13cdc9d9-ddb5-4fa4-a97d-d965ccfc6d4b" outcome="Passed" testListId="8c84fa94-04c1-424b-9868-57a2d4851a1d" relativeResultsDirectory="11ac6ce2-6ad2-4ee2-b0cf-dede947e2edd">
      <Output>
        <StdOut>sandbox: PrepareForTestRun started.&#xD;
sandbox: football liveStatsApp != null: True &#xD;
sandbox: football liveStatsApp.IsProcessRunning: True &#xD;
sandbox: setupLocalData: localDatabaseProvider != null: True&#xD;
sandbox: applicationPages != null: True&#xD;
sandbox: applicationPages.Webdriver != null: True&#xD;
sandbox: finished setuping local data&#xD;
sandbox: PrepareForTestRun complete.&#xD;
Given penalty shoot-out phase started&#xD;
-&gt; done: PitchClockSteps.GivenGamePenaltyShoot_OutPhaseStarted() (14.8s)&#xD;
When I record penalty shoot-out kick "Goal" for team 2 player with shirt number 1&#xD;
-&gt; done: PenaltyShootoutSteps.WhenIRecordPenaltyShoot_OutKickGoalForTeamPlayerWithShirtNumber(2, 1) (2.8s)&#xD;
And I record penalty shoot-out kick "Goal" for team 1 player with shirt number 13&#xD;
-&gt; done: PenaltyShootoutSteps.WhenIRecordPenaltyShoot_OutKickGoalForTeamPlayerWithShirtNumber(1, 13) (2.9s)&#xD;
And I record penalty shoot-out kick "Goal" for team 2 player with shirt number 2&#xD;
-&gt; done: PenaltyShootoutSteps.WhenIRecordPenaltyShoot_OutKickGoalForTeamPlayerWithShirtNumber(2, 2) (2.8s)&#xD;
And I record penalty shoot-out kick "Goal" for team 1 player with shirt number 4&#xD;
-&gt; done: PenaltyShootoutSteps.WhenIRecordPenaltyShoot_OutKickGoalForTeamPlayerWithShirtNumber(1, 4) (2.9s)&#xD;
And I record penalty shoot-out kick "Goal" for team 2 player with shirt number 3&#xD;
-&gt; done: PenaltyShootoutSteps.WhenIRecordPenaltyShoot_OutKickGoalForTeamPlayerWithShirtNumber(2, 3) (3.1s)&#xD;
And I record penalty shoot-out kick "Goal" for team 1 player with shirt number 6&#xD;
-&gt; done: PenaltyShootoutSteps.WhenIRecordPenaltyShoot_OutKickGoalForTeamPlayerWithShirtNumber(1, 6) (2.9s)&#xD;
And I record penalty shoot-out kick "Goal" for team 2 player with shirt number 4&#xD;
-&gt; done: PenaltyShootoutSteps.WhenIRecordPenaltyShoot_OutKickGoalForTeamPlayerWithShirtNumber(2, 4) (2.9s)&#xD;
And I record penalty shoot-out kick "Goal" for team 1 player with shirt number 7&#xD;
-&gt; done: PenaltyShootoutSteps.WhenIRecordPenaltyShoot_OutKickGoalForTeamPlayerWithShirtNumber(1, 7) (2.9s)&#xD;
And I record penalty shoot-out kick "Goal" for team 2 player with shirt number 5&#xD;
-&gt; done: PenaltyShootoutSteps.WhenIRecordPenaltyShoot_OutKickGoalForTeamPlayerWithShirtNumber(2, 5) (3.2s)&#xD;
And I record penalty shoot-out kick "Goal" for team 1 player with shirt number 8&#xD;
-&gt; done: PenaltyShootoutSteps.WhenIRecordPenaltyShoot_OutKickGoalForTeamPlayerWithShirtNumber(1, 8) (2.9s)&#xD;
And I record penalty shoot-out kick "Goal" for team 2 player with shirt number 6&#xD;
-&gt; done: PenaltyShootoutSteps.WhenIRecordPenaltyShoot_OutKickGoalForTeamPlayerWithShirtNumber(2, 6) (3.3s)&#xD;
And I record penalty shoot-out kick "Penalty Shot On Target" for team 1 player with shirt number 9&#xD;
-&gt; done: PenaltyShootoutSteps.WhenIRecordPenaltyShoot_OutKickForTeamPlayerWithShirtNumber(1, 9) (1.0s)&#xD;
Then Team 2 has 5 penalty shoot-out made in score board&#xD;
-&gt; done: PenaltyShootoutSteps.ThenTeamHasPenaltyShoot_OutMade(2, 5) (0.3s)&#xD;
And Team 2 has 0 penalty shoot-out miss in score board&#xD;
-&gt; done: PenaltyShootoutSteps.ThenTeamHasPenaltyShoot_OutMiss(2, 0) (0.1s)&#xD;
And Team 1 has 4 penalty shoot-out made in score board&#xD;
-&gt; done: PenaltyShootoutSteps.ThenTeamHasPenaltyShoot_OutMade(1, 4) (0.3s)&#xD;
And Team 1 has 1 penalty shoot-out miss in score board&#xD;
-&gt; done: PenaltyShootoutSteps.ThenTeamHasPenaltyShoot_OutMiss(1, 1) (0.1s)&#xD;
And End penalty shoot-out button is visible near clock&#xD;
-&gt; done: PitchClockSteps.ThenEndPenaltyShoot_OutButtonIsVisibleNearClock() (0.0s)&#xD;
And End penalty shoot-out button is enabled near clock&#xD;
-&gt; done: PitchClockSteps.ThenEndPenaltyShoot_OutButtonIsEnabledNearClock() (0.0s)&#xD;
And Number of "PenaltyShootout" containers is 12 in action log&#xD;
-&gt; done: ActionLogSteps.ThenNumberOfContainersIsInActionLog(PenaltyShootout, 12) (0.0s)&#xD;
sandbox: CleanUpAfterTestRun started.&#xD;
sandbox: application pages != null: True&#xD;
sandbox: web driver!= null: True&#xD;
sandbox: CleanUpAfterTestRun complete.</StdOut>
      </Output>
    </UnitTestResult>
    <UnitTestResult executionId="5654caac-c3f6-4c8a-a774-291834bf32b2" testId="8c0d7c37-5aab-766b-77e4-cd7408c64f61" testName="GivenExpandedLog_WhenInsertingCardBefore_ThenInsertedCorrectly(SecondYellow,&quot;second yellow card&quot;)" computerName="EC2AMAZ-JEOO151" duration="00:00:18.6890000" startTime="2019-07-11T20:47:59.0000000+00:00" endTime="2019-07-11T20:48:18.0000000+00:00" testType="13cdc9d9-ddb5-4fa4-a97d-d965ccfc6d4b" outcome="Passed" testListId="8c84fa94-04c1-424b-9868-57a2d4851a1d" relativeResultsDirectory="5654caac-c3f6-4c8a-a774-291834bf32b2">
      <Output>
        <StdOut>sandbox: PrepareForTestRun started.&#xD;
sandbox: football liveStatsApp != null: True &#xD;
sandbox: football liveStatsApp.IsProcessRunning: True &#xD;
sandbox: setupLocalData: localDatabaseProvider != null: True&#xD;
sandbox: applicationPages != null: True&#xD;
sandbox: applicationPages.Webdriver != null: True&#xD;
sandbox: finished setuping local data&#xD;
sandbox: PrepareForTestRun complete.&#xD;
Given action failed. Retrying after a timeout.&#xD;
Given action failed. Retrying after a timeout.&#xD;
Failed to find element with query '[data-qa='bookingEditScreen']'. Web driver timeout exception.&#xD;
sandbox: CleanUpAfterTestRun started.&#xD;
sandbox: application pages != null: True&#xD;
sandbox: web driver!= null: True&#xD;
sandbox: CleanUpAfterTestRun complete.</StdOut>
      </Output>
    </UnitTestResult>
    <UnitTestResult executionId="2180005b-a58e-460a-82ea-5401d5644057" testId="d5a8d00a-c0b7-11ae-742d-e867bc241a41" testName="SelectVarReasonAndOutcome(&quot;Stands&quot;,&quot;Offence&quot;,null)" computerName="EC2AMAZ-JEOO151" duration="00:00:14.5850000" startTime="2019-07-11T18:28:56.0000000+00:00" endTime="2019-07-11T18:29:11.0000000+00:00" testType="13cdc9d9-ddb5-4fa4-a97d-d965ccfc6d4b" outcome="Passed" testListId="8c84fa94-04c1-424b-9868-57a2d4851a1d" relativeResultsDirectory="2180005b-a58e-460a-82ea-5401d5644057">
      <Output>
        <StdOut>sandbox: PrepareForTestRun started.&#xD;
sandbox: football liveStatsApp != null: True &#xD;
sandbox: football liveStatsApp.IsProcessRunning: True &#xD;
sandbox: setupLocalData: localDatabaseProvider != null: True&#xD;
sandbox: applicationPages != null: True&#xD;
sandbox: applicationPages.Webdriver != null: True&#xD;
sandbox: finished setuping local data&#xD;
sandbox: PrepareForTestRun complete.&#xD;
Given Match started with kick off from existing game&#xD;
-&gt; done: SetupGameSteps.GivenMatchStartedWithKickOffButtonFromExistingGame() (3.3s)&#xD;
And "Top right" corner added for Team 1&#xD;
Given action failed. Retrying after a timeout.&#xD;
-&gt; done: CornerSteps.GivenCornerAddedForTeam("Top right", 1) (3.3s)&#xD;
And "Yellow" Card for Team 1 is registered&#xD;
Given action failed. Retrying after a timeout.&#xD;
-&gt; done: CardSteps.GivenCardForTeamIsRegistered(Yellow, 1) (3.5s)&#xD;
And I clicked on latest "Corner" event in action log&#xD;
-&gt; done: ActionLogSteps.GivenIClickOnLatestEventInActionLog(Corner) (0.2s)&#xD;
And I entered new conceded event time of "0030"&#xD;
-&gt; done: EditFormSteps.GivenIEnterNewConcededEventTimeOf("0030") (1.0s)&#xD;
And I clicked Save button in action edit form&#xD;
-&gt; done: EditFormSteps.ClickSaveButtonInActionEditForm() (0.6s)&#xD;
And I remembered current players on pitch shirt numbers&#xD;
-&gt; done: GoalEditSteps.GivenIRememberCurrentPlayersOnPitch() (1.1s)&#xD;
When I click Expand Action log button&#xD;
-&gt; done: ActionLogSteps.WhenIClickExpandActionLogButton() (0.1s)&#xD;
And I click last action in expanded action log&#xD;
-&gt; done: ExpandedActionLogSteps.WhenIClickLastActionInExpandedActionLog() (0.1s)&#xD;
And I click insert after button in expanded action log&#xD;
-&gt; done: ExpandedActionLogSteps.WhenIClickInsertAfterButtonInExpandedActionLog() (0.1s)&#xD;
And I click insert Goal button in insert after dropdown&#xD;
-&gt; done: ExpandedActionLogSteps.WhenIClickInsertGoalButtonInInsertAfterDropdown() (0.1s)&#xD;
And I click "VAR" toggle&#xD;
-&gt; done: EditFormSteps.GivenIClickToggleToEnable() (0.1s)&#xD;
And I click Var "Stands" button&#xD;
-&gt; done: EditFormSteps.WhenIClickVarStandsButton() (0.1s)&#xD;
And I click VAR reason button&#xD;
-&gt; done: EditFormSteps.WhenIClickVarReasonButton() (0.0s)&#xD;
And I select VAR reason Offence&#xD;
-&gt; done: EditFormSteps.WhenISelectVarReason("Offence") (0.1s)&#xD;
Then Save button is disabled in action edit form&#xD;
-&gt; done: EditFormSteps.SaveButtonIsDisabled() (0.0s)&#xD;
sandbox: CleanUpAfterTestRun started.&#xD;
sandbox: application pages != null: True&#xD;
sandbox: web driver!= null: True&#xD;
sandbox: CleanUpAfterTestRun complete.</StdOut>
      </Output>
    </UnitTestResult>
    <UnitTestResult executionId="d3eadfe6-a8bc-4b86-bfbc-f66555529013" testId="48a4402d-bc3f-86bb-1444-6d4a708481e7" testName="FlagsFreekickIfGoalStartedFromMiddleOfFreekickWorkflow(&quot;foul by&quot;,&quot;2&quot;,null)" computerName="EC2AMAZ-JEOO151" duration="00:00:05.4340000" startTime="2019-07-11T18:59:00.0000000+00:00" endTime="2019-07-11T18:59:05.0000000+00:00" testType="13cdc9d9-ddb5-4fa4-a97d-d965ccfc6d4b" outcome="Passed" testListId="8c84fa94-04c1-424b-9868-57a2d4851a1d" relativeResultsDirectory="d3eadfe6-a8bc-4b86-bfbc-f66555529013">
      <Output>
        <StdOut>sandbox: PrepareForTestRun started.&#xD;
sandbox: football liveStatsApp != null: True &#xD;
sandbox: football liveStatsApp.IsProcessRunning: True &#xD;
sandbox: setupLocalData: localDatabaseProvider != null: True&#xD;
sandbox: applicationPages != null: True&#xD;
sandbox: applicationPages.Webdriver != null: True&#xD;
sandbox: finished setuping local data&#xD;
sandbox: PrepareForTestRun complete.&#xD;
Given Match started with kick off from existing game&#xD;
-&gt; done: SetupGameSteps.GivenMatchStartedWithKickOffButtonFromExistingGame() (3.3s)&#xD;
Given Free kick for team "2" workflow entered till foul by selection&#xD;
-&gt; done: FreeKickSteps.GivenFreeKickForTeamAndWorkflowEnteredTillFoulBySelection(2) (0.8s)&#xD;
When I click goal for team 2 button&#xD;
Given action failed. Retrying after a timeout.&#xD;
-&gt; done: TeamActionButtonSteps.GivenIClickGoalForTeamButton(2) (0.5s)&#xD;
Then Latest action of type "FreeKick" is flagged&#xD;
-&gt; done: ActionLogSteps.ThenLatestEventInActionLogOfTypeIsFlagged(FreeKick) (0.0s)&#xD;
sandbox: CleanUpAfterTestRun started.&#xD;
sandbox: application pages != null: True&#xD;
sandbox: web driver!= null: True&#xD;
sandbox: CleanUpAfterTestRun complete.</StdOut>
      </Output>
    </UnitTestResult>
    <UnitTestResult executionId="d4e89521-3da8-424c-8329-85c7756c5fce" testId="7ea6c735-e537-5709-8711-b4d141e85f9a" testName="EditCornerDuringWorkflowFromExpandedActionLog" computerName="EC2AMAZ-JEOO151" duration="00:00:08.7520000" startTime="2019-07-11T17:53:01.0000000+00:00" endTime="2019-07-11T17:53:10.0000000+00:00" testType="13cdc9d9-ddb5-4fa4-a97d-d965ccfc6d4b" outcome="Passed" testListId="8c84fa94-04c1-424b-9868-57a2d4851a1d" relativeResultsDirectory="d4e89521-3da8-424c-8329-85c7756c5fce">
      <Output>
        <StdOut>sandbox: PrepareForTestRun started.&#xD;
sandbox: football liveStatsApp != null: True &#xD;
sandbox: football liveStatsApp.IsProcessRunning: True &#xD;
sandbox: setupLocalData: localDatabaseProvider != null: True&#xD;
sandbox: applicationPages != null: True&#xD;
sandbox: applicationPages.Webdriver != null: True&#xD;
sandbox: finished setuping local data&#xD;
sandbox: PrepareForTestRun complete.&#xD;
Given Match started with kick off from existing game&#xD;
-&gt; done: SetupGameSteps.GivenMatchStartedWithKickOffButtonFromExistingGame() (3.3s)&#xD;
Given "Top right" corner added for Team 1&#xD;
-&gt; done: CornerSteps.GivenCornerAddedForTeam("Top right", 1) (3.2s)&#xD;
When I click Freekick button for team 1&#xD;
-&gt; done: TeamActionButtonSteps.WhenIClickFreekickButtonForTeam(1) (0.4s)&#xD;
And I open Expanded Action log&#xD;
-&gt; done: ActionLogSteps.WhenIClickExpandActionLogButton() (0.1s)&#xD;
And I open last "Corner" action edit view from expanded action log&#xD;
-&gt; done: ExpandedActionLogSteps.WhenIOpenLastActionEditViewFromExpandedActionLog(Corner) (0.1s)&#xD;
And I click Flag &amp; Save button in action edit form&#xD;
-&gt; done: EditFormSteps.ClickFlagAndSaveInActionEditForm() (0.4s)&#xD;
And I close expanded action log page&#xD;
-&gt; done: ExpandedActionLogSteps.WhenICloseExpandedActionLogPage() (0.2s)&#xD;
Then Pitch View is shown&#xD;
-&gt; done: PitchScreenSteps.PitchViewIsShown() (0.0s)&#xD;
And 1 event in action log of type "Corner" is flagged&#xD;
-&gt; done: ActionLogSteps.ThenEventInActionLogOfTypeIsFlagged(1, Corner) (0.0s)&#xD;
And Notification "Select free kick location..." is shown&#xD;
-&gt; done: PitchBottomMessageBarSteps.ThenIsShown("Select free kick ...") (0.1s)&#xD;
sandbox: CleanUpAfterTestRun started.&#xD;
sandbox: application pages != null: True&#xD;
sandbox: web driver!= null: True&#xD;
sandbox: CleanUpAfterTestRun complete.</StdOut>
      </Output>
    </UnitTestResult>
    <UnitTestResult executionId="a4e458ab-b686-4f79-b40f-da0dc0318aa1" testId="7173b3f6-eae6-db4a-3f60-642b558803ad" testName="FootballChangeShotResultToOffTarget" computerName="EC2AMAZ-JEOO151" duration="00:00:15.2040000" startTime="2019-07-11T18:09:36.0000000+00:00" endTime="2019-07-11T18:09:51.0000000+00:00" testType="13cdc9d9-ddb5-4fa4-a97d-d965ccfc6d4b" outcome="Failed" testListId="8c84fa94-04c1-424b-9868-57a2d4851a1d" relativeResultsDirectory="a4e458ab-b686-4f79-b40f-da0dc0318aa1">
      <Output>
        <StdOut>sandbox: PrepareForTestRun started.&#xD;
sandbox: football liveStatsApp != null: True &#xD;
sandbox: football liveStatsApp.IsProcessRunning: True &#xD;
sandbox: setupLocalData: localDatabaseProvider != null: True&#xD;
sandbox: applicationPages != null: True&#xD;
sandbox: applicationPages.Webdriver != null: True&#xD;
sandbox: finished setuping local data&#xD;
sandbox: PrepareForTestRun complete.&#xD;
Given Match started with kick off from existing game&#xD;
-&gt; done: SetupGameSteps.GivenMatchStartedWithKickOffButtonFromExistingGame() (3.3s)&#xD;
And I remembered current players on pitch shirt numbers&#xD;
-&gt; done: GoalEditSteps.GivenIRememberCurrentPlayersOnPitch() (1.6s)&#xD;
And I clicked on pitch x 50 and y 60&#xD;
Failed to find element with query '[data-qa='activePitchOverlay']'. Web driver timeout exception.&#xD;
Given action failed. Retrying after a timeout.&#xD;
Failed to find element with query '[data-qa='activePitchOverlay']'. Web driver timeout exception.&#xD;
-&gt; done: PitchScreenSteps.WhenIClickOnPitch(50, 60) (4.4s)&#xD;
And I clicked "Shot" button for team 1&#xD;
Given action failed. Retrying after a timeout.&#xD;
-&gt; done: TeamActionButtonSteps.GivenIClickShotButtonForTeam(1) (0.5s)&#xD;
And I clicked on team 1 player on pitch with shirt number 13&#xD;
-&gt; done: PitchPlayersComponentSteps.WhenIClickOnTeamPlayerOnPitchWithShirtNumber(1, 13) (0.1s)&#xD;
And I clicked on pitch x 50 and y 60&#xD;
-&gt; done: PitchScreenSteps.WhenIClickOnPitch(50, 60) (0.2s)&#xD;
And I clicked "Shot Blocked" button&#xD;
-&gt; done: ShotRegistrationSteps.WhenClickIShotBlockedButton() (0.1s)&#xD;
When I click shot event in action log&#xD;
-&gt; done: ActionLogSteps.WhenIClickShotEventInActionLog() (0.2s)&#xD;
And Shot result changed to Off Target&#xD;
-&gt; done: ShotEditSteps.WhenShotResultChangedToOffTarget() (0.1s)&#xD;
Then GK No Save is not selected&#xD;
-&gt; error:   Expected: False&#xD;
  But was:  True&#xD;
&#xD;
And GK Save is not selected&#xD;
-&gt; skipped because of previous errors&#xD;
And "Set" button is visible in shot edit view&#xD;
-&gt; skipped because of previous errors&#xD;
And Save button is disabled in action edit form&#xD;
-&gt; skipped because of previous errors&#xD;
sandbox: saving logs&#xD;
sandbox: saving logs success&#xD;
sandbox: CleanUpAfterTestFailed started.&#xD;
sandbox: dropping application pages&#xD;
sandbox: dropping data directory&#xD;
sandbox: CleanUpAfterTestFailed complete.</StdOut>
        <ErrorInfo>
          <Message>  Expected: False&#xD;
  But was:  True&#xD;
</Message>
          <StackTrace>   at GeniusSports.LiveStats.Football.FunctionalTests.WebDrivers.Button.AssertIsNotSelected() in C:\GitLab-Runner\builds\wr8MmWYb\0\LiveStats\LiveStats.Football\Source\Test\FunctionalTests\WebDrivers\Button.cs:line 39&#xD;
</StackTrace>
        </ErrorInfo>
      </Output>
    </UnitTestResult>
    <UnitTestResult executionId="7f958570-5913-48b5-92c0-441c59ecc1de" testId="1ae7b195-1985-b16e-d017-dcbc079dd325" testName="GivenInjuryInProgress_WhenSettingPossession_PossessionIsChanged(2)" computerName="EC2AMAZ-JEOO151" duration="00:00:10.3340000" startTime="2019-07-11T21:44:08.0000000+00:00" endTime="2019-07-11T21:44:19.0000000+00:00" testType="13cdc9d9-ddb5-4fa4-a97d-d965ccfc6d4b" outcome="Passed" testListId="8c84fa94-04c1-424b-9868-57a2d4851a1d" relativeResultsDirectory="7f958570-5913-48b5-92c0-441c59ecc1de">
      <Output>
        <StdOut>sandbox: PrepareForTestRun started.&#xD;
sandbox: football liveStatsApp != null: True &#xD;
sandbox: football liveStatsApp.IsProcessRunning: True &#xD;
sandbox: setupLocalData: localDatabaseProvider != null: True&#xD;
sandbox: applicationPages != null: True&#xD;
sandbox: applicationPages.Webdriver != null: True&#xD;
sandbox: finished setuping local data&#xD;
sandbox: PrepareForTestRun complete.&#xD;
sandbox: CleanUpAfterTestRun started.&#xD;
sandbox: application pages != null: True&#xD;
sandbox: web driver!= null: True&#xD;
sandbox: CleanUpAfterTestRun complete.</StdOut>
      </Output>
    </UnitTestResult>
    <UnitTestResult executionId="03ae1948-3f45-4986-8ae6-c8bc4b6dd365" testId="1800f679-8a71-ac55-c78e-b70aa78a205d" testName="PenaltyStarted(&quot;1&quot;,&quot;2&quot;,null)" computerName="EC2AMAZ-JEOO151" duration="00:00:06.0670000" startTime="2019-07-11T19:09:06.0000000+00:00" endTime="2019-07-11T19:09:12.0000000+00:00" testType="13cdc9d9-ddb5-4fa4-a97d-d965ccfc6d4b" outcome="Passed" testListId="8c84fa94-04c1-424b-9868-57a2d4851a1d" relativeResultsDirectory="03ae1948-3f45-4986-8ae6-c8bc4b6dd365">
      <Output>
        <StdOut>sandbox: PrepareForTestRun started.&#xD;
sandbox: football liveStatsApp != null: True &#xD;
sandbox: football liveStatsApp.IsProcessRunning: True &#xD;
sandbox: setupLocalData: localDatabaseProvider != null: True&#xD;
sandbox: applicationPages != null: True&#xD;
sandbox: applicationPages.Webdriver != null: True&#xD;
sandbox: finished setuping local data&#xD;
sandbox: PrepareForTestRun complete.&#xD;
Given Match started with kick off from existing game&#xD;
-&gt; done: SetupGameSteps.GivenMatchStartedWithKickOffButtonFromExistingGame() (3.2s)&#xD;
When I click "Possible Penalty" button for team 1&#xD;
Given action failed. Retrying after a timeout.&#xD;
-&gt; done: TeamActionButtonSteps.GivenIClickPossiblePenaltyButtonForTeam(1) (0.8s)&#xD;
Then Penalty event for team 1 is created in action log&#xD;
-&gt; done: ActionLogSteps.ThenPenaltyEventForTeamIsCreatedInActionLog(1) (0.2s)&#xD;
And "Penalty" confirmation dialog is visible&#xD;
-&gt; done: PenaltySteps.ThenPenaltyConfirmationDialogIsVisible() (0.0s)&#xD;
And Latest "Penalty" event is highlighted&#xD;
-&gt; done: ActionLogSteps.ThenCardEventIsHighlighted(Penalty) (0.0s)&#xD;
And "Confirm" button is shown in penalty confirmation dialog&#xD;
-&gt; done: PenaltySteps.ThenButtonIsShownInCornerConfirmationDialog("Confirm") (0.0s)&#xD;
And "Cancel &amp; Delete" button is shown in penalty confirmation dialog&#xD;
-&gt; done: PenaltySteps.ThenButtonIsShownInCornerConfirmationDialog("Cancel &amp; Delete") (0.0s)&#xD;
And Team 1 is shown in Penalty label of "Penalty" event in action log&#xD;
-&gt; done: ActionLogSteps.ThenTeamIsShownInSubItemOfEventInActionLog(1, "Penalty", Penalty) (0.1s)&#xD;
And All action buttons except card and goal buttons are disabled for both teams&#xD;
-&gt; done: TeamActionButtonSteps.ThenAllActionButtonsExceptCardAndGoalButtonsAreDisabledForBothTeams() (0.6s)&#xD;
And penalty action button is selected for team "1"&#xD;
-&gt; done: TeamActionButtonSteps.ThenPenaltyActionButtonIsSelected(1) (0.0s)&#xD;
And team 1 players are disabled&#xD;
-&gt; done: PitchPlayersComponentSteps.ThenTeamPlayersAreDisabled(1) (0.1s)&#xD;
And team 2 players are disabled&#xD;
-&gt; done: PitchPlayersComponentSteps.ThenTeamPlayersAreDisabled(2) (0.1s)&#xD;
sandbox: CleanUpAfterTestRun started.&#xD;
sandbox: application pages != null: True&#xD;
sandbox: web driver!= null: True&#xD;
sandbox: CleanUpAfterTestRun complete.</StdOut>
      </Output>
    </UnitTestResult>
    <UnitTestResult executionId="0fd8a022-322c-410d-9217-6532e759e6fd" testId="3b3020e5-55d5-e445-78ca-5cab5c388528" testName="CanSaveInformationAndGoToHomePageIfOnlyOneNameFieldIsPopulatedForOfficialRow" computerName="EC2AMAZ-JEOO151" duration="00:00:03.4840000" startTime="2019-07-11T17:23:12.0000000+00:00" endTime="2019-07-11T17:23:15.0000000+00:00" testType="13cdc9d9-ddb5-4fa4-a97d-d965ccfc6d4b" outcome="Passed" testListId="8c84fa94-04c1-424b-9868-57a2d4851a1d" relativeResultsDirectory="0fd8a022-322c-410d-9217-6532e759e6fd">
      <Output>
        <StdOut>sandbox: PrepareForTestRun started.&#xD;
sandbox: football liveStatsApp != null: True &#xD;
sandbox: football liveStatsApp.IsProcessRunning: True &#xD;
sandbox: setupLocalData: localDatabaseProvider != null: True&#xD;
sandbox: applicationPages != null: True&#xD;
sandbox: applicationPages.Webdriver != null: True&#xD;
sandbox: finished setuping local data&#xD;
sandbox: PrepareForTestRun complete.&#xD;
Given Home screen is visible&#xD;
-&gt; done: DashBoardSteps.GivenPrimaryApplicationHomeScreenIsVisible() (0.2s)&#xD;
When I click on enter game details manually&#xD;
-&gt; done: DashBoardSteps.WhenAsPrimaryIClickOnEnterGameDetailsManuallyButton() (0.1s)&#xD;
When mandatory game fields "Game Number", "Competition" and "Date &amp; Time" are filled&#xD;
-&gt; done: GameInformationTabSteps.GivenMandatoryGameFieldsAndAreFilled() (0.9s)&#xD;
And any one name field is filled&#xD;
-&gt; done: GameInformationTabSteps.WhenAnyOneNameFieldIsFilled() (0.5s)&#xD;
When I Click "Discard &amp; Close" button&#xD;
-&gt; done: DiscardAndCloseGameSteps.WhenIClickDiscardAndCloseButton() (0.1s)&#xD;
And I Click "Save" button in dialog&#xD;
-&gt; done: DiscardAndCloseGameSteps.WhenIClickSaveButton() (0.1s)&#xD;
Then Home screen appears&#xD;
-&gt; done: DiscardAndCloseGameSteps.ThenHomeScreenAppears() (0.1s)&#xD;
sandbox: CleanUpAfterTestRun started.&#xD;
sandbox: application pages != null: True&#xD;
sandbox: web driver!= null: True&#xD;
Given action failed. Retrying after a timeout. Most likely UI was not fast enough to refresh itself.&#xD;
sandbox: CleanUpAfterTestRun complete.</StdOut>
      </Output>
    </UnitTestResult>
    <UnitTestResult executionId="d2352f44-0f1f-46e1-ad43-bdb39d556a6c" testId="2c6192a9-b6dc-0155-4e48-ab53f28c5cf2" testName="ClearPitchInGoalInsert(&quot;set&quot;,null)" computerName="EC2AMAZ-JEOO151" duration="00:00:16.5820000" startTime="2019-07-11T18:20:28.0000000+00:00" endTime="2019-07-11T18:20:45.0000000+00:00" testType="13cdc9d9-ddb5-4fa4-a97d-d965ccfc6d4b" outcome="Passed" testListId="8c84fa94-04c1-424b-9868-57a2d4851a1d" relativeResultsDirectory="d2352f44-0f1f-46e1-ad43-bdb39d556a6c">
      <Output>
        <StdOut>sandbox: PrepareForTestRun started.&#xD;
sandbox: football liveStatsApp != null: True &#xD;
sandbox: football liveStatsApp.IsProcessRunning: True &#xD;
sandbox: setupLocalData: localDatabaseProvider != null: True&#xD;
sandbox: applicationPages != null: True&#xD;
sandbox: applicationPages.Webdriver != null: True&#xD;
sandbox: finished setuping local data&#xD;
sandbox: PrepareForTestRun complete.&#xD;
Given Match started with kick off from existing game&#xD;
-&gt; done: SetupGameSteps.GivenMatchStartedWithKickOffButtonFromExistingGame() (3.4s)&#xD;
And "Top right" corner added for Team 1&#xD;
Given action failed. Retrying after a timeout.&#xD;
-&gt; done: CornerSteps.GivenCornerAddedForTeam("Top right", 1) (3.3s)&#xD;
And "Yellow" Card for Team 1 is registered&#xD;
Given action failed. Retrying after a timeout.&#xD;
-&gt; done: CardSteps.GivenCardForTeamIsRegistered(Yellow, 1) (3.3s)&#xD;
And I clicked on latest "Corner" event in action log&#xD;
-&gt; done: ActionLogSteps.GivenIClickOnLatestEventInActionLog(Corner) (0.2s)&#xD;
And I entered new conceded event time of "0030"&#xD;
-&gt; done: EditFormSteps.GivenIEnterNewConcededEventTimeOf("0030") (1.0s)&#xD;
And I clicked Save button in action edit form&#xD;
-&gt; done: EditFormSteps.ClickSaveButtonInActionEditForm() (0.6s)&#xD;
And I remembered current players on pitch shirt numbers&#xD;
-&gt; done: GoalEditSteps.GivenIRememberCurrentPlayersOnPitch() (1.1s)&#xD;
When I click Expand Action log button&#xD;
-&gt; done: ActionLogSteps.WhenIClickExpandActionLogButton() (0.1s)&#xD;
And I click last action in expanded action log&#xD;
-&gt; done: ExpandedActionLogSteps.WhenIClickLastActionInExpandedActionLog() (0.1s)&#xD;
And I click insert after button in expanded action log&#xD;
-&gt; done: ExpandedActionLogSteps.WhenIClickInsertAfterButtonInExpandedActionLog() (0.1s)&#xD;
And I click insert Goal button in insert after dropdown&#xD;
-&gt; done: ExpandedActionLogSteps.WhenIClickInsertGoalButtonInInsertAfterDropdown() (0.1s)&#xD;
And I click "set" pitch location button in insert window&#xD;
-&gt; done: MiniPitchEditPageElementSteps.WhenIClickSetButtonForFreeKickLocation() (0.1s)&#xD;
And I click on expanded pitch view x 10 y 50&#xD;
-&gt; done: ExpandedPitchPositionDialogSteps.GivenIClickOnExpandedPitchViewXY(10, 50) (0.1s)&#xD;
And I click "clear pitch" button on expanded pitch view&#xD;
-&gt; done: ExpandedPitchPositionDialogSteps.GivenIClickButtonOnExpandedPitchView("clear pitch") (0.1s)&#xD;
Then Clear Pitch button is not visible&#xD;
Failed to find element with query '[data-qa='pitchLocationClearButton']'. Web driver timeout exception.&#xD;
-&gt; done: ExpandedPitchPositionDialogSteps.ThenClearPitchButtonIsNotVisible() (2.0s)&#xD;
sandbox: CleanUpAfterTestRun started.&#xD;
sandbox: application pages != null: True&#xD;
sandbox: web driver!= null: True&#xD;
sandbox: CleanUpAfterTestRun complete.</StdOut>
      </Output>
    </UnitTestResult>
    <UnitTestResult executionId="a3492672-8e82-47c2-bff1-001130499c82" testId="d8767549-77b2-5985-f67a-83aa93b99959" testName="GivenSecondPeriodKickOffDeleted_WhenKickingOffAgain_ThenGameInProgress" computerName="EC2AMAZ-JEOO151" duration="00:00:10.5840000" startTime="2019-07-11T20:21:05.0000000+00:00" endTime="2019-07-11T20:21:15.0000000+00:00" testType="13cdc9d9-ddb5-4fa4-a97d-d965ccfc6d4b" outcome="Passed" testListId="8c84fa94-04c1-424b-9868-57a2d4851a1d" relativeResultsDirectory="a3492672-8e82-47c2-bff1-001130499c82">
      <Output>
        <StdOut>sandbox: PrepareForTestRun started.&#xD;
sandbox: football liveStatsApp != null: True &#xD;
sandbox: football liveStatsApp.IsProcessRunning: True &#xD;
sandbox: setupLocalData: localDatabaseProvider != null: True&#xD;
sandbox: applicationPages != null: True&#xD;
sandbox: applicationPages.Webdriver != null: True&#xD;
sandbox: finished setuping local data&#xD;
sandbox: PrepareForTestRun complete.&#xD;
sandbox: CleanUpAfterTestRun started.&#xD;
sandbox: application pages != null: True&#xD;
sandbox: web driver!= null: True&#xD;
sandbox: CleanUpAfterTestRun complete.</StdOut>
      </Output>
    </UnitTestResult>
    <UnitTestResult executionId="f4601463-b18f-4793-ba25-f5de96519815" testId="9a162b94-48e2-e6d1-23a4-b996d54ac228" testName="WhenTeamsTieAfter5GoalsPenaltyShootoutButtonIsNotEnabled" computerName="EC2AMAZ-JEOO151" duration="00:00:46.5170000" startTime="2019-07-11T19:22:16.0000000+00:00" endTime="2019-07-11T19:23:02.0000000+00:00" testType="13cdc9d9-ddb5-4fa4-a97d-d965ccfc6d4b" outcome="Passed" testListId="8c84fa94-04c1-424b-9868-57a2d4851a1d" relativeResultsDirectory="f4601463-b18f-4793-ba25-f5de96519815">
      <Output>
        <StdOut>sandbox: PrepareForTestRun started.&#xD;
sandbox: football liveStatsApp != null: True &#xD;
sandbox: football liveStatsApp.IsProcessRunning: True &#xD;
sandbox: setupLocalData: localDatabaseProvider != null: True&#xD;
sandbox: applicationPages != null: True&#xD;
sandbox: applicationPages.Webdriver != null: True&#xD;
sandbox: finished setuping local data&#xD;
sandbox: PrepareForTestRun complete.&#xD;
Given penalty shoot-out phase started&#xD;
-&gt; done: PitchClockSteps.GivenGamePenaltyShoot_OutPhaseStarted() (15.2s)&#xD;
When I record penalty shoot-out kick "Goal" for team 2 player with shirt number 1&#xD;
-&gt; done: PenaltyShootoutSteps.WhenIRecordPenaltyShoot_OutKickGoalForTeamPlayerWithShirtNumber(2, 1) (2.8s)&#xD;
And I record penalty shoot-out kick "Goal" for team 1 player with shirt number 13&#xD;
-&gt; done: PenaltyShootoutSteps.WhenIRecordPenaltyShoot_OutKickGoalForTeamPlayerWithShirtNumber(1, 13) (2.8s)&#xD;
And I record penalty shoot-out kick "Goal" for team 2 player with shirt number 2&#xD;
-&gt; done: PenaltyShootoutSteps.WhenIRecordPenaltyShoot_OutKickGoalForTeamPlayerWithShirtNumber(2, 2) (2.9s)&#xD;
And I record penalty shoot-out kick "Goal" for team 1 player with shirt number 4&#xD;
-&gt; done: PenaltyShootoutSteps.WhenIRecordPenaltyShoot_OutKickGoalForTeamPlayerWithShirtNumber(1, 4) (3.0s)&#xD;
And I record penalty shoot-out kick "Goal" for team 2 player with shirt number 3&#xD;
-&gt; done: PenaltyShootoutSteps.WhenIRecordPenaltyShoot_OutKickGoalForTeamPlayerWithShirtNumber(2, 3) (3.1s)&#xD;
And I record penalty shoot-out kick "Goal" for team 1 player with shirt number 6&#xD;
-&gt; done: PenaltyShootoutSteps.WhenIRecordPenaltyShoot_OutKickGoalForTeamPlayerWithShirtNumber(1, 6) (3.1s)&#xD;
And I record penalty shoot-out kick "Goal" for team 2 player with shirt number 4&#xD;
-&gt; done: PenaltyShootoutSteps.WhenIRecordPenaltyShoot_OutKickGoalForTeamPlayerWithShirtNumber(2, 4) (3.1s)&#xD;
And I record penalty shoot-out kick "Goal" for team 1 player with shirt number 7&#xD;
-&gt; done: PenaltyShootoutSteps.WhenIRecordPenaltyShoot_OutKickGoalForTeamPlayerWithShirtNumber(1, 7) (2.9s)&#xD;
And I record penalty shoot-out kick "Goal" for team 2 player with shirt number 5&#xD;
-&gt; done: PenaltyShootoutSteps.WhenIRecordPenaltyShoot_OutKickGoalForTeamPlayerWithShirtNumber(2, 5) (2.9s)&#xD;
And I record penalty shoot-out kick "Goal" for team 1 player with shirt number 8&#xD;
-&gt; done: PenaltyShootoutSteps.WhenIRecordPenaltyShoot_OutKickGoalForTeamPlayerWithShirtNumber(1, 8) (3.1s)&#xD;
Then Team 2 has 5 penalty shoot-out made in score board&#xD;
-&gt; done: PenaltyShootoutSteps.ThenTeamHasPenaltyShoot_OutMade(2, 5) (0.2s)&#xD;
And Team 2 has 0 penalty shoot-out miss in score board&#xD;
-&gt; done: PenaltyShootoutSteps.ThenTeamHasPenaltyShoot_OutMiss(2, 0) (0.0s)&#xD;
And Team 1 has 5 penalty shoot-out made in score board&#xD;
-&gt; done: PenaltyShootoutSteps.ThenTeamHasPenaltyShoot_OutMade(1, 5) (0.1s)&#xD;
And Team 1 has 0 penalty shoot-out miss in score board&#xD;
-&gt; done: PenaltyShootoutSteps.ThenTeamHasPenaltyShoot_OutMiss(1, 0) (0.0s)&#xD;
And End penalty shoot-out button is visible near clock&#xD;
-&gt; done: PitchClockSteps.ThenEndPenaltyShoot_OutButtonIsVisibleNearClock() (0.0s)&#xD;
And End penalty shoot-out button is disabled near clock&#xD;
-&gt; done: PitchClockSteps.ThenEndPenaltyShoot_OutButtonIsDisabledNearClock() (0.0s)&#xD;
And Number of "PenaltyShootout" containers is 10 in action log&#xD;
-&gt; done: ActionLogSteps.ThenNumberOfContainersIsInActionLog(PenaltyShootout, 10) (0.0s)&#xD;
sandbox: CleanUpAfterTestRun started.&#xD;
sandbox: application pages != null: True&#xD;
sandbox: web driver!= null: True&#xD;
sandbox: CleanUpAfterTestRun complete.</StdOut>
      </Output>
    </UnitTestResult>
    <UnitTestResult executionId="16b128ff-3c69-42eb-aa3d-9fb85aab117d" testId="9ab2c969-44a8-260f-e896-b337f3ea3880" testName="SelectTeamAndGoalResultInGoalInsert(&quot;1&quot;,&quot;2&quot;,null)" computerName="EC2AMAZ-JEOO151" duration="00:00:16.2840000" startTime="2019-07-11T18:24:29.0000000+00:00" endTime="2019-07-11T18:24:45.0000000+00:00" testType="13cdc9d9-ddb5-4fa4-a97d-d965ccfc6d4b" outcome="Passed" testListId="8c84fa94-04c1-424b-9868-57a2d4851a1d" relativeResultsDirectory="16b128ff-3c69-42eb-aa3d-9fb85aab117d">
      <Output>
        <StdOut>sandbox: PrepareForTestRun started.&#xD;
sandbox: football liveStatsApp != null: True &#xD;
sandbox: football liveStatsApp.IsProcessRunning: True &#xD;
sandbox: setupLocalData: localDatabaseProvider != null: True&#xD;
sandbox: applicationPages != null: True&#xD;
sandbox: applicationPages.Webdriver != null: True&#xD;
sandbox: finished setuping local data&#xD;
sandbox: PrepareForTestRun complete.&#xD;
Given Match started with kick off from existing game&#xD;
-&gt; done: SetupGameSteps.GivenMatchStartedWithKickOffButtonFromExistingGame() (3.3s)&#xD;
And "Top right" corner added for Team 1&#xD;
-&gt; done: CornerSteps.GivenCornerAddedForTeam("Top right", 1) (3.1s)&#xD;
And "Yellow" Card for Team 1 is registered&#xD;
Given action failed. Retrying after a timeout.&#xD;
-&gt; done: CardSteps.GivenCardForTeamIsRegistered(Yellow, 1) (3.4s)&#xD;
And I clicked on latest "Corner" event in action log&#xD;
-&gt; done: ActionLogSteps.GivenIClickOnLatestEventInActionLog(Corner) (0.2s)&#xD;
And I entered new conceded event time of "0030"&#xD;
-&gt; done: EditFormSteps.GivenIEnterNewConcededEventTimeOf("0030") (0.9s)&#xD;
And I clicked Save button in action edit form&#xD;
-&gt; done: EditFormSteps.ClickSaveButtonInActionEditForm() (0.6s)&#xD;
And I remembered current players on pitch shirt numbers&#xD;
-&gt; done: GoalEditSteps.GivenIRememberCurrentPlayersOnPitch() (1.1s)&#xD;
When I click Expand Action log button&#xD;
-&gt; done: ActionLogSteps.WhenIClickExpandActionLogButton() (0.1s)&#xD;
And I click last action in expanded action log&#xD;
-&gt; done: ExpandedActionLogSteps.WhenIClickLastActionInExpandedActionLog() (0.1s)&#xD;
And I click insert after button in expanded action log&#xD;
-&gt; done: ExpandedActionLogSteps.WhenIClickInsertAfterButtonInExpandedActionLog() (0.1s)&#xD;
And I click insert Goal button in insert after dropdown&#xD;
-&gt; done: ExpandedActionLogSteps.WhenIClickInsertGoalButtonInInsertAfterDropdown() (0.1s)&#xD;
And I click "1" team in Goal by Team&#xD;
-&gt; done: GoalEditSteps.GivenIClickTeamInShotByTeam(1) (0.1s)&#xD;
And I click "own goal" button in insert window&#xD;
-&gt; done: GoalEditSteps.GivenIClickShotResultOwnGoalButton() (0.1s)&#xD;
Then "2" team players are visible in Who scored&#xD;
-&gt; done: GoalEditSteps.ThenTeamPlayersAreVisibleInWhoScored(2) (2.1s)&#xD;
sandbox: CleanUpAfterTestRun started.&#xD;
sandbox: application pages != null: True&#xD;
sandbox: web driver!= null: True&#xD;
sandbox: CleanUpAfterTestRun complete.</StdOut>
      </Output>
    </UnitTestResult>
    <UnitTestResult executionId="ff9a6743-5a0f-4b27-b854-c704e4be643f" testId="457431ad-3e56-d876-aebe-2281d76b36c4" testName="GivenGoalKick_WhenEditingToKickOffTime_ThenCannotMoveBeforeKickOff" computerName="EC2AMAZ-JEOO151" duration="00:00:15.7810000" startTime="2019-07-11T20:27:19.0000000+00:00" endTime="2019-07-11T20:27:35.0000000+00:00" testType="13cdc9d9-ddb5-4fa4-a97d-d965ccfc6d4b" outcome="Passed" testListId="8c84fa94-04c1-424b-9868-57a2d4851a1d" relativeResultsDirectory="ff9a6743-5a0f-4b27-b854-c704e4be643f">
      <Output>
        <StdOut>sandbox: PrepareForTestRun started.&#xD;
sandbox: football liveStatsApp != null: True &#xD;
sandbox: football liveStatsApp.IsProcessRunning: True &#xD;
sandbox: setupLocalData: localDatabaseProvider != null: True&#xD;
sandbox: applicationPages != null: True&#xD;
sandbox: applicationPages.Webdriver != null: True&#xD;
sandbox: finished setuping local data&#xD;
sandbox: PrepareForTestRun complete.&#xD;
Given action failed. Retrying after a timeout.&#xD;
Failed to find element with query '[data-qa='actionReorderPrompt']'. Web driver timeout exception.&#xD;
sandbox: CleanUpAfterTestRun started.&#xD;
sandbox: application pages != null: True&#xD;
sandbox: web driver!= null: True&#xD;
sandbox: CleanUpAfterTestRun complete.</StdOut>
      </Output>
    </UnitTestResult>
    <UnitTestResult executionId="19c31213-d5ba-4915-8d65-c1f36a51feb9" testId="5197ad87-1314-f19c-dac2-7c6b6ee618a0" testName="PrintSettingsFieldsAreAvailable" computerName="EC2AMAZ-JEOO151" duration="00:00:09.1000000" startTime="2019-07-11T17:23:43.0000000+00:00" endTime="2019-07-11T17:23:52.0000000+00:00" testType="13cdc9d9-ddb5-4fa4-a97d-d965ccfc6d4b" outcome="Passed" testListId="8c84fa94-04c1-424b-9868-57a2d4851a1d" relativeResultsDirectory="19c31213-d5ba-4915-8d65-c1f36a51feb9">
      <Output>
        <StdOut>sandbox: PrepareForTestRun started.&#xD;
sandbox: football liveStatsApp != null: True &#xD;
sandbox: football liveStatsApp.IsProcessRunning: True &#xD;
sandbox: setupLocalData: localDatabaseProvider != null: True&#xD;
sandbox: applicationPages != null: True&#xD;
sandbox: applicationPages.Webdriver != null: True&#xD;
sandbox: finished setuping local data&#xD;
sandbox: PrepareForTestRun complete.&#xD;
Given I am in print settings tab&#xD;
-&gt; done: GameSetupSteps.GivenIAmInPrintSettingsTab() (7.2s)&#xD;
Then general print settings section is visible&#xD;
-&gt; done: PrintSettingsTabSteps.ThenGeneralPrintSettingsSectionIsVisible() (0.0s)&#xD;
And default report language dropdown is displayed&#xD;
-&gt; done: PrintSettingsTabSteps.ThenDefaultReportLanguageDropdownIsDisplayed() (0.0s)&#xD;
And default report for quick print dropdown is displayed&#xD;
-&gt; done: PrintSettingsTabSteps.ThenDefaultReportForQuickPrintDropdownIsDisplayed() (0.0s)&#xD;
And default printer dropdown is displayed&#xD;
-&gt; done: PrintSettingsTabSteps.ThenDefaultPrinterDropdownIsDisplayed() (0.0s)&#xD;
And default report for quick print dropdown "Half Time" option is selected&#xD;
-&gt; done: PrintSettingsTabSteps.ThenDropdownOptionIsSelected("Half Time") (0.0s)&#xD;
And quick print number of copies to print field available in the same row as default quick report dropdown&#xD;
-&gt; done: PrintSettingsTabSteps.ThenQuickPrintNumberOfCopiesFieldAvailableInTheSameRowAsDropdown() (0.0s)&#xD;
And default print number of copies to print field available in the same row as default printer dropdown&#xD;
-&gt; done: PrintSettingsTabSteps.ThenDefaultPrintNumberOfCopiesFieldAvailableInTheSameRowAsDropdown() (0.0s)&#xD;
And quick print number of copies field contains value 1&#xD;
-&gt; done: PrintSettingsTabSteps.ThenQuickPrintNumberOfCopiesFieldContainsValue(1) (0.0s)&#xD;
And default print number of copies field contains value 1&#xD;
-&gt; done: PrintSettingsTabSteps.ThenDefaultPrintNumberOfCopiesFieldContainsValue(1) (0.0s)&#xD;
And header and footer settings section is visible&#xD;
-&gt; done: PrintSettingsTabSteps.ThenHeaderFooterSectionIsVisible() (0.0s)&#xD;
And "Remove Image" for report footer is visible&#xD;
-&gt; done: PrintSettingsTabSteps.ThenForReportFooterIsVisible("Remove Image") (0.0s)&#xD;
sandbox: CleanUpAfterTestRun started.&#xD;
sandbox: application pages != null: True&#xD;
sandbox: web driver!= null: True&#xD;
Given action failed. Retrying after a timeout. Most likely UI was not fast enough to refresh itself.&#xD;
sandbox: CleanUpAfterTestRun complete.</StdOut>
      </Output>
    </UnitTestResult>
    <UnitTestResult executionId="c16f27c8-94bb-4473-ac68-7504c546d86c" testId="15559fe9-5cdf-aa18-146a-29ea7e125801" testName="TeamsTabInformationIsDisplayed" computerName="EC2AMAZ-JEOO151" duration="00:00:04.1510000" startTime="2019-07-11T17:39:59.0000000+00:00" endTime="2019-07-11T17:40:03.0000000+00:00" testType="13cdc9d9-ddb5-4fa4-a97d-d965ccfc6d4b" outcome="Passed" testListId="8c84fa94-04c1-424b-9868-57a2d4851a1d" relativeResultsDirectory="c16f27c8-94bb-4473-ac68-7504c546d86c">
      <Output>
        <StdOut>sandbox: PrepareForTestRun started.&#xD;
sandbox: football liveStatsApp != null: True &#xD;
sandbox: football liveStatsApp.IsProcessRunning: True &#xD;
sandbox: setupLocalData: localDatabaseProvider != null: True&#xD;
sandbox: applicationPages != null: True&#xD;
sandbox: applicationPages.Webdriver != null: True&#xD;
sandbox: finished setuping local data&#xD;
sandbox: PrepareForTestRun complete.&#xD;
Given Teams tab is opened&#xD;
-&gt; done: TeamDetailsTabSteps.WhenTeamsTabIsOpened() (1.4s)&#xD;
Then "Team details" section is displayed for team 1&#xD;
-&gt; done: TeamDetailsTabSteps.ThenSectionIsDisplayedForTeam("Team details", "1") (0.2s)&#xD;
And "Name" field is displayed for team 1&#xD;
-&gt; done: TeamDetailsTabSteps.ThenFieldIsDisplayedForTeam("Name", 1) (0.0s)&#xD;
And "Short Name" field is displayed for team 1&#xD;
-&gt; done: TeamDetailsTabSteps.ThenFieldIsDisplayedForTeam("Short Name", 1) (0.0s)&#xD;
And "Short Team Code" field is displayed for team 1&#xD;
-&gt; done: TeamDetailsTabSteps.ThenFieldIsDisplayedForTeam("Short Team Code", 1) (0.0s)&#xD;
And "Name", "Short Name" and "Short Team Code" marked as mandatory for team 1&#xD;
-&gt; done: TeamDetailsTabSteps.ThenAndMarkedAsMandatoryForTeam("Name", "Short Name", "Short Team Code", 1) (0.1s)&#xD;
And "Team color picker" field is displayed for team 1&#xD;
-&gt; done: TeamDetailsTabSteps.ThenFieldIsDisplayedForTeam("Team color picker", 1) (0.0s)&#xD;
And "Official/Staff" section is displayed for team 1&#xD;
-&gt; done: TeamDetailsTabSteps.ThenSectionIsDisplayedForTeam("Official/Staff", "1") (0.0s)&#xD;
And default two official rows are displayed for team 1&#xD;
-&gt; done: TeamDetailsTabSteps.ThenDefaultTwoOfficialRowsAreDisplayedForTeam(1) (0.0s)&#xD;
And "First name", "Last name", "Role" fields and "Country" dropdown displayed in every row for team 1&#xD;
-&gt; done: TeamDetailsTabSteps.ThenFieldsAndDropdownDisplayedInEveryRowForTeam("First name", "Last name", "Role", "Country", 1) (0.2s)&#xD;
And "Team details" section is displayed for team 2&#xD;
-&gt; done: TeamDetailsTabSteps.ThenSectionIsDisplayedForTeam("Team details", "2") (0.0s)&#xD;
And "Name" field is displayed for team 2&#xD;
-&gt; done: TeamDetailsTabSteps.ThenFieldIsDisplayedForTeam("Name", 2) (0.0s)&#xD;
And "Short Name" field is displayed for team 2&#xD;
-&gt; done: TeamDetailsTabSteps.ThenFieldIsDisplayedForTeam("Short Name", 2) (0.0s)&#xD;
And "Short Team Code" field is displayed for team 2&#xD;
-&gt; done: TeamDetailsTabSteps.ThenFieldIsDisplayedForTeam("Short Team Code", 2) (0.0s)&#xD;
And "Name", "Short Name" and "Short Team Code" marked as mandatory for team 2&#xD;
-&gt; done: TeamDetailsTabSteps.ThenAndMarkedAsMandatoryForTeam("Name", "Short Name", "Short Team Code", 2) (0.1s)&#xD;
And "Team color picker" field is displayed for team 2&#xD;
-&gt; done: TeamDetailsTabSteps.ThenFieldIsDisplayedForTeam("Team color picker", 2) (0.0s)&#xD;
And "Official/Staff" section is displayed for team 2&#xD;
-&gt; done: TeamDetailsTabSteps.ThenSectionIsDisplayedForTeam("Official/Staff", "2") (0.0s)&#xD;
And default two official rows are displayed for team 2&#xD;
-&gt; done: TeamDetailsTabSteps.ThenDefaultTwoOfficialRowsAreDisplayedForTeam(2) (0.0s)&#xD;
And "First name", "Last name", "Role" fields and "Country" dropdown displayed in every row for team 2&#xD;
-&gt; done: TeamDetailsTabSteps.ThenFieldsAndDropdownDisplayedInEveryRowForTeam("First name", "Last name", "Role", "Country", 2) (0.2s)&#xD;
sandbox: CleanUpAfterTestRun started.&#xD;
sandbox: application pages != null: True&#xD;
sandbox: web driver!= null: True&#xD;
Given action failed. Retrying after a timeout. Most likely UI was not fast enough to refresh itself.&#xD;
sandbox: CleanUpAfterTestRun complete.</StdOut>
      </Output>
    </UnitTestResult>
    <UnitTestResult executionId="5a55ffdc-e5a6-4fd4-b37d-1bceeded1bb9" testId="c9123150-a9aa-f9c1-8b3d-f502b5235f26" testName="GivenGoalKickInProgress_WhenSelectingTakenFromLocation_ThenLandingStepInitiated" computerName="EC2AMAZ-JEOO151" duration="00:00:05.4330000" startTime="2019-07-11T21:01:35.0000000+00:00" endTime="2019-07-11T21:01:40.0000000+00:00" testType="13cdc9d9-ddb5-4fa4-a97d-d965ccfc6d4b" outcome="Passed" testListId="8c84fa94-04c1-424b-9868-57a2d4851a1d" relativeResultsDirectory="5a55ffdc-e5a6-4fd4-b37d-1bceeded1bb9">
      <Output>
        <StdOut>sandbox: PrepareForTestRun started.&#xD;
sandbox: football liveStatsApp != null: True &#xD;
sandbox: football liveStatsApp.IsProcessRunning: True &#xD;
sandbox: setupLocalData: localDatabaseProvider != null: True&#xD;
sandbox: applicationPages != null: True&#xD;
sandbox: applicationPages.Webdriver != null: True&#xD;
sandbox: finished setuping local data&#xD;
sandbox: PrepareForTestRun complete.&#xD;
Given action failed. Retrying after a timeout.&#xD;
Given action failed. Retrying after a timeout.&#xD;
sandbox: CleanUpAfterTestRun started.&#xD;
sandbox: application pages != null: True&#xD;
sandbox: web driver!= null: True&#xD;
sandbox: CleanUpAfterTestRun complete.</StdOut>
      </Output>
    </UnitTestResult>
    <UnitTestResult executionId="ab09f9f7-d9d6-4ed9-ba1b-07ef36b79c7e" testId="7ce78963-5f7a-9707-4d5a-749f6933dcc1" testName="GivenInterruption_WhenSelectingNoneInterruption_ThenInterruptionCanceled" computerName="EC2AMAZ-JEOO151" duration="00:00:11.8980000" startTime="2019-07-11T21:29:05.0000000+00:00" endTime="2019-07-11T21:29:17.0000000+00:00" testType="13cdc9d9-ddb5-4fa4-a97d-d965ccfc6d4b" outcome="Passed" testListId="8c84fa94-04c1-424b-9868-57a2d4851a1d" relativeResultsDirectory="ab09f9f7-d9d6-4ed9-ba1b-07ef36b79c7e">
      <Output>
        <StdOut>sandbox: PrepareForTestRun started.&#xD;
sandbox: football liveStatsApp != null: True &#xD;
sandbox: football liveStatsApp.IsProcessRunning: True &#xD;
sandbox: setupLocalData: localDatabaseProvider != null: True&#xD;
sandbox: applicationPages != null: True&#xD;
sandbox: applicationPages.Webdriver != null: True&#xD;
sandbox: finished setuping local data&#xD;
sandbox: PrepareForTestRun complete.&#xD;
Failed to find element with query '[data-qa='delayLengthPrompt']'. Web driver timeout exception.&#xD;
sandbox: CleanUpAfterTestRun started.&#xD;
sandbox: application pages != null: True&#xD;
sandbox: web driver!= null: True&#xD;
sandbox: CleanUpAfterTestRun complete.</StdOut>
      </Output>
    </UnitTestResult>
    <UnitTestResult executionId="2ec8cc67-91bf-498d-82e4-d5b80a301a98" testId="fdf038d0-16c7-356c-e9fa-5a5d4e5842fc" testName="GivenGameInProgress_WhenStartingThrowIn_ThenWorkflowStarts" computerName="EC2AMAZ-JEOO151" duration="00:00:04.9840000" startTime="2019-07-11T21:14:22.0000000+00:00" endTime="2019-07-11T21:14:27.0000000+00:00" testType="13cdc9d9-ddb5-4fa4-a97d-d965ccfc6d4b" outcome="Passed" testListId="8c84fa94-04c1-424b-9868-57a2d4851a1d" relativeResultsDirectory="2ec8cc67-91bf-498d-82e4-d5b80a301a98">
      <Output>
        <StdOut>sandbox: PrepareForTestRun started.&#xD;
sandbox: football liveStatsApp != null: True &#xD;
sandbox: football liveStatsApp.IsProcessRunning: True &#xD;
sandbox: setupLocalData: localDatabaseProvider != null: True&#xD;
sandbox: applicationPages != null: True&#xD;
sandbox: applicationPages.Webdriver != null: True&#xD;
sandbox: finished setuping local data&#xD;
sandbox: PrepareForTestRun complete.&#xD;
sandbox: CleanUpAfterTestRun started.&#xD;
sandbox: application pages != null: True&#xD;
sandbox: web driver!= null: True&#xD;
sandbox: CleanUpAfterTestRun complete.</StdOut>
      </Output>
    </UnitTestResult>
    <UnitTestResult executionId="b18ada70-b644-4826-be4e-972631865ae0" testId="05be5159-af89-3ad7-4ccf-cba9ac9ac4d4" testName="GivenGameInProgressWithInactiveOfficial_WhenActivatingGameOfficial_ThenGameOfficialDeactivated" computerName="EC2AMAZ-JEOO151" duration="00:00:06.1500000" startTime="2019-07-11T20:07:18.0000000+00:00" endTime="2019-07-11T20:07:24.0000000+00:00" testType="13cdc9d9-ddb5-4fa4-a97d-d965ccfc6d4b" outcome="Passed" testListId="8c84fa94-04c1-424b-9868-57a2d4851a1d" relativeResultsDirectory="b18ada70-b644-4826-be4e-972631865ae0">
      <Output>
        <StdOut>sandbox: PrepareForTestRun started.&#xD;
sandbox: football liveStatsApp != null: True &#xD;
sandbox: football liveStatsApp.IsProcessRunning: True &#xD;
sandbox: setupLocalData: localDatabaseProvider != null: True&#xD;
sandbox: applicationPages != null: True&#xD;
sandbox: applicationPages.Webdriver != null: True&#xD;
sandbox: finished setuping local data&#xD;
sandbox: PrepareForTestRun complete.&#xD;
sandbox: CleanUpAfterTestRun started.&#xD;
sandbox: application pages != null: True&#xD;
sandbox: web driver!= null: True&#xD;
sandbox: CleanUpAfterTestRun complete.</StdOut>
      </Output>
    </UnitTestResult>
    <UnitTestResult executionId="483d4cb5-39db-4baf-a577-06f4a7f36dd1" testId="4450d7af-ec53-66d8-dc6a-528ea8cc7f2d" testName="ChangePenaltyReason" computerName="EC2AMAZ-JEOO151" duration="00:00:12.2980000" startTime="2019-07-11T18:06:21.0000000+00:00" endTime="2019-07-11T18:06:33.0000000+00:00" testType="13cdc9d9-ddb5-4fa4-a97d-d965ccfc6d4b" outcome="Passed" testListId="8c84fa94-04c1-424b-9868-57a2d4851a1d" relativeResultsDirectory="483d4cb5-39db-4baf-a577-06f4a7f36dd1">
      <Output>
        <StdOut>sandbox: PrepareForTestRun started.&#xD;
sandbox: football liveStatsApp != null: True &#xD;
sandbox: football liveStatsApp.IsProcessRunning: True &#xD;
sandbox: setupLocalData: localDatabaseProvider != null: True&#xD;
sandbox: applicationPages != null: True&#xD;
sandbox: applicationPages.Webdriver != null: True&#xD;
sandbox: finished setuping local data&#xD;
sandbox: PrepareForTestRun complete.&#xD;
Given Match started with kick off from existing game&#xD;
-&gt; done: SetupGameSteps.GivenMatchStartedWithKickOffButtonFromExistingGame() (3.3s)&#xD;
Given Made penalty registered for player with shirt number 10 of team 1 fouled by player with shirt number 3&#xD;
-&gt; done: PenaltySteps.GivenPenaltyRegisteredForTeam(10, 1, 3) (6.6s)&#xD;
And I click top event in action log&#xD;
-&gt; done: ActionLogSteps.GivenIClickPenaltyEventInActionLog() (0.2s)&#xD;
When I click on "Offence" reason in penalty edit&#xD;
-&gt; done: PenaltyEditSteps.WhenIClickOnPenaltyReason() (0.1s)&#xD;
And I click Save button in action edit form&#xD;
-&gt; done: EditFormSteps.ClickSaveButtonInActionEditForm() (0.6s)&#xD;
And I click top event in action log&#xD;
-&gt; done: ActionLogSteps.GivenIClickPenaltyEventInActionLog() (0.1s)&#xD;
Then Penalty edit reason is "Offence"&#xD;
-&gt; done: PenaltyEditSteps.ThenPenaltyReasonIs() (0.0s)&#xD;
And Offence label of "Penalty" event in action log is in team 2 color&#xD;
-&gt; done: ActionLogSteps.ThenSubItemOfEventInActionLogIsInTeamColor("Offence", Penalty, 2) (0.2s)&#xD;
And Selected fouled player is in Offence label of "Penalty" event&#xD;
-&gt; done: ActionLogSteps.ThenSelectedFouledPlayerIsInPenaltyLabelOfPenaltyEvent("Offence") (0.2s)&#xD;
sandbox: CleanUpAfterTestRun started.&#xD;
sandbox: application pages != null: True&#xD;
sandbox: web driver!= null: True&#xD;
sandbox: CleanUpAfterTestRun complete.</StdOut>
      </Output>
    </UnitTestResult>
    <UnitTestResult executionId="af77238c-deeb-49ee-8a64-23ee53eab146" testId="7f941bed-1af0-42bd-3c14-b53564e83559" testName="GivenSetupFinished_WhenKickingOffGame_ThenGameIsStarted(2,ToLeft)" computerName="EC2AMAZ-JEOO151" duration="00:00:13.3320000" startTime="2019-07-11T21:36:22.0000000+00:00" endTime="2019-07-11T21:36:35.0000000+00:00" testType="13cdc9d9-ddb5-4fa4-a97d-d965ccfc6d4b" outcome="Passed" testListId="8c84fa94-04c1-424b-9868-57a2d4851a1d" relativeResultsDirectory="af77238c-deeb-49ee-8a64-23ee53eab146">
      <Output>
        <StdOut>sandbox: PrepareForTestRun started.&#xD;
sandbox: football liveStatsApp != null: True &#xD;
sandbox: football liveStatsApp.IsProcessRunning: True &#xD;
sandbox: setupLocalData: localDatabaseProvider != null: True&#xD;
sandbox: applicationPages != null: True&#xD;
sandbox: applicationPages.Webdriver != null: True&#xD;
sandbox: finished setuping local data&#xD;
sandbox: PrepareForTestRun complete.&#xD;
sandbox: CleanUpAfterTestRun started.&#xD;
sandbox: application pages != null: True&#xD;
sandbox: web driver!= null: True&#xD;
sandbox: CleanUpAfterTestRun complete.</StdOut>
      </Output>
    </UnitTestResult>
    <UnitTestResult executionId="214cab1b-ed06-4a72-ba95-c37885a6f9a4" testId="626df5fe-6b1c-36cd-6515-23fdcc1e3a8c" testName="GivenFootballReportsOpened_WhenOpeningReport_ReportPreviewIsShown(&quot;Tactical Line-up&quot;)" computerName="EC2AMAZ-JEOO151" duration="00:00:05.7150000" startTime="2019-07-11T21:45:00.0000000+00:00" endTime="2019-07-11T21:45:05.0000000+00:00" testType="13cdc9d9-ddb5-4fa4-a97d-d965ccfc6d4b" outcome="Passed" testListId="8c84fa94-04c1-424b-9868-57a2d4851a1d" relativeResultsDirectory="214cab1b-ed06-4a72-ba95-c37885a6f9a4">
      <Output>
        <StdOut>sandbox: PrepareForTestRun started.&#xD;
sandbox: football liveStatsApp != null: True &#xD;
sandbox: football liveStatsApp.IsProcessRunning: True &#xD;
sandbox: setupLocalData: localDatabaseProvider != null: True&#xD;
sandbox: applicationPages != null: True&#xD;
sandbox: applicationPages.Webdriver != null: True&#xD;
sandbox: finished setuping local data&#xD;
sandbox: PrepareForTestRun complete.&#xD;
sandbox: CleanUpAfterTestRun started.&#xD;
sandbox: application pages != null: True&#xD;
sandbox: web driver!= null: True&#xD;
sandbox: CleanUpAfterTestRun complete.</StdOut>
      </Output>
    </UnitTestResult>
    <UnitTestResult executionId="f5355f7b-dfc1-4d77-8b20-d5da86d0ac6c" testId="5284a755-d478-9e03-4767-a01615927bb9" testName="GivenSetupCompleted_WhenSelectingDelayReason_ThenConfirmationIsPrompted" computerName="EC2AMAZ-JEOO151" duration="00:00:09.3150000" startTime="2019-07-11T21:28:09.0000000+00:00" endTime="2019-07-11T21:28:18.0000000+00:00" testType="13cdc9d9-ddb5-4fa4-a97d-d965ccfc6d4b" outcome="Passed" testListId="8c84fa94-04c1-424b-9868-57a2d4851a1d" relativeResultsDirectory="f5355f7b-dfc1-4d77-8b20-d5da86d0ac6c">
      <Output>
        <StdOut>sandbox: PrepareForTestRun started.&#xD;
sandbox: football liveStatsApp != null: True &#xD;
sandbox: football liveStatsApp.IsProcessRunning: True &#xD;
sandbox: setupLocalData: localDatabaseProvider != null: True&#xD;
sandbox: applicationPages != null: True&#xD;
sandbox: applicationPages.Webdriver != null: True&#xD;
sandbox: finished setuping local data&#xD;
sandbox: PrepareForTestRun complete.&#xD;
sandbox: CleanUpAfterTestRun started.&#xD;
sandbox: application pages != null: True&#xD;
sandbox: web driver!= null: True&#xD;
Given action failed. Retrying after a timeout. Most likely UI was not fast enough to refresh itself.&#xD;
sandbox: CleanUpAfterTestRun complete.</StdOut>
      </Output>
    </UnitTestResult>
    <UnitTestResult executionId="e139167c-050f-4750-9c68-6a15f75450b0" testId="41290831-2371-f6d7-eeb6-ca0952005caf" testName="GivenTeamCouchWithYellowCard_WhenSettingCouchInactive_ThenErrorIsShown" computerName="EC2AMAZ-JEOO151" duration="00:00:09.0500000" startTime="2019-07-11T20:07:33.0000000+00:00" endTime="2019-07-11T20:07:42.0000000+00:00" testType="13cdc9d9-ddb5-4fa4-a97d-d965ccfc6d4b" outcome="Passed" testListId="8c84fa94-04c1-424b-9868-57a2d4851a1d" relativeResultsDirectory="e139167c-050f-4750-9c68-6a15f75450b0">
      <Output>
        <StdOut>sandbox: PrepareForTestRun started.&#xD;
sandbox: football liveStatsApp != null: True &#xD;
sandbox: football liveStatsApp.IsProcessRunning: True &#xD;
sandbox: setupLocalData: localDatabaseProvider != null: True&#xD;
sandbox: applicationPages != null: True&#xD;
sandbox: applicationPages.Webdriver != null: True&#xD;
sandbox: finished setuping local data&#xD;
sandbox: PrepareForTestRun complete.&#xD;
sandbox: CleanUpAfterTestRun started.&#xD;
sandbox: application pages != null: True&#xD;
sandbox: web driver!= null: True&#xD;
sandbox: CleanUpAfterTestRun complete.</StdOut>
      </Output>
    </UnitTestResult>
    <UnitTestResult executionId="93d1f764-a1c4-4f0b-aaad-6f64d71e3ca2" testId="99f1e0b9-2f70-cad3-d49a-2a1fbeb50d00" testName="SelectVarReason(&quot;Offside&quot;,null)" computerName="EC2AMAZ-JEOO151" duration="00:00:13.9840000" startTime="2019-07-11T18:28:28.0000000+00:00" endTime="2019-07-11T18:28:42.0000000+00:00" testType="13cdc9d9-ddb5-4fa4-a97d-d965ccfc6d4b" outcome="Passed" testListId="8c84fa94-04c1-424b-9868-57a2d4851a1d" relativeResultsDirectory="93d1f764-a1c4-4f0b-aaad-6f64d71e3ca2">
      <Output>
        <StdOut>sandbox: PrepareForTestRun started.&#xD;
sandbox: football liveStatsApp != null: True &#xD;
sandbox: football liveStatsApp.IsProcessRunning: True &#xD;
sandbox: setupLocalData: localDatabaseProvider != null: True&#xD;
sandbox: applicationPages != null: True&#xD;
sandbox: applicationPages.Webdriver != null: True&#xD;
sandbox: finished setuping local data&#xD;
sandbox: PrepareForTestRun complete.&#xD;
Given Match started with kick off from existing game&#xD;
-&gt; done: SetupGameSteps.GivenMatchStartedWithKickOffButtonFromExistingGame() (3.3s)&#xD;
And "Top right" corner added for Team 1&#xD;
-&gt; done: CornerSteps.GivenCornerAddedForTeam("Top right", 1) (3.1s)&#xD;
And "Yellow" Card for Team 1 is registered&#xD;
-&gt; done: CardSteps.GivenCardForTeamIsRegistered(Yellow, 1) (3.2s)&#xD;
And I clicked on latest "Corner" event in action log&#xD;
-&gt; done: ActionLogSteps.GivenIClickOnLatestEventInActionLog(Corner) (0.2s)&#xD;
And I entered new conceded event time of "0030"&#xD;
-&gt; done: EditFormSteps.GivenIEnterNewConcededEventTimeOf("0030") (1.0s)&#xD;
And I clicked Save button in action edit form&#xD;
-&gt; done: EditFormSteps.ClickSaveButtonInActionEditForm() (0.6s)&#xD;
And I remembered current players on pitch shirt numbers&#xD;
-&gt; done: GoalEditSteps.GivenIRememberCurrentPlayersOnPitch() (1.1s)&#xD;
When I click Expand Action log button&#xD;
-&gt; done: ActionLogSteps.WhenIClickExpandActionLogButton() (0.1s)&#xD;
And I click last action in expanded action log&#xD;
-&gt; done: ExpandedActionLogSteps.WhenIClickLastActionInExpandedActionLog() (0.1s)&#xD;
And I click insert after button in expanded action log&#xD;
-&gt; done: ExpandedActionLogSteps.WhenIClickInsertAfterButtonInExpandedActionLog() (0.1s)&#xD;
And I click insert Goal button in insert after dropdown&#xD;
-&gt; done: ExpandedActionLogSteps.WhenIClickInsertGoalButtonInInsertAfterDropdown() (0.1s)&#xD;
And I click "VAR" toggle&#xD;
-&gt; done: EditFormSteps.GivenIClickToggleToEnable() (0.1s)&#xD;
And I click VAR reason button&#xD;
-&gt; done: EditFormSteps.WhenIClickVarReasonButton() (0.0s)&#xD;
And I select VAR reason Offside&#xD;
-&gt; done: EditFormSteps.WhenISelectVarReason("Offside") (0.1s)&#xD;
Then "Offside" VAR reason is selected&#xD;
-&gt; done: EditFormSteps.GivenVarReasonIsSelected("Offside") (0.0s)&#xD;
Then Save button is disabled in action edit form&#xD;
-&gt; done: EditFormSteps.SaveButtonIsDisabled() (0.0s)&#xD;
sandbox: CleanUpAfterTestRun started.&#xD;
sandbox: application pages != null: True&#xD;
sandbox: web driver!= null: True&#xD;
sandbox: CleanUpAfterTestRun complete.</StdOut>
      </Output>
    </UnitTestResult>
    <UnitTestResult executionId="ea4219fe-fc47-4edc-8228-134770671728" testId="1fe5a80d-49a5-4084-10d7-1c3d0a44d899" testName="SelectPenaltyLocation(&quot;2&quot;,&quot;1&quot;,&quot;10&quot;,&quot;50&quot;,null)" computerName="EC2AMAZ-JEOO151" duration="00:00:12.1530000" startTime="2019-07-11T19:11:20.0000000+00:00" endTime="2019-07-11T19:11:32.0000000+00:00" testType="13cdc9d9-ddb5-4fa4-a97d-d965ccfc6d4b" outcome="Passed" testListId="8c84fa94-04c1-424b-9868-57a2d4851a1d" relativeResultsDirectory="ea4219fe-fc47-4edc-8228-134770671728">
      <Output>
        <StdOut>sandbox: PrepareForTestRun started.&#xD;
sandbox: football liveStatsApp != null: True &#xD;
sandbox: football liveStatsApp.IsProcessRunning: True &#xD;
sandbox: setupLocalData: localDatabaseProvider != null: True&#xD;
sandbox: applicationPages != null: True&#xD;
sandbox: applicationPages.Webdriver != null: True&#xD;
sandbox: finished setuping local data&#xD;
sandbox: PrepareForTestRun complete.&#xD;
Given Match started with kick off from existing game&#xD;
-&gt; done: SetupGameSteps.GivenMatchStartedWithKickOffButtonFromExistingGame() (3.2s)&#xD;
When I click "Possible Penalty" button for team 2&#xD;
-&gt; done: TeamActionButtonSteps.GivenIClickPossiblePenaltyButtonForTeam(2) (0.5s)&#xD;
And I confirm penalty by clicking "Confirm" button&#xD;
-&gt; done: PenaltySteps.WhenIConfirmPenaltyByClickingButton() (2.2s)&#xD;
And I click on pitch x 10 and y 50&#xD;
Failed to find element with query '[data-qa='activePitchOverlay']'. Web driver timeout exception.&#xD;
Given action failed. Retrying after a timeout.&#xD;
Failed to find element with query '[data-qa='activePitchOverlay']'. Web driver timeout exception.&#xD;
-&gt; done: PitchScreenSteps.WhenIClickOnPitch(10, 50) (4.4s)&#xD;
Then Reasons dialog for penalty is shown with title "Reason for Penalty?"&#xD;
-&gt; done: PenaltySteps.ThenReasonsDialogForPenaltyIsShownWithTitle("Reason for Penalty?") (0.2s)&#xD;
And Latest "Penalty" event is highlighted&#xD;
-&gt; done: ActionLogSteps.ThenCardEventIsHighlighted(Penalty) (0.0s)&#xD;
And "Foul" reason button is shown&#xD;
-&gt; done: PenaltySteps.ThenFoulReasonButtonIsShown() (0.0s)&#xD;
And "Offence" reason button is shown&#xD;
-&gt; done: PenaltySteps.ThenOffenceReasonButtonIsShown() (0.0s)&#xD;
And "Back" button is shown&#xD;
-&gt; done: WorkflowSteps.ThenBackButtonIsVisible() (0.0s)&#xD;
And "Cancel &amp; Delete" button is shown&#xD;
-&gt; done: WorkflowSteps.ThenCancelAndDeleteButtonIsShown() (0.0s)&#xD;
And All action buttons except card and goal buttons are disabled for both teams&#xD;
-&gt; done: TeamActionButtonSteps.ThenAllActionButtonsExceptCardAndGoalButtonsAreDisabledForBothTeams() (0.6s)&#xD;
And penalty action button is selected for team "2"&#xD;
-&gt; done: TeamActionButtonSteps.ThenPenaltyActionButtonIsSelected(2) (0.0s)&#xD;
sandbox: CleanUpAfterTestRun started.&#xD;
sandbox: application pages != null: True&#xD;
sandbox: web driver!= null: True&#xD;
sandbox: CleanUpAfterTestRun complete.</StdOut>
      </Output>
    </UnitTestResult>
    <UnitTestResult executionId="a497262b-da7c-4d23-88a6-09e2e1ee30d6" testId="2700f1e9-89c5-a67d-f1c5-2c74e199d0f3" testName="SetAdjustPitchPositionForGoalInsert(&quot;adjust&quot;,null)" computerName="EC2AMAZ-JEOO151" duration="00:00:20.5480000" startTime="2019-07-11T18:30:29.0000000+00:00" endTime="2019-07-11T18:30:49.0000000+00:00" testType="13cdc9d9-ddb5-4fa4-a97d-d965ccfc6d4b" outcome="Passed" testListId="8c84fa94-04c1-424b-9868-57a2d4851a1d" relativeResultsDirectory="a497262b-da7c-4d23-88a6-09e2e1ee30d6">
      <Output>
        <StdOut>sandbox: PrepareForTestRun started.&#xD;
sandbox: football liveStatsApp != null: True &#xD;
sandbox: football liveStatsApp.IsProcessRunning: True &#xD;
sandbox: setupLocalData: localDatabaseProvider != null: True&#xD;
sandbox: applicationPages != null: True&#xD;
sandbox: applicationPages.Webdriver != null: True&#xD;
sandbox: finished setuping local data&#xD;
sandbox: PrepareForTestRun complete.&#xD;
Given Match started with kick off from existing game&#xD;
-&gt; done: SetupGameSteps.GivenMatchStartedWithKickOffButtonFromExistingGame() (3.3s)&#xD;
And "Top right" corner added for Team 1&#xD;
-&gt; done: CornerSteps.GivenCornerAddedForTeam("Top right", 1) (3.1s)&#xD;
And "Yellow" Card for Team 1 is registered&#xD;
Given action failed. Retrying after a timeout.&#xD;
-&gt; done: CardSteps.GivenCardForTeamIsRegistered(Yellow, 1) (3.4s)&#xD;
And I clicked on latest "Corner" event in action log&#xD;
-&gt; done: ActionLogSteps.GivenIClickOnLatestEventInActionLog(Corner) (0.3s)&#xD;
And I entered new conceded event time of "0030"&#xD;
-&gt; done: EditFormSteps.GivenIEnterNewConcededEventTimeOf("0030") (1.0s)&#xD;
And I clicked Save button in action edit form&#xD;
-&gt; done: EditFormSteps.ClickSaveButtonInActionEditForm() (0.6s)&#xD;
And I remembered current players on pitch shirt numbers&#xD;
-&gt; done: GoalEditSteps.GivenIRememberCurrentPlayersOnPitch() (1.1s)&#xD;
When I click Expand Action log button&#xD;
-&gt; done: ActionLogSteps.WhenIClickExpandActionLogButton() (0.2s)&#xD;
And I click last action in expanded action log&#xD;
-&gt; done: ExpandedActionLogSteps.WhenIClickLastActionInExpandedActionLog() (0.1s)&#xD;
And I click insert after button in expanded action log&#xD;
-&gt; done: ExpandedActionLogSteps.WhenIClickInsertAfterButtonInExpandedActionLog() (0.1s)&#xD;
And I click insert Goal button in insert after dropdown&#xD;
-&gt; done: ExpandedActionLogSteps.WhenIClickInsertGoalButtonInInsertAfterDropdown() (0.1s)&#xD;
And I click "adjust" pitch location button in insert window&#xD;
-&gt; done: MiniPitchEditPageElementSteps.WhenIClickButtonForFreeKickLocation() (0.1s)&#xD;
Then Edit pitch Location dialog is visible&#xD;
-&gt; done: EditFormSteps.ThenEditLocationDialogIsVisible() (0.0s)&#xD;
And Current position marker is not visible in expanded pitch position dialog&#xD;
Failed to find data-qa element with tag 'currentPitchLocation'. No such element exception.&#xD;
-&gt; done: ExpandedPitchPositionDialogSteps.ThenCurrentPositionMarkerIsNotVisibleInExpandedPitchPositionDialog() (2.1s)&#xD;
And Shot pitch Position marker is not visible&#xD;
Failed to find data-qa element with tag 'currentPitchLocation'. No such element exception.&#xD;
-&gt; done: ExpandedPitchPositionDialogSteps.ThenShotPitchPositionMarkerIsNotVisible() (2.1s)&#xD;
And Clear Pitch button is not visible&#xD;
Failed to find element with query '[data-qa='pitchLocationClearButton']'. Web driver timeout exception.&#xD;
-&gt; done: ExpandedPitchPositionDialogSteps.ThenClearPitchButtonIsNotVisible() (2.0s)&#xD;
And "cancel" Button is visible&#xD;
-&gt; done: EditFormSteps.ThenCancelButtonIsVisible() (0.0s)&#xD;
And "proceed" Button is visible&#xD;
-&gt; done: EditFormSteps.ThenSaveButtonIsVisible() (0.0s)&#xD;
sandbox: CleanUpAfterTestRun started.&#xD;
sandbox: application pages != null: True&#xD;
sandbox: web driver!= null: True&#xD;
sandbox: CleanUpAfterTestRun complete.</StdOut>
      </Output>
    </UnitTestResult>
    <UnitTestResult executionId="661c1185-dfd6-4597-b549-304a05fb24b4" testId="2bd5312f-e6eb-8eda-1c46-14a62ffbb29b" testName="ClickNoOnConfirm" computerName="EC2AMAZ-JEOO151" duration="00:00:08.2650000" startTime="2019-07-11T19:28:20.0000000+00:00" endTime="2019-07-11T19:28:29.0000000+00:00" testType="13cdc9d9-ddb5-4fa4-a97d-d965ccfc6d4b" outcome="Passed" testListId="8c84fa94-04c1-424b-9868-57a2d4851a1d" relativeResultsDirectory="661c1185-dfd6-4597-b549-304a05fb24b4">
      <Output>
        <StdOut>sandbox: PrepareForTestRun started.&#xD;
sandbox: football liveStatsApp != null: True &#xD;
sandbox: football liveStatsApp.IsProcessRunning: True &#xD;
sandbox: setupLocalData: localDatabaseProvider != null: True&#xD;
sandbox: applicationPages != null: True&#xD;
sandbox: applicationPages.Webdriver != null: True&#xD;
sandbox: finished setuping local data&#xD;
sandbox: PrepareForTestRun complete.&#xD;
Given Match started with kick off from existing game&#xD;
-&gt; done: SetupGameSteps.GivenMatchStartedWithKickOffButtonFromExistingGame() (3.2s)&#xD;
Given started substitution for team "1" in pitch view&#xD;
-&gt; done: SubstitutionSteps.WhenIClickSubBenchButtonInSubstitutionRecord(1) (0.5s)&#xD;
And player "25" for sub in and player "6" for sub out were selected from team "1"&#xD;
-&gt; done: SubstitutionSteps.WhenIChoosePlayerFromTeamForSubIn(25, 6, 1) (0.5s)&#xD;
When I click Save button in action edit form&#xD;
-&gt; done: EditFormSteps.ClickSaveButtonInActionEditForm() (0.8s)&#xD;
And I Click "no" Button in substitution confirm dialog&#xD;
-&gt; done: SubstitutionSteps.WhenIClickNoInConfirmDialogButtonInSubstitutionRecord() (0.1s)&#xD;
And I Click "cancel" Button in substitution window&#xD;
-&gt; done: SubstitutionSteps.WhenIClickCancelButtonInSubstitutionRecord() (0.2s)&#xD;
Then Pitch View is shown&#xD;
-&gt; done: PitchScreenSteps.PitchViewIsShown() (0.1s)&#xD;
And Substitution event not created on Action log&#xD;
-&gt; done: ActionLogSteps.ThenSubstitutionEventNotCreatedOnActionLog() (2.0s)&#xD;
And substitutions for team "1" button on pitch shows "3" remaining and "3" available subs&#xD;
-&gt; done: SubstitutionSteps.ThenSubsForTeamButtonOnPitchShowsCompletedAndAvailableSubs(1, 3, 3) (0.0s)&#xD;
And substitutions for team "2" button on pitch shows "3" remaining and "3" available subs&#xD;
-&gt; done: SubstitutionSteps.ThenSubsForTeamButtonOnPitchShowsCompletedAndAvailableSubs(2, 3, 3) (0.0s)&#xD;
sandbox: CleanUpAfterTestRun started.&#xD;
sandbox: application pages != null: True&#xD;
sandbox: web driver!= null: True&#xD;
sandbox: CleanUpAfterTestRun complete.</StdOut>
      </Output>
    </UnitTestResult>
    <UnitTestResult executionId="8fc8339d-6691-4b42-968a-3f9d1c3e30e5" testId="15a66753-3c97-8162-2993-e79ecb32bc5c" testName="GivenGameGoalStarted_WhenSelectingNoAssist_ThenActionUpdated" computerName="EC2AMAZ-JEOO151" duration="00:00:08.5010000" startTime="2019-07-11T21:03:26.0000000+00:00" endTime="2019-07-11T21:03:34.0000000+00:00" testType="13cdc9d9-ddb5-4fa4-a97d-d965ccfc6d4b" outcome="Passed" testListId="8c84fa94-04c1-424b-9868-57a2d4851a1d" relativeResultsDirectory="8fc8339d-6691-4b42-968a-3f9d1c3e30e5">
      <Output>
        <StdOut>sandbox: PrepareForTestRun started.&#xD;
sandbox: football liveStatsApp != null: True &#xD;
sandbox: football liveStatsApp.IsProcessRunning: True &#xD;
sandbox: setupLocalData: localDatabaseProvider != null: True&#xD;
sandbox: applicationPages != null: True&#xD;
sandbox: applicationPages.Webdriver != null: True&#xD;
sandbox: finished setuping local data&#xD;
sandbox: PrepareForTestRun complete.&#xD;
Given action failed. Retrying after a timeout.&#xD;
sandbox: CleanUpAfterTestRun started.&#xD;
sandbox: application pages != null: True&#xD;
sandbox: web driver!= null: True&#xD;
sandbox: CleanUpAfterTestRun complete.</StdOut>
      </Output>
    </UnitTestResult>
    <UnitTestResult executionId="f163a163-3395-41db-8984-cd3559d3ed05" testId="7582c349-3c04-913a-5046-2d612153a732" testName="YesOnVARBeforeConfirming(&quot;1&quot;,&quot;Red&quot;,&quot;13&quot;,null)" computerName="EC2AMAZ-JEOO151" duration="00:00:05.3650000" startTime="2019-07-11T19:55:39.0000000+00:00" endTime="2019-07-11T19:55:44.0000000+00:00" testType="13cdc9d9-ddb5-4fa4-a97d-d965ccfc6d4b" outcome="Passed" testListId="8c84fa94-04c1-424b-9868-57a2d4851a1d" relativeResultsDirectory="f163a163-3395-41db-8984-cd3559d3ed05">
      <Output>
        <StdOut>sandbox: PrepareForTestRun started.&#xD;
sandbox: football liveStatsApp != null: True &#xD;
sandbox: football liveStatsApp.IsProcessRunning: True &#xD;
sandbox: setupLocalData: localDatabaseProvider != null: True&#xD;
sandbox: applicationPages != null: True&#xD;
sandbox: applicationPages.Webdriver != null: True&#xD;
sandbox: finished setuping local data&#xD;
sandbox: PrepareForTestRun complete.&#xD;
Given Match started with kick off from existing game&#xD;
-&gt; done: SetupGameSteps.GivenMatchStartedWithKickOffButtonFromExistingGame() (3.3s)&#xD;
When I click on team 1 possible "Red"&#xD;
-&gt; done: TeamActionButtonSteps.StartPossibleCardRegistration(1, Red) (0.6s)&#xD;
And I click "Red" card button&#xD;
-&gt; done: TeamActionButtonSteps.WhenIClickCardButton("Red") (0.1s)&#xD;
And I click "Possible VAR" button in workflow&#xD;
-&gt; done: WorkflowSteps.WhenIClickPossibleVarButtonInWorkflow() (0.1s)&#xD;
And I click var confirmation "yes" button&#xD;
-&gt; done: WorkflowSteps.WhenIClickVarConfirmationButton("yes") (0.2s)&#xD;
Then Confirmation dialog is displayed&#xD;
-&gt; done: CardSteps.ThenConfirmationDialogIsDisplayed() (0.2s)&#xD;
sandbox: CleanUpAfterTestRun started.&#xD;
sandbox: application pages != null: True&#xD;
sandbox: web driver!= null: True&#xD;
sandbox: CleanUpAfterTestRun complete.</StdOut>
      </Output>
    </UnitTestResult>
    <UnitTestResult executionId="74d3ae76-87cf-427c-9770-bc6a7206959b" testId="1c74bd27-33bc-3f65-0829-4d3dab9c3c68" testName="GivenSubStarted_WhenEditingSubInPerson_ThenDifferentPersonIsSelected" computerName="EC2AMAZ-JEOO151" duration="00:00:07.1110000" startTime="2019-07-11T21:13:48.0000000+00:00" endTime="2019-07-11T21:13:55.0000000+00:00" testType="13cdc9d9-ddb5-4fa4-a97d-d965ccfc6d4b" outcome="Passed" testListId="8c84fa94-04c1-424b-9868-57a2d4851a1d" relativeResultsDirectory="74d3ae76-87cf-427c-9770-bc6a7206959b">
      <Output>
        <StdOut>sandbox: PrepareForTestRun started.&#xD;
sandbox: football liveStatsApp != null: True &#xD;
sandbox: football liveStatsApp.IsProcessRunning: True &#xD;
sandbox: setupLocalData: localDatabaseProvider != null: True&#xD;
sandbox: applicationPages != null: True&#xD;
sandbox: applicationPages.Webdriver != null: True&#xD;
sandbox: finished setuping local data&#xD;
sandbox: PrepareForTestRun complete.&#xD;
sandbox: CleanUpAfterTestRun started.&#xD;
sandbox: application pages != null: True&#xD;
sandbox: web driver!= null: True&#xD;
sandbox: CleanUpAfterTestRun complete.</StdOut>
      </Output>
    </UnitTestResult>
    <UnitTestResult executionId="44a5ab32-7004-4afe-856a-e44f1cacd906" testId="37832c98-a65f-a059-abf8-bf96858513b0" testName="ClickCard(&quot;1&quot;,&quot;Yellow&quot;,null)" computerName="EC2AMAZ-JEOO151" duration="00:00:05.0510000" startTime="2019-07-11T18:52:02.0000000+00:00" endTime="2019-07-11T18:52:07.0000000+00:00" testType="13cdc9d9-ddb5-4fa4-a97d-d965ccfc6d4b" outcome="Passed" testListId="8c84fa94-04c1-424b-9868-57a2d4851a1d" relativeResultsDirectory="44a5ab32-7004-4afe-856a-e44f1cacd906">
      <Output>
        <StdOut>sandbox: PrepareForTestRun started.&#xD;
sandbox: football liveStatsApp != null: True &#xD;
sandbox: football liveStatsApp.IsProcessRunning: True &#xD;
sandbox: setupLocalData: localDatabaseProvider != null: True&#xD;
sandbox: applicationPages != null: True&#xD;
sandbox: applicationPages.Webdriver != null: True&#xD;
sandbox: finished setuping local data&#xD;
sandbox: PrepareForTestRun complete.&#xD;
Given Match started with kick off from existing game&#xD;
-&gt; done: SetupGameSteps.GivenMatchStartedWithKickOffButtonFromExistingGame() (3.3s)&#xD;
When I click on team 1 possible "Yellow"&#xD;
-&gt; done: TeamActionButtonSteps.StartPossibleCardRegistration(1, Yellow) (0.7s)&#xD;
Then "Put on Hold" button is shown&#xD;
-&gt; done: TeamActionButtonSteps.ThenPutOnHoldButtonIsShown() (0.0s)&#xD;
And "Yellow Card" button is shown&#xD;
-&gt; done: TeamActionButtonSteps.ThenYellowCardButtonIsShown() (0.1s)&#xD;
And "Red Card" button is shown&#xD;
-&gt; done: TeamActionButtonSteps.ThenRedCardButtonIsShown() (0.0s)&#xD;
And "2nd Yellow" button is shown&#xD;
-&gt; done: TeamActionButtonSteps.ThenSecondYellowCardButtonIsShown() (0.0s)&#xD;
And "Sin bin" button is shown&#xD;
-&gt; done: TeamActionButtonSteps.ThenSinBinButtonIsShown() (0.0s)&#xD;
sandbox: CleanUpAfterTestRun started.&#xD;
sandbox: application pages != null: True&#xD;
sandbox: web driver!= null: True&#xD;
sandbox: CleanUpAfterTestRun complete.</StdOut>
      </Output>
    </UnitTestResult>
    <UnitTestResult executionId="7f0e13b2-7bcc-4ee9-882b-2b0708a72f4b" testId="60e14eb6-d547-f5a0-5358-c97b0aeb0dbb" testName="FootballShotUpdatedToOwnGoal" computerName="EC2AMAZ-JEOO151" duration="00:00:11.0650000" startTime="2019-07-11T18:04:32.0000000+00:00" endTime="2019-07-11T18:04:43.0000000+00:00" testType="13cdc9d9-ddb5-4fa4-a97d-d965ccfc6d4b" outcome="Passed" testListId="8c84fa94-04c1-424b-9868-57a2d4851a1d" relativeResultsDirectory="7f0e13b2-7bcc-4ee9-882b-2b0708a72f4b">
      <Output>
        <StdOut>sandbox: PrepareForTestRun started.&#xD;
sandbox: football liveStatsApp != null: True &#xD;
sandbox: football liveStatsApp.IsProcessRunning: True &#xD;
sandbox: setupLocalData: localDatabaseProvider != null: True&#xD;
sandbox: applicationPages != null: True&#xD;
sandbox: applicationPages.Webdriver != null: True&#xD;
sandbox: finished setuping local data&#xD;
sandbox: PrepareForTestRun complete.&#xD;
Given Match started with kick off from existing game&#xD;
-&gt; done: SetupGameSteps.GivenMatchStartedWithKickOffButtonFromExistingGame() (3.4s)&#xD;
And I remembered current players on pitch shirt numbers&#xD;
-&gt; done: GoalEditSteps.GivenIRememberCurrentPlayersOnPitch() (1.5s)&#xD;
Given I add a goal for team 1 player 4 assisted by player 13&#xD;
Given action failed. Retrying after a timeout.&#xD;
-&gt; done: GoalSteps.GivenIAddAGoalForTeamPlayerAssistedByPlayer(1, 4, 13) (3.9s)&#xD;
And I click goal event in action log&#xD;
-&gt; done: ActionLogSteps.GivenIClickGoalEventInActionLog() (0.3s)&#xD;
And I click "own goal" button in goal edit window&#xD;
-&gt; done: GoalEditSteps.GivenIClickShotResultOwnGoalButton() (0.1s)&#xD;
And I click player 6 from who scored&#xD;
-&gt; done: GoalEditSteps.GivenIClickPlayerFromWhoScored(6) (0.4s)&#xD;
When I click Save button in action edit form&#xD;
-&gt; done: EditFormSteps.ClickSaveButtonInActionEditForm() (0.6s)&#xD;
Then Score is 0 for team 2&#xD;
-&gt; done: ScoreBoardSteps.ThenScoreIsForTeam(0, 2) (0.1s)&#xD;
And Score is 1 for team 1&#xD;
-&gt; done: ScoreBoardSteps.ThenScoreIsForTeam(1, 1) (0.1s)&#xD;
sandbox: CleanUpAfterTestRun started.&#xD;
sandbox: application pages != null: True&#xD;
sandbox: web driver!= null: True&#xD;
sandbox: CleanUpAfterTestRun complete.</StdOut>
      </Output>
    </UnitTestResult>
    <UnitTestResult executionId="f486f3ae-fda5-4870-8af6-29601b8c7da0" testId="0d10ff3f-15a1-241b-64fe-f488cdfabdb2" testName="GivenCorrectOperatorSupplied_WhenValidating_ShowsDataAndAllowsToPassTab" computerName="EC2AMAZ-JEOO151" duration="00:00:07.4230000" startTime="2019-07-11T20:12:17.0000000+00:00" endTime="2019-07-11T20:12:25.0000000+00:00" testType="13cdc9d9-ddb5-4fa4-a97d-d965ccfc6d4b" outcome="Passed" testListId="8c84fa94-04c1-424b-9868-57a2d4851a1d" relativeResultsDirectory="f486f3ae-fda5-4870-8af6-29601b8c7da0">
      <Output>
        <StdOut>sandbox: PrepareForTestRun started.&#xD;
sandbox: football liveStatsApp != null: True &#xD;
sandbox: football liveStatsApp.IsProcessRunning: True &#xD;
sandbox: setupLocalData: localDatabaseProvider != null: True&#xD;
sandbox: applicationPages != null: True&#xD;
sandbox: applicationPages.Webdriver != null: True&#xD;
sandbox: finished setuping local data&#xD;
sandbox: PrepareForTestRun complete.&#xD;
sandbox: CleanUpAfterTestRun started.&#xD;
sandbox: application pages != null: True&#xD;
sandbox: web driver!= null: True&#xD;
Given action failed. Retrying after a timeout. Most likely UI was not fast enough to refresh itself.&#xD;
Given action failed. Retrying after a timeout. Most likely UI was not fast enough to refresh itself.&#xD;
sandbox: CleanUpAfterTestRun complete.</StdOut>
      </Output>
    </UnitTestResult>
    <UnitTestResult executionId="450422ab-a37b-46d9-9023-d9822e03f3a1" testId="7ee32afa-294d-1386-31ea-d7f4c95980c2" testName="InsertPenaltyShootoutKickWithVARStandAfter" computerName="EC2AMAZ-JEOO151" duration="00:00:24.9150000" startTime="2019-07-11T18:37:19.0000000+00:00" endTime="2019-07-11T18:37:44.0000000+00:00" testType="13cdc9d9-ddb5-4fa4-a97d-d965ccfc6d4b" outcome="Passed" testListId="8c84fa94-04c1-424b-9868-57a2d4851a1d" relativeResultsDirectory="450422ab-a37b-46d9-9023-d9822e03f3a1">
      <Output>
        <StdOut>sandbox: PrepareForTestRun started.&#xD;
sandbox: football liveStatsApp != null: True &#xD;
sandbox: football liveStatsApp.IsProcessRunning: True &#xD;
sandbox: setupLocalData: localDatabaseProvider != null: True&#xD;
sandbox: applicationPages != null: True&#xD;
sandbox: applicationPages.Webdriver != null: True&#xD;
sandbox: finished setuping local data&#xD;
sandbox: PrepareForTestRun complete.&#xD;
Given penalty shoot-out phase started&#xD;
-&gt; done: PitchClockSteps.GivenGamePenaltyShoot_OutPhaseStarted() (14.6s)&#xD;
And I remembered current players on pitch shirt numbers&#xD;
-&gt; done: GoalEditSteps.GivenIRememberCurrentPlayersOnPitch() (1.4s)&#xD;
And I recorded penalty shoot-out kick "Goal" for team 2 player with shirt number 1&#xD;
-&gt; done: PenaltyShootoutSteps.WhenIRecordPenaltyShoot_OutKickGoalForTeamPlayerWithShirtNumber(2, 1) (2.7s)&#xD;
When I click Expand Action log button&#xD;
-&gt; done: ActionLogSteps.WhenIClickExpandActionLogButton() (0.3s)&#xD;
And I insert "PenaltyShootoutKick" after last action in expanded action log&#xD;
-&gt; done: ExpandedActionLogSteps.WhenIInsertPenaltyAfterLastActionInExpandedActionLog(PenaltyShootoutKick) (0.3s)&#xD;
And I choose player with number 6 from team 1 as penalty taker&#xD;
-&gt; done: PenaltyShootoutEditSteps.WhenIChoosePlayerWithNumberFromTeamAsPenaltyTaker(6, 1) (0.5s)&#xD;
And I click on miss off target result in penalty edit&#xD;
-&gt; done: PenaltyEditSteps.WhenIClickOnMissOffTargetPenaltyResult() (0.1s)&#xD;
And I click on goalkeeper not saved in penalty insert&#xD;
-&gt; done: PenaltyShootoutEditSteps.WhenIClickOnGoalkeeperNotSavedInPenaltyInsert() (0.1s)&#xD;
And I add "out top right" shot location in net section&#xD;
-&gt; done: PenaltyShootoutEditSteps.WhenIAddShotLocationInNetSection("out top right") (0.3s)&#xD;
And I set penalty retake count to 1 in penalty edit&#xD;
-&gt; done: PenaltyEditSteps.WhenISetRetakeCountTo(1) (0.1s)&#xD;
And I set VAR as Stands&#xD;
-&gt; done: EditFormSteps.WhenISetVarAsStands() (0.2s)&#xD;
And I click Save button in action edit form&#xD;
-&gt; done: EditFormSteps.ClickSaveButtonInActionEditForm() (0.6s)&#xD;
Then penalty shootout kick insert view is not visible&#xD;
Failed to find element with query '[data-qa='penaltyShootoutEditScreen']'. Web driver timeout exception.&#xD;
-&gt; done: PenaltyShootoutEditSteps.ThenPenaltyShootoutKickInsertViewIsNotVisible() (2.0s)&#xD;
And "VAR" Action is displayed at 1 in expanded action log&#xD;
-&gt; done: ExpandedActionLogSteps.ThenGoalActionIsDisplayedAtInExpandedActionLog("VAR", 1) (0.0s)&#xD;
And at 1 position action time is "90:00" in "PSO" half&#xD;
-&gt; done: ExpandedActionLogSteps.ThenAtPositionActionTimeIsInHalf(1, "90:00", "PSO") (0.1s)&#xD;
And at 1 position action has one qualifier with name "Stands"&#xD;
-&gt; done: ExpandedActionLogSteps.ThenAtPositionActionHasOneQualifierWithName(1, "Stands") (0.1s)&#xD;
And at 1 position action has no player and team&#xD;
-&gt; done: ExpandedActionLogSteps.ThenAtPositionActionHasNoPlayerAndTeam(1) (0.0s)&#xD;
And Action at position 1 do not have score&#xD;
-&gt; done: ExpandedActionLogSteps.ThenActionAtPositionDoNotHaveScore(1) (0.0s)&#xD;
And "Penalty Shootout Kick" Action is displayed at 2 in expanded action log&#xD;
-&gt; done: ExpandedActionLogSteps.ThenGoalActionIsDisplayedAtInExpandedActionLog("Penalty Shootout ...", 2) (0.1s)&#xD;
And at 2 position action time is "90:00" in "PSO" half&#xD;
-&gt; done: ExpandedActionLogSteps.ThenAtPositionActionTimeIsInHalf(2, "90:00", "PSO") (0.1s)&#xD;
And at 2 position action has no qualifiers&#xD;
-&gt; done: ExpandedActionLogSteps.ThenAtPositionActionHasNoQualifiers(2) (0.1s)&#xD;
And at 2 position action displays player with number 6 from team 1&#xD;
-&gt; done: ExpandedActionLogSteps.ThenActionAtPositionPlayerIsDisplayedAs(2, 6, 1) (0.1s)&#xD;
And Action at position 2 do not have score&#xD;
-&gt; done: ExpandedActionLogSteps.ThenActionAtPositionDoNotHaveScore(2) (0.0s)&#xD;
sandbox: CleanUpAfterTestRun started.&#xD;
sandbox: application pages != null: True&#xD;
sandbox: web driver!= null: True&#xD;
sandbox: CleanUpAfterTestRun complete.</StdOut>
      </Output>
    </UnitTestResult>
    <UnitTestResult executionId="6b910de4-df35-45b0-ae7c-131cfe9ad547" testId="9b9a17e0-0471-5a05-27a8-56046193c8be" testName="GivenCouchEjectedByCard_WhenRecordingYellow_ThenCouchIsDisabled(SecondYellow)" computerName="EC2AMAZ-JEOO151" duration="00:00:11.2490000" startTime="2019-07-11T20:54:34.0000000+00:00" endTime="2019-07-11T20:54:45.0000000+00:00" testType="13cdc9d9-ddb5-4fa4-a97d-d965ccfc6d4b" outcome="Passed" testListId="8c84fa94-04c1-424b-9868-57a2d4851a1d" relativeResultsDirectory="6b910de4-df35-45b0-ae7c-131cfe9ad547">
      <Output>
        <StdOut>sandbox: PrepareForTestRun started.&#xD;
sandbox: football liveStatsApp != null: True &#xD;
sandbox: football liveStatsApp.IsProcessRunning: True &#xD;
sandbox: setupLocalData: localDatabaseProvider != null: True&#xD;
sandbox: applicationPages != null: True&#xD;
sandbox: applicationPages.Webdriver != null: True&#xD;
sandbox: finished setuping local data&#xD;
sandbox: PrepareForTestRun complete.&#xD;
Given action failed. Retrying after a timeout.&#xD;
sandbox: CleanUpAfterTestRun started.&#xD;
sandbox: application pages != null: True&#xD;
sandbox: web driver!= null: True&#xD;
sandbox: CleanUpAfterTestRun complete.</StdOut>
      </Output>
    </UnitTestResult>
    <UnitTestResult executionId="e2f9ae7d-c64b-4013-9198-ab82d71c65d7" testId="437df5c3-190e-e2af-9651-ff929b1c2b62" testName="PenaltyShootoutHalfCanBeEndedAfterHalfEndDeletion" computerName="EC2AMAZ-JEOO151" duration="00:00:31.2150000" startTime="2019-07-11T17:41:34.0000000+00:00" endTime="2019-07-11T17:42:05.0000000+00:00" testType="13cdc9d9-ddb5-4fa4-a97d-d965ccfc6d4b" outcome="Passed" testListId="8c84fa94-04c1-424b-9868-57a2d4851a1d" relativeResultsDirectory="e2f9ae7d-c64b-4013-9198-ab82d71c65d7">
      <Output>
        <StdOut>sandbox: PrepareForTestRun started.&#xD;
sandbox: football liveStatsApp != null: True &#xD;
sandbox: football liveStatsApp.IsProcessRunning: True &#xD;
sandbox: setupLocalData: localDatabaseProvider != null: True&#xD;
sandbox: applicationPages != null: True&#xD;
sandbox: applicationPages.Webdriver != null: True&#xD;
sandbox: finished setuping local data&#xD;
sandbox: PrepareForTestRun complete.&#xD;
Given Match started with kick off from existing game&#xD;
-&gt; done: SetupGameSteps.GivenMatchStartedWithKickOffButtonFromExistingGame() (3.4s)&#xD;
Given I finished and proceeded to next phase&#xD;
-&gt; done: PitchClockSteps.WhenIFinishAndProceedToNextPhase() (3.3s)&#xD;
And I finished and proceeded to next phase&#xD;
-&gt; done: PitchClockSteps.WhenIFinishAndProceedToNextPhase() (3.0s)&#xD;
And I finished and proceeded to next phase&#xD;
-&gt; done: PitchClockSteps.WhenIFinishAndProceedToNextPhase() (3.0s)&#xD;
And I finished and proceeded to next phase&#xD;
-&gt; done: PitchClockSteps.WhenIFinishAndProceedToNextPhase() (2.7s)&#xD;
When I record penalty shoot-out kick "Goal" for team 2 player with shirt number 1&#xD;
-&gt; done: PenaltyShootoutSteps.WhenIRecordPenaltyShoot_OutKickGoalForTeamPlayerWithShirtNumber(2, 1) (2.9s)&#xD;
And I record penalty shoot-out kick "Penalty Shot On Target" for team 1 player with shirt number 13&#xD;
Given action failed. Retrying after a timeout. Most likely UI was not fast enough to refresh itself.&#xD;
-&gt; done: PenaltyShootoutSteps.WhenIRecordPenaltyShoot_OutKickForTeamPlayerWithShirtNumber(1, 13) (1.0s)&#xD;
And I record penalty shoot-out kick "Goal" for team 2 player with shirt number 2&#xD;
-&gt; done: PenaltyShootoutSteps.WhenIRecordPenaltyShoot_OutKickGoalForTeamPlayerWithShirtNumber(2, 2) (2.9s)&#xD;
And I record penalty shoot-out kick "Penalty Shot On Target" for team 1 player with shirt number 4&#xD;
Given action failed. Retrying after a timeout. Most likely UI was not fast enough to refresh itself.&#xD;
-&gt; done: PenaltyShootoutSteps.WhenIRecordPenaltyShoot_OutKickForTeamPlayerWithShirtNumber(1, 4) (1.0s)&#xD;
And I record penalty shoot-out kick "Goal" for team 2 player with shirt number 3&#xD;
-&gt; done: PenaltyShootoutSteps.WhenIRecordPenaltyShoot_OutKickGoalForTeamPlayerWithShirtNumber(2, 3) (2.9s)&#xD;
And I record penalty shoot-out kick "Penalty Shot On Target" for team 1 player with shirt number 6&#xD;
-&gt; done: PenaltyShootoutSteps.WhenIRecordPenaltyShoot_OutKickForTeamPlayerWithShirtNumber(1, 6) (0.7s)&#xD;
And I click end penalty shootout button near clock&#xD;
-&gt; done: PitchClockSteps.WhenIClickEndPenaltyShootoutButtonNearClock() (0.4s)&#xD;
And I click "confirm end" button&#xD;
-&gt; done: PitchClockSteps.WhenIClickConfirmEndButton() (0.2s)&#xD;
And I open Expanded Action log&#xD;
-&gt; done: ActionLogSteps.WhenIClickExpandActionLogButton() (0.3s)&#xD;
And I delete latest "PhaseEnd" action in expanded log&#xD;
-&gt; done: ExpandedActionLogSteps.WhenIDeleteLatestActionInExpandedLog(PhaseEnd) (0.5s)&#xD;
And I close expanded action log page&#xD;
-&gt; done: ExpandedActionLogSteps.WhenICloseExpandedActionLogPage() (0.2s)&#xD;
And I click end penalty shootout button near clock&#xD;
-&gt; done: PitchClockSteps.WhenIClickEndPenaltyShootoutButtonNearClock() (0.1s)&#xD;
And I click "confirm end" button&#xD;
-&gt; done: PitchClockSteps.WhenIClickConfirmEndButton() (0.2s)&#xD;
Then Pitch View is shown&#xD;
-&gt; done: PitchScreenSteps.PitchViewIsShown() (0.0s)&#xD;
And Game Clock is not counting up&#xD;
-&gt; done: PitchClockSteps.ThenGameClockIsBotCountingUp() (1.6s)&#xD;
And "Penalty Shootout Ended" is contained in clock header&#xD;
-&gt; done: PitchClockSteps.ThenIsContainedInClockHeader("Penalty Shootout ...") (0.1s)&#xD;
And team 1 possession button is not highligthed&#xD;
-&gt; done: ScoreBoardSteps.ThenTeamPossessionButtonIsNotHighligthed(1) (0.1s)&#xD;
And team 2 possession button is not highligthed&#xD;
-&gt; done: ScoreBoardSteps.ThenTeamPossessionButtonIsNotHighligthed(2) (0.1s)&#xD;
sandbox: CleanUpAfterTestRun started.&#xD;
sandbox: application pages != null: True&#xD;
sandbox: web driver!= null: True&#xD;
sandbox: CleanUpAfterTestRun complete.</StdOut>
      </Output>
    </UnitTestResult>
    <UnitTestResult executionId="4698ff97-3907-4e29-85da-63b535c65778" testId="97bcb73c-503b-d1ba-35c3-7e7cca35d64b" testName="GivenPeriodBreakWithInterruption_WhenPreparingForAnotherHalf_ThenInterruptionIsPresnet" computerName="EC2AMAZ-JEOO151" duration="00:00:11.1510000" startTime="2019-07-11T21:30:21.0000000+00:00" endTime="2019-07-11T21:30:32.0000000+00:00" testType="13cdc9d9-ddb5-4fa4-a97d-d965ccfc6d4b" outcome="Passed" testListId="8c84fa94-04c1-424b-9868-57a2d4851a1d" relativeResultsDirectory="4698ff97-3907-4e29-85da-63b535c65778">
      <Output>
        <StdOut>sandbox: PrepareForTestRun started.&#xD;
sandbox: football liveStatsApp != null: True &#xD;
sandbox: football liveStatsApp.IsProcessRunning: True &#xD;
sandbox: setupLocalData: localDatabaseProvider != null: True&#xD;
sandbox: applicationPages != null: True&#xD;
sandbox: applicationPages.Webdriver != null: True&#xD;
sandbox: finished setuping local data&#xD;
sandbox: PrepareForTestRun complete.&#xD;
sandbox: CleanUpAfterTestRun started.&#xD;
sandbox: application pages != null: True&#xD;
sandbox: web driver!= null: True&#xD;
sandbox: CleanUpAfterTestRun complete.</StdOut>
      </Output>
    </UnitTestResult>
    <UnitTestResult executionId="f2cefc30-2b06-4afc-ae99-3a26445c1013" testId="9282e98f-a41a-55e1-55ef-0b141ce67829" testName="GivenGameIsFinished_WhenRegisteringCard_CardIsRegistered" computerName="EC2AMAZ-JEOO151" duration="00:00:19.2320000" startTime="2019-07-11T20:00:23.0000000+00:00" endTime="2019-07-11T20:00:43.0000000+00:00" testType="13cdc9d9-ddb5-4fa4-a97d-d965ccfc6d4b" outcome="Passed" testListId="8c84fa94-04c1-424b-9868-57a2d4851a1d" relativeResultsDirectory="f2cefc30-2b06-4afc-ae99-3a26445c1013">
      <Output>
        <StdOut>sandbox: PrepareForTestRun started.&#xD;
sandbox: football liveStatsApp != null: True &#xD;
sandbox: football liveStatsApp.IsProcessRunning: True &#xD;
sandbox: setupLocalData: localDatabaseProvider != null: True&#xD;
sandbox: applicationPages != null: True&#xD;
sandbox: applicationPages.Webdriver != null: True&#xD;
sandbox: finished setuping local data&#xD;
sandbox: PrepareForTestRun complete.&#xD;
Given action failed. Retrying after a timeout.&#xD;
sandbox: CleanUpAfterTestRun started.&#xD;
sandbox: application pages != null: True&#xD;
sandbox: web driver!= null: True&#xD;
sandbox: CleanUpAfterTestRun complete.</StdOut>
      </Output>
    </UnitTestResult>
    <UnitTestResult executionId="50fd7729-26c2-42d6-88ac-fe150faca83a" testId="39ae52f0-3164-bd0a-19d3-10709b845b30" testName="InjuryRecordedActionCanBeFlagged" computerName="EC2AMAZ-JEOO151" duration="00:00:05.5730000" startTime="2019-07-11T19:41:54.0000000+00:00" endTime="2019-07-11T19:42:00.0000000+00:00" testType="13cdc9d9-ddb5-4fa4-a97d-d965ccfc6d4b" outcome="Passed" testListId="8c84fa94-04c1-424b-9868-57a2d4851a1d" relativeResultsDirectory="50fd7729-26c2-42d6-88ac-fe150faca83a">
      <Output>
        <StdOut>sandbox: PrepareForTestRun started.&#xD;
sandbox: football liveStatsApp != null: True &#xD;
sandbox: football liveStatsApp.IsProcessRunning: True &#xD;
sandbox: setupLocalData: localDatabaseProvider != null: True&#xD;
sandbox: applicationPages != null: True&#xD;
sandbox: applicationPages.Webdriver != null: True&#xD;
sandbox: finished setuping local data&#xD;
sandbox: PrepareForTestRun complete.&#xD;
Given Match started with kick off from existing game&#xD;
-&gt; done: SetupGameSteps.GivenMatchStartedWithKickOffButtonFromExistingGame() (3.3s)&#xD;
Given Injury for Team 1 player with shirt id 4 is registered&#xD;
-&gt; done: PlayerInjuryEditSteps.GivenInjuryForTeamIsRegistered(1, 4) (0.8s)&#xD;
When I click on latest "Injury" event in action log&#xD;
-&gt; done: ActionLogSteps.GivenIClickOnLatestEventInActionLog(Injury) (0.2s)&#xD;
And I click Flag &amp; Save button in action edit form&#xD;
-&gt; done: EditFormSteps.ClickFlagAndSaveInActionEditForm() (0.4s)&#xD;
Then 1 event in action log of type "Injury" is flagged&#xD;
-&gt; done: ActionLogSteps.ThenEventInActionLogOfTypeIsFlagged(1, Injury) (0.0s)&#xD;
sandbox: CleanUpAfterTestRun started.&#xD;
sandbox: application pages != null: True&#xD;
sandbox: web driver!= null: True&#xD;
sandbox: CleanUpAfterTestRun complete.</StdOut>
      </Output>
    </UnitTestResult>
    <UnitTestResult executionId="8e9b05db-b462-4fd5-af6e-c306cffced19" testId="ccf97412-38b2-3e05-4b68-03dd113b2081" testName="SelectVarReason(&quot;Foul&quot;,null)" computerName="EC2AMAZ-JEOO151" duration="00:00:14.1340000" startTime="2019-07-11T18:27:59.0000000+00:00" endTime="2019-07-11T18:28:13.0000000+00:00" testType="13cdc9d9-ddb5-4fa4-a97d-d965ccfc6d4b" outcome="Passed" testListId="8c84fa94-04c1-424b-9868-57a2d4851a1d" relativeResultsDirectory="8e9b05db-b462-4fd5-af6e-c306cffced19">
      <Output>
        <StdOut>sandbox: PrepareForTestRun started.&#xD;
sandbox: football liveStatsApp != null: True &#xD;
sandbox: football liveStatsApp.IsProcessRunning: True &#xD;
sandbox: setupLocalData: localDatabaseProvider != null: True&#xD;
sandbox: applicationPages != null: True&#xD;
sandbox: applicationPages.Webdriver != null: True&#xD;
sandbox: finished setuping local data&#xD;
sandbox: PrepareForTestRun complete.&#xD;
Given Match started with kick off from existing game&#xD;
-&gt; done: SetupGameSteps.GivenMatchStartedWithKickOffButtonFromExistingGame() (3.2s)&#xD;
And "Top right" corner added for Team 1&#xD;
-&gt; done: CornerSteps.GivenCornerAddedForTeam("Top right", 1) (3.3s)&#xD;
And "Yellow" Card for Team 1 is registered&#xD;
-&gt; done: CardSteps.GivenCardForTeamIsRegistered(Yellow, 1) (3.2s)&#xD;
And I clicked on latest "Corner" event in action log&#xD;
-&gt; done: ActionLogSteps.GivenIClickOnLatestEventInActionLog(Corner) (0.2s)&#xD;
And I entered new conceded event time of "0030"&#xD;
-&gt; done: EditFormSteps.GivenIEnterNewConcededEventTimeOf("0030") (1.0s)&#xD;
And I clicked Save button in action edit form&#xD;
-&gt; done: EditFormSteps.ClickSaveButtonInActionEditForm() (0.6s)&#xD;
And I remembered current players on pitch shirt numbers&#xD;
-&gt; done: GoalEditSteps.GivenIRememberCurrentPlayersOnPitch() (1.1s)&#xD;
When I click Expand Action log button&#xD;
-&gt; done: ActionLogSteps.WhenIClickExpandActionLogButton() (0.2s)&#xD;
And I click last action in expanded action log&#xD;
-&gt; done: ExpandedActionLogSteps.WhenIClickLastActionInExpandedActionLog() (0.1s)&#xD;
And I click insert after button in expanded action log&#xD;
-&gt; done: ExpandedActionLogSteps.WhenIClickInsertAfterButtonInExpandedActionLog() (0.1s)&#xD;
And I click insert Goal button in insert after dropdown&#xD;
-&gt; done: ExpandedActionLogSteps.WhenIClickInsertGoalButtonInInsertAfterDropdown() (0.1s)&#xD;
And I click "VAR" toggle&#xD;
-&gt; done: EditFormSteps.GivenIClickToggleToEnable() (0.1s)&#xD;
And I click VAR reason button&#xD;
-&gt; done: EditFormSteps.WhenIClickVarReasonButton() (0.0s)&#xD;
And I select VAR reason Foul&#xD;
-&gt; done: EditFormSteps.WhenISelectVarReason("Foul") (0.1s)&#xD;
Then "Foul" VAR reason is selected&#xD;
-&gt; done: EditFormSteps.GivenVarReasonIsSelected("Foul") (0.0s)&#xD;
Then Save button is disabled in action edit form&#xD;
-&gt; done: EditFormSteps.SaveButtonIsDisabled() (0.0s)&#xD;
sandbox: CleanUpAfterTestRun started.&#xD;
sandbox: application pages != null: True&#xD;
sandbox: web driver!= null: True&#xD;
sandbox: CleanUpAfterTestRun complete.</StdOut>
      </Output>
    </UnitTestResult>
    <UnitTestResult executionId="a1f8a789-e51e-4012-8089-93bce3a57f28" testId="e5911e32-8c07-a743-c2cd-fddcc02325dc" testName="OpenSustitutionEventInActionLog" computerName="EC2AMAZ-JEOO151" duration="00:00:06.6820000" startTime="2019-07-11T18:10:57.0000000+00:00" endTime="2019-07-11T18:11:04.0000000+00:00" testType="13cdc9d9-ddb5-4fa4-a97d-d965ccfc6d4b" outcome="Passed" testListId="8c84fa94-04c1-424b-9868-57a2d4851a1d" relativeResultsDirectory="a1f8a789-e51e-4012-8089-93bce3a57f28">
      <Output>
        <StdOut>sandbox: PrepareForTestRun started.&#xD;
sandbox: football liveStatsApp != null: True &#xD;
sandbox: football liveStatsApp.IsProcessRunning: True &#xD;
sandbox: setupLocalData: localDatabaseProvider != null: True&#xD;
sandbox: applicationPages != null: True&#xD;
sandbox: applicationPages.Webdriver != null: True&#xD;
sandbox: finished setuping local data&#xD;
sandbox: PrepareForTestRun complete.&#xD;
Given Match started with kick off from existing game&#xD;
-&gt; done: SetupGameSteps.GivenMatchStartedWithKickOffButtonFromExistingGame() (3.3s)&#xD;
Given added substitution for in player "24" and out player "4" in team "1"&#xD;
-&gt; done: SubstitutionEditSteps.GivenIAddSubstitutionForBothTeams(24, 4, 1) (1.9s)&#xD;
When I click on latest "Substitution" event in action log&#xD;
-&gt; done: ActionLogSteps.GivenIClickOnLatestEventInActionLog(Substitution) (0.2s)&#xD;
Then "edit time" substitution edit element is visible&#xD;
-&gt; done: SubstitutionEditSteps.ThenSubstitutionEditElementIsVisible() (0.1s)&#xD;
And player "24" from team "1" is highlighted with team color in "bench" list&#xD;
-&gt; done: SubstitutionEditSteps.ThenPlayerFromTeamIsHighlightedWithTeamColorInList(24, 1, "bench") (0.3s)&#xD;
And player "4" from team "1" is highlighted with team color in "pitch" list&#xD;
-&gt; done: SubstitutionEditSteps.ThenPlayerFromTeamIsHighlightedWithTeamColorInList(4, 1, "pitch") (0.1s)&#xD;
sandbox: CleanUpAfterTestRun started.&#xD;
sandbox: application pages != null: True&#xD;
sandbox: web driver!= null: True&#xD;
sandbox: CleanUpAfterTestRun complete.</StdOut>
      </Output>
    </UnitTestResult>
    <UnitTestResult executionId="a6a6cf05-794f-4860-995d-8e9b5a6f8ff9" testId="82eef803-0c94-8e6d-ce57-3d29d67fce81" testName="GivenGameGoalStarted_WhenSelectingGoalBodyPart_ThenActionUpdated" computerName="EC2AMAZ-JEOO151" duration="00:00:08.6160000" startTime="2019-07-11T21:03:02.0000000+00:00" endTime="2019-07-11T21:03:10.0000000+00:00" testType="13cdc9d9-ddb5-4fa4-a97d-d965ccfc6d4b" outcome="Passed" testListId="8c84fa94-04c1-424b-9868-57a2d4851a1d" relativeResultsDirectory="a6a6cf05-794f-4860-995d-8e9b5a6f8ff9">
      <Output>
        <StdOut>sandbox: PrepareForTestRun started.&#xD;
sandbox: football liveStatsApp != null: True &#xD;
sandbox: football liveStatsApp.IsProcessRunning: True &#xD;
sandbox: setupLocalData: localDatabaseProvider != null: True&#xD;
sandbox: applicationPages != null: True&#xD;
sandbox: applicationPages.Webdriver != null: True&#xD;
sandbox: finished setuping local data&#xD;
sandbox: PrepareForTestRun complete.&#xD;
Given action failed. Retrying after a timeout.&#xD;
sandbox: CleanUpAfterTestRun started.&#xD;
sandbox: application pages != null: True&#xD;
sandbox: web driver!= null: True&#xD;
sandbox: CleanUpAfterTestRun complete.</StdOut>
      </Output>
    </UnitTestResult>
    <UnitTestResult executionId="35a1c04d-8cf2-4152-85c3-24c5f059be56" testId="e8104667-3a9c-6de0-7851-28bc0545c756" testName="GivenGameInProgress_WhenRegisteringShotOnMiss_ThenUpdatesGameState(1,90,50,18,5)" computerName="EC2AMAZ-JEOO151" duration="00:00:15.8310000" startTime="2019-07-11T21:08:16.0000000+00:00" endTime="2019-07-11T21:08:32.0000000+00:00" testType="13cdc9d9-ddb5-4fa4-a97d-d965ccfc6d4b" outcome="Passed" testListId="8c84fa94-04c1-424b-9868-57a2d4851a1d" relativeResultsDirectory="35a1c04d-8cf2-4152-85c3-24c5f059be56">
      <Output>
        <StdOut>sandbox: PrepareForTestRun started.&#xD;
sandbox: football liveStatsApp != null: True &#xD;
sandbox: football liveStatsApp.IsProcessRunning: True &#xD;
sandbox: setupLocalData: localDatabaseProvider != null: True&#xD;
sandbox: applicationPages != null: True&#xD;
sandbox: applicationPages.Webdriver != null: True&#xD;
sandbox: finished setuping local data&#xD;
sandbox: PrepareForTestRun complete.&#xD;
Failed to find element with query '[data-qa='activePitchOverlay']'. Web driver timeout exception.&#xD;
Given action failed. Retrying after a timeout.&#xD;
Failed to find element with query '[data-qa='activePitchOverlay']'. Web driver timeout exception.&#xD;
Failed to find data-qa element with tag 'playerGoals'. No such element exception.&#xD;
sandbox: CleanUpAfterTestRun started.&#xD;
sandbox: application pages != null: True&#xD;
sandbox: web driver!= null: True&#xD;
sandbox: CleanUpAfterTestRun complete.</StdOut>
      </Output>
    </UnitTestResult>
    <UnitTestResult executionId="4c521ef3-d62b-4835-8f5d-4cffaa40d419" testId="a7b390d3-c2da-9901-d5cd-2bc8166af73b" testName="GivenAssistantCouchEjectedByCard_WhenRecordingYellow_ThenAssistantCouchIsDisabled(SecondYellow)" computerName="EC2AMAZ-JEOO151" duration="00:00:11.2350000" startTime="2019-07-11T20:54:12.0000000+00:00" endTime="2019-07-11T20:54:23.0000000+00:00" testType="13cdc9d9-ddb5-4fa4-a97d-d965ccfc6d4b" outcome="Passed" testListId="8c84fa94-04c1-424b-9868-57a2d4851a1d" relativeResultsDirectory="4c521ef3-d62b-4835-8f5d-4cffaa40d419">
      <Output>
        <StdOut>sandbox: PrepareForTestRun started.&#xD;
sandbox: football liveStatsApp != null: True &#xD;
sandbox: football liveStatsApp.IsProcessRunning: True &#xD;
sandbox: setupLocalData: localDatabaseProvider != null: True&#xD;
sandbox: applicationPages != null: True&#xD;
sandbox: applicationPages.Webdriver != null: True&#xD;
sandbox: finished setuping local data&#xD;
sandbox: PrepareForTestRun complete.&#xD;
Given action failed. Retrying after a timeout.&#xD;
sandbox: CleanUpAfterTestRun started.&#xD;
sandbox: application pages != null: True&#xD;
sandbox: web driver!= null: True&#xD;
sandbox: CleanUpAfterTestRun complete.</StdOut>
      </Output>
    </UnitTestResult>
    <UnitTestResult executionId="4c1f5dcc-32e9-4cc1-bc73-e3c677d2c282" testId="772a4433-5332-a74b-14bb-713f889b544c" testName="CancelShotInsert" computerName="EC2AMAZ-JEOO151" duration="00:00:16.1490000" startTime="2019-07-11T18:46:35.0000000+00:00" endTime="2019-07-11T18:46:51.0000000+00:00" testType="13cdc9d9-ddb5-4fa4-a97d-d965ccfc6d4b" outcome="Passed" testListId="8c84fa94-04c1-424b-9868-57a2d4851a1d" relativeResultsDirectory="4c1f5dcc-32e9-4cc1-bc73-e3c677d2c282">
      <Output>
        <StdOut>sandbox: PrepareForTestRun started.&#xD;
sandbox: football liveStatsApp != null: True &#xD;
sandbox: football liveStatsApp.IsProcessRunning: True &#xD;
sandbox: setupLocalData: localDatabaseProvider != null: True&#xD;
sandbox: applicationPages != null: True&#xD;
sandbox: applicationPages.Webdriver != null: True&#xD;
sandbox: finished setuping local data&#xD;
sandbox: PrepareForTestRun complete.&#xD;
Given Match started with kick off from existing game&#xD;
-&gt; done: SetupGameSteps.GivenMatchStartedWithKickOffButtonFromExistingGame() (3.3s)&#xD;
And "Yellow" Card for Team 1 is registered&#xD;
-&gt; done: CardSteps.GivenCardForTeamIsRegistered(Yellow, 1) (3.3s)&#xD;
And "Top right" corner added for Team 1&#xD;
Given action failed. Retrying after a timeout.&#xD;
-&gt; done: CornerSteps.GivenCornerAddedForTeam("Top right", 1) (3.0s)&#xD;
And I clicked on latest "Corner" event in action log&#xD;
-&gt; done: ActionLogSteps.GivenIClickOnLatestEventInActionLog(Corner) (0.2s)&#xD;
And I entered new conceded event time of "0030"&#xD;
-&gt; done: EditFormSteps.GivenIEnterNewConcededEventTimeOf("0030") (1.0s)&#xD;
And I clicked Save button in action edit form&#xD;
-&gt; done: EditFormSteps.ClickSaveButtonInActionEditForm() (0.6s)&#xD;
And I remembered current players on pitch shirt numbers&#xD;
-&gt; done: GoalEditSteps.GivenIRememberCurrentPlayersOnPitch() (1.1s)&#xD;
When I click Expand Action log button&#xD;
-&gt; done: ActionLogSteps.WhenIClickExpandActionLogButton() (0.2s)&#xD;
And I click last action in expanded action log&#xD;
-&gt; done: ExpandedActionLogSteps.WhenIClickLastActionInExpandedActionLog() (0.1s)&#xD;
And I click insert after button in expanded action log&#xD;
-&gt; done: ExpandedActionLogSteps.WhenIClickInsertAfterButtonInExpandedActionLog() (0.1s)&#xD;
And I click insert Shot button in insert after dropdown&#xD;
-&gt; done: ExpandedActionLogSteps.WhenIClickInsertShotButtonInInsertAfterDropdown() (0.2s)&#xD;
And I Click "cancel" Button in insert window&#xD;
-&gt; done: EditFormSteps.GivenIClickCancelButton() (0.1s)&#xD;
Then Shot insert view is not visible&#xD;
Failed to find element with query '[data-qa='goalEditScreen']'. Web driver timeout exception.&#xD;
-&gt; done: ShotEditSteps.ThenShotEditViewIsNotVisible() (2.0s)&#xD;
And "Corner" Action is displayed at 1 in expanded action log&#xD;
-&gt; done: ExpandedActionLogSteps.ThenGoalActionIsDisplayedAtInExpandedActionLog("Corner", 1) (0.1s)&#xD;
sandbox: CleanUpAfterTestRun started.&#xD;
sandbox: application pages != null: True&#xD;
sandbox: web driver!= null: True&#xD;
sandbox: CleanUpAfterTestRun complete.</StdOut>
      </Output>
    </UnitTestResult>
    <UnitTestResult executionId="064cbbb9-01fa-46c7-bf58-31c7d65e7792" testId="5c471375-ff23-1497-d321-48f7b4f9f124" testName="GivenShotStartedInFootball_WhenSelectingShotWithNoSave_ThenShotFinished(OnTarget)" computerName="EC2AMAZ-JEOO151" duration="00:00:15.2500000" startTime="2019-07-11T21:13:05.0000000+00:00" endTime="2019-07-11T21:13:21.0000000+00:00" testType="13cdc9d9-ddb5-4fa4-a97d-d965ccfc6d4b" outcome="Passed" testListId="8c84fa94-04c1-424b-9868-57a2d4851a1d" relativeResultsDirectory="064cbbb9-01fa-46c7-bf58-31c7d65e7792">
      <Output>
        <StdOut>sandbox: PrepareForTestRun started.&#xD;
sandbox: football liveStatsApp != null: True &#xD;
sandbox: football liveStatsApp.IsProcessRunning: True &#xD;
sandbox: setupLocalData: localDatabaseProvider != null: True&#xD;
sandbox: applicationPages != null: True&#xD;
sandbox: applicationPages.Webdriver != null: True&#xD;
sandbox: finished setuping local data&#xD;
sandbox: PrepareForTestRun complete.&#xD;
Given action failed. Retrying after a timeout.&#xD;
Failed to find data-qa element with tag 'dangerZoneText'. No such element exception.&#xD;
Failed to find data-qa element with tag 'dangerZoneText'. No such element exception.&#xD;
Failed to find data-qa element with tag 'dangerZoneText'. No such element exception.&#xD;
Failed to find data-qa element with tag 'dangerZoneText'. No such element exception.&#xD;
sandbox: CleanUpAfterTestRun started.&#xD;
sandbox: application pages != null: True&#xD;
sandbox: web driver!= null: True&#xD;
sandbox: CleanUpAfterTestRun complete.</StdOut>
      </Output>
    </UnitTestResult>
    <UnitTestResult executionId="9fee286f-b147-493f-a672-332e7636158e" testId="722c0f2a-3b91-23bf-0c78-b78edb87a551" testName="GivenActionsWithPlayer_WhenActivatingTeamFilter_ThenDoesNotShowPhaseTransitions" computerName="EC2AMAZ-JEOO151" duration="00:00:13.4830000" startTime="2019-07-11T21:21:13.0000000+00:00" endTime="2019-07-11T21:21:26.0000000+00:00" testType="13cdc9d9-ddb5-4fa4-a97d-d965ccfc6d4b" outcome="Passed" testListId="8c84fa94-04c1-424b-9868-57a2d4851a1d" relativeResultsDirectory="9fee286f-b147-493f-a672-332e7636158e">
      <Output>
        <StdOut>sandbox: PrepareForTestRun started.&#xD;
sandbox: football liveStatsApp != null: True &#xD;
sandbox: football liveStatsApp.IsProcessRunning: True &#xD;
sandbox: setupLocalData: localDatabaseProvider != null: True&#xD;
sandbox: applicationPages != null: True&#xD;
sandbox: applicationPages.Webdriver != null: True&#xD;
sandbox: finished setuping local data&#xD;
sandbox: PrepareForTestRun complete.&#xD;
Given action failed. Retrying after a timeout.&#xD;
sandbox: CleanUpAfterTestRun started.&#xD;
sandbox: application pages != null: True&#xD;
sandbox: web driver!= null: True&#xD;
sandbox: CleanUpAfterTestRun complete.</StdOut>
      </Output>
    </UnitTestResult>
    <UnitTestResult executionId="7f6eee4a-095b-492a-865f-c63ab271cc88" testId="4ae9173c-35ae-9533-d648-5bc665d996ec" testName="GivenGoalLocationSelectedAndVarDeclared_WhenConfirmingVar_ThenNetPreviewShown" computerName="EC2AMAZ-JEOO151" duration="00:00:08.2670000" startTime="2019-07-11T21:46:57.0000000+00:00" endTime="2019-07-11T21:47:06.0000000+00:00" testType="13cdc9d9-ddb5-4fa4-a97d-d965ccfc6d4b" outcome="Passed" testListId="8c84fa94-04c1-424b-9868-57a2d4851a1d" relativeResultsDirectory="7f6eee4a-095b-492a-865f-c63ab271cc88">
      <Output>
        <StdOut>sandbox: PrepareForTestRun started.&#xD;
sandbox: football liveStatsApp != null: True &#xD;
sandbox: football liveStatsApp.IsProcessRunning: True &#xD;
sandbox: setupLocalData: localDatabaseProvider != null: True&#xD;
sandbox: applicationPages != null: True&#xD;
sandbox: applicationPages.Webdriver != null: True&#xD;
sandbox: finished setuping local data&#xD;
sandbox: PrepareForTestRun complete.&#xD;
Given action failed. Retrying after a timeout.&#xD;
sandbox: CleanUpAfterTestRun started.&#xD;
sandbox: application pages != null: True&#xD;
sandbox: web driver!= null: True&#xD;
sandbox: CleanUpAfterTestRun complete.</StdOut>
      </Output>
    </UnitTestResult>
    <UnitTestResult executionId="f429d539-11ce-4fd5-aa66-7bdf11fe4bae" testId="118489a6-4eda-5bd0-5fb8-6f0d3caa437f" testName="NoOnVarOnFirstStepOfRecordCardWorkflow(&quot;2&quot;,&quot;Red&quot;,null)" computerName="EC2AMAZ-JEOO151" duration="00:00:06.3000000" startTime="2019-07-11T19:53:42.0000000+00:00" endTime="2019-07-11T19:53:48.0000000+00:00" testType="13cdc9d9-ddb5-4fa4-a97d-d965ccfc6d4b" outcome="Passed" testListId="8c84fa94-04c1-424b-9868-57a2d4851a1d" relativeResultsDirectory="f429d539-11ce-4fd5-aa66-7bdf11fe4bae">
      <Output>
        <StdOut>sandbox: PrepareForTestRun started.&#xD;
sandbox: football liveStatsApp != null: True &#xD;
sandbox: football liveStatsApp.IsProcessRunning: True &#xD;
sandbox: setupLocalData: localDatabaseProvider != null: True&#xD;
sandbox: applicationPages != null: True&#xD;
sandbox: applicationPages.Webdriver != null: True&#xD;
sandbox: finished setuping local data&#xD;
sandbox: PrepareForTestRun complete.&#xD;
Given Match started with kick off from existing game&#xD;
-&gt; done: SetupGameSteps.GivenMatchStartedWithKickOffButtonFromExistingGame() (3.3s)&#xD;
When I click on team 2 possible "Red"&#xD;
-&gt; done: TeamActionButtonSteps.StartPossibleCardRegistration(2, Red) (0.7s)&#xD;
And I click "Possible VAR" button in workflow&#xD;
-&gt; done: WorkflowSteps.WhenIClickPossibleVarButtonInWorkflow() (0.1s)&#xD;
And I click var confirmation "No" button&#xD;
-&gt; done: WorkflowSteps.WhenIClickVarConfirmationButton("No") (0.2s)&#xD;
Then VAR label is shown in Booking event action log&#xD;
-&gt; done: ActionLogSteps.ThenOffenceIsShownInPenaltyEventActionLog("VAR", Booking) (0.3s)&#xD;
And Latest "Booking" event is completed&#xD;
-&gt; done: ActionLogSteps.ThenLatestEventIsConfirmed(Booking) (0.0s)&#xD;
And VAR label of "Booking" event in action log is in team 2 color&#xD;
-&gt; done: ActionLogSteps.ThenSubItemOfEventInActionLogIsInTeamColor("VAR", Booking, 2) (0.1s)&#xD;
And VAR label of "Booking" event in action log contains "Card Overturned" message&#xD;
-&gt; done: ActionLogSteps.ThenSubItemOfEventInActionLogIsInTeamColor("VAR", Booking, "Card Overturned") (0.1s)&#xD;
And Action Buttons are enabled&#xD;
-&gt; done: TeamActionButtonSteps.ThenActionButtonsAreEnabled() (0.7s)&#xD;
sandbox: CleanUpAfterTestRun started.&#xD;
sandbox: application pages != null: True&#xD;
sandbox: web driver!= null: True&#xD;
sandbox: CleanUpAfterTestRun complete.</StdOut>
      </Output>
    </UnitTestResult>
    <UnitTestResult executionId="b23ab4b4-91f6-4b34-b231-ca0850c211ae" testId="6aee3411-2ecc-d80a-957e-4feadbc697c2" testName="CannotInsertActionsAfterBeforeActionInPeriodBreak(&quot;after&quot;,&quot;PhaseStart&quot;,null)" computerName="EC2AMAZ-JEOO151" duration="00:00:09.2320000" startTime="2019-07-11T18:42:27.0000000+00:00" endTime="2019-07-11T18:42:37.0000000+00:00" testType="13cdc9d9-ddb5-4fa4-a97d-d965ccfc6d4b" outcome="Passed" testListId="8c84fa94-04c1-424b-9868-57a2d4851a1d" relativeResultsDirectory="b23ab4b4-91f6-4b34-b231-ca0850c211ae">
      <Output>
        <StdOut>sandbox: PrepareForTestRun started.&#xD;
sandbox: football liveStatsApp != null: True &#xD;
sandbox: football liveStatsApp.IsProcessRunning: True &#xD;
sandbox: setupLocalData: localDatabaseProvider != null: True&#xD;
sandbox: applicationPages != null: True&#xD;
sandbox: applicationPages.Webdriver != null: True&#xD;
sandbox: finished setuping local data&#xD;
sandbox: PrepareForTestRun complete.&#xD;
Given Second period started from existing game&#xD;
-&gt; done: SetupGameSteps.GivenSecondPeriodStartedFromExistingGame() (6.5s)&#xD;
When I click Expand Action log button&#xD;
-&gt; done: ActionLogSteps.WhenIClickExpandActionLogButton() (0.3s)&#xD;
And I insert "Injury" before "PhaseStart"&#xD;
-&gt; done: ExpandedActionLogSteps.WhenIInsertBefore(Injury, PhaseStart) (0.3s)&#xD;
And I click off-pitch&#xD;
-&gt; done: PlayerInjuryEditSteps.WhenIClickOffPitchInjury() (0.1s)&#xD;
And I update injury with team 1, player 4 in edit window&#xD;
-&gt; done: PlayerInjuryEditSteps.WhenIUpdateInjuryWithTeamPlayer(1, 4) (0.3s)&#xD;
And I click Save button in action edit form&#xD;
-&gt; done: EditFormSteps.ClickSaveButtonInActionEditForm() (0.6s)&#xD;
And I select latest "Injury" action in expanded action log&#xD;
-&gt; done: ExpandedActionLogSteps.WhenISelectLatestActionInExpandedActionLog(Injury) (0.1s)&#xD;
And I click insert after button in expanded action log&#xD;
-&gt; done: ExpandedActionLogSteps.WhenIClickInsertAfterButtonInExpandedActionLog() (0.1s)&#xD;
Then Insert after drop down should contain only card, injury and sub&#xD;
-&gt; done: ExpandedActionLogSteps.ThenInsertAfterDropDownShouldNotContainAction() (0.2s)&#xD;
sandbox: CleanUpAfterTestRun started.&#xD;
sandbox: application pages != null: True&#xD;
sandbox: web driver!= null: True&#xD;
sandbox: CleanUpAfterTestRun complete.</StdOut>
      </Output>
    </UnitTestResult>
    <UnitTestResult executionId="4f7f09d0-1986-4eef-b513-ebaf6c9ad778" testId="d203d1a1-11b9-4858-e2bb-c35b4b01d710" testName="EditCardDuringWorkflowFromActionLog" computerName="EC2AMAZ-JEOO151" duration="00:00:09.1180000" startTime="2019-07-11T17:52:34.0000000+00:00" endTime="2019-07-11T17:52:43.0000000+00:00" testType="13cdc9d9-ddb5-4fa4-a97d-d965ccfc6d4b" outcome="Passed" testListId="8c84fa94-04c1-424b-9868-57a2d4851a1d" relativeResultsDirectory="4f7f09d0-1986-4eef-b513-ebaf6c9ad778">
      <Output>
        <StdOut>sandbox: PrepareForTestRun started.&#xD;
sandbox: football liveStatsApp != null: True &#xD;
sandbox: football liveStatsApp.IsProcessRunning: True &#xD;
sandbox: setupLocalData: localDatabaseProvider != null: True&#xD;
sandbox: applicationPages != null: True&#xD;
sandbox: applicationPages.Webdriver != null: True&#xD;
sandbox: finished setuping local data&#xD;
sandbox: PrepareForTestRun complete.&#xD;
Given Match started with kick off from existing game&#xD;
-&gt; done: SetupGameSteps.GivenMatchStartedWithKickOffButtonFromExistingGame() (3.3s)&#xD;
Given "Yellow" Card for Team 1 is registered&#xD;
Given action failed. Retrying after a timeout.&#xD;
-&gt; done: CardSteps.GivenCardForTeamIsRegistered(Yellow, 1) (3.6s)&#xD;
When I click Freekick button for team 1&#xD;
Given action failed. Retrying after a timeout.&#xD;
-&gt; done: TeamActionButtonSteps.WhenIClickFreekickButtonForTeam(1) (0.6s)&#xD;
And I click on latest "Booking" event in action log&#xD;
-&gt; done: ActionLogSteps.GivenIClickOnLatestEventInActionLog(Booking) (0.1s)&#xD;
And I click Flag &amp; Save button in action edit form&#xD;
-&gt; done: EditFormSteps.ClickFlagAndSaveInActionEditForm() (0.4s)&#xD;
Then Pitch View is shown&#xD;
-&gt; done: PitchScreenSteps.PitchViewIsShown() (0.0s)&#xD;
And 1 event in action log of type "Booking" is flagged&#xD;
-&gt; done: ActionLogSteps.ThenEventInActionLogOfTypeIsFlagged(1, Booking) (0.0s)&#xD;
And Notification "Select free kick location..." is shown&#xD;
-&gt; done: PitchBottomMessageBarSteps.ThenIsShown("Select free kick ...") (0.1s)&#xD;
sandbox: CleanUpAfterTestRun started.&#xD;
sandbox: application pages != null: True&#xD;
sandbox: web driver!= null: True&#xD;
sandbox: CleanUpAfterTestRun complete.</StdOut>
      </Output>
    </UnitTestResult>
    <UnitTestResult executionId="3ad5bbdb-6706-43ae-ba7a-04d9f936e11d" testId="5a6a5e24-924e-15b5-bc04-d97987339752" testName="YesOnVARForPenaltyFirstStep(&quot;1&quot;,null)" computerName="EC2AMAZ-JEOO151" duration="00:00:06.1330000" startTime="2019-07-11T19:59:33.0000000+00:00" endTime="2019-07-11T19:59:39.0000000+00:00" testType="13cdc9d9-ddb5-4fa4-a97d-d965ccfc6d4b" outcome="Passed" testListId="8c84fa94-04c1-424b-9868-57a2d4851a1d" relativeResultsDirectory="3ad5bbdb-6706-43ae-ba7a-04d9f936e11d">
      <Output>
        <StdOut>sandbox: PrepareForTestRun started.&#xD;
sandbox: football liveStatsApp != null: True &#xD;
sandbox: football liveStatsApp.IsProcessRunning: True &#xD;
sandbox: setupLocalData: localDatabaseProvider != null: True&#xD;
sandbox: applicationPages != null: True&#xD;
sandbox: applicationPages.Webdriver != null: True&#xD;
sandbox: finished setuping local data&#xD;
sandbox: PrepareForTestRun complete.&#xD;
Given Match started with kick off from existing game&#xD;
-&gt; done: SetupGameSteps.GivenMatchStartedWithKickOffButtonFromExistingGame() (3.2s)&#xD;
When I click "Possible Penalty" button for team 1&#xD;
-&gt; done: TeamActionButtonSteps.GivenIClickPossiblePenaltyButtonForTeam(1) (0.6s)&#xD;
And I click "Possible VAR" Button&#xD;
-&gt; done: WorkflowSteps.WhenIClickButton() (0.1s)&#xD;
And I click "Yes" button in confirmation dialog&#xD;
-&gt; done: WorkflowSteps.WhenIClickYesButtonInConfirmationDialog() (0.3s)&#xD;
Then "Penalty" confirmation dialog is visible&#xD;
-&gt; done: PenaltySteps.ThenPenaltyConfirmationDialogIsVisible() (0.2s)&#xD;
And Latest "Penalty" event is highlighted&#xD;
-&gt; done: ActionLogSteps.ThenCardEventIsHighlighted(Penalty) (0.0s)&#xD;
And VAR label is shown in Penalty event action log&#xD;
-&gt; done: ActionLogSteps.ThenOffenceIsShownInPenaltyEventActionLog("VAR", Penalty) (0.1s)&#xD;
And VAR label of "Penalty" event in action log is in team 1 color&#xD;
-&gt; done: ActionLogSteps.ThenSubItemOfEventInActionLogIsInTeamColor("VAR", Penalty, 1) (0.1s)&#xD;
And VAR label of "Penalty" event in action log contains "Penalty Stands" message&#xD;
-&gt; done: ActionLogSteps.ThenSubItemOfEventInActionLogIsInTeamColor("VAR", Penalty, "Penalty Stands") (0.1s)&#xD;
And All action buttons except card and goal buttons are disabled for both teams&#xD;
-&gt; done: TeamActionButtonSteps.ThenAllActionButtonsExceptCardAndGoalButtonsAreDisabledForBothTeams() (0.6s)&#xD;
And penalty action button is selected for team "1"&#xD;
-&gt; done: TeamActionButtonSteps.ThenPenaltyActionButtonIsSelected(1) (0.0s)&#xD;
sandbox: CleanUpAfterTestRun started.&#xD;
sandbox: application pages != null: True&#xD;
sandbox: web driver!= null: True&#xD;
sandbox: CleanUpAfterTestRun complete.</StdOut>
      </Output>
    </UnitTestResult>
    <UnitTestResult executionId="e8980e7a-93db-47fe-8f61-5fd42b201934" testId="1790f997-a280-486d-6909-1ce938712f4d" testName="FlagAndContinueCard(&quot;Red&quot;,&quot;Red&quot;,&quot;1&quot;,null)" computerName="EC2AMAZ-JEOO151" duration="00:00:07.5490000" startTime="2019-07-11T19:46:25.0000000+00:00" endTime="2019-07-11T19:46:32.0000000+00:00" testType="13cdc9d9-ddb5-4fa4-a97d-d965ccfc6d4b" outcome="Passed" testListId="8c84fa94-04c1-424b-9868-57a2d4851a1d" relativeResultsDirectory="e8980e7a-93db-47fe-8f61-5fd42b201934">
      <Output>
        <StdOut>sandbox: PrepareForTestRun started.&#xD;
sandbox: football liveStatsApp != null: True &#xD;
sandbox: football liveStatsApp.IsProcessRunning: True &#xD;
sandbox: setupLocalData: localDatabaseProvider != null: True&#xD;
sandbox: applicationPages != null: True&#xD;
sandbox: applicationPages.Webdriver != null: True&#xD;
sandbox: finished setuping local data&#xD;
sandbox: PrepareForTestRun complete.&#xD;
Given Match started with kick off from existing game&#xD;
-&gt; done: SetupGameSteps.GivenMatchStartedWithKickOffButtonFromExistingGame() (3.2s)&#xD;
When I click on team 1 possible "Red"&#xD;
-&gt; done: TeamActionButtonSteps.StartPossibleCardRegistration(1, Red) (0.7s)&#xD;
And I click "Red" card button&#xD;
-&gt; done: TeamActionButtonSteps.WhenIClickCardButton("Red") (0.1s)&#xD;
And I confirm booking by clicking "Confirm" button&#xD;
-&gt; done: CardSteps.WhenIConfirmActionByClickingButton() (2.2s)&#xD;
And I flag and continue&#xD;
-&gt; done: WorkflowSteps.WhenIFlagAndContinue() (0.1s)&#xD;
Then 1 event in action log of type "Booking" is flagged&#xD;
Given action failed. Retrying after a timeout.&#xD;
-&gt; done: ActionLogSteps.ThenEventInActionLogOfTypeIsFlagged(1, Booking) (0.4s)&#xD;
sandbox: CleanUpAfterTestRun started.&#xD;
sandbox: application pages != null: True&#xD;
sandbox: web driver!= null: True&#xD;
sandbox: CleanUpAfterTestRun complete.</StdOut>
      </Output>
    </UnitTestResult>
    <UnitTestResult executionId="3e0bea70-5038-4458-87ec-4d48290721e0" testId="dbb17a92-4099-15c2-9af2-d3d5d068b3fb" testName="GivenExpandedLog_WhenInsertingGoalBeforeWithAssistAndNoVar_ThenGoalInserted" computerName="EC2AMAZ-JEOO151" duration="00:00:19.8580000" startTime="2019-07-11T20:51:07.0000000+00:00" endTime="2019-07-11T20:51:27.0000000+00:00" testType="13cdc9d9-ddb5-4fa4-a97d-d965ccfc6d4b" outcome="Passed" testListId="8c84fa94-04c1-424b-9868-57a2d4851a1d" relativeResultsDirectory="3e0bea70-5038-4458-87ec-4d48290721e0">
      <Output>
        <StdOut>sandbox: PrepareForTestRun started.&#xD;
sandbox: football liveStatsApp != null: True &#xD;
sandbox: football liveStatsApp.IsProcessRunning: True &#xD;
sandbox: setupLocalData: localDatabaseProvider != null: True&#xD;
sandbox: applicationPages != null: True&#xD;
sandbox: applicationPages.Webdriver != null: True&#xD;
sandbox: finished setuping local data&#xD;
sandbox: PrepareForTestRun complete.&#xD;
Given action failed. Retrying after a timeout.&#xD;
Given action failed. Retrying after a timeout.&#xD;
Failed to find element with query '[data-qa='goalEditScreen']'. Web driver timeout exception.&#xD;
sandbox: CleanUpAfterTestRun started.&#xD;
sandbox: application pages != null: True&#xD;
sandbox: web driver!= null: True&#xD;
sandbox: CleanUpAfterTestRun complete.</StdOut>
      </Output>
    </UnitTestResult>
    <UnitTestResult executionId="7a9f9fef-f41e-4c20-b770-38dc09025602" testId="802fc36c-d76f-f85f-feab-b59fa3ba8fec" testName="PenaltyShootOutKickRetake(&quot;Penalty Shot Off Target&quot;,null)" computerName="EC2AMAZ-JEOO151" duration="00:00:20.3480000" startTime="2019-07-11T19:15:57.0000000+00:00" endTime="2019-07-11T19:16:17.0000000+00:00" testType="13cdc9d9-ddb5-4fa4-a97d-d965ccfc6d4b" outcome="Passed" testListId="8c84fa94-04c1-424b-9868-57a2d4851a1d" relativeResultsDirectory="7a9f9fef-f41e-4c20-b770-38dc09025602">
      <Output>
        <StdOut>sandbox: PrepareForTestRun started.&#xD;
sandbox: football liveStatsApp != null: True &#xD;
sandbox: football liveStatsApp.IsProcessRunning: True &#xD;
sandbox: setupLocalData: localDatabaseProvider != null: True&#xD;
sandbox: applicationPages != null: True&#xD;
sandbox: applicationPages.Webdriver != null: True&#xD;
sandbox: finished setuping local data&#xD;
sandbox: PrepareForTestRun complete.&#xD;
Given penalty shoot-out phase started&#xD;
-&gt; done: PitchClockSteps.GivenGamePenaltyShoot_OutPhaseStarted() (14.8s)&#xD;
Given selected player "6" from team "2" for penalty shoot-out kick&#xD;
Given action failed. Retrying after a timeout.&#xD;
-&gt; done: PenaltyShootoutSteps.WhenISelectPlayerFromTeamForPenaltyShootOutKick(6, 2) (0.8s)&#xD;
And selected "Penalty Shot Off Target" outcome&#xD;
-&gt; done: PenaltyShootoutSteps.WhenISelectPenaltyShotOffTargetOutcome() (0.1s)&#xD;
When I retake penalty&#xD;
-&gt; done: PenaltySteps.WhenIClickButton() (0.2s)&#xD;
Then Penalty outcome selection dialog is shown&#xD;
-&gt; done: ShotRegistrationSteps.ThenActionTypeDialogIsShown() (0.2s)&#xD;
And Retake label is shown in PenaltyShootout event action log&#xD;
-&gt; done: ActionLogSteps.ThenOffenceIsShownInPenaltyEventActionLog("Retake", PenaltyShootout) (0.1s)&#xD;
And Retake label of "PenaltyShootout" event in action log is in team 2 color&#xD;
-&gt; done: ActionLogSteps.ThenSubItemOfEventInActionLogIsInTeamColor("Retake", PenaltyShootout, 2) (0.1s)&#xD;
And "Penalty Shot Off Target" button is shown&#xD;
-&gt; done: PenaltySteps.ThenPenaltyShotOffTargetButtonIsShown() (0.0s)&#xD;
And "Penalty Shot On Target" button is shown&#xD;
-&gt; done: PenaltySteps.ThenPenaltyShotOnTargetButtonIsShown() (0.0s)&#xD;
And "Penalty Goal" button is shown&#xD;
-&gt; done: PenaltySteps.ThenPenaltyGoalButtonIsShown() (0.0s)&#xD;
And penalty retake is not visible&#xD;
Failed to find element with query '[data-qa='penaltyRetakeButton']'. Web driver timeout exception.&#xD;
-&gt; done: PenaltySteps.ThenPenaltyRetakeIsNotVisible() (2.0s)&#xD;
And "Back" button is shown&#xD;
-&gt; done: WorkflowSteps.ThenBackButtonIsVisible() (0.0s)&#xD;
And Team 2 has 0 penalty shoot-out miss in score board&#xD;
-&gt; done: PenaltyShootoutSteps.ThenTeamHasPenaltyShoot_OutMiss(2, 0) (0.1s)&#xD;
And Team 2 has 0 penalty shoot-out made in score board&#xD;
-&gt; done: PenaltyShootoutSteps.ThenTeamHasPenaltyShoot_OutMade(2, 0) (0.0s)&#xD;
And All action buttons except card buttons are disabled for both teams&#xD;
-&gt; done: TeamActionButtonSteps.ThenAllActionButtonsExceptRedCardButtonAreDisabledForBothTeams() (0.6s)&#xD;
sandbox: CleanUpAfterTestRun started.&#xD;
sandbox: application pages != null: True&#xD;
sandbox: web driver!= null: True&#xD;
sandbox: CleanUpAfterTestRun complete.</StdOut>
      </Output>
    </UnitTestResult>
    <UnitTestResult executionId="d2eee235-d4a1-4ae0-9789-793773b15c6a" testId="e722a292-9687-3474-819e-5bf10d7a7ac7" testName="FootballSelectVarReason(&quot;Offside&quot;,null)" computerName="EC2AMAZ-JEOO151" duration="00:00:10.0350000" startTime="2019-07-11T18:03:08.0000000+00:00" endTime="2019-07-11T18:03:18.0000000+00:00" testType="13cdc9d9-ddb5-4fa4-a97d-d965ccfc6d4b" outcome="Passed" testListId="8c84fa94-04c1-424b-9868-57a2d4851a1d" relativeResultsDirectory="d2eee235-d4a1-4ae0-9789-793773b15c6a">
      <Output>
        <StdOut>sandbox: PrepareForTestRun started.&#xD;
sandbox: football liveStatsApp != null: True &#xD;
sandbox: football liveStatsApp.IsProcessRunning: True &#xD;
sandbox: setupLocalData: localDatabaseProvider != null: True&#xD;
sandbox: applicationPages != null: True&#xD;
sandbox: applicationPages.Webdriver != null: True&#xD;
sandbox: finished setuping local data&#xD;
sandbox: PrepareForTestRun complete.&#xD;
Given Match started with kick off from existing game&#xD;
-&gt; done: SetupGameSteps.GivenMatchStartedWithKickOffButtonFromExistingGame() (3.2s)&#xD;
And I remembered current players on pitch shirt numbers&#xD;
-&gt; done: GoalEditSteps.GivenIRememberCurrentPlayersOnPitch() (1.6s)&#xD;
And I add a goal for team 1 player 4 assisted by player 13&#xD;
-&gt; done: GoalSteps.GivenIAddAGoalForTeamPlayerAssistedByPlayer(1, 4, 13) (3.8s)&#xD;
And I click goal event in action log&#xD;
-&gt; done: ActionLogSteps.GivenIClickGoalEventInActionLog() (0.3s)&#xD;
When I click "VAR" toggle&#xD;
-&gt; done: EditFormSteps.GivenIClickToggleToEnable() (0.1s)&#xD;
And I click VAR reason button&#xD;
-&gt; done: EditFormSteps.WhenIClickVarReasonButton() (0.0s)&#xD;
And I select VAR reason Offside&#xD;
-&gt; done: EditFormSteps.WhenISelectVarReason("Offside") (0.1s)&#xD;
Then "Offside" VAR reason is selected&#xD;
-&gt; done: EditFormSteps.GivenVarReasonIsSelected("Offside") (0.0s)&#xD;
Then Save button is disabled in action edit form&#xD;
-&gt; done: EditFormSteps.SaveButtonIsDisabled() (0.0s)&#xD;
sandbox: CleanUpAfterTestRun started.&#xD;
sandbox: application pages != null: True&#xD;
sandbox: web driver!= null: True&#xD;
sandbox: CleanUpAfterTestRun complete.</StdOut>
      </Output>
    </UnitTestResult>
    <UnitTestResult executionId="c11bb4a8-3b46-40be-8bb3-b5c49e316ff1" testId="132d5517-ea0c-d2e8-ba4f-fcc8b0b51deb" testName="GivenGameInProgressWithInactiveCouch_WhenActivatingCouch_ThenCouchActivated" computerName="EC2AMAZ-JEOO151" duration="00:00:05.9330000" startTime="2019-07-11T20:07:12.0000000+00:00" endTime="2019-07-11T20:07:18.0000000+00:00" testType="13cdc9d9-ddb5-4fa4-a97d-d965ccfc6d4b" outcome="Passed" testListId="8c84fa94-04c1-424b-9868-57a2d4851a1d" relativeResultsDirectory="c11bb4a8-3b46-40be-8bb3-b5c49e316ff1">
      <Output>
        <StdOut>sandbox: PrepareForTestRun started.&#xD;
sandbox: football liveStatsApp != null: True &#xD;
sandbox: football liveStatsApp.IsProcessRunning: True &#xD;
sandbox: setupLocalData: localDatabaseProvider != null: True&#xD;
sandbox: applicationPages != null: True&#xD;
sandbox: applicationPages.Webdriver != null: True&#xD;
sandbox: finished setuping local data&#xD;
sandbox: PrepareForTestRun complete.&#xD;
sandbox: CleanUpAfterTestRun started.&#xD;
sandbox: application pages != null: True&#xD;
sandbox: web driver!= null: True&#xD;
sandbox: CleanUpAfterTestRun complete.</StdOut>
      </Output>
    </UnitTestResult>
    <UnitTestResult executionId="79d00177-8cad-4f12-8bda-e8c95660bd6c" testId="751ffb17-2587-dff7-cb91-dc622a8e07bc" testName="GivenGameInProgress_WhenUpdatingSubCaptainAndLineUp_ThenUpdatedSuccessfully" computerName="EC2AMAZ-JEOO151" duration="00:00:07.9640000" startTime="2019-07-11T20:06:34.0000000+00:00" endTime="2019-07-11T20:06:42.0000000+00:00" testType="13cdc9d9-ddb5-4fa4-a97d-d965ccfc6d4b" outcome="Passed" testListId="8c84fa94-04c1-424b-9868-57a2d4851a1d" relativeResultsDirectory="79d00177-8cad-4f12-8bda-e8c95660bd6c">
      <Output>
        <StdOut>sandbox: PrepareForTestRun started.&#xD;
sandbox: football liveStatsApp != null: True &#xD;
sandbox: football liveStatsApp.IsProcessRunning: True &#xD;
sandbox: setupLocalData: localDatabaseProvider != null: True&#xD;
sandbox: applicationPages != null: True&#xD;
sandbox: applicationPages.Webdriver != null: True&#xD;
sandbox: finished setuping local data&#xD;
sandbox: PrepareForTestRun complete.&#xD;
sandbox: CleanUpAfterTestRun started.&#xD;
sandbox: application pages != null: True&#xD;
sandbox: web driver!= null: True&#xD;
sandbox: CleanUpAfterTestRun complete.</StdOut>
      </Output>
    </UnitTestResult>
    <UnitTestResult executionId="aac9d387-eeef-4bbf-8b66-10e1780ef361" testId="5566deec-df2f-044c-ff6e-8d0376df711e" testName="GivenGameInProgress_WhenChangingPlayersInFormation_ThenFormationsAreUpdated" computerName="EC2AMAZ-JEOO151" duration="00:00:07.0670000" startTime="2019-07-11T20:03:24.0000000+00:00" endTime="2019-07-11T20:03:31.0000000+00:00" testType="13cdc9d9-ddb5-4fa4-a97d-d965ccfc6d4b" outcome="Passed" testListId="8c84fa94-04c1-424b-9868-57a2d4851a1d" relativeResultsDirectory="aac9d387-eeef-4bbf-8b66-10e1780ef361">
      <Output>
        <StdOut>sandbox: PrepareForTestRun started.&#xD;
sandbox: football liveStatsApp != null: True &#xD;
sandbox: football liveStatsApp.IsProcessRunning: True &#xD;
sandbox: setupLocalData: localDatabaseProvider != null: True&#xD;
sandbox: applicationPages != null: True&#xD;
sandbox: applicationPages.Webdriver != null: True&#xD;
sandbox: finished setuping local data&#xD;
sandbox: PrepareForTestRun complete.&#xD;
sandbox: CleanUpAfterTestRun started.&#xD;
sandbox: application pages != null: True&#xD;
sandbox: web driver!= null: True&#xD;
sandbox: CleanUpAfterTestRun complete.</StdOut>
      </Output>
    </UnitTestResult>
    <UnitTestResult executionId="b274ccbe-e9f6-4c43-9f1b-9bfe80ec09e9" testId="e262f44c-3ea9-f8eb-ec23-3aaff9fddc0c" testName="GivenFootballExtraTimeFirstHalfKickedOff_WhenDeletingKickOff_ThenBackInPendingState" computerName="EC2AMAZ-JEOO151" duration="00:00:14.3670000" startTime="2019-07-11T20:20:13.0000000+00:00" endTime="2019-07-11T20:20:27.0000000+00:00" testType="13cdc9d9-ddb5-4fa4-a97d-d965ccfc6d4b" outcome="Passed" testListId="8c84fa94-04c1-424b-9868-57a2d4851a1d" relativeResultsDirectory="b274ccbe-e9f6-4c43-9f1b-9bfe80ec09e9">
      <Output>
        <StdOut>sandbox: PrepareForTestRun started.&#xD;
sandbox: football liveStatsApp != null: True &#xD;
sandbox: football liveStatsApp.IsProcessRunning: True &#xD;
sandbox: setupLocalData: localDatabaseProvider != null: True&#xD;
sandbox: applicationPages != null: True&#xD;
sandbox: applicationPages.Webdriver != null: True&#xD;
sandbox: finished setuping local data&#xD;
sandbox: PrepareForTestRun complete.&#xD;
sandbox: CleanUpAfterTestRun started.&#xD;
sandbox: application pages != null: True&#xD;
sandbox: web driver!= null: True&#xD;
sandbox: CleanUpAfterTestRun complete.</StdOut>
      </Output>
    </UnitTestResult>
    <UnitTestResult executionId="7b34fe7f-f03f-461a-b780-32cced839f6c" testId="120acc02-5586-da4d-c7a2-93f36e85a847" testName="SubstituteTwoPairs" computerName="EC2AMAZ-JEOO151" duration="00:00:06.1340000" startTime="2019-07-11T19:28:57.0000000+00:00" endTime="2019-07-11T19:29:03.0000000+00:00" testType="13cdc9d9-ddb5-4fa4-a97d-d965ccfc6d4b" outcome="Passed" testListId="8c84fa94-04c1-424b-9868-57a2d4851a1d" relativeResultsDirectory="7b34fe7f-f03f-461a-b780-32cced839f6c">
      <Output>
        <StdOut>sandbox: PrepareForTestRun started.&#xD;
sandbox: football liveStatsApp != null: True &#xD;
sandbox: football liveStatsApp.IsProcessRunning: True &#xD;
sandbox: setupLocalData: localDatabaseProvider != null: True&#xD;
sandbox: applicationPages != null: True&#xD;
sandbox: applicationPages.Webdriver != null: True&#xD;
sandbox: finished setuping local data&#xD;
sandbox: PrepareForTestRun complete.&#xD;
Given Match started with kick off from existing game&#xD;
-&gt; done: SetupGameSteps.GivenMatchStartedWithKickOffButtonFromExistingGame() (3.3s)&#xD;
Given started substitution for team "2" in pitch view&#xD;
-&gt; done: SubstitutionSteps.WhenIClickSubBenchButtonInSubstitutionRecord(2) (0.4s)&#xD;
When I select player "24" for sub in and player "4" for sub out from team "2"&#xD;
-&gt; done: SubstitutionSteps.WhenIChoosePlayerFromTeamForSubIn(24, 4, 2) (0.5s)&#xD;
And I select player "26" for sub in and player "6" for sub out from team "2"&#xD;
-&gt; done: SubstitutionSteps.WhenIChoosePlayerFromTeamForSubIn(26, 6, 2) (0.6s)&#xD;
Then player "24" is entering and player "4" is leaving from team "2" in "1" substitution pair&#xD;
-&gt; done: SubstitutionSteps.ThenPlayerOnSideFromPitchListIsVisibleInPlayersLeavingPitchList(24, 4, 2, 1) (0.2s)&#xD;
And player "26" is entering and player "6" is leaving from team "2" in "2" substitution pair&#xD;
-&gt; done: SubstitutionSteps.ThenPlayerOnSideFromPitchListIsVisibleInPlayersLeavingPitchList(26, 6, 2, 2) (0.2s)&#xD;
And "2" team subs remaining "1/3" is visible in record substitutions&#xD;
-&gt; done: SubstitutionSteps.ThenTeamSubsRemainingIsVisibleInRecordSubstitutions(2, "1/3") (0.1s)&#xD;
sandbox: CleanUpAfterTestRun started.&#xD;
sandbox: application pages != null: True&#xD;
sandbox: web driver!= null: True&#xD;
sandbox: CleanUpAfterTestRun complete.</StdOut>
      </Output>
    </UnitTestResult>
    <UnitTestResult executionId="9dc17caf-3657-478f-b646-cdaf3db7beb3" testId="e712e465-254c-2678-58e8-7eab91c4acca" testName="NoOnVAROnSecondStepOfRecordCardWorkflow(&quot;2&quot;,&quot;Yellow&quot;,null)" computerName="EC2AMAZ-JEOO151" duration="00:00:06.4200000" startTime="2019-07-11T19:54:01.0000000+00:00" endTime="2019-07-11T19:54:07.0000000+00:00" testType="13cdc9d9-ddb5-4fa4-a97d-d965ccfc6d4b" outcome="Passed" testListId="8c84fa94-04c1-424b-9868-57a2d4851a1d" relativeResultsDirectory="9dc17caf-3657-478f-b646-cdaf3db7beb3">
      <Output>
        <StdOut>sandbox: PrepareForTestRun started.&#xD;
sandbox: football liveStatsApp != null: True &#xD;
sandbox: football liveStatsApp.IsProcessRunning: True &#xD;
sandbox: setupLocalData: localDatabaseProvider != null: True&#xD;
sandbox: applicationPages != null: True&#xD;
sandbox: applicationPages.Webdriver != null: True&#xD;
sandbox: finished setuping local data&#xD;
sandbox: PrepareForTestRun complete.&#xD;
Given Match started with kick off from existing game&#xD;
-&gt; done: SetupGameSteps.GivenMatchStartedWithKickOffButtonFromExistingGame() (3.2s)&#xD;
When I click on team 2 possible "Yellow"&#xD;
-&gt; done: TeamActionButtonSteps.StartPossibleCardRegistration(2, Yellow) (0.7s)&#xD;
And I click "Yellow" card button&#xD;
-&gt; done: TeamActionButtonSteps.WhenIClickCardButton("Yellow") (0.1s)&#xD;
And I click "Possible VAR" button in workflow&#xD;
-&gt; done: WorkflowSteps.WhenIClickPossibleVarButtonInWorkflow() (0.1s)&#xD;
And I click var confirmation "No" button&#xD;
-&gt; done: WorkflowSteps.WhenIClickVarConfirmationButton("No") (0.3s)&#xD;
Then VAR label is shown in Booking event action log&#xD;
-&gt; done: ActionLogSteps.ThenOffenceIsShownInPenaltyEventActionLog("VAR", Booking) (0.3s)&#xD;
And Latest "Booking" event is completed&#xD;
-&gt; done: ActionLogSteps.ThenLatestEventIsConfirmed(Booking) (0.0s)&#xD;
And VAR label of "Booking" event in action log is in team 2 color&#xD;
-&gt; done: ActionLogSteps.ThenSubItemOfEventInActionLogIsInTeamColor("VAR", Booking, 2) (0.1s)&#xD;
And VAR label of "Booking" event in action log contains "Card Overturned" message&#xD;
-&gt; done: ActionLogSteps.ThenSubItemOfEventInActionLogIsInTeamColor("VAR", Booking, "Card Overturned") (0.1s)&#xD;
And Action Buttons are enabled&#xD;
-&gt; done: TeamActionButtonSteps.ThenActionButtonsAreEnabled() (0.7s)&#xD;
sandbox: CleanUpAfterTestRun started.&#xD;
sandbox: application pages != null: True&#xD;
sandbox: web driver!= null: True&#xD;
sandbox: CleanUpAfterTestRun complete.</StdOut>
      </Output>
    </UnitTestResult>
    <UnitTestResult executionId="5f763046-57da-449b-8c79-d2c1f49dacd2" testId="6a906e3b-7bd3-5db8-ea69-9e52186d851f" testName="FlagsFreekickIfShotStartedFromMiddleOfFreekickWorkflow(&quot;reason&quot;,&quot;1&quot;,null)" computerName="EC2AMAZ-JEOO151" duration="00:00:05.4660000" startTime="2019-07-11T19:25:51.0000000+00:00" endTime="2019-07-11T19:25:56.0000000+00:00" testType="13cdc9d9-ddb5-4fa4-a97d-d965ccfc6d4b" outcome="Passed" testListId="8c84fa94-04c1-424b-9868-57a2d4851a1d" relativeResultsDirectory="5f763046-57da-449b-8c79-d2c1f49dacd2">
      <Output>
        <StdOut>sandbox: PrepareForTestRun started.&#xD;
sandbox: football liveStatsApp != null: True &#xD;
sandbox: football liveStatsApp.IsProcessRunning: True &#xD;
sandbox: setupLocalData: localDatabaseProvider != null: True&#xD;
sandbox: applicationPages != null: True&#xD;
sandbox: applicationPages.Webdriver != null: True&#xD;
sandbox: finished setuping local data&#xD;
sandbox: PrepareForTestRun complete.&#xD;
Given Match started with kick off from existing game&#xD;
-&gt; done: SetupGameSteps.GivenMatchStartedWithKickOffButtonFromExistingGame() (3.2s)&#xD;
Given Free kick for team "1" workflow entered till reason selection&#xD;
Given action failed. Retrying after a timeout.&#xD;
-&gt; done: FreeKickSteps.GivenFreeKickForTeamAndWorkflowEnteredTillReasonSelection(1) (0.9s)&#xD;
When I click "Shot" button for team 1&#xD;
Given action failed. Retrying after a timeout.&#xD;
-&gt; done: TeamActionButtonSteps.GivenIClickShotButtonForTeam(1) (0.5s)&#xD;
Then Latest action of type "FreeKick" is flagged&#xD;
-&gt; done: ActionLogSteps.ThenLatestEventInActionLogOfTypeIsFlagged(FreeKick) (0.0s)&#xD;
sandbox: CleanUpAfterTestRun started.&#xD;
sandbox: application pages != null: True&#xD;
sandbox: web driver!= null: True&#xD;
sandbox: CleanUpAfterTestRun complete.</StdOut>
      </Output>
    </UnitTestResult>
    <UnitTestResult executionId="9aa9edde-acd0-4894-ae6f-9b7ccb869977" testId="fca54134-7763-95bf-b2cf-9fb9b6d2a6bd" testName="WhenActionTimeChangedToSameTimeAsAnotherActionAndActionMovedAfterAndSaved" computerName="EC2AMAZ-JEOO151" duration="00:00:18.4670000" startTime="2019-07-11T17:42:57.0000000+00:00" endTime="2019-07-11T17:43:15.0000000+00:00" testType="13cdc9d9-ddb5-4fa4-a97d-d965ccfc6d4b" outcome="Failed" testListId="8c84fa94-04c1-424b-9868-57a2d4851a1d" relativeResultsDirectory="9aa9edde-acd0-4894-ae6f-9b7ccb869977">
      <Output>
        <StdOut>sandbox: PrepareForTestRun started.&#xD;
sandbox: football liveStatsApp != null: True &#xD;
sandbox: football liveStatsApp.IsProcessRunning: True &#xD;
sandbox: setupLocalData: localDatabaseProvider != null: True&#xD;
sandbox: applicationPages != null: True&#xD;
sandbox: applicationPages.Webdriver != null: True&#xD;
sandbox: finished setuping local data&#xD;
sandbox: PrepareForTestRun complete.&#xD;
Given Match started with kick off from existing game&#xD;
-&gt; done: SetupGameSteps.GivenMatchStartedWithKickOffButtonFromExistingGame() (3.3s)&#xD;
And GoalKick for Team 1 is registered&#xD;
Given action failed. Retrying after a timeout.&#xD;
-&gt; done: GoalKickSteps.GivenGoalKickForTeamIsRegistered(1) (1.1s)&#xD;
And GoalKick for Team 1 is registered&#xD;
-&gt; done: GoalKickSteps.GivenGoalKickForTeamIsRegistered(1) (0.6s)&#xD;
And GoalKick for Team 1 is registered&#xD;
-&gt; done: GoalKickSteps.GivenGoalKickForTeamIsRegistered(1) (0.6s)&#xD;
And I clicked on 1 of type "GoalKick" event in action log&#xD;
-&gt; done: ActionLogSteps.GivenIClickOnLatestEventInActionLog(1, GoalKick) (0.3s)&#xD;
And I entered new conceded event time of "0050"&#xD;
-&gt; done: EditFormSteps.GivenIEnterNewConcededEventTimeOf("0050") (1.0s)&#xD;
And I clicked Save button in action edit form&#xD;
-&gt; done: EditFormSteps.ClickSaveButtonInActionEditForm() (0.6s)&#xD;
And I clicked on 2 of type "GoalKick" event in action log&#xD;
-&gt; done: ActionLogSteps.GivenIClickOnLatestEventInActionLog(2, GoalKick) (0.1s)&#xD;
And I entered new conceded event time of "0025"&#xD;
-&gt; done: EditFormSteps.GivenIEnterNewConcededEventTimeOf("0025") (1.0s)&#xD;
And I clicked Save button in action edit form&#xD;
-&gt; done: EditFormSteps.ClickSaveButtonInActionEditForm() (0.6s)&#xD;
And I clicked on 3 of type "GoalKick" event in action log&#xD;
-&gt; done: ActionLogSteps.GivenIClickOnLatestEventInActionLog(3, GoalKick) (0.1s)&#xD;
And I entered new conceded event time of "0005"&#xD;
-&gt; done: EditFormSteps.GivenIEnterNewConcededEventTimeOf("0005") (1.0s)&#xD;
And I clicked Save button in action edit form&#xD;
-&gt; done: EditFormSteps.ClickSaveButtonInActionEditForm() (0.6s)&#xD;
Given Freekick for Team 1 is registered&#xD;
Given action failed. Retrying after a timeout.&#xD;
-&gt; done: FreeKickSteps.GivenFreekickForTeamIsRegistered(1) (1.3s)&#xD;
When I click on latest "FreeKick" event in action log&#xD;
-&gt; done: ActionLogSteps.GivenIClickOnLatestEventInActionLog(FreeKick) (0.3s)&#xD;
And I enter new conceded event time of "0025"&#xD;
-&gt; done: EditFormSteps.GivenIEnterNewConcededEventTimeOf("0025") (1.1s)&#xD;
And I click Save button in action edit form&#xD;
-&gt; done: EditFormSteps.ClickSaveButtonInActionEditForm() (0.6s)&#xD;
And Confirm new game action order button is clicked in move game action dialog&#xD;
-&gt; done: MoveGameActionDialogSteps.WhenConfirmNewGameActionOrderButtonIsClickedInMoveGameActionDialog() (0.1s)&#xD;
Then 2 event in action log is of type "FreeKick"&#xD;
-&gt; done: ActionLogSteps.ThenEventInActionLogIsOfType(2, FreeKick) (0.1s)&#xD;
sandbox: CleanUpAfterTestRun started.&#xD;
sandbox: application pages != null: True&#xD;
sandbox: web driver!= null: True</StdOut>
        <ErrorInfo>
          <Message>TearDown : System.Exception : Games are not deleted from previous test.</Message>
          <StackTrace>--TearDown&#xD;
   at GeniusSports.LiveStats.Football.FunctionalTests.Infrastructure.EventBasedProvider.WaitTillDatabaseIsEmpty() in C:\GitLab-Runner\builds\wr8MmWYb\0\LiveStats\LiveStats.Football\Source\Test\FunctionalTests\Infrastructure\EventBasedProvider.cs:line 104&#xD;
   at GeniusSports.LiveStats.Football.FunctionalTests.Infrastructure.Sandbox.CleanUpAfterTestRun() in C:\GitLab-Runner\builds\wr8MmWYb\0\LiveStats\LiveStats.Football\Source\Test\FunctionalTests\Infrastructure\Sandbox.cs:line 103&#xD;
   at TechTalk.SpecFlow.Bindings.BindingInvoker.InvokeBinding(IBinding binding, IContextManager contextManager, Object[] arguments, ITestTracer testTracer, TimeSpan&amp; duration)&#xD;
   at TechTalk.SpecFlow.Infrastructure.TestExecutionEngine.InvokeHook(IBindingInvoker invoker, IHookBinding hookBinding, HookType hookType)&#xD;
   at TechTalk.SpecFlow.Infrastructure.TestExecutionEngine.FireEvents(HookType hookType)&#xD;
   at TechTalk.SpecFlow.Infrastructure.TestExecutionEngine.OnScenarioEnd()</StackTrace>
        </ErrorInfo>
      </Output>
    </UnitTestResult>
    <UnitTestResult executionId="55417ee5-298a-400d-bb3f-05fceab088f3" testId="7e44869b-b724-93bf-fe36-6c343d2520af" testName="VarOnSecondStepOfRecordCardWorkflow(&quot;2&quot;,&quot;Red&quot;,null)" computerName="EC2AMAZ-JEOO151" duration="00:00:05.0500000" startTime="2019-07-11T19:55:29.0000000+00:00" endTime="2019-07-11T19:55:34.0000000+00:00" testType="13cdc9d9-ddb5-4fa4-a97d-d965ccfc6d4b" outcome="Passed" testListId="8c84fa94-04c1-424b-9868-57a2d4851a1d" relativeResultsDirectory="55417ee5-298a-400d-bb3f-05fceab088f3">
      <Output>
        <StdOut>sandbox: PrepareForTestRun started.&#xD;
sandbox: football liveStatsApp != null: True &#xD;
sandbox: football liveStatsApp.IsProcessRunning: True &#xD;
sandbox: setupLocalData: localDatabaseProvider != null: True&#xD;
sandbox: applicationPages != null: True&#xD;
sandbox: applicationPages.Webdriver != null: True&#xD;
sandbox: finished setuping local data&#xD;
sandbox: PrepareForTestRun complete.&#xD;
Given Match started with kick off from existing game&#xD;
-&gt; done: SetupGameSteps.GivenMatchStartedWithKickOffButtonFromExistingGame() (3.0s)&#xD;
When I click on team 2 possible "Red"&#xD;
Given action failed. Retrying after a timeout.&#xD;
-&gt; done: TeamActionButtonSteps.StartPossibleCardRegistration(2, Red) (0.8s)&#xD;
And I click "Red" card button&#xD;
-&gt; done: TeamActionButtonSteps.WhenIClickCardButton("Red") (0.1s)&#xD;
And I click "Possible VAR" button in workflow&#xD;
-&gt; done: WorkflowSteps.WhenIClickPossibleVarButtonInWorkflow() (0.1s)&#xD;
Then confirm VAR dialog is displayed&#xD;
-&gt; done: WorkflowSteps.ThenConfirmVarDialogIsDisplayed() (0.2s)&#xD;
And "Yes" VAR dialog button is shown&#xD;
-&gt; done: WorkflowSteps.ThenVarDialogButtonIsShown("Yes") (0.0s)&#xD;
And "No" VAR dialog button is shown&#xD;
-&gt; done: WorkflowSteps.ThenVarDialogButtonIsShown("No") (0.0s)&#xD;
sandbox: CleanUpAfterTestRun started.&#xD;
sandbox: application pages != null: True&#xD;
sandbox: web driver!= null: True&#xD;
sandbox: CleanUpAfterTestRun complete.</StdOut>
      </Output>
    </UnitTestResult>
    <UnitTestResult executionId="236201c0-4bea-4362-8d18-48ff2f5d82a0" testId="157535c0-6d6d-8664-7db6-9ffba866481f" testName="GivenVarStarted_WhenSelectingReason_ThenVarOptionPrompted" computerName="EC2AMAZ-JEOO151" duration="00:00:05.5330000" startTime="2019-07-11T21:47:24.0000000+00:00" endTime="2019-07-11T21:47:30.0000000+00:00" testType="13cdc9d9-ddb5-4fa4-a97d-d965ccfc6d4b" outcome="Passed" testListId="8c84fa94-04c1-424b-9868-57a2d4851a1d" relativeResultsDirectory="236201c0-4bea-4362-8d18-48ff2f5d82a0">
      <Output>
        <StdOut>sandbox: PrepareForTestRun started.&#xD;
sandbox: football liveStatsApp != null: True &#xD;
sandbox: football liveStatsApp.IsProcessRunning: True &#xD;
sandbox: setupLocalData: localDatabaseProvider != null: True&#xD;
sandbox: applicationPages != null: True&#xD;
sandbox: applicationPages.Webdriver != null: True&#xD;
sandbox: finished setuping local data&#xD;
sandbox: PrepareForTestRun complete.&#xD;
Given action failed. Retrying after a timeout.&#xD;
sandbox: CleanUpAfterTestRun started.&#xD;
sandbox: application pages != null: True&#xD;
sandbox: web driver!= null: True&#xD;
sandbox: CleanUpAfterTestRun complete.</StdOut>
      </Output>
    </UnitTestResult>
    <UnitTestResult executionId="c71fca20-4b8a-4424-ba23-51aec4105557" testId="8ae3d849-049d-275c-2358-19ac233f8356" testName="GivenShortRegistered_WhenUpdatingPitchPosition_ThenPopupDialogPresented" computerName="EC2AMAZ-JEOO151" duration="00:00:13.4990000" startTime="2019-07-11T20:42:43.0000000+00:00" endTime="2019-07-11T20:42:57.0000000+00:00" testType="13cdc9d9-ddb5-4fa4-a97d-d965ccfc6d4b" outcome="Passed" testListId="8c84fa94-04c1-424b-9868-57a2d4851a1d" relativeResultsDirectory="c71fca20-4b8a-4424-ba23-51aec4105557">
      <Output>
        <StdOut>sandbox: PrepareForTestRun started.&#xD;
sandbox: football liveStatsApp != null: True &#xD;
sandbox: football liveStatsApp.IsProcessRunning: True &#xD;
sandbox: setupLocalData: localDatabaseProvider != null: True&#xD;
sandbox: applicationPages != null: True&#xD;
sandbox: applicationPages.Webdriver != null: True&#xD;
sandbox: finished setuping local data&#xD;
sandbox: PrepareForTestRun complete.&#xD;
Failed to find element with query '[data-qa='activePitchOverlay']'. Web driver timeout exception.&#xD;
Given action failed. Retrying after a timeout.&#xD;
Failed to find element with query '[data-qa='activePitchOverlay']'. Web driver timeout exception.&#xD;
Given action failed. Retrying after a timeout.&#xD;
Failed to find data-qa element with tag 'setPitchLocationButton'. No such element exception.&#xD;
sandbox: CleanUpAfterTestRun started.&#xD;
sandbox: application pages != null: True&#xD;
sandbox: web driver!= null: True&#xD;
sandbox: CleanUpAfterTestRun complete.</StdOut>
      </Output>
    </UnitTestResult>
    <UnitTestResult executionId="1d384b7e-fe5e-4c52-8f90-cf03c6724af3" testId="e93f0ea5-20b5-6e65-76e8-b0656ff7831e" testName="GoBackToFirstStep(&quot;1&quot;,&quot;2&quot;,null)" computerName="EC2AMAZ-JEOO151" duration="00:00:08.3830000" startTime="2019-07-11T18:56:22.0000000+00:00" endTime="2019-07-11T18:56:31.0000000+00:00" testType="13cdc9d9-ddb5-4fa4-a97d-d965ccfc6d4b" outcome="Passed" testListId="8c84fa94-04c1-424b-9868-57a2d4851a1d" relativeResultsDirectory="1d384b7e-fe5e-4c52-8f90-cf03c6724af3">
      <Output>
        <StdOut>sandbox: PrepareForTestRun started.&#xD;
sandbox: football liveStatsApp != null: True &#xD;
sandbox: football liveStatsApp.IsProcessRunning: True &#xD;
sandbox: setupLocalData: localDatabaseProvider != null: True&#xD;
sandbox: applicationPages != null: True&#xD;
sandbox: applicationPages.Webdriver != null: True&#xD;
sandbox: finished setuping local data&#xD;
sandbox: PrepareForTestRun complete.&#xD;
Given Match started with kick off from existing game&#xD;
-&gt; done: SetupGameSteps.GivenMatchStartedWithKickOffButtonFromExistingGame() (3.3s)&#xD;
When I click Freekick button for team 1&#xD;
Given action failed. Retrying after a timeout.&#xD;
-&gt; done: TeamActionButtonSteps.WhenIClickFreekickButtonForTeam(1) (0.8s)&#xD;
And I click on pitch x 20 and y 50&#xD;
-&gt; done: PitchScreenSteps.WhenIClickOnPitch(20, 50) (0.1s)&#xD;
And I click "Foul" button in freekick reason dialog&#xD;
-&gt; done: FreeKickSteps.WhenIClickButtonInFreekickReasonDialog("Foul") (0.2s)&#xD;
And I click player 1 from team 2&#xD;
-&gt; done: PitchPlayersComponentSteps.WhenIClickPlayerFromTeam(1, 2) (0.2s)&#xD;
And I click player 1 from team 1&#xD;
-&gt; done: PitchPlayersComponentSteps.WhenIClickPlayerFromTeam(1, 1) (0.2s)&#xD;
And I click "Back" button in workflow&#xD;
-&gt; done: WorkflowSteps.WhenIClickBackButtonInWorkflow() (0.2s)&#xD;
And I click "Back" button in workflow&#xD;
-&gt; done: WorkflowSteps.WhenIClickBackButtonInWorkflow() (0.1s)&#xD;
And I click "Back" button in workflow&#xD;
-&gt; done: WorkflowSteps.WhenIClickBackButtonInWorkflow() (0.1s)&#xD;
And I click "Back" button in workflow&#xD;
-&gt; done: WorkflowSteps.WhenIClickBackButtonInWorkflow() (0.1s)&#xD;
And I cancel action workflow by clicking "Cancel &amp; Delete" button&#xD;
-&gt; done: WorkflowSteps.WhenICancelActionWorkflowByClickingButton() (0.3s)&#xD;
Then Freekick event is not in Action log&#xD;
-&gt; done: ActionLogSteps.ThenFreekickEventIsNotInActionLog() (2.0s)&#xD;
sandbox: CleanUpAfterTestRun started.&#xD;
sandbox: application pages != null: True&#xD;
sandbox: web driver!= null: True&#xD;
sandbox: CleanUpAfterTestRun complete.</StdOut>
      </Output>
    </UnitTestResult>
    <UnitTestResult executionId="02b00d4b-f2d5-47b0-951d-f70749021c96" testId="e9b5c785-8b63-d2f2-6324-9b531f065458" testName="FootballGivenShotWithGoalkeeperSaveRegistered_WhenOpeningEdit_ThenGoalkeeperSaveIsSelected" computerName="EC2AMAZ-JEOO151" duration="00:00:08.4590000" startTime="2019-07-11T20:41:56.0000000+00:00" endTime="2019-07-11T20:42:04.0000000+00:00" testType="13cdc9d9-ddb5-4fa4-a97d-d965ccfc6d4b" outcome="Passed" testListId="8c84fa94-04c1-424b-9868-57a2d4851a1d" relativeResultsDirectory="02b00d4b-f2d5-47b0-951d-f70749021c96">
      <Output>
        <StdOut>sandbox: PrepareForTestRun started.&#xD;
sandbox: football liveStatsApp != null: True &#xD;
sandbox: football liveStatsApp.IsProcessRunning: True &#xD;
sandbox: setupLocalData: localDatabaseProvider != null: True&#xD;
sandbox: applicationPages != null: True&#xD;
sandbox: applicationPages.Webdriver != null: True&#xD;
sandbox: finished setuping local data&#xD;
sandbox: PrepareForTestRun complete.&#xD;
Given action failed. Retrying after a timeout.&#xD;
sandbox: CleanUpAfterTestRun started.&#xD;
sandbox: application pages != null: True&#xD;
sandbox: web driver!= null: True&#xD;
sandbox: CleanUpAfterTestRun complete.</StdOut>
      </Output>
    </UnitTestResult>
    <UnitTestResult executionId="878b9d4e-5aaa-4e6f-bccb-d158411b52da" testId="29100679-efe3-a3b8-226e-cde7573cd572" testName="StartShotFromFreeKickWorkflow(&quot;foul on&quot;,&quot;1&quot;,null)" computerName="EC2AMAZ-JEOO151" duration="00:00:07.1160000" startTime="2019-07-11T19:27:17.0000000+00:00" endTime="2019-07-11T19:27:24.0000000+00:00" testType="13cdc9d9-ddb5-4fa4-a97d-d965ccfc6d4b" outcome="Passed" testListId="8c84fa94-04c1-424b-9868-57a2d4851a1d" relativeResultsDirectory="878b9d4e-5aaa-4e6f-bccb-d158411b52da">
      <Output>
        <StdOut>sandbox: PrepareForTestRun started.&#xD;
sandbox: football liveStatsApp != null: True &#xD;
sandbox: football liveStatsApp.IsProcessRunning: True &#xD;
sandbox: setupLocalData: localDatabaseProvider != null: True&#xD;
sandbox: applicationPages != null: True&#xD;
sandbox: applicationPages.Webdriver != null: True&#xD;
sandbox: finished setuping local data&#xD;
sandbox: PrepareForTestRun complete.&#xD;
Given Match started with kick off from existing game&#xD;
-&gt; done: SetupGameSteps.GivenMatchStartedWithKickOffButtonFromExistingGame() (3.2s)&#xD;
Given Free kick for team "1" workflow entered till foul on selection&#xD;
Given action failed. Retrying after a timeout.&#xD;
-&gt; done: FreeKickSteps.GivenFreeKickForTeamAndWorkflowEnteredTillFoulOnSelection(1) (1.4s)&#xD;
When I click "Shot" button for team 1&#xD;
Given action failed. Retrying after a timeout.&#xD;
-&gt; done: TeamActionButtonSteps.GivenIClickShotButtonForTeam(1) (0.5s)&#xD;
Then Latest freekick event is in progress&#xD;
-&gt; done: ActionLogSteps.ThenFreekickEventIsNotCompleted() (0.0s)&#xD;
And Latest free kick event is not active&#xD;
-&gt; done: ActionLogSteps.ThenFreeKickEventIsNotActive() (0.0s)&#xD;
And team 1 players are enabled&#xD;
-&gt; done: PitchPlayersComponentSteps.ThenTeamPlayersAreEnabled(1) (0.1s)&#xD;
And Workflow message is shown for "Shot" action&#xD;
-&gt; done: PitchBottomMessageBarSteps.ThenMessageContainsShown("Shot") (0.1s)&#xD;
And Notification "Select shot taker..." is shown&#xD;
-&gt; done: PitchBottomMessageBarSteps.ThenIsShown("Select shot taker...") (0.1s)&#xD;
sandbox: CleanUpAfterTestRun started.&#xD;
sandbox: application pages != null: True&#xD;
sandbox: web driver!= null: True&#xD;
sandbox: CleanUpAfterTestRun complete.</StdOut>
      </Output>
    </UnitTestResult>
    <UnitTestResult executionId="f28b64bc-e270-443e-813e-02233855f0f6" testId="eaeaa9c4-5ecc-3a09-9a78-59f1bc55dbb4" testName="ClockEditByAddingTime" computerName="EC2AMAZ-JEOO151" duration="00:00:12.8480000" startTime="2019-07-11T19:30:04.0000000+00:00" endTime="2019-07-11T19:30:17.0000000+00:00" testType="13cdc9d9-ddb5-4fa4-a97d-d965ccfc6d4b" outcome="Passed" testListId="8c84fa94-04c1-424b-9868-57a2d4851a1d" relativeResultsDirectory="f28b64bc-e270-443e-813e-02233855f0f6">
      <Output>
        <StdOut>sandbox: PrepareForTestRun started.&#xD;
sandbox: football liveStatsApp != null: True &#xD;
sandbox: football liveStatsApp.IsProcessRunning: True &#xD;
sandbox: setupLocalData: localDatabaseProvider != null: True&#xD;
sandbox: applicationPages != null: True&#xD;
sandbox: applicationPages.Webdriver != null: True&#xD;
sandbox: finished setuping local data&#xD;
sandbox: PrepareForTestRun complete.&#xD;
Given Game setup is finished&#xD;
-&gt; done: SetupGameSteps.GivenGameSetupIsFinished() (7.5s)&#xD;
And Game is kicked off with timer&#xD;
-&gt; done: PitchClockSteps.GivenGameIsKickedOff() (1.1s)&#xD;
And I wait 2 seconds&#xD;
-&gt; done: PitchClockSteps.GivenIWaitSeconds(2) (2.0s)&#xD;
When I double click on "Clock"&#xD;
-&gt; done: PitchClockSteps.WhenIDoubleClickOnClock() (0.7s)&#xD;
And I click "first minutes number"&#xD;
-&gt; done: PitchClockSteps.WhenIClickFirstMinutesNumber() (0.1s)&#xD;
And I type in value "4415" to clock&#xD;
-&gt; done: PitchClockSteps.WhenITypeInValueToClock(4415) (0.2s)&#xD;
Then Clock value is "44:15"&#xD;
-&gt; done: PitchClockSteps.ThenClockValueIs("44:15") (0.0s)&#xD;
sandbox: CleanUpAfterTestRun started.&#xD;
sandbox: application pages != null: True&#xD;
sandbox: web driver!= null: True&#xD;
sandbox: CleanUpAfterTestRun complete.</StdOut>
      </Output>
    </UnitTestResult>
    <UnitTestResult executionId="47025b1b-ce13-4df4-9ff1-8c78f118239c" testId="068f1522-c469-ea43-a0ba-1144ac2dc32f" testName="SelectVAROutcome(&quot;Overturned&quot;,null)" computerName="EC2AMAZ-JEOO151" duration="00:00:14.5320000" startTime="2019-07-11T18:27:45.0000000+00:00" endTime="2019-07-11T18:27:59.0000000+00:00" testType="13cdc9d9-ddb5-4fa4-a97d-d965ccfc6d4b" outcome="Passed" testListId="8c84fa94-04c1-424b-9868-57a2d4851a1d" relativeResultsDirectory="47025b1b-ce13-4df4-9ff1-8c78f118239c">
      <Output>
        <StdOut>sandbox: PrepareForTestRun started.&#xD;
sandbox: football liveStatsApp != null: True &#xD;
sandbox: football liveStatsApp.IsProcessRunning: True &#xD;
sandbox: setupLocalData: localDatabaseProvider != null: True&#xD;
sandbox: applicationPages != null: True&#xD;
sandbox: applicationPages.Webdriver != null: True&#xD;
sandbox: finished setuping local data&#xD;
sandbox: PrepareForTestRun complete.&#xD;
Given Match started with kick off from existing game&#xD;
-&gt; done: SetupGameSteps.GivenMatchStartedWithKickOffButtonFromExistingGame() (3.3s)&#xD;
And "Top right" corner added for Team 1&#xD;
Given action failed. Retrying after a timeout.&#xD;
-&gt; done: CornerSteps.GivenCornerAddedForTeam("Top right", 1) (3.2s)&#xD;
And "Yellow" Card for Team 1 is registered&#xD;
Given action failed. Retrying after a timeout.&#xD;
-&gt; done: CardSteps.GivenCardForTeamIsRegistered(Yellow, 1) (3.3s)&#xD;
And I clicked on latest "Corner" event in action log&#xD;
-&gt; done: ActionLogSteps.GivenIClickOnLatestEventInActionLog(Corner) (0.2s)&#xD;
And I entered new conceded event time of "0030"&#xD;
-&gt; done: EditFormSteps.GivenIEnterNewConcededEventTimeOf("0030") (1.0s)&#xD;
And I clicked Save button in action edit form&#xD;
-&gt; done: EditFormSteps.ClickSaveButtonInActionEditForm() (0.6s)&#xD;
And I remembered current players on pitch shirt numbers&#xD;
-&gt; done: GoalEditSteps.GivenIRememberCurrentPlayersOnPitch() (1.1s)&#xD;
When I click Expand Action log button&#xD;
-&gt; done: ActionLogSteps.WhenIClickExpandActionLogButton() (0.2s)&#xD;
And I click last action in expanded action log&#xD;
-&gt; done: ExpandedActionLogSteps.WhenIClickLastActionInExpandedActionLog() (0.1s)&#xD;
And I click insert after button in expanded action log&#xD;
-&gt; done: ExpandedActionLogSteps.WhenIClickInsertAfterButtonInExpandedActionLog() (0.1s)&#xD;
And I click insert Goal button in insert after dropdown&#xD;
-&gt; done: ExpandedActionLogSteps.WhenIClickInsertGoalButtonInInsertAfterDropdown() (0.1s)&#xD;
And I click "VAR" toggle&#xD;
-&gt; done: EditFormSteps.GivenIClickToggleToEnable() (0.1s)&#xD;
And I click Var "Overturned" button&#xD;
-&gt; done: EditFormSteps.WhenIClickVarOverturnedButton() (0.1s)&#xD;
Then Var outcome Overturned is selected&#xD;
-&gt; done: EditFormSteps.ThenVarOutcomeOverturnedIsSelected() (0.0s)&#xD;
And VAR reason is not selected&#xD;
-&gt; done: EditFormSteps.GivenVarReasonIsNotSelected() (0.1s)&#xD;
sandbox: CleanUpAfterTestRun started.&#xD;
sandbox: application pages != null: True&#xD;
sandbox: web driver!= null: True&#xD;
sandbox: CleanUpAfterTestRun complete.</StdOut>
      </Output>
    </UnitTestResult>
    <UnitTestResult executionId="e38c51a2-c5af-4e8d-bcdc-1de203867c25" testId="290679ce-7672-f4a9-bf2b-d2fbfafd5710" testName="GivenPeriodBreak_WhenInterruptingGame_ThenInterruptionIsPresnet" computerName="EC2AMAZ-JEOO151" duration="00:00:10.9480000" startTime="2019-07-11T21:29:49.0000000+00:00" endTime="2019-07-11T21:30:00.0000000+00:00" testType="13cdc9d9-ddb5-4fa4-a97d-d965ccfc6d4b" outcome="Passed" testListId="8c84fa94-04c1-424b-9868-57a2d4851a1d" relativeResultsDirectory="e38c51a2-c5af-4e8d-bcdc-1de203867c25">
      <Output>
        <StdOut>sandbox: PrepareForTestRun started.&#xD;
sandbox: football liveStatsApp != null: True &#xD;
sandbox: football liveStatsApp.IsProcessRunning: True &#xD;
sandbox: setupLocalData: localDatabaseProvider != null: True&#xD;
sandbox: applicationPages != null: True&#xD;
sandbox: applicationPages.Webdriver != null: True&#xD;
sandbox: finished setuping local data&#xD;
sandbox: PrepareForTestRun complete.&#xD;
sandbox: CleanUpAfterTestRun started.&#xD;
sandbox: application pages != null: True&#xD;
sandbox: web driver!= null: True&#xD;
sandbox: CleanUpAfterTestRun complete.</StdOut>
      </Output>
    </UnitTestResult>
    <UnitTestResult executionId="18e39cf2-8367-4863-965d-ba414c4f6963" testId="dab7e6b6-6911-2ebc-a8bd-4ce22fb72ec5" testName="FiltersCanBeTurnedOffAfterAppliedDuringActiveGoalKickWorkflow" computerName="EC2AMAZ-JEOO151" duration="00:00:06.8320000" startTime="2019-07-11T19:37:09.0000000+00:00" endTime="2019-07-11T19:37:16.0000000+00:00" testType="13cdc9d9-ddb5-4fa4-a97d-d965ccfc6d4b" outcome="Passed" testListId="8c84fa94-04c1-424b-9868-57a2d4851a1d" relativeResultsDirectory="18e39cf2-8367-4863-965d-ba414c4f6963">
      <Output>
        <StdOut>sandbox: PrepareForTestRun started.&#xD;
sandbox: football liveStatsApp != null: True &#xD;
sandbox: football liveStatsApp.IsProcessRunning: True &#xD;
sandbox: setupLocalData: localDatabaseProvider != null: True&#xD;
sandbox: applicationPages != null: True&#xD;
sandbox: applicationPages.Webdriver != null: True&#xD;
sandbox: finished setuping local data&#xD;
sandbox: PrepareForTestRun complete.&#xD;
Given Match started with kick off from existing game&#xD;
-&gt; done: SetupGameSteps.GivenMatchStartedWithKickOffButtonFromExistingGame() (3.3s)&#xD;
Given Freekick for Team 1 is registered&#xD;
-&gt; done: FreeKickSteps.GivenFreekickForTeamIsRegistered(1) (1.4s)&#xD;
And I clicked "GoalKick" button for team1&#xD;
-&gt; done: TeamActionButtonSteps.GivenIClickButtonForTeam(1) (0.4s)&#xD;
When I click on latest "FreeKick" event in action log&#xD;
-&gt; done: ActionLogSteps.GivenIClickOnLatestEventInActionLog(FreeKick) (0.1s)&#xD;
And I click Flag &amp; Save button in action edit form&#xD;
-&gt; done: EditFormSteps.ClickFlagAndSaveInActionEditForm() (0.4s)&#xD;
And I activate flagged items filter in action log&#xD;
-&gt; done: ActionLogSteps.WhenIActiveFlaggedItemsFilterInActionLog() (0.1s)&#xD;
And I activate all items filter in action log&#xD;
-&gt; done: ActionLogSteps.WhenIActiveAllItemsFilterInActionLog() (0.1s)&#xD;
Then action log contains "3" items&#xD;
-&gt; done: ActionLogSteps.ThenActionLogContainsItems(3) (0.0s)&#xD;
And Notification "Indicate where the goal kick is taken from..." is shown&#xD;
-&gt; done: PitchBottomMessageBarSteps.ThenIsShown("Indicate where th...") (0.1s)&#xD;
And 1 event in action log is of type "GoalKick"&#xD;
-&gt; done: ActionLogSteps.ThenEventInActionLogIsOfType(1, GoalKick) (0.0s)&#xD;
sandbox: CleanUpAfterTestRun started.&#xD;
sandbox: application pages != null: True&#xD;
sandbox: web driver!= null: True&#xD;
sandbox: CleanUpAfterTestRun complete.</StdOut>
      </Output>
    </UnitTestResult>
    <UnitTestResult executionId="258a88b7-06cb-4373-b193-573d61a966c1" testId="ec4cb6bc-1d60-207c-7593-29f9a3271912" testName="CannotProceedWithoutCaptain" computerName="EC2AMAZ-JEOO151" duration="00:01:19.5950000" startTime="2019-07-11T17:33:54.0000000+00:00" endTime="2019-07-11T17:35:13.0000000+00:00" testType="13cdc9d9-ddb5-4fa4-a97d-d965ccfc6d4b" outcome="Passed" testListId="8c84fa94-04c1-424b-9868-57a2d4851a1d" relativeResultsDirectory="258a88b7-06cb-4373-b193-573d61a966c1">
      <Output>
        <StdOut>sandbox: PrepareForTestRun started.&#xD;
sandbox: football liveStatsApp != null: True &#xD;
sandbox: football liveStatsApp.IsProcessRunning: True &#xD;
sandbox: setupLocalData: localDatabaseProvider != null: True&#xD;
sandbox: applicationPages != null: True&#xD;
sandbox: applicationPages.Webdriver != null: True&#xD;
sandbox: finished setuping local data&#xD;
sandbox: PrepareForTestRun complete.&#xD;
Given I am in players tab&#xD;
-&gt; done: PlayersTabSteps.GivenIAmInPlayersTab() (3.0s)&#xD;
When I enter all data for 11 players of team 1&#xD;
-&gt; done: PlayersTabSteps.WhenIEnterAllDataForPlayersForTeam(11, 1) (37.3s)&#xD;
And I enter all data for 11 players of team 2&#xD;
-&gt; done: PlayersTabSteps.WhenIEnterAllDataForPlayersForTeam(11, 2) (35.4s)&#xD;
And No captain is selected for team 1&#xD;
-&gt; done: PlayersTabSteps.WhenNoCaptainIsSelected(1) (0.1s)&#xD;
And I click Save &amp; Next button&#xD;
-&gt; done: GameSetupSteps.WhenIClickSaveNextButton() (0.2s)&#xD;
Then Error is shown "No captain set"&#xD;
-&gt; done: GameSetupSteps.ThenErrorIsShown("No captain set") (0.1s)&#xD;
And Formations tab should not be open&#xD;
Failed to find element with query '[data-qa='formationsForm']'. Web driver timeout exception.&#xD;
-&gt; done: TeamsFormationsTabSteps.ThenFormationTabShouldNotOpen() (2.1s)&#xD;
sandbox: CleanUpAfterTestRun started.&#xD;
sandbox: application pages != null: True&#xD;
sandbox: web driver!= null: True&#xD;
Given action failed. Retrying after a timeout. Most likely UI was not fast enough to refresh itself.&#xD;
sandbox: CleanUpAfterTestRun complete.</StdOut>
      </Output>
    </UnitTestResult>
    <UnitTestResult executionId="62eeaba2-c794-4ed4-9899-759a02eb0e49" testId="c5dca657-00b3-8217-fbed-c2108e62ff6e" testName="InsertCardWithNoDataSpecifiedWhenOverturnedByVAR" computerName="EC2AMAZ-JEOO151" duration="00:00:15.6340000" startTime="2019-07-11T18:11:20.0000000+00:00" endTime="2019-07-11T18:11:36.0000000+00:00" testType="13cdc9d9-ddb5-4fa4-a97d-d965ccfc6d4b" outcome="Passed" testListId="8c84fa94-04c1-424b-9868-57a2d4851a1d" relativeResultsDirectory="62eeaba2-c794-4ed4-9899-759a02eb0e49">
      <Output>
        <StdOut>sandbox: PrepareForTestRun started.&#xD;
sandbox: football liveStatsApp != null: True &#xD;
sandbox: football liveStatsApp.IsProcessRunning: True &#xD;
sandbox: setupLocalData: localDatabaseProvider != null: True&#xD;
sandbox: applicationPages != null: True&#xD;
sandbox: applicationPages.Webdriver != null: True&#xD;
sandbox: finished setuping local data&#xD;
sandbox: PrepareForTestRun complete.&#xD;
Given Match started with kick off from existing game&#xD;
-&gt; done: SetupGameSteps.GivenMatchStartedWithKickOffButtonFromExistingGame() (3.3s)&#xD;
And "Yellow" Card for Team 1 is registered&#xD;
Given action failed. Retrying after a timeout.&#xD;
-&gt; done: CardSteps.GivenCardForTeamIsRegistered(Yellow, 1) (3.5s)&#xD;
And "Top right" corner added for Team 1&#xD;
Given action failed. Retrying after a timeout.&#xD;
-&gt; done: CornerSteps.GivenCornerAddedForTeam("Top right", 1) (3.0s)&#xD;
And I clicked on latest "Corner" event in action log&#xD;
-&gt; done: ActionLogSteps.GivenIClickOnLatestEventInActionLog(Corner) (0.2s)&#xD;
And I entered new conceded event time of "0030"&#xD;
-&gt; done: EditFormSteps.GivenIEnterNewConcededEventTimeOf("0030") (1.0s)&#xD;
And I clicked Save button in action edit form&#xD;
-&gt; done: EditFormSteps.ClickSaveButtonInActionEditForm() (0.6s)&#xD;
And I remembered current players on pitch shirt numbers&#xD;
-&gt; done: GoalEditSteps.GivenIRememberCurrentPlayersOnPitch() (1.1s)&#xD;
Given expanded action log is opened&#xD;
-&gt; done: ActionLogSteps.WhenIClickExpandActionLogButton() (0.2s)&#xD;
When I click last action in expanded action log&#xD;
-&gt; done: ExpandedActionLogSteps.WhenIClickLastActionInExpandedActionLog() (0.1s)&#xD;
And I click insert after button in expanded action log&#xD;
-&gt; done: ExpandedActionLogSteps.WhenIClickInsertAfterButtonInExpandedActionLog() (0.1s)&#xD;
And I click insert Card button in insert after dropdown&#xD;
-&gt; done: ExpandedActionLogSteps.WhenIClickInsertCardButtonInInsertAfterDropdown() (0.1s)&#xD;
And I click team 1 in edit form&#xD;
-&gt; done: EditFormSteps.WhenIClickTeamInEditForm(1) (0.1s)&#xD;
And I click "yellow" card in card edit page&#xD;
-&gt; done: CardEditSteps.WhenIClickCardInCardEditPage("yellow") (0.1s)&#xD;
And I set VAR as Overturned&#xD;
-&gt; done: EditFormSteps.WhenISetVarAsOverturned() (0.2s)&#xD;
And I click Save button in action edit form&#xD;
-&gt; done: EditFormSteps.ClickSaveButtonInActionEditForm() (0.6s)&#xD;
And I close expanded action log page&#xD;
-&gt; done: ExpandedActionLogSteps.WhenICloseExpandedActionLogPage() (0.2s)&#xD;
Then "yellow" label of "Booking" event in action log contains "yellow" card icon&#xD;
-&gt; done: ActionLogSteps.ThenLabelOfEventInActionLogContainsCardIcon("yellow", Booking, "yellow") (0.1s)&#xD;
And VAR label is shown in Booking event action log&#xD;
-&gt; done: ActionLogSteps.ThenOffenceIsShownInPenaltyEventActionLog("VAR", Booking) (0.1s)&#xD;
And VAR label of "Booking" event in action log contains "Card Overturned" message&#xD;
-&gt; done: ActionLogSteps.ThenSubItemOfEventInActionLogIsInTeamColor("VAR", Booking, "Card Overturned") (0.1s)&#xD;
sandbox: CleanUpAfterTestRun started.&#xD;
sandbox: application pages != null: True&#xD;
sandbox: web driver!= null: True&#xD;
sandbox: CleanUpAfterTestRun complete.</StdOut>
      </Output>
    </UnitTestResult>
    <UnitTestResult executionId="8a5224be-fe7b-451c-bfda-644f435f0ab5" testId="311e105e-4b34-d8a8-fe9c-00fb1c4d5b07" testName="FreeKickByTeamUpdate" computerName="EC2AMAZ-JEOO151" duration="00:00:11.9830000" startTime="2019-07-11T17:56:53.0000000+00:00" endTime="2019-07-11T17:57:05.0000000+00:00" testType="13cdc9d9-ddb5-4fa4-a97d-d965ccfc6d4b" outcome="Passed" testListId="8c84fa94-04c1-424b-9868-57a2d4851a1d" relativeResultsDirectory="8a5224be-fe7b-451c-bfda-644f435f0ab5">
      <Output>
        <StdOut>sandbox: PrepareForTestRun started.&#xD;
sandbox: football liveStatsApp != null: True &#xD;
sandbox: football liveStatsApp.IsProcessRunning: True &#xD;
sandbox: setupLocalData: localDatabaseProvider != null: True&#xD;
sandbox: applicationPages != null: True&#xD;
sandbox: applicationPages.Webdriver != null: True&#xD;
sandbox: finished setuping local data&#xD;
sandbox: PrepareForTestRun complete.&#xD;
Given Match started with kick off from existing game&#xD;
-&gt; done: SetupGameSteps.GivenMatchStartedWithKickOffButtonFromExistingGame() (3.3s)&#xD;
And I remembered current players on pitch shirt numbers&#xD;
-&gt; done: GoalEditSteps.GivenIRememberCurrentPlayersOnPitch() (1.5s)&#xD;
Given Freekick for Team 1 is registered&#xD;
Given action failed. Retrying after a timeout.&#xD;
-&gt; done: FreeKickSteps.GivenFreekickForTeamIsRegistered(1) (1.3s)&#xD;
When I click on latest "FreeKick" event in action log&#xD;
-&gt; done: ActionLogSteps.GivenIClickOnLatestEventInActionLog(FreeKick) (0.2s)&#xD;
And I click Team 2 in edit screen&#xD;
-&gt; done: EditFormSteps.GivenIClickTeamInEditScreen(2) (0.2s)&#xD;
Then Fouled on player is not selected in freekick edit window&#xD;
-&gt; done: FreeKickEditSteps.ThenFouledOnPlayerIsNotSelectedInFreekickEditWindow() (0.1s)&#xD;
And "Free Kick Reason" button color is updated to "right" team color in freekick edit&#xD;
-&gt; done: FreeKickEditSteps.ThenButtonColorIsUpdatedToTeamColorInFreekickEdit("right") (0.0s)&#xD;
And "Foul/Offence by" "right" team players are visible in freekick edit&#xD;
-&gt; done: FreeKickEditSteps.ThenFoulOffencyByTeamPlayersAreVisibleInFouledOnInFreekickEdit("right") (0.3s)&#xD;
And "Foul/Offence by" player is not selected in freekick edit&#xD;
-&gt; done: FreeKickEditSteps.ThenPlayerIsNotSelectedInFreekickEdit() (0.1s)&#xD;
And Free Kick location is cleared in freekick edit&#xD;
Failed to find data-qa element with tag 'currentPitchLocation'. No such element exception.&#xD;
-&gt; done: FreeKickEditSteps.ThenFreeKickLocationIsClearedInFreekickEdit() (2.1s)&#xD;
And "Ball landing location" is cleared in freekick edit&#xD;
Failed to find data-qa element with tag 'currentPitchLocation'. No such element exception.&#xD;
-&gt; done: FreeKickEditSteps.ThenIsClearedInFreekickEdit() (2.1s)&#xD;
And Save button is disabled in action edit form&#xD;
-&gt; done: EditFormSteps.SaveButtonIsDisabled() (0.0s)&#xD;
sandbox: CleanUpAfterTestRun started.&#xD;
sandbox: application pages != null: True&#xD;
sandbox: web driver!= null: True&#xD;
sandbox: CleanUpAfterTestRun complete.</StdOut>
      </Output>
    </UnitTestResult>
    <UnitTestResult executionId="e756a9bb-17db-4513-8e3b-f40cdcfc9c75" testId="fe408873-00c9-aa66-f326-75d9b9175752" testName="GivenSetupFinished_ThenPlayersOnPitchWorkflowStepPresent" computerName="EC2AMAZ-JEOO151" duration="00:00:09.1480000" startTime="2019-07-11T21:34:48.0000000+00:00" endTime="2019-07-11T21:34:57.0000000+00:00" testType="13cdc9d9-ddb5-4fa4-a97d-d965ccfc6d4b" outcome="Passed" testListId="8c84fa94-04c1-424b-9868-57a2d4851a1d" relativeResultsDirectory="e756a9bb-17db-4513-8e3b-f40cdcfc9c75">
      <Output>
        <StdOut>sandbox: PrepareForTestRun started.&#xD;
sandbox: football liveStatsApp != null: True &#xD;
sandbox: football liveStatsApp.IsProcessRunning: True &#xD;
sandbox: setupLocalData: localDatabaseProvider != null: True&#xD;
sandbox: applicationPages != null: True&#xD;
sandbox: applicationPages.Webdriver != null: True&#xD;
sandbox: finished setuping local data&#xD;
sandbox: PrepareForTestRun complete.&#xD;
sandbox: CleanUpAfterTestRun started.&#xD;
sandbox: application pages != null: True&#xD;
sandbox: web driver!= null: True&#xD;
Given action failed. Retrying after a timeout. Most likely UI was not fast enough to refresh itself.&#xD;
sandbox: CleanUpAfterTestRun complete.</StdOut>
      </Output>
    </UnitTestResult>
    <UnitTestResult executionId="fe488eef-48c6-49ce-8068-cc93fc4eb858" testId="3023c07a-fe9d-49c7-b947-285ee243e3a7" testName="ChangeCornerTime" computerName="EC2AMAZ-JEOO151" duration="00:00:10.5170000" startTime="2019-07-11T17:50:57.0000000+00:00" endTime="2019-07-11T17:51:08.0000000+00:00" testType="13cdc9d9-ddb5-4fa4-a97d-d965ccfc6d4b" outcome="Passed" testListId="8c84fa94-04c1-424b-9868-57a2d4851a1d" relativeResultsDirectory="fe488eef-48c6-49ce-8068-cc93fc4eb858">
      <Output>
        <StdOut>sandbox: PrepareForTestRun started.&#xD;
sandbox: football liveStatsApp != null: True &#xD;
sandbox: football liveStatsApp.IsProcessRunning: True &#xD;
sandbox: setupLocalData: localDatabaseProvider != null: True&#xD;
sandbox: applicationPages != null: True&#xD;
sandbox: applicationPages.Webdriver != null: True&#xD;
sandbox: finished setuping local data&#xD;
sandbox: PrepareForTestRun complete.&#xD;
Given Match started with kick off from existing game&#xD;
-&gt; done: SetupGameSteps.GivenMatchStartedWithKickOffButtonFromExistingGame() (3.4s)&#xD;
And "Top right" corner added for Team 1&#xD;
Given action failed. Retrying after a timeout.&#xD;
-&gt; done: CornerSteps.GivenCornerAddedForTeam("Top right", 1) (3.4s)&#xD;
Given I clicked on latest "Corner" event in action log&#xD;
-&gt; done: ActionLogSteps.GivenIClickOnLatestEventInActionLog(Corner) (0.2s)&#xD;
And I click on "Edit time" field in action edit&#xD;
-&gt; done: EditFormSteps.GivenIClickOnFieldInActionEdit() (0.1s)&#xD;
And I entered new conceded event time of "1010"&#xD;
-&gt; done: EditFormSteps.GivenIEnterNewConcededEventTimeOf("1010") (1.0s)&#xD;
And I enter new taken event time of "1020"&#xD;
-&gt; done: EditFormSteps.GivenIEnterNewTakenEventTimeOf("1020") (1.0s)&#xD;
And I clicked Save button in action edit form&#xD;
-&gt; done: EditFormSteps.ClickSaveButtonInActionEditForm() (0.6s)&#xD;
Then Latest "Corner" event in action log conceded time is "10:10"&#xD;
-&gt; done: ActionLogSteps.ThenLatestEventInActionLogConcededTimeIs(Corner, "10:10") (0.0s)&#xD;
sandbox: CleanUpAfterTestRun started.&#xD;
sandbox: application pages != null: True&#xD;
sandbox: web driver!= null: True&#xD;
sandbox: CleanUpAfterTestRun complete.</StdOut>
      </Output>
    </UnitTestResult>
    <UnitTestResult executionId="c3af6a96-b4ef-40ce-afd4-1ae5635fc84f" testId="870b8c6b-fb2c-26ac-79d5-e8e135097185" testName="SelectFoulForPenalty(&quot;1&quot;,&quot;2&quot;,&quot;90&quot;,&quot;50&quot;,null)" computerName="EC2AMAZ-JEOO151" duration="00:00:13.1320000" startTime="2019-07-11T19:09:42.0000000+00:00" endTime="2019-07-11T19:09:55.0000000+00:00" testType="13cdc9d9-ddb5-4fa4-a97d-d965ccfc6d4b" outcome="Passed" testListId="8c84fa94-04c1-424b-9868-57a2d4851a1d" relativeResultsDirectory="c3af6a96-b4ef-40ce-afd4-1ae5635fc84f">
      <Output>
        <StdOut>sandbox: PrepareForTestRun started.&#xD;
sandbox: football liveStatsApp != null: True &#xD;
sandbox: football liveStatsApp.IsProcessRunning: True &#xD;
sandbox: setupLocalData: localDatabaseProvider != null: True&#xD;
sandbox: applicationPages != null: True&#xD;
sandbox: applicationPages.Webdriver != null: True&#xD;
sandbox: finished setuping local data&#xD;
sandbox: PrepareForTestRun complete.&#xD;
Given Match started with kick off from existing game&#xD;
-&gt; done: SetupGameSteps.GivenMatchStartedWithKickOffButtonFromExistingGame() (3.4s)&#xD;
When I click "Possible Penalty" button for team 1&#xD;
-&gt; done: TeamActionButtonSteps.GivenIClickPossiblePenaltyButtonForTeam(1) (0.7s)&#xD;
And I confirm penalty by clicking "Confirm" button&#xD;
-&gt; done: PenaltySteps.WhenIConfirmPenaltyByClickingButton() (2.3s)&#xD;
And I click on pitch x 90 and y 50&#xD;
Failed to find element with query '[data-qa='activePitchOverlay']'. Web driver timeout exception.&#xD;
Given action failed. Retrying after a timeout.&#xD;
Failed to find element with query '[data-qa='activePitchOverlay']'. Web driver timeout exception.&#xD;
-&gt; done: PitchScreenSteps.WhenIClickOnPitch(90, 50) (4.4s)&#xD;
And I click "Foul" reason button&#xD;
-&gt; done: CardSteps.WhenIClickReasonButton("Foul") (0.2s)&#xD;
Then team 1 players are disabled&#xD;
-&gt; done: PitchPlayersComponentSteps.ThenTeamPlayersAreDisabled(1) (0.2s)&#xD;
And Latest "Penalty" event is highlighted&#xD;
-&gt; done: ActionLogSteps.ThenCardEventIsHighlighted(Penalty) (0.0s)&#xD;
And team 2 players are enabled&#xD;
-&gt; done: PitchPlayersComponentSteps.ThenTeamPlayersAreEnabled(2) (0.1s)&#xD;
And Foul label is shown in Penalty event action log&#xD;
-&gt; done: ActionLogSteps.ThenOffenceIsShownInPenaltyEventActionLog("Foul", Penalty) (0.1s)&#xD;
And Foul label of "Penalty" event in action log is in team 2 color&#xD;
-&gt; done: ActionLogSteps.ThenSubItemOfEventInActionLogIsInTeamColor("Foul", Penalty, 2) (0.1s)&#xD;
And Notification "Select the player that committed the foul..." is shown&#xD;
-&gt; done: PitchBottomMessageBarSteps.ThenIsShown("Select the player...") (0.1s)&#xD;
And "Back" button is shown&#xD;
-&gt; done: WorkflowSteps.ThenBackButtonIsVisible() (0.0s)&#xD;
And "Cancel &amp; Delete" button is shown&#xD;
-&gt; done: WorkflowSteps.ThenCancelAndDeleteButtonIsShown() (0.0s)&#xD;
And Team 2 is shown in Foul label of "Penalty" event in action log&#xD;
-&gt; done: ActionLogSteps.ThenTeamIsShownInSubItemOfEventInActionLog(2, "Foul", Penalty) (0.1s)&#xD;
And All action buttons except card and goal buttons are disabled for both teams&#xD;
-&gt; done: TeamActionButtonSteps.ThenAllActionButtonsExceptCardAndGoalButtonsAreDisabledForBothTeams() (0.6s)&#xD;
And penalty action button is selected for team "1"&#xD;
-&gt; done: TeamActionButtonSteps.ThenPenaltyActionButtonIsSelected(1) (0.0s)&#xD;
sandbox: CleanUpAfterTestRun started.&#xD;
sandbox: application pages != null: True&#xD;
sandbox: web driver!= null: True&#xD;
sandbox: CleanUpAfterTestRun complete.</StdOut>
      </Output>
    </UnitTestResult>
    <UnitTestResult executionId="830827d5-14ff-4536-9aed-b1eb0b319cff" testId="9d8aeece-6b57-25d1-6659-a1fd0f75ce6a" testName="CannotProceedIfOnlyOneNameFieldIsPopulatedForOfficialRow" computerName="EC2AMAZ-JEOO151" duration="00:00:04.7190000" startTime="2019-07-11T17:22:49.0000000+00:00" endTime="2019-07-11T17:22:54.0000000+00:00" testType="13cdc9d9-ddb5-4fa4-a97d-d965ccfc6d4b" outcome="Passed" testListId="8c84fa94-04c1-424b-9868-57a2d4851a1d" relativeResultsDirectory="830827d5-14ff-4536-9aed-b1eb0b319cff">
      <Output>
        <StdOut>sandbox: PrepareForTestRun started.&#xD;
sandbox: football liveStatsApp != null: True &#xD;
sandbox: football liveStatsApp.IsProcessRunning: True &#xD;
sandbox: setupLocalData: localDatabaseProvider != null: True&#xD;
sandbox: applicationPages != null: True&#xD;
sandbox: applicationPages.Webdriver != null: True&#xD;
sandbox: finished setuping local data&#xD;
sandbox: PrepareForTestRun complete.&#xD;
Given Home screen is visible&#xD;
-&gt; done: DashBoardSteps.GivenPrimaryApplicationHomeScreenIsVisible() (0.2s)&#xD;
When I click on enter game details manually&#xD;
-&gt; done: DashBoardSteps.WhenAsPrimaryIClickOnEnterGameDetailsManuallyButton() (0.1s)&#xD;
When mandatory game fields "Game Number", "Competition" and "Date &amp; Time" are filled&#xD;
-&gt; done: GameInformationTabSteps.GivenMandatoryGameFieldsAndAreFilled() (0.9s)&#xD;
And any one name field is filled&#xD;
-&gt; done: GameInformationTabSteps.WhenAnyOneNameFieldIsFilled() (0.5s)&#xD;
And I click Save &amp; Next button&#xD;
-&gt; done: GameSetupSteps.WhenIClickSaveNextButton() (0.1s)&#xD;
Then Does not navigate to Teams tab&#xD;
Failed to find element with query '[data-qa='teamsForm']'. Web driver timeout exception.&#xD;
-&gt; done: TeamDetailsTabSteps.ThenDoesNotNavigateToTeamsTab() (2.0s)&#xD;
And other name field for the same row is highlighted&#xD;
-&gt; done: GameInformationTabSteps.ThenOtherNameFieldForTheSameRowIsHighlighted() (0.1s)&#xD;
sandbox: CleanUpAfterTestRun started.&#xD;
sandbox: application pages != null: True&#xD;
sandbox: web driver!= null: True&#xD;
sandbox: CleanUpAfterTestRun complete.</StdOut>
      </Output>
    </UnitTestResult>
    <UnitTestResult executionId="fc58d8bd-64c5-4260-866e-248477decf5b" testId="9748ae26-e883-a8aa-bec9-de913407505e" testName="FlagAndContinueAllFreeKickSteps" computerName="EC2AMAZ-JEOO151" duration="00:00:05.7330000" startTime="2019-07-11T19:45:55.0000000+00:00" endTime="2019-07-11T19:46:01.0000000+00:00" testType="13cdc9d9-ddb5-4fa4-a97d-d965ccfc6d4b" outcome="Passed" testListId="8c84fa94-04c1-424b-9868-57a2d4851a1d" relativeResultsDirectory="fc58d8bd-64c5-4260-866e-248477decf5b">
      <Output>
        <StdOut>sandbox: PrepareForTestRun started.&#xD;
sandbox: football liveStatsApp != null: True &#xD;
sandbox: football liveStatsApp.IsProcessRunning: True &#xD;
sandbox: setupLocalData: localDatabaseProvider != null: True&#xD;
sandbox: applicationPages != null: True&#xD;
sandbox: applicationPages.Webdriver != null: True&#xD;
sandbox: finished setuping local data&#xD;
sandbox: PrepareForTestRun complete.&#xD;
Given Match started with kick off from existing game&#xD;
-&gt; done: SetupGameSteps.GivenMatchStartedWithKickOffButtonFromExistingGame() (3.3s)&#xD;
When I click Freekick button for team 1&#xD;
-&gt; done: TeamActionButtonSteps.WhenIClickFreekickButtonForTeam(1) (0.8s)&#xD;
And I flag and continue&#xD;
-&gt; done: WorkflowSteps.WhenIFlagAndContinue() (0.1s)&#xD;
And I flag and continue&#xD;
-&gt; done: WorkflowSteps.WhenIFlagAndContinue() (0.2s)&#xD;
And I click on pitch x 90 and y 40&#xD;
-&gt; done: PitchScreenSteps.WhenIClickOnPitch(90, 40) (0.2s)&#xD;
And I click on latest "FreeKick" event in action log&#xD;
-&gt; done: ActionLogSteps.GivenIClickOnLatestEventInActionLog(FreeKick) (0.2s)&#xD;
And I click review flags button in game action edit window&#xD;
-&gt; done: EditFormSteps.WhenIClickReviewFlagsButtonInGameActionEditWindow() (0.1s)&#xD;
Then 1 event in action log of type "FreeKick" is flagged&#xD;
-&gt; done: ActionLogSteps.ThenEventInActionLogOfTypeIsFlagged(1, FreeKick) (0.0s)&#xD;
And "This item was flagged by the User." is visible in review action flags dialog&#xD;
-&gt; done: EditWindowFlagsDropDownSteps.ThenIsVisibleInReviewActionFlagsDialog("This item was fla...") (0.0s)&#xD;
sandbox: CleanUpAfterTestRun started.&#xD;
sandbox: application pages != null: True&#xD;
sandbox: web driver!= null: True&#xD;
sandbox: CleanUpAfterTestRun complete.</StdOut>
      </Output>
    </UnitTestResult>
    <UnitTestResult executionId="4fcffe72-a60d-4e45-9431-6c6dbf01a5a4" testId="a4e4199c-c3af-5a47-4cc1-56f460e731c7" testName="AddedTimeCanBeFiltered" computerName="EC2AMAZ-JEOO151" duration="00:00:07.5970000" startTime="2019-07-11T19:30:43.0000000+00:00" endTime="2019-07-11T19:30:51.0000000+00:00" testType="13cdc9d9-ddb5-4fa4-a97d-d965ccfc6d4b" outcome="Passed" testListId="8c84fa94-04c1-424b-9868-57a2d4851a1d" relativeResultsDirectory="4fcffe72-a60d-4e45-9431-6c6dbf01a5a4">
      <Output>
        <StdOut>sandbox: PrepareForTestRun started.&#xD;
sandbox: football liveStatsApp != null: True &#xD;
sandbox: football liveStatsApp.IsProcessRunning: True &#xD;
sandbox: setupLocalData: localDatabaseProvider != null: True&#xD;
sandbox: applicationPages != null: True&#xD;
sandbox: applicationPages.Webdriver != null: True&#xD;
sandbox: finished setuping local data&#xD;
sandbox: PrepareForTestRun complete.&#xD;
Given Match started with kick off from existing game&#xD;
-&gt; done: SetupGameSteps.GivenMatchStartedWithKickOffButtonFromExistingGame() (3.4s)&#xD;
Given Clock minutes value is set to "44"&#xD;
-&gt; done: PitchClockSteps.WhenISetClockMinutesValueTo(44) (1.5s)&#xD;
And "time input" value is set to "3" on the clock&#xD;
-&gt; done: PitchClockSteps.WhenISetTimeInputValueTo(3) (0.1s)&#xD;
And "Add Time" button on the clock is clicked&#xD;
-&gt; done: PitchClockSteps.GivenIClickAddTimeButtonOnTheClock() (0.1s)&#xD;
And Throw in added for Team 1&#xD;
-&gt; done: ThrowInEditSteps.GivenThrowInAddedForTeam(1) (0.7s)&#xD;
And Injury for Team 1 player with shirt id 4 is registered&#xD;
-&gt; done: PlayerInjuryEditSteps.GivenInjuryForTeamIsRegistered(1, 4) (0.6s)&#xD;
When I open Expanded Action log&#xD;
-&gt; done: ActionLogSteps.WhenIClickExpandActionLogButton() (0.3s)&#xD;
And I select added time filter&#xD;
-&gt; done: FilterSteps.WhenISelectAddedTimeFilter() (0.1s)&#xD;
Then Expanded action log contains "1" items&#xD;
-&gt; done: ExpandedActionLogSteps.ThenExpandedActionLogContainsItemsCount(1) (0.0s)&#xD;
And "Added time" Action is displayed at 1 in expanded action log&#xD;
-&gt; done: ExpandedActionLogSteps.ThenGoalActionIsDisplayedAtInExpandedActionLog("Added time", 1) (0.0s)&#xD;
sandbox: CleanUpAfterTestRun started.&#xD;
sandbox: application pages != null: True&#xD;
sandbox: web driver!= null: True&#xD;
sandbox: CleanUpAfterTestRun complete.</StdOut>
      </Output>
    </UnitTestResult>
    <UnitTestResult executionId="d74d434b-6812-4827-8ed4-732698b6e77e" testId="759f43f9-33c5-80a8-9279-d613492ce3d4" testName="InsertSubstitutionInPeriodBreakIsShownOnPitchPlayer(&quot;before&quot;,&quot;GameStart&quot;,null)" computerName="EC2AMAZ-JEOO151" duration="00:00:11.8000000" startTime="2019-07-11T18:43:52.0000000+00:00" endTime="2019-07-11T18:44:04.0000000+00:00" testType="13cdc9d9-ddb5-4fa4-a97d-d965ccfc6d4b" outcome="Passed" testListId="8c84fa94-04c1-424b-9868-57a2d4851a1d" relativeResultsDirectory="d74d434b-6812-4827-8ed4-732698b6e77e">
      <Output>
        <StdOut>sandbox: PrepareForTestRun started.&#xD;
sandbox: football liveStatsApp != null: True &#xD;
sandbox: football liveStatsApp.IsProcessRunning: True &#xD;
sandbox: setupLocalData: localDatabaseProvider != null: True&#xD;
sandbox: applicationPages != null: True&#xD;
sandbox: applicationPages.Webdriver != null: True&#xD;
sandbox: finished setuping local data&#xD;
sandbox: PrepareForTestRun complete.&#xD;
Given Second period started from existing game&#xD;
-&gt; done: SetupGameSteps.GivenSecondPeriodStartedFromExistingGame() (6.4s)&#xD;
When I click Expand Action log button&#xD;
-&gt; done: ActionLogSteps.WhenIClickExpandActionLogButton() (0.3s)&#xD;
And I insert "Substitute" before "GameStart"&#xD;
-&gt; done: ExpandedActionLogSteps.WhenIInsertBefore(Substitute, GameStart) (0.3s)&#xD;
And I click team 1 in edit form&#xD;
-&gt; done: EditFormSteps.WhenIClickTeamInEditForm(1) (0.1s)&#xD;
And I click player with shirt number 24 from "bench" list&#xD;
-&gt; done: SubstitutionEditSteps.WhenIClickPlayerWithShirtNumberFromList(24, "bench") (0.3s)&#xD;
And I click player with shirt number 4 from "pitch" list&#xD;
-&gt; done: SubstitutionEditSteps.WhenIClickPlayerWithShirtNumberFromList(4, "pitch") (0.2s)&#xD;
And I click Save button in action edit form&#xD;
-&gt; done: EditFormSteps.ClickSaveButtonInActionEditForm() (0.7s)&#xD;
And I close expanded action log page&#xD;
-&gt; done: ExpandedActionLogSteps.WhenICloseExpandedActionLogPage() (0.1s)&#xD;
Then Substitution insert view is not visible&#xD;
Failed to find element with query '[data-qa='subsEditWrapper']'. Web driver timeout exception.&#xD;
-&gt; done: SubstitutionEditSteps.ThenSubstitutionEditViewIsNotVisible() (2.0s)&#xD;
And player with shirt number 24 of team 1 is on pitch&#xD;
-&gt; done: PitchPlayersComponentSteps.ThenWithShirtNumberFromTeamIsOnPitch(24, 1) (0.3s)&#xD;
And player with shirt number 4 of team 1 is not on pitch&#xD;
-&gt; done: PitchPlayersComponentSteps.ThenWithShirtNumberFromTeamIsNotOnPitch(4, 1) (0.2s)&#xD;
sandbox: CleanUpAfterTestRun started.&#xD;
sandbox: application pages != null: True&#xD;
sandbox: web driver!= null: True&#xD;
sandbox: CleanUpAfterTestRun complete.</StdOut>
      </Output>
    </UnitTestResult>
    <UnitTestResult executionId="a2fb5bcd-7ecf-4173-8613-2cb173b9d415" testId="2a8d6886-96cd-123e-3ba7-6f1bfe483f38" testName="FootballPlayersTabIsPopulatedWithPre_MatchData" computerName="EC2AMAZ-JEOO151" duration="00:00:05.7950000" startTime="2019-07-11T17:22:15.0000000+00:00" endTime="2019-07-11T17:22:21.0000000+00:00" testType="13cdc9d9-ddb5-4fa4-a97d-d965ccfc6d4b" outcome="Passed" testListId="8c84fa94-04c1-424b-9868-57a2d4851a1d" relativeResultsDirectory="a2fb5bcd-7ecf-4173-8613-2cb173b9d415">
      <Output>
        <StdOut>sandbox: PrepareForTestRun started.&#xD;
sandbox: football liveStatsApp != null: True &#xD;
sandbox: football liveStatsApp.IsProcessRunning: True &#xD;
sandbox: setupLocalData: localDatabaseProvider != null: True&#xD;
sandbox: applicationPages != null: True&#xD;
sandbox: applicationPages.Webdriver != null: True&#xD;
sandbox: finished setuping local data&#xD;
sandbox: PrepareForTestRun complete.&#xD;
Given Load Game Using Match Key Dialog Is Opened&#xD;
-&gt; done: DashBoardSteps.GivenLoadGameUsingMatchKeyDialogIsOpened() (0.3s)&#xD;
When I enter match key 152OZG089RYM4N5KQHR8&#xD;
-&gt; done: DashBoardSteps.WhenIEnterMatchKey("152OZG089RYM4N5KQHR8") (0.2s)&#xD;
And I click Next button&#xD;
-&gt; done: DashBoardSteps.WhenIClickNextButton() (0.1s)&#xD;
And I skip statistician network verification tab&#xD;
-&gt; done: GameSetupSteps.GivenISkipStatisticianNetworkVerificationTab() (0.5s)&#xD;
And I click Save &amp; Next button&#xD;
-&gt; done: GameSetupSteps.WhenIClickSaveNextButton() (0.2s)&#xD;
When Team 1 Color picker is clicked&#xD;
-&gt; done: TeamDetailsTabSteps.GivenTeamColorPickerIsClicked(1) (1.4s)&#xD;
And "red" color is selected for team 1&#xD;
-&gt; done: TeamDetailsTabSteps.WhenColorIsSelectedForTeam("red", 1) (0.1s)&#xD;
When Team 2 Color picker is clicked&#xD;
-&gt; done: TeamDetailsTabSteps.GivenTeamColorPickerIsClicked(2) (0.1s)&#xD;
And "blue" color is selected for team 2&#xD;
-&gt; done: TeamDetailsTabSteps.WhenColorIsSelectedForTeam("blue", 2) (0.1s)&#xD;
And I click Save &amp; Next button&#xD;
-&gt; done: GameSetupSteps.WhenIClickSaveNextButton() (0.1s)&#xD;
Then Player Tab Opens&#xD;
-&gt; done: PlayersTabSteps.ThenPlayerTabOpens() (0.7s)&#xD;
And Team 1 Player 1 Name Is "Joel"&#xD;
-&gt; done: PlayersTabSteps.ThenTeamPlayerNameIs(1, 1, "Joel") (0.0s)&#xD;
And Team 1 Player 1 Last Name Is "Campbell"&#xD;
-&gt; done: PlayersTabSteps.ThenTeamPlayerLastNameIs(1, 1, "Campbell") (0.0s)&#xD;
And Team 1 Player 3 Number Is "4"&#xD;
-&gt; done: PlayersTabSteps.ThenTeamPlayerJerseyNumberIs(1, 3, "4") (0.0s)&#xD;
And Team 1 Player 3 Name Is "Per"&#xD;
-&gt; done: PlayersTabSteps.ThenTeamPlayerNameIs(1, 3, "Per") (0.0s)&#xD;
And Team 1 Player 3 Last Name Is "Mertesacker"&#xD;
-&gt; done: PlayersTabSteps.ThenTeamPlayerLastNameIs(1, 3, "Mertesacker") (0.0s)&#xD;
And Team 1 Player 3 Is Starter&#xD;
-&gt; done: PlayersTabSteps.ThenTeamPlayerIsStarter(1, 3) (0.0s)&#xD;
And Team 1 Player 16 Number Is "22"&#xD;
-&gt; done: PlayersTabSteps.ThenTeamPlayerJerseyNumberIs(1, 16, "22") (0.0s)&#xD;
And Team 1 Player 16 Name Is "Jeff"&#xD;
-&gt; done: PlayersTabSteps.ThenTeamPlayerNameIs(1, 16, "Jeff") (0.0s)&#xD;
And Team 1 Player 16 Last Name Is "Reine-Adelaide"&#xD;
-&gt; done: PlayersTabSteps.ThenTeamPlayerLastNameIs(1, 16, "Reine-Adelaide") (0.0s)&#xD;
And Team 1 Player 16 Is Starter&#xD;
-&gt; done: PlayersTabSteps.ThenTeamPlayerIsStarter(1, 16) (0.0s)&#xD;
And Team 2 Player 1 Number Is "1"&#xD;
-&gt; done: PlayersTabSteps.ThenTeamPlayerJerseyNumberIs(2, 1, "1") (0.0s)&#xD;
And Team 2 Player 1 Name Is "Hugo"&#xD;
-&gt; done: PlayersTabSteps.ThenTeamPlayerNameIs(2, 1, "Hugo") (0.0s)&#xD;
And Team 2 Player 1 Last Name Is "Lloris"&#xD;
-&gt; done: PlayersTabSteps.ThenTeamPlayerLastNameIs(2, 1, "Lloris") (0.0s)&#xD;
And Team 2 Player 1 Is Starter&#xD;
-&gt; done: PlayersTabSteps.ThenTeamPlayerIsStarter(2, 1) (0.0s)&#xD;
And Team 2 Player 17 Number Is "21"&#xD;
-&gt; done: PlayersTabSteps.ThenTeamPlayerJerseyNumberIs(2, 17, "21") (0.0s)&#xD;
And Team 2 Player 17 Name Is "Juan"&#xD;
-&gt; done: PlayersTabSteps.ThenTeamPlayerNameIs(2, 17, "Juan") (0.0s)&#xD;
And Team 2 Player 17 Last Name Is "Foyth"&#xD;
-&gt; done: PlayersTabSteps.ThenTeamPlayerLastNameIs(2, 17, "Foyth") (0.0s)&#xD;
And Team 2 Player 17 Is Starter&#xD;
-&gt; done: PlayersTabSteps.ThenTeamPlayerIsStarter(2, 17) (0.0s)&#xD;
sandbox: CleanUpAfterTestRun started.&#xD;
sandbox: application pages != null: True&#xD;
sandbox: web driver!= null: True&#xD;
Given action failed. Retrying after a timeout. Most likely UI was not fast enough to refresh itself.&#xD;
sandbox: CleanUpAfterTestRun complete.</StdOut>
      </Output>
    </UnitTestResult>
    <UnitTestResult executionId="2d8971f7-9893-44b2-92d1-b77d8ca9fe9a" testId="0a94e079-8b07-b2c2-8ed2-766e538570c2" testName="GivenGameInProgress_WhenConfirmingCard_ThenCardIsRegisteredForPlayer(Red,2,5,Red,&quot;Red&quot;)" computerName="EC2AMAZ-JEOO151" duration="00:00:08.0840000" startTime="2019-07-11T20:55:43.0000000+00:00" endTime="2019-07-11T20:55:51.0000000+00:00" testType="13cdc9d9-ddb5-4fa4-a97d-d965ccfc6d4b" outcome="Passed" testListId="8c84fa94-04c1-424b-9868-57a2d4851a1d" relativeResultsDirectory="2d8971f7-9893-44b2-92d1-b77d8ca9fe9a">
      <Output>
        <StdOut>sandbox: PrepareForTestRun started.&#xD;
sandbox: football liveStatsApp != null: True &#xD;
sandbox: football liveStatsApp.IsProcessRunning: True &#xD;
sandbox: setupLocalData: localDatabaseProvider != null: True&#xD;
sandbox: applicationPages != null: True&#xD;
sandbox: applicationPages.Webdriver != null: True&#xD;
sandbox: finished setuping local data&#xD;
sandbox: PrepareForTestRun complete.&#xD;
sandbox: CleanUpAfterTestRun started.&#xD;
sandbox: application pages != null: True&#xD;
sandbox: web driver!= null: True&#xD;
sandbox: CleanUpAfterTestRun complete.</StdOut>
      </Output>
    </UnitTestResult>
    <UnitTestResult executionId="48c219cc-9d5b-4fb8-87dd-3ac85bc511b7" testId="dc27714b-38b4-9d81-e7fb-c83946049026" testName="GivenThrowInEditOpen_WhenChangingTeam_ThenEnablesSave" computerName="EC2AMAZ-JEOO151" duration="00:00:05.8850000" startTime="2019-07-11T20:45:13.0000000+00:00" endTime="2019-07-11T20:45:19.0000000+00:00" testType="13cdc9d9-ddb5-4fa4-a97d-d965ccfc6d4b" outcome="Passed" testListId="8c84fa94-04c1-424b-9868-57a2d4851a1d" relativeResultsDirectory="48c219cc-9d5b-4fb8-87dd-3ac85bc511b7">
      <Output>
        <StdOut>sandbox: PrepareForTestRun started.&#xD;
sandbox: football liveStatsApp != null: True &#xD;
sandbox: football liveStatsApp.IsProcessRunning: True &#xD;
sandbox: setupLocalData: localDatabaseProvider != null: True&#xD;
sandbox: applicationPages != null: True&#xD;
sandbox: applicationPages.Webdriver != null: True&#xD;
sandbox: finished setuping local data&#xD;
sandbox: PrepareForTestRun complete.&#xD;
Given action failed. Retrying after a timeout.&#xD;
sandbox: CleanUpAfterTestRun started.&#xD;
sandbox: application pages != null: True&#xD;
sandbox: web driver!= null: True&#xD;
sandbox: CleanUpAfterTestRun complete.</StdOut>
      </Output>
    </UnitTestResult>
    <UnitTestResult executionId="67d36d2b-4382-440e-abad-8dcc8dcc3865" testId="ecf44896-5fca-1e81-c0c2-b04df6dffab0" testName="CanUnselectAllChosenPlayersForSubstitution" computerName="EC2AMAZ-JEOO151" duration="00:00:07.7170000" startTime="2019-07-11T19:28:06.0000000+00:00" endTime="2019-07-11T19:28:14.0000000+00:00" testType="13cdc9d9-ddb5-4fa4-a97d-d965ccfc6d4b" outcome="Passed" testListId="8c84fa94-04c1-424b-9868-57a2d4851a1d" relativeResultsDirectory="67d36d2b-4382-440e-abad-8dcc8dcc3865">
      <Output>
        <StdOut>sandbox: PrepareForTestRun started.&#xD;
sandbox: football liveStatsApp != null: True &#xD;
sandbox: football liveStatsApp.IsProcessRunning: True &#xD;
sandbox: setupLocalData: localDatabaseProvider != null: True&#xD;
sandbox: applicationPages != null: True&#xD;
sandbox: applicationPages.Webdriver != null: True&#xD;
sandbox: finished setuping local data&#xD;
sandbox: PrepareForTestRun complete.&#xD;
Given Match started with kick off from existing game&#xD;
-&gt; done: SetupGameSteps.GivenMatchStartedWithKickOffButtonFromExistingGame() (3.2s)&#xD;
Given started substitution for team "2" in pitch view&#xD;
-&gt; done: SubstitutionSteps.WhenIClickSubBenchButtonInSubstitutionRecord(2) (0.5s)&#xD;
And player "24" for sub in and player "4" for sub out were selected from team "2"&#xD;
-&gt; done: SubstitutionSteps.WhenIChoosePlayerFromTeamForSubIn(24, 4, 2) (0.5s)&#xD;
And player "26" for sub in and player "6" for sub out were selected from team "2"&#xD;
-&gt; done: SubstitutionSteps.WhenIChoosePlayerFromTeamForSubIn(26, 6, 2) (0.5s)&#xD;
When I unselect player "26" from team "2" for sub in&#xD;
-&gt; done: SubstitutionSteps.WhenIChoosePlayerFromTeamForSubIn(26, 2) (0.3s)&#xD;
And I unselect player "4" from team "2" for sub out&#xD;
-&gt; done: SubstitutionSteps.WhenIChoosePlayerFromTeamForSubOut(4, 2) (0.2s)&#xD;
And I unselect player "24" from team "2" for sub in&#xD;
-&gt; done: SubstitutionSteps.WhenIChoosePlayerFromTeamForSubIn(24, 2) (0.2s)&#xD;
And I unselect player "6" from team "2" for sub out&#xD;
-&gt; done: SubstitutionSteps.WhenIChoosePlayerFromTeamForSubOut(6, 2) (0.2s)&#xD;
Then there are no substitutions for team "2" to confirm&#xD;
Failed to find element with query '[data-qa='subPairs']'. Web driver timeout exception.&#xD;
-&gt; done: SubstitutionSteps.ThenThereAreNoSubstitutions(2) (1.2s)&#xD;
And "2" team subs remaining "3/3" is visible in record substitutions&#xD;
-&gt; done: SubstitutionSteps.ThenTeamSubsRemainingIsVisibleInRecordSubstitutions(2, "3/3") (0.1s)&#xD;
sandbox: CleanUpAfterTestRun started.&#xD;
sandbox: application pages != null: True&#xD;
sandbox: web driver!= null: True&#xD;
sandbox: CleanUpAfterTestRun complete.</StdOut>
      </Output>
    </UnitTestResult>
    <UnitTestResult executionId="0dc3f631-1d6d-45fd-91e2-660a5ee89e2f" testId="24af1ac4-e4b0-4753-147e-71cd6b482e58" testName="FootballFinishPenaltyShot_OffMissWorkflow(&quot;2&quot;,&quot;1&quot;,&quot;No Save&quot;,&quot;10&quot;,&quot;50&quot;,&quot;8&quot;,&quot;11&quot;,null)" computerName="EC2AMAZ-JEOO151" duration="00:00:16.1500000" startTime="2019-07-11T19:04:19.0000000+00:00" endTime="2019-07-11T19:04:35.0000000+00:00" testType="13cdc9d9-ddb5-4fa4-a97d-d965ccfc6d4b" outcome="Passed" testListId="8c84fa94-04c1-424b-9868-57a2d4851a1d" relativeResultsDirectory="0dc3f631-1d6d-45fd-91e2-660a5ee89e2f">
      <Output>
        <StdOut>sandbox: PrepareForTestRun started.&#xD;
sandbox: football liveStatsApp != null: True &#xD;
sandbox: football liveStatsApp.IsProcessRunning: True &#xD;
sandbox: setupLocalData: localDatabaseProvider != null: True&#xD;
sandbox: applicationPages != null: True&#xD;
sandbox: applicationPages.Webdriver != null: True&#xD;
sandbox: finished setuping local data&#xD;
sandbox: PrepareForTestRun complete.&#xD;
Given Match started with kick off from existing game&#xD;
-&gt; done: SetupGameSteps.GivenMatchStartedWithKickOffButtonFromExistingGame() (3.2s)&#xD;
When I click "Possible Penalty" button for team 2&#xD;
Given action failed. Retrying after a timeout.&#xD;
-&gt; done: TeamActionButtonSteps.GivenIClickPossiblePenaltyButtonForTeam(2) (0.9s)&#xD;
And I confirm penalty by clicking "Confirm" button&#xD;
-&gt; done: PenaltySteps.WhenIConfirmPenaltyByClickingButton() (2.2s)&#xD;
And I click on pitch x 10 and y 50&#xD;
Failed to find element with query '[data-qa='activePitchOverlay']'. Web driver timeout exception.&#xD;
Given action failed. Retrying after a timeout.&#xD;
Failed to find element with query '[data-qa='activePitchOverlay']'. Web driver timeout exception.&#xD;
-&gt; done: PitchScreenSteps.WhenIClickOnPitch(10, 50) (4.4s)&#xD;
And I click "Foul" reason button&#xD;
-&gt; done: CardSteps.WhenIClickReasonButton("Foul") (0.2s)&#xD;
And I click on team 1 player on pitch with shirt number 8&#xD;
-&gt; done: PitchPlayersComponentSteps.WhenIClickOnTeamPlayerOnPitchWithShirtNumber(1, 8) (0.3s)&#xD;
And I click on team 2 player on pitch with shirt number 11&#xD;
-&gt; done: PitchPlayersComponentSteps.WhenIClickOnTeamPlayerOnPitchWithShirtNumber(2, 11) (0.4s)&#xD;
And I click "Penalty Shot Off Target" Button&#xD;
-&gt; done: PenaltySteps.WhenIClickPenaltyShotOffTargetButton() (0.2s)&#xD;
And I click on net x "10" and y "10"&#xD;
-&gt; done: NetSectionSteps.WhenIClickOnNetXAndY(10, 10) (0.2s)&#xD;
And I click "No Save" Button&#xD;
-&gt; done: PenaltySteps.WhenIClickNoSaveButton() (0.2s)&#xD;
Then Pitch View is shown&#xD;
-&gt; done: PitchScreenSteps.PitchViewIsShown() (0.0s)&#xD;
And Score is 0 for team 2&#xD;
-&gt; done: ScoreBoardSteps.ThenScoreIsForTeam(0, 2) (0.1s)&#xD;
And Score is 0 for team 1&#xD;
-&gt; done: ScoreBoardSteps.ThenScoreIsForTeam(0, 1) (0.1s)&#xD;
And Action Buttons are enabled&#xD;
-&gt; done: TeamActionButtonSteps.ThenActionButtonsAreEnabled() (0.7s)&#xD;
And Player on pitch with shirt number 11 of team 2 do not have goal icon&#xD;
Failed to find data-qa element with tag 'playerGoals'. No such element exception.&#xD;
-&gt; done: PitchPlayersComponentSteps.ThenPlayerOnPitchWithShirtNumberOfTeamDoNotHaveGoalIcon(11, 2) (2.2s)&#xD;
sandbox: CleanUpAfterTestRun started.&#xD;
sandbox: application pages != null: True&#xD;
sandbox: web driver!= null: True&#xD;
sandbox: CleanUpAfterTestRun complete.</StdOut>
      </Output>
    </UnitTestResult>
    <UnitTestResult executionId="a8a8fd09-9464-4cc8-a56a-415bdc0ffc8e" testId="d5462037-2a12-d65c-66a6-3c74a9227ebc" testName="SelectOffsideForFreekick(&quot;1&quot;,null)" computerName="EC2AMAZ-JEOO151" duration="00:00:06.7170000" startTime="2019-07-11T18:57:22.0000000+00:00" endTime="2019-07-11T18:57:29.0000000+00:00" testType="13cdc9d9-ddb5-4fa4-a97d-d965ccfc6d4b" outcome="Passed" testListId="8c84fa94-04c1-424b-9868-57a2d4851a1d" relativeResultsDirectory="a8a8fd09-9464-4cc8-a56a-415bdc0ffc8e">
      <Output>
        <StdOut>sandbox: PrepareForTestRun started.&#xD;
sandbox: football liveStatsApp != null: True &#xD;
sandbox: football liveStatsApp.IsProcessRunning: True &#xD;
sandbox: setupLocalData: localDatabaseProvider != null: True&#xD;
sandbox: applicationPages != null: True&#xD;
sandbox: applicationPages.Webdriver != null: True&#xD;
sandbox: finished setuping local data&#xD;
sandbox: PrepareForTestRun complete.&#xD;
Given Match started with kick off from existing game&#xD;
-&gt; done: SetupGameSteps.GivenMatchStartedWithKickOffButtonFromExistingGame() (3.3s)&#xD;
When I click Freekick button for team 1&#xD;
Given action failed. Retrying after a timeout.&#xD;
-&gt; done: TeamActionButtonSteps.WhenIClickFreekickButtonForTeam(1) (0.9s)&#xD;
And I click on pitch x 20 and y 50&#xD;
-&gt; done: PitchScreenSteps.WhenIClickOnPitch(20, 50) (0.1s)&#xD;
And I click "Offside" button in freekick reason dialog&#xD;
-&gt; done: FreeKickSteps.WhenIClickButtonInFreekickReasonDialog("Offside") (0.2s)&#xD;
Then team 1 players are disabled&#xD;
-&gt; done: PitchPlayersComponentSteps.ThenTeamPlayersAreDisabled(1) (0.2s)&#xD;
Then team 2 players are disabled&#xD;
-&gt; done: PitchPlayersComponentSteps.ThenTeamPlayersAreDisabled(2) (0.1s)&#xD;
And "OFFSIDE" is shown in freekick event action&#xD;
-&gt; done: ActionLogSteps.ThenIsShownInFreekickEventAction("OFFSIDE") (0.1s)&#xD;
And Notification "Indicate where the ball has landed..." is shown&#xD;
-&gt; done: PitchBottomMessageBarSteps.ThenIsShown("Indicate where th...") (0.1s)&#xD;
sandbox: CleanUpAfterTestRun started.&#xD;
sandbox: application pages != null: True&#xD;
sandbox: web driver!= null: True&#xD;
sandbox: CleanUpAfterTestRun complete.</StdOut>
      </Output>
    </UnitTestResult>
    <UnitTestResult executionId="8ec0da96-5bac-4a3a-a4ca-b2e73f18cff5" testId="b7e4bff4-2350-92b5-523e-a85eada67484" testName="SaveCardVARWithOverturnedOutcome" computerName="EC2AMAZ-JEOO151" duration="00:00:10.1320000" startTime="2019-07-11T17:50:19.0000000+00:00" endTime="2019-07-11T17:50:29.0000000+00:00" testType="13cdc9d9-ddb5-4fa4-a97d-d965ccfc6d4b" outcome="Passed" testListId="8c84fa94-04c1-424b-9868-57a2d4851a1d" relativeResultsDirectory="8ec0da96-5bac-4a3a-a4ca-b2e73f18cff5">
      <Output>
        <StdOut>sandbox: PrepareForTestRun started.&#xD;
sandbox: football liveStatsApp != null: True &#xD;
sandbox: football liveStatsApp.IsProcessRunning: True &#xD;
sandbox: setupLocalData: localDatabaseProvider != null: True&#xD;
sandbox: applicationPages != null: True&#xD;
sandbox: applicationPages.Webdriver != null: True&#xD;
sandbox: finished setuping local data&#xD;
sandbox: PrepareForTestRun complete.&#xD;
Given Match started with kick off from existing game&#xD;
-&gt; done: SetupGameSteps.GivenMatchStartedWithKickOffButtonFromExistingGame() (3.4s)&#xD;
And I remembered current players on pitch shirt numbers&#xD;
-&gt; done: GoalEditSteps.GivenIRememberCurrentPlayersOnPitch() (1.5s)&#xD;
Given "Yellow" Card for Team "1" player with shirt number "4" is registered&#xD;
Given action failed. Retrying after a timeout.&#xD;
-&gt; done: CardSteps.GivenCardForTeamPlayerWithShirtNumberIsRegistered(Yellow, 1, 4) (3.2s)&#xD;
When I click on 1 of type "Booking" event in action log&#xD;
-&gt; done: ActionLogSteps.GivenIClickOnLatestEventInActionLog(1, Booking) (0.2s)&#xD;
When I click "VAR" toggle&#xD;
-&gt; done: EditFormSteps.GivenIClickToggleToEnable() (0.1s)&#xD;
And I click Var "Overturned" button&#xD;
-&gt; done: EditFormSteps.WhenIClickVarOverturnedButton() (0.1s)&#xD;
And I click Save button in action edit form&#xD;
-&gt; done: EditFormSteps.ClickSaveButtonInActionEditForm() (0.6s)&#xD;
Then VAR label is shown in Booking event action log&#xD;
-&gt; done: ActionLogSteps.ThenOffenceIsShownInPenaltyEventActionLog("VAR", Booking) (0.1s)&#xD;
And VAR label of "Booking" event in action log contains "Card Overturned" message&#xD;
-&gt; done: ActionLogSteps.ThenSubItemOfEventInActionLogIsInTeamColor("VAR", Booking, "Card Overturned") (0.1s)&#xD;
sandbox: CleanUpAfterTestRun started.&#xD;
sandbox: application pages != null: True&#xD;
sandbox: web driver!= null: True&#xD;
sandbox: CleanUpAfterTestRun complete.</StdOut>
      </Output>
    </UnitTestResult>
    <UnitTestResult executionId="7a674048-a2cc-46e5-82d6-3be764ef58da" testId="ddf853f2-88b6-cc4f-e264-5fa70a2464c6" testName="SelectCard(&quot;Red&quot;,&quot;Red&quot;,null)" computerName="EC2AMAZ-JEOO151" duration="00:00:04.8860000" startTime="2019-07-11T18:55:13.0000000+00:00" endTime="2019-07-11T18:55:18.0000000+00:00" testType="13cdc9d9-ddb5-4fa4-a97d-d965ccfc6d4b" outcome="Passed" testListId="8c84fa94-04c1-424b-9868-57a2d4851a1d" relativeResultsDirectory="7a674048-a2cc-46e5-82d6-3be764ef58da">
      <Output>
        <StdOut>sandbox: PrepareForTestRun started.&#xD;
sandbox: football liveStatsApp != null: True &#xD;
sandbox: football liveStatsApp.IsProcessRunning: True &#xD;
sandbox: setupLocalData: localDatabaseProvider != null: True&#xD;
sandbox: applicationPages != null: True&#xD;
sandbox: applicationPages.Webdriver != null: True&#xD;
sandbox: finished setuping local data&#xD;
sandbox: PrepareForTestRun complete.&#xD;
Given Match started with kick off from existing game&#xD;
-&gt; done: SetupGameSteps.GivenMatchStartedWithKickOffButtonFromExistingGame() (3.2s)&#xD;
When I click on team 1 possible "Red"&#xD;
-&gt; done: TeamActionButtonSteps.StartPossibleCardRegistration(1, Red) (0.6s)&#xD;
And I click "Red" card button&#xD;
-&gt; done: TeamActionButtonSteps.WhenIClickCardButton("Red") (0.1s)&#xD;
Then Confirmation dialog is displayed&#xD;
-&gt; done: CardSteps.ThenConfirmationDialogIsDisplayed() (0.1s)&#xD;
And "Confirm" button is shown in booking confirmation dialog&#xD;
-&gt; done: CardSteps.ThenButtonIsShownInConfirmationDialog("Confirm") (0.0s)&#xD;
And "Cancel &amp; Delete" button is shown in booking confirmation dialog&#xD;
-&gt; done: CardSteps.ThenButtonIsShownInConfirmationDialog("Cancel &amp; Delete") (0.0s)&#xD;
sandbox: CleanUpAfterTestRun started.&#xD;
sandbox: application pages != null: True&#xD;
sandbox: web driver!= null: True&#xD;
sandbox: CleanUpAfterTestRun complete.</StdOut>
      </Output>
    </UnitTestResult>
    <UnitTestResult executionId="9e7955ec-4f7a-4929-8ffa-001854e29f29" testId="6ce4769e-dd0b-e32e-28bc-c25901aee4e4" testName="EditGoalKickDuringWorkflowInPSOFromExpandedActionLog" computerName="EC2AMAZ-JEOO151" duration="00:00:18.2150000" startTime="2019-07-11T17:53:55.0000000+00:00" endTime="2019-07-11T17:54:13.0000000+00:00" testType="13cdc9d9-ddb5-4fa4-a97d-d965ccfc6d4b" outcome="Passed" testListId="8c84fa94-04c1-424b-9868-57a2d4851a1d" relativeResultsDirectory="9e7955ec-4f7a-4929-8ffa-001854e29f29">
      <Output>
        <StdOut>sandbox: PrepareForTestRun started.&#xD;
sandbox: football liveStatsApp != null: True &#xD;
sandbox: football liveStatsApp.IsProcessRunning: True &#xD;
sandbox: setupLocalData: localDatabaseProvider != null: True&#xD;
sandbox: applicationPages != null: True&#xD;
sandbox: applicationPages.Webdriver != null: True&#xD;
sandbox: finished setuping local data&#xD;
sandbox: PrepareForTestRun complete.&#xD;
Given Match started with kick off from existing game&#xD;
-&gt; done: SetupGameSteps.GivenMatchStartedWithKickOffButtonFromExistingGame() (3.3s)&#xD;
Given GoalKick for Team 1 is registered&#xD;
Given action failed. Retrying after a timeout.&#xD;
-&gt; done: GoalKickSteps.GivenGoalKickForTeamIsRegistered(1) (1.1s)&#xD;
And penalty shoot-out phase setuped from first half in progress&#xD;
-&gt; done: PitchClockSteps.GivenGamePenaltyShootOutPhaseStartedFromGameInFirstHalfInProgress() (11.4s)&#xD;
When I kick-off half in clock&#xD;
-&gt; done: PitchClockSteps.WhenKickOffNextHalf() (0.2s)&#xD;
And I click on team 2 player on pitch with shirt number 4&#xD;
-&gt; done: PitchPlayersComponentSteps.WhenIClickOnTeamPlayerOnPitchWithShirtNumber(2, 4) (0.3s)&#xD;
And I open Expanded Action log&#xD;
-&gt; done: ActionLogSteps.WhenIClickExpandActionLogButton() (0.2s)&#xD;
And I open last "GoalKick" action edit view from expanded action log&#xD;
-&gt; done: ExpandedActionLogSteps.WhenIOpenLastActionEditViewFromExpandedActionLog(GoalKick) (0.1s)&#xD;
And I click Flag &amp; Save button in action edit form&#xD;
-&gt; done: EditFormSteps.ClickFlagAndSaveInActionEditForm() (0.4s)&#xD;
And I close expanded action log page&#xD;
-&gt; done: ExpandedActionLogSteps.WhenICloseExpandedActionLogPage() (0.2s)&#xD;
Then 1 event in action log of type "GoalKick" is flagged&#xD;
-&gt; done: ActionLogSteps.ThenEventInActionLogOfTypeIsFlagged(1, GoalKick) (0.0s)&#xD;
And Penalty shootout outcome selection is visible&#xD;
-&gt; done: PenaltyShootoutSteps.ThenPenaltyShootoutOutcomeSelectionIsVisible() (0.0s)&#xD;
sandbox: CleanUpAfterTestRun started.&#xD;
sandbox: application pages != null: True&#xD;
sandbox: web driver!= null: True&#xD;
sandbox: CleanUpAfterTestRun complete.</StdOut>
      </Output>
    </UnitTestResult>
    <UnitTestResult executionId="cb3d4344-0645-4c59-aa13-440f0b12a3cf" testId="29687d4f-90e3-eaed-29b6-04aad7b34311" testName="InsertGoalPenaltyShootoutKickAfterOrBeforeLastEvent(&quot;after&quot;,&quot;1&quot;,&quot;0 - 0 (1 - 1)&quot;,&quot;2&quot;,&quot;1&quot;,null)" computerName="EC2AMAZ-JEOO151" duration="00:00:24.5650000" startTime="2019-07-11T18:35:19.0000000+00:00" endTime="2019-07-11T18:35:43.0000000+00:00" testType="13cdc9d9-ddb5-4fa4-a97d-d965ccfc6d4b" outcome="Passed" testListId="8c84fa94-04c1-424b-9868-57a2d4851a1d" relativeResultsDirectory="cb3d4344-0645-4c59-aa13-440f0b12a3cf">
      <Output>
        <StdOut>sandbox: PrepareForTestRun started.&#xD;
sandbox: football liveStatsApp != null: True &#xD;
sandbox: football liveStatsApp.IsProcessRunning: True &#xD;
sandbox: setupLocalData: localDatabaseProvider != null: True&#xD;
sandbox: applicationPages != null: True&#xD;
sandbox: applicationPages.Webdriver != null: True&#xD;
sandbox: finished setuping local data&#xD;
sandbox: PrepareForTestRun complete.&#xD;
Given penalty shoot-out phase started&#xD;
-&gt; done: PitchClockSteps.GivenGamePenaltyShoot_OutPhaseStarted() (14.7s)&#xD;
And I remembered current players on pitch shirt numbers&#xD;
-&gt; done: GoalEditSteps.GivenIRememberCurrentPlayersOnPitch() (1.2s)&#xD;
And I recorded penalty shoot-out kick "Goal" for team 2 player with shirt number 1&#xD;
-&gt; done: PenaltyShootoutSteps.WhenIRecordPenaltyShoot_OutKickGoalForTeamPlayerWithShirtNumber(2, 1) (2.7s)&#xD;
When I click Expand Action log button&#xD;
-&gt; done: ActionLogSteps.WhenIClickExpandActionLogButton() (0.3s)&#xD;
And I insert "PenaltyShootoutKick" after last action in expanded action log&#xD;
-&gt; done: ExpandedActionLogSteps.WhenIInsertPenaltyAfterLastActionInExpandedActionLog(PenaltyShootoutKick) (0.3s)&#xD;
And I choose player with number 6 from team 1 as penalty taker&#xD;
-&gt; done: PenaltyShootoutEditSteps.WhenIChoosePlayerWithNumberFromTeamAsPenaltyTaker(6, 1) (0.5s)&#xD;
And I click on goal result in penalty edit&#xD;
-&gt; done: PenaltyEditSteps.WhenIClickOnGoalPenaltyResult() (0.1s)&#xD;
And I add "top right" shot location in net section&#xD;
-&gt; done: PenaltyShootoutEditSteps.WhenIAddShotLocationInNetSection("top right") (0.3s)&#xD;
And I set penalty retake count to 1 in penalty edit&#xD;
-&gt; done: PenaltyEditSteps.WhenISetRetakeCountTo(1) (0.1s)&#xD;
And I click Save button in action edit form&#xD;
-&gt; done: EditFormSteps.ClickSaveButtonInActionEditForm() (0.6s)&#xD;
Then penalty shootout kick insert view is not visible&#xD;
Failed to find element with query '[data-qa='penaltyShootoutEditScreen']'. Web driver timeout exception.&#xD;
-&gt; done: PenaltyShootoutEditSteps.ThenPenaltyShootoutKickInsertViewIsNotVisible() (2.0s)&#xD;
And "Penalty Goal" Action is displayed at 1 in expanded action log&#xD;
-&gt; done: ExpandedActionLogSteps.ThenGoalActionIsDisplayedAtInExpandedActionLog("Penalty Goal", 1) (0.0s)&#xD;
And at 1 position action time is "90:00" in "PSO" half&#xD;
-&gt; done: ExpandedActionLogSteps.ThenAtPositionActionTimeIsInHalf(1, "90:00", "PSO") (0.1s)&#xD;
And at 1 position action has no qualifiers&#xD;
-&gt; done: ExpandedActionLogSteps.ThenAtPositionActionHasNoQualifiers(1) (0.1s)&#xD;
And at 1 position action displays player with number 6 from team 1&#xD;
-&gt; done: ExpandedActionLogSteps.ThenActionAtPositionPlayerIsDisplayedAs(1, 6, 1) (0.1s)&#xD;
And Action at position 1 score is displayed as "0 - 0 (1 - 1)"&#xD;
-&gt; done: ExpandedActionLogSteps.ThenActionAtPositionScoreIsDisplayedAs(1, "0 - 0 (1 - 1)") (0.0s)&#xD;
And "Penalty Shootout Kick" Action is displayed at 2 in expanded action log&#xD;
-&gt; done: ExpandedActionLogSteps.ThenGoalActionIsDisplayedAtInExpandedActionLog("Penalty Shootout ...", 2) (0.0s)&#xD;
And at 2 position action time is "90:00" in "PSO" half&#xD;
-&gt; done: ExpandedActionLogSteps.ThenAtPositionActionTimeIsInHalf(2, "90:00", "PSO") (0.1s)&#xD;
And at 2 position action has no qualifiers&#xD;
-&gt; done: ExpandedActionLogSteps.ThenAtPositionActionHasNoQualifiers(2) (0.1s)&#xD;
And at 2 position action displays player with number 6 from team 1&#xD;
-&gt; done: ExpandedActionLogSteps.ThenActionAtPositionPlayerIsDisplayedAs(2, 6, 1) (0.1s)&#xD;
And Action at position 2 do not have score&#xD;
-&gt; done: ExpandedActionLogSteps.ThenActionAtPositionDoNotHaveScore(2) (0.0s)&#xD;
sandbox: CleanUpAfterTestRun started.&#xD;
sandbox: application pages != null: True&#xD;
sandbox: web driver!= null: True&#xD;
sandbox: CleanUpAfterTestRun complete.</StdOut>
      </Output>
    </UnitTestResult>
    <UnitTestResult executionId="d87a6d4e-6a66-4855-8a80-44f16054fed4" testId="fccd413b-aff1-6268-fea0-a593badbd6e3" testName="CanInsertGoalKickAfterBeforePeriodBreak(&quot;after&quot;,&quot;GameStart&quot;,&quot;5&quot;,null)" computerName="EC2AMAZ-JEOO151" duration="00:00:08.9010000" startTime="2019-07-11T18:40:57.0000000+00:00" endTime="2019-07-11T18:41:06.0000000+00:00" testType="13cdc9d9-ddb5-4fa4-a97d-d965ccfc6d4b" outcome="Passed" testListId="8c84fa94-04c1-424b-9868-57a2d4851a1d" relativeResultsDirectory="d87a6d4e-6a66-4855-8a80-44f16054fed4">
      <Output>
        <StdOut>sandbox: PrepareForTestRun started.&#xD;
sandbox: football liveStatsApp != null: True &#xD;
sandbox: football liveStatsApp.IsProcessRunning: True &#xD;
sandbox: setupLocalData: localDatabaseProvider != null: True&#xD;
sandbox: applicationPages != null: True&#xD;
sandbox: applicationPages.Webdriver != null: True&#xD;
sandbox: finished setuping local data&#xD;
sandbox: PrepareForTestRun complete.&#xD;
Given Second period started from existing game&#xD;
-&gt; done: SetupGameSteps.GivenSecondPeriodStartedFromExistingGame() (6.5s)&#xD;
When I click Expand Action log button&#xD;
-&gt; done: ActionLogSteps.WhenIClickExpandActionLogButton() (0.3s)&#xD;
And I insert "GoalKick" after "GameStart"&#xD;
-&gt; done: ExpandedActionLogSteps.WhenIInsertActionAfterContainer(GoalKick, GameStart) (0.3s)&#xD;
And I click team 1 in edit form&#xD;
-&gt; done: EditFormSteps.WhenIClickTeamInEditForm(1) (0.1s)&#xD;
And I change ball landing location to x 10 and y 80&#xD;
-&gt; done: GoalKickEditSteps.WhenIChangeBallLandingLocationToXAndY(10, 80) (0.3s)&#xD;
And I click Save button in action edit form&#xD;
-&gt; done: EditFormSteps.ClickSaveButtonInActionEditForm() (0.6s)&#xD;
Then "Goal Kick" Action is displayed at 5 in expanded action log&#xD;
-&gt; done: ExpandedActionLogSteps.ThenGoalActionIsDisplayedAtInExpandedActionLog("Goal Kick", 5) (0.1s)&#xD;
sandbox: CleanUpAfterTestRun started.&#xD;
sandbox: application pages != null: True&#xD;
sandbox: web driver!= null: True&#xD;
sandbox: CleanUpAfterTestRun complete.</StdOut>
      </Output>
    </UnitTestResult>
    <UnitTestResult executionId="3b2ed6d9-37d1-4ff6-8a4e-767c426390c0" testId="ed4965a1-8496-fe07-7a15-a4b6ff3a6c01" testName="SelectTeamAndGoalTypeInGoalInsert(&quot;2&quot;,&quot;Right Foot&quot;,null)" computerName="EC2AMAZ-JEOO151" duration="00:00:16.7620000" startTime="2019-07-11T18:25:36.0000000+00:00" endTime="2019-07-11T18:25:52.0000000+00:00" testType="13cdc9d9-ddb5-4fa4-a97d-d965ccfc6d4b" outcome="Passed" testListId="8c84fa94-04c1-424b-9868-57a2d4851a1d" relativeResultsDirectory="3b2ed6d9-37d1-4ff6-8a4e-767c426390c0">
      <Output>
        <StdOut>sandbox: PrepareForTestRun started.&#xD;
sandbox: football liveStatsApp != null: True &#xD;
sandbox: football liveStatsApp.IsProcessRunning: True &#xD;
sandbox: setupLocalData: localDatabaseProvider != null: True&#xD;
sandbox: applicationPages != null: True&#xD;
sandbox: applicationPages.Webdriver != null: True&#xD;
sandbox: finished setuping local data&#xD;
sandbox: PrepareForTestRun complete.&#xD;
Given Match started with kick off from existing game&#xD;
-&gt; done: SetupGameSteps.GivenMatchStartedWithKickOffButtonFromExistingGame() (3.3s)&#xD;
And "Top right" corner added for Team 1&#xD;
Given action failed. Retrying after a timeout.&#xD;
-&gt; done: CornerSteps.GivenCornerAddedForTeam("Top right", 1) (3.3s)&#xD;
And "Yellow" Card for Team 1 is registered&#xD;
-&gt; done: CardSteps.GivenCardForTeamIsRegistered(Yellow, 1) (3.2s)&#xD;
And I clicked on latest "Corner" event in action log&#xD;
-&gt; done: ActionLogSteps.GivenIClickOnLatestEventInActionLog(Corner) (0.2s)&#xD;
And I entered new conceded event time of "0030"&#xD;
-&gt; done: EditFormSteps.GivenIEnterNewConcededEventTimeOf("0030") (1.0s)&#xD;
And I clicked Save button in action edit form&#xD;
-&gt; done: EditFormSteps.ClickSaveButtonInActionEditForm() (0.6s)&#xD;
And I remembered current players on pitch shirt numbers&#xD;
-&gt; done: GoalEditSteps.GivenIRememberCurrentPlayersOnPitch() (1.1s)&#xD;
When I click Expand Action log button&#xD;
-&gt; done: ActionLogSteps.WhenIClickExpandActionLogButton() (0.1s)&#xD;
And I click last action in expanded action log&#xD;
-&gt; done: ExpandedActionLogSteps.WhenIClickLastActionInExpandedActionLog() (0.1s)&#xD;
And I click insert after button in expanded action log&#xD;
-&gt; done: ExpandedActionLogSteps.WhenIClickInsertAfterButtonInExpandedActionLog() (0.1s)&#xD;
And I click insert Goal button in insert after dropdown&#xD;
-&gt; done: ExpandedActionLogSteps.WhenIClickInsertGoalButtonInInsertAfterDropdown() (0.1s)&#xD;
And I click "2" team in Goal by Team&#xD;
-&gt; done: GoalEditSteps.GivenIClickTeamInShotByTeam(2) (0.1s)&#xD;
And I click "goal" button in insert window&#xD;
-&gt; done: GoalEditSteps.GivenIClickShotResultGoalButton() (0.0s)&#xD;
And I click "shot type" button in insert window&#xD;
-&gt; done: GoalEditSteps.GivenIClickShotTypeButton() (0.0s)&#xD;
And I click "Right Foot" button in expanded shot type dialog&#xD;
-&gt; done: ExpandedShotTypeDialogSteps.GivenIClickButtonInExpandedShotTypeDialog("Right Foot") (0.2s)&#xD;
Then shot by team "2" button color is updated to "2" team color&#xD;
-&gt; done: GoalEditSteps.ThenShotByTeamColorIsUpdatedToTeamColor(2, 2) (0.0s)&#xD;
And "2" team players are visible in Who scored&#xD;
-&gt; done: GoalEditSteps.ThenTeamPlayersAreVisibleInWhoScored(2) (2.2s)&#xD;
And Shot type button is set to "Right Foot"&#xD;
-&gt; done: GoalEditSteps.ThenShotTypeButtonIsSetTo("Right Foot") (0.1s)&#xD;
And "shot type" button color is updated to team id "2" color&#xD;
-&gt; done: GoalEditSteps.ThenShotTypeButtonColorIsUpdatedToTeamIdColor(2) (0.1s)&#xD;
sandbox: CleanUpAfterTestRun started.&#xD;
sandbox: application pages != null: True&#xD;
sandbox: web driver!= null: True&#xD;
sandbox: CleanUpAfterTestRun complete.</StdOut>
      </Output>
    </UnitTestResult>
    <UnitTestResult executionId="402fca38-b713-4f73-807b-3f623c190e6f" testId="07463560-fe1e-1bf5-756c-3855b7e10c80" testName="GivenManualGameStarted_WhenClosingWithDiscard_ThenGameNotShownInDashboard" computerName="EC2AMAZ-JEOO151" duration="00:00:03.7390000" startTime="2019-07-11T20:02:44.0000000+00:00" endTime="2019-07-11T20:02:48.0000000+00:00" testType="13cdc9d9-ddb5-4fa4-a97d-d965ccfc6d4b" outcome="Passed" testListId="8c84fa94-04c1-424b-9868-57a2d4851a1d" relativeResultsDirectory="402fca38-b713-4f73-807b-3f623c190e6f">
      <Output>
        <StdOut>sandbox: PrepareForTestRun started.&#xD;
sandbox: football liveStatsApp != null: True &#xD;
sandbox: football liveStatsApp.IsProcessRunning: True &#xD;
sandbox: setupLocalData: localDatabaseProvider != null: True&#xD;
sandbox: applicationPages != null: True&#xD;
sandbox: applicationPages.Webdriver != null: True&#xD;
sandbox: finished setuping local data&#xD;
sandbox: PrepareForTestRun complete.&#xD;
sandbox: CleanUpAfterTestRun started.&#xD;
sandbox: application pages != null: True&#xD;
sandbox: web driver!= null: True&#xD;
sandbox: CleanUpAfterTestRun complete.</StdOut>
      </Output>
    </UnitTestResult>
    <UnitTestResult executionId="b95b9aaf-624d-4a68-b401-965eb59cbf08" testId="688dc57c-c208-28b7-33f2-3305ef050101" testName="GivenGameInProgress_WhenConfirmingGoalInPenaltyRegistration_ThenPenaltyGoalIsConfirmed(2,1,8,11,10)" computerName="EC2AMAZ-JEOO151" duration="00:00:16.2660000" startTime="2019-07-11T21:07:11.0000000+00:00" endTime="2019-07-11T21:07:27.0000000+00:00" testType="13cdc9d9-ddb5-4fa4-a97d-d965ccfc6d4b" outcome="Passed" testListId="8c84fa94-04c1-424b-9868-57a2d4851a1d" relativeResultsDirectory="b95b9aaf-624d-4a68-b401-965eb59cbf08">
      <Output>
        <StdOut>sandbox: PrepareForTestRun started.&#xD;
sandbox: football liveStatsApp != null: True &#xD;
sandbox: football liveStatsApp.IsProcessRunning: True &#xD;
sandbox: setupLocalData: localDatabaseProvider != null: True&#xD;
sandbox: applicationPages != null: True&#xD;
sandbox: applicationPages.Webdriver != null: True&#xD;
sandbox: finished setuping local data&#xD;
sandbox: PrepareForTestRun complete.&#xD;
Given action failed. Retrying after a timeout.&#xD;
Failed to find element with query '[data-qa='activePitchOverlay']'. Web driver timeout exception.&#xD;
Given action failed. Retrying after a timeout.&#xD;
Failed to find element with query '[data-qa='activePitchOverlay']'. Web driver timeout exception.&#xD;
sandbox: CleanUpAfterTestRun started.&#xD;
sandbox: application pages != null: True&#xD;
sandbox: web driver!= null: True&#xD;
sandbox: CleanUpAfterTestRun complete.</StdOut>
      </Output>
    </UnitTestResult>
    <UnitTestResult executionId="19a47691-7ee5-4e87-9b15-de2b51d0eef8" testId="35d3b2af-88f2-4d57-694e-16750cb932cc" testName="GivenGameInProgress_WhenUpdatingFormations_ThenFormationsAreUpdated(&quot;4-2-3-1&quot;)" computerName="EC2AMAZ-JEOO151" duration="00:00:07.0170000" startTime="2019-07-11T20:05:42.0000000+00:00" endTime="2019-07-11T20:05:49.0000000+00:00" testType="13cdc9d9-ddb5-4fa4-a97d-d965ccfc6d4b" outcome="Passed" testListId="8c84fa94-04c1-424b-9868-57a2d4851a1d" relativeResultsDirectory="19a47691-7ee5-4e87-9b15-de2b51d0eef8">
      <Output>
        <StdOut>sandbox: PrepareForTestRun started.&#xD;
sandbox: football liveStatsApp != null: True &#xD;
sandbox: football liveStatsApp.IsProcessRunning: True &#xD;
sandbox: setupLocalData: localDatabaseProvider != null: True&#xD;
sandbox: applicationPages != null: True&#xD;
sandbox: applicationPages.Webdriver != null: True&#xD;
sandbox: finished setuping local data&#xD;
sandbox: PrepareForTestRun complete.&#xD;
sandbox: CleanUpAfterTestRun started.&#xD;
sandbox: application pages != null: True&#xD;
sandbox: web driver!= null: True&#xD;
sandbox: CleanUpAfterTestRun complete.</StdOut>
      </Output>
    </UnitTestResult>
    <UnitTestResult executionId="33a4cb88-ff95-4900-8d5a-70c763e10fd1" testId="9de5fc4f-9888-1567-9d1c-d6099a9364b8" testName="GivenActionRegistered_WhenDeletingFromExpandedActionLog_ThenDeletedInExpanded(GoalKick)" computerName="EC2AMAZ-JEOO151" duration="00:00:07.9680000" startTime="2019-07-11T20:16:35.0000000+00:00" endTime="2019-07-11T20:16:43.0000000+00:00" testType="13cdc9d9-ddb5-4fa4-a97d-d965ccfc6d4b" outcome="Passed" testListId="8c84fa94-04c1-424b-9868-57a2d4851a1d" relativeResultsDirectory="33a4cb88-ff95-4900-8d5a-70c763e10fd1">
      <Output>
        <StdOut>sandbox: PrepareForTestRun started.&#xD;
sandbox: football liveStatsApp != null: True &#xD;
sandbox: football liveStatsApp.IsProcessRunning: True &#xD;
sandbox: setupLocalData: localDatabaseProvider != null: True&#xD;
sandbox: applicationPages != null: True&#xD;
sandbox: applicationPages.Webdriver != null: True&#xD;
sandbox: finished setuping local data&#xD;
sandbox: PrepareForTestRun complete.&#xD;
Given action failed. Retrying after a timeout.&#xD;
sandbox: CleanUpAfterTestRun started.&#xD;
sandbox: application pages != null: True&#xD;
sandbox: web driver!= null: True&#xD;
sandbox: CleanUpAfterTestRun complete.</StdOut>
      </Output>
    </UnitTestResult>
    <UnitTestResult executionId="077f9aa7-8f88-4974-972f-5fea494840f6" testId="34623ff9-3d07-9b5d-98fa-c6b5fa4817ca" testName="GivenCornerRegisteredAndAttackSideChanged_WhenEditingCornerToOtherTeam_ThenActiveCornersChanged" computerName="EC2AMAZ-JEOO151" duration="00:00:10.0030000" startTime="2019-07-11T20:29:23.0000000+00:00" endTime="2019-07-11T20:29:33.0000000+00:00" testType="13cdc9d9-ddb5-4fa4-a97d-d965ccfc6d4b" outcome="Passed" testListId="8c84fa94-04c1-424b-9868-57a2d4851a1d" relativeResultsDirectory="077f9aa7-8f88-4974-972f-5fea494840f6">
      <Output>
        <StdOut>sandbox: PrepareForTestRun started.&#xD;
sandbox: football liveStatsApp != null: True &#xD;
sandbox: football liveStatsApp.IsProcessRunning: True &#xD;
sandbox: setupLocalData: localDatabaseProvider != null: True&#xD;
sandbox: applicationPages != null: True&#xD;
sandbox: applicationPages.Webdriver != null: True&#xD;
sandbox: finished setuping local data&#xD;
sandbox: PrepareForTestRun complete.&#xD;
Failed to find element with query '[data-qa='pitchCornerTopLeft']'. Web driver timeout exception.&#xD;
Failed to find element with query '[data-qa='pitchCornerBottomLeft']'. Web driver timeout exception.&#xD;
sandbox: CleanUpAfterTestRun started.&#xD;
sandbox: application pages != null: True&#xD;
sandbox: web driver!= null: True&#xD;
sandbox: CleanUpAfterTestRun complete.</StdOut>
      </Output>
    </UnitTestResult>
    <UnitTestResult executionId="201a40c2-b45b-4922-b226-6b02b635497f" testId="1fbac9c6-21c4-2e70-075e-e9ac833e3e65" testName="GivenThrowInEditOpen_WhenChangingConcededTime_ThenUpdatesTime" computerName="EC2AMAZ-JEOO151" duration="00:00:08.2500000" startTime="2019-07-11T20:44:56.0000000+00:00" endTime="2019-07-11T20:45:04.0000000+00:00" testType="13cdc9d9-ddb5-4fa4-a97d-d965ccfc6d4b" outcome="Passed" testListId="8c84fa94-04c1-424b-9868-57a2d4851a1d" relativeResultsDirectory="201a40c2-b45b-4922-b226-6b02b635497f">
      <Output>
        <StdOut>sandbox: PrepareForTestRun started.&#xD;
sandbox: football liveStatsApp != null: True &#xD;
sandbox: football liveStatsApp.IsProcessRunning: True &#xD;
sandbox: setupLocalData: localDatabaseProvider != null: True&#xD;
sandbox: applicationPages != null: True&#xD;
sandbox: applicationPages.Webdriver != null: True&#xD;
sandbox: finished setuping local data&#xD;
sandbox: PrepareForTestRun complete.&#xD;
Given action failed. Retrying after a timeout.&#xD;
sandbox: CleanUpAfterTestRun started.&#xD;
sandbox: application pages != null: True&#xD;
sandbox: web driver!= null: True&#xD;
sandbox: CleanUpAfterTestRun complete.</StdOut>
      </Output>
    </UnitTestResult>
    <UnitTestResult executionId="092bcb87-6f1a-43b0-a4f9-06536ee03c75" testId="ffb00ba4-ce02-a130-df4a-6e8b9cb86ac4" testName="PenaltyRetake(&quot;Penalty Shot Off Target&quot;,null)" computerName="EC2AMAZ-JEOO151" duration="00:00:11.9830000" startTime="2019-07-11T19:07:09.0000000+00:00" endTime="2019-07-11T19:07:21.0000000+00:00" testType="13cdc9d9-ddb5-4fa4-a97d-d965ccfc6d4b" outcome="Passed" testListId="8c84fa94-04c1-424b-9868-57a2d4851a1d" relativeResultsDirectory="092bcb87-6f1a-43b0-a4f9-06536ee03c75">
      <Output>
        <StdOut>sandbox: PrepareForTestRun started.&#xD;
sandbox: football liveStatsApp != null: True &#xD;
sandbox: football liveStatsApp.IsProcessRunning: True &#xD;
sandbox: setupLocalData: localDatabaseProvider != null: True&#xD;
sandbox: applicationPages != null: True&#xD;
sandbox: applicationPages.Webdriver != null: True&#xD;
sandbox: finished setuping local data&#xD;
sandbox: PrepareForTestRun complete.&#xD;
Given Match started with kick off from existing game&#xD;
-&gt; done: SetupGameSteps.GivenMatchStartedWithKickOffButtonFromExistingGame() (3.3s)&#xD;
Given penalty "Penalty Shot Off Target" button is selected for player "16" team "1"&#xD;
-&gt; done: PenaltySteps.GivenPenaltyShotOffTargetButtonIsSelected(16, 1) (4.0s)&#xD;
When I retake penalty&#xD;
-&gt; done: PenaltySteps.WhenIClickButton() (0.2s)&#xD;
Then Penalty outcome selection dialog is shown&#xD;
-&gt; done: ShotRegistrationSteps.ThenActionTypeDialogIsShown() (0.2s)&#xD;
And Retake label is shown in Penalty event action log&#xD;
-&gt; done: ActionLogSteps.ThenOffenceIsShownInPenaltyEventActionLog("Retake", Penalty) (0.1s)&#xD;
And Retake label of "Penalty" event in action log is in team 1 color&#xD;
-&gt; done: ActionLogSteps.ThenSubItemOfEventInActionLogIsInTeamColor("Retake", Penalty, 1) (0.2s)&#xD;
And "Penalty Shot Off Target" button is shown&#xD;
-&gt; done: PenaltySteps.ThenPenaltyShotOffTargetButtonIsShown() (0.0s)&#xD;
And "Penalty Shot On Target" button is shown&#xD;
-&gt; done: PenaltySteps.ThenPenaltyShotOnTargetButtonIsShown() (0.0s)&#xD;
And "Penalty Goal" button is shown&#xD;
-&gt; done: PenaltySteps.ThenPenaltyGoalButtonIsShown() (0.0s)&#xD;
And penalty retake is not visible&#xD;
Failed to find element with query '[data-qa='penaltyRetakeButton']'. Web driver timeout exception.&#xD;
-&gt; done: PenaltySteps.ThenPenaltyRetakeIsNotVisible() (2.0s)&#xD;
And "Back" button is shown&#xD;
-&gt; done: WorkflowSteps.ThenBackButtonIsVisible() (0.0s)&#xD;
And "Cancel &amp; Delete" button is shown&#xD;
-&gt; done: WorkflowSteps.ThenCancelAndDeleteButtonIsShown() (0.0s)&#xD;
And Player on pitch 9 of team 1 is shown in Penalty of "Penalty" event in action log&#xD;
-&gt; done: ActionLogSteps.ThenPlayerOnPitchOfTeamIsShownInGoalOfEventInActionLog(9, 1, "Penalty", Penalty) (0.2s)&#xD;
And Player on pitch 9 of team 1 is shown in Retake of "Penalty" event in action log&#xD;
-&gt; done: ActionLogSteps.ThenPlayerOnPitchOfTeamIsShownInGoalOfEventInActionLog(9, 1, "Retake", Penalty) (0.2s)&#xD;
And All action buttons except card and goal buttons are disabled for both teams&#xD;
-&gt; done: TeamActionButtonSteps.ThenAllActionButtonsExceptCardAndGoalButtonsAreDisabledForBothTeams() (0.6s)&#xD;
And penalty action button is selected for team "1"&#xD;
-&gt; done: TeamActionButtonSteps.ThenPenaltyActionButtonIsSelected(1) (0.0s)&#xD;
sandbox: CleanUpAfterTestRun started.&#xD;
sandbox: application pages != null: True&#xD;
sandbox: web driver!= null: True&#xD;
sandbox: CleanUpAfterTestRun complete.</StdOut>
      </Output>
    </UnitTestResult>
    <UnitTestResult executionId="565d32d5-67bf-4d8c-b4df-2e654dda6256" testId="98730f78-2325-4eeb-b422-1e091e5fddd4" testName="SubstitutionConfirm" computerName="EC2AMAZ-JEOO151" duration="00:00:05.8990000" startTime="2019-07-11T19:29:08.0000000+00:00" endTime="2019-07-11T19:29:13.0000000+00:00" testType="13cdc9d9-ddb5-4fa4-a97d-d965ccfc6d4b" outcome="Passed" testListId="8c84fa94-04c1-424b-9868-57a2d4851a1d" relativeResultsDirectory="565d32d5-67bf-4d8c-b4df-2e654dda6256">
      <Output>
        <StdOut>sandbox: PrepareForTestRun started.&#xD;
sandbox: football liveStatsApp != null: True &#xD;
sandbox: football liveStatsApp.IsProcessRunning: True &#xD;
sandbox: setupLocalData: localDatabaseProvider != null: True&#xD;
sandbox: applicationPages != null: True&#xD;
sandbox: applicationPages.Webdriver != null: True&#xD;
sandbox: finished setuping local data&#xD;
sandbox: PrepareForTestRun complete.&#xD;
Given Match started with kick off from existing game&#xD;
-&gt; done: SetupGameSteps.GivenMatchStartedWithKickOffButtonFromExistingGame() (3.3s)&#xD;
Given started substitution for team "1" in pitch view&#xD;
-&gt; done: SubstitutionSteps.WhenIClickSubBenchButtonInSubstitutionRecord(1) (0.5s)&#xD;
And player "25" for sub in and player "6" for sub out were selected from team "1"&#xD;
-&gt; done: SubstitutionSteps.WhenIChoosePlayerFromTeamForSubIn(25, 6, 1) (0.5s)&#xD;
When I click Save button in action edit form&#xD;
-&gt; done: EditFormSteps.ClickSaveButtonInActionEditForm() (0.8s)&#xD;
Then substitution confirmation dialog is displayed&#xD;
-&gt; done: SubstitutionSteps.ThenSubstitutionConfirmationDialogIsDisplayed() (0.0s)&#xD;
And "yes" button is shown in substitution confirmation dialog&#xD;
-&gt; done: SubstitutionSteps.ThenYesButtonIsShownInSubstitutionConfirmationDialog() (0.0s)&#xD;
And "no" button is shown in substitution confirmation dialog&#xD;
-&gt; done: SubstitutionSteps.ThenNoButtonIsShownInSubstitutionConfirmationDialog() (0.0s)&#xD;
sandbox: CleanUpAfterTestRun started.&#xD;
sandbox: application pages != null: True&#xD;
sandbox: web driver!= null: True&#xD;
sandbox: CleanUpAfterTestRun complete.</StdOut>
      </Output>
    </UnitTestResult>
    <UnitTestResult executionId="c9e64af2-b34b-4688-a5d6-b982f44b60b5" testId="126ec2f5-78f0-f13d-b64f-66109967b306" testName="GivenSetupFinishedAndPreGameStarted_WhenReopeningSameGame_ThenPregameWorkflowContinues" computerName="EC2AMAZ-JEOO151" duration="00:00:10.5160000" startTime="2019-07-11T21:37:43.0000000+00:00" endTime="2019-07-11T21:37:53.0000000+00:00" testType="13cdc9d9-ddb5-4fa4-a97d-d965ccfc6d4b" outcome="Passed" testListId="8c84fa94-04c1-424b-9868-57a2d4851a1d" relativeResultsDirectory="c9e64af2-b34b-4688-a5d6-b982f44b60b5">
      <Output>
        <StdOut>sandbox: PrepareForTestRun started.&#xD;
sandbox: football liveStatsApp != null: True &#xD;
sandbox: football liveStatsApp.IsProcessRunning: True &#xD;
sandbox: setupLocalData: localDatabaseProvider != null: True&#xD;
sandbox: applicationPages != null: True&#xD;
sandbox: applicationPages.Webdriver != null: True&#xD;
sandbox: finished setuping local data&#xD;
sandbox: PrepareForTestRun complete.&#xD;
sandbox: CleanUpAfterTestRun started.&#xD;
sandbox: application pages != null: True&#xD;
sandbox: web driver!= null: True&#xD;
Given action failed. Retrying after a timeout. Most likely UI was not fast enough to refresh itself.&#xD;
sandbox: CleanUpAfterTestRun complete.</StdOut>
      </Output>
    </UnitTestResult>
    <UnitTestResult executionId="ce3884a7-7422-4c54-aa28-ed0fa85fbe4e" testId="0a986e80-4b2c-c4ca-6ad6-b5ca2967677f" testName="AfterPenaltyRetakeIsPossibleToSelectSamePenaltyOutcome(&quot;Penalty Shot Off Target&quot;,null)" computerName="EC2AMAZ-JEOO151" duration="00:00:08.9010000" startTime="2019-07-11T19:00:21.0000000+00:00" endTime="2019-07-11T19:00:30.0000000+00:00" testType="13cdc9d9-ddb5-4fa4-a97d-d965ccfc6d4b" outcome="Passed" testListId="8c84fa94-04c1-424b-9868-57a2d4851a1d" relativeResultsDirectory="ce3884a7-7422-4c54-aa28-ed0fa85fbe4e">
      <Output>
        <StdOut>sandbox: PrepareForTestRun started.&#xD;
sandbox: football liveStatsApp != null: True &#xD;
sandbox: football liveStatsApp.IsProcessRunning: True &#xD;
sandbox: setupLocalData: localDatabaseProvider != null: True&#xD;
sandbox: applicationPages != null: True&#xD;
sandbox: applicationPages.Webdriver != null: True&#xD;
sandbox: finished setuping local data&#xD;
sandbox: PrepareForTestRun complete.&#xD;
Given Match started with kick off from existing game&#xD;
-&gt; done: SetupGameSteps.GivenMatchStartedWithKickOffButtonFromExistingGame() (3.3s)&#xD;
Given penalty "Penalty Shot Off Target" button is selected for player "16" team "1"&#xD;
-&gt; done: PenaltySteps.GivenPenaltyShotOffTargetButtonIsSelected(16, 1) (4.0s)&#xD;
When I retake penalty&#xD;
-&gt; done: PenaltySteps.WhenIClickButton() (0.3s)&#xD;
And I click "Penalty Shot Off Target" Button&#xD;
-&gt; done: PenaltySteps.WhenIClickPenaltyShotOffTargetButton() (0.3s)&#xD;
Then Net preview is shown&#xD;
-&gt; done: NetSectionSteps.ThenNetPreviewIsShown() (0.2s)&#xD;
And penalty retake is available&#xD;
-&gt; done: PenaltySteps.ThenRetakePenaltyButtonIsShown() (0.0s)&#xD;
sandbox: CleanUpAfterTestRun started.&#xD;
sandbox: application pages != null: True&#xD;
sandbox: web driver!= null: True&#xD;
sandbox: CleanUpAfterTestRun complete.</StdOut>
      </Output>
    </UnitTestResult>
    <UnitTestResult executionId="b0802294-b1dc-410f-8a69-be5aef858979" testId="92e5e17e-3edd-20d0-9b06-0034c762369e" testName="AllowToSavePenaltyWithMissingDataWhenOverturedByVAR" computerName="EC2AMAZ-JEOO151" duration="00:00:09.2820000" startTime="2019-07-11T18:05:44.0000000+00:00" endTime="2019-07-11T18:05:54.0000000+00:00" testType="13cdc9d9-ddb5-4fa4-a97d-d965ccfc6d4b" outcome="Passed" testListId="8c84fa94-04c1-424b-9868-57a2d4851a1d" relativeResultsDirectory="b0802294-b1dc-410f-8a69-be5aef858979">
      <Output>
        <StdOut>sandbox: PrepareForTestRun started.&#xD;
sandbox: football liveStatsApp != null: True &#xD;
sandbox: football liveStatsApp.IsProcessRunning: True &#xD;
sandbox: setupLocalData: localDatabaseProvider != null: True&#xD;
sandbox: applicationPages != null: True&#xD;
sandbox: applicationPages.Webdriver != null: True&#xD;
sandbox: finished setuping local data&#xD;
sandbox: PrepareForTestRun complete.&#xD;
Given Match started with kick off from existing game&#xD;
-&gt; done: SetupGameSteps.GivenMatchStartedWithKickOffButtonFromExistingGame() (3.3s)&#xD;
Given penalty for team 1 with all data points missing is registered&#xD;
Given action failed. Retrying after a timeout.&#xD;
-&gt; done: PenaltySteps.RegisterPenaltyWithNoData(1) (3.7s)&#xD;
When penalty is set to be overturned by VAR and saved&#xD;
-&gt; done: PenaltyEditSteps.EditLastRegisteredPenaltyToVarOverturned() (1.1s)&#xD;
Then Score is 0 for team 1&#xD;
-&gt; done: ScoreBoardSteps.ThenScoreIsForTeam(0, 1) (0.1s)&#xD;
And Score is 0 for team 2&#xD;
-&gt; done: ScoreBoardSteps.ThenScoreIsForTeam(0, 2) (0.1s)&#xD;
And VAR label of "Penalty" event in action log is in team 1 color&#xD;
-&gt; done: ActionLogSteps.ThenSubItemOfEventInActionLogIsInTeamColor("VAR", Penalty, 1) (0.1s)&#xD;
And VAR label of "Penalty" event in action log contains "Penalty Overturned" message&#xD;
-&gt; done: ActionLogSteps.ThenSubItemOfEventInActionLogIsInTeamColor("VAR", Penalty, "Penalty Overturned") (0.1s)&#xD;
sandbox: CleanUpAfterTestRun started.&#xD;
sandbox: application pages != null: True&#xD;
sandbox: web driver!= null: True&#xD;
sandbox: CleanUpAfterTestRun complete.</StdOut>
      </Output>
    </UnitTestResult>
    <UnitTestResult executionId="de3fe304-dc4f-4ce4-88ed-08dfe0a7d036" testId="fd99a87a-3bb8-a325-d4f2-ce35f679de35" testName="GoalkeeperCannotBeAddedToOtherFormationLocation" computerName="EC2AMAZ-JEOO151" duration="00:00:13.3950000" startTime="2019-07-11T17:25:14.0000000+00:00" endTime="2019-07-11T17:25:28.0000000+00:00" testType="13cdc9d9-ddb5-4fa4-a97d-d965ccfc6d4b" outcome="Passed" testListId="8c84fa94-04c1-424b-9868-57a2d4851a1d" relativeResultsDirectory="de3fe304-dc4f-4ce4-88ed-08dfe0a7d036">
      <Output>
        <StdOut>sandbox: PrepareForTestRun started.&#xD;
sandbox: football liveStatsApp != null: True &#xD;
sandbox: football liveStatsApp.IsProcessRunning: True &#xD;
sandbox: setupLocalData: localDatabaseProvider != null: True&#xD;
sandbox: applicationPages != null: True&#xD;
sandbox: applicationPages.Webdriver != null: True&#xD;
sandbox: finished setuping local data&#xD;
sandbox: PrepareForTestRun complete.&#xD;
Given I am in formations tab&#xD;
-&gt; done: TeamsFormationsTabSteps.GivenIAmInFormationsTab() (6.5s)&#xD;
And All starters are added into formation for team 1&#xD;
-&gt; done: TeamsFormationsTabSteps.GivenAllPlayersAreAddedIntoFormation(1) (2.1s)&#xD;
And All starters are added into formation for team 2&#xD;
-&gt; done: TeamsFormationsTabSteps.GivenAllPlayersAreAddedIntoFormation(2) (2.1s)&#xD;
When I select "4-4-2" formation for team 1&#xD;
-&gt; done: TeamsFormationsTabSteps.WhenISelectFormationForTeam("4-4-2", 1) (0.2s)&#xD;
And I click on court goalkeeper of team 1&#xD;
-&gt; done: TeamsFormationsTabSteps.WhenIClickOnCourtGoalkeeperOfTeam(1) (0.3s)&#xD;
And I click on court player 10 of team 1&#xD;
-&gt; done: TeamsFormationsTabSteps.WhenIClickOnCourtPlayerOfTeam(10, 1) (0.4s)&#xD;
Then player 13 of team 1 is at location 1&#xD;
-&gt; done: TeamsFormationsTabSteps.ThenPlayerOfTeamIsAtLocation(13, 1, 1) (0.1s)&#xD;
And player 10 of team 1 is at location 8&#xD;
-&gt; done: TeamsFormationsTabSteps.ThenPlayerOfTeamIsAtLocation(10, 1, 8) (0.1s)&#xD;
sandbox: CleanUpAfterTestRun started.&#xD;
sandbox: application pages != null: True&#xD;
sandbox: web driver!= null: True&#xD;
Given action failed. Retrying after a timeout. Most likely UI was not fast enough to refresh itself.&#xD;
sandbox: CleanUpAfterTestRun complete.</StdOut>
      </Output>
    </UnitTestResult>
    <UnitTestResult executionId="dd51731a-9096-47a5-8e14-4125ac86fc51" testId="5d4bb7b0-d05e-a221-6c48-f9b636b6b22a" testName="WhenTeamsGetsLeadAfter6GoalsBeforeOtherTeamShot6ThKickPenaltyShootoutButtonIsNotEnabled" computerName="EC2AMAZ-JEOO151" duration="00:00:49.3460000" startTime="2019-07-11T19:21:26.0000000+00:00" endTime="2019-07-11T19:22:16.0000000+00:00" testType="13cdc9d9-ddb5-4fa4-a97d-d965ccfc6d4b" outcome="Passed" testListId="8c84fa94-04c1-424b-9868-57a2d4851a1d" relativeResultsDirectory="dd51731a-9096-47a5-8e14-4125ac86fc51">
      <Output>
        <StdOut>sandbox: PrepareForTestRun started.&#xD;
sandbox: football liveStatsApp != null: True &#xD;
sandbox: football liveStatsApp.IsProcessRunning: True &#xD;
sandbox: setupLocalData: localDatabaseProvider != null: True&#xD;
sandbox: applicationPages != null: True&#xD;
sandbox: applicationPages.Webdriver != null: True&#xD;
sandbox: finished setuping local data&#xD;
sandbox: PrepareForTestRun complete.&#xD;
Given penalty shoot-out phase started&#xD;
-&gt; done: PitchClockSteps.GivenGamePenaltyShoot_OutPhaseStarted() (14.7s)&#xD;
When I record penalty shoot-out kick "Goal" for team 2 player with shirt number 1&#xD;
-&gt; done: PenaltyShootoutSteps.WhenIRecordPenaltyShoot_OutKickGoalForTeamPlayerWithShirtNumber(2, 1) (2.9s)&#xD;
And I record penalty shoot-out kick "Goal" for team 1 player with shirt number 13&#xD;
-&gt; done: PenaltyShootoutSteps.WhenIRecordPenaltyShoot_OutKickGoalForTeamPlayerWithShirtNumber(1, 13) (2.8s)&#xD;
And I record penalty shoot-out kick "Goal" for team 2 player with shirt number 2&#xD;
-&gt; done: PenaltyShootoutSteps.WhenIRecordPenaltyShoot_OutKickGoalForTeamPlayerWithShirtNumber(2, 2) (2.8s)&#xD;
And I record penalty shoot-out kick "Goal" for team 1 player with shirt number 4&#xD;
-&gt; done: PenaltyShootoutSteps.WhenIRecordPenaltyShoot_OutKickGoalForTeamPlayerWithShirtNumber(1, 4) (3.1s)&#xD;
And I record penalty shoot-out kick "Goal" for team 2 player with shirt number 3&#xD;
-&gt; done: PenaltyShootoutSteps.WhenIRecordPenaltyShoot_OutKickGoalForTeamPlayerWithShirtNumber(2, 3) (3.1s)&#xD;
And I record penalty shoot-out kick "Goal" for team 1 player with shirt number 6&#xD;
-&gt; done: PenaltyShootoutSteps.WhenIRecordPenaltyShoot_OutKickGoalForTeamPlayerWithShirtNumber(1, 6) (3.1s)&#xD;
And I record penalty shoot-out kick "Goal" for team 2 player with shirt number 4&#xD;
-&gt; done: PenaltyShootoutSteps.WhenIRecordPenaltyShoot_OutKickGoalForTeamPlayerWithShirtNumber(2, 4) (3.3s)&#xD;
And I record penalty shoot-out kick "Goal" for team 1 player with shirt number 7&#xD;
-&gt; done: PenaltyShootoutSteps.WhenIRecordPenaltyShoot_OutKickGoalForTeamPlayerWithShirtNumber(1, 7) (3.0s)&#xD;
And I record penalty shoot-out kick "Goal" for team 2 player with shirt number 5&#xD;
-&gt; done: PenaltyShootoutSteps.WhenIRecordPenaltyShoot_OutKickGoalForTeamPlayerWithShirtNumber(2, 5) (3.1s)&#xD;
And I record penalty shoot-out kick "Goal" for team 1 player with shirt number 8&#xD;
-&gt; done: PenaltyShootoutSteps.WhenIRecordPenaltyShoot_OutKickGoalForTeamPlayerWithShirtNumber(1, 8) (2.9s)&#xD;
And I record penalty shoot-out kick "Goal" for team 2 player with shirt number 6&#xD;
-&gt; done: PenaltyShootoutSteps.WhenIRecordPenaltyShoot_OutKickGoalForTeamPlayerWithShirtNumber(2, 6) (3.0s)&#xD;
Then Team 2 has 5 penalty shoot-out made in score board&#xD;
-&gt; done: PenaltyShootoutSteps.ThenTeamHasPenaltyShoot_OutMade(2, 5) (0.2s)&#xD;
And Team 2 has 0 penalty shoot-out miss in score board&#xD;
-&gt; done: PenaltyShootoutSteps.ThenTeamHasPenaltyShoot_OutMiss(2, 0) (0.0s)&#xD;
And Team 1 has 4 penalty shoot-out made in score board&#xD;
-&gt; done: PenaltyShootoutSteps.ThenTeamHasPenaltyShoot_OutMade(1, 4) (0.1s)&#xD;
And Team 1 has 1 penalty shoot-out pending in score board&#xD;
-&gt; done: PenaltyShootoutSteps.ThenTeamHasPenaltyShoot_OutPending(1, 1) (0.1s)&#xD;
And End penalty shoot-out button is visible near clock&#xD;
-&gt; done: PitchClockSteps.ThenEndPenaltyShoot_OutButtonIsVisibleNearClock() (0.0s)&#xD;
And End penalty shoot-out button is disabled near clock&#xD;
-&gt; done: PitchClockSteps.ThenEndPenaltyShoot_OutButtonIsDisabledNearClock() (0.0s)&#xD;
And Number of "PenaltyShootout" containers is 11 in action log&#xD;
-&gt; done: ActionLogSteps.ThenNumberOfContainersIsInActionLog(PenaltyShootout, 11) (0.0s)&#xD;
sandbox: CleanUpAfterTestRun started.&#xD;
sandbox: application pages != null: True&#xD;
sandbox: web driver!= null: True&#xD;
sandbox: CleanUpAfterTestRun complete.</StdOut>
      </Output>
    </UnitTestResult>
    <UnitTestResult executionId="f5e512d6-2d23-4c8e-b8df-6e2f599ce179" testId="85a33156-f6c4-0ffe-cede-493853ad59a4" testName="GivenReportsOpened_WhenOpeningReportForTeamSquadList_ReportPreviewIsShown(1)" computerName="EC2AMAZ-JEOO151" duration="00:00:05.9630000" startTime="2019-07-11T21:45:38.0000000+00:00" endTime="2019-07-11T21:45:44.0000000+00:00" testType="13cdc9d9-ddb5-4fa4-a97d-d965ccfc6d4b" outcome="Passed" testListId="8c84fa94-04c1-424b-9868-57a2d4851a1d" relativeResultsDirectory="f5e512d6-2d23-4c8e-b8df-6e2f599ce179">
      <Output>
        <StdOut>sandbox: PrepareForTestRun started.&#xD;
sandbox: football liveStatsApp != null: True &#xD;
sandbox: football liveStatsApp.IsProcessRunning: True &#xD;
sandbox: setupLocalData: localDatabaseProvider != null: True&#xD;
sandbox: applicationPages != null: True&#xD;
sandbox: applicationPages.Webdriver != null: True&#xD;
sandbox: finished setuping local data&#xD;
sandbox: PrepareForTestRun complete.&#xD;
sandbox: CleanUpAfterTestRun started.&#xD;
sandbox: application pages != null: True&#xD;
sandbox: web driver!= null: True&#xD;
sandbox: CleanUpAfterTestRun complete.</StdOut>
      </Output>
    </UnitTestResult>
    <UnitTestResult executionId="3433176e-75b1-4c57-8e4a-55d07fa429da" testId="b579a8c2-c39e-0783-d31f-448a4ac14fd2" testName="GivenPregame_WhenRegisteringCard_CardIsRegistered" computerName="EC2AMAZ-JEOO151" duration="00:00:13.2840000" startTime="2019-07-11T20:00:54.0000000+00:00" endTime="2019-07-11T20:01:07.0000000+00:00" testType="13cdc9d9-ddb5-4fa4-a97d-d965ccfc6d4b" outcome="Passed" testListId="8c84fa94-04c1-424b-9868-57a2d4851a1d" relativeResultsDirectory="3433176e-75b1-4c57-8e4a-55d07fa429da">
      <Output>
        <StdOut>sandbox: PrepareForTestRun started.&#xD;
sandbox: football liveStatsApp != null: True &#xD;
sandbox: football liveStatsApp.IsProcessRunning: True &#xD;
sandbox: setupLocalData: localDatabaseProvider != null: True&#xD;
sandbox: applicationPages != null: True&#xD;
sandbox: applicationPages.Webdriver != null: True&#xD;
sandbox: finished setuping local data&#xD;
sandbox: PrepareForTestRun complete.&#xD;
sandbox: CleanUpAfterTestRun started.&#xD;
sandbox: application pages != null: True&#xD;
sandbox: web driver!= null: True&#xD;
Given action failed. Retrying after a timeout. Most likely UI was not fast enough to refresh itself.&#xD;
sandbox: CleanUpAfterTestRun complete.</StdOut>
      </Output>
    </UnitTestResult>
    <UnitTestResult executionId="c0859b0d-934b-4df4-9715-86e399d644aa" testId="4b1c7127-6c2f-eced-4373-f42d948b1057" testName="CancelPenaltyShootoutKickInsert" computerName="EC2AMAZ-JEOO151" duration="00:00:23.4140000" startTime="2019-07-11T18:34:55.0000000+00:00" endTime="2019-07-11T18:35:19.0000000+00:00" testType="13cdc9d9-ddb5-4fa4-a97d-d965ccfc6d4b" outcome="Passed" testListId="8c84fa94-04c1-424b-9868-57a2d4851a1d" relativeResultsDirectory="c0859b0d-934b-4df4-9715-86e399d644aa">
      <Output>
        <StdOut>sandbox: PrepareForTestRun started.&#xD;
sandbox: football liveStatsApp != null: True &#xD;
sandbox: football liveStatsApp.IsProcessRunning: True &#xD;
sandbox: setupLocalData: localDatabaseProvider != null: True&#xD;
sandbox: applicationPages != null: True&#xD;
sandbox: applicationPages.Webdriver != null: True&#xD;
sandbox: finished setuping local data&#xD;
sandbox: PrepareForTestRun complete.&#xD;
Given penalty shoot-out phase started&#xD;
-&gt; done: PitchClockSteps.GivenGamePenaltyShoot_OutPhaseStarted() (15.4s)&#xD;
And I remembered current players on pitch shirt numbers&#xD;
-&gt; done: GoalEditSteps.GivenIRememberCurrentPlayersOnPitch() (1.4s)&#xD;
And I recorded penalty shoot-out kick "Goal" for team 2 player with shirt number 1&#xD;
-&gt; done: PenaltyShootoutSteps.WhenIRecordPenaltyShoot_OutKickGoalForTeamPlayerWithShirtNumber(2, 1) (2.8s)&#xD;
When I click Expand Action log button&#xD;
-&gt; done: ActionLogSteps.WhenIClickExpandActionLogButton() (0.3s)&#xD;
And I insert "PenaltyShootoutKick" after last action in expanded action log&#xD;
-&gt; done: ExpandedActionLogSteps.WhenIInsertPenaltyAfterLastActionInExpandedActionLog(PenaltyShootoutKick) (0.3s)&#xD;
And I Click "cancel" Button in insert window&#xD;
-&gt; done: EditFormSteps.GivenIClickCancelButton() (0.1s)&#xD;
Then penalty shootout kick insert view is not visible&#xD;
Failed to find element with query '[data-qa='penaltyShootoutEditScreen']'. Web driver timeout exception.&#xD;
-&gt; done: PenaltyShootoutEditSteps.ThenPenaltyShootoutKickInsertViewIsNotVisible() (2.0s)&#xD;
sandbox: CleanUpAfterTestRun started.&#xD;
sandbox: application pages != null: True&#xD;
sandbox: web driver!= null: True&#xD;
sandbox: CleanUpAfterTestRun complete.</StdOut>
      </Output>
    </UnitTestResult>
    <UnitTestResult executionId="a61f13cd-0200-4df6-82ab-68dd811fb9f0" testId="087158de-7d42-8ec5-e6d8-6d024d31f254" testName="GivenThrowInInsert_WhenCancelingInsert_ThenInsertCanceled" computerName="EC2AMAZ-JEOO151" duration="00:00:15.4160000" startTime="2019-07-11T20:53:30.0000000+00:00" endTime="2019-07-11T20:53:46.0000000+00:00" testType="13cdc9d9-ddb5-4fa4-a97d-d965ccfc6d4b" outcome="Passed" testListId="8c84fa94-04c1-424b-9868-57a2d4851a1d" relativeResultsDirectory="a61f13cd-0200-4df6-82ab-68dd811fb9f0">
      <Output>
        <StdOut>sandbox: PrepareForTestRun started.&#xD;
sandbox: football liveStatsApp != null: True &#xD;
sandbox: football liveStatsApp.IsProcessRunning: True &#xD;
sandbox: setupLocalData: localDatabaseProvider != null: True&#xD;
sandbox: applicationPages != null: True&#xD;
sandbox: applicationPages.Webdriver != null: True&#xD;
sandbox: finished setuping local data&#xD;
sandbox: PrepareForTestRun complete.&#xD;
Given action failed. Retrying after a timeout.&#xD;
Failed to find element with query '[data-qa='throwInEditScreen']'. Web driver timeout exception.&#xD;
sandbox: CleanUpAfterTestRun started.&#xD;
sandbox: application pages != null: True&#xD;
sandbox: web driver!= null: True&#xD;
sandbox: CleanUpAfterTestRun complete.</StdOut>
      </Output>
    </UnitTestResult>
    <UnitTestResult executionId="d5df3849-02ef-489a-ba04-438bc98a7ad3" testId="957125a5-9a23-664e-92fe-e1a2c3c1d353" testName="VARStartedOnPenaltyWithLocationSelected(&quot;2&quot;,&quot;10&quot;,&quot;50&quot;,null)" computerName="EC2AMAZ-JEOO151" duration="00:00:09.5650000" startTime="2019-07-11T19:59:23.0000000+00:00" endTime="2019-07-11T19:59:33.0000000+00:00" testType="13cdc9d9-ddb5-4fa4-a97d-d965ccfc6d4b" outcome="Passed" testListId="8c84fa94-04c1-424b-9868-57a2d4851a1d" relativeResultsDirectory="d5df3849-02ef-489a-ba04-438bc98a7ad3">
      <Output>
        <StdOut>sandbox: PrepareForTestRun started.&#xD;
sandbox: football liveStatsApp != null: True &#xD;
sandbox: football liveStatsApp.IsProcessRunning: True &#xD;
sandbox: setupLocalData: localDatabaseProvider != null: True&#xD;
sandbox: applicationPages != null: True&#xD;
sandbox: applicationPages.Webdriver != null: True&#xD;
sandbox: finished setuping local data&#xD;
sandbox: PrepareForTestRun complete.&#xD;
Given Match started with kick off from existing game&#xD;
-&gt; done: SetupGameSteps.GivenMatchStartedWithKickOffButtonFromExistingGame() (3.2s)&#xD;
When I click "Possible Penalty" button for team 2&#xD;
-&gt; done: TeamActionButtonSteps.GivenIClickPossiblePenaltyButtonForTeam(2) (0.6s)&#xD;
And I click on pitch x 10 and y 50&#xD;
Failed to find element with query '[data-qa='activePitchOverlay']'. Web driver timeout exception.&#xD;
Given action failed. Retrying after a timeout.&#xD;
Failed to find element with query '[data-qa='activePitchOverlay']'. Web driver timeout exception.&#xD;
-&gt; done: PitchScreenSteps.WhenIClickOnPitch(10, 50) (4.4s)&#xD;
And I click "Possible VAR" Button&#xD;
-&gt; done: WorkflowSteps.WhenIClickButton() (0.1s)&#xD;
Then "Will the penalty stand after VAR review?" dialog is displayed&#xD;
-&gt; done: WorkflowSteps.ThenDialogIsDisplayed("Will the penalty ...") (0.2s)&#xD;
And Latest "Penalty" event is highlighted&#xD;
-&gt; done: ActionLogSteps.ThenCardEventIsHighlighted(Penalty) (0.0s)&#xD;
And "Yes" button is shown in var confirmation dialog&#xD;
-&gt; done: WorkflowSteps.ThenConfirmButtonIsShownInVarConfirmationDialog() (0.0s)&#xD;
And "No" button is shown in var confirmation dialog&#xD;
-&gt; done: WorkflowSteps.ThenCancelButtonIsShownInVarConfirmationDialog() (0.0s)&#xD;
And VAR label is shown in Penalty event action log&#xD;
-&gt; done: ActionLogSteps.ThenOffenceIsShownInPenaltyEventActionLog("VAR", Penalty) (0.1s)&#xD;
And VAR label of "Penalty" event in action log is in team 2 color&#xD;
-&gt; done: ActionLogSteps.ThenSubItemOfEventInActionLogIsInTeamColor("VAR", Penalty, 2) (0.1s)&#xD;
sandbox: CleanUpAfterTestRun started.&#xD;
sandbox: application pages != null: True&#xD;
sandbox: web driver!= null: True&#xD;
sandbox: CleanUpAfterTestRun complete.</StdOut>
      </Output>
    </UnitTestResult>
    <UnitTestResult executionId="649a3d08-31e5-4e64-8ad2-d555dee4f24d" testId="405b3a67-5121-71ce-032e-a94b9ecde432" testName="FootballChangeShotLocation" computerName="EC2AMAZ-JEOO151" duration="00:00:12.2000000" startTime="2019-07-11T18:09:06.0000000+00:00" endTime="2019-07-11T18:09:18.0000000+00:00" testType="13cdc9d9-ddb5-4fa4-a97d-d965ccfc6d4b" outcome="Passed" testListId="8c84fa94-04c1-424b-9868-57a2d4851a1d" relativeResultsDirectory="649a3d08-31e5-4e64-8ad2-d555dee4f24d">
      <Output>
        <StdOut>sandbox: PrepareForTestRun started.&#xD;
sandbox: football liveStatsApp != null: True &#xD;
sandbox: football liveStatsApp.IsProcessRunning: True &#xD;
sandbox: setupLocalData: localDatabaseProvider != null: True&#xD;
sandbox: applicationPages != null: True&#xD;
sandbox: applicationPages.Webdriver != null: True&#xD;
sandbox: finished setuping local data&#xD;
sandbox: PrepareForTestRun complete.&#xD;
Given Match started with kick off from existing game&#xD;
-&gt; done: SetupGameSteps.GivenMatchStartedWithKickOffButtonFromExistingGame() (3.3s)&#xD;
And I remembered current players on pitch shirt numbers&#xD;
-&gt; done: GoalEditSteps.GivenIRememberCurrentPlayersOnPitch() (1.5s)&#xD;
And I clicked on pitch x 50 and y 60&#xD;
Failed to find element with query '[data-qa='activePitchOverlay']'. Web driver timeout exception.&#xD;
Given action failed. Retrying after a timeout.&#xD;
Failed to find element with query '[data-qa='activePitchOverlay']'. Web driver timeout exception.&#xD;
-&gt; done: PitchScreenSteps.WhenIClickOnPitch(50, 60) (4.4s)&#xD;
And I clicked "Shot" button for team 1&#xD;
-&gt; done: TeamActionButtonSteps.GivenIClickShotButtonForTeam(1) (0.3s)&#xD;
And I clicked on team 1 player on pitch with shirt number 13&#xD;
-&gt; done: PitchPlayersComponentSteps.WhenIClickOnTeamPlayerOnPitchWithShirtNumber(1, 13) (0.1s)&#xD;
And I clicked on pitch x 50 and y 60&#xD;
-&gt; done: PitchScreenSteps.WhenIClickOnPitch(50, 60) (0.2s)&#xD;
And I clicked "Shot Off Target" button&#xD;
-&gt; done: ShotRegistrationSteps.WhenClickIShotOffTargetButton() (0.2s)&#xD;
And I clicked on net x "50" and y "25"&#xD;
-&gt; done: NetSectionSteps.WhenIClickOnNetXAndY(50, 25) (0.2s)&#xD;
And I clicked "Save" button&#xD;
-&gt; done: NetSectionSteps.WhenIClickSaveButton() (0.2s)&#xD;
When I click shot event in action log&#xD;
-&gt; done: ActionLogSteps.WhenIClickShotEventInActionLog() (0.2s)&#xD;
And I click "adjust shot location" button in edit window&#xD;
-&gt; done: GoalEditSteps.GivenIClickAdjustShotLocationButton() (0.1s)&#xD;
And I click on "out top right" net section&#xD;
-&gt; done: ExpandedShotLocationDialogSteps.GivenIClickCornerOnNet("out top right") (0.1s)&#xD;
And I click "Proceed" button on expanded shot position view&#xD;
-&gt; done: ExpandedShotLocationDialogSteps.GivenIClickButtonOnExpandedShotPositionView("Proceed") (0.1s)&#xD;
Then Shot Edit view is visible&#xD;
-&gt; done: ShotEditSteps.ThenShotEditViewIsVisible() (0.0s)&#xD;
And Previous shot position is in out top middle section at x 50 y 49&#xD;
-&gt; done: ExpandedShotLocationDialogSteps.ThenPreviousShotPositionIsAtXAndY("out top middle", 50, 49) (0.1s)&#xD;
And Current shot position is in out top right section at x 50 y 50&#xD;
-&gt; done: ExpandedShotLocationDialogSteps.ThenCurrentShotPositionIsAtXAndY("out top right", 50, 50) (0.1s)&#xD;
sandbox: CleanUpAfterTestRun started.&#xD;
sandbox: application pages != null: True&#xD;
sandbox: web driver!= null: True&#xD;
sandbox: CleanUpAfterTestRun complete.</StdOut>
      </Output>
    </UnitTestResult>
    <UnitTestResult executionId="c59a559a-8fbd-4300-b348-58d247f5cf03" testId="876f8f72-8c88-918f-8323-2cc9285809e7" testName="VarBeforeConfirmingTheCard(&quot;1&quot;,&quot;Red&quot;,&quot;13&quot;,null)" computerName="EC2AMAZ-JEOO151" duration="00:00:05.0830000" startTime="2019-07-11T19:54:58.0000000+00:00" endTime="2019-07-11T19:55:03.0000000+00:00" testType="13cdc9d9-ddb5-4fa4-a97d-d965ccfc6d4b" outcome="Passed" testListId="8c84fa94-04c1-424b-9868-57a2d4851a1d" relativeResultsDirectory="c59a559a-8fbd-4300-b348-58d247f5cf03">
      <Output>
        <StdOut>sandbox: PrepareForTestRun started.&#xD;
sandbox: football liveStatsApp != null: True &#xD;
sandbox: football liveStatsApp.IsProcessRunning: True &#xD;
sandbox: setupLocalData: localDatabaseProvider != null: True&#xD;
sandbox: applicationPages != null: True&#xD;
sandbox: applicationPages.Webdriver != null: True&#xD;
sandbox: finished setuping local data&#xD;
sandbox: PrepareForTestRun complete.&#xD;
Given Match started with kick off from existing game&#xD;
-&gt; done: SetupGameSteps.GivenMatchStartedWithKickOffButtonFromExistingGame() (3.2s)&#xD;
When I click on team 1 possible "Red"&#xD;
-&gt; done: TeamActionButtonSteps.StartPossibleCardRegistration(1, Red) (0.6s)&#xD;
And I click "Red" card button&#xD;
-&gt; done: TeamActionButtonSteps.WhenIClickCardButton("Red") (0.1s)&#xD;
And I click "Possible VAR" button in workflow&#xD;
-&gt; done: WorkflowSteps.WhenIClickPossibleVarButtonInWorkflow() (0.1s)&#xD;
Then confirm VAR dialog is displayed&#xD;
-&gt; done: WorkflowSteps.ThenConfirmVarDialogIsDisplayed() (0.2s)&#xD;
And "Yes" VAR dialog button is shown&#xD;
-&gt; done: WorkflowSteps.ThenVarDialogButtonIsShown("Yes") (0.0s)&#xD;
And "No" VAR dialog button is shown&#xD;
-&gt; done: WorkflowSteps.ThenVarDialogButtonIsShown("No") (0.0s)&#xD;
sandbox: CleanUpAfterTestRun started.&#xD;
sandbox: application pages != null: True&#xD;
sandbox: web driver!= null: True&#xD;
sandbox: CleanUpAfterTestRun complete.</StdOut>
      </Output>
    </UnitTestResult>
    <UnitTestResult executionId="a0d3fd37-9af1-4d31-b3c8-620743a17150" testId="8448cd19-ba30-a81b-7fe5-e5ed55668eb4" testName="AfterPenaltyShootOutKickRetakeIsPossibleToSelectSamePenaltyOutcome(&quot;Penalty Shot On Target&quot;,null)" computerName="EC2AMAZ-JEOO151" duration="00:00:17.4940000" startTime="2019-07-11T19:11:59.0000000+00:00" endTime="2019-07-11T19:12:17.0000000+00:00" testType="13cdc9d9-ddb5-4fa4-a97d-d965ccfc6d4b" outcome="Passed" testListId="8c84fa94-04c1-424b-9868-57a2d4851a1d" relativeResultsDirectory="a0d3fd37-9af1-4d31-b3c8-620743a17150">
      <Output>
        <StdOut>sandbox: PrepareForTestRun started.&#xD;
sandbox: football liveStatsApp != null: True &#xD;
sandbox: football liveStatsApp.IsProcessRunning: True &#xD;
sandbox: setupLocalData: localDatabaseProvider != null: True&#xD;
sandbox: applicationPages != null: True&#xD;
sandbox: applicationPages.Webdriver != null: True&#xD;
sandbox: finished setuping local data&#xD;
sandbox: PrepareForTestRun complete.&#xD;
Given penalty shoot-out phase started&#xD;
-&gt; done: PitchClockSteps.GivenGamePenaltyShoot_OutPhaseStarted() (14.8s)&#xD;
Given selected player "6" from team "2" for penalty shoot-out kick&#xD;
Given action failed. Retrying after a timeout.&#xD;
-&gt; done: PenaltyShootoutSteps.WhenISelectPlayerFromTeamForPenaltyShootOutKick(6, 2) (0.7s)&#xD;
And selected "Penalty Shot On Target" outcome&#xD;
-&gt; done: PenaltyShootoutSteps.WhenISelectPenaltyShotOnTargetOutcome() (0.1s)&#xD;
When I retake penalty&#xD;
-&gt; done: PenaltySteps.WhenIClickButton() (0.2s)&#xD;
And I select "Penalty Shot On Target" outcome&#xD;
-&gt; done: PenaltyShootoutSteps.WhenISelectPenaltyShotOnTargetOutcome() (0.3s)&#xD;
Then Net preview is shown&#xD;
-&gt; done: NetSectionSteps.ThenNetPreviewIsShown() (0.1s)&#xD;
And penalty retake is available&#xD;
-&gt; done: PenaltySteps.ThenRetakePenaltyButtonIsShown() (0.0s)&#xD;
sandbox: CleanUpAfterTestRun started.&#xD;
sandbox: application pages != null: True&#xD;
sandbox: web driver!= null: True&#xD;
sandbox: CleanUpAfterTestRun complete.</StdOut>
      </Output>
    </UnitTestResult>
    <UnitTestResult executionId="34a3957e-88e6-4ad6-9534-e417690c4191" testId="c6ee5cc1-2850-e8ba-1194-652677d97783" testName="GivenPsoKickEditOpened_WhenUpdatingOutcome_ThenNewOutcomeSeenInEdit" computerName="EC2AMAZ-JEOO151" duration="00:00:24.1650000" startTime="2019-07-11T20:39:35.0000000+00:00" endTime="2019-07-11T20:39:59.0000000+00:00" testType="13cdc9d9-ddb5-4fa4-a97d-d965ccfc6d4b" outcome="Passed" testListId="8c84fa94-04c1-424b-9868-57a2d4851a1d" relativeResultsDirectory="34a3957e-88e6-4ad6-9534-e417690c4191">
      <Output>
        <StdOut>sandbox: PrepareForTestRun started.&#xD;
sandbox: football liveStatsApp != null: True &#xD;
sandbox: football liveStatsApp.IsProcessRunning: True &#xD;
sandbox: setupLocalData: localDatabaseProvider != null: True&#xD;
sandbox: applicationPages != null: True&#xD;
sandbox: applicationPages.Webdriver != null: True&#xD;
sandbox: finished setuping local data&#xD;
sandbox: PrepareForTestRun complete.&#xD;
Given action failed. Retrying after a timeout. Most likely UI was not fast enough to refresh itself.&#xD;
sandbox: CleanUpAfterTestRun started.&#xD;
sandbox: application pages != null: True&#xD;
sandbox: web driver!= null: True&#xD;
sandbox: CleanUpAfterTestRun complete.</StdOut>
      </Output>
    </UnitTestResult>
    <UnitTestResult executionId="3ab27508-659e-4784-b982-5097f48dec9f" testId="cf527e1c-c810-98ad-0b88-c9eecff14159" testName="AddedTimeRecordedActionCanBeFlagged" computerName="EC2AMAZ-JEOO151" duration="00:00:06.5140000" startTime="2019-07-11T19:39:33.0000000+00:00" endTime="2019-07-11T19:39:39.0000000+00:00" testType="13cdc9d9-ddb5-4fa4-a97d-d965ccfc6d4b" outcome="Passed" testListId="8c84fa94-04c1-424b-9868-57a2d4851a1d" relativeResultsDirectory="3ab27508-659e-4784-b982-5097f48dec9f">
      <Output>
        <StdOut>sandbox: PrepareForTestRun started.&#xD;
sandbox: football liveStatsApp != null: True &#xD;
sandbox: football liveStatsApp.IsProcessRunning: True &#xD;
sandbox: setupLocalData: localDatabaseProvider != null: True&#xD;
sandbox: applicationPages != null: True&#xD;
sandbox: applicationPages.Webdriver != null: True&#xD;
sandbox: finished setuping local data&#xD;
sandbox: PrepareForTestRun complete.&#xD;
Given Match started with kick off from existing game&#xD;
-&gt; done: SetupGameSteps.GivenMatchStartedWithKickOffButtonFromExistingGame() (3.2s)&#xD;
Given Clock minutes value is set to "44"&#xD;
-&gt; done: PitchClockSteps.WhenISetClockMinutesValueTo(44) (1.7s)&#xD;
And "time input" value is set to "3" on the clock&#xD;
-&gt; done: PitchClockSteps.WhenISetTimeInputValueTo(3) (0.1s)&#xD;
And "Add Time" button on the clock is clicked&#xD;
-&gt; done: PitchClockSteps.GivenIClickAddTimeButtonOnTheClock() (0.1s)&#xD;
When I click on latest "InjuryTime" event in action log&#xD;
-&gt; done: ActionLogSteps.GivenIClickOnLatestEventInActionLog(InjuryTime) (0.2s)&#xD;
And I click Flag &amp; Save button in action edit form&#xD;
-&gt; done: EditFormSteps.ClickFlagAndSaveInActionEditForm() (0.4s)&#xD;
Then 1 event in action log of type "InjuryTime" is flagged&#xD;
-&gt; done: ActionLogSteps.ThenEventInActionLogOfTypeIsFlagged(1, InjuryTime) (0.0s)&#xD;
sandbox: CleanUpAfterTestRun started.&#xD;
sandbox: application pages != null: True&#xD;
sandbox: web driver!= null: True&#xD;
sandbox: CleanUpAfterTestRun complete.</StdOut>
      </Output>
    </UnitTestResult>
    <UnitTestResult executionId="a2b7a230-0bee-44f6-a2e8-f6776cca2f58" testId="b2c74c40-dde3-52e0-b284-826a41a6d2cc" testName="GivenShotStarted_WhenCancelingWorkflow_ThenShotDeleted" computerName="EC2AMAZ-JEOO151" duration="00:00:17.9450000" startTime="2019-07-11T21:11:30.0000000+00:00" endTime="2019-07-11T21:11:48.0000000+00:00" testType="13cdc9d9-ddb5-4fa4-a97d-d965ccfc6d4b" outcome="Passed" testListId="8c84fa94-04c1-424b-9868-57a2d4851a1d" relativeResultsDirectory="a2b7a230-0bee-44f6-a2e8-f6776cca2f58">
      <Output>
        <StdOut>sandbox: PrepareForTestRun started.&#xD;
sandbox: football liveStatsApp != null: True &#xD;
sandbox: football liveStatsApp.IsProcessRunning: True &#xD;
sandbox: setupLocalData: localDatabaseProvider != null: True&#xD;
sandbox: applicationPages != null: True&#xD;
sandbox: applicationPages.Webdriver != null: True&#xD;
sandbox: finished setuping local data&#xD;
sandbox: PrepareForTestRun complete.&#xD;
Given action failed. Retrying after a timeout.&#xD;
Failed to find data-qa element with tag 'dangerZoneText'. No such element exception.&#xD;
Failed to find data-qa element with tag 'dangerZoneText'. No such element exception.&#xD;
Failed to find data-qa element with tag 'dangerZoneText'. No such element exception.&#xD;
Failed to find data-qa element with tag 'dangerZoneText'. No such element exception.&#xD;
sandbox: CleanUpAfterTestRun started.&#xD;
sandbox: application pages != null: True&#xD;
sandbox: web driver!= null: True&#xD;
sandbox: CleanUpAfterTestRun complete.</StdOut>
      </Output>
    </UnitTestResult>
    <UnitTestResult executionId="58286a8b-ca39-46d5-bd0b-71d408c6342b" testId="9fb18c5b-dda6-3443-6e61-07b497a203fd" testName="CannotInsertActionsAfterBeforeActionInPeriodBreak(&quot;before&quot;,&quot;PhaseStart&quot;,null)" computerName="EC2AMAZ-JEOO151" duration="00:00:09.1820000" startTime="2019-07-11T18:42:37.0000000+00:00" endTime="2019-07-11T18:42:46.0000000+00:00" testType="13cdc9d9-ddb5-4fa4-a97d-d965ccfc6d4b" outcome="Passed" testListId="8c84fa94-04c1-424b-9868-57a2d4851a1d" relativeResultsDirectory="58286a8b-ca39-46d5-bd0b-71d408c6342b">
      <Output>
        <StdOut>sandbox: PrepareForTestRun started.&#xD;
sandbox: football liveStatsApp != null: True &#xD;
sandbox: football liveStatsApp.IsProcessRunning: True &#xD;
sandbox: setupLocalData: localDatabaseProvider != null: True&#xD;
sandbox: applicationPages != null: True&#xD;
sandbox: applicationPages.Webdriver != null: True&#xD;
sandbox: finished setuping local data&#xD;
sandbox: PrepareForTestRun complete.&#xD;
Given Second period started from existing game&#xD;
-&gt; done: SetupGameSteps.GivenSecondPeriodStartedFromExistingGame() (6.5s)&#xD;
When I click Expand Action log button&#xD;
-&gt; done: ActionLogSteps.WhenIClickExpandActionLogButton() (0.3s)&#xD;
And I insert "Injury" before "PhaseStart"&#xD;
-&gt; done: ExpandedActionLogSteps.WhenIInsertBefore(Injury, PhaseStart) (0.3s)&#xD;
And I click off-pitch&#xD;
-&gt; done: PlayerInjuryEditSteps.WhenIClickOffPitchInjury() (0.1s)&#xD;
And I update injury with team 1, player 4 in edit window&#xD;
-&gt; done: PlayerInjuryEditSteps.WhenIUpdateInjuryWithTeamPlayer(1, 4) (0.3s)&#xD;
And I click Save button in action edit form&#xD;
-&gt; done: EditFormSteps.ClickSaveButtonInActionEditForm() (0.6s)&#xD;
And I select latest "Injury" action in expanded action log&#xD;
-&gt; done: ExpandedActionLogSteps.WhenISelectLatestActionInExpandedActionLog(Injury) (0.1s)&#xD;
And I click insert before button in expanded action log&#xD;
-&gt; done: ExpandedActionLogSteps.WhenIClickInsertBeforeButtonInExpandedActionLog() (0.1s)&#xD;
Then Insert before drop down should contain only card, injury and sub&#xD;
-&gt; done: ExpandedActionLogSteps.ThenInsertBeforeDropDownShouldNotContainAction() (0.1s)&#xD;
sandbox: CleanUpAfterTestRun started.&#xD;
sandbox: application pages != null: True&#xD;
sandbox: web driver!= null: True&#xD;
sandbox: CleanUpAfterTestRun complete.</StdOut>
      </Output>
    </UnitTestResult>
    <UnitTestResult executionId="f9a4917f-dc26-4942-9a5a-84df0f41215f" testId="1d517d42-75a6-80c4-0c6d-7df485705b83" testName="SecondYellowWithoutFirstYellowIsFlagged" computerName="EC2AMAZ-JEOO151" duration="00:00:08.4330000" startTime="2019-07-11T19:50:03.0000000+00:00" endTime="2019-07-11T19:50:12.0000000+00:00" testType="13cdc9d9-ddb5-4fa4-a97d-d965ccfc6d4b" outcome="Passed" testListId="8c84fa94-04c1-424b-9868-57a2d4851a1d" relativeResultsDirectory="f9a4917f-dc26-4942-9a5a-84df0f41215f">
      <Output>
        <StdOut>sandbox: PrepareForTestRun started.&#xD;
sandbox: football liveStatsApp != null: True &#xD;
sandbox: football liveStatsApp.IsProcessRunning: True &#xD;
sandbox: setupLocalData: localDatabaseProvider != null: True&#xD;
sandbox: applicationPages != null: True&#xD;
sandbox: applicationPages.Webdriver != null: True&#xD;
sandbox: finished setuping local data&#xD;
sandbox: PrepareForTestRun complete.&#xD;
Given Match started with kick off from existing game&#xD;
-&gt; done: SetupGameSteps.GivenMatchStartedWithKickOffButtonFromExistingGame() (3.4s)&#xD;
Given "SecondYellow" Card for Team "1" player with shirt number "8" is registered&#xD;
Given action failed. Retrying after a timeout.&#xD;
-&gt; done: CardSteps.GivenCardForTeamPlayerWithShirtNumberIsRegistered(SecondYellow, 1, 8) (3.8s)&#xD;
When I click on latest "Booking" event in action log&#xD;
-&gt; done: ActionLogSteps.GivenIClickOnLatestEventInActionLog(Booking) (0.2s)&#xD;
And I click review flags button in game action edit window&#xD;
-&gt; done: EditFormSteps.WhenIClickReviewFlagsButtonInGameActionEditWindow() (0.1s)&#xD;
Then Review action flags dialog opens&#xD;
-&gt; done: EditFormSteps.ThenReviewActionFlagsDialogOpens() (0.0s)&#xD;
And Review action flags dialog contains "1" flags&#xD;
-&gt; done: EditWindowFlagsDropDownSteps.ThenReviewActionDialogContainsFlagsCount(1) (0.0s)&#xD;
And Second yellow without first flag in review action flags dialog is visible&#xD;
-&gt; done: EditWindowFlagsDropDownSteps.ThenIsVisibleInReviewActionFlagsDialogForSecondWithoutFirstYellowFlag() (0.0s)&#xD;
sandbox: CleanUpAfterTestRun started.&#xD;
sandbox: application pages != null: True&#xD;
sandbox: web driver!= null: True&#xD;
sandbox: CleanUpAfterTestRun complete.</StdOut>
      </Output>
    </UnitTestResult>
    <UnitTestResult executionId="74f90139-f1f1-4418-9193-844d37ebfb01" testId="5ce4bcf7-4af4-871a-3210-77da068607b5" testName="GivenThrowInLastStep_WhenCancelingAction_ThenActionRemovedFromActionLog" computerName="EC2AMAZ-JEOO151" duration="00:00:07.4530000" startTime="2019-07-11T21:14:27.0000000+00:00" endTime="2019-07-11T21:14:35.0000000+00:00" testType="13cdc9d9-ddb5-4fa4-a97d-d965ccfc6d4b" outcome="Passed" testListId="8c84fa94-04c1-424b-9868-57a2d4851a1d" relativeResultsDirectory="74f90139-f1f1-4418-9193-844d37ebfb01">
      <Output>
        <StdOut>sandbox: PrepareForTestRun started.&#xD;
sandbox: football liveStatsApp != null: True &#xD;
sandbox: football liveStatsApp.IsProcessRunning: True &#xD;
sandbox: setupLocalData: localDatabaseProvider != null: True&#xD;
sandbox: applicationPages != null: True&#xD;
sandbox: applicationPages.Webdriver != null: True&#xD;
sandbox: finished setuping local data&#xD;
sandbox: PrepareForTestRun complete.&#xD;
Given action failed. Retrying after a timeout.&#xD;
sandbox: CleanUpAfterTestRun started.&#xD;
sandbox: application pages != null: True&#xD;
sandbox: web driver!= null: True&#xD;
sandbox: CleanUpAfterTestRun complete.</StdOut>
      </Output>
    </UnitTestResult>
    <UnitTestResult executionId="7a1620ef-dcd0-494a-9439-380bbad9f542" testId="fdcbda02-55d9-36d0-e524-4fe388a82b96" testName="VarOnSecondStepOfRecordCardWorkflow(&quot;1&quot;,&quot;Red&quot;,null)" computerName="EC2AMAZ-JEOO151" duration="00:00:05.3160000" startTime="2019-07-11T19:55:18.0000000+00:00" endTime="2019-07-11T19:55:24.0000000+00:00" testType="13cdc9d9-ddb5-4fa4-a97d-d965ccfc6d4b" outcome="Passed" testListId="8c84fa94-04c1-424b-9868-57a2d4851a1d" relativeResultsDirectory="7a1620ef-dcd0-494a-9439-380bbad9f542">
      <Output>
        <StdOut>sandbox: PrepareForTestRun started.&#xD;
sandbox: football liveStatsApp != null: True &#xD;
sandbox: football liveStatsApp.IsProcessRunning: True &#xD;
sandbox: setupLocalData: localDatabaseProvider != null: True&#xD;
sandbox: applicationPages != null: True&#xD;
sandbox: applicationPages.Webdriver != null: True&#xD;
sandbox: finished setuping local data&#xD;
sandbox: PrepareForTestRun complete.&#xD;
Given Match started with kick off from existing game&#xD;
-&gt; done: SetupGameSteps.GivenMatchStartedWithKickOffButtonFromExistingGame() (3.3s)&#xD;
When I click on team 1 possible "Red"&#xD;
Given action failed. Retrying after a timeout.&#xD;
-&gt; done: TeamActionButtonSteps.StartPossibleCardRegistration(1, Red) (0.8s)&#xD;
And I click "Red" card button&#xD;
-&gt; done: TeamActionButtonSteps.WhenIClickCardButton("Red") (0.1s)&#xD;
And I click "Possible VAR" button in workflow&#xD;
-&gt; done: WorkflowSteps.WhenIClickPossibleVarButtonInWorkflow() (0.1s)&#xD;
Then confirm VAR dialog is displayed&#xD;
-&gt; done: WorkflowSteps.ThenConfirmVarDialogIsDisplayed() (0.2s)&#xD;
And "Yes" VAR dialog button is shown&#xD;
-&gt; done: WorkflowSteps.ThenVarDialogButtonIsShown("Yes") (0.0s)&#xD;
And "No" VAR dialog button is shown&#xD;
-&gt; done: WorkflowSteps.ThenVarDialogButtonIsShown("No") (0.0s)&#xD;
sandbox: CleanUpAfterTestRun started.&#xD;
sandbox: application pages != null: True&#xD;
sandbox: web driver!= null: True&#xD;
sandbox: CleanUpAfterTestRun complete.</StdOut>
      </Output>
    </UnitTestResult>
    <UnitTestResult executionId="1fbf13f6-c5e8-4b18-ac22-8859fcb3b95b" testId="ee259f95-d2ce-cd65-822d-37f841002ac3" testName="NoOnVarOnFirstStepOfRecordCardWorkflow(&quot;2&quot;,&quot;Yellow&quot;,null)" computerName="EC2AMAZ-JEOO151" duration="00:00:06.3160000" startTime="2019-07-11T19:53:35.0000000+00:00" endTime="2019-07-11T19:53:42.0000000+00:00" testType="13cdc9d9-ddb5-4fa4-a97d-d965ccfc6d4b" outcome="Passed" testListId="8c84fa94-04c1-424b-9868-57a2d4851a1d" relativeResultsDirectory="1fbf13f6-c5e8-4b18-ac22-8859fcb3b95b">
      <Output>
        <StdOut>sandbox: PrepareForTestRun started.&#xD;
sandbox: football liveStatsApp != null: True &#xD;
sandbox: football liveStatsApp.IsProcessRunning: True &#xD;
sandbox: setupLocalData: localDatabaseProvider != null: True&#xD;
sandbox: applicationPages != null: True&#xD;
sandbox: applicationPages.Webdriver != null: True&#xD;
sandbox: finished setuping local data&#xD;
sandbox: PrepareForTestRun complete.&#xD;
Given Match started with kick off from existing game&#xD;
-&gt; done: SetupGameSteps.GivenMatchStartedWithKickOffButtonFromExistingGame() (3.2s)&#xD;
When I click on team 2 possible "Yellow"&#xD;
-&gt; done: TeamActionButtonSteps.StartPossibleCardRegistration(2, Yellow) (0.7s)&#xD;
And I click "Possible VAR" button in workflow&#xD;
-&gt; done: WorkflowSteps.WhenIClickPossibleVarButtonInWorkflow() (0.1s)&#xD;
And I click var confirmation "No" button&#xD;
-&gt; done: WorkflowSteps.WhenIClickVarConfirmationButton("No") (0.3s)&#xD;
Then VAR label is shown in Booking event action log&#xD;
-&gt; done: ActionLogSteps.ThenOffenceIsShownInPenaltyEventActionLog("VAR", Booking) (0.3s)&#xD;
And Latest "Booking" event is completed&#xD;
-&gt; done: ActionLogSteps.ThenLatestEventIsConfirmed(Booking) (0.0s)&#xD;
And VAR label of "Booking" event in action log is in team 2 color&#xD;
-&gt; done: ActionLogSteps.ThenSubItemOfEventInActionLogIsInTeamColor("VAR", Booking, 2) (0.1s)&#xD;
And VAR label of "Booking" event in action log contains "Card Overturned" message&#xD;
-&gt; done: ActionLogSteps.ThenSubItemOfEventInActionLogIsInTeamColor("VAR", Booking, "Card Overturned") (0.1s)&#xD;
And Action Buttons are enabled&#xD;
-&gt; done: TeamActionButtonSteps.ThenActionButtonsAreEnabled() (0.7s)&#xD;
sandbox: CleanUpAfterTestRun started.&#xD;
sandbox: application pages != null: True&#xD;
sandbox: web driver!= null: True&#xD;
sandbox: CleanUpAfterTestRun complete.</StdOut>
      </Output>
    </UnitTestResult>
    <UnitTestResult executionId="74385865-85a2-4669-bfe0-c3f9d26bca12" testId="8852e37c-fd3e-4727-bb2e-e219c28a22ca" testName="VARStartedOnPenaltyWithLocationSelected(&quot;1&quot;,&quot;90&quot;,&quot;50&quot;,null)" computerName="EC2AMAZ-JEOO151" duration="00:00:09.5660000" startTime="2019-07-11T19:59:14.0000000+00:00" endTime="2019-07-11T19:59:23.0000000+00:00" testType="13cdc9d9-ddb5-4fa4-a97d-d965ccfc6d4b" outcome="Passed" testListId="8c84fa94-04c1-424b-9868-57a2d4851a1d" relativeResultsDirectory="74385865-85a2-4669-bfe0-c3f9d26bca12">
      <Output>
        <StdOut>sandbox: PrepareForTestRun started.&#xD;
sandbox: football liveStatsApp != null: True &#xD;
sandbox: football liveStatsApp.IsProcessRunning: True &#xD;
sandbox: setupLocalData: localDatabaseProvider != null: True&#xD;
sandbox: applicationPages != null: True&#xD;
sandbox: applicationPages.Webdriver != null: True&#xD;
sandbox: finished setuping local data&#xD;
sandbox: PrepareForTestRun complete.&#xD;
Given Match started with kick off from existing game&#xD;
-&gt; done: SetupGameSteps.GivenMatchStartedWithKickOffButtonFromExistingGame() (3.2s)&#xD;
When I click "Possible Penalty" button for team 1&#xD;
-&gt; done: TeamActionButtonSteps.GivenIClickPossiblePenaltyButtonForTeam(1) (0.6s)&#xD;
And I click on pitch x 90 and y 50&#xD;
Failed to find element with query '[data-qa='activePitchOverlay']'. Web driver timeout exception.&#xD;
Given action failed. Retrying after a timeout.&#xD;
Failed to find element with query '[data-qa='activePitchOverlay']'. Web driver timeout exception.&#xD;
-&gt; done: PitchScreenSteps.WhenIClickOnPitch(90, 50) (4.4s)&#xD;
And I click "Possible VAR" Button&#xD;
-&gt; done: WorkflowSteps.WhenIClickButton() (0.1s)&#xD;
Then "Will the penalty stand after VAR review?" dialog is displayed&#xD;
-&gt; done: WorkflowSteps.ThenDialogIsDisplayed("Will the penalty ...") (0.2s)&#xD;
And Latest "Penalty" event is highlighted&#xD;
-&gt; done: ActionLogSteps.ThenCardEventIsHighlighted(Penalty) (0.0s)&#xD;
And "Yes" button is shown in var confirmation dialog&#xD;
-&gt; done: WorkflowSteps.ThenConfirmButtonIsShownInVarConfirmationDialog() (0.0s)&#xD;
And "No" button is shown in var confirmation dialog&#xD;
-&gt; done: WorkflowSteps.ThenCancelButtonIsShownInVarConfirmationDialog() (0.0s)&#xD;
And VAR label is shown in Penalty event action log&#xD;
-&gt; done: ActionLogSteps.ThenOffenceIsShownInPenaltyEventActionLog("VAR", Penalty) (0.1s)&#xD;
And VAR label of "Penalty" event in action log is in team 1 color&#xD;
-&gt; done: ActionLogSteps.ThenSubItemOfEventInActionLogIsInTeamColor("VAR", Penalty, 1) (0.1s)&#xD;
sandbox: CleanUpAfterTestRun started.&#xD;
sandbox: application pages != null: True&#xD;
sandbox: web driver!= null: True&#xD;
sandbox: CleanUpAfterTestRun complete.</StdOut>
      </Output>
    </UnitTestResult>
    <UnitTestResult executionId="9a1c5f50-0efc-4bc8-9743-8e70f1cd6894" testId="f4605aa5-7cce-03e7-4788-380dcfd11226" testName="SelectPlayerForFoulFreekickAvailable(&quot;2&quot;,&quot;1&quot;,&quot;2&quot;,null)" computerName="EC2AMAZ-JEOO151" duration="00:00:06.4850000" startTime="2019-07-11T18:57:56.0000000+00:00" endTime="2019-07-11T18:58:02.0000000+00:00" testType="13cdc9d9-ddb5-4fa4-a97d-d965ccfc6d4b" outcome="Passed" testListId="8c84fa94-04c1-424b-9868-57a2d4851a1d" relativeResultsDirectory="9a1c5f50-0efc-4bc8-9743-8e70f1cd6894">
      <Output>
        <StdOut>sandbox: PrepareForTestRun started.&#xD;
sandbox: football liveStatsApp != null: True &#xD;
sandbox: football liveStatsApp.IsProcessRunning: True &#xD;
sandbox: setupLocalData: localDatabaseProvider != null: True&#xD;
sandbox: applicationPages != null: True&#xD;
sandbox: applicationPages.Webdriver != null: True&#xD;
sandbox: finished setuping local data&#xD;
sandbox: PrepareForTestRun complete.&#xD;
Given Match started with kick off from existing game&#xD;
-&gt; done: SetupGameSteps.GivenMatchStartedWithKickOffButtonFromExistingGame() (3.2s)&#xD;
When I click Freekick button for team 2&#xD;
-&gt; done: TeamActionButtonSteps.WhenIClickFreekickButtonForTeam(2) (0.6s)&#xD;
And I click on pitch x 20 and y 50&#xD;
-&gt; done: PitchScreenSteps.WhenIClickOnPitch(20, 50) (0.1s)&#xD;
And I click "Foul" button in freekick reason dialog&#xD;
-&gt; done: FreeKickSteps.WhenIClickButtonInFreekickReasonDialog("Foul") (0.2s)&#xD;
And I click player 1 from team 1&#xD;
-&gt; done: PitchPlayersComponentSteps.WhenIClickPlayerFromTeam(1, 1) (0.3s)&#xD;
Then team 2 players are enabled&#xD;
-&gt; done: PitchPlayersComponentSteps.ThenTeamPlayersAreEnabled(2) (0.2s)&#xD;
And Player1 from team1 is added to freekick event action&#xD;
-&gt; done: ActionLogSteps.ThenPlayerFromTeamIsAddedToFreekickEventAction(1, 1) (0.2s)&#xD;
And Notification "Select player that was fouled..." is shown&#xD;
-&gt; done: PitchBottomMessageBarSteps.ThenIsShown("Select player tha...") (0.1s)&#xD;
sandbox: CleanUpAfterTestRun started.&#xD;
sandbox: application pages != null: True&#xD;
sandbox: web driver!= null: True&#xD;
sandbox: CleanUpAfterTestRun complete.</StdOut>
      </Output>
    </UnitTestResult>
    <UnitTestResult executionId="8db34fa1-707d-4408-9784-7824849ae419" testId="b8c8f7bd-ed9a-ac96-a790-8ee85c4e65ad" testName="FreekickStarted(&quot;2&quot;,null)" computerName="EC2AMAZ-JEOO151" duration="00:00:04.8180000" startTime="2019-07-11T18:56:17.0000000+00:00" endTime="2019-07-11T18:56:22.0000000+00:00" testType="13cdc9d9-ddb5-4fa4-a97d-d965ccfc6d4b" outcome="Passed" testListId="8c84fa94-04c1-424b-9868-57a2d4851a1d" relativeResultsDirectory="8db34fa1-707d-4408-9784-7824849ae419">
      <Output>
        <StdOut>sandbox: PrepareForTestRun started.&#xD;
sandbox: football liveStatsApp != null: True &#xD;
sandbox: football liveStatsApp.IsProcessRunning: True &#xD;
sandbox: setupLocalData: localDatabaseProvider != null: True&#xD;
sandbox: applicationPages != null: True&#xD;
sandbox: applicationPages.Webdriver != null: True&#xD;
sandbox: finished setuping local data&#xD;
sandbox: PrepareForTestRun complete.&#xD;
Given Match started with kick off from existing game&#xD;
-&gt; done: SetupGameSteps.GivenMatchStartedWithKickOffButtonFromExistingGame() (3.3s)&#xD;
When I click Freekick button for team 2&#xD;
-&gt; done: TeamActionButtonSteps.WhenIClickFreekickButtonForTeam(2) (0.5s)&#xD;
Then Freekick event created for team2 in action log&#xD;
-&gt; done: ActionLogSteps.ThenFreekickEventCreatedForTeamInActionLog(2) (0.0s)&#xD;
And Notification "Select free kick location..." is shown&#xD;
-&gt; done: PitchBottomMessageBarSteps.ThenIsShown("Select free kick ...") (0.1s)&#xD;
And team 2 possession button is highligthed&#xD;
-&gt; done: ScoreBoardSteps.ThenTeamPossessionButtonIsHighligthed(2) (0.1s)&#xD;
sandbox: CleanUpAfterTestRun started.&#xD;
sandbox: application pages != null: True&#xD;
sandbox: web driver!= null: True&#xD;
sandbox: CleanUpAfterTestRun complete.</StdOut>
      </Output>
    </UnitTestResult>
    <UnitTestResult executionId="bbd694b8-496e-4dcd-90f5-5c4dc9cdc89c" testId="cb0065a1-b422-89d5-ed07-1ffd9c346cdd" testName="GivenCornerConfirmation_WhenNotConfirming_ThenCornerDeleted" computerName="EC2AMAZ-JEOO151" duration="00:00:17.3630000" startTime="2019-07-11T20:59:26.0000000+00:00" endTime="2019-07-11T20:59:44.0000000+00:00" testType="13cdc9d9-ddb5-4fa4-a97d-d965ccfc6d4b" outcome="Passed" testListId="8c84fa94-04c1-424b-9868-57a2d4851a1d" relativeResultsDirectory="bbd694b8-496e-4dcd-90f5-5c4dc9cdc89c">
      <Output>
        <StdOut>sandbox: PrepareForTestRun started.&#xD;
sandbox: football liveStatsApp != null: True &#xD;
sandbox: football liveStatsApp.IsProcessRunning: True &#xD;
sandbox: setupLocalData: localDatabaseProvider != null: True&#xD;
sandbox: applicationPages != null: True&#xD;
sandbox: applicationPages.Webdriver != null: True&#xD;
sandbox: finished setuping local data&#xD;
sandbox: PrepareForTestRun complete.&#xD;
Given action failed. Retrying after a timeout.&#xD;
Failed to find data-qa element with tag 'dangerZoneText'. No such element exception.&#xD;
Failed to find data-qa element with tag 'dangerZoneText'. No such element exception.&#xD;
Failed to find data-qa element with tag 'dangerZoneText'. No such element exception.&#xD;
Failed to find data-qa element with tag 'dangerZoneText'. No such element exception.&#xD;
sandbox: CleanUpAfterTestRun started.&#xD;
sandbox: application pages != null: True&#xD;
sandbox: web driver!= null: True&#xD;
sandbox: CleanUpAfterTestRun complete.</StdOut>
      </Output>
    </UnitTestResult>
    <UnitTestResult executionId="3ca84d77-3fe9-4461-b70d-b5bf65282ac9" testId="2cecdd2f-eea1-dbef-9b53-175de938e3a7" testName="ConfirmedCardCannotBePutOnHold" computerName="EC2AMAZ-JEOO151" duration="00:00:09.9970000" startTime="2019-07-11T18:52:22.0000000+00:00" endTime="2019-07-11T18:52:32.0000000+00:00" testType="13cdc9d9-ddb5-4fa4-a97d-d965ccfc6d4b" outcome="Passed" testListId="8c84fa94-04c1-424b-9868-57a2d4851a1d" relativeResultsDirectory="3ca84d77-3fe9-4461-b70d-b5bf65282ac9">
      <Output>
        <StdOut>sandbox: PrepareForTestRun started.&#xD;
sandbox: football liveStatsApp != null: True &#xD;
sandbox: football liveStatsApp.IsProcessRunning: True &#xD;
sandbox: setupLocalData: localDatabaseProvider != null: True&#xD;
sandbox: applicationPages != null: True&#xD;
sandbox: applicationPages.Webdriver != null: True&#xD;
sandbox: finished setuping local data&#xD;
sandbox: PrepareForTestRun complete.&#xD;
Given Match started with kick off from existing game&#xD;
-&gt; done: SetupGameSteps.GivenMatchStartedWithKickOffButtonFromExistingGame() (3.3s)&#xD;
When I click on team 1 possible "Yellow"&#xD;
Given action failed. Retrying after a timeout.&#xD;
-&gt; done: TeamActionButtonSteps.StartPossibleCardRegistration(1, Yellow) (1.0s)&#xD;
And I click "Yellow" card button&#xD;
-&gt; done: TeamActionButtonSteps.WhenIClickCardButton("Yellow") (0.1s)&#xD;
And I confirm booking by clicking "Confirm" button&#xD;
-&gt; done: CardSteps.WhenIConfirmActionByClickingButton() (2.3s)&#xD;
And I flag and continue&#xD;
-&gt; done: WorkflowSteps.WhenIFlagAndContinue() (0.1s)&#xD;
And I click "Back" button in workflow&#xD;
-&gt; done: WorkflowSteps.WhenIClickBackButtonInWorkflow() (0.2s)&#xD;
And I click "Back" button in workflow&#xD;
-&gt; done: WorkflowSteps.WhenIClickBackButtonInWorkflow() (0.1s)&#xD;
Then Yellow card for team 1 event is visible in Action log&#xD;
-&gt; done: ActionLogSteps.ThenCardForTeamEventIsVisibleInActionLog(Yellow, 1) (0.1s)&#xD;
And "Put on Hold" button is not shown&#xD;
Failed to find element with query '[data-qa='putOnHold']'. Web driver timeout exception.&#xD;
-&gt; done: TeamActionButtonSteps.ThenPutOnHoldButtonIsNotShown() (2.0s)&#xD;
sandbox: CleanUpAfterTestRun started.&#xD;
sandbox: application pages != null: True&#xD;
sandbox: web driver!= null: True&#xD;
sandbox: CleanUpAfterTestRun complete.</StdOut>
      </Output>
    </UnitTestResult>
    <UnitTestResult executionId="0c3a65da-244d-43fb-adab-073d1db21105" testId="3c4b8c91-4107-f07e-9d5e-d4f1479fead5" testName="ResolvingInjuryDoesNotUnflagActionsInbetween" computerName="EC2AMAZ-JEOO151" duration="00:00:09.4310000" startTime="2019-07-11T19:48:11.0000000+00:00" endTime="2019-07-11T19:48:20.0000000+00:00" testType="13cdc9d9-ddb5-4fa4-a97d-d965ccfc6d4b" outcome="Passed" testListId="8c84fa94-04c1-424b-9868-57a2d4851a1d" relativeResultsDirectory="0c3a65da-244d-43fb-adab-073d1db21105">
      <Output>
        <StdOut>sandbox: PrepareForTestRun started.&#xD;
sandbox: football liveStatsApp != null: True &#xD;
sandbox: football liveStatsApp.IsProcessRunning: True &#xD;
sandbox: setupLocalData: localDatabaseProvider != null: True&#xD;
sandbox: applicationPages != null: True&#xD;
sandbox: applicationPages.Webdriver != null: True&#xD;
sandbox: finished setuping local data&#xD;
sandbox: PrepareForTestRun complete.&#xD;
Given Match started with kick off from existing game&#xD;
-&gt; done: SetupGameSteps.GivenMatchStartedWithKickOffButtonFromExistingGame() (3.4s)&#xD;
And I remembered current players on pitch shirt numbers&#xD;
-&gt; done: GoalEditSteps.GivenIRememberCurrentPlayersOnPitch() (1.5s)&#xD;
Given Injury for Team 1 player with shirt id 4 is registered&#xD;
-&gt; done: PlayerInjuryEditSteps.GivenInjuryForTeamIsRegistered(1, 4) (0.4s)&#xD;
And expanded action log is opened&#xD;
-&gt; done: ActionLogSteps.WhenIClickExpandActionLogButton() (0.2s)&#xD;
When I insert Goal after last action in expanded action log from "1" team with player with shirt number "4"&#xD;
-&gt; done: GoalSteps.WhenIInsertGoalAfterLastActionInExpandedActionLogFromTeamWithScorerWithShirtAndNoAssist(1, 4) (2.2s)&#xD;
And I close expanded action log page&#xD;
-&gt; done: ExpandedActionLogSteps.WhenICloseExpandedActionLogPage() (0.1s)&#xD;
And I click on team 1 player on pitch with shirt number 4&#xD;
-&gt; done: PitchPlayersComponentSteps.WhenIClickOnTeamPlayerOnPitchWithShirtNumber(1, 4) (0.1s)&#xD;
And I click injury back on the pitch button on team "1" side&#xD;
-&gt; done: ScoreBoardSteps.WhenIClickInjuryBackOnThePitchButtonOnTeamSide(1) (0.2s)&#xD;
And I click on latest "Goal" event in action log&#xD;
-&gt; done: ActionLogSteps.GivenIClickOnLatestEventInActionLog(Goal) (0.2s)&#xD;
And I click review flags button in game action edit window&#xD;
-&gt; done: EditFormSteps.WhenIClickReviewFlagsButtonInGameActionEditWindow() (0.1s)&#xD;
Then Review action flags dialog opens&#xD;
-&gt; done: EditFormSteps.ThenReviewActionFlagsDialogOpens() (0.0s)&#xD;
And Review action flags dialog contains "1" flags&#xD;
-&gt; done: EditWindowFlagsDropDownSteps.ThenReviewActionDialogContainsFlagsCount(1) (0.0s)&#xD;
And Injured player not on pitch is visible for player with shirt "4" from team "1"&#xD;
-&gt; done: EditWindowFlagsDropDownSteps.ThenIsVisibleInReviewActionFlagsDialogForNotOnPitchByInjury("4", 1) (0.0s)&#xD;
sandbox: CleanUpAfterTestRun started.&#xD;
sandbox: application pages != null: True&#xD;
sandbox: web driver!= null: True&#xD;
sandbox: CleanUpAfterTestRun complete.</StdOut>
      </Output>
    </UnitTestResult>
    <UnitTestResult executionId="da768c5e-e7ae-495a-9618-986e62e962cf" testId="57601901-385b-0ef3-ae38-54defbd20b73" testName="ColorCouldBeSelectedForBothTeams" computerName="EC2AMAZ-JEOO151" duration="00:00:03.5100000" startTime="2019-07-11T17:39:56.0000000+00:00" endTime="2019-07-11T17:39:59.0000000+00:00" testType="13cdc9d9-ddb5-4fa4-a97d-d965ccfc6d4b" outcome="Passed" testListId="8c84fa94-04c1-424b-9868-57a2d4851a1d" relativeResultsDirectory="da768c5e-e7ae-495a-9618-986e62e962cf">
      <Output>
        <StdOut>sandbox: PrepareForTestRun started.&#xD;
sandbox: football liveStatsApp != null: True &#xD;
sandbox: football liveStatsApp.IsProcessRunning: True &#xD;
sandbox: setupLocalData: localDatabaseProvider != null: True&#xD;
sandbox: applicationPages != null: True&#xD;
sandbox: applicationPages.Webdriver != null: True&#xD;
sandbox: finished setuping local data&#xD;
sandbox: PrepareForTestRun complete.&#xD;
Given Teams tab is opened&#xD;
-&gt; done: TeamDetailsTabSteps.WhenTeamsTabIsOpened() (1.5s)&#xD;
When Team 1 Color picker is clicked&#xD;
-&gt; done: TeamDetailsTabSteps.GivenTeamColorPickerIsClicked(1) (0.3s)&#xD;
And "red" color is selected for team 1&#xD;
-&gt; done: TeamDetailsTabSteps.WhenColorIsSelectedForTeam("red", 1) (0.1s)&#xD;
And Team 2 Color picker is clicked&#xD;
-&gt; done: TeamDetailsTabSteps.GivenTeamColorPickerIsClicked(2) (0.1s)&#xD;
And "blue" color is selected for team 2&#xD;
-&gt; done: TeamDetailsTabSteps.WhenColorIsSelectedForTeam("blue", 2) (0.1s)&#xD;
Then "red" color is displayed in Team 1 color&#xD;
-&gt; done: TeamDetailsTabSteps.WhenColorIsDisplayedInTeamColor("red", 1) (0.1s)&#xD;
And "blue" color is displayed in Team 2 color&#xD;
-&gt; done: TeamDetailsTabSteps.WhenColorIsDisplayedInTeamColor("blue", 2) (0.0s)&#xD;
sandbox: CleanUpAfterTestRun started.&#xD;
sandbox: application pages != null: True&#xD;
sandbox: web driver!= null: True&#xD;
Given action failed. Retrying after a timeout. Most likely UI was not fast enough to refresh itself.&#xD;
sandbox: CleanUpAfterTestRun complete.</StdOut>
      </Output>
    </UnitTestResult>
    <UnitTestResult executionId="8e659539-fd4f-4fd1-ba5b-62bacca2c0a9" testId="9a586b0f-6fab-08a0-1a65-f400d02ce8ec" testName="StartShotFromCornerWorkflow(&quot;pitch location&quot;,&quot;2&quot;,null)" computerName="EC2AMAZ-JEOO151" duration="00:00:05.8130000" startTime="2019-07-11T19:24:52.0000000+00:00" endTime="2019-07-11T19:24:58.0000000+00:00" testType="13cdc9d9-ddb5-4fa4-a97d-d965ccfc6d4b" outcome="Passed" testListId="8c84fa94-04c1-424b-9868-57a2d4851a1d" relativeResultsDirectory="8e659539-fd4f-4fd1-ba5b-62bacca2c0a9">
      <Output>
        <StdOut>sandbox: PrepareForTestRun started.&#xD;
sandbox: football liveStatsApp != null: True &#xD;
sandbox: football liveStatsApp.IsProcessRunning: True &#xD;
sandbox: setupLocalData: localDatabaseProvider != null: True&#xD;
sandbox: applicationPages != null: True&#xD;
sandbox: applicationPages.Webdriver != null: True&#xD;
sandbox: finished setuping local data&#xD;
sandbox: PrepareForTestRun complete.&#xD;
Given Match started with kick off from existing game&#xD;
-&gt; done: SetupGameSteps.GivenMatchStartedWithKickOffButtonFromExistingGame() (3.3s)&#xD;
Given Corner for team "2" workflow entered till pitch location selection&#xD;
Given action failed. Retrying after a timeout.&#xD;
-&gt; done: CornerSteps.GivenCornerForTeamAndWorkflowEnteredTillLocationSelection(2) (0.9s)&#xD;
When I click "Shot" button for team 2&#xD;
Given action failed. Retrying after a timeout.&#xD;
-&gt; done: TeamActionButtonSteps.GivenIClickShotButtonForTeam(2) (0.5s)&#xD;
Then Latest "Corner" event is in progress&#xD;
-&gt; done: ActionLogSteps.ThenLatestEventInProgress(Corner) (0.1s)&#xD;
And Latest "Corner" event is not active&#xD;
-&gt; done: ActionLogSteps.ThenLatestEventInNotActive(Corner) (0.0s)&#xD;
And team 2 players are enabled&#xD;
-&gt; done: PitchPlayersComponentSteps.ThenTeamPlayersAreEnabled(2) (0.1s)&#xD;
And Workflow message is shown for "Shot" action&#xD;
-&gt; done: PitchBottomMessageBarSteps.ThenMessageContainsShown("Shot") (0.1s)&#xD;
And Notification "Select shot taker..." is shown&#xD;
-&gt; done: PitchBottomMessageBarSteps.ThenIsShown("Select shot taker...") (0.1s)&#xD;
sandbox: CleanUpAfterTestRun started.&#xD;
sandbox: application pages != null: True&#xD;
sandbox: web driver!= null: True&#xD;
sandbox: CleanUpAfterTestRun complete.</StdOut>
      </Output>
    </UnitTestResult>
    <UnitTestResult executionId="ab5136e1-5cf3-451c-8c08-9da7aa14e7b6" testId="a2f96103-f2d4-4c5c-0476-20a61d87198c" testName="GivenActionRegistered_WhenDeletingFromActionLog_ThenDeleted(ThrowIn)" computerName="EC2AMAZ-JEOO151" duration="00:00:09.8840000" startTime="2019-07-11T20:15:12.0000000+00:00" endTime="2019-07-11T20:15:22.0000000+00:00" testType="13cdc9d9-ddb5-4fa4-a97d-d965ccfc6d4b" outcome="Passed" testListId="8c84fa94-04c1-424b-9868-57a2d4851a1d" relativeResultsDirectory="ab5136e1-5cf3-451c-8c08-9da7aa14e7b6">
      <Output>
        <StdOut>sandbox: PrepareForTestRun started.&#xD;
sandbox: football liveStatsApp != null: True &#xD;
sandbox: football liveStatsApp.IsProcessRunning: True &#xD;
sandbox: setupLocalData: localDatabaseProvider != null: True&#xD;
sandbox: applicationPages != null: True&#xD;
sandbox: applicationPages.Webdriver != null: True&#xD;
sandbox: finished setuping local data&#xD;
sandbox: PrepareForTestRun complete.&#xD;
Given action failed. Retrying after a timeout.&#xD;
sandbox: CleanUpAfterTestRun started.&#xD;
sandbox: application pages != null: True&#xD;
sandbox: web driver!= null: True&#xD;
sandbox: CleanUpAfterTestRun complete.</StdOut>
      </Output>
    </UnitTestResult>
    <UnitTestResult executionId="230176be-3363-4ef6-ae81-c0b2e752cc09" testId="f0912efc-fd75-b36a-35d4-77d21960e273" testName="SubsCountIsSavedAfterGameSetup(&quot;1&quot;,null)" computerName="EC2AMAZ-JEOO151" duration="00:00:03.2650000" startTime="2019-07-11T17:23:21.0000000+00:00" endTime="2019-07-11T17:23:25.0000000+00:00" testType="13cdc9d9-ddb5-4fa4-a97d-d965ccfc6d4b" outcome="Passed" testListId="8c84fa94-04c1-424b-9868-57a2d4851a1d" relativeResultsDirectory="230176be-3363-4ef6-ae81-c0b2e752cc09">
      <Output>
        <StdOut>sandbox: PrepareForTestRun started.&#xD;
sandbox: football liveStatsApp != null: True &#xD;
sandbox: football liveStatsApp.IsProcessRunning: True &#xD;
sandbox: setupLocalData: localDatabaseProvider != null: True&#xD;
sandbox: applicationPages != null: True&#xD;
sandbox: applicationPages.Webdriver != null: True&#xD;
sandbox: finished setuping local data&#xD;
sandbox: PrepareForTestRun complete.&#xD;
Given Home screen is visible&#xD;
-&gt; done: DashBoardSteps.GivenPrimaryApplicationHomeScreenIsVisible() (0.2s)&#xD;
When I click on enter game details manually&#xD;
-&gt; done: DashBoardSteps.WhenAsPrimaryIClickOnEnterGameDetailsManuallyButton() (0.1s)&#xD;
When mandatory game fields "Game Number", "Competition" and "Date &amp; Time" are filled&#xD;
-&gt; done: GameInformationTabSteps.GivenMandatoryGameFieldsAndAreFilled() (0.9s)&#xD;
And I set "Subs count" to 1 in General Information tab&#xD;
-&gt; done: GameInformationTabSteps.WhenIEnterInGeneralInformationTab(1) (0.1s)&#xD;
And I click Save &amp; Next button&#xD;
-&gt; done: GameSetupSteps.WhenIClickSaveNextButton() (0.1s)&#xD;
And I click on General Information tab&#xD;
-&gt; done: GameInformationTabSteps.WhenIClickOnGeneralInformationTab() (0.3s)&#xD;
Then "Subs count" is set to 1 in game information tab&#xD;
-&gt; done: GameInformationTabSteps.ThenNumberOfSubseIsSetTo("1") (0.0s)&#xD;
sandbox: CleanUpAfterTestRun started.&#xD;
sandbox: application pages != null: True&#xD;
sandbox: web driver!= null: True&#xD;
Given action failed. Retrying after a timeout. Most likely UI was not fast enough to refresh itself.&#xD;
sandbox: CleanUpAfterTestRun complete.</StdOut>
      </Output>
    </UnitTestResult>
    <UnitTestResult executionId="634dcf52-d3bb-4c71-a2af-e9cf376893f1" testId="6400466c-4bc1-9896-66a7-4b0274657418" testName="CanInsertInjuryIntoPeriodBreak(&quot;after&quot;,&quot;PhaseEnd&quot;,&quot;3&quot;,&quot;45:00&quot;,null)" computerName="EC2AMAZ-JEOO151" duration="00:00:08.8840000" startTime="2019-07-11T18:41:06.0000000+00:00" endTime="2019-07-11T18:41:14.0000000+00:00" testType="13cdc9d9-ddb5-4fa4-a97d-d965ccfc6d4b" outcome="Passed" testListId="8c84fa94-04c1-424b-9868-57a2d4851a1d" relativeResultsDirectory="634dcf52-d3bb-4c71-a2af-e9cf376893f1">
      <Output>
        <StdOut>sandbox: PrepareForTestRun started.&#xD;
sandbox: football liveStatsApp != null: True &#xD;
sandbox: football liveStatsApp.IsProcessRunning: True &#xD;
sandbox: setupLocalData: localDatabaseProvider != null: True&#xD;
sandbox: applicationPages != null: True&#xD;
sandbox: applicationPages.Webdriver != null: True&#xD;
sandbox: finished setuping local data&#xD;
sandbox: PrepareForTestRun complete.&#xD;
Given Second period started from existing game&#xD;
-&gt; done: SetupGameSteps.GivenSecondPeriodStartedFromExistingGame() (6.4s)&#xD;
When I click Expand Action log button&#xD;
-&gt; done: ActionLogSteps.WhenIClickExpandActionLogButton() (0.3s)&#xD;
And I insert "Injury" after "PhaseEnd"&#xD;
-&gt; done: ExpandedActionLogSteps.WhenIInsertActionAfterContainer(Injury, PhaseEnd) (0.3s)&#xD;
And I click off-pitch&#xD;
-&gt; done: PlayerInjuryEditSteps.WhenIClickOffPitchInjury() (0.1s)&#xD;
And I update injury with team 1, player 4 in edit window&#xD;
-&gt; done: PlayerInjuryEditSteps.WhenIUpdateInjuryWithTeamPlayer(1, 4) (0.3s)&#xD;
And I click Save button in action edit form&#xD;
-&gt; done: EditFormSteps.ClickSaveButtonInActionEditForm() (0.6s)&#xD;
Then "Injury" Action is displayed at 3 in expanded action log&#xD;
-&gt; done: ExpandedActionLogSteps.ThenGoalActionIsDisplayedAtInExpandedActionLog("Injury", 3) (0.1s)&#xD;
And at 3 position action time is "45:00" in "H1" half&#xD;
-&gt; done: ExpandedActionLogSteps.ThenAtPositionActionTimeIsInHalf(3, "45:00", "H1") (0.1s)&#xD;
sandbox: CleanUpAfterTestRun started.&#xD;
sandbox: application pages != null: True&#xD;
sandbox: web driver!= null: True&#xD;
sandbox: CleanUpAfterTestRun complete.</StdOut>
      </Output>
    </UnitTestResult>
    <UnitTestResult executionId="1e7b8498-f73e-4f93-8bd9-36e6da281c39" testId="a205501e-ca94-3c5d-0275-b693d8b9c2ad" testName="CardReasonUpdate(&quot;Yellow&quot;,&quot;Unsporting&quot;,null)" computerName="EC2AMAZ-JEOO151" duration="00:00:10.6490000" startTime="2019-07-11T17:45:53.0000000+00:00" endTime="2019-07-11T17:46:04.0000000+00:00" testType="13cdc9d9-ddb5-4fa4-a97d-d965ccfc6d4b" outcome="Passed" testListId="8c84fa94-04c1-424b-9868-57a2d4851a1d" relativeResultsDirectory="1e7b8498-f73e-4f93-8bd9-36e6da281c39">
      <Output>
        <StdOut>sandbox: PrepareForTestRun started.&#xD;
sandbox: football liveStatsApp != null: True &#xD;
sandbox: football liveStatsApp.IsProcessRunning: True &#xD;
sandbox: setupLocalData: localDatabaseProvider != null: True&#xD;
sandbox: applicationPages != null: True&#xD;
sandbox: applicationPages.Webdriver != null: True&#xD;
sandbox: finished setuping local data&#xD;
sandbox: PrepareForTestRun complete.&#xD;
Given Match started with kick off from existing game&#xD;
-&gt; done: SetupGameSteps.GivenMatchStartedWithKickOffButtonFromExistingGame() (3.4s)&#xD;
And I remembered current players on pitch shirt numbers&#xD;
-&gt; done: GoalEditSteps.GivenIRememberCurrentPlayersOnPitch() (1.5s)&#xD;
Given "Yellow" Card for Team "1" player with shirt number "4" is registered&#xD;
Given action failed. Retrying after a timeout.&#xD;
-&gt; done: CardSteps.GivenCardForTeamPlayerWithShirtNumberIsRegistered(Yellow, 1, 4) (3.3s)&#xD;
When I click on 1 of type "Booking" event in action log&#xD;
-&gt; done: ActionLogSteps.GivenIClickOnLatestEventInActionLog(1, Booking) (0.2s)&#xD;
And I click "select reason for card" button in card edit page&#xD;
-&gt; done: CardEditSteps.WhenIClickButtonInCardEditPage() (0.0s)&#xD;
And I click "Unsporting" reason button&#xD;
-&gt; done: CardSteps.WhenIClickReasonButton("Unsporting") (0.1s)&#xD;
And I select player with shirt number 10 in to receive the card in card edit page&#xD;
-&gt; done: CardEditSteps.WhenISelectPlayerInToReceiveTheCardInCardEditPage(10) (0.3s)&#xD;
And I click Save button in action edit form&#xD;
-&gt; done: EditFormSteps.ClickSaveButtonInActionEditForm() (0.6s)&#xD;
Then Pitch View is shown&#xD;
-&gt; done: PitchScreenSteps.PitchViewIsShown() (0.0s)&#xD;
And Yellow label is shown in Booking event action log&#xD;
-&gt; done: ActionLogSteps.ThenOffenceIsShownInPenaltyEventActionLog("Yellow", Booking) (0.1s)&#xD;
And "Yellow" label of "Booking" event in action log contains "Yellow" card icon&#xD;
-&gt; done: ActionLogSteps.ThenLabelOfEventInActionLogContainsCardIcon("Yellow", Booking, "Yellow") (0.1s)&#xD;
And Player on pitch by shirt number 10 of team 1 is shown in Yellow of "Booking" event in action log&#xD;
-&gt; done: ActionLogSteps.ThenPlayerOnPitchByShirtNumberOfTeamIsShownInGoalOfEventInActionLog(10, 1, "Yellow", Booking) (0.3s)&#xD;
sandbox: CleanUpAfterTestRun started.&#xD;
sandbox: application pages != null: True&#xD;
sandbox: web driver!= null: True&#xD;
sandbox: CleanUpAfterTestRun complete.</StdOut>
      </Output>
    </UnitTestResult>
    <UnitTestResult executionId="f5e47c06-8fd3-4741-b396-71ecb6beffff" testId="c83b9074-7e52-4161-f148-626234f2b57e" testName="GivenGoalKickRegistered_WhenUpdatingGoalKickAllData_ThenUpdatesSuccessfully" computerName="EC2AMAZ-JEOO151" duration="00:00:13.2530000" startTime="2019-07-11T20:32:15.0000000+00:00" endTime="2019-07-11T20:32:28.0000000+00:00" testType="13cdc9d9-ddb5-4fa4-a97d-d965ccfc6d4b" outcome="Passed" testListId="8c84fa94-04c1-424b-9868-57a2d4851a1d" relativeResultsDirectory="f5e47c06-8fd3-4741-b396-71ecb6beffff">
      <Output>
        <StdOut>sandbox: PrepareForTestRun started.&#xD;
sandbox: football liveStatsApp != null: True &#xD;
sandbox: football liveStatsApp.IsProcessRunning: True &#xD;
sandbox: setupLocalData: localDatabaseProvider != null: True&#xD;
sandbox: applicationPages != null: True&#xD;
sandbox: applicationPages.Webdriver != null: True&#xD;
sandbox: finished setuping local data&#xD;
sandbox: PrepareForTestRun complete.&#xD;
Given action failed. Retrying after a timeout.&#xD;
Failed to find data-qa element with tag 'setPitchLocationButton'. No such element exception.&#xD;
Failed to find data-qa element with tag 'setPitchLocationButton'. No such element exception.&#xD;
sandbox: CleanUpAfterTestRun started.&#xD;
sandbox: application pages != null: True&#xD;
sandbox: web driver!= null: True&#xD;
sandbox: CleanUpAfterTestRun complete.</StdOut>
      </Output>
    </UnitTestResult>
    <UnitTestResult executionId="294e7e6d-386a-417f-b1fc-ae48f3da427d" testId="7ee1b64c-1187-8769-0b85-f4e9576bca63" testName="VARStartedOnPenaltyFirstStep(&quot;2&quot;,null)" computerName="EC2AMAZ-JEOO151" duration="00:00:05.2020000" startTime="2019-07-11T19:59:08.0000000+00:00" endTime="2019-07-11T19:59:14.0000000+00:00" testType="13cdc9d9-ddb5-4fa4-a97d-d965ccfc6d4b" outcome="Passed" testListId="8c84fa94-04c1-424b-9868-57a2d4851a1d" relativeResultsDirectory="294e7e6d-386a-417f-b1fc-ae48f3da427d">
      <Output>
        <StdOut>sandbox: PrepareForTestRun started.&#xD;
sandbox: football liveStatsApp != null: True &#xD;
sandbox: football liveStatsApp.IsProcessRunning: True &#xD;
sandbox: setupLocalData: localDatabaseProvider != null: True&#xD;
sandbox: applicationPages != null: True&#xD;
sandbox: applicationPages.Webdriver != null: True&#xD;
sandbox: finished setuping local data&#xD;
sandbox: PrepareForTestRun complete.&#xD;
Given Match started with kick off from existing game&#xD;
-&gt; done: SetupGameSteps.GivenMatchStartedWithKickOffButtonFromExistingGame() (3.2s)&#xD;
When I click "Possible Penalty" button for team 2&#xD;
-&gt; done: TeamActionButtonSteps.GivenIClickPossiblePenaltyButtonForTeam(2) (0.6s)&#xD;
And I click "Possible VAR" Button&#xD;
-&gt; done: WorkflowSteps.WhenIClickButton() (0.1s)&#xD;
Then "Will the penalty stand after VAR review?" dialog is displayed&#xD;
-&gt; done: WorkflowSteps.ThenDialogIsDisplayed("Will the penalty ...") (0.2s)&#xD;
And "Yes" button is shown in var confirmation dialog&#xD;
-&gt; done: WorkflowSteps.ThenConfirmButtonIsShownInVarConfirmationDialog() (0.0s)&#xD;
And "No" button is shown in var confirmation dialog&#xD;
-&gt; done: WorkflowSteps.ThenCancelButtonIsShownInVarConfirmationDialog() (0.0s)&#xD;
And VAR label is shown in Penalty event action log&#xD;
-&gt; done: ActionLogSteps.ThenOffenceIsShownInPenaltyEventActionLog("VAR", Penalty) (0.1s)&#xD;
And VAR label of "Penalty" event in action log is in team 2 color&#xD;
-&gt; done: ActionLogSteps.ThenSubItemOfEventInActionLogIsInTeamColor("VAR", Penalty, 2) (0.1s)&#xD;
And Latest "Penalty" event is highlighted&#xD;
-&gt; done: ActionLogSteps.ThenCardEventIsHighlighted(Penalty) (0.0s)&#xD;
sandbox: CleanUpAfterTestRun started.&#xD;
sandbox: application pages != null: True&#xD;
sandbox: web driver!= null: True&#xD;
sandbox: CleanUpAfterTestRun complete.</StdOut>
      </Output>
    </UnitTestResult>
    <UnitTestResult executionId="a9263238-4ec0-4684-9fe1-cf607bae33b0" testId="c25d3397-c652-ef2d-5179-297748ed165e" testName="FlagsFreekickIfGoalStartedFromMiddleOfFreekickWorkflow(&quot;foul on&quot;,&quot;1&quot;,null)" computerName="EC2AMAZ-JEOO151" duration="00:00:06.9010000" startTime="2019-07-11T18:59:05.0000000+00:00" endTime="2019-07-11T18:59:12.0000000+00:00" testType="13cdc9d9-ddb5-4fa4-a97d-d965ccfc6d4b" outcome="Passed" testListId="8c84fa94-04c1-424b-9868-57a2d4851a1d" relativeResultsDirectory="a9263238-4ec0-4684-9fe1-cf607bae33b0">
      <Output>
        <StdOut>sandbox: PrepareForTestRun started.&#xD;
sandbox: football liveStatsApp != null: True &#xD;
sandbox: football liveStatsApp.IsProcessRunning: True &#xD;
sandbox: setupLocalData: localDatabaseProvider != null: True&#xD;
sandbox: applicationPages != null: True&#xD;
sandbox: applicationPages.Webdriver != null: True&#xD;
sandbox: finished setuping local data&#xD;
sandbox: PrepareForTestRun complete.&#xD;
Given Match started with kick off from existing game&#xD;
-&gt; done: SetupGameSteps.GivenMatchStartedWithKickOffButtonFromExistingGame() (3.3s)&#xD;
Given Free kick for team "1" workflow entered till foul on selection&#xD;
Given action failed. Retrying after a timeout.&#xD;
-&gt; done: FreeKickSteps.GivenFreeKickForTeamAndWorkflowEnteredTillFoulOnSelection(1) (1.4s)&#xD;
When I click goal for team 1 button&#xD;
Given action failed. Retrying after a timeout.&#xD;
-&gt; done: TeamActionButtonSteps.GivenIClickGoalForTeamButton(1) (0.5s)&#xD;
Then Latest action of type "FreeKick" is flagged&#xD;
-&gt; done: ActionLogSteps.ThenLatestEventInActionLogOfTypeIsFlagged(FreeKick) (0.0s)&#xD;
sandbox: CleanUpAfterTestRun started.&#xD;
sandbox: application pages != null: True&#xD;
sandbox: web driver!= null: True&#xD;
sandbox: CleanUpAfterTestRun complete.</StdOut>
      </Output>
    </UnitTestResult>
    <UnitTestResult executionId="27d5b913-5422-4c9b-82ea-ef9a66384146" testId="7bf3de47-b6ff-f2f9-2ef8-7aa6730440d2" testName="PenaltyShootOutKickCannotBeRetakenAfterGoalConfirmation" computerName="EC2AMAZ-JEOO151" duration="00:00:18.8500000" startTime="2019-07-11T19:14:41.0000000+00:00" endTime="2019-07-11T19:14:59.0000000+00:00" testType="13cdc9d9-ddb5-4fa4-a97d-d965ccfc6d4b" outcome="Passed" testListId="8c84fa94-04c1-424b-9868-57a2d4851a1d" relativeResultsDirectory="27d5b913-5422-4c9b-82ea-ef9a66384146">
      <Output>
        <StdOut>sandbox: PrepareForTestRun started.&#xD;
sandbox: football liveStatsApp != null: True &#xD;
sandbox: football liveStatsApp.IsProcessRunning: True &#xD;
sandbox: setupLocalData: localDatabaseProvider != null: True&#xD;
sandbox: applicationPages != null: True&#xD;
sandbox: applicationPages.Webdriver != null: True&#xD;
sandbox: finished setuping local data&#xD;
sandbox: PrepareForTestRun complete.&#xD;
Given penalty shoot-out phase started&#xD;
-&gt; done: PitchClockSteps.GivenGamePenaltyShoot_OutPhaseStarted() (14.6s)&#xD;
Given selected player "6" from team "2" for penalty shoot-out kick&#xD;
-&gt; done: PenaltyShootoutSteps.WhenISelectPlayerFromTeamForPenaltyShootOutKick(6, 2) (0.5s)&#xD;
And selected "Penalty Goal" outcome&#xD;
-&gt; done: PenaltyShootoutSteps.WhenISelectGoalOutcome() (0.1s)&#xD;
When I confirm penalty goal by clicking on "Confirm" button&#xD;
-&gt; done: GoalSteps.WhenIConfirmGoalByClickingOnButton() (2.3s)&#xD;
Then Net preview is shown&#xD;
-&gt; done: NetSectionSteps.ThenNetPreviewIsShown() (0.0s)&#xD;
And penalty retake is not available&#xD;
-&gt; done: PenaltySteps.ThenPenaltyRetakeIsNotAvailable() (0.1s)&#xD;
sandbox: CleanUpAfterTestRun started.&#xD;
sandbox: application pages != null: True&#xD;
sandbox: web driver!= null: True&#xD;
sandbox: CleanUpAfterTestRun complete.</StdOut>
      </Output>
    </UnitTestResult>
    <UnitTestResult executionId="b85fee03-7cf2-4e0b-9f87-0f001af6d8ff" testId="03cca6ec-42d3-c37a-a545-f4fb095588f2" testName="YesOnVAROnSecondStepOfRecordCardWorkflow(&quot;2&quot;,&quot;Red&quot;,null)" computerName="EC2AMAZ-JEOO151" duration="00:00:05.7810000" startTime="2019-07-11T19:56:33.0000000+00:00" endTime="2019-07-11T19:56:39.0000000+00:00" testType="13cdc9d9-ddb5-4fa4-a97d-d965ccfc6d4b" outcome="Passed" testListId="8c84fa94-04c1-424b-9868-57a2d4851a1d" relativeResultsDirectory="b85fee03-7cf2-4e0b-9f87-0f001af6d8ff">
      <Output>
        <StdOut>sandbox: PrepareForTestRun started.&#xD;
sandbox: football liveStatsApp != null: True &#xD;
sandbox: football liveStatsApp.IsProcessRunning: True &#xD;
sandbox: setupLocalData: localDatabaseProvider != null: True&#xD;
sandbox: applicationPages != null: True&#xD;
sandbox: applicationPages.Webdriver != null: True&#xD;
sandbox: finished setuping local data&#xD;
sandbox: PrepareForTestRun complete.&#xD;
Given Match started with kick off from existing game&#xD;
-&gt; done: SetupGameSteps.GivenMatchStartedWithKickOffButtonFromExistingGame() (3.3s)&#xD;
When I click on team 2 possible "Red"&#xD;
Given action failed. Retrying after a timeout.&#xD;
-&gt; done: TeamActionButtonSteps.StartPossibleCardRegistration(2, Red) (0.8s)&#xD;
And I click "Red" card button&#xD;
-&gt; done: TeamActionButtonSteps.WhenIClickCardButton("Red") (0.1s)&#xD;
And I click "Possible VAR" button in workflow&#xD;
-&gt; done: WorkflowSteps.WhenIClickPossibleVarButtonInWorkflow() (0.1s)&#xD;
And I click var confirmation "yes" button&#xD;
-&gt; done: WorkflowSteps.WhenIClickVarConfirmationButton("yes") (0.2s)&#xD;
Then Confirmation dialog is displayed&#xD;
-&gt; done: CardSteps.ThenConfirmationDialogIsDisplayed() (0.2s)&#xD;
And VAR label of "Booking" event in action log is in team 2 color&#xD;
-&gt; done: ActionLogSteps.ThenSubItemOfEventInActionLogIsInTeamColor("VAR", Booking, 2) (0.1s)&#xD;
And VAR label of "Booking" event in action log contains "Card Stands" message&#xD;
-&gt; done: ActionLogSteps.ThenSubItemOfEventInActionLogIsInTeamColor("VAR", Booking, "Card Stands") (0.1s)&#xD;
sandbox: CleanUpAfterTestRun started.&#xD;
sandbox: application pages != null: True&#xD;
sandbox: web driver!= null: True&#xD;
sandbox: CleanUpAfterTestRun complete.</StdOut>
      </Output>
    </UnitTestResult>
    <UnitTestResult executionId="05c06412-a339-4f8e-b9e9-aa4ffa734717" testId="522c7cfe-fd63-d137-e45a-042bbfe7d3ca" testName="EditGoalWithVARInGoalFirstStep(&quot;Offence&quot;,null)" computerName="EC2AMAZ-JEOO151" duration="00:00:06.9670000" startTime="2019-07-11T17:59:01.0000000+00:00" endTime="2019-07-11T17:59:07.0000000+00:00" testType="13cdc9d9-ddb5-4fa4-a97d-d965ccfc6d4b" outcome="Passed" testListId="8c84fa94-04c1-424b-9868-57a2d4851a1d" relativeResultsDirectory="05c06412-a339-4f8e-b9e9-aa4ffa734717">
      <Output>
        <StdOut>sandbox: PrepareForTestRun started.&#xD;
sandbox: football liveStatsApp != null: True &#xD;
sandbox: football liveStatsApp.IsProcessRunning: True &#xD;
sandbox: setupLocalData: localDatabaseProvider != null: True&#xD;
sandbox: applicationPages != null: True&#xD;
sandbox: applicationPages.Webdriver != null: True&#xD;
sandbox: finished setuping local data&#xD;
sandbox: PrepareForTestRun complete.&#xD;
Given Match started with kick off from existing game&#xD;
-&gt; done: SetupGameSteps.GivenMatchStartedWithKickOffButtonFromExistingGame() (3.3s)&#xD;
And I remembered current players on pitch shirt numbers&#xD;
-&gt; done: GoalEditSteps.GivenIRememberCurrentPlayersOnPitch() (1.5s)&#xD;
When I click goal for team 1 button&#xD;
-&gt; done: TeamActionButtonSteps.GivenIClickGoalForTeamButton(1) (0.3s)&#xD;
And I click "Possible VAR" button in workflow&#xD;
-&gt; done: WorkflowSteps.WhenIClickPossibleVarButtonInWorkflow() (0.1s)&#xD;
And I click var "Offence" button&#xD;
-&gt; done: WorkflowSteps.WhenIClickVarButton("Offence") (0.2s)&#xD;
And I click var confirmation "no" button&#xD;
-&gt; done: WorkflowSteps.WhenIClickVarConfirmationButton("no") (0.2s)&#xD;
And I click goal event in action log&#xD;
-&gt; done: ActionLogSteps.GivenIClickGoalEventInActionLog() (0.3s)&#xD;
Then Var outcome Overturned is selected&#xD;
-&gt; done: EditFormSteps.ThenVarOutcomeOverturnedIsSelected() (0.1s)&#xD;
And "Offence" VAR reason is selected&#xD;
-&gt; done: EditFormSteps.GivenVarReasonIsSelected("Offence") (0.0s)&#xD;
sandbox: CleanUpAfterTestRun started.&#xD;
sandbox: application pages != null: True&#xD;
sandbox: web driver!= null: True&#xD;
sandbox: CleanUpAfterTestRun complete.</StdOut>
      </Output>
    </UnitTestResult>
    <UnitTestResult executionId="9ad4b3a6-8403-4a0c-a89b-ebc82a6bad17" testId="708f1f23-5346-173d-bab3-c1ec4924ad5d" testName="DoNotConfirmPenaltyGoal(&quot;1&quot;,&quot;2&quot;,&quot;90&quot;,&quot;50&quot;,&quot;5&quot;,&quot;16&quot;,null)" computerName="EC2AMAZ-JEOO151" duration="00:00:16.2850000" startTime="2019-07-11T19:02:58.0000000+00:00" endTime="2019-07-11T19:03:14.0000000+00:00" testType="13cdc9d9-ddb5-4fa4-a97d-d965ccfc6d4b" outcome="Passed" testListId="8c84fa94-04c1-424b-9868-57a2d4851a1d" relativeResultsDirectory="9ad4b3a6-8403-4a0c-a89b-ebc82a6bad17">
      <Output>
        <StdOut>sandbox: PrepareForTestRun started.&#xD;
sandbox: football liveStatsApp != null: True &#xD;
sandbox: football liveStatsApp.IsProcessRunning: True &#xD;
sandbox: setupLocalData: localDatabaseProvider != null: True&#xD;
sandbox: applicationPages != null: True&#xD;
sandbox: applicationPages.Webdriver != null: True&#xD;
sandbox: finished setuping local data&#xD;
sandbox: PrepareForTestRun complete.&#xD;
Given Match started with kick off from existing game&#xD;
-&gt; done: SetupGameSteps.GivenMatchStartedWithKickOffButtonFromExistingGame() (3.3s)&#xD;
When I click "Possible Penalty" button for team 1&#xD;
Given action failed. Retrying after a timeout.&#xD;
-&gt; done: TeamActionButtonSteps.GivenIClickPossiblePenaltyButtonForTeam(1) (0.8s)&#xD;
And I confirm penalty by clicking "Confirm" button&#xD;
-&gt; done: PenaltySteps.WhenIConfirmPenaltyByClickingButton() (2.3s)&#xD;
And I click on pitch x 90 and y 50&#xD;
Failed to find element with query '[data-qa='activePitchOverlay']'. Web driver timeout exception.&#xD;
Given action failed. Retrying after a timeout.&#xD;
Failed to find element with query '[data-qa='activePitchOverlay']'. Web driver timeout exception.&#xD;
-&gt; done: PitchScreenSteps.WhenIClickOnPitch(90, 50) (4.5s)&#xD;
And I click "Foul" reason button&#xD;
-&gt; done: CardSteps.WhenIClickReasonButton("Foul") (0.2s)&#xD;
And I click on team 2 player on pitch with shirt number 5&#xD;
-&gt; done: PitchPlayersComponentSteps.WhenIClickOnTeamPlayerOnPitchWithShirtNumber(2, 5) (0.3s)&#xD;
And I click on team 1 player on pitch with shirt number 16&#xD;
-&gt; done: PitchPlayersComponentSteps.WhenIClickOnTeamPlayerOnPitchWithShirtNumber(1, 16) (0.4s)&#xD;
And I click "Penalty Goal" Button&#xD;
-&gt; done: PenaltySteps.WhenIClickPenaltyGoalButton() (0.2s)&#xD;
And I do not confirm penalty goal by clicking "Cancel &amp; Delete" button&#xD;
-&gt; done: PenaltySteps.WhenIDoNotConfirmPenaltyGoalByClickingButton() (0.2s)&#xD;
And I confirm penalty goal deletion&#xD;
-&gt; done: PenaltySteps.WhenIConfirmPenaltyGoalDeletion() (0.3s)&#xD;
Then Score is 0 for team 1&#xD;
-&gt; done: ScoreBoardSteps.ThenScoreIsForTeam(0, 1) (0.1s)&#xD;
And Score is 0 for team 2&#xD;
-&gt; done: ScoreBoardSteps.ThenScoreIsForTeam(0, 2) (0.1s)&#xD;
And Action Buttons are enabled&#xD;
-&gt; done: TeamActionButtonSteps.ThenActionButtonsAreEnabled() (0.7s)&#xD;
And Player on pitch with shirt number 16 of team 1 do not have goal icon&#xD;
Failed to find data-qa element with tag 'playerGoals'. No such element exception.&#xD;
-&gt; done: PitchPlayersComponentSteps.ThenPlayerOnPitchWithShirtNumberOfTeamDoNotHaveGoalIcon(16, 1) (2.1s)&#xD;
sandbox: CleanUpAfterTestRun started.&#xD;
sandbox: application pages != null: True&#xD;
sandbox: web driver!= null: True&#xD;
sandbox: CleanUpAfterTestRun complete.</StdOut>
      </Output>
    </UnitTestResult>
    <UnitTestResult executionId="88388bdd-e28a-4a1a-a3df-8505fdae9f03" testId="36c90cc2-c2aa-72ca-b051-efd59a5aadbf" testName="GivenGoalStartedAndConfirmed_WhenCancelingWorkflow_ThenGoalDeleted(2,7)" computerName="EC2AMAZ-JEOO151" duration="00:00:10.0470000" startTime="2019-07-11T21:05:22.0000000+00:00" endTime="2019-07-11T21:05:32.0000000+00:00" testType="13cdc9d9-ddb5-4fa4-a97d-d965ccfc6d4b" outcome="Passed" testListId="8c84fa94-04c1-424b-9868-57a2d4851a1d" relativeResultsDirectory="88388bdd-e28a-4a1a-a3df-8505fdae9f03">
      <Output>
        <StdOut>sandbox: PrepareForTestRun started.&#xD;
sandbox: football liveStatsApp != null: True &#xD;
sandbox: football liveStatsApp.IsProcessRunning: True &#xD;
sandbox: setupLocalData: localDatabaseProvider != null: True&#xD;
sandbox: applicationPages != null: True&#xD;
sandbox: applicationPages.Webdriver != null: True&#xD;
sandbox: finished setuping local data&#xD;
sandbox: PrepareForTestRun complete.&#xD;
Given action failed. Retrying after a timeout.&#xD;
Failed to find data-qa element with tag 'playerGoals'. No such element exception.&#xD;
sandbox: CleanUpAfterTestRun started.&#xD;
sandbox: application pages != null: True&#xD;
sandbox: web driver!= null: True&#xD;
sandbox: CleanUpAfterTestRun complete.</StdOut>
      </Output>
    </UnitTestResult>
    <UnitTestResult executionId="bdc70566-b97b-48a4-bd9c-88d84856c521" testId="01fccf0f-d10a-5af5-06a0-b814f64e0beb" testName="GivenGameWithCardInFirstHalf_WhenEditingCardWhileInSecondHalf_ThenCanSaveData" computerName="EC2AMAZ-JEOO151" duration="00:00:15.0010000" startTime="2019-07-11T20:28:42.0000000+00:00" endTime="2019-07-11T20:28:57.0000000+00:00" testType="13cdc9d9-ddb5-4fa4-a97d-d965ccfc6d4b" outcome="Passed" testListId="8c84fa94-04c1-424b-9868-57a2d4851a1d" relativeResultsDirectory="bdc70566-b97b-48a4-bd9c-88d84856c521">
      <Output>
        <StdOut>sandbox: PrepareForTestRun started.&#xD;
sandbox: football liveStatsApp != null: True &#xD;
sandbox: football liveStatsApp.IsProcessRunning: True &#xD;
sandbox: setupLocalData: localDatabaseProvider != null: True&#xD;
sandbox: applicationPages != null: True&#xD;
sandbox: applicationPages.Webdriver != null: True&#xD;
sandbox: finished setuping local data&#xD;
sandbox: PrepareForTestRun complete.&#xD;
Given action failed. Retrying after a timeout.&#xD;
Failed to find element with query '[data-qa='bookingEditScreen']'. Web driver timeout exception.&#xD;
sandbox: CleanUpAfterTestRun started.&#xD;
sandbox: application pages != null: True&#xD;
sandbox: web driver!= null: True&#xD;
sandbox: CleanUpAfterTestRun complete.</StdOut>
      </Output>
    </UnitTestResult>
    <UnitTestResult executionId="2fa135bc-e2cb-4b18-8642-b99dedf06ab0" testId="aa4b4e8b-e459-db4a-b833-f3add1a3b794" testName="GivenGameInProgress_WhenGoingBackInPenaltyRegistration_ThenCanRegisterPenaltyForwardAgain(1,2,5,16,4,10,90)" computerName="EC2AMAZ-JEOO151" duration="00:00:24.5500000" startTime="2019-07-11T21:07:27.0000000+00:00" endTime="2019-07-11T21:07:52.0000000+00:00" testType="13cdc9d9-ddb5-4fa4-a97d-d965ccfc6d4b" outcome="Passed" testListId="8c84fa94-04c1-424b-9868-57a2d4851a1d" relativeResultsDirectory="2fa135bc-e2cb-4b18-8642-b99dedf06ab0">
      <Output>
        <StdOut>sandbox: PrepareForTestRun started.&#xD;
sandbox: football liveStatsApp != null: True &#xD;
sandbox: football liveStatsApp.IsProcessRunning: True &#xD;
sandbox: setupLocalData: localDatabaseProvider != null: True&#xD;
sandbox: applicationPages != null: True&#xD;
sandbox: applicationPages.Webdriver != null: True&#xD;
sandbox: finished setuping local data&#xD;
sandbox: PrepareForTestRun complete.&#xD;
Failed to find element with query '[data-qa='activePitchOverlay']'. Web driver timeout exception.&#xD;
Given action failed. Retrying after a timeout.&#xD;
Failed to find element with query '[data-qa='activePitchOverlay']'. Web driver timeout exception.&#xD;
Failed to find element with query '[data-qa='activePitchOverlay']'. Web driver timeout exception.&#xD;
Given action failed. Retrying after a timeout.&#xD;
Failed to find element with query '[data-qa='activePitchOverlay']'. Web driver timeout exception.&#xD;
Failed to find data-qa element with tag 'playerGoals'. No such element exception.&#xD;
sandbox: CleanUpAfterTestRun started.&#xD;
sandbox: application pages != null: True&#xD;
sandbox: web driver!= null: True&#xD;
sandbox: CleanUpAfterTestRun complete.</StdOut>
      </Output>
    </UnitTestResult>
    <UnitTestResult executionId="3143b5a1-6e2e-4cb8-ac65-f82414af67de" testId="ac1e9b21-e3ab-299e-1594-6b114fa3fbf4" testName="ChangingPlayerToPlayerThatWasNotSubbedOutUnflagsAction" computerName="EC2AMAZ-JEOO151" duration="00:00:08.9990000" startTime="2019-07-11T19:48:20.0000000+00:00" endTime="2019-07-11T19:48:29.0000000+00:00" testType="13cdc9d9-ddb5-4fa4-a97d-d965ccfc6d4b" outcome="Passed" testListId="8c84fa94-04c1-424b-9868-57a2d4851a1d" relativeResultsDirectory="3143b5a1-6e2e-4cb8-ac65-f82414af67de">
      <Output>
        <StdOut>sandbox: PrepareForTestRun started.&#xD;
sandbox: football liveStatsApp != null: True &#xD;
sandbox: football liveStatsApp.IsProcessRunning: True &#xD;
sandbox: setupLocalData: localDatabaseProvider != null: True&#xD;
sandbox: applicationPages != null: True&#xD;
sandbox: applicationPages.Webdriver != null: True&#xD;
sandbox: finished setuping local data&#xD;
sandbox: PrepareForTestRun complete.&#xD;
Given Match started with kick off from existing game&#xD;
-&gt; done: SetupGameSteps.GivenMatchStartedWithKickOffButtonFromExistingGame() (3.4s)&#xD;
Given added substitution for in player "24" and out player "4" in team "1"&#xD;
-&gt; done: SubstitutionEditSteps.GivenIAddSubstitutionForBothTeams(24, 4, 1) (1.8s)&#xD;
And expanded action log is opened&#xD;
-&gt; done: ActionLogSteps.WhenIClickExpandActionLogButton() (0.2s)&#xD;
And inserted substitution after last action for in player "4" and out player "6" in team "1"&#xD;
-&gt; done: SubstitutionEditSteps.WhenIInsertSubstitutionAfterLastActionForInPlayerAndOutPlayerInTeam(4, 6, 1) (1.4s)&#xD;
When I close expanded action log page&#xD;
-&gt; done: ExpandedActionLogSteps.WhenICloseExpandedActionLogPage() (0.2s)&#xD;
And I click on latest "Substitution" event in action log&#xD;
-&gt; done: ActionLogSteps.GivenIClickOnLatestEventInActionLog(Substitution) (0.1s)&#xD;
And I click player with shirt number 25 from "bench" list&#xD;
-&gt; done: SubstitutionEditSteps.WhenIClickPlayerWithShirtNumberFromList(25, "bench") (0.4s)&#xD;
And I click Save button in action edit form&#xD;
-&gt; done: EditFormSteps.ClickSaveButtonInActionEditForm() (0.6s)&#xD;
Then 1 event in action log of type "Substitution" is not flagged&#xD;
-&gt; done: ActionLogSteps.ThenEventInActionLogOfTypeIsNotFlagged(1, Substitution) (0.0s)&#xD;
sandbox: CleanUpAfterTestRun started.&#xD;
sandbox: application pages != null: True&#xD;
sandbox: web driver!= null: True&#xD;
sandbox: CleanUpAfterTestRun complete.</StdOut>
      </Output>
    </UnitTestResult>
    <UnitTestResult executionId="d2be25f7-6161-41c4-ac5c-5bfb0a56c22b" testId="29c1f417-b476-0d2a-a835-00fd7c1385f1" testName="CardTypeAndReasonUpdate(&quot;Red&quot;,&quot;Yellow&quot;,&quot;Time Wasting&quot;,null)" computerName="EC2AMAZ-JEOO151" duration="00:00:10.2000000" startTime="2019-07-11T17:47:38.0000000+00:00" endTime="2019-07-11T17:47:48.0000000+00:00" testType="13cdc9d9-ddb5-4fa4-a97d-d965ccfc6d4b" outcome="Passed" testListId="8c84fa94-04c1-424b-9868-57a2d4851a1d" relativeResultsDirectory="d2be25f7-6161-41c4-ac5c-5bfb0a56c22b">
      <Output>
        <StdOut>sandbox: PrepareForTestRun started.&#xD;
sandbox: football liveStatsApp != null: True &#xD;
sandbox: football liveStatsApp.IsProcessRunning: True &#xD;
sandbox: setupLocalData: localDatabaseProvider != null: True&#xD;
sandbox: applicationPages != null: True&#xD;
sandbox: applicationPages.Webdriver != null: True&#xD;
sandbox: finished setuping local data&#xD;
sandbox: PrepareForTestRun complete.&#xD;
Given Match started with kick off from existing game&#xD;
-&gt; done: SetupGameSteps.GivenMatchStartedWithKickOffButtonFromExistingGame() (3.3s)&#xD;
And I remembered current players on pitch shirt numbers&#xD;
-&gt; done: GoalEditSteps.GivenIRememberCurrentPlayersOnPitch() (1.5s)&#xD;
Given "Red" Card for Team "1" player with shirt number "4" is registered&#xD;
-&gt; done: CardSteps.GivenCardForTeamPlayerWithShirtNumberIsRegistered(Red, 1, 4) (3.0s)&#xD;
When I click on 1 of type "Booking" event in action log&#xD;
-&gt; done: ActionLogSteps.GivenIClickOnLatestEventInActionLog(1, Booking) (0.2s)&#xD;
And I click "Yellow" card in card edit page&#xD;
-&gt; done: CardEditSteps.WhenIClickCardInCardEditPage("Yellow") (0.1s)&#xD;
And I click "select reason for card" button in card edit page&#xD;
-&gt; done: CardEditSteps.WhenIClickButtonInCardEditPage() (0.0s)&#xD;
And I click "Time Wasting" reason button&#xD;
-&gt; done: CardSteps.WhenIClickReasonButton("Time Wasting") (0.2s)&#xD;
And I click Save button in action edit form&#xD;
-&gt; done: EditFormSteps.ClickSaveButtonInActionEditForm() (0.6s)&#xD;
Then Pitch View is shown&#xD;
-&gt; done: PitchScreenSteps.PitchViewIsShown() (0.0s)&#xD;
And Yellow label is shown in Booking event action log&#xD;
-&gt; done: ActionLogSteps.ThenOffenceIsShownInPenaltyEventActionLog("Yellow", Booking) (0.1s)&#xD;
And "Yellow" label of "Booking" event in action log contains "Yellow" card icon&#xD;
-&gt; done: ActionLogSteps.ThenLabelOfEventInActionLogContainsCardIcon("Yellow", Booking, "Yellow") (0.1s)&#xD;
And Player on pitch by shirt number 4 of team 1 is shown in Yellow of "Booking" event in action log&#xD;
-&gt; done: ActionLogSteps.ThenPlayerOnPitchByShirtNumberOfTeamIsShownInGoalOfEventInActionLog(4, 1, "Yellow", Booking) (0.2s)&#xD;
sandbox: CleanUpAfterTestRun started.&#xD;
sandbox: application pages != null: True&#xD;
sandbox: web driver!= null: True&#xD;
sandbox: CleanUpAfterTestRun complete.</StdOut>
      </Output>
    </UnitTestResult>
    <UnitTestResult executionId="65be5b44-89d5-4354-acc6-9b1be7dc15f3" testId="559c0fd0-b338-3172-7c3c-4f7c960e40e0" testName="GivenCardWorkflowInProgress_WhenCanceling_ThenScoreboardsStatsAreUpdated(2,Red)" computerName="EC2AMAZ-JEOO151" duration="00:00:05.3650000" startTime="2019-07-11T21:40:55.0000000+00:00" endTime="2019-07-11T21:41:00.0000000+00:00" testType="13cdc9d9-ddb5-4fa4-a97d-d965ccfc6d4b" outcome="Passed" testListId="8c84fa94-04c1-424b-9868-57a2d4851a1d" relativeResultsDirectory="65be5b44-89d5-4354-acc6-9b1be7dc15f3">
      <Output>
        <StdOut>sandbox: PrepareForTestRun started.&#xD;
sandbox: football liveStatsApp != null: True &#xD;
sandbox: football liveStatsApp.IsProcessRunning: True &#xD;
sandbox: setupLocalData: localDatabaseProvider != null: True&#xD;
sandbox: applicationPages != null: True&#xD;
sandbox: applicationPages.Webdriver != null: True&#xD;
sandbox: finished setuping local data&#xD;
sandbox: PrepareForTestRun complete.&#xD;
Given action failed. Retrying after a timeout.&#xD;
sandbox: CleanUpAfterTestRun started.&#xD;
sandbox: application pages != null: True&#xD;
sandbox: web driver!= null: True&#xD;
sandbox: CleanUpAfterTestRun complete.</StdOut>
      </Output>
    </UnitTestResult>
    <UnitTestResult executionId="8d79a5f2-a965-4a4d-bbec-cd68ed662639" testId="aa04ca42-80d6-3bbb-c8f8-bf402ed0d254" testName="EditSubDuringWorkflowFromActionLog" computerName="EC2AMAZ-JEOO151" duration="00:00:08.7990000" startTime="2019-07-11T17:54:59.0000000+00:00" endTime="2019-07-11T17:55:08.0000000+00:00" testType="13cdc9d9-ddb5-4fa4-a97d-d965ccfc6d4b" outcome="Passed" testListId="8c84fa94-04c1-424b-9868-57a2d4851a1d" relativeResultsDirectory="8d79a5f2-a965-4a4d-bbec-cd68ed662639">
      <Output>
        <StdOut>sandbox: PrepareForTestRun started.&#xD;
sandbox: football liveStatsApp != null: True &#xD;
sandbox: football liveStatsApp.IsProcessRunning: True &#xD;
sandbox: setupLocalData: localDatabaseProvider != null: True&#xD;
sandbox: applicationPages != null: True&#xD;
sandbox: applicationPages.Webdriver != null: True&#xD;
sandbox: finished setuping local data&#xD;
sandbox: PrepareForTestRun complete.&#xD;
Given Match started with kick off from existing game&#xD;
-&gt; done: SetupGameSteps.GivenMatchStartedWithKickOffButtonFromExistingGame() (3.2s)&#xD;
Given I add substitution for both teams&#xD;
-&gt; done: SubstitutionSteps.GivenIAddSubstitutionForBothTeams() (3.5s)&#xD;
When I click Freekick button for team 1&#xD;
Given action failed. Retrying after a timeout.&#xD;
-&gt; done: TeamActionButtonSteps.WhenIClickFreekickButtonForTeam(1) (0.6s)&#xD;
And I click on latest "Substitution" event in action log&#xD;
-&gt; done: ActionLogSteps.GivenIClickOnLatestEventInActionLog(Substitution) (0.1s)&#xD;
And I click Flag &amp; Save button in action edit form&#xD;
-&gt; done: EditFormSteps.ClickFlagAndSaveInActionEditForm() (0.4s)&#xD;
Then Pitch View is shown&#xD;
-&gt; done: PitchScreenSteps.PitchViewIsShown() (0.0s)&#xD;
And 1 event in action log of type "Substitution" is flagged&#xD;
-&gt; done: ActionLogSteps.ThenEventInActionLogOfTypeIsFlagged(1, Substitution) (0.0s)&#xD;
And Notification "Select free kick location..." is shown&#xD;
-&gt; done: PitchBottomMessageBarSteps.ThenIsShown("Select free kick ...") (0.1s)&#xD;
sandbox: CleanUpAfterTestRun started.&#xD;
sandbox: application pages != null: True&#xD;
sandbox: web driver!= null: True&#xD;
sandbox: CleanUpAfterTestRun complete.</StdOut>
      </Output>
    </UnitTestResult>
    <UnitTestResult executionId="f8ac7fff-5830-467d-8a82-8339dfb3d7d6" testId="7adbc949-2890-c898-d8f2-631fea07e38b" testName="GivenShotStarted_WhenSelectingShotPitchLocation_ThenShotTypeSelectionPrompted" computerName="EC2AMAZ-JEOO151" duration="00:00:06.2670000" startTime="2019-07-11T21:12:19.0000000+00:00" endTime="2019-07-11T21:12:25.0000000+00:00" testType="13cdc9d9-ddb5-4fa4-a97d-d965ccfc6d4b" outcome="Passed" testListId="8c84fa94-04c1-424b-9868-57a2d4851a1d" relativeResultsDirectory="f8ac7fff-5830-467d-8a82-8339dfb3d7d6">
      <Output>
        <StdOut>sandbox: PrepareForTestRun started.&#xD;
sandbox: football liveStatsApp != null: True &#xD;
sandbox: football liveStatsApp.IsProcessRunning: True &#xD;
sandbox: setupLocalData: localDatabaseProvider != null: True&#xD;
sandbox: applicationPages != null: True&#xD;
sandbox: applicationPages.Webdriver != null: True&#xD;
sandbox: finished setuping local data&#xD;
sandbox: PrepareForTestRun complete.&#xD;
Given action failed. Retrying after a timeout.&#xD;
sandbox: CleanUpAfterTestRun started.&#xD;
sandbox: application pages != null: True&#xD;
sandbox: web driver!= null: True&#xD;
sandbox: CleanUpAfterTestRun complete.</StdOut>
      </Output>
    </UnitTestResult>
    <UnitTestResult executionId="6cbbfa37-2483-4c74-99e2-04c9b786f685" testId="61babfdb-3040-2b2d-0747-d07ca27c918f" testName="GivenExpandedLog_WhenInsertingCardAfterForCoach_ThenScoreboardIsPresentedCorrectly(Yellow,Yellow,1,0)" computerName="EC2AMAZ-JEOO151" duration="00:00:20.1390000" startTime="2019-07-11T20:47:39.0000000+00:00" endTime="2019-07-11T20:47:59.0000000+00:00" testType="13cdc9d9-ddb5-4fa4-a97d-d965ccfc6d4b" outcome="Passed" testListId="8c84fa94-04c1-424b-9868-57a2d4851a1d" relativeResultsDirectory="6cbbfa37-2483-4c74-99e2-04c9b786f685">
      <Output>
        <StdOut>sandbox: PrepareForTestRun started.&#xD;
sandbox: football liveStatsApp != null: True &#xD;
sandbox: football liveStatsApp.IsProcessRunning: True &#xD;
sandbox: setupLocalData: localDatabaseProvider != null: True&#xD;
sandbox: applicationPages != null: True&#xD;
sandbox: applicationPages.Webdriver != null: True&#xD;
sandbox: finished setuping local data&#xD;
sandbox: PrepareForTestRun complete.&#xD;
sandbox: CleanUpAfterTestRun started.&#xD;
sandbox: application pages != null: True&#xD;
sandbox: web driver!= null: True&#xD;
sandbox: CleanUpAfterTestRun complete.</StdOut>
      </Output>
    </UnitTestResult>
    <UnitTestResult executionId="6d0b411c-dc84-4ce2-84c6-c154b718c743" testId="9ab8b65b-6014-6ddc-117c-47f5b9c0e082" testName="GivenGameWithCard_WhenEditingCardTeam_ThenTeamUpdated" computerName="EC2AMAZ-JEOO151" duration="00:00:10.6720000" startTime="2019-07-11T20:28:32.0000000+00:00" endTime="2019-07-11T20:28:42.0000000+00:00" testType="13cdc9d9-ddb5-4fa4-a97d-d965ccfc6d4b" outcome="Passed" testListId="8c84fa94-04c1-424b-9868-57a2d4851a1d" relativeResultsDirectory="6d0b411c-dc84-4ce2-84c6-c154b718c743">
      <Output>
        <StdOut>sandbox: PrepareForTestRun started.&#xD;
sandbox: football liveStatsApp != null: True &#xD;
sandbox: football liveStatsApp.IsProcessRunning: True &#xD;
sandbox: setupLocalData: localDatabaseProvider != null: True&#xD;
sandbox: applicationPages != null: True&#xD;
sandbox: applicationPages.Webdriver != null: True&#xD;
sandbox: finished setuping local data&#xD;
sandbox: PrepareForTestRun complete.&#xD;
Given action failed. Retrying after a timeout.&#xD;
sandbox: CleanUpAfterTestRun started.&#xD;
sandbox: application pages != null: True&#xD;
sandbox: web driver!= null: True&#xD;
sandbox: CleanUpAfterTestRun complete.</StdOut>
      </Output>
    </UnitTestResult>
    <UnitTestResult executionId="bf3c9dc7-71f5-48a0-9393-eb14b2c952cb" testId="6f0a5011-5e7e-afcf-75b8-f301c51609d8" testName="VarOnSecondStepOfRecordCardWorkflow(&quot;2&quot;,&quot;Yellow&quot;,null)" computerName="EC2AMAZ-JEOO151" duration="00:00:05.1000000" startTime="2019-07-11T19:55:24.0000000+00:00" endTime="2019-07-11T19:55:29.0000000+00:00" testType="13cdc9d9-ddb5-4fa4-a97d-d965ccfc6d4b" outcome="Passed" testListId="8c84fa94-04c1-424b-9868-57a2d4851a1d" relativeResultsDirectory="bf3c9dc7-71f5-48a0-9393-eb14b2c952cb">
      <Output>
        <StdOut>sandbox: PrepareForTestRun started.&#xD;
sandbox: football liveStatsApp != null: True &#xD;
sandbox: football liveStatsApp.IsProcessRunning: True &#xD;
sandbox: setupLocalData: localDatabaseProvider != null: True&#xD;
sandbox: applicationPages != null: True&#xD;
sandbox: applicationPages.Webdriver != null: True&#xD;
sandbox: finished setuping local data&#xD;
sandbox: PrepareForTestRun complete.&#xD;
Given Match started with kick off from existing game&#xD;
-&gt; done: SetupGameSteps.GivenMatchStartedWithKickOffButtonFromExistingGame() (3.2s)&#xD;
When I click on team 2 possible "Yellow"&#xD;
-&gt; done: TeamActionButtonSteps.StartPossibleCardRegistration(2, Yellow) (0.6s)&#xD;
And I click "Yellow" card button&#xD;
-&gt; done: TeamActionButtonSteps.WhenIClickCardButton("Yellow") (0.1s)&#xD;
And I click "Possible VAR" button in workflow&#xD;
-&gt; done: WorkflowSteps.WhenIClickPossibleVarButtonInWorkflow() (0.1s)&#xD;
Then confirm VAR dialog is displayed&#xD;
-&gt; done: WorkflowSteps.ThenConfirmVarDialogIsDisplayed() (0.2s)&#xD;
And "Yes" VAR dialog button is shown&#xD;
-&gt; done: WorkflowSteps.ThenVarDialogButtonIsShown("Yes") (0.0s)&#xD;
And "No" VAR dialog button is shown&#xD;
-&gt; done: WorkflowSteps.ThenVarDialogButtonIsShown("No") (0.0s)&#xD;
sandbox: CleanUpAfterTestRun started.&#xD;
sandbox: application pages != null: True&#xD;
sandbox: web driver!= null: True&#xD;
sandbox: CleanUpAfterTestRun complete.</StdOut>
      </Output>
    </UnitTestResult>
    <UnitTestResult executionId="b3f5e612-c8c1-4241-baf6-0d85af3c4664" testId="e0bd48f6-acfe-7195-a764-a3ddf2f68b3c" testName="GivenGoalInProgress_WhenSettingPossession_PossessionIsChanged(1)" computerName="EC2AMAZ-JEOO151" duration="00:00:10.6160000" startTime="2019-07-11T21:43:37.0000000+00:00" endTime="2019-07-11T21:43:48.0000000+00:00" testType="13cdc9d9-ddb5-4fa4-a97d-d965ccfc6d4b" outcome="Passed" testListId="8c84fa94-04c1-424b-9868-57a2d4851a1d" relativeResultsDirectory="b3f5e612-c8c1-4241-baf6-0d85af3c4664">
      <Output>
        <StdOut>sandbox: PrepareForTestRun started.&#xD;
sandbox: football liveStatsApp != null: True &#xD;
sandbox: football liveStatsApp.IsProcessRunning: True &#xD;
sandbox: setupLocalData: localDatabaseProvider != null: True&#xD;
sandbox: applicationPages != null: True&#xD;
sandbox: applicationPages.Webdriver != null: True&#xD;
sandbox: finished setuping local data&#xD;
sandbox: PrepareForTestRun complete.&#xD;
Given action failed. Retrying after a timeout.&#xD;
sandbox: CleanUpAfterTestRun started.&#xD;
sandbox: application pages != null: True&#xD;
sandbox: web driver!= null: True&#xD;
sandbox: CleanUpAfterTestRun complete.</StdOut>
      </Output>
    </UnitTestResult>
    <UnitTestResult executionId="6ae6b120-a520-4607-a3ac-e3868cb17dc4" testId="6c45cc68-2adb-34c5-4302-f70fc3cddf0d" testName="GivenGameInProgress_WhenConfirmingEndedHalf_ThenConfirmEndOfHalfShown" computerName="EC2AMAZ-JEOO151" duration="00:00:08.8020000" startTime="2019-07-11T21:33:01.0000000+00:00" endTime="2019-07-11T21:33:10.0000000+00:00" testType="13cdc9d9-ddb5-4fa4-a97d-d965ccfc6d4b" outcome="Passed" testListId="8c84fa94-04c1-424b-9868-57a2d4851a1d" relativeResultsDirectory="6ae6b120-a520-4607-a3ac-e3868cb17dc4">
      <Output>
        <StdOut>sandbox: PrepareForTestRun started.&#xD;
sandbox: football liveStatsApp != null: True &#xD;
sandbox: football liveStatsApp.IsProcessRunning: True &#xD;
sandbox: setupLocalData: localDatabaseProvider != null: True&#xD;
sandbox: applicationPages != null: True&#xD;
sandbox: applicationPages.Webdriver != null: True&#xD;
sandbox: finished setuping local data&#xD;
sandbox: PrepareForTestRun complete.&#xD;
sandbox: CleanUpAfterTestRun started.&#xD;
sandbox: application pages != null: True&#xD;
sandbox: web driver!= null: True&#xD;
sandbox: CleanUpAfterTestRun complete.</StdOut>
      </Output>
    </UnitTestResult>
    <UnitTestResult executionId="0b54827a-06a0-4d5b-8ae3-f8fde61b5186" testId="95c487cf-3867-9103-0c20-4def221c634a" testName="GivenActionRegistered_WhenDeletingFromExpandedActionLog_ThenDeletedInExpanded(Injury)" computerName="EC2AMAZ-JEOO151" duration="00:00:07.5660000" startTime="2019-07-11T20:17:02.0000000+00:00" endTime="2019-07-11T20:17:10.0000000+00:00" testType="13cdc9d9-ddb5-4fa4-a97d-d965ccfc6d4b" outcome="Passed" testListId="8c84fa94-04c1-424b-9868-57a2d4851a1d" relativeResultsDirectory="0b54827a-06a0-4d5b-8ae3-f8fde61b5186">
      <Output>
        <StdOut>sandbox: PrepareForTestRun started.&#xD;
sandbox: football liveStatsApp != null: True &#xD;
sandbox: football liveStatsApp.IsProcessRunning: True &#xD;
sandbox: setupLocalData: localDatabaseProvider != null: True&#xD;
sandbox: applicationPages != null: True&#xD;
sandbox: applicationPages.Webdriver != null: True&#xD;
sandbox: finished setuping local data&#xD;
sandbox: PrepareForTestRun complete.&#xD;
sandbox: CleanUpAfterTestRun started.&#xD;
sandbox: application pages != null: True&#xD;
sandbox: web driver!= null: True&#xD;
sandbox: CleanUpAfterTestRun complete.</StdOut>
      </Output>
    </UnitTestResult>
    <UnitTestResult executionId="d2423b6d-8f9a-4911-9e49-4fa1b8e50a7e" testId="b1696c9f-46c1-c364-8cc3-3831176fbb87" testName="GivenSetupFinished_WhenSelectingReadyForKickOff_ThenKickOffIsEnabled(2,ToLeft)" computerName="EC2AMAZ-JEOO151" duration="00:00:09.9970000" startTime="2019-07-11T21:37:13.0000000+00:00" endTime="2019-07-11T21:37:23.0000000+00:00" testType="13cdc9d9-ddb5-4fa4-a97d-d965ccfc6d4b" outcome="Passed" testListId="8c84fa94-04c1-424b-9868-57a2d4851a1d" relativeResultsDirectory="d2423b6d-8f9a-4911-9e49-4fa1b8e50a7e">
      <Output>
        <StdOut>sandbox: PrepareForTestRun started.&#xD;
sandbox: football liveStatsApp != null: True &#xD;
sandbox: football liveStatsApp.IsProcessRunning: True &#xD;
sandbox: setupLocalData: localDatabaseProvider != null: True&#xD;
sandbox: applicationPages != null: True&#xD;
sandbox: applicationPages.Webdriver != null: True&#xD;
sandbox: finished setuping local data&#xD;
sandbox: PrepareForTestRun complete.&#xD;
sandbox: CleanUpAfterTestRun started.&#xD;
sandbox: application pages != null: True&#xD;
sandbox: web driver!= null: True&#xD;
sandbox: CleanUpAfterTestRun complete.</StdOut>
      </Output>
    </UnitTestResult>
    <UnitTestResult executionId="2ff52906-4356-4458-a77e-d61f1b88b03e" testId="ebdaa647-ba18-138c-1209-3f425196fd66" testName="CannotProceedWithoutBlankMandatoryFields(&quot;1&quot;,&quot;short team code&quot;,&quot;Team's short code is not valid&quot;,null)" computerName="EC2AMAZ-JEOO151" duration="00:00:04.2630000" startTime="2019-07-11T17:39:11.0000000+00:00" endTime="2019-07-11T17:39:16.0000000+00:00" testType="13cdc9d9-ddb5-4fa4-a97d-d965ccfc6d4b" outcome="Passed" testListId="8c84fa94-04c1-424b-9868-57a2d4851a1d" relativeResultsDirectory="2ff52906-4356-4458-a77e-d61f1b88b03e">
      <Output>
        <StdOut>sandbox: PrepareForTestRun started.&#xD;
sandbox: football liveStatsApp != null: True &#xD;
sandbox: football liveStatsApp.IsProcessRunning: True &#xD;
sandbox: setupLocalData: localDatabaseProvider != null: True&#xD;
sandbox: applicationPages != null: True&#xD;
sandbox: applicationPages.Webdriver != null: True&#xD;
sandbox: finished setuping local data&#xD;
sandbox: PrepareForTestRun complete.&#xD;
Given Teams tab is opened&#xD;
-&gt; done: TeamDetailsTabSteps.WhenTeamsTabIsOpened() (1.4s)&#xD;
And all information for both teams are available&#xD;
-&gt; done: TeamDetailsTabSteps.GivenAllInformationForBothTeamsAreAvailable() (1.3s)&#xD;
When 1 - short team code is cleared&#xD;
-&gt; done: TeamDetailsTabSteps.WhenIsCleared(1, "short team code") (0.1s)&#xD;
And Save &amp; Next button is clicked&#xD;
-&gt; done: GameSetupSteps.WhenSaveNextButtonIsClicked() (0.1s)&#xD;
Then Team's short code is not valid message is displayed, that 1 short team code could not be blank&#xD;
-&gt; done: GameSetupSteps.ThenWarningMessageIsDisplayedThatCouldNotBeBlank("Team's short code...", "1 short team", "code") (0.1s)&#xD;
sandbox: CleanUpAfterTestRun started.&#xD;
sandbox: application pages != null: True&#xD;
sandbox: web driver!= null: True&#xD;
Given action failed. Retrying after a timeout. Most likely UI was not fast enough to refresh itself.&#xD;
sandbox: CleanUpAfterTestRun complete.</StdOut>
      </Output>
    </UnitTestResult>
    <UnitTestResult executionId="3f7f4269-1d97-4686-8b16-d79cbcffae25" testId="32adbb22-1811-d1f2-9cf1-8b6ee8a33774" testName="GivenGameInProgress_WhenConfirmingEndedHalfLater_ThenLeavesAtConfirmationStep" computerName="EC2AMAZ-JEOO151" duration="00:00:09.3330000" startTime="2019-07-11T21:33:10.0000000+00:00" endTime="2019-07-11T21:33:19.0000000+00:00" testType="13cdc9d9-ddb5-4fa4-a97d-d965ccfc6d4b" outcome="Passed" testListId="8c84fa94-04c1-424b-9868-57a2d4851a1d" relativeResultsDirectory="3f7f4269-1d97-4686-8b16-d79cbcffae25">
      <Output>
        <StdOut>sandbox: PrepareForTestRun started.&#xD;
sandbox: football liveStatsApp != null: True &#xD;
sandbox: football liveStatsApp.IsProcessRunning: True &#xD;
sandbox: setupLocalData: localDatabaseProvider != null: True&#xD;
sandbox: applicationPages != null: True&#xD;
sandbox: applicationPages.Webdriver != null: True&#xD;
sandbox: finished setuping local data&#xD;
sandbox: PrepareForTestRun complete.&#xD;
Failed to find element with query '[data-qa='scoreConfirmationPopup']'. Web driver timeout exception.&#xD;
sandbox: CleanUpAfterTestRun started.&#xD;
sandbox: application pages != null: True&#xD;
sandbox: web driver!= null: True&#xD;
sandbox: CleanUpAfterTestRun complete.</StdOut>
      </Output>
    </UnitTestResult>
    <UnitTestResult executionId="cc176c85-4fdb-47bd-97db-00886c33ea17" testId="642dd1a6-48fd-99bc-8a74-c00d45b43987" testName="GivenActionRegistered_WhenDeletingFromExpandedActionLog_ThenDeletedPitchLog(Corner)" computerName="EC2AMAZ-JEOO151" duration="00:00:12.2320000" startTime="2019-07-11T20:18:57.0000000+00:00" endTime="2019-07-11T20:19:09.0000000+00:00" testType="13cdc9d9-ddb5-4fa4-a97d-d965ccfc6d4b" outcome="Passed" testListId="8c84fa94-04c1-424b-9868-57a2d4851a1d" relativeResultsDirectory="cc176c85-4fdb-47bd-97db-00886c33ea17">
      <Output>
        <StdOut>sandbox: PrepareForTestRun started.&#xD;
sandbox: football liveStatsApp != null: True &#xD;
sandbox: football liveStatsApp.IsProcessRunning: True &#xD;
sandbox: setupLocalData: localDatabaseProvider != null: True&#xD;
sandbox: applicationPages != null: True&#xD;
sandbox: applicationPages.Webdriver != null: True&#xD;
sandbox: finished setuping local data&#xD;
sandbox: PrepareForTestRun complete.&#xD;
sandbox: CleanUpAfterTestRun started.&#xD;
sandbox: application pages != null: True&#xD;
sandbox: web driver!= null: True&#xD;
sandbox: CleanUpAfterTestRun complete.</StdOut>
      </Output>
    </UnitTestResult>
    <UnitTestResult executionId="b350c4c1-bfc8-4728-958c-485e8ae7c3ab" testId="846e41ec-c89e-b452-a47c-cc21b7bfc735" testName="CardActionFlagCanBeReviewedInActionEditScreen(&quot;2&quot;,null)" computerName="EC2AMAZ-JEOO151" duration="00:00:11.8140000" startTime="2019-07-11T19:40:11.0000000+00:00" endTime="2019-07-11T19:40:23.0000000+00:00" testType="13cdc9d9-ddb5-4fa4-a97d-d965ccfc6d4b" outcome="Passed" testListId="8c84fa94-04c1-424b-9868-57a2d4851a1d" relativeResultsDirectory="b350c4c1-bfc8-4728-958c-485e8ae7c3ab">
      <Output>
        <StdOut>sandbox: PrepareForTestRun started.&#xD;
sandbox: football liveStatsApp != null: True &#xD;
sandbox: football liveStatsApp.IsProcessRunning: True &#xD;
sandbox: setupLocalData: localDatabaseProvider != null: True&#xD;
sandbox: applicationPages != null: True&#xD;
sandbox: applicationPages.Webdriver != null: True&#xD;
sandbox: finished setuping local data&#xD;
sandbox: PrepareForTestRun complete.&#xD;
Given Match started with kick off from existing game&#xD;
-&gt; done: SetupGameSteps.GivenMatchStartedWithKickOffButtonFromExistingGame() (3.3s)&#xD;
Given "Yellow" Card for Team 1 is registered&#xD;
Given action failed. Retrying after a timeout.&#xD;
-&gt; done: CardSteps.GivenCardForTeamIsRegistered(Yellow, 1) (3.7s)&#xD;
And "Red" Card for Team 1 is registered&#xD;
-&gt; done: CardSteps.GivenCardForTeamIsRegistered(Red, 1) (3.1s)&#xD;
When I click on 2 of type "Booking" event in action log&#xD;
-&gt; done: ActionLogSteps.GivenIClickOnLatestEventInActionLog(2, Booking) (0.2s)&#xD;
And I click Flag &amp; Save button in action edit form&#xD;
-&gt; done: EditFormSteps.ClickFlagAndSaveInActionEditForm() (0.4s)&#xD;
And I click on 2 of type "Booking" event in action log&#xD;
-&gt; done: ActionLogSteps.GivenIClickOnLatestEventInActionLog(2, Booking) (0.1s)&#xD;
And I click review flags button in game action edit window&#xD;
-&gt; done: EditFormSteps.WhenIClickReviewFlagsButtonInGameActionEditWindow() (0.1s)&#xD;
Then Review action flags dialog opens&#xD;
-&gt; done: EditFormSteps.ThenReviewActionFlagsDialogOpens() (0.0s)&#xD;
And "This item was flagged by the User." is visible in review action flags dialog&#xD;
-&gt; done: EditWindowFlagsDropDownSteps.ThenIsVisibleInReviewActionFlagsDialog("This item was fla...") (0.0s)&#xD;
sandbox: CleanUpAfterTestRun started.&#xD;
sandbox: application pages != null: True&#xD;
sandbox: web driver!= null: True&#xD;
sandbox: CleanUpAfterTestRun complete.</StdOut>
      </Output>
    </UnitTestResult>
    <UnitTestResult executionId="8a04ddc3-364b-4bc0-9131-8e3e5ec0d6fb" testId="7760dcaf-2150-fde6-0898-6fa9fe96d112" testName="FootballClearPitchPosition" computerName="EC2AMAZ-JEOO151" duration="00:00:12.3480000" startTime="2019-07-11T17:59:35.0000000+00:00" endTime="2019-07-11T17:59:47.0000000+00:00" testType="13cdc9d9-ddb5-4fa4-a97d-d965ccfc6d4b" outcome="Passed" testListId="8c84fa94-04c1-424b-9868-57a2d4851a1d" relativeResultsDirectory="8a04ddc3-364b-4bc0-9131-8e3e5ec0d6fb">
      <Output>
        <StdOut>sandbox: PrepareForTestRun started.&#xD;
sandbox: football liveStatsApp != null: True &#xD;
sandbox: football liveStatsApp.IsProcessRunning: True &#xD;
sandbox: setupLocalData: localDatabaseProvider != null: True&#xD;
sandbox: applicationPages != null: True&#xD;
sandbox: applicationPages.Webdriver != null: True&#xD;
sandbox: finished setuping local data&#xD;
sandbox: PrepareForTestRun complete.&#xD;
Given Match started with kick off from existing game&#xD;
-&gt; done: SetupGameSteps.GivenMatchStartedWithKickOffButtonFromExistingGame() (3.3s)&#xD;
And I remembered current players on pitch shirt numbers&#xD;
-&gt; done: GoalEditSteps.GivenIRememberCurrentPlayersOnPitch() (1.6s)&#xD;
And I add a goal for team 1 player 4 assisted by player 13&#xD;
Given action failed. Retrying after a timeout.&#xD;
-&gt; done: GoalSteps.GivenIAddAGoalForTeamPlayerAssistedByPlayer(1, 4, 13) (3.8s)&#xD;
And I click goal event in action log&#xD;
-&gt; done: ActionLogSteps.GivenIClickGoalEventInActionLog() (0.3s)&#xD;
And clicked "adjust" pitch location button in edit window&#xD;
Failed to find data-qa element with tag 'setPitchLocationButton'. No such element exception.&#xD;
-&gt; done: MiniPitchEditPageElementSteps.WhenIClickButtonForFreeKickLocation() (2.2s)&#xD;
And I click "clear pitch" button on expanded pitch view&#xD;
-&gt; done: ExpandedPitchPositionDialogSteps.GivenIClickButtonOnExpandedPitchView("clear pitch") (0.1s)&#xD;
And I click "Proceed" button on expanded pitch view&#xD;
-&gt; done: ExpandedPitchPositionDialogSteps.GivenIClickButtonOnExpandedPitchView("Proceed") (0.1s)&#xD;
Then Goal Edit view is visible&#xD;
-&gt; done: GoalEditSteps.ThenGoalEditViewIsVisible() (0.0s)&#xD;
And Save button is enabled in action edit form&#xD;
-&gt; done: EditFormSteps.SaveButtonIsEnabled() (0.0s)&#xD;
sandbox: CleanUpAfterTestRun started.&#xD;
sandbox: application pages != null: True&#xD;
sandbox: web driver!= null: True&#xD;
sandbox: CleanUpAfterTestRun complete.</StdOut>
      </Output>
    </UnitTestResult>
    <UnitTestResult executionId="6c0dbbfa-6e43-4f36-92cc-efb035e2769b" testId="3901c743-3bc8-184d-30a4-6a3d5f4c1187" testName="CancellingShotWorkflowResumesFreeKickWorkflow(&quot;foul on&quot;,&quot;2&quot;,null)" computerName="EC2AMAZ-JEOO151" duration="00:00:07.4320000" startTime="2019-07-11T19:25:30.0000000+00:00" endTime="2019-07-11T19:25:38.0000000+00:00" testType="13cdc9d9-ddb5-4fa4-a97d-d965ccfc6d4b" outcome="Passed" testListId="8c84fa94-04c1-424b-9868-57a2d4851a1d" relativeResultsDirectory="6c0dbbfa-6e43-4f36-92cc-efb035e2769b">
      <Output>
        <StdOut>sandbox: PrepareForTestRun started.&#xD;
sandbox: football liveStatsApp != null: True &#xD;
sandbox: football liveStatsApp.IsProcessRunning: True &#xD;
sandbox: setupLocalData: localDatabaseProvider != null: True&#xD;
sandbox: applicationPages != null: True&#xD;
sandbox: applicationPages.Webdriver != null: True&#xD;
sandbox: finished setuping local data&#xD;
sandbox: PrepareForTestRun complete.&#xD;
Given Match started with kick off from existing game&#xD;
-&gt; done: SetupGameSteps.GivenMatchStartedWithKickOffButtonFromExistingGame() (3.2s)&#xD;
Given Free kick for team "2" workflow entered till foul on selection&#xD;
Given action failed. Retrying after a timeout.&#xD;
-&gt; done: FreeKickSteps.GivenFreeKickForTeamAndWorkflowEnteredTillFoulOnSelection(2) (1.4s)&#xD;
And I clicked "Shot" button for team 2&#xD;
Given action failed. Retrying after a timeout.&#xD;
-&gt; done: TeamActionButtonSteps.GivenIClickShotButtonForTeam(2) (0.5s)&#xD;
When I cancel action workflow by clicking "Cancel &amp; Delete" button&#xD;
-&gt; done: WorkflowSteps.WhenICancelActionWorkflowByClickingButton() (0.2s)&#xD;
Then Latest freekick event is in progress&#xD;
-&gt; done: ActionLogSteps.ThenFreekickEventIsNotCompleted() (0.1s)&#xD;
And Current free kick step is foul on selection&#xD;
-&gt; done: FreeKickSteps.ThenCurrentFreeKickStepIsFoulOnSelection() (0.3s)&#xD;
And Latest action in log is of type "FreeKick"&#xD;
-&gt; done: ActionLogSteps.ThenLatestActionIsOfTypeGoal(FreeKick) (0.0s)&#xD;
And Latest action of type "FreeKick" is not flagged&#xD;
-&gt; done: ActionLogSteps.ThenLatestEventInActionLogOfTypeIsNotFlagged(FreeKick) (0.0s)&#xD;
sandbox: CleanUpAfterTestRun started.&#xD;
sandbox: application pages != null: True&#xD;
sandbox: web driver!= null: True&#xD;
sandbox: CleanUpAfterTestRun complete.</StdOut>
      </Output>
    </UnitTestResult>
    <UnitTestResult executionId="80c00a4d-f346-4352-9327-0bf8c411c427" testId="bb1a2f95-ea4f-7130-20ba-8994f558dff9" testName="SelectTeamAndGoalTypeInGoalInsert(&quot;2&quot;,&quot;Head&quot;,null)" computerName="EC2AMAZ-JEOO151" duration="00:00:16.7310000" startTime="2019-07-11T18:24:45.0000000+00:00" endTime="2019-07-11T18:25:02.0000000+00:00" testType="13cdc9d9-ddb5-4fa4-a97d-d965ccfc6d4b" outcome="Passed" testListId="8c84fa94-04c1-424b-9868-57a2d4851a1d" relativeResultsDirectory="80c00a4d-f346-4352-9327-0bf8c411c427">
      <Output>
        <StdOut>sandbox: PrepareForTestRun started.&#xD;
sandbox: football liveStatsApp != null: True &#xD;
sandbox: football liveStatsApp.IsProcessRunning: True &#xD;
sandbox: setupLocalData: localDatabaseProvider != null: True&#xD;
sandbox: applicationPages != null: True&#xD;
sandbox: applicationPages.Webdriver != null: True&#xD;
sandbox: finished setuping local data&#xD;
sandbox: PrepareForTestRun complete.&#xD;
Given Match started with kick off from existing game&#xD;
-&gt; done: SetupGameSteps.GivenMatchStartedWithKickOffButtonFromExistingGame() (3.4s)&#xD;
And "Top right" corner added for Team 1&#xD;
-&gt; done: CornerSteps.GivenCornerAddedForTeam("Top right", 1) (3.1s)&#xD;
And "Yellow" Card for Team 1 is registered&#xD;
Given action failed. Retrying after a timeout.&#xD;
-&gt; done: CardSteps.GivenCardForTeamIsRegistered(Yellow, 1) (3.4s)&#xD;
And I clicked on latest "Corner" event in action log&#xD;
-&gt; done: ActionLogSteps.GivenIClickOnLatestEventInActionLog(Corner) (0.2s)&#xD;
And I entered new conceded event time of "0030"&#xD;
-&gt; done: EditFormSteps.GivenIEnterNewConcededEventTimeOf("0030") (1.0s)&#xD;
And I clicked Save button in action edit form&#xD;
-&gt; done: EditFormSteps.ClickSaveButtonInActionEditForm() (0.6s)&#xD;
And I remembered current players on pitch shirt numbers&#xD;
-&gt; done: GoalEditSteps.GivenIRememberCurrentPlayersOnPitch() (1.1s)&#xD;
When I click Expand Action log button&#xD;
-&gt; done: ActionLogSteps.WhenIClickExpandActionLogButton() (0.1s)&#xD;
And I click last action in expanded action log&#xD;
-&gt; done: ExpandedActionLogSteps.WhenIClickLastActionInExpandedActionLog() (0.1s)&#xD;
And I click insert after button in expanded action log&#xD;
-&gt; done: ExpandedActionLogSteps.WhenIClickInsertAfterButtonInExpandedActionLog() (0.1s)&#xD;
And I click insert Goal button in insert after dropdown&#xD;
-&gt; done: ExpandedActionLogSteps.WhenIClickInsertGoalButtonInInsertAfterDropdown() (0.1s)&#xD;
And I click "2" team in Goal by Team&#xD;
-&gt; done: GoalEditSteps.GivenIClickTeamInShotByTeam(2) (0.1s)&#xD;
And I click "goal" button in insert window&#xD;
-&gt; done: GoalEditSteps.GivenIClickShotResultGoalButton() (0.0s)&#xD;
And I click "shot type" button in insert window&#xD;
-&gt; done: GoalEditSteps.GivenIClickShotTypeButton() (0.0s)&#xD;
And I click "Head" button in expanded shot type dialog&#xD;
-&gt; done: ExpandedShotTypeDialogSteps.GivenIClickButtonInExpandedShotTypeDialog("Head") (0.2s)&#xD;
Then shot by team "2" button color is updated to "2" team color&#xD;
-&gt; done: GoalEditSteps.ThenShotByTeamColorIsUpdatedToTeamColor(2, 2) (0.0s)&#xD;
And "2" team players are visible in Who scored&#xD;
-&gt; done: GoalEditSteps.ThenTeamPlayersAreVisibleInWhoScored(2) (2.1s)&#xD;
And Shot type button is set to "Head"&#xD;
-&gt; done: GoalEditSteps.ThenShotTypeButtonIsSetTo("Head") (0.1s)&#xD;
And "shot type" button color is updated to team id "2" color&#xD;
-&gt; done: GoalEditSteps.ThenShotTypeButtonColorIsUpdatedToTeamIdColor(2) (0.1s)&#xD;
sandbox: CleanUpAfterTestRun started.&#xD;
sandbox: application pages != null: True&#xD;
sandbox: web driver!= null: True&#xD;
sandbox: CleanUpAfterTestRun complete.</StdOut>
      </Output>
    </UnitTestResult>
    <UnitTestResult executionId="57f374bf-e779-40d8-b373-98490ff1909a" testId="5378d93d-5ac8-e1b3-7ed6-c1800b220c7c" testName="SurnameFieldIsHighlightedWhenOnlyNameFieldIsFilled" computerName="EC2AMAZ-JEOO151" duration="00:00:02.6920000" startTime="2019-07-11T17:23:31.0000000+00:00" endTime="2019-07-11T17:23:34.0000000+00:00" testType="13cdc9d9-ddb5-4fa4-a97d-d965ccfc6d4b" outcome="Passed" testListId="8c84fa94-04c1-424b-9868-57a2d4851a1d" relativeResultsDirectory="57f374bf-e779-40d8-b373-98490ff1909a">
      <Output>
        <StdOut>sandbox: PrepareForTestRun started.&#xD;
sandbox: football liveStatsApp != null: True &#xD;
sandbox: football liveStatsApp.IsProcessRunning: True &#xD;
sandbox: setupLocalData: localDatabaseProvider != null: True&#xD;
sandbox: applicationPages != null: True&#xD;
sandbox: applicationPages.Webdriver != null: True&#xD;
sandbox: finished setuping local data&#xD;
sandbox: PrepareForTestRun complete.&#xD;
Given Home screen is visible&#xD;
-&gt; done: DashBoardSteps.GivenPrimaryApplicationHomeScreenIsVisible() (0.2s)&#xD;
When I click on enter game details manually&#xD;
-&gt; done: DashBoardSteps.WhenAsPrimaryIClickOnEnterGameDetailsManuallyButton() (0.1s)&#xD;
When mandatory game fields "Game Number", "Competition" and "Date &amp; Time" are filled&#xD;
-&gt; done: GameInformationTabSteps.GivenMandatoryGameFieldsAndAreFilled() (1.0s)&#xD;
And any one name field is filled&#xD;
-&gt; done: GameInformationTabSteps.WhenAnyOneNameFieldIsFilled() (0.5s)&#xD;
Then other name field for the same row is highlighted&#xD;
-&gt; done: GameInformationTabSteps.ThenOtherNameFieldForTheSameRowIsHighlighted() (0.1s)&#xD;
sandbox: CleanUpAfterTestRun started.&#xD;
sandbox: application pages != null: True&#xD;
sandbox: web driver!= null: True&#xD;
sandbox: CleanUpAfterTestRun complete.</StdOut>
      </Output>
    </UnitTestResult>
    <UnitTestResult executionId="9ad73bdc-1075-4ea9-b48d-06b5f52dedfa" testId="19b82c5e-c6a1-335f-7f89-04cedd19fdf0" testName="GivenGameWithShotInFirstHalf_WhenEditingShotWhileInSecondHalf_ThenCanSaveData" computerName="EC2AMAZ-JEOO151" duration="00:00:18.3090000" startTime="2019-07-11T20:42:13.0000000+00:00" endTime="2019-07-11T20:42:31.0000000+00:00" testType="13cdc9d9-ddb5-4fa4-a97d-d965ccfc6d4b" outcome="Passed" testListId="8c84fa94-04c1-424b-9868-57a2d4851a1d" relativeResultsDirectory="9ad73bdc-1075-4ea9-b48d-06b5f52dedfa">
      <Output>
        <StdOut>sandbox: PrepareForTestRun started.&#xD;
sandbox: football liveStatsApp != null: True &#xD;
sandbox: football liveStatsApp.IsProcessRunning: True &#xD;
sandbox: setupLocalData: localDatabaseProvider != null: True&#xD;
sandbox: applicationPages != null: True&#xD;
sandbox: applicationPages.Webdriver != null: True&#xD;
sandbox: finished setuping local data&#xD;
sandbox: PrepareForTestRun complete.&#xD;
Failed to find element with query '[data-qa='activePitchOverlay']'. Web driver timeout exception.&#xD;
Given action failed. Retrying after a timeout.&#xD;
Failed to find element with query '[data-qa='activePitchOverlay']'. Web driver timeout exception.&#xD;
Given action failed. Retrying after a timeout.&#xD;
Failed to find element with query '[data-qa='goalEditScreen']'. Web driver timeout exception.&#xD;
sandbox: CleanUpAfterTestRun started.&#xD;
sandbox: application pages != null: True&#xD;
sandbox: web driver!= null: True&#xD;
sandbox: CleanUpAfterTestRun complete.</StdOut>
      </Output>
    </UnitTestResult>
    <UnitTestResult executionId="3976183b-22f3-477d-8924-d1879b0ceb27" testId="77dd8cfb-0a83-964d-6289-87e56f14686f" testName="ClearPitchIsVisibleInGoalInsert(&quot;adjust&quot;,null)" computerName="EC2AMAZ-JEOO151" duration="00:00:14.5330000" startTime="2019-07-11T18:21:15.0000000+00:00" endTime="2019-07-11T18:21:30.0000000+00:00" testType="13cdc9d9-ddb5-4fa4-a97d-d965ccfc6d4b" outcome="Passed" testListId="8c84fa94-04c1-424b-9868-57a2d4851a1d" relativeResultsDirectory="3976183b-22f3-477d-8924-d1879b0ceb27">
      <Output>
        <StdOut>sandbox: PrepareForTestRun started.&#xD;
sandbox: football liveStatsApp != null: True &#xD;
sandbox: football liveStatsApp.IsProcessRunning: True &#xD;
sandbox: setupLocalData: localDatabaseProvider != null: True&#xD;
sandbox: applicationPages != null: True&#xD;
sandbox: applicationPages.Webdriver != null: True&#xD;
sandbox: finished setuping local data&#xD;
sandbox: PrepareForTestRun complete.&#xD;
Given Match started with kick off from existing game&#xD;
-&gt; done: SetupGameSteps.GivenMatchStartedWithKickOffButtonFromExistingGame() (3.2s)&#xD;
And "Top right" corner added for Team 1&#xD;
-&gt; done: CornerSteps.GivenCornerAddedForTeam("Top right", 1) (3.2s)&#xD;
And "Yellow" Card for Team 1 is registered&#xD;
Given action failed. Retrying after a timeout.&#xD;
-&gt; done: CardSteps.GivenCardForTeamIsRegistered(Yellow, 1) (3.4s)&#xD;
And I clicked on latest "Corner" event in action log&#xD;
-&gt; done: ActionLogSteps.GivenIClickOnLatestEventInActionLog(Corner) (0.3s)&#xD;
And I entered new conceded event time of "0030"&#xD;
-&gt; done: EditFormSteps.GivenIEnterNewConcededEventTimeOf("0030") (1.0s)&#xD;
And I clicked Save button in action edit form&#xD;
-&gt; done: EditFormSteps.ClickSaveButtonInActionEditForm() (0.6s)&#xD;
And I remembered current players on pitch shirt numbers&#xD;
-&gt; done: GoalEditSteps.GivenIRememberCurrentPlayersOnPitch() (1.1s)&#xD;
When I click Expand Action log button&#xD;
-&gt; done: ActionLogSteps.WhenIClickExpandActionLogButton() (0.2s)&#xD;
And I click last action in expanded action log&#xD;
-&gt; done: ExpandedActionLogSteps.WhenIClickLastActionInExpandedActionLog() (0.1s)&#xD;
And I click insert after button in expanded action log&#xD;
-&gt; done: ExpandedActionLogSteps.WhenIClickInsertAfterButtonInExpandedActionLog() (0.1s)&#xD;
And I click insert Goal button in insert after dropdown&#xD;
-&gt; done: ExpandedActionLogSteps.WhenIClickInsertGoalButtonInInsertAfterDropdown() (0.1s)&#xD;
And I click "adjust" pitch location button in insert window&#xD;
-&gt; done: MiniPitchEditPageElementSteps.WhenIClickButtonForFreeKickLocation() (0.1s)&#xD;
And I click on expanded pitch view x 10 y 50&#xD;
-&gt; done: ExpandedPitchPositionDialogSteps.GivenIClickOnExpandedPitchViewXY(10, 50) (0.1s)&#xD;
Then Clear Pitch button is visible&#xD;
-&gt; done: GoalEditSteps.ThenClearPitchButtonIsVisible() (0.0s)&#xD;
sandbox: CleanUpAfterTestRun started.&#xD;
sandbox: application pages != null: True&#xD;
sandbox: web driver!= null: True&#xD;
sandbox: CleanUpAfterTestRun complete.</StdOut>
      </Output>
    </UnitTestResult>
    <UnitTestResult executionId="ad9fda82-c29b-4d0f-ae8a-8ce9e8d50181" testId="c8dc907a-d532-d029-aad5-dd206da62c62" testName="GivenGameKickOffEdit_ThenAllFormElementsPresent" computerName="EC2AMAZ-JEOO151" duration="00:00:05.9480000" startTime="2019-07-11T20:33:39.0000000+00:00" endTime="2019-07-11T20:33:45.0000000+00:00" testType="13cdc9d9-ddb5-4fa4-a97d-d965ccfc6d4b" outcome="Passed" testListId="8c84fa94-04c1-424b-9868-57a2d4851a1d" relativeResultsDirectory="ad9fda82-c29b-4d0f-ae8a-8ce9e8d50181">
      <Output>
        <StdOut>sandbox: PrepareForTestRun started.&#xD;
sandbox: football liveStatsApp != null: True &#xD;
sandbox: football liveStatsApp.IsProcessRunning: True &#xD;
sandbox: setupLocalData: localDatabaseProvider != null: True&#xD;
sandbox: applicationPages != null: True&#xD;
sandbox: applicationPages.Webdriver != null: True&#xD;
sandbox: finished setuping local data&#xD;
sandbox: PrepareForTestRun complete.&#xD;
sandbox: CleanUpAfterTestRun started.&#xD;
sandbox: application pages != null: True&#xD;
sandbox: web driver!= null: True&#xD;
sandbox: CleanUpAfterTestRun complete.</StdOut>
      </Output>
    </UnitTestResult>
    <UnitTestResult executionId="0893beea-6e3c-4145-8978-772671e2bad2" testId="e1d9adae-f3ac-4793-2916-a7ac3c855e70" testName="AddedTimeRecordedActionCanBeUnflagged" computerName="EC2AMAZ-JEOO151" duration="00:00:07.1820000" startTime="2019-07-11T19:39:39.0000000+00:00" endTime="2019-07-11T19:39:46.0000000+00:00" testType="13cdc9d9-ddb5-4fa4-a97d-d965ccfc6d4b" outcome="Passed" testListId="8c84fa94-04c1-424b-9868-57a2d4851a1d" relativeResultsDirectory="0893beea-6e3c-4145-8978-772671e2bad2">
      <Output>
        <StdOut>sandbox: PrepareForTestRun started.&#xD;
sandbox: football liveStatsApp != null: True &#xD;
sandbox: football liveStatsApp.IsProcessRunning: True &#xD;
sandbox: setupLocalData: localDatabaseProvider != null: True&#xD;
sandbox: applicationPages != null: True&#xD;
sandbox: applicationPages.Webdriver != null: True&#xD;
sandbox: finished setuping local data&#xD;
sandbox: PrepareForTestRun complete.&#xD;
Given Match started with kick off from existing game&#xD;
-&gt; done: SetupGameSteps.GivenMatchStartedWithKickOffButtonFromExistingGame() (3.3s)&#xD;
Given Clock minutes value is set to "44"&#xD;
-&gt; done: PitchClockSteps.WhenISetClockMinutesValueTo(44) (1.5s)&#xD;
And "time input" value is set to "3" on the clock&#xD;
-&gt; done: PitchClockSteps.WhenISetTimeInputValueTo(3) (0.1s)&#xD;
And "Add Time" button on the clock is clicked&#xD;
-&gt; done: PitchClockSteps.GivenIClickAddTimeButtonOnTheClock() (0.1s)&#xD;
When I click on latest "InjuryTime" event in action log&#xD;
-&gt; done: ActionLogSteps.GivenIClickOnLatestEventInActionLog(InjuryTime) (0.2s)&#xD;
And I click Flag &amp; Save button in action edit form&#xD;
-&gt; done: EditFormSteps.ClickFlagAndSaveInActionEditForm() (0.4s)&#xD;
And I click on latest "InjuryTime" event in action log&#xD;
-&gt; done: ActionLogSteps.GivenIClickOnLatestEventInActionLog(InjuryTime) (0.1s)&#xD;
And I click Save button in action edit form&#xD;
-&gt; done: EditFormSteps.ClickSaveButtonInActionEditForm() (0.6s)&#xD;
Then 1 event in action log of type "InjuryTime" is not flagged&#xD;
-&gt; done: ActionLogSteps.ThenEventInActionLogOfTypeIsNotFlagged(1, InjuryTime) (0.0s)&#xD;
sandbox: CleanUpAfterTestRun started.&#xD;
sandbox: application pages != null: True&#xD;
sandbox: web driver!= null: True&#xD;
sandbox: CleanUpAfterTestRun complete.</StdOut>
      </Output>
    </UnitTestResult>
    <UnitTestResult executionId="0fa95fbd-6178-498a-94b6-34150b9f445f" testId="80de09ea-9a56-2aae-f6d0-c4b53a14a1a0" testName="SelectPlayerForYellowCardAndYellowReasonsAreShown(&quot;Yellow&quot;,&quot;2nd Yellow&quot;,&quot;Unsporting&quot;,&quot;Dissent&quot;,&quot;Persistent Infringement&quot;,&quot;Time Wasting&quot;,&quot;Yellow Red&quot;,null)" computerName="EC2AMAZ-JEOO151" duration="00:00:07.8060000" startTime="2019-07-11T18:55:31.0000000+00:00" endTime="2019-07-11T18:55:39.0000000+00:00" testType="13cdc9d9-ddb5-4fa4-a97d-d965ccfc6d4b" outcome="Passed" testListId="8c84fa94-04c1-424b-9868-57a2d4851a1d" relativeResultsDirectory="0fa95fbd-6178-498a-94b6-34150b9f445f">
      <Output>
        <StdOut>sandbox: PrepareForTestRun started.&#xD;
sandbox: football liveStatsApp != null: True &#xD;
sandbox: football liveStatsApp.IsProcessRunning: True &#xD;
sandbox: setupLocalData: localDatabaseProvider != null: True&#xD;
sandbox: applicationPages != null: True&#xD;
sandbox: applicationPages.Webdriver != null: True&#xD;
sandbox: finished setuping local data&#xD;
sandbox: PrepareForTestRun complete.&#xD;
Given Match started with kick off from existing game&#xD;
-&gt; done: SetupGameSteps.GivenMatchStartedWithKickOffButtonFromExistingGame() (3.2s)&#xD;
When I click on team 1 possible "Yellow"&#xD;
-&gt; done: TeamActionButtonSteps.StartPossibleCardRegistration(1, Yellow) (0.6s)&#xD;
And I click "2nd Yellow" card button&#xD;
-&gt; done: TeamActionButtonSteps.WhenIClickCardButton("2nd Yellow") (0.1s)&#xD;
And I confirm booking by clicking "Confirm" button&#xD;
-&gt; done: CardSteps.WhenIConfirmActionByClickingButton() (2.4s)&#xD;
And I click on team 1 player on pitch with shirt number 13&#xD;
-&gt; done: PitchPlayersComponentSteps.WhenIClickOnTeamPlayerOnPitchWithShirtNumber(1, 13) (0.1s)&#xD;
Then team 1 player on pitch with shirt id 13 is marked with Yellow Red line&#xD;
-&gt; done: PitchPlayersComponentSteps.ThenTeamPlayerOnPitchWithShirtIdIsMarkedWithLine(1, 13, "Yellow Red") (0.2s)&#xD;
And Reason button 1 is shown as Unsporting&#xD;
-&gt; done: CardSteps.ThenReasonButtonIsShown(1, "Unsporting") (0.1s)&#xD;
And Reason button 2 is shown as Dissent&#xD;
-&gt; done: CardSteps.ThenReasonButtonIsShown(2, "Dissent") (0.1s)&#xD;
And Reason button 3 is shown as Persistent Infringement&#xD;
-&gt; done: CardSteps.ThenReasonButtonIsShown(3, "Persistent Infrin...") (0.1s)&#xD;
And Reason button 4 is shown as Time Wasting&#xD;
-&gt; done: CardSteps.ThenReasonButtonIsShown(4, "Time Wasting") (0.1s)&#xD;
And "Back" button is shown&#xD;
-&gt; done: WorkflowSteps.ThenBackButtonIsVisible() (0.0s)&#xD;
And "Cancel &amp; Delete" button is shown&#xD;
-&gt; done: WorkflowSteps.ThenCancelAndDeleteButtonIsShown() (0.0s)&#xD;
And Latest "Booking" event is highlighted&#xD;
-&gt; done: ActionLogSteps.ThenCardEventIsHighlighted(Booking) (0.0s)&#xD;
sandbox: CleanUpAfterTestRun started.&#xD;
sandbox: application pages != null: True&#xD;
sandbox: web driver!= null: True&#xD;
sandbox: CleanUpAfterTestRun complete.</StdOut>
      </Output>
    </UnitTestResult>
    <UnitTestResult executionId="68eff7de-4a3d-4554-84c6-7e8bd9c2f4e9" testId="7effa090-6a62-da1e-ce40-a59e580c75cf" testName="GivenShotsRegistered_WhenSelectingOffTargetShots_ThenShowOnlyOffTargetShots" computerName="EC2AMAZ-JEOO151" duration="00:00:08.4330000" startTime="2019-07-11T21:23:37.0000000+00:00" endTime="2019-07-11T21:23:46.0000000+00:00" testType="13cdc9d9-ddb5-4fa4-a97d-d965ccfc6d4b" outcome="Passed" testListId="8c84fa94-04c1-424b-9868-57a2d4851a1d" relativeResultsDirectory="68eff7de-4a3d-4554-84c6-7e8bd9c2f4e9">
      <Output>
        <StdOut>sandbox: PrepareForTestRun started.&#xD;
sandbox: football liveStatsApp != null: True &#xD;
sandbox: football liveStatsApp.IsProcessRunning: True &#xD;
sandbox: setupLocalData: localDatabaseProvider != null: True&#xD;
sandbox: applicationPages != null: True&#xD;
sandbox: applicationPages.Webdriver != null: True&#xD;
sandbox: finished setuping local data&#xD;
sandbox: PrepareForTestRun complete.&#xD;
sandbox: CleanUpAfterTestRun started.&#xD;
sandbox: application pages != null: True&#xD;
sandbox: web driver!= null: True&#xD;
sandbox: CleanUpAfterTestRun complete.</StdOut>
      </Output>
    </UnitTestResult>
    <UnitTestResult executionId="d54d39c6-1d7e-4972-a188-30842ea6e934" testId="56837a9f-7c32-b344-c8b9-1ad827b8090e" testName="AfterInsertingItemTheFilteredItemsAreRefreshed" computerName="EC2AMAZ-JEOO151" duration="00:00:10.6350000" startTime="2019-07-11T19:30:51.0000000+00:00" endTime="2019-07-11T19:31:01.0000000+00:00" testType="13cdc9d9-ddb5-4fa4-a97d-d965ccfc6d4b" outcome="Passed" testListId="8c84fa94-04c1-424b-9868-57a2d4851a1d" relativeResultsDirectory="d54d39c6-1d7e-4972-a188-30842ea6e934">
      <Output>
        <StdOut>sandbox: PrepareForTestRun started.&#xD;
sandbox: football liveStatsApp != null: True &#xD;
sandbox: football liveStatsApp.IsProcessRunning: True &#xD;
sandbox: setupLocalData: localDatabaseProvider != null: True&#xD;
sandbox: applicationPages != null: True&#xD;
sandbox: applicationPages.Webdriver != null: True&#xD;
sandbox: finished setuping local data&#xD;
sandbox: PrepareForTestRun complete.&#xD;
Given Match started with kick off from existing game&#xD;
-&gt; done: SetupGameSteps.GivenMatchStartedWithKickOffButtonFromExistingGame() (3.2s)&#xD;
Given I add a goal for team 1 player 4 assisted by player 6&#xD;
Given action failed. Retrying after a timeout.&#xD;
-&gt; done: GoalSteps.GivenIAddAGoalForTeamPlayerAssistedByPlayer(1, 4, 6) (4.6s)&#xD;
And expanded action log is opened&#xD;
-&gt; done: ActionLogSteps.WhenIClickExpandActionLogButton() (0.3s)&#xD;
And goals filter is selected&#xD;
-&gt; done: FilterSteps.WhenISelectGoalsFilter() (0.1s)&#xD;
And goal kicks filter is selected&#xD;
-&gt; done: FilterSteps.WhenISelectGoalKicksFilter() (0.1s)&#xD;
When I insert "GoalKick" after "Goal"&#xD;
-&gt; done: ExpandedActionLogSteps.WhenIInsertActionAfterContainer(GoalKick, Goal) (0.3s)&#xD;
And I click team 1 in edit form&#xD;
-&gt; done: EditFormSteps.WhenIClickTeamInEditForm(1) (0.1s)&#xD;
And I change ball landing location to x 10 and y 80&#xD;
-&gt; done: GoalKickEditSteps.WhenIChangeBallLandingLocationToXAndY(10, 80) (0.3s)&#xD;
And I click Save button in action edit form&#xD;
-&gt; done: EditFormSteps.ClickSaveButtonInActionEditForm() (0.6s)&#xD;
Then Expanded action log contains "3" items&#xD;
-&gt; done: ExpandedActionLogSteps.ThenExpandedActionLogContainsItemsCount(3) (0.0s)&#xD;
And Actions are displayed in expanded action log in order:&#xD;
  --- table step argument ---&#xD;
  | expectedType |&#xD;
  | Goal Kick    |&#xD;
  | Goal         |&#xD;
  | Assist       |&#xD;
-&gt; done: ExpandedActionLogSteps.ThenActionsAreDisplayedInActionLogAtPositions(System.Collection...) (0.1s)&#xD;
sandbox: CleanUpAfterTestRun started.&#xD;
sandbox: application pages != null: True&#xD;
sandbox: web driver!= null: True&#xD;
sandbox: CleanUpAfterTestRun complete.</StdOut>
      </Output>
    </UnitTestResult>
    <UnitTestResult executionId="06edba81-e04b-4e4d-a7fc-9b976099c5e2" testId="98ef8332-67aa-fa62-879c-1bd696d0ea47" testName="FootballSelectVAROutcome(&quot;Stands&quot;,null)" computerName="EC2AMAZ-JEOO151" duration="00:00:10.0680000" startTime="2019-07-11T18:02:28.0000000+00:00" endTime="2019-07-11T18:02:38.0000000+00:00" testType="13cdc9d9-ddb5-4fa4-a97d-d965ccfc6d4b" outcome="Passed" testListId="8c84fa94-04c1-424b-9868-57a2d4851a1d" relativeResultsDirectory="06edba81-e04b-4e4d-a7fc-9b976099c5e2">
      <Output>
        <StdOut>sandbox: PrepareForTestRun started.&#xD;
sandbox: football liveStatsApp != null: True &#xD;
sandbox: football liveStatsApp.IsProcessRunning: True &#xD;
sandbox: setupLocalData: localDatabaseProvider != null: True&#xD;
sandbox: applicationPages != null: True&#xD;
sandbox: applicationPages.Webdriver != null: True&#xD;
sandbox: finished setuping local data&#xD;
sandbox: PrepareForTestRun complete.&#xD;
Given Match started with kick off from existing game&#xD;
-&gt; done: SetupGameSteps.GivenMatchStartedWithKickOffButtonFromExistingGame() (3.3s)&#xD;
And I remembered current players on pitch shirt numbers&#xD;
-&gt; done: GoalEditSteps.GivenIRememberCurrentPlayersOnPitch() (1.6s)&#xD;
And I add a goal for team 1 player 4 assisted by player 13&#xD;
Given action failed. Retrying after a timeout.&#xD;
-&gt; done: GoalSteps.GivenIAddAGoalForTeamPlayerAssistedByPlayer(1, 4, 13) (3.8s)&#xD;
And I click goal event in action log&#xD;
-&gt; done: ActionLogSteps.GivenIClickGoalEventInActionLog() (0.3s)&#xD;
When I click "VAR" toggle&#xD;
-&gt; done: EditFormSteps.GivenIClickToggleToEnable() (0.1s)&#xD;
And I click Var "Stands" button&#xD;
-&gt; done: EditFormSteps.WhenIClickVarStandsButton() (0.1s)&#xD;
Then Save button is disabled in action edit form&#xD;
-&gt; done: EditFormSteps.SaveButtonIsDisabled() (0.0s)&#xD;
And VAR reason is not selected&#xD;
-&gt; done: EditFormSteps.GivenVarReasonIsNotSelected() (0.1s)&#xD;
sandbox: CleanUpAfterTestRun started.&#xD;
sandbox: application pages != null: True&#xD;
sandbox: web driver!= null: True&#xD;
sandbox: CleanUpAfterTestRun complete.</StdOut>
      </Output>
    </UnitTestResult>
    <UnitTestResult executionId="1169bdd9-338b-42e9-bb48-dede6d66119d" testId="ca16625d-eb92-64b7-3952-e8f31978169a" testName="FlaggedFilterDoesNotShowItemsThatAreNotFlagged" computerName="EC2AMAZ-JEOO151" duration="00:00:07.2670000" startTime="2019-07-11T19:34:26.0000000+00:00" endTime="2019-07-11T19:34:33.0000000+00:00" testType="13cdc9d9-ddb5-4fa4-a97d-d965ccfc6d4b" outcome="Passed" testListId="8c84fa94-04c1-424b-9868-57a2d4851a1d" relativeResultsDirectory="1169bdd9-338b-42e9-bb48-dede6d66119d">
      <Output>
        <StdOut>sandbox: PrepareForTestRun started.&#xD;
sandbox: football liveStatsApp != null: True &#xD;
sandbox: football liveStatsApp.IsProcessRunning: True &#xD;
sandbox: setupLocalData: localDatabaseProvider != null: True&#xD;
sandbox: applicationPages != null: True&#xD;
sandbox: applicationPages.Webdriver != null: True&#xD;
sandbox: finished setuping local data&#xD;
sandbox: PrepareForTestRun complete.&#xD;
Given Match started with kick off from existing game&#xD;
-&gt; done: SetupGameSteps.GivenMatchStartedWithKickOffButtonFromExistingGame() (3.4s)&#xD;
Given GoalKick for Team 1 is registered&#xD;
-&gt; done: GoalKickSteps.GivenGoalKickForTeamIsRegistered(1) (0.8s)&#xD;
And Throw in added for Team 1&#xD;
Given action failed. Retrying after a timeout.&#xD;
-&gt; done: ThrowInEditSteps.GivenThrowInAddedForTeam(1) (0.9s)&#xD;
When I open Expanded Action log&#xD;
-&gt; done: ActionLogSteps.WhenIClickExpandActionLogButton() (0.3s)&#xD;
And I select Flagged filter&#xD;
-&gt; done: FilterSteps.WhenISelectFlaggedFilter() (0.1s)&#xD;
Then Expanded action log is empty&#xD;
Failed to find element with query '[data-qa='expandedActionLogTable']'. Web driver timeout exception.&#xD;
-&gt; done: ExpandedActionLogSteps.ThenExpandedActionLogShouldNotHaveActions() (1.0s)&#xD;
sandbox: CleanUpAfterTestRun started.&#xD;
sandbox: application pages != null: True&#xD;
sandbox: web driver!= null: True&#xD;
sandbox: CleanUpAfterTestRun complete.</StdOut>
      </Output>
    </UnitTestResult>
    <UnitTestResult executionId="3dcdf6ac-ae1f-4a38-b635-406293fcc771" testId="0992b424-6060-3ea6-b3c5-2887fa11dae5" testName="GivenGameInProgress_WhenUpdatingNumberOfCopiesForPrinter_ThenUpdatedSuccessfully" computerName="EC2AMAZ-JEOO151" duration="00:00:06.1500000" startTime="2019-07-11T20:05:49.0000000+00:00" endTime="2019-07-11T20:05:55.0000000+00:00" testType="13cdc9d9-ddb5-4fa4-a97d-d965ccfc6d4b" outcome="Passed" testListId="8c84fa94-04c1-424b-9868-57a2d4851a1d" relativeResultsDirectory="3dcdf6ac-ae1f-4a38-b635-406293fcc771">
      <Output>
        <StdOut>sandbox: PrepareForTestRun started.&#xD;
sandbox: football liveStatsApp != null: True &#xD;
sandbox: football liveStatsApp.IsProcessRunning: True &#xD;
sandbox: setupLocalData: localDatabaseProvider != null: True&#xD;
sandbox: applicationPages != null: True&#xD;
sandbox: applicationPages.Webdriver != null: True&#xD;
sandbox: finished setuping local data&#xD;
sandbox: PrepareForTestRun complete.&#xD;
sandbox: CleanUpAfterTestRun started.&#xD;
sandbox: application pages != null: True&#xD;
sandbox: web driver!= null: True&#xD;
sandbox: CleanUpAfterTestRun complete.</StdOut>
      </Output>
    </UnitTestResult>
    <UnitTestResult executionId="3c440982-3998-479e-bc86-a17def4475f9" testId="7a2f595b-b003-8ea5-7267-c830e23c887f" testName="GivenGameGoalStarted_WhenSelectingGoalNetLocation_ThenActionUpdated" computerName="EC2AMAZ-JEOO151" duration="00:00:08.0510000" startTime="2019-07-11T21:03:18.0000000+00:00" endTime="2019-07-11T21:03:26.0000000+00:00" testType="13cdc9d9-ddb5-4fa4-a97d-d965ccfc6d4b" outcome="Passed" testListId="8c84fa94-04c1-424b-9868-57a2d4851a1d" relativeResultsDirectory="3c440982-3998-479e-bc86-a17def4475f9">
      <Output>
        <StdOut>sandbox: PrepareForTestRun started.&#xD;
sandbox: football liveStatsApp != null: True &#xD;
sandbox: football liveStatsApp.IsProcessRunning: True &#xD;
sandbox: setupLocalData: localDatabaseProvider != null: True&#xD;
sandbox: applicationPages != null: True&#xD;
sandbox: applicationPages.Webdriver != null: True&#xD;
sandbox: finished setuping local data&#xD;
sandbox: PrepareForTestRun complete.&#xD;
Given action failed. Retrying after a timeout.&#xD;
sandbox: CleanUpAfterTestRun started.&#xD;
sandbox: application pages != null: True&#xD;
sandbox: web driver!= null: True&#xD;
sandbox: CleanUpAfterTestRun complete.</StdOut>
      </Output>
    </UnitTestResult>
    <UnitTestResult executionId="40a8dc91-b05c-4232-9270-6e0164a5da2b" testId="ad914e26-aef4-6fc6-ca0e-f04bee9bb23a" testName="ConfirmOffencePenalty(&quot;2&quot;,&quot;1&quot;,&quot;10&quot;,&quot;50&quot;,&quot;8&quot;,&quot;6&quot;,null)" computerName="EC2AMAZ-JEOO151" duration="00:00:13.5970000" startTime="2019-07-11T19:02:29.0000000+00:00" endTime="2019-07-11T19:02:43.0000000+00:00" testType="13cdc9d9-ddb5-4fa4-a97d-d965ccfc6d4b" outcome="Passed" testListId="8c84fa94-04c1-424b-9868-57a2d4851a1d" relativeResultsDirectory="40a8dc91-b05c-4232-9270-6e0164a5da2b">
      <Output>
        <StdOut>sandbox: PrepareForTestRun started.&#xD;
sandbox: football liveStatsApp != null: True &#xD;
sandbox: football liveStatsApp.IsProcessRunning: True &#xD;
sandbox: setupLocalData: localDatabaseProvider != null: True&#xD;
sandbox: applicationPages != null: True&#xD;
sandbox: applicationPages.Webdriver != null: True&#xD;
sandbox: finished setuping local data&#xD;
sandbox: PrepareForTestRun complete.&#xD;
Given Match started with kick off from existing game&#xD;
-&gt; done: SetupGameSteps.GivenMatchStartedWithKickOffButtonFromExistingGame() (3.3s)&#xD;
When I click "Possible Penalty" button for team 2&#xD;
-&gt; done: TeamActionButtonSteps.GivenIClickPossiblePenaltyButtonForTeam(2) (0.5s)&#xD;
And I confirm penalty by clicking "Confirm" button&#xD;
-&gt; done: PenaltySteps.WhenIConfirmPenaltyByClickingButton() (2.3s)&#xD;
And I click on pitch x 10 and y 50&#xD;
Failed to find element with query '[data-qa='activePitchOverlay']'. Web driver timeout exception.&#xD;
Given action failed. Retrying after a timeout.&#xD;
Failed to find element with query '[data-qa='activePitchOverlay']'. Web driver timeout exception.&#xD;
-&gt; done: PitchScreenSteps.WhenIClickOnPitch(10, 50) (4.5s)&#xD;
And I click "Offence" reason button&#xD;
-&gt; done: CardSteps.WhenIClickReasonButton("Offence") (0.2s)&#xD;
And I click on team 1 player on pitch with shirt number 8&#xD;
-&gt; done: PitchPlayersComponentSteps.WhenIClickOnTeamPlayerOnPitchWithShirtNumber(1, 8) (0.3s)&#xD;
And I click on team 2 player on pitch with shirt number 6&#xD;
-&gt; done: PitchPlayersComponentSteps.WhenIClickOnTeamPlayerOnPitchWithShirtNumber(2, 6) (0.3s)&#xD;
Then Penalty outcome selection dialog is shown&#xD;
-&gt; done: ShotRegistrationSteps.ThenActionTypeDialogIsShown() (0.2s)&#xD;
And Latest "Penalty" event is in progress&#xD;
-&gt; done: ActionLogSteps.ThenLatestEventInProgress(Penalty) (0.0s)&#xD;
And team 2 players are disabled&#xD;
-&gt; done: PitchPlayersComponentSteps.ThenTeamPlayersAreDisabled(2) (0.1s)&#xD;
And team 1 players are disabled&#xD;
-&gt; done: PitchPlayersComponentSteps.ThenTeamPlayersAreDisabled(1) (0.1s)&#xD;
And "Back" button is shown&#xD;
-&gt; done: WorkflowSteps.ThenBackButtonIsVisible() (0.0s)&#xD;
And "Cancel &amp; Delete" button is shown&#xD;
-&gt; done: WorkflowSteps.ThenCancelAndDeleteButtonIsShown() (0.0s)&#xD;
And Player on pitch by shirt number 6 of team 2 is shown in Penalty of "Penalty" event in action log&#xD;
-&gt; done: ActionLogSteps.ThenPlayerOnPitchByShirtNumberOfTeamIsShownInGoalOfEventInActionLog(6, 2, "Penalty", Penalty) (0.3s)&#xD;
And All action buttons except card and goal buttons are disabled for both teams&#xD;
-&gt; done: TeamActionButtonSteps.ThenAllActionButtonsExceptCardAndGoalButtonsAreDisabledForBothTeams() (0.6s)&#xD;
And penalty action button is selected for team "2"&#xD;
-&gt; done: TeamActionButtonSteps.ThenPenaltyActionButtonIsSelected(2) (0.0s)&#xD;
sandbox: CleanUpAfterTestRun started.&#xD;
sandbox: application pages != null: True&#xD;
sandbox: web driver!= null: True&#xD;
sandbox: CleanUpAfterTestRun complete.</StdOut>
      </Output>
    </UnitTestResult>
    <UnitTestResult executionId="12e8327f-d932-4ff5-bc12-508d4737e3a2" testId="1a5dee41-8651-9d09-732a-b8579841e66f" testName="PenaltyShot_OffMiss(&quot;2&quot;,&quot;1&quot;,&quot;10&quot;,&quot;50&quot;,&quot;8&quot;,&quot;11&quot;,null)" computerName="EC2AMAZ-JEOO151" duration="00:00:20.0460000" startTime="2019-07-11T19:08:14.0000000+00:00" endTime="2019-07-11T19:08:34.0000000+00:00" testType="13cdc9d9-ddb5-4fa4-a97d-d965ccfc6d4b" outcome="Passed" testListId="8c84fa94-04c1-424b-9868-57a2d4851a1d" relativeResultsDirectory="12e8327f-d932-4ff5-bc12-508d4737e3a2">
      <Output>
        <StdOut>sandbox: PrepareForTestRun started.&#xD;
sandbox: football liveStatsApp != null: True &#xD;
sandbox: football liveStatsApp.IsProcessRunning: True &#xD;
sandbox: setupLocalData: localDatabaseProvider != null: True&#xD;
sandbox: applicationPages != null: True&#xD;
sandbox: applicationPages.Webdriver != null: True&#xD;
sandbox: finished setuping local data&#xD;
sandbox: PrepareForTestRun complete.&#xD;
Given Match started with kick off from existing game&#xD;
-&gt; done: SetupGameSteps.GivenMatchStartedWithKickOffButtonFromExistingGame() (3.4s)&#xD;
When I click "Possible Penalty" button for team 2&#xD;
Given action failed. Retrying after a timeout.&#xD;
-&gt; done: TeamActionButtonSteps.GivenIClickPossiblePenaltyButtonForTeam(2) (0.7s)&#xD;
And I confirm penalty by clicking "Confirm" button&#xD;
-&gt; done: PenaltySteps.WhenIConfirmPenaltyByClickingButton() (2.3s)&#xD;
And I click on pitch x 10 and y 50&#xD;
Failed to find element with query '[data-qa='activePitchOverlay']'. Web driver timeout exception.&#xD;
Given action failed. Retrying after a timeout.&#xD;
Failed to find element with query '[data-qa='activePitchOverlay']'. Web driver timeout exception.&#xD;
-&gt; done: PitchScreenSteps.WhenIClickOnPitch(10, 50) (4.5s)&#xD;
And I click "Foul" reason button&#xD;
-&gt; done: CardSteps.WhenIClickReasonButton("Foul") (0.2s)&#xD;
And I click on team 1 player on pitch with shirt number 8&#xD;
-&gt; done: PitchPlayersComponentSteps.WhenIClickOnTeamPlayerOnPitchWithShirtNumber(1, 8) (0.3s)&#xD;
And I click on team 2 player on pitch with shirt number 11&#xD;
-&gt; done: PitchPlayersComponentSteps.WhenIClickOnTeamPlayerOnPitchWithShirtNumber(2, 11) (0.4s)&#xD;
And I click "Penalty Shot Off Target" Button&#xD;
-&gt; done: PenaltySteps.WhenIClickPenaltyShotOffTargetButton() (0.2s)&#xD;
Then Inner Goalmouth area cannot be selected&#xD;
Failed to find element with query '[data-qa='netSectionCurrentLocation']'. Web driver timeout exception.&#xD;
Failed to find element with query '[data-qa='netSectionCurrentLocation']'. Web driver timeout exception.&#xD;
-&gt; done: ShotRegistrationSteps.ThenInnerGoalmouthAreaCannotBeSelected() (4.1s)&#xD;
And Outer Goalmouth area divided into 8 sections&#xD;
-&gt; done: ShotRegistrationSteps.ThenNetPreviewHasAreas(8) (0.0s)&#xD;
And Score is 0 for team 2&#xD;
-&gt; done: ScoreBoardSteps.ThenScoreIsForTeam(0, 2) (0.1s)&#xD;
And Score is 0 for team 1&#xD;
-&gt; done: ScoreBoardSteps.ThenScoreIsForTeam(0, 1) (0.1s)&#xD;
And "Back" button is shown&#xD;
-&gt; done: WorkflowSteps.ThenBackButtonIsVisible() (0.0s)&#xD;
And "Cancel &amp; Delete" button is shown&#xD;
-&gt; done: WorkflowSteps.ThenCancelAndDeleteButtonIsShown() (0.0s)&#xD;
And Player on pitch with shirt number 11 of team 2 do not have goal icon&#xD;
Failed to find data-qa element with tag 'playerGoals'. No such element exception.&#xD;
-&gt; done: PitchPlayersComponentSteps.ThenPlayerOnPitchWithShirtNumberOfTeamDoNotHaveGoalIcon(11, 2) (2.2s)&#xD;
And Player on pitch 9 of team 2 is shown in Penalty of "Penalty" event in action log&#xD;
-&gt; done: ActionLogSteps.ThenPlayerOnPitchOfTeamIsShownInGoalOfEventInActionLog(9, 2, "Penalty", Penalty) (0.2s)&#xD;
And All action buttons except card and goal buttons are disabled for both teams&#xD;
-&gt; done: TeamActionButtonSteps.ThenAllActionButtonsExceptCardAndGoalButtonsAreDisabledForBothTeams() (0.6s)&#xD;
And penalty action button is selected for team "2"&#xD;
-&gt; done: TeamActionButtonSteps.ThenPenaltyActionButtonIsSelected(2) (0.0s)&#xD;
sandbox: CleanUpAfterTestRun started.&#xD;
sandbox: application pages != null: True&#xD;
sandbox: web driver!= null: True&#xD;
sandbox: CleanUpAfterTestRun complete.</StdOut>
      </Output>
    </UnitTestResult>
    <UnitTestResult executionId="89cbf93e-6e27-46f1-a21c-0bb6f2746d4c" testId="1681c78a-0edb-4b9a-e54a-7eea34853482" testName="SelectTeamAndPlayerInGoalInsert" computerName="EC2AMAZ-JEOO151" duration="00:00:15.0140000" startTime="2019-07-11T18:26:59.0000000+00:00" endTime="2019-07-11T18:27:14.0000000+00:00" testType="13cdc9d9-ddb5-4fa4-a97d-d965ccfc6d4b" outcome="Passed" testListId="8c84fa94-04c1-424b-9868-57a2d4851a1d" relativeResultsDirectory="89cbf93e-6e27-46f1-a21c-0bb6f2746d4c">
      <Output>
        <StdOut>sandbox: PrepareForTestRun started.&#xD;
sandbox: football liveStatsApp != null: True &#xD;
sandbox: football liveStatsApp.IsProcessRunning: True &#xD;
sandbox: setupLocalData: localDatabaseProvider != null: True&#xD;
sandbox: applicationPages != null: True&#xD;
sandbox: applicationPages.Webdriver != null: True&#xD;
sandbox: finished setuping local data&#xD;
sandbox: PrepareForTestRun complete.&#xD;
Given Match started with kick off from existing game&#xD;
-&gt; done: SetupGameSteps.GivenMatchStartedWithKickOffButtonFromExistingGame() (3.4s)&#xD;
And "Top right" corner added for Team 1&#xD;
-&gt; done: CornerSteps.GivenCornerAddedForTeam("Top right", 1) (3.1s)&#xD;
And "Yellow" Card for Team 1 is registered&#xD;
Given action failed. Retrying after a timeout.&#xD;
-&gt; done: CardSteps.GivenCardForTeamIsRegistered(Yellow, 1) (3.4s)&#xD;
And I clicked on latest "Corner" event in action log&#xD;
-&gt; done: ActionLogSteps.GivenIClickOnLatestEventInActionLog(Corner) (0.3s)&#xD;
And I entered new conceded event time of "0030"&#xD;
-&gt; done: EditFormSteps.GivenIEnterNewConcededEventTimeOf("0030") (1.0s)&#xD;
And I clicked Save button in action edit form&#xD;
-&gt; done: EditFormSteps.ClickSaveButtonInActionEditForm() (0.6s)&#xD;
And I remembered current players on pitch shirt numbers&#xD;
-&gt; done: GoalEditSteps.GivenIRememberCurrentPlayersOnPitch() (1.1s)&#xD;
When I click Expand Action log button&#xD;
-&gt; done: ActionLogSteps.WhenIClickExpandActionLogButton() (0.2s)&#xD;
And I click last action in expanded action log&#xD;
-&gt; done: ExpandedActionLogSteps.WhenIClickLastActionInExpandedActionLog() (0.1s)&#xD;
And I click insert after button in expanded action log&#xD;
-&gt; done: ExpandedActionLogSteps.WhenIClickInsertAfterButtonInExpandedActionLog() (0.1s)&#xD;
And I click insert Goal button in insert after dropdown&#xD;
-&gt; done: ExpandedActionLogSteps.WhenIClickInsertGoalButtonInInsertAfterDropdown() (0.1s)&#xD;
And I click "2" side team in Goal by Team&#xD;
-&gt; done: GoalEditSteps.GivenIClickTeamInShotByTeam(2) (0.1s)&#xD;
And I click "goal" button in insert window&#xD;
-&gt; done: GoalEditSteps.GivenIClickShotResultGoalButton() (0.0s)&#xD;
And I click player 10 from who scored&#xD;
-&gt; done: GoalEditSteps.GivenIClickPlayerFromWhoScored(10) (0.4s)&#xD;
Then player 10 scorer button is selected&#xD;
-&gt; done: GoalEditSteps.ThenPlayerScorerButtonIsSelected(10) (0.2s)&#xD;
sandbox: CleanUpAfterTestRun started.&#xD;
sandbox: application pages != null: True&#xD;
sandbox: web driver!= null: True&#xD;
sandbox: CleanUpAfterTestRun complete.</StdOut>
      </Output>
    </UnitTestResult>
    <UnitTestResult executionId="dabf748d-4131-49ab-a787-44816a7b0811" testId="843ee867-83af-0c42-5867-81d2e79ed992" testName="ChangeFoulToOffence(&quot;1&quot;,null)" computerName="EC2AMAZ-JEOO151" duration="00:00:05.6500000" startTime="2019-07-11T18:55:47.0000000+00:00" endTime="2019-07-11T18:55:52.0000000+00:00" testType="13cdc9d9-ddb5-4fa4-a97d-d965ccfc6d4b" outcome="Passed" testListId="8c84fa94-04c1-424b-9868-57a2d4851a1d" relativeResultsDirectory="dabf748d-4131-49ab-a787-44816a7b0811">
      <Output>
        <StdOut>sandbox: PrepareForTestRun started.&#xD;
sandbox: football liveStatsApp != null: True &#xD;
sandbox: football liveStatsApp.IsProcessRunning: True &#xD;
sandbox: setupLocalData: localDatabaseProvider != null: True&#xD;
sandbox: applicationPages != null: True&#xD;
sandbox: applicationPages.Webdriver != null: True&#xD;
sandbox: finished setuping local data&#xD;
sandbox: PrepareForTestRun complete.&#xD;
Given Match started with kick off from existing game&#xD;
-&gt; done: SetupGameSteps.GivenMatchStartedWithKickOffButtonFromExistingGame() (3.2s)&#xD;
When I click Freekick button for team 1&#xD;
Given action failed. Retrying after a timeout.&#xD;
-&gt; done: TeamActionButtonSteps.WhenIClickFreekickButtonForTeam(1) (0.8s)&#xD;
And I click on pitch x 20 and y 50&#xD;
-&gt; done: PitchScreenSteps.WhenIClickOnPitch(20, 50) (0.1s)&#xD;
And I click "Foul" button in freekick reason dialog&#xD;
-&gt; done: FreeKickSteps.WhenIClickButtonInFreekickReasonDialog("Foul") (0.2s)&#xD;
And I click "Back" button in workflow&#xD;
-&gt; done: WorkflowSteps.WhenIClickBackButtonInWorkflow() (0.2s)&#xD;
And I click "Offence" button in freekick reason dialog&#xD;
-&gt; done: FreeKickSteps.WhenIClickButtonInFreekickReasonDialog("Offence") (0.1s)&#xD;
Then "OFFENCE" is shown in freekick event action&#xD;
-&gt; done: ActionLogSteps.ThenIsShownInFreekickEventAction("OFFENCE") (0.2s)&#xD;
sandbox: CleanUpAfterTestRun started.&#xD;
sandbox: application pages != null: True&#xD;
sandbox: web driver!= null: True&#xD;
sandbox: CleanUpAfterTestRun complete.</StdOut>
      </Output>
    </UnitTestResult>
    <UnitTestResult executionId="bccef42d-5dd9-4dd6-9955-beda7caeac1f" testId="8131496b-3be6-94fb-d1e9-9002d4ddeb64" testName="InsertGoalPenaltyShootoutKickAfterOrBeforeLastEvent(&quot;before&quot;,&quot;2&quot;,&quot;0 - 0 (0 - 1)&quot;,&quot;4&quot;,&quot;3&quot;,null)" computerName="EC2AMAZ-JEOO151" duration="00:00:24.6010000" startTime="2019-07-11T18:35:43.0000000+00:00" endTime="2019-07-11T18:36:08.0000000+00:00" testType="13cdc9d9-ddb5-4fa4-a97d-d965ccfc6d4b" outcome="Passed" testListId="8c84fa94-04c1-424b-9868-57a2d4851a1d" relativeResultsDirectory="bccef42d-5dd9-4dd6-9955-beda7caeac1f">
      <Output>
        <StdOut>sandbox: PrepareForTestRun started.&#xD;
sandbox: football liveStatsApp != null: True &#xD;
sandbox: football liveStatsApp.IsProcessRunning: True &#xD;
sandbox: setupLocalData: localDatabaseProvider != null: True&#xD;
sandbox: applicationPages != null: True&#xD;
sandbox: applicationPages.Webdriver != null: True&#xD;
sandbox: finished setuping local data&#xD;
sandbox: PrepareForTestRun complete.&#xD;
Given penalty shoot-out phase started&#xD;
-&gt; done: PitchClockSteps.GivenGamePenaltyShoot_OutPhaseStarted() (14.7s)&#xD;
And I remembered current players on pitch shirt numbers&#xD;
-&gt; done: GoalEditSteps.GivenIRememberCurrentPlayersOnPitch() (1.2s)&#xD;
And I recorded penalty shoot-out kick "Goal" for team 2 player with shirt number 1&#xD;
-&gt; done: PenaltyShootoutSteps.WhenIRecordPenaltyShoot_OutKickGoalForTeamPlayerWithShirtNumber(2, 1) (2.7s)&#xD;
When I click Expand Action log button&#xD;
-&gt; done: ActionLogSteps.WhenIClickExpandActionLogButton() (0.3s)&#xD;
And I insert "PenaltyShootoutKick" before last action in expanded action log&#xD;
-&gt; done: ExpandedActionLogSteps.WhenIInsertPenaltyBeforeLastActionInExpandedActionLog(PenaltyShootoutKick) (0.3s)&#xD;
And I choose player with number 6 from team 2 as penalty taker&#xD;
-&gt; done: PenaltyShootoutEditSteps.WhenIChoosePlayerWithNumberFromTeamAsPenaltyTaker(6, 2) (0.5s)&#xD;
And I click on goal result in penalty edit&#xD;
-&gt; done: PenaltyEditSteps.WhenIClickOnGoalPenaltyResult() (0.1s)&#xD;
And I add "top right" shot location in net section&#xD;
-&gt; done: PenaltyShootoutEditSteps.WhenIAddShotLocationInNetSection("top right") (0.3s)&#xD;
And I set penalty retake count to 1 in penalty edit&#xD;
-&gt; done: PenaltyEditSteps.WhenISetRetakeCountTo(1) (0.1s)&#xD;
And I click Save button in action edit form&#xD;
-&gt; done: EditFormSteps.ClickSaveButtonInActionEditForm() (0.6s)&#xD;
Then penalty shootout kick insert view is not visible&#xD;
Failed to find element with query '[data-qa='penaltyShootoutEditScreen']'. Web driver timeout exception.&#xD;
-&gt; done: PenaltyShootoutEditSteps.ThenPenaltyShootoutKickInsertViewIsNotVisible() (2.0s)&#xD;
And "Penalty Goal" Action is displayed at 3 in expanded action log&#xD;
-&gt; done: ExpandedActionLogSteps.ThenGoalActionIsDisplayedAtInExpandedActionLog("Penalty Goal", 3) (0.1s)&#xD;
And at 3 position action time is "90:00" in "PSO" half&#xD;
-&gt; done: ExpandedActionLogSteps.ThenAtPositionActionTimeIsInHalf(3, "90:00", "PSO") (0.1s)&#xD;
And at 3 position action has no qualifiers&#xD;
-&gt; done: ExpandedActionLogSteps.ThenAtPositionActionHasNoQualifiers(3) (0.1s)&#xD;
And at 3 position action displays player with number 6 from team 2&#xD;
-&gt; done: ExpandedActionLogSteps.ThenActionAtPositionPlayerIsDisplayedAs(3, 6, 2) (0.1s)&#xD;
And Action at position 3 score is displayed as "0 - 0 (0 - 1)"&#xD;
-&gt; done: ExpandedActionLogSteps.ThenActionAtPositionScoreIsDisplayedAs(3, "0 - 0 (0 - 1)") (0.0s)&#xD;
And "Penalty Shootout Kick" Action is displayed at 4 in expanded action log&#xD;
-&gt; done: ExpandedActionLogSteps.ThenGoalActionIsDisplayedAtInExpandedActionLog("Penalty Shootout ...", 4) (0.1s)&#xD;
And at 4 position action time is "90:00" in "PSO" half&#xD;
-&gt; done: ExpandedActionLogSteps.ThenAtPositionActionTimeIsInHalf(4, "90:00", "PSO") (0.1s)&#xD;
And at 4 position action has no qualifiers&#xD;
-&gt; done: ExpandedActionLogSteps.ThenAtPositionActionHasNoQualifiers(4) (0.1s)&#xD;
And at 4 position action displays player with number 6 from team 2&#xD;
-&gt; done: ExpandedActionLogSteps.ThenActionAtPositionPlayerIsDisplayedAs(4, 6, 2) (0.1s)&#xD;
And Action at position 4 do not have score&#xD;
-&gt; done: ExpandedActionLogSteps.ThenActionAtPositionDoNotHaveScore(4) (0.0s)&#xD;
sandbox: CleanUpAfterTestRun started.&#xD;
sandbox: application pages != null: True&#xD;
sandbox: web driver!= null: True&#xD;
sandbox: CleanUpAfterTestRun complete.</StdOut>
      </Output>
    </UnitTestResult>
    <UnitTestResult executionId="b1fd69ea-d7c3-41e8-9300-a2e4a638c98b" testId="3242b08a-8c53-6305-a1a6-4d41edc1a585" testName="AddedTimeActionFlagCanBeReviewedInActionEditScreen" computerName="EC2AMAZ-JEOO151" duration="00:00:06.7840000" startTime="2019-07-11T19:39:26.0000000+00:00" endTime="2019-07-11T19:39:33.0000000+00:00" testType="13cdc9d9-ddb5-4fa4-a97d-d965ccfc6d4b" outcome="Passed" testListId="8c84fa94-04c1-424b-9868-57a2d4851a1d" relativeResultsDirectory="b1fd69ea-d7c3-41e8-9300-a2e4a638c98b">
      <Output>
        <StdOut>sandbox: PrepareForTestRun started.&#xD;
sandbox: football liveStatsApp != null: True &#xD;
sandbox: football liveStatsApp.IsProcessRunning: True &#xD;
sandbox: setupLocalData: localDatabaseProvider != null: True&#xD;
sandbox: applicationPages != null: True&#xD;
sandbox: applicationPages.Webdriver != null: True&#xD;
sandbox: finished setuping local data&#xD;
sandbox: PrepareForTestRun complete.&#xD;
Given Match started with kick off from existing game&#xD;
-&gt; done: SetupGameSteps.GivenMatchStartedWithKickOffButtonFromExistingGame() (3.2s)&#xD;
Given Clock minutes value is set to "44"&#xD;
-&gt; done: PitchClockSteps.WhenISetClockMinutesValueTo(44) (1.6s)&#xD;
And "time input" value is set to "3" on the clock&#xD;
-&gt; done: PitchClockSteps.WhenISetTimeInputValueTo(3) (0.1s)&#xD;
And "Add Time" button on the clock is clicked&#xD;
-&gt; done: PitchClockSteps.GivenIClickAddTimeButtonOnTheClock() (0.1s)&#xD;
When I click on latest "InjuryTime" event in action log&#xD;
-&gt; done: ActionLogSteps.GivenIClickOnLatestEventInActionLog(InjuryTime) (0.3s)&#xD;
And I click Flag &amp; Save button in action edit form&#xD;
-&gt; done: EditFormSteps.ClickFlagAndSaveInActionEditForm() (0.4s)&#xD;
And I click on latest "InjuryTime" event in action log&#xD;
-&gt; done: ActionLogSteps.GivenIClickOnLatestEventInActionLog(InjuryTime) (0.1s)&#xD;
And I click review flags button in game action edit window&#xD;
-&gt; done: EditFormSteps.WhenIClickReviewFlagsButtonInGameActionEditWindow() (0.1s)&#xD;
Then Review action flags dialog opens&#xD;
-&gt; done: EditFormSteps.ThenReviewActionFlagsDialogOpens() (0.0s)&#xD;
And "This item was flagged by the User." is visible in review action flags dialog&#xD;
-&gt; done: EditWindowFlagsDropDownSteps.ThenIsVisibleInReviewActionFlagsDialog("This item was fla...") (0.0s)&#xD;
sandbox: CleanUpAfterTestRun started.&#xD;
sandbox: application pages != null: True&#xD;
sandbox: web driver!= null: True&#xD;
sandbox: CleanUpAfterTestRun complete.</StdOut>
      </Output>
    </UnitTestResult>
    <UnitTestResult executionId="66d53f51-3907-465b-bce8-0fb108c9fb3e" testId="2c194c62-ab45-d0a8-6cae-8f7b13a3dc62" testName="FootballSelectVarReasonAndOutcome(&quot;Overturned&quot;,&quot;Offside&quot;,null)" computerName="EC2AMAZ-JEOO151" duration="00:00:10.0170000" startTime="2019-07-11T18:04:09.0000000+00:00" endTime="2019-07-11T18:04:20.0000000+00:00" testType="13cdc9d9-ddb5-4fa4-a97d-d965ccfc6d4b" outcome="Passed" testListId="8c84fa94-04c1-424b-9868-57a2d4851a1d" relativeResultsDirectory="66d53f51-3907-465b-bce8-0fb108c9fb3e">
      <Output>
        <StdOut>sandbox: PrepareForTestRun started.&#xD;
sandbox: football liveStatsApp != null: True &#xD;
sandbox: football liveStatsApp.IsProcessRunning: True &#xD;
sandbox: setupLocalData: localDatabaseProvider != null: True&#xD;
sandbox: applicationPages != null: True&#xD;
sandbox: applicationPages.Webdriver != null: True&#xD;
sandbox: finished setuping local data&#xD;
sandbox: PrepareForTestRun complete.&#xD;
Given Match started with kick off from existing game&#xD;
-&gt; done: SetupGameSteps.GivenMatchStartedWithKickOffButtonFromExistingGame() (3.2s)&#xD;
And I remembered current players on pitch shirt numbers&#xD;
-&gt; done: GoalEditSteps.GivenIRememberCurrentPlayersOnPitch() (1.6s)&#xD;
And I add a goal for team 1 player 4 assisted by player 13&#xD;
-&gt; done: GoalSteps.GivenIAddAGoalForTeamPlayerAssistedByPlayer(1, 4, 13) (3.8s)&#xD;
And I click goal event in action log&#xD;
-&gt; done: ActionLogSteps.GivenIClickGoalEventInActionLog() (0.3s)&#xD;
When I click "VAR" toggle&#xD;
-&gt; done: EditFormSteps.GivenIClickToggleToEnable() (0.1s)&#xD;
And I click Var "Overturned" button&#xD;
-&gt; done: EditFormSteps.WhenIClickVarOverturnedButton() (0.1s)&#xD;
And I click VAR reason button&#xD;
-&gt; done: EditFormSteps.WhenIClickVarReasonButton() (0.0s)&#xD;
And I select VAR reason Offside&#xD;
-&gt; done: EditFormSteps.WhenISelectVarReason("Offside") (0.1s)&#xD;
Then "Save" of edit screen is enabled&#xD;
-&gt; done: EditFormSteps.ThenOfEditScreenIsEnabled() (0.0s)&#xD;
sandbox: CleanUpAfterTestRun started.&#xD;
sandbox: application pages != null: True&#xD;
sandbox: web driver!= null: True&#xD;
sandbox: CleanUpAfterTestRun complete.</StdOut>
      </Output>
    </UnitTestResult>
    <UnitTestResult executionId="a175fd51-511a-4f7f-bbef-a500352b02ea" testId="f1738d77-a0de-c47a-e1d6-59e5e97f5147" testName="SecondPenaltyRetake(&quot;1&quot;,&quot;16&quot;,null)" computerName="EC2AMAZ-JEOO151" duration="00:00:12.2670000" startTime="2019-07-11T19:09:18.0000000+00:00" endTime="2019-07-11T19:09:30.0000000+00:00" testType="13cdc9d9-ddb5-4fa4-a97d-d965ccfc6d4b" outcome="Passed" testListId="8c84fa94-04c1-424b-9868-57a2d4851a1d" relativeResultsDirectory="a175fd51-511a-4f7f-bbef-a500352b02ea">
      <Output>
        <StdOut>sandbox: PrepareForTestRun started.&#xD;
sandbox: football liveStatsApp != null: True &#xD;
sandbox: football liveStatsApp.IsProcessRunning: True &#xD;
sandbox: setupLocalData: localDatabaseProvider != null: True&#xD;
sandbox: applicationPages != null: True&#xD;
sandbox: applicationPages.Webdriver != null: True&#xD;
sandbox: finished setuping local data&#xD;
sandbox: PrepareForTestRun complete.&#xD;
Given Match started with kick off from existing game&#xD;
-&gt; done: SetupGameSteps.GivenMatchStartedWithKickOffButtonFromExistingGame() (3.4s)&#xD;
Given penalty "Penalty Shot Off Target" button is selected for player "16" team "1"&#xD;
Given action failed. Retrying after a timeout.&#xD;
-&gt; done: PenaltySteps.GivenPenaltyShotOffTargetButtonIsSelected(16, 1) (4.2s)&#xD;
When I retake penalty&#xD;
-&gt; done: PenaltySteps.WhenIClickButton() (0.2s)&#xD;
And I click "Penalty Shot On Target" Button&#xD;
-&gt; done: PenaltySteps.WhenIClickPenaltyShotOnTargetButton() (0.3s)&#xD;
And I retake penalty&#xD;
-&gt; done: PenaltySteps.WhenIClickButton() (0.2s)&#xD;
Then Penalty outcome selection dialog is shown&#xD;
-&gt; done: ShotRegistrationSteps.ThenActionTypeDialogIsShown() (0.2s)&#xD;
And Total of 2 Retake are shown in Penalty event action log&#xD;
-&gt; done: ActionLogSteps.ThenTotalOfRetakeAreShownInPenaltyEventActionLog(2, "Retake", Penalty) (0.2s)&#xD;
And "Penalty Shot Off Target" button is shown&#xD;
-&gt; done: PenaltySteps.ThenPenaltyShotOffTargetButtonIsShown() (0.1s)&#xD;
And "Penalty Shot On Target" button is shown&#xD;
-&gt; done: PenaltySteps.ThenPenaltyShotOnTargetButtonIsShown() (0.1s)&#xD;
And "Penalty Goal" button is shown&#xD;
-&gt; done: PenaltySteps.ThenPenaltyGoalButtonIsShown() (0.0s)&#xD;
And penalty retake is not visible&#xD;
Failed to find element with query '[data-qa='penaltyRetakeButton']'. Web driver timeout exception.&#xD;
-&gt; done: PenaltySteps.ThenPenaltyRetakeIsNotVisible() (2.0s)&#xD;
And All action buttons except card and goal buttons are disabled for both teams&#xD;
-&gt; done: TeamActionButtonSteps.ThenAllActionButtonsExceptCardAndGoalButtonsAreDisabledForBothTeams() (0.6s)&#xD;
And penalty action button is selected for team "1"&#xD;
-&gt; done: TeamActionButtonSteps.ThenPenaltyActionButtonIsSelected(1) (0.0s)&#xD;
sandbox: CleanUpAfterTestRun started.&#xD;
sandbox: application pages != null: True&#xD;
sandbox: web driver!= null: True&#xD;
sandbox: CleanUpAfterTestRun complete.</StdOut>
      </Output>
    </UnitTestResult>
    <UnitTestResult executionId="ba5be155-62fb-4221-836d-87a358bc40bf" testId="30d06da3-1b27-9146-8e4f-c5f83ae3b739" testName="CannotEditInjuryTimeInPeriodBreak(&quot;before&quot;,&quot;GameStart&quot;,null)" computerName="EC2AMAZ-JEOO151" duration="00:00:09.0480000" startTime="2019-07-11T18:42:18.0000000+00:00" endTime="2019-07-11T18:42:27.0000000+00:00" testType="13cdc9d9-ddb5-4fa4-a97d-d965ccfc6d4b" outcome="Passed" testListId="8c84fa94-04c1-424b-9868-57a2d4851a1d" relativeResultsDirectory="ba5be155-62fb-4221-836d-87a358bc40bf">
      <Output>
        <StdOut>sandbox: PrepareForTestRun started.&#xD;
sandbox: football liveStatsApp != null: True &#xD;
sandbox: football liveStatsApp.IsProcessRunning: True &#xD;
sandbox: setupLocalData: localDatabaseProvider != null: True&#xD;
sandbox: applicationPages != null: True&#xD;
sandbox: applicationPages.Webdriver != null: True&#xD;
sandbox: finished setuping local data&#xD;
sandbox: PrepareForTestRun complete.&#xD;
Given Second period started from existing game&#xD;
-&gt; done: SetupGameSteps.GivenSecondPeriodStartedFromExistingGame() (6.5s)&#xD;
When I click Expand Action log button&#xD;
-&gt; done: ActionLogSteps.WhenIClickExpandActionLogButton() (0.3s)&#xD;
And I insert "Injury" before "GameStart"&#xD;
-&gt; done: ExpandedActionLogSteps.WhenIInsertBefore(Injury, GameStart) (0.3s)&#xD;
And I click off-pitch&#xD;
-&gt; done: PlayerInjuryEditSteps.WhenIClickOffPitchInjury() (0.1s)&#xD;
And I update injury with team 1, player 4 in edit window&#xD;
-&gt; done: PlayerInjuryEditSteps.WhenIUpdateInjuryWithTeamPlayer(1, 4) (0.3s)&#xD;
And I click Save button in action edit form&#xD;
-&gt; done: EditFormSteps.ClickSaveButtonInActionEditForm() (0.6s)&#xD;
And I open last "Injury" action edit view from expanded action log&#xD;
-&gt; done: ExpandedActionLogSteps.WhenIOpenLastActionEditViewFromExpandedActionLog(Injury) (0.1s)&#xD;
Then I cannot edit action time&#xD;
-&gt; done: EditFormSteps.ThenICannotEditActionTime() (0.0s)&#xD;
sandbox: CleanUpAfterTestRun started.&#xD;
sandbox: application pages != null: True&#xD;
sandbox: web driver!= null: True&#xD;
sandbox: CleanUpAfterTestRun complete.</StdOut>
      </Output>
    </UnitTestResult>
    <UnitTestResult executionId="2457b25b-1375-4b5c-8d4f-a249521c65e5" testId="d6cc6866-ecc3-8771-accb-af4a2454732c" testName="GivenSetupFinishedAndPreGameStarted_WhenSelectingTeamForKickOff_ThenAttackDirectionSelectionIsPresentedAndPossessionIsSet(2)" computerName="EC2AMAZ-JEOO151" duration="00:00:09.7160000" startTime="2019-07-11T21:38:03.0000000+00:00" endTime="2019-07-11T21:38:13.0000000+00:00" testType="13cdc9d9-ddb5-4fa4-a97d-d965ccfc6d4b" outcome="Passed" testListId="8c84fa94-04c1-424b-9868-57a2d4851a1d" relativeResultsDirectory="2457b25b-1375-4b5c-8d4f-a249521c65e5">
      <Output>
        <StdOut>sandbox: PrepareForTestRun started.&#xD;
sandbox: football liveStatsApp != null: True &#xD;
sandbox: football liveStatsApp.IsProcessRunning: True &#xD;
sandbox: setupLocalData: localDatabaseProvider != null: True&#xD;
sandbox: applicationPages != null: True&#xD;
sandbox: applicationPages.Webdriver != null: True&#xD;
sandbox: finished setuping local data&#xD;
sandbox: PrepareForTestRun complete.&#xD;
sandbox: CleanUpAfterTestRun started.&#xD;
sandbox: application pages != null: True&#xD;
sandbox: web driver!= null: True&#xD;
Given action failed. Retrying after a timeout. Most likely UI was not fast enough to refresh itself.&#xD;
sandbox: CleanUpAfterTestRun complete.</StdOut>
      </Output>
    </UnitTestResult>
    <UnitTestResult executionId="a8bbcb51-0e80-49a3-ab80-615839568d3f" testId="55c99bc0-00c5-a00f-80bf-fb26602d492c" testName="GivenGoalKickStarted_WhenCancelingWorkflow_ThenGoalKickDeleted" computerName="EC2AMAZ-JEOO151" duration="00:00:07.3500000" startTime="2019-07-11T21:01:40.0000000+00:00" endTime="2019-07-11T21:01:47.0000000+00:00" testType="13cdc9d9-ddb5-4fa4-a97d-d965ccfc6d4b" outcome="Passed" testListId="8c84fa94-04c1-424b-9868-57a2d4851a1d" relativeResultsDirectory="a8bbcb51-0e80-49a3-ab80-615839568d3f">
      <Output>
        <StdOut>sandbox: PrepareForTestRun started.&#xD;
sandbox: football liveStatsApp != null: True &#xD;
sandbox: football liveStatsApp.IsProcessRunning: True &#xD;
sandbox: setupLocalData: localDatabaseProvider != null: True&#xD;
sandbox: applicationPages != null: True&#xD;
sandbox: applicationPages.Webdriver != null: True&#xD;
sandbox: finished setuping local data&#xD;
sandbox: PrepareForTestRun complete.&#xD;
Given action failed. Retrying after a timeout.&#xD;
sandbox: CleanUpAfterTestRun started.&#xD;
sandbox: application pages != null: True&#xD;
sandbox: web driver!= null: True&#xD;
sandbox: CleanUpAfterTestRun complete.</StdOut>
      </Output>
    </UnitTestResult>
    <UnitTestResult executionId="1ac55b29-45bd-42da-bfcf-50f58e8a4034" testId="9c73a19d-e360-ec9f-ec0f-30d780c94ce8" testName="GivenGoalKickRegistered_WhenUpdatingGoalKickLandingLocation_ThenLocationUpdatedInForm" computerName="EC2AMAZ-JEOO151" duration="00:00:07.7970000" startTime="2019-07-11T20:32:28.0000000+00:00" endTime="2019-07-11T20:32:36.0000000+00:00" testType="13cdc9d9-ddb5-4fa4-a97d-d965ccfc6d4b" outcome="Passed" testListId="8c84fa94-04c1-424b-9868-57a2d4851a1d" relativeResultsDirectory="1ac55b29-45bd-42da-bfcf-50f58e8a4034">
      <Output>
        <StdOut>sandbox: PrepareForTestRun started.&#xD;
sandbox: football liveStatsApp != null: True &#xD;
sandbox: football liveStatsApp.IsProcessRunning: True &#xD;
sandbox: setupLocalData: localDatabaseProvider != null: True&#xD;
sandbox: applicationPages != null: True&#xD;
sandbox: applicationPages.Webdriver != null: True&#xD;
sandbox: finished setuping local data&#xD;
sandbox: PrepareForTestRun complete.&#xD;
Given action failed. Retrying after a timeout.&#xD;
Failed to find data-qa element with tag 'setPitchLocationButton'. No such element exception.&#xD;
sandbox: CleanUpAfterTestRun started.&#xD;
sandbox: application pages != null: True&#xD;
sandbox: web driver!= null: True&#xD;
sandbox: CleanUpAfterTestRun complete.</StdOut>
      </Output>
    </UnitTestResult>
    <UnitTestResult executionId="4c213917-a3f7-4fe3-9f7c-963e2790c9dc" testId="7e309a71-e6b8-3094-ee99-9c3a8deb9244" testName="GoalkeeperCanBeSubstitutedToGoalkeeperLocation" computerName="EC2AMAZ-JEOO151" duration="00:00:13.3630000" startTime="2019-07-11T17:25:01.0000000+00:00" endTime="2019-07-11T17:25:14.0000000+00:00" testType="13cdc9d9-ddb5-4fa4-a97d-d965ccfc6d4b" outcome="Passed" testListId="8c84fa94-04c1-424b-9868-57a2d4851a1d" relativeResultsDirectory="4c213917-a3f7-4fe3-9f7c-963e2790c9dc">
      <Output>
        <StdOut>sandbox: PrepareForTestRun started.&#xD;
sandbox: football liveStatsApp != null: True &#xD;
sandbox: football liveStatsApp.IsProcessRunning: True &#xD;
sandbox: setupLocalData: localDatabaseProvider != null: True&#xD;
sandbox: applicationPages != null: True&#xD;
sandbox: applicationPages.Webdriver != null: True&#xD;
sandbox: finished setuping local data&#xD;
sandbox: PrepareForTestRun complete.&#xD;
Given I am in formations tab&#xD;
-&gt; done: TeamsFormationsTabSteps.GivenIAmInFormationsTab() (6.7s)&#xD;
And All starters are added into formation for team 1&#xD;
-&gt; done: TeamsFormationsTabSteps.GivenAllPlayersAreAddedIntoFormation(1) (2.1s)&#xD;
And All starters are added into formation for team 2&#xD;
-&gt; done: TeamsFormationsTabSteps.GivenAllPlayersAreAddedIntoFormation(2) (2.1s)&#xD;
When I select "4-4-2" formation for team 1&#xD;
-&gt; done: TeamsFormationsTabSteps.WhenISelectFormationForTeam("4-4-2", 1) (0.3s)&#xD;
And I click on court goalkeeper of team 1&#xD;
-&gt; done: TeamsFormationsTabSteps.WhenIClickOnCourtGoalkeeperOfTeam(1) (0.2s)&#xD;
And I click on bench button of team 1&#xD;
-&gt; done: TeamsFormationsTabSteps.WhenIClickOnBenchButton(1) (0.1s)&#xD;
And I click on bench player 26 of team 1&#xD;
-&gt; done: TeamsFormationsTabSteps.WhenIClickOnBenchPlayerOfTeam(26, 1) (0.3s)&#xD;
And I click on formation location 1 of team 1&#xD;
-&gt; done: TeamsFormationsTabSteps.WhenIClickOnFormationLocationOfTeam(1, 1) (0.2s)&#xD;
Then player 26 of team 1 is at location 1&#xD;
-&gt; done: TeamsFormationsTabSteps.ThenPlayerOfTeamIsAtLocation(26, 1, 1) (0.2s)&#xD;
sandbox: CleanUpAfterTestRun started.&#xD;
sandbox: application pages != null: True&#xD;
sandbox: web driver!= null: True&#xD;
Given action failed. Retrying after a timeout. Most likely UI was not fast enough to refresh itself.&#xD;
sandbox: CleanUpAfterTestRun complete.</StdOut>
      </Output>
    </UnitTestResult>
    <UnitTestResult executionId="94d1ed33-ffa1-4a62-92c7-39c7c5087e06" testId="ca9891f0-25c1-0c6f-1e90-eda587dd06fd" testName="InsertSubstitutionAfterOrBeforeLastEvent(&quot;after&quot;,&quot;0035&quot;,&quot;00:35&quot;,&quot;1&quot;,&quot;2&quot;,null)" computerName="EC2AMAZ-JEOO151" duration="00:00:19.1810000" startTime="2019-07-11T18:47:46.0000000+00:00" endTime="2019-07-11T18:48:05.0000000+00:00" testType="13cdc9d9-ddb5-4fa4-a97d-d965ccfc6d4b" outcome="Passed" testListId="8c84fa94-04c1-424b-9868-57a2d4851a1d" relativeResultsDirectory="94d1ed33-ffa1-4a62-92c7-39c7c5087e06">
      <Output>
        <StdOut>sandbox: PrepareForTestRun started.&#xD;
sandbox: football liveStatsApp != null: True &#xD;
sandbox: football liveStatsApp.IsProcessRunning: True &#xD;
sandbox: setupLocalData: localDatabaseProvider != null: True&#xD;
sandbox: applicationPages != null: True&#xD;
sandbox: applicationPages.Webdriver != null: True&#xD;
sandbox: finished setuping local data&#xD;
sandbox: PrepareForTestRun complete.&#xD;
Given Match started with kick off from existing game&#xD;
-&gt; done: SetupGameSteps.GivenMatchStartedWithKickOffButtonFromExistingGame() (3.3s)&#xD;
And "Yellow" Card for Team 1 is registered&#xD;
Given action failed. Retrying after a timeout.&#xD;
-&gt; done: CardSteps.GivenCardForTeamIsRegistered(Yellow, 1) (3.6s)&#xD;
And "Top right" corner added for Team 1&#xD;
Given action failed. Retrying after a timeout.&#xD;
-&gt; done: CornerSteps.GivenCornerAddedForTeam("Top right", 1) (3.0s)&#xD;
And I clicked on latest "Corner" event in action log&#xD;
-&gt; done: ActionLogSteps.GivenIClickOnLatestEventInActionLog(Corner) (0.2s)&#xD;
And I entered new conceded event time of "0030"&#xD;
-&gt; done: EditFormSteps.GivenIEnterNewConcededEventTimeOf("0030") (1.0s)&#xD;
And I clicked Save button in action edit form&#xD;
-&gt; done: EditFormSteps.ClickSaveButtonInActionEditForm() (0.6s)&#xD;
And I remembered current players on pitch shirt numbers&#xD;
-&gt; done: GoalEditSteps.GivenIRememberCurrentPlayersOnPitch() (1.1s)&#xD;
When I click Expand Action log button&#xD;
-&gt; done: ActionLogSteps.WhenIClickExpandActionLogButton() (0.2s)&#xD;
And I insert "Substitute" after "Corner"&#xD;
-&gt; done: ExpandedActionLogSteps.WhenIInsertActionAfterContainer(Substitute, Corner) (0.3s)&#xD;
And I enter new conceded event time of "0035"&#xD;
-&gt; done: EditFormSteps.GivenIEnterNewConcededEventTimeOf("0035") (1.0s)&#xD;
And I click team 1 in edit form&#xD;
-&gt; done: EditFormSteps.WhenIClickTeamInEditForm(1) (0.1s)&#xD;
And I click player with shirt number 24 from "bench" list&#xD;
-&gt; done: SubstitutionEditSteps.WhenIClickPlayerWithShirtNumberFromList(24, "bench") (0.3s)&#xD;
And I click player with shirt number 4 from "pitch" list&#xD;
-&gt; done: SubstitutionEditSteps.WhenIClickPlayerWithShirtNumberFromList(4, "pitch") (0.2s)&#xD;
And I click Save button in action edit form&#xD;
-&gt; done: EditFormSteps.ClickSaveButtonInActionEditForm() (0.6s)&#xD;
Then Substitution insert view is not visible&#xD;
Failed to find element with query '[data-qa='subsEditWrapper']'. Web driver timeout exception.&#xD;
-&gt; done: SubstitutionEditSteps.ThenSubstitutionEditViewIsNotVisible() (2.0s)&#xD;
And "Substitution" Action is displayed at 1 in expanded action log&#xD;
-&gt; done: ExpandedActionLogSteps.ThenGoalActionIsDisplayedAtInExpandedActionLog("Substitution", 1) (0.1s)&#xD;
And at 1 position action time is "00:35" in "H1" half&#xD;
-&gt; done: ExpandedActionLogSteps.ThenAtPositionActionTimeIsInHalf(1, "00:35", "H1") (0.1s)&#xD;
And at 1 position action has one qualifier with name "In"&#xD;
-&gt; done: ExpandedActionLogSteps.ThenAtPositionActionHasOneQualifierWithName(1, "In") (0.1s)&#xD;
And Action at position 1 do not have score&#xD;
-&gt; done: ExpandedActionLogSteps.ThenActionAtPositionDoNotHaveScore(1) (0.0s)&#xD;
And Action at position 1 contains team 1 name&#xD;
-&gt; done: ExpandedActionLogSteps.ThenActionAtPositionContainsTeam(1, 1) (0.0s)&#xD;
And Action at position "1" player is displayed as player "24" on team id "1"&#xD;
-&gt; done: ExpandedActionLogSteps.ThenActionAtPositionPlayerForTeamIdIsDisplayedAs(1, 24, 1) (0.1s)&#xD;
And "Substitution" Action is displayed at 2 in expanded action log&#xD;
-&gt; done: ExpandedActionLogSteps.ThenGoalActionIsDisplayedAtInExpandedActionLog("Substitution", 2) (0.0s)&#xD;
And at 2 position action time is "00:35" in "H1" half&#xD;
-&gt; done: ExpandedActionLogSteps.ThenAtPositionActionTimeIsInHalf(2, "00:35", "H1") (0.1s)&#xD;
And at 2 position action has one qualifier with name "Out"&#xD;
-&gt; done: ExpandedActionLogSteps.ThenAtPositionActionHasOneQualifierWithName(2, "Out") (0.1s)&#xD;
And Action at position 2 do not have score&#xD;
-&gt; done: ExpandedActionLogSteps.ThenActionAtPositionDoNotHaveScore(2) (0.1s)&#xD;
And Action at position 2 contains team 1 name&#xD;
-&gt; done: ExpandedActionLogSteps.ThenActionAtPositionContainsTeam(2, 1) (0.0s)&#xD;
And Action at position "2" player is displayed as player "4" on team id "1"&#xD;
-&gt; done: ExpandedActionLogSteps.ThenActionAtPositionPlayerForTeamIdIsDisplayedAs(2, 4, 1) (0.1s)&#xD;
sandbox: CleanUpAfterTestRun started.&#xD;
sandbox: application pages != null: True&#xD;
sandbox: web driver!= null: True&#xD;
sandbox: CleanUpAfterTestRun complete.</StdOut>
      </Output>
    </UnitTestResult>
    <UnitTestResult executionId="7fda3bc7-0f68-45b4-97e7-4caabc51bb5b" testId="428769b5-1187-c112-dcfb-0d0ffe790c0f" testName="GivenActionRegistered_WhenDeletingFromActionLog_ThenDeleted(GoalKick)" computerName="EC2AMAZ-JEOO151" duration="00:00:09.8830000" startTime="2019-07-11T20:14:49.0000000+00:00" endTime="2019-07-11T20:14:59.0000000+00:00" testType="13cdc9d9-ddb5-4fa4-a97d-d965ccfc6d4b" outcome="Passed" testListId="8c84fa94-04c1-424b-9868-57a2d4851a1d" relativeResultsDirectory="7fda3bc7-0f68-45b4-97e7-4caabc51bb5b">
      <Output>
        <StdOut>sandbox: PrepareForTestRun started.&#xD;
sandbox: football liveStatsApp != null: True &#xD;
sandbox: football liveStatsApp.IsProcessRunning: True &#xD;
sandbox: setupLocalData: localDatabaseProvider != null: True&#xD;
sandbox: applicationPages != null: True&#xD;
sandbox: applicationPages.Webdriver != null: True&#xD;
sandbox: finished setuping local data&#xD;
sandbox: PrepareForTestRun complete.&#xD;
Given action failed. Retrying after a timeout.&#xD;
sandbox: CleanUpAfterTestRun started.&#xD;
sandbox: application pages != null: True&#xD;
sandbox: web driver!= null: True&#xD;
sandbox: CleanUpAfterTestRun complete.</StdOut>
      </Output>
    </UnitTestResult>
    <UnitTestResult executionId="154542e2-c42a-4a88-8d03-acc8355422c8" testId="ccd33390-7d3a-708d-008c-b7c64c126dc6" testName="PlayerWithActionCanBeRemovedFromLine_UpViaFormationsTab" computerName="EC2AMAZ-JEOO151" duration="00:00:10.9490000" startTime="2019-07-11T17:22:28.0000000+00:00" endTime="2019-07-11T17:22:39.0000000+00:00" testType="13cdc9d9-ddb5-4fa4-a97d-d965ccfc6d4b" outcome="Passed" testListId="8c84fa94-04c1-424b-9868-57a2d4851a1d" relativeResultsDirectory="154542e2-c42a-4a88-8d03-acc8355422c8">
      <Output>
        <StdOut>sandbox: PrepareForTestRun started.&#xD;
sandbox: football liveStatsApp != null: True &#xD;
sandbox: football liveStatsApp.IsProcessRunning: True &#xD;
sandbox: setupLocalData: localDatabaseProvider != null: True&#xD;
sandbox: applicationPages != null: True&#xD;
sandbox: applicationPages.Webdriver != null: True&#xD;
sandbox: finished setuping local data&#xD;
sandbox: PrepareForTestRun complete.&#xD;
Given Match started with kick off from existing game&#xD;
-&gt; done: SetupGameSteps.GivenMatchStartedWithKickOffButtonFromExistingGame() (3.7s)&#xD;
Given I add a goal for team 2 player 4 assisted by player 6&#xD;
Given action failed. Retrying after a timeout.&#xD;
-&gt; done: GoalSteps.GivenIAddAGoalForTeamPlayerAssistedByPlayer(2, 4, 6) (4.6s)&#xD;
When I open "Edit formations" via header&#xD;
-&gt; done: HeaderSteps.WhenIOpenFormationsGameMenuItem() (0.5s)&#xD;
And I click on court player 4 of team 2&#xD;
-&gt; done: TeamsFormationsTabSteps.WhenIClickOnCourtPlayerOfTeam(4, 2) (0.3s)&#xD;
And I click on bench player 18 of team 2&#xD;
-&gt; done: TeamsFormationsTabSteps.WhenIClickOnBenchPlayerOfTeam(18, 2) (0.1s)&#xD;
And I click Save &amp; Next button&#xD;
-&gt; done: GameSetupSteps.WhenIClickSaveNextButton() (0.1s)&#xD;
Then Pitch View is shown&#xD;
-&gt; done: PitchScreenSteps.PitchViewIsShown() (0.2s)&#xD;
And 1 event in action log of type "Goal" is flagged&#xD;
-&gt; done: ActionLogSteps.ThenEventInActionLogOfTypeIsFlagged(1, Goal) (0.1s)&#xD;
And player with shirt number 4 of team 2 is not on pitch&#xD;
-&gt; done: PitchPlayersComponentSteps.ThenWithShirtNumberFromTeamIsNotOnPitch(4, 2) (0.3s)&#xD;
And player with shirt number 18 of team 2 is on pitch&#xD;
-&gt; done: PitchPlayersComponentSteps.ThenWithShirtNumberFromTeamIsOnPitch(18, 2) (0.2s)&#xD;
sandbox: CleanUpAfterTestRun started.&#xD;
sandbox: application pages != null: True&#xD;
sandbox: web driver!= null: True&#xD;
sandbox: CleanUpAfterTestRun complete.</StdOut>
      </Output>
    </UnitTestResult>
    <UnitTestResult executionId="fc9302c7-022e-43e8-ae81-7a7b536c24ee" testId="94eb6e65-ad91-9632-9ba1-3f9e762ebc4a" testName="GivenGameInProgress_WhenConfirmingCard_ThenCardIsRegisteredForPlayer(Yellow,2,5,Red,&quot;Red&quot;)" computerName="EC2AMAZ-JEOO151" duration="00:00:08.2160000" startTime="2019-07-11T20:56:17.0000000+00:00" endTime="2019-07-11T20:56:25.0000000+00:00" testType="13cdc9d9-ddb5-4fa4-a97d-d965ccfc6d4b" outcome="Passed" testListId="8c84fa94-04c1-424b-9868-57a2d4851a1d" relativeResultsDirectory="fc9302c7-022e-43e8-ae81-7a7b536c24ee">
      <Output>
        <StdOut>sandbox: PrepareForTestRun started.&#xD;
sandbox: football liveStatsApp != null: True &#xD;
sandbox: football liveStatsApp.IsProcessRunning: True &#xD;
sandbox: setupLocalData: localDatabaseProvider != null: True&#xD;
sandbox: applicationPages != null: True&#xD;
sandbox: applicationPages.Webdriver != null: True&#xD;
sandbox: finished setuping local data&#xD;
sandbox: PrepareForTestRun complete.&#xD;
sandbox: CleanUpAfterTestRun started.&#xD;
sandbox: application pages != null: True&#xD;
sandbox: web driver!= null: True&#xD;
sandbox: CleanUpAfterTestRun complete.</StdOut>
      </Output>
    </UnitTestResult>
    <UnitTestResult executionId="947e4b52-d58e-486e-ab81-4641eec7bfb5" testId="9fdd5097-1d04-0b3b-e96f-9c384fcb7d4b" testName="ShotHasLocationFromShotPitchLocationStep" computerName="EC2AMAZ-JEOO151" duration="00:00:08.4030000" startTime="2019-07-11T19:24:18.0000000+00:00" endTime="2019-07-11T19:24:26.0000000+00:00" testType="13cdc9d9-ddb5-4fa4-a97d-d965ccfc6d4b" outcome="Passed" testListId="8c84fa94-04c1-424b-9868-57a2d4851a1d" relativeResultsDirectory="947e4b52-d58e-486e-ab81-4641eec7bfb5">
      <Output>
        <StdOut>sandbox: PrepareForTestRun started.&#xD;
sandbox: football liveStatsApp != null: True &#xD;
sandbox: football liveStatsApp.IsProcessRunning: True &#xD;
sandbox: setupLocalData: localDatabaseProvider != null: True&#xD;
sandbox: applicationPages != null: True&#xD;
sandbox: applicationPages.Webdriver != null: True&#xD;
sandbox: finished setuping local data&#xD;
sandbox: PrepareForTestRun complete.&#xD;
Given Match started with kick off from existing game&#xD;
-&gt; done: SetupGameSteps.GivenMatchStartedWithKickOffButtonFromExistingGame() (3.3s)&#xD;
Given I clicked "Possible Corner" button for team 1&#xD;
-&gt; done: TeamActionButtonSteps.WhenIClickPossibleCornerButtonForTeam(1) (0.7s)&#xD;
When I click on "Bottom Right" corner&#xD;
-&gt; done: CornerSteps.WhenIClickOnCorner("Bottom Right") (0.1s)&#xD;
And I click "Shot" button for team 1&#xD;
Given action failed. Retrying after a timeout.&#xD;
-&gt; done: TeamActionButtonSteps.GivenIClickShotButtonForTeam(1) (0.5s)&#xD;
And I click on team 1 player on pitch with shirt number 13&#xD;
-&gt; done: PitchPlayersComponentSteps.WhenIClickOnTeamPlayerOnPitchWithShirtNumber(1, 13) (0.1s)&#xD;
And I click on pitch x 50 and y 50&#xD;
-&gt; done: PitchScreenSteps.WhenIClickOnPitch(50, 50) (0.3s)&#xD;
And I Click "Shot Blocked" button&#xD;
-&gt; done: ShotRegistrationSteps.WhenClickIShotBlockedButton() (0.1s)&#xD;
And I click on latest "Shot" event in action log&#xD;
-&gt; done: ActionLogSteps.GivenIClickOnLatestEventInActionLog(Shot) (0.4s)&#xD;
And I click "adjust" pitch location button in edit window&#xD;
Failed to find data-qa element with tag 'setPitchLocationButton'. No such element exception.&#xD;
-&gt; done: MiniPitchEditPageElementSteps.WhenIClickButtonForFreeKickLocation() (2.2s)&#xD;
Then current pitch marker is at x 50 and y 50&#xD;
-&gt; done: MiniPitchEditPageElementSteps.ThenCurrentPitchMarkerIsAtXAndY(50, 50) (0.1s)&#xD;
sandbox: CleanUpAfterTestRun started.&#xD;
sandbox: application pages != null: True&#xD;
sandbox: web driver!= null: True&#xD;
sandbox: CleanUpAfterTestRun complete.</StdOut>
      </Output>
    </UnitTestResult>
    <UnitTestResult executionId="4614c9cf-de55-4556-9a89-140464bc77e1" testId="8752860b-7193-c260-b776-1678dca2befb" testName="InsertPenaltyAfterFoulWithVARStand" computerName="EC2AMAZ-JEOO151" duration="00:00:16.2820000" startTime="2019-07-11T18:33:08.0000000+00:00" endTime="2019-07-11T18:33:24.0000000+00:00" testType="13cdc9d9-ddb5-4fa4-a97d-d965ccfc6d4b" outcome="Passed" testListId="8c84fa94-04c1-424b-9868-57a2d4851a1d" relativeResultsDirectory="4614c9cf-de55-4556-9a89-140464bc77e1">
      <Output>
        <StdOut>sandbox: PrepareForTestRun started.&#xD;
sandbox: football liveStatsApp != null: True &#xD;
sandbox: football liveStatsApp.IsProcessRunning: True &#xD;
sandbox: setupLocalData: localDatabaseProvider != null: True&#xD;
sandbox: applicationPages != null: True&#xD;
sandbox: applicationPages.Webdriver != null: True&#xD;
sandbox: finished setuping local data&#xD;
sandbox: PrepareForTestRun complete.&#xD;
Given Match started with kick off from existing game&#xD;
-&gt; done: SetupGameSteps.GivenMatchStartedWithKickOffButtonFromExistingGame() (3.4s)&#xD;
And Throw in added for Team 1&#xD;
-&gt; done: ThrowInEditSteps.GivenThrowInAddedForTeam(1) (0.9s)&#xD;
And I clicked on latest "ThrowIn" event in action log&#xD;
-&gt; done: ActionLogSteps.GivenIClickOnLatestEventInActionLog(ThrowIn) (0.2s)&#xD;
And I entered new conceded event time of "0030"&#xD;
-&gt; done: EditFormSteps.GivenIEnterNewConcededEventTimeOf("0030") (1.0s)&#xD;
And I clicked Save button in action edit form&#xD;
-&gt; done: EditFormSteps.ClickSaveButtonInActionEditForm() (0.6s)&#xD;
And I remembered current players on pitch shirt numbers&#xD;
-&gt; done: GoalEditSteps.GivenIRememberCurrentPlayersOnPitch() (1.2s)&#xD;
When I click Expand Action log button&#xD;
-&gt; done: ActionLogSteps.WhenIClickExpandActionLogButton() (0.1s)&#xD;
And I insert "Penalty" after last action in expanded action log&#xD;
-&gt; done: ExpandedActionLogSteps.WhenIInsertPenaltyAfterLastActionInExpandedActionLog(Penalty) (0.3s)&#xD;
And I enter "0035" as conceded and "0036" as taken time&#xD;
-&gt; done: EditFormSteps.WhenIEnterAsConcededAndAsTakenTime("0035", "0036") (2.0s)&#xD;
And I set penalty retake count to 1 in penalty edit&#xD;
-&gt; done: PenaltyEditSteps.WhenISetRetakeCountTo(1) (0.1s)&#xD;
And I choose player with number 6 from team 1 as penalty taker&#xD;
-&gt; done: PenaltyShootoutEditSteps.WhenIChoosePlayerWithNumberFromTeamAsPenaltyTaker(6, 1) (0.6s)&#xD;
And I choose player with number 4 for foul reason&#xD;
-&gt; done: PenaltyEditSteps.WhenIChoosePlayerWithNumberForFoulReason(4) (0.5s)&#xD;
And I click on miss off target result in penalty edit&#xD;
-&gt; done: PenaltyEditSteps.WhenIClickOnMissOffTargetPenaltyResult() (0.1s)&#xD;
And I click on goalkeeper not saved in penalty insert&#xD;
-&gt; done: PenaltyShootoutEditSteps.WhenIClickOnGoalkeeperNotSavedInPenaltyInsert() (0.1s)&#xD;
And I add pitch location&#xD;
-&gt; done: MiniPitchEditPageElementSteps.WhenIAddPitchLocation() (0.3s)&#xD;
And I add "out top right" shot location in net section&#xD;
-&gt; done: PenaltyShootoutEditSteps.WhenIAddShotLocationInNetSection("out top right") (0.3s)&#xD;
And I set VAR as Stands&#xD;
-&gt; done: EditFormSteps.WhenISetVarAsStands() (0.2s)&#xD;
And I click Save button in action edit form&#xD;
-&gt; done: EditFormSteps.ClickSaveButtonInActionEditForm() (0.6s)&#xD;
Then penalty insert view is not visible&#xD;
Failed to find element with query '[data-qa='penaltyEditScreen']'. Web driver timeout exception.&#xD;
-&gt; done: PenaltyEditSteps.ThenPenaltyShootoutKickInsertViewIsNotVisible() (2.0s)&#xD;
And "VAR" Action is displayed at 1 in expanded action log&#xD;
-&gt; done: ExpandedActionLogSteps.ThenGoalActionIsDisplayedAtInExpandedActionLog("VAR", 1) (0.0s)&#xD;
And at 1 position action time is "00:35" in "H1" half&#xD;
-&gt; done: ExpandedActionLogSteps.ThenAtPositionActionTimeIsInHalf(1, "00:35", "H1") (0.1s)&#xD;
And at 1 position action has one qualifier with name "Stands"&#xD;
-&gt; done: ExpandedActionLogSteps.ThenAtPositionActionHasOneQualifierWithName(1, "Stands") (0.1s)&#xD;
And at 1 position action has no player and team&#xD;
-&gt; done: ExpandedActionLogSteps.ThenAtPositionActionHasNoPlayerAndTeam(1) (0.0s)&#xD;
And Action at position 1 do not have score&#xD;
-&gt; done: ExpandedActionLogSteps.ThenActionAtPositionDoNotHaveScore(1) (0.1s)&#xD;
And "Penalty" Action is displayed at 2 in expanded action log&#xD;
-&gt; done: ExpandedActionLogSteps.ThenGoalActionIsDisplayedAtInExpandedActionLog("Penalty", 2) (0.0s)&#xD;
And at 2 position action time is "00:35" in "H1" half&#xD;
-&gt; done: ExpandedActionLogSteps.ThenAtPositionActionTimeIsInHalf(2, "00:35", "H1") (0.1s)&#xD;
And at 2 position action has no qualifiers&#xD;
-&gt; done: ExpandedActionLogSteps.ThenAtPositionActionHasNoQualifiers(2) (0.1s)&#xD;
And at 2 position action displays player with number 6 from team 1&#xD;
-&gt; done: ExpandedActionLogSteps.ThenActionAtPositionPlayerIsDisplayedAs(2, 6, 1) (0.1s)&#xD;
And Action at position 1 do not have score&#xD;
-&gt; done: ExpandedActionLogSteps.ThenActionAtPositionDoNotHaveScore(1) (0.0s)&#xD;
And "Foul" Action is displayed at 3 in expanded action log&#xD;
-&gt; done: ExpandedActionLogSteps.ThenGoalActionIsDisplayedAtInExpandedActionLog("Foul", 3) (0.0s)&#xD;
And at 3 position action time is "00:35" in "H1" half&#xD;
-&gt; done: ExpandedActionLogSteps.ThenAtPositionActionTimeIsInHalf(3, "00:35", "H1") (0.1s)&#xD;
And at 3 position action has no qualifiers&#xD;
-&gt; done: ExpandedActionLogSteps.ThenAtPositionActionHasNoQualifiers(3) (0.1s)&#xD;
And at 3 position action displays player with number 4 from team 2&#xD;
-&gt; done: ExpandedActionLogSteps.ThenActionAtPositionPlayerIsDisplayedAs(3, 4, 2) (0.1s)&#xD;
And Action at position 3 do not have score&#xD;
-&gt; done: ExpandedActionLogSteps.ThenActionAtPositionDoNotHaveScore(3) (0.0s)&#xD;
sandbox: CleanUpAfterTestRun started.&#xD;
sandbox: application pages != null: True&#xD;
sandbox: web driver!= null: True&#xD;
sandbox: CleanUpAfterTestRun complete.</StdOut>
      </Output>
    </UnitTestResult>
    <UnitTestResult executionId="bcfa707e-6968-4034-8d75-ec0620366b3b" testId="ea564cd8-8339-8080-3ce7-b5ea3281b775" testName="DeleteCardAfterSelectingAssistantCoach(&quot;Yellow&quot;,&quot;2nd Yellow&quot;,&quot;SecondYellow&quot;,null)" computerName="EC2AMAZ-JEOO151" duration="00:00:15.6190000" startTime="2019-07-11T18:52:58.0000000+00:00" endTime="2019-07-11T18:53:14.0000000+00:00" testType="13cdc9d9-ddb5-4fa4-a97d-d965ccfc6d4b" outcome="Passed" testListId="8c84fa94-04c1-424b-9868-57a2d4851a1d" relativeResultsDirectory="bcfa707e-6968-4034-8d75-ec0620366b3b">
      <Output>
        <StdOut>sandbox: PrepareForTestRun started.&#xD;
sandbox: football liveStatsApp != null: True &#xD;
sandbox: football liveStatsApp.IsProcessRunning: True &#xD;
sandbox: setupLocalData: localDatabaseProvider != null: True&#xD;
sandbox: applicationPages != null: True&#xD;
sandbox: applicationPages.Webdriver != null: True&#xD;
sandbox: finished setuping local data&#xD;
sandbox: PrepareForTestRun complete.&#xD;
Given Match started with kick off from existing game&#xD;
-&gt; done: SetupGameSteps.GivenMatchStartedWithKickOffButtonFromExistingGame() (3.3s)&#xD;
When I click on team 1 possible "Yellow"&#xD;
-&gt; done: TeamActionButtonSteps.StartPossibleCardRegistration(1, Yellow) (0.6s)&#xD;
And I click "2nd Yellow" card button&#xD;
-&gt; done: TeamActionButtonSteps.WhenIClickCardButton("2nd Yellow") (0.1s)&#xD;
And I confirm booking by clicking "Confirm" button&#xD;
-&gt; done: CardSteps.WhenIConfirmActionByClickingButton() (2.4s)&#xD;
And I choose assistant coach from team 1 bench&#xD;
-&gt; done: PitchPlayersComponentSteps.SelectAssistantCoachForCard(1) (0.4s)&#xD;
And I cancel action workflow by clicking "Cancel &amp; Delete" button&#xD;
-&gt; done: WorkflowSteps.WhenICancelActionWorkflowByClickingButton() (0.4s)&#xD;
Then Pitch View is shown&#xD;
-&gt; done: PitchScreenSteps.PitchViewIsShown() (0.1s)&#xD;
And assistant coach from team 1 is not marked with "SecondYellow" line&#xD;
Given action failed. Retrying after a timeout.&#xD;
Failed to find element with query 'yellowCardIndicator' under parent. No such element exception.&#xD;
Failed to find element with query 'redCardIndicator' under parent. No such element exception.&#xD;
-&gt; done: PitchPlayersComponentSteps.ThenAssistantCoachIsNotMarkedWithLine(1, SecondYellow) (7.4s)&#xD;
sandbox: CleanUpAfterTestRun started.&#xD;
sandbox: application pages != null: True&#xD;
sandbox: web driver!= null: True&#xD;
sandbox: CleanUpAfterTestRun complete.</StdOut>
      </Output>
    </UnitTestResult>
    <UnitTestResult executionId="71930cbb-cf3b-4eb0-9b4a-5e7af76648ce" testId="0e47ca21-df86-1f9c-4ad8-b0a2b8ab37c6" testName="GivenShotStarted_WhenSelectingShotWithNonBlockType_ThenSavePrompted(OnTarget)" computerName="EC2AMAZ-JEOO151" duration="00:00:06.4830000" startTime="2019-07-11T21:12:33.0000000+00:00" endTime="2019-07-11T21:12:40.0000000+00:00" testType="13cdc9d9-ddb5-4fa4-a97d-d965ccfc6d4b" outcome="Passed" testListId="8c84fa94-04c1-424b-9868-57a2d4851a1d" relativeResultsDirectory="71930cbb-cf3b-4eb0-9b4a-5e7af76648ce">
      <Output>
        <StdOut>sandbox: PrepareForTestRun started.&#xD;
sandbox: football liveStatsApp != null: True &#xD;
sandbox: football liveStatsApp.IsProcessRunning: True &#xD;
sandbox: setupLocalData: localDatabaseProvider != null: True&#xD;
sandbox: applicationPages != null: True&#xD;
sandbox: applicationPages.Webdriver != null: True&#xD;
sandbox: finished setuping local data&#xD;
sandbox: PrepareForTestRun complete.&#xD;
Given action failed. Retrying after a timeout.&#xD;
sandbox: CleanUpAfterTestRun started.&#xD;
sandbox: application pages != null: True&#xD;
sandbox: web driver!= null: True&#xD;
sandbox: CleanUpAfterTestRun complete.</StdOut>
      </Output>
    </UnitTestResult>
    <UnitTestResult executionId="37d8111b-75d8-46ad-bfeb-635bb94bae7b" testId="1f618a68-de7a-7347-3213-c0f6ccf36a3c" testName="FreeKickActionCanBeFlagged" computerName="EC2AMAZ-JEOO151" duration="00:00:06.4310000" startTime="2019-07-11T19:41:16.0000000+00:00" endTime="2019-07-11T19:41:22.0000000+00:00" testType="13cdc9d9-ddb5-4fa4-a97d-d965ccfc6d4b" outcome="Passed" testListId="8c84fa94-04c1-424b-9868-57a2d4851a1d" relativeResultsDirectory="37d8111b-75d8-46ad-bfeb-635bb94bae7b">
      <Output>
        <StdOut>sandbox: PrepareForTestRun started.&#xD;
sandbox: football liveStatsApp != null: True &#xD;
sandbox: football liveStatsApp.IsProcessRunning: True &#xD;
sandbox: setupLocalData: localDatabaseProvider != null: True&#xD;
sandbox: applicationPages != null: True&#xD;
sandbox: applicationPages.Webdriver != null: True&#xD;
sandbox: finished setuping local data&#xD;
sandbox: PrepareForTestRun complete.&#xD;
Given Match started with kick off from existing game&#xD;
-&gt; done: SetupGameSteps.GivenMatchStartedWithKickOffButtonFromExistingGame() (3.3s)&#xD;
Given Freekick for Team 1 is registered&#xD;
Given action failed. Retrying after a timeout.&#xD;
-&gt; done: FreeKickSteps.GivenFreekickForTeamIsRegistered(1) (1.6s)&#xD;
When I click on latest "FreeKick" event in action log&#xD;
-&gt; done: ActionLogSteps.GivenIClickOnLatestEventInActionLog(FreeKick) (0.3s)&#xD;
And I click Flag &amp; Save button in action edit form&#xD;
-&gt; done: EditFormSteps.ClickFlagAndSaveInActionEditForm() (0.4s)&#xD;
Then 1 event in action log of type "FreeKick" is flagged&#xD;
-&gt; done: ActionLogSteps.ThenEventInActionLogOfTypeIsFlagged(1, FreeKick) (0.0s)&#xD;
sandbox: CleanUpAfterTestRun started.&#xD;
sandbox: application pages != null: True&#xD;
sandbox: web driver!= null: True&#xD;
sandbox: CleanUpAfterTestRun complete.</StdOut>
      </Output>
    </UnitTestResult>
    <UnitTestResult executionId="66c2b860-6fe1-419a-bbf4-6753fe0490b8" testId="5c65ae24-ee3d-180a-7d62-85ad9e101963" testName="DeleteCardAfterSelectingAssistantCoach(&quot;Yellow&quot;,&quot;Yellow&quot;,&quot;Yellow&quot;,null)" computerName="EC2AMAZ-JEOO151" duration="00:00:13.2850000" startTime="2019-07-11T18:52:32.0000000+00:00" endTime="2019-07-11T18:52:45.0000000+00:00" testType="13cdc9d9-ddb5-4fa4-a97d-d965ccfc6d4b" outcome="Passed" testListId="8c84fa94-04c1-424b-9868-57a2d4851a1d" relativeResultsDirectory="66c2b860-6fe1-419a-bbf4-6753fe0490b8">
      <Output>
        <StdOut>sandbox: PrepareForTestRun started.&#xD;
sandbox: football liveStatsApp != null: True &#xD;
sandbox: football liveStatsApp.IsProcessRunning: True &#xD;
sandbox: setupLocalData: localDatabaseProvider != null: True&#xD;
sandbox: applicationPages != null: True&#xD;
sandbox: applicationPages.Webdriver != null: True&#xD;
sandbox: finished setuping local data&#xD;
sandbox: PrepareForTestRun complete.&#xD;
Given Match started with kick off from existing game&#xD;
-&gt; done: SetupGameSteps.GivenMatchStartedWithKickOffButtonFromExistingGame() (3.2s)&#xD;
When I click on team 1 possible "Yellow"&#xD;
-&gt; done: TeamActionButtonSteps.StartPossibleCardRegistration(1, Yellow) (0.6s)&#xD;
And I click "Yellow" card button&#xD;
-&gt; done: TeamActionButtonSteps.WhenIClickCardButton("Yellow") (0.1s)&#xD;
And I confirm booking by clicking "Confirm" button&#xD;
-&gt; done: CardSteps.WhenIConfirmActionByClickingButton() (2.3s)&#xD;
And I choose assistant coach from team 1 bench&#xD;
-&gt; done: PitchPlayersComponentSteps.SelectAssistantCoachForCard(1) (0.4s)&#xD;
And I cancel action workflow by clicking "Cancel &amp; Delete" button&#xD;
-&gt; done: WorkflowSteps.WhenICancelActionWorkflowByClickingButton() (0.4s)&#xD;
Then Pitch View is shown&#xD;
-&gt; done: PitchScreenSteps.PitchViewIsShown() (0.2s)&#xD;
And assistant coach from team 1 is not marked with "Yellow" line&#xD;
Given action failed. Retrying after a timeout.&#xD;
Failed to find element with query 'yellowCardIndicator' under parent. No such element exception.&#xD;
-&gt; done: PitchPlayersComponentSteps.ThenAssistantCoachIsNotMarkedWithLine(1, Yellow) (5.3s)&#xD;
sandbox: CleanUpAfterTestRun started.&#xD;
sandbox: application pages != null: True&#xD;
sandbox: web driver!= null: True&#xD;
sandbox: CleanUpAfterTestRun complete.</StdOut>
      </Output>
    </UnitTestResult>
    <UnitTestResult executionId="6ad6cbf2-bd7e-4782-937f-c940311834ff" testId="9a10372e-a02d-3f16-421e-34fbd7021c02" testName="GivenGameInProgress_WhenDeactivatingAssistantCouch_ThenAssistantCouchDeactivated" computerName="EC2AMAZ-JEOO151" duration="00:00:05.6500000" startTime="2019-07-11T20:03:38.0000000+00:00" endTime="2019-07-11T20:03:44.0000000+00:00" testType="13cdc9d9-ddb5-4fa4-a97d-d965ccfc6d4b" outcome="Passed" testListId="8c84fa94-04c1-424b-9868-57a2d4851a1d" relativeResultsDirectory="6ad6cbf2-bd7e-4782-937f-c940311834ff">
      <Output>
        <StdOut>sandbox: PrepareForTestRun started.&#xD;
sandbox: football liveStatsApp != null: True &#xD;
sandbox: football liveStatsApp.IsProcessRunning: True &#xD;
sandbox: setupLocalData: localDatabaseProvider != null: True&#xD;
sandbox: applicationPages != null: True&#xD;
sandbox: applicationPages.Webdriver != null: True&#xD;
sandbox: finished setuping local data&#xD;
sandbox: PrepareForTestRun complete.&#xD;
sandbox: CleanUpAfterTestRun started.&#xD;
sandbox: application pages != null: True&#xD;
sandbox: web driver!= null: True&#xD;
sandbox: CleanUpAfterTestRun complete.</StdOut>
      </Output>
    </UnitTestResult>
    <UnitTestResult executionId="aa7ab121-3c6a-4530-ba42-37b4999a9404" testId="6b2a7fc4-35f4-d1bc-0071-bd1450268ecd" testName="ChangePitchPositionForFreeKickLocation" computerName="EC2AMAZ-JEOO151" duration="00:00:11.8620000" startTime="2019-07-11T17:56:22.0000000+00:00" endTime="2019-07-11T17:56:34.0000000+00:00" testType="13cdc9d9-ddb5-4fa4-a97d-d965ccfc6d4b" outcome="Passed" testListId="8c84fa94-04c1-424b-9868-57a2d4851a1d" relativeResultsDirectory="aa7ab121-3c6a-4530-ba42-37b4999a9404">
      <Output>
        <StdOut>sandbox: PrepareForTestRun started.&#xD;
sandbox: football liveStatsApp != null: True &#xD;
sandbox: football liveStatsApp.IsProcessRunning: True &#xD;
sandbox: setupLocalData: localDatabaseProvider != null: True&#xD;
sandbox: applicationPages != null: True&#xD;
sandbox: applicationPages.Webdriver != null: True&#xD;
sandbox: finished setuping local data&#xD;
sandbox: PrepareForTestRun complete.&#xD;
Given Match started with kick off from existing game&#xD;
-&gt; done: SetupGameSteps.GivenMatchStartedWithKickOffButtonFromExistingGame() (3.2s)&#xD;
And I remembered current players on pitch shirt numbers&#xD;
-&gt; done: GoalEditSteps.GivenIRememberCurrentPlayersOnPitch() (1.6s)&#xD;
Given Freekick for Team 1 is registered&#xD;
Given action failed. Retrying after a timeout.&#xD;
-&gt; done: FreeKickSteps.GivenFreekickForTeamIsRegistered(1) (1.3s)&#xD;
When I click on latest "FreeKick" event in action log&#xD;
-&gt; done: ActionLogSteps.GivenIClickOnLatestEventInActionLog(FreeKick) (0.3s)&#xD;
And I click "adjust pitch location" button in free kick location edit window&#xD;
Failed to find data-qa element with tag 'setPitchLocationButton'. No such element exception.&#xD;
-&gt; done: FreeKickEditSteps.WhenIClickButtonInFreeKickLocationEditWindow() (2.2s)&#xD;
And I click on expanded pitch view x 10 y 50&#xD;
-&gt; done: ExpandedPitchPositionDialogSteps.GivenIClickOnExpandedPitchViewXY(10, 50) (0.1s)&#xD;
And I click "Proceed" button on expanded pitch view&#xD;
-&gt; done: ExpandedPitchPositionDialogSteps.GivenIClickButtonOnExpandedPitchView("Proceed") (0.1s)&#xD;
And I click "adjust pitch location" button in free kick location edit window&#xD;
Failed to find data-qa element with tag 'setPitchLocationButton'. No such element exception.&#xD;
-&gt; done: FreeKickEditSteps.WhenIClickButtonInFreeKickLocationEditWindow() (2.2s)&#xD;
Then current pitch marker is at x 10 and y 50&#xD;
-&gt; done: MiniPitchEditPageElementSteps.ThenCurrentPitchMarkerIsAtXAndY(10, 50) (0.1s)&#xD;
sandbox: CleanUpAfterTestRun started.&#xD;
sandbox: application pages != null: True&#xD;
sandbox: web driver!= null: True&#xD;
sandbox: CleanUpAfterTestRun complete.</StdOut>
      </Output>
    </UnitTestResult>
    <UnitTestResult executionId="d5c7db8f-1100-4986-bce5-d02c4b56be6f" testId="8ef3405e-27c6-cd37-3706-0a9818d45f10" testName="GivenInterruption_WhenStartingCorner_ThenInterruptionCanceled" computerName="EC2AMAZ-JEOO151" duration="00:00:10.0800000" startTime="2019-07-11T21:29:28.0000000+00:00" endTime="2019-07-11T21:29:38.0000000+00:00" testType="13cdc9d9-ddb5-4fa4-a97d-d965ccfc6d4b" outcome="Passed" testListId="8c84fa94-04c1-424b-9868-57a2d4851a1d" relativeResultsDirectory="d5c7db8f-1100-4986-bce5-d02c4b56be6f">
      <Output>
        <StdOut>sandbox: PrepareForTestRun started.&#xD;
sandbox: football liveStatsApp != null: True &#xD;
sandbox: football liveStatsApp.IsProcessRunning: True &#xD;
sandbox: setupLocalData: localDatabaseProvider != null: True&#xD;
sandbox: applicationPages != null: True&#xD;
sandbox: applicationPages.Webdriver != null: True&#xD;
sandbox: finished setuping local data&#xD;
sandbox: PrepareForTestRun complete.&#xD;
Given action failed. Retrying after a timeout.&#xD;
sandbox: CleanUpAfterTestRun started.&#xD;
sandbox: application pages != null: True&#xD;
sandbox: web driver!= null: True&#xD;
sandbox: CleanUpAfterTestRun complete.</StdOut>
      </Output>
    </UnitTestResult>
    <UnitTestResult executionId="fefc9d4a-2a1a-49b9-aadb-e5231402d8af" testId="af9beff1-2bbe-d0d7-60e1-750942868f7d" testName="CannotProceedWithIncorrectPlayerNo_" computerName="EC2AMAZ-JEOO151" duration="00:01:24.7640000" startTime="2019-07-11T17:31:25.0000000+00:00" endTime="2019-07-11T17:32:50.0000000+00:00" testType="13cdc9d9-ddb5-4fa4-a97d-d965ccfc6d4b" outcome="Passed" testListId="8c84fa94-04c1-424b-9868-57a2d4851a1d" relativeResultsDirectory="fefc9d4a-2a1a-49b9-aadb-e5231402d8af">
      <Output>
        <StdOut>sandbox: PrepareForTestRun started.&#xD;
sandbox: football liveStatsApp != null: True &#xD;
sandbox: football liveStatsApp.IsProcessRunning: True &#xD;
sandbox: setupLocalData: localDatabaseProvider != null: True&#xD;
sandbox: applicationPages != null: True&#xD;
sandbox: applicationPages.Webdriver != null: True&#xD;
sandbox: finished setuping local data&#xD;
sandbox: PrepareForTestRun complete.&#xD;
Given I am in players tab&#xD;
-&gt; done: PlayersTabSteps.GivenIAmInPlayersTab() (3.1s)&#xD;
When I enter all data for 11 players of team 1&#xD;
-&gt; done: PlayersTabSteps.WhenIEnterAllDataForPlayersForTeam(11, 1) (37.5s)&#xD;
And I enter all data for 11 players of team 2&#xD;
-&gt; done: PlayersTabSteps.WhenIEnterAllDataForPlayersForTeam(11, 2) (35.5s)&#xD;
And I Add player for team 1&#xD;
-&gt; done: PlayersTabSteps.WhenIAddPlayerForTeam(1) (0.1s)&#xD;
And I enter number aa for player 12 of team 1&#xD;
-&gt; done: PlayersTabSteps.WhenIEnterNumberAaForPlayerOfTeam("aa", 12, 1) (0.5s)&#xD;
And I enter name "player12" for player 12 of team 1&#xD;
-&gt; done: PlayersTabSteps.WhenIEnterNamePlayerForPlayerOfTeam("player12", 12, 1) (1.4s)&#xD;
And I enter surname "player12surname" for player 12 of team 1&#xD;
-&gt; done: PlayersTabSteps.WhenIEnterSurnamePlayersurnameForPlayerOfTeam("player12surname", 12, 1) (2.3s)&#xD;
And I select positon Lw for player 12 of team 1&#xD;
-&gt; done: PlayersTabSteps.WhenISelectPositonLwForPlayerOfTeam(Lw, 12, 1) (0.3s)&#xD;
And I mark player 12 of team 1 as playing&#xD;
-&gt; done: PlayersTabSteps.WhenIMarkPlayerOfTeamAsPlaying(12, 1) (0.1s)&#xD;
And I click Save &amp; Next button&#xD;
-&gt; done: GameSetupSteps.WhenIClickSaveNextButton() (0.2s)&#xD;
Then Error is shown "Incorrect Playing Number is set"&#xD;
-&gt; done: GameSetupSteps.ThenErrorIsShown("Incorrect Playing...") (0.1s)&#xD;
And Formations tab should not be open&#xD;
Failed to find element with query '[data-qa='formationsForm']'. Web driver timeout exception.&#xD;
-&gt; done: TeamsFormationsTabSteps.ThenFormationTabShouldNotOpen() (2.1s)&#xD;
sandbox: CleanUpAfterTestRun started.&#xD;
sandbox: application pages != null: True&#xD;
sandbox: web driver!= null: True&#xD;
Given action failed. Retrying after a timeout. Most likely UI was not fast enough to refresh itself.&#xD;
sandbox: CleanUpAfterTestRun complete.</StdOut>
      </Output>
    </UnitTestResult>
    <UnitTestResult executionId="3add484d-1d68-40bf-8785-386c0af0b2e2" testId="ecb8bf32-5a61-2b0c-83cb-797a0a9a98e5" testName="StartShotFromCornerWorkflow(&quot;taken&quot;,&quot;2&quot;,null)" computerName="EC2AMAZ-JEOO151" duration="00:00:08.3350000" startTime="2019-07-11T19:25:04.0000000+00:00" endTime="2019-07-11T19:25:13.0000000+00:00" testType="13cdc9d9-ddb5-4fa4-a97d-d965ccfc6d4b" outcome="Passed" testListId="8c84fa94-04c1-424b-9868-57a2d4851a1d" relativeResultsDirectory="3add484d-1d68-40bf-8785-386c0af0b2e2">
      <Output>
        <StdOut>sandbox: PrepareForTestRun started.&#xD;
sandbox: football liveStatsApp != null: True &#xD;
sandbox: football liveStatsApp.IsProcessRunning: True &#xD;
sandbox: setupLocalData: localDatabaseProvider != null: True&#xD;
sandbox: applicationPages != null: True&#xD;
sandbox: applicationPages.Webdriver != null: True&#xD;
sandbox: finished setuping local data&#xD;
sandbox: PrepareForTestRun complete.&#xD;
Given Match started with kick off from existing game&#xD;
-&gt; done: SetupGameSteps.GivenMatchStartedWithKickOffButtonFromExistingGame() (3.3s)&#xD;
Given Corner for team "2" workflow entered till taken selection&#xD;
Given action failed. Retrying after a timeout.&#xD;
-&gt; done: CornerSteps.GivenCornerForTeamAndWorkflowEnteredTillFoulBySelection(2) (3.3s)&#xD;
When I click "Shot" button for team 2&#xD;
Given action failed. Retrying after a timeout.&#xD;
-&gt; done: TeamActionButtonSteps.GivenIClickShotButtonForTeam(2) (0.4s)&#xD;
Then Latest "Corner" event is in progress&#xD;
-&gt; done: ActionLogSteps.ThenLatestEventInProgress(Corner) (0.0s)&#xD;
And Latest "Corner" event is not active&#xD;
-&gt; done: ActionLogSteps.ThenLatestEventInNotActive(Corner) (0.0s)&#xD;
And team 2 players are enabled&#xD;
-&gt; done: PitchPlayersComponentSteps.ThenTeamPlayersAreEnabled(2) (0.1s)&#xD;
And Workflow message is shown for "Shot" action&#xD;
-&gt; done: PitchBottomMessageBarSteps.ThenMessageContainsShown("Shot") (0.1s)&#xD;
And Notification "Select shot taker..." is shown&#xD;
-&gt; done: PitchBottomMessageBarSteps.ThenIsShown("Select shot taker...") (0.1s)&#xD;
sandbox: CleanUpAfterTestRun started.&#xD;
sandbox: application pages != null: True&#xD;
sandbox: web driver!= null: True&#xD;
sandbox: CleanUpAfterTestRun complete.</StdOut>
      </Output>
    </UnitTestResult>
    <UnitTestResult executionId="55a1bbee-8970-49f0-977a-c76d3e9818f8" testId="09ceba7c-dcc6-b9c1-a812-b416649d8906" testName="SelectVarOnFirstStepOfRecordCardWorkflow(&quot;2&quot;,&quot;Yellow&quot;,null)" computerName="EC2AMAZ-JEOO151" duration="00:00:05.0180000" startTime="2019-07-11T19:54:24.0000000+00:00" endTime="2019-07-11T19:54:29.0000000+00:00" testType="13cdc9d9-ddb5-4fa4-a97d-d965ccfc6d4b" outcome="Passed" testListId="8c84fa94-04c1-424b-9868-57a2d4851a1d" relativeResultsDirectory="55a1bbee-8970-49f0-977a-c76d3e9818f8">
      <Output>
        <StdOut>sandbox: PrepareForTestRun started.&#xD;
sandbox: football liveStatsApp != null: True &#xD;
sandbox: football liveStatsApp.IsProcessRunning: True &#xD;
sandbox: setupLocalData: localDatabaseProvider != null: True&#xD;
sandbox: applicationPages != null: True&#xD;
sandbox: applicationPages.Webdriver != null: True&#xD;
sandbox: finished setuping local data&#xD;
sandbox: PrepareForTestRun complete.&#xD;
Given Match started with kick off from existing game&#xD;
-&gt; done: SetupGameSteps.GivenMatchStartedWithKickOffButtonFromExistingGame() (3.2s)&#xD;
When I click on team 2 possible "Yellow"&#xD;
-&gt; done: TeamActionButtonSteps.StartPossibleCardRegistration(2, Yellow) (0.6s)&#xD;
And I click "Possible VAR" button in workflow&#xD;
-&gt; done: WorkflowSteps.WhenIClickPossibleVarButtonInWorkflow() (0.1s)&#xD;
Then confirm VAR dialog is displayed&#xD;
-&gt; done: WorkflowSteps.ThenConfirmVarDialogIsDisplayed() (0.2s)&#xD;
And "Yes" VAR dialog button is shown&#xD;
-&gt; done: WorkflowSteps.ThenVarDialogButtonIsShown("Yes") (0.0s)&#xD;
And "No" VAR dialog button is shown&#xD;
-&gt; done: WorkflowSteps.ThenVarDialogButtonIsShown("No") (0.0s)&#xD;
sandbox: CleanUpAfterTestRun started.&#xD;
sandbox: application pages != null: True&#xD;
sandbox: web driver!= null: True&#xD;
sandbox: CleanUpAfterTestRun complete.</StdOut>
      </Output>
    </UnitTestResult>
    <UnitTestResult executionId="b6934cf1-988f-4885-a16a-0c1346b20977" testId="1f235f94-fed2-06ca-6116-db4b8f3db6c1" testName="GivenGameInProgress_WhenAddingCardAndCornerAndMovingToSecondHalf_ThenScoreboardsStatsAreUpdated(2,Yellow)" computerName="EC2AMAZ-JEOO151" duration="00:00:14.1830000" startTime="2019-07-11T21:41:15.0000000+00:00" endTime="2019-07-11T21:41:29.0000000+00:00" testType="13cdc9d9-ddb5-4fa4-a97d-d965ccfc6d4b" outcome="Passed" testListId="8c84fa94-04c1-424b-9868-57a2d4851a1d" relativeResultsDirectory="b6934cf1-988f-4885-a16a-0c1346b20977">
      <Output>
        <StdOut>sandbox: PrepareForTestRun started.&#xD;
sandbox: football liveStatsApp != null: True &#xD;
sandbox: football liveStatsApp.IsProcessRunning: True &#xD;
sandbox: setupLocalData: localDatabaseProvider != null: True&#xD;
sandbox: applicationPages != null: True&#xD;
sandbox: applicationPages.Webdriver != null: True&#xD;
sandbox: finished setuping local data&#xD;
sandbox: PrepareForTestRun complete.&#xD;
Given action failed. Retrying after a timeout.&#xD;
Given action failed. Retrying after a timeout.&#xD;
sandbox: CleanUpAfterTestRun started.&#xD;
sandbox: application pages != null: True&#xD;
sandbox: web driver!= null: True&#xD;
sandbox: CleanUpAfterTestRun complete.</StdOut>
      </Output>
    </UnitTestResult>
    <UnitTestResult executionId="b6aad0fb-4845-4755-a0cc-627ec22fc7e8" testId="df483ce9-49ce-3b6d-0f26-60aec68729bd" testName="CanInsertCardIntoPeriodBreak(&quot;after&quot;,&quot;PhaseEnd&quot;,&quot;3&quot;,&quot;45:00&quot;,null)" computerName="EC2AMAZ-JEOO151" duration="00:00:09.2660000" startTime="2019-07-11T18:40:11.0000000+00:00" endTime="2019-07-11T18:40:20.0000000+00:00" testType="13cdc9d9-ddb5-4fa4-a97d-d965ccfc6d4b" outcome="Passed" testListId="8c84fa94-04c1-424b-9868-57a2d4851a1d" relativeResultsDirectory="b6aad0fb-4845-4755-a0cc-627ec22fc7e8">
      <Output>
        <StdOut>sandbox: PrepareForTestRun started.&#xD;
sandbox: football liveStatsApp != null: True &#xD;
sandbox: football liveStatsApp.IsProcessRunning: True &#xD;
sandbox: setupLocalData: localDatabaseProvider != null: True&#xD;
sandbox: applicationPages != null: True&#xD;
sandbox: applicationPages.Webdriver != null: True&#xD;
sandbox: finished setuping local data&#xD;
sandbox: PrepareForTestRun complete.&#xD;
Given Second period started from existing game&#xD;
-&gt; done: SetupGameSteps.GivenSecondPeriodStartedFromExistingGame() (6.6s)&#xD;
When I click Expand Action log button&#xD;
-&gt; done: ActionLogSteps.WhenIClickExpandActionLogButton() (0.3s)&#xD;
And I insert "Card" after "PhaseEnd"&#xD;
-&gt; done: ExpandedActionLogSteps.WhenIInsertActionAfterContainer(Card, PhaseEnd) (0.3s)&#xD;
And I click team 1 in edit form&#xD;
-&gt; done: EditFormSteps.WhenIClickTeamInEditForm(1) (0.1s)&#xD;
And I click "Yellow" card in card edit page&#xD;
-&gt; done: CardEditSteps.WhenIClickCardInCardEditPage("Yellow") (0.1s)&#xD;
And I update card reason to "Dissent" in insert window&#xD;
-&gt; done: CardEditSteps.WhenIUpdateCardReasonToInInsertWindow("Dissent") (0.1s)&#xD;
And I select player with shirt number 4 in to receive the card in card edit page&#xD;
-&gt; done: CardEditSteps.WhenISelectPlayerInToReceiveTheCardInCardEditPage(4) (0.1s)&#xD;
And I click Save button in action edit form&#xD;
-&gt; done: EditFormSteps.ClickSaveButtonInActionEditForm() (0.6s)&#xD;
Then "Yellow Card" Action is displayed at 3 in expanded action log&#xD;
-&gt; done: ExpandedActionLogSteps.ThenGoalActionIsDisplayedAtInExpandedActionLog("Yellow Card", 3) (0.1s)&#xD;
And at 3 position action time is "45:00" in "H1" half&#xD;
-&gt; done: ExpandedActionLogSteps.ThenAtPositionActionTimeIsInHalf(3, "45:00", "H1") (0.1s)&#xD;
sandbox: CleanUpAfterTestRun started.&#xD;
sandbox: application pages != null: True&#xD;
sandbox: web driver!= null: True&#xD;
sandbox: CleanUpAfterTestRun complete.</StdOut>
      </Output>
    </UnitTestResult>
    <UnitTestResult executionId="eee03a72-1922-449a-8e33-89b86d1e5062" testId="1660e8cc-26ea-d322-18b6-63871367505e" testName="CancellingShotWorkflowResumesFreeKickWorkflow(&quot;taken&quot;,&quot;1&quot;,null)" computerName="EC2AMAZ-JEOO151" duration="00:00:07.4650000" startTime="2019-07-11T19:25:38.0000000+00:00" endTime="2019-07-11T19:25:45.0000000+00:00" testType="13cdc9d9-ddb5-4fa4-a97d-d965ccfc6d4b" outcome="Passed" testListId="8c84fa94-04c1-424b-9868-57a2d4851a1d" relativeResultsDirectory="eee03a72-1922-449a-8e33-89b86d1e5062">
      <Output>
        <StdOut>sandbox: PrepareForTestRun started.&#xD;
sandbox: football liveStatsApp != null: True &#xD;
sandbox: football liveStatsApp.IsProcessRunning: True &#xD;
sandbox: setupLocalData: localDatabaseProvider != null: True&#xD;
sandbox: applicationPages != null: True&#xD;
sandbox: applicationPages.Webdriver != null: True&#xD;
sandbox: finished setuping local data&#xD;
sandbox: PrepareForTestRun complete.&#xD;
Given Match started with kick off from existing game&#xD;
-&gt; done: SetupGameSteps.GivenMatchStartedWithKickOffButtonFromExistingGame() (3.3s)&#xD;
Given Free kick for team "1" workflow entered till taken selection&#xD;
-&gt; done: FreeKickSteps.GivenFreeKickForTeamAndWorkflowEnteredTillTakenSelection(1) (1.5s)&#xD;
And I clicked "Shot" button for team 1&#xD;
Given action failed. Retrying after a timeout.&#xD;
-&gt; done: TeamActionButtonSteps.GivenIClickShotButtonForTeam(1) (0.5s)&#xD;
When I cancel action workflow by clicking "Cancel &amp; Delete" button&#xD;
-&gt; done: WorkflowSteps.WhenICancelActionWorkflowByClickingButton() (0.2s)&#xD;
Then Latest freekick event is in progress&#xD;
-&gt; done: ActionLogSteps.ThenFreekickEventIsNotCompleted() (0.0s)&#xD;
And Current free kick step is taken selection&#xD;
-&gt; done: FreeKickSteps.ThenCurrentFreeKickStepIsTakenSelection() (0.2s)&#xD;
And Latest action in log is of type "FreeKick"&#xD;
-&gt; done: ActionLogSteps.ThenLatestActionIsOfTypeGoal(FreeKick) (0.0s)&#xD;
And Latest action of type "FreeKick" is not flagged&#xD;
-&gt; done: ActionLogSteps.ThenLatestEventInActionLogOfTypeIsNotFlagged(FreeKick) (0.0s)&#xD;
sandbox: CleanUpAfterTestRun started.&#xD;
sandbox: application pages != null: True&#xD;
sandbox: web driver!= null: True&#xD;
sandbox: CleanUpAfterTestRun complete.</StdOut>
      </Output>
    </UnitTestResult>
    <UnitTestResult executionId="9edebca2-047d-44c7-b513-c4ee3b8712f8" testId="9f89a9d1-c9e6-bffe-c977-4a26b57503c1" testName="GivenFootballReportsOpened_WhenOpeningReport_ReportPreviewIsShown(&quot;Team 2 Squad List&quot;)" computerName="EC2AMAZ-JEOO151" duration="00:00:06.0170000" startTime="2019-07-11T21:45:11.0000000+00:00" endTime="2019-07-11T21:45:17.0000000+00:00" testType="13cdc9d9-ddb5-4fa4-a97d-d965ccfc6d4b" outcome="Passed" testListId="8c84fa94-04c1-424b-9868-57a2d4851a1d" relativeResultsDirectory="9edebca2-047d-44c7-b513-c4ee3b8712f8">
      <Output>
        <StdOut>sandbox: PrepareForTestRun started.&#xD;
sandbox: football liveStatsApp != null: True &#xD;
sandbox: football liveStatsApp.IsProcessRunning: True &#xD;
sandbox: setupLocalData: localDatabaseProvider != null: True&#xD;
sandbox: applicationPages != null: True&#xD;
sandbox: applicationPages.Webdriver != null: True&#xD;
sandbox: finished setuping local data&#xD;
sandbox: PrepareForTestRun complete.&#xD;
sandbox: CleanUpAfterTestRun started.&#xD;
sandbox: application pages != null: True&#xD;
sandbox: web driver!= null: True&#xD;
sandbox: CleanUpAfterTestRun complete.</StdOut>
      </Output>
    </UnitTestResult>
    <UnitTestResult executionId="20c39807-8286-4049-9dac-2a9eab585866" testId="fbff5455-ddab-d914-44c0-c484d7c1e7e1" testName="VarAvailableAfterCardSelection(&quot;2&quot;,&quot;Yellow&quot;,null)" computerName="EC2AMAZ-JEOO151" duration="00:00:04.7340000" startTime="2019-07-11T19:54:43.0000000+00:00" endTime="2019-07-11T19:54:48.0000000+00:00" testType="13cdc9d9-ddb5-4fa4-a97d-d965ccfc6d4b" outcome="Passed" testListId="8c84fa94-04c1-424b-9868-57a2d4851a1d" relativeResultsDirectory="20c39807-8286-4049-9dac-2a9eab585866">
      <Output>
        <StdOut>sandbox: PrepareForTestRun started.&#xD;
sandbox: football liveStatsApp != null: True &#xD;
sandbox: football liveStatsApp.IsProcessRunning: True &#xD;
sandbox: setupLocalData: localDatabaseProvider != null: True&#xD;
sandbox: applicationPages != null: True&#xD;
sandbox: applicationPages.Webdriver != null: True&#xD;
sandbox: finished setuping local data&#xD;
sandbox: PrepareForTestRun complete.&#xD;
Given Match started with kick off from existing game&#xD;
-&gt; done: SetupGameSteps.GivenMatchStartedWithKickOffButtonFromExistingGame() (3.3s)&#xD;
When I click on team 2 possible "Yellow"&#xD;
-&gt; done: TeamActionButtonSteps.StartPossibleCardRegistration(2, Yellow) (0.6s)&#xD;
Then "Possible VAR" button is visible in action registration workflow&#xD;
-&gt; done: WorkflowSteps.ThenButtonIsVisible() (0.0s)&#xD;
sandbox: CleanUpAfterTestRun started.&#xD;
sandbox: application pages != null: True&#xD;
sandbox: web driver!= null: True&#xD;
sandbox: CleanUpAfterTestRun complete.</StdOut>
      </Output>
    </UnitTestResult>
    <UnitTestResult executionId="3aa18b91-3d9c-4811-914e-241b7249fa48" testId="74f52bdc-4426-0c57-e65a-8dddfa4c732c" testName="ChangedFreeKickReasonFromFoulToOffside" computerName="EC2AMAZ-JEOO151" duration="00:00:08.1690000" startTime="2019-07-11T17:55:47.0000000+00:00" endTime="2019-07-11T17:55:55.0000000+00:00" testType="13cdc9d9-ddb5-4fa4-a97d-d965ccfc6d4b" outcome="Passed" testListId="8c84fa94-04c1-424b-9868-57a2d4851a1d" relativeResultsDirectory="3aa18b91-3d9c-4811-914e-241b7249fa48">
      <Output>
        <StdOut>sandbox: PrepareForTestRun started.&#xD;
sandbox: football liveStatsApp != null: True &#xD;
sandbox: football liveStatsApp.IsProcessRunning: True &#xD;
sandbox: setupLocalData: localDatabaseProvider != null: True&#xD;
sandbox: applicationPages != null: True&#xD;
sandbox: applicationPages.Webdriver != null: True&#xD;
sandbox: finished setuping local data&#xD;
sandbox: PrepareForTestRun complete.&#xD;
Given Match started with kick off from existing game&#xD;
-&gt; done: SetupGameSteps.GivenMatchStartedWithKickOffButtonFromExistingGame() (3.3s)&#xD;
And I remembered current players on pitch shirt numbers&#xD;
-&gt; done: GoalEditSteps.GivenIRememberCurrentPlayersOnPitch() (1.6s)&#xD;
Given Freekick for Team 1 is registered&#xD;
Given action failed. Retrying after a timeout.&#xD;
-&gt; done: FreeKickSteps.GivenFreekickForTeamIsRegistered(1) (1.2s)&#xD;
When I click on latest "FreeKick" event in action log&#xD;
-&gt; done: ActionLogSteps.GivenIClickOnLatestEventInActionLog(FreeKick) (0.3s)&#xD;
And I click "offside" reason in free kick page&#xD;
-&gt; done: FreeKickEditSteps.WhenIClickButtonInExpandedFreeKickReasonsDialog("offside") (0.1s)&#xD;
And I click Save button in action edit form&#xD;
-&gt; done: EditFormSteps.ClickSaveButtonInActionEditForm() (0.6s)&#xD;
Then offside label of "FreeKick" event in action log is in team 2 color&#xD;
-&gt; done: ActionLogSteps.ThenSubItemOfEventInActionLogIsInTeamColor("offside", FreeKick, 2) (0.2s)&#xD;
And free kick label of "FreeKick" event in action log is in team 1 color&#xD;
-&gt; done: ActionLogSteps.ThenSubItemOfEventInActionLogIsInTeamColor("free kick", FreeKick, 1) (0.1s)&#xD;
sandbox: CleanUpAfterTestRun started.&#xD;
sandbox: application pages != null: True&#xD;
sandbox: web driver!= null: True&#xD;
sandbox: CleanUpAfterTestRun complete.</StdOut>
      </Output>
    </UnitTestResult>
    <UnitTestResult executionId="124a1c7f-b183-46f7-bd19-69ae2974458a" testId="faf5a96a-ee69-9665-2cc0-0a84ba762afb" testName="FootballSaveGoalVARWithStandsOutcome(&quot;Offence&quot;,null)" computerName="EC2AMAZ-JEOO151" duration="00:00:11.2060000" startTime="2019-07-11T18:01:55.0000000+00:00" endTime="2019-07-11T18:02:06.0000000+00:00" testType="13cdc9d9-ddb5-4fa4-a97d-d965ccfc6d4b" outcome="Passed" testListId="8c84fa94-04c1-424b-9868-57a2d4851a1d" relativeResultsDirectory="124a1c7f-b183-46f7-bd19-69ae2974458a">
      <Output>
        <StdOut>sandbox: PrepareForTestRun started.&#xD;
sandbox: football liveStatsApp != null: True &#xD;
sandbox: football liveStatsApp.IsProcessRunning: True &#xD;
sandbox: setupLocalData: localDatabaseProvider != null: True&#xD;
sandbox: applicationPages != null: True&#xD;
sandbox: applicationPages.Webdriver != null: True&#xD;
sandbox: finished setuping local data&#xD;
sandbox: PrepareForTestRun complete.&#xD;
Given Match started with kick off from existing game&#xD;
-&gt; done: SetupGameSteps.GivenMatchStartedWithKickOffButtonFromExistingGame() (3.3s)&#xD;
And I remembered current players on pitch shirt numbers&#xD;
-&gt; done: GoalEditSteps.GivenIRememberCurrentPlayersOnPitch() (1.6s)&#xD;
Given I add a goal for team 1 player 4 assisted by player 13&#xD;
Given action failed. Retrying after a timeout.&#xD;
-&gt; done: GoalSteps.GivenIAddAGoalForTeamPlayerAssistedByPlayer(1, 4, 13) (3.8s)&#xD;
And I click goal event in action log&#xD;
-&gt; done: ActionLogSteps.GivenIClickGoalEventInActionLog() (0.3s)&#xD;
When I click "VAR" toggle&#xD;
-&gt; done: EditFormSteps.GivenIClickToggleToEnable() (0.1s)&#xD;
And I click Var "Stands" button&#xD;
-&gt; done: EditFormSteps.WhenIClickVarStandsButton() (0.1s)&#xD;
And I click VAR reason button&#xD;
-&gt; done: EditFormSteps.WhenIClickVarReasonButton() (0.0s)&#xD;
And I select VAR reason Offence&#xD;
-&gt; done: EditFormSteps.WhenISelectVarReason("Offence") (0.1s)&#xD;
And I click Save button in action edit form&#xD;
-&gt; done: EditFormSteps.ClickSaveButtonInActionEditForm() (0.6s)&#xD;
Then VAR label is shown in Goal event action log&#xD;
-&gt; done: ActionLogSteps.ThenOffenceIsShownInPenaltyEventActionLog("VAR", Goal) (0.1s)&#xD;
And VAR label of "Goal" event in action log contains "Offence - Stands" message&#xD;
-&gt; done: ActionLogSteps.ThenSubItemOfEventInActionLogIsInTeamColor("VAR", Goal, "Offence - Stands") (0.1s)&#xD;
And Score is 1 for team 1&#xD;
-&gt; done: ScoreBoardSteps.ThenScoreIsForTeam(1, 1) (0.1s)&#xD;
And Score is 0 for team 2&#xD;
-&gt; done: ScoreBoardSteps.ThenScoreIsForTeam(0, 2) (0.1s)&#xD;
And Ball icon is shown on player on pitch with shirt number 4 of team 1&#xD;
-&gt; done: PitchPlayersComponentSteps.ThenBallIconIsShownOnPlayerOnPitchWithShirtNumberOfTeamButton(4, 1) (0.1s)&#xD;
sandbox: CleanUpAfterTestRun started.&#xD;
sandbox: application pages != null: True&#xD;
sandbox: web driver!= null: True&#xD;
sandbox: CleanUpAfterTestRun complete.</StdOut>
      </Output>
    </UnitTestResult>
    <UnitTestResult executionId="a4c3ecfe-c2ac-4494-b394-1043d65f2313" testId="bf35735d-d699-c727-e807-963731ad9661" testName="GivenDelayDialogPresent_WhenCancelingDialog_ThenClosesAndDoesntSetDelay" computerName="EC2AMAZ-JEOO151" duration="00:00:17.5270000" startTime="2019-07-11T21:26:40.0000000+00:00" endTime="2019-07-11T21:26:58.0000000+00:00" testType="13cdc9d9-ddb5-4fa4-a97d-d965ccfc6d4b" outcome="Passed" testListId="8c84fa94-04c1-424b-9868-57a2d4851a1d" relativeResultsDirectory="a4c3ecfe-c2ac-4494-b394-1043d65f2313">
      <Output>
        <StdOut>sandbox: PrepareForTestRun started.&#xD;
sandbox: football liveStatsApp != null: True &#xD;
sandbox: football liveStatsApp.IsProcessRunning: True &#xD;
sandbox: setupLocalData: localDatabaseProvider != null: True&#xD;
sandbox: applicationPages != null: True&#xD;
sandbox: applicationPages.Webdriver != null: True&#xD;
sandbox: finished setuping local data&#xD;
sandbox: PrepareForTestRun complete.&#xD;
Failed to find element with query '[data-qa='confirmDelayButton']'. Web driver timeout exception.&#xD;
Failed to find element with query '[data-qa='delayLengthPrompt']'. Web driver timeout exception.&#xD;
sandbox: CleanUpAfterTestRun started.&#xD;
sandbox: application pages != null: True&#xD;
sandbox: web driver!= null: True&#xD;
Given action failed. Retrying after a timeout. Most likely UI was not fast enough to refresh itself.&#xD;
sandbox: CleanUpAfterTestRun complete.</StdOut>
      </Output>
    </UnitTestResult>
    <UnitTestResult executionId="6ff4ec67-94c3-4369-b7c6-1999eba17811" testId="5bf20f40-a01c-d0b9-1efb-e834cdac909e" testName="FlagAndContinueCornerAllSteps" computerName="EC2AMAZ-JEOO151" duration="00:00:07.7460000" startTime="2019-07-11T19:46:40.0000000+00:00" endTime="2019-07-11T19:46:48.0000000+00:00" testType="13cdc9d9-ddb5-4fa4-a97d-d965ccfc6d4b" outcome="Passed" testListId="8c84fa94-04c1-424b-9868-57a2d4851a1d" relativeResultsDirectory="6ff4ec67-94c3-4369-b7c6-1999eba17811">
      <Output>
        <StdOut>sandbox: PrepareForTestRun started.&#xD;
sandbox: football liveStatsApp != null: True &#xD;
sandbox: football liveStatsApp.IsProcessRunning: True &#xD;
sandbox: setupLocalData: localDatabaseProvider != null: True&#xD;
sandbox: applicationPages != null: True&#xD;
sandbox: applicationPages.Webdriver != null: True&#xD;
sandbox: finished setuping local data&#xD;
sandbox: PrepareForTestRun complete.&#xD;
Given Match started with kick off from existing game&#xD;
-&gt; done: SetupGameSteps.GivenMatchStartedWithKickOffButtonFromExistingGame() (3.2s)&#xD;
When I click "Possible Corner" button for team 2&#xD;
-&gt; done: TeamActionButtonSteps.WhenIClickPossibleCornerButtonForTeam(2) (0.7s)&#xD;
And I flag and continue&#xD;
-&gt; done: WorkflowSteps.WhenIFlagAndContinue() (0.1s)&#xD;
And I confirm corner by clicking "Confirm" button&#xD;
-&gt; done: CornerSteps.WhenIConfirmCornerByClickingButton() (2.3s)&#xD;
And I click on pitch x 90 and y 40&#xD;
-&gt; done: PitchScreenSteps.WhenIClickOnPitch(90, 40) (0.1s)&#xD;
And I click on latest "Corner" event in action log&#xD;
-&gt; done: ActionLogSteps.GivenIClickOnLatestEventInActionLog(Corner) (0.2s)&#xD;
And I click review flags button in game action edit window&#xD;
-&gt; done: EditFormSteps.WhenIClickReviewFlagsButtonInGameActionEditWindow() (0.1s)&#xD;
Then 1 event in action log of type "Corner" is flagged&#xD;
-&gt; done: ActionLogSteps.ThenEventInActionLogOfTypeIsFlagged(1, Corner) (0.0s)&#xD;
And "This item was flagged by the User." is visible in review action flags dialog&#xD;
-&gt; done: EditWindowFlagsDropDownSteps.ThenIsVisibleInReviewActionFlagsDialog("This item was fla...") (0.0s)&#xD;
sandbox: CleanUpAfterTestRun started.&#xD;
sandbox: application pages != null: True&#xD;
sandbox: web driver!= null: True&#xD;
sandbox: CleanUpAfterTestRun complete.</StdOut>
      </Output>
    </UnitTestResult>
    <UnitTestResult executionId="aba696ed-4c12-45e2-b034-9314e84c4f3c" testId="ad108fc0-aabc-b802-0b63-23a0619224bb" testName="GivenInProgress_WhenOpeningInterruptionDropDown_ThenOptionsPresentForGameInterrupt" computerName="EC2AMAZ-JEOO151" duration="00:00:05.1670000" startTime="2019-07-11T21:28:38.0000000+00:00" endTime="2019-07-11T21:28:43.0000000+00:00" testType="13cdc9d9-ddb5-4fa4-a97d-d965ccfc6d4b" outcome="Passed" testListId="8c84fa94-04c1-424b-9868-57a2d4851a1d" relativeResultsDirectory="aba696ed-4c12-45e2-b034-9314e84c4f3c">
      <Output>
        <StdOut>sandbox: PrepareForTestRun started.&#xD;
sandbox: football liveStatsApp != null: True &#xD;
sandbox: football liveStatsApp.IsProcessRunning: True &#xD;
sandbox: setupLocalData: localDatabaseProvider != null: True&#xD;
sandbox: applicationPages != null: True&#xD;
sandbox: applicationPages.Webdriver != null: True&#xD;
sandbox: finished setuping local data&#xD;
sandbox: PrepareForTestRun complete.&#xD;
sandbox: CleanUpAfterTestRun started.&#xD;
sandbox: application pages != null: True&#xD;
sandbox: web driver!= null: True&#xD;
sandbox: CleanUpAfterTestRun complete.</StdOut>
      </Output>
    </UnitTestResult>
    <UnitTestResult executionId="1fe4944c-e590-465f-8c8a-5c453557671b" testId="0c62fdff-bc7a-ba98-0d37-2c839a1d22a5" testName="AfterPenaltyShootOutKickRetakeIsPossibleToSelectSamePenaltyOutcome(&quot;Penalty Shot Off Target&quot;,null)" computerName="EC2AMAZ-JEOO151" duration="00:00:17.1010000" startTime="2019-07-11T19:12:17.0000000+00:00" endTime="2019-07-11T19:12:34.0000000+00:00" testType="13cdc9d9-ddb5-4fa4-a97d-d965ccfc6d4b" outcome="Passed" testListId="8c84fa94-04c1-424b-9868-57a2d4851a1d" relativeResultsDirectory="1fe4944c-e590-465f-8c8a-5c453557671b">
      <Output>
        <StdOut>sandbox: PrepareForTestRun started.&#xD;
sandbox: football liveStatsApp != null: True &#xD;
sandbox: football liveStatsApp.IsProcessRunning: True &#xD;
sandbox: setupLocalData: localDatabaseProvider != null: True&#xD;
sandbox: applicationPages != null: True&#xD;
sandbox: applicationPages.Webdriver != null: True&#xD;
sandbox: finished setuping local data&#xD;
sandbox: PrepareForTestRun complete.&#xD;
Given penalty shoot-out phase started&#xD;
-&gt; done: PitchClockSteps.GivenGamePenaltyShoot_OutPhaseStarted() (14.5s)&#xD;
Given selected player "6" from team "2" for penalty shoot-out kick&#xD;
Given action failed. Retrying after a timeout.&#xD;
-&gt; done: PenaltyShootoutSteps.WhenISelectPlayerFromTeamForPenaltyShootOutKick(6, 2) (0.7s)&#xD;
And selected "Penalty Shot Off Target" outcome&#xD;
-&gt; done: PenaltyShootoutSteps.WhenISelectPenaltyShotOffTargetOutcome() (0.1s)&#xD;
When I retake penalty&#xD;
-&gt; done: PenaltySteps.WhenIClickButton() (0.2s)&#xD;
And I select "Penalty Shot Off Target" outcome&#xD;
-&gt; done: PenaltyShootoutSteps.WhenISelectPenaltyShotOffTargetOutcome() (0.2s)&#xD;
Then Net preview is shown&#xD;
-&gt; done: NetSectionSteps.ThenNetPreviewIsShown() (0.1s)&#xD;
And penalty retake is available&#xD;
-&gt; done: PenaltySteps.ThenRetakePenaltyButtonIsShown() (0.0s)&#xD;
sandbox: CleanUpAfterTestRun started.&#xD;
sandbox: application pages != null: True&#xD;
sandbox: web driver!= null: True&#xD;
sandbox: CleanUpAfterTestRun complete.</StdOut>
      </Output>
    </UnitTestResult>
    <UnitTestResult executionId="3c2dc4d2-e31c-4b1d-9867-3e9f3607864d" testId="17ad507b-256a-a099-8c8d-e3603a739c60" testName="SelectVAROutcome(&quot;Overturned&quot;,null)" computerName="EC2AMAZ-JEOO151" duration="00:00:09.3170000" startTime="2019-07-11T17:50:48.0000000+00:00" endTime="2019-07-11T17:50:57.0000000+00:00" testType="13cdc9d9-ddb5-4fa4-a97d-d965ccfc6d4b" outcome="Passed" testListId="8c84fa94-04c1-424b-9868-57a2d4851a1d" relativeResultsDirectory="3c2dc4d2-e31c-4b1d-9867-3e9f3607864d">
      <Output>
        <StdOut>sandbox: PrepareForTestRun started.&#xD;
sandbox: football liveStatsApp != null: True &#xD;
sandbox: football liveStatsApp.IsProcessRunning: True &#xD;
sandbox: setupLocalData: localDatabaseProvider != null: True&#xD;
sandbox: applicationPages != null: True&#xD;
sandbox: applicationPages.Webdriver != null: True&#xD;
sandbox: finished setuping local data&#xD;
sandbox: PrepareForTestRun complete.&#xD;
Given Match started with kick off from existing game&#xD;
-&gt; done: SetupGameSteps.GivenMatchStartedWithKickOffButtonFromExistingGame() (3.3s)&#xD;
And I remembered current players on pitch shirt numbers&#xD;
-&gt; done: GoalEditSteps.GivenIRememberCurrentPlayersOnPitch() (1.5s)&#xD;
Given "Yellow" Card for Team "1" player with shirt number "4" is registered&#xD;
Given action failed. Retrying after a timeout.&#xD;
-&gt; done: CardSteps.GivenCardForTeamPlayerWithShirtNumberIsRegistered(Yellow, 1, 4) (3.2s)&#xD;
When I click on 1 of type "Booking" event in action log&#xD;
-&gt; done: ActionLogSteps.GivenIClickOnLatestEventInActionLog(1, Booking) (0.2s)&#xD;
And I click "VAR" toggle&#xD;
-&gt; done: EditFormSteps.GivenIClickToggleToEnable() (0.1s)&#xD;
And I click Var "Overturned" button&#xD;
-&gt; done: EditFormSteps.WhenIClickVarOverturnedButton() (0.1s)&#xD;
Then "Save" of edit screen is enabled&#xD;
-&gt; done: EditFormSteps.ThenOfEditScreenIsEnabled() (0.0s)&#xD;
sandbox: CleanUpAfterTestRun started.&#xD;
sandbox: application pages != null: True&#xD;
sandbox: web driver!= null: True&#xD;
sandbox: CleanUpAfterTestRun complete.</StdOut>
      </Output>
    </UnitTestResult>
    <UnitTestResult executionId="0fc22fcc-ae05-43ed-b871-54c5ebecbf62" testId="31acf1dd-9c4a-61fc-f04a-7670072f8cee" testName="GivenGameInProgress_WhenRecordingInjuryOffPitch_ThenPlayerMarkedAsInjured" computerName="EC2AMAZ-JEOO151" duration="00:00:05.5770000" startTime="2019-07-11T21:05:59.0000000+00:00" endTime="2019-07-11T21:06:04.0000000+00:00" testType="13cdc9d9-ddb5-4fa4-a97d-d965ccfc6d4b" outcome="Passed" testListId="8c84fa94-04c1-424b-9868-57a2d4851a1d" relativeResultsDirectory="0fc22fcc-ae05-43ed-b871-54c5ebecbf62">
      <Output>
        <StdOut>sandbox: PrepareForTestRun started.&#xD;
sandbox: football liveStatsApp != null: True &#xD;
sandbox: football liveStatsApp.IsProcessRunning: True &#xD;
sandbox: setupLocalData: localDatabaseProvider != null: True&#xD;
sandbox: applicationPages != null: True&#xD;
sandbox: applicationPages.Webdriver != null: True&#xD;
sandbox: finished setuping local data&#xD;
sandbox: PrepareForTestRun complete.&#xD;
sandbox: CleanUpAfterTestRun started.&#xD;
sandbox: application pages != null: True&#xD;
sandbox: web driver!= null: True&#xD;
sandbox: CleanUpAfterTestRun complete.</StdOut>
      </Output>
    </UnitTestResult>
    <UnitTestResult executionId="80a85431-1175-4edf-b031-b9c0bdbf2d08" testId="f65e015b-3006-f4de-bce1-d2a4ba14caf4" testName="GivenPeriodBreak_WhenOpeningInterruptions_ThenInterruptionsDialogOpened" computerName="EC2AMAZ-JEOO151" duration="00:00:07.9000000" startTime="2019-07-11T21:30:00.0000000+00:00" endTime="2019-07-11T21:30:08.0000000+00:00" testType="13cdc9d9-ddb5-4fa4-a97d-d965ccfc6d4b" outcome="Passed" testListId="8c84fa94-04c1-424b-9868-57a2d4851a1d" relativeResultsDirectory="80a85431-1175-4edf-b031-b9c0bdbf2d08">
      <Output>
        <StdOut>sandbox: PrepareForTestRun started.&#xD;
sandbox: football liveStatsApp != null: True &#xD;
sandbox: football liveStatsApp.IsProcessRunning: True &#xD;
sandbox: setupLocalData: localDatabaseProvider != null: True&#xD;
sandbox: applicationPages != null: True&#xD;
sandbox: applicationPages.Webdriver != null: True&#xD;
sandbox: finished setuping local data&#xD;
sandbox: PrepareForTestRun complete.&#xD;
sandbox: CleanUpAfterTestRun started.&#xD;
sandbox: application pages != null: True&#xD;
sandbox: web driver!= null: True&#xD;
sandbox: CleanUpAfterTestRun complete.</StdOut>
      </Output>
    </UnitTestResult>
    <UnitTestResult executionId="d9f25653-c9e1-4923-aa54-abd92ddb4ad3" testId="d7e9a40e-5aae-ca6b-0730-d7b298794003" testName="FootballCoachFilterOnlyShowsCoachItems" computerName="EC2AMAZ-JEOO151" duration="00:00:12.0510000" startTime="2019-07-11T19:38:18.0000000+00:00" endTime="2019-07-11T19:38:30.0000000+00:00" testType="13cdc9d9-ddb5-4fa4-a97d-d965ccfc6d4b" outcome="Passed" testListId="8c84fa94-04c1-424b-9868-57a2d4851a1d" relativeResultsDirectory="d9f25653-c9e1-4923-aa54-abd92ddb4ad3">
      <Output>
        <StdOut>sandbox: PrepareForTestRun started.&#xD;
sandbox: football liveStatsApp != null: True &#xD;
sandbox: football liveStatsApp.IsProcessRunning: True &#xD;
sandbox: setupLocalData: localDatabaseProvider != null: True&#xD;
sandbox: applicationPages != null: True&#xD;
sandbox: applicationPages.Webdriver != null: True&#xD;
sandbox: finished setuping local data&#xD;
sandbox: PrepareForTestRun complete.&#xD;
Given Match started with kick off from existing game&#xD;
-&gt; done: SetupGameSteps.GivenMatchStartedWithKickOffButtonFromExistingGame() (3.3s)&#xD;
Given registered "Yellow" card for team "1" coach&#xD;
Given action failed. Retrying after a timeout.&#xD;
-&gt; done: CardSteps.GivenRegisteredCardForTeamCoach(Yellow, 1) (4.0s)&#xD;
And registered "Red" card for team "1" assistant coach&#xD;
-&gt; done: CardSteps.GivenRegisteredCardForTeamAssistantCoach(Red, 1) (3.4s)&#xD;
When I open Expanded Action log&#xD;
-&gt; done: ActionLogSteps.WhenIClickExpandActionLogButton() (0.3s)&#xD;
And I expand staff filter&#xD;
-&gt; done: FilterSteps.WhenIExpandStaffFilter() (0.1s)&#xD;
And I select coach filter from team "1"&#xD;
-&gt; done: FilterSteps.WhenISelectCoachFilter(1) (0.1s)&#xD;
Then "Yellow Card" Action is displayed at 1 in expanded action log&#xD;
-&gt; done: ExpandedActionLogSteps.ThenGoalActionIsDisplayedAtInExpandedActionLog("Yellow Card", 1) (0.1s)&#xD;
And Expanded action log contains "1" items&#xD;
-&gt; done: ExpandedActionLogSteps.ThenExpandedActionLogContainsItemsCount(1) (0.0s)&#xD;
sandbox: CleanUpAfterTestRun started.&#xD;
sandbox: application pages != null: True&#xD;
sandbox: web driver!= null: True&#xD;
sandbox: CleanUpAfterTestRun complete.</StdOut>
      </Output>
    </UnitTestResult>
    <UnitTestResult executionId="df577e93-517d-4a0c-ae78-4cec24adcf7e" testId="3e0b9743-6861-18a4-8431-eb9220f0409e" testName="GivenActionRegistered_WhenDeletingFromActionLog_ThenDeleted" computerName="EC2AMAZ-JEOO151" duration="00:00:26.6770000" startTime="2019-07-11T20:21:29.0000000+00:00" endTime="2019-07-11T20:21:56.0000000+00:00" testType="13cdc9d9-ddb5-4fa4-a97d-d965ccfc6d4b" outcome="Passed" testListId="8c84fa94-04c1-424b-9868-57a2d4851a1d" relativeResultsDirectory="df577e93-517d-4a0c-ae78-4cec24adcf7e">
      <Output>
        <StdOut>sandbox: PrepareForTestRun started.&#xD;
sandbox: football liveStatsApp != null: True &#xD;
sandbox: football liveStatsApp.IsProcessRunning: True &#xD;
sandbox: setupLocalData: localDatabaseProvider != null: True&#xD;
sandbox: applicationPages != null: True&#xD;
sandbox: applicationPages.Webdriver != null: True&#xD;
sandbox: finished setuping local data&#xD;
sandbox: PrepareForTestRun complete.&#xD;
sandbox: CleanUpAfterTestRun started.&#xD;
sandbox: application pages != null: True&#xD;
sandbox: web driver!= null: True&#xD;
Given action failed. Retrying after a timeout. Most likely UI was not fast enough to refresh itself.&#xD;
sandbox: CleanUpAfterTestRun complete.</StdOut>
      </Output>
    </UnitTestResult>
    <UnitTestResult executionId="92f32573-1fec-4c17-879d-287ad0b69987" testId="4dd1d98c-b88c-4c41-1458-ec2a8b07aa1f" testName="ChangingTeamFilterChangesItemsInTheList" computerName="EC2AMAZ-JEOO151" duration="00:00:06.8960000" startTime="2019-07-11T19:38:49.0000000+00:00" endTime="2019-07-11T19:38:56.0000000+00:00" testType="13cdc9d9-ddb5-4fa4-a97d-d965ccfc6d4b" outcome="Passed" testListId="8c84fa94-04c1-424b-9868-57a2d4851a1d" relativeResultsDirectory="92f32573-1fec-4c17-879d-287ad0b69987">
      <Output>
        <StdOut>sandbox: PrepareForTestRun started.&#xD;
sandbox: football liveStatsApp != null: True &#xD;
sandbox: football liveStatsApp.IsProcessRunning: True &#xD;
sandbox: setupLocalData: localDatabaseProvider != null: True&#xD;
sandbox: applicationPages != null: True&#xD;
sandbox: applicationPages.Webdriver != null: True&#xD;
sandbox: finished setuping local data&#xD;
sandbox: PrepareForTestRun complete.&#xD;
Given Match started with kick off from existing game&#xD;
-&gt; done: SetupGameSteps.GivenMatchStartedWithKickOffButtonFromExistingGame() (3.2s)&#xD;
Given GoalKick for Team 2 is registered&#xD;
Given action failed. Retrying after a timeout.&#xD;
-&gt; done: GoalKickSteps.GivenGoalKickForTeamIsRegistered(2) (1.1s)&#xD;
And Throw in added for Team 2&#xD;
Given action failed. Retrying after a timeout.&#xD;
-&gt; done: ThrowInEditSteps.GivenThrowInAddedForTeam(2) (0.9s)&#xD;
And expanded action log is opened&#xD;
-&gt; done: ActionLogSteps.WhenIClickExpandActionLogButton() (0.3s)&#xD;
And team filter is expanded&#xD;
-&gt; done: FilterSteps.WhenIExpandTeamFilter() (0.1s)&#xD;
And team "1" filter is selected&#xD;
-&gt; done: FilterSteps.WhenISelectTeamFilter(1) (0.1s)&#xD;
When I unselect team "1" filter&#xD;
-&gt; done: FilterSteps.WhenIUnselectTeamFilter(1) (0.1s)&#xD;
And I select team "2" filter&#xD;
-&gt; done: FilterSteps.WhenISelectTeamFilter(2) (0.1s)&#xD;
Then Expanded action log contains "3" items&#xD;
-&gt; done: ExpandedActionLogSteps.ThenExpandedActionLogContainsItemsCount(3) (0.0s)&#xD;
And Actions are displayed in expanded action log in order:&#xD;
  --- table step argument ---&#xD;
  | expectedType |&#xD;
  | Throw In     |&#xD;
  | Goal Kick    |&#xD;
  | Kick Off     |&#xD;
-&gt; done: ExpandedActionLogSteps.ThenActionsAreDisplayedInActionLogAtPositions(System.Collection...) (0.1s)&#xD;
sandbox: CleanUpAfterTestRun started.&#xD;
sandbox: application pages != null: True&#xD;
sandbox: web driver!= null: True&#xD;
sandbox: CleanUpAfterTestRun complete.</StdOut>
      </Output>
    </UnitTestResult>
    <UnitTestResult executionId="d4f5ebd2-1299-4db6-a61f-59ef6fd673b0" testId="5b791213-f2d8-6134-e806-cb0d0397583c" testName="SelectAssistByTeamInGoalInsert" computerName="EC2AMAZ-JEOO151" duration="00:00:16.3510000" startTime="2019-07-11T18:23:42.0000000+00:00" endTime="2019-07-11T18:23:58.0000000+00:00" testType="13cdc9d9-ddb5-4fa4-a97d-d965ccfc6d4b" outcome="Passed" testListId="8c84fa94-04c1-424b-9868-57a2d4851a1d" relativeResultsDirectory="d4f5ebd2-1299-4db6-a61f-59ef6fd673b0">
      <Output>
        <StdOut>sandbox: PrepareForTestRun started.&#xD;
sandbox: football liveStatsApp != null: True &#xD;
sandbox: football liveStatsApp.IsProcessRunning: True &#xD;
sandbox: setupLocalData: localDatabaseProvider != null: True&#xD;
sandbox: applicationPages != null: True&#xD;
sandbox: applicationPages.Webdriver != null: True&#xD;
sandbox: finished setuping local data&#xD;
sandbox: PrepareForTestRun complete.&#xD;
Given Match started with kick off from existing game&#xD;
-&gt; done: SetupGameSteps.GivenMatchStartedWithKickOffButtonFromExistingGame() (3.4s)&#xD;
And "Top right" corner added for Team 1&#xD;
Given action failed. Retrying after a timeout.&#xD;
-&gt; done: CornerSteps.GivenCornerAddedForTeam("Top right", 1) (3.2s)&#xD;
And "Yellow" Card for Team 1 is registered&#xD;
Given action failed. Retrying after a timeout.&#xD;
-&gt; done: CardSteps.GivenCardForTeamIsRegistered(Yellow, 1) (3.3s)&#xD;
And I clicked on latest "Corner" event in action log&#xD;
-&gt; done: ActionLogSteps.GivenIClickOnLatestEventInActionLog(Corner) (0.2s)&#xD;
And I entered new conceded event time of "0030"&#xD;
-&gt; done: EditFormSteps.GivenIEnterNewConcededEventTimeOf("0030") (1.0s)&#xD;
And I clicked Save button in action edit form&#xD;
-&gt; done: EditFormSteps.ClickSaveButtonInActionEditForm() (0.6s)&#xD;
And I remembered current players on pitch shirt numbers&#xD;
-&gt; done: GoalEditSteps.GivenIRememberCurrentPlayersOnPitch() (1.1s)&#xD;
When I click Expand Action log button&#xD;
-&gt; done: ActionLogSteps.WhenIClickExpandActionLogButton() (0.2s)&#xD;
And I click last action in expanded action log&#xD;
-&gt; done: ExpandedActionLogSteps.WhenIClickLastActionInExpandedActionLog() (0.1s)&#xD;
And I click insert after button in expanded action log&#xD;
-&gt; done: ExpandedActionLogSteps.WhenIClickInsertAfterButtonInExpandedActionLog() (0.1s)&#xD;
And I click insert Goal button in insert after dropdown&#xD;
-&gt; done: ExpandedActionLogSteps.WhenIClickInsertGoalButtonInInsertAfterDropdown() (0.1s)&#xD;
And I click "2" team in Goal by Team&#xD;
-&gt; done: GoalEditSteps.GivenIClickTeamInShotByTeam(2) (0.1s)&#xD;
And I click "2" team button in Assist by team&#xD;
-&gt; done: GoalEditSteps.GivenIClickTeamButtonInAssistByTeam(2) (0.0s)&#xD;
Then "assisted by team 2" button color is updated to team id "2" color&#xD;
-&gt; done: GoalEditSteps.ThenAssistedByTeam2ButtonColorIsUpdatedToTeamIdColor(2) (0.0s)&#xD;
And "2" team players are visible in Assist by in goal insert window&#xD;
-&gt; done: GoalEditSteps.ThenTeamPlayersAreVisibleInWhoAssisted(2) (2.0s)&#xD;
sandbox: CleanUpAfterTestRun started.&#xD;
sandbox: application pages != null: True&#xD;
sandbox: web driver!= null: True&#xD;
sandbox: CleanUpAfterTestRun complete.</StdOut>
      </Output>
    </UnitTestResult>
    <UnitTestResult executionId="19c7c487-91c3-4565-8fe1-e04c39a01694" testId="83dcd369-77ce-9f21-44a8-1b5b3c523bc1" testName="GivenGameGoalStarted_WhenSelectingGoalLocation_ThenActionUpdated" computerName="EC2AMAZ-JEOO151" duration="00:00:07.5810000" startTime="2019-07-11T21:03:10.0000000+00:00" endTime="2019-07-11T21:03:18.0000000+00:00" testType="13cdc9d9-ddb5-4fa4-a97d-d965ccfc6d4b" outcome="Passed" testListId="8c84fa94-04c1-424b-9868-57a2d4851a1d" relativeResultsDirectory="19c7c487-91c3-4565-8fe1-e04c39a01694">
      <Output>
        <StdOut>sandbox: PrepareForTestRun started.&#xD;
sandbox: football liveStatsApp != null: True &#xD;
sandbox: football liveStatsApp.IsProcessRunning: True &#xD;
sandbox: setupLocalData: localDatabaseProvider != null: True&#xD;
sandbox: applicationPages != null: True&#xD;
sandbox: applicationPages.Webdriver != null: True&#xD;
sandbox: finished setuping local data&#xD;
sandbox: PrepareForTestRun complete.&#xD;
Given action failed. Retrying after a timeout.&#xD;
sandbox: CleanUpAfterTestRun started.&#xD;
sandbox: application pages != null: True&#xD;
sandbox: web driver!= null: True&#xD;
sandbox: CleanUpAfterTestRun complete.</StdOut>
      </Output>
    </UnitTestResult>
    <UnitTestResult executionId="7bbe10f5-26f6-49d9-8f81-77915be82944" testId="34062ffc-142c-1f70-571a-14a92d69e4ef" testName="CannotFlagAndContinueTakenStepInThrowIn" computerName="EC2AMAZ-JEOO151" duration="00:00:05.1980000" startTime="2019-07-11T19:45:28.0000000+00:00" endTime="2019-07-11T19:45:33.0000000+00:00" testType="13cdc9d9-ddb5-4fa4-a97d-d965ccfc6d4b" outcome="Passed" testListId="8c84fa94-04c1-424b-9868-57a2d4851a1d" relativeResultsDirectory="7bbe10f5-26f6-49d9-8f81-77915be82944">
      <Output>
        <StdOut>sandbox: PrepareForTestRun started.&#xD;
sandbox: football liveStatsApp != null: True &#xD;
sandbox: football liveStatsApp.IsProcessRunning: True &#xD;
sandbox: setupLocalData: localDatabaseProvider != null: True&#xD;
sandbox: applicationPages != null: True&#xD;
sandbox: applicationPages.Webdriver != null: True&#xD;
sandbox: finished setuping local data&#xD;
sandbox: PrepareForTestRun complete.&#xD;
Given Match started with kick off from existing game&#xD;
-&gt; done: SetupGameSteps.GivenMatchStartedWithKickOffButtonFromExistingGame() (3.4s)&#xD;
When I click Throw In action button for 1&#xD;
-&gt; done: TeamActionButtonSteps.GivenIClickActionButtonFor(1) (0.6s)&#xD;
And I flag and continue&#xD;
-&gt; done: WorkflowSteps.WhenIFlagAndContinue() (0.1s)&#xD;
Then Flag &amp; Continue button is not visible&#xD;
-&gt; done: WorkflowSteps.ThenFlagAndContinueButtonIsNotVisible() (0.1s)&#xD;
sandbox: CleanUpAfterTestRun started.&#xD;
sandbox: application pages != null: True&#xD;
sandbox: web driver!= null: True&#xD;
sandbox: CleanUpAfterTestRun complete.</StdOut>
      </Output>
    </UnitTestResult>
    <UnitTestResult executionId="671fb451-6fe6-4a1d-85c8-fa07787c7409" testId="fd3a580b-8fed-0fa4-ed40-f41aa0936ab3" testName="GivenPso_WhenChangingLastPenaltyShootoutKickTeam_ThenTeamForNextShootoutIsChanged" computerName="EC2AMAZ-JEOO151" duration="00:00:25.0860000" startTime="2019-07-11T20:36:19.0000000+00:00" endTime="2019-07-11T20:36:44.0000000+00:00" testType="13cdc9d9-ddb5-4fa4-a97d-d965ccfc6d4b" outcome="Passed" testListId="8c84fa94-04c1-424b-9868-57a2d4851a1d" relativeResultsDirectory="671fb451-6fe6-4a1d-85c8-fa07787c7409">
      <Output>
        <StdOut>sandbox: PrepareForTestRun started.&#xD;
sandbox: football liveStatsApp != null: True &#xD;
sandbox: football liveStatsApp.IsProcessRunning: True &#xD;
sandbox: setupLocalData: localDatabaseProvider != null: True&#xD;
sandbox: applicationPages != null: True&#xD;
sandbox: applicationPages.Webdriver != null: True&#xD;
sandbox: finished setuping local data&#xD;
sandbox: PrepareForTestRun complete.&#xD;
Given action failed. Retrying after a timeout. Most likely UI was not fast enough to refresh itself.&#xD;
sandbox: CleanUpAfterTestRun started.&#xD;
sandbox: application pages != null: True&#xD;
sandbox: web driver!= null: True&#xD;
sandbox: CleanUpAfterTestRun complete.</StdOut>
      </Output>
    </UnitTestResult>
    <UnitTestResult executionId="49d775a2-d7c1-4e93-a4c7-5467f8a48eb0" testId="2db34fee-8824-5d30-ebb6-3f8f9f51225b" testName="GivenGameInProgress_WhenRegisteringShotOffTarget_RegistersShotOffTarget" computerName="EC2AMAZ-JEOO151" duration="00:00:12.1330000" startTime="2019-07-11T21:11:02.0000000+00:00" endTime="2019-07-11T21:11:14.0000000+00:00" testType="13cdc9d9-ddb5-4fa4-a97d-d965ccfc6d4b" outcome="Passed" testListId="8c84fa94-04c1-424b-9868-57a2d4851a1d" relativeResultsDirectory="49d775a2-d7c1-4e93-a4c7-5467f8a48eb0">
      <Output>
        <StdOut>sandbox: PrepareForTestRun started.&#xD;
sandbox: football liveStatsApp != null: True &#xD;
sandbox: football liveStatsApp.IsProcessRunning: True &#xD;
sandbox: setupLocalData: localDatabaseProvider != null: True&#xD;
sandbox: applicationPages != null: True&#xD;
sandbox: applicationPages.Webdriver != null: True&#xD;
sandbox: finished setuping local data&#xD;
sandbox: PrepareForTestRun complete.&#xD;
Given action failed. Retrying after a timeout.&#xD;
Failed to find element with query '[data-qa='netSectionCurrentLocation']'. Web driver timeout exception.&#xD;
Failed to find element with query '[data-qa='netSectionCurrentLocation']'. Web driver timeout exception.&#xD;
sandbox: CleanUpAfterTestRun started.&#xD;
sandbox: application pages != null: True&#xD;
sandbox: web driver!= null: True&#xD;
sandbox: CleanUpAfterTestRun complete.</StdOut>
      </Output>
    </UnitTestResult>
    <UnitTestResult executionId="f4df0ec7-9372-4f60-a65c-859ac9a3bdf2" testId="be280c98-fa0b-0699-345d-8b2cb4c43cc6" testName="InsertedActionWithInjuredPlayerIsFlagged" computerName="EC2AMAZ-JEOO151" duration="00:00:09.3300000" startTime="2019-07-11T19:47:51.0000000+00:00" endTime="2019-07-11T19:48:01.0000000+00:00" testType="13cdc9d9-ddb5-4fa4-a97d-d965ccfc6d4b" outcome="Passed" testListId="8c84fa94-04c1-424b-9868-57a2d4851a1d" relativeResultsDirectory="f4df0ec7-9372-4f60-a65c-859ac9a3bdf2">
      <Output>
        <StdOut>sandbox: PrepareForTestRun started.&#xD;
sandbox: football liveStatsApp != null: True &#xD;
sandbox: football liveStatsApp.IsProcessRunning: True &#xD;
sandbox: setupLocalData: localDatabaseProvider != null: True&#xD;
sandbox: applicationPages != null: True&#xD;
sandbox: applicationPages.Webdriver != null: True&#xD;
sandbox: finished setuping local data&#xD;
sandbox: PrepareForTestRun complete.&#xD;
Given Match started with kick off from existing game&#xD;
-&gt; done: SetupGameSteps.GivenMatchStartedWithKickOffButtonFromExistingGame() (3.4s)&#xD;
And I remembered current players on pitch shirt numbers&#xD;
-&gt; done: GoalEditSteps.GivenIRememberCurrentPlayersOnPitch() (1.5s)&#xD;
Given Injury for Team 1 player with shirt id 4 is registered&#xD;
-&gt; done: PlayerInjuryEditSteps.GivenInjuryForTeamIsRegistered(1, 4) (0.5s)&#xD;
And expanded action log is opened&#xD;
-&gt; done: ActionLogSteps.WhenIClickExpandActionLogButton() (0.2s)&#xD;
When I insert Goal after last action in expanded action log from "1" team with player with shirt number "4"&#xD;
-&gt; done: GoalSteps.WhenIInsertGoalAfterLastActionInExpandedActionLogFromTeamWithScorerWithShirtAndNoAssist(1, 4) (2.4s)&#xD;
And I close expanded action log page&#xD;
-&gt; done: ExpandedActionLogSteps.WhenICloseExpandedActionLogPage() (0.1s)&#xD;
And I click on latest "Goal" event in action log&#xD;
-&gt; done: ActionLogSteps.GivenIClickOnLatestEventInActionLog(Goal) (0.1s)&#xD;
And I click review flags button in game action edit window&#xD;
-&gt; done: EditFormSteps.WhenIClickReviewFlagsButtonInGameActionEditWindow() (0.1s)&#xD;
Then Review action flags dialog opens&#xD;
-&gt; done: EditFormSteps.ThenReviewActionFlagsDialogOpens() (0.0s)&#xD;
And Review action flags dialog contains "1" flags&#xD;
-&gt; done: EditWindowFlagsDropDownSteps.ThenReviewActionDialogContainsFlagsCount(1) (0.0s)&#xD;
And Injured player not on pitch is visible for player with shirt "4" from team "1"&#xD;
-&gt; done: EditWindowFlagsDropDownSteps.ThenIsVisibleInReviewActionFlagsDialogForNotOnPitchByInjury("4", 1) (0.0s)&#xD;
sandbox: CleanUpAfterTestRun started.&#xD;
sandbox: application pages != null: True&#xD;
sandbox: web driver!= null: True&#xD;
sandbox: CleanUpAfterTestRun complete.</StdOut>
      </Output>
    </UnitTestResult>
    <UnitTestResult executionId="23750fab-5285-4af2-b0b0-501093158c5d" testId="62b42567-841c-e722-15e5-d8fb4949f3a3" testName="InsertedOffsideFreeKickIsPresentedInEditForm" computerName="EC2AMAZ-JEOO151" duration="00:00:18.6480000" startTime="2019-07-11T18:14:26.0000000+00:00" endTime="2019-07-11T18:14:45.0000000+00:00" testType="13cdc9d9-ddb5-4fa4-a97d-d965ccfc6d4b" outcome="Passed" testListId="8c84fa94-04c1-424b-9868-57a2d4851a1d" relativeResultsDirectory="23750fab-5285-4af2-b0b0-501093158c5d">
      <Output>
        <StdOut>sandbox: PrepareForTestRun started.&#xD;
sandbox: football liveStatsApp != null: True &#xD;
sandbox: football liveStatsApp.IsProcessRunning: True &#xD;
sandbox: setupLocalData: localDatabaseProvider != null: True&#xD;
sandbox: applicationPages != null: True&#xD;
sandbox: applicationPages.Webdriver != null: True&#xD;
sandbox: finished setuping local data&#xD;
sandbox: PrepareForTestRun complete.&#xD;
Given Match started with kick off from existing game&#xD;
-&gt; done: SetupGameSteps.GivenMatchStartedWithKickOffButtonFromExistingGame() (3.3s)&#xD;
And "Yellow" Card for Team 1 is registered&#xD;
-&gt; done: CardSteps.GivenCardForTeamIsRegistered(Yellow, 1) (3.4s)&#xD;
And Throw in added for Team 1&#xD;
-&gt; done: ThrowInEditSteps.GivenThrowInAddedForTeam(1) (0.6s)&#xD;
And I clicked on latest "ThrowIn" event in action log&#xD;
-&gt; done: ActionLogSteps.GivenIClickOnLatestEventInActionLog(ThrowIn) (0.2s)&#xD;
And I entered new conceded event time of "0030"&#xD;
-&gt; done: EditFormSteps.GivenIEnterNewConcededEventTimeOf("0030") (1.0s)&#xD;
And I clicked Save button in action edit form&#xD;
-&gt; done: EditFormSteps.ClickSaveButtonInActionEditForm() (0.6s)&#xD;
When I click Expand Action log button&#xD;
-&gt; done: ActionLogSteps.WhenIClickExpandActionLogButton() (0.1s)&#xD;
And I insert "FreeKick" after last action in expanded action log&#xD;
-&gt; done: ExpandedActionLogSteps.WhenIInsertPenaltyAfterLastActionInExpandedActionLog(FreeKick) (0.3s)&#xD;
And I enter new conceded event time of "0035"&#xD;
-&gt; done: EditFormSteps.GivenIEnterNewConcededEventTimeOf("0035") (1.0s)&#xD;
And I enter new taken event time of "0036"&#xD;
-&gt; done: EditFormSteps.GivenIEnterNewTakenEventTimeOf("0036") (1.0s)&#xD;
And I click "offside" reason in free kick page&#xD;
-&gt; done: FreeKickEditSteps.WhenIClickButtonInExpandedFreeKickReasonsDialog("offside") (0.1s)&#xD;
And I click Team 1 in edit screen&#xD;
-&gt; done: EditFormSteps.GivenIClickTeamInEditScreen(1) (0.1s)&#xD;
And I click "Set" button for Free Kick location&#xD;
-&gt; done: FreeKickEditSteps.WhenIClickButtonForFreeKickLocation() (0.1s)&#xD;
And I click on expanded pitch view x 75 y 25&#xD;
-&gt; done: ExpandedPitchPositionDialogSteps.GivenIClickOnExpandedPitchViewXY(75, 25) (0.1s)&#xD;
And I click "Proceed" button on expanded pitch view&#xD;
-&gt; done: ExpandedPitchPositionDialogSteps.GivenIClickButtonOnExpandedPitchView("Proceed") (0.1s)&#xD;
And I click "Set" button for Ball Landing location in freekick edit&#xD;
-&gt; done: FreeKickEditSteps.WhenIClickButtonForBallLandingLocationInFreekickEdit() (0.1s)&#xD;
And I click on expanded pitch view x 80 y 10&#xD;
-&gt; done: ExpandedPitchPositionDialogSteps.GivenIClickOnExpandedPitchViewXY(80, 10) (0.1s)&#xD;
And I click "Proceed" button on expanded pitch view&#xD;
-&gt; done: ExpandedPitchPositionDialogSteps.GivenIClickButtonOnExpandedPitchView("Proceed") (0.1s)&#xD;
And I click Save button in action edit form&#xD;
-&gt; done: EditFormSteps.ClickSaveButtonInActionEditForm() (0.6s)&#xD;
And I close expanded action log page&#xD;
-&gt; done: ExpandedActionLogSteps.WhenICloseExpandedActionLogPage() (0.2s)&#xD;
And I click on latest "Freekick" event in action log&#xD;
-&gt; done: ActionLogSteps.GivenIClickOnLatestEventInActionLog(FreeKick) (0.1s)&#xD;
Then Free Kick Edit view is visible&#xD;
-&gt; done: FreeKickEditSteps.ThenFreeKickEditViewIsVisible() (0.0s)&#xD;
And "Edit time" of action edit page is "0035"&#xD;
-&gt; done: EditFormSteps.ThenEditTimeOfActionEditPageIs("0035") (0.1s)&#xD;
And "Taken time" of action edit page is "0036"&#xD;
-&gt; done: EditFormSteps.ThenOfActionEditPageIs("0036") (0.1s)&#xD;
And Team 1 of edit screen is selected&#xD;
-&gt; done: EditFormSteps.ThenTeamOfEditScreenIsSelected(1) (0.0s)&#xD;
And "Offside" reason is selected in freekick edit page&#xD;
-&gt; done: FreeKickEditSteps.ThenReasonIsSelectedInFreekickEditReasonDialog("Offside") (0.0s)&#xD;
And there are no free kick taking players to select&#xD;
Failed to find element with query '[data-qa='freeKickTakingPlayerSelect']'. Web driver timeout exception.&#xD;
-&gt; done: FreeKickEditSteps.ThenThereAreNoFreeKickTakingPlayersToSelect() (2.0s)&#xD;
And there are no free kick offending players to select&#xD;
Failed to find element with query '[data-qa='freeKickOffendingPlayerSelect']'. Web driver timeout exception.&#xD;
-&gt; done: FreeKickEditSteps.ThenThereAreNoFreeKickOffendingPlayersToSelect() (2.0s)&#xD;
And mini free kick pitch location has cursor at x "75" and y "25"&#xD;
-&gt; done: FreeKickEditSteps.ThenMiniFreeKickPitchLocationHasCursorAtXAndY(75, 25) (0.1s)&#xD;
And mini ball landing pitch location has cursor at x "80" and y "10"&#xD;
-&gt; done: MiniPitchEditPageElementSteps.ThenMiniBallLandingPitchLocationHasCursorAtXAndY(80, 10) (0.1s)&#xD;
sandbox: CleanUpAfterTestRun started.&#xD;
sandbox: application pages != null: True&#xD;
sandbox: web driver!= null: True&#xD;
sandbox: CleanUpAfterTestRun complete.</StdOut>
      </Output>
    </UnitTestResult>
    <UnitTestResult executionId="68cfd28a-7d5b-4549-b58e-fffa83cc8f65" testId="1cd93476-56a8-2af2-62ea-c262e76b1dfa" testName="CardReasonUpdate(&quot;Yellow&quot;,&quot;Persistent Infringement&quot;,null)" computerName="EC2AMAZ-JEOO151" duration="00:00:10.5640000" startTime="2019-07-11T17:46:25.0000000+00:00" endTime="2019-07-11T17:46:36.0000000+00:00" testType="13cdc9d9-ddb5-4fa4-a97d-d965ccfc6d4b" outcome="Passed" testListId="8c84fa94-04c1-424b-9868-57a2d4851a1d" relativeResultsDirectory="68cfd28a-7d5b-4549-b58e-fffa83cc8f65">
      <Output>
        <StdOut>sandbox: PrepareForTestRun started.&#xD;
sandbox: football liveStatsApp != null: True &#xD;
sandbox: football liveStatsApp.IsProcessRunning: True &#xD;
sandbox: setupLocalData: localDatabaseProvider != null: True&#xD;
sandbox: applicationPages != null: True&#xD;
sandbox: applicationPages.Webdriver != null: True&#xD;
sandbox: finished setuping local data&#xD;
sandbox: PrepareForTestRun complete.&#xD;
Given Match started with kick off from existing game&#xD;
-&gt; done: SetupGameSteps.GivenMatchStartedWithKickOffButtonFromExistingGame() (3.3s)&#xD;
And I remembered current players on pitch shirt numbers&#xD;
-&gt; done: GoalEditSteps.GivenIRememberCurrentPlayersOnPitch() (1.5s)&#xD;
Given "Yellow" Card for Team "1" player with shirt number "4" is registered&#xD;
Given action failed. Retrying after a timeout.&#xD;
-&gt; done: CardSteps.GivenCardForTeamPlayerWithShirtNumberIsRegistered(Yellow, 1, 4) (3.2s)&#xD;
When I click on 1 of type "Booking" event in action log&#xD;
-&gt; done: ActionLogSteps.GivenIClickOnLatestEventInActionLog(1, Booking) (0.2s)&#xD;
And I click "select reason for card" button in card edit page&#xD;
-&gt; done: CardEditSteps.WhenIClickButtonInCardEditPage() (0.0s)&#xD;
And I click "Persistent Infringement" reason button&#xD;
-&gt; done: CardSteps.WhenIClickReasonButton("Persistent Infrin...") (0.1s)&#xD;
And I select player with shirt number 10 in to receive the card in card edit page&#xD;
-&gt; done: CardEditSteps.WhenISelectPlayerInToReceiveTheCardInCardEditPage(10) (0.3s)&#xD;
And I click Save button in action edit form&#xD;
-&gt; done: EditFormSteps.ClickSaveButtonInActionEditForm() (0.6s)&#xD;
Then Pitch View is shown&#xD;
-&gt; done: PitchScreenSteps.PitchViewIsShown() (0.0s)&#xD;
And Yellow label is shown in Booking event action log&#xD;
-&gt; done: ActionLogSteps.ThenOffenceIsShownInPenaltyEventActionLog("Yellow", Booking) (0.1s)&#xD;
And "Yellow" label of "Booking" event in action log contains "Yellow" card icon&#xD;
-&gt; done: ActionLogSteps.ThenLabelOfEventInActionLogContainsCardIcon("Yellow", Booking, "Yellow") (0.1s)&#xD;
And Player on pitch by shirt number 10 of team 1 is shown in Yellow of "Booking" event in action log&#xD;
-&gt; done: ActionLogSteps.ThenPlayerOnPitchByShirtNumberOfTeamIsShownInGoalOfEventInActionLog(10, 1, "Yellow", Booking) (0.3s)&#xD;
sandbox: CleanUpAfterTestRun started.&#xD;
sandbox: application pages != null: True&#xD;
sandbox: web driver!= null: True&#xD;
sandbox: CleanUpAfterTestRun complete.</StdOut>
      </Output>
    </UnitTestResult>
    <UnitTestResult executionId="260b5b07-a4fc-43d2-94f0-9187636457ef" testId="d6f3f09b-826a-3e5c-8544-20afd485ccbb" testName="GivenGameInProgress_WhenSelectingPlayerForPenaltyKick_ThenPlayerIsSelectedForPenaltyKick(2,1,8,11,10)" computerName="EC2AMAZ-JEOO151" duration="00:00:16.1320000" startTime="2019-07-11T21:09:04.0000000+00:00" endTime="2019-07-11T21:09:20.0000000+00:00" testType="13cdc9d9-ddb5-4fa4-a97d-d965ccfc6d4b" outcome="Passed" testListId="8c84fa94-04c1-424b-9868-57a2d4851a1d" relativeResultsDirectory="260b5b07-a4fc-43d2-94f0-9187636457ef">
      <Output>
        <StdOut>sandbox: PrepareForTestRun started.&#xD;
sandbox: football liveStatsApp != null: True &#xD;
sandbox: football liveStatsApp.IsProcessRunning: True &#xD;
sandbox: setupLocalData: localDatabaseProvider != null: True&#xD;
sandbox: applicationPages != null: True&#xD;
sandbox: applicationPages.Webdriver != null: True&#xD;
sandbox: finished setuping local data&#xD;
sandbox: PrepareForTestRun complete.&#xD;
Failed to find element with query '[data-qa='activePitchOverlay']'. Web driver timeout exception.&#xD;
Given action failed. Retrying after a timeout.&#xD;
Failed to find element with query '[data-qa='activePitchOverlay']'. Web driver timeout exception.&#xD;
Failed to find element with query '[data-qa='penaltyRetakeButton']'. Web driver timeout exception.&#xD;
sandbox: CleanUpAfterTestRun started.&#xD;
sandbox: application pages != null: True&#xD;
sandbox: web driver!= null: True&#xD;
sandbox: CleanUpAfterTestRun complete.</StdOut>
      </Output>
    </UnitTestResult>
    <UnitTestResult executionId="dac99bbf-e7fa-4734-82a2-f7fb2a194312" testId="5fb3289c-0898-b637-c578-89fa351cb45a" testName="GivenGameInProgress_WhenRecordingInjuryOffPitchWithoutPlayer_ThenWorkflowContinues" computerName="EC2AMAZ-JEOO151" duration="00:00:05.0170000" startTime="2019-07-11T21:06:04.0000000+00:00" endTime="2019-07-11T21:06:09.0000000+00:00" testType="13cdc9d9-ddb5-4fa4-a97d-d965ccfc6d4b" outcome="Passed" testListId="8c84fa94-04c1-424b-9868-57a2d4851a1d" relativeResultsDirectory="dac99bbf-e7fa-4734-82a2-f7fb2a194312">
      <Output>
        <StdOut>sandbox: PrepareForTestRun started.&#xD;
sandbox: football liveStatsApp != null: True &#xD;
sandbox: football liveStatsApp.IsProcessRunning: True &#xD;
sandbox: setupLocalData: localDatabaseProvider != null: True&#xD;
sandbox: applicationPages != null: True&#xD;
sandbox: applicationPages.Webdriver != null: True&#xD;
sandbox: finished setuping local data&#xD;
sandbox: PrepareForTestRun complete.&#xD;
sandbox: CleanUpAfterTestRun started.&#xD;
sandbox: application pages != null: True&#xD;
sandbox: web driver!= null: True&#xD;
sandbox: CleanUpAfterTestRun complete.</StdOut>
      </Output>
    </UnitTestResult>
    <UnitTestResult executionId="dfa68a61-b875-48cf-b9d9-9da650d0ac20" testId="ea320186-17d6-e4ae-ed1e-a78b4d2ae984" testName="AddingAnotherYellowAddsSecondYellowInstead" computerName="EC2AMAZ-JEOO151" duration="00:00:11.6470000" startTime="2019-07-11T18:50:34.0000000+00:00" endTime="2019-07-11T18:50:46.0000000+00:00" testType="13cdc9d9-ddb5-4fa4-a97d-d965ccfc6d4b" outcome="Passed" testListId="8c84fa94-04c1-424b-9868-57a2d4851a1d" relativeResultsDirectory="dfa68a61-b875-48cf-b9d9-9da650d0ac20">
      <Output>
        <StdOut>sandbox: PrepareForTestRun started.&#xD;
sandbox: football liveStatsApp != null: True &#xD;
sandbox: football liveStatsApp.IsProcessRunning: True &#xD;
sandbox: setupLocalData: localDatabaseProvider != null: True&#xD;
sandbox: applicationPages != null: True&#xD;
sandbox: applicationPages.Webdriver != null: True&#xD;
sandbox: finished setuping local data&#xD;
sandbox: PrepareForTestRun complete.&#xD;
Given Match started with kick off from existing game&#xD;
-&gt; done: SetupGameSteps.GivenMatchStartedWithKickOffButtonFromExistingGame() (3.2s)&#xD;
When I click on team 2 possible "Yellow"&#xD;
-&gt; done: TeamActionButtonSteps.StartPossibleCardRegistration(2, Yellow) (0.7s)&#xD;
And I click "Yellow" card button&#xD;
-&gt; done: TeamActionButtonSteps.WhenIClickCardButton("Yellow") (0.1s)&#xD;
And I confirm booking by clicking "Confirm" button&#xD;
-&gt; done: CardSteps.WhenIConfirmActionByClickingButton() (2.3s)&#xD;
And I click on team 2 player on pitch with shirt number 5&#xD;
-&gt; done: PitchPlayersComponentSteps.WhenIClickOnTeamPlayerOnPitchWithShirtNumber(2, 5) (0.2s)&#xD;
And I click "Unsporting" reason button&#xD;
-&gt; done: CardSteps.WhenIClickReasonButton("Unsporting") (0.3s)&#xD;
And I click on team 2 possible "Yellow"&#xD;
-&gt; done: TeamActionButtonSteps.StartPossibleCardRegistration(2, Yellow) (0.3s)&#xD;
And I click "Yellow" card button&#xD;
-&gt; done: TeamActionButtonSteps.WhenIClickCardButton("Yellow") (0.1s)&#xD;
And I confirm booking by clicking "Confirm" button&#xD;
-&gt; done: CardSteps.WhenIConfirmActionByClickingButton() (2.3s)&#xD;
And I click on team 2 player on pitch with shirt number 5&#xD;
-&gt; done: PitchPlayersComponentSteps.WhenIClickOnTeamPlayerOnPitchWithShirtNumber(2, 5) (0.1s)&#xD;
And I click "Unsporting" reason button&#xD;
-&gt; done: CardSteps.WhenIClickReasonButton("Unsporting") (0.4s)&#xD;
Then action 1 is 2nd Yellow card for player with shirt id 5 of team 2 event is visible in Action log&#xD;
-&gt; done: ActionLogSteps.ThenCardForPlayerWithShirtIdOfTeamEventIsVisibleInActionLog(1, "2nd Yellow", 5, 2) (0.4s)&#xD;
And action 2 is Yellow card for player with shirt id 5 of team 2 event is visible in Action log&#xD;
-&gt; done: ActionLogSteps.ThenCardForPlayerWithShirtIdOfTeamEventIsVisibleInActionLog(2, "Yellow", 5, 2) (0.2s)&#xD;
And team 2 player on pitch with shirt id 5 is marked with Red line&#xD;
-&gt; done: PitchPlayersComponentSteps.ThenTeamPlayerOnPitchWithShirtIdIsMarkedWithLine(2, 5, "Red") (0.2s)&#xD;
And team 2 player on pitch with shirt id 5 is marked with Yellow line&#xD;
-&gt; done: PitchPlayersComponentSteps.ThenTeamPlayerOnPitchWithShirtIdIsMarkedWithLine(2, 5, "Yellow") (0.1s)&#xD;
sandbox: CleanUpAfterTestRun started.&#xD;
sandbox: application pages != null: True&#xD;
sandbox: web driver!= null: True&#xD;
sandbox: CleanUpAfterTestRun complete.</StdOut>
      </Output>
    </UnitTestResult>
    <UnitTestResult executionId="f4a9fa6b-ba77-45b6-b62c-f37fe69dc99b" testId="9ad99718-52a8-059d-7740-a95aa81d6a3c" testName="CannotProceedWithDuplicateOfficials" computerName="EC2AMAZ-JEOO151" duration="00:00:06.2570000" startTime="2019-07-11T17:22:54.0000000+00:00" endTime="2019-07-11T17:23:00.0000000+00:00" testType="13cdc9d9-ddb5-4fa4-a97d-d965ccfc6d4b" outcome="Passed" testListId="8c84fa94-04c1-424b-9868-57a2d4851a1d" relativeResultsDirectory="f4a9fa6b-ba77-45b6-b62c-f37fe69dc99b">
      <Output>
        <StdOut>sandbox: PrepareForTestRun started.&#xD;
sandbox: football liveStatsApp != null: True &#xD;
sandbox: football liveStatsApp.IsProcessRunning: True &#xD;
sandbox: setupLocalData: localDatabaseProvider != null: True&#xD;
sandbox: applicationPages != null: True&#xD;
sandbox: applicationPages.Webdriver != null: True&#xD;
sandbox: finished setuping local data&#xD;
sandbox: PrepareForTestRun complete.&#xD;
Given Home screen is visible&#xD;
-&gt; done: DashBoardSteps.GivenPrimaryApplicationHomeScreenIsVisible() (0.2s)&#xD;
When I click on enter game details manually&#xD;
-&gt; done: DashBoardSteps.WhenAsPrimaryIClickOnEnterGameDetailsManuallyButton() (0.1s)&#xD;
When mandatory game fields "Game Number", "Competition" and "Date &amp; Time" are filled&#xD;
-&gt; done: GameInformationTabSteps.GivenMandatoryGameFieldsAndAreFilled() (0.9s)&#xD;
And referee data is filled&#xD;
-&gt; done: GameInformationTabSteps.WhenRefereeDataIsFilled() (0.9s)&#xD;
And assistant referee data is filled&#xD;
-&gt; done: GameInformationTabSteps.WhenAssistantRefereeDataIsFilled() (1.0s)&#xD;
And assistant referee type is set to "Referee"&#xD;
-&gt; done: GameInformationTabSteps.WhenAssistantRefereeTypeIsSetTo("Referee") (0.2s)&#xD;
And I click Save &amp; Next button&#xD;
-&gt; done: GameSetupSteps.WhenIClickSaveNextButton() (0.1s)&#xD;
Then Does not navigate to Teams tab&#xD;
Failed to find element with query '[data-qa='teamsForm']'. Web driver timeout exception.&#xD;
-&gt; done: TeamDetailsTabSteps.ThenDoesNotNavigateToTeamsTab() (2.0s)&#xD;
And Error is shown "Duplicate Official roles are forbidden"&#xD;
-&gt; done: GameSetupSteps.ThenErrorIsShown("Duplicate Officia...") (0.1s)&#xD;
sandbox: CleanUpAfterTestRun started.&#xD;
sandbox: application pages != null: True&#xD;
sandbox: web driver!= null: True&#xD;
sandbox: CleanUpAfterTestRun complete.</StdOut>
      </Output>
    </UnitTestResult>
    <UnitTestResult executionId="d62583b6-76a9-47e5-99c0-d491205e405a" testId="68f8b9b9-2a87-77c7-6313-4ba22b7e2498" testName="GivenSetupFinishedAndPreGameStarted_WhenSelectingTeamForKickOff_ThenAttackDirectionSelectionIsPresentedAndPossessionIsSet(1)" computerName="EC2AMAZ-JEOO151" duration="00:00:09.7830000" startTime="2019-07-11T21:37:53.0000000+00:00" endTime="2019-07-11T21:38:03.0000000+00:00" testType="13cdc9d9-ddb5-4fa4-a97d-d965ccfc6d4b" outcome="Passed" testListId="8c84fa94-04c1-424b-9868-57a2d4851a1d" relativeResultsDirectory="d62583b6-76a9-47e5-99c0-d491205e405a">
      <Output>
        <StdOut>sandbox: PrepareForTestRun started.&#xD;
sandbox: football liveStatsApp != null: True &#xD;
sandbox: football liveStatsApp.IsProcessRunning: True &#xD;
sandbox: setupLocalData: localDatabaseProvider != null: True&#xD;
sandbox: applicationPages != null: True&#xD;
sandbox: applicationPages.Webdriver != null: True&#xD;
sandbox: finished setuping local data&#xD;
sandbox: PrepareForTestRun complete.&#xD;
sandbox: CleanUpAfterTestRun started.&#xD;
sandbox: application pages != null: True&#xD;
sandbox: web driver!= null: True&#xD;
Given action failed. Retrying after a timeout. Most likely UI was not fast enough to refresh itself.&#xD;
sandbox: CleanUpAfterTestRun complete.</StdOut>
      </Output>
    </UnitTestResult>
    <UnitTestResult executionId="d19dbcfc-637c-4904-bc46-3688f27391fa" testId="d5d64fc4-30f5-5996-cbf3-2982310c8b8f" testName="YesOnVarOnFirstStepOfRecordCardWorkflow(&quot;1&quot;,&quot;Yellow&quot;,null)" computerName="EC2AMAZ-JEOO151" duration="00:00:05.4830000" startTime="2019-07-11T19:55:55.0000000+00:00" endTime="2019-07-11T19:56:00.0000000+00:00" testType="13cdc9d9-ddb5-4fa4-a97d-d965ccfc6d4b" outcome="Passed" testListId="8c84fa94-04c1-424b-9868-57a2d4851a1d" relativeResultsDirectory="d19dbcfc-637c-4904-bc46-3688f27391fa">
      <Output>
        <StdOut>sandbox: PrepareForTestRun started.&#xD;
sandbox: football liveStatsApp != null: True &#xD;
sandbox: football liveStatsApp.IsProcessRunning: True &#xD;
sandbox: setupLocalData: localDatabaseProvider != null: True&#xD;
sandbox: applicationPages != null: True&#xD;
sandbox: applicationPages.Webdriver != null: True&#xD;
sandbox: finished setuping local data&#xD;
sandbox: PrepareForTestRun complete.&#xD;
Given Match started with kick off from existing game&#xD;
-&gt; done: SetupGameSteps.GivenMatchStartedWithKickOffButtonFromExistingGame() (3.2s)&#xD;
When I click on team 1 possible "Yellow"&#xD;
-&gt; done: TeamActionButtonSteps.StartPossibleCardRegistration(1, Yellow) (0.6s)&#xD;
And I click "Possible VAR" button in workflow&#xD;
-&gt; done: WorkflowSteps.WhenIClickPossibleVarButtonInWorkflow() (0.1s)&#xD;
And I click var confirmation "yes" button&#xD;
-&gt; done: WorkflowSteps.WhenIClickVarConfirmationButton("yes") (0.2s)&#xD;
Then Card type dialog is displayed&#xD;
-&gt; done: CardSteps.ThenCardTypeDialogIsDisplayed() (0.2s)&#xD;
And VAR label of "Booking" event in action log is in team 1 color&#xD;
-&gt; done: ActionLogSteps.ThenSubItemOfEventInActionLogIsInTeamColor("VAR", Booking, 1) (0.2s)&#xD;
And VAR label of "Booking" event in action log contains "Card Stands" message&#xD;
-&gt; done: ActionLogSteps.ThenSubItemOfEventInActionLogIsInTeamColor("VAR", Booking, "Card Stands") (0.1s)&#xD;
sandbox: CleanUpAfterTestRun started.&#xD;
sandbox: application pages != null: True&#xD;
sandbox: web driver!= null: True&#xD;
sandbox: CleanUpAfterTestRun complete.</StdOut>
      </Output>
    </UnitTestResult>
    <UnitTestResult executionId="9cb0f47a-7538-408a-b61a-c46d7d2f0ad1" testId="7c2eaf3a-425f-c336-f3bb-e6360e6af888" testName="InsertedFreeKickIsPresentedInEditForm(&quot;foul&quot;,&quot;Foul&quot;,null)" computerName="EC2AMAZ-JEOO151" duration="00:00:15.7000000" startTime="2019-07-11T18:14:10.0000000+00:00" endTime="2019-07-11T18:14:26.0000000+00:00" testType="13cdc9d9-ddb5-4fa4-a97d-d965ccfc6d4b" outcome="Passed" testListId="8c84fa94-04c1-424b-9868-57a2d4851a1d" relativeResultsDirectory="9cb0f47a-7538-408a-b61a-c46d7d2f0ad1">
      <Output>
        <StdOut>sandbox: PrepareForTestRun started.&#xD;
sandbox: football liveStatsApp != null: True &#xD;
sandbox: football liveStatsApp.IsProcessRunning: True &#xD;
sandbox: setupLocalData: localDatabaseProvider != null: True&#xD;
sandbox: applicationPages != null: True&#xD;
sandbox: applicationPages.Webdriver != null: True&#xD;
sandbox: finished setuping local data&#xD;
sandbox: PrepareForTestRun complete.&#xD;
Given Match started with kick off from existing game&#xD;
-&gt; done: SetupGameSteps.GivenMatchStartedWithKickOffButtonFromExistingGame() (3.2s)&#xD;
And "Yellow" Card for Team 1 is registered&#xD;
Given action failed. Retrying after a timeout.&#xD;
-&gt; done: CardSteps.GivenCardForTeamIsRegistered(Yellow, 1) (3.6s)&#xD;
And Throw in added for Team 1&#xD;
Given action failed. Retrying after a timeout.&#xD;
-&gt; done: ThrowInEditSteps.GivenThrowInAddedForTeam(1) (0.8s)&#xD;
And I clicked on latest "ThrowIn" event in action log&#xD;
-&gt; done: ActionLogSteps.GivenIClickOnLatestEventInActionLog(ThrowIn) (0.3s)&#xD;
And I entered new conceded event time of "0030"&#xD;
-&gt; done: EditFormSteps.GivenIEnterNewConcededEventTimeOf("0030") (1.0s)&#xD;
And I clicked Save button in action edit form&#xD;
-&gt; done: EditFormSteps.ClickSaveButtonInActionEditForm() (0.6s)&#xD;
When I click Expand Action log button&#xD;
-&gt; done: ActionLogSteps.WhenIClickExpandActionLogButton() (0.1s)&#xD;
And I insert "FreeKick" after last action in expanded action log&#xD;
-&gt; done: ExpandedActionLogSteps.WhenIInsertPenaltyAfterLastActionInExpandedActionLog(FreeKick) (0.3s)&#xD;
And I enter new conceded event time of "0035"&#xD;
-&gt; done: EditFormSteps.GivenIEnterNewConcededEventTimeOf("0035") (1.0s)&#xD;
And I enter new taken event time of "0036"&#xD;
-&gt; done: EditFormSteps.GivenIEnterNewTakenEventTimeOf("0036") (1.0s)&#xD;
And I click "foul" reason in free kick page&#xD;
-&gt; done: FreeKickEditSteps.WhenIClickButtonInExpandedFreeKickReasonsDialog("foul") (0.1s)&#xD;
And I click Team 1 in edit screen&#xD;
-&gt; done: EditFormSteps.GivenIClickTeamInEditScreen(1) (0.1s)&#xD;
And I click fouled on player by shirt number 10 in freekick edit&#xD;
-&gt; done: FreeKickEditSteps.WhenIClickFouledOnPlayerInFreekickEdit(10) (0.3s)&#xD;
And I click fouled by player by shirt number 6 in freekick edit&#xD;
-&gt; done: FreeKickEditSteps.WhenIClickFouledByPlayerInFreekickEdit(6) (0.4s)&#xD;
And I click "Set" button for Free Kick location&#xD;
-&gt; done: FreeKickEditSteps.WhenIClickButtonForFreeKickLocation() (0.1s)&#xD;
And I click on expanded pitch view x 75 y 25&#xD;
-&gt; done: ExpandedPitchPositionDialogSteps.GivenIClickOnExpandedPitchViewXY(75, 25) (0.1s)&#xD;
And I click "Proceed" button on expanded pitch view&#xD;
-&gt; done: ExpandedPitchPositionDialogSteps.GivenIClickButtonOnExpandedPitchView("Proceed") (0.1s)&#xD;
And I click "Set" button for Ball Landing location in freekick edit&#xD;
-&gt; done: FreeKickEditSteps.WhenIClickButtonForBallLandingLocationInFreekickEdit() (0.1s)&#xD;
And I click on expanded pitch view x 80 y 10&#xD;
-&gt; done: ExpandedPitchPositionDialogSteps.GivenIClickOnExpandedPitchViewXY(80, 10) (0.1s)&#xD;
And I click "Proceed" button on expanded pitch view&#xD;
-&gt; done: ExpandedPitchPositionDialogSteps.GivenIClickButtonOnExpandedPitchView("Proceed") (0.1s)&#xD;
And I click Save button in action edit form&#xD;
-&gt; done: EditFormSteps.ClickSaveButtonInActionEditForm() (0.6s)&#xD;
And I close expanded action log page&#xD;
-&gt; done: ExpandedActionLogSteps.WhenICloseExpandedActionLogPage() (0.2s)&#xD;
And I click on latest "Freekick" event in action log&#xD;
-&gt; done: ActionLogSteps.GivenIClickOnLatestEventInActionLog(FreeKick) (0.1s)&#xD;
Then Free Kick Edit view is visible&#xD;
-&gt; done: FreeKickEditSteps.ThenFreeKickEditViewIsVisible() (0.1s)&#xD;
And "Edit time" of action edit page is "0035"&#xD;
-&gt; done: EditFormSteps.ThenEditTimeOfActionEditPageIs("0035") (0.1s)&#xD;
And "Taken time" of action edit page is "0036"&#xD;
-&gt; done: EditFormSteps.ThenOfActionEditPageIs("0036") (0.1s)&#xD;
And Team 1 of edit screen is selected&#xD;
-&gt; done: EditFormSteps.ThenTeamOfEditScreenIsSelected(1) (0.0s)&#xD;
And "Foul" reason is selected in freekick edit page&#xD;
-&gt; done: FreeKickEditSteps.ThenReasonIsSelectedInFreekickEditReasonDialog("Foul") (0.0s)&#xD;
And Fouled on player with shirt number 10 is selected in freekick edit&#xD;
-&gt; done: FreeKickEditSteps.ThenFouledOnPlayerWithShirtNumberIsSelectedInFreekickEdit(10) (0.1s)&#xD;
And Foul/Offence by player with shirt 6 is selected in freekick edit window&#xD;
-&gt; done: FreeKickEditSteps.ThenFoulOffenceByPlayerWithShirtIsSelectedInFreekickEditWindow(6) (0.1s)&#xD;
And mini free kick pitch location has cursor at x "75" and y "25"&#xD;
-&gt; done: FreeKickEditSteps.ThenMiniFreeKickPitchLocationHasCursorAtXAndY(75, 25) (0.1s)&#xD;
And mini ball landing pitch location has cursor at x "80" and y "10"&#xD;
-&gt; done: MiniPitchEditPageElementSteps.ThenMiniBallLandingPitchLocationHasCursorAtXAndY(80, 10) (0.1s)&#xD;
sandbox: CleanUpAfterTestRun started.&#xD;
sandbox: application pages != null: True&#xD;
sandbox: web driver!= null: True&#xD;
sandbox: CleanUpAfterTestRun complete.</StdOut>
      </Output>
    </UnitTestResult>
    <UnitTestResult executionId="95a5df3a-0656-4f12-a60b-37dfa09443a5" testId="0a404afc-7221-6448-ba5d-200f8c23d8ba" testName="PenaltyRetake(&quot;Penalty Shot On Target&quot;,null)" computerName="EC2AMAZ-JEOO151" duration="00:00:12.7500000" startTime="2019-07-11T19:06:56.0000000+00:00" endTime="2019-07-11T19:07:09.0000000+00:00" testType="13cdc9d9-ddb5-4fa4-a97d-d965ccfc6d4b" outcome="Passed" testListId="8c84fa94-04c1-424b-9868-57a2d4851a1d" relativeResultsDirectory="95a5df3a-0656-4f12-a60b-37dfa09443a5">
      <Output>
        <StdOut>sandbox: PrepareForTestRun started.&#xD;
sandbox: football liveStatsApp != null: True &#xD;
sandbox: football liveStatsApp.IsProcessRunning: True &#xD;
sandbox: setupLocalData: localDatabaseProvider != null: True&#xD;
sandbox: applicationPages != null: True&#xD;
sandbox: applicationPages.Webdriver != null: True&#xD;
sandbox: finished setuping local data&#xD;
sandbox: PrepareForTestRun complete.&#xD;
Given Match started with kick off from existing game&#xD;
-&gt; done: SetupGameSteps.GivenMatchStartedWithKickOffButtonFromExistingGame() (3.5s)&#xD;
Given penalty "Penalty Shot On Target" button is selected for player "16" team "1"&#xD;
-&gt; done: PenaltySteps.GivenPenaltyShotOnTargetButtonIsSelected(16, 1) (4.3s)&#xD;
When I retake penalty&#xD;
-&gt; done: PenaltySteps.WhenIClickButton() (0.4s)&#xD;
Then Penalty outcome selection dialog is shown&#xD;
-&gt; done: ShotRegistrationSteps.ThenActionTypeDialogIsShown() (0.1s)&#xD;
And Retake label is shown in Penalty event action log&#xD;
-&gt; done: ActionLogSteps.ThenOffenceIsShownInPenaltyEventActionLog("Retake", Penalty) (0.1s)&#xD;
And Retake label of "Penalty" event in action log is in team 1 color&#xD;
-&gt; done: ActionLogSteps.ThenSubItemOfEventInActionLogIsInTeamColor("Retake", Penalty, 1) (0.2s)&#xD;
And "Penalty Shot Off Target" button is shown&#xD;
-&gt; done: PenaltySteps.ThenPenaltyShotOffTargetButtonIsShown() (0.1s)&#xD;
And "Penalty Shot On Target" button is shown&#xD;
-&gt; done: PenaltySteps.ThenPenaltyShotOnTargetButtonIsShown() (0.1s)&#xD;
And "Penalty Goal" button is shown&#xD;
-&gt; done: PenaltySteps.ThenPenaltyGoalButtonIsShown() (0.1s)&#xD;
And penalty retake is not visible&#xD;
Failed to find element with query '[data-qa='penaltyRetakeButton']'. Web driver timeout exception.&#xD;
-&gt; done: PenaltySteps.ThenPenaltyRetakeIsNotVisible() (2.1s)&#xD;
And "Back" button is shown&#xD;
-&gt; done: WorkflowSteps.ThenBackButtonIsVisible() (0.0s)&#xD;
And "Cancel &amp; Delete" button is shown&#xD;
-&gt; done: WorkflowSteps.ThenCancelAndDeleteButtonIsShown() (0.0s)&#xD;
And Player on pitch 9 of team 1 is shown in Penalty of "Penalty" event in action log&#xD;
-&gt; done: ActionLogSteps.ThenPlayerOnPitchOfTeamIsShownInGoalOfEventInActionLog(9, 1, "Penalty", Penalty) (0.2s)&#xD;
And Player on pitch 9 of team 1 is shown in Retake of "Penalty" event in action log&#xD;
-&gt; done: ActionLogSteps.ThenPlayerOnPitchOfTeamIsShownInGoalOfEventInActionLog(9, 1, "Retake", Penalty) (0.2s)&#xD;
And All action buttons except card and goal buttons are disabled for both teams&#xD;
-&gt; done: TeamActionButtonSteps.ThenAllActionButtonsExceptCardAndGoalButtonsAreDisabledForBothTeams() (0.6s)&#xD;
And penalty action button is selected for team "1"&#xD;
-&gt; done: TeamActionButtonSteps.ThenPenaltyActionButtonIsSelected(1) (0.0s)&#xD;
sandbox: CleanUpAfterTestRun started.&#xD;
sandbox: application pages != null: True&#xD;
sandbox: web driver!= null: True&#xD;
sandbox: CleanUpAfterTestRun complete.</StdOut>
      </Output>
    </UnitTestResult>
    <UnitTestResult executionId="821162ef-a5d5-4011-bf95-7c5cb2e3c15d" testId="f21626c6-adf4-a600-f1f1-70adb28e4c61" testName="GivenGameInProgress_WhenUpdatingFormations_ThenFormationsAreUpdated(&quot;4-3-3&quot;)" computerName="EC2AMAZ-JEOO151" duration="00:00:07.0170000" startTime="2019-07-11T20:05:28.0000000+00:00" endTime="2019-07-11T20:05:35.0000000+00:00" testType="13cdc9d9-ddb5-4fa4-a97d-d965ccfc6d4b" outcome="Passed" testListId="8c84fa94-04c1-424b-9868-57a2d4851a1d" relativeResultsDirectory="821162ef-a5d5-4011-bf95-7c5cb2e3c15d">
      <Output>
        <StdOut>sandbox: PrepareForTestRun started.&#xD;
sandbox: football liveStatsApp != null: True &#xD;
sandbox: football liveStatsApp.IsProcessRunning: True &#xD;
sandbox: setupLocalData: localDatabaseProvider != null: True&#xD;
sandbox: applicationPages != null: True&#xD;
sandbox: applicationPages.Webdriver != null: True&#xD;
sandbox: finished setuping local data&#xD;
sandbox: PrepareForTestRun complete.&#xD;
sandbox: CleanUpAfterTestRun started.&#xD;
sandbox: application pages != null: True&#xD;
sandbox: web driver!= null: True&#xD;
sandbox: CleanUpAfterTestRun complete.</StdOut>
      </Output>
    </UnitTestResult>
    <UnitTestResult executionId="e2ee1d80-1357-4885-bc40-70a32c7bf8e2" testId="6f2cb4ff-d28e-61ae-1c45-0637ef74dc8c" testName="RecordVARStandsForPenaltyShoot_OutKickStep1" computerName="EC2AMAZ-JEOO151" duration="00:00:20.4850000" startTime="2019-07-11T19:57:19.0000000+00:00" endTime="2019-07-11T19:57:40.0000000+00:00" testType="13cdc9d9-ddb5-4fa4-a97d-d965ccfc6d4b" outcome="Passed" testListId="8c84fa94-04c1-424b-9868-57a2d4851a1d" relativeResultsDirectory="e2ee1d80-1357-4885-bc40-70a32c7bf8e2">
      <Output>
        <StdOut>sandbox: PrepareForTestRun started.&#xD;
sandbox: football liveStatsApp != null: True &#xD;
sandbox: football liveStatsApp.IsProcessRunning: True &#xD;
sandbox: setupLocalData: localDatabaseProvider != null: True&#xD;
sandbox: applicationPages != null: True&#xD;
sandbox: applicationPages.Webdriver != null: True&#xD;
sandbox: finished setuping local data&#xD;
sandbox: PrepareForTestRun complete.&#xD;
Given Game is kicked of with No. of subs set to 1 and Period Length to 45 and Extra Time set to false and Penalty Shoot-Out set to true&#xD;
-&gt; done: SetupGameSteps.GivenGameIsKickedOfWithNoOfPeriodsSetToAndPeriodLengthToAndExtraTimeSetToFalse(1, 45, False, True) (8.6s)&#xD;
And Clock minutes value is set to "44"&#xD;
-&gt; done: PitchClockSteps.WhenISetClockMinutesValueTo(44) (1.5s)&#xD;
When I finish and proceed to next phase&#xD;
-&gt; done: PitchClockSteps.WhenIFinishAndProceedToNextPhase() (3.1s)&#xD;
And I set clock minutes value to "90"&#xD;
-&gt; done: PitchClockSteps.WhenISetClockMinutesValueTo(90) (1.4s)&#xD;
And I finish and proceed to next phase&#xD;
-&gt; done: PitchClockSteps.WhenIFinishAndProceedToNextPhase() (2.9s)&#xD;
When I click on team 2 player on pitch with shirt number 4&#xD;
-&gt; done: PitchPlayersComponentSteps.WhenIClickOnTeamPlayerOnPitchWithShirtNumber(2, 4) (0.3s)&#xD;
And I click "Possible VAR" Button&#xD;
-&gt; done: WorkflowSteps.WhenIClickButton() (0.2s)&#xD;
And I click "Yes" button in confirmation dialog&#xD;
-&gt; done: WorkflowSteps.WhenIClickYesButtonInConfirmationDialog() (0.4s)&#xD;
Then Latest "PenaltyShootout" event is highlighted&#xD;
-&gt; done: ActionLogSteps.ThenCardEventIsHighlighted(PenaltyShootout) (0.0s)&#xD;
And VAR label is shown in PenaltyShootout event action log&#xD;
-&gt; done: ActionLogSteps.ThenOffenceIsShownInPenaltyEventActionLog("VAR", PenaltyShootout) (0.2s)&#xD;
And VAR label of "PenaltyShootout" event in action log is in team 2 color&#xD;
-&gt; done: ActionLogSteps.ThenSubItemOfEventInActionLogIsInTeamColor("VAR", PenaltyShootout, 2) (0.1s)&#xD;
And VAR label of "PenaltyShootout" event in action log contains "Penalty Stands" message&#xD;
-&gt; done: ActionLogSteps.ThenSubItemOfEventInActionLogIsInTeamColor("VAR", PenaltyShootout, "Penalty Stands") (0.1s)&#xD;
And "Penalty Shot Off Target" button is shown&#xD;
-&gt; done: PenaltySteps.ThenPenaltyShotOffTargetButtonIsShown() (0.0s)&#xD;
And "Penalty Shot On Target" button is shown&#xD;
-&gt; done: PenaltySteps.ThenPenaltyShotOnTargetButtonIsShown() (0.0s)&#xD;
And "Penalty Goal" button is shown&#xD;
-&gt; done: PenaltySteps.ThenPenaltyGoalButtonIsShown() (0.0s)&#xD;
sandbox: CleanUpAfterTestRun started.&#xD;
sandbox: application pages != null: True&#xD;
sandbox: web driver!= null: True&#xD;
Given action failed. Retrying after a timeout. Most likely UI was not fast enough to refresh itself.&#xD;
sandbox: CleanUpAfterTestRun complete.</StdOut>
      </Output>
    </UnitTestResult>
    <UnitTestResult executionId="33113aa8-c4cb-4cc4-9e50-a25b4601e462" testId="0ed72089-665d-a99b-cb93-76f80acaa3f6" testName="GivenGameInProgress_WhenOpeningPlayerDetails_ThenPlayerDetailsAreShown" computerName="EC2AMAZ-JEOO151" duration="00:00:10.6320000" startTime="2019-07-11T20:04:58.0000000+00:00" endTime="2019-07-11T20:05:08.0000000+00:00" testType="13cdc9d9-ddb5-4fa4-a97d-d965ccfc6d4b" outcome="Passed" testListId="8c84fa94-04c1-424b-9868-57a2d4851a1d" relativeResultsDirectory="33113aa8-c4cb-4cc4-9e50-a25b4601e462">
      <Output>
        <StdOut>sandbox: PrepareForTestRun started.&#xD;
sandbox: football liveStatsApp != null: True &#xD;
sandbox: football liveStatsApp.IsProcessRunning: True &#xD;
sandbox: setupLocalData: localDatabaseProvider != null: True&#xD;
sandbox: applicationPages != null: True&#xD;
sandbox: applicationPages.Webdriver != null: True&#xD;
sandbox: finished setuping local data&#xD;
sandbox: PrepareForTestRun complete.&#xD;
sandbox: CleanUpAfterTestRun started.&#xD;
sandbox: application pages != null: True&#xD;
sandbox: web driver!= null: True&#xD;
sandbox: CleanUpAfterTestRun complete.</StdOut>
      </Output>
    </UnitTestResult>
    <UnitTestResult executionId="06c1beb3-bc36-44d7-879c-1f22c305031e" testId="08d124b4-16eb-759b-68d0-24244a726e65" testName="PenaltyShootOutKickGoalAfterRetake" computerName="EC2AMAZ-JEOO151" duration="00:00:20.0460000" startTime="2019-07-11T19:15:16.0000000+00:00" endTime="2019-07-11T19:15:36.0000000+00:00" testType="13cdc9d9-ddb5-4fa4-a97d-d965ccfc6d4b" outcome="Passed" testListId="8c84fa94-04c1-424b-9868-57a2d4851a1d" relativeResultsDirectory="06c1beb3-bc36-44d7-879c-1f22c305031e">
      <Output>
        <StdOut>sandbox: PrepareForTestRun started.&#xD;
sandbox: football liveStatsApp != null: True &#xD;
sandbox: football liveStatsApp.IsProcessRunning: True &#xD;
sandbox: setupLocalData: localDatabaseProvider != null: True&#xD;
sandbox: applicationPages != null: True&#xD;
sandbox: applicationPages.Webdriver != null: True&#xD;
sandbox: finished setuping local data&#xD;
sandbox: PrepareForTestRun complete.&#xD;
Given penalty shoot-out phase started&#xD;
-&gt; done: PitchClockSteps.GivenGamePenaltyShoot_OutPhaseStarted() (14.9s)&#xD;
Given selected player "6" from team "2" for penalty shoot-out kick&#xD;
Given action failed. Retrying after a timeout.&#xD;
-&gt; done: PenaltyShootoutSteps.WhenISelectPlayerFromTeamForPenaltyShootOutKick(6, 2) (0.7s)&#xD;
And selected "Penalty Goal" outcome&#xD;
-&gt; done: PenaltyShootoutSteps.WhenISelectGoalOutcome() (0.1s)&#xD;
When I retake penalty&#xD;
-&gt; done: PenaltySteps.WhenIClickButton() (0.2s)&#xD;
And I select "Penalty Goal" outcome&#xD;
-&gt; done: PenaltyShootoutSteps.WhenISelectGoalOutcome() (0.2s)&#xD;
And I confirm penalty goal by clicking on "Confirm" button&#xD;
-&gt; done: GoalSteps.WhenIConfirmGoalByClickingOnButton() (2.3s)&#xD;
And I click on net x "10" and y "10"&#xD;
-&gt; done: NetSectionSteps.WhenIClickOnNetXAndY(10, 10) (0.1s)&#xD;
Then Team 2 has 1 penalty shoot-out made in score board&#xD;
-&gt; done: PenaltyShootoutSteps.ThenTeamHasPenaltyShoot_OutMade(2, 1) (0.2s)&#xD;
And Team 2 has 0 penalty shoot-out miss in score board&#xD;
-&gt; done: PenaltyShootoutSteps.ThenTeamHasPenaltyShoot_OutMiss(2, 0) (0.0s)&#xD;
And Team 2 penalty shootout table row 1 contains player with shirt number 6&#xD;
-&gt; done: PenaltyShootoutSteps.ThenTeamPenaltyShootoutTableRowContainsPlayerWithShirtNumber(2, 1, 6) (0.1s)&#xD;
And Team 2 penalty shootout table row 1 contains made result of "Goal"&#xD;
-&gt; done: PenaltyShootoutSteps.ThenTeamPenaltyShootoutTableRowContainsMadeResultOfTrue(2, 1, "Goal") (0.0s)&#xD;
And player with shirt number 6 of team 2 is disabled&#xD;
-&gt; done: PitchPlayersComponentSteps.ThenPlayerWithShirtNumberOfTeamIsDisabled(6, 2) (0.1s)&#xD;
sandbox: CleanUpAfterTestRun started.&#xD;
sandbox: application pages != null: True&#xD;
sandbox: web driver!= null: True&#xD;
sandbox: CleanUpAfterTestRun complete.</StdOut>
      </Output>
    </UnitTestResult>
    <UnitTestResult executionId="36502195-6bbe-4117-8c02-3bfe4df5029b" testId="7f873223-3311-a379-eb2c-47786448388a" testName="InsertFreeKickAfterOrBeforeLastEvent(&quot;before&quot;,&quot;0025&quot;,&quot;0026&quot;,&quot;00:25&quot;,&quot;2&quot;,&quot;1&quot;,&quot;2&quot;,&quot;3&quot;,null)" computerName="EC2AMAZ-JEOO151" duration="00:00:18.8830000" startTime="2019-07-11T18:15:03.0000000+00:00" endTime="2019-07-11T18:15:22.0000000+00:00" testType="13cdc9d9-ddb5-4fa4-a97d-d965ccfc6d4b" outcome="Passed" testListId="8c84fa94-04c1-424b-9868-57a2d4851a1d" relativeResultsDirectory="36502195-6bbe-4117-8c02-3bfe4df5029b">
      <Output>
        <StdOut>sandbox: PrepareForTestRun started.&#xD;
sandbox: football liveStatsApp != null: True &#xD;
sandbox: football liveStatsApp.IsProcessRunning: True &#xD;
sandbox: setupLocalData: localDatabaseProvider != null: True&#xD;
sandbox: applicationPages != null: True&#xD;
sandbox: applicationPages.Webdriver != null: True&#xD;
sandbox: finished setuping local data&#xD;
sandbox: PrepareForTestRun complete.&#xD;
Given Match started with kick off from existing game&#xD;
-&gt; done: SetupGameSteps.GivenMatchStartedWithKickOffButtonFromExistingGame() (3.4s)&#xD;
And "Yellow" Card for Team 1 is registered&#xD;
Given action failed. Retrying after a timeout.&#xD;
-&gt; done: CardSteps.GivenCardForTeamIsRegistered(Yellow, 1) (3.6s)&#xD;
And Throw in added for Team 1&#xD;
Given action failed. Retrying after a timeout.&#xD;
-&gt; done: ThrowInEditSteps.GivenThrowInAddedForTeam(1) (0.8s)&#xD;
And I clicked on latest "ThrowIn" event in action log&#xD;
-&gt; done: ActionLogSteps.GivenIClickOnLatestEventInActionLog(ThrowIn) (0.2s)&#xD;
And I entered new conceded event time of "0030"&#xD;
-&gt; done: EditFormSteps.GivenIEnterNewConcededEventTimeOf("0030") (1.0s)&#xD;
And I clicked Save button in action edit form&#xD;
-&gt; done: EditFormSteps.ClickSaveButtonInActionEditForm() (0.6s)&#xD;
Given I remembered current players on pitch shirt numbers&#xD;
-&gt; done: GoalEditSteps.GivenIRememberCurrentPlayersOnPitch() (1.2s)&#xD;
When I click Expand Action log button&#xD;
-&gt; done: ActionLogSteps.WhenIClickExpandActionLogButton() (0.1s)&#xD;
And I insert "FreeKick" before last action in expanded action log&#xD;
-&gt; done: ExpandedActionLogSteps.WhenIInsertPenaltyBeforeLastActionInExpandedActionLog(FreeKick) (0.3s)&#xD;
And I enter new conceded event time of "0025"&#xD;
-&gt; done: EditFormSteps.GivenIEnterNewConcededEventTimeOf("0025") (1.0s)&#xD;
And I enter new taken event time of "0026"&#xD;
-&gt; done: EditFormSteps.GivenIEnterNewTakenEventTimeOf("0026") (1.0s)&#xD;
And I click "foul" reason in free kick page&#xD;
-&gt; done: FreeKickEditSteps.WhenIClickButtonInExpandedFreeKickReasonsDialog("foul") (0.1s)&#xD;
And I click Team 2 in edit screen&#xD;
-&gt; done: EditFormSteps.GivenIClickTeamInEditScreen(2) (0.1s)&#xD;
And I click fouled on player by shirt number 10 in freekick edit&#xD;
-&gt; done: FreeKickEditSteps.WhenIClickFouledOnPlayerInFreekickEdit(10) (0.4s)&#xD;
And I click fouled by player by shirt number 6 in freekick edit&#xD;
-&gt; done: FreeKickEditSteps.WhenIClickFouledByPlayerInFreekickEdit(6) (0.5s)&#xD;
And I click "Set" button for Free Kick location&#xD;
-&gt; done: FreeKickEditSteps.WhenIClickButtonForFreeKickLocation() (0.1s)&#xD;
And I click on expanded pitch view x 75 y 25&#xD;
-&gt; done: ExpandedPitchPositionDialogSteps.GivenIClickOnExpandedPitchViewXY(75, 25) (0.1s)&#xD;
And I click "Proceed" button on expanded pitch view&#xD;
-&gt; done: ExpandedPitchPositionDialogSteps.GivenIClickButtonOnExpandedPitchView("Proceed") (0.1s)&#xD;
And I click "Set" button for Ball Landing location in freekick edit&#xD;
-&gt; done: FreeKickEditSteps.WhenIClickButtonForBallLandingLocationInFreekickEdit() (0.1s)&#xD;
And I click on expanded pitch view x 80 y 10&#xD;
-&gt; done: ExpandedPitchPositionDialogSteps.GivenIClickOnExpandedPitchViewXY(80, 10) (0.1s)&#xD;
And I click "Proceed" button on expanded pitch view&#xD;
-&gt; done: ExpandedPitchPositionDialogSteps.GivenIClickButtonOnExpandedPitchView("Proceed") (0.1s)&#xD;
And I click Save button in action edit form&#xD;
-&gt; done: EditFormSteps.ClickSaveButtonInActionEditForm() (0.6s)&#xD;
Then freeKick insert view is not visible&#xD;
Failed to find element with query '[data-qa='freeKickEditScreen']'. Web driver timeout exception.&#xD;
-&gt; done: FreeKickEditSteps.ThenFreeKickInsertViewIsNotVisible() (2.0s)&#xD;
And "Foul" Action is displayed at 3 in expanded action log&#xD;
-&gt; done: ExpandedActionLogSteps.ThenGoalActionIsDisplayedAtInExpandedActionLog("Foul", 3) (0.0s)&#xD;
And Action at position 3 contains team 1 name&#xD;
-&gt; done: ExpandedActionLogSteps.ThenActionAtPositionContainsTeam(3, 1) (0.1s)&#xD;
And Action at position 3 player is displayed as 6 on "1" team&#xD;
-&gt; done: ExpandedActionLogSteps.ThenActionAtPositionPlayerIsDisplayedAs(3, 6, 1) (0.1s)&#xD;
And "Free kick" Action is displayed at 2 in expanded action log&#xD;
-&gt; done: ExpandedActionLogSteps.ThenGoalActionIsDisplayedAtInExpandedActionLog("Free kick", 2) (0.0s)&#xD;
And Action at position 2 half is displayed as "H1"&#xD;
-&gt; done: ExpandedActionLogSteps.ThenActionAtPositionHalfIsDisplayedAs(2, "H1") (0.0s)&#xD;
And Action at position 2 time is displayed as "00:25"&#xD;
-&gt; done: ExpandedActionLogSteps.ThenActionAtPositionTimeIsDisplayedAs(2, "00:25") (0.1s)&#xD;
And Action at position 2 first qualifier is displayed as "Foul"&#xD;
-&gt; done: ExpandedActionLogSteps.ThenActionAtPositionFirstQualifiedIsDisplayedAs(2, "Foul") (0.0s)&#xD;
And Action at position 2 do not have second qualifier&#xD;
-&gt; done: ExpandedActionLogSteps.ThenActionAtPositionDoNotHaveSecondQualifier(2) (0.0s)&#xD;
And Action at position 2 contains team 2 name&#xD;
-&gt; done: ExpandedActionLogSteps.ThenActionAtPositionContainsTeam(2, 2) (0.0s)&#xD;
And Action at position 2 player is displayed as 10 on "2" team&#xD;
-&gt; done: ExpandedActionLogSteps.ThenActionAtPositionPlayerIsDisplayedAs(2, 10, 2) (0.1s)&#xD;
And Action at position 2 do not have score&#xD;
-&gt; done: ExpandedActionLogSteps.ThenActionAtPositionDoNotHaveScore(2) (0.1s)&#xD;
sandbox: CleanUpAfterTestRun started.&#xD;
sandbox: application pages != null: True&#xD;
sandbox: web driver!= null: True&#xD;
sandbox: CleanUpAfterTestRun complete.</StdOut>
      </Output>
    </UnitTestResult>
    <UnitTestResult executionId="5420217b-2310-4bee-86ee-b7038380b07c" testId="b4284103-16e6-167a-83c5-92b0f2244d05" testName="InsertGoalPenaltyWithOffenceReasonAfterOrBeforeLastEvent(&quot;after&quot;,&quot;1&quot;,&quot;2&quot;,&quot;0035&quot;,&quot;0036&quot;,&quot;00:35&quot;,&quot;00:36&quot;,&quot;1 - 0&quot;,&quot;2&quot;,&quot;1&quot;,&quot;3&quot;,null)" computerName="EC2AMAZ-JEOO151" duration="00:00:15.9810000" startTime="2019-07-11T18:32:36.0000000+00:00" endTime="2019-07-11T18:32:52.0000000+00:00" testType="13cdc9d9-ddb5-4fa4-a97d-d965ccfc6d4b" outcome="Passed" testListId="8c84fa94-04c1-424b-9868-57a2d4851a1d" relativeResultsDirectory="5420217b-2310-4bee-86ee-b7038380b07c">
      <Output>
        <StdOut>sandbox: PrepareForTestRun started.&#xD;
sandbox: football liveStatsApp != null: True &#xD;
sandbox: football liveStatsApp.IsProcessRunning: True &#xD;
sandbox: setupLocalData: localDatabaseProvider != null: True&#xD;
sandbox: applicationPages != null: True&#xD;
sandbox: applicationPages.Webdriver != null: True&#xD;
sandbox: finished setuping local data&#xD;
sandbox: PrepareForTestRun complete.&#xD;
Given Match started with kick off from existing game&#xD;
-&gt; done: SetupGameSteps.GivenMatchStartedWithKickOffButtonFromExistingGame() (3.3s)&#xD;
And Throw in added for Team 1&#xD;
-&gt; done: ThrowInEditSteps.GivenThrowInAddedForTeam(1) (0.9s)&#xD;
And I clicked on latest "ThrowIn" event in action log&#xD;
-&gt; done: ActionLogSteps.GivenIClickOnLatestEventInActionLog(ThrowIn) (0.2s)&#xD;
And I entered new conceded event time of "0030"&#xD;
-&gt; done: EditFormSteps.GivenIEnterNewConcededEventTimeOf("0030") (1.0s)&#xD;
And I clicked Save button in action edit form&#xD;
-&gt; done: EditFormSteps.ClickSaveButtonInActionEditForm() (0.6s)&#xD;
And I remembered current players on pitch shirt numbers&#xD;
-&gt; done: GoalEditSteps.GivenIRememberCurrentPlayersOnPitch() (1.2s)&#xD;
When I click Expand Action log button&#xD;
-&gt; done: ActionLogSteps.WhenIClickExpandActionLogButton() (0.1s)&#xD;
And I insert "Penalty" after last action in expanded action log&#xD;
-&gt; done: ExpandedActionLogSteps.WhenIInsertPenaltyAfterLastActionInExpandedActionLog(Penalty) (0.3s)&#xD;
And I enter "0035" as conceded and "0036" as taken time&#xD;
-&gt; done: EditFormSteps.WhenIEnterAsConcededAndAsTakenTime("0035", "0036") (2.1s)&#xD;
And I set penalty retake count to 1 in penalty edit&#xD;
-&gt; done: PenaltyEditSteps.WhenISetRetakeCountTo(1) (0.1s)&#xD;
And I choose player with number 6 from team 1 as penalty taker&#xD;
-&gt; done: PenaltyShootoutEditSteps.WhenIChoosePlayerWithNumberFromTeamAsPenaltyTaker(6, 1) (0.5s)&#xD;
And I choose player with number 4 for offence reason&#xD;
-&gt; done: PenaltyEditSteps.WhenIChoosePlayerWithNumberForOffenceReason(4) (0.5s)&#xD;
And I click on goal result in penalty edit&#xD;
-&gt; done: PenaltyEditSteps.WhenIClickOnGoalPenaltyResult() (0.1s)&#xD;
And I add pitch location&#xD;
-&gt; done: MiniPitchEditPageElementSteps.WhenIAddPitchLocation() (0.3s)&#xD;
And I add "top right" shot location in net section&#xD;
-&gt; done: PenaltyShootoutEditSteps.WhenIAddShotLocationInNetSection("top right") (0.3s)&#xD;
And I click Save button in action edit form&#xD;
-&gt; done: EditFormSteps.ClickSaveButtonInActionEditForm() (0.6s)&#xD;
Then penalty insert view is not visible&#xD;
Failed to find element with query '[data-qa='penaltyEditScreen']'. Web driver timeout exception.&#xD;
-&gt; done: PenaltyEditSteps.ThenPenaltyShootoutKickInsertViewIsNotVisible() (2.1s)&#xD;
And "Penalty Goal" Action is displayed at 1 in expanded action log&#xD;
-&gt; done: ExpandedActionLogSteps.ThenGoalActionIsDisplayedAtInExpandedActionLog("Penalty Goal", 1) (0.0s)&#xD;
And at 1 position action time is "00:36" in "H1" half&#xD;
-&gt; done: ExpandedActionLogSteps.ThenAtPositionActionTimeIsInHalf(1, "00:36", "H1") (0.1s)&#xD;
And at 1 position action has no qualifiers&#xD;
-&gt; done: ExpandedActionLogSteps.ThenAtPositionActionHasNoQualifiers(1) (0.1s)&#xD;
And at 1 position action displays player with number 6 from team 1&#xD;
-&gt; done: ExpandedActionLogSteps.ThenActionAtPositionPlayerIsDisplayedAs(1, 6, 1) (0.1s)&#xD;
And Action at position 1 score is displayed as "1 - 0"&#xD;
-&gt; done: ExpandedActionLogSteps.ThenActionAtPositionScoreIsDisplayedAs(1, "1 - 0") (0.1s)&#xD;
And "Penalty" Action is displayed at 2 in expanded action log&#xD;
-&gt; done: ExpandedActionLogSteps.ThenGoalActionIsDisplayedAtInExpandedActionLog("Penalty", 2) (0.0s)&#xD;
And at 2 position action time is "00:35" in "H1" half&#xD;
-&gt; done: ExpandedActionLogSteps.ThenAtPositionActionTimeIsInHalf(2, "00:35", "H1") (0.1s)&#xD;
And at 2 position action has no qualifiers&#xD;
-&gt; done: ExpandedActionLogSteps.ThenAtPositionActionHasNoQualifiers(2) (0.1s)&#xD;
And at 2 position action displays player with number 6 from team 1&#xD;
-&gt; done: ExpandedActionLogSteps.ThenActionAtPositionPlayerIsDisplayedAs(2, 6, 1) (0.1s)&#xD;
And Action at position 2 do not have score&#xD;
-&gt; done: ExpandedActionLogSteps.ThenActionAtPositionDoNotHaveScore(2) (0.0s)&#xD;
And "Offence" Action is displayed at 3 in expanded action log&#xD;
-&gt; done: ExpandedActionLogSteps.ThenGoalActionIsDisplayedAtInExpandedActionLog("Offence", 3) (0.0s)&#xD;
And at 3 position action time is "00:35" in "H1" half&#xD;
-&gt; done: ExpandedActionLogSteps.ThenAtPositionActionTimeIsInHalf(3, "00:35", "H1") (0.1s)&#xD;
And at 3 position action has no qualifiers&#xD;
-&gt; done: ExpandedActionLogSteps.ThenAtPositionActionHasNoQualifiers(3) (0.1s)&#xD;
And at 3 position action displays player with number 4 from team 2&#xD;
-&gt; done: ExpandedActionLogSteps.ThenActionAtPositionPlayerIsDisplayedAs(3, 4, 2) (0.1s)&#xD;
And Action at position 3 do not have score&#xD;
-&gt; done: ExpandedActionLogSteps.ThenActionAtPositionDoNotHaveScore(3) (0.0s)&#xD;
sandbox: CleanUpAfterTestRun started.&#xD;
sandbox: application pages != null: True&#xD;
sandbox: web driver!= null: True&#xD;
sandbox: CleanUpAfterTestRun complete.</StdOut>
      </Output>
    </UnitTestResult>
    <UnitTestResult executionId="f1761e05-7327-4431-80fb-cecabac9b089" testId="e78d9291-d393-a0f2-7923-8957b9ea5ea8" testName="FootballWhoScoredTeamList" computerName="EC2AMAZ-JEOO151" duration="00:00:12.1660000" startTime="2019-07-11T18:05:06.0000000+00:00" endTime="2019-07-11T18:05:18.0000000+00:00" testType="13cdc9d9-ddb5-4fa4-a97d-d965ccfc6d4b" outcome="Passed" testListId="8c84fa94-04c1-424b-9868-57a2d4851a1d" relativeResultsDirectory="f1761e05-7327-4431-80fb-cecabac9b089">
      <Output>
        <StdOut>sandbox: PrepareForTestRun started.&#xD;
sandbox: football liveStatsApp != null: True &#xD;
sandbox: football liveStatsApp.IsProcessRunning: True &#xD;
sandbox: setupLocalData: localDatabaseProvider != null: True&#xD;
sandbox: applicationPages != null: True&#xD;
sandbox: applicationPages.Webdriver != null: True&#xD;
sandbox: finished setuping local data&#xD;
sandbox: PrepareForTestRun complete.&#xD;
Given Match started with kick off from existing game&#xD;
-&gt; done: SetupGameSteps.GivenMatchStartedWithKickOffButtonFromExistingGame() (3.2s)&#xD;
And I remembered current players on pitch shirt numbers&#xD;
-&gt; done: GoalEditSteps.GivenIRememberCurrentPlayersOnPitch() (1.6s)&#xD;
Given I add a goal for team 1 player 4 assisted by player 13&#xD;
Given action failed. Retrying after a timeout.&#xD;
-&gt; done: GoalSteps.GivenIAddAGoalForTeamPlayerAssistedByPlayer(1, 4, 13) (4.0s)&#xD;
And I click goal event in action log&#xD;
-&gt; done: ActionLogSteps.GivenIClickGoalEventInActionLog() (0.3s)&#xD;
And I click who scored player list button&#xD;
-&gt; done: GoalEditSteps.GivenIClickWhoScoredPlayerListButton() (0.1s)&#xD;
Then right active roster are shown&#xD;
-&gt; done: GoalEditSteps.ThenRightActiveRosterAreShown() (2.2s)&#xD;
sandbox: CleanUpAfterTestRun started.&#xD;
sandbox: application pages != null: True&#xD;
sandbox: web driver!= null: True&#xD;
sandbox: CleanUpAfterTestRun complete.</StdOut>
      </Output>
    </UnitTestResult>
    <UnitTestResult executionId="b9e0ffa3-a568-4f9d-949d-dc6f281be535" testId="65bd45d0-1646-705b-483f-3a01f5c153f1" testName="SelectTeamAndGoalTypeInGoalInsert(&quot;1&quot;,&quot;Right Foot&quot;,null)" computerName="EC2AMAZ-JEOO151" duration="00:00:16.6850000" startTime="2019-07-11T18:26:42.0000000+00:00" endTime="2019-07-11T18:26:59.0000000+00:00" testType="13cdc9d9-ddb5-4fa4-a97d-d965ccfc6d4b" outcome="Passed" testListId="8c84fa94-04c1-424b-9868-57a2d4851a1d" relativeResultsDirectory="b9e0ffa3-a568-4f9d-949d-dc6f281be535">
      <Output>
        <StdOut>sandbox: PrepareForTestRun started.&#xD;
sandbox: football liveStatsApp != null: True &#xD;
sandbox: football liveStatsApp.IsProcessRunning: True &#xD;
sandbox: setupLocalData: localDatabaseProvider != null: True&#xD;
sandbox: applicationPages != null: True&#xD;
sandbox: applicationPages.Webdriver != null: True&#xD;
sandbox: finished setuping local data&#xD;
sandbox: PrepareForTestRun complete.&#xD;
Given Match started with kick off from existing game&#xD;
-&gt; done: SetupGameSteps.GivenMatchStartedWithKickOffButtonFromExistingGame() (3.2s)&#xD;
And "Top right" corner added for Team 1&#xD;
Given action failed. Retrying after a timeout.&#xD;
-&gt; done: CornerSteps.GivenCornerAddedForTeam("Top right", 1) (3.2s)&#xD;
And "Yellow" Card for Team 1 is registered&#xD;
Given action failed. Retrying after a timeout.&#xD;
-&gt; done: CardSteps.GivenCardForTeamIsRegistered(Yellow, 1) (3.3s)&#xD;
And I clicked on latest "Corner" event in action log&#xD;
-&gt; done: ActionLogSteps.GivenIClickOnLatestEventInActionLog(Corner) (0.2s)&#xD;
And I entered new conceded event time of "0030"&#xD;
-&gt; done: EditFormSteps.GivenIEnterNewConcededEventTimeOf("0030") (0.9s)&#xD;
And I clicked Save button in action edit form&#xD;
-&gt; done: EditFormSteps.ClickSaveButtonInActionEditForm() (0.6s)&#xD;
And I remembered current players on pitch shirt numbers&#xD;
-&gt; done: GoalEditSteps.GivenIRememberCurrentPlayersOnPitch() (1.1s)&#xD;
When I click Expand Action log button&#xD;
-&gt; done: ActionLogSteps.WhenIClickExpandActionLogButton() (0.2s)&#xD;
And I click last action in expanded action log&#xD;
-&gt; done: ExpandedActionLogSteps.WhenIClickLastActionInExpandedActionLog() (0.1s)&#xD;
And I click insert after button in expanded action log&#xD;
-&gt; done: ExpandedActionLogSteps.WhenIClickInsertAfterButtonInExpandedActionLog() (0.1s)&#xD;
And I click insert Goal button in insert after dropdown&#xD;
-&gt; done: ExpandedActionLogSteps.WhenIClickInsertGoalButtonInInsertAfterDropdown() (0.1s)&#xD;
And I click "1" team in Goal by Team&#xD;
-&gt; done: GoalEditSteps.GivenIClickTeamInShotByTeam(1) (0.1s)&#xD;
And I click "goal" button in insert window&#xD;
-&gt; done: GoalEditSteps.GivenIClickShotResultGoalButton() (0.0s)&#xD;
And I click "shot type" button in insert window&#xD;
-&gt; done: GoalEditSteps.GivenIClickShotTypeButton() (0.0s)&#xD;
And I click "Right Foot" button in expanded shot type dialog&#xD;
-&gt; done: ExpandedShotTypeDialogSteps.GivenIClickButtonInExpandedShotTypeDialog("Right Foot") (0.2s)&#xD;
Then shot by team "1" button color is updated to "1" team color&#xD;
-&gt; done: GoalEditSteps.ThenShotByTeamColorIsUpdatedToTeamColor(1, 1) (0.0s)&#xD;
And "1" team players are visible in Who scored&#xD;
-&gt; done: GoalEditSteps.ThenTeamPlayersAreVisibleInWhoScored(1) (2.1s)&#xD;
And Shot type button is set to "Right Foot"&#xD;
-&gt; done: GoalEditSteps.ThenShotTypeButtonIsSetTo("Right Foot") (0.1s)&#xD;
And "shot type" button color is updated to team id "1" color&#xD;
-&gt; done: GoalEditSteps.ThenShotTypeButtonColorIsUpdatedToTeamIdColor(1) (0.1s)&#xD;
sandbox: CleanUpAfterTestRun started.&#xD;
sandbox: application pages != null: True&#xD;
sandbox: web driver!= null: True&#xD;
sandbox: CleanUpAfterTestRun complete.</StdOut>
      </Output>
    </UnitTestResult>
    <UnitTestResult executionId="fbe3bb6a-e80d-469c-a0e9-7f0dca0d9d2d" testId="cc05241f-4bb8-6f2c-4dcf-62a5e028f147" testName="SubstitutionFinished" computerName="EC2AMAZ-JEOO151" duration="00:00:06.4670000" startTime="2019-07-11T19:29:13.0000000+00:00" endTime="2019-07-11T19:29:20.0000000+00:00" testType="13cdc9d9-ddb5-4fa4-a97d-d965ccfc6d4b" outcome="Passed" testListId="8c84fa94-04c1-424b-9868-57a2d4851a1d" relativeResultsDirectory="fbe3bb6a-e80d-469c-a0e9-7f0dca0d9d2d">
      <Output>
        <StdOut>sandbox: PrepareForTestRun started.&#xD;
sandbox: football liveStatsApp != null: True &#xD;
sandbox: football liveStatsApp.IsProcessRunning: True &#xD;
sandbox: setupLocalData: localDatabaseProvider != null: True&#xD;
sandbox: applicationPages != null: True&#xD;
sandbox: applicationPages.Webdriver != null: True&#xD;
sandbox: finished setuping local data&#xD;
sandbox: PrepareForTestRun complete.&#xD;
Given Match started with kick off from existing game&#xD;
-&gt; done: SetupGameSteps.GivenMatchStartedWithKickOffButtonFromExistingGame() (3.3s)&#xD;
Given started substitution for team "1" in pitch view&#xD;
-&gt; done: SubstitutionSteps.WhenIClickSubBenchButtonInSubstitutionRecord(1) (0.5s)&#xD;
And player "25" for sub in and player "6" for sub out were selected from team "1"&#xD;
-&gt; done: SubstitutionSteps.WhenIChoosePlayerFromTeamForSubIn(25, 6, 1) (0.5s)&#xD;
When I click Save button in action edit form&#xD;
-&gt; done: EditFormSteps.ClickSaveButtonInActionEditForm() (0.8s)&#xD;
And I Click "yes" Button in substitution confirm dialog&#xD;
-&gt; done: SubstitutionSteps.WhenIClickYesInConfirmDialogButtonInSubstitutionRecord() (0.2s)&#xD;
Then Pitch View is shown&#xD;
-&gt; done: PitchScreenSteps.PitchViewIsShown() (0.1s)&#xD;
And Substitution action log item is created&#xD;
-&gt; done: ActionLogSteps.ThenSubstitutionActionLogItemIsCreated() (0.0s)&#xD;
And Substitution action log contains "SUB IN"&#xD;
-&gt; done: ActionLogSteps.ThenSubstitutionActionLogContains("SUB IN") (0.1s)&#xD;
And Substitution action log contains "SUB OUT"&#xD;
-&gt; done: ActionLogSteps.ThenSubstitutionActionLogContains("SUB OUT") (0.1s)&#xD;
And substitutions for team "2" button on pitch shows "3" remaining and "3" available subs&#xD;
-&gt; done: SubstitutionSteps.ThenSubsForTeamButtonOnPitchShowsCompletedAndAvailableSubs(2, 3, 3) (0.0s)&#xD;
And substitutions for team "1" button on pitch shows "2" remaining and "3" available subs&#xD;
-&gt; done: SubstitutionSteps.ThenSubsForTeamButtonOnPitchShowsCompletedAndAvailableSubs(1, 2, 3) (0.0s)&#xD;
sandbox: CleanUpAfterTestRun started.&#xD;
sandbox: application pages != null: True&#xD;
sandbox: web driver!= null: True&#xD;
sandbox: CleanUpAfterTestRun complete.</StdOut>
      </Output>
    </UnitTestResult>
    <UnitTestResult executionId="ba48abb3-9f8d-4e55-a855-70bdaf386d1b" testId="425efe76-0a8a-0dce-9ee8-9216b9bef0b1" testName="GivenPenaltyRegistered_WhenUpdatingPitchLocation_ThenLocationUpdated" computerName="EC2AMAZ-JEOO151" duration="00:00:12.7390000" startTime="2019-07-11T20:34:41.0000000+00:00" endTime="2019-07-11T20:34:53.0000000+00:00" testType="13cdc9d9-ddb5-4fa4-a97d-d965ccfc6d4b" outcome="Passed" testListId="8c84fa94-04c1-424b-9868-57a2d4851a1d" relativeResultsDirectory="ba48abb3-9f8d-4e55-a855-70bdaf386d1b">
      <Output>
        <StdOut>sandbox: PrepareForTestRun started.&#xD;
sandbox: football liveStatsApp != null: True &#xD;
sandbox: football liveStatsApp.IsProcessRunning: True &#xD;
sandbox: setupLocalData: localDatabaseProvider != null: True&#xD;
sandbox: applicationPages != null: True&#xD;
sandbox: applicationPages.Webdriver != null: True&#xD;
sandbox: finished setuping local data&#xD;
sandbox: PrepareForTestRun complete.&#xD;
Failed to find data-qa element with tag 'setPitchLocationButton'. No such element exception.&#xD;
sandbox: CleanUpAfterTestRun started.&#xD;
sandbox: application pages != null: True&#xD;
sandbox: web driver!= null: True&#xD;
sandbox: CleanUpAfterTestRun complete.</StdOut>
      </Output>
    </UnitTestResult>
    <UnitTestResult executionId="f46798e8-56a9-42c4-a78b-7e514b11b5ca" testId="5a3092e1-1ec3-2b89-26e7-4af89a879ff5" testName="GivenExpandedLog_WhenInsertingCardBeforeForCoach_ThenInsertedCorrectly(SecondYellow,&quot;second yellow card&quot;)" computerName="EC2AMAZ-JEOO151" duration="00:00:18.8620000" startTime="2019-07-11T20:48:36.0000000+00:00" endTime="2019-07-11T20:48:55.0000000+00:00" testType="13cdc9d9-ddb5-4fa4-a97d-d965ccfc6d4b" outcome="Passed" testListId="8c84fa94-04c1-424b-9868-57a2d4851a1d" relativeResultsDirectory="f46798e8-56a9-42c4-a78b-7e514b11b5ca">
      <Output>
        <StdOut>sandbox: PrepareForTestRun started.&#xD;
sandbox: football liveStatsApp != null: True &#xD;
sandbox: football liveStatsApp.IsProcessRunning: True &#xD;
sandbox: setupLocalData: localDatabaseProvider != null: True&#xD;
sandbox: applicationPages != null: True&#xD;
sandbox: applicationPages.Webdriver != null: True&#xD;
sandbox: finished setuping local data&#xD;
sandbox: PrepareForTestRun complete.&#xD;
Given action failed. Retrying after a timeout.&#xD;
Given action failed. Retrying after a timeout.&#xD;
Failed to find element with query '[data-qa='bookingEditScreen']'. Web driver timeout exception.&#xD;
sandbox: CleanUpAfterTestRun started.&#xD;
sandbox: application pages != null: True&#xD;
sandbox: web driver!= null: True&#xD;
sandbox: CleanUpAfterTestRun complete.</StdOut>
      </Output>
    </UnitTestResult>
    <UnitTestResult executionId="d8caa9d7-e0f5-408b-a5e8-2b8b99dc5957" testId="abd9c7b5-fcd9-2a51-d6ef-aa3432dc275c" testName="InsertCornerAfterOrBeforeLastEvent(&quot;before&quot;,&quot;0025&quot;,&quot;0026&quot;,&quot;00:25&quot;,&quot;2&quot;,&quot;2&quot;,&quot;bottom left&quot;,null)" computerName="EC2AMAZ-JEOO151" duration="00:00:16.4680000" startTime="2019-07-11T18:12:38.0000000+00:00" endTime="2019-07-11T18:12:54.0000000+00:00" testType="13cdc9d9-ddb5-4fa4-a97d-d965ccfc6d4b" outcome="Passed" testListId="8c84fa94-04c1-424b-9868-57a2d4851a1d" relativeResultsDirectory="d8caa9d7-e0f5-408b-a5e8-2b8b99dc5957">
      <Output>
        <StdOut>sandbox: PrepareForTestRun started.&#xD;
sandbox: football liveStatsApp != null: True &#xD;
sandbox: football liveStatsApp.IsProcessRunning: True &#xD;
sandbox: setupLocalData: localDatabaseProvider != null: True&#xD;
sandbox: applicationPages != null: True&#xD;
sandbox: applicationPages.Webdriver != null: True&#xD;
sandbox: finished setuping local data&#xD;
sandbox: PrepareForTestRun complete.&#xD;
Given Match started with kick off from existing game&#xD;
-&gt; done: SetupGameSteps.GivenMatchStartedWithKickOffButtonFromExistingGame() (3.3s)&#xD;
And "Yellow" Card for Team 1 is registered&#xD;
Given action failed. Retrying after a timeout.&#xD;
-&gt; done: CardSteps.GivenCardForTeamIsRegistered(Yellow, 1) (3.7s)&#xD;
And Throw in added for Team 1&#xD;
Given action failed. Retrying after a timeout.&#xD;
-&gt; done: ThrowInEditSteps.GivenThrowInAddedForTeam(1) (0.8s)&#xD;
And I clicked on latest "ThrowIn" event in action log&#xD;
-&gt; done: ActionLogSteps.GivenIClickOnLatestEventInActionLog(ThrowIn) (0.2s)&#xD;
And I entered new conceded event time of "0030"&#xD;
-&gt; done: EditFormSteps.GivenIEnterNewConcededEventTimeOf("0030") (1.0s)&#xD;
And I clicked Save button in action edit form&#xD;
-&gt; done: EditFormSteps.ClickSaveButtonInActionEditForm() (0.6s)&#xD;
When I click Expand Action log button&#xD;
-&gt; done: ActionLogSteps.WhenIClickExpandActionLogButton() (0.1s)&#xD;
And I insert "Corner" before last action in expanded action log&#xD;
-&gt; done: ExpandedActionLogSteps.WhenIInsertPenaltyBeforeLastActionInExpandedActionLog(Corner) (0.4s)&#xD;
And I enter new conceded event time of "0025"&#xD;
-&gt; done: EditFormSteps.GivenIEnterNewConcededEventTimeOf("0025") (1.0s)&#xD;
And I enter new taken event time of "0026"&#xD;
-&gt; done: EditFormSteps.GivenIEnterNewTakenEventTimeOf("0026") (1.0s)&#xD;
And I click Team 2 in edit screen&#xD;
-&gt; done: EditFormSteps.GivenIClickTeamInEditScreen(2) (0.1s)&#xD;
And I click "bottom left" corner of the pitch&#xD;
-&gt; done: CornerSteps.GivenIClickCornerOfThePitch("bottom left") (0.1s)&#xD;
And I click edit Corner taken Location button&#xD;
-&gt; done: CornerEditSteps.GivenIClickEditCornerTakenLocationButton() (0.1s)&#xD;
And I click on expanded pitch view x 50 y 50&#xD;
-&gt; done: ExpandedPitchPositionDialogSteps.GivenIClickOnExpandedPitchViewXY(50, 50) (0.1s)&#xD;
And I Click "Save" Button on expanded pitch view&#xD;
-&gt; done: ExpandedPitchPositionDialogSteps.GivenIClickButtonOnExpandedPitchInCornerEditWorkflow("Save") (0.1s)&#xD;
And I click Save button in action edit form&#xD;
-&gt; done: EditFormSteps.ClickSaveButtonInActionEditForm() (0.6s)&#xD;
Then corner insert view is not visible&#xD;
Failed to find element with query '[data-qa='cornerInEditScreen']'. Web driver timeout exception.&#xD;
-&gt; done: CornerEditSteps.ThenCornerInsertViewIsNotVisible() (2.0s)&#xD;
And "Corner" Action is displayed at 2 in expanded action log&#xD;
-&gt; done: ExpandedActionLogSteps.ThenGoalActionIsDisplayedAtInExpandedActionLog("Corner", 2) (0.0s)&#xD;
And Action at position 2 half is displayed as "H1"&#xD;
-&gt; done: ExpandedActionLogSteps.ThenActionAtPositionHalfIsDisplayedAs(2, "H1") (0.0s)&#xD;
And Action at position 2 time is displayed as "00:25"&#xD;
-&gt; done: ExpandedActionLogSteps.ThenActionAtPositionTimeIsDisplayedAs(2, "00:25") (0.0s)&#xD;
And Action at position 2 do not have first qualifier&#xD;
-&gt; done: ExpandedActionLogSteps.ThenActionAtPositionDoNotHaveFirstQualifier(2) (0.0s)&#xD;
And Action at position 2 do not have second qualifier&#xD;
-&gt; done: ExpandedActionLogSteps.ThenActionAtPositionDoNotHaveSecondQualifier(2) (0.0s)&#xD;
And Action at position 2 contains team 2 name&#xD;
-&gt; done: ExpandedActionLogSteps.ThenActionAtPositionContainsTeam(2, 2) (0.1s)&#xD;
And Action at position 2 do not have player&#xD;
-&gt; done: ExpandedActionLogSteps.ThenActionAtPositionDoNotHavePlayer(2) (0.0s)&#xD;
And Action at position 2 do not have score&#xD;
-&gt; done: ExpandedActionLogSteps.ThenActionAtPositionDoNotHaveScore(2) (0.0s)&#xD;
sandbox: CleanUpAfterTestRun started.&#xD;
sandbox: application pages != null: True&#xD;
sandbox: web driver!= null: True&#xD;
sandbox: CleanUpAfterTestRun complete.</StdOut>
      </Output>
    </UnitTestResult>
    <UnitTestResult executionId="faf44d5b-465c-49a9-a46b-6583f9a09ee2" testId="d094a225-3834-4cbf-cbf4-5fc26c8c5dab" testName="DataFromRecordedPenaltyIsDisplayed" computerName="EC2AMAZ-JEOO151" duration="00:00:11.3500000" startTime="2019-07-11T18:07:14.0000000+00:00" endTime="2019-07-11T18:07:25.0000000+00:00" testType="13cdc9d9-ddb5-4fa4-a97d-d965ccfc6d4b" outcome="Passed" testListId="8c84fa94-04c1-424b-9868-57a2d4851a1d" relativeResultsDirectory="faf44d5b-465c-49a9-a46b-6583f9a09ee2">
      <Output>
        <StdOut>sandbox: PrepareForTestRun started.&#xD;
sandbox: football liveStatsApp != null: True &#xD;
sandbox: football liveStatsApp.IsProcessRunning: True &#xD;
sandbox: setupLocalData: localDatabaseProvider != null: True&#xD;
sandbox: applicationPages != null: True&#xD;
sandbox: applicationPages.Webdriver != null: True&#xD;
sandbox: finished setuping local data&#xD;
sandbox: PrepareForTestRun complete.&#xD;
Given Match started with kick off from existing game&#xD;
-&gt; done: SetupGameSteps.GivenMatchStartedWithKickOffButtonFromExistingGame() (3.2s)&#xD;
And Made penalty registered for player with shirt number 10 of team 1 fouled by player with shirt number 3&#xD;
-&gt; done: PenaltySteps.GivenPenaltyRegisteredForTeam(10, 1, 3) (6.6s)&#xD;
And I click top event in action log&#xD;
-&gt; done: ActionLogSteps.GivenIClickPenaltyEventInActionLog() (0.3s)&#xD;
Then Penalty kick edit result is "Goal"&#xD;
-&gt; done: PenaltyEditSteps.ThenShotResultIsGoal() (0.1s)&#xD;
And Team 1 of edit screen is selected&#xD;
-&gt; done: EditFormSteps.ThenTeamOfEditScreenIsSelected(1) (0.0s)&#xD;
And Penalty edit reason is "Foul"&#xD;
-&gt; done: PenaltyEditSteps.ThenPenaltyReasonIsFoul() (0.0s)&#xD;
And Fouled player with shirt number 3 is selected in penalty edit&#xD;
-&gt; done: PenaltyEditSteps.ThenFouledPlayerWithShirtNumberIsSelected(3) (0.1s)&#xD;
And Penalty taker with shirt number 10 is selected in penalty edit&#xD;
-&gt; done: PenaltyEditSteps.ThenPenaltyTakerPlayerWithShirtNumberIsSelected(10) (0.1s)&#xD;
And Penalty edit retake count is equal to 0&#xD;
-&gt; done: PenaltyEditSteps.ThenRetakeCountIsEqualTo(0) (0.0s)&#xD;
And Save button is disabled in action edit form&#xD;
-&gt; done: EditFormSteps.SaveButtonIsDisabled() (0.0s)&#xD;
sandbox: CleanUpAfterTestRun started.&#xD;
sandbox: application pages != null: True&#xD;
sandbox: web driver!= null: True&#xD;
sandbox: CleanUpAfterTestRun complete.</StdOut>
      </Output>
    </UnitTestResult>
    <UnitTestResult executionId="7dfd6752-20e8-438c-8c75-7861e5eb06fb" testId="ed47db8f-937f-9158-5d29-e76be4779fd5" testName="GivenSeveralActionsRegistered_WhenFilteringByShirtId_ThenCorrectItemsReturned" computerName="EC2AMAZ-JEOO151" duration="00:00:16.8920000" startTime="2019-07-11T21:21:52.0000000+00:00" endTime="2019-07-11T21:22:09.0000000+00:00" testType="13cdc9d9-ddb5-4fa4-a97d-d965ccfc6d4b" outcome="Passed" testListId="8c84fa94-04c1-424b-9868-57a2d4851a1d" relativeResultsDirectory="7dfd6752-20e8-438c-8c75-7861e5eb06fb">
      <Output>
        <StdOut>sandbox: PrepareForTestRun started.&#xD;
sandbox: football liveStatsApp != null: True &#xD;
sandbox: football liveStatsApp.IsProcessRunning: True &#xD;
sandbox: setupLocalData: localDatabaseProvider != null: True&#xD;
sandbox: applicationPages != null: True&#xD;
sandbox: applicationPages.Webdriver != null: True&#xD;
sandbox: finished setuping local data&#xD;
sandbox: PrepareForTestRun complete.&#xD;
Given action failed. Retrying after a timeout.&#xD;
sandbox: CleanUpAfterTestRun started.&#xD;
sandbox: application pages != null: True&#xD;
sandbox: web driver!= null: True&#xD;
sandbox: CleanUpAfterTestRun complete.</StdOut>
      </Output>
    </UnitTestResult>
    <UnitTestResult executionId="dd046af1-12d4-4f80-93b4-14fbed872f72" testId="ecc3c336-73a1-207b-b118-01c7f31bd0f7" testName="DeleteCardAfterSelectingCoach(&quot;Red&quot;,&quot;Red&quot;,&quot;Red&quot;,null)" computerName="EC2AMAZ-JEOO151" duration="00:00:13.2480000" startTime="2019-07-11T18:53:27.0000000+00:00" endTime="2019-07-11T18:53:40.0000000+00:00" testType="13cdc9d9-ddb5-4fa4-a97d-d965ccfc6d4b" outcome="Passed" testListId="8c84fa94-04c1-424b-9868-57a2d4851a1d" relativeResultsDirectory="dd046af1-12d4-4f80-93b4-14fbed872f72">
      <Output>
        <StdOut>sandbox: PrepareForTestRun started.&#xD;
sandbox: football liveStatsApp != null: True &#xD;
sandbox: football liveStatsApp.IsProcessRunning: True &#xD;
sandbox: setupLocalData: localDatabaseProvider != null: True&#xD;
sandbox: applicationPages != null: True&#xD;
sandbox: applicationPages.Webdriver != null: True&#xD;
sandbox: finished setuping local data&#xD;
sandbox: PrepareForTestRun complete.&#xD;
Given Match started with kick off from existing game&#xD;
-&gt; done: SetupGameSteps.GivenMatchStartedWithKickOffButtonFromExistingGame() (3.3s)&#xD;
When I click on team 1 possible "Red"&#xD;
-&gt; done: TeamActionButtonSteps.StartPossibleCardRegistration(1, Red) (0.6s)&#xD;
And I click "Red" card button&#xD;
-&gt; done: TeamActionButtonSteps.WhenIClickCardButton("Red") (0.1s)&#xD;
And I confirm booking by clicking "Confirm" button&#xD;
-&gt; done: CardSteps.WhenIConfirmActionByClickingButton() (2.3s)&#xD;
And I choose coach from team 1 bench&#xD;
-&gt; done: PitchPlayersComponentSteps.SelectCoachForCard(1) (0.4s)&#xD;
And I cancel action workflow by clicking "Cancel &amp; Delete" button&#xD;
-&gt; done: WorkflowSteps.WhenICancelActionWorkflowByClickingButton() (0.5s)&#xD;
Then Pitch View is shown&#xD;
-&gt; done: PitchScreenSteps.PitchViewIsShown() (0.1s)&#xD;
And coach from team 1 is not marked with "Red" line&#xD;
Given action failed. Retrying after a timeout.&#xD;
Failed to find element with query 'redCardIndicator' under parent. No such element exception.&#xD;
-&gt; done: PitchPlayersComponentSteps.ThenCoachIsNotMarkedWithLine(1, Red) (5.2s)&#xD;
sandbox: CleanUpAfterTestRun started.&#xD;
sandbox: application pages != null: True&#xD;
sandbox: web driver!= null: True&#xD;
sandbox: CleanUpAfterTestRun complete.</StdOut>
      </Output>
    </UnitTestResult>
    <UnitTestResult executionId="2e4c2358-3bd9-4cbc-955b-2e212dd5bdf6" testId="9ff39c7b-55d3-feb0-e360-93e7964f2466" testName="InsertShotOffPenaltyShootoutKickWithSaveBefore" computerName="EC2AMAZ-JEOO151" duration="00:00:25.0660000" startTime="2019-07-11T18:38:08.0000000+00:00" endTime="2019-07-11T18:38:33.0000000+00:00" testType="13cdc9d9-ddb5-4fa4-a97d-d965ccfc6d4b" outcome="Passed" testListId="8c84fa94-04c1-424b-9868-57a2d4851a1d" relativeResultsDirectory="2e4c2358-3bd9-4cbc-955b-2e212dd5bdf6">
      <Output>
        <StdOut>sandbox: PrepareForTestRun started.&#xD;
sandbox: football liveStatsApp != null: True &#xD;
sandbox: football liveStatsApp.IsProcessRunning: True &#xD;
sandbox: setupLocalData: localDatabaseProvider != null: True&#xD;
sandbox: applicationPages != null: True&#xD;
sandbox: applicationPages.Webdriver != null: True&#xD;
sandbox: finished setuping local data&#xD;
sandbox: PrepareForTestRun complete.&#xD;
Given penalty shoot-out phase started&#xD;
-&gt; done: PitchClockSteps.GivenGamePenaltyShoot_OutPhaseStarted() (14.9s)&#xD;
And I remembered current players on pitch shirt numbers&#xD;
-&gt; done: GoalEditSteps.GivenIRememberCurrentPlayersOnPitch() (1.2s)&#xD;
And I recorded penalty shoot-out kick "Goal" for team 2 player with shirt number 1&#xD;
-&gt; done: PenaltyShootoutSteps.WhenIRecordPenaltyShoot_OutKickGoalForTeamPlayerWithShirtNumber(2, 1) (2.7s)&#xD;
When I click Expand Action log button&#xD;
-&gt; done: ActionLogSteps.WhenIClickExpandActionLogButton() (0.3s)&#xD;
And I insert "PenaltyShootoutKick" before last action in expanded action log&#xD;
-&gt; done: ExpandedActionLogSteps.WhenIInsertPenaltyBeforeLastActionInExpandedActionLog(PenaltyShootoutKick) (0.3s)&#xD;
And I choose player with number 6 from team 1 as penalty taker&#xD;
-&gt; done: PenaltyShootoutEditSteps.WhenIChoosePlayerWithNumberFromTeamAsPenaltyTaker(6, 1) (0.5s)&#xD;
And I click on miss off target result in penalty edit&#xD;
-&gt; done: PenaltyEditSteps.WhenIClickOnMissOffTargetPenaltyResult() (0.1s)&#xD;
And I click on goalkeeper saved in penalty edit&#xD;
-&gt; done: PenaltyEditSteps.WhenIClickOnGoalkeeperSavedPenaltyKick() (0.1s)&#xD;
And I add "out top right" shot location in net section&#xD;
-&gt; done: PenaltyShootoutEditSteps.WhenIAddShotLocationInNetSection("out top right") (0.3s)&#xD;
And I set penalty retake count to 1 in penalty edit&#xD;
-&gt; done: PenaltyEditSteps.WhenISetRetakeCountTo(1) (0.1s)&#xD;
And I click Save button in action edit form&#xD;
-&gt; done: EditFormSteps.ClickSaveButtonInActionEditForm() (0.6s)&#xD;
Then penalty shootout kick insert view is not visible&#xD;
Failed to find element with query '[data-qa='penaltyShootoutEditScreen']'. Web driver timeout exception.&#xD;
-&gt; done: PenaltyShootoutEditSteps.ThenPenaltyShootoutKickInsertViewIsNotVisible() (2.0s)&#xD;
And "Save by GK" Action is displayed at 3 in expanded action log&#xD;
-&gt; done: ExpandedActionLogSteps.ThenGoalActionIsDisplayedAtInExpandedActionLog("Save by GK", 3) (0.0s)&#xD;
And at 3 position action time is "90:00" in "PSO" half&#xD;
-&gt; done: ExpandedActionLogSteps.ThenAtPositionActionTimeIsInHalf(3, "90:00", "PSO") (0.1s)&#xD;
And at 3 position action has no qualifiers&#xD;
-&gt; done: ExpandedActionLogSteps.ThenAtPositionActionHasNoQualifiers(3) (0.1s)&#xD;
And at 3 position action displays team 2 with no player&#xD;
-&gt; done: ExpandedActionLogSteps.ThenAtPositionActionDisplaysTeamWithNoPlayer(3, 2) (0.1s)&#xD;
And Action at position 3 do not have score&#xD;
-&gt; done: ExpandedActionLogSteps.ThenActionAtPositionDoNotHaveScore(3) (0.0s)&#xD;
And "Penalty Shootout Kick" Action is displayed at 4 in expanded action log&#xD;
-&gt; done: ExpandedActionLogSteps.ThenGoalActionIsDisplayedAtInExpandedActionLog("Penalty Shootout ...", 4) (0.0s)&#xD;
And at 4 position action time is "90:00" in "PSO" half&#xD;
-&gt; done: ExpandedActionLogSteps.ThenAtPositionActionTimeIsInHalf(4, "90:00", "PSO") (0.1s)&#xD;
And at 4 position action has no qualifiers&#xD;
-&gt; done: ExpandedActionLogSteps.ThenAtPositionActionHasNoQualifiers(4) (0.1s)&#xD;
And at 4 position action displays player with number 6 from team 1&#xD;
-&gt; done: ExpandedActionLogSteps.ThenActionAtPositionPlayerIsDisplayedAs(4, 6, 1) (0.1s)&#xD;
And Action at position 4 do not have score&#xD;
-&gt; done: ExpandedActionLogSteps.ThenActionAtPositionDoNotHaveScore(4) (0.0s)&#xD;
sandbox: CleanUpAfterTestRun started.&#xD;
sandbox: application pages != null: True&#xD;
sandbox: web driver!= null: True&#xD;
sandbox: CleanUpAfterTestRun complete.</StdOut>
      </Output>
    </UnitTestResult>
    <UnitTestResult executionId="44c46a4c-8a63-421f-a6ba-045ac2e67254" testId="8bc7ae59-2fda-0585-d8e3-ba263855489b" testName="GivenGameInProgress_WhenRecordingThrowIn_ThenActionCompleted" computerName="EC2AMAZ-JEOO151" duration="00:00:06.6220000" startTime="2019-07-11T21:14:16.0000000+00:00" endTime="2019-07-11T21:14:22.0000000+00:00" testType="13cdc9d9-ddb5-4fa4-a97d-d965ccfc6d4b" outcome="Passed" testListId="8c84fa94-04c1-424b-9868-57a2d4851a1d" relativeResultsDirectory="44c46a4c-8a63-421f-a6ba-045ac2e67254">
      <Output>
        <StdOut>sandbox: PrepareForTestRun started.&#xD;
sandbox: football liveStatsApp != null: True &#xD;
sandbox: football liveStatsApp.IsProcessRunning: True &#xD;
sandbox: setupLocalData: localDatabaseProvider != null: True&#xD;
sandbox: applicationPages != null: True&#xD;
sandbox: applicationPages.Webdriver != null: True&#xD;
sandbox: finished setuping local data&#xD;
sandbox: PrepareForTestRun complete.&#xD;
Given action failed. Retrying after a timeout.&#xD;
sandbox: CleanUpAfterTestRun started.&#xD;
sandbox: application pages != null: True&#xD;
sandbox: web driver!= null: True&#xD;
sandbox: CleanUpAfterTestRun complete.</StdOut>
      </Output>
    </UnitTestResult>
    <UnitTestResult executionId="47955732-f12e-450b-9cfc-806478ceb191" testId="17f39ca0-4cc1-897c-e6b0-64ee7aecd8d4" testName="GivenHalfTimeReportsOpened_ThenInteractionsWithReportAreAvailable" computerName="EC2AMAZ-JEOO151" duration="00:00:06.3520000" startTime="2019-07-11T21:45:24.0000000+00:00" endTime="2019-07-11T21:45:30.0000000+00:00" testType="13cdc9d9-ddb5-4fa4-a97d-d965ccfc6d4b" outcome="Passed" testListId="8c84fa94-04c1-424b-9868-57a2d4851a1d" relativeResultsDirectory="47955732-f12e-450b-9cfc-806478ceb191">
      <Output>
        <StdOut>sandbox: PrepareForTestRun started.&#xD;
sandbox: football liveStatsApp != null: True &#xD;
sandbox: football liveStatsApp.IsProcessRunning: True &#xD;
sandbox: setupLocalData: localDatabaseProvider != null: True&#xD;
sandbox: applicationPages != null: True&#xD;
sandbox: applicationPages.Webdriver != null: True&#xD;
sandbox: finished setuping local data&#xD;
sandbox: PrepareForTestRun complete.&#xD;
sandbox: CleanUpAfterTestRun started.&#xD;
sandbox: application pages != null: True&#xD;
sandbox: web driver!= null: True&#xD;
sandbox: CleanUpAfterTestRun complete.</StdOut>
      </Output>
    </UnitTestResult>
    <UnitTestResult executionId="3de23268-5593-4b2e-a518-47e437859f1c" testId="d02cad35-b3bf-84f4-3c6a-ee5653bc6872" testName="GivenExpandedLog_WhenInsertingCardAfterForCoach_ThenInsertedCorrectly" computerName="EC2AMAZ-JEOO151" duration="00:00:18.7080000" startTime="2019-07-11T20:46:40.0000000+00:00" endTime="2019-07-11T20:46:59.0000000+00:00" testType="13cdc9d9-ddb5-4fa4-a97d-d965ccfc6d4b" outcome="Passed" testListId="8c84fa94-04c1-424b-9868-57a2d4851a1d" relativeResultsDirectory="3de23268-5593-4b2e-a518-47e437859f1c">
      <Output>
        <StdOut>sandbox: PrepareForTestRun started.&#xD;
sandbox: football liveStatsApp != null: True &#xD;
sandbox: football liveStatsApp.IsProcessRunning: True &#xD;
sandbox: setupLocalData: localDatabaseProvider != null: True&#xD;
sandbox: applicationPages != null: True&#xD;
sandbox: applicationPages.Webdriver != null: True&#xD;
sandbox: finished setuping local data&#xD;
sandbox: PrepareForTestRun complete.&#xD;
Given action failed. Retrying after a timeout.&#xD;
Given action failed. Retrying after a timeout.&#xD;
Failed to find element with query '[data-qa='bookingEditScreen']'. Web driver timeout exception.&#xD;
sandbox: CleanUpAfterTestRun started.&#xD;
sandbox: application pages != null: True&#xD;
sandbox: web driver!= null: True&#xD;
sandbox: CleanUpAfterTestRun complete.</StdOut>
      </Output>
    </UnitTestResult>
    <UnitTestResult executionId="a4ad19c6-9423-4c5c-8498-7ba003c8d949" testId="93787c08-48b9-8a4f-2129-c6d0b65007ed" testName="SelectOtherCornerZone" computerName="EC2AMAZ-JEOO151" duration="00:00:08.2810000" startTime="2019-07-11T17:51:44.0000000+00:00" endTime="2019-07-11T17:51:53.0000000+00:00" testType="13cdc9d9-ddb5-4fa4-a97d-d965ccfc6d4b" outcome="Passed" testListId="8c84fa94-04c1-424b-9868-57a2d4851a1d" relativeResultsDirectory="a4ad19c6-9423-4c5c-8498-7ba003c8d949">
      <Output>
        <StdOut>sandbox: PrepareForTestRun started.&#xD;
sandbox: football liveStatsApp != null: True &#xD;
sandbox: football liveStatsApp.IsProcessRunning: True &#xD;
sandbox: setupLocalData: localDatabaseProvider != null: True&#xD;
sandbox: applicationPages != null: True&#xD;
sandbox: applicationPages.Webdriver != null: True&#xD;
sandbox: finished setuping local data&#xD;
sandbox: PrepareForTestRun complete.&#xD;
Given Match started with kick off from existing game&#xD;
-&gt; done: SetupGameSteps.GivenMatchStartedWithKickOffButtonFromExistingGame() (3.3s)&#xD;
And "Top right" corner added for Team 1&#xD;
-&gt; done: CornerSteps.GivenCornerAddedForTeam("Top right", 1) (3.1s)&#xD;
Given I clicked on latest "Corner" event in action log&#xD;
-&gt; done: ActionLogSteps.GivenIClickOnLatestEventInActionLog(Corner) (0.2s)&#xD;
And I click "bottom right" corner of the pitch&#xD;
-&gt; done: CornerSteps.GivenIClickCornerOfThePitch("bottom right") (0.1s)&#xD;
And I clicked Save button in action edit form&#xD;
-&gt; done: EditFormSteps.ClickSaveButtonInActionEditForm() (0.6s)&#xD;
And I clicked on latest "Corner" event in action log&#xD;
-&gt; done: ActionLogSteps.GivenIClickOnLatestEventInActionLog(Corner) (0.1s)&#xD;
Then "bottom right" corner selection is visible&#xD;
-&gt; done: CornerEditSteps.ThenCornerSelectionIsVisible("bottom right") (0.0s)&#xD;
And "bottom right" corner is selected in corner edit&#xD;
-&gt; done: CornerEditSteps.ThenCornerIsSelected("bottom right") (0.0s)&#xD;
sandbox: CleanUpAfterTestRun started.&#xD;
sandbox: application pages != null: True&#xD;
sandbox: web driver!= null: True&#xD;
sandbox: CleanUpAfterTestRun complete.</StdOut>
      </Output>
    </UnitTestResult>
    <UnitTestResult executionId="272cff2a-81a3-44f3-9c52-becf4e208a6d" testId="14449155-8246-e515-9c32-6e90ecf9ad48" testName="GivenGameWithCornerInFirstHalf_WhenEditingCornerWhileInSecondHalf_ThenCanSaveData" computerName="EC2AMAZ-JEOO151" duration="00:00:13.4480000" startTime="2019-07-11T20:29:33.0000000+00:00" endTime="2019-07-11T20:29:46.0000000+00:00" testType="13cdc9d9-ddb5-4fa4-a97d-d965ccfc6d4b" outcome="Passed" testListId="8c84fa94-04c1-424b-9868-57a2d4851a1d" relativeResultsDirectory="272cff2a-81a3-44f3-9c52-becf4e208a6d">
      <Output>
        <StdOut>sandbox: PrepareForTestRun started.&#xD;
sandbox: football liveStatsApp != null: True &#xD;
sandbox: football liveStatsApp.IsProcessRunning: True &#xD;
sandbox: setupLocalData: localDatabaseProvider != null: True&#xD;
sandbox: applicationPages != null: True&#xD;
sandbox: applicationPages.Webdriver != null: True&#xD;
sandbox: finished setuping local data&#xD;
sandbox: PrepareForTestRun complete.&#xD;
Failed to find element with query '[data-qa='cornerInEditScreen']'. Web driver timeout exception.&#xD;
sandbox: CleanUpAfterTestRun started.&#xD;
sandbox: application pages != null: True&#xD;
sandbox: web driver!= null: True&#xD;
sandbox: CleanUpAfterTestRun complete.</StdOut>
      </Output>
    </UnitTestResult>
    <UnitTestResult executionId="d3a4ddd3-22bf-4f68-af34-8645e91e588f" testId="149e8c0e-952f-9dba-6af1-9db3f14e53ba" testName="RecordVAROverturnForPenaltyShoot_OutKickStep1" computerName="EC2AMAZ-JEOO151" duration="00:00:20.1850000" startTime="2019-07-11T19:56:39.0000000+00:00" endTime="2019-07-11T19:56:59.0000000+00:00" testType="13cdc9d9-ddb5-4fa4-a97d-d965ccfc6d4b" outcome="Passed" testListId="8c84fa94-04c1-424b-9868-57a2d4851a1d" relativeResultsDirectory="d3a4ddd3-22bf-4f68-af34-8645e91e588f">
      <Output>
        <StdOut>sandbox: PrepareForTestRun started.&#xD;
sandbox: football liveStatsApp != null: True &#xD;
sandbox: football liveStatsApp.IsProcessRunning: True &#xD;
sandbox: setupLocalData: localDatabaseProvider != null: True&#xD;
sandbox: applicationPages != null: True&#xD;
sandbox: applicationPages.Webdriver != null: True&#xD;
sandbox: finished setuping local data&#xD;
sandbox: PrepareForTestRun complete.&#xD;
Given Game is kicked of with No. of subs set to 1 and Period Length to 45 and Extra Time set to false and Penalty Shoot-Out set to true&#xD;
-&gt; done: SetupGameSteps.GivenGameIsKickedOfWithNoOfPeriodsSetToAndPeriodLengthToAndExtraTimeSetToFalse(1, 45, False, True) (8.8s)&#xD;
And Clock minutes value is set to "44"&#xD;
-&gt; done: PitchClockSteps.WhenISetClockMinutesValueTo(44) (1.5s)&#xD;
When I finish and proceed to next phase&#xD;
-&gt; done: PitchClockSteps.WhenIFinishAndProceedToNextPhase() (3.1s)&#xD;
And I set clock minutes value to "90"&#xD;
-&gt; done: PitchClockSteps.WhenISetClockMinutesValueTo(90) (1.4s)&#xD;
And I finish and proceed to next phase&#xD;
-&gt; done: PitchClockSteps.WhenIFinishAndProceedToNextPhase() (2.9s)&#xD;
When I click on team 2 player on pitch with shirt number 4&#xD;
-&gt; done: PitchPlayersComponentSteps.WhenIClickOnTeamPlayerOnPitchWithShirtNumber(2, 4) (0.3s)&#xD;
And I click "Possible VAR" Button&#xD;
-&gt; done: WorkflowSteps.WhenIClickButton() (0.2s)&#xD;
And I click "No" button in confirmation dialog&#xD;
-&gt; done: WorkflowSteps.WhenIClickNoButtonInConfirmationDialog() (0.2s)&#xD;
Then VAR label is shown in PenaltyShootout event action log&#xD;
-&gt; done: ActionLogSteps.ThenOffenceIsShownInPenaltyEventActionLog("VAR", PenaltyShootout) (0.2s)&#xD;
And VAR label of "PenaltyShootout" event in action log is in team 2 color&#xD;
-&gt; done: ActionLogSteps.ThenSubItemOfEventInActionLogIsInTeamColor("VAR", PenaltyShootout, 2) (0.1s)&#xD;
And VAR label of "PenaltyShootout" event in action log contains "Penalty Overturned" message&#xD;
-&gt; done: ActionLogSteps.ThenSubItemOfEventInActionLogIsInTeamColor("VAR", PenaltyShootout, "Penalty Overturned") (0.1s)&#xD;
And Latest "PenaltyShootout" event is in progress&#xD;
-&gt; done: ActionLogSteps.ThenLatestEventInProgress(PenaltyShootout) (0.0s)&#xD;
And Penalty shootout table is visible on pitch screen for team 1&#xD;
-&gt; done: PenaltyShootoutSteps.ThenPenaltyShootoutTableIsVisibleOnPitchScreenForTeam(1) (0.0s)&#xD;
And Penalty shootout table is visible on pitch screen for team 2&#xD;
-&gt; done: PenaltyShootoutSteps.ThenPenaltyShootoutTableIsVisibleOnPitchScreenForTeam(2) (0.0s)&#xD;
sandbox: CleanUpAfterTestRun started.&#xD;
sandbox: application pages != null: True&#xD;
sandbox: web driver!= null: True&#xD;
sandbox: CleanUpAfterTestRun complete.</StdOut>
      </Output>
    </UnitTestResult>
    <UnitTestResult executionId="6e902b7c-aaf1-4d95-ae28-79621e5e84f6" testId="1fc26733-9404-611e-7ed7-10decf09dc8c" testName="CannotEditInjuryTimeInPeriodBreak(&quot;before&quot;,&quot;PhaseStart&quot;,null)" computerName="EC2AMAZ-JEOO151" duration="00:00:09.0360000" startTime="2019-07-11T18:42:09.0000000+00:00" endTime="2019-07-11T18:42:18.0000000+00:00" testType="13cdc9d9-ddb5-4fa4-a97d-d965ccfc6d4b" outcome="Passed" testListId="8c84fa94-04c1-424b-9868-57a2d4851a1d" relativeResultsDirectory="6e902b7c-aaf1-4d95-ae28-79621e5e84f6">
      <Output>
        <StdOut>sandbox: PrepareForTestRun started.&#xD;
sandbox: football liveStatsApp != null: True &#xD;
sandbox: football liveStatsApp.IsProcessRunning: True &#xD;
sandbox: setupLocalData: localDatabaseProvider != null: True&#xD;
sandbox: applicationPages != null: True&#xD;
sandbox: applicationPages.Webdriver != null: True&#xD;
sandbox: finished setuping local data&#xD;
sandbox: PrepareForTestRun complete.&#xD;
Given Second period started from existing game&#xD;
-&gt; done: SetupGameSteps.GivenSecondPeriodStartedFromExistingGame() (6.5s)&#xD;
When I click Expand Action log button&#xD;
-&gt; done: ActionLogSteps.WhenIClickExpandActionLogButton() (0.3s)&#xD;
And I insert "Injury" before "PhaseStart"&#xD;
-&gt; done: ExpandedActionLogSteps.WhenIInsertBefore(Injury, PhaseStart) (0.3s)&#xD;
And I click off-pitch&#xD;
-&gt; done: PlayerInjuryEditSteps.WhenIClickOffPitchInjury() (0.1s)&#xD;
And I update injury with team 1, player 4 in edit window&#xD;
-&gt; done: PlayerInjuryEditSteps.WhenIUpdateInjuryWithTeamPlayer(1, 4) (0.3s)&#xD;
And I click Save button in action edit form&#xD;
-&gt; done: EditFormSteps.ClickSaveButtonInActionEditForm() (0.6s)&#xD;
And I open last "Injury" action edit view from expanded action log&#xD;
-&gt; done: ExpandedActionLogSteps.WhenIOpenLastActionEditViewFromExpandedActionLog(Injury) (0.1s)&#xD;
Then I cannot edit action time&#xD;
-&gt; done: EditFormSteps.ThenICannotEditActionTime() (0.0s)&#xD;
sandbox: CleanUpAfterTestRun started.&#xD;
sandbox: application pages != null: True&#xD;
sandbox: web driver!= null: True&#xD;
sandbox: CleanUpAfterTestRun complete.</StdOut>
      </Output>
    </UnitTestResult>
    <UnitTestResult executionId="4b1d38b4-b969-4a4d-8e75-90be0fd0007e" testId="98cee799-1173-1f51-c0c5-0aa687288212" testName="PenaltyStarted(&quot;2&quot;,&quot;1&quot;,null)" computerName="EC2AMAZ-JEOO151" duration="00:00:05.9840000" startTime="2019-07-11T19:09:12.0000000+00:00" endTime="2019-07-11T19:09:18.0000000+00:00" testType="13cdc9d9-ddb5-4fa4-a97d-d965ccfc6d4b" outcome="Passed" testListId="8c84fa94-04c1-424b-9868-57a2d4851a1d" relativeResultsDirectory="4b1d38b4-b969-4a4d-8e75-90be0fd0007e">
      <Output>
        <StdOut>sandbox: PrepareForTestRun started.&#xD;
sandbox: football liveStatsApp != null: True &#xD;
sandbox: football liveStatsApp.IsProcessRunning: True &#xD;
sandbox: setupLocalData: localDatabaseProvider != null: True&#xD;
sandbox: applicationPages != null: True&#xD;
sandbox: applicationPages.Webdriver != null: True&#xD;
sandbox: finished setuping local data&#xD;
sandbox: PrepareForTestRun complete.&#xD;
Given Match started with kick off from existing game&#xD;
-&gt; done: SetupGameSteps.GivenMatchStartedWithKickOffButtonFromExistingGame() (3.3s)&#xD;
When I click "Possible Penalty" button for team 2&#xD;
-&gt; done: TeamActionButtonSteps.GivenIClickPossiblePenaltyButtonForTeam(2) (0.6s)&#xD;
Then Penalty event for team 2 is created in action log&#xD;
-&gt; done: ActionLogSteps.ThenPenaltyEventForTeamIsCreatedInActionLog(2) (0.2s)&#xD;
And "Penalty" confirmation dialog is visible&#xD;
-&gt; done: PenaltySteps.ThenPenaltyConfirmationDialogIsVisible() (0.0s)&#xD;
And Latest "Penalty" event is highlighted&#xD;
-&gt; done: ActionLogSteps.ThenCardEventIsHighlighted(Penalty) (0.0s)&#xD;
And "Confirm" button is shown in penalty confirmation dialog&#xD;
-&gt; done: PenaltySteps.ThenButtonIsShownInCornerConfirmationDialog("Confirm") (0.0s)&#xD;
And "Cancel &amp; Delete" button is shown in penalty confirmation dialog&#xD;
-&gt; done: PenaltySteps.ThenButtonIsShownInCornerConfirmationDialog("Cancel &amp; Delete") (0.0s)&#xD;
And Team 2 is shown in Penalty label of "Penalty" event in action log&#xD;
-&gt; done: ActionLogSteps.ThenTeamIsShownInSubItemOfEventInActionLog(2, "Penalty", Penalty) (0.1s)&#xD;
And All action buttons except card and goal buttons are disabled for both teams&#xD;
-&gt; done: TeamActionButtonSteps.ThenAllActionButtonsExceptCardAndGoalButtonsAreDisabledForBothTeams() (0.6s)&#xD;
And penalty action button is selected for team "2"&#xD;
-&gt; done: TeamActionButtonSteps.ThenPenaltyActionButtonIsSelected(2) (0.0s)&#xD;
And team 2 players are disabled&#xD;
-&gt; done: PitchPlayersComponentSteps.ThenTeamPlayersAreDisabled(2) (0.1s)&#xD;
And team 1 players are disabled&#xD;
-&gt; done: PitchPlayersComponentSteps.ThenTeamPlayersAreDisabled(1) (0.1s)&#xD;
sandbox: CleanUpAfterTestRun started.&#xD;
sandbox: application pages != null: True&#xD;
sandbox: web driver!= null: True&#xD;
sandbox: CleanUpAfterTestRun complete.</StdOut>
      </Output>
    </UnitTestResult>
    <UnitTestResult executionId="f055d48f-b869-42f1-b59f-56edc25389d7" testId="82d91444-8c71-e007-2855-3331e4c7f17f" testName="GivenThrowInEditOpen_WhenChangingTeamAndSaving_ThenUpdatesThrowIn" computerName="EC2AMAZ-JEOO151" duration="00:00:08.9150000" startTime="2019-07-11T20:45:19.0000000+00:00" endTime="2019-07-11T20:45:28.0000000+00:00" testType="13cdc9d9-ddb5-4fa4-a97d-d965ccfc6d4b" outcome="Passed" testListId="8c84fa94-04c1-424b-9868-57a2d4851a1d" relativeResultsDirectory="f055d48f-b869-42f1-b59f-56edc25389d7">
      <Output>
        <StdOut>sandbox: PrepareForTestRun started.&#xD;
sandbox: football liveStatsApp != null: True &#xD;
sandbox: football liveStatsApp.IsProcessRunning: True &#xD;
sandbox: setupLocalData: localDatabaseProvider != null: True&#xD;
sandbox: applicationPages != null: True&#xD;
sandbox: applicationPages.Webdriver != null: True&#xD;
sandbox: finished setuping local data&#xD;
sandbox: PrepareForTestRun complete.&#xD;
Given action failed. Retrying after a timeout.&#xD;
Failed to find data-qa element with tag 'setPitchLocationButton'. No such element exception.&#xD;
sandbox: CleanUpAfterTestRun started.&#xD;
sandbox: application pages != null: True&#xD;
sandbox: web driver!= null: True&#xD;
sandbox: CleanUpAfterTestRun complete.</StdOut>
      </Output>
    </UnitTestResult>
    <UnitTestResult executionId="793d88fc-f9cb-48c0-b429-3ece0dbf8904" testId="ac8989ab-4506-2967-44b3-351b0a721ca6" testName="DeletingInjuryUnflagsFlaggedContainer" computerName="EC2AMAZ-JEOO151" duration="00:00:11.3310000" startTime="2019-07-11T19:47:40.0000000+00:00" endTime="2019-07-11T19:47:51.0000000+00:00" testType="13cdc9d9-ddb5-4fa4-a97d-d965ccfc6d4b" outcome="Passed" testListId="8c84fa94-04c1-424b-9868-57a2d4851a1d" relativeResultsDirectory="793d88fc-f9cb-48c0-b429-3ece0dbf8904">
      <Output>
        <StdOut>sandbox: PrepareForTestRun started.&#xD;
sandbox: football liveStatsApp != null: True &#xD;
sandbox: football liveStatsApp.IsProcessRunning: True &#xD;
sandbox: setupLocalData: localDatabaseProvider != null: True&#xD;
sandbox: applicationPages != null: True&#xD;
sandbox: applicationPages.Webdriver != null: True&#xD;
sandbox: finished setuping local data&#xD;
sandbox: PrepareForTestRun complete.&#xD;
Given Match started with kick off from existing game&#xD;
-&gt; done: SetupGameSteps.GivenMatchStartedWithKickOffButtonFromExistingGame() (3.3s)&#xD;
And I remembered current players on pitch shirt numbers&#xD;
-&gt; done: GoalEditSteps.GivenIRememberCurrentPlayersOnPitch() (1.6s)&#xD;
Given Injury for Team 1 player with shirt id 4 is registered&#xD;
-&gt; done: PlayerInjuryEditSteps.GivenInjuryForTeamIsRegistered(1, 4) (0.4s)&#xD;
And expanded action log is opened&#xD;
-&gt; done: ActionLogSteps.WhenIClickExpandActionLogButton() (0.3s)&#xD;
When I insert Goal after last action in expanded action log from "1" team with player with shirt number "4"&#xD;
-&gt; done: GoalSteps.WhenIInsertGoalAfterLastActionInExpandedActionLogFromTeamWithScorerWithShirtAndNoAssist(1, 4) (2.2s)&#xD;
And I close expanded action log page&#xD;
-&gt; done: ExpandedActionLogSteps.WhenICloseExpandedActionLogPage() (0.1s)&#xD;
And I delete latest "Injury" action&#xD;
-&gt; done: ActionLogSteps.WhenIDeleteLatestGoal(Injury) (2.5s)&#xD;
Then 1 event in action log of type "Goal" is not flagged&#xD;
-&gt; done: ActionLogSteps.ThenEventInActionLogOfTypeIsNotFlagged(1, Goal) (0.0s)&#xD;
sandbox: CleanUpAfterTestRun started.&#xD;
sandbox: application pages != null: True&#xD;
sandbox: web driver!= null: True&#xD;
sandbox: CleanUpAfterTestRun complete.</StdOut>
      </Output>
    </UnitTestResult>
    <UnitTestResult executionId="d1bd4d31-1427-4ddf-8b72-b27b071baae8" testId="13a38238-ac94-d2b9-556a-5b92f34e033c" testName="GivenGoalLocationSelected_WhenDeclaringVar_ThenVarOptionPrompted" computerName="EC2AMAZ-JEOO151" duration="00:00:08.0510000" startTime="2019-07-11T21:46:38.0000000+00:00" endTime="2019-07-11T21:46:47.0000000+00:00" testType="13cdc9d9-ddb5-4fa4-a97d-d965ccfc6d4b" outcome="Passed" testListId="8c84fa94-04c1-424b-9868-57a2d4851a1d" relativeResultsDirectory="d1bd4d31-1427-4ddf-8b72-b27b071baae8">
      <Output>
        <StdOut>sandbox: PrepareForTestRun started.&#xD;
sandbox: football liveStatsApp != null: True &#xD;
sandbox: football liveStatsApp.IsProcessRunning: True &#xD;
sandbox: setupLocalData: localDatabaseProvider != null: True&#xD;
sandbox: applicationPages != null: True&#xD;
sandbox: applicationPages.Webdriver != null: True&#xD;
sandbox: finished setuping local data&#xD;
sandbox: PrepareForTestRun complete.&#xD;
Given action failed. Retrying after a timeout.&#xD;
sandbox: CleanUpAfterTestRun started.&#xD;
sandbox: application pages != null: True&#xD;
sandbox: web driver!= null: True&#xD;
sandbox: CleanUpAfterTestRun complete.</StdOut>
      </Output>
    </UnitTestResult>
    <UnitTestResult executionId="febba8e4-7968-427d-8bcd-e9eb1983a920" testId="95134662-59a9-f0ec-1416-338af46c8e81" testName="GivenShotRegistered_WhenUpdatingTeam_ThenShotUpdatedInEditForm" computerName="EC2AMAZ-JEOO151" duration="00:00:07.1830000" startTime="2019-07-11T20:43:51.0000000+00:00" endTime="2019-07-11T20:43:59.0000000+00:00" testType="13cdc9d9-ddb5-4fa4-a97d-d965ccfc6d4b" outcome="Passed" testListId="8c84fa94-04c1-424b-9868-57a2d4851a1d" relativeResultsDirectory="febba8e4-7968-427d-8bcd-e9eb1983a920">
      <Output>
        <StdOut>sandbox: PrepareForTestRun started.&#xD;
sandbox: football liveStatsApp != null: True &#xD;
sandbox: football liveStatsApp.IsProcessRunning: True &#xD;
sandbox: setupLocalData: localDatabaseProvider != null: True&#xD;
sandbox: applicationPages != null: True&#xD;
sandbox: applicationPages.Webdriver != null: True&#xD;
sandbox: finished setuping local data&#xD;
sandbox: PrepareForTestRun complete.&#xD;
sandbox: CleanUpAfterTestRun started.&#xD;
sandbox: application pages != null: True&#xD;
sandbox: web driver!= null: True&#xD;
sandbox: CleanUpAfterTestRun complete.</StdOut>
      </Output>
    </UnitTestResult>
    <UnitTestResult executionId="ff148361-c92e-4b26-8114-e72017c1245a" testId="03cfe027-ab11-83ec-ecde-da4765345d39" testName="GivenShotStarted_WhenSettingShotTaker_ThenTakerAssigned" computerName="EC2AMAZ-JEOO151" duration="00:00:06.2280000" startTime="2019-07-11T21:12:59.0000000+00:00" endTime="2019-07-11T21:13:05.0000000+00:00" testType="13cdc9d9-ddb5-4fa4-a97d-d965ccfc6d4b" outcome="Passed" testListId="8c84fa94-04c1-424b-9868-57a2d4851a1d" relativeResultsDirectory="ff148361-c92e-4b26-8114-e72017c1245a">
      <Output>
        <StdOut>sandbox: PrepareForTestRun started.&#xD;
sandbox: football liveStatsApp != null: True &#xD;
sandbox: football liveStatsApp.IsProcessRunning: True &#xD;
sandbox: setupLocalData: localDatabaseProvider != null: True&#xD;
sandbox: applicationPages != null: True&#xD;
sandbox: applicationPages.Webdriver != null: True&#xD;
sandbox: finished setuping local data&#xD;
sandbox: PrepareForTestRun complete.&#xD;
sandbox: CleanUpAfterTestRun started.&#xD;
sandbox: application pages != null: True&#xD;
sandbox: web driver!= null: True&#xD;
sandbox: CleanUpAfterTestRun complete.</StdOut>
      </Output>
    </UnitTestResult>
    <UnitTestResult executionId="eec38745-ac1f-4088-96f2-635f777826df" testId="f8f339f4-028b-03e3-29b4-8358de996a80" testName="SetAdjustPitchPositionForGoalInsert(&quot;set&quot;,null)" computerName="EC2AMAZ-JEOO151" duration="00:00:20.2500000" startTime="2019-07-11T18:30:08.0000000+00:00" endTime="2019-07-11T18:30:29.0000000+00:00" testType="13cdc9d9-ddb5-4fa4-a97d-d965ccfc6d4b" outcome="Passed" testListId="8c84fa94-04c1-424b-9868-57a2d4851a1d" relativeResultsDirectory="eec38745-ac1f-4088-96f2-635f777826df">
      <Output>
        <StdOut>sandbox: PrepareForTestRun started.&#xD;
sandbox: football liveStatsApp != null: True &#xD;
sandbox: football liveStatsApp.IsProcessRunning: True &#xD;
sandbox: setupLocalData: localDatabaseProvider != null: True&#xD;
sandbox: applicationPages != null: True&#xD;
sandbox: applicationPages.Webdriver != null: True&#xD;
sandbox: finished setuping local data&#xD;
sandbox: PrepareForTestRun complete.&#xD;
Given Match started with kick off from existing game&#xD;
-&gt; done: SetupGameSteps.GivenMatchStartedWithKickOffButtonFromExistingGame() (3.3s)&#xD;
And "Top right" corner added for Team 1&#xD;
Given action failed. Retrying after a timeout.&#xD;
-&gt; done: CornerSteps.GivenCornerAddedForTeam("Top right", 1) (3.3s)&#xD;
And "Yellow" Card for Team 1 is registered&#xD;
-&gt; done: CardSteps.GivenCardForTeamIsRegistered(Yellow, 1) (3.1s)&#xD;
And I clicked on latest "Corner" event in action log&#xD;
-&gt; done: ActionLogSteps.GivenIClickOnLatestEventInActionLog(Corner) (0.2s)&#xD;
And I entered new conceded event time of "0030"&#xD;
-&gt; done: EditFormSteps.GivenIEnterNewConcededEventTimeOf("0030") (1.0s)&#xD;
And I clicked Save button in action edit form&#xD;
-&gt; done: EditFormSteps.ClickSaveButtonInActionEditForm() (0.6s)&#xD;
And I remembered current players on pitch shirt numbers&#xD;
-&gt; done: GoalEditSteps.GivenIRememberCurrentPlayersOnPitch() (1.1s)&#xD;
When I click Expand Action log button&#xD;
-&gt; done: ActionLogSteps.WhenIClickExpandActionLogButton() (0.1s)&#xD;
And I click last action in expanded action log&#xD;
-&gt; done: ExpandedActionLogSteps.WhenIClickLastActionInExpandedActionLog() (0.1s)&#xD;
And I click insert after button in expanded action log&#xD;
-&gt; done: ExpandedActionLogSteps.WhenIClickInsertAfterButtonInExpandedActionLog() (0.1s)&#xD;
And I click insert Goal button in insert after dropdown&#xD;
-&gt; done: ExpandedActionLogSteps.WhenIClickInsertGoalButtonInInsertAfterDropdown() (0.1s)&#xD;
And I click "set" pitch location button in insert window&#xD;
-&gt; done: MiniPitchEditPageElementSteps.WhenIClickSetButtonForFreeKickLocation() (0.1s)&#xD;
Then Edit pitch Location dialog is visible&#xD;
-&gt; done: EditFormSteps.ThenEditLocationDialogIsVisible() (0.0s)&#xD;
And Current position marker is not visible in expanded pitch position dialog&#xD;
Failed to find data-qa element with tag 'currentPitchLocation'. No such element exception.&#xD;
-&gt; done: ExpandedPitchPositionDialogSteps.ThenCurrentPositionMarkerIsNotVisibleInExpandedPitchPositionDialog() (2.1s)&#xD;
And Shot pitch Position marker is not visible&#xD;
Failed to find data-qa element with tag 'currentPitchLocation'. No such element exception.&#xD;
-&gt; done: ExpandedPitchPositionDialogSteps.ThenShotPitchPositionMarkerIsNotVisible() (2.1s)&#xD;
And Clear Pitch button is not visible&#xD;
Failed to find element with query '[data-qa='pitchLocationClearButton']'. Web driver timeout exception.&#xD;
-&gt; done: ExpandedPitchPositionDialogSteps.ThenClearPitchButtonIsNotVisible() (2.0s)&#xD;
And "cancel" Button is visible&#xD;
-&gt; done: EditFormSteps.ThenCancelButtonIsVisible() (0.0s)&#xD;
And "proceed" Button is visible&#xD;
-&gt; done: EditFormSteps.ThenSaveButtonIsVisible() (0.0s)&#xD;
sandbox: CleanUpAfterTestRun started.&#xD;
sandbox: application pages != null: True&#xD;
sandbox: web driver!= null: True&#xD;
sandbox: CleanUpAfterTestRun complete.</StdOut>
      </Output>
    </UnitTestResult>
    <UnitTestResult executionId="b50e2c60-8240-4117-9b1f-9f0ba6026b68" testId="71f6d80c-4b66-2723-5c5e-af6557ade01e" testName="GivenPeriodCompletedAndNextPeriodIsNotSetup_WhenRegisteringCard_CardIsRegistered" computerName="EC2AMAZ-JEOO151" duration="00:00:11.3270000" startTime="2019-07-11T20:00:43.0000000+00:00" endTime="2019-07-11T20:00:54.0000000+00:00" testType="13cdc9d9-ddb5-4fa4-a97d-d965ccfc6d4b" outcome="Passed" testListId="8c84fa94-04c1-424b-9868-57a2d4851a1d" relativeResultsDirectory="b50e2c60-8240-4117-9b1f-9f0ba6026b68">
      <Output>
        <StdOut>sandbox: PrepareForTestRun started.&#xD;
sandbox: football liveStatsApp != null: True &#xD;
sandbox: football liveStatsApp.IsProcessRunning: True &#xD;
sandbox: setupLocalData: localDatabaseProvider != null: True&#xD;
sandbox: applicationPages != null: True&#xD;
sandbox: applicationPages.Webdriver != null: True&#xD;
sandbox: finished setuping local data&#xD;
sandbox: PrepareForTestRun complete.&#xD;
sandbox: CleanUpAfterTestRun started.&#xD;
sandbox: application pages != null: True&#xD;
sandbox: web driver!= null: True&#xD;
sandbox: CleanUpAfterTestRun complete.</StdOut>
      </Output>
    </UnitTestResult>
    <UnitTestResult executionId="0d672f3d-7545-4178-82bb-c5d7700f8c34" testId="711c7514-a791-0110-79d7-ee959029dd3d" testName="FootballPenaltyShootoutShot_OffMiss(&quot;2&quot;,&quot;1&quot;,&quot;10&quot;,&quot;50&quot;,&quot;8&quot;,&quot;11&quot;,null)" computerName="EC2AMAZ-JEOO151" duration="00:00:17.2170000" startTime="2019-07-11T19:13:09.0000000+00:00" endTime="2019-07-11T19:13:26.0000000+00:00" testType="13cdc9d9-ddb5-4fa4-a97d-d965ccfc6d4b" outcome="Passed" testListId="8c84fa94-04c1-424b-9868-57a2d4851a1d" relativeResultsDirectory="0d672f3d-7545-4178-82bb-c5d7700f8c34">
      <Output>
        <StdOut>sandbox: PrepareForTestRun started.&#xD;
sandbox: football liveStatsApp != null: True &#xD;
sandbox: football liveStatsApp.IsProcessRunning: True &#xD;
sandbox: setupLocalData: localDatabaseProvider != null: True&#xD;
sandbox: applicationPages != null: True&#xD;
sandbox: applicationPages.Webdriver != null: True&#xD;
sandbox: finished setuping local data&#xD;
sandbox: PrepareForTestRun complete.&#xD;
Given penalty shoot-out phase started&#xD;
-&gt; done: PitchClockSteps.GivenGamePenaltyShoot_OutPhaseStarted() (14.8s)&#xD;
When I click on team 2 player on pitch with shirt number 11&#xD;
-&gt; done: PitchPlayersComponentSteps.WhenIClickOnTeamPlayerOnPitchWithShirtNumber(2, 11) (0.4s)&#xD;
And I click "Penalty Shot Off Target" Button&#xD;
-&gt; done: PenaltySteps.WhenIClickPenaltyShotOffTargetButton() (0.2s)&#xD;
And I click on net x "10" and y "10"&#xD;
-&gt; done: NetSectionSteps.WhenIClickOnNetXAndY(10, 10) (0.2s)&#xD;
And I click "Save" Button&#xD;
-&gt; done: PenaltySteps.WhenIClickSaveButton() (0.2s)&#xD;
Then Score is 0 for team 2&#xD;
-&gt; done: ScoreBoardSteps.ThenScoreIsForTeam(0, 2) (0.2s)&#xD;
And Score is 0 for team 1&#xD;
-&gt; done: ScoreBoardSteps.ThenScoreIsForTeam(0, 1) (0.1s)&#xD;
And Team 2 has 1 penalty shoot-out miss in score board&#xD;
-&gt; done: PenaltyShootoutSteps.ThenTeamHasPenaltyShoot_OutMiss(2, 1) (0.1s)&#xD;
And Latest "PenaltyShootout" event is completed&#xD;
-&gt; done: ActionLogSteps.ThenLatestEventIsConfirmed(PenaltyShootout) (0.0s)&#xD;
sandbox: CleanUpAfterTestRun started.&#xD;
sandbox: application pages != null: True&#xD;
sandbox: web driver!= null: True&#xD;
sandbox: CleanUpAfterTestRun complete.</StdOut>
      </Output>
    </UnitTestResult>
    <UnitTestResult executionId="83fbc1db-3a5d-43d1-b747-5d2a8e77f029" testId="66e0e8df-8d7d-0359-6cf7-f1f12cbce97e" testName="GivenPso_WhenChangingNotLastPsoKickTeam_ThenTeamForNextShootoutIsNotChanged" computerName="EC2AMAZ-JEOO151" duration="00:00:24.5370000" startTime="2019-07-11T20:36:44.0000000+00:00" endTime="2019-07-11T20:37:09.0000000+00:00" testType="13cdc9d9-ddb5-4fa4-a97d-d965ccfc6d4b" outcome="Passed" testListId="8c84fa94-04c1-424b-9868-57a2d4851a1d" relativeResultsDirectory="83fbc1db-3a5d-43d1-b747-5d2a8e77f029">
      <Output>
        <StdOut>sandbox: PrepareForTestRun started.&#xD;
sandbox: football liveStatsApp != null: True &#xD;
sandbox: football liveStatsApp.IsProcessRunning: True &#xD;
sandbox: setupLocalData: localDatabaseProvider != null: True&#xD;
sandbox: applicationPages != null: True&#xD;
sandbox: applicationPages.Webdriver != null: True&#xD;
sandbox: finished setuping local data&#xD;
sandbox: PrepareForTestRun complete.&#xD;
sandbox: CleanUpAfterTestRun started.&#xD;
sandbox: application pages != null: True&#xD;
sandbox: web driver!= null: True&#xD;
sandbox: CleanUpAfterTestRun complete.</StdOut>
      </Output>
    </UnitTestResult>
    <UnitTestResult executionId="7a6eee7b-0c3f-4780-b7e9-155f88dd561c" testId="3427bb45-5a79-dc09-771b-43979f92c5bb" testName="GivenGameInProgress_WhenRegisteringCardForAssistantCouch_ThenCardIsRegisteredForAssistantCoach(SecondYellow,1,SecondYellow,&quot;SecondYellow&quot;)" computerName="EC2AMAZ-JEOO151" duration="00:00:11.4160000" startTime="2019-07-11T20:58:03.0000000+00:00" endTime="2019-07-11T20:58:15.0000000+00:00" testType="13cdc9d9-ddb5-4fa4-a97d-d965ccfc6d4b" outcome="Passed" testListId="8c84fa94-04c1-424b-9868-57a2d4851a1d" relativeResultsDirectory="7a6eee7b-0c3f-4780-b7e9-155f88dd561c">
      <Output>
        <StdOut>sandbox: PrepareForTestRun started.&#xD;
sandbox: football liveStatsApp != null: True &#xD;
sandbox: football liveStatsApp.IsProcessRunning: True &#xD;
sandbox: setupLocalData: localDatabaseProvider != null: True&#xD;
sandbox: applicationPages != null: True&#xD;
sandbox: applicationPages.Webdriver != null: True&#xD;
sandbox: finished setuping local data&#xD;
sandbox: PrepareForTestRun complete.&#xD;
Given action failed. Retrying after a timeout.&#xD;
sandbox: CleanUpAfterTestRun started.&#xD;
sandbox: application pages != null: True&#xD;
sandbox: web driver!= null: True&#xD;
sandbox: CleanUpAfterTestRun complete.</StdOut>
      </Output>
    </UnitTestResult>
    <UnitTestResult executionId="2060a15d-eb4f-48dd-b3c2-53a64a169405" testId="b776a997-ce4a-5476-c42b-7fe379d4c9bf" testName="SelectVarReasonAndOutcomeOverturned(&quot;Overturned&quot;,&quot;Foul&quot;,null)" computerName="EC2AMAZ-JEOO151" duration="00:00:14.3990000" startTime="2019-07-11T18:29:25.0000000+00:00" endTime="2019-07-11T18:29:39.0000000+00:00" testType="13cdc9d9-ddb5-4fa4-a97d-d965ccfc6d4b" outcome="Passed" testListId="8c84fa94-04c1-424b-9868-57a2d4851a1d" relativeResultsDirectory="2060a15d-eb4f-48dd-b3c2-53a64a169405">
      <Output>
        <StdOut>sandbox: PrepareForTestRun started.&#xD;
sandbox: football liveStatsApp != null: True &#xD;
sandbox: football liveStatsApp.IsProcessRunning: True &#xD;
sandbox: setupLocalData: localDatabaseProvider != null: True&#xD;
sandbox: applicationPages != null: True&#xD;
sandbox: applicationPages.Webdriver != null: True&#xD;
sandbox: finished setuping local data&#xD;
sandbox: PrepareForTestRun complete.&#xD;
Given Match started with kick off from existing game&#xD;
-&gt; done: SetupGameSteps.GivenMatchStartedWithKickOffButtonFromExistingGame() (3.2s)&#xD;
And "Top right" corner added for Team 1&#xD;
Given action failed. Retrying after a timeout.&#xD;
-&gt; done: CornerSteps.GivenCornerAddedForTeam("Top right", 1) (3.3s)&#xD;
And "Yellow" Card for Team 1 is registered&#xD;
-&gt; done: CardSteps.GivenCardForTeamIsRegistered(Yellow, 1) (3.1s)&#xD;
And I clicked on latest "Corner" event in action log&#xD;
-&gt; done: ActionLogSteps.GivenIClickOnLatestEventInActionLog(Corner) (0.2s)&#xD;
And I entered new conceded event time of "0030"&#xD;
-&gt; done: EditFormSteps.GivenIEnterNewConcededEventTimeOf("0030") (1.0s)&#xD;
And I clicked Save button in action edit form&#xD;
-&gt; done: EditFormSteps.ClickSaveButtonInActionEditForm() (0.6s)&#xD;
And I remembered current players on pitch shirt numbers&#xD;
-&gt; done: GoalEditSteps.GivenIRememberCurrentPlayersOnPitch() (1.1s)&#xD;
When I click Expand Action log button&#xD;
-&gt; done: ActionLogSteps.WhenIClickExpandActionLogButton() (0.1s)&#xD;
And I click last action in expanded action log&#xD;
-&gt; done: ExpandedActionLogSteps.WhenIClickLastActionInExpandedActionLog() (0.1s)&#xD;
And I click insert after button in expanded action log&#xD;
-&gt; done: ExpandedActionLogSteps.WhenIClickInsertAfterButtonInExpandedActionLog() (0.1s)&#xD;
And I click insert Goal button in insert after dropdown&#xD;
-&gt; done: ExpandedActionLogSteps.WhenIClickInsertGoalButtonInInsertAfterDropdown() (0.1s)&#xD;
And I click "2" team in Goal by Team&#xD;
-&gt; done: GoalEditSteps.GivenIClickTeamInShotByTeam(2) (0.1s)&#xD;
And I click "VAR" toggle&#xD;
-&gt; done: EditFormSteps.GivenIClickToggleToEnable() (0.1s)&#xD;
And I click Var "Overturned" button&#xD;
-&gt; done: EditFormSteps.WhenIClickVarOverturnedButton() (0.1s)&#xD;
And I click VAR reason button&#xD;
-&gt; done: EditFormSteps.WhenIClickVarReasonButton() (0.0s)&#xD;
And I select VAR reason Foul&#xD;
-&gt; done: EditFormSteps.WhenISelectVarReason("Foul") (0.1s)&#xD;
Then "Save" of edit screen is enabled&#xD;
-&gt; done: EditFormSteps.ThenOfEditScreenIsEnabled() (0.0s)&#xD;
sandbox: CleanUpAfterTestRun started.&#xD;
sandbox: application pages != null: True&#xD;
sandbox: web driver!= null: True&#xD;
sandbox: CleanUpAfterTestRun complete.</StdOut>
      </Output>
    </UnitTestResult>
    <UnitTestResult executionId="5cda1414-43dd-4fda-8f09-b4acb9a4efc2" testId="35db2846-15a2-cb05-a8dc-cf4350777768" testName="FootballGoalActionFlagCanBeReviewedInActionEditScreen" computerName="EC2AMAZ-JEOO151" duration="00:00:09.4300000" startTime="2019-07-11T19:41:06.0000000+00:00" endTime="2019-07-11T19:41:16.0000000+00:00" testType="13cdc9d9-ddb5-4fa4-a97d-d965ccfc6d4b" outcome="Passed" testListId="8c84fa94-04c1-424b-9868-57a2d4851a1d" relativeResultsDirectory="5cda1414-43dd-4fda-8f09-b4acb9a4efc2">
      <Output>
        <StdOut>sandbox: PrepareForTestRun started.&#xD;
sandbox: football liveStatsApp != null: True &#xD;
sandbox: football liveStatsApp.IsProcessRunning: True &#xD;
sandbox: setupLocalData: localDatabaseProvider != null: True&#xD;
sandbox: applicationPages != null: True&#xD;
sandbox: applicationPages.Webdriver != null: True&#xD;
sandbox: finished setuping local data&#xD;
sandbox: PrepareForTestRun complete.&#xD;
Given Match started with kick off from existing game&#xD;
-&gt; done: SetupGameSteps.GivenMatchStartedWithKickOffButtonFromExistingGame() (3.3s)&#xD;
Given I add a goal for team 1 player 4 assisted by player 14&#xD;
Given action failed. Retrying after a timeout.&#xD;
-&gt; done: GoalSteps.GivenIAddAGoalForTeamPlayerAssistedByPlayer(1, 4, 14) (4.6s)&#xD;
When I click on latest "Goal" event in action log&#xD;
-&gt; done: ActionLogSteps.GivenIClickOnLatestEventInActionLog(Goal) (0.3s)&#xD;
And I click Flag &amp; Save button in action edit form&#xD;
-&gt; done: EditFormSteps.ClickFlagAndSaveInActionEditForm() (0.4s)&#xD;
And I click on latest "Goal" event in action log&#xD;
-&gt; done: ActionLogSteps.GivenIClickOnLatestEventInActionLog(Goal) (0.1s)&#xD;
And I click review flags button in game action edit window&#xD;
-&gt; done: EditFormSteps.WhenIClickReviewFlagsButtonInGameActionEditWindow() (0.1s)&#xD;
Then Review action flags dialog opens&#xD;
-&gt; done: EditFormSteps.ThenReviewActionFlagsDialogOpens() (0.0s)&#xD;
And "This item was flagged by the User." is visible in review action flags dialog&#xD;
-&gt; done: EditWindowFlagsDropDownSteps.ThenIsVisibleInReviewActionFlagsDialog("This item was fla...") (0.0s)&#xD;
sandbox: CleanUpAfterTestRun started.&#xD;
sandbox: application pages != null: True&#xD;
sandbox: web driver!= null: True&#xD;
sandbox: CleanUpAfterTestRun complete.</StdOut>
      </Output>
    </UnitTestResult>
    <UnitTestResult executionId="6e26adea-f6ba-4570-8327-059fa3285ffe" testId="480f575c-d37a-4706-bcca-d9f6728f8904" testName="FootballOpenShotLocation" computerName="EC2AMAZ-JEOO151" duration="00:00:10.1320000" startTime="2019-07-11T18:00:44.0000000+00:00" endTime="2019-07-11T18:00:54.0000000+00:00" testType="13cdc9d9-ddb5-4fa4-a97d-d965ccfc6d4b" outcome="Passed" testListId="8c84fa94-04c1-424b-9868-57a2d4851a1d" relativeResultsDirectory="6e26adea-f6ba-4570-8327-059fa3285ffe">
      <Output>
        <StdOut>sandbox: PrepareForTestRun started.&#xD;
sandbox: football liveStatsApp != null: True &#xD;
sandbox: football liveStatsApp.IsProcessRunning: True &#xD;
sandbox: setupLocalData: localDatabaseProvider != null: True&#xD;
sandbox: applicationPages != null: True&#xD;
sandbox: applicationPages.Webdriver != null: True&#xD;
sandbox: finished setuping local data&#xD;
sandbox: PrepareForTestRun complete.&#xD;
Given Match started with kick off from existing game&#xD;
-&gt; done: SetupGameSteps.GivenMatchStartedWithKickOffButtonFromExistingGame() (3.2s)&#xD;
And I remembered current players on pitch shirt numbers&#xD;
-&gt; done: GoalEditSteps.GivenIRememberCurrentPlayersOnPitch() (1.6s)&#xD;
And I add a goal for team 1 player 4 assisted by player 13&#xD;
Given action failed. Retrying after a timeout.&#xD;
-&gt; done: GoalSteps.GivenIAddAGoalForTeamPlayerAssistedByPlayer(1, 4, 13) (3.9s)&#xD;
And I click goal event in action log&#xD;
-&gt; done: ActionLogSteps.GivenIClickGoalEventInActionLog() (0.3s)&#xD;
And I click "adjust shot location" button in goal edit window&#xD;
-&gt; done: GoalEditSteps.GivenIClickAdjustShotLocationButton() (0.1s)&#xD;
Then Edit shot position dialog is visible&#xD;
-&gt; done: ExpandedShotLocationDialogSteps.ThenEditShotPositionDialogIsVisible() (0.0s)&#xD;
And Shot position is visible&#xD;
-&gt; done: ExpandedShotLocationDialogSteps.ThenShotPositionIsVisible() (0.1s)&#xD;
And Clear shot position button is visible&#xD;
-&gt; done: ExpandedShotLocationDialogSteps.ThenClearShotPositionButtonIsVisible() (0.0s)&#xD;
And "Cancel" Button is visible in shot location dialog&#xD;
-&gt; done: ExpandedShotLocationDialogSteps.ThenCancelButtonIsVisibleInShotLocationDialog() (0.0s)&#xD;
And "Proceed" Button is visible in shot location dialog&#xD;
-&gt; done: ExpandedShotLocationDialogSteps.ThenProceedButtonIsVisibleInShotLocationDialog() (0.0s)&#xD;
sandbox: CleanUpAfterTestRun started.&#xD;
sandbox: application pages != null: True&#xD;
sandbox: web driver!= null: True&#xD;
sandbox: CleanUpAfterTestRun complete.</StdOut>
      </Output>
    </UnitTestResult>
    <UnitTestResult executionId="85b26c68-87f1-46c3-9605-9f6d8ac8911f" testId="b9fdbf77-34bb-737a-bbe2-cfeca3325c25" testName="VarBeforeConfirmingTheCard(&quot;1&quot;,&quot;Yellow&quot;,&quot;13&quot;,null)" computerName="EC2AMAZ-JEOO151" duration="00:00:05.2130000" startTime="2019-07-11T19:54:53.0000000+00:00" endTime="2019-07-11T19:54:58.0000000+00:00" testType="13cdc9d9-ddb5-4fa4-a97d-d965ccfc6d4b" outcome="Passed" testListId="8c84fa94-04c1-424b-9868-57a2d4851a1d" relativeResultsDirectory="85b26c68-87f1-46c3-9605-9f6d8ac8911f">
      <Output>
        <StdOut>sandbox: PrepareForTestRun started.&#xD;
sandbox: football liveStatsApp != null: True &#xD;
sandbox: football liveStatsApp.IsProcessRunning: True &#xD;
sandbox: setupLocalData: localDatabaseProvider != null: True&#xD;
sandbox: applicationPages != null: True&#xD;
sandbox: applicationPages.Webdriver != null: True&#xD;
sandbox: finished setuping local data&#xD;
sandbox: PrepareForTestRun complete.&#xD;
Given Match started with kick off from existing game&#xD;
-&gt; done: SetupGameSteps.GivenMatchStartedWithKickOffButtonFromExistingGame() (3.3s)&#xD;
When I click on team 1 possible "Yellow"&#xD;
-&gt; done: TeamActionButtonSteps.StartPossibleCardRegistration(1, Yellow) (0.6s)&#xD;
And I click "Yellow" card button&#xD;
-&gt; done: TeamActionButtonSteps.WhenIClickCardButton("Yellow") (0.1s)&#xD;
And I click "Possible VAR" button in workflow&#xD;
-&gt; done: WorkflowSteps.WhenIClickPossibleVarButtonInWorkflow() (0.1s)&#xD;
Then confirm VAR dialog is displayed&#xD;
-&gt; done: WorkflowSteps.ThenConfirmVarDialogIsDisplayed() (0.2s)&#xD;
And "Yes" VAR dialog button is shown&#xD;
-&gt; done: WorkflowSteps.ThenVarDialogButtonIsShown("Yes") (0.0s)&#xD;
And "No" VAR dialog button is shown&#xD;
-&gt; done: WorkflowSteps.ThenVarDialogButtonIsShown("No") (0.0s)&#xD;
sandbox: CleanUpAfterTestRun started.&#xD;
sandbox: application pages != null: True&#xD;
sandbox: web driver!= null: True&#xD;
sandbox: CleanUpAfterTestRun complete.</StdOut>
      </Output>
    </UnitTestResult>
    <UnitTestResult executionId="545fc8d0-a594-4d6d-9178-59d7407e2e10" testId="2de92347-7fcf-2175-a4d2-cecd917b42b7" testName="GivenShotRegistered_WhenEditingTeamAndPlayer_ThenSaveButtonEnabled" computerName="EC2AMAZ-JEOO151" duration="00:00:12.5320000" startTime="2019-07-11T20:43:17.0000000+00:00" endTime="2019-07-11T20:43:29.0000000+00:00" testType="13cdc9d9-ddb5-4fa4-a97d-d965ccfc6d4b" outcome="Passed" testListId="8c84fa94-04c1-424b-9868-57a2d4851a1d" relativeResultsDirectory="545fc8d0-a594-4d6d-9178-59d7407e2e10">
      <Output>
        <StdOut>sandbox: PrepareForTestRun started.&#xD;
sandbox: football liveStatsApp != null: True &#xD;
sandbox: football liveStatsApp.IsProcessRunning: True &#xD;
sandbox: setupLocalData: localDatabaseProvider != null: True&#xD;
sandbox: applicationPages != null: True&#xD;
sandbox: applicationPages.Webdriver != null: True&#xD;
sandbox: finished setuping local data&#xD;
sandbox: PrepareForTestRun complete.&#xD;
Failed to find element with query '[data-qa='activePitchOverlay']'. Web driver timeout exception.&#xD;
Given action failed. Retrying after a timeout.&#xD;
Failed to find element with query '[data-qa='activePitchOverlay']'. Web driver timeout exception.&#xD;
Given action failed. Retrying after a timeout.&#xD;
sandbox: CleanUpAfterTestRun started.&#xD;
sandbox: application pages != null: True&#xD;
sandbox: web driver!= null: True&#xD;
sandbox: CleanUpAfterTestRun complete.</StdOut>
      </Output>
    </UnitTestResult>
    <UnitTestResult executionId="2707952c-ee61-47c2-b918-d50702d0285d" testId="842a2206-1fdd-2f74-dccc-0a42046f1be9" testName="GivenGameInProgress_WhenEditingClockByArrowDownMinutes_ThenClockEdited" computerName="EC2AMAZ-JEOO151" duration="00:00:06.5500000" startTime="2019-07-11T21:15:47.0000000+00:00" endTime="2019-07-11T21:15:53.0000000+00:00" testType="13cdc9d9-ddb5-4fa4-a97d-d965ccfc6d4b" outcome="Passed" testListId="8c84fa94-04c1-424b-9868-57a2d4851a1d" relativeResultsDirectory="2707952c-ee61-47c2-b918-d50702d0285d">
      <Output>
        <StdOut>sandbox: PrepareForTestRun started.&#xD;
sandbox: football liveStatsApp != null: True &#xD;
sandbox: football liveStatsApp.IsProcessRunning: True &#xD;
sandbox: setupLocalData: localDatabaseProvider != null: True&#xD;
sandbox: applicationPages != null: True&#xD;
sandbox: applicationPages.Webdriver != null: True&#xD;
sandbox: finished setuping local data&#xD;
sandbox: PrepareForTestRun complete.&#xD;
sandbox: CleanUpAfterTestRun started.&#xD;
sandbox: application pages != null: True&#xD;
sandbox: web driver!= null: True&#xD;
sandbox: CleanUpAfterTestRun complete.</StdOut>
      </Output>
    </UnitTestResult>
    <UnitTestResult executionId="c848e8c1-d992-4ee1-9c3c-f16215126de8" testId="19cfa543-c693-3b19-afc5-22690314e36f" testName="GivenThrowInEditOpen_WhenChangingTakenFromLocation_ThenUpdatesThrowIn" computerName="EC2AMAZ-JEOO151" duration="00:00:08.6320000" startTime="2019-07-11T20:45:04.0000000+00:00" endTime="2019-07-11T20:45:13.0000000+00:00" testType="13cdc9d9-ddb5-4fa4-a97d-d965ccfc6d4b" outcome="Passed" testListId="8c84fa94-04c1-424b-9868-57a2d4851a1d" relativeResultsDirectory="c848e8c1-d992-4ee1-9c3c-f16215126de8">
      <Output>
        <StdOut>sandbox: PrepareForTestRun started.&#xD;
sandbox: football liveStatsApp != null: True &#xD;
sandbox: football liveStatsApp.IsProcessRunning: True &#xD;
sandbox: setupLocalData: localDatabaseProvider != null: True&#xD;
sandbox: applicationPages != null: True&#xD;
sandbox: applicationPages.Webdriver != null: True&#xD;
sandbox: finished setuping local data&#xD;
sandbox: PrepareForTestRun complete.&#xD;
Given action failed. Retrying after a timeout.&#xD;
Failed to find data-qa element with tag 'setPitchLocationButton'. No such element exception.&#xD;
sandbox: CleanUpAfterTestRun started.&#xD;
sandbox: application pages != null: True&#xD;
sandbox: web driver!= null: True&#xD;
sandbox: CleanUpAfterTestRun complete.</StdOut>
      </Output>
    </UnitTestResult>
    <UnitTestResult executionId="ab6e3501-6ea1-4888-a33f-29bbd753f788" testId="38697fda-5a4e-9591-84e9-f9ca02a0edfe" testName="YesOnVARBeforeConfirming(&quot;1&quot;,&quot;Yellow&quot;,&quot;13&quot;,null)" computerName="EC2AMAZ-JEOO151" duration="00:00:05.2830000" startTime="2019-07-11T19:55:34.0000000+00:00" endTime="2019-07-11T19:55:39.0000000+00:00" testType="13cdc9d9-ddb5-4fa4-a97d-d965ccfc6d4b" outcome="Passed" testListId="8c84fa94-04c1-424b-9868-57a2d4851a1d" relativeResultsDirectory="ab6e3501-6ea1-4888-a33f-29bbd753f788">
      <Output>
        <StdOut>sandbox: PrepareForTestRun started.&#xD;
sandbox: football liveStatsApp != null: True &#xD;
sandbox: football liveStatsApp.IsProcessRunning: True &#xD;
sandbox: setupLocalData: localDatabaseProvider != null: True&#xD;
sandbox: applicationPages != null: True&#xD;
sandbox: applicationPages.Webdriver != null: True&#xD;
sandbox: finished setuping local data&#xD;
sandbox: PrepareForTestRun complete.&#xD;
Given Match started with kick off from existing game&#xD;
-&gt; done: SetupGameSteps.GivenMatchStartedWithKickOffButtonFromExistingGame() (3.2s)&#xD;
When I click on team 1 possible "Yellow"&#xD;
-&gt; done: TeamActionButtonSteps.StartPossibleCardRegistration(1, Yellow) (0.6s)&#xD;
And I click "Yellow" card button&#xD;
-&gt; done: TeamActionButtonSteps.WhenIClickCardButton("Yellow") (0.1s)&#xD;
And I click "Possible VAR" button in workflow&#xD;
-&gt; done: WorkflowSteps.WhenIClickPossibleVarButtonInWorkflow() (0.1s)&#xD;
And I click var confirmation "yes" button&#xD;
-&gt; done: WorkflowSteps.WhenIClickVarConfirmationButton("yes") (0.3s)&#xD;
Then Confirmation dialog is displayed&#xD;
-&gt; done: CardSteps.ThenConfirmationDialogIsDisplayed() (0.2s)&#xD;
sandbox: CleanUpAfterTestRun started.&#xD;
sandbox: application pages != null: True&#xD;
sandbox: web driver!= null: True&#xD;
sandbox: CleanUpAfterTestRun complete.</StdOut>
      </Output>
    </UnitTestResult>
    <UnitTestResult executionId="15198d52-3f80-4e27-a2bf-13ce340a881a" testId="980109d5-5d0e-da71-b73e-06f3706a3bf7" testName="VarBeforeConfirmingTheCard(&quot;2&quot;,&quot;Red&quot;,&quot;1&quot;,null)" computerName="EC2AMAZ-JEOO151" duration="00:00:05.1030000" startTime="2019-07-11T19:55:08.0000000+00:00" endTime="2019-07-11T19:55:13.0000000+00:00" testType="13cdc9d9-ddb5-4fa4-a97d-d965ccfc6d4b" outcome="Passed" testListId="8c84fa94-04c1-424b-9868-57a2d4851a1d" relativeResultsDirectory="15198d52-3f80-4e27-a2bf-13ce340a881a">
      <Output>
        <StdOut>sandbox: PrepareForTestRun started.&#xD;
sandbox: football liveStatsApp != null: True &#xD;
sandbox: football liveStatsApp.IsProcessRunning: True &#xD;
sandbox: setupLocalData: localDatabaseProvider != null: True&#xD;
sandbox: applicationPages != null: True&#xD;
sandbox: applicationPages.Webdriver != null: True&#xD;
sandbox: finished setuping local data&#xD;
sandbox: PrepareForTestRun complete.&#xD;
Given Match started with kick off from existing game&#xD;
-&gt; done: SetupGameSteps.GivenMatchStartedWithKickOffButtonFromExistingGame() (3.2s)&#xD;
When I click on team 2 possible "Red"&#xD;
-&gt; done: TeamActionButtonSteps.StartPossibleCardRegistration(2, Red) (0.6s)&#xD;
And I click "Red" card button&#xD;
-&gt; done: TeamActionButtonSteps.WhenIClickCardButton("Red") (0.1s)&#xD;
And I click "Possible VAR" button in workflow&#xD;
-&gt; done: WorkflowSteps.WhenIClickPossibleVarButtonInWorkflow() (0.1s)&#xD;
Then confirm VAR dialog is displayed&#xD;
-&gt; done: WorkflowSteps.ThenConfirmVarDialogIsDisplayed() (0.2s)&#xD;
And "Yes" VAR dialog button is shown&#xD;
-&gt; done: WorkflowSteps.ThenVarDialogButtonIsShown("Yes") (0.0s)&#xD;
And "No" VAR dialog button is shown&#xD;
-&gt; done: WorkflowSteps.ThenVarDialogButtonIsShown("No") (0.0s)&#xD;
sandbox: CleanUpAfterTestRun started.&#xD;
sandbox: application pages != null: True&#xD;
sandbox: web driver!= null: True&#xD;
sandbox: CleanUpAfterTestRun complete.</StdOut>
      </Output>
    </UnitTestResult>
    <UnitTestResult executionId="6d389cd7-1939-431d-aa6e-270fb4cea02d" testId="246b9f94-3c4f-48df-417b-9ef783d37e7c" testName="FootballFinishPenaltyShot_OffMissWorkflow(&quot;1&quot;,&quot;2&quot;,&quot;Save&quot;,&quot;90&quot;,&quot;50&quot;,&quot;5&quot;,&quot;16&quot;,null)" computerName="EC2AMAZ-JEOO151" duration="00:00:16.3320000" startTime="2019-07-11T19:03:30.0000000+00:00" endTime="2019-07-11T19:03:47.0000000+00:00" testType="13cdc9d9-ddb5-4fa4-a97d-d965ccfc6d4b" outcome="Passed" testListId="8c84fa94-04c1-424b-9868-57a2d4851a1d" relativeResultsDirectory="6d389cd7-1939-431d-aa6e-270fb4cea02d">
      <Output>
        <StdOut>sandbox: PrepareForTestRun started.&#xD;
sandbox: football liveStatsApp != null: True &#xD;
sandbox: football liveStatsApp.IsProcessRunning: True &#xD;
sandbox: setupLocalData: localDatabaseProvider != null: True&#xD;
sandbox: applicationPages != null: True&#xD;
sandbox: applicationPages.Webdriver != null: True&#xD;
sandbox: finished setuping local data&#xD;
sandbox: PrepareForTestRun complete.&#xD;
Given Match started with kick off from existing game&#xD;
-&gt; done: SetupGameSteps.GivenMatchStartedWithKickOffButtonFromExistingGame() (3.3s)&#xD;
When I click "Possible Penalty" button for team 1&#xD;
Given action failed. Retrying after a timeout.&#xD;
-&gt; done: TeamActionButtonSteps.GivenIClickPossiblePenaltyButtonForTeam(1) (0.8s)&#xD;
And I confirm penalty by clicking "Confirm" button&#xD;
-&gt; done: PenaltySteps.WhenIConfirmPenaltyByClickingButton() (2.3s)&#xD;
And I click on pitch x 90 and y 50&#xD;
Failed to find element with query '[data-qa='activePitchOverlay']'. Web driver timeout exception.&#xD;
Given action failed. Retrying after a timeout.&#xD;
Failed to find element with query '[data-qa='activePitchOverlay']'. Web driver timeout exception.&#xD;
-&gt; done: PitchScreenSteps.WhenIClickOnPitch(90, 50) (4.4s)&#xD;
And I click "Foul" reason button&#xD;
-&gt; done: CardSteps.WhenIClickReasonButton("Foul") (0.2s)&#xD;
And I click on team 2 player on pitch with shirt number 5&#xD;
-&gt; done: PitchPlayersComponentSteps.WhenIClickOnTeamPlayerOnPitchWithShirtNumber(2, 5) (0.3s)&#xD;
And I click on team 1 player on pitch with shirt number 16&#xD;
-&gt; done: PitchPlayersComponentSteps.WhenIClickOnTeamPlayerOnPitchWithShirtNumber(1, 16) (0.4s)&#xD;
And I click "Penalty Shot Off Target" Button&#xD;
-&gt; done: PenaltySteps.WhenIClickPenaltyShotOffTargetButton() (0.2s)&#xD;
And I click on net x "10" and y "10"&#xD;
-&gt; done: NetSectionSteps.WhenIClickOnNetXAndY(10, 10) (0.2s)&#xD;
And I click "Save" Button&#xD;
-&gt; done: PenaltySteps.WhenIClickSaveButton() (0.2s)&#xD;
Then Pitch View is shown&#xD;
-&gt; done: PitchScreenSteps.PitchViewIsShown() (0.0s)&#xD;
And Score is 0 for team 1&#xD;
-&gt; done: ScoreBoardSteps.ThenScoreIsForTeam(0, 1) (0.2s)&#xD;
And Score is 0 for team 2&#xD;
-&gt; done: ScoreBoardSteps.ThenScoreIsForTeam(0, 2) (0.1s)&#xD;
And Action Buttons are enabled&#xD;
-&gt; done: TeamActionButtonSteps.ThenActionButtonsAreEnabled() (0.8s)&#xD;
And Player on pitch with shirt number 16 of team 1 do not have goal icon&#xD;
Failed to find data-qa element with tag 'playerGoals'. No such element exception.&#xD;
-&gt; done: PitchPlayersComponentSteps.ThenPlayerOnPitchWithShirtNumberOfTeamDoNotHaveGoalIcon(16, 1) (2.2s)&#xD;
sandbox: CleanUpAfterTestRun started.&#xD;
sandbox: application pages != null: True&#xD;
sandbox: web driver!= null: True&#xD;
sandbox: CleanUpAfterTestRun complete.</StdOut>
      </Output>
    </UnitTestResult>
    <UnitTestResult executionId="7e7dcae2-f4af-4d29-b844-5f295c1d25ce" testId="998206b6-4540-a34b-8ae2-f57051df64e0" testName="WhenActionTimeChangedToSameTimeAsAnotherActionAndExistingOrderSaved" computerName="EC2AMAZ-JEOO151" duration="00:00:26.1240000" startTime="2019-07-11T17:43:22.0000000+00:00" endTime="2019-07-11T17:43:48.0000000+00:00" testType="13cdc9d9-ddb5-4fa4-a97d-d965ccfc6d4b" outcome="Passed" testListId="8c84fa94-04c1-424b-9868-57a2d4851a1d" relativeResultsDirectory="7e7dcae2-f4af-4d29-b844-5f295c1d25ce">
      <Output>
        <StdOut>sandbox: PrepareForTestRun started.&#xD;
sandbox: football liveStatsApp != null: True &#xD;
sandbox: football liveStatsApp.IsProcessRunning: False &#xD;
sandbox: rootDataDirectoryPath: C:\Windows\TEMP\Football_2019-07-11-17-43-22&#xD;
sandbox: Setting up the app environment...&#xD;
sandbox: App environment setup complete.&#xD;
sandbox: Setting up the global configuration...&#xD;
sandbox: Global configuration setup complete.&#xD;
sandbox: dropping application pages&#xD;
sandbox: setupLocalData: localDatabaseProvider != null: True&#xD;
sandbox: applicationPages != null: True&#xD;
sandbox: applicationPages.Webdriver != null: True&#xD;
sandbox: finished setuping local data&#xD;
sandbox: PrepareForTestRun complete.&#xD;
Given Match started with kick off from existing game&#xD;
-&gt; done: SetupGameSteps.GivenMatchStartedWithKickOffButtonFromExistingGame() (4.2s)&#xD;
And GoalKick for Team 1 is registered&#xD;
Given action failed. Retrying after a timeout.&#xD;
-&gt; done: GoalKickSteps.GivenGoalKickForTeamIsRegistered(1) (1.2s)&#xD;
And GoalKick for Team 1 is registered&#xD;
-&gt; done: GoalKickSteps.GivenGoalKickForTeamIsRegistered(1) (0.6s)&#xD;
And GoalKick for Team 1 is registered&#xD;
-&gt; done: GoalKickSteps.GivenGoalKickForTeamIsRegistered(1) (0.5s)&#xD;
And I clicked on 1 of type "GoalKick" event in action log&#xD;
-&gt; done: ActionLogSteps.GivenIClickOnLatestEventInActionLog(1, GoalKick) (0.3s)&#xD;
And I entered new conceded event time of "0050"&#xD;
-&gt; done: EditFormSteps.GivenIEnterNewConcededEventTimeOf("0050") (1.0s)&#xD;
And I clicked Save button in action edit form&#xD;
-&gt; done: EditFormSteps.ClickSaveButtonInActionEditForm() (0.7s)&#xD;
And I clicked on 2 of type "GoalKick" event in action log&#xD;
-&gt; done: ActionLogSteps.GivenIClickOnLatestEventInActionLog(2, GoalKick) (0.1s)&#xD;
And I entered new conceded event time of "0025"&#xD;
-&gt; done: EditFormSteps.GivenIEnterNewConcededEventTimeOf("0025") (1.0s)&#xD;
And I clicked Save button in action edit form&#xD;
-&gt; done: EditFormSteps.ClickSaveButtonInActionEditForm() (0.6s)&#xD;
And I clicked on 3 of type "GoalKick" event in action log&#xD;
-&gt; done: ActionLogSteps.GivenIClickOnLatestEventInActionLog(3, GoalKick) (0.1s)&#xD;
And I entered new conceded event time of "0005"&#xD;
-&gt; done: EditFormSteps.GivenIEnterNewConcededEventTimeOf("0005") (1.1s)&#xD;
And I clicked Save button in action edit form&#xD;
-&gt; done: EditFormSteps.ClickSaveButtonInActionEditForm() (0.6s)&#xD;
Given Freekick for Team 1 is registered&#xD;
Given action failed. Retrying after a timeout.&#xD;
-&gt; done: FreeKickSteps.GivenFreekickForTeamIsRegistered(1) (1.4s)&#xD;
When I click on latest "FreeKick" event in action log&#xD;
-&gt; done: ActionLogSteps.GivenIClickOnLatestEventInActionLog(FreeKick) (0.2s)&#xD;
And I enter new conceded event time of "0025"&#xD;
-&gt; done: EditFormSteps.GivenIEnterNewConcededEventTimeOf("0025") (1.0s)&#xD;
And I click Save button in action edit form&#xD;
-&gt; done: EditFormSteps.ClickSaveButtonInActionEditForm() (0.6s)&#xD;
And Move game action before button is clicked in move game action dialog&#xD;
-&gt; done: MoveGameActionDialogSteps.WhenMoveGameActionBeforeButtonIsClickedInMoveGameActionDialog() (0.1s)&#xD;
And Keep existing order button is clicked in move game action dialog&#xD;
-&gt; done: MoveGameActionDialogSteps.WhenKeepExistingOrderButtonIsClickedInMoveGameActionDialog() (0.2s)&#xD;
Then 2 event in action log is of type "FreeKick"&#xD;
-&gt; done: ActionLogSteps.ThenEventInActionLogIsOfType(2, FreeKick) (0.1s)&#xD;
sandbox: CleanUpAfterTestRun started.&#xD;
sandbox: application pages != null: True&#xD;
sandbox: web driver!= null: True&#xD;
sandbox: CleanUpAfterTestRun complete.</StdOut>
      </Output>
    </UnitTestResult>
    <UnitTestResult executionId="cd8ca114-8a6e-4307-be60-9929961e0af0" testId="087faf8f-6fab-0dbd-8e63-d64db86590fa" testName="WhenActionTimeChangedBetweenItemsItIsMovedBetweenThemInActionLog" computerName="EC2AMAZ-JEOO151" duration="00:00:14.9350000" startTime="2019-07-11T17:42:42.0000000+00:00" endTime="2019-07-11T17:42:57.0000000+00:00" testType="13cdc9d9-ddb5-4fa4-a97d-d965ccfc6d4b" outcome="Passed" testListId="8c84fa94-04c1-424b-9868-57a2d4851a1d" relativeResultsDirectory="cd8ca114-8a6e-4307-be60-9929961e0af0">
      <Output>
        <StdOut>sandbox: PrepareForTestRun started.&#xD;
sandbox: football liveStatsApp != null: True &#xD;
sandbox: football liveStatsApp.IsProcessRunning: True &#xD;
sandbox: setupLocalData: localDatabaseProvider != null: True&#xD;
sandbox: applicationPages != null: True&#xD;
sandbox: applicationPages.Webdriver != null: True&#xD;
sandbox: finished setuping local data&#xD;
sandbox: PrepareForTestRun complete.&#xD;
Given Match started with kick off from existing game&#xD;
-&gt; done: SetupGameSteps.GivenMatchStartedWithKickOffButtonFromExistingGame() (3.3s)&#xD;
And GoalKick for Team 1 is registered&#xD;
-&gt; done: GoalKickSteps.GivenGoalKickForTeamIsRegistered(1) (0.9s)&#xD;
And GoalKick for Team 1 is registered&#xD;
-&gt; done: GoalKickSteps.GivenGoalKickForTeamIsRegistered(1) (0.6s)&#xD;
And GoalKick for Team 1 is registered&#xD;
-&gt; done: GoalKickSteps.GivenGoalKickForTeamIsRegistered(1) (0.6s)&#xD;
And I clicked on 1 of type "GoalKick" event in action log&#xD;
-&gt; done: ActionLogSteps.GivenIClickOnLatestEventInActionLog(1, GoalKick) (0.2s)&#xD;
And I entered new conceded event time of "0050"&#xD;
-&gt; done: EditFormSteps.GivenIEnterNewConcededEventTimeOf("0050") (1.0s)&#xD;
And I clicked Save button in action edit form&#xD;
-&gt; done: EditFormSteps.ClickSaveButtonInActionEditForm() (0.6s)&#xD;
And I clicked on 2 of type "GoalKick" event in action log&#xD;
-&gt; done: ActionLogSteps.GivenIClickOnLatestEventInActionLog(2, GoalKick) (0.1s)&#xD;
And I entered new conceded event time of "0025"&#xD;
-&gt; done: EditFormSteps.GivenIEnterNewConcededEventTimeOf("0025") (1.0s)&#xD;
And I clicked Save button in action edit form&#xD;
-&gt; done: EditFormSteps.ClickSaveButtonInActionEditForm() (0.6s)&#xD;
And I clicked on 3 of type "GoalKick" event in action log&#xD;
-&gt; done: ActionLogSteps.GivenIClickOnLatestEventInActionLog(3, GoalKick) (0.1s)&#xD;
And I entered new conceded event time of "0005"&#xD;
-&gt; done: EditFormSteps.GivenIEnterNewConcededEventTimeOf("0005") (1.0s)&#xD;
And I clicked Save button in action edit form&#xD;
-&gt; done: EditFormSteps.ClickSaveButtonInActionEditForm() (0.6s)&#xD;
Given Freekick for Team 1 is registered&#xD;
Given action failed. Retrying after a timeout.&#xD;
-&gt; done: FreeKickSteps.GivenFreekickForTeamIsRegistered(1) (1.3s)&#xD;
When I click on latest "FreeKick" event in action log&#xD;
-&gt; done: ActionLogSteps.GivenIClickOnLatestEventInActionLog(FreeKick) (0.3s)&#xD;
And I enter new conceded event time of "0020"&#xD;
-&gt; done: EditFormSteps.GivenIEnterNewConcededEventTimeOf("0020") (1.1s)&#xD;
And I click Save button in action edit form&#xD;
-&gt; done: EditFormSteps.ClickSaveButtonInActionEditForm() (0.6s)&#xD;
Then 3 event in action log is of type "FreeKick"&#xD;
-&gt; done: ActionLogSteps.ThenEventInActionLogIsOfType(3, FreeKick) (0.0s)&#xD;
sandbox: CleanUpAfterTestRun started.&#xD;
sandbox: application pages != null: True&#xD;
sandbox: web driver!= null: True&#xD;
sandbox: CleanUpAfterTestRun complete.</StdOut>
      </Output>
    </UnitTestResult>
    <UnitTestResult executionId="102c1afe-119a-4a7f-b99e-25cbe20b2626" testId="8b0acf21-dec6-2072-b083-f6d758829c4b" testName="FlagsCornerIfShotStartedFromMiddleOfCornerWorkflow(&quot;pitch location&quot;,&quot;1&quot;,null)" computerName="EC2AMAZ-JEOO151" duration="00:00:05.2670000" startTime="2019-07-11T19:23:52.0000000+00:00" endTime="2019-07-11T19:23:57.0000000+00:00" testType="13cdc9d9-ddb5-4fa4-a97d-d965ccfc6d4b" outcome="Passed" testListId="8c84fa94-04c1-424b-9868-57a2d4851a1d" relativeResultsDirectory="102c1afe-119a-4a7f-b99e-25cbe20b2626">
      <Output>
        <StdOut>sandbox: PrepareForTestRun started.&#xD;
sandbox: football liveStatsApp != null: True &#xD;
sandbox: football liveStatsApp.IsProcessRunning: True &#xD;
sandbox: setupLocalData: localDatabaseProvider != null: True&#xD;
sandbox: applicationPages != null: True&#xD;
sandbox: applicationPages.Webdriver != null: True&#xD;
sandbox: finished setuping local data&#xD;
sandbox: PrepareForTestRun complete.&#xD;
Given Match started with kick off from existing game&#xD;
-&gt; done: SetupGameSteps.GivenMatchStartedWithKickOffButtonFromExistingGame() (3.3s)&#xD;
Given Corner for team "1" workflow entered till pitch location selection&#xD;
-&gt; done: CornerSteps.GivenCornerForTeamAndWorkflowEnteredTillLocationSelection(1) (0.7s)&#xD;
When I click "Shot" button for team 1&#xD;
Given action failed. Retrying after a timeout.&#xD;
-&gt; done: TeamActionButtonSteps.GivenIClickShotButtonForTeam(1) (0.4s)&#xD;
Then Latest action of type "Corner" is flagged&#xD;
-&gt; done: ActionLogSteps.ThenLatestEventInActionLogOfTypeIsFlagged(Corner) (0.0s)&#xD;
sandbox: CleanUpAfterTestRun started.&#xD;
sandbox: application pages != null: True&#xD;
sandbox: web driver!= null: True&#xD;
sandbox: CleanUpAfterTestRun complete.</StdOut>
      </Output>
    </UnitTestResult>
    <UnitTestResult executionId="7f8e8559-eed1-405b-90db-d2b8909ee3d8" testId="fc530fd0-958c-e633-ce08-b5fee4bbee5b" testName="PitchAndPossessionIsSetOnETSecondHalf" computerName="EC2AMAZ-JEOO151" duration="00:00:24.0310000" startTime="2019-07-11T19:52:32.0000000+00:00" endTime="2019-07-11T19:52:56.0000000+00:00" testType="13cdc9d9-ddb5-4fa4-a97d-d965ccfc6d4b" outcome="Passed" testListId="8c84fa94-04c1-424b-9868-57a2d4851a1d" relativeResultsDirectory="7f8e8559-eed1-405b-90db-d2b8909ee3d8">
      <Output>
        <StdOut>sandbox: PrepareForTestRun started.&#xD;
sandbox: football liveStatsApp != null: True &#xD;
sandbox: football liveStatsApp.IsProcessRunning: True &#xD;
sandbox: setupLocalData: localDatabaseProvider != null: True&#xD;
sandbox: applicationPages != null: True&#xD;
sandbox: applicationPages.Webdriver != null: True&#xD;
sandbox: finished setuping local data&#xD;
sandbox: PrepareForTestRun complete.&#xD;
Given Game is kicked of with No. of subs set to 1 and Period Length to 45 and Extra Time set to true and Penalty Shoot-Out set to true&#xD;
-&gt; done: SetupGameSteps.GivenGameIsKickedOfWithNoOfPeriodsSetToAndPeriodLengthToAndExtraTimeSetToFalse(1, 45, True, True) (8.8s)&#xD;
And I clicked on pitch x 50 and y 60&#xD;
Failed to find element with query '[data-qa='activePitchOverlay']'. Web driver timeout exception.&#xD;
Given action failed. Retrying after a timeout.&#xD;
Failed to find element with query '[data-qa='activePitchOverlay']'. Web driver timeout exception.&#xD;
-&gt; done: PitchScreenSteps.WhenIClickOnPitch(50, 60) (4.4s)&#xD;
And I set clock and end half&#xD;
-&gt; done: PitchClockSteps.WhenFirstHalfIsEndedWithoutTime() (2.3s)&#xD;
When I confirm ended half&#xD;
-&gt; done: PitchClockSteps.WhenIConfirmEndedHalf() (0.4s)&#xD;
And I start next half&#xD;
-&gt; done: PitchClockSteps.WhenStartNextHalf() (0.4s)&#xD;
And I finish and proceed to next phase&#xD;
-&gt; done: PitchClockSteps.WhenIFinishAndProceedToNextPhase() (2.9s)&#xD;
And I finish and proceed to next phase&#xD;
-&gt; done: PitchClockSteps.WhenIFinishAndProceedToNextPhase() (3.0s)&#xD;
Then team 2 possession button is highligthed&#xD;
-&gt; done: ScoreBoardSteps.ThenTeamPossessionButtonIsHighligthed(2) (0.2s)&#xD;
And team 1 possession button is not highligthed&#xD;
-&gt; done: ScoreBoardSteps.ThenTeamPossessionButtonIsNotHighligthed(1) (0.1s)&#xD;
And ball marker is shown in the centre of the pitch&#xD;
-&gt; done: BallMarkerSteps.ThenBallMarkerIsShownInTheCentreOfThePitch() (0.1s)&#xD;
sandbox: CleanUpAfterTestRun started.&#xD;
sandbox: application pages != null: True&#xD;
sandbox: web driver!= null: True&#xD;
Given action failed. Retrying after a timeout. Most likely UI was not fast enough to refresh itself.&#xD;
sandbox: CleanUpAfterTestRun complete.</StdOut>
      </Output>
    </UnitTestResult>
    <UnitTestResult executionId="f319febc-9fe6-4a2c-ab5a-d97d4dca420e" testId="8160dcac-1e7b-c78c-5791-b21536596c57" testName="GivenGameWithShotsRegistered_WhenSelectingShotFilters_ThenShowsOnlyShots" computerName="EC2AMAZ-JEOO151" duration="00:00:09.2140000" startTime="2019-07-11T21:23:10.0000000+00:00" endTime="2019-07-11T21:23:19.0000000+00:00" testType="13cdc9d9-ddb5-4fa4-a97d-d965ccfc6d4b" outcome="Passed" testListId="8c84fa94-04c1-424b-9868-57a2d4851a1d" relativeResultsDirectory="f319febc-9fe6-4a2c-ab5a-d97d4dca420e">
      <Output>
        <StdOut>sandbox: PrepareForTestRun started.&#xD;
sandbox: football liveStatsApp != null: True &#xD;
sandbox: football liveStatsApp.IsProcessRunning: True &#xD;
sandbox: setupLocalData: localDatabaseProvider != null: True&#xD;
sandbox: applicationPages != null: True&#xD;
sandbox: applicationPages.Webdriver != null: True&#xD;
sandbox: finished setuping local data&#xD;
sandbox: PrepareForTestRun complete.&#xD;
Given action failed. Retrying after a timeout.&#xD;
sandbox: CleanUpAfterTestRun started.&#xD;
sandbox: application pages != null: True&#xD;
sandbox: web driver!= null: True&#xD;
sandbox: CleanUpAfterTestRun complete.</StdOut>
      </Output>
    </UnitTestResult>
    <UnitTestResult executionId="fbf95667-c3da-4f1e-b54f-9ce6d3a7987c" testId="753e3bea-35f3-6647-e866-9d6153b1c19d" testName="GivenBenchHasCards_WhenUsingFiltersForCoaches_ThenCorrectItemsReturned" computerName="EC2AMAZ-JEOO151" duration="00:00:12.1550000" startTime="2019-07-11T21:21:40.0000000+00:00" endTime="2019-07-11T21:21:52.0000000+00:00" testType="13cdc9d9-ddb5-4fa4-a97d-d965ccfc6d4b" outcome="Passed" testListId="8c84fa94-04c1-424b-9868-57a2d4851a1d" relativeResultsDirectory="fbf95667-c3da-4f1e-b54f-9ce6d3a7987c">
      <Output>
        <StdOut>sandbox: PrepareForTestRun started.&#xD;
sandbox: football liveStatsApp != null: True &#xD;
sandbox: football liveStatsApp.IsProcessRunning: True &#xD;
sandbox: setupLocalData: localDatabaseProvider != null: True&#xD;
sandbox: applicationPages != null: True&#xD;
sandbox: applicationPages.Webdriver != null: True&#xD;
sandbox: finished setuping local data&#xD;
sandbox: PrepareForTestRun complete.&#xD;
Given action failed. Retrying after a timeout.&#xD;
sandbox: CleanUpAfterTestRun started.&#xD;
sandbox: application pages != null: True&#xD;
sandbox: web driver!= null: True&#xD;
sandbox: CleanUpAfterTestRun complete.</StdOut>
      </Output>
    </UnitTestResult>
    <UnitTestResult executionId="abf1fdde-010c-4788-b5a2-d637e6d04ce6" testId="ed9eb185-8212-4c99-bc61-7aeac1e7f22c" testName="CardActionCanBeUnflagged" computerName="EC2AMAZ-JEOO151" duration="00:00:13.2330000" startTime="2019-07-11T19:39:46.0000000+00:00" endTime="2019-07-11T19:39:59.0000000+00:00" testType="13cdc9d9-ddb5-4fa4-a97d-d965ccfc6d4b" outcome="Passed" testListId="8c84fa94-04c1-424b-9868-57a2d4851a1d" relativeResultsDirectory="abf1fdde-010c-4788-b5a2-d637e6d04ce6">
      <Output>
        <StdOut>sandbox: PrepareForTestRun started.&#xD;
sandbox: football liveStatsApp != null: True &#xD;
sandbox: football liveStatsApp.IsProcessRunning: True &#xD;
sandbox: setupLocalData: localDatabaseProvider != null: True&#xD;
sandbox: applicationPages != null: True&#xD;
sandbox: applicationPages.Webdriver != null: True&#xD;
sandbox: finished setuping local data&#xD;
sandbox: PrepareForTestRun complete.&#xD;
Given Match started with kick off from existing game&#xD;
-&gt; done: SetupGameSteps.GivenMatchStartedWithKickOffButtonFromExistingGame() (3.2s)&#xD;
Given "Yellow" Card for Team 1 is registered&#xD;
-&gt; done: CardSteps.GivenCardForTeamIsRegistered(Yellow, 1) (3.5s)&#xD;
And "Red" Card for Team 1 is registered&#xD;
-&gt; done: CardSteps.GivenCardForTeamIsRegistered(Red, 1) (3.0s)&#xD;
When I click on 1 of type "Booking" event in action log&#xD;
-&gt; done: ActionLogSteps.GivenIClickOnLatestEventInActionLog(1, Booking) (0.2s)&#xD;
And I click Flag &amp; Save button in action edit form&#xD;
-&gt; done: EditFormSteps.ClickFlagAndSaveInActionEditForm() (0.4s)&#xD;
And I click on 1 of type "Booking" event in action log&#xD;
-&gt; done: ActionLogSteps.GivenIClickOnLatestEventInActionLog(1, Booking) (0.1s)&#xD;
And I click Save button in action edit form&#xD;
-&gt; done: EditFormSteps.ClickSaveButtonInActionEditForm() (0.6s)&#xD;
And I click on 2 of type "Booking" event in action log&#xD;
-&gt; done: ActionLogSteps.GivenIClickOnLatestEventInActionLog(2, Booking) (0.1s)&#xD;
And I click Flag &amp; Save button in action edit form&#xD;
-&gt; done: EditFormSteps.ClickFlagAndSaveInActionEditForm() (0.4s)&#xD;
And I click on 2 of type "Booking" event in action log&#xD;
-&gt; done: ActionLogSteps.GivenIClickOnLatestEventInActionLog(2, Booking) (0.1s)&#xD;
And I click Save button in action edit form&#xD;
-&gt; done: EditFormSteps.ClickSaveButtonInActionEditForm() (0.6s)&#xD;
Then 1 event in action log of type "Booking" is not flagged&#xD;
-&gt; done: ActionLogSteps.ThenEventInActionLogOfTypeIsNotFlagged(1, Booking) (0.0s)&#xD;
And 2 event in action log of type "Booking" is not flagged&#xD;
-&gt; done: ActionLogSteps.ThenEventInActionLogOfTypeIsNotFlagged(2, Booking) (0.0s)&#xD;
sandbox: CleanUpAfterTestRun started.&#xD;
sandbox: application pages != null: True&#xD;
sandbox: web driver!= null: True&#xD;
sandbox: CleanUpAfterTestRun complete.</StdOut>
      </Output>
    </UnitTestResult>
    <UnitTestResult executionId="f96d113b-fd57-45b7-b6de-f3a4f453ab06" testId="116dcf32-ec23-0fb3-1dbb-7e75d8c8a848" testName="SecondPeriodKick_OffCanBeDeleted" computerName="EC2AMAZ-JEOO151" duration="00:00:11.4320000" startTime="2019-07-11T17:40:47.0000000+00:00" endTime="2019-07-11T17:40:58.0000000+00:00" testType="13cdc9d9-ddb5-4fa4-a97d-d965ccfc6d4b" outcome="Passed" testListId="8c84fa94-04c1-424b-9868-57a2d4851a1d" relativeResultsDirectory="f96d113b-fd57-45b7-b6de-f3a4f453ab06">
      <Output>
        <StdOut>sandbox: PrepareForTestRun started.&#xD;
sandbox: football liveStatsApp != null: True &#xD;
sandbox: football liveStatsApp.IsProcessRunning: True &#xD;
sandbox: setupLocalData: localDatabaseProvider != null: True&#xD;
sandbox: applicationPages != null: True&#xD;
sandbox: applicationPages.Webdriver != null: True&#xD;
sandbox: finished setuping local data&#xD;
sandbox: PrepareForTestRun complete.&#xD;
Given Match started with kick off from existing game&#xD;
-&gt; done: SetupGameSteps.GivenMatchStartedWithKickOffButtonFromExistingGame() (3.3s)&#xD;
Given I finished and proceeded to next phase&#xD;
-&gt; done: PitchClockSteps.WhenIFinishAndProceedToNextPhase() (3.3s)&#xD;
And Clock minutes value is set to "48"&#xD;
-&gt; done: PitchClockSteps.WhenISetClockMinutesValueTo(48) (1.4s)&#xD;
When I open Expanded Action log&#xD;
-&gt; done: ActionLogSteps.WhenIClickExpandActionLogButton() (0.1s)&#xD;
And I delete latest "PhaseStart" action in expanded log&#xD;
-&gt; done: ExpandedActionLogSteps.WhenIDeleteLatestActionInExpandedLog(PhaseStart) (0.5s)&#xD;
And I close expanded action log page&#xD;
-&gt; done: ExpandedActionLogSteps.WhenICloseExpandedActionLogPage() (0.1s)&#xD;
Then Pitch View is shown&#xD;
-&gt; done: PitchScreenSteps.PitchViewIsShown() (0.0s)&#xD;
And Game Clock is not counting up&#xD;
-&gt; done: PitchClockSteps.ThenGameClockIsBotCountingUp() (1.6s)&#xD;
And Clock value is "45:00"&#xD;
-&gt; done: PitchClockSteps.ThenClockValueIs("45:00") (0.0s)&#xD;
And "2nd Half Pending" is contained in clock header&#xD;
-&gt; done: PitchClockSteps.ThenIsContainedInClockHeader("2nd Half Pending") (0.1s)&#xD;
sandbox: CleanUpAfterTestRun started.&#xD;
sandbox: application pages != null: True&#xD;
sandbox: web driver!= null: True&#xD;
sandbox: CleanUpAfterTestRun complete.</StdOut>
      </Output>
    </UnitTestResult>
    <UnitTestResult executionId="7542df8d-7c19-4b1f-af15-05f6e64afa3f" testId="6113174b-eb7d-ec0b-603c-c0d108544925" testName="FlagAndContinueShot" computerName="EC2AMAZ-JEOO151" duration="00:00:06.1340000" startTime="2019-07-11T19:47:07.0000000+00:00" endTime="2019-07-11T19:47:14.0000000+00:00" testType="13cdc9d9-ddb5-4fa4-a97d-d965ccfc6d4b" outcome="Passed" testListId="8c84fa94-04c1-424b-9868-57a2d4851a1d" relativeResultsDirectory="7542df8d-7c19-4b1f-af15-05f6e64afa3f">
      <Output>
        <StdOut>sandbox: PrepareForTestRun started.&#xD;
sandbox: football liveStatsApp != null: True &#xD;
sandbox: football liveStatsApp.IsProcessRunning: True &#xD;
sandbox: setupLocalData: localDatabaseProvider != null: True&#xD;
sandbox: applicationPages != null: True&#xD;
sandbox: applicationPages.Webdriver != null: True&#xD;
sandbox: finished setuping local data&#xD;
sandbox: PrepareForTestRun complete.&#xD;
Given Match started with kick off from existing game&#xD;
-&gt; done: SetupGameSteps.GivenMatchStartedWithKickOffButtonFromExistingGame() (3.3s)&#xD;
When I click "Shot" button for team 1&#xD;
Given action failed. Retrying after a timeout.&#xD;
-&gt; done: TeamActionButtonSteps.GivenIClickShotButtonForTeam(1) (0.9s)&#xD;
And I flag and continue&#xD;
-&gt; done: WorkflowSteps.WhenIFlagAndContinue() (0.1s)&#xD;
Then 1 event in action log of type "Shot" is flagged&#xD;
-&gt; done: ActionLogSteps.ThenEventInActionLogOfTypeIsFlagged(1, Shot) (0.1s)&#xD;
sandbox: CleanUpAfterTestRun started.&#xD;
sandbox: application pages != null: True&#xD;
sandbox: web driver!= null: True&#xD;
sandbox: CleanUpAfterTestRun complete.</StdOut>
      </Output>
    </UnitTestResult>
    <UnitTestResult executionId="a3d589ac-dc6e-413b-a018-854e8dd3caf3" testId="487327dd-7f40-8526-e7f6-0ee182f24e7f" testName="CardTypeChangeAndReasonReset(&quot;Yellow&quot;,&quot;Red&quot;,null)" computerName="EC2AMAZ-JEOO151" duration="00:00:09.1170000" startTime="2019-07-11T17:48:49.0000000+00:00" endTime="2019-07-11T17:48:58.0000000+00:00" testType="13cdc9d9-ddb5-4fa4-a97d-d965ccfc6d4b" outcome="Passed" testListId="8c84fa94-04c1-424b-9868-57a2d4851a1d" relativeResultsDirectory="a3d589ac-dc6e-413b-a018-854e8dd3caf3">
      <Output>
        <StdOut>sandbox: PrepareForTestRun started.&#xD;
sandbox: football liveStatsApp != null: True &#xD;
sandbox: football liveStatsApp.IsProcessRunning: True &#xD;
sandbox: setupLocalData: localDatabaseProvider != null: True&#xD;
sandbox: applicationPages != null: True&#xD;
sandbox: applicationPages.Webdriver != null: True&#xD;
sandbox: finished setuping local data&#xD;
sandbox: PrepareForTestRun complete.&#xD;
Given Match started with kick off from existing game&#xD;
-&gt; done: SetupGameSteps.GivenMatchStartedWithKickOffButtonFromExistingGame() (3.2s)&#xD;
And I remembered current players on pitch shirt numbers&#xD;
-&gt; done: GoalEditSteps.GivenIRememberCurrentPlayersOnPitch() (1.6s)&#xD;
Given "Yellow" Card for Team "1" player with shirt number "4" is registered&#xD;
Given action failed. Retrying after a timeout.&#xD;
-&gt; done: CardSteps.GivenCardForTeamPlayerWithShirtNumberIsRegistered(Yellow, 1, 4) (3.2s)&#xD;
When I click on 1 of type "Booking" event in action log&#xD;
-&gt; done: ActionLogSteps.GivenIClickOnLatestEventInActionLog(1, Booking) (0.2s)&#xD;
And I click "Red" card in card edit page&#xD;
-&gt; done: CardEditSteps.WhenIClickCardInCardEditPage("Red") (0.1s)&#xD;
Then Card reason button text is "CLICK TO SELECT CARD REASON" in card edit page&#xD;
-&gt; done: CardEditSteps.ThenCardReasonButtonTextIsInCardEditPage("CLICK TO SELECT C...") (0.0s)&#xD;
sandbox: CleanUpAfterTestRun started.&#xD;
sandbox: application pages != null: True&#xD;
sandbox: web driver!= null: True&#xD;
sandbox: CleanUpAfterTestRun complete.</StdOut>
      </Output>
    </UnitTestResult>
    <UnitTestResult executionId="900a3301-e5a0-4e86-a4f8-3face70017f3" testId="dc164155-0997-146f-0c88-fb287b956124" testName="CanSubstitutePlayerFromBench" computerName="EC2AMAZ-JEOO151" duration="00:00:13.2930000" startTime="2019-07-11T17:24:18.0000000+00:00" endTime="2019-07-11T17:24:31.0000000+00:00" testType="13cdc9d9-ddb5-4fa4-a97d-d965ccfc6d4b" outcome="Passed" testListId="8c84fa94-04c1-424b-9868-57a2d4851a1d" relativeResultsDirectory="900a3301-e5a0-4e86-a4f8-3face70017f3">
      <Output>
        <StdOut>sandbox: PrepareForTestRun started.&#xD;
sandbox: football liveStatsApp != null: True &#xD;
sandbox: football liveStatsApp.IsProcessRunning: True &#xD;
sandbox: setupLocalData: localDatabaseProvider != null: True&#xD;
sandbox: applicationPages != null: True&#xD;
sandbox: applicationPages.Webdriver != null: True&#xD;
sandbox: finished setuping local data&#xD;
sandbox: PrepareForTestRun complete.&#xD;
Given I am in formations tab&#xD;
-&gt; done: TeamsFormationsTabSteps.GivenIAmInFormationsTab() (6.7s)&#xD;
And All starters are added into formation for team 1&#xD;
-&gt; done: TeamsFormationsTabSteps.GivenAllPlayersAreAddedIntoFormation(1) (2.0s)&#xD;
And All starters are added into formation for team 2&#xD;
-&gt; done: TeamsFormationsTabSteps.GivenAllPlayersAreAddedIntoFormation(2) (2.0s)&#xD;
When I select "4-4-2" formation for team 1&#xD;
-&gt; done: TeamsFormationsTabSteps.WhenISelectFormationForTeam("4-4-2", 1) (0.3s)&#xD;
And I click on bench player 20 of team 1&#xD;
-&gt; done: TeamsFormationsTabSteps.WhenIClickOnBenchPlayerOfTeam(20, 1) (0.1s)&#xD;
And I click on court player 10 of team 1&#xD;
-&gt; done: TeamsFormationsTabSteps.WhenIClickOnCourtPlayerOfTeam(10, 1) (0.4s)&#xD;
Then player 10 of team 1 is on bench&#xD;
-&gt; done: TeamsFormationsTabSteps.ThenPlayerOfTeamIsOnBench(10, 1) (0.0s)&#xD;
And player 20 of team 1 is at location 8&#xD;
-&gt; done: TeamsFormationsTabSteps.ThenPlayerOfTeamIsAtLocation(20, 1, 8) (0.1s)&#xD;
sandbox: CleanUpAfterTestRun started.&#xD;
sandbox: application pages != null: True&#xD;
sandbox: web driver!= null: True&#xD;
Given action failed. Retrying after a timeout. Most likely UI was not fast enough to refresh itself.&#xD;
sandbox: CleanUpAfterTestRun complete.</StdOut>
      </Output>
    </UnitTestResult>
    <UnitTestResult executionId="8b093b08-9297-4e97-896c-085ecccf1f9b" testId="33535701-d412-1c7b-a73f-0362eca7055b" testName="GivenPsoKickEditOpened_WhenToVarStands_ThenPsoStateUpdated" computerName="EC2AMAZ-JEOO151" duration="00:00:24.5660000" startTime="2019-07-11T20:39:10.0000000+00:00" endTime="2019-07-11T20:39:35.0000000+00:00" testType="13cdc9d9-ddb5-4fa4-a97d-d965ccfc6d4b" outcome="Passed" testListId="8c84fa94-04c1-424b-9868-57a2d4851a1d" relativeResultsDirectory="8b093b08-9297-4e97-896c-085ecccf1f9b">
      <Output>
        <StdOut>sandbox: PrepareForTestRun started.&#xD;
sandbox: football liveStatsApp != null: True &#xD;
sandbox: football liveStatsApp.IsProcessRunning: True &#xD;
sandbox: setupLocalData: localDatabaseProvider != null: True&#xD;
sandbox: applicationPages != null: True&#xD;
sandbox: applicationPages.Webdriver != null: True&#xD;
sandbox: finished setuping local data&#xD;
sandbox: PrepareForTestRun complete.&#xD;
Given action failed. Retrying after a timeout. Most likely UI was not fast enough to refresh itself.&#xD;
sandbox: CleanUpAfterTestRun started.&#xD;
sandbox: application pages != null: True&#xD;
sandbox: web driver!= null: True&#xD;
sandbox: CleanUpAfterTestRun complete.</StdOut>
      </Output>
    </UnitTestResult>
    <UnitTestResult executionId="d91c84f9-51b4-494e-8d28-c24576773dcf" testId="e63b80f4-a542-adfd-8bf6-d9ceb9cbfada" testName="GivenGameFinished_ThenGameFinalizeIsAvailable" computerName="EC2AMAZ-JEOO151" duration="00:00:15.5990000" startTime="2019-07-11T21:39:01.0000000+00:00" endTime="2019-07-11T21:39:17.0000000+00:00" testType="13cdc9d9-ddb5-4fa4-a97d-d965ccfc6d4b" outcome="Passed" testListId="8c84fa94-04c1-424b-9868-57a2d4851a1d" relativeResultsDirectory="d91c84f9-51b4-494e-8d28-c24576773dcf">
      <Output>
        <StdOut>sandbox: PrepareForTestRun started.&#xD;
sandbox: football liveStatsApp != null: True &#xD;
sandbox: football liveStatsApp.IsProcessRunning: True &#xD;
sandbox: setupLocalData: localDatabaseProvider != null: True&#xD;
sandbox: applicationPages != null: True&#xD;
sandbox: applicationPages.Webdriver != null: True&#xD;
sandbox: finished setuping local data&#xD;
sandbox: PrepareForTestRun complete.&#xD;
sandbox: CleanUpAfterTestRun started.&#xD;
sandbox: application pages != null: True&#xD;
sandbox: web driver!= null: True&#xD;
sandbox: CleanUpAfterTestRun complete.</StdOut>
      </Output>
    </UnitTestResult>
    <UnitTestResult executionId="3bc73c29-99ed-42a0-8468-0d886c2955ee" testId="50420cd9-6dc3-9c0b-b1e4-285678d9971e" testName="StartShotFromCornerWorkflow(&quot;confirmation&quot;,&quot;1&quot;,null)" computerName="EC2AMAZ-JEOO151" duration="00:00:06.5170000" startTime="2019-07-11T19:24:58.0000000+00:00" endTime="2019-07-11T19:25:04.0000000+00:00" testType="13cdc9d9-ddb5-4fa4-a97d-d965ccfc6d4b" outcome="Passed" testListId="8c84fa94-04c1-424b-9868-57a2d4851a1d" relativeResultsDirectory="3bc73c29-99ed-42a0-8468-0d886c2955ee">
      <Output>
        <StdOut>sandbox: PrepareForTestRun started.&#xD;
sandbox: football liveStatsApp != null: True &#xD;
sandbox: football liveStatsApp.IsProcessRunning: True &#xD;
sandbox: setupLocalData: localDatabaseProvider != null: True&#xD;
sandbox: applicationPages != null: True&#xD;
sandbox: applicationPages.Webdriver != null: True&#xD;
sandbox: finished setuping local data&#xD;
sandbox: PrepareForTestRun complete.&#xD;
Given Match started with kick off from existing game&#xD;
-&gt; done: SetupGameSteps.GivenMatchStartedWithKickOffButtonFromExistingGame() (3.2s)&#xD;
Given Corner for team "1" workflow entered till confirmation selection&#xD;
-&gt; done: CornerSteps.GivenCornerForTeamAndWorkflowEnteredTillReasonSelection(1) (0.8s)&#xD;
When I click "Shot" button for team 1&#xD;
Given action failed. Retrying after a timeout.&#xD;
-&gt; done: TeamActionButtonSteps.GivenIClickShotButtonForTeam(1) (0.5s)&#xD;
Then Latest "Corner" event is in progress&#xD;
-&gt; done: ActionLogSteps.ThenLatestEventInProgress(Corner) (0.0s)&#xD;
And Latest "Corner" event is not active&#xD;
-&gt; done: ActionLogSteps.ThenLatestEventInNotActive(Corner) (0.0s)&#xD;
And team 1 players are enabled&#xD;
-&gt; done: PitchPlayersComponentSteps.ThenTeamPlayersAreEnabled(1) (0.1s)&#xD;
And Workflow message is shown for "Shot" action&#xD;
-&gt; done: PitchBottomMessageBarSteps.ThenMessageContainsShown("Shot") (0.1s)&#xD;
And Notification "Select shot taker..." is shown&#xD;
-&gt; done: PitchBottomMessageBarSteps.ThenIsShown("Select shot taker...") (0.1s)&#xD;
sandbox: CleanUpAfterTestRun started.&#xD;
sandbox: application pages != null: True&#xD;
sandbox: web driver!= null: True&#xD;
sandbox: CleanUpAfterTestRun complete.</StdOut>
      </Output>
    </UnitTestResult>
    <UnitTestResult executionId="d92bd502-062d-43e0-85fe-6ded8adbba0c" testId="1e996225-6981-7956-f651-caf67dcb7b96" testName="FootballSelectVarReasonAndOutcome(&quot;Stands&quot;,&quot;Offence&quot;,null)" computerName="EC2AMAZ-JEOO151" duration="00:00:10.1990000" startTime="2019-07-11T18:03:28.0000000+00:00" endTime="2019-07-11T18:03:39.0000000+00:00" testType="13cdc9d9-ddb5-4fa4-a97d-d965ccfc6d4b" outcome="Passed" testListId="8c84fa94-04c1-424b-9868-57a2d4851a1d" relativeResultsDirectory="d92bd502-062d-43e0-85fe-6ded8adbba0c">
      <Output>
        <StdOut>sandbox: PrepareForTestRun started.&#xD;
sandbox: football liveStatsApp != null: True &#xD;
sandbox: football liveStatsApp.IsProcessRunning: True &#xD;
sandbox: setupLocalData: localDatabaseProvider != null: True&#xD;
sandbox: applicationPages != null: True&#xD;
sandbox: applicationPages.Webdriver != null: True&#xD;
sandbox: finished setuping local data&#xD;
sandbox: PrepareForTestRun complete.&#xD;
Given Match started with kick off from existing game&#xD;
-&gt; done: SetupGameSteps.GivenMatchStartedWithKickOffButtonFromExistingGame() (3.3s)&#xD;
And I remembered current players on pitch shirt numbers&#xD;
-&gt; done: GoalEditSteps.GivenIRememberCurrentPlayersOnPitch() (1.6s)&#xD;
And I add a goal for team 1 player 4 assisted by player 13&#xD;
Given action failed. Retrying after a timeout.&#xD;
-&gt; done: GoalSteps.GivenIAddAGoalForTeamPlayerAssistedByPlayer(1, 4, 13) (4.0s)&#xD;
And I click goal event in action log&#xD;
-&gt; done: ActionLogSteps.GivenIClickGoalEventInActionLog() (0.3s)&#xD;
When I click "VAR" toggle&#xD;
-&gt; done: EditFormSteps.GivenIClickToggleToEnable() (0.1s)&#xD;
And I click Var "Stands" button&#xD;
-&gt; done: EditFormSteps.WhenIClickVarStandsButton() (0.1s)&#xD;
And I click VAR reason button&#xD;
-&gt; done: EditFormSteps.WhenIClickVarReasonButton() (0.0s)&#xD;
And I select VAR reason Offence&#xD;
-&gt; done: EditFormSteps.WhenISelectVarReason("Offence") (0.1s)&#xD;
Then "Save" of edit screen is enabled&#xD;
-&gt; done: EditFormSteps.ThenOfEditScreenIsEnabled() (0.0s)&#xD;
sandbox: CleanUpAfterTestRun started.&#xD;
sandbox: application pages != null: True&#xD;
sandbox: web driver!= null: True&#xD;
sandbox: CleanUpAfterTestRun complete.</StdOut>
      </Output>
    </UnitTestResult>
    <UnitTestResult executionId="94401a60-eed8-47a8-9950-9acd2bd31f36" testId="42ab4b7d-f8d6-d8a7-183e-4ac5431f7a98" testName="GivenInterruption_WhenStartingCard_ThenInterruptionNotCanceled" computerName="EC2AMAZ-JEOO151" duration="00:00:10.2190000" startTime="2019-07-11T21:29:17.0000000+00:00" endTime="2019-07-11T21:29:28.0000000+00:00" testType="13cdc9d9-ddb5-4fa4-a97d-d965ccfc6d4b" outcome="Passed" testListId="8c84fa94-04c1-424b-9868-57a2d4851a1d" relativeResultsDirectory="94401a60-eed8-47a8-9950-9acd2bd31f36">
      <Output>
        <StdOut>sandbox: PrepareForTestRun started.&#xD;
sandbox: football liveStatsApp != null: True &#xD;
sandbox: football liveStatsApp.IsProcessRunning: True &#xD;
sandbox: setupLocalData: localDatabaseProvider != null: True&#xD;
sandbox: applicationPages != null: True&#xD;
sandbox: applicationPages.Webdriver != null: True&#xD;
sandbox: finished setuping local data&#xD;
sandbox: PrepareForTestRun complete.&#xD;
Given action failed. Retrying after a timeout.&#xD;
sandbox: CleanUpAfterTestRun started.&#xD;
sandbox: application pages != null: True&#xD;
sandbox: web driver!= null: True&#xD;
sandbox: CleanUpAfterTestRun complete.</StdOut>
      </Output>
    </UnitTestResult>
    <UnitTestResult executionId="cc82e180-2004-41d4-b575-8f639db99f45" testId="27ad5ee7-f887-563b-49c6-144de33d87d4" testName="GivenGameWithGoalInFirstHalf_WhenEditingGoalWhileInSecondHalf_ThenCanSaveData" computerName="EC2AMAZ-JEOO151" duration="00:00:18.5640000" startTime="2019-07-11T20:30:29.0000000+00:00" endTime="2019-07-11T20:30:47.0000000+00:00" testType="13cdc9d9-ddb5-4fa4-a97d-d965ccfc6d4b" outcome="Passed" testListId="8c84fa94-04c1-424b-9868-57a2d4851a1d" relativeResultsDirectory="cc82e180-2004-41d4-b575-8f639db99f45">
      <Output>
        <StdOut>sandbox: PrepareForTestRun started.&#xD;
sandbox: football liveStatsApp != null: True &#xD;
sandbox: football liveStatsApp.IsProcessRunning: True &#xD;
sandbox: setupLocalData: localDatabaseProvider != null: True&#xD;
sandbox: applicationPages != null: True&#xD;
sandbox: applicationPages.Webdriver != null: True&#xD;
sandbox: finished setuping local data&#xD;
sandbox: PrepareForTestRun complete.&#xD;
Given action failed. Retrying after a timeout.&#xD;
Failed to find data-qa element with tag 'setPitchLocationButton'. No such element exception.&#xD;
Failed to find element with query '[data-qa='goalEditScreen']'. Web driver timeout exception.&#xD;
sandbox: CleanUpAfterTestRun started.&#xD;
sandbox: application pages != null: True&#xD;
sandbox: web driver!= null: True&#xD;
sandbox: CleanUpAfterTestRun complete.</StdOut>
      </Output>
    </UnitTestResult>
    <UnitTestResult executionId="9eab8f44-fa8d-488e-82a8-f46e4271220e" testId="c01b2432-b051-27ae-42c0-70c0a49dea81" testName="FreeKickByTeamUpdateLocationsAndFoulOnPlayerUpdated" computerName="EC2AMAZ-JEOO151" duration="00:00:09.0320000" startTime="2019-07-11T17:57:18.0000000+00:00" endTime="2019-07-11T17:57:27.0000000+00:00" testType="13cdc9d9-ddb5-4fa4-a97d-d965ccfc6d4b" outcome="Passed" testListId="8c84fa94-04c1-424b-9868-57a2d4851a1d" relativeResultsDirectory="9eab8f44-fa8d-488e-82a8-f46e4271220e">
      <Output>
        <StdOut>sandbox: PrepareForTestRun started.&#xD;
sandbox: football liveStatsApp != null: True &#xD;
sandbox: football liveStatsApp.IsProcessRunning: True &#xD;
sandbox: setupLocalData: localDatabaseProvider != null: True&#xD;
sandbox: applicationPages != null: True&#xD;
sandbox: applicationPages.Webdriver != null: True&#xD;
sandbox: finished setuping local data&#xD;
sandbox: PrepareForTestRun complete.&#xD;
Given Match started with kick off from existing game&#xD;
-&gt; done: SetupGameSteps.GivenMatchStartedWithKickOffButtonFromExistingGame() (3.3s)&#xD;
And I remembered current players on pitch shirt numbers&#xD;
-&gt; done: GoalEditSteps.GivenIRememberCurrentPlayersOnPitch() (1.6s)&#xD;
Given Freekick for Team 1 is registered&#xD;
-&gt; done: FreeKickSteps.GivenFreekickForTeamIsRegistered(1) (1.2s)&#xD;
When I click on latest "FreeKick" event in action log&#xD;
-&gt; done: ActionLogSteps.GivenIClickOnLatestEventInActionLog(FreeKick) (0.2s)&#xD;
And I click Team button on left side in edit screen&#xD;
-&gt; done: EditFormSteps.GivenIClickTeamBySideInEditScreen("left") (0.1s)&#xD;
And I click fouled on player by shirt number 10 in freekick edit&#xD;
-&gt; done: FreeKickEditSteps.WhenIClickFouledOnPlayerInFreekickEdit(10) (0.4s)&#xD;
And I click "Set" button for Free Kick location&#xD;
-&gt; done: FreeKickEditSteps.WhenIClickButtonForFreeKickLocation() (0.1s)&#xD;
And I click on expanded pitch view x 75 y 25&#xD;
-&gt; done: ExpandedPitchPositionDialogSteps.GivenIClickOnExpandedPitchViewXY(75, 25) (0.1s)&#xD;
And I click "Proceed" button on expanded pitch view&#xD;
-&gt; done: ExpandedPitchPositionDialogSteps.GivenIClickButtonOnExpandedPitchView("Proceed") (0.1s)&#xD;
And I click "Set" button for Ball Landing location in freekick edit&#xD;
-&gt; done: FreeKickEditSteps.WhenIClickButtonForBallLandingLocationInFreekickEdit() (0.1s)&#xD;
And I click on expanded pitch view x 80 y 10&#xD;
-&gt; done: ExpandedPitchPositionDialogSteps.GivenIClickOnExpandedPitchViewXY(80, 10) (0.1s)&#xD;
And I click "Proceed" button on expanded pitch view&#xD;
-&gt; done: ExpandedPitchPositionDialogSteps.GivenIClickButtonOnExpandedPitchView("Proceed") (0.1s)&#xD;
Then "left" team players are visible in Fouled on in freekick edit&#xD;
-&gt; done: FreeKickEditSteps.ThenTeamPlayersAreVisibleInFouledOnInFreekickEdit("left") (0.2s)&#xD;
And Fouled on player with shirt number 10 is selected in freekick edit&#xD;
-&gt; done: FreeKickEditSteps.ThenFouledOnPlayerWithShirtNumberIsSelectedInFreekickEdit(10) (0.1s)&#xD;
And "Free Kick Reason" button color is updated to "right" team color in freekick edit&#xD;
-&gt; done: FreeKickEditSteps.ThenButtonColorIsUpdatedToTeamColorInFreekickEdit("right") (0.0s)&#xD;
And "Foul/Offence by" "right" team players are visible in freekick edit&#xD;
-&gt; done: FreeKickEditSteps.ThenFoulOffencyByTeamPlayersAreVisibleInFouledOnInFreekickEdit("right") (0.3s)&#xD;
And "Foul/Offence by" player is not selected in freekick edit&#xD;
-&gt; done: FreeKickEditSteps.ThenPlayerIsNotSelectedInFreekickEdit() (0.1s)&#xD;
And mini free kick pitch location has cursor at x "75" and y "25"&#xD;
-&gt; done: FreeKickEditSteps.ThenMiniFreeKickPitchLocationHasCursorAtXAndY(75, 25) (0.1s)&#xD;
And mini ball landing pitch location has cursor at x "80" and y "10"&#xD;
-&gt; done: MiniPitchEditPageElementSteps.ThenMiniBallLandingPitchLocationHasCursorAtXAndY(80, 10) (0.1s)&#xD;
And Save button is disabled in action edit form&#xD;
-&gt; done: EditFormSteps.SaveButtonIsDisabled() (0.0s)&#xD;
sandbox: CleanUpAfterTestRun started.&#xD;
sandbox: application pages != null: True&#xD;
sandbox: web driver!= null: True&#xD;
sandbox: CleanUpAfterTestRun complete.</StdOut>
      </Output>
    </UnitTestResult>
    <UnitTestResult executionId="8254c7ee-0535-459e-bca6-f3cdcd6f3884" testId="615791af-7efe-e999-c9c2-6572ce5f748a" testName="PenaltyShootOutKickRetakeClearsPenaltyKickOutcome(&quot;Penalty Shot On Target&quot;,&quot;Save&quot;,null)" computerName="EC2AMAZ-JEOO151" duration="00:00:19.7320000" startTime="2019-07-11T19:16:37.0000000+00:00" endTime="2019-07-11T19:16:57.0000000+00:00" testType="13cdc9d9-ddb5-4fa4-a97d-d965ccfc6d4b" outcome="Passed" testListId="8c84fa94-04c1-424b-9868-57a2d4851a1d" relativeResultsDirectory="8254c7ee-0535-459e-bca6-f3cdcd6f3884">
      <Output>
        <StdOut>sandbox: PrepareForTestRun started.&#xD;
sandbox: football liveStatsApp != null: True &#xD;
sandbox: football liveStatsApp.IsProcessRunning: True &#xD;
sandbox: setupLocalData: localDatabaseProvider != null: True&#xD;
sandbox: applicationPages != null: True&#xD;
sandbox: applicationPages.Webdriver != null: True&#xD;
sandbox: finished setuping local data&#xD;
sandbox: PrepareForTestRun complete.&#xD;
Given penalty shoot-out phase started&#xD;
-&gt; done: PitchClockSteps.GivenGamePenaltyShoot_OutPhaseStarted() (14.8s)&#xD;
Given selected player "6" from team "2" for penalty shoot-out kick&#xD;
Given action failed. Retrying after a timeout.&#xD;
-&gt; done: PenaltyShootoutSteps.WhenISelectPlayerFromTeamForPenaltyShootOutKick(6, 2) (0.8s)&#xD;
And selected "Penalty Shot On Target" outcome&#xD;
-&gt; done: PenaltyShootoutSteps.WhenISelectPenaltyShotOnTargetOutcome() (0.1s)&#xD;
When I retake penalty&#xD;
-&gt; done: PenaltySteps.WhenIClickButton() (0.2s)&#xD;
Then Penalty outcome selection dialog is shown&#xD;
-&gt; done: ShotRegistrationSteps.ThenActionTypeDialogIsShown() (0.2s)&#xD;
And Retake label is shown in PenaltyShootout event action log&#xD;
-&gt; done: ActionLogSteps.ThenOffenceIsShownInPenaltyEventActionLog("Retake", PenaltyShootout) (0.1s)&#xD;
And "Save" label is not shown in latest "PenaltyShootout" event action log&#xD;
-&gt; done: ActionLogSteps.ThenLabelIsNotShownInLatestEventActionLog("Save", PenaltyShootout) (0.1s)&#xD;
And Team 2 has 0 penalty shoot-out miss in score board&#xD;
-&gt; done: PenaltyShootoutSteps.ThenTeamHasPenaltyShoot_OutMiss(2, 0) (0.1s)&#xD;
And Team 2 has 0 penalty shoot-out made in score board&#xD;
-&gt; done: PenaltyShootoutSteps.ThenTeamHasPenaltyShoot_OutMade(2, 0) (0.0s)&#xD;
And "Penalty Shot Off Target" button is shown&#xD;
-&gt; done: PenaltySteps.ThenPenaltyShotOffTargetButtonIsShown() (0.0s)&#xD;
And "Penalty Shot On Target" button is shown&#xD;
-&gt; done: PenaltySteps.ThenPenaltyShotOnTargetButtonIsShown() (0.0s)&#xD;
And "Penalty Goal" button is shown&#xD;
-&gt; done: PenaltySteps.ThenPenaltyGoalButtonIsShown() (0.0s)&#xD;
And penalty retake is not visible&#xD;
Failed to find element with query '[data-qa='penaltyRetakeButton']'. Web driver timeout exception.&#xD;
-&gt; done: PenaltySteps.ThenPenaltyRetakeIsNotVisible() (2.0s)&#xD;
sandbox: CleanUpAfterTestRun started.&#xD;
sandbox: application pages != null: True&#xD;
sandbox: web driver!= null: True&#xD;
sandbox: CleanUpAfterTestRun complete.</StdOut>
      </Output>
    </UnitTestResult>
    <UnitTestResult executionId="86887703-6b46-4ab1-ad62-57ecb2fdbe06" testId="ffee8f18-3c2c-d843-04cd-c0d1f0deae5c" testName="GivenExpandedLog_WhenInsertingYellowAfter_ThenInsertedCorrectly" computerName="EC2AMAZ-JEOO151" duration="00:00:18.7900000" startTime="2019-07-11T20:49:14.0000000+00:00" endTime="2019-07-11T20:49:33.0000000+00:00" testType="13cdc9d9-ddb5-4fa4-a97d-d965ccfc6d4b" outcome="Passed" testListId="8c84fa94-04c1-424b-9868-57a2d4851a1d" relativeResultsDirectory="86887703-6b46-4ab1-ad62-57ecb2fdbe06">
      <Output>
        <StdOut>sandbox: PrepareForTestRun started.&#xD;
sandbox: football liveStatsApp != null: True &#xD;
sandbox: football liveStatsApp.IsProcessRunning: True &#xD;
sandbox: setupLocalData: localDatabaseProvider != null: True&#xD;
sandbox: applicationPages != null: True&#xD;
sandbox: applicationPages.Webdriver != null: True&#xD;
sandbox: finished setuping local data&#xD;
sandbox: PrepareForTestRun complete.&#xD;
Given action failed. Retrying after a timeout.&#xD;
Given action failed. Retrying after a timeout.&#xD;
Failed to find element with query '[data-qa='bookingEditScreen']'. Web driver timeout exception.&#xD;
sandbox: CleanUpAfterTestRun started.&#xD;
sandbox: application pages != null: True&#xD;
sandbox: web driver!= null: True&#xD;
sandbox: CleanUpAfterTestRun complete.</StdOut>
      </Output>
    </UnitTestResult>
    <UnitTestResult executionId="c74c9362-759e-424f-b821-2959f9946cef" testId="1650692f-cf74-7410-7f60-45fd69f4276c" testName="GivenPeriodBreakWithInterruption_WhenPsoKickedOff_ThenInterruptionIsCanceled" computerName="EC2AMAZ-JEOO151" duration="00:00:21.7980000" startTime="2019-07-11T21:30:32.0000000+00:00" endTime="2019-07-11T21:30:54.0000000+00:00" testType="13cdc9d9-ddb5-4fa4-a97d-d965ccfc6d4b" outcome="Passed" testListId="8c84fa94-04c1-424b-9868-57a2d4851a1d" relativeResultsDirectory="c74c9362-759e-424f-b821-2959f9946cef">
      <Output>
        <StdOut>sandbox: PrepareForTestRun started.&#xD;
sandbox: football liveStatsApp != null: True &#xD;
sandbox: football liveStatsApp.IsProcessRunning: True &#xD;
sandbox: setupLocalData: localDatabaseProvider != null: True&#xD;
sandbox: applicationPages != null: True&#xD;
sandbox: applicationPages.Webdriver != null: True&#xD;
sandbox: finished setuping local data&#xD;
sandbox: PrepareForTestRun complete.&#xD;
Given action failed. Retrying after a timeout.&#xD;
sandbox: CleanUpAfterTestRun started.&#xD;
sandbox: application pages != null: True&#xD;
sandbox: web driver!= null: True&#xD;
sandbox: CleanUpAfterTestRun complete.</StdOut>
      </Output>
    </UnitTestResult>
    <UnitTestResult executionId="c1142dc2-cbab-4c62-807a-4861b5e3aa87" testId="317783c4-28af-c5c1-7246-e9567c42fc9b" testName="GameInformationFieldsAreAvailableAndDefaultGameRulesAreSet" computerName="EC2AMAZ-JEOO151" duration="00:00:03.3300000" startTime="2019-07-11T17:23:18.0000000+00:00" endTime="2019-07-11T17:23:21.0000000+00:00" testType="13cdc9d9-ddb5-4fa4-a97d-d965ccfc6d4b" outcome="Passed" testListId="8c84fa94-04c1-424b-9868-57a2d4851a1d" relativeResultsDirectory="c1142dc2-cbab-4c62-807a-4861b5e3aa87">
      <Output>
        <StdOut>sandbox: PrepareForTestRun started.&#xD;
sandbox: football liveStatsApp != null: True &#xD;
sandbox: football liveStatsApp.IsProcessRunning: True &#xD;
sandbox: setupLocalData: localDatabaseProvider != null: True&#xD;
sandbox: applicationPages != null: True&#xD;
sandbox: applicationPages.Webdriver != null: True&#xD;
sandbox: finished setuping local data&#xD;
sandbox: PrepareForTestRun complete.&#xD;
Given Home screen is visible&#xD;
-&gt; done: DashBoardSteps.GivenPrimaryApplicationHomeScreenIsVisible() (0.2s)&#xD;
When I click on enter game details manually&#xD;
-&gt; done: DashBoardSteps.WhenAsPrimaryIClickOnEnterGameDetailsManuallyButton() (0.1s)&#xD;
Then mandatory game fields "Game Number", "Competition" and "Date &amp; Time" are displayed&#xD;
-&gt; done: GameInformationTabSteps.ThenMandatoryGameFieldsAndAreDisplayed() (0.4s)&#xD;
And mandatory game rules "Subs count", "Period Length" and "OT Length" are displayed&#xD;
-&gt; done: GameInformationTabSteps.ThenMandatoryGameRulesAndAreDisplayed() (0.1s)&#xD;
And venue fields "Venue", "Pitch", "Attendance", "Country" and "City" are displayed&#xD;
-&gt; done: GameInformationTabSteps.ThenVenueFieldsAndAreDisplayed() (0.2s)&#xD;
And referee fields "Referee", "Assistant Referee 1" and "Assistant Referee 2" are displayed&#xD;
-&gt; done: GameInformationTabSteps.ThenRefereeFieldsAndAreDisplayed() (1.0s)&#xD;
And additional referee fields "Fourth Official" and "Match Commissioner" are displayed&#xD;
-&gt; done: GameInformationTabSteps.ThenAdditionalRefereeFieldsAndAreDisplayed() (0.6s)&#xD;
And "Subs count" is set to 3 in game information tab&#xD;
-&gt; done: GameInformationTabSteps.ThenNumberOfSubseIsSetTo("3") (0.0s)&#xD;
And "Period Length" set to 45&#xD;
-&gt; done: GameInformationTabSteps.ThenHalveLengthSetTo45("45") (0.0s)&#xD;
And "OT Length" set to 15&#xD;
-&gt; done: GameInformationTabSteps.ThenOvertimeLengthSetToValue("15") (0.0s)&#xD;
sandbox: CleanUpAfterTestRun started.&#xD;
sandbox: application pages != null: True&#xD;
sandbox: web driver!= null: True&#xD;
sandbox: CleanUpAfterTestRun complete.</StdOut>
      </Output>
    </UnitTestResult>
    <UnitTestResult executionId="65266636-a3a4-4c2b-964f-cbb7589ff870" testId="5f61eebd-6eb5-1e3a-3a93-06a413d6ff05" testName="KickOffAfterPenaltyGoal(&quot;2&quot;,&quot;1&quot;,&quot;10&quot;,&quot;50&quot;,&quot;8&quot;,&quot;11&quot;,null)" computerName="EC2AMAZ-JEOO151" duration="00:00:15.9320000" startTime="2019-07-11T19:05:32.0000000+00:00" endTime="2019-07-11T19:05:48.0000000+00:00" testType="13cdc9d9-ddb5-4fa4-a97d-d965ccfc6d4b" outcome="Passed" testListId="8c84fa94-04c1-424b-9868-57a2d4851a1d" relativeResultsDirectory="65266636-a3a4-4c2b-964f-cbb7589ff870">
      <Output>
        <StdOut>sandbox: PrepareForTestRun started.&#xD;
sandbox: football liveStatsApp != null: True &#xD;
sandbox: football liveStatsApp.IsProcessRunning: True &#xD;
sandbox: setupLocalData: localDatabaseProvider != null: True&#xD;
sandbox: applicationPages != null: True&#xD;
sandbox: applicationPages.Webdriver != null: True&#xD;
sandbox: finished setuping local data&#xD;
sandbox: PrepareForTestRun complete.&#xD;
Given Match started with kick off from existing game&#xD;
-&gt; done: SetupGameSteps.GivenMatchStartedWithKickOffButtonFromExistingGame() (3.2s)&#xD;
When I click "Possible Penalty" button for team 2&#xD;
Given action failed. Retrying after a timeout.&#xD;
-&gt; done: TeamActionButtonSteps.GivenIClickPossiblePenaltyButtonForTeam(2) (0.8s)&#xD;
And I confirm penalty by clicking "Confirm" button&#xD;
-&gt; done: PenaltySteps.WhenIConfirmPenaltyByClickingButton() (2.2s)&#xD;
And I click on pitch x 10 and y 50&#xD;
Failed to find element with query '[data-qa='activePitchOverlay']'. Web driver timeout exception.&#xD;
Given action failed. Retrying after a timeout.&#xD;
Failed to find element with query '[data-qa='activePitchOverlay']'. Web driver timeout exception.&#xD;
-&gt; done: PitchScreenSteps.WhenIClickOnPitch(10, 50) (4.4s)&#xD;
And I click "Foul" reason button&#xD;
-&gt; done: CardSteps.WhenIClickReasonButton("Foul") (0.2s)&#xD;
And I click on team 1 player on pitch with shirt number 8&#xD;
-&gt; done: PitchPlayersComponentSteps.WhenIClickOnTeamPlayerOnPitchWithShirtNumber(1, 8) (0.3s)&#xD;
And I click on team 2 player on pitch with shirt number 11&#xD;
-&gt; done: PitchPlayersComponentSteps.WhenIClickOnTeamPlayerOnPitchWithShirtNumber(2, 11) (0.4s)&#xD;
And I click "Penalty Goal" Button&#xD;
-&gt; done: PenaltySteps.WhenIClickPenaltyGoalButton() (0.2s)&#xD;
And I confirm penalty goal by clicking on "Confirm" button&#xD;
-&gt; done: GoalSteps.WhenIConfirmGoalByClickingOnButton() (2.4s)&#xD;
And I click on net x "50" and y "40"&#xD;
-&gt; done: NetSectionSteps.WhenIClickOnNetXAndY(50, 40) (0.1s)&#xD;
And I kick off by clicking "Kick Off" button&#xD;
-&gt; done: GoalSteps.WhenIKickOffByClickingButton() (0.3s)&#xD;
Then Score is 1 for team 2&#xD;
-&gt; done: ScoreBoardSteps.ThenScoreIsForTeam(1, 2) (0.2s)&#xD;
And Score is 0 for team 1&#xD;
-&gt; done: ScoreBoardSteps.ThenScoreIsForTeam(0, 1) (0.1s)&#xD;
And Ball icon is shown on player on pitch with shirt number 11 of team 2&#xD;
-&gt; done: PitchPlayersComponentSteps.ThenBallIconIsShownOnPlayerOnPitchWithShirtNumberOfTeamButton(11, 2) (0.2s)&#xD;
And Player on pitch 9 of team 2 is shown in Penalty of "Penalty" event in action log&#xD;
-&gt; done: ActionLogSteps.ThenPlayerOnPitchOfTeamIsShownInGoalOfEventInActionLog(9, 2, "Penalty", Penalty) (0.2s)&#xD;
And team 1 possession button is highligthed&#xD;
-&gt; done: ScoreBoardSteps.ThenTeamPossessionButtonIsHighligthed(1) (0.0s)&#xD;
sandbox: CleanUpAfterTestRun started.&#xD;
sandbox: application pages != null: True&#xD;
sandbox: web driver!= null: True&#xD;
sandbox: CleanUpAfterTestRun complete.</StdOut>
      </Output>
    </UnitTestResult>
    <UnitTestResult executionId="f0f4383b-2a12-4913-9258-2b9f4fb88054" testId="31a7e7a7-5270-e4ba-77cc-51cd7dd80ee4" testName="CanRemovePlayerFromCourt" computerName="EC2AMAZ-JEOO151" duration="00:00:13.4900000" startTime="2019-07-11T17:24:05.0000000+00:00" endTime="2019-07-11T17:24:18.0000000+00:00" testType="13cdc9d9-ddb5-4fa4-a97d-d965ccfc6d4b" outcome="Passed" testListId="8c84fa94-04c1-424b-9868-57a2d4851a1d" relativeResultsDirectory="f0f4383b-2a12-4913-9258-2b9f4fb88054">
      <Output>
        <StdOut>sandbox: PrepareForTestRun started.&#xD;
sandbox: football liveStatsApp != null: True &#xD;
sandbox: football liveStatsApp.IsProcessRunning: True &#xD;
sandbox: setupLocalData: localDatabaseProvider != null: True&#xD;
sandbox: applicationPages != null: True&#xD;
sandbox: applicationPages.Webdriver != null: True&#xD;
sandbox: finished setuping local data&#xD;
sandbox: PrepareForTestRun complete.&#xD;
Given I am in formations tab&#xD;
-&gt; done: TeamsFormationsTabSteps.GivenIAmInFormationsTab() (6.6s)&#xD;
And All starters are added into formation for team 1&#xD;
-&gt; done: TeamsFormationsTabSteps.GivenAllPlayersAreAddedIntoFormation(1) (2.1s)&#xD;
And All starters are added into formation for team 2&#xD;
-&gt; done: TeamsFormationsTabSteps.GivenAllPlayersAreAddedIntoFormation(2) (2.1s)&#xD;
When I select "4-4-2" formation for team 1&#xD;
-&gt; done: TeamsFormationsTabSteps.WhenISelectFormationForTeam("4-4-2", 1) (0.4s)&#xD;
And I click on court player 10 of team 1&#xD;
-&gt; done: TeamsFormationsTabSteps.WhenIClickOnCourtPlayerOfTeam(10, 1) (0.5s)&#xD;
And I click on bench button of team 1&#xD;
-&gt; done: TeamsFormationsTabSteps.WhenIClickOnBenchButton(1) (0.1s)&#xD;
Then formation location 8 of team 1 is empty&#xD;
-&gt; done: TeamsFormationsTabSteps.ThenFormationLocationIsEmpty(8, 1) (0.2s)&#xD;
sandbox: CleanUpAfterTestRun started.&#xD;
sandbox: application pages != null: True&#xD;
sandbox: web driver!= null: True&#xD;
Given action failed. Retrying after a timeout. Most likely UI was not fast enough to refresh itself.&#xD;
sandbox: CleanUpAfterTestRun complete.</StdOut>
      </Output>
    </UnitTestResult>
    <UnitTestResult executionId="ef87d250-b2c7-4ebe-874c-14a47d7025ea" testId="969b62f7-27c4-1c30-a171-2dfac7a21dc9" testName="CardWithUpdatedTeamAndPlayerSaved" computerName="EC2AMAZ-JEOO151" duration="00:00:10.7000000" startTime="2019-07-11T17:48:58.0000000+00:00" endTime="2019-07-11T17:49:09.0000000+00:00" testType="13cdc9d9-ddb5-4fa4-a97d-d965ccfc6d4b" outcome="Passed" testListId="8c84fa94-04c1-424b-9868-57a2d4851a1d" relativeResultsDirectory="ef87d250-b2c7-4ebe-874c-14a47d7025ea">
      <Output>
        <StdOut>sandbox: PrepareForTestRun started.&#xD;
sandbox: football liveStatsApp != null: True &#xD;
sandbox: football liveStatsApp.IsProcessRunning: True &#xD;
sandbox: setupLocalData: localDatabaseProvider != null: True&#xD;
sandbox: applicationPages != null: True&#xD;
sandbox: applicationPages.Webdriver != null: True&#xD;
sandbox: finished setuping local data&#xD;
sandbox: PrepareForTestRun complete.&#xD;
Given Match started with kick off from existing game&#xD;
-&gt; done: SetupGameSteps.GivenMatchStartedWithKickOffButtonFromExistingGame() (3.3s)&#xD;
And I remembered current players on pitch shirt numbers&#xD;
-&gt; done: GoalEditSteps.GivenIRememberCurrentPlayersOnPitch() (1.6s)&#xD;
Given "Yellow" Card for Team "1" player with shirt number "4" is registered&#xD;
Given action failed. Retrying after a timeout.&#xD;
-&gt; done: CardSteps.GivenCardForTeamPlayerWithShirtNumberIsRegistered(Yellow, 1, 4) (3.2s)&#xD;
When I click on 1 of type "Booking" event in action log&#xD;
-&gt; done: ActionLogSteps.GivenIClickOnLatestEventInActionLog(1, Booking) (0.3s)&#xD;
And I click "left" team in action edit page&#xD;
-&gt; done: EditFormSteps.WhenIClickTeamInActionEditPage("left") (0.1s)&#xD;
And I select player with shirt number 10 in to receive the card in card edit page&#xD;
-&gt; done: CardEditSteps.WhenISelectPlayerInToReceiveTheCardInCardEditPage(10) (0.3s)&#xD;
And I click Save button in action edit form&#xD;
-&gt; done: EditFormSteps.ClickSaveButtonInActionEditForm() (0.6s)&#xD;
Then "left" team color is shown on yellow Card event in Action Log&#xD;
-&gt; done: ActionLogSteps.ThenTeamColorIsShownOnEventInActionLog("left") (0.1s)&#xD;
And Player on pitch by shirt number 10 of team 2 is shown in Yellow of "Booking" event in action log&#xD;
-&gt; done: ActionLogSteps.ThenPlayerOnPitchByShirtNumberOfTeamIsShownInGoalOfEventInActionLog(10, 2, "Yellow", Booking) (0.3s)&#xD;
sandbox: CleanUpAfterTestRun started.&#xD;
sandbox: application pages != null: True&#xD;
sandbox: web driver!= null: True&#xD;
sandbox: CleanUpAfterTestRun complete.</StdOut>
      </Output>
    </UnitTestResult>
    <UnitTestResult executionId="a3ff52df-52b7-4437-afd5-13cf426593b5" testId="054db292-1111-64c7-34ac-8efe6395cda2" testName="InsertCornerAfterOrBeforeLastEvent(&quot;after&quot;,&quot;0035&quot;,&quot;0036&quot;,&quot;00:35&quot;,&quot;2&quot;,&quot;1&quot;,&quot;bottom left&quot;,null)" computerName="EC2AMAZ-JEOO151" duration="00:00:16.2490000" startTime="2019-07-11T18:12:05.0000000+00:00" endTime="2019-07-11T18:12:22.0000000+00:00" testType="13cdc9d9-ddb5-4fa4-a97d-d965ccfc6d4b" outcome="Passed" testListId="8c84fa94-04c1-424b-9868-57a2d4851a1d" relativeResultsDirectory="a3ff52df-52b7-4437-afd5-13cf426593b5">
      <Output>
        <StdOut>sandbox: PrepareForTestRun started.&#xD;
sandbox: football liveStatsApp != null: True &#xD;
sandbox: football liveStatsApp.IsProcessRunning: True &#xD;
sandbox: setupLocalData: localDatabaseProvider != null: True&#xD;
sandbox: applicationPages != null: True&#xD;
sandbox: applicationPages.Webdriver != null: True&#xD;
sandbox: finished setuping local data&#xD;
sandbox: PrepareForTestRun complete.&#xD;
Given Match started with kick off from existing game&#xD;
-&gt; done: SetupGameSteps.GivenMatchStartedWithKickOffButtonFromExistingGame() (3.3s)&#xD;
And "Yellow" Card for Team 1 is registered&#xD;
-&gt; done: CardSteps.GivenCardForTeamIsRegistered(Yellow, 1) (3.4s)&#xD;
And Throw in added for Team 1&#xD;
Given action failed. Retrying after a timeout.&#xD;
-&gt; done: ThrowInEditSteps.GivenThrowInAddedForTeam(1) (0.8s)&#xD;
And I clicked on latest "ThrowIn" event in action log&#xD;
-&gt; done: ActionLogSteps.GivenIClickOnLatestEventInActionLog(ThrowIn) (0.2s)&#xD;
And I entered new conceded event time of "0030"&#xD;
-&gt; done: EditFormSteps.GivenIEnterNewConcededEventTimeOf("0030") (1.0s)&#xD;
And I clicked Save button in action edit form&#xD;
-&gt; done: EditFormSteps.ClickSaveButtonInActionEditForm() (0.6s)&#xD;
When I click Expand Action log button&#xD;
-&gt; done: ActionLogSteps.WhenIClickExpandActionLogButton() (0.1s)&#xD;
And I insert "Corner" after last action in expanded action log&#xD;
-&gt; done: ExpandedActionLogSteps.WhenIInsertPenaltyAfterLastActionInExpandedActionLog(Corner) (0.3s)&#xD;
And I enter new conceded event time of "0035"&#xD;
-&gt; done: EditFormSteps.GivenIEnterNewConcededEventTimeOf("0035") (1.0s)&#xD;
And I enter new taken event time of "0036"&#xD;
-&gt; done: EditFormSteps.GivenIEnterNewTakenEventTimeOf("0036") (1.0s)&#xD;
And I click Team 2 in edit screen&#xD;
-&gt; done: EditFormSteps.GivenIClickTeamInEditScreen(2) (0.1s)&#xD;
And I click "bottom left" corner of the pitch&#xD;
-&gt; done: CornerSteps.GivenIClickCornerOfThePitch("bottom left") (0.1s)&#xD;
And I click edit Corner taken Location button&#xD;
-&gt; done: CornerEditSteps.GivenIClickEditCornerTakenLocationButton() (0.1s)&#xD;
And I click on expanded pitch view x 50 y 50&#xD;
-&gt; done: ExpandedPitchPositionDialogSteps.GivenIClickOnExpandedPitchViewXY(50, 50) (0.1s)&#xD;
And I Click "Save" Button on expanded pitch view&#xD;
-&gt; done: ExpandedPitchPositionDialogSteps.GivenIClickButtonOnExpandedPitchInCornerEditWorkflow("Save") (0.1s)&#xD;
And I click Save button in action edit form&#xD;
-&gt; done: EditFormSteps.ClickSaveButtonInActionEditForm() (0.6s)&#xD;
Then corner insert view is not visible&#xD;
Failed to find element with query '[data-qa='cornerInEditScreen']'. Web driver timeout exception.&#xD;
-&gt; done: CornerEditSteps.ThenCornerInsertViewIsNotVisible() (2.1s)&#xD;
And "Corner" Action is displayed at 1 in expanded action log&#xD;
-&gt; done: ExpandedActionLogSteps.ThenGoalActionIsDisplayedAtInExpandedActionLog("Corner", 1) (0.0s)&#xD;
And Action at position 1 half is displayed as "H1"&#xD;
-&gt; done: ExpandedActionLogSteps.ThenActionAtPositionHalfIsDisplayedAs(1, "H1") (0.0s)&#xD;
And Action at position 1 time is displayed as "00:35"&#xD;
-&gt; done: ExpandedActionLogSteps.ThenActionAtPositionTimeIsDisplayedAs(1, "00:35") (0.0s)&#xD;
And Action at position 1 do not have first qualifier&#xD;
-&gt; done: ExpandedActionLogSteps.ThenActionAtPositionDoNotHaveFirstQualifier(1) (0.0s)&#xD;
And Action at position 1 do not have second qualifier&#xD;
-&gt; done: ExpandedActionLogSteps.ThenActionAtPositionDoNotHaveSecondQualifier(1) (0.1s)&#xD;
And Action at position 1 contains team 2 name&#xD;
-&gt; done: ExpandedActionLogSteps.ThenActionAtPositionContainsTeam(1, 2) (0.0s)&#xD;
And Action at position 1 do not have player&#xD;
-&gt; done: ExpandedActionLogSteps.ThenActionAtPositionDoNotHavePlayer(1) (0.0s)&#xD;
And Action at position 1 do not have score&#xD;
-&gt; done: ExpandedActionLogSteps.ThenActionAtPositionDoNotHaveScore(1) (0.0s)&#xD;
sandbox: CleanUpAfterTestRun started.&#xD;
sandbox: application pages != null: True&#xD;
sandbox: web driver!= null: True&#xD;
sandbox: CleanUpAfterTestRun complete.</StdOut>
      </Output>
    </UnitTestResult>
    <UnitTestResult executionId="d0a38f3a-0afe-44ba-a06c-5b4004194e7d" testId="37f3d440-2df3-c851-151b-68d9f01a14bd" testName="CannotProceedWithTwoCoaches(&quot;1&quot;,&quot;Duplicate Officials/Staff team's member role is forbidden&quot;,null)" computerName="EC2AMAZ-JEOO151" duration="00:00:06.3870000" startTime="2019-07-11T17:39:29.0000000+00:00" endTime="2019-07-11T17:39:35.0000000+00:00" testType="13cdc9d9-ddb5-4fa4-a97d-d965ccfc6d4b" outcome="Passed" testListId="8c84fa94-04c1-424b-9868-57a2d4851a1d" relativeResultsDirectory="d0a38f3a-0afe-44ba-a06c-5b4004194e7d">
      <Output>
        <StdOut>sandbox: PrepareForTestRun started.&#xD;
sandbox: football liveStatsApp != null: True &#xD;
sandbox: football liveStatsApp.IsProcessRunning: True &#xD;
sandbox: setupLocalData: localDatabaseProvider != null: True&#xD;
sandbox: applicationPages != null: True&#xD;
sandbox: applicationPages.Webdriver != null: True&#xD;
sandbox: finished setuping local data&#xD;
sandbox: PrepareForTestRun complete.&#xD;
Given Teams tab is opened&#xD;
-&gt; done: TeamDetailsTabSteps.WhenTeamsTabIsOpened() (1.4s)&#xD;
And all information for both teams are available&#xD;
-&gt; done: TeamDetailsTabSteps.GivenAllInformationForBothTeamsAreAvailable() (1.3s)&#xD;
When two coaches selected for 1&#xD;
-&gt; done: TeamDetailsTabSteps.WhenTwoCoachesSelectedFor(1) (2.1s)&#xD;
And Save &amp; Next button is clicked&#xD;
-&gt; done: GameSetupSteps.WhenSaveNextButtonIsClicked() (0.1s)&#xD;
Then Duplicate Officials/Staff team's member role is forbidden message is displayed, that 1 &lt;field&gt; could not be blank&#xD;
-&gt; done: GameSetupSteps.ThenWarningMessageIsDisplayedThatCouldNotBeBlank("Duplicate Officia...", "1", "&lt;field&gt;") (0.1s)&#xD;
sandbox: CleanUpAfterTestRun started.&#xD;
sandbox: application pages != null: True&#xD;
sandbox: web driver!= null: True&#xD;
Given action failed. Retrying after a timeout. Most likely UI was not fast enough to refresh itself.&#xD;
sandbox: CleanUpAfterTestRun complete.</StdOut>
      </Output>
    </UnitTestResult>
    <UnitTestResult executionId="9b94cad8-a362-4a6c-ba86-49fbbebea193" testId="1362948c-4ccf-67fc-3a80-29a76df6f23f" testName="DefaultReportForQuickPrintAreAvailable" computerName="EC2AMAZ-JEOO151" duration="00:00:09.3890000" startTime="2019-07-11T17:23:34.0000000+00:00" endTime="2019-07-11T17:23:43.0000000+00:00" testType="13cdc9d9-ddb5-4fa4-a97d-d965ccfc6d4b" outcome="Passed" testListId="8c84fa94-04c1-424b-9868-57a2d4851a1d" relativeResultsDirectory="9b94cad8-a362-4a6c-ba86-49fbbebea193">
      <Output>
        <StdOut>sandbox: PrepareForTestRun started.&#xD;
sandbox: football liveStatsApp != null: True &#xD;
sandbox: football liveStatsApp.IsProcessRunning: True &#xD;
sandbox: setupLocalData: localDatabaseProvider != null: True&#xD;
sandbox: applicationPages != null: True&#xD;
sandbox: applicationPages.Webdriver != null: True&#xD;
sandbox: finished setuping local data&#xD;
sandbox: PrepareForTestRun complete.&#xD;
Given I am in print settings tab&#xD;
-&gt; done: GameSetupSteps.GivenIAmInPrintSettingsTab() (7.6s)&#xD;
When default report for quick print dropdown is clicked&#xD;
-&gt; done: PrintSettingsTabSteps.WhenDefaultReportForQuickPrintDropdownIsClicked() (0.1s)&#xD;
Then "half time" report is displayed&#xD;
-&gt; done: PrintSettingsTabSteps.ThenReportIsDisplayed("half time") (0.0s)&#xD;
And "full time" report is displayed&#xD;
-&gt; done: PrintSettingsTabSteps.ThenReportIsDisplayed("full time") (0.0s)&#xD;
And "player/team statistics" report is displayed&#xD;
-&gt; done: PrintSettingsTabSteps.ThenReportIsDisplayed("player/team stati...") (0.1s)&#xD;
And "tactical line-up" report is displayed&#xD;
-&gt; done: PrintSettingsTabSteps.ThenReportIsDisplayed("tactical line-up") (0.1s)&#xD;
sandbox: CleanUpAfterTestRun started.&#xD;
sandbox: application pages != null: True&#xD;
sandbox: web driver!= null: True&#xD;
Given action failed. Retrying after a timeout. Most likely UI was not fast enough to refresh itself.&#xD;
sandbox: CleanUpAfterTestRun complete.</StdOut>
      </Output>
    </UnitTestResult>
    <UnitTestResult executionId="877b96dc-d386-417f-a100-a76f8dbdf5f6" testId="bdbefc40-e06f-d103-3967-2f1279260a38" testName="GivenGoalPlayerSelected_WhenDeclaringVar_ThenVarOptionPrompted" computerName="EC2AMAZ-JEOO151" duration="00:00:07.5650000" startTime="2019-07-11T21:47:06.0000000+00:00" endTime="2019-07-11T21:47:13.0000000+00:00" testType="13cdc9d9-ddb5-4fa4-a97d-d965ccfc6d4b" outcome="Passed" testListId="8c84fa94-04c1-424b-9868-57a2d4851a1d" relativeResultsDirectory="877b96dc-d386-417f-a100-a76f8dbdf5f6">
      <Output>
        <StdOut>sandbox: PrepareForTestRun started.&#xD;
sandbox: football liveStatsApp != null: True &#xD;
sandbox: football liveStatsApp.IsProcessRunning: True &#xD;
sandbox: setupLocalData: localDatabaseProvider != null: True&#xD;
sandbox: applicationPages != null: True&#xD;
sandbox: applicationPages.Webdriver != null: True&#xD;
sandbox: finished setuping local data&#xD;
sandbox: PrepareForTestRun complete.&#xD;
sandbox: CleanUpAfterTestRun started.&#xD;
sandbox: application pages != null: True&#xD;
sandbox: web driver!= null: True&#xD;
sandbox: CleanUpAfterTestRun complete.</StdOut>
      </Output>
    </UnitTestResult>
    <UnitTestResult executionId="3e442188-2c22-40a8-b87e-d23830bea0a4" testId="1bae435c-6727-c50b-5903-4986a9cbf064" testName="GivenGameInProgress_WhenRegisteringCardForAssistantCouch_ThenCardIsRegisteredForAssistantCoach(Red,1,Red,&quot;Red&quot;)" computerName="EC2AMAZ-JEOO151" duration="00:00:11.1340000" startTime="2019-07-11T20:57:41.0000000+00:00" endTime="2019-07-11T20:57:52.0000000+00:00" testType="13cdc9d9-ddb5-4fa4-a97d-d965ccfc6d4b" outcome="Passed" testListId="8c84fa94-04c1-424b-9868-57a2d4851a1d" relativeResultsDirectory="3e442188-2c22-40a8-b87e-d23830bea0a4">
      <Output>
        <StdOut>sandbox: PrepareForTestRun started.&#xD;
sandbox: football liveStatsApp != null: True &#xD;
sandbox: football liveStatsApp.IsProcessRunning: True &#xD;
sandbox: setupLocalData: localDatabaseProvider != null: True&#xD;
sandbox: applicationPages != null: True&#xD;
sandbox: applicationPages.Webdriver != null: True&#xD;
sandbox: finished setuping local data&#xD;
sandbox: PrepareForTestRun complete.&#xD;
sandbox: CleanUpAfterTestRun started.&#xD;
sandbox: application pages != null: True&#xD;
sandbox: web driver!= null: True&#xD;
sandbox: CleanUpAfterTestRun complete.</StdOut>
      </Output>
    </UnitTestResult>
    <UnitTestResult executionId="3d3358b1-1f1b-464e-92c7-7fdc278e8900" testId="343733bb-b754-f760-a517-10e7cc400613" testName="PlayerInjuryActionFlagCanBeReviewedInActionEditScreen" computerName="EC2AMAZ-JEOO151" duration="00:00:05.8040000" startTime="2019-07-11T19:42:28.0000000+00:00" endTime="2019-07-11T19:42:34.0000000+00:00" testType="13cdc9d9-ddb5-4fa4-a97d-d965ccfc6d4b" outcome="Passed" testListId="8c84fa94-04c1-424b-9868-57a2d4851a1d" relativeResultsDirectory="3d3358b1-1f1b-464e-92c7-7fdc278e8900">
      <Output>
        <StdOut>sandbox: PrepareForTestRun started.&#xD;
sandbox: football liveStatsApp != null: True &#xD;
sandbox: football liveStatsApp.IsProcessRunning: True &#xD;
sandbox: setupLocalData: localDatabaseProvider != null: True&#xD;
sandbox: applicationPages != null: True&#xD;
sandbox: applicationPages.Webdriver != null: True&#xD;
sandbox: finished setuping local data&#xD;
sandbox: PrepareForTestRun complete.&#xD;
Given Match started with kick off from existing game&#xD;
-&gt; done: SetupGameSteps.GivenMatchStartedWithKickOffButtonFromExistingGame() (3.3s)&#xD;
Given Injury for Team 1 player with shirt id 4 is registered&#xD;
-&gt; done: PlayerInjuryEditSteps.GivenInjuryForTeamIsRegistered(1, 4) (0.8s)&#xD;
When I click on latest "Injury" event in action log&#xD;
-&gt; done: ActionLogSteps.GivenIClickOnLatestEventInActionLog(Injury) (0.2s)&#xD;
And I click Flag &amp; Save button in action edit form&#xD;
-&gt; done: EditFormSteps.ClickFlagAndSaveInActionEditForm() (0.4s)&#xD;
And I click on latest "Injury" event in action log&#xD;
-&gt; done: ActionLogSteps.GivenIClickOnLatestEventInActionLog(Injury) (0.1s)&#xD;
And I click review flags button in game action edit window&#xD;
-&gt; done: EditFormSteps.WhenIClickReviewFlagsButtonInGameActionEditWindow() (0.1s)&#xD;
Then Review action flags dialog opens&#xD;
-&gt; done: EditFormSteps.ThenReviewActionFlagsDialogOpens() (0.0s)&#xD;
And "This item was flagged by the User." is visible in review action flags dialog&#xD;
-&gt; done: EditWindowFlagsDropDownSteps.ThenIsVisibleInReviewActionFlagsDialog("This item was fla...") (0.0s)&#xD;
sandbox: CleanUpAfterTestRun started.&#xD;
sandbox: application pages != null: True&#xD;
sandbox: web driver!= null: True&#xD;
sandbox: CleanUpAfterTestRun complete.</StdOut>
      </Output>
    </UnitTestResult>
    <UnitTestResult executionId="517dbac3-77ef-493c-888e-30bc08f374c9" testId="6d6e2caa-4488-c6ba-adfe-1faf09cdf232" testName="ChangePitchPositionForBallLandingLocation" computerName="EC2AMAZ-JEOO151" duration="00:00:11.8040000" startTime="2019-07-11T17:56:10.0000000+00:00" endTime="2019-07-11T17:56:22.0000000+00:00" testType="13cdc9d9-ddb5-4fa4-a97d-d965ccfc6d4b" outcome="Passed" testListId="8c84fa94-04c1-424b-9868-57a2d4851a1d" relativeResultsDirectory="517dbac3-77ef-493c-888e-30bc08f374c9">
      <Output>
        <StdOut>sandbox: PrepareForTestRun started.&#xD;
sandbox: football liveStatsApp != null: True &#xD;
sandbox: football liveStatsApp.IsProcessRunning: True &#xD;
sandbox: setupLocalData: localDatabaseProvider != null: True&#xD;
sandbox: applicationPages != null: True&#xD;
sandbox: applicationPages.Webdriver != null: True&#xD;
sandbox: finished setuping local data&#xD;
sandbox: PrepareForTestRun complete.&#xD;
Given Match started with kick off from existing game&#xD;
-&gt; done: SetupGameSteps.GivenMatchStartedWithKickOffButtonFromExistingGame() (3.2s)&#xD;
And I remembered current players on pitch shirt numbers&#xD;
-&gt; done: GoalEditSteps.GivenIRememberCurrentPlayersOnPitch() (1.6s)&#xD;
Given Freekick for Team 1 is registered&#xD;
Given action failed. Retrying after a timeout.&#xD;
-&gt; done: FreeKickSteps.GivenFreekickForTeamIsRegistered(1) (1.4s)&#xD;
When I click on latest "FreeKick" event in action log&#xD;
-&gt; done: ActionLogSteps.GivenIClickOnLatestEventInActionLog(FreeKick) (0.3s)&#xD;
And I click "adjust pitch location" button in ball landing location edit window&#xD;
Failed to find data-qa element with tag 'setPitchLocationButton'. No such element exception.&#xD;
-&gt; done: MiniPitchEditPageElementSteps.WhenIClickButtonInBallLandingLocationEditWindow() (2.2s)&#xD;
And I click on expanded pitch view x 10 y 50&#xD;
-&gt; done: ExpandedPitchPositionDialogSteps.GivenIClickOnExpandedPitchViewXY(10, 50) (0.1s)&#xD;
And I click "Proceed" button on expanded pitch view&#xD;
-&gt; done: ExpandedPitchPositionDialogSteps.GivenIClickButtonOnExpandedPitchView("Proceed") (0.1s)&#xD;
And I click "adjust pitch location" button in ball landing location edit window&#xD;
Failed to find data-qa element with tag 'setPitchLocationButton'. No such element exception.&#xD;
-&gt; done: MiniPitchEditPageElementSteps.WhenIClickButtonInBallLandingLocationEditWindow() (2.1s)&#xD;
Then current pitch marker is at x 10 and y 50 in expanded pitch dialog&#xD;
-&gt; done: MiniPitchEditPageElementSteps.ThenCurrentPitchMarkerInExpandedPitchDialogIsAtXAndY(10, 50) (0.1s)&#xD;
sandbox: CleanUpAfterTestRun started.&#xD;
sandbox: application pages != null: True&#xD;
sandbox: web driver!= null: True&#xD;
sandbox: CleanUpAfterTestRun complete.</StdOut>
      </Output>
    </UnitTestResult>
    <UnitTestResult executionId="49d832ac-727f-49d4-ad48-39286df36d4e" testId="48a3bb5f-4fbc-371d-7d2d-9a0ccc0db418" testName="GoalKickActionFlagCanBeReviewedInActionEditScreen" computerName="EC2AMAZ-JEOO151" duration="00:00:05.8280000" startTime="2019-07-11T19:41:48.0000000+00:00" endTime="2019-07-11T19:41:54.0000000+00:00" testType="13cdc9d9-ddb5-4fa4-a97d-d965ccfc6d4b" outcome="Passed" testListId="8c84fa94-04c1-424b-9868-57a2d4851a1d" relativeResultsDirectory="49d832ac-727f-49d4-ad48-39286df36d4e">
      <Output>
        <StdOut>sandbox: PrepareForTestRun started.&#xD;
sandbox: football liveStatsApp != null: True &#xD;
sandbox: football liveStatsApp.IsProcessRunning: True &#xD;
sandbox: setupLocalData: localDatabaseProvider != null: True&#xD;
sandbox: applicationPages != null: True&#xD;
sandbox: applicationPages.Webdriver != null: True&#xD;
sandbox: finished setuping local data&#xD;
sandbox: PrepareForTestRun complete.&#xD;
Given Match started with kick off from existing game&#xD;
-&gt; done: SetupGameSteps.GivenMatchStartedWithKickOffButtonFromExistingGame() (3.2s)&#xD;
Given GoalKick for Team 1 is registered&#xD;
-&gt; done: GoalKickSteps.GivenGoalKickForTeamIsRegistered(1) (0.9s)&#xD;
When I click on latest "GoalKick" event in action log&#xD;
-&gt; done: ActionLogSteps.GivenIClickOnLatestEventInActionLog(GoalKick) (0.2s)&#xD;
And I click Flag &amp; Save button in action edit form&#xD;
-&gt; done: EditFormSteps.ClickFlagAndSaveInActionEditForm() (0.4s)&#xD;
And I click on latest "GoalKick" event in action log&#xD;
-&gt; done: ActionLogSteps.GivenIClickOnLatestEventInActionLog(GoalKick) (0.1s)&#xD;
And I click review flags button in game action edit window&#xD;
-&gt; done: EditFormSteps.WhenIClickReviewFlagsButtonInGameActionEditWindow() (0.1s)&#xD;
Then Review action flags dialog opens&#xD;
-&gt; done: EditFormSteps.ThenReviewActionFlagsDialogOpens() (0.0s)&#xD;
And "This item was flagged by the User." is visible in review action flags dialog&#xD;
-&gt; done: EditWindowFlagsDropDownSteps.ThenIsVisibleInReviewActionFlagsDialog("This item was fla...") (0.0s)&#xD;
sandbox: CleanUpAfterTestRun started.&#xD;
sandbox: application pages != null: True&#xD;
sandbox: web driver!= null: True&#xD;
sandbox: CleanUpAfterTestRun complete.</StdOut>
      </Output>
    </UnitTestResult>
    <UnitTestResult executionId="ef1666fc-637f-41d3-a181-caca9f492565" testId="1457077c-3dad-dfe0-90c9-c60b8511fc1e" testName="GivenPso_WhenOpeningPsoKickEditFromTable_ThenEditOpened" computerName="EC2AMAZ-JEOO151" duration="00:00:23.8940000" startTime="2019-07-11T20:37:34.0000000+00:00" endTime="2019-07-11T20:37:58.0000000+00:00" testType="13cdc9d9-ddb5-4fa4-a97d-d965ccfc6d4b" outcome="Passed" testListId="8c84fa94-04c1-424b-9868-57a2d4851a1d" relativeResultsDirectory="ef1666fc-637f-41d3-a181-caca9f492565">
      <Output>
        <StdOut>sandbox: PrepareForTestRun started.&#xD;
sandbox: football liveStatsApp != null: True &#xD;
sandbox: football liveStatsApp.IsProcessRunning: True &#xD;
sandbox: setupLocalData: localDatabaseProvider != null: True&#xD;
sandbox: applicationPages != null: True&#xD;
sandbox: applicationPages.Webdriver != null: True&#xD;
sandbox: finished setuping local data&#xD;
sandbox: PrepareForTestRun complete.&#xD;
Given action failed. Retrying after a timeout. Most likely UI was not fast enough to refresh itself.&#xD;
sandbox: CleanUpAfterTestRun started.&#xD;
sandbox: application pages != null: True&#xD;
sandbox: web driver!= null: True&#xD;
sandbox: CleanUpAfterTestRun complete.</StdOut>
      </Output>
    </UnitTestResult>
    <UnitTestResult executionId="0d7b747f-06a1-49e3-9d81-7291ac6fea65" testId="568a5fb7-d3e0-2f1b-9d2d-dade0008626b" testName="GivenActionRegistered_WhenDeletingFromActionLog_ThenDeleted(Penalty)" computerName="EC2AMAZ-JEOO151" duration="00:00:13.5640000" startTime="2019-07-11T20:14:59.0000000+00:00" endTime="2019-07-11T20:15:12.0000000+00:00" testType="13cdc9d9-ddb5-4fa4-a97d-d965ccfc6d4b" outcome="Passed" testListId="8c84fa94-04c1-424b-9868-57a2d4851a1d" relativeResultsDirectory="0d7b747f-06a1-49e3-9d81-7291ac6fea65">
      <Output>
        <StdOut>sandbox: PrepareForTestRun started.&#xD;
sandbox: football liveStatsApp != null: True &#xD;
sandbox: football liveStatsApp.IsProcessRunning: True &#xD;
sandbox: setupLocalData: localDatabaseProvider != null: True&#xD;
sandbox: applicationPages != null: True&#xD;
sandbox: applicationPages.Webdriver != null: True&#xD;
sandbox: finished setuping local data&#xD;
sandbox: PrepareForTestRun complete.&#xD;
Given action failed. Retrying after a timeout.&#xD;
sandbox: CleanUpAfterTestRun started.&#xD;
sandbox: application pages != null: True&#xD;
sandbox: web driver!= null: True&#xD;
sandbox: CleanUpAfterTestRun complete.</StdOut>
      </Output>
    </UnitTestResult>
    <UnitTestResult executionId="ca4edbe9-8312-4f52-a963-1957ab10fa2e" testId="09eaf8a5-ab9b-ef36-be84-de0e92978a50" testName="GivenGoalGameInProgress_WhenStartingGoalKick_ThenTakenFromLocationStepInitiated" computerName="EC2AMAZ-JEOO151" duration="00:00:07.1650000" startTime="2019-07-11T21:01:28.0000000+00:00" endTime="2019-07-11T21:01:35.0000000+00:00" testType="13cdc9d9-ddb5-4fa4-a97d-d965ccfc6d4b" outcome="Passed" testListId="8c84fa94-04c1-424b-9868-57a2d4851a1d" relativeResultsDirectory="ca4edbe9-8312-4f52-a963-1957ab10fa2e">
      <Output>
        <StdOut>sandbox: PrepareForTestRun started.&#xD;
sandbox: football liveStatsApp != null: True &#xD;
sandbox: football liveStatsApp.IsProcessRunning: True &#xD;
sandbox: setupLocalData: localDatabaseProvider != null: True&#xD;
sandbox: applicationPages != null: True&#xD;
sandbox: applicationPages.Webdriver != null: True&#xD;
sandbox: finished setuping local data&#xD;
sandbox: PrepareForTestRun complete.&#xD;
Failed to find element with query '[data-qa='pitch-cursor']'. Web driver timeout exception.&#xD;
sandbox: CleanUpAfterTestRun started.&#xD;
sandbox: application pages != null: True&#xD;
sandbox: web driver!= null: True&#xD;
sandbox: CleanUpAfterTestRun complete.</StdOut>
      </Output>
    </UnitTestResult>
    <UnitTestResult executionId="5bde0f0f-f7ad-4fb7-83f7-f44f6fda658c" testId="a04d36e0-e343-241a-eaa9-5521394ff528" testName="CardReasonUpdate(&quot;Red&quot;,&quot;Dissent&quot;,null)" computerName="EC2AMAZ-JEOO151" duration="00:00:10.3150000" startTime="2019-07-11T17:46:46.0000000+00:00" endTime="2019-07-11T17:46:57.0000000+00:00" testType="13cdc9d9-ddb5-4fa4-a97d-d965ccfc6d4b" outcome="Passed" testListId="8c84fa94-04c1-424b-9868-57a2d4851a1d" relativeResultsDirectory="5bde0f0f-f7ad-4fb7-83f7-f44f6fda658c">
      <Output>
        <StdOut>sandbox: PrepareForTestRun started.&#xD;
sandbox: football liveStatsApp != null: True &#xD;
sandbox: football liveStatsApp.IsProcessRunning: True &#xD;
sandbox: setupLocalData: localDatabaseProvider != null: True&#xD;
sandbox: applicationPages != null: True&#xD;
sandbox: applicationPages.Webdriver != null: True&#xD;
sandbox: finished setuping local data&#xD;
sandbox: PrepareForTestRun complete.&#xD;
Given Match started with kick off from existing game&#xD;
-&gt; done: SetupGameSteps.GivenMatchStartedWithKickOffButtonFromExistingGame() (3.2s)&#xD;
And I remembered current players on pitch shirt numbers&#xD;
-&gt; done: GoalEditSteps.GivenIRememberCurrentPlayersOnPitch() (1.6s)&#xD;
Given "Red" Card for Team "1" player with shirt number "4" is registered&#xD;
-&gt; done: CardSteps.GivenCardForTeamPlayerWithShirtNumberIsRegistered(Red, 1, 4) (3.0s)&#xD;
When I click on 1 of type "Booking" event in action log&#xD;
-&gt; done: ActionLogSteps.GivenIClickOnLatestEventInActionLog(1, Booking) (0.2s)&#xD;
And I click "select reason for card" button in card edit page&#xD;
-&gt; done: CardEditSteps.WhenIClickButtonInCardEditPage() (0.0s)&#xD;
And I click "Dissent" reason button&#xD;
-&gt; done: CardSteps.WhenIClickReasonButton("Dissent") (0.1s)&#xD;
And I select player with shirt number 10 in to receive the card in card edit page&#xD;
-&gt; done: CardEditSteps.WhenISelectPlayerInToReceiveTheCardInCardEditPage(10) (0.3s)&#xD;
And I click Save button in action edit form&#xD;
-&gt; done: EditFormSteps.ClickSaveButtonInActionEditForm() (0.6s)&#xD;
Then Pitch View is shown&#xD;
-&gt; done: PitchScreenSteps.PitchViewIsShown() (0.0s)&#xD;
And Red label is shown in Booking event action log&#xD;
-&gt; done: ActionLogSteps.ThenOffenceIsShownInPenaltyEventActionLog("Red", Booking) (0.1s)&#xD;
And "Red" label of "Booking" event in action log contains "Red" card icon&#xD;
-&gt; done: ActionLogSteps.ThenLabelOfEventInActionLogContainsCardIcon("Red", Booking, "Red") (0.1s)&#xD;
And Player on pitch by shirt number 10 of team 1 is shown in Red of "Booking" event in action log&#xD;
-&gt; done: ActionLogSteps.ThenPlayerOnPitchByShirtNumberOfTeamIsShownInGoalOfEventInActionLog(10, 1, "Red", Booking) (0.3s)&#xD;
sandbox: CleanUpAfterTestRun started.&#xD;
sandbox: application pages != null: True&#xD;
sandbox: web driver!= null: True&#xD;
sandbox: CleanUpAfterTestRun complete.</StdOut>
      </Output>
    </UnitTestResult>
    <UnitTestResult executionId="79abde85-67ca-41b2-b7ca-c7ceecf4757c" testId="1d256cb6-d14a-6003-7aa7-f7489200f8a9" testName="GivenGoalLocationSelectedAndVarDeclared_WhenClickingCancelOnConfirm_ThenPlayerHasNoGoal" computerName="EC2AMAZ-JEOO151" duration="00:00:10.8160000" startTime="2019-07-11T21:46:47.0000000+00:00" endTime="2019-07-11T21:46:57.0000000+00:00" testType="13cdc9d9-ddb5-4fa4-a97d-d965ccfc6d4b" outcome="Passed" testListId="8c84fa94-04c1-424b-9868-57a2d4851a1d" relativeResultsDirectory="79abde85-67ca-41b2-b7ca-c7ceecf4757c">
      <Output>
        <StdOut>sandbox: PrepareForTestRun started.&#xD;
sandbox: football liveStatsApp != null: True &#xD;
sandbox: football liveStatsApp.IsProcessRunning: True &#xD;
sandbox: setupLocalData: localDatabaseProvider != null: True&#xD;
sandbox: applicationPages != null: True&#xD;
sandbox: applicationPages.Webdriver != null: True&#xD;
sandbox: finished setuping local data&#xD;
sandbox: PrepareForTestRun complete.&#xD;
Given action failed. Retrying after a timeout.&#xD;
Failed to find data-qa element with tag 'playerGoals'. No such element exception.&#xD;
sandbox: CleanUpAfterTestRun started.&#xD;
sandbox: application pages != null: True&#xD;
sandbox: web driver!= null: True&#xD;
sandbox: CleanUpAfterTestRun complete.</StdOut>
      </Output>
    </UnitTestResult>
    <UnitTestResult executionId="1ca36ce6-5057-4735-a23c-ae294fe531a5" testId="b02062cd-af07-4d5d-72f2-22a7b794a111" testName="OpenGoalInsert" computerName="EC2AMAZ-JEOO151" duration="00:00:21.2320000" startTime="2019-07-11T18:23:21.0000000+00:00" endTime="2019-07-11T18:23:42.0000000+00:00" testType="13cdc9d9-ddb5-4fa4-a97d-d965ccfc6d4b" outcome="Passed" testListId="8c84fa94-04c1-424b-9868-57a2d4851a1d" relativeResultsDirectory="1ca36ce6-5057-4735-a23c-ae294fe531a5">
      <Output>
        <StdOut>sandbox: PrepareForTestRun started.&#xD;
sandbox: football liveStatsApp != null: True &#xD;
sandbox: football liveStatsApp.IsProcessRunning: True &#xD;
sandbox: setupLocalData: localDatabaseProvider != null: True&#xD;
sandbox: applicationPages != null: True&#xD;
sandbox: applicationPages.Webdriver != null: True&#xD;
sandbox: finished setuping local data&#xD;
sandbox: PrepareForTestRun complete.&#xD;
Given Match started with kick off from existing game&#xD;
-&gt; done: SetupGameSteps.GivenMatchStartedWithKickOffButtonFromExistingGame() (3.2s)&#xD;
And "Top right" corner added for Team 1&#xD;
Given action failed. Retrying after a timeout.&#xD;
-&gt; done: CornerSteps.GivenCornerAddedForTeam("Top right", 1) (3.2s)&#xD;
And "Yellow" Card for Team 1 is registered&#xD;
Given action failed. Retrying after a timeout.&#xD;
-&gt; done: CardSteps.GivenCardForTeamIsRegistered(Yellow, 1) (3.5s)&#xD;
And I clicked on latest "Corner" event in action log&#xD;
-&gt; done: ActionLogSteps.GivenIClickOnLatestEventInActionLog(Corner) (0.2s)&#xD;
And I entered new conceded event time of "0030"&#xD;
-&gt; done: EditFormSteps.GivenIEnterNewConcededEventTimeOf("0030") (1.0s)&#xD;
And I clicked Save button in action edit form&#xD;
-&gt; done: EditFormSteps.ClickSaveButtonInActionEditForm() (0.6s)&#xD;
And I remembered current players on pitch shirt numbers&#xD;
-&gt; done: GoalEditSteps.GivenIRememberCurrentPlayersOnPitch() (1.1s)&#xD;
When I click Expand Action log button&#xD;
-&gt; done: ActionLogSteps.WhenIClickExpandActionLogButton() (0.1s)&#xD;
And I click last action in expanded action log&#xD;
-&gt; done: ExpandedActionLogSteps.WhenIClickLastActionInExpandedActionLog() (0.1s)&#xD;
And I click insert before button in expanded action log&#xD;
-&gt; done: ExpandedActionLogSteps.WhenIClickInsertBeforeButtonInExpandedActionLog() (0.1s)&#xD;
And I click insert Goal button in insert before dropdown&#xD;
-&gt; done: ExpandedActionLogSteps.WhenIClickGoalInsertGoalButtonInInsertBeforeDropdown() (0.2s)&#xD;
Then Goal Edit view is visible&#xD;
-&gt; done: GoalEditSteps.ThenGoalEditViewIsVisible() (0.1s)&#xD;
And "Half" of edit screen is visible&#xD;
-&gt; done: EditFormSteps.ThenHalfOfEditScreenIsVisible() (0.0s)&#xD;
And "Edit time" of edit screen is visible&#xD;
-&gt; done: EditFormSteps.ThenEditTimeOfEditScreenIsVisible() (0.0s)&#xD;
And "Edit time" of action edit page is "0030"&#xD;
-&gt; done: EditFormSteps.ThenEditTimeOfActionEditPageIs("0030") (0.1s)&#xD;
And "VAR" toggle is visible in goal edit workflow&#xD;
-&gt; done: EditFormSteps.ThenToggleIsVisible() (0.0s)&#xD;
And "VAR" toggle disabled&#xD;
-&gt; done: EditFormSteps.ThenVarToggleDisabled() (0.0s)&#xD;
And empty "mini pitch location" is visible in goal insert workflow&#xD;
-&gt; done: GoalEditSteps.ThenMiniPitchLocationIsVisible() (0.0s)&#xD;
And "shot location" is visible in insert workflow&#xD;
-&gt; done: GoalEditSteps.ThenShotLocationIsVisible() (0.1s)&#xD;
And Shot location is empty&#xD;
Failed to find element with query '[data-qa='netSectionCurrentLocation']'. Web driver timeout exception.&#xD;
-&gt; done: ShotLocationNetSteps.ThenShotLocationIsEmpty() (2.1s)&#xD;
And "Set position" text is visible in empty "mini pitch location" element in insert workflow&#xD;
-&gt; done: MiniPitchEditPageElementSteps.ThenTextIsVisibleInEmptyMiniPitchLocation("Set position") (0.0s)&#xD;
And "Set location" text is visible in empty "mini shot location" element in insert workflow&#xD;
-&gt; done: MiniShotEditPageElement.ThenTextIsVisibleInEmptyMiniShotLocation("Set location") (0.0s)&#xD;
And "goal by team" is visible in insert workflow&#xD;
-&gt; done: GoalEditSteps.ThenShotByTeamIsVisible() (0.1s)&#xD;
And "left" Team button is not selected in insert workflow&#xD;
-&gt; done: EditFormSteps.ThenTeamButtonIsNotSelectedInInsertWorkflow("left") (0.0s)&#xD;
And "right" Team button is not selected in insert workflow&#xD;
-&gt; done: EditFormSteps.ThenTeamButtonIsNotSelectedInInsertWorkflow("right") (0.0s)&#xD;
And "goal result" is visible in insert window&#xD;
-&gt; done: GoalEditSteps.ThenShotResultIsVisible() (0.0s)&#xD;
And "own goal" result button in insert window is not selected&#xD;
-&gt; done: GoalEditSteps.ThenOwnGoalResultButtonInInsertWindowIsNotSelected() (0.1s)&#xD;
And "goal types" is visible in insert window&#xD;
-&gt; done: GoalEditSteps.ThenShotTypeIsVisibleInGoalEditWorkflow() (0.2s)&#xD;
And "who scored" contains no players in insert window&#xD;
Failed to find element with query '[data-qa='shotScorerPlayerSelect']'. Web driver timeout exception.&#xD;
-&gt; done: GoalEditSteps.ThenWhoScoredContainsNoPlayersInInsertWindow() (2.1s)&#xD;
And "assist by" contains no players in insert window&#xD;
Failed to find element with query '[data-qa='shotAssistPlayerSelect']'. Web driver timeout exception.&#xD;
-&gt; done: GoalEditSteps.ThenAssistByContainsNoPlayersInInsertWindow() (2.1s)&#xD;
And "delete" edit button is visible&#xD;
-&gt; done: EditFormSteps.ThenGoalEditButtonIsVisible() (0.0s)&#xD;
sandbox: CleanUpAfterTestRun started.&#xD;
sandbox: application pages != null: True&#xD;
sandbox: web driver!= null: True&#xD;
sandbox: CleanUpAfterTestRun complete.</StdOut>
      </Output>
    </UnitTestResult>
    <UnitTestResult executionId="cb724d26-1208-42ae-8e84-fe45cf54c129" testId="f84e6b36-724a-2113-36e5-057dd0394ebd" testName="CannotInsertOnPitchInjuryBeforeTeamIsSelected" computerName="EC2AMAZ-JEOO151" duration="00:00:14.2000000" startTime="2019-07-11T18:45:07.0000000+00:00" endTime="2019-07-11T18:45:21.0000000+00:00" testType="13cdc9d9-ddb5-4fa4-a97d-d965ccfc6d4b" outcome="Passed" testListId="8c84fa94-04c1-424b-9868-57a2d4851a1d" relativeResultsDirectory="cb724d26-1208-42ae-8e84-fe45cf54c129">
      <Output>
        <StdOut>sandbox: PrepareForTestRun started.&#xD;
sandbox: football liveStatsApp != null: True &#xD;
sandbox: football liveStatsApp.IsProcessRunning: True &#xD;
sandbox: setupLocalData: localDatabaseProvider != null: True&#xD;
sandbox: applicationPages != null: True&#xD;
sandbox: applicationPages.Webdriver != null: True&#xD;
sandbox: finished setuping local data&#xD;
sandbox: PrepareForTestRun complete.&#xD;
Given Match started with kick off from existing game&#xD;
-&gt; done: SetupGameSteps.GivenMatchStartedWithKickOffButtonFromExistingGame() (3.3s)&#xD;
And "Yellow" Card for Team 1 is registered&#xD;
Given action failed. Retrying after a timeout.&#xD;
-&gt; done: CardSteps.GivenCardForTeamIsRegistered(Yellow, 1) (3.6s)&#xD;
And "Top right" corner added for Team 1&#xD;
Given action failed. Retrying after a timeout.&#xD;
-&gt; done: CornerSteps.GivenCornerAddedForTeam("Top right", 1) (3.0s)&#xD;
And I clicked on latest "Corner" event in action log&#xD;
-&gt; done: ActionLogSteps.GivenIClickOnLatestEventInActionLog(Corner) (0.2s)&#xD;
And I entered new conceded event time of "0030"&#xD;
-&gt; done: EditFormSteps.GivenIEnterNewConcededEventTimeOf("0030") (1.0s)&#xD;
And I clicked Save button in action edit form&#xD;
-&gt; done: EditFormSteps.ClickSaveButtonInActionEditForm() (0.6s)&#xD;
And I remembered current players on pitch shirt numbers&#xD;
-&gt; done: GoalEditSteps.GivenIRememberCurrentPlayersOnPitch() (1.1s)&#xD;
When I click Expand Action log button&#xD;
-&gt; done: ActionLogSteps.WhenIClickExpandActionLogButton() (0.1s)&#xD;
And I click last action in expanded action log&#xD;
-&gt; done: ExpandedActionLogSteps.WhenIClickLastActionInExpandedActionLog() (0.1s)&#xD;
And I click insert after button in expanded action log&#xD;
-&gt; done: ExpandedActionLogSteps.WhenIClickInsertAfterButtonInExpandedActionLog() (0.1s)&#xD;
And I click insert Injury button in insert after dropdown&#xD;
-&gt; done: ExpandedActionLogSteps.WhenIClickInsertInjuryButtonInInsertAfterDropdown() (0.1s)&#xD;
Then Save button is disabled in action edit form&#xD;
-&gt; done: EditFormSteps.SaveButtonIsDisabled() (0.0s)&#xD;
sandbox: CleanUpAfterTestRun started.&#xD;
sandbox: application pages != null: True&#xD;
sandbox: web driver!= null: True&#xD;
sandbox: CleanUpAfterTestRun complete.</StdOut>
      </Output>
    </UnitTestResult>
    <UnitTestResult executionId="53b6c9ef-7f8b-4328-9fc4-142dff9f6173" testId="7ba4c3e1-e73b-3dc9-2bcb-a0096fd7fad4" testName="GivenAssistantCouchEjectedByCard_WhenRecordingYellow_ThenAssistantCouchIsDisabled(Red)" computerName="EC2AMAZ-JEOO151" duration="00:00:12.4230000" startTime="2019-07-11T20:53:59.0000000+00:00" endTime="2019-07-11T20:54:12.0000000+00:00" testType="13cdc9d9-ddb5-4fa4-a97d-d965ccfc6d4b" outcome="Passed" testListId="8c84fa94-04c1-424b-9868-57a2d4851a1d" relativeResultsDirectory="53b6c9ef-7f8b-4328-9fc4-142dff9f6173">
      <Output>
        <StdOut>sandbox: PrepareForTestRun started.&#xD;
sandbox: football liveStatsApp != null: True &#xD;
sandbox: football liveStatsApp.IsProcessRunning: True &#xD;
sandbox: setupLocalData: localDatabaseProvider != null: True&#xD;
sandbox: applicationPages != null: True&#xD;
sandbox: applicationPages.Webdriver != null: True&#xD;
sandbox: finished setuping local data&#xD;
sandbox: PrepareForTestRun complete.&#xD;
Given action failed. Retrying after a timeout.&#xD;
sandbox: CleanUpAfterTestRun started.&#xD;
sandbox: application pages != null: True&#xD;
sandbox: web driver!= null: True&#xD;
sandbox: CleanUpAfterTestRun complete.</StdOut>
      </Output>
    </UnitTestResult>
    <UnitTestResult executionId="cb595c83-4aff-4c75-b9c7-a8881e8306c7" testId="72f01043-00dd-aa01-fb44-20e2efefe167" testName="FootballSelectVarReasonAndOutcome(&quot;Overturned&quot;,&quot;Offence&quot;,null)" computerName="EC2AMAZ-JEOO151" duration="00:00:10.2320000" startTime="2019-07-11T18:03:59.0000000+00:00" endTime="2019-07-11T18:04:09.0000000+00:00" testType="13cdc9d9-ddb5-4fa4-a97d-d965ccfc6d4b" outcome="Passed" testListId="8c84fa94-04c1-424b-9868-57a2d4851a1d" relativeResultsDirectory="cb595c83-4aff-4c75-b9c7-a8881e8306c7">
      <Output>
        <StdOut>sandbox: PrepareForTestRun started.&#xD;
sandbox: football liveStatsApp != null: True &#xD;
sandbox: football liveStatsApp.IsProcessRunning: True &#xD;
sandbox: setupLocalData: localDatabaseProvider != null: True&#xD;
sandbox: applicationPages != null: True&#xD;
sandbox: applicationPages.Webdriver != null: True&#xD;
sandbox: finished setuping local data&#xD;
sandbox: PrepareForTestRun complete.&#xD;
Given Match started with kick off from existing game&#xD;
-&gt; done: SetupGameSteps.GivenMatchStartedWithKickOffButtonFromExistingGame() (3.3s)&#xD;
And I remembered current players on pitch shirt numbers&#xD;
-&gt; done: GoalEditSteps.GivenIRememberCurrentPlayersOnPitch() (1.6s)&#xD;
And I add a goal for team 1 player 4 assisted by player 13&#xD;
Given action failed. Retrying after a timeout.&#xD;
-&gt; done: GoalSteps.GivenIAddAGoalForTeamPlayerAssistedByPlayer(1, 4, 13) (4.0s)&#xD;
And I click goal event in action log&#xD;
-&gt; done: ActionLogSteps.GivenIClickGoalEventInActionLog() (0.3s)&#xD;
When I click "VAR" toggle&#xD;
-&gt; done: EditFormSteps.GivenIClickToggleToEnable() (0.1s)&#xD;
And I click Var "Overturned" button&#xD;
-&gt; done: EditFormSteps.WhenIClickVarOverturnedButton() (0.1s)&#xD;
And I click VAR reason button&#xD;
-&gt; done: EditFormSteps.WhenIClickVarReasonButton() (0.0s)&#xD;
And I select VAR reason Offence&#xD;
-&gt; done: EditFormSteps.WhenISelectVarReason("Offence") (0.1s)&#xD;
Then "Save" of edit screen is enabled&#xD;
-&gt; done: EditFormSteps.ThenOfEditScreenIsEnabled() (0.0s)&#xD;
sandbox: CleanUpAfterTestRun started.&#xD;
sandbox: application pages != null: True&#xD;
sandbox: web driver!= null: True&#xD;
sandbox: CleanUpAfterTestRun complete.</StdOut>
      </Output>
    </UnitTestResult>
    <UnitTestResult executionId="1e196de0-fda7-4cad-a279-5cc22d7c5c2c" testId="da211e3c-9f1d-f546-44e8-9e7f99b45ad8" testName="FootballSaveGoalVARWithStandsOutcome(&quot;Offside&quot;,null)" computerName="EC2AMAZ-JEOO151" duration="00:00:11.2590000" startTime="2019-07-11T18:02:06.0000000+00:00" endTime="2019-07-11T18:02:17.0000000+00:00" testType="13cdc9d9-ddb5-4fa4-a97d-d965ccfc6d4b" outcome="Passed" testListId="8c84fa94-04c1-424b-9868-57a2d4851a1d" relativeResultsDirectory="1e196de0-fda7-4cad-a279-5cc22d7c5c2c">
      <Output>
        <StdOut>sandbox: PrepareForTestRun started.&#xD;
sandbox: football liveStatsApp != null: True &#xD;
sandbox: football liveStatsApp.IsProcessRunning: True &#xD;
sandbox: setupLocalData: localDatabaseProvider != null: True&#xD;
sandbox: applicationPages != null: True&#xD;
sandbox: applicationPages.Webdriver != null: True&#xD;
sandbox: finished setuping local data&#xD;
sandbox: PrepareForTestRun complete.&#xD;
Given Match started with kick off from existing game&#xD;
-&gt; done: SetupGameSteps.GivenMatchStartedWithKickOffButtonFromExistingGame() (3.3s)&#xD;
And I remembered current players on pitch shirt numbers&#xD;
-&gt; done: GoalEditSteps.GivenIRememberCurrentPlayersOnPitch() (1.6s)&#xD;
Given I add a goal for team 1 player 4 assisted by player 13&#xD;
Given action failed. Retrying after a timeout.&#xD;
-&gt; done: GoalSteps.GivenIAddAGoalForTeamPlayerAssistedByPlayer(1, 4, 13) (3.9s)&#xD;
And I click goal event in action log&#xD;
-&gt; done: ActionLogSteps.GivenIClickGoalEventInActionLog() (0.3s)&#xD;
When I click "VAR" toggle&#xD;
-&gt; done: EditFormSteps.GivenIClickToggleToEnable() (0.1s)&#xD;
And I click Var "Stands" button&#xD;
-&gt; done: EditFormSteps.WhenIClickVarStandsButton() (0.1s)&#xD;
And I click VAR reason button&#xD;
-&gt; done: EditFormSteps.WhenIClickVarReasonButton() (0.0s)&#xD;
And I select VAR reason Offside&#xD;
-&gt; done: EditFormSteps.WhenISelectVarReason("Offside") (0.1s)&#xD;
And I click Save button in action edit form&#xD;
-&gt; done: EditFormSteps.ClickSaveButtonInActionEditForm() (0.6s)&#xD;
Then VAR label is shown in Goal event action log&#xD;
-&gt; done: ActionLogSteps.ThenOffenceIsShownInPenaltyEventActionLog("VAR", Goal) (0.1s)&#xD;
And VAR label of "Goal" event in action log contains "Offside - Stands" message&#xD;
-&gt; done: ActionLogSteps.ThenSubItemOfEventInActionLogIsInTeamColor("VAR", Goal, "Offside - Stands") (0.1s)&#xD;
And Score is 1 for team 1&#xD;
-&gt; done: ScoreBoardSteps.ThenScoreIsForTeam(1, 1) (0.1s)&#xD;
And Score is 0 for team 2&#xD;
-&gt; done: ScoreBoardSteps.ThenScoreIsForTeam(0, 2) (0.1s)&#xD;
And Ball icon is shown on player on pitch with shirt number 4 of team 1&#xD;
-&gt; done: PitchPlayersComponentSteps.ThenBallIconIsShownOnPlayerOnPitchWithShirtNumberOfTeamButton(4, 1) (0.1s)&#xD;
sandbox: CleanUpAfterTestRun started.&#xD;
sandbox: application pages != null: True&#xD;
sandbox: web driver!= null: True&#xD;
sandbox: CleanUpAfterTestRun complete.</StdOut>
      </Output>
    </UnitTestResult>
    <UnitTestResult executionId="1fb0ad86-98ba-41b4-964e-e08fd2c7d32f" testId="efee5f5b-bf2f-af97-afb6-89c78910439c" testName="FootballCannotSubInPlayerWhichWasSubbedOut" computerName="EC2AMAZ-JEOO151" duration="00:00:06.3650000" startTime="2019-07-11T19:28:29.0000000+00:00" endTime="2019-07-11T19:28:35.0000000+00:00" testType="13cdc9d9-ddb5-4fa4-a97d-d965ccfc6d4b" outcome="Passed" testListId="8c84fa94-04c1-424b-9868-57a2d4851a1d" relativeResultsDirectory="1fb0ad86-98ba-41b4-964e-e08fd2c7d32f">
      <Output>
        <StdOut>sandbox: PrepareForTestRun started.&#xD;
sandbox: football liveStatsApp != null: True &#xD;
sandbox: football liveStatsApp.IsProcessRunning: True &#xD;
sandbox: setupLocalData: localDatabaseProvider != null: True&#xD;
sandbox: applicationPages != null: True&#xD;
sandbox: applicationPages.Webdriver != null: True&#xD;
sandbox: finished setuping local data&#xD;
sandbox: PrepareForTestRun complete.&#xD;
Given Match started with kick off from existing game&#xD;
-&gt; done: SetupGameSteps.GivenMatchStartedWithKickOffButtonFromExistingGame() (3.2s)&#xD;
Given added substitution for in player "26" and out player "6" in team "2"&#xD;
-&gt; done: SubstitutionEditSteps.GivenIAddSubstitutionForBothTeams(26, 6, 2) (2.0s)&#xD;
When I start substitution for team "2" in pitch view&#xD;
-&gt; done: SubstitutionSteps.WhenIClickSubBenchButtonInSubstitutionRecord(2) (0.2s)&#xD;
Then I cannot select player "6" from team "2" for sub in&#xD;
-&gt; done: SubstitutionSteps.ThenICannotChoosePlayerTeamForSubIn(6, 2) (0.1s)&#xD;
sandbox: CleanUpAfterTestRun started.&#xD;
sandbox: application pages != null: True&#xD;
sandbox: web driver!= null: True&#xD;
sandbox: CleanUpAfterTestRun complete.</StdOut>
      </Output>
    </UnitTestResult>
    <UnitTestResult executionId="b104dbf5-0bdb-4e0b-825d-296b8d1e6fe7" testId="0c6a5639-2d52-39b1-bf88-a4bbd5da00a5" testName="OpenCardEdit" computerName="EC2AMAZ-JEOO151" duration="00:00:09.7310000" startTime="2019-07-11T17:49:54.0000000+00:00" endTime="2019-07-11T17:50:04.0000000+00:00" testType="13cdc9d9-ddb5-4fa4-a97d-d965ccfc6d4b" outcome="Passed" testListId="8c84fa94-04c1-424b-9868-57a2d4851a1d" relativeResultsDirectory="b104dbf5-0bdb-4e0b-825d-296b8d1e6fe7">
      <Output>
        <StdOut>sandbox: PrepareForTestRun started.&#xD;
sandbox: football liveStatsApp != null: True &#xD;
sandbox: football liveStatsApp.IsProcessRunning: True &#xD;
sandbox: setupLocalData: localDatabaseProvider != null: True&#xD;
sandbox: applicationPages != null: True&#xD;
sandbox: applicationPages.Webdriver != null: True&#xD;
sandbox: finished setuping local data&#xD;
sandbox: PrepareForTestRun complete.&#xD;
Given Match started with kick off from existing game&#xD;
-&gt; done: SetupGameSteps.GivenMatchStartedWithKickOffButtonFromExistingGame() (3.2s)&#xD;
And I remembered current players on pitch shirt numbers&#xD;
-&gt; done: GoalEditSteps.GivenIRememberCurrentPlayersOnPitch() (1.5s)&#xD;
Given "Yellow" Card for Team "1" player with shirt number "4" is registered&#xD;
Given action failed. Retrying after a timeout.&#xD;
-&gt; done: CardSteps.GivenCardForTeamPlayerWithShirtNumberIsRegistered(Yellow, 1, 4) (3.2s)&#xD;
When I click on 1 of type "Booking" event in action log&#xD;
-&gt; done: ActionLogSteps.GivenIClickOnLatestEventInActionLog(1, Booking) (0.2s)&#xD;
Then Card Edit view is visible&#xD;
-&gt; done: CardEditSteps.ThenCardEditViewIsVisible() (0.1s)&#xD;
And "Action ID" of edit screen is visible&#xD;
-&gt; done: EditFormSteps.ThenActionIdOfEditScreenIsVisible() (0.0s)&#xD;
And "Edit time" of edit screen is visible&#xD;
-&gt; done: EditFormSteps.ThenEditTimeOfEditScreenIsVisible() (0.0s)&#xD;
And "Half" of edit screen is visible&#xD;
-&gt; done: EditFormSteps.ThenHalfOfEditScreenIsVisible() (0.0s)&#xD;
And Left team button is visible in action edit page&#xD;
-&gt; done: EditFormSteps.ThenLeftTeamButtonIsVisibleInActionEditPage() (0.0s)&#xD;
And Right team button is visible in action edit page&#xD;
-&gt; done: EditFormSteps.ThenRightTeamButtonIsVisibleInActionEditPage() (0.0s)&#xD;
And Card Type of "Yellow" is visible in card edit workflow&#xD;
-&gt; done: CardEditSteps.ThenCardTypeOfIsVisibleInCardEditWorkflow("Yellow") (0.0s)&#xD;
And Card Type of "Red" is visible in card edit workflow&#xD;
-&gt; done: CardEditSteps.ThenCardTypeOfIsVisibleInCardEditWorkflow("Red") (0.0s)&#xD;
And Card Type of "SecondYellow" is visible in card edit workflow&#xD;
-&gt; done: CardEditSteps.ThenCardTypeOfIsVisibleInCardEditWorkflow("SecondYellow") (0.0s)&#xD;
And "Card Reason" button is visible in card edit workflow&#xD;
-&gt; done: CardEditSteps.ThenCardReasonButtonIsVisibleInCardEditWorkflow() (0.0s)&#xD;
And Player with shirt number 4 button is selected in card edit page&#xD;
-&gt; done: CardEditSteps.ThenPlayerWithShirtNumberButtonIsSelectedInCardEditPage(4) (0.1s)&#xD;
And "Choose from team list" button is visible in action edit workflow&#xD;
-&gt; done: EditFormSteps.ThenButtonIsVisibleInCardEditWorkflow() (0.0s)&#xD;
And "VAR" toggle is visible&#xD;
-&gt; done: EditFormSteps.ThenToggleIsVisible() (0.0s)&#xD;
And "VAR" toggle disabled&#xD;
-&gt; done: EditFormSteps.ThenVarToggleDisabled() (0.0s)&#xD;
And "cancel" Button is visible&#xD;
-&gt; done: EditFormSteps.ThenCancelButtonIsVisible() (0.0s)&#xD;
And Flag &amp; Save button is visible in action edit form&#xD;
-&gt; done: EditFormSteps.ThenButtonFlagAndSaveIsVisible() (0.0s)&#xD;
And "Save &amp; Proceed" of edit screen is visible&#xD;
-&gt; done: EditFormSteps.ThenOfEditScreenIsVisible() (0.0s)&#xD;
And "save" Button is disabled&#xD;
-&gt; done: EditFormSteps.ThenButtonIsDisabled() (0.0s)&#xD;
And "delete" edit button is visible&#xD;
-&gt; done: EditFormSteps.ThenGoalEditButtonIsVisible() (0.0s)&#xD;
And Flag of edit screen is visible&#xD;
-&gt; done: EditFormSteps.ThenFlagOfEditScreenIsVisible() (0.0s)&#xD;
And Flag of edit screen is not active&#xD;
-&gt; done: EditFormSteps.ThenFlagOfEditScreenIsNotActive() (0.0s)&#xD;
sandbox: CleanUpAfterTestRun started.&#xD;
sandbox: application pages != null: True&#xD;
sandbox: web driver!= null: True&#xD;
sandbox: CleanUpAfterTestRun complete.</StdOut>
      </Output>
    </UnitTestResult>
    <UnitTestResult executionId="33d7441b-556b-4b30-af32-69586786ccad" testId="afa8bbab-8291-43a0-ab8b-cb48bb6d0d29" testName="ChangeFreeKickReasonType(&quot;offside&quot;,null)" computerName="EC2AMAZ-JEOO151" duration="00:00:07.5480000" startTime="2019-07-11T17:56:03.0000000+00:00" endTime="2019-07-11T17:56:10.0000000+00:00" testType="13cdc9d9-ddb5-4fa4-a97d-d965ccfc6d4b" outcome="Passed" testListId="8c84fa94-04c1-424b-9868-57a2d4851a1d" relativeResultsDirectory="33d7441b-556b-4b30-af32-69586786ccad">
      <Output>
        <StdOut>sandbox: PrepareForTestRun started.&#xD;
sandbox: football liveStatsApp != null: True &#xD;
sandbox: football liveStatsApp.IsProcessRunning: True &#xD;
sandbox: setupLocalData: localDatabaseProvider != null: True&#xD;
sandbox: applicationPages != null: True&#xD;
sandbox: applicationPages.Webdriver != null: True&#xD;
sandbox: finished setuping local data&#xD;
sandbox: PrepareForTestRun complete.&#xD;
Given Match started with kick off from existing game&#xD;
-&gt; done: SetupGameSteps.GivenMatchStartedWithKickOffButtonFromExistingGame() (3.3s)&#xD;
And I remembered current players on pitch shirt numbers&#xD;
-&gt; done: GoalEditSteps.GivenIRememberCurrentPlayersOnPitch() (1.5s)&#xD;
Given Freekick for Team 1 is registered&#xD;
Given action failed. Retrying after a timeout.&#xD;
-&gt; done: FreeKickSteps.GivenFreekickForTeamIsRegistered(1) (1.5s)&#xD;
When I click on latest "FreeKick" event in action log&#xD;
-&gt; done: ActionLogSteps.GivenIClickOnLatestEventInActionLog(FreeKick) (0.3s)&#xD;
And I click "offside" reason in free kick page&#xD;
-&gt; done: FreeKickEditSteps.WhenIClickButtonInExpandedFreeKickReasonsDialog("offside") (0.1s)&#xD;
Then "offside" reason is selected in freekick edit page&#xD;
-&gt; done: FreeKickEditSteps.ThenReasonIsSelectedInFreekickEditReasonDialog("offside") (0.0s)&#xD;
sandbox: CleanUpAfterTestRun started.&#xD;
sandbox: application pages != null: True&#xD;
sandbox: web driver!= null: True&#xD;
sandbox: CleanUpAfterTestRun complete.</StdOut>
      </Output>
    </UnitTestResult>
    <UnitTestResult executionId="9b93d230-4f24-479b-a75f-d290ad892fe6" testId="f34db3bd-596b-f9a9-8424-fe822485b97a" testName="NoOnVARForPenaltyFirstStep(&quot;1&quot;,null)" computerName="EC2AMAZ-JEOO151" duration="00:00:06.1800000" startTime="2019-07-11T19:58:20.0000000+00:00" endTime="2019-07-11T19:58:26.0000000+00:00" testType="13cdc9d9-ddb5-4fa4-a97d-d965ccfc6d4b" outcome="Passed" testListId="8c84fa94-04c1-424b-9868-57a2d4851a1d" relativeResultsDirectory="9b93d230-4f24-479b-a75f-d290ad892fe6">
      <Output>
        <StdOut>sandbox: PrepareForTestRun started.&#xD;
sandbox: football liveStatsApp != null: True &#xD;
sandbox: football liveStatsApp.IsProcessRunning: True &#xD;
sandbox: setupLocalData: localDatabaseProvider != null: True&#xD;
sandbox: applicationPages != null: True&#xD;
sandbox: applicationPages.Webdriver != null: True&#xD;
sandbox: finished setuping local data&#xD;
sandbox: PrepareForTestRun complete.&#xD;
Given Match started with kick off from existing game&#xD;
-&gt; done: SetupGameSteps.GivenMatchStartedWithKickOffButtonFromExistingGame() (3.2s)&#xD;
When I click "Possible Penalty" button for team 1&#xD;
-&gt; done: TeamActionButtonSteps.GivenIClickPossiblePenaltyButtonForTeam(1) (0.5s)&#xD;
And I click "Possible VAR" Button&#xD;
-&gt; done: WorkflowSteps.WhenIClickButton() (0.1s)&#xD;
And I click "No" button in confirmation dialog&#xD;
-&gt; done: WorkflowSteps.WhenIClickNoButtonInConfirmationDialog() (0.2s)&#xD;
Then VAR label is shown in Penalty event action log&#xD;
-&gt; done: ActionLogSteps.ThenOffenceIsShownInPenaltyEventActionLog("VAR", Penalty) (0.2s)&#xD;
And VAR label of "Penalty" event in action log is in team 1 color&#xD;
-&gt; done: ActionLogSteps.ThenSubItemOfEventInActionLogIsInTeamColor("VAR", Penalty, 1) (0.1s)&#xD;
And VAR label of "Penalty" event in action log contains "Penalty Overturned" message&#xD;
-&gt; done: ActionLogSteps.ThenSubItemOfEventInActionLogIsInTeamColor("VAR", Penalty, "Penalty Overturned") (0.1s)&#xD;
And Latest "Penalty" event is completed&#xD;
-&gt; done: ActionLogSteps.ThenLatestEventIsConfirmed(Penalty) (0.1s)&#xD;
And Action Buttons are enabled&#xD;
-&gt; done: TeamActionButtonSteps.ThenActionButtonsAreEnabled() (0.8s)&#xD;
sandbox: CleanUpAfterTestRun started.&#xD;
sandbox: application pages != null: True&#xD;
sandbox: web driver!= null: True&#xD;
sandbox: CleanUpAfterTestRun complete.</StdOut>
      </Output>
    </UnitTestResult>
    <UnitTestResult executionId="43e6b474-5424-42dc-a654-8fd3307804da" testId="4440d98c-4bf4-3fe5-9d56-b98b0834d3a0" testName="CancelGoalKickInsert" computerName="EC2AMAZ-JEOO151" duration="00:00:16.8320000" startTime="2019-07-11T18:16:17.0000000+00:00" endTime="2019-07-11T18:16:33.0000000+00:00" testType="13cdc9d9-ddb5-4fa4-a97d-d965ccfc6d4b" outcome="Passed" testListId="8c84fa94-04c1-424b-9868-57a2d4851a1d" relativeResultsDirectory="43e6b474-5424-42dc-a654-8fd3307804da">
      <Output>
        <StdOut>sandbox: PrepareForTestRun started.&#xD;
sandbox: football liveStatsApp != null: True &#xD;
sandbox: football liveStatsApp.IsProcessRunning: True &#xD;
sandbox: setupLocalData: localDatabaseProvider != null: True&#xD;
sandbox: applicationPages != null: True&#xD;
sandbox: applicationPages.Webdriver != null: True&#xD;
sandbox: finished setuping local data&#xD;
sandbox: PrepareForTestRun complete.&#xD;
Given Match started with kick off from existing game&#xD;
-&gt; done: SetupGameSteps.GivenMatchStartedWithKickOffButtonFromExistingGame() (3.4s)&#xD;
And "Yellow" Card for Team 1 is registered&#xD;
Given action failed. Retrying after a timeout.&#xD;
-&gt; done: CardSteps.GivenCardForTeamIsRegistered(Yellow, 1) (3.8s)&#xD;
And "Top right" corner added for Team 1&#xD;
Given action failed. Retrying after a timeout.&#xD;
-&gt; done: CornerSteps.GivenCornerAddedForTeam("Top right", 1) (3.0s)&#xD;
And I clicked on latest "Corner" event in action log&#xD;
-&gt; done: ActionLogSteps.GivenIClickOnLatestEventInActionLog(Corner) (0.2s)&#xD;
And I entered new conceded event time of "0030"&#xD;
-&gt; done: EditFormSteps.GivenIEnterNewConcededEventTimeOf("0030") (1.0s)&#xD;
And I clicked Save button in action edit form&#xD;
-&gt; done: EditFormSteps.ClickSaveButtonInActionEditForm() (0.6s)&#xD;
When I click Expand Action log button&#xD;
-&gt; done: ActionLogSteps.WhenIClickExpandActionLogButton() (0.1s)&#xD;
And I click last action in expanded action log&#xD;
-&gt; done: ExpandedActionLogSteps.WhenIClickLastActionInExpandedActionLog() (0.1s)&#xD;
And I click insert after button in expanded action log&#xD;
-&gt; done: ExpandedActionLogSteps.WhenIClickInsertAfterButtonInExpandedActionLog() (0.1s)&#xD;
And I click insert Goal Kick button in insert after dropdown&#xD;
-&gt; done: ExpandedActionLogSteps.WhenIClickInsertGoalKickButtonInInsertAfterDropdown() (0.1s)&#xD;
And I enter new taken event time of "0030"&#xD;
-&gt; done: EditFormSteps.GivenIEnterNewTakenEventTimeOf("0030") (1.0s)&#xD;
And I click team 1 in edit form&#xD;
-&gt; done: EditFormSteps.WhenIClickTeamInEditForm(1) (0.1s)&#xD;
And I change ball landing location to x 10 and y 80&#xD;
-&gt; done: GoalKickEditSteps.WhenIChangeBallLandingLocationToXAndY(10, 80) (0.3s)&#xD;
And I Click "cancel" Button in insert window&#xD;
-&gt; done: EditFormSteps.GivenIClickCancelButton() (0.1s)&#xD;
Then Goal kick insert view is not visible&#xD;
Failed to find element with query '[data-qa='goalKickEditScreen']'. Web driver timeout exception.&#xD;
-&gt; done: GoalKickEditSteps.ThenGoalKickEditViewIsNotVisible() (2.0s)&#xD;
And "Corner" Action is displayed at 1 in expanded action log&#xD;
-&gt; done: ExpandedActionLogSteps.ThenGoalActionIsDisplayedAtInExpandedActionLog("Corner", 1) (0.0s)&#xD;
sandbox: CleanUpAfterTestRun started.&#xD;
sandbox: application pages != null: True&#xD;
sandbox: web driver!= null: True&#xD;
sandbox: CleanUpAfterTestRun complete.</StdOut>
      </Output>
    </UnitTestResult>
    <UnitTestResult executionId="e23e6635-c6bb-4147-bd77-9131d9229ba0" testId="c559bc6f-7219-24a2-5b39-f01df9cbe003" testName="GivenFirstPeriodKickOffDeleted_WhenKickingOffAgain_ThenGameInProgress" computerName="EC2AMAZ-JEOO151" duration="00:00:08.2640000" startTime="2019-07-11T20:20:04.0000000+00:00" endTime="2019-07-11T20:20:13.0000000+00:00" testType="13cdc9d9-ddb5-4fa4-a97d-d965ccfc6d4b" outcome="Passed" testListId="8c84fa94-04c1-424b-9868-57a2d4851a1d" relativeResultsDirectory="e23e6635-c6bb-4147-bd77-9131d9229ba0">
      <Output>
        <StdOut>sandbox: PrepareForTestRun started.&#xD;
sandbox: football liveStatsApp != null: True &#xD;
sandbox: football liveStatsApp.IsProcessRunning: True &#xD;
sandbox: setupLocalData: localDatabaseProvider != null: True&#xD;
sandbox: applicationPages != null: True&#xD;
sandbox: applicationPages.Webdriver != null: True&#xD;
sandbox: finished setuping local data&#xD;
sandbox: PrepareForTestRun complete.&#xD;
Failed to find element with query '[data-qa='expandedActionLogTable']'. Web driver timeout exception.&#xD;
sandbox: CleanUpAfterTestRun started.&#xD;
sandbox: application pages != null: True&#xD;
sandbox: web driver!= null: True&#xD;
sandbox: CleanUpAfterTestRun complete.</StdOut>
      </Output>
    </UnitTestResult>
    <UnitTestResult executionId="510b754a-cb42-43ce-84e0-1fac73bd4dd0" testId="54c3c125-1ff2-ffa0-0399-83a019778fd4" testName="GivenSecondHalfEnded_WhenDeletingSecondHalfEnd_ThenSecondHalfCanBeEndedAgain" computerName="EC2AMAZ-JEOO151" duration="00:00:12.4830000" startTime="2019-07-11T20:26:08.0000000+00:00" endTime="2019-07-11T20:26:20.0000000+00:00" testType="13cdc9d9-ddb5-4fa4-a97d-d965ccfc6d4b" outcome="Passed" testListId="8c84fa94-04c1-424b-9868-57a2d4851a1d" relativeResultsDirectory="510b754a-cb42-43ce-84e0-1fac73bd4dd0">
      <Output>
        <StdOut>sandbox: PrepareForTestRun started.&#xD;
sandbox: football liveStatsApp != null: True &#xD;
sandbox: football liveStatsApp.IsProcessRunning: True &#xD;
sandbox: setupLocalData: localDatabaseProvider != null: True&#xD;
sandbox: applicationPages != null: True&#xD;
sandbox: applicationPages.Webdriver != null: True&#xD;
sandbox: finished setuping local data&#xD;
sandbox: PrepareForTestRun complete.&#xD;
sandbox: CleanUpAfterTestRun started.&#xD;
sandbox: application pages != null: True&#xD;
sandbox: web driver!= null: True&#xD;
sandbox: CleanUpAfterTestRun complete.</StdOut>
      </Output>
    </UnitTestResult>
    <UnitTestResult executionId="a41cfb5d-cef7-4842-b865-c54c9556ee34" testId="a521625e-c08d-c600-83fe-45c2deb80088" testName="SubstitutionActionCanBeUnflagged" computerName="EC2AMAZ-JEOO151" duration="00:00:07.5150000" startTime="2019-07-11T19:42:59.0000000+00:00" endTime="2019-07-11T19:43:07.0000000+00:00" testType="13cdc9d9-ddb5-4fa4-a97d-d965ccfc6d4b" outcome="Passed" testListId="8c84fa94-04c1-424b-9868-57a2d4851a1d" relativeResultsDirectory="a41cfb5d-cef7-4842-b865-c54c9556ee34">
      <Output>
        <StdOut>sandbox: PrepareForTestRun started.&#xD;
sandbox: football liveStatsApp != null: True &#xD;
sandbox: football liveStatsApp.IsProcessRunning: True &#xD;
sandbox: setupLocalData: localDatabaseProvider != null: True&#xD;
sandbox: applicationPages != null: True&#xD;
sandbox: applicationPages.Webdriver != null: True&#xD;
sandbox: finished setuping local data&#xD;
sandbox: PrepareForTestRun complete.&#xD;
Given Match started with kick off from existing game&#xD;
-&gt; done: SetupGameSteps.GivenMatchStartedWithKickOffButtonFromExistingGame() (3.3s)&#xD;
Given added substitution for in player "24" and out player "4" in team "2"&#xD;
-&gt; done: SubstitutionEditSteps.GivenIAddSubstitutionForBothTeams(24, 4, 2) (2.0s)&#xD;
When I click on 1 of type "Substitution" event in action log&#xD;
-&gt; done: ActionLogSteps.GivenIClickOnLatestEventInActionLog(1, Substitution) (0.2s)&#xD;
And I click Flag &amp; Save button in action edit form&#xD;
-&gt; done: EditFormSteps.ClickFlagAndSaveInActionEditForm() (0.4s)&#xD;
And I click on 1 of type "Substitution" event in action log&#xD;
-&gt; done: ActionLogSteps.GivenIClickOnLatestEventInActionLog(1, Substitution) (0.1s)&#xD;
And I click Save button in action edit form&#xD;
-&gt; done: EditFormSteps.ClickSaveButtonInActionEditForm() (0.6s)&#xD;
Then 1 event in action log of type "Substitution" is not flagged&#xD;
-&gt; done: ActionLogSteps.ThenEventInActionLogOfTypeIsNotFlagged(1, Substitution) (0.0s)&#xD;
sandbox: CleanUpAfterTestRun started.&#xD;
sandbox: application pages != null: True&#xD;
sandbox: web driver!= null: True&#xD;
sandbox: CleanUpAfterTestRun complete.</StdOut>
      </Output>
    </UnitTestResult>
    <UnitTestResult executionId="c75f7e2c-f18d-433a-b4d1-28a05dfa270e" testId="fda395e9-c61d-a188-e536-ef589283ca3f" testName="CardTypeChangeAndReasonReset(&quot;Red&quot;,&quot;Yellow&quot;,null)" computerName="EC2AMAZ-JEOO151" duration="00:00:09.2140000" startTime="2019-07-11T17:48:40.0000000+00:00" endTime="2019-07-11T17:48:49.0000000+00:00" testType="13cdc9d9-ddb5-4fa4-a97d-d965ccfc6d4b" outcome="Passed" testListId="8c84fa94-04c1-424b-9868-57a2d4851a1d" relativeResultsDirectory="c75f7e2c-f18d-433a-b4d1-28a05dfa270e">
      <Output>
        <StdOut>sandbox: PrepareForTestRun started.&#xD;
sandbox: football liveStatsApp != null: True &#xD;
sandbox: football liveStatsApp.IsProcessRunning: True &#xD;
sandbox: setupLocalData: localDatabaseProvider != null: True&#xD;
sandbox: applicationPages != null: True&#xD;
sandbox: applicationPages.Webdriver != null: True&#xD;
sandbox: finished setuping local data&#xD;
sandbox: PrepareForTestRun complete.&#xD;
Given Match started with kick off from existing game&#xD;
-&gt; done: SetupGameSteps.GivenMatchStartedWithKickOffButtonFromExistingGame() (3.3s)&#xD;
And I remembered current players on pitch shirt numbers&#xD;
-&gt; done: GoalEditSteps.GivenIRememberCurrentPlayersOnPitch() (1.6s)&#xD;
Given "Red" Card for Team "1" player with shirt number "4" is registered&#xD;
Given action failed. Retrying after a timeout.&#xD;
-&gt; done: CardSteps.GivenCardForTeamPlayerWithShirtNumberIsRegistered(Red, 1, 4) (3.2s)&#xD;
When I click on 1 of type "Booking" event in action log&#xD;
-&gt; done: ActionLogSteps.GivenIClickOnLatestEventInActionLog(1, Booking) (0.2s)&#xD;
And I click "Yellow" card in card edit page&#xD;
-&gt; done: CardEditSteps.WhenIClickCardInCardEditPage("Yellow") (0.1s)&#xD;
Then Card reason button text is "CLICK TO SELECT CARD REASON" in card edit page&#xD;
-&gt; done: CardEditSteps.ThenCardReasonButtonTextIsInCardEditPage("CLICK TO SELECT C...") (0.0s)&#xD;
sandbox: CleanUpAfterTestRun started.&#xD;
sandbox: application pages != null: True&#xD;
sandbox: web driver!= null: True&#xD;
sandbox: CleanUpAfterTestRun complete.</StdOut>
      </Output>
    </UnitTestResult>
    <UnitTestResult executionId="2bd5261a-722f-4089-934f-c4c840e5fa4a" testId="48caba76-fb8e-f90d-2590-e786a9b4e1c4" testName="ClearShotIsVisibleInGoalInsert(&quot;set&quot;,null)" computerName="EC2AMAZ-JEOO151" duration="00:00:14.7160000" startTime="2019-07-11T18:22:07.0000000+00:00" endTime="2019-07-11T18:22:22.0000000+00:00" testType="13cdc9d9-ddb5-4fa4-a97d-d965ccfc6d4b" outcome="Passed" testListId="8c84fa94-04c1-424b-9868-57a2d4851a1d" relativeResultsDirectory="2bd5261a-722f-4089-934f-c4c840e5fa4a">
      <Output>
        <StdOut>sandbox: PrepareForTestRun started.&#xD;
sandbox: football liveStatsApp != null: True &#xD;
sandbox: football liveStatsApp.IsProcessRunning: True &#xD;
sandbox: setupLocalData: localDatabaseProvider != null: True&#xD;
sandbox: applicationPages != null: True&#xD;
sandbox: applicationPages.Webdriver != null: True&#xD;
sandbox: finished setuping local data&#xD;
sandbox: PrepareForTestRun complete.&#xD;
Given Match started with kick off from existing game&#xD;
-&gt; done: SetupGameSteps.GivenMatchStartedWithKickOffButtonFromExistingGame() (3.4s)&#xD;
And "Top right" corner added for Team 1&#xD;
Given action failed. Retrying after a timeout.&#xD;
-&gt; done: CornerSteps.GivenCornerAddedForTeam("Top right", 1) (3.3s)&#xD;
And "Yellow" Card for Team 1 is registered&#xD;
Given action failed. Retrying after a timeout.&#xD;
-&gt; done: CardSteps.GivenCardForTeamIsRegistered(Yellow, 1) (3.4s)&#xD;
And I clicked on latest "Corner" event in action log&#xD;
-&gt; done: ActionLogSteps.GivenIClickOnLatestEventInActionLog(Corner) (0.3s)&#xD;
And I entered new conceded event time of "0030"&#xD;
-&gt; done: EditFormSteps.GivenIEnterNewConcededEventTimeOf("0030") (1.0s)&#xD;
And I clicked Save button in action edit form&#xD;
-&gt; done: EditFormSteps.ClickSaveButtonInActionEditForm() (0.6s)&#xD;
And I remembered current players on pitch shirt numbers&#xD;
-&gt; done: GoalEditSteps.GivenIRememberCurrentPlayersOnPitch() (1.1s)&#xD;
When I click Expand Action log button&#xD;
-&gt; done: ActionLogSteps.WhenIClickExpandActionLogButton() (0.2s)&#xD;
And I click last action in expanded action log&#xD;
-&gt; done: ExpandedActionLogSteps.WhenIClickLastActionInExpandedActionLog() (0.1s)&#xD;
And I click insert after button in expanded action log&#xD;
-&gt; done: ExpandedActionLogSteps.WhenIClickInsertAfterButtonInExpandedActionLog() (0.1s)&#xD;
And I click insert Goal button in insert after dropdown&#xD;
-&gt; done: ExpandedActionLogSteps.WhenIClickInsertGoalButtonInInsertAfterDropdown() (0.1s)&#xD;
And I click "set" shot location button in insert window&#xD;
-&gt; done: GoalEditSteps.WhenIClickSetShotLocationButton() (0.1s)&#xD;
And I click "top right" corner on Net&#xD;
-&gt; done: ExpandedShotLocationDialogSteps.GivenIClickCornerOnNet("top right") (0.1s)&#xD;
Then Clear shot position button is visible&#xD;
-&gt; done: ExpandedShotLocationDialogSteps.ThenClearShotPositionButtonIsVisible() (0.0s)&#xD;
sandbox: CleanUpAfterTestRun started.&#xD;
sandbox: application pages != null: True&#xD;
sandbox: web driver!= null: True&#xD;
sandbox: CleanUpAfterTestRun complete.</StdOut>
      </Output>
    </UnitTestResult>
    <UnitTestResult executionId="e59c729c-b1f0-4818-9f99-89d71c96ea35" testId="2cade19e-7449-7465-4ce3-6687f49185b7" testName="GivenVarStartedOnGoal_WhenSelectingStands_ThenConfirmDialogIsShown(2)" computerName="EC2AMAZ-JEOO151" duration="00:00:05.7000000" startTime="2019-07-11T21:47:35.0000000+00:00" endTime="2019-07-11T21:47:41.0000000+00:00" testType="13cdc9d9-ddb5-4fa4-a97d-d965ccfc6d4b" outcome="Passed" testListId="8c84fa94-04c1-424b-9868-57a2d4851a1d" relativeResultsDirectory="e59c729c-b1f0-4818-9f99-89d71c96ea35">
      <Output>
        <StdOut>sandbox: PrepareForTestRun started.&#xD;
sandbox: football liveStatsApp != null: True &#xD;
sandbox: football liveStatsApp.IsProcessRunning: True &#xD;
sandbox: setupLocalData: localDatabaseProvider != null: True&#xD;
sandbox: applicationPages != null: True&#xD;
sandbox: applicationPages.Webdriver != null: True&#xD;
sandbox: finished setuping local data&#xD;
sandbox: PrepareForTestRun complete.&#xD;
Given action failed. Retrying after a timeout.&#xD;
sandbox: CleanUpAfterTestRun started.&#xD;
sandbox: application pages != null: True&#xD;
sandbox: web driver!= null: True&#xD;
sandbox: CleanUpAfterTestRun complete.</StdOut>
      </Output>
    </UnitTestResult>
    <UnitTestResult executionId="946f3386-e9f4-4170-a67b-f991fca5ff7b" testId="4f7f897d-5989-0211-ef22-e80a20e44536" testName="ClearPitchPositionForFreeKickLocation" computerName="EC2AMAZ-JEOO151" duration="00:00:09.6840000" startTime="2019-07-11T17:56:44.0000000+00:00" endTime="2019-07-11T17:56:53.0000000+00:00" testType="13cdc9d9-ddb5-4fa4-a97d-d965ccfc6d4b" outcome="Passed" testListId="8c84fa94-04c1-424b-9868-57a2d4851a1d" relativeResultsDirectory="946f3386-e9f4-4170-a67b-f991fca5ff7b">
      <Output>
        <StdOut>sandbox: PrepareForTestRun started.&#xD;
sandbox: football liveStatsApp != null: True &#xD;
sandbox: football liveStatsApp.IsProcessRunning: True &#xD;
sandbox: setupLocalData: localDatabaseProvider != null: True&#xD;
sandbox: applicationPages != null: True&#xD;
sandbox: applicationPages.Webdriver != null: True&#xD;
sandbox: finished setuping local data&#xD;
sandbox: PrepareForTestRun complete.&#xD;
Given Match started with kick off from existing game&#xD;
-&gt; done: SetupGameSteps.GivenMatchStartedWithKickOffButtonFromExistingGame() (3.3s)&#xD;
And I remembered current players on pitch shirt numbers&#xD;
-&gt; done: GoalEditSteps.GivenIRememberCurrentPlayersOnPitch() (1.6s)&#xD;
Given Freekick for Team 1 is registered&#xD;
Given action failed. Retrying after a timeout.&#xD;
-&gt; done: FreeKickSteps.GivenFreekickForTeamIsRegistered(1) (1.3s)&#xD;
When I click on latest "FreeKick" event in action log&#xD;
-&gt; done: ActionLogSteps.GivenIClickOnLatestEventInActionLog(FreeKick) (0.2s)&#xD;
And I click "adjust pitch location" button in free kick location edit window&#xD;
Failed to find data-qa element with tag 'setPitchLocationButton'. No such element exception.&#xD;
-&gt; done: FreeKickEditSteps.WhenIClickButtonInFreeKickLocationEditWindow() (2.2s)&#xD;
And I click "clear pitch" button on expanded pitch view&#xD;
-&gt; done: ExpandedPitchPositionDialogSteps.GivenIClickButtonOnExpandedPitchView("clear pitch") (0.1s)&#xD;
And I click "Proceed" button on expanded pitch view&#xD;
-&gt; done: ExpandedPitchPositionDialogSteps.GivenIClickButtonOnExpandedPitchView("Proceed") (0.1s)&#xD;
Then Free Kick Edit view is visible&#xD;
-&gt; done: FreeKickEditSteps.ThenFreeKickEditViewIsVisible() (0.0s)&#xD;
And Save button is disabled in action edit form&#xD;
-&gt; done: EditFormSteps.SaveButtonIsDisabled() (0.0s)&#xD;
sandbox: CleanUpAfterTestRun started.&#xD;
sandbox: application pages != null: True&#xD;
sandbox: web driver!= null: True&#xD;
sandbox: CleanUpAfterTestRun complete.</StdOut>
      </Output>
    </UnitTestResult>
    <UnitTestResult executionId="1af52d82-4e08-4647-93ec-5db8e84ab6ed" testId="b23c755e-0e85-385f-3ef6-e5855a84cd28" testName="EditSubDuringWorkflowFromExpandedActionLog" computerName="EC2AMAZ-JEOO151" duration="00:00:08.6170000" startTime="2019-07-11T17:55:08.0000000+00:00" endTime="2019-07-11T17:55:17.0000000+00:00" testType="13cdc9d9-ddb5-4fa4-a97d-d965ccfc6d4b" outcome="Passed" testListId="8c84fa94-04c1-424b-9868-57a2d4851a1d" relativeResultsDirectory="1af52d82-4e08-4647-93ec-5db8e84ab6ed">
      <Output>
        <StdOut>sandbox: PrepareForTestRun started.&#xD;
sandbox: football liveStatsApp != null: True &#xD;
sandbox: football liveStatsApp.IsProcessRunning: True &#xD;
sandbox: setupLocalData: localDatabaseProvider != null: True&#xD;
sandbox: applicationPages != null: True&#xD;
sandbox: applicationPages.Webdriver != null: True&#xD;
sandbox: finished setuping local data&#xD;
sandbox: PrepareForTestRun complete.&#xD;
Given Match started with kick off from existing game&#xD;
-&gt; done: SetupGameSteps.GivenMatchStartedWithKickOffButtonFromExistingGame() (3.2s)&#xD;
Given I add substitution for both teams&#xD;
-&gt; done: SubstitutionSteps.GivenIAddSubstitutionForBothTeams() (3.3s)&#xD;
When I click Freekick button for team 1&#xD;
-&gt; done: TeamActionButtonSteps.WhenIClickFreekickButtonForTeam(1) (0.3s)&#xD;
And I open Expanded Action log&#xD;
-&gt; done: ActionLogSteps.WhenIClickExpandActionLogButton() (0.1s)&#xD;
And I open latest "Substitution" action edit view from expanded action log&#xD;
-&gt; done: ExpandedActionLogSteps.WhenIOpenLatestActionEditViewFromExpandedActionLog(Substitution) (0.1s)&#xD;
And I click Flag &amp; Save button in action edit form&#xD;
-&gt; done: EditFormSteps.ClickFlagAndSaveInActionEditForm() (0.4s)&#xD;
And I close expanded action log page&#xD;
-&gt; done: ExpandedActionLogSteps.WhenICloseExpandedActionLogPage() (0.2s)&#xD;
Then Pitch View is shown&#xD;
-&gt; done: PitchScreenSteps.PitchViewIsShown() (0.0s)&#xD;
And 1 event in action log of type "Substitution" is flagged&#xD;
-&gt; done: ActionLogSteps.ThenEventInActionLogOfTypeIsFlagged(1, Substitution) (0.0s)&#xD;
And Notification "Select free kick location..." is shown&#xD;
-&gt; done: PitchBottomMessageBarSteps.ThenIsShown("Select free kick ...") (0.1s)&#xD;
sandbox: CleanUpAfterTestRun started.&#xD;
sandbox: application pages != null: True&#xD;
sandbox: web driver!= null: True&#xD;
sandbox: CleanUpAfterTestRun complete.</StdOut>
      </Output>
    </UnitTestResult>
    <UnitTestResult executionId="4ef09e59-9c3d-4347-b186-d97bed560fa0" testId="6814db7f-f796-9a01-a76c-c5a1dad62384" testName="GivenActionRegistered_WhenDeletingFromExpandedActionLog_ThenDeletedInExpanded(Penalty)" computerName="EC2AMAZ-JEOO151" duration="00:00:11.3490000" startTime="2019-07-11T20:16:43.0000000+00:00" endTime="2019-07-11T20:16:55.0000000+00:00" testType="13cdc9d9-ddb5-4fa4-a97d-d965ccfc6d4b" outcome="Passed" testListId="8c84fa94-04c1-424b-9868-57a2d4851a1d" relativeResultsDirectory="4ef09e59-9c3d-4347-b186-d97bed560fa0">
      <Output>
        <StdOut>sandbox: PrepareForTestRun started.&#xD;
sandbox: football liveStatsApp != null: True &#xD;
sandbox: football liveStatsApp.IsProcessRunning: True &#xD;
sandbox: setupLocalData: localDatabaseProvider != null: True&#xD;
sandbox: applicationPages != null: True&#xD;
sandbox: applicationPages.Webdriver != null: True&#xD;
sandbox: finished setuping local data&#xD;
sandbox: PrepareForTestRun complete.&#xD;
Given action failed. Retrying after a timeout.&#xD;
sandbox: CleanUpAfterTestRun started.&#xD;
sandbox: application pages != null: True&#xD;
sandbox: web driver!= null: True&#xD;
sandbox: CleanUpAfterTestRun complete.</StdOut>
      </Output>
    </UnitTestResult>
    <UnitTestResult executionId="1b305ecb-71d1-4c0f-9f7b-d167e45dc4f4" testId="9a03c6f5-c08c-ceff-81af-c1112c7f3c16" testName="ShotActionCanBeUnflagged" computerName="EC2AMAZ-JEOO151" duration="00:00:06.8820000" startTime="2019-07-11T19:42:40.0000000+00:00" endTime="2019-07-11T19:42:47.0000000+00:00" testType="13cdc9d9-ddb5-4fa4-a97d-d965ccfc6d4b" outcome="Passed" testListId="8c84fa94-04c1-424b-9868-57a2d4851a1d" relativeResultsDirectory="1b305ecb-71d1-4c0f-9f7b-d167e45dc4f4">
      <Output>
        <StdOut>sandbox: PrepareForTestRun started.&#xD;
sandbox: football liveStatsApp != null: True &#xD;
sandbox: football liveStatsApp.IsProcessRunning: True &#xD;
sandbox: setupLocalData: localDatabaseProvider != null: True&#xD;
sandbox: applicationPages != null: True&#xD;
sandbox: applicationPages.Webdriver != null: True&#xD;
sandbox: finished setuping local data&#xD;
sandbox: PrepareForTestRun complete.&#xD;
Given Match started with kick off from existing game&#xD;
-&gt; done: SetupGameSteps.GivenMatchStartedWithKickOffButtonFromExistingGame() (3.4s)&#xD;
Given Shot for Team 1 is registered&#xD;
Given action failed. Retrying after a timeout.&#xD;
-&gt; done: ShotEditSteps.GivenShotForTeamIsRegistered(1) (1.3s)&#xD;
When I click on latest "Shot" event in action log&#xD;
-&gt; done: ActionLogSteps.GivenIClickOnLatestEventInActionLog(Shot) (0.2s)&#xD;
And I click Flag &amp; Save button in action edit form&#xD;
-&gt; done: EditFormSteps.ClickFlagAndSaveInActionEditForm() (0.4s)&#xD;
And I click on latest "Shot" event in action log&#xD;
-&gt; done: ActionLogSteps.GivenIClickOnLatestEventInActionLog(Shot) (0.1s)&#xD;
And I click Save button in action edit form&#xD;
-&gt; done: EditFormSteps.ClickSaveButtonInActionEditForm() (0.6s)&#xD;
Then 1 event in action log of type "Shot" is not flagged&#xD;
-&gt; done: ActionLogSteps.ThenEventInActionLogOfTypeIsNotFlagged(1, Shot) (0.0s)&#xD;
sandbox: CleanUpAfterTestRun started.&#xD;
sandbox: application pages != null: True&#xD;
sandbox: web driver!= null: True&#xD;
sandbox: CleanUpAfterTestRun complete.</StdOut>
      </Output>
    </UnitTestResult>
    <UnitTestResult executionId="63607bbf-6bb4-423c-aa54-8fe21036cdc2" testId="a3d0da4e-9160-fd4a-3221-a23e27180d71" testName="SelectPlayerForOffencePenalty(&quot;1&quot;,&quot;2&quot;,&quot;90&quot;,&quot;50&quot;,&quot;5&quot;,null)" computerName="EC2AMAZ-JEOO151" duration="00:00:13.6290000" startTime="2019-07-11T19:11:32.0000000+00:00" endTime="2019-07-11T19:11:45.0000000+00:00" testType="13cdc9d9-ddb5-4fa4-a97d-d965ccfc6d4b" outcome="Passed" testListId="8c84fa94-04c1-424b-9868-57a2d4851a1d" relativeResultsDirectory="63607bbf-6bb4-423c-aa54-8fe21036cdc2">
      <Output>
        <StdOut>sandbox: PrepareForTestRun started.&#xD;
sandbox: football liveStatsApp != null: True &#xD;
sandbox: football liveStatsApp.IsProcessRunning: True &#xD;
sandbox: setupLocalData: localDatabaseProvider != null: True&#xD;
sandbox: applicationPages != null: True&#xD;
sandbox: applicationPages.Webdriver != null: True&#xD;
sandbox: finished setuping local data&#xD;
sandbox: PrepareForTestRun complete.&#xD;
Given Match started with kick off from existing game&#xD;
-&gt; done: SetupGameSteps.GivenMatchStartedWithKickOffButtonFromExistingGame() (3.2s)&#xD;
When I click "Possible Penalty" button for team 1&#xD;
Given action failed. Retrying after a timeout.&#xD;
-&gt; done: TeamActionButtonSteps.GivenIClickPossiblePenaltyButtonForTeam(1) (0.8s)&#xD;
And I confirm penalty by clicking "Confirm" button&#xD;
-&gt; done: PenaltySteps.WhenIConfirmPenaltyByClickingButton() (2.3s)&#xD;
And I click on pitch x 90 and y 50&#xD;
Failed to find element with query '[data-qa='activePitchOverlay']'. Web driver timeout exception.&#xD;
Given action failed. Retrying after a timeout.&#xD;
Failed to find element with query '[data-qa='activePitchOverlay']'. Web driver timeout exception.&#xD;
-&gt; done: PitchScreenSteps.WhenIClickOnPitch(90, 50) (4.4s)&#xD;
And I click "Offence" reason button&#xD;
-&gt; done: CardSteps.WhenIClickReasonButton("Offence") (0.2s)&#xD;
And I click on team 2 player on pitch with shirt number 5&#xD;
-&gt; done: PitchPlayersComponentSteps.WhenIClickOnTeamPlayerOnPitchWithShirtNumber(2, 5) (0.3s)&#xD;
Then Notification "Select the penalty taker..." is shown&#xD;
-&gt; done: PitchBottomMessageBarSteps.ThenIsShown("Select the penalt...") (0.2s)&#xD;
And Latest "Penalty" event is in progress&#xD;
-&gt; done: ActionLogSteps.ThenLatestEventInProgress(Penalty) (0.0s)&#xD;
And team 1 players are enabled&#xD;
-&gt; done: PitchPlayersComponentSteps.ThenTeamPlayersAreEnabled(1) (0.1s)&#xD;
And team 2 players are disabled&#xD;
-&gt; done: PitchPlayersComponentSteps.ThenTeamPlayersAreDisabled(2) (0.1s)&#xD;
And "Back" button is shown&#xD;
-&gt; done: WorkflowSteps.ThenBackButtonIsVisible() (0.0s)&#xD;
And "Cancel &amp; Delete" button is shown&#xD;
-&gt; done: WorkflowSteps.ThenCancelAndDeleteButtonIsShown() (0.0s)&#xD;
And Team 1 is shown in Penalty label of "Penalty" event in action log&#xD;
-&gt; done: ActionLogSteps.ThenTeamIsShownInSubItemOfEventInActionLog(1, "Penalty", Penalty) (0.2s)&#xD;
And All action buttons except card and goal buttons are disabled for both teams&#xD;
-&gt; done: TeamActionButtonSteps.ThenAllActionButtonsExceptCardAndGoalButtonsAreDisabledForBothTeams() (0.6s)&#xD;
And penalty action button is selected for team "1"&#xD;
-&gt; done: TeamActionButtonSteps.ThenPenaltyActionButtonIsSelected(1) (0.0s)&#xD;
And Latest "Penalty" event is highlighted&#xD;
-&gt; done: ActionLogSteps.ThenCardEventIsHighlighted(Penalty) (0.0s)&#xD;
And Player on pitch with shirt id 5 of team 2 is highlighted in team Color&#xD;
-&gt; done: PitchPlayersComponentSteps.ThenPlayerOnPitchWithShirtIdOfTeamIsHighlightedInTeamColor(5, 2) (0.1s)&#xD;
And Player on pitch 5 of team 2 is shown in Offence of "Penalty" event in action log&#xD;
-&gt; done: ActionLogSteps.ThenPlayerOnPitchOfTeamIsShownInGoalOfEventInActionLog(5, 2, "Offence", Penalty) (0.2s)&#xD;
sandbox: CleanUpAfterTestRun started.&#xD;
sandbox: application pages != null: True&#xD;
sandbox: web driver!= null: True&#xD;
sandbox: CleanUpAfterTestRun complete.</StdOut>
      </Output>
    </UnitTestResult>
    <UnitTestResult executionId="3f4fd039-cf74-4b42-8bfc-db0250753b1d" testId="b99ccc33-e29f-bdb8-2df6-2873fcea41d3" testName="GivenGoalEdit_WhenEditingPitchLocation_ThenPitchLocationUpdated" computerName="EC2AMAZ-JEOO151" duration="00:00:12.4470000" startTime="2019-07-11T20:30:47.0000000+00:00" endTime="2019-07-11T20:31:00.0000000+00:00" testType="13cdc9d9-ddb5-4fa4-a97d-d965ccfc6d4b" outcome="Passed" testListId="8c84fa94-04c1-424b-9868-57a2d4851a1d" relativeResultsDirectory="3f4fd039-cf74-4b42-8bfc-db0250753b1d">
      <Output>
        <StdOut>sandbox: PrepareForTestRun started.&#xD;
sandbox: football liveStatsApp != null: True &#xD;
sandbox: football liveStatsApp.IsProcessRunning: True &#xD;
sandbox: setupLocalData: localDatabaseProvider != null: True&#xD;
sandbox: applicationPages != null: True&#xD;
sandbox: applicationPages.Webdriver != null: True&#xD;
sandbox: finished setuping local data&#xD;
sandbox: PrepareForTestRun complete.&#xD;
Failed to find data-qa element with tag 'setPitchLocationButton'. No such element exception.&#xD;
sandbox: CleanUpAfterTestRun started.&#xD;
sandbox: application pages != null: True&#xD;
sandbox: web driver!= null: True&#xD;
sandbox: CleanUpAfterTestRun complete.</StdOut>
      </Output>
    </UnitTestResult>
    <UnitTestResult executionId="60bd7568-d355-45db-8d7a-85b4d58f7fd7" testId="a72c6728-2407-c023-6bbf-cb7e63811402" testName="GivenVarStartedOnGoal_WhenSelectingStands_ThenConfirmDialogIsShown(1)" computerName="EC2AMAZ-JEOO151" duration="00:00:05.5820000" startTime="2019-07-11T21:47:30.0000000+00:00" endTime="2019-07-11T21:47:35.0000000+00:00" testType="13cdc9d9-ddb5-4fa4-a97d-d965ccfc6d4b" outcome="Passed" testListId="8c84fa94-04c1-424b-9868-57a2d4851a1d" relativeResultsDirectory="60bd7568-d355-45db-8d7a-85b4d58f7fd7">
      <Output>
        <StdOut>sandbox: PrepareForTestRun started.&#xD;
sandbox: football liveStatsApp != null: True &#xD;
sandbox: football liveStatsApp.IsProcessRunning: True &#xD;
sandbox: setupLocalData: localDatabaseProvider != null: True&#xD;
sandbox: applicationPages != null: True&#xD;
sandbox: applicationPages.Webdriver != null: True&#xD;
sandbox: finished setuping local data&#xD;
sandbox: PrepareForTestRun complete.&#xD;
Given action failed. Retrying after a timeout.&#xD;
sandbox: CleanUpAfterTestRun started.&#xD;
sandbox: application pages != null: True&#xD;
sandbox: web driver!= null: True&#xD;
sandbox: CleanUpAfterTestRun complete.</StdOut>
      </Output>
    </UnitTestResult>
    <UnitTestResult executionId="a231bd3e-5c30-40ea-a8dd-54aa28251fa4" testId="c4ceb23f-a823-cd65-6e70-e1c9428e8808" testName="RemoveOverturnedVARForCard" computerName="EC2AMAZ-JEOO151" duration="00:00:08" startTime="2019-07-11T17:50:04.0000000+00:00" endTime="2019-07-11T17:50:12.0000000+00:00" testType="13cdc9d9-ddb5-4fa4-a97d-d965ccfc6d4b" outcome="Passed" testListId="8c84fa94-04c1-424b-9868-57a2d4851a1d" relativeResultsDirectory="a231bd3e-5c30-40ea-a8dd-54aa28251fa4">
      <Output>
        <StdOut>sandbox: PrepareForTestRun started.&#xD;
sandbox: football liveStatsApp != null: True &#xD;
sandbox: football liveStatsApp.IsProcessRunning: True &#xD;
sandbox: setupLocalData: localDatabaseProvider != null: True&#xD;
sandbox: applicationPages != null: True&#xD;
sandbox: applicationPages.Webdriver != null: True&#xD;
sandbox: finished setuping local data&#xD;
sandbox: PrepareForTestRun complete.&#xD;
Given Match started with kick off from existing game&#xD;
-&gt; done: SetupGameSteps.GivenMatchStartedWithKickOffButtonFromExistingGame() (3.3s)&#xD;
And I remembered current players on pitch shirt numbers&#xD;
-&gt; done: GoalEditSteps.GivenIRememberCurrentPlayersOnPitch() (1.5s)&#xD;
When I click on team 1 possible "Yellow"&#xD;
Given action failed. Retrying after a timeout.&#xD;
-&gt; done: TeamActionButtonSteps.StartPossibleCardRegistration(1, Yellow) (0.5s)&#xD;
And I click "Possible VAR" button in workflow&#xD;
-&gt; done: WorkflowSteps.WhenIClickPossibleVarButtonInWorkflow() (0.1s)&#xD;
And I click var confirmation "no" button&#xD;
-&gt; done: WorkflowSteps.WhenIClickVarConfirmationButton("no") (0.2s)&#xD;
And I click on 1 of type "Booking" event in action log&#xD;
-&gt; done: ActionLogSteps.GivenIClickOnLatestEventInActionLog(1, Booking) (0.3s)&#xD;
And I click "VAR" toggle&#xD;
-&gt; done: EditFormSteps.GivenIClickToggleToEnable() (0.1s)&#xD;
And I click "select reason for card" button in card edit page&#xD;
-&gt; done: CardEditSteps.WhenIClickButtonInCardEditPage() (0.0s)&#xD;
And I click "Dissent" reason button&#xD;
-&gt; done: CardSteps.WhenIClickReasonButton("Dissent") (0.1s)&#xD;
And I select player with shirt number 4 in to receive the card in card edit page&#xD;
-&gt; done: CardEditSteps.WhenISelectPlayerInToReceiveTheCardInCardEditPage(4) (0.1s)&#xD;
And I click Save button in action edit form&#xD;
-&gt; done: EditFormSteps.ClickSaveButtonInActionEditForm() (0.6s)&#xD;
And I wait 300 milliseconds&#xD;
-&gt; done: PitchClockSteps.WhenIWaitMilliseconds(300) (0.3s)&#xD;
Then VAR label is not in "Booking" event&#xD;
-&gt; done: ActionLogSteps.ThenVarLabelIsNotInEvent("VAR", Booking) (0.1s)&#xD;
sandbox: CleanUpAfterTestRun started.&#xD;
sandbox: application pages != null: True&#xD;
sandbox: web driver!= null: True&#xD;
sandbox: CleanUpAfterTestRun complete.</StdOut>
      </Output>
    </UnitTestResult>
    <UnitTestResult executionId="51425c21-6373-4fb7-8c9d-5cf21d9dcf69" testId="f1bf17d0-4149-5d0f-1731-7b0d910fbb11" testName="DeleteCardColorCardAfterSelectingPlayer(&quot;Yellow&quot;,&quot;Yellow&quot;,null)" computerName="EC2AMAZ-JEOO151" duration="00:00:11.7840000" startTime="2019-07-11T18:53:56.0000000+00:00" endTime="2019-07-11T18:54:08.0000000+00:00" testType="13cdc9d9-ddb5-4fa4-a97d-d965ccfc6d4b" outcome="Passed" testListId="8c84fa94-04c1-424b-9868-57a2d4851a1d" relativeResultsDirectory="51425c21-6373-4fb7-8c9d-5cf21d9dcf69">
      <Output>
        <StdOut>sandbox: PrepareForTestRun started.&#xD;
sandbox: football liveStatsApp != null: True &#xD;
sandbox: football liveStatsApp.IsProcessRunning: True &#xD;
sandbox: setupLocalData: localDatabaseProvider != null: True&#xD;
sandbox: applicationPages != null: True&#xD;
sandbox: applicationPages.Webdriver != null: True&#xD;
sandbox: finished setuping local data&#xD;
sandbox: PrepareForTestRun complete.&#xD;
Given Match started with kick off from existing game&#xD;
-&gt; done: SetupGameSteps.GivenMatchStartedWithKickOffButtonFromExistingGame() (3.2s)&#xD;
When I click on team 2 possible "Yellow"&#xD;
-&gt; done: TeamActionButtonSteps.StartPossibleCardRegistration(2, Yellow) (0.6s)&#xD;
And I click "Yellow" card button&#xD;
-&gt; done: TeamActionButtonSteps.WhenIClickCardButton("Yellow") (0.1s)&#xD;
And I confirm booking by clicking "Confirm" button&#xD;
-&gt; done: CardSteps.WhenIConfirmActionByClickingButton() (2.3s)&#xD;
And I click on team 2 player on pitch with shirt number 1&#xD;
-&gt; done: PitchPlayersComponentSteps.WhenIClickOnTeamPlayerOnPitchWithShirtNumber(2, 1) (0.1s)&#xD;
And I cancel action workflow by clicking "Cancel &amp; Delete" button&#xD;
-&gt; done: WorkflowSteps.WhenICancelActionWorkflowByClickingButton() (0.4s)&#xD;
Then card event is deleted in Action log&#xD;
-&gt; done: ActionLogSteps.ThenCardEventIsDeletedInActionLog() (2.1s)&#xD;
And Pitch View is shown&#xD;
-&gt; done: PitchScreenSteps.PitchViewIsShown() (0.0s)&#xD;
And Yellow line removed from player with shirt id 1 of team 2&#xD;
Failed to find element with query 'yellowCardIndicator' under parent. No such element exception.&#xD;
-&gt; done: PitchPlayersComponentSteps.ThenYellowLineRemovedFromPlayerWithShirtIdOfTeam(Yellow, 1, 2) (2.1s)&#xD;
sandbox: CleanUpAfterTestRun started.&#xD;
sandbox: application pages != null: True&#xD;
sandbox: web driver!= null: True&#xD;
sandbox: CleanUpAfterTestRun complete.</StdOut>
      </Output>
    </UnitTestResult>
    <UnitTestResult executionId="46a208f4-528b-4080-ac96-16dd219896f5" testId="746bf9ae-c9a5-9aa7-ee9e-677654851519" testName="SelectPlayerForYellowCardAndYellowReasonsAreShown(&quot;Yellow&quot;,&quot;Yellow&quot;,&quot;Unsporting&quot;,&quot;Dissent&quot;,&quot;Persistent Infringement&quot;,&quot;Time Wasting&quot;,&quot;Yellow&quot;,null)" computerName="EC2AMAZ-JEOO151" duration="00:00:08.0310000" startTime="2019-07-11T18:55:23.0000000+00:00" endTime="2019-07-11T18:55:31.0000000+00:00" testType="13cdc9d9-ddb5-4fa4-a97d-d965ccfc6d4b" outcome="Passed" testListId="8c84fa94-04c1-424b-9868-57a2d4851a1d" relativeResultsDirectory="46a208f4-528b-4080-ac96-16dd219896f5">
      <Output>
        <StdOut>sandbox: PrepareForTestRun started.&#xD;
sandbox: football liveStatsApp != null: True &#xD;
sandbox: football liveStatsApp.IsProcessRunning: True &#xD;
sandbox: setupLocalData: localDatabaseProvider != null: True&#xD;
sandbox: applicationPages != null: True&#xD;
sandbox: applicationPages.Webdriver != null: True&#xD;
sandbox: finished setuping local data&#xD;
sandbox: PrepareForTestRun complete.&#xD;
Given Match started with kick off from existing game&#xD;
-&gt; done: SetupGameSteps.GivenMatchStartedWithKickOffButtonFromExistingGame() (3.3s)&#xD;
When I click on team 1 possible "Yellow"&#xD;
Given action failed. Retrying after a timeout.&#xD;
-&gt; done: TeamActionButtonSteps.StartPossibleCardRegistration(1, Yellow) (0.9s)&#xD;
And I click "Yellow" card button&#xD;
-&gt; done: TeamActionButtonSteps.WhenIClickCardButton("Yellow") (0.1s)&#xD;
And I confirm booking by clicking "Confirm" button&#xD;
-&gt; done: CardSteps.WhenIConfirmActionByClickingButton() (2.2s)&#xD;
And I click on team 1 player on pitch with shirt number 13&#xD;
-&gt; done: PitchPlayersComponentSteps.WhenIClickOnTeamPlayerOnPitchWithShirtNumber(1, 13) (0.1s)&#xD;
Then team 1 player on pitch with shirt id 13 is marked with Yellow line&#xD;
-&gt; done: PitchPlayersComponentSteps.ThenTeamPlayerOnPitchWithShirtIdIsMarkedWithLine(1, 13, "Yellow") (0.1s)&#xD;
And Reason button 1 is shown as Unsporting&#xD;
-&gt; done: CardSteps.ThenReasonButtonIsShown(1, "Unsporting") (0.1s)&#xD;
And Reason button 2 is shown as Dissent&#xD;
-&gt; done: CardSteps.ThenReasonButtonIsShown(2, "Dissent") (0.1s)&#xD;
And Reason button 3 is shown as Persistent Infringement&#xD;
-&gt; done: CardSteps.ThenReasonButtonIsShown(3, "Persistent Infrin...") (0.1s)&#xD;
And Reason button 4 is shown as Time Wasting&#xD;
-&gt; done: CardSteps.ThenReasonButtonIsShown(4, "Time Wasting") (0.1s)&#xD;
And "Back" button is shown&#xD;
-&gt; done: WorkflowSteps.ThenBackButtonIsVisible() (0.0s)&#xD;
And "Cancel &amp; Delete" button is shown&#xD;
-&gt; done: WorkflowSteps.ThenCancelAndDeleteButtonIsShown() (0.0s)&#xD;
And Latest "Booking" event is highlighted&#xD;
-&gt; done: ActionLogSteps.ThenCardEventIsHighlighted(Booking) (0.0s)&#xD;
sandbox: CleanUpAfterTestRun started.&#xD;
sandbox: application pages != null: True&#xD;
sandbox: web driver!= null: True&#xD;
sandbox: CleanUpAfterTestRun complete.</StdOut>
      </Output>
    </UnitTestResult>
    <UnitTestResult executionId="cbd01e9f-785a-4769-aef7-02e79a9483e8" testId="2fd00c3c-4d8e-d6e1-89e8-dbcd7cea9619" testName="SetAdjustShotLocationForGoalInsert(&quot;set&quot;,null)" computerName="EC2AMAZ-JEOO151" duration="00:00:24.1480000" startTime="2019-07-11T18:30:49.0000000+00:00" endTime="2019-07-11T18:31:13.0000000+00:00" testType="13cdc9d9-ddb5-4fa4-a97d-d965ccfc6d4b" outcome="Passed" testListId="8c84fa94-04c1-424b-9868-57a2d4851a1d" relativeResultsDirectory="cbd01e9f-785a-4769-aef7-02e79a9483e8">
      <Output>
        <StdOut>sandbox: PrepareForTestRun started.&#xD;
sandbox: football liveStatsApp != null: True &#xD;
sandbox: football liveStatsApp.IsProcessRunning: True &#xD;
sandbox: setupLocalData: localDatabaseProvider != null: True&#xD;
sandbox: applicationPages != null: True&#xD;
sandbox: applicationPages.Webdriver != null: True&#xD;
sandbox: finished setuping local data&#xD;
sandbox: PrepareForTestRun complete.&#xD;
Given Match started with kick off from existing game&#xD;
-&gt; done: SetupGameSteps.GivenMatchStartedWithKickOffButtonFromExistingGame() (3.0s)&#xD;
And "Top right" corner added for Team 1&#xD;
-&gt; done: CornerSteps.GivenCornerAddedForTeam("Top right", 1) (3.1s)&#xD;
And "Yellow" Card for Team 1 is registered&#xD;
Given action failed. Retrying after a timeout.&#xD;
-&gt; done: CardSteps.GivenCardForTeamIsRegistered(Yellow, 1) (3.4s)&#xD;
And I clicked on latest "Corner" event in action log&#xD;
-&gt; done: ActionLogSteps.GivenIClickOnLatestEventInActionLog(Corner) (0.2s)&#xD;
And I entered new conceded event time of "0030"&#xD;
-&gt; done: EditFormSteps.GivenIEnterNewConcededEventTimeOf("0030") (1.0s)&#xD;
And I clicked Save button in action edit form&#xD;
-&gt; done: EditFormSteps.ClickSaveButtonInActionEditForm() (0.6s)&#xD;
And I remembered current players on pitch shirt numbers&#xD;
-&gt; done: GoalEditSteps.GivenIRememberCurrentPlayersOnPitch() (1.1s)&#xD;
When I click Expand Action log button&#xD;
-&gt; done: ActionLogSteps.WhenIClickExpandActionLogButton() (0.1s)&#xD;
And I click last action in expanded action log&#xD;
-&gt; done: ExpandedActionLogSteps.WhenIClickLastActionInExpandedActionLog() (0.1s)&#xD;
And I click insert after button in expanded action log&#xD;
-&gt; done: ExpandedActionLogSteps.WhenIClickInsertAfterButtonInExpandedActionLog() (0.1s)&#xD;
And I click insert Goal button in insert after dropdown&#xD;
-&gt; done: ExpandedActionLogSteps.WhenIClickInsertGoalButtonInInsertAfterDropdown() (0.1s)&#xD;
And I click "set" shot location button in insert window&#xD;
-&gt; done: GoalEditSteps.WhenIClickSetShotLocationButton() (0.1s)&#xD;
Then Edit shot position dialog is visible&#xD;
-&gt; done: ExpandedShotLocationDialogSteps.ThenEditShotPositionDialogIsVisible() (0.0s)&#xD;
And Shot pitch Position marker is not visible&#xD;
Failed to find element with query '[data-qa='pitchLocationPopup']'. Web driver timeout exception.&#xD;
Failed to find element with query '[data-qa='currentPitchLocation']'. Web driver timeout exception.&#xD;
-&gt; done: ExpandedPitchPositionDialogSteps.ThenShotPitchPositionMarkerIsNotVisible() (4.1s)&#xD;
And Current position marker is not visible in expanded shot position dialog&#xD;
Failed to find element with query '[data-qa='pitchLocationPopup']'. Web driver timeout exception.&#xD;
Failed to find element with query '[data-qa='currentPitchLocation']'. Web driver timeout exception.&#xD;
-&gt; done: ExpandedPitchPositionDialogSteps.ThenShotPitchPositionMarkerIsNotVisible() (4.1s)&#xD;
And Clear shot position button is not visible in expanded shot position dialog&#xD;
Failed to find element with query '[data-qa='pitchLocationClearButton']'. Web driver timeout exception.&#xD;
-&gt; done: ExpandedShotLocationDialogSteps.ThenClearShotPositionButtonIsNotVisibleInExpandedShotPositionDialog() (2.0s)&#xD;
And "Cancel" Button is visible in shot location dialog&#xD;
-&gt; done: ExpandedShotLocationDialogSteps.ThenCancelButtonIsVisibleInShotLocationDialog() (0.0s)&#xD;
And "Proceed" Button is visible in shot location dialog&#xD;
-&gt; done: ExpandedShotLocationDialogSteps.ThenProceedButtonIsVisibleInShotLocationDialog() (0.0s)&#xD;
sandbox: CleanUpAfterTestRun started.&#xD;
sandbox: application pages != null: True&#xD;
sandbox: web driver!= null: True&#xD;
sandbox: CleanUpAfterTestRun complete.</StdOut>
      </Output>
    </UnitTestResult>
    <UnitTestResult executionId="e0c1982c-e9d2-4271-b0e5-ff675dfdd084" testId="4dbb7553-3600-86ae-f942-a7991d08ae58" testName="SubstitutionRecordedActionCanBeFlagged" computerName="EC2AMAZ-JEOO151" duration="00:00:06.7530000" startTime="2019-07-11T19:43:14.0000000+00:00" endTime="2019-07-11T19:43:21.0000000+00:00" testType="13cdc9d9-ddb5-4fa4-a97d-d965ccfc6d4b" outcome="Passed" testListId="8c84fa94-04c1-424b-9868-57a2d4851a1d" relativeResultsDirectory="e0c1982c-e9d2-4271-b0e5-ff675dfdd084">
      <Output>
        <StdOut>sandbox: PrepareForTestRun started.&#xD;
sandbox: football liveStatsApp != null: True &#xD;
sandbox: football liveStatsApp.IsProcessRunning: True &#xD;
sandbox: setupLocalData: localDatabaseProvider != null: True&#xD;
sandbox: applicationPages != null: True&#xD;
sandbox: applicationPages.Webdriver != null: True&#xD;
sandbox: finished setuping local data&#xD;
sandbox: PrepareForTestRun complete.&#xD;
Given Match started with kick off from existing game&#xD;
-&gt; done: SetupGameSteps.GivenMatchStartedWithKickOffButtonFromExistingGame() (3.3s)&#xD;
Given added substitution for in player "24" and out player "4" in team "2"&#xD;
-&gt; done: SubstitutionEditSteps.GivenIAddSubstitutionForBothTeams(24, 4, 2) (2.0s)&#xD;
When I click on 1 of type "Substitution" event in action log&#xD;
-&gt; done: ActionLogSteps.GivenIClickOnLatestEventInActionLog(1, Substitution) (0.2s)&#xD;
And I click Flag &amp; Save button in action edit form&#xD;
-&gt; done: EditFormSteps.ClickFlagAndSaveInActionEditForm() (0.4s)&#xD;
Then 1 event in action log of type "Substitution" is flagged&#xD;
-&gt; done: ActionLogSteps.ThenEventInActionLogOfTypeIsFlagged(1, Substitution) (0.0s)&#xD;
sandbox: CleanUpAfterTestRun started.&#xD;
sandbox: application pages != null: True&#xD;
sandbox: web driver!= null: True&#xD;
sandbox: CleanUpAfterTestRun complete.</StdOut>
      </Output>
    </UnitTestResult>
    <UnitTestResult executionId="684b249d-b393-42ca-9403-cda12037928e" testId="dcf84de5-01c4-1532-6bef-86afde18789d" testName="GivenGameInProgress_WhenFilingCard_ThenScoreboardsStatsAreUpdated(2,Yellow)" computerName="EC2AMAZ-JEOO151" duration="00:00:05.9510000" startTime="2019-07-11T21:42:03.0000000+00:00" endTime="2019-07-11T21:42:09.0000000+00:00" testType="13cdc9d9-ddb5-4fa4-a97d-d965ccfc6d4b" outcome="Passed" testListId="8c84fa94-04c1-424b-9868-57a2d4851a1d" relativeResultsDirectory="684b249d-b393-42ca-9403-cda12037928e">
      <Output>
        <StdOut>sandbox: PrepareForTestRun started.&#xD;
sandbox: football liveStatsApp != null: True &#xD;
sandbox: football liveStatsApp.IsProcessRunning: True &#xD;
sandbox: setupLocalData: localDatabaseProvider != null: True&#xD;
sandbox: applicationPages != null: True&#xD;
sandbox: applicationPages.Webdriver != null: True&#xD;
sandbox: finished setuping local data&#xD;
sandbox: PrepareForTestRun complete.&#xD;
Given action failed. Retrying after a timeout.&#xD;
sandbox: CleanUpAfterTestRun started.&#xD;
sandbox: application pages != null: True&#xD;
sandbox: web driver!= null: True&#xD;
sandbox: CleanUpAfterTestRun complete.</StdOut>
      </Output>
    </UnitTestResult>
    <UnitTestResult executionId="407506b0-a4a4-423a-9be1-21aedd7cda48" testId="af5f2034-dfe4-31b8-67c1-abf4ef4afa28" testName="GivenGameInProgressWithActiveAssCouch_WhenDeactivatingAssCouchWithInvalidData_ThenPitchShown" computerName="EC2AMAZ-JEOO151" duration="00:00:05.8020000" startTime="2019-07-11T20:06:42.0000000+00:00" endTime="2019-07-11T20:06:47.0000000+00:00" testType="13cdc9d9-ddb5-4fa4-a97d-d965ccfc6d4b" outcome="Passed" testListId="8c84fa94-04c1-424b-9868-57a2d4851a1d" relativeResultsDirectory="407506b0-a4a4-423a-9be1-21aedd7cda48">
      <Output>
        <StdOut>sandbox: PrepareForTestRun started.&#xD;
sandbox: football liveStatsApp != null: True &#xD;
sandbox: football liveStatsApp.IsProcessRunning: True &#xD;
sandbox: setupLocalData: localDatabaseProvider != null: True&#xD;
sandbox: applicationPages != null: True&#xD;
sandbox: applicationPages.Webdriver != null: True&#xD;
sandbox: finished setuping local data&#xD;
sandbox: PrepareForTestRun complete.&#xD;
sandbox: CleanUpAfterTestRun started.&#xD;
sandbox: application pages != null: True&#xD;
sandbox: web driver!= null: True&#xD;
sandbox: CleanUpAfterTestRun complete.</StdOut>
      </Output>
    </UnitTestResult>
    <UnitTestResult executionId="31071832-de34-4ce0-9e55-7d277e727129" testId="5ae81975-7c04-40e1-fdbb-65b83ea56b6e" testName="FlagAndContinueGoal" computerName="EC2AMAZ-JEOO151" duration="00:00:07.4150000" startTime="2019-07-11T19:46:53.0000000+00:00" endTime="2019-07-11T19:47:00.0000000+00:00" testType="13cdc9d9-ddb5-4fa4-a97d-d965ccfc6d4b" outcome="Passed" testListId="8c84fa94-04c1-424b-9868-57a2d4851a1d" relativeResultsDirectory="31071832-de34-4ce0-9e55-7d277e727129">
      <Output>
        <StdOut>sandbox: PrepareForTestRun started.&#xD;
sandbox: football liveStatsApp != null: True &#xD;
sandbox: football liveStatsApp.IsProcessRunning: True &#xD;
sandbox: setupLocalData: localDatabaseProvider != null: True&#xD;
sandbox: applicationPages != null: True&#xD;
sandbox: applicationPages.Webdriver != null: True&#xD;
sandbox: finished setuping local data&#xD;
sandbox: PrepareForTestRun complete.&#xD;
Given Match started with kick off from existing game&#xD;
-&gt; done: SetupGameSteps.GivenMatchStartedWithKickOffButtonFromExistingGame() (3.3s)&#xD;
When I click goal for team 1 button&#xD;
Given action failed. Retrying after a timeout.&#xD;
-&gt; done: TeamActionButtonSteps.GivenIClickGoalForTeamButton(1) (0.8s)&#xD;
And I confirm goal by clicking on "Confirm" button&#xD;
-&gt; done: GoalSteps.WhenIConfirmGoalByClickingOnButton() (2.3s)&#xD;
And I flag and continue&#xD;
-&gt; done: WorkflowSteps.WhenIFlagAndContinue() (0.1s)&#xD;
Then 1 event in action log of type "Goal" is flagged&#xD;
-&gt; done: ActionLogSteps.ThenEventInActionLogOfTypeIsFlagged(1, Goal) (0.1s)&#xD;
sandbox: CleanUpAfterTestRun started.&#xD;
sandbox: application pages != null: True&#xD;
sandbox: web driver!= null: True&#xD;
sandbox: CleanUpAfterTestRun complete.</StdOut>
      </Output>
    </UnitTestResult>
    <UnitTestResult executionId="850eedae-b95b-4edc-95f9-c9afb83d5ea4" testId="999db0a8-fe24-5bde-4c85-d7b9f0b6f9aa" testName="ClickBackInAfterSelectingPlayer(&quot;Yellow&quot;,&quot;2nd Yellow&quot;,null)" computerName="EC2AMAZ-JEOO151" duration="00:00:12.4200000" startTime="2019-07-11T18:51:50.0000000+00:00" endTime="2019-07-11T18:52:02.0000000+00:00" testType="13cdc9d9-ddb5-4fa4-a97d-d965ccfc6d4b" outcome="Passed" testListId="8c84fa94-04c1-424b-9868-57a2d4851a1d" relativeResultsDirectory="850eedae-b95b-4edc-95f9-c9afb83d5ea4">
      <Output>
        <StdOut>sandbox: PrepareForTestRun started.&#xD;
sandbox: football liveStatsApp != null: True &#xD;
sandbox: football liveStatsApp.IsProcessRunning: True &#xD;
sandbox: setupLocalData: localDatabaseProvider != null: True&#xD;
sandbox: applicationPages != null: True&#xD;
sandbox: applicationPages.Webdriver != null: True&#xD;
sandbox: finished setuping local data&#xD;
sandbox: PrepareForTestRun complete.&#xD;
Given Match started with kick off from existing game&#xD;
-&gt; done: SetupGameSteps.GivenMatchStartedWithKickOffButtonFromExistingGame() (3.2s)&#xD;
When I click on team 2 possible "Yellow"&#xD;
-&gt; done: TeamActionButtonSteps.StartPossibleCardRegistration(2, Yellow) (0.6s)&#xD;
And I click "2nd Yellow" card button&#xD;
-&gt; done: TeamActionButtonSteps.WhenIClickCardButton("2nd Yellow") (0.1s)&#xD;
And I confirm booking by clicking "Confirm" button&#xD;
-&gt; done: CardSteps.WhenIConfirmActionByClickingButton() (2.5s)&#xD;
And I click on team 2 player on pitch with shirt number 1&#xD;
-&gt; done: PitchPlayersComponentSteps.WhenIClickOnTeamPlayerOnPitchWithShirtNumber(2, 1) (0.1s)&#xD;
And I click "Back" button in workflow&#xD;
-&gt; done: WorkflowSteps.WhenIClickBackButtonInWorkflow() (0.3s)&#xD;
And I click "Back" button in workflow&#xD;
-&gt; done: WorkflowSteps.WhenIClickBackButtonInWorkflow() (0.1s)&#xD;
And I cancel action workflow by clicking "Cancel &amp; Delete" button&#xD;
-&gt; done: WorkflowSteps.WhenICancelActionWorkflowByClickingButton() (0.3s)&#xD;
Then card event is deleted in Action log&#xD;
-&gt; done: ActionLogSteps.ThenCardEventIsDeletedInActionLog() (2.1s)&#xD;
And Pitch View is shown&#xD;
-&gt; done: PitchScreenSteps.PitchViewIsShown() (0.0s)&#xD;
And Yellow line removed from player with shirt id 1 of team 2&#xD;
Failed to find element with query 'yellowCardIndicator' under parent. No such element exception.&#xD;
-&gt; done: PitchPlayersComponentSteps.ThenYellowLineRemovedFromPlayerWithShirtIdOfTeam(Yellow, 1, 2) (2.1s)&#xD;
sandbox: CleanUpAfterTestRun started.&#xD;
sandbox: application pages != null: True&#xD;
sandbox: web driver!= null: True&#xD;
sandbox: CleanUpAfterTestRun complete.</StdOut>
      </Output>
    </UnitTestResult>
    <UnitTestResult executionId="d2a5180a-7f08-48e3-a692-add152924a66" testId="af2cf739-8336-d5c9-48c2-bb415975460e" testName="ShotWorkflowCanBeStartedDuringAnyCornerWorkflowStep(&quot;confirmation&quot;,&quot;2&quot;,null)" computerName="EC2AMAZ-JEOO151" duration="00:00:05.0820000" startTime="2019-07-11T19:24:39.0000000+00:00" endTime="2019-07-11T19:24:44.0000000+00:00" testType="13cdc9d9-ddb5-4fa4-a97d-d965ccfc6d4b" outcome="Passed" testListId="8c84fa94-04c1-424b-9868-57a2d4851a1d" relativeResultsDirectory="d2a5180a-7f08-48e3-a692-add152924a66">
      <Output>
        <StdOut>sandbox: PrepareForTestRun started.&#xD;
sandbox: football liveStatsApp != null: True &#xD;
sandbox: football liveStatsApp.IsProcessRunning: True &#xD;
sandbox: setupLocalData: localDatabaseProvider != null: True&#xD;
sandbox: applicationPages != null: True&#xD;
sandbox: applicationPages.Webdriver != null: True&#xD;
sandbox: finished setuping local data&#xD;
sandbox: PrepareForTestRun complete.&#xD;
Given Match started with kick off from existing game&#xD;
-&gt; done: SetupGameSteps.GivenMatchStartedWithKickOffButtonFromExistingGame() (3.3s)&#xD;
Given Corner for team "2" workflow entered till confirmation selection&#xD;
Given action failed. Retrying after a timeout.&#xD;
-&gt; done: CornerSteps.GivenCornerForTeamAndWorkflowEnteredTillReasonSelection(2) (0.8s)&#xD;
Then Can register shot for team "2" but not for other&#xD;
-&gt; done: ShotRegistrationSteps.ThenCanRegisterShotForTeamButNotForOther(2) (0.1s)&#xD;
sandbox: CleanUpAfterTestRun started.&#xD;
sandbox: application pages != null: True&#xD;
sandbox: web driver!= null: True&#xD;
sandbox: CleanUpAfterTestRun complete.</StdOut>
      </Output>
    </UnitTestResult>
    <UnitTestResult executionId="b92889c5-5438-4876-bac2-f986090b0a93" testId="fac26745-a1c0-94c3-e00b-99c2b0e1e942" testName="AfterPenaltyRetakeIsPossibleToSelectSamePenaltyOutcome(&quot;Penalty Goal&quot;,null)" computerName="EC2AMAZ-JEOO151" duration="00:00:09.0810000" startTime="2019-07-11T19:00:30.0000000+00:00" endTime="2019-07-11T19:00:39.0000000+00:00" testType="13cdc9d9-ddb5-4fa4-a97d-d965ccfc6d4b" outcome="Passed" testListId="8c84fa94-04c1-424b-9868-57a2d4851a1d" relativeResultsDirectory="b92889c5-5438-4876-bac2-f986090b0a93">
      <Output>
        <StdOut>sandbox: PrepareForTestRun started.&#xD;
sandbox: football liveStatsApp != null: True &#xD;
sandbox: football liveStatsApp.IsProcessRunning: True &#xD;
sandbox: setupLocalData: localDatabaseProvider != null: True&#xD;
sandbox: applicationPages != null: True&#xD;
sandbox: applicationPages.Webdriver != null: True&#xD;
sandbox: finished setuping local data&#xD;
sandbox: PrepareForTestRun complete.&#xD;
Given Match started with kick off from existing game&#xD;
-&gt; done: SetupGameSteps.GivenMatchStartedWithKickOffButtonFromExistingGame() (3.2s)&#xD;
Given penalty "Penalty Goal" button is selected for player "16" team "1"&#xD;
Given action failed. Retrying after a timeout.&#xD;
-&gt; done: PenaltySteps.GivenPenaltyGoalButtonIsSelected(16, 1) (4.2s)&#xD;
When I retake penalty&#xD;
-&gt; done: PenaltySteps.WhenIClickButton() (0.3s)&#xD;
And I click "Penalty Goal" Button&#xD;
-&gt; done: PenaltySteps.WhenIClickPenaltyGoalButton() (0.3s)&#xD;
Then Net preview is shown&#xD;
-&gt; done: NetSectionSteps.ThenNetPreviewIsShown() (0.2s)&#xD;
And penalty retake is available&#xD;
-&gt; done: PenaltySteps.ThenRetakePenaltyButtonIsShown() (0.0s)&#xD;
sandbox: CleanUpAfterTestRun started.&#xD;
sandbox: application pages != null: True&#xD;
sandbox: web driver!= null: True&#xD;
sandbox: CleanUpAfterTestRun complete.</StdOut>
      </Output>
    </UnitTestResult>
    <UnitTestResult executionId="e7058b21-ac3c-46fa-ae22-3ab1373f93c1" testId="dba1b91a-434d-3ae5-8b9e-3fa81606e0b6" testName="CannotProceedWithoutBlankMandatoryFields(&quot;2&quot;,&quot;name&quot;,&quot;Team's name is required&quot;,null)" computerName="EC2AMAZ-JEOO151" duration="00:00:04.3540000" startTime="2019-07-11T17:39:16.0000000+00:00" endTime="2019-07-11T17:39:20.0000000+00:00" testType="13cdc9d9-ddb5-4fa4-a97d-d965ccfc6d4b" outcome="Passed" testListId="8c84fa94-04c1-424b-9868-57a2d4851a1d" relativeResultsDirectory="e7058b21-ac3c-46fa-ae22-3ab1373f93c1">
      <Output>
        <StdOut>sandbox: PrepareForTestRun started.&#xD;
sandbox: football liveStatsApp != null: True &#xD;
sandbox: football liveStatsApp.IsProcessRunning: True &#xD;
sandbox: setupLocalData: localDatabaseProvider != null: True&#xD;
sandbox: applicationPages != null: True&#xD;
sandbox: applicationPages.Webdriver != null: True&#xD;
sandbox: finished setuping local data&#xD;
sandbox: PrepareForTestRun complete.&#xD;
Given Teams tab is opened&#xD;
-&gt; done: TeamDetailsTabSteps.WhenTeamsTabIsOpened() (1.4s)&#xD;
And all information for both teams are available&#xD;
-&gt; done: TeamDetailsTabSteps.GivenAllInformationForBothTeamsAreAvailable() (1.3s)&#xD;
When 2 - name is cleared&#xD;
-&gt; done: TeamDetailsTabSteps.WhenIsCleared(2, "name") (0.1s)&#xD;
And Save &amp; Next button is clicked&#xD;
-&gt; done: GameSetupSteps.WhenSaveNextButtonIsClicked() (0.1s)&#xD;
Then Team's name is required message is displayed, that 2 name could not be blank&#xD;
-&gt; done: GameSetupSteps.ThenWarningMessageIsDisplayedThatCouldNotBeBlank("Team's name is re...", "2", "name") (0.1s)&#xD;
sandbox: CleanUpAfterTestRun started.&#xD;
sandbox: application pages != null: True&#xD;
sandbox: web driver!= null: True&#xD;
Given action failed. Retrying after a timeout. Most likely UI was not fast enough to refresh itself.&#xD;
sandbox: CleanUpAfterTestRun complete.</StdOut>
      </Output>
    </UnitTestResult>
    <UnitTestResult executionId="31031246-bc27-4ba2-a231-f367c4c62688" testId="6f5feb85-96fb-bd12-712c-d17089389bfe" testName="ClockEditIsOpened" computerName="EC2AMAZ-JEOO151" duration="00:00:12.7830000" startTime="2019-07-11T19:30:17.0000000+00:00" endTime="2019-07-11T19:30:30.0000000+00:00" testType="13cdc9d9-ddb5-4fa4-a97d-d965ccfc6d4b" outcome="Passed" testListId="8c84fa94-04c1-424b-9868-57a2d4851a1d" relativeResultsDirectory="31031246-bc27-4ba2-a231-f367c4c62688">
      <Output>
        <StdOut>sandbox: PrepareForTestRun started.&#xD;
sandbox: football liveStatsApp != null: True &#xD;
sandbox: football liveStatsApp.IsProcessRunning: True &#xD;
sandbox: setupLocalData: localDatabaseProvider != null: True&#xD;
sandbox: applicationPages != null: True&#xD;
sandbox: applicationPages.Webdriver != null: True&#xD;
sandbox: finished setuping local data&#xD;
sandbox: PrepareForTestRun complete.&#xD;
Given Game setup is finished&#xD;
-&gt; done: SetupGameSteps.GivenGameSetupIsFinished() (7.8s)&#xD;
And Game is kicked off with timer&#xD;
-&gt; done: PitchClockSteps.GivenGameIsKickedOff() (1.1s)&#xD;
And I wait 2 seconds&#xD;
-&gt; done: PitchClockSteps.GivenIWaitSeconds(2) (2.0s)&#xD;
When I double click on "Clock"&#xD;
-&gt; done: PitchClockSteps.WhenIDoubleClickOnClock() (0.7s)&#xD;
Then Expanded clock dialog is visible&#xD;
-&gt; done: PitchClockSteps.ThenExpandedClockDialogIsVisible() (0.0s)&#xD;
And "cancel save time" button is visible&#xD;
-&gt; done: PitchClockSteps.ThenCancelSaveTimeButtonIsVisible() (0.1s)&#xD;
And "save time" button is visible&#xD;
-&gt; done: PitchClockSteps.ThenSaveTimeButtonIsVisible() (0.0s)&#xD;
sandbox: CleanUpAfterTestRun started.&#xD;
sandbox: application pages != null: True&#xD;
sandbox: web driver!= null: True&#xD;
sandbox: CleanUpAfterTestRun complete.</StdOut>
      </Output>
    </UnitTestResult>
    <UnitTestResult executionId="8b0509db-3adf-4132-8097-a9b1a82c5272" testId="d175420c-7aa4-d110-c036-c1c12795b5e9" testName="CancelPenaltyInsert" computerName="EC2AMAZ-JEOO151" duration="00:00:10.8110000" startTime="2019-07-11T18:32:12.0000000+00:00" endTime="2019-07-11T18:32:23.0000000+00:00" testType="13cdc9d9-ddb5-4fa4-a97d-d965ccfc6d4b" outcome="Passed" testListId="8c84fa94-04c1-424b-9868-57a2d4851a1d" relativeResultsDirectory="8b0509db-3adf-4132-8097-a9b1a82c5272">
      <Output>
        <StdOut>sandbox: PrepareForTestRun started.&#xD;
sandbox: football liveStatsApp != null: True &#xD;
sandbox: football liveStatsApp.IsProcessRunning: True &#xD;
sandbox: setupLocalData: localDatabaseProvider != null: True&#xD;
sandbox: applicationPages != null: True&#xD;
sandbox: applicationPages.Webdriver != null: True&#xD;
sandbox: finished setuping local data&#xD;
sandbox: PrepareForTestRun complete.&#xD;
Given Match started with kick off from existing game&#xD;
-&gt; done: SetupGameSteps.GivenMatchStartedWithKickOffButtonFromExistingGame() (3.4s)&#xD;
And Throw in added for Team 1&#xD;
-&gt; done: ThrowInEditSteps.GivenThrowInAddedForTeam(1) (0.9s)&#xD;
And I clicked on latest "ThrowIn" event in action log&#xD;
-&gt; done: ActionLogSteps.GivenIClickOnLatestEventInActionLog(ThrowIn) (0.2s)&#xD;
And I entered new conceded event time of "0030"&#xD;
-&gt; done: EditFormSteps.GivenIEnterNewConcededEventTimeOf("0030") (1.0s)&#xD;
And I clicked Save button in action edit form&#xD;
-&gt; done: EditFormSteps.ClickSaveButtonInActionEditForm() (0.6s)&#xD;
And I remembered current players on pitch shirt numbers&#xD;
-&gt; done: GoalEditSteps.GivenIRememberCurrentPlayersOnPitch() (1.2s)&#xD;
When I click Expand Action log button&#xD;
-&gt; done: ActionLogSteps.WhenIClickExpandActionLogButton() (0.1s)&#xD;
And I insert "Penalty" after last action in expanded action log&#xD;
-&gt; done: ExpandedActionLogSteps.WhenIInsertPenaltyAfterLastActionInExpandedActionLog(Penalty) (0.3s)&#xD;
And I Click "cancel" Button in insert window&#xD;
-&gt; done: EditFormSteps.GivenIClickCancelButton() (0.1s)&#xD;
Then penalty shootout kick insert view is not visible&#xD;
Failed to find element with query '[data-qa='penaltyShootoutEditScreen']'. Web driver timeout exception.&#xD;
-&gt; done: PenaltyShootoutEditSteps.ThenPenaltyShootoutKickInsertViewIsNotVisible() (2.1s)&#xD;
And "Throw in" Action is displayed at 1 in expanded action log&#xD;
-&gt; done: ExpandedActionLogSteps.ThenGoalActionIsDisplayedAtInExpandedActionLog("Throw in", 1) (0.0s)&#xD;
sandbox: CleanUpAfterTestRun started.&#xD;
sandbox: application pages != null: True&#xD;
sandbox: web driver!= null: True&#xD;
sandbox: CleanUpAfterTestRun complete.</StdOut>
      </Output>
    </UnitTestResult>
    <UnitTestResult executionId="9a31ea8b-6bf5-4777-ae7f-ae2a6119d43d" testId="bcc267a4-dbda-8a01-880c-73e1727bc467" testName="FirstPeriodKick_OffCantBeDeletedIfThereIsActionRegisteredAfter" computerName="EC2AMAZ-JEOO151" duration="00:00:07.2010000" startTime="2019-07-11T17:40:18.0000000+00:00" endTime="2019-07-11T17:40:25.0000000+00:00" testType="13cdc9d9-ddb5-4fa4-a97d-d965ccfc6d4b" outcome="Passed" testListId="8c84fa94-04c1-424b-9868-57a2d4851a1d" relativeResultsDirectory="9a31ea8b-6bf5-4777-ae7f-ae2a6119d43d">
      <Output>
        <StdOut>sandbox: PrepareForTestRun started.&#xD;
sandbox: football liveStatsApp != null: True &#xD;
sandbox: football liveStatsApp.IsProcessRunning: True &#xD;
sandbox: setupLocalData: localDatabaseProvider != null: True&#xD;
sandbox: applicationPages != null: True&#xD;
sandbox: applicationPages.Webdriver != null: True&#xD;
sandbox: finished setuping local data&#xD;
sandbox: PrepareForTestRun complete.&#xD;
Given Match started with kick off from existing game&#xD;
-&gt; done: SetupGameSteps.GivenMatchStartedWithKickOffButtonFromExistingGame() (3.0s)&#xD;
Given GoalKick for Team 1 is registered&#xD;
Given action failed. Retrying after a timeout.&#xD;
-&gt; done: GoalKickSteps.GivenGoalKickForTeamIsRegistered(1) (1.0s)&#xD;
When I click Expand Action log button&#xD;
-&gt; done: ActionLogSteps.WhenIClickExpandActionLogButton() (0.3s)&#xD;
Then latest "GameStart" action is not deletable&#xD;
Failed to find data-qa element with tag 'deleteIcon'. No such element exception.&#xD;
-&gt; done: ExpandedActionLogSteps.ThenLatestActionIsNotDeletable(GameStart) (2.1s)&#xD;
sandbox: CleanUpAfterTestRun started.&#xD;
sandbox: application pages != null: True&#xD;
sandbox: web driver!= null: True&#xD;
sandbox: CleanUpAfterTestRun complete.</StdOut>
      </Output>
    </UnitTestResult>
    <UnitTestResult executionId="3728c427-9d43-45bd-95a6-726455d91402" testId="bf0a5a5b-1ff7-5a22-520a-da68a257e932" testName="GivenInterruptPopup_WhenConfirming_ThenInterruptionRegistered" computerName="EC2AMAZ-JEOO151" duration="00:00:11.6840000" startTime="2019-07-11T21:29:38.0000000+00:00" endTime="2019-07-11T21:29:49.0000000+00:00" testType="13cdc9d9-ddb5-4fa4-a97d-d965ccfc6d4b" outcome="Passed" testListId="8c84fa94-04c1-424b-9868-57a2d4851a1d" relativeResultsDirectory="3728c427-9d43-45bd-95a6-726455d91402">
      <Output>
        <StdOut>sandbox: PrepareForTestRun started.&#xD;
sandbox: football liveStatsApp != null: True &#xD;
sandbox: football liveStatsApp.IsProcessRunning: True &#xD;
sandbox: setupLocalData: localDatabaseProvider != null: True&#xD;
sandbox: applicationPages != null: True&#xD;
sandbox: applicationPages.Webdriver != null: True&#xD;
sandbox: finished setuping local data&#xD;
sandbox: PrepareForTestRun complete.&#xD;
Failed to find element with query '[data-qa='delayLengthPrompt']'. Web driver timeout exception.&#xD;
sandbox: CleanUpAfterTestRun started.&#xD;
sandbox: application pages != null: True&#xD;
sandbox: web driver!= null: True&#xD;
sandbox: CleanUpAfterTestRun complete.</StdOut>
      </Output>
    </UnitTestResult>
    <UnitTestResult executionId="cc2f12c6-e81c-46d5-87e8-573454ee601b" testId="0b16cd31-f558-0ec2-3246-324551080331" testName="FirstHalfActionsCanBeFiltered" computerName="EC2AMAZ-JEOO151" duration="00:00:27.0490000" startTime="2019-07-11T19:35:47.0000000+00:00" endTime="2019-07-11T19:36:14.0000000+00:00" testType="13cdc9d9-ddb5-4fa4-a97d-d965ccfc6d4b" outcome="Passed" testListId="8c84fa94-04c1-424b-9868-57a2d4851a1d" relativeResultsDirectory="cc2f12c6-e81c-46d5-87e8-573454ee601b">
      <Output>
        <StdOut>sandbox: PrepareForTestRun started.&#xD;
sandbox: football liveStatsApp != null: True &#xD;
sandbox: football liveStatsApp.IsProcessRunning: True &#xD;
sandbox: setupLocalData: localDatabaseProvider != null: True&#xD;
sandbox: applicationPages != null: True&#xD;
sandbox: applicationPages.Webdriver != null: True&#xD;
sandbox: finished setuping local data&#xD;
sandbox: PrepareForTestRun complete.&#xD;
Given Match started with kick off from existing game&#xD;
-&gt; done: SetupGameSteps.GivenMatchStartedWithKickOffButtonFromExistingGame() (3.4s)&#xD;
And "Yellow" Card for Team "1" player with shirt number "4" is registered&#xD;
Given action failed. Retrying after a timeout.&#xD;
-&gt; done: CardSteps.GivenCardForTeamPlayerWithShirtNumberIsRegistered(Yellow, 1, 4) (3.5s)&#xD;
And I finished and proceeded to next phase&#xD;
-&gt; done: PitchClockSteps.WhenIFinishAndProceedToNextPhase() (3.0s)&#xD;
And "Yellow" Card for Team "1" player with shirt number "6" is registered&#xD;
-&gt; done: CardSteps.GivenCardForTeamPlayerWithShirtNumberIsRegistered(Yellow, 1, 6) (3.2s)&#xD;
And I finished and proceeded to next phase&#xD;
-&gt; done: PitchClockSteps.WhenIFinishAndProceedToNextPhase() (3.0s)&#xD;
And "Yellow" Card for Team "1" player with shirt number "8" is registered&#xD;
-&gt; done: CardSteps.GivenCardForTeamPlayerWithShirtNumberIsRegistered(Yellow, 1, 8) (3.3s)&#xD;
And I finished and proceeded to next phase&#xD;
-&gt; done: PitchClockSteps.WhenIFinishAndProceedToNextPhase() (2.9s)&#xD;
And "Yellow" Card for Team "1" player with shirt number "13" is registered&#xD;
-&gt; done: CardSteps.GivenCardForTeamPlayerWithShirtNumberIsRegistered(Yellow, 1, 13) (3.1s)&#xD;
When I open Expanded Action log&#xD;
-&gt; done: ActionLogSteps.WhenIClickExpandActionLogButton() (0.2s)&#xD;
And I expand halves filter&#xD;
-&gt; done: FilterSteps.WhenIExpandHalvesFilter() (0.1s)&#xD;
And I select first half filter&#xD;
-&gt; done: FilterSteps.WhenISelectFirstHalveFilter() (0.1s)&#xD;
Then Expanded action log contains "4" items&#xD;
-&gt; done: ExpandedActionLogSteps.ThenExpandedActionLogContainsItemsCount(4) (0.0s)&#xD;
And Actions are displayed in expanded action log in order:&#xD;
  --- table step argument ---&#xD;
  | expectedType | teamId | playerShirtId |&#xD;
  | Half Confirm | empty  | empty         |&#xD;
  | Half End     | empty  | empty         |&#xD;
  | Yellow Card  | 1      | 4             |&#xD;
  | Kick Off     | empty  | empty         |&#xD;
-&gt; done: ExpandedActionLogSteps.ThenActionsAreDisplayedInActionLogAtPositions(System.Collection...) (0.2s)&#xD;
sandbox: CleanUpAfterTestRun started.&#xD;
sandbox: application pages != null: True&#xD;
sandbox: web driver!= null: True&#xD;
sandbox: CleanUpAfterTestRun complete.</StdOut>
      </Output>
    </UnitTestResult>
    <UnitTestResult executionId="712f5ffa-f5ff-4835-85da-7f48bf533c75" testId="4da5b30a-93f0-c040-5cd4-6b36c18a1e35" testName="NoOnVarOnFirstStepOfRecordCardWorkflow(&quot;1&quot;,&quot;Yellow&quot;,null)" computerName="EC2AMAZ-JEOO151" duration="00:00:06.3510000" startTime="2019-07-11T19:53:23.0000000+00:00" endTime="2019-07-11T19:53:29.0000000+00:00" testType="13cdc9d9-ddb5-4fa4-a97d-d965ccfc6d4b" outcome="Passed" testListId="8c84fa94-04c1-424b-9868-57a2d4851a1d" relativeResultsDirectory="712f5ffa-f5ff-4835-85da-7f48bf533c75">
      <Output>
        <StdOut>sandbox: PrepareForTestRun started.&#xD;
sandbox: football liveStatsApp != null: True &#xD;
sandbox: football liveStatsApp.IsProcessRunning: True &#xD;
sandbox: setupLocalData: localDatabaseProvider != null: True&#xD;
sandbox: applicationPages != null: True&#xD;
sandbox: applicationPages.Webdriver != null: True&#xD;
sandbox: finished setuping local data&#xD;
sandbox: PrepareForTestRun complete.&#xD;
Given Match started with kick off from existing game&#xD;
-&gt; done: SetupGameSteps.GivenMatchStartedWithKickOffButtonFromExistingGame() (3.3s)&#xD;
When I click on team 1 possible "Yellow"&#xD;
-&gt; done: TeamActionButtonSteps.StartPossibleCardRegistration(1, Yellow) (0.6s)&#xD;
And I click "Possible VAR" button in workflow&#xD;
-&gt; done: WorkflowSteps.WhenIClickPossibleVarButtonInWorkflow() (0.1s)&#xD;
And I click var confirmation "No" button&#xD;
-&gt; done: WorkflowSteps.WhenIClickVarConfirmationButton("No") (0.2s)&#xD;
Then VAR label is shown in Booking event action log&#xD;
-&gt; done: ActionLogSteps.ThenOffenceIsShownInPenaltyEventActionLog("VAR", Booking) (0.3s)&#xD;
And Latest "Booking" event is completed&#xD;
-&gt; done: ActionLogSteps.ThenLatestEventIsConfirmed(Booking) (0.0s)&#xD;
And VAR label of "Booking" event in action log is in team 1 color&#xD;
-&gt; done: ActionLogSteps.ThenSubItemOfEventInActionLogIsInTeamColor("VAR", Booking, 1) (0.1s)&#xD;
And VAR label of "Booking" event in action log contains "Card Overturned" message&#xD;
-&gt; done: ActionLogSteps.ThenSubItemOfEventInActionLogIsInTeamColor("VAR", Booking, "Card Overturned") (0.1s)&#xD;
And Action Buttons are enabled&#xD;
-&gt; done: TeamActionButtonSteps.ThenActionButtonsAreEnabled() (0.8s)&#xD;
sandbox: CleanUpAfterTestRun started.&#xD;
sandbox: application pages != null: True&#xD;
sandbox: web driver!= null: True&#xD;
sandbox: CleanUpAfterTestRun complete.</StdOut>
      </Output>
    </UnitTestResult>
    <UnitTestResult executionId="106465ef-29d1-4684-be61-7b2f95e1b4fa" testId="d31f9a87-1a3e-5ff2-4334-d136e5e7557d" testName="PenaltyRecordedActionCanBeFlagged" computerName="EC2AMAZ-JEOO151" duration="00:00:09.3020000" startTime="2019-07-11T19:42:19.0000000+00:00" endTime="2019-07-11T19:42:28.0000000+00:00" testType="13cdc9d9-ddb5-4fa4-a97d-d965ccfc6d4b" outcome="Passed" testListId="8c84fa94-04c1-424b-9868-57a2d4851a1d" relativeResultsDirectory="106465ef-29d1-4684-be61-7b2f95e1b4fa">
      <Output>
        <StdOut>sandbox: PrepareForTestRun started.&#xD;
sandbox: football liveStatsApp != null: True &#xD;
sandbox: football liveStatsApp.IsProcessRunning: True &#xD;
sandbox: setupLocalData: localDatabaseProvider != null: True&#xD;
sandbox: applicationPages != null: True&#xD;
sandbox: applicationPages.Webdriver != null: True&#xD;
sandbox: finished setuping local data&#xD;
sandbox: PrepareForTestRun complete.&#xD;
Given Match started with kick off from existing game&#xD;
-&gt; done: SetupGameSteps.GivenMatchStartedWithKickOffButtonFromExistingGame() (3.3s)&#xD;
Given Penalty for Team 1 is registered&#xD;
Given action failed. Retrying after a timeout.&#xD;
-&gt; done: PenaltySteps.GivenPenaltyForTeamIsRegistered(1) (4.5s)&#xD;
When I click on latest "Penalty" event in action log&#xD;
-&gt; done: ActionLogSteps.GivenIClickOnLatestEventInActionLog(Penalty) (0.2s)&#xD;
And I click Flag &amp; Save button in action edit form&#xD;
-&gt; done: EditFormSteps.ClickFlagAndSaveInActionEditForm() (0.4s)&#xD;
Then 1 event in action log of type "Penalty" is flagged&#xD;
-&gt; done: ActionLogSteps.ThenEventInActionLogOfTypeIsFlagged(1, Penalty) (0.0s)&#xD;
sandbox: CleanUpAfterTestRun started.&#xD;
sandbox: application pages != null: True&#xD;
sandbox: web driver!= null: True&#xD;
sandbox: CleanUpAfterTestRun complete.</StdOut>
      </Output>
    </UnitTestResult>
    <UnitTestResult executionId="fad216fb-0078-4ed9-a496-7f8404e9eb71" testId="2494e10a-c4e6-f6ff-960c-484b47d07265" testName="DeleteCardAfterSelectingAssistantCoach(&quot;Red&quot;,&quot;Red&quot;,&quot;Red&quot;,null)" computerName="EC2AMAZ-JEOO151" duration="00:00:13.2140000" startTime="2019-07-11T18:52:45.0000000+00:00" endTime="2019-07-11T18:52:58.0000000+00:00" testType="13cdc9d9-ddb5-4fa4-a97d-d965ccfc6d4b" outcome="Passed" testListId="8c84fa94-04c1-424b-9868-57a2d4851a1d" relativeResultsDirectory="fad216fb-0078-4ed9-a496-7f8404e9eb71">
      <Output>
        <StdOut>sandbox: PrepareForTestRun started.&#xD;
sandbox: football liveStatsApp != null: True &#xD;
sandbox: football liveStatsApp.IsProcessRunning: True &#xD;
sandbox: setupLocalData: localDatabaseProvider != null: True&#xD;
sandbox: applicationPages != null: True&#xD;
sandbox: applicationPages.Webdriver != null: True&#xD;
sandbox: finished setuping local data&#xD;
sandbox: PrepareForTestRun complete.&#xD;
Given Match started with kick off from existing game&#xD;
-&gt; done: SetupGameSteps.GivenMatchStartedWithKickOffButtonFromExistingGame() (3.2s)&#xD;
When I click on team 1 possible "Red"&#xD;
-&gt; done: TeamActionButtonSteps.StartPossibleCardRegistration(1, Red) (0.6s)&#xD;
And I click "Red" card button&#xD;
-&gt; done: TeamActionButtonSteps.WhenIClickCardButton("Red") (0.1s)&#xD;
And I confirm booking by clicking "Confirm" button&#xD;
-&gt; done: CardSteps.WhenIConfirmActionByClickingButton() (2.3s)&#xD;
And I choose assistant coach from team 1 bench&#xD;
-&gt; done: PitchPlayersComponentSteps.SelectAssistantCoachForCard(1) (0.4s)&#xD;
And I cancel action workflow by clicking "Cancel &amp; Delete" button&#xD;
-&gt; done: WorkflowSteps.WhenICancelActionWorkflowByClickingButton() (0.4s)&#xD;
Then Pitch View is shown&#xD;
-&gt; done: PitchScreenSteps.PitchViewIsShown() (0.0s)&#xD;
And assistant coach from team 1 is not marked with "Red" line&#xD;
Given action failed. Retrying after a timeout.&#xD;
Failed to find element with query 'redCardIndicator' under parent. No such element exception.&#xD;
-&gt; done: PitchPlayersComponentSteps.ThenAssistantCoachIsNotMarkedWithLine(1, Red) (5.2s)&#xD;
sandbox: CleanUpAfterTestRun started.&#xD;
sandbox: application pages != null: True&#xD;
sandbox: web driver!= null: True&#xD;
sandbox: CleanUpAfterTestRun complete.</StdOut>
      </Output>
    </UnitTestResult>
    <UnitTestResult executionId="420a834b-acd1-412d-bce2-daafbb2afd98" testId="b42f154c-c4f7-08a0-8100-d2aa2ee94cb4" testName="FootballSelectVarReasonAndOutcome(&quot;Stands&quot;,&quot;Offside&quot;,null)" computerName="EC2AMAZ-JEOO151" duration="00:00:10.1680000" startTime="2019-07-11T18:03:39.0000000+00:00" endTime="2019-07-11T18:03:49.0000000+00:00" testType="13cdc9d9-ddb5-4fa4-a97d-d965ccfc6d4b" outcome="Passed" testListId="8c84fa94-04c1-424b-9868-57a2d4851a1d" relativeResultsDirectory="420a834b-acd1-412d-bce2-daafbb2afd98">
      <Output>
        <StdOut>sandbox: PrepareForTestRun started.&#xD;
sandbox: football liveStatsApp != null: True &#xD;
sandbox: football liveStatsApp.IsProcessRunning: True &#xD;
sandbox: setupLocalData: localDatabaseProvider != null: True&#xD;
sandbox: applicationPages != null: True&#xD;
sandbox: applicationPages.Webdriver != null: True&#xD;
sandbox: finished setuping local data&#xD;
sandbox: PrepareForTestRun complete.&#xD;
Given Match started with kick off from existing game&#xD;
-&gt; done: SetupGameSteps.GivenMatchStartedWithKickOffButtonFromExistingGame() (3.3s)&#xD;
And I remembered current players on pitch shirt numbers&#xD;
-&gt; done: GoalEditSteps.GivenIRememberCurrentPlayersOnPitch() (1.6s)&#xD;
And I add a goal for team 1 player 4 assisted by player 13&#xD;
Given action failed. Retrying after a timeout.&#xD;
-&gt; done: GoalSteps.GivenIAddAGoalForTeamPlayerAssistedByPlayer(1, 4, 13) (3.9s)&#xD;
And I click goal event in action log&#xD;
-&gt; done: ActionLogSteps.GivenIClickGoalEventInActionLog() (0.3s)&#xD;
When I click "VAR" toggle&#xD;
-&gt; done: EditFormSteps.GivenIClickToggleToEnable() (0.1s)&#xD;
And I click Var "Stands" button&#xD;
-&gt; done: EditFormSteps.WhenIClickVarStandsButton() (0.1s)&#xD;
And I click VAR reason button&#xD;
-&gt; done: EditFormSteps.WhenIClickVarReasonButton() (0.0s)&#xD;
And I select VAR reason Offside&#xD;
-&gt; done: EditFormSteps.WhenISelectVarReason("Offside") (0.1s)&#xD;
Then "Save" of edit screen is enabled&#xD;
-&gt; done: EditFormSteps.ThenOfEditScreenIsEnabled() (0.0s)&#xD;
sandbox: CleanUpAfterTestRun started.&#xD;
sandbox: application pages != null: True&#xD;
sandbox: web driver!= null: True&#xD;
sandbox: CleanUpAfterTestRun complete.</StdOut>
      </Output>
    </UnitTestResult>
    <UnitTestResult executionId="744fab3b-a91c-4fb0-b416-1c8eff00730d" testId="1b5efe7b-91dd-2a02-b74e-83af4dea0f63" testName="FootballTeamDetailsTabIsPopulatedWithPre_MatchData" computerName="EC2AMAZ-JEOO151" duration="00:00:04.1970000" startTime="2019-07-11T17:22:24.0000000+00:00" endTime="2019-07-11T17:22:28.0000000+00:00" testType="13cdc9d9-ddb5-4fa4-a97d-d965ccfc6d4b" outcome="Passed" testListId="8c84fa94-04c1-424b-9868-57a2d4851a1d" relativeResultsDirectory="744fab3b-a91c-4fb0-b416-1c8eff00730d">
      <Output>
        <StdOut>sandbox: PrepareForTestRun started.&#xD;
sandbox: football liveStatsApp != null: True &#xD;
sandbox: football liveStatsApp.IsProcessRunning: True &#xD;
sandbox: setupLocalData: localDatabaseProvider != null: True&#xD;
sandbox: applicationPages != null: True&#xD;
sandbox: applicationPages.Webdriver != null: True&#xD;
sandbox: finished setuping local data&#xD;
sandbox: PrepareForTestRun complete.&#xD;
Given Load Game Using Match Key Dialog Is Opened&#xD;
-&gt; done: DashBoardSteps.GivenLoadGameUsingMatchKeyDialogIsOpened() (0.3s)&#xD;
When I enter match key 152OZG089RYM4N5KQHR8&#xD;
-&gt; done: DashBoardSteps.WhenIEnterMatchKey("152OZG089RYM4N5KQHR8") (0.2s)&#xD;
And I click Next button&#xD;
-&gt; done: DashBoardSteps.WhenIClickNextButton() (0.1s)&#xD;
And I skip statistician network verification tab&#xD;
-&gt; done: GameSetupSteps.GivenISkipStatisticianNetworkVerificationTab() (0.5s)&#xD;
And I click Save &amp; Next button&#xD;
-&gt; done: GameSetupSteps.WhenIClickSaveNextButton() (0.1s)&#xD;
Then Teams tab opens&#xD;
-&gt; done: TeamDetailsTabSteps.ThenTeamsTabOpens() (1.0s)&#xD;
And Team 1 Name Is Set To "ARSENAL FOOTBALL TEAM"&#xD;
-&gt; done: TeamDetailsTabSteps.ThenTeamNameIsSetTo(1, "ARSENAL FOOTBALL ...") (0.0s)&#xD;
And Team 1 Short Name Is Set To "ARSENAL"&#xD;
-&gt; done: TeamDetailsTabSteps.ThenTeamShortNameIsSetTo(1, "ARSENAL") (0.0s)&#xD;
And Team 1 Short Code Is Set To "ARS"&#xD;
-&gt; done: TeamDetailsTabSteps.ThenTeamShortCodeIsSetTo(1, "ARS") (0.0s)&#xD;
And Team 1 Official 1 First Name Is Set To "Boro"&#xD;
-&gt; done: TeamDetailsTabSteps.ThenTeamOfficialFirstNameIsSetTo(1, 1, "Boro") (0.0s)&#xD;
And Team 1 Official 1 Last Name Is Set To "Primorac"&#xD;
-&gt; done: TeamDetailsTabSteps.ThenTeamOfficialLastNameIsSetTo(1, 1, "Primorac") (0.0s)&#xD;
And Team 1 Official 1 Role Is Set To "Coach"&#xD;
-&gt; done: TeamDetailsTabSteps.ThenTeamOfficialRoleIsSetTo(1, 1, "Coach") (0.0s)&#xD;
And Team 1 Official 2 First Name Is Set To "Neil"&#xD;
-&gt; done: TeamDetailsTabSteps.ThenTeamOfficialFirstNameIsSetTo(1, 2, "Neil") (0.0s)&#xD;
And Team 1 Official 2 Last Name Is Set To "Banfield"&#xD;
-&gt; done: TeamDetailsTabSteps.ThenTeamOfficialLastNameIsSetTo(1, 2, "Banfield") (0.0s)&#xD;
And Team 1 Official 2 Role Is Set To "Assistant Coach"&#xD;
-&gt; done: TeamDetailsTabSteps.ThenTeamOfficialRoleIsSetTo(1, 2, "Assistant Coach") (0.0s)&#xD;
And Team 2 Name Is Set To "TOTTENHAM HOTSPUR"&#xD;
-&gt; done: TeamDetailsTabSteps.ThenTeamNameIsSetTo(2, "TOTTENHAM HOTSPUR") (0.0s)&#xD;
And Team 2 Short Name Is Set To "TOTTENHAM"&#xD;
-&gt; done: TeamDetailsTabSteps.ThenTeamShortNameIsSetTo(2, "TOTTENHAM") (0.0s)&#xD;
And Team 2 Short Code Is Set To "TOT"&#xD;
-&gt; done: TeamDetailsTabSteps.ThenTeamShortCodeIsSetTo(2, "TOT") (0.0s)&#xD;
And Team 2 Official 1 First Name Is Set To "Miguel"&#xD;
-&gt; done: TeamDetailsTabSteps.ThenTeamOfficialFirstNameIsSetTo(2, 1, "Miguel") (0.0s)&#xD;
And Team 2 Official 1 Last Name Is Set To "D'Agostino"&#xD;
-&gt; done: TeamDetailsTabSteps.ThenTeamOfficialLastNameIsSetTo(2, 1, "D'Agostino") (0.0s)&#xD;
And Team 2 Official 1 Role Is Set To "Coach"&#xD;
-&gt; done: TeamDetailsTabSteps.ThenTeamOfficialRoleIsSetTo(2, 1, "Coach") (0.0s)&#xD;
And Team 2 Official 2 First Name Is Set To "Toni"&#xD;
-&gt; done: TeamDetailsTabSteps.ThenTeamOfficialFirstNameIsSetTo(2, 2, "Toni") (0.0s)&#xD;
And Team 2 Official 2 Last Name Is Set To "Jiménez"&#xD;
-&gt; done: TeamDetailsTabSteps.ThenTeamOfficialLastNameIsSetTo(2, 2, "Jiménez") (0.0s)&#xD;
And Team 2 Official 2 Role Is Set To "Assistant Coach"&#xD;
-&gt; done: TeamDetailsTabSteps.ThenTeamOfficialRoleIsSetTo(2, 2, "Assistant Coach") (0.0s)&#xD;
sandbox: CleanUpAfterTestRun started.&#xD;
sandbox: application pages != null: True&#xD;
sandbox: web driver!= null: True&#xD;
Given action failed. Retrying after a timeout. Most likely UI was not fast enough to refresh itself.&#xD;
sandbox: CleanUpAfterTestRun complete.</StdOut>
      </Output>
    </UnitTestResult>
    <UnitTestResult executionId="0290adaa-23b6-4ae0-9cb1-b2caafad815e" testId="4889572c-9904-75a4-9287-bc7b3d9c6fef" testName="GivenGameInProgress_WhenFilingCard_ThenScoreboardsStatsAreUpdated(1,Red)" computerName="EC2AMAZ-JEOO151" duration="00:00:06" startTime="2019-07-11T21:42:09.0000000+00:00" endTime="2019-07-11T21:42:15.0000000+00:00" testType="13cdc9d9-ddb5-4fa4-a97d-d965ccfc6d4b" outcome="Passed" testListId="8c84fa94-04c1-424b-9868-57a2d4851a1d" relativeResultsDirectory="0290adaa-23b6-4ae0-9cb1-b2caafad815e">
      <Output>
        <StdOut>sandbox: PrepareForTestRun started.&#xD;
sandbox: football liveStatsApp != null: True &#xD;
sandbox: football liveStatsApp.IsProcessRunning: True &#xD;
sandbox: setupLocalData: localDatabaseProvider != null: True&#xD;
sandbox: applicationPages != null: True&#xD;
sandbox: applicationPages.Webdriver != null: True&#xD;
sandbox: finished setuping local data&#xD;
sandbox: PrepareForTestRun complete.&#xD;
Given action failed. Retrying after a timeout.&#xD;
sandbox: CleanUpAfterTestRun started.&#xD;
sandbox: application pages != null: True&#xD;
sandbox: web driver!= null: True&#xD;
sandbox: CleanUpAfterTestRun complete.</StdOut>
      </Output>
    </UnitTestResult>
    <UnitTestResult executionId="2ce3335a-65b1-452e-ac6c-e339e291cd97" testId="deb2b41e-e9bb-04ac-5d00-0ed57bf93b0d" testName="GivenGameWithPenaltyInFirstHalf_WhenEditingPenaltyWhileInSecondHalf_ThenCanSaveData" computerName="EC2AMAZ-JEOO151" duration="00:00:20.2000000" startTime="2019-07-11T20:34:21.0000000+00:00" endTime="2019-07-11T20:34:41.0000000+00:00" testType="13cdc9d9-ddb5-4fa4-a97d-d965ccfc6d4b" outcome="Passed" testListId="8c84fa94-04c1-424b-9868-57a2d4851a1d" relativeResultsDirectory="2ce3335a-65b1-452e-ac6c-e339e291cd97">
      <Output>
        <StdOut>sandbox: PrepareForTestRun started.&#xD;
sandbox: football liveStatsApp != null: True &#xD;
sandbox: football liveStatsApp.IsProcessRunning: True &#xD;
sandbox: setupLocalData: localDatabaseProvider != null: True&#xD;
sandbox: applicationPages != null: True&#xD;
sandbox: applicationPages.Webdriver != null: True&#xD;
sandbox: finished setuping local data&#xD;
sandbox: PrepareForTestRun complete.&#xD;
Given action failed. Retrying after a timeout.&#xD;
Failed to find element with query '[data-qa='penaltyEditScreen']'. Web driver timeout exception.&#xD;
sandbox: CleanUpAfterTestRun started.&#xD;
sandbox: application pages != null: True&#xD;
sandbox: web driver!= null: True&#xD;
sandbox: CleanUpAfterTestRun complete.</StdOut>
      </Output>
    </UnitTestResult>
    <UnitTestResult executionId="0a16cf23-574f-4479-9cb0-93f412518366" testId="ddd6bd5b-1a8a-f0eb-fc8b-af81b60cbccb" testName="GivenGameOwnGoalStarted_WhenFillingData_ThenAssistStepIsSkipped" computerName="EC2AMAZ-JEOO151" duration="00:00:08.6510000" startTime="2019-07-11T21:04:07.0000000+00:00" endTime="2019-07-11T21:04:16.0000000+00:00" testType="13cdc9d9-ddb5-4fa4-a97d-d965ccfc6d4b" outcome="Passed" testListId="8c84fa94-04c1-424b-9868-57a2d4851a1d" relativeResultsDirectory="0a16cf23-574f-4479-9cb0-93f412518366">
      <Output>
        <StdOut>sandbox: PrepareForTestRun started.&#xD;
sandbox: football liveStatsApp != null: True &#xD;
sandbox: football liveStatsApp.IsProcessRunning: True &#xD;
sandbox: setupLocalData: localDatabaseProvider != null: True&#xD;
sandbox: applicationPages != null: True&#xD;
sandbox: applicationPages.Webdriver != null: True&#xD;
sandbox: finished setuping local data&#xD;
sandbox: PrepareForTestRun complete.&#xD;
Given action failed. Retrying after a timeout.&#xD;
sandbox: CleanUpAfterTestRun started.&#xD;
sandbox: application pages != null: True&#xD;
sandbox: web driver!= null: True&#xD;
sandbox: CleanUpAfterTestRun complete.</StdOut>
      </Output>
    </UnitTestResult>
    <UnitTestResult executionId="70dfac40-4bb1-40cc-9e6b-a43dada30aa9" testId="6dc067ef-8da7-206a-49cc-b7553eba5980" testName="AddTimeButtonIsPresentWhenEnteringAddedTime" computerName="EC2AMAZ-JEOO151" duration="00:00:13.4630000" startTime="2019-07-11T19:29:29.0000000+00:00" endTime="2019-07-11T19:29:43.0000000+00:00" testType="13cdc9d9-ddb5-4fa4-a97d-d965ccfc6d4b" outcome="Passed" testListId="8c84fa94-04c1-424b-9868-57a2d4851a1d" relativeResultsDirectory="70dfac40-4bb1-40cc-9e6b-a43dada30aa9">
      <Output>
        <StdOut>sandbox: PrepareForTestRun started.&#xD;
sandbox: football liveStatsApp != null: True &#xD;
sandbox: football liveStatsApp.IsProcessRunning: True &#xD;
sandbox: setupLocalData: localDatabaseProvider != null: True&#xD;
sandbox: applicationPages != null: True&#xD;
sandbox: applicationPages.Webdriver != null: True&#xD;
sandbox: finished setuping local data&#xD;
sandbox: PrepareForTestRun complete.&#xD;
Given Game setup is finished&#xD;
-&gt; done: SetupGameSteps.GivenGameSetupIsFinished() (7.4s)&#xD;
And Game is kicked off with timer&#xD;
-&gt; done: PitchClockSteps.GivenGameIsKickedOff() (1.2s)&#xD;
When I set clock minutes value to "45"&#xD;
-&gt; done: PitchClockSteps.WhenISetClockMinutesValueTo(45) (1.5s)&#xD;
And I set "time input" value to "1"&#xD;
-&gt; done: PitchClockSteps.WhenISetTimeInputValueTo(1) (0.1s)&#xD;
Then "end half" button is not visible&#xD;
Failed to find element with query '[data-qa='endHalfButton']'. Web driver timeout exception.&#xD;
-&gt; done: PitchClockSteps.ThenEndHalfButtonIsNotVisible() (2.1s)&#xD;
And "add time" button is visible&#xD;
-&gt; done: PitchClockSteps.ThenAddTimeButtonIsVisible() (0.0s)&#xD;
sandbox: CleanUpAfterTestRun started.&#xD;
sandbox: application pages != null: True&#xD;
sandbox: web driver!= null: True&#xD;
sandbox: CleanUpAfterTestRun complete.</StdOut>
      </Output>
    </UnitTestResult>
    <UnitTestResult executionId="ab599766-88a7-49ea-ab6a-ea5c3b9b070f" testId="6a4ecd70-1afe-5e62-42b9-979f47ae7e6b" testName="GivenActionRegistered_WhenDeletingFromExpandedActionLog_ThenDeletedPitchLog(Substitution)" computerName="EC2AMAZ-JEOO151" duration="00:00:10.9350000" startTime="2019-07-11T20:19:09.0000000+00:00" endTime="2019-07-11T20:19:20.0000000+00:00" testType="13cdc9d9-ddb5-4fa4-a97d-d965ccfc6d4b" outcome="Passed" testListId="8c84fa94-04c1-424b-9868-57a2d4851a1d" relativeResultsDirectory="ab599766-88a7-49ea-ab6a-ea5c3b9b070f">
      <Output>
        <StdOut>sandbox: PrepareForTestRun started.&#xD;
sandbox: football liveStatsApp != null: True &#xD;
sandbox: football liveStatsApp.IsProcessRunning: True &#xD;
sandbox: setupLocalData: localDatabaseProvider != null: True&#xD;
sandbox: applicationPages != null: True&#xD;
sandbox: applicationPages.Webdriver != null: True&#xD;
sandbox: finished setuping local data&#xD;
sandbox: PrepareForTestRun complete.&#xD;
sandbox: CleanUpAfterTestRun started.&#xD;
sandbox: application pages != null: True&#xD;
sandbox: web driver!= null: True&#xD;
sandbox: CleanUpAfterTestRun complete.</StdOut>
      </Output>
    </UnitTestResult>
    <UnitTestResult executionId="17f4c42f-1f62-417e-b93a-d7f072bfa726" testId="6cdbe40a-91ac-dc79-c675-ff5ce312f301" testName="CardTypeAndReasonUpdate(&quot;Yellow&quot;,&quot;Red&quot;,&quot;Violent Conduct&quot;,null)" computerName="EC2AMAZ-JEOO151" duration="00:00:10.3680000" startTime="2019-07-11T17:48:19.0000000+00:00" endTime="2019-07-11T17:48:29.0000000+00:00" testType="13cdc9d9-ddb5-4fa4-a97d-d965ccfc6d4b" outcome="Passed" testListId="8c84fa94-04c1-424b-9868-57a2d4851a1d" relativeResultsDirectory="17f4c42f-1f62-417e-b93a-d7f072bfa726">
      <Output>
        <StdOut>sandbox: PrepareForTestRun started.&#xD;
sandbox: football liveStatsApp != null: True &#xD;
sandbox: football liveStatsApp.IsProcessRunning: True &#xD;
sandbox: setupLocalData: localDatabaseProvider != null: True&#xD;
sandbox: applicationPages != null: True&#xD;
sandbox: applicationPages.Webdriver != null: True&#xD;
sandbox: finished setuping local data&#xD;
sandbox: PrepareForTestRun complete.&#xD;
Given Match started with kick off from existing game&#xD;
-&gt; done: SetupGameSteps.GivenMatchStartedWithKickOffButtonFromExistingGame() (3.3s)&#xD;
And I remembered current players on pitch shirt numbers&#xD;
-&gt; done: GoalEditSteps.GivenIRememberCurrentPlayersOnPitch() (1.5s)&#xD;
Given "Yellow" Card for Team "1" player with shirt number "4" is registered&#xD;
Given action failed. Retrying after a timeout.&#xD;
-&gt; done: CardSteps.GivenCardForTeamPlayerWithShirtNumberIsRegistered(Yellow, 1, 4) (3.3s)&#xD;
When I click on 1 of type "Booking" event in action log&#xD;
-&gt; done: ActionLogSteps.GivenIClickOnLatestEventInActionLog(1, Booking) (0.2s)&#xD;
And I click "Red" card in card edit page&#xD;
-&gt; done: CardEditSteps.WhenIClickCardInCardEditPage("Red") (0.1s)&#xD;
And I click "select reason for card" button in card edit page&#xD;
-&gt; done: CardEditSteps.WhenIClickButtonInCardEditPage() (0.0s)&#xD;
And I click "Violent Conduct" reason button&#xD;
-&gt; done: CardSteps.WhenIClickReasonButton("Violent Conduct") (0.1s)&#xD;
And I click Save button in action edit form&#xD;
-&gt; done: EditFormSteps.ClickSaveButtonInActionEditForm() (0.6s)&#xD;
Then Pitch View is shown&#xD;
-&gt; done: PitchScreenSteps.PitchViewIsShown() (0.0s)&#xD;
And Red label is shown in Booking event action log&#xD;
-&gt; done: ActionLogSteps.ThenOffenceIsShownInPenaltyEventActionLog("Red", Booking) (0.1s)&#xD;
And "Red" label of "Booking" event in action log contains "Red" card icon&#xD;
-&gt; done: ActionLogSteps.ThenLabelOfEventInActionLogContainsCardIcon("Red", Booking, "Red") (0.1s)&#xD;
And Player on pitch by shirt number 4 of team 1 is shown in Red of "Booking" event in action log&#xD;
-&gt; done: ActionLogSteps.ThenPlayerOnPitchByShirtNumberOfTeamIsShownInGoalOfEventInActionLog(4, 1, "Red", Booking) (0.2s)&#xD;
sandbox: CleanUpAfterTestRun started.&#xD;
sandbox: application pages != null: True&#xD;
sandbox: web driver!= null: True&#xD;
sandbox: CleanUpAfterTestRun complete.</StdOut>
      </Output>
    </UnitTestResult>
    <UnitTestResult executionId="061b1211-8899-4132-a247-2067ba5a34fc" testId="7d625488-5b7f-bd24-1103-e5546d8fc643" testName="GivenFreeKickRegistered_WhenEditingFreeKickTimeToBeLatest_ThenContainerMovedToTop" computerName="EC2AMAZ-JEOO151" duration="00:00:16.9260000" startTime="2019-07-11T20:26:47.0000000+00:00" endTime="2019-07-11T20:27:04.0000000+00:00" testType="13cdc9d9-ddb5-4fa4-a97d-d965ccfc6d4b" outcome="Passed" testListId="8c84fa94-04c1-424b-9868-57a2d4851a1d" relativeResultsDirectory="061b1211-8899-4132-a247-2067ba5a34fc">
      <Output>
        <StdOut>sandbox: PrepareForTestRun started.&#xD;
sandbox: football liveStatsApp != null: True &#xD;
sandbox: football liveStatsApp.IsProcessRunning: True &#xD;
sandbox: setupLocalData: localDatabaseProvider != null: True&#xD;
sandbox: applicationPages != null: True&#xD;
sandbox: applicationPages.Webdriver != null: True&#xD;
sandbox: finished setuping local data&#xD;
sandbox: PrepareForTestRun complete.&#xD;
Given action failed. Retrying after a timeout.&#xD;
Given action failed. Retrying after a timeout. Most likely UI was not fast enough to refresh itself.&#xD;
Given action failed. Retrying after a timeout.&#xD;
sandbox: CleanUpAfterTestRun started.&#xD;
sandbox: application pages != null: True&#xD;
sandbox: web driver!= null: True&#xD;
sandbox: CleanUpAfterTestRun complete.</StdOut>
      </Output>
    </UnitTestResult>
    <UnitTestResult executionId="a67b3d8f-52b0-4b81-bfce-85158435b762" testId="32b204cd-cbe0-cb64-c0ed-ce6bf04393ce" testName="ActionWithPlayerThatIsNotOnPitchIsFlagged" computerName="EC2AMAZ-JEOO151" duration="00:00:09.2640000" startTime="2019-07-11T19:49:03.0000000+00:00" endTime="2019-07-11T19:49:12.0000000+00:00" testType="13cdc9d9-ddb5-4fa4-a97d-d965ccfc6d4b" outcome="Passed" testListId="8c84fa94-04c1-424b-9868-57a2d4851a1d" relativeResultsDirectory="a67b3d8f-52b0-4b81-bfce-85158435b762">
      <Output>
        <StdOut>sandbox: PrepareForTestRun started.&#xD;
sandbox: football liveStatsApp != null: True &#xD;
sandbox: football liveStatsApp.IsProcessRunning: True &#xD;
sandbox: setupLocalData: localDatabaseProvider != null: True&#xD;
sandbox: applicationPages != null: True&#xD;
sandbox: applicationPages.Webdriver != null: True&#xD;
sandbox: finished setuping local data&#xD;
sandbox: PrepareForTestRun complete.&#xD;
Given Match started with kick off from existing game&#xD;
-&gt; done: SetupGameSteps.GivenMatchStartedWithKickOffButtonFromExistingGame() (3.4s)&#xD;
And I remembered current players on pitch shirt numbers&#xD;
-&gt; done: GoalEditSteps.GivenIRememberCurrentPlayersOnPitch() (1.5s)&#xD;
Given expanded action log is opened&#xD;
-&gt; done: ActionLogSteps.WhenIClickExpandActionLogButton() (0.1s)&#xD;
When I insert Goal after last action in expanded action log from "1" team with player with shirt number "20"&#xD;
-&gt; done: GoalSteps.WhenIInsertGoalAfterLastActionInExpandedActionLogFromTeamWithScorerWithShirtAndNoAssist(1, 20) (2.8s)&#xD;
And I close expanded action log page&#xD;
-&gt; done: ExpandedActionLogSteps.WhenICloseExpandedActionLogPage() (0.2s)&#xD;
And I click on latest "Goal" event in action log&#xD;
-&gt; done: ActionLogSteps.GivenIClickOnLatestEventInActionLog(Goal) (0.1s)&#xD;
And I click review flags button in game action edit window&#xD;
-&gt; done: EditFormSteps.WhenIClickReviewFlagsButtonInGameActionEditWindow() (0.2s)&#xD;
Then Review action flags dialog opens&#xD;
-&gt; done: EditFormSteps.ThenReviewActionFlagsDialogOpens() (0.1s)&#xD;
And Review action flags dialog contains "1" flags&#xD;
-&gt; done: EditWindowFlagsDropDownSteps.ThenReviewActionDialogContainsFlagsCount(1) (0.0s)&#xD;
And player from team "1" with shirt number "20" is visible with not on pitch in review action flags dialog&#xD;
-&gt; done: EditWindowFlagsDropDownSteps.ThenPlayerNotOnPitchIsVisibleInReviewActionFlagsDialog(1, "20") (0.0s)&#xD;
sandbox: CleanUpAfterTestRun started.&#xD;
sandbox: application pages != null: True&#xD;
sandbox: web driver!= null: True&#xD;
sandbox: CleanUpAfterTestRun complete.</StdOut>
      </Output>
    </UnitTestResult>
    <UnitTestResult executionId="a5b21050-5e62-4dd8-b3cd-d8c90dd07e56" testId="bdf44010-b43d-adf1-5547-2534d0eae7c4" testName="CancelGoalInsert" computerName="EC2AMAZ-JEOO151" duration="00:00:16.2320000" startTime="2019-07-11T18:19:10.0000000+00:00" endTime="2019-07-11T18:19:26.0000000+00:00" testType="13cdc9d9-ddb5-4fa4-a97d-d965ccfc6d4b" outcome="Passed" testListId="8c84fa94-04c1-424b-9868-57a2d4851a1d" relativeResultsDirectory="a5b21050-5e62-4dd8-b3cd-d8c90dd07e56">
      <Output>
        <StdOut>sandbox: PrepareForTestRun started.&#xD;
sandbox: football liveStatsApp != null: True &#xD;
sandbox: football liveStatsApp.IsProcessRunning: True &#xD;
sandbox: setupLocalData: localDatabaseProvider != null: True&#xD;
sandbox: applicationPages != null: True&#xD;
sandbox: applicationPages.Webdriver != null: True&#xD;
sandbox: finished setuping local data&#xD;
sandbox: PrepareForTestRun complete.&#xD;
Given Match started with kick off from existing game&#xD;
-&gt; done: SetupGameSteps.GivenMatchStartedWithKickOffButtonFromExistingGame() (3.3s)&#xD;
And "Top right" corner added for Team 1&#xD;
-&gt; done: CornerSteps.GivenCornerAddedForTeam("Top right", 1) (3.1s)&#xD;
And "Yellow" Card for Team 1 is registered&#xD;
Given action failed. Retrying after a timeout.&#xD;
-&gt; done: CardSteps.GivenCardForTeamIsRegistered(Yellow, 1) (3.3s)&#xD;
And I clicked on latest "Corner" event in action log&#xD;
-&gt; done: ActionLogSteps.GivenIClickOnLatestEventInActionLog(Corner) (0.2s)&#xD;
And I entered new conceded event time of "0030"&#xD;
-&gt; done: EditFormSteps.GivenIEnterNewConcededEventTimeOf("0030") (1.0s)&#xD;
And I clicked Save button in action edit form&#xD;
-&gt; done: EditFormSteps.ClickSaveButtonInActionEditForm() (0.6s)&#xD;
And I remembered current players on pitch shirt numbers&#xD;
-&gt; done: GoalEditSteps.GivenIRememberCurrentPlayersOnPitch() (1.1s)&#xD;
When I click Expand Action log button&#xD;
-&gt; done: ActionLogSteps.WhenIClickExpandActionLogButton() (0.1s)&#xD;
And I click last action in expanded action log&#xD;
-&gt; done: ExpandedActionLogSteps.WhenIClickLastActionInExpandedActionLog() (0.1s)&#xD;
And I click insert before button in expanded action log&#xD;
-&gt; done: ExpandedActionLogSteps.WhenIClickInsertBeforeButtonInExpandedActionLog() (0.1s)&#xD;
And I click insert Goal button in insert before dropdown&#xD;
-&gt; done: ExpandedActionLogSteps.WhenIClickGoalInsertGoalButtonInInsertBeforeDropdown() (0.2s)&#xD;
And I Click "cancel" Button in insert window&#xD;
-&gt; done: EditFormSteps.GivenIClickCancelButton() (0.1s)&#xD;
Then Goal insert view is not visible&#xD;
Failed to find element with query '[data-qa='goalEditScreen']'. Web driver timeout exception.&#xD;
-&gt; done: GoalEditSteps.ThenGoalEditViewIsNotVisible() (2.0s)&#xD;
sandbox: CleanUpAfterTestRun started.&#xD;
sandbox: application pages != null: True&#xD;
sandbox: web driver!= null: True&#xD;
sandbox: CleanUpAfterTestRun complete.</StdOut>
      </Output>
    </UnitTestResult>
    <UnitTestResult executionId="5591729c-77e9-42a8-82fa-63997c7a4c48" testId="4a12e0c6-615e-d8dd-1e98-14db8b295a95" testName="GivenShotStarted_WhenSelectingShotWithNonBlockType_ThenSavePrompted(OffTarget)" computerName="EC2AMAZ-JEOO151" duration="00:00:08.1490000" startTime="2019-07-11T21:12:25.0000000+00:00" endTime="2019-07-11T21:12:33.0000000+00:00" testType="13cdc9d9-ddb5-4fa4-a97d-d965ccfc6d4b" outcome="Passed" testListId="8c84fa94-04c1-424b-9868-57a2d4851a1d" relativeResultsDirectory="5591729c-77e9-42a8-82fa-63997c7a4c48">
      <Output>
        <StdOut>sandbox: PrepareForTestRun started.&#xD;
sandbox: football liveStatsApp != null: True &#xD;
sandbox: football liveStatsApp.IsProcessRunning: True &#xD;
sandbox: setupLocalData: localDatabaseProvider != null: True&#xD;
sandbox: applicationPages != null: True&#xD;
sandbox: applicationPages.Webdriver != null: True&#xD;
sandbox: finished setuping local data&#xD;
sandbox: PrepareForTestRun complete.&#xD;
Given action failed. Retrying after a timeout.&#xD;
Failed to find element with query '[data-qa='shotNotSaveButton']'. Web driver timeout exception.&#xD;
sandbox: CleanUpAfterTestRun started.&#xD;
sandbox: application pages != null: True&#xD;
sandbox: web driver!= null: True&#xD;
sandbox: CleanUpAfterTestRun complete.</StdOut>
      </Output>
    </UnitTestResult>
    <UnitTestResult executionId="8cb7adff-c677-4307-bf25-3679ff1250f6" testId="025a785d-86d4-6c5a-e4fc-18951a9e0b20" testName="SelectVAROutcome(&quot;Stands&quot;,null)" computerName="EC2AMAZ-JEOO151" duration="00:00:14.4120000" startTime="2019-07-11T18:27:30.0000000+00:00" endTime="2019-07-11T18:27:45.0000000+00:00" testType="13cdc9d9-ddb5-4fa4-a97d-d965ccfc6d4b" outcome="Passed" testListId="8c84fa94-04c1-424b-9868-57a2d4851a1d" relativeResultsDirectory="8cb7adff-c677-4307-bf25-3679ff1250f6">
      <Output>
        <StdOut>sandbox: PrepareForTestRun started.&#xD;
sandbox: football liveStatsApp != null: True &#xD;
sandbox: football liveStatsApp.IsProcessRunning: True &#xD;
sandbox: setupLocalData: localDatabaseProvider != null: True&#xD;
sandbox: applicationPages != null: True&#xD;
sandbox: applicationPages.Webdriver != null: True&#xD;
sandbox: finished setuping local data&#xD;
sandbox: PrepareForTestRun complete.&#xD;
Given Match started with kick off from existing game&#xD;
-&gt; done: SetupGameSteps.GivenMatchStartedWithKickOffButtonFromExistingGame() (3.3s)&#xD;
And "Top right" corner added for Team 1&#xD;
-&gt; done: CornerSteps.GivenCornerAddedForTeam("Top right", 1) (3.1s)&#xD;
And "Yellow" Card for Team 1 is registered&#xD;
Given action failed. Retrying after a timeout.&#xD;
-&gt; done: CardSteps.GivenCardForTeamIsRegistered(Yellow, 1) (3.4s)&#xD;
And I clicked on latest "Corner" event in action log&#xD;
-&gt; done: ActionLogSteps.GivenIClickOnLatestEventInActionLog(Corner) (0.2s)&#xD;
And I entered new conceded event time of "0030"&#xD;
-&gt; done: EditFormSteps.GivenIEnterNewConcededEventTimeOf("0030") (0.9s)&#xD;
And I clicked Save button in action edit form&#xD;
-&gt; done: EditFormSteps.ClickSaveButtonInActionEditForm() (0.6s)&#xD;
And I remembered current players on pitch shirt numbers&#xD;
-&gt; done: GoalEditSteps.GivenIRememberCurrentPlayersOnPitch() (1.1s)&#xD;
When I click Expand Action log button&#xD;
-&gt; done: ActionLogSteps.WhenIClickExpandActionLogButton() (0.2s)&#xD;
And I click last action in expanded action log&#xD;
-&gt; done: ExpandedActionLogSteps.WhenIClickLastActionInExpandedActionLog() (0.1s)&#xD;
And I click insert after button in expanded action log&#xD;
-&gt; done: ExpandedActionLogSteps.WhenIClickInsertAfterButtonInExpandedActionLog() (0.1s)&#xD;
And I click insert Goal button in insert after dropdown&#xD;
-&gt; done: ExpandedActionLogSteps.WhenIClickInsertGoalButtonInInsertAfterDropdown() (0.1s)&#xD;
And I click "VAR" toggle&#xD;
-&gt; done: EditFormSteps.GivenIClickToggleToEnable() (0.1s)&#xD;
And I click Var "Stands" button&#xD;
-&gt; done: EditFormSteps.WhenIClickVarStandsButton() (0.1s)&#xD;
Then Var outcome Stands is selected&#xD;
-&gt; done: EditFormSteps.ThenVarOutcomeStandsIsSelected() (0.0s)&#xD;
And VAR reason is not selected&#xD;
-&gt; done: EditFormSteps.GivenVarReasonIsNotSelected() (0.1s)&#xD;
sandbox: CleanUpAfterTestRun started.&#xD;
sandbox: application pages != null: True&#xD;
sandbox: web driver!= null: True&#xD;
sandbox: CleanUpAfterTestRun complete.</StdOut>
      </Output>
    </UnitTestResult>
    <UnitTestResult executionId="fcfa341c-8d0e-40d1-bae9-3ac002fbd8a5" testId="3d3af38b-9b8c-3bbb-1258-4e1e5e06fa92" testName="SelectVarOnFirstStepOfRecordCardWorkflow(&quot;2&quot;,&quot;Red&quot;,null)" computerName="EC2AMAZ-JEOO151" duration="00:00:04.9810000" startTime="2019-07-11T19:54:29.0000000+00:00" endTime="2019-07-11T19:54:34.0000000+00:00" testType="13cdc9d9-ddb5-4fa4-a97d-d965ccfc6d4b" outcome="Passed" testListId="8c84fa94-04c1-424b-9868-57a2d4851a1d" relativeResultsDirectory="fcfa341c-8d0e-40d1-bae9-3ac002fbd8a5">
      <Output>
        <StdOut>sandbox: PrepareForTestRun started.&#xD;
sandbox: football liveStatsApp != null: True &#xD;
sandbox: football liveStatsApp.IsProcessRunning: True &#xD;
sandbox: setupLocalData: localDatabaseProvider != null: True&#xD;
sandbox: applicationPages != null: True&#xD;
sandbox: applicationPages.Webdriver != null: True&#xD;
sandbox: finished setuping local data&#xD;
sandbox: PrepareForTestRun complete.&#xD;
Given Match started with kick off from existing game&#xD;
-&gt; done: SetupGameSteps.GivenMatchStartedWithKickOffButtonFromExistingGame() (3.2s)&#xD;
When I click on team 2 possible "Red"&#xD;
-&gt; done: TeamActionButtonSteps.StartPossibleCardRegistration(2, Red) (0.6s)&#xD;
And I click "Possible VAR" button in workflow&#xD;
-&gt; done: WorkflowSteps.WhenIClickPossibleVarButtonInWorkflow() (0.1s)&#xD;
Then confirm VAR dialog is displayed&#xD;
-&gt; done: WorkflowSteps.ThenConfirmVarDialogIsDisplayed() (0.2s)&#xD;
And "Yes" VAR dialog button is shown&#xD;
-&gt; done: WorkflowSteps.ThenVarDialogButtonIsShown("Yes") (0.0s)&#xD;
And "No" VAR dialog button is shown&#xD;
-&gt; done: WorkflowSteps.ThenVarDialogButtonIsShown("No") (0.0s)&#xD;
sandbox: CleanUpAfterTestRun started.&#xD;
sandbox: application pages != null: True&#xD;
sandbox: web driver!= null: True&#xD;
sandbox: CleanUpAfterTestRun complete.</StdOut>
      </Output>
    </UnitTestResult>
    <UnitTestResult executionId="ca321e75-67be-4955-a926-f568ad6721ee" testId="4dd8e939-d4e2-70ad-ab18-443e02c86863" testName="WhenRecordingTwoYellowCardsSecondYellowIsFlagged" computerName="EC2AMAZ-JEOO151" duration="00:00:11.7410000" startTime="2019-07-11T19:44:14.0000000+00:00" endTime="2019-07-11T19:44:26.0000000+00:00" testType="13cdc9d9-ddb5-4fa4-a97d-d965ccfc6d4b" outcome="Passed" testListId="8c84fa94-04c1-424b-9868-57a2d4851a1d" relativeResultsDirectory="ca321e75-67be-4955-a926-f568ad6721ee">
      <Output>
        <StdOut>sandbox: PrepareForTestRun started.&#xD;
sandbox: football liveStatsApp != null: True &#xD;
sandbox: football liveStatsApp.IsProcessRunning: True &#xD;
sandbox: setupLocalData: localDatabaseProvider != null: True&#xD;
sandbox: applicationPages != null: True&#xD;
sandbox: applicationPages.Webdriver != null: True&#xD;
sandbox: finished setuping local data&#xD;
sandbox: PrepareForTestRun complete.&#xD;
Given Match started with kick off from existing game&#xD;
-&gt; done: SetupGameSteps.GivenMatchStartedWithKickOffButtonFromExistingGame() (3.3s)&#xD;
And I remembered current players on pitch shirt numbers&#xD;
-&gt; done: GoalEditSteps.GivenIRememberCurrentPlayersOnPitch() (1.6s)&#xD;
Given expanded action log is opened&#xD;
-&gt; done: ActionLogSteps.WhenIClickExpandActionLogButton() (0.1s)&#xD;
When I insert yellow card in expanded log for team "1" player "8" at time "0101" after last item&#xD;
-&gt; done: ExpandedActionLogSteps.InsertCardAfterLastItemWithDetails(1, 8, "0101") (2.6s)&#xD;
And I insert yellow card in expanded log for team "1" player "8" at time "0101" after last item&#xD;
-&gt; done: ExpandedActionLogSteps.InsertCardAfterLastItemWithDetails(1, 8, "0101") (2.9s)&#xD;
And I close expanded action log page&#xD;
-&gt; done: ExpandedActionLogSteps.WhenICloseExpandedActionLogPage() (0.2s)&#xD;
And I click on latest "Booking" event in action log&#xD;
-&gt; done: ActionLogSteps.GivenIClickOnLatestEventInActionLog(Booking) (0.1s)&#xD;
And I click review flags button in game action edit window&#xD;
-&gt; done: EditFormSteps.WhenIClickReviewFlagsButtonInGameActionEditWindow() (0.1s)&#xD;
Then Review action flags dialog opens&#xD;
-&gt; done: EditFormSteps.ThenReviewActionFlagsDialogOpens() (0.0s)&#xD;
And Review action flags dialog contains "1" flags&#xD;
-&gt; done: EditWindowFlagsDropDownSteps.ThenReviewActionDialogContainsFlagsCount(1) (0.0s)&#xD;
And Excessive yellow in review action flags dialog is visible for player with shirt "8" from team "1"&#xD;
-&gt; done: EditWindowFlagsDropDownSteps.ThenIsVisibleInReviewActionFlagsDialogForExcessiveYellowFlagForPlayer("8", 1) (0.0s)&#xD;
sandbox: CleanUpAfterTestRun started.&#xD;
sandbox: application pages != null: True&#xD;
sandbox: web driver!= null: True&#xD;
sandbox: CleanUpAfterTestRun complete.</StdOut>
      </Output>
    </UnitTestResult>
    <UnitTestResult executionId="e88275f6-b99a-435c-869a-012e9805e316" testId="fb23d2ac-7ebf-1dab-daf6-86904d6479f7" testName="CannotFlagAndContinueTakenFreeKickSteps" computerName="EC2AMAZ-JEOO151" duration="00:00:08.4520000" startTime="2019-07-11T19:45:20.0000000+00:00" endTime="2019-07-11T19:45:28.0000000+00:00" testType="13cdc9d9-ddb5-4fa4-a97d-d965ccfc6d4b" outcome="Passed" testListId="8c84fa94-04c1-424b-9868-57a2d4851a1d" relativeResultsDirectory="e88275f6-b99a-435c-869a-012e9805e316">
      <Output>
        <StdOut>sandbox: PrepareForTestRun started.&#xD;
sandbox: football liveStatsApp != null: True &#xD;
sandbox: football liveStatsApp.IsProcessRunning: True &#xD;
sandbox: setupLocalData: localDatabaseProvider != null: True&#xD;
sandbox: applicationPages != null: True&#xD;
sandbox: applicationPages.Webdriver != null: True&#xD;
sandbox: finished setuping local data&#xD;
sandbox: PrepareForTestRun complete.&#xD;
Given Match started with kick off from existing game&#xD;
-&gt; done: SetupGameSteps.GivenMatchStartedWithKickOffButtonFromExistingGame() (3.4s)&#xD;
When I click Freekick button for team 1&#xD;
Given action failed. Retrying after a timeout.&#xD;
-&gt; done: TeamActionButtonSteps.WhenIClickFreekickButtonForTeam(1) (0.9s)&#xD;
And I flag and continue&#xD;
-&gt; done: WorkflowSteps.WhenIFlagAndContinue() (0.1s)&#xD;
And I flag and continue&#xD;
-&gt; done: WorkflowSteps.WhenIFlagAndContinue() (0.2s)&#xD;
Then Flag &amp; Continue button is not visible&#xD;
Failed to find element with query '[data-qa='flagAndContinueButton']'. Web driver timeout exception.&#xD;
-&gt; done: WorkflowSteps.ThenFlagAndContinueButtonIsNotVisible() (2.0s)&#xD;
sandbox: CleanUpAfterTestRun started.&#xD;
sandbox: application pages != null: True&#xD;
sandbox: web driver!= null: True&#xD;
sandbox: CleanUpAfterTestRun complete.</StdOut>
      </Output>
    </UnitTestResult>
    <UnitTestResult executionId="002d77bd-4c24-4bdf-b4fe-851d164c2aa7" testId="6340b443-6c83-41ad-4a6f-d2dcc5129466" testName="GivenGameInProgress_WhenRegisteringShotOnTarget_RegistersShotOnTarget" computerName="EC2AMAZ-JEOO151" duration="00:00:08.7630000" startTime="2019-07-11T21:11:14.0000000+00:00" endTime="2019-07-11T21:11:23.0000000+00:00" testType="13cdc9d9-ddb5-4fa4-a97d-d965ccfc6d4b" outcome="Passed" testListId="8c84fa94-04c1-424b-9868-57a2d4851a1d" relativeResultsDirectory="002d77bd-4c24-4bdf-b4fe-851d164c2aa7">
      <Output>
        <StdOut>sandbox: PrepareForTestRun started.&#xD;
sandbox: football liveStatsApp != null: True &#xD;
sandbox: football liveStatsApp.IsProcessRunning: True &#xD;
sandbox: setupLocalData: localDatabaseProvider != null: True&#xD;
sandbox: applicationPages != null: True&#xD;
sandbox: applicationPages.Webdriver != null: True&#xD;
sandbox: finished setuping local data&#xD;
sandbox: PrepareForTestRun complete.&#xD;
Given action failed. Retrying after a timeout.&#xD;
sandbox: CleanUpAfterTestRun started.&#xD;
sandbox: application pages != null: True&#xD;
sandbox: web driver!= null: True&#xD;
sandbox: CleanUpAfterTestRun complete.</StdOut>
      </Output>
    </UnitTestResult>
    <UnitTestResult executionId="3681f7aa-5843-4f16-a024-c3cf677d4144" testId="60ba069d-d0d8-6edf-64c1-48ae9af957e0" testName="PenaltyShootoutHalfEndCannotBeDeletedIfThereIsActionRegisteredAfterEnd" computerName="EC2AMAZ-JEOO151" duration="00:00:22.0310000" startTime="2019-07-11T17:42:05.0000000+00:00" endTime="2019-07-11T17:42:27.0000000+00:00" testType="13cdc9d9-ddb5-4fa4-a97d-d965ccfc6d4b" outcome="Passed" testListId="8c84fa94-04c1-424b-9868-57a2d4851a1d" relativeResultsDirectory="3681f7aa-5843-4f16-a024-c3cf677d4144">
      <Output>
        <StdOut>sandbox: PrepareForTestRun started.&#xD;
sandbox: football liveStatsApp != null: True &#xD;
sandbox: football liveStatsApp.IsProcessRunning: True &#xD;
sandbox: setupLocalData: localDatabaseProvider != null: True&#xD;
sandbox: applicationPages != null: True&#xD;
sandbox: applicationPages.Webdriver != null: True&#xD;
sandbox: finished setuping local data&#xD;
sandbox: PrepareForTestRun complete.&#xD;
Given Match started with kick off from existing game&#xD;
-&gt; done: SetupGameSteps.GivenMatchStartedWithKickOffButtonFromExistingGame() (3.3s)&#xD;
Given I finished and proceeded to next phase&#xD;
-&gt; done: PitchClockSteps.WhenIFinishAndProceedToNextPhase() (3.3s)&#xD;
And I finished and proceeded to next phase&#xD;
-&gt; done: PitchClockSteps.WhenIFinishAndProceedToNextPhase() (2.9s)&#xD;
And I finished and proceeded to next phase&#xD;
-&gt; done: PitchClockSteps.WhenIFinishAndProceedToNextPhase() (3.0s)&#xD;
And I finished and proceeded to next phase&#xD;
-&gt; done: PitchClockSteps.WhenIFinishAndProceedToNextPhase() (2.7s)&#xD;
And "Red" Card for Team 1 is registered&#xD;
Given action failed. Retrying after a timeout.&#xD;
-&gt; done: CardSteps.GivenCardForTeamIsRegistered(Red, 1) (3.5s)&#xD;
When I open Expanded Action log&#xD;
-&gt; done: ActionLogSteps.WhenIClickExpandActionLogButton() (0.3s)&#xD;
Then latest "PhaseEnd" action is not deletable&#xD;
Failed to find data-qa element with tag 'deleteIcon'. No such element exception.&#xD;
-&gt; done: ExpandedActionLogSteps.ThenLatestActionIsNotDeletable(PhaseEnd) (2.1s)&#xD;
sandbox: CleanUpAfterTestRun started.&#xD;
sandbox: application pages != null: True&#xD;
sandbox: web driver!= null: True&#xD;
sandbox: CleanUpAfterTestRun complete.</StdOut>
      </Output>
    </UnitTestResult>
    <UnitTestResult executionId="28d7f177-35fb-4b5e-bf1d-237ed3b9ada4" testId="fda5dcd8-6d0a-660c-059e-b5ffe8989d93" testName="InsertInjuryAfterOrBeforeLastEvent(&quot;before&quot;,&quot;0025&quot;,&quot;00:25&quot;,&quot;2&quot;,&quot;2&quot;,null)" computerName="EC2AMAZ-JEOO151" duration="00:00:18.1820000" startTime="2019-07-11T18:46:17.0000000+00:00" endTime="2019-07-11T18:46:35.0000000+00:00" testType="13cdc9d9-ddb5-4fa4-a97d-d965ccfc6d4b" outcome="Passed" testListId="8c84fa94-04c1-424b-9868-57a2d4851a1d" relativeResultsDirectory="28d7f177-35fb-4b5e-bf1d-237ed3b9ada4">
      <Output>
        <StdOut>sandbox: PrepareForTestRun started.&#xD;
sandbox: football liveStatsApp != null: True &#xD;
sandbox: football liveStatsApp.IsProcessRunning: True &#xD;
sandbox: setupLocalData: localDatabaseProvider != null: True&#xD;
sandbox: applicationPages != null: True&#xD;
sandbox: applicationPages.Webdriver != null: True&#xD;
sandbox: finished setuping local data&#xD;
sandbox: PrepareForTestRun complete.&#xD;
Given Match started with kick off from existing game&#xD;
-&gt; done: SetupGameSteps.GivenMatchStartedWithKickOffButtonFromExistingGame() (3.3s)&#xD;
And "Yellow" Card for Team 1 is registered&#xD;
-&gt; done: CardSteps.GivenCardForTeamIsRegistered(Yellow, 1) (3.4s)&#xD;
And "Top right" corner added for Team 1&#xD;
-&gt; done: CornerSteps.GivenCornerAddedForTeam("Top right", 1) (2.8s)&#xD;
And I clicked on latest "Corner" event in action log&#xD;
-&gt; done: ActionLogSteps.GivenIClickOnLatestEventInActionLog(Corner) (0.3s)&#xD;
And I entered new conceded event time of "0030"&#xD;
-&gt; done: EditFormSteps.GivenIEnterNewConcededEventTimeOf("0030") (1.0s)&#xD;
And I clicked Save button in action edit form&#xD;
-&gt; done: EditFormSteps.ClickSaveButtonInActionEditForm() (0.6s)&#xD;
And I remembered current players on pitch shirt numbers&#xD;
-&gt; done: GoalEditSteps.GivenIRememberCurrentPlayersOnPitch() (1.1s)&#xD;
When I click Expand Action log button&#xD;
-&gt; done: ActionLogSteps.WhenIClickExpandActionLogButton() (0.2s)&#xD;
And I click last action in expanded action log&#xD;
-&gt; done: ExpandedActionLogSteps.WhenIClickLastActionInExpandedActionLog() (0.1s)&#xD;
And I click insert before button in expanded action log&#xD;
-&gt; done: ExpandedActionLogSteps.WhenIClickInsertBeforeButtonInExpandedActionLog() (0.1s)&#xD;
And I click insert Injury button in insert before dropdown&#xD;
-&gt; done: ExpandedActionLogSteps.WhenIClickInsertInjuryButtonInInsertBeforeDropdown() (0.1s)&#xD;
And I enter new conceded event time of "0025"&#xD;
-&gt; done: EditFormSteps.GivenIEnterNewConcededEventTimeOf("0025") (0.9s)&#xD;
And I click off-pitch&#xD;
-&gt; done: PlayerInjuryEditSteps.WhenIClickOffPitchInjury() (0.1s)&#xD;
And I update injury with team 2, player 4 in edit window&#xD;
-&gt; done: PlayerInjuryEditSteps.WhenIUpdateInjuryWithTeamPlayer(2, 4) (0.3s)&#xD;
And I click Save button in action edit form&#xD;
-&gt; done: EditFormSteps.ClickSaveButtonInActionEditForm() (0.6s)&#xD;
Then Injury insert view is not visible&#xD;
Failed to find element with query '[data-qa='InjuryEditPage']'. Web driver timeout exception.&#xD;
-&gt; done: PlayerInjuryEditSteps.ThenGoalKickEditViewIsNotVisible() (2.0s)&#xD;
And "Injury" Action is displayed at 2 in expanded action log&#xD;
-&gt; done: ExpandedActionLogSteps.ThenGoalActionIsDisplayedAtInExpandedActionLog("Injury", 2) (0.0s)&#xD;
And Action at position 2 half is displayed as "H1"&#xD;
-&gt; done: ExpandedActionLogSteps.ThenActionAtPositionHalfIsDisplayedAs(2, "H1") (0.1s)&#xD;
And Action at position 2 time is displayed as "00:25"&#xD;
-&gt; done: ExpandedActionLogSteps.ThenActionAtPositionTimeIsDisplayedAs(2, "00:25") (0.0s)&#xD;
And Action at position 2 do not have first qualifier&#xD;
-&gt; done: ExpandedActionLogSteps.ThenActionAtPositionDoNotHaveFirstQualifier(2) (0.0s)&#xD;
And Action at position 2 do not have second qualifier&#xD;
-&gt; done: ExpandedActionLogSteps.ThenActionAtPositionDoNotHaveSecondQualifier(2) (0.0s)&#xD;
And Action at position 2 do not have score&#xD;
-&gt; done: ExpandedActionLogSteps.ThenActionAtPositionDoNotHaveScore(2) (0.0s)&#xD;
And Action at position 2 contains team 2 name&#xD;
-&gt; done: ExpandedActionLogSteps.ThenActionAtPositionContainsTeam(2, 2) (0.0s)&#xD;
And Action at position 2 player is displayed as 4 on "2" team&#xD;
-&gt; done: ExpandedActionLogSteps.ThenActionAtPositionPlayerIsDisplayedAs(2, 4, 2) (0.1s)&#xD;
sandbox: CleanUpAfterTestRun started.&#xD;
sandbox: application pages != null: True&#xD;
sandbox: web driver!= null: True&#xD;
sandbox: CleanUpAfterTestRun complete.</StdOut>
      </Output>
    </UnitTestResult>
    <UnitTestResult executionId="1983ed7b-473c-4963-b1ec-3c4b92bdbe9c" testId="2ad75ba2-db35-50aa-2732-80bf10ef6972" testName="InsertGoalKickAfterOrBeforeLastEvent(&quot;before&quot;,&quot;0025&quot;,&quot;00:25&quot;,&quot;2&quot;,&quot;2&quot;,&quot;right&quot;,null)" computerName="EC2AMAZ-JEOO151" duration="00:00:20.9860000" startTime="2019-07-11T18:17:51.0000000+00:00" endTime="2019-07-11T18:18:12.0000000+00:00" testType="13cdc9d9-ddb5-4fa4-a97d-d965ccfc6d4b" outcome="Passed" testListId="8c84fa94-04c1-424b-9868-57a2d4851a1d" relativeResultsDirectory="1983ed7b-473c-4963-b1ec-3c4b92bdbe9c">
      <Output>
        <StdOut>sandbox: PrepareForTestRun started.&#xD;
sandbox: football liveStatsApp != null: True &#xD;
sandbox: football liveStatsApp.IsProcessRunning: True &#xD;
sandbox: setupLocalData: localDatabaseProvider != null: True&#xD;
sandbox: applicationPages != null: True&#xD;
sandbox: applicationPages.Webdriver != null: True&#xD;
sandbox: finished setuping local data&#xD;
sandbox: PrepareForTestRun complete.&#xD;
Given Match started with kick off from existing game&#xD;
-&gt; done: SetupGameSteps.GivenMatchStartedWithKickOffButtonFromExistingGame() (3.4s)&#xD;
And "Yellow" Card for Team 1 is registered&#xD;
-&gt; done: CardSteps.GivenCardForTeamIsRegistered(Yellow, 1) (3.4s)&#xD;
And "Top right" corner added for Team 1&#xD;
Given action failed. Retrying after a timeout.&#xD;
-&gt; done: CornerSteps.GivenCornerAddedForTeam("Top right", 1) (3.1s)&#xD;
And I clicked on latest "Corner" event in action log&#xD;
-&gt; done: ActionLogSteps.GivenIClickOnLatestEventInActionLog(Corner) (0.2s)&#xD;
And I entered new conceded event time of "0030"&#xD;
-&gt; done: EditFormSteps.GivenIEnterNewConcededEventTimeOf("0030") (1.0s)&#xD;
And I clicked Save button in action edit form&#xD;
-&gt; done: EditFormSteps.ClickSaveButtonInActionEditForm() (0.6s)&#xD;
When I click Expand Action log button&#xD;
-&gt; done: ActionLogSteps.WhenIClickExpandActionLogButton() (0.1s)&#xD;
And I click last action in expanded action log&#xD;
-&gt; done: ExpandedActionLogSteps.WhenIClickLastActionInExpandedActionLog() (0.1s)&#xD;
And I click insert before button in expanded action log&#xD;
-&gt; done: ExpandedActionLogSteps.WhenIClickInsertBeforeButtonInExpandedActionLog() (0.1s)&#xD;
And I click insert Goal Kick button in insert before dropdown&#xD;
-&gt; done: ExpandedActionLogSteps.WhenIClickInsertGoalButtonInInsertBeforeDropdown() (0.2s)&#xD;
And I enter new conceded event time of "0025"&#xD;
-&gt; done: EditFormSteps.GivenIEnterNewConcededEventTimeOf("0025") (1.0s)&#xD;
And I enter new taken event time of "0025"&#xD;
-&gt; done: EditFormSteps.GivenIEnterNewTakenEventTimeOf("0025") (1.0s)&#xD;
And I click team 2 in edit form&#xD;
-&gt; done: EditFormSteps.WhenIClickTeamInEditForm(2) (0.1s)&#xD;
And I change ball landing location to x 10 and y 80&#xD;
-&gt; done: GoalKickEditSteps.WhenIChangeBallLandingLocationToXAndY(10, 80) (0.3s)&#xD;
And I change taken from location to bottom in right goal box area&#xD;
Failed to find data-qa element with tag 'setPitchLocationButton'. No such element exception.&#xD;
-&gt; done: GoalKickEditSteps.WhenIChangeRightGoalKickTakenFromLocationToBottom() (2.3s)&#xD;
And I click Save button in action edit form&#xD;
-&gt; done: EditFormSteps.ClickSaveButtonInActionEditForm() (0.6s)&#xD;
Then Goal kick insert view is not visible&#xD;
Failed to find element with query '[data-qa='goalKickEditScreen']'. Web driver timeout exception.&#xD;
-&gt; done: GoalKickEditSteps.ThenGoalKickEditViewIsNotVisible() (2.0s)&#xD;
And "Goal Kick" Action is displayed at 2 in expanded action log&#xD;
-&gt; done: ExpandedActionLogSteps.ThenGoalActionIsDisplayedAtInExpandedActionLog("Goal Kick", 2) (0.0s)&#xD;
And Action at position 2 half is displayed as "H1"&#xD;
-&gt; done: ExpandedActionLogSteps.ThenActionAtPositionHalfIsDisplayedAs(2, "H1") (0.0s)&#xD;
And Action at position 2 time is displayed as "00:25"&#xD;
-&gt; done: ExpandedActionLogSteps.ThenActionAtPositionTimeIsDisplayedAs(2, "00:25") (0.0s)&#xD;
And Action at position 2 do not have first qualifier&#xD;
-&gt; done: ExpandedActionLogSteps.ThenActionAtPositionDoNotHaveFirstQualifier(2) (0.0s)&#xD;
And Action at position 2 do not have second qualifier&#xD;
-&gt; done: ExpandedActionLogSteps.ThenActionAtPositionDoNotHaveSecondQualifier(2) (0.0s)&#xD;
And Action at position 2 do not have score&#xD;
-&gt; done: ExpandedActionLogSteps.ThenActionAtPositionDoNotHaveScore(2) (0.0s)&#xD;
And Action at position 2 contains team 2 name&#xD;
-&gt; done: ExpandedActionLogSteps.ThenActionAtPositionContainsTeam(2, 2) (0.0s)&#xD;
And Action at position 2 do not have player&#xD;
-&gt; done: ExpandedActionLogSteps.ThenActionAtPositionDoNotHavePlayer(2) (0.0s)&#xD;
sandbox: CleanUpAfterTestRun started.&#xD;
sandbox: application pages != null: True&#xD;
sandbox: web driver!= null: True&#xD;
sandbox: CleanUpAfterTestRun complete.</StdOut>
      </Output>
    </UnitTestResult>
    <UnitTestResult executionId="d6caf8d6-a16f-44f3-bb7f-808781ad3bf6" testId="c13958cc-7902-f554-05aa-e958585052ec" testName="GivenActionRegistered_WhenDeletingFromActionLog_ThenDeleted(Booking)" computerName="EC2AMAZ-JEOO151" duration="00:00:12.3970000" startTime="2019-07-11T20:14:26.0000000+00:00" endTime="2019-07-11T20:14:39.0000000+00:00" testType="13cdc9d9-ddb5-4fa4-a97d-d965ccfc6d4b" outcome="Passed" testListId="8c84fa94-04c1-424b-9868-57a2d4851a1d" relativeResultsDirectory="d6caf8d6-a16f-44f3-bb7f-808781ad3bf6">
      <Output>
        <StdOut>sandbox: PrepareForTestRun started.&#xD;
sandbox: football liveStatsApp != null: True &#xD;
sandbox: football liveStatsApp.IsProcessRunning: True &#xD;
sandbox: setupLocalData: localDatabaseProvider != null: True&#xD;
sandbox: applicationPages != null: True&#xD;
sandbox: applicationPages.Webdriver != null: True&#xD;
sandbox: finished setuping local data&#xD;
sandbox: PrepareForTestRun complete.&#xD;
Given action failed. Retrying after a timeout.&#xD;
sandbox: CleanUpAfterTestRun started.&#xD;
sandbox: application pages != null: True&#xD;
sandbox: web driver!= null: True&#xD;
sandbox: CleanUpAfterTestRun complete.</StdOut>
      </Output>
    </UnitTestResult>
    <UnitTestResult executionId="4297ede3-fe2f-4d9f-a3e6-eabef1edb10a" testId="828544d6-6b7d-b753-659f-0b6818d15060" testName="SelectPlayerForOffenceFreekick(&quot;1&quot;,&quot;2&quot;,&quot;1&quot;,null)" computerName="EC2AMAZ-JEOO151" duration="00:00:06.7320000" startTime="2019-07-11T18:58:02.0000000+00:00" endTime="2019-07-11T18:58:09.0000000+00:00" testType="13cdc9d9-ddb5-4fa4-a97d-d965ccfc6d4b" outcome="Passed" testListId="8c84fa94-04c1-424b-9868-57a2d4851a1d" relativeResultsDirectory="4297ede3-fe2f-4d9f-a3e6-eabef1edb10a">
      <Output>
        <StdOut>sandbox: PrepareForTestRun started.&#xD;
sandbox: football liveStatsApp != null: True &#xD;
sandbox: football liveStatsApp.IsProcessRunning: True &#xD;
sandbox: setupLocalData: localDatabaseProvider != null: True&#xD;
sandbox: applicationPages != null: True&#xD;
sandbox: applicationPages.Webdriver != null: True&#xD;
sandbox: finished setuping local data&#xD;
sandbox: PrepareForTestRun complete.&#xD;
Given Match started with kick off from existing game&#xD;
-&gt; done: SetupGameSteps.GivenMatchStartedWithKickOffButtonFromExistingGame() (3.3s)&#xD;
When I click Freekick button for team 1&#xD;
Given action failed. Retrying after a timeout.&#xD;
-&gt; done: TeamActionButtonSteps.WhenIClickFreekickButtonForTeam(1) (0.8s)&#xD;
And I click on pitch x 20 and y 50&#xD;
-&gt; done: PitchScreenSteps.WhenIClickOnPitch(20, 50) (0.1s)&#xD;
And I click "Offence" button in freekick reason dialog&#xD;
-&gt; done: FreeKickSteps.WhenIClickButtonInFreekickReasonDialog("Offence") (0.2s)&#xD;
And I click player 1 from team 2&#xD;
-&gt; done: PitchPlayersComponentSteps.WhenIClickPlayerFromTeam(1, 2) (0.2s)&#xD;
Then team 1 players are enabled&#xD;
-&gt; done: PitchPlayersComponentSteps.ThenTeamPlayersAreEnabled(1) (0.2s)&#xD;
And Player1 from team2 is added to freekick event action&#xD;
-&gt; done: ActionLogSteps.ThenPlayerFromTeamIsAddedToFreekickEventAction(1, 2) (0.2s)&#xD;
And Notification "Select player that was offended..." is shown&#xD;
-&gt; done: PitchBottomMessageBarSteps.ThenIsShown("Select player tha...") (0.1s)&#xD;
sandbox: CleanUpAfterTestRun started.&#xD;
sandbox: application pages != null: True&#xD;
sandbox: web driver!= null: True&#xD;
sandbox: CleanUpAfterTestRun complete.</StdOut>
      </Output>
    </UnitTestResult>
    <UnitTestResult executionId="fba414dc-66ca-45dc-a3e6-6c42f4494ccf" testId="7ed8f684-1492-307d-35f6-d83c75f69840" testName="GivenGameFinalizeConfirmPrompted_WhenClickingNo_ThenClosesDialog" computerName="EC2AMAZ-JEOO151" duration="00:00:18.2570000" startTime="2019-07-11T21:38:25.0000000+00:00" endTime="2019-07-11T21:38:43.0000000+00:00" testType="13cdc9d9-ddb5-4fa4-a97d-d965ccfc6d4b" outcome="Passed" testListId="8c84fa94-04c1-424b-9868-57a2d4851a1d" relativeResultsDirectory="fba414dc-66ca-45dc-a3e6-6c42f4494ccf">
      <Output>
        <StdOut>sandbox: PrepareForTestRun started.&#xD;
sandbox: football liveStatsApp != null: True &#xD;
sandbox: football liveStatsApp.IsProcessRunning: True &#xD;
sandbox: setupLocalData: localDatabaseProvider != null: True&#xD;
sandbox: applicationPages != null: True&#xD;
sandbox: applicationPages.Webdriver != null: True&#xD;
sandbox: finished setuping local data&#xD;
sandbox: PrepareForTestRun complete.&#xD;
Failed to find element with query '[data-qa='halfEndConfirmConfirmation']'. Web driver timeout exception.&#xD;
sandbox: CleanUpAfterTestRun started.&#xD;
sandbox: application pages != null: True&#xD;
sandbox: web driver!= null: True&#xD;
sandbox: CleanUpAfterTestRun complete.</StdOut>
      </Output>
    </UnitTestResult>
    <UnitTestResult executionId="ef19e35e-cd6f-45a3-9ef2-e916fa0028c0" testId="a59eb1c7-5d27-0ea0-6495-ceb441210684" testName="GivenDelayPopup_WhenConfirmingDelay_ThenDelayRegistered(TeamLate,855,15)" computerName="EC2AMAZ-JEOO151" duration="00:00:16.3340000" startTime="2019-07-11T21:27:14.0000000+00:00" endTime="2019-07-11T21:27:30.0000000+00:00" testType="13cdc9d9-ddb5-4fa4-a97d-d965ccfc6d4b" outcome="Passed" testListId="8c84fa94-04c1-424b-9868-57a2d4851a1d" relativeResultsDirectory="ef19e35e-cd6f-45a3-9ef2-e916fa0028c0">
      <Output>
        <StdOut>sandbox: PrepareForTestRun started.&#xD;
sandbox: football liveStatsApp != null: True &#xD;
sandbox: football liveStatsApp.IsProcessRunning: True &#xD;
sandbox: setupLocalData: localDatabaseProvider != null: True&#xD;
sandbox: applicationPages != null: True&#xD;
sandbox: applicationPages.Webdriver != null: True&#xD;
sandbox: finished setuping local data&#xD;
sandbox: PrepareForTestRun complete.&#xD;
Failed to find element with query '[data-qa='delayLengthPrompt']'. Web driver timeout exception.&#xD;
sandbox: CleanUpAfterTestRun started.&#xD;
sandbox: application pages != null: True&#xD;
sandbox: web driver!= null: True&#xD;
sandbox: CleanUpAfterTestRun complete.</StdOut>
      </Output>
    </UnitTestResult>
    <UnitTestResult executionId="62ee2cb2-8192-4022-9415-67ed2b82ef50" testId="12332f85-6332-b624-8bc2-754c4631dc45" testName="CanSwapPlayersOnCourt" computerName="EC2AMAZ-JEOO151" duration="00:00:13.4960000" startTime="2019-07-11T17:24:31.0000000+00:00" endTime="2019-07-11T17:24:45.0000000+00:00" testType="13cdc9d9-ddb5-4fa4-a97d-d965ccfc6d4b" outcome="Passed" testListId="8c84fa94-04c1-424b-9868-57a2d4851a1d" relativeResultsDirectory="62ee2cb2-8192-4022-9415-67ed2b82ef50">
      <Output>
        <StdOut>sandbox: PrepareForTestRun started.&#xD;
sandbox: football liveStatsApp != null: True &#xD;
sandbox: football liveStatsApp.IsProcessRunning: True &#xD;
sandbox: setupLocalData: localDatabaseProvider != null: True&#xD;
sandbox: applicationPages != null: True&#xD;
sandbox: applicationPages.Webdriver != null: True&#xD;
sandbox: finished setuping local data&#xD;
sandbox: PrepareForTestRun complete.&#xD;
Given I am in formations tab&#xD;
-&gt; done: TeamsFormationsTabSteps.GivenIAmInFormationsTab() (6.8s)&#xD;
And All starters are added into formation for team 1&#xD;
-&gt; done: TeamsFormationsTabSteps.GivenAllPlayersAreAddedIntoFormation(1) (2.1s)&#xD;
And All starters are added into formation for team 2&#xD;
-&gt; done: TeamsFormationsTabSteps.GivenAllPlayersAreAddedIntoFormation(2) (2.1s)&#xD;
When I select "4-4-2" formation for team 1&#xD;
-&gt; done: TeamsFormationsTabSteps.WhenISelectFormationForTeam("4-4-2", 1) (0.3s)&#xD;
And I click on court player 4 of team 1&#xD;
-&gt; done: TeamsFormationsTabSteps.WhenIClickOnCourtPlayerOfTeam(4, 1) (0.3s)&#xD;
And I click on court player 10 of team 1&#xD;
-&gt; done: TeamsFormationsTabSteps.WhenIClickOnCourtPlayerOfTeam(10, 1) (0.4s)&#xD;
Then player 4 of team 1 is at location 8&#xD;
-&gt; done: TeamsFormationsTabSteps.ThenPlayerOfTeamIsAtLocation(4, 1, 8) (0.1s)&#xD;
And player 10 of team 1 is at location 2&#xD;
-&gt; done: TeamsFormationsTabSteps.ThenPlayerOfTeamIsAtLocation(10, 1, 2) (0.1s)&#xD;
sandbox: CleanUpAfterTestRun started.&#xD;
sandbox: application pages != null: True&#xD;
sandbox: web driver!= null: True&#xD;
Given action failed. Retrying after a timeout. Most likely UI was not fast enough to refresh itself.&#xD;
sandbox: CleanUpAfterTestRun complete.</StdOut>
      </Output>
    </UnitTestResult>
    <UnitTestResult executionId="cc472aea-4996-4b1e-a804-2b7552092531" testId="cffb8b87-5d5e-780e-2caf-bd5f5c0276fe" testName="GivenPlayersEjected_WhenInsertingGoalWithTwoEjectedPlayers_ThenShouldHaveTwoEjectionFlags" computerName="EC2AMAZ-JEOO151" duration="00:00:21.9000000" startTime="2019-07-11T21:25:44.0000000+00:00" endTime="2019-07-11T21:26:06.0000000+00:00" testType="13cdc9d9-ddb5-4fa4-a97d-d965ccfc6d4b" outcome="Passed" testListId="8c84fa94-04c1-424b-9868-57a2d4851a1d" relativeResultsDirectory="cc472aea-4996-4b1e-a804-2b7552092531">
      <Output>
        <StdOut>sandbox: PrepareForTestRun started.&#xD;
sandbox: football liveStatsApp != null: True &#xD;
sandbox: football liveStatsApp.IsProcessRunning: True &#xD;
sandbox: setupLocalData: localDatabaseProvider != null: True&#xD;
sandbox: applicationPages != null: True&#xD;
sandbox: applicationPages.Webdriver != null: True&#xD;
sandbox: finished setuping local data&#xD;
sandbox: PrepareForTestRun complete.&#xD;
sandbox: CleanUpAfterTestRun started.&#xD;
sandbox: application pages != null: True&#xD;
sandbox: web driver!= null: True&#xD;
sandbox: CleanUpAfterTestRun complete.</StdOut>
      </Output>
    </UnitTestResult>
    <UnitTestResult executionId="de2292f7-5518-4f85-a21b-0304ab6c6215" testId="0832b3b8-7062-e85f-d997-5fd7d869a8c5" testName="FootballSaveGoalVARWithOverturned(&quot;Overturned&quot;,&quot;Foul&quot;,null)" computerName="EC2AMAZ-JEOO151" duration="00:00:12.9840000" startTime="2019-07-11T18:01:04.0000000+00:00" endTime="2019-07-11T18:01:17.0000000+00:00" testType="13cdc9d9-ddb5-4fa4-a97d-d965ccfc6d4b" outcome="Passed" testListId="8c84fa94-04c1-424b-9868-57a2d4851a1d" relativeResultsDirectory="de2292f7-5518-4f85-a21b-0304ab6c6215">
      <Output>
        <StdOut>sandbox: PrepareForTestRun started.&#xD;
sandbox: football liveStatsApp != null: True &#xD;
sandbox: football liveStatsApp.IsProcessRunning: True &#xD;
sandbox: setupLocalData: localDatabaseProvider != null: True&#xD;
sandbox: applicationPages != null: True&#xD;
sandbox: applicationPages.Webdriver != null: True&#xD;
sandbox: finished setuping local data&#xD;
sandbox: PrepareForTestRun complete.&#xD;
Given Match started with kick off from existing game&#xD;
-&gt; done: SetupGameSteps.GivenMatchStartedWithKickOffButtonFromExistingGame() (3.2s)&#xD;
And I remembered current players on pitch shirt numbers&#xD;
-&gt; done: GoalEditSteps.GivenIRememberCurrentPlayersOnPitch() (1.5s)&#xD;
Given I add a goal for team 1 player 4 assisted by player 13&#xD;
Given action failed. Retrying after a timeout.&#xD;
-&gt; done: GoalSteps.GivenIAddAGoalForTeamPlayerAssistedByPlayer(1, 4, 13) (3.7s)&#xD;
And I click goal event in action log&#xD;
-&gt; done: ActionLogSteps.GivenIClickGoalEventInActionLog() (0.3s)&#xD;
When I click "VAR" toggle&#xD;
-&gt; done: EditFormSteps.GivenIClickToggleToEnable() (0.1s)&#xD;
And I click Var "Overturned" button&#xD;
-&gt; done: EditFormSteps.WhenIClickVarOverturnedButton() (0.1s)&#xD;
And I click VAR reason button&#xD;
-&gt; done: EditFormSteps.WhenIClickVarReasonButton() (0.0s)&#xD;
And I select VAR reason Foul&#xD;
-&gt; done: EditFormSteps.WhenISelectVarReason("Foul") (0.1s)&#xD;
And I click Save button in action edit form&#xD;
-&gt; done: EditFormSteps.ClickSaveButtonInActionEditForm() (0.6s)&#xD;
Then VAR label is shown in Goal event action log&#xD;
-&gt; done: ActionLogSteps.ThenOffenceIsShownInPenaltyEventActionLog("VAR", Goal) (0.1s)&#xD;
And VAR label of "Goal" event in action log contains "Foul - Overturned" message&#xD;
-&gt; done: ActionLogSteps.ThenSubItemOfEventInActionLogIsInTeamColor("VAR", Goal, "Foul - Overturned") (0.1s)&#xD;
And Score is 0 for team 1&#xD;
-&gt; done: ScoreBoardSteps.ThenScoreIsForTeam(0, 1) (0.1s)&#xD;
And Score is 0 for team 2&#xD;
-&gt; done: ScoreBoardSteps.ThenScoreIsForTeam(0, 2) (0.1s)&#xD;
And Player on pitch with shirt number 4 of team 1 do not have goal icon&#xD;
Failed to find data-qa element with tag 'playerGoals'. No such element exception.&#xD;
-&gt; done: PitchPlayersComponentSteps.ThenPlayerOnPitchWithShirtNumberOfTeamDoNotHaveGoalIcon(4, 1) (2.1s)&#xD;
sandbox: CleanUpAfterTestRun started.&#xD;
sandbox: application pages != null: True&#xD;
sandbox: web driver!= null: True&#xD;
sandbox: CleanUpAfterTestRun complete.</StdOut>
      </Output>
    </UnitTestResult>
    <UnitTestResult executionId="868bd90e-d620-4720-b136-483be15a1e98" testId="9c229252-bc66-2929-d6fe-8ae8c76a82e7" testName="CannotProceedWithoutBlankMandatoryFields(&quot;2&quot;,&quot;short team code&quot;,&quot;Team's short code is not valid&quot;,null)" computerName="EC2AMAZ-JEOO151" duration="00:00:04.3490000" startTime="2019-07-11T17:39:24.0000000+00:00" endTime="2019-07-11T17:39:29.0000000+00:00" testType="13cdc9d9-ddb5-4fa4-a97d-d965ccfc6d4b" outcome="Passed" testListId="8c84fa94-04c1-424b-9868-57a2d4851a1d" relativeResultsDirectory="868bd90e-d620-4720-b136-483be15a1e98">
      <Output>
        <StdOut>sandbox: PrepareForTestRun started.&#xD;
sandbox: football liveStatsApp != null: True &#xD;
sandbox: football liveStatsApp.IsProcessRunning: True &#xD;
sandbox: setupLocalData: localDatabaseProvider != null: True&#xD;
sandbox: applicationPages != null: True&#xD;
sandbox: applicationPages.Webdriver != null: True&#xD;
sandbox: finished setuping local data&#xD;
sandbox: PrepareForTestRun complete.&#xD;
Given Teams tab is opened&#xD;
-&gt; done: TeamDetailsTabSteps.WhenTeamsTabIsOpened() (1.4s)&#xD;
And all information for both teams are available&#xD;
-&gt; done: TeamDetailsTabSteps.GivenAllInformationForBothTeamsAreAvailable() (1.3s)&#xD;
When 2 - short team code is cleared&#xD;
-&gt; done: TeamDetailsTabSteps.WhenIsCleared(2, "short team code") (0.1s)&#xD;
And Save &amp; Next button is clicked&#xD;
-&gt; done: GameSetupSteps.WhenSaveNextButtonIsClicked() (0.1s)&#xD;
Then Team's short code is not valid message is displayed, that 2 short team code could not be blank&#xD;
-&gt; done: GameSetupSteps.ThenWarningMessageIsDisplayedThatCouldNotBeBlank("Team's short code...", "2 short team", "code") (0.1s)&#xD;
sandbox: CleanUpAfterTestRun started.&#xD;
sandbox: application pages != null: True&#xD;
sandbox: web driver!= null: True&#xD;
Given action failed. Retrying after a timeout. Most likely UI was not fast enough to refresh itself.&#xD;
sandbox: CleanUpAfterTestRun complete.</StdOut>
      </Output>
    </UnitTestResult>
    <UnitTestResult executionId="4c85f544-1351-4f55-9f9b-ec63d26af350" testId="d3161439-cbb6-62e4-d892-e90025dfdf44" testName="InsertedGoalPenaltyIsPresentedInScoreboard" computerName="EC2AMAZ-JEOO151" duration="00:00:13.3510000" startTime="2019-07-11T18:32:23.0000000+00:00" endTime="2019-07-11T18:32:36.0000000+00:00" testType="13cdc9d9-ddb5-4fa4-a97d-d965ccfc6d4b" outcome="Passed" testListId="8c84fa94-04c1-424b-9868-57a2d4851a1d" relativeResultsDirectory="4c85f544-1351-4f55-9f9b-ec63d26af350">
      <Output>
        <StdOut>sandbox: PrepareForTestRun started.&#xD;
sandbox: football liveStatsApp != null: True &#xD;
sandbox: football liveStatsApp.IsProcessRunning: True &#xD;
sandbox: setupLocalData: localDatabaseProvider != null: True&#xD;
sandbox: applicationPages != null: True&#xD;
sandbox: applicationPages.Webdriver != null: True&#xD;
sandbox: finished setuping local data&#xD;
sandbox: PrepareForTestRun complete.&#xD;
Given Match started with kick off from existing game&#xD;
-&gt; done: SetupGameSteps.GivenMatchStartedWithKickOffButtonFromExistingGame() (3.3s)&#xD;
And Throw in added for Team 1&#xD;
Given action failed. Retrying after a timeout.&#xD;
-&gt; done: ThrowInEditSteps.GivenThrowInAddedForTeam(1) (1.1s)&#xD;
And I clicked on latest "ThrowIn" event in action log&#xD;
-&gt; done: ActionLogSteps.GivenIClickOnLatestEventInActionLog(ThrowIn) (0.2s)&#xD;
And I entered new conceded event time of "0030"&#xD;
-&gt; done: EditFormSteps.GivenIEnterNewConcededEventTimeOf("0030") (1.0s)&#xD;
And I clicked Save button in action edit form&#xD;
-&gt; done: EditFormSteps.ClickSaveButtonInActionEditForm() (0.6s)&#xD;
And I remembered current players on pitch shirt numbers&#xD;
-&gt; done: GoalEditSteps.GivenIRememberCurrentPlayersOnPitch() (1.2s)&#xD;
When I click Expand Action log button&#xD;
-&gt; done: ActionLogSteps.WhenIClickExpandActionLogButton() (0.2s)&#xD;
And I insert "Penalty" after last action in expanded action log&#xD;
-&gt; done: ExpandedActionLogSteps.WhenIInsertPenaltyAfterLastActionInExpandedActionLog(Penalty) (0.3s)&#xD;
And I enter "0035" as conceded and "0036" as taken time&#xD;
-&gt; done: EditFormSteps.WhenIEnterAsConcededAndAsTakenTime("0035", "0036") (2.0s)&#xD;
And I choose player with number 6 from team 1 as penalty taker&#xD;
-&gt; done: PenaltyShootoutEditSteps.WhenIChoosePlayerWithNumberFromTeamAsPenaltyTaker(6, 1) (0.5s)&#xD;
And I choose player with number 4 for offence reason&#xD;
-&gt; done: PenaltyEditSteps.WhenIChoosePlayerWithNumberForOffenceReason(4) (0.5s)&#xD;
And I click on goal result in penalty edit&#xD;
-&gt; done: PenaltyEditSteps.WhenIClickOnGoalPenaltyResult() (0.1s)&#xD;
And I add pitch location&#xD;
-&gt; done: MiniPitchEditPageElementSteps.WhenIAddPitchLocation() (0.3s)&#xD;
And I add "top right" shot location in net section&#xD;
-&gt; done: PenaltyShootoutEditSteps.WhenIAddShotLocationInNetSection("top right") (0.3s)&#xD;
And I click Save button in action edit form&#xD;
-&gt; done: EditFormSteps.ClickSaveButtonInActionEditForm() (0.6s)&#xD;
And I close expanded action log page&#xD;
-&gt; done: ExpandedActionLogSteps.WhenICloseExpandedActionLogPage() (0.2s)&#xD;
Then Pitch View is shown&#xD;
-&gt; done: PitchScreenSteps.PitchViewIsShown() (0.0s)&#xD;
And Score is 1 for team 1&#xD;
-&gt; done: ScoreBoardSteps.ThenScoreIsForTeam(1, 1) (0.1s)&#xD;
And Score is 0 for team 2&#xD;
-&gt; done: ScoreBoardSteps.ThenScoreIsForTeam(0, 2) (0.1s)&#xD;
sandbox: CleanUpAfterTestRun started.&#xD;
sandbox: application pages != null: True&#xD;
sandbox: web driver!= null: True&#xD;
sandbox: CleanUpAfterTestRun complete.</StdOut>
      </Output>
    </UnitTestResult>
    <UnitTestResult executionId="8c054472-b505-4d0d-b19c-23928bb5492e" testId="caf70aff-1097-250a-4e97-5be3a2b13024" testName="CancellingGoalWorkflowResumesFreeKickWorkflow(&quot;reason&quot;,&quot;2&quot;,null)" computerName="EC2AMAZ-JEOO151" duration="00:00:05.7160000" startTime="2019-07-11T18:58:22.0000000+00:00" endTime="2019-07-11T18:58:27.0000000+00:00" testType="13cdc9d9-ddb5-4fa4-a97d-d965ccfc6d4b" outcome="Passed" testListId="8c84fa94-04c1-424b-9868-57a2d4851a1d" relativeResultsDirectory="8c054472-b505-4d0d-b19c-23928bb5492e">
      <Output>
        <StdOut>sandbox: PrepareForTestRun started.&#xD;
sandbox: football liveStatsApp != null: True &#xD;
sandbox: football liveStatsApp.IsProcessRunning: True &#xD;
sandbox: setupLocalData: localDatabaseProvider != null: True&#xD;
sandbox: applicationPages != null: True&#xD;
sandbox: applicationPages.Webdriver != null: True&#xD;
sandbox: finished setuping local data&#xD;
sandbox: PrepareForTestRun complete.&#xD;
Given Match started with kick off from existing game&#xD;
-&gt; done: SetupGameSteps.GivenMatchStartedWithKickOffButtonFromExistingGame() (3.3s)&#xD;
Given Free kick for team "2" workflow entered till reason selection&#xD;
-&gt; done: FreeKickSteps.GivenFreeKickForTeamAndWorkflowEnteredTillReasonSelection(2) (0.7s)&#xD;
When I click goal for team 2 button&#xD;
Given action failed. Retrying after a timeout.&#xD;
-&gt; done: TeamActionButtonSteps.GivenIClickGoalForTeamButton(2) (0.5s)&#xD;
And I Click "back" Button on the pitch screen&#xD;
-&gt; done: WorkflowSteps.WhenIClickBackButton() (0.3s)&#xD;
Then Latest freekick event is in progress&#xD;
-&gt; done: ActionLogSteps.ThenFreekickEventIsNotCompleted() (0.1s)&#xD;
And Current free kick step is reason selection&#xD;
-&gt; done: FreeKickSteps.ThenCurrentFreeKickStepIsReasonSelection() (0.0s)&#xD;
And Latest action in log is of type "FreeKick"&#xD;
-&gt; done: ActionLogSteps.ThenLatestActionIsOfTypeGoal(FreeKick) (0.0s)&#xD;
And Latest action of type "FreeKick" is not flagged&#xD;
-&gt; done: ActionLogSteps.ThenLatestEventInActionLogOfTypeIsNotFlagged(FreeKick) (0.0s)&#xD;
sandbox: CleanUpAfterTestRun started.&#xD;
sandbox: application pages != null: True&#xD;
sandbox: web driver!= null: True&#xD;
sandbox: CleanUpAfterTestRun complete.</StdOut>
      </Output>
    </UnitTestResult>
    <UnitTestResult executionId="ad29c8f5-d02e-4e94-8a11-4d37fe5d8115" testId="5ae7b343-844f-3211-1925-f8494414b632" testName="GivenGameInProgress_WhenConfirmingCard_ThenCardIsRegisteredForPlayer(Red,2,5,Yellow,&quot;Yellow&quot;)" computerName="EC2AMAZ-JEOO151" duration="00:00:08.4820000" startTime="2019-07-11T20:55:51.0000000+00:00" endTime="2019-07-11T20:56:00.0000000+00:00" testType="13cdc9d9-ddb5-4fa4-a97d-d965ccfc6d4b" outcome="Passed" testListId="8c84fa94-04c1-424b-9868-57a2d4851a1d" relativeResultsDirectory="ad29c8f5-d02e-4e94-8a11-4d37fe5d8115">
      <Output>
        <StdOut>sandbox: PrepareForTestRun started.&#xD;
sandbox: football liveStatsApp != null: True &#xD;
sandbox: football liveStatsApp.IsProcessRunning: True &#xD;
sandbox: setupLocalData: localDatabaseProvider != null: True&#xD;
sandbox: applicationPages != null: True&#xD;
sandbox: applicationPages.Webdriver != null: True&#xD;
sandbox: finished setuping local data&#xD;
sandbox: PrepareForTestRun complete.&#xD;
Given action failed. Retrying after a timeout.&#xD;
sandbox: CleanUpAfterTestRun started.&#xD;
sandbox: application pages != null: True&#xD;
sandbox: web driver!= null: True&#xD;
sandbox: CleanUpAfterTestRun complete.</StdOut>
      </Output>
    </UnitTestResult>
    <UnitTestResult executionId="cb0cec30-08e7-43ba-8b23-eed6697ba6d9" testId="cce01d2d-e528-bfa8-3acc-03d60826c4a6" testName="NoOnVARBeforeConfirmingCard(&quot;1&quot;,&quot;Red&quot;,&quot;13&quot;,null)" computerName="EC2AMAZ-JEOO151" duration="00:00:06.5330000" startTime="2019-07-11T19:53:03.0000000+00:00" endTime="2019-07-11T19:53:10.0000000+00:00" testType="13cdc9d9-ddb5-4fa4-a97d-d965ccfc6d4b" outcome="Passed" testListId="8c84fa94-04c1-424b-9868-57a2d4851a1d" relativeResultsDirectory="cb0cec30-08e7-43ba-8b23-eed6697ba6d9">
      <Output>
        <StdOut>sandbox: PrepareForTestRun started.&#xD;
sandbox: football liveStatsApp != null: True &#xD;
sandbox: football liveStatsApp.IsProcessRunning: True &#xD;
sandbox: setupLocalData: localDatabaseProvider != null: True&#xD;
sandbox: applicationPages != null: True&#xD;
sandbox: applicationPages.Webdriver != null: True&#xD;
sandbox: finished setuping local data&#xD;
sandbox: PrepareForTestRun complete.&#xD;
Given Match started with kick off from existing game&#xD;
-&gt; done: SetupGameSteps.GivenMatchStartedWithKickOffButtonFromExistingGame() (3.2s)&#xD;
When I click on team 1 possible "Red"&#xD;
-&gt; done: TeamActionButtonSteps.StartPossibleCardRegistration(1, Red) (0.7s)&#xD;
And I click "Red" card button&#xD;
-&gt; done: TeamActionButtonSteps.WhenIClickCardButton("Red") (0.1s)&#xD;
And I click "Possible VAR" button in workflow&#xD;
-&gt; done: WorkflowSteps.WhenIClickPossibleVarButtonInWorkflow() (0.1s)&#xD;
And I click var confirmation "no" button&#xD;
-&gt; done: WorkflowSteps.WhenIClickVarConfirmationButton("no") (0.2s)&#xD;
Then VAR label is shown in Booking event action log&#xD;
-&gt; done: ActionLogSteps.ThenOffenceIsShownInPenaltyEventActionLog("VAR", Booking) (0.3s)&#xD;
And Latest "Booking" event is completed&#xD;
-&gt; done: ActionLogSteps.ThenLatestEventIsConfirmed(Booking) (0.0s)&#xD;
And VAR label of "Booking" event in action log is in team 1 color&#xD;
-&gt; done: ActionLogSteps.ThenSubItemOfEventInActionLogIsInTeamColor("VAR", Booking, 1) (0.1s)&#xD;
And VAR label of "Booking" event in action log contains "Card Overturned" message&#xD;
-&gt; done: ActionLogSteps.ThenSubItemOfEventInActionLogIsInTeamColor("VAR", Booking, "Card Overturned") (0.1s)&#xD;
And Action Buttons are enabled&#xD;
-&gt; done: TeamActionButtonSteps.ThenActionButtonsAreEnabled() (0.7s)&#xD;
sandbox: CleanUpAfterTestRun started.&#xD;
sandbox: application pages != null: True&#xD;
sandbox: web driver!= null: True&#xD;
sandbox: CleanUpAfterTestRun complete.</StdOut>
      </Output>
    </UnitTestResult>
    <UnitTestResult executionId="b620c949-87a1-49b9-acb7-e3eb275d38b7" testId="68eca081-fbfa-278b-7674-49ba5f237380" testName="WhenActionTimeChangeToSameAsPeriodKickOffActionItCannotBeMovedBefore" computerName="EC2AMAZ-JEOO151" duration="00:00:28.9940000" startTime="2019-07-11T17:44:03.0000000+00:00" endTime="2019-07-11T17:44:32.0000000+00:00" testType="13cdc9d9-ddb5-4fa4-a97d-d965ccfc6d4b" outcome="Failed" testListId="8c84fa94-04c1-424b-9868-57a2d4851a1d" relativeResultsDirectory="b620c949-87a1-49b9-acb7-e3eb275d38b7">
      <Output>
        <StdOut>sandbox: PrepareForTestRun started.&#xD;
sandbox: football liveStatsApp != null: True &#xD;
sandbox: football liveStatsApp.IsProcessRunning: True &#xD;
sandbox: setupLocalData: localDatabaseProvider != null: True&#xD;
sandbox: applicationPages != null: True&#xD;
sandbox: applicationPages.Webdriver != null: True&#xD;
sandbox: finished setuping local data&#xD;
sandbox: PrepareForTestRun complete.&#xD;
Given Match started with kick off from existing game&#xD;
-&gt; done: SetupGameSteps.GivenMatchStartedWithKickOffButtonFromExistingGame() (3.2s)&#xD;
And GoalKick for Team 1 is registered&#xD;
Given action failed. Retrying after a timeout.&#xD;
-&gt; done: GoalKickSteps.GivenGoalKickForTeamIsRegistered(1) (1.2s)&#xD;
And GoalKick for Team 1 is registered&#xD;
-&gt; done: GoalKickSteps.GivenGoalKickForTeamIsRegistered(1) (0.6s)&#xD;
And GoalKick for Team 1 is registered&#xD;
-&gt; done: GoalKickSteps.GivenGoalKickForTeamIsRegistered(1) (0.6s)&#xD;
And I clicked on 1 of type "GoalKick" event in action log&#xD;
-&gt; done: ActionLogSteps.GivenIClickOnLatestEventInActionLog(1, GoalKick) (0.2s)&#xD;
And I entered new conceded event time of "0050"&#xD;
-&gt; done: EditFormSteps.GivenIEnterNewConcededEventTimeOf("0050") (1.0s)&#xD;
And I clicked Save button in action edit form&#xD;
-&gt; done: EditFormSteps.ClickSaveButtonInActionEditForm() (0.6s)&#xD;
And I clicked on 2 of type "GoalKick" event in action log&#xD;
-&gt; done: ActionLogSteps.GivenIClickOnLatestEventInActionLog(2, GoalKick) (0.1s)&#xD;
And I entered new conceded event time of "0025"&#xD;
-&gt; done: EditFormSteps.GivenIEnterNewConcededEventTimeOf("0025") (1.0s)&#xD;
And I clicked Save button in action edit form&#xD;
-&gt; done: EditFormSteps.ClickSaveButtonInActionEditForm() (0.6s)&#xD;
And I clicked on 3 of type "GoalKick" event in action log&#xD;
-&gt; done: ActionLogSteps.GivenIClickOnLatestEventInActionLog(3, GoalKick) (0.1s)&#xD;
And I entered new conceded event time of "0005"&#xD;
-&gt; done: EditFormSteps.GivenIEnterNewConcededEventTimeOf("0005") (1.0s)&#xD;
And I clicked Save button in action edit form&#xD;
-&gt; done: EditFormSteps.ClickSaveButtonInActionEditForm() (0.7s)&#xD;
Given First period is finished and second period started&#xD;
-&gt; done: PitchClockSteps.GivenFirstPeriodIsFinishedAndSecondPeriodStarted() (3.3s)&#xD;
And Freekick for Team 1 is registered&#xD;
Given action failed. Retrying after a timeout.&#xD;
-&gt; done: FreeKickSteps.GivenFreekickForTeamIsRegistered(1) (1.5s)&#xD;
And I clicked on 1 of type "FreeKick" event in action log&#xD;
-&gt; done: ActionLogSteps.GivenIClickOnLatestEventInActionLog(1, FreeKick) (0.2s)&#xD;
And I entered new conceded event time of "4550"&#xD;
-&gt; done: EditFormSteps.GivenIEnterNewConcededEventTimeOf("4550") (1.0s)&#xD;
And I clicked Save button in action edit form&#xD;
-&gt; done: EditFormSteps.ClickSaveButtonInActionEditForm() (0.7s)&#xD;
And I clicked on 1 of type "FreeKick" event in action log&#xD;
-&gt; done: ActionLogSteps.GivenIClickOnLatestEventInActionLog(1, FreeKick) (0.2s)&#xD;
When I enter new conceded event time of "4500"&#xD;
-&gt; done: EditFormSteps.GivenIEnterNewConcededEventTimeOf("4500") (1.0s)&#xD;
And I enter new taken event time of "4500"&#xD;
-&gt; done: EditFormSteps.GivenIEnterNewTakenEventTimeOf("4500") (1.1s)&#xD;
And I click Save button in action edit form&#xD;
-&gt; done: EditFormSteps.ClickSaveButtonInActionEditForm() (0.7s)&#xD;
Then move container down button is disabled&#xD;
Failed to find element with query '[data-qa='moveContainerDownButton']'. Web driver timeout exception.&#xD;
-&gt; error:   Was expecting disabled element, got null instead.&#xD;
  Expected: not null&#xD;
  But was:  null&#xD;
&#xD;
sandbox: saving logs&#xD;
sandbox: saving logs success&#xD;
sandbox: CleanUpAfterTestFailed started.&#xD;
sandbox: dropping application pages&#xD;
sandbox: dropping data directory&#xD;
sandbox: CleanUpAfterTestFailed complete.</StdOut>
        <ErrorInfo>
          <Message>  Was expecting disabled element, got null instead.&#xD;
  Expected: not null&#xD;
  But was:  null&#xD;
</Message>
          <StackTrace>   at GeniusSports.LiveStats.Football.FunctionalTests.Extensions.WebElementExtensions.WaitForElementDisabled(IWebElement element) in C:\GitLab-Runner\builds\wr8MmWYb\0\LiveStats\LiveStats.Football\Source\Test\FunctionalTests\Extensions\WebElementExtensions.cs:line 320&#xD;
   at GeniusSports.LiveStats.Football.FunctionalTests.StepDefinitions.PitchScreen.ActionEdits.MoveGameActionDialogSteps.ThenMoveContainerDownButtonIsDisabled() in C:\GitLab-Runner\builds\wr8MmWYb\0\LiveStats\LiveStats.Football\Source\Test\FunctionalTests\StepDefinitions\PitchScreen\ActionEdits\MoveGameActionDialogSteps.cs:line 50&#xD;
</StackTrace>
        </ErrorInfo>
      </Output>
    </UnitTestResult>
    <UnitTestResult executionId="4d896133-b5f4-4343-a429-0981919c921d" testId="2fcc5ca3-e470-4919-05b7-2f45b13c713d" testName="InsertSubstitutionInPeriodBreakIsShownOnPitchPlayer(&quot;before&quot;,&quot;PhaseStart&quot;,null)" computerName="EC2AMAZ-JEOO151" duration="00:00:11.9000000" startTime="2019-07-11T18:43:40.0000000+00:00" endTime="2019-07-11T18:43:52.0000000+00:00" testType="13cdc9d9-ddb5-4fa4-a97d-d965ccfc6d4b" outcome="Passed" testListId="8c84fa94-04c1-424b-9868-57a2d4851a1d" relativeResultsDirectory="4d896133-b5f4-4343-a429-0981919c921d">
      <Output>
        <StdOut>sandbox: PrepareForTestRun started.&#xD;
sandbox: football liveStatsApp != null: True &#xD;
sandbox: football liveStatsApp.IsProcessRunning: True &#xD;
sandbox: setupLocalData: localDatabaseProvider != null: True&#xD;
sandbox: applicationPages != null: True&#xD;
sandbox: applicationPages.Webdriver != null: True&#xD;
sandbox: finished setuping local data&#xD;
sandbox: PrepareForTestRun complete.&#xD;
Given Second period started from existing game&#xD;
-&gt; done: SetupGameSteps.GivenSecondPeriodStartedFromExistingGame() (6.5s)&#xD;
When I click Expand Action log button&#xD;
-&gt; done: ActionLogSteps.WhenIClickExpandActionLogButton() (0.3s)&#xD;
And I insert "Substitute" before "PhaseStart"&#xD;
-&gt; done: ExpandedActionLogSteps.WhenIInsertBefore(Substitute, PhaseStart) (0.3s)&#xD;
And I click team 1 in edit form&#xD;
-&gt; done: EditFormSteps.WhenIClickTeamInEditForm(1) (0.1s)&#xD;
And I click player with shirt number 24 from "bench" list&#xD;
-&gt; done: SubstitutionEditSteps.WhenIClickPlayerWithShirtNumberFromList(24, "bench") (0.3s)&#xD;
And I click player with shirt number 4 from "pitch" list&#xD;
-&gt; done: SubstitutionEditSteps.WhenIClickPlayerWithShirtNumberFromList(4, "pitch") (0.2s)&#xD;
And I click Save button in action edit form&#xD;
-&gt; done: EditFormSteps.ClickSaveButtonInActionEditForm() (0.6s)&#xD;
And I close expanded action log page&#xD;
-&gt; done: ExpandedActionLogSteps.WhenICloseExpandedActionLogPage() (0.2s)&#xD;
Then Substitution insert view is not visible&#xD;
Failed to find element with query '[data-qa='subsEditWrapper']'. Web driver timeout exception.&#xD;
-&gt; done: SubstitutionEditSteps.ThenSubstitutionEditViewIsNotVisible() (2.0s)&#xD;
And player with shirt number 24 of team 1 is on pitch&#xD;
-&gt; done: PitchPlayersComponentSteps.ThenWithShirtNumberFromTeamIsOnPitch(24, 1) (0.3s)&#xD;
And player with shirt number 4 of team 1 is not on pitch&#xD;
-&gt; done: PitchPlayersComponentSteps.ThenWithShirtNumberFromTeamIsNotOnPitch(4, 1) (0.2s)&#xD;
sandbox: CleanUpAfterTestRun started.&#xD;
sandbox: application pages != null: True&#xD;
sandbox: web driver!= null: True&#xD;
sandbox: CleanUpAfterTestRun complete.</StdOut>
      </Output>
    </UnitTestResult>
    <UnitTestResult executionId="64878f33-cb3a-499e-b7a7-fe2f3c2e377a" testId="bae43588-f2a6-cd63-9a31-16c082c8917d" testName="ChangePlayerForOut" computerName="EC2AMAZ-JEOO151" duration="00:00:06.5330000" startTime="2019-07-11T18:10:42.0000000+00:00" endTime="2019-07-11T18:10:49.0000000+00:00" testType="13cdc9d9-ddb5-4fa4-a97d-d965ccfc6d4b" outcome="Passed" testListId="8c84fa94-04c1-424b-9868-57a2d4851a1d" relativeResultsDirectory="64878f33-cb3a-499e-b7a7-fe2f3c2e377a">
      <Output>
        <StdOut>sandbox: PrepareForTestRun started.&#xD;
sandbox: football liveStatsApp != null: True &#xD;
sandbox: football liveStatsApp.IsProcessRunning: True &#xD;
sandbox: setupLocalData: localDatabaseProvider != null: True&#xD;
sandbox: applicationPages != null: True&#xD;
sandbox: applicationPages.Webdriver != null: True&#xD;
sandbox: finished setuping local data&#xD;
sandbox: PrepareForTestRun complete.&#xD;
Given Match started with kick off from existing game&#xD;
-&gt; done: SetupGameSteps.GivenMatchStartedWithKickOffButtonFromExistingGame() (3.3s)&#xD;
Given added substitution for in player "24" and out player "4" in team "1"&#xD;
-&gt; done: SubstitutionEditSteps.GivenIAddSubstitutionForBothTeams(24, 4, 1) (2.0s)&#xD;
When I click on latest "Substitution" event in action log&#xD;
-&gt; done: ActionLogSteps.GivenIClickOnLatestEventInActionLog(Substitution) (0.1s)&#xD;
And I click player with shirt number 6 from "pitch" list&#xD;
-&gt; done: SubstitutionEditSteps.WhenIClickPlayerWithShirtNumberFromList(6, "pitch") (0.3s)&#xD;
Then player "6" from team "1" is highlighted with team color in "pitch" list&#xD;
-&gt; done: SubstitutionEditSteps.ThenPlayerFromTeamIsHighlightedWithTeamColorInList(6, 1, "pitch") (0.1s)&#xD;
sandbox: CleanUpAfterTestRun started.&#xD;
sandbox: application pages != null: True&#xD;
sandbox: web driver!= null: True&#xD;
sandbox: CleanUpAfterTestRun complete.</StdOut>
      </Output>
    </UnitTestResult>
    <UnitTestResult executionId="0f8786c8-e0ed-4b13-b8e6-162a9c85224e" testId="a3293d1b-c82f-750f-ede2-7ff450151551" testName="GivenSetupFinished_WhenGoingBackToKickOffTeamSelectionFromAttackDirection_ThenKickOffTeamSelectionIsPreselected(1)" computerName="EC2AMAZ-JEOO151" duration="00:00:11.5970000" startTime="2019-07-11T21:35:45.0000000+00:00" endTime="2019-07-11T21:35:57.0000000+00:00" testType="13cdc9d9-ddb5-4fa4-a97d-d965ccfc6d4b" outcome="Passed" testListId="8c84fa94-04c1-424b-9868-57a2d4851a1d" relativeResultsDirectory="0f8786c8-e0ed-4b13-b8e6-162a9c85224e">
      <Output>
        <StdOut>sandbox: PrepareForTestRun started.&#xD;
sandbox: football liveStatsApp != null: True &#xD;
sandbox: football liveStatsApp.IsProcessRunning: True &#xD;
sandbox: setupLocalData: localDatabaseProvider != null: True&#xD;
sandbox: applicationPages != null: True&#xD;
sandbox: applicationPages.Webdriver != null: True&#xD;
sandbox: finished setuping local data&#xD;
sandbox: PrepareForTestRun complete.&#xD;
Failed to find element with query '[data-qa='attackDirectionDialog']'. Web driver timeout exception.&#xD;
sandbox: CleanUpAfterTestRun started.&#xD;
sandbox: application pages != null: True&#xD;
sandbox: web driver!= null: True&#xD;
sandbox: CleanUpAfterTestRun complete.</StdOut>
      </Output>
    </UnitTestResult>
    <UnitTestResult executionId="e67eaa9b-4bbd-4dec-ba68-86cd9b93d7c8" testId="9d2cc440-14b0-6094-fcb6-c449f930cafd" testName="GivenPsoStartDeleted_WhenStartingPso_ThenPsoStarted" computerName="EC2AMAZ-JEOO151" duration="00:00:19" startTime="2019-07-11T20:20:27.0000000+00:00" endTime="2019-07-11T20:20:46.0000000+00:00" testType="13cdc9d9-ddb5-4fa4-a97d-d965ccfc6d4b" outcome="Passed" testListId="8c84fa94-04c1-424b-9868-57a2d4851a1d" relativeResultsDirectory="e67eaa9b-4bbd-4dec-ba68-86cd9b93d7c8">
      <Output>
        <StdOut>sandbox: PrepareForTestRun started.&#xD;
sandbox: football liveStatsApp != null: True &#xD;
sandbox: football liveStatsApp.IsProcessRunning: True &#xD;
sandbox: setupLocalData: localDatabaseProvider != null: True&#xD;
sandbox: applicationPages != null: True&#xD;
sandbox: applicationPages.Webdriver != null: True&#xD;
sandbox: finished setuping local data&#xD;
sandbox: PrepareForTestRun complete.&#xD;
sandbox: CleanUpAfterTestRun started.&#xD;
sandbox: application pages != null: True&#xD;
sandbox: web driver!= null: True&#xD;
sandbox: CleanUpAfterTestRun complete.</StdOut>
      </Output>
    </UnitTestResult>
    <UnitTestResult executionId="912d1049-19be-469a-b759-e404d0565181" testId="eaa8eab8-2a4d-c94b-b8e6-a2e16c5f89eb" testName="EditThrowInDuringWorkflowFromActionLog" computerName="EC2AMAZ-JEOO151" duration="00:00:06.2820000" startTime="2019-07-11T17:55:17.0000000+00:00" endTime="2019-07-11T17:55:23.0000000+00:00" testType="13cdc9d9-ddb5-4fa4-a97d-d965ccfc6d4b" outcome="Passed" testListId="8c84fa94-04c1-424b-9868-57a2d4851a1d" relativeResultsDirectory="912d1049-19be-469a-b759-e404d0565181">
      <Output>
        <StdOut>sandbox: PrepareForTestRun started.&#xD;
sandbox: football liveStatsApp != null: True &#xD;
sandbox: football liveStatsApp.IsProcessRunning: True &#xD;
sandbox: setupLocalData: localDatabaseProvider != null: True&#xD;
sandbox: applicationPages != null: True&#xD;
sandbox: applicationPages.Webdriver != null: True&#xD;
sandbox: finished setuping local data&#xD;
sandbox: PrepareForTestRun complete.&#xD;
Given Match started with kick off from existing game&#xD;
-&gt; done: SetupGameSteps.GivenMatchStartedWithKickOffButtonFromExistingGame() (3.2s)&#xD;
Given Throw in added for Team 1&#xD;
Given action failed. Retrying after a timeout.&#xD;
-&gt; done: ThrowInEditSteps.GivenThrowInAddedForTeam(1) (1.2s)&#xD;
When I click Freekick button for team 1&#xD;
-&gt; done: TeamActionButtonSteps.WhenIClickFreekickButtonForTeam(1) (0.3s)&#xD;
And I click on latest "ThrowIn" event in action log&#xD;
-&gt; done: ActionLogSteps.GivenIClickOnLatestEventInActionLog(ThrowIn) (0.1s)&#xD;
And I click Flag &amp; Save button in action edit form&#xD;
-&gt; done: EditFormSteps.ClickFlagAndSaveInActionEditForm() (0.4s)&#xD;
Then Pitch View is shown&#xD;
-&gt; done: PitchScreenSteps.PitchViewIsShown() (0.0s)&#xD;
And 1 event in action log of type "ThrowIn" is flagged&#xD;
-&gt; done: ActionLogSteps.ThenEventInActionLogOfTypeIsFlagged(1, ThrowIn) (0.0s)&#xD;
And Notification "Select free kick location..." is shown&#xD;
-&gt; done: PitchBottomMessageBarSteps.ThenIsShown("Select free kick ...") (0.1s)&#xD;
sandbox: CleanUpAfterTestRun started.&#xD;
sandbox: application pages != null: True&#xD;
sandbox: web driver!= null: True&#xD;
sandbox: CleanUpAfterTestRun complete.</StdOut>
      </Output>
    </UnitTestResult>
    <UnitTestResult executionId="2f84a7e7-689e-43c1-a00e-513a5d954012" testId="f348b6da-bbf3-61cc-cd8f-57a5153821a4" testName="GivenCouchInactive_WhenRegisteringCard_ThenCannotAllocateToCouch" computerName="EC2AMAZ-JEOO151" duration="00:00:06.1330000" startTime="2019-07-11T20:03:18.0000000+00:00" endTime="2019-07-11T20:03:24.0000000+00:00" testType="13cdc9d9-ddb5-4fa4-a97d-d965ccfc6d4b" outcome="Passed" testListId="8c84fa94-04c1-424b-9868-57a2d4851a1d" relativeResultsDirectory="2f84a7e7-689e-43c1-a00e-513a5d954012">
      <Output>
        <StdOut>sandbox: PrepareForTestRun started.&#xD;
sandbox: football liveStatsApp != null: True &#xD;
sandbox: football liveStatsApp.IsProcessRunning: True &#xD;
sandbox: setupLocalData: localDatabaseProvider != null: True&#xD;
sandbox: applicationPages != null: True&#xD;
sandbox: applicationPages.Webdriver != null: True&#xD;
sandbox: finished setuping local data&#xD;
sandbox: PrepareForTestRun complete.&#xD;
Given action failed. Retrying after a timeout.&#xD;
sandbox: CleanUpAfterTestRun started.&#xD;
sandbox: application pages != null: True&#xD;
sandbox: web driver!= null: True&#xD;
sandbox: CleanUpAfterTestRun complete.</StdOut>
      </Output>
    </UnitTestResult>
    <UnitTestResult executionId="e3153469-8e4f-449f-9f42-e9f341a93ab1" testId="70648f68-0583-176b-bbb8-a316279966b9" testName="GivenSeveralActionsWithPlayersRegistered_WhenFilteringByShirtIdOfPlayerWithActions_ThenOnlyPlayerResultsReturned" computerName="EC2AMAZ-JEOO151" duration="00:00:12.6000000" startTime="2019-07-11T21:22:09.0000000+00:00" endTime="2019-07-11T21:22:22.0000000+00:00" testType="13cdc9d9-ddb5-4fa4-a97d-d965ccfc6d4b" outcome="Passed" testListId="8c84fa94-04c1-424b-9868-57a2d4851a1d" relativeResultsDirectory="e3153469-8e4f-449f-9f42-e9f341a93ab1">
      <Output>
        <StdOut>sandbox: PrepareForTestRun started.&#xD;
sandbox: football liveStatsApp != null: True &#xD;
sandbox: football liveStatsApp.IsProcessRunning: True &#xD;
sandbox: setupLocalData: localDatabaseProvider != null: True&#xD;
sandbox: applicationPages != null: True&#xD;
sandbox: applicationPages.Webdriver != null: True&#xD;
sandbox: finished setuping local data&#xD;
sandbox: PrepareForTestRun complete.&#xD;
Given action failed. Retrying after a timeout.&#xD;
sandbox: CleanUpAfterTestRun started.&#xD;
sandbox: application pages != null: True&#xD;
sandbox: web driver!= null: True&#xD;
sandbox: CleanUpAfterTestRun complete.</StdOut>
      </Output>
    </UnitTestResult>
    <UnitTestResult executionId="26626a23-2ebd-4f12-a49b-2b3b7f7a90db" testId="29a66d57-49d9-0576-102c-de0011c4e183" testName="ChangePenaltyRetakeCount" computerName="EC2AMAZ-JEOO151" duration="00:00:12.7010000" startTime="2019-07-11T18:06:33.0000000+00:00" endTime="2019-07-11T18:06:46.0000000+00:00" testType="13cdc9d9-ddb5-4fa4-a97d-d965ccfc6d4b" outcome="Passed" testListId="8c84fa94-04c1-424b-9868-57a2d4851a1d" relativeResultsDirectory="26626a23-2ebd-4f12-a49b-2b3b7f7a90db">
      <Output>
        <StdOut>sandbox: PrepareForTestRun started.&#xD;
sandbox: football liveStatsApp != null: True &#xD;
sandbox: football liveStatsApp.IsProcessRunning: True &#xD;
sandbox: setupLocalData: localDatabaseProvider != null: True&#xD;
sandbox: applicationPages != null: True&#xD;
sandbox: applicationPages.Webdriver != null: True&#xD;
sandbox: finished setuping local data&#xD;
sandbox: PrepareForTestRun complete.&#xD;
Given Match started with kick off from existing game&#xD;
-&gt; done: SetupGameSteps.GivenMatchStartedWithKickOffButtonFromExistingGame() (3.3s)&#xD;
Given Made penalty registered for player with shirt number 10 of team 1 fouled by player with shirt number 3&#xD;
Given action failed. Retrying after a timeout.&#xD;
-&gt; done: PenaltySteps.GivenPenaltyRegisteredForTeam(10, 1, 3) (7.0s)&#xD;
And I click top event in action log&#xD;
-&gt; done: ActionLogSteps.GivenIClickPenaltyEventInActionLog() (0.3s)&#xD;
When I set penalty retake count to 1 in penalty edit&#xD;
-&gt; done: PenaltyEditSteps.WhenISetRetakeCountTo(1) (0.2s)&#xD;
And I click Save button in action edit form&#xD;
-&gt; done: EditFormSteps.ClickSaveButtonInActionEditForm() (0.6s)&#xD;
And I click top event in action log&#xD;
-&gt; done: ActionLogSteps.GivenIClickPenaltyEventInActionLog() (0.1s)&#xD;
Then Penalty edit retake count is equal to 1&#xD;
-&gt; done: PenaltyEditSteps.ThenRetakeCountIsEqualTo(1) (0.1s)&#xD;
And Selected penalty taker is in Retake label of "Penalty" event&#xD;
-&gt; done: ActionLogSteps.ThenSelectedPenaltyTakerIsInPenaltyLabelOfPenaltyEvent("Retake", Penalty) (0.3s)&#xD;
And Retake label of "Penalty" event in action log is in team 1 color&#xD;
-&gt; done: ActionLogSteps.ThenSubItemOfEventInActionLogIsInTeamColor("Retake", Penalty, 1) (0.2s)&#xD;
sandbox: CleanUpAfterTestRun started.&#xD;
sandbox: application pages != null: True&#xD;
sandbox: web driver!= null: True&#xD;
sandbox: CleanUpAfterTestRun complete.</StdOut>
      </Output>
    </UnitTestResult>
    <UnitTestResult executionId="1695edf5-b200-40f4-be11-7671c2a0618d" testId="6dbc52b6-cefb-3dce-0ffd-3051dbdc8d07" testName="DoNotConfirmOffencePenalty(&quot;1&quot;,&quot;2&quot;,&quot;90&quot;,&quot;50&quot;,&quot;5&quot;,null)" computerName="EC2AMAZ-JEOO151" duration="00:00:07.5340000" startTime="2019-07-11T19:02:43.0000000+00:00" endTime="2019-07-11T19:02:50.0000000+00:00" testType="13cdc9d9-ddb5-4fa4-a97d-d965ccfc6d4b" outcome="Passed" testListId="8c84fa94-04c1-424b-9868-57a2d4851a1d" relativeResultsDirectory="1695edf5-b200-40f4-be11-7671c2a0618d">
      <Output>
        <StdOut>sandbox: PrepareForTestRun started.&#xD;
sandbox: football liveStatsApp != null: True &#xD;
sandbox: football liveStatsApp.IsProcessRunning: True &#xD;
sandbox: setupLocalData: localDatabaseProvider != null: True&#xD;
sandbox: applicationPages != null: True&#xD;
sandbox: applicationPages.Webdriver != null: True&#xD;
sandbox: finished setuping local data&#xD;
sandbox: PrepareForTestRun complete.&#xD;
Given Match started with kick off from existing game&#xD;
-&gt; done: SetupGameSteps.GivenMatchStartedWithKickOffButtonFromExistingGame() (3.2s)&#xD;
When I click "Possible Penalty" button for team 1&#xD;
Given action failed. Retrying after a timeout.&#xD;
-&gt; done: TeamActionButtonSteps.GivenIClickPossiblePenaltyButtonForTeam(1) (0.9s)&#xD;
And I do not confirm penalty by clicking "Cancel &amp; Delete" button&#xD;
-&gt; done: PenaltySteps.WhenIDoNotConfirmPenaltyByClickingCancelAndDeleteButton() (0.1s)&#xD;
And I confirm penalty deletion&#xD;
-&gt; done: PenaltySteps.WhenIConfirmPenaltyDeletion() (0.2s)&#xD;
Then team 1 players are disabled&#xD;
-&gt; done: PitchPlayersComponentSteps.ThenTeamPlayersAreDisabled(1) (0.2s)&#xD;
And team 2 players are disabled&#xD;
-&gt; done: PitchPlayersComponentSteps.ThenTeamPlayersAreDisabled(2) (0.1s)&#xD;
And Penalty event is deleted in Action log&#xD;
-&gt; done: ActionLogSteps.ThenPenaltyEventIsDeletedInActionLog() (2.1s)&#xD;
sandbox: CleanUpAfterTestRun started.&#xD;
sandbox: application pages != null: True&#xD;
sandbox: web driver!= null: True&#xD;
sandbox: CleanUpAfterTestRun complete.</StdOut>
      </Output>
    </UnitTestResult>
    <UnitTestResult executionId="644697f5-5889-4c7c-b113-beffef00b51a" testId="3bdb4c95-1d2d-5f32-7c1a-d2332fcf184f" testName="GivenGameInPso_WhenOneTeamHasLessPlayersDueCards_ThenPlayersAreEnabledAgainAfterEveryoneShot" computerName="EC2AMAZ-JEOO151" duration="00:01:15.5630000" startTime="2019-07-11T21:09:32.0000000+00:00" endTime="2019-07-11T21:10:48.0000000+00:00" testType="13cdc9d9-ddb5-4fa4-a97d-d965ccfc6d4b" outcome="Passed" testListId="8c84fa94-04c1-424b-9868-57a2d4851a1d" relativeResultsDirectory="644697f5-5889-4c7c-b113-beffef00b51a">
      <Output>
        <StdOut>sandbox: PrepareForTestRun started.&#xD;
sandbox: football liveStatsApp != null: True &#xD;
sandbox: football liveStatsApp.IsProcessRunning: True &#xD;
sandbox: setupLocalData: localDatabaseProvider != null: True&#xD;
sandbox: applicationPages != null: True&#xD;
sandbox: applicationPages.Webdriver != null: True&#xD;
sandbox: finished setuping local data&#xD;
sandbox: PrepareForTestRun complete.&#xD;
Given action failed. Retrying after a timeout.&#xD;
sandbox: CleanUpAfterTestRun started.&#xD;
sandbox: application pages != null: True&#xD;
sandbox: web driver!= null: True&#xD;
sandbox: CleanUpAfterTestRun complete.</StdOut>
      </Output>
    </UnitTestResult>
    <UnitTestResult executionId="09080ba2-4715-419f-bb56-50d2d6d6416a" testId="9a58035f-97bb-2835-0487-fbee1dd72eeb" testName="GivenGame_WhenUpdatingTeamFormations_ThenFormationsUpdated(&quot;4-4-2&quot;,&quot;4-3-3&quot;)" computerName="EC2AMAZ-JEOO151" duration="00:00:14.1630000" startTime="2019-07-11T20:08:43.0000000+00:00" endTime="2019-07-11T20:08:57.0000000+00:00" testType="13cdc9d9-ddb5-4fa4-a97d-d965ccfc6d4b" outcome="Passed" testListId="8c84fa94-04c1-424b-9868-57a2d4851a1d" relativeResultsDirectory="09080ba2-4715-419f-bb56-50d2d6d6416a">
      <Output>
        <StdOut>sandbox: PrepareForTestRun started.&#xD;
sandbox: football liveStatsApp != null: True &#xD;
sandbox: football liveStatsApp.IsProcessRunning: True &#xD;
sandbox: setupLocalData: localDatabaseProvider != null: True&#xD;
sandbox: applicationPages != null: True&#xD;
sandbox: applicationPages.Webdriver != null: True&#xD;
sandbox: finished setuping local data&#xD;
sandbox: PrepareForTestRun complete.&#xD;
sandbox: CleanUpAfterTestRun started.&#xD;
sandbox: application pages != null: True&#xD;
sandbox: web driver!= null: True&#xD;
Given action failed. Retrying after a timeout. Most likely UI was not fast enough to refresh itself.&#xD;
sandbox: CleanUpAfterTestRun complete.</StdOut>
      </Output>
    </UnitTestResult>
    <UnitTestResult executionId="ebdbc807-7c47-4ff3-84f3-62431349b012" testId="37264fb5-406a-d203-3631-d9ac1ee63963" testName="GivenFirstExtraTimeHalfEnded_WhenRegisteringActionsAfterEndHalf_ThenHalfEndCannotBeDeleted" computerName="EC2AMAZ-JEOO151" duration="00:00:18.6680000" startTime="2019-07-11T20:23:14.0000000+00:00" endTime="2019-07-11T20:23:32.0000000+00:00" testType="13cdc9d9-ddb5-4fa4-a97d-d965ccfc6d4b" outcome="Passed" testListId="8c84fa94-04c1-424b-9868-57a2d4851a1d" relativeResultsDirectory="ebdbc807-7c47-4ff3-84f3-62431349b012">
      <Output>
        <StdOut>sandbox: PrepareForTestRun started.&#xD;
sandbox: football liveStatsApp != null: True &#xD;
sandbox: football liveStatsApp.IsProcessRunning: True &#xD;
sandbox: setupLocalData: localDatabaseProvider != null: True&#xD;
sandbox: applicationPages != null: True&#xD;
sandbox: applicationPages.Webdriver != null: True&#xD;
sandbox: finished setuping local data&#xD;
sandbox: PrepareForTestRun complete.&#xD;
Given action failed. Retrying after a timeout.&#xD;
Failed to find data-qa element with tag 'deleteIcon'. No such element exception.&#xD;
sandbox: CleanUpAfterTestRun started.&#xD;
sandbox: application pages != null: True&#xD;
sandbox: web driver!= null: True&#xD;
sandbox: CleanUpAfterTestRun complete.</StdOut>
      </Output>
    </UnitTestResult>
    <UnitTestResult executionId="c2a615d8-2262-449f-ad35-15a13ced26ed" testId="df354380-bace-5ba7-bc44-e2dc4c49920b" testName="AfterInjuryInsertPlayerOnPitchIsUpdated(&quot;after&quot;,&quot;0035&quot;,&quot;00:35&quot;,&quot;1&quot;,&quot;1&quot;,&quot;right&quot;,null)" computerName="EC2AMAZ-JEOO151" duration="00:00:16.5310000" startTime="2019-07-11T18:44:04.0000000+00:00" endTime="2019-07-11T18:44:20.0000000+00:00" testType="13cdc9d9-ddb5-4fa4-a97d-d965ccfc6d4b" outcome="Passed" testListId="8c84fa94-04c1-424b-9868-57a2d4851a1d" relativeResultsDirectory="c2a615d8-2262-449f-ad35-15a13ced26ed">
      <Output>
        <StdOut>sandbox: PrepareForTestRun started.&#xD;
sandbox: football liveStatsApp != null: True &#xD;
sandbox: football liveStatsApp.IsProcessRunning: True &#xD;
sandbox: setupLocalData: localDatabaseProvider != null: True&#xD;
sandbox: applicationPages != null: True&#xD;
sandbox: applicationPages.Webdriver != null: True&#xD;
sandbox: finished setuping local data&#xD;
sandbox: PrepareForTestRun complete.&#xD;
Given Match started with kick off from existing game&#xD;
-&gt; done: SetupGameSteps.GivenMatchStartedWithKickOffButtonFromExistingGame() (3.2s)&#xD;
And "Yellow" Card for Team 1 is registered&#xD;
-&gt; done: CardSteps.GivenCardForTeamIsRegistered(Yellow, 1) (3.5s)&#xD;
And "Top right" corner added for Team 1&#xD;
Given action failed. Retrying after a timeout.&#xD;
-&gt; done: CornerSteps.GivenCornerAddedForTeam("Top right", 1) (3.0s)&#xD;
And I clicked on latest "Corner" event in action log&#xD;
-&gt; done: ActionLogSteps.GivenIClickOnLatestEventInActionLog(Corner) (0.3s)&#xD;
And I entered new conceded event time of "0030"&#xD;
-&gt; done: EditFormSteps.GivenIEnterNewConcededEventTimeOf("0030") (1.1s)&#xD;
And I clicked Save button in action edit form&#xD;
-&gt; done: EditFormSteps.ClickSaveButtonInActionEditForm() (0.6s)&#xD;
And I remembered current players on pitch shirt numbers&#xD;
-&gt; done: GoalEditSteps.GivenIRememberCurrentPlayersOnPitch() (1.1s)&#xD;
When I click Expand Action log button&#xD;
-&gt; done: ActionLogSteps.WhenIClickExpandActionLogButton() (0.2s)&#xD;
And I click last action in expanded action log&#xD;
-&gt; done: ExpandedActionLogSteps.WhenIClickLastActionInExpandedActionLog() (0.1s)&#xD;
And I click insert after button in expanded action log&#xD;
-&gt; done: ExpandedActionLogSteps.WhenIClickInsertAfterButtonInExpandedActionLog() (0.1s)&#xD;
And I click insert Injury button in insert after dropdown&#xD;
-&gt; done: ExpandedActionLogSteps.WhenIClickInsertInjuryButtonInInsertAfterDropdown() (0.1s)&#xD;
And I enter new conceded event time of "0035"&#xD;
-&gt; done: EditFormSteps.GivenIEnterNewConcededEventTimeOf("0035") (1.0s)&#xD;
And I click off-pitch&#xD;
-&gt; done: PlayerInjuryEditSteps.WhenIClickOffPitchInjury() (0.1s)&#xD;
And I update injury with team 1, player 4 in edit window&#xD;
-&gt; done: PlayerInjuryEditSteps.WhenIUpdateInjuryWithTeamPlayer(1, 4) (0.3s)&#xD;
And I click Save button in action edit form&#xD;
-&gt; done: EditFormSteps.ClickSaveButtonInActionEditForm() (0.6s)&#xD;
And I close expanded action log page&#xD;
-&gt; done: ExpandedActionLogSteps.WhenICloseExpandedActionLogPage() (0.2s)&#xD;
Then Pitch View is shown&#xD;
-&gt; done: PitchScreenSteps.PitchViewIsShown() (0.0s)&#xD;
And Player with shirt number 4 from team 1 is marked as injured&#xD;
-&gt; done: PlayerInjuryEditSteps.ThenPlayerWithShirtIdFromTeamIsMarkedInColorRed(4, 1) (0.1s)&#xD;
sandbox: CleanUpAfterTestRun started.&#xD;
sandbox: application pages != null: True&#xD;
sandbox: web driver!= null: True&#xD;
sandbox: CleanUpAfterTestRun complete.</StdOut>
      </Output>
    </UnitTestResult>
    <UnitTestResult executionId="e3af1813-0c34-44b7-9886-62c573f717a5" testId="5ede6058-311e-9d05-d9df-a64d91ec04f3" testName="InsertShotOffPenaltyAfterOffenceWithSave" computerName="EC2AMAZ-JEOO151" duration="00:00:16.1200000" startTime="2019-07-11T18:34:07.0000000+00:00" endTime="2019-07-11T18:34:23.0000000+00:00" testType="13cdc9d9-ddb5-4fa4-a97d-d965ccfc6d4b" outcome="Passed" testListId="8c84fa94-04c1-424b-9868-57a2d4851a1d" relativeResultsDirectory="e3af1813-0c34-44b7-9886-62c573f717a5">
      <Output>
        <StdOut>sandbox: PrepareForTestRun started.&#xD;
sandbox: football liveStatsApp != null: True &#xD;
sandbox: football liveStatsApp.IsProcessRunning: True &#xD;
sandbox: setupLocalData: localDatabaseProvider != null: True&#xD;
sandbox: applicationPages != null: True&#xD;
sandbox: applicationPages.Webdriver != null: True&#xD;
sandbox: finished setuping local data&#xD;
sandbox: PrepareForTestRun complete.&#xD;
Given Match started with kick off from existing game&#xD;
-&gt; done: SetupGameSteps.GivenMatchStartedWithKickOffButtonFromExistingGame() (3.3s)&#xD;
And Throw in added for Team 1&#xD;
Given action failed. Retrying after a timeout.&#xD;
-&gt; done: ThrowInEditSteps.GivenThrowInAddedForTeam(1) (1.0s)&#xD;
And I clicked on latest "ThrowIn" event in action log&#xD;
-&gt; done: ActionLogSteps.GivenIClickOnLatestEventInActionLog(ThrowIn) (0.2s)&#xD;
And I entered new conceded event time of "0030"&#xD;
-&gt; done: EditFormSteps.GivenIEnterNewConcededEventTimeOf("0030") (1.0s)&#xD;
And I clicked Save button in action edit form&#xD;
-&gt; done: EditFormSteps.ClickSaveButtonInActionEditForm() (0.6s)&#xD;
And I remembered current players on pitch shirt numbers&#xD;
-&gt; done: GoalEditSteps.GivenIRememberCurrentPlayersOnPitch() (1.2s)&#xD;
When I click Expand Action log button&#xD;
-&gt; done: ActionLogSteps.WhenIClickExpandActionLogButton() (0.1s)&#xD;
And I insert "Penalty" before last action in expanded action log&#xD;
-&gt; done: ExpandedActionLogSteps.WhenIInsertPenaltyBeforeLastActionInExpandedActionLog(Penalty) (0.3s)&#xD;
And I enter "0025" as conceded and "0026" as taken time&#xD;
-&gt; done: EditFormSteps.WhenIEnterAsConcededAndAsTakenTime("0025", "0026") (2.0s)&#xD;
And I set penalty retake count to 1 in penalty edit&#xD;
-&gt; done: PenaltyEditSteps.WhenISetRetakeCountTo(1) (0.1s)&#xD;
And I choose player with number 6 from team 1 as penalty taker&#xD;
-&gt; done: PenaltyShootoutEditSteps.WhenIChoosePlayerWithNumberFromTeamAsPenaltyTaker(6, 1) (0.5s)&#xD;
And I choose player with number 4 for offence reason&#xD;
-&gt; done: PenaltyEditSteps.WhenIChoosePlayerWithNumberForOffenceReason(4) (0.5s)&#xD;
And I click on miss off target result in penalty edit&#xD;
-&gt; done: PenaltyEditSteps.WhenIClickOnMissOffTargetPenaltyResult() (0.1s)&#xD;
And I click on goalkeeper saved in penalty edit&#xD;
-&gt; done: PenaltyEditSteps.WhenIClickOnGoalkeeperSavedPenaltyKick() (0.1s)&#xD;
And I add pitch location&#xD;
-&gt; done: MiniPitchEditPageElementSteps.WhenIAddPitchLocation() (0.3s)&#xD;
And I add "out top right" shot location in net section&#xD;
-&gt; done: PenaltyShootoutEditSteps.WhenIAddShotLocationInNetSection("out top right") (0.3s)&#xD;
And I click Save button in action edit form&#xD;
-&gt; done: EditFormSteps.ClickSaveButtonInActionEditForm() (0.6s)&#xD;
Then penalty shootout kick insert view is not visible&#xD;
Failed to find element with query '[data-qa='penaltyShootoutEditScreen']'. Web driver timeout exception.&#xD;
-&gt; done: PenaltyShootoutEditSteps.ThenPenaltyShootoutKickInsertViewIsNotVisible() (2.1s)&#xD;
And "Save by GK" Action is displayed at 2 in expanded action log&#xD;
-&gt; done: ExpandedActionLogSteps.ThenGoalActionIsDisplayedAtInExpandedActionLog("Save by GK", 2) (0.0s)&#xD;
And at 2 position action time is "00:26" in "H1" half&#xD;
-&gt; done: ExpandedActionLogSteps.ThenAtPositionActionTimeIsInHalf(2, "00:26", "H1") (0.1s)&#xD;
And at 2 position action has no qualifiers&#xD;
-&gt; done: ExpandedActionLogSteps.ThenAtPositionActionHasNoQualifiers(2) (0.1s)&#xD;
And at 2 position action displays team 2 with no player&#xD;
-&gt; done: ExpandedActionLogSteps.ThenAtPositionActionDisplaysTeamWithNoPlayer(2, 2) (0.0s)&#xD;
And Action at position 2 do not have score&#xD;
-&gt; done: ExpandedActionLogSteps.ThenActionAtPositionDoNotHaveScore(2) (0.0s)&#xD;
And "Penalty" Action is displayed at 3 in expanded action log&#xD;
-&gt; done: ExpandedActionLogSteps.ThenGoalActionIsDisplayedAtInExpandedActionLog("Penalty", 3) (0.0s)&#xD;
And at 3 position action time is "00:25" in "H1" half&#xD;
-&gt; done: ExpandedActionLogSteps.ThenAtPositionActionTimeIsInHalf(3, "00:25", "H1") (0.1s)&#xD;
And at 3 position action has no qualifiers&#xD;
-&gt; done: ExpandedActionLogSteps.ThenAtPositionActionHasNoQualifiers(3) (0.1s)&#xD;
And at 3 position action displays player with number 6 from team 1&#xD;
-&gt; done: ExpandedActionLogSteps.ThenActionAtPositionPlayerIsDisplayedAs(3, 6, 1) (0.1s)&#xD;
And Action at position 3 do not have score&#xD;
-&gt; done: ExpandedActionLogSteps.ThenActionAtPositionDoNotHaveScore(3) (0.0s)&#xD;
And "Offence" Action is displayed at 4 in expanded action log&#xD;
-&gt; done: ExpandedActionLogSteps.ThenGoalActionIsDisplayedAtInExpandedActionLog("Offence", 4) (0.0s)&#xD;
And at 4 position action time is "00:25" in "H1" half&#xD;
-&gt; done: ExpandedActionLogSteps.ThenAtPositionActionTimeIsInHalf(4, "00:25", "H1") (0.1s)&#xD;
And at 4 position action has no qualifiers&#xD;
-&gt; done: ExpandedActionLogSteps.ThenAtPositionActionHasNoQualifiers(4) (0.1s)&#xD;
And at 4 position action displays player with number 4 from team 2&#xD;
-&gt; done: ExpandedActionLogSteps.ThenActionAtPositionPlayerIsDisplayedAs(4, 4, 2) (0.1s)&#xD;
And Action at position 4 do not have score&#xD;
-&gt; done: ExpandedActionLogSteps.ThenActionAtPositionDoNotHaveScore(4) (0.1s)&#xD;
sandbox: CleanUpAfterTestRun started.&#xD;
sandbox: application pages != null: True&#xD;
sandbox: web driver!= null: True&#xD;
sandbox: CleanUpAfterTestRun complete.</StdOut>
      </Output>
    </UnitTestResult>
    <UnitTestResult executionId="cb549839-2ccc-41d8-8ac3-23102ff22955" testId="d6ebd321-e6fb-5951-f224-50f674f04339" testName="SelectTeamAndGoalTypeInGoalInsert(&quot;1&quot;,&quot;Left Foot&quot;,null)" computerName="EC2AMAZ-JEOO151" duration="00:00:16.7830000" startTime="2019-07-11T18:26:26.0000000+00:00" endTime="2019-07-11T18:26:42.0000000+00:00" testType="13cdc9d9-ddb5-4fa4-a97d-d965ccfc6d4b" outcome="Passed" testListId="8c84fa94-04c1-424b-9868-57a2d4851a1d" relativeResultsDirectory="cb549839-2ccc-41d8-8ac3-23102ff22955">
      <Output>
        <StdOut>sandbox: PrepareForTestRun started.&#xD;
sandbox: football liveStatsApp != null: True &#xD;
sandbox: football liveStatsApp.IsProcessRunning: True &#xD;
sandbox: setupLocalData: localDatabaseProvider != null: True&#xD;
sandbox: applicationPages != null: True&#xD;
sandbox: applicationPages.Webdriver != null: True&#xD;
sandbox: finished setuping local data&#xD;
sandbox: PrepareForTestRun complete.&#xD;
Given Match started with kick off from existing game&#xD;
-&gt; done: SetupGameSteps.GivenMatchStartedWithKickOffButtonFromExistingGame() (3.4s)&#xD;
And "Top right" corner added for Team 1&#xD;
-&gt; done: CornerSteps.GivenCornerAddedForTeam("Top right", 1) (3.2s)&#xD;
And "Yellow" Card for Team 1 is registered&#xD;
Given action failed. Retrying after a timeout.&#xD;
-&gt; done: CardSteps.GivenCardForTeamIsRegistered(Yellow, 1) (3.4s)&#xD;
And I clicked on latest "Corner" event in action log&#xD;
-&gt; done: ActionLogSteps.GivenIClickOnLatestEventInActionLog(Corner) (0.2s)&#xD;
And I entered new conceded event time of "0030"&#xD;
-&gt; done: EditFormSteps.GivenIEnterNewConcededEventTimeOf("0030") (1.0s)&#xD;
And I clicked Save button in action edit form&#xD;
-&gt; done: EditFormSteps.ClickSaveButtonInActionEditForm() (0.6s)&#xD;
And I remembered current players on pitch shirt numbers&#xD;
-&gt; done: GoalEditSteps.GivenIRememberCurrentPlayersOnPitch() (1.1s)&#xD;
When I click Expand Action log button&#xD;
-&gt; done: ActionLogSteps.WhenIClickExpandActionLogButton() (0.1s)&#xD;
And I click last action in expanded action log&#xD;
-&gt; done: ExpandedActionLogSteps.WhenIClickLastActionInExpandedActionLog() (0.2s)&#xD;
And I click insert after button in expanded action log&#xD;
-&gt; done: ExpandedActionLogSteps.WhenIClickInsertAfterButtonInExpandedActionLog() (0.1s)&#xD;
And I click insert Goal button in insert after dropdown&#xD;
-&gt; done: ExpandedActionLogSteps.WhenIClickInsertGoalButtonInInsertAfterDropdown() (0.1s)&#xD;
And I click "1" team in Goal by Team&#xD;
-&gt; done: GoalEditSteps.GivenIClickTeamInShotByTeam(1) (0.1s)&#xD;
And I click "goal" button in insert window&#xD;
-&gt; done: GoalEditSteps.GivenIClickShotResultGoalButton() (0.0s)&#xD;
And I click "shot type" button in insert window&#xD;
-&gt; done: GoalEditSteps.GivenIClickShotTypeButton() (0.0s)&#xD;
And I click "Left Foot" button in expanded shot type dialog&#xD;
-&gt; done: ExpandedShotTypeDialogSteps.GivenIClickButtonInExpandedShotTypeDialog("Left Foot") (0.2s)&#xD;
Then shot by team "1" button color is updated to "1" team color&#xD;
-&gt; done: GoalEditSteps.ThenShotByTeamColorIsUpdatedToTeamColor(1, 1) (0.0s)&#xD;
And "1" team players are visible in Who scored&#xD;
-&gt; done: GoalEditSteps.ThenTeamPlayersAreVisibleInWhoScored(1) (2.0s)&#xD;
And Shot type button is set to "Left Foot"&#xD;
-&gt; done: GoalEditSteps.ThenShotTypeButtonIsSetTo("Left Foot") (0.1s)&#xD;
And "shot type" button color is updated to team id "1" color&#xD;
-&gt; done: GoalEditSteps.ThenShotTypeButtonColorIsUpdatedToTeamIdColor(1) (0.1s)&#xD;
sandbox: CleanUpAfterTestRun started.&#xD;
sandbox: application pages != null: True&#xD;
sandbox: web driver!= null: True&#xD;
sandbox: CleanUpAfterTestRun complete.</StdOut>
      </Output>
    </UnitTestResult>
    <UnitTestResult executionId="04de1858-d8bc-4a57-bd10-288e9ea11662" testId="083c3d66-300f-8cff-ab43-566261a19d32" testName="ExtraTimeFirstHalfActionsCanBeFiltered" computerName="EC2AMAZ-JEOO151" duration="00:00:27.2660000" startTime="2019-07-11T19:34:52.0000000+00:00" endTime="2019-07-11T19:35:19.0000000+00:00" testType="13cdc9d9-ddb5-4fa4-a97d-d965ccfc6d4b" outcome="Passed" testListId="8c84fa94-04c1-424b-9868-57a2d4851a1d" relativeResultsDirectory="04de1858-d8bc-4a57-bd10-288e9ea11662">
      <Output>
        <StdOut>sandbox: PrepareForTestRun started.&#xD;
sandbox: football liveStatsApp != null: True &#xD;
sandbox: football liveStatsApp.IsProcessRunning: True &#xD;
sandbox: setupLocalData: localDatabaseProvider != null: True&#xD;
sandbox: applicationPages != null: True&#xD;
sandbox: applicationPages.Webdriver != null: True&#xD;
sandbox: finished setuping local data&#xD;
sandbox: PrepareForTestRun complete.&#xD;
Given Match started with kick off from existing game&#xD;
-&gt; done: SetupGameSteps.GivenMatchStartedWithKickOffButtonFromExistingGame() (3.4s)&#xD;
And "Yellow" Card for Team "1" player with shirt number "4" is registered&#xD;
-&gt; done: CardSteps.GivenCardForTeamPlayerWithShirtNumberIsRegistered(Yellow, 1, 4) (3.4s)&#xD;
And I finished and proceeded to next phase&#xD;
-&gt; done: PitchClockSteps.WhenIFinishAndProceedToNextPhase() (3.1s)&#xD;
And "Yellow" Card for Team "1" player with shirt number "6" is registered&#xD;
Given action failed. Retrying after a timeout.&#xD;
-&gt; done: CardSteps.GivenCardForTeamPlayerWithShirtNumberIsRegistered(Yellow, 1, 6) (3.6s)&#xD;
And I finished and proceeded to next phase&#xD;
-&gt; done: PitchClockSteps.WhenIFinishAndProceedToNextPhase() (2.9s)&#xD;
And "Yellow" Card for Team "1" player with shirt number "8" is registered&#xD;
Given action failed. Retrying after a timeout.&#xD;
-&gt; done: CardSteps.GivenCardForTeamPlayerWithShirtNumberIsRegistered(Yellow, 1, 8) (3.4s)&#xD;
And I finished and proceeded to next phase&#xD;
-&gt; done: PitchClockSteps.WhenIFinishAndProceedToNextPhase() (2.9s)&#xD;
And "Yellow" Card for Team "1" player with shirt number "13" is registered&#xD;
-&gt; done: CardSteps.GivenCardForTeamPlayerWithShirtNumberIsRegistered(Yellow, 1, 13) (3.2s)&#xD;
When I open Expanded Action log&#xD;
-&gt; done: ActionLogSteps.WhenIClickExpandActionLogButton() (0.2s)&#xD;
And I expand halves filter&#xD;
-&gt; done: FilterSteps.WhenIExpandHalvesFilter() (0.1s)&#xD;
And I select extra time first half filter&#xD;
-&gt; done: FilterSteps.WhenISelectExtraTimeFirstHalveFilter() (0.1s)&#xD;
Then Expanded action log contains "5" items&#xD;
-&gt; done: ExpandedActionLogSteps.ThenExpandedActionLogContainsItemsCount(5) (0.0s)&#xD;
And Actions are displayed in expanded action log in order:&#xD;
  --- table step argument ---&#xD;
  | expectedType | teamId | playerShirtId |&#xD;
  | Half Confirm | empty  | empty         |&#xD;
  | Half End     | empty  | empty         |&#xD;
  | Yellow Card  | 1      | 8             |&#xD;
  | Kick Off     | empty  | empty         |&#xD;
  | Half Setup   | empty  | empty         |&#xD;
-&gt; done: ExpandedActionLogSteps.ThenActionsAreDisplayedInActionLogAtPositions(System.Collection...) (0.3s)&#xD;
sandbox: CleanUpAfterTestRun started.&#xD;
sandbox: application pages != null: True&#xD;
sandbox: web driver!= null: True&#xD;
sandbox: CleanUpAfterTestRun complete.</StdOut>
      </Output>
    </UnitTestResult>
    <UnitTestResult executionId="364a9254-a1be-4964-a6fa-ec863aec0d1d" testId="265aac8e-ccd1-b03c-caa4-7170822abb60" testName="PitchAndPossessionIsClearedAfterETFirstHalf" computerName="EC2AMAZ-JEOO151" duration="00:00:33.3150000" startTime="2019-07-11T19:50:25.0000000+00:00" endTime="2019-07-11T19:50:58.0000000+00:00" testType="13cdc9d9-ddb5-4fa4-a97d-d965ccfc6d4b" outcome="Passed" testListId="8c84fa94-04c1-424b-9868-57a2d4851a1d" relativeResultsDirectory="364a9254-a1be-4964-a6fa-ec863aec0d1d">
      <Output>
        <StdOut>sandbox: PrepareForTestRun started.&#xD;
sandbox: football liveStatsApp != null: True &#xD;
sandbox: football liveStatsApp.IsProcessRunning: True &#xD;
sandbox: setupLocalData: localDatabaseProvider != null: True&#xD;
sandbox: applicationPages != null: True&#xD;
sandbox: applicationPages.Webdriver != null: True&#xD;
sandbox: finished setuping local data&#xD;
sandbox: PrepareForTestRun complete.&#xD;
Given Game is kicked of with No. of subs set to 1 and Period Length to 45 and Extra Time set to true and Penalty Shoot-Out set to true&#xD;
-&gt; done: SetupGameSteps.GivenGameIsKickedOfWithNoOfPeriodsSetToAndPeriodLengthToAndExtraTimeSetToFalse(1, 45, True, True) (8.7s)&#xD;
And I clicked on pitch x 50 and y 60&#xD;
Failed to find element with query '[data-qa='activePitchOverlay']'. Web driver timeout exception.&#xD;
Given action failed. Retrying after a timeout.&#xD;
Failed to find element with query '[data-qa='activePitchOverlay']'. Web driver timeout exception.&#xD;
-&gt; done: PitchScreenSteps.WhenIClickOnPitch(50, 60) (4.5s)&#xD;
And I set clock and end half&#xD;
-&gt; done: PitchClockSteps.WhenFirstHalfIsEndedWithoutTime() (2.4s)&#xD;
When I confirm ended half&#xD;
-&gt; done: PitchClockSteps.WhenIConfirmEndedHalf() (0.4s)&#xD;
And I start next half&#xD;
-&gt; done: PitchClockSteps.WhenStartNextHalf() (0.6s)&#xD;
And I finish and proceed to next phase&#xD;
-&gt; done: PitchClockSteps.WhenIFinishAndProceedToNextPhase() (2.9s)&#xD;
And I set clock and end half&#xD;
-&gt; done: PitchClockSteps.WhenFirstHalfIsEndedWithoutTime() (2.2s)&#xD;
Then team 1 possession button is not highligthed&#xD;
-&gt; done: ScoreBoardSteps.ThenTeamPossessionButtonIsNotHighligthed(1) (0.2s)&#xD;
And team 2 possession button is not highligthed&#xD;
-&gt; done: ScoreBoardSteps.ThenTeamPossessionButtonIsNotHighligthed(2) (0.1s)&#xD;
And ball marker should not be visible&#xD;
Failed to find element with query '[data-qa='pitch-cursor']'. Web driver timeout exception.&#xD;
-&gt; done: BallMarkerSteps.ThenCursorShouldBeVisibleAt() (2.0s)&#xD;
And Zone names are not shown&#xD;
Failed to find data-qa element with tag 'dangerZoneText'. No such element exception.&#xD;
Failed to find data-qa element with tag 'dangerZoneText'. No such element exception.&#xD;
Failed to find data-qa element with tag 'dangerZoneText'. No such element exception.&#xD;
Failed to find data-qa element with tag 'dangerZoneText'. No such element exception.&#xD;
-&gt; done: PitchScreenSteps.ThenZoneNamesAreNotShown() (8.3s)&#xD;
sandbox: CleanUpAfterTestRun started.&#xD;
sandbox: application pages != null: True&#xD;
sandbox: web driver!= null: True&#xD;
sandbox: CleanUpAfterTestRun complete.</StdOut>
      </Output>
    </UnitTestResult>
    <UnitTestResult executionId="fc771e28-56fb-430c-b190-2f338b6a8e44" testId="50266b9f-b52f-f595-8d3f-f87d6b567e90" testName="GivenGame_WhenUpdatingTeamFormations_ThenFormationsUpdated(&quot;4-4-2&quot;,&quot;4-1-4-1&quot;)" computerName="EC2AMAZ-JEOO151" duration="00:00:14.0710000" startTime="2019-07-11T20:08:57.0000000+00:00" endTime="2019-07-11T20:09:11.0000000+00:00" testType="13cdc9d9-ddb5-4fa4-a97d-d965ccfc6d4b" outcome="Passed" testListId="8c84fa94-04c1-424b-9868-57a2d4851a1d" relativeResultsDirectory="fc771e28-56fb-430c-b190-2f338b6a8e44">
      <Output>
        <StdOut>sandbox: PrepareForTestRun started.&#xD;
sandbox: football liveStatsApp != null: True &#xD;
sandbox: football liveStatsApp.IsProcessRunning: True &#xD;
sandbox: setupLocalData: localDatabaseProvider != null: True&#xD;
sandbox: applicationPages != null: True&#xD;
sandbox: applicationPages.Webdriver != null: True&#xD;
sandbox: finished setuping local data&#xD;
sandbox: PrepareForTestRun complete.&#xD;
sandbox: CleanUpAfterTestRun started.&#xD;
sandbox: application pages != null: True&#xD;
sandbox: web driver!= null: True&#xD;
Given action failed. Retrying after a timeout. Most likely UI was not fast enough to refresh itself.&#xD;
sandbox: CleanUpAfterTestRun complete.</StdOut>
      </Output>
    </UnitTestResult>
    <UnitTestResult executionId="a205ed24-5a86-4f87-8c7c-f4cb69359213" testId="8990d43c-509d-4d73-2a49-328d0e7df656" testName="GivenGameGoalStarted_WhenConfirming_ThenActionUpdated" computerName="EC2AMAZ-JEOO151" duration="00:00:08.8040000" startTime="2019-07-11T21:02:43.0000000+00:00" endTime="2019-07-11T21:02:52.0000000+00:00" testType="13cdc9d9-ddb5-4fa4-a97d-d965ccfc6d4b" outcome="Passed" testListId="8c84fa94-04c1-424b-9868-57a2d4851a1d" relativeResultsDirectory="a205ed24-5a86-4f87-8c7c-f4cb69359213">
      <Output>
        <StdOut>sandbox: PrepareForTestRun started.&#xD;
sandbox: football liveStatsApp != null: True &#xD;
sandbox: football liveStatsApp.IsProcessRunning: True &#xD;
sandbox: setupLocalData: localDatabaseProvider != null: True&#xD;
sandbox: applicationPages != null: True&#xD;
sandbox: applicationPages.Webdriver != null: True&#xD;
sandbox: finished setuping local data&#xD;
sandbox: PrepareForTestRun complete.&#xD;
Given action failed. Retrying after a timeout.&#xD;
sandbox: CleanUpAfterTestRun started.&#xD;
sandbox: application pages != null: True&#xD;
sandbox: web driver!= null: True&#xD;
sandbox: CleanUpAfterTestRun complete.</StdOut>
      </Output>
    </UnitTestResult>
    <UnitTestResult executionId="08ec9f5e-9c61-4a94-a5a3-6777ebbf0fff" testId="147bc523-ba92-e043-9818-bc12e6aa8405" testName="GivenPsoKickEditOpened_WhenToVarOverturned_ThenPsoStateUpdated" computerName="EC2AMAZ-JEOO151" duration="00:00:24.6290000" startTime="2019-07-11T20:38:45.0000000+00:00" endTime="2019-07-11T20:39:10.0000000+00:00" testType="13cdc9d9-ddb5-4fa4-a97d-d965ccfc6d4b" outcome="Passed" testListId="8c84fa94-04c1-424b-9868-57a2d4851a1d" relativeResultsDirectory="08ec9f5e-9c61-4a94-a5a3-6777ebbf0fff">
      <Output>
        <StdOut>sandbox: PrepareForTestRun started.&#xD;
sandbox: football liveStatsApp != null: True &#xD;
sandbox: football liveStatsApp.IsProcessRunning: True &#xD;
sandbox: setupLocalData: localDatabaseProvider != null: True&#xD;
sandbox: applicationPages != null: True&#xD;
sandbox: applicationPages.Webdriver != null: True&#xD;
sandbox: finished setuping local data&#xD;
sandbox: PrepareForTestRun complete.&#xD;
Given action failed. Retrying after a timeout. Most likely UI was not fast enough to refresh itself.&#xD;
sandbox: CleanUpAfterTestRun started.&#xD;
sandbox: application pages != null: True&#xD;
sandbox: web driver!= null: True&#xD;
sandbox: CleanUpAfterTestRun complete.</StdOut>
      </Output>
    </UnitTestResult>
    <UnitTestResult executionId="63937bbe-b5f6-493d-85b0-6d5de8883763" testId="5c643f84-7344-3992-557d-52d90c512dfb" testName="GivenAssistantCouchInactive_WhenRegisteringCard_ThenCannotAllocateToAssistantCouch" computerName="EC2AMAZ-JEOO151" duration="00:00:07.5300000" startTime="2019-07-11T20:03:11.0000000+00:00" endTime="2019-07-11T20:03:18.0000000+00:00" testType="13cdc9d9-ddb5-4fa4-a97d-d965ccfc6d4b" outcome="Passed" testListId="8c84fa94-04c1-424b-9868-57a2d4851a1d" relativeResultsDirectory="63937bbe-b5f6-493d-85b0-6d5de8883763">
      <Output>
        <StdOut>sandbox: PrepareForTestRun started.&#xD;
sandbox: football liveStatsApp != null: True &#xD;
sandbox: football liveStatsApp.IsProcessRunning: True &#xD;
sandbox: setupLocalData: localDatabaseProvider != null: True&#xD;
sandbox: applicationPages != null: True&#xD;
sandbox: applicationPages.Webdriver != null: True&#xD;
sandbox: finished setuping local data&#xD;
sandbox: PrepareForTestRun complete.&#xD;
Given action failed. Retrying after a timeout.&#xD;
sandbox: CleanUpAfterTestRun started.&#xD;
sandbox: application pages != null: True&#xD;
sandbox: web driver!= null: True&#xD;
sandbox: CleanUpAfterTestRun complete.</StdOut>
      </Output>
    </UnitTestResult>
    <UnitTestResult executionId="ea8dbb0f-491c-42ba-a564-c7186c6a5998" testId="157508d9-f7f3-a19e-4ab1-8412c3fc7ccb" testName="TimeAndCorrespondingFieldsAreAvailable" computerName="EC2AMAZ-JEOO151" duration="00:00:10.1840000" startTime="2019-07-11T19:29:54.0000000+00:00" endTime="2019-07-11T19:30:04.0000000+00:00" testType="13cdc9d9-ddb5-4fa4-a97d-d965ccfc6d4b" outcome="Passed" testListId="8c84fa94-04c1-424b-9868-57a2d4851a1d" relativeResultsDirectory="ea8dbb0f-491c-42ba-a564-c7186c6a5998">
      <Output>
        <StdOut>sandbox: PrepareForTestRun started.&#xD;
sandbox: football liveStatsApp != null: True &#xD;
sandbox: football liveStatsApp.IsProcessRunning: True &#xD;
sandbox: setupLocalData: localDatabaseProvider != null: True&#xD;
sandbox: applicationPages != null: True&#xD;
sandbox: applicationPages.Webdriver != null: True&#xD;
sandbox: finished setuping local data&#xD;
sandbox: PrepareForTestRun complete.&#xD;
Given Game setup is finished&#xD;
-&gt; done: SetupGameSteps.GivenGameSetupIsFinished() (7.4s)&#xD;
And Game is kicked off with timer&#xD;
-&gt; done: PitchClockSteps.GivenGameIsKickedOff() (1.2s)&#xD;
Then "time input" is visible&#xD;
-&gt; done: PitchClockSteps.ThenTimeInputIsVisible() (0.3s)&#xD;
And "time input" contains value "0"&#xD;
-&gt; done: PitchClockSteps.ThenContainsValue(0) (0.0s)&#xD;
And "time input" is disabled&#xD;
-&gt; done: PitchClockSteps.ThenIsDisabled() (0.0s)&#xD;
And "end half" button is visible&#xD;
-&gt; done: PitchClockSteps.ThenEndHalfButtonIsVisible() (0.0s)&#xD;
And "end half" button is disabled&#xD;
-&gt; done: PitchClockSteps.ThenButtonIsDisabled() (0.0s)&#xD;
sandbox: CleanUpAfterTestRun started.&#xD;
sandbox: application pages != null: True&#xD;
sandbox: web driver!= null: True&#xD;
sandbox: CleanUpAfterTestRun complete.</StdOut>
      </Output>
    </UnitTestResult>
    <UnitTestResult executionId="85ebdc69-d270-4cf4-b146-cb5cf5b256ed" testId="ed3dd5c8-9500-0285-7163-30226d53f2e9" testName="DeleteCardColorCardAfterSelectingPlayer(&quot;Yellow&quot;,&quot;2nd Yellow&quot;,null)" computerName="EC2AMAZ-JEOO151" duration="00:00:12.1670000" startTime="2019-07-11T18:54:20.0000000+00:00" endTime="2019-07-11T18:54:32.0000000+00:00" testType="13cdc9d9-ddb5-4fa4-a97d-d965ccfc6d4b" outcome="Passed" testListId="8c84fa94-04c1-424b-9868-57a2d4851a1d" relativeResultsDirectory="85ebdc69-d270-4cf4-b146-cb5cf5b256ed">
      <Output>
        <StdOut>sandbox: PrepareForTestRun started.&#xD;
sandbox: football liveStatsApp != null: True &#xD;
sandbox: football liveStatsApp.IsProcessRunning: True &#xD;
sandbox: setupLocalData: localDatabaseProvider != null: True&#xD;
sandbox: applicationPages != null: True&#xD;
sandbox: applicationPages.Webdriver != null: True&#xD;
sandbox: finished setuping local data&#xD;
sandbox: PrepareForTestRun complete.&#xD;
Given Match started with kick off from existing game&#xD;
-&gt; done: SetupGameSteps.GivenMatchStartedWithKickOffButtonFromExistingGame() (3.3s)&#xD;
When I click on team 2 possible "Yellow"&#xD;
Given action failed. Retrying after a timeout.&#xD;
-&gt; done: TeamActionButtonSteps.StartPossibleCardRegistration(2, Yellow) (0.9s)&#xD;
And I click "2nd Yellow" card button&#xD;
-&gt; done: TeamActionButtonSteps.WhenIClickCardButton("2nd Yellow") (0.1s)&#xD;
And I confirm booking by clicking "Confirm" button&#xD;
-&gt; done: CardSteps.WhenIConfirmActionByClickingButton() (2.4s)&#xD;
And I click on team 2 player on pitch with shirt number 1&#xD;
-&gt; done: PitchPlayersComponentSteps.WhenIClickOnTeamPlayerOnPitchWithShirtNumber(2, 1) (0.1s)&#xD;
And I cancel action workflow by clicking "Cancel &amp; Delete" button&#xD;
-&gt; done: WorkflowSteps.WhenICancelActionWorkflowByClickingButton() (0.4s)&#xD;
Then card event is deleted in Action log&#xD;
-&gt; done: ActionLogSteps.ThenCardEventIsDeletedInActionLog() (2.0s)&#xD;
And Pitch View is shown&#xD;
-&gt; done: PitchScreenSteps.PitchViewIsShown() (0.1s)&#xD;
And Yellow line removed from player with shirt id 1 of team 2&#xD;
Failed to find element with query 'yellowCardIndicator' under parent. No such element exception.&#xD;
-&gt; done: PitchPlayersComponentSteps.ThenYellowLineRemovedFromPlayerWithShirtIdOfTeam(Yellow, 1, 2) (2.1s)&#xD;
sandbox: CleanUpAfterTestRun started.&#xD;
sandbox: application pages != null: True&#xD;
sandbox: web driver!= null: True&#xD;
sandbox: CleanUpAfterTestRun complete.</StdOut>
      </Output>
    </UnitTestResult>
    <UnitTestResult executionId="5e43aaed-f806-4102-a1f0-9cdf6920a165" testId="f3b66c9f-63cf-69f4-071b-1a0ba5a345ac" testName="PitchAndPossessionIsClearedAfterETSecondHalf" computerName="EC2AMAZ-JEOO151" duration="00:00:35.9660000" startTime="2019-07-11T19:50:58.0000000+00:00" endTime="2019-07-11T19:51:34.0000000+00:00" testType="13cdc9d9-ddb5-4fa4-a97d-d965ccfc6d4b" outcome="Passed" testListId="8c84fa94-04c1-424b-9868-57a2d4851a1d" relativeResultsDirectory="5e43aaed-f806-4102-a1f0-9cdf6920a165">
      <Output>
        <StdOut>sandbox: PrepareForTestRun started.&#xD;
sandbox: football liveStatsApp != null: True &#xD;
sandbox: football liveStatsApp.IsProcessRunning: True &#xD;
sandbox: setupLocalData: localDatabaseProvider != null: True&#xD;
sandbox: applicationPages != null: True&#xD;
sandbox: applicationPages.Webdriver != null: True&#xD;
sandbox: finished setuping local data&#xD;
sandbox: PrepareForTestRun complete.&#xD;
Given Game is kicked of with No. of subs set to 1 and Period Length to 45 and Extra Time set to true and Penalty Shoot-Out set to true&#xD;
-&gt; done: SetupGameSteps.GivenGameIsKickedOfWithNoOfPeriodsSetToAndPeriodLengthToAndExtraTimeSetToFalse(1, 45, True, True) (8.5s)&#xD;
And I clicked on pitch x 50 and y 60&#xD;
Failed to find element with query '[data-qa='activePitchOverlay']'. Web driver timeout exception.&#xD;
Given action failed. Retrying after a timeout.&#xD;
Failed to find element with query '[data-qa='activePitchOverlay']'. Web driver timeout exception.&#xD;
-&gt; done: PitchScreenSteps.WhenIClickOnPitch(50, 60) (4.5s)&#xD;
And I set clock and end half&#xD;
-&gt; done: PitchClockSteps.WhenFirstHalfIsEndedWithoutTime() (2.3s)&#xD;
When I confirm ended half&#xD;
-&gt; done: PitchClockSteps.WhenIConfirmEndedHalf() (0.4s)&#xD;
And I start next half&#xD;
-&gt; done: PitchClockSteps.WhenStartNextHalf() (0.4s)&#xD;
And I finish and proceed to next phase&#xD;
-&gt; done: PitchClockSteps.WhenIFinishAndProceedToNextPhase() (2.9s)&#xD;
And I finish and proceed to next phase&#xD;
-&gt; done: PitchClockSteps.WhenIFinishAndProceedToNextPhase() (3.1s)&#xD;
And I set clock and end half&#xD;
-&gt; done: PitchClockSteps.WhenFirstHalfIsEndedWithoutTime() (1.9s)&#xD;
Then team 1 possession button is not highligthed&#xD;
-&gt; done: ScoreBoardSteps.ThenTeamPossessionButtonIsNotHighligthed(1) (0.2s)&#xD;
And team 2 possession button is not highligthed&#xD;
-&gt; done: ScoreBoardSteps.ThenTeamPossessionButtonIsNotHighligthed(2) (0.1s)&#xD;
And ball marker should not be visible&#xD;
Failed to find element with query '[data-qa='pitch-cursor']'. Web driver timeout exception.&#xD;
-&gt; done: BallMarkerSteps.ThenCursorShouldBeVisibleAt() (2.0s)&#xD;
And Zone names are not shown&#xD;
Failed to find data-qa element with tag 'dangerZoneText'. No such element exception.&#xD;
Failed to find data-qa element with tag 'dangerZoneText'. No such element exception.&#xD;
Failed to find data-qa element with tag 'dangerZoneText'. No such element exception.&#xD;
Failed to find data-qa element with tag 'dangerZoneText'. No such element exception.&#xD;
-&gt; done: PitchScreenSteps.ThenZoneNamesAreNotShown() (8.2s)&#xD;
sandbox: CleanUpAfterTestRun started.&#xD;
sandbox: application pages != null: True&#xD;
sandbox: web driver!= null: True&#xD;
Given action failed. Retrying after a timeout. Most likely UI was not fast enough to refresh itself.&#xD;
sandbox: CleanUpAfterTestRun complete.</StdOut>
      </Output>
    </UnitTestResult>
    <UnitTestResult executionId="34fbf2bf-10ea-420c-9f5f-2bf8729660c3" testId="3bf67842-d389-e99d-bc24-9487c13ccd24" testName="CornerActionCanBeUnflagged" computerName="EC2AMAZ-JEOO151" duration="00:00:08.7830000" startTime="2019-07-11T19:40:23.0000000+00:00" endTime="2019-07-11T19:40:31.0000000+00:00" testType="13cdc9d9-ddb5-4fa4-a97d-d965ccfc6d4b" outcome="Passed" testListId="8c84fa94-04c1-424b-9868-57a2d4851a1d" relativeResultsDirectory="34fbf2bf-10ea-420c-9f5f-2bf8729660c3">
      <Output>
        <StdOut>sandbox: PrepareForTestRun started.&#xD;
sandbox: football liveStatsApp != null: True &#xD;
sandbox: football liveStatsApp.IsProcessRunning: True &#xD;
sandbox: setupLocalData: localDatabaseProvider != null: True&#xD;
sandbox: applicationPages != null: True&#xD;
sandbox: applicationPages.Webdriver != null: True&#xD;
sandbox: finished setuping local data&#xD;
sandbox: PrepareForTestRun complete.&#xD;
Given Match started with kick off from existing game&#xD;
-&gt; done: SetupGameSteps.GivenMatchStartedWithKickOffButtonFromExistingGame() (3.3s)&#xD;
Given "Top right" corner added for Team 1&#xD;
Given action failed. Retrying after a timeout.&#xD;
-&gt; done: CornerSteps.GivenCornerAddedForTeam("Top right", 1) (3.4s)&#xD;
When I click on latest "Corner" event in action log&#xD;
-&gt; done: ActionLogSteps.GivenIClickOnLatestEventInActionLog(Corner) (0.2s)&#xD;
And I click Flag &amp; Save button in action edit form&#xD;
-&gt; done: EditFormSteps.ClickFlagAndSaveInActionEditForm() (0.4s)&#xD;
And I click on latest "Corner" event in action log&#xD;
-&gt; done: ActionLogSteps.GivenIClickOnLatestEventInActionLog(Corner) (0.1s)&#xD;
And I click Save button in action edit form&#xD;
-&gt; done: EditFormSteps.ClickSaveButtonInActionEditForm() (0.6s)&#xD;
Then 1 event in action log of type "Corner" is not flagged&#xD;
-&gt; done: ActionLogSteps.ThenEventInActionLogOfTypeIsNotFlagged(1, Corner) (0.0s)&#xD;
sandbox: CleanUpAfterTestRun started.&#xD;
sandbox: application pages != null: True&#xD;
sandbox: web driver!= null: True&#xD;
sandbox: CleanUpAfterTestRun complete.</StdOut>
      </Output>
    </UnitTestResult>
    <UnitTestResult executionId="74184867-d4a4-4717-ac52-d9100d7d5ea4" testId="21595624-a971-b92b-5cce-97e512083bc7" testName="GivenExpandedActionLog_WhenInsertingGoalAfterWithAssistAndVar_ThenInsertsCorrectly" computerName="EC2AMAZ-JEOO151" duration="00:00:21.7080000" startTime="2019-07-11T20:49:45.0000000+00:00" endTime="2019-07-11T20:50:07.0000000+00:00" testType="13cdc9d9-ddb5-4fa4-a97d-d965ccfc6d4b" outcome="Passed" testListId="8c84fa94-04c1-424b-9868-57a2d4851a1d" relativeResultsDirectory="74184867-d4a4-4717-ac52-d9100d7d5ea4">
      <Output>
        <StdOut>sandbox: PrepareForTestRun started.&#xD;
sandbox: football liveStatsApp != null: True &#xD;
sandbox: football liveStatsApp.IsProcessRunning: True &#xD;
sandbox: setupLocalData: localDatabaseProvider != null: True&#xD;
sandbox: applicationPages != null: True&#xD;
sandbox: applicationPages.Webdriver != null: True&#xD;
sandbox: finished setuping local data&#xD;
sandbox: PrepareForTestRun complete.&#xD;
Given action failed. Retrying after a timeout.&#xD;
Given action failed. Retrying after a timeout.&#xD;
Failed to find element with query '[data-qa='goalEditScreen']'. Web driver timeout exception.&#xD;
sandbox: CleanUpAfterTestRun started.&#xD;
sandbox: application pages != null: True&#xD;
sandbox: web driver!= null: True&#xD;
sandbox: CleanUpAfterTestRun complete.</StdOut>
      </Output>
    </UnitTestResult>
    <UnitTestResult executionId="df1476d5-7173-4a84-941b-3c0e0d022101" testId="cc40382d-72cc-8c90-04f7-db82e05cebca" testName="GivenActionRegistered_WhenDeletingFromActionLog_ThenDeleted(Substitution)" computerName="EC2AMAZ-JEOO151" duration="00:00:10.9520000" startTime="2019-07-11T20:15:44.0000000+00:00" endTime="2019-07-11T20:15:55.0000000+00:00" testType="13cdc9d9-ddb5-4fa4-a97d-d965ccfc6d4b" outcome="Passed" testListId="8c84fa94-04c1-424b-9868-57a2d4851a1d" relativeResultsDirectory="df1476d5-7173-4a84-941b-3c0e0d022101">
      <Output>
        <StdOut>sandbox: PrepareForTestRun started.&#xD;
sandbox: football liveStatsApp != null: True &#xD;
sandbox: football liveStatsApp.IsProcessRunning: True &#xD;
sandbox: setupLocalData: localDatabaseProvider != null: True&#xD;
sandbox: applicationPages != null: True&#xD;
sandbox: applicationPages.Webdriver != null: True&#xD;
sandbox: finished setuping local data&#xD;
sandbox: PrepareForTestRun complete.&#xD;
sandbox: CleanUpAfterTestRun started.&#xD;
sandbox: application pages != null: True&#xD;
sandbox: web driver!= null: True&#xD;
sandbox: CleanUpAfterTestRun complete.</StdOut>
      </Output>
    </UnitTestResult>
    <UnitTestResult executionId="9b9e2af5-eb0e-4021-be9b-b5ae594135d3" testId="dd43662e-817a-5b1f-b263-d45e374fa79a" testName="ClearPitchInGoalInsert(&quot;adjust&quot;,null)" computerName="EC2AMAZ-JEOO151" duration="00:00:16.3820000" startTime="2019-07-11T18:20:45.0000000+00:00" endTime="2019-07-11T18:21:01.0000000+00:00" testType="13cdc9d9-ddb5-4fa4-a97d-d965ccfc6d4b" outcome="Passed" testListId="8c84fa94-04c1-424b-9868-57a2d4851a1d" relativeResultsDirectory="9b9e2af5-eb0e-4021-be9b-b5ae594135d3">
      <Output>
        <StdOut>sandbox: PrepareForTestRun started.&#xD;
sandbox: football liveStatsApp != null: True &#xD;
sandbox: football liveStatsApp.IsProcessRunning: True &#xD;
sandbox: setupLocalData: localDatabaseProvider != null: True&#xD;
sandbox: applicationPages != null: True&#xD;
sandbox: applicationPages.Webdriver != null: True&#xD;
sandbox: finished setuping local data&#xD;
sandbox: PrepareForTestRun complete.&#xD;
Given Match started with kick off from existing game&#xD;
-&gt; done: SetupGameSteps.GivenMatchStartedWithKickOffButtonFromExistingGame() (3.3s)&#xD;
And "Top right" corner added for Team 1&#xD;
-&gt; done: CornerSteps.GivenCornerAddedForTeam("Top right", 1) (3.1s)&#xD;
And "Yellow" Card for Team 1 is registered&#xD;
Given action failed. Retrying after a timeout.&#xD;
-&gt; done: CardSteps.GivenCardForTeamIsRegistered(Yellow, 1) (3.4s)&#xD;
And I clicked on latest "Corner" event in action log&#xD;
-&gt; done: ActionLogSteps.GivenIClickOnLatestEventInActionLog(Corner) (0.2s)&#xD;
And I entered new conceded event time of "0030"&#xD;
-&gt; done: EditFormSteps.GivenIEnterNewConcededEventTimeOf("0030") (1.0s)&#xD;
And I clicked Save button in action edit form&#xD;
-&gt; done: EditFormSteps.ClickSaveButtonInActionEditForm() (0.6s)&#xD;
And I remembered current players on pitch shirt numbers&#xD;
-&gt; done: GoalEditSteps.GivenIRememberCurrentPlayersOnPitch() (1.1s)&#xD;
When I click Expand Action log button&#xD;
-&gt; done: ActionLogSteps.WhenIClickExpandActionLogButton() (0.2s)&#xD;
And I click last action in expanded action log&#xD;
-&gt; done: ExpandedActionLogSteps.WhenIClickLastActionInExpandedActionLog() (0.1s)&#xD;
And I click insert after button in expanded action log&#xD;
-&gt; done: ExpandedActionLogSteps.WhenIClickInsertAfterButtonInExpandedActionLog() (0.1s)&#xD;
And I click insert Goal button in insert after dropdown&#xD;
-&gt; done: ExpandedActionLogSteps.WhenIClickInsertGoalButtonInInsertAfterDropdown() (0.1s)&#xD;
And I click "adjust" pitch location button in insert window&#xD;
-&gt; done: MiniPitchEditPageElementSteps.WhenIClickButtonForFreeKickLocation() (0.1s)&#xD;
And I click on expanded pitch view x 10 y 50&#xD;
-&gt; done: ExpandedPitchPositionDialogSteps.GivenIClickOnExpandedPitchViewXY(10, 50) (0.1s)&#xD;
And I click "clear pitch" button on expanded pitch view&#xD;
-&gt; done: ExpandedPitchPositionDialogSteps.GivenIClickButtonOnExpandedPitchView("clear pitch") (0.1s)&#xD;
Then Clear Pitch button is not visible&#xD;
Failed to find element with query '[data-qa='pitchLocationClearButton']'. Web driver timeout exception.&#xD;
-&gt; done: ExpandedPitchPositionDialogSteps.ThenClearPitchButtonIsNotVisible() (2.0s)&#xD;
sandbox: CleanUpAfterTestRun started.&#xD;
sandbox: application pages != null: True&#xD;
sandbox: web driver!= null: True&#xD;
sandbox: CleanUpAfterTestRun complete.</StdOut>
      </Output>
    </UnitTestResult>
    <UnitTestResult executionId="49039b23-b4ad-4914-87b1-89c3c626d519" testId="8a6355ad-a3d7-e1a7-0e82-dbfd584dff16" testName="GivenReportsOpened_WhenOpeningReportForTeamSquadList_ReportPreviewIsShown(2)" computerName="EC2AMAZ-JEOO151" duration="00:00:05.9360000" startTime="2019-07-11T21:45:44.0000000+00:00" endTime="2019-07-11T21:45:50.0000000+00:00" testType="13cdc9d9-ddb5-4fa4-a97d-d965ccfc6d4b" outcome="Passed" testListId="8c84fa94-04c1-424b-9868-57a2d4851a1d" relativeResultsDirectory="49039b23-b4ad-4914-87b1-89c3c626d519">
      <Output>
        <StdOut>sandbox: PrepareForTestRun started.&#xD;
sandbox: football liveStatsApp != null: True &#xD;
sandbox: football liveStatsApp.IsProcessRunning: True &#xD;
sandbox: setupLocalData: localDatabaseProvider != null: True&#xD;
sandbox: applicationPages != null: True&#xD;
sandbox: applicationPages.Webdriver != null: True&#xD;
sandbox: finished setuping local data&#xD;
sandbox: PrepareForTestRun complete.&#xD;
sandbox: CleanUpAfterTestRun started.&#xD;
sandbox: application pages != null: True&#xD;
sandbox: web driver!= null: True&#xD;
sandbox: CleanUpAfterTestRun complete.</StdOut>
      </Output>
    </UnitTestResult>
    <UnitTestResult executionId="9af9e939-19d7-483c-91c8-2bd9cddc68d5" testId="cf6cff02-1693-234d-9bd0-e4025b9aa52d" testName="GivenGameInProgress_WhenOpeningMenuTab_ThenSwitchSidesIsAvailable" computerName="EC2AMAZ-JEOO151" duration="00:00:05.8140000" startTime="2019-07-11T21:46:04.0000000+00:00" endTime="2019-07-11T21:46:10.0000000+00:00" testType="13cdc9d9-ddb5-4fa4-a97d-d965ccfc6d4b" outcome="Passed" testListId="8c84fa94-04c1-424b-9868-57a2d4851a1d" relativeResultsDirectory="9af9e939-19d7-483c-91c8-2bd9cddc68d5">
      <Output>
        <StdOut>sandbox: PrepareForTestRun started.&#xD;
sandbox: football liveStatsApp != null: True &#xD;
sandbox: football liveStatsApp.IsProcessRunning: True &#xD;
sandbox: setupLocalData: localDatabaseProvider != null: True&#xD;
sandbox: applicationPages != null: True&#xD;
sandbox: applicationPages.Webdriver != null: True&#xD;
sandbox: finished setuping local data&#xD;
sandbox: PrepareForTestRun complete.&#xD;
sandbox: CleanUpAfterTestRun started.&#xD;
sandbox: application pages != null: True&#xD;
sandbox: web driver!= null: True&#xD;
sandbox: CleanUpAfterTestRun complete.</StdOut>
      </Output>
    </UnitTestResult>
    <UnitTestResult executionId="90ccd982-abb7-45f5-891a-6bdcf568f94c" testId="5238ca88-bc0d-5cca-5b73-20c0fbd8597b" testName="InsertBlockedShotAfterBeforeLastAction" computerName="EC2AMAZ-JEOO151" duration="00:00:19.1510000" startTime="2019-07-11T18:46:51.0000000+00:00" endTime="2019-07-11T18:47:10.0000000+00:00" testType="13cdc9d9-ddb5-4fa4-a97d-d965ccfc6d4b" outcome="Passed" testListId="8c84fa94-04c1-424b-9868-57a2d4851a1d" relativeResultsDirectory="90ccd982-abb7-45f5-891a-6bdcf568f94c">
      <Output>
        <StdOut>sandbox: PrepareForTestRun started.&#xD;
sandbox: football liveStatsApp != null: True &#xD;
sandbox: football liveStatsApp.IsProcessRunning: True &#xD;
sandbox: setupLocalData: localDatabaseProvider != null: True&#xD;
sandbox: applicationPages != null: True&#xD;
sandbox: applicationPages.Webdriver != null: True&#xD;
sandbox: finished setuping local data&#xD;
sandbox: PrepareForTestRun complete.&#xD;
Given Match started with kick off from existing game&#xD;
-&gt; done: SetupGameSteps.GivenMatchStartedWithKickOffButtonFromExistingGame() (3.3s)&#xD;
And "Yellow" Card for Team 1 is registered&#xD;
Given action failed. Retrying after a timeout.&#xD;
-&gt; done: CardSteps.GivenCardForTeamIsRegistered(Yellow, 1) (3.6s)&#xD;
And "Top right" corner added for Team 1&#xD;
Given action failed. Retrying after a timeout.&#xD;
-&gt; done: CornerSteps.GivenCornerAddedForTeam("Top right", 1) (3.0s)&#xD;
And I clicked on latest "Corner" event in action log&#xD;
-&gt; done: ActionLogSteps.GivenIClickOnLatestEventInActionLog(Corner) (0.2s)&#xD;
And I entered new conceded event time of "0030"&#xD;
-&gt; done: EditFormSteps.GivenIEnterNewConcededEventTimeOf("0030") (1.0s)&#xD;
And I clicked Save button in action edit form&#xD;
-&gt; done: EditFormSteps.ClickSaveButtonInActionEditForm() (0.6s)&#xD;
And I remembered current players on pitch shirt numbers&#xD;
-&gt; done: GoalEditSteps.GivenIRememberCurrentPlayersOnPitch() (1.1s)&#xD;
When I click Expand Action log button&#xD;
-&gt; done: ActionLogSteps.WhenIClickExpandActionLogButton() (0.2s)&#xD;
And I click before last action in expanded action log&#xD;
-&gt; done: ExpandedActionLogSteps.WhenIClickBeforeLastActionInExpandedActionLog() (0.1s)&#xD;
And I click insert after button in expanded action log&#xD;
-&gt; done: ExpandedActionLogSteps.WhenIClickInsertAfterButtonInExpandedActionLog() (0.1s)&#xD;
And I click insert Shot button in insert after dropdown&#xD;
-&gt; done: ExpandedActionLogSteps.WhenIClickInsertShotButtonInInsertAfterDropdown() (0.1s)&#xD;
And I enter new conceded event time of "0028"&#xD;
-&gt; done: EditFormSteps.GivenIEnterNewConcededEventTimeOf("0028") (1.0s)&#xD;
And I click team 2 in edit form&#xD;
-&gt; done: EditFormSteps.WhenIClickTeamInEditForm(2) (0.2s)&#xD;
And Shot result changed to Blocked&#xD;
-&gt; done: ShotEditSteps.WhenShotResultChangedToBlocked() (0.1s)&#xD;
And I set pitch position to x 50 y 30 in edit window&#xD;
-&gt; done: MiniPitchEditPageElementSteps.SetPitchLocationToXYInEditWindow(50, 30) (0.3s)&#xD;
And I select player with shirt number 3 as shooter&#xD;
-&gt; done: ShotEditSteps.ThenISelectPlayerWithShirtNumberAsShooter(3) (0.4s)&#xD;
And I click Save button in action edit form&#xD;
-&gt; done: EditFormSteps.ClickSaveButtonInActionEditForm() (0.6s)&#xD;
Then Shot insert view is not visible&#xD;
Failed to find element with query '[data-qa='goalEditScreen']'. Web driver timeout exception.&#xD;
-&gt; done: ShotEditSteps.ThenShotEditViewIsNotVisible() (2.0s)&#xD;
And "Shot" Action is displayed at 2 in expanded action log&#xD;
-&gt; done: ExpandedActionLogSteps.ThenGoalActionIsDisplayedAtInExpandedActionLog("Shot", 2) (0.0s)&#xD;
And Action at position 2 half is displayed as "H1"&#xD;
-&gt; done: ExpandedActionLogSteps.ThenActionAtPositionHalfIsDisplayedAs(2, "H1") (0.0s)&#xD;
And Action at position 2 time is displayed as "00:28"&#xD;
-&gt; done: ExpandedActionLogSteps.ThenActionAtPositionTimeIsDisplayedAs(2, "00:28") (0.1s)&#xD;
And at 2 position action has one qualifier with name "Blocked"&#xD;
-&gt; done: ExpandedActionLogSteps.ThenAtPositionActionHasOneQualifierWithName(2, "Blocked") (0.1s)&#xD;
And Action at position 2 do not have score&#xD;
-&gt; done: ExpandedActionLogSteps.ThenActionAtPositionDoNotHaveScore(2) (0.0s)&#xD;
And Action at position 2 contains team 2 name&#xD;
-&gt; done: ExpandedActionLogSteps.ThenActionAtPositionContainsTeam(2, 2) (0.0s)&#xD;
And Action at position 2 player is displayed as 3 on "2" team&#xD;
-&gt; done: ExpandedActionLogSteps.ThenActionAtPositionPlayerIsDisplayedAs(2, 3, 2) (0.1s)&#xD;
sandbox: CleanUpAfterTestRun started.&#xD;
sandbox: application pages != null: True&#xD;
sandbox: web driver!= null: True&#xD;
sandbox: CleanUpAfterTestRun complete.</StdOut>
      </Output>
    </UnitTestResult>
    <UnitTestResult executionId="3c04656c-4b8e-4392-ab7f-0f73dbe6b0a5" testId="a71d81d8-818f-8723-f181-8345e4a8cc35" testName="GivenEjectedPlayerAndGoalInsertWithEjectedPlayers_WhenGoalPlayerUpdatedToOtherEjected_ThenFlagsAreUpdated" computerName="EC2AMAZ-JEOO151" duration="00:00:24.4650000" startTime="2019-07-11T21:24:37.0000000+00:00" endTime="2019-07-11T21:25:01.0000000+00:00" testType="13cdc9d9-ddb5-4fa4-a97d-d965ccfc6d4b" outcome="Passed" testListId="8c84fa94-04c1-424b-9868-57a2d4851a1d" relativeResultsDirectory="3c04656c-4b8e-4392-ab7f-0f73dbe6b0a5">
      <Output>
        <StdOut>sandbox: PrepareForTestRun started.&#xD;
sandbox: football liveStatsApp != null: True &#xD;
sandbox: football liveStatsApp.IsProcessRunning: True &#xD;
sandbox: setupLocalData: localDatabaseProvider != null: True&#xD;
sandbox: applicationPages != null: True&#xD;
sandbox: applicationPages.Webdriver != null: True&#xD;
sandbox: finished setuping local data&#xD;
sandbox: PrepareForTestRun complete.&#xD;
sandbox: CleanUpAfterTestRun started.&#xD;
sandbox: application pages != null: True&#xD;
sandbox: web driver!= null: True&#xD;
sandbox: CleanUpAfterTestRun complete.</StdOut>
      </Output>
    </UnitTestResult>
    <UnitTestResult executionId="bf65b711-d09d-4559-b09f-de71d58bdbe3" testId="cda5a7e7-0681-8eb0-815d-fcce846114b2" testName="VarBeforeConfirmingTheCard(&quot;2&quot;,&quot;Yellow&quot;,&quot;1&quot;,null)" computerName="EC2AMAZ-JEOO151" duration="00:00:05.0980000" startTime="2019-07-11T19:55:03.0000000+00:00" endTime="2019-07-11T19:55:08.0000000+00:00" testType="13cdc9d9-ddb5-4fa4-a97d-d965ccfc6d4b" outcome="Passed" testListId="8c84fa94-04c1-424b-9868-57a2d4851a1d" relativeResultsDirectory="bf65b711-d09d-4559-b09f-de71d58bdbe3">
      <Output>
        <StdOut>sandbox: PrepareForTestRun started.&#xD;
sandbox: football liveStatsApp != null: True &#xD;
sandbox: football liveStatsApp.IsProcessRunning: True &#xD;
sandbox: setupLocalData: localDatabaseProvider != null: True&#xD;
sandbox: applicationPages != null: True&#xD;
sandbox: applicationPages.Webdriver != null: True&#xD;
sandbox: finished setuping local data&#xD;
sandbox: PrepareForTestRun complete.&#xD;
Given Match started with kick off from existing game&#xD;
-&gt; done: SetupGameSteps.GivenMatchStartedWithKickOffButtonFromExistingGame() (3.2s)&#xD;
When I click on team 2 possible "Yellow"&#xD;
-&gt; done: TeamActionButtonSteps.StartPossibleCardRegistration(2, Yellow) (0.6s)&#xD;
And I click "Yellow" card button&#xD;
-&gt; done: TeamActionButtonSteps.WhenIClickCardButton("Yellow") (0.1s)&#xD;
And I click "Possible VAR" button in workflow&#xD;
-&gt; done: WorkflowSteps.WhenIClickPossibleVarButtonInWorkflow() (0.1s)&#xD;
Then confirm VAR dialog is displayed&#xD;
-&gt; done: WorkflowSteps.ThenConfirmVarDialogIsDisplayed() (0.2s)&#xD;
And "Yes" VAR dialog button is shown&#xD;
-&gt; done: WorkflowSteps.ThenVarDialogButtonIsShown("Yes") (0.0s)&#xD;
And "No" VAR dialog button is shown&#xD;
-&gt; done: WorkflowSteps.ThenVarDialogButtonIsShown("No") (0.0s)&#xD;
sandbox: CleanUpAfterTestRun started.&#xD;
sandbox: application pages != null: True&#xD;
sandbox: web driver!= null: True&#xD;
sandbox: CleanUpAfterTestRun complete.</StdOut>
      </Output>
    </UnitTestResult>
    <UnitTestResult executionId="69229e11-0b60-4be1-9689-b58b76628e66" testId="4f314e5c-ac18-1029-31e1-e89c7b001012" testName="ClearPitchIsVisibleInGoalInsert(&quot;set&quot;,null)" computerName="EC2AMAZ-JEOO151" duration="00:00:14.4000000" startTime="2019-07-11T18:21:01.0000000+00:00" endTime="2019-07-11T18:21:15.0000000+00:00" testType="13cdc9d9-ddb5-4fa4-a97d-d965ccfc6d4b" outcome="Passed" testListId="8c84fa94-04c1-424b-9868-57a2d4851a1d" relativeResultsDirectory="69229e11-0b60-4be1-9689-b58b76628e66">
      <Output>
        <StdOut>sandbox: PrepareForTestRun started.&#xD;
sandbox: football liveStatsApp != null: True &#xD;
sandbox: football liveStatsApp.IsProcessRunning: True &#xD;
sandbox: setupLocalData: localDatabaseProvider != null: True&#xD;
sandbox: applicationPages != null: True&#xD;
sandbox: applicationPages.Webdriver != null: True&#xD;
sandbox: finished setuping local data&#xD;
sandbox: PrepareForTestRun complete.&#xD;
Given Match started with kick off from existing game&#xD;
-&gt; done: SetupGameSteps.GivenMatchStartedWithKickOffButtonFromExistingGame() (3.3s)&#xD;
And "Top right" corner added for Team 1&#xD;
Given action failed. Retrying after a timeout.&#xD;
-&gt; done: CornerSteps.GivenCornerAddedForTeam("Top right", 1) (3.4s)&#xD;
And "Yellow" Card for Team 1 is registered&#xD;
-&gt; done: CardSteps.GivenCardForTeamIsRegistered(Yellow, 1) (3.1s)&#xD;
And I clicked on latest "Corner" event in action log&#xD;
-&gt; done: ActionLogSteps.GivenIClickOnLatestEventInActionLog(Corner) (0.2s)&#xD;
And I entered new conceded event time of "0030"&#xD;
-&gt; done: EditFormSteps.GivenIEnterNewConcededEventTimeOf("0030") (1.0s)&#xD;
And I clicked Save button in action edit form&#xD;
-&gt; done: EditFormSteps.ClickSaveButtonInActionEditForm() (0.7s)&#xD;
And I remembered current players on pitch shirt numbers&#xD;
-&gt; done: GoalEditSteps.GivenIRememberCurrentPlayersOnPitch() (1.1s)&#xD;
When I click Expand Action log button&#xD;
-&gt; done: ActionLogSteps.WhenIClickExpandActionLogButton() (0.2s)&#xD;
And I click last action in expanded action log&#xD;
-&gt; done: ExpandedActionLogSteps.WhenIClickLastActionInExpandedActionLog() (0.1s)&#xD;
And I click insert after button in expanded action log&#xD;
-&gt; done: ExpandedActionLogSteps.WhenIClickInsertAfterButtonInExpandedActionLog() (0.1s)&#xD;
And I click insert Goal button in insert after dropdown&#xD;
-&gt; done: ExpandedActionLogSteps.WhenIClickInsertGoalButtonInInsertAfterDropdown() (0.1s)&#xD;
And I click "set" pitch location button in insert window&#xD;
-&gt; done: MiniPitchEditPageElementSteps.WhenIClickSetButtonForFreeKickLocation() (0.1s)&#xD;
And I click on expanded pitch view x 10 y 50&#xD;
-&gt; done: ExpandedPitchPositionDialogSteps.GivenIClickOnExpandedPitchViewXY(10, 50) (0.1s)&#xD;
Then Clear Pitch button is visible&#xD;
-&gt; done: GoalEditSteps.ThenClearPitchButtonIsVisible() (0.0s)&#xD;
sandbox: CleanUpAfterTestRun started.&#xD;
sandbox: application pages != null: True&#xD;
sandbox: web driver!= null: True&#xD;
sandbox: CleanUpAfterTestRun complete.</StdOut>
      </Output>
    </UnitTestResult>
    <UnitTestResult executionId="41351b0a-fd7c-4543-a41e-06d54578d162" testId="dd031793-9835-a725-1ec8-295ead7214c7" testName="InsertInjuryAfterOrBeforeLastEvent(&quot;before&quot;,&quot;0025&quot;,&quot;00:25&quot;,&quot;1&quot;,&quot;2&quot;,null)" computerName="EC2AMAZ-JEOO151" duration="00:00:18.5990000" startTime="2019-07-11T18:45:58.0000000+00:00" endTime="2019-07-11T18:46:17.0000000+00:00" testType="13cdc9d9-ddb5-4fa4-a97d-d965ccfc6d4b" outcome="Passed" testListId="8c84fa94-04c1-424b-9868-57a2d4851a1d" relativeResultsDirectory="41351b0a-fd7c-4543-a41e-06d54578d162">
      <Output>
        <StdOut>sandbox: PrepareForTestRun started.&#xD;
sandbox: football liveStatsApp != null: True &#xD;
sandbox: football liveStatsApp.IsProcessRunning: True &#xD;
sandbox: setupLocalData: localDatabaseProvider != null: True&#xD;
sandbox: applicationPages != null: True&#xD;
sandbox: applicationPages.Webdriver != null: True&#xD;
sandbox: finished setuping local data&#xD;
sandbox: PrepareForTestRun complete.&#xD;
Given Match started with kick off from existing game&#xD;
-&gt; done: SetupGameSteps.GivenMatchStartedWithKickOffButtonFromExistingGame() (3.3s)&#xD;
And "Yellow" Card for Team 1 is registered&#xD;
Given action failed. Retrying after a timeout.&#xD;
-&gt; done: CardSteps.GivenCardForTeamIsRegistered(Yellow, 1) (3.6s)&#xD;
And "Top right" corner added for Team 1&#xD;
Given action failed. Retrying after a timeout.&#xD;
-&gt; done: CornerSteps.GivenCornerAddedForTeam("Top right", 1) (3.0s)&#xD;
And I clicked on latest "Corner" event in action log&#xD;
-&gt; done: ActionLogSteps.GivenIClickOnLatestEventInActionLog(Corner) (0.2s)&#xD;
And I entered new conceded event time of "0030"&#xD;
-&gt; done: EditFormSteps.GivenIEnterNewConcededEventTimeOf("0030") (1.0s)&#xD;
And I clicked Save button in action edit form&#xD;
-&gt; done: EditFormSteps.ClickSaveButtonInActionEditForm() (0.6s)&#xD;
And I remembered current players on pitch shirt numbers&#xD;
-&gt; done: GoalEditSteps.GivenIRememberCurrentPlayersOnPitch() (1.1s)&#xD;
When I click Expand Action log button&#xD;
-&gt; done: ActionLogSteps.WhenIClickExpandActionLogButton() (0.2s)&#xD;
And I click last action in expanded action log&#xD;
-&gt; done: ExpandedActionLogSteps.WhenIClickLastActionInExpandedActionLog() (0.1s)&#xD;
And I click insert before button in expanded action log&#xD;
-&gt; done: ExpandedActionLogSteps.WhenIClickInsertBeforeButtonInExpandedActionLog() (0.1s)&#xD;
And I click insert Injury button in insert before dropdown&#xD;
-&gt; done: ExpandedActionLogSteps.WhenIClickInsertInjuryButtonInInsertBeforeDropdown() (0.1s)&#xD;
And I enter new conceded event time of "0025"&#xD;
-&gt; done: EditFormSteps.GivenIEnterNewConcededEventTimeOf("0025") (0.9s)&#xD;
And I click off-pitch&#xD;
-&gt; done: PlayerInjuryEditSteps.WhenIClickOffPitchInjury() (0.1s)&#xD;
And I update injury with team 1, player 4 in edit window&#xD;
-&gt; done: PlayerInjuryEditSteps.WhenIUpdateInjuryWithTeamPlayer(1, 4) (0.3s)&#xD;
And I click Save button in action edit form&#xD;
-&gt; done: EditFormSteps.ClickSaveButtonInActionEditForm() (0.6s)&#xD;
Then Injury insert view is not visible&#xD;
Failed to find element with query '[data-qa='InjuryEditPage']'. Web driver timeout exception.&#xD;
-&gt; done: PlayerInjuryEditSteps.ThenGoalKickEditViewIsNotVisible() (2.1s)&#xD;
And "Injury" Action is displayed at 2 in expanded action log&#xD;
-&gt; done: ExpandedActionLogSteps.ThenGoalActionIsDisplayedAtInExpandedActionLog("Injury", 2) (0.0s)&#xD;
And Action at position 2 half is displayed as "H1"&#xD;
-&gt; done: ExpandedActionLogSteps.ThenActionAtPositionHalfIsDisplayedAs(2, "H1") (0.0s)&#xD;
And Action at position 2 time is displayed as "00:25"&#xD;
-&gt; done: ExpandedActionLogSteps.ThenActionAtPositionTimeIsDisplayedAs(2, "00:25") (0.0s)&#xD;
And Action at position 2 do not have first qualifier&#xD;
-&gt; done: ExpandedActionLogSteps.ThenActionAtPositionDoNotHaveFirstQualifier(2) (0.0s)&#xD;
And Action at position 2 do not have second qualifier&#xD;
-&gt; done: ExpandedActionLogSteps.ThenActionAtPositionDoNotHaveSecondQualifier(2) (0.0s)&#xD;
And Action at position 2 do not have score&#xD;
-&gt; done: ExpandedActionLogSteps.ThenActionAtPositionDoNotHaveScore(2) (0.0s)&#xD;
And Action at position 2 contains team 1 name&#xD;
-&gt; done: ExpandedActionLogSteps.ThenActionAtPositionContainsTeam(2, 1) (0.1s)&#xD;
And Action at position 2 player is displayed as 4 on "1" team&#xD;
-&gt; done: ExpandedActionLogSteps.ThenActionAtPositionPlayerIsDisplayedAs(2, 4, 1) (0.1s)&#xD;
sandbox: CleanUpAfterTestRun started.&#xD;
sandbox: application pages != null: True&#xD;
sandbox: web driver!= null: True&#xD;
sandbox: CleanUpAfterTestRun complete.</StdOut>
      </Output>
    </UnitTestResult>
    <UnitTestResult executionId="dec3456b-c391-4a90-b992-5e7ab3909155" testId="058247e4-847f-9bac-9115-e6e6e1d7b680" testName="CancellingGoalWorkflowResumesFreeKickWorkflow(&quot;location&quot;,&quot;1&quot;,null)" computerName="EC2AMAZ-JEOO151" duration="00:00:05.8800000" startTime="2019-07-11T18:58:16.0000000+00:00" endTime="2019-07-11T18:58:22.0000000+00:00" testType="13cdc9d9-ddb5-4fa4-a97d-d965ccfc6d4b" outcome="Passed" testListId="8c84fa94-04c1-424b-9868-57a2d4851a1d" relativeResultsDirectory="dec3456b-c391-4a90-b992-5e7ab3909155">
      <Output>
        <StdOut>sandbox: PrepareForTestRun started.&#xD;
sandbox: football liveStatsApp != null: True &#xD;
sandbox: football liveStatsApp.IsProcessRunning: True &#xD;
sandbox: setupLocalData: localDatabaseProvider != null: True&#xD;
sandbox: applicationPages != null: True&#xD;
sandbox: applicationPages.Webdriver != null: True&#xD;
sandbox: finished setuping local data&#xD;
sandbox: PrepareForTestRun complete.&#xD;
Given Match started with kick off from existing game&#xD;
-&gt; done: SetupGameSteps.GivenMatchStartedWithKickOffButtonFromExistingGame() (3.3s)&#xD;
Given Free kick for team "1" workflow entered till location selection&#xD;
-&gt; done: FreeKickSteps.GivenFreeKickForTeamAndWorkflowEnteredTillLocationSelection(1) (0.6s)&#xD;
When I click goal for team 1 button&#xD;
Given action failed. Retrying after a timeout.&#xD;
-&gt; done: TeamActionButtonSteps.GivenIClickGoalForTeamButton(1) (0.5s)&#xD;
And I Click "back" Button on the pitch screen&#xD;
-&gt; done: WorkflowSteps.WhenIClickBackButton() (0.3s)&#xD;
Then Latest freekick event is in progress&#xD;
-&gt; done: ActionLogSteps.ThenFreekickEventIsNotCompleted() (0.1s)&#xD;
And Current free kick step is location selection&#xD;
-&gt; done: FreeKickSteps.ThenCurrentFreeKickStepIsLocationSelection() (0.2s)&#xD;
And Latest action in log is of type "FreeKick"&#xD;
-&gt; done: ActionLogSteps.ThenLatestActionIsOfTypeGoal(FreeKick) (0.0s)&#xD;
And Latest action of type "FreeKick" is not flagged&#xD;
-&gt; done: ActionLogSteps.ThenLatestEventInActionLogOfTypeIsNotFlagged(FreeKick) (0.0s)&#xD;
sandbox: CleanUpAfterTestRun started.&#xD;
sandbox: application pages != null: True&#xD;
sandbox: web driver!= null: True&#xD;
sandbox: CleanUpAfterTestRun complete.</StdOut>
      </Output>
    </UnitTestResult>
    <UnitTestResult executionId="ec43e91a-e8f5-4309-82a7-d26ec6ba9c82" testId="2367d3ae-ffdb-2f98-2971-2356e90fe0de" testName="SelectVarReasonAndOutcome(&quot;Stands&quot;,&quot;Offside&quot;,null)" computerName="EC2AMAZ-JEOO151" duration="00:00:14.3330000" startTime="2019-07-11T18:29:11.0000000+00:00" endTime="2019-07-11T18:29:25.0000000+00:00" testType="13cdc9d9-ddb5-4fa4-a97d-d965ccfc6d4b" outcome="Passed" testListId="8c84fa94-04c1-424b-9868-57a2d4851a1d" relativeResultsDirectory="ec43e91a-e8f5-4309-82a7-d26ec6ba9c82">
      <Output>
        <StdOut>sandbox: PrepareForTestRun started.&#xD;
sandbox: football liveStatsApp != null: True &#xD;
sandbox: football liveStatsApp.IsProcessRunning: True &#xD;
sandbox: setupLocalData: localDatabaseProvider != null: True&#xD;
sandbox: applicationPages != null: True&#xD;
sandbox: applicationPages.Webdriver != null: True&#xD;
sandbox: finished setuping local data&#xD;
sandbox: PrepareForTestRun complete.&#xD;
Given Match started with kick off from existing game&#xD;
-&gt; done: SetupGameSteps.GivenMatchStartedWithKickOffButtonFromExistingGame() (3.4s)&#xD;
And "Top right" corner added for Team 1&#xD;
-&gt; done: CornerSteps.GivenCornerAddedForTeam("Top right", 1) (3.1s)&#xD;
And "Yellow" Card for Team 1 is registered&#xD;
Given action failed. Retrying after a timeout.&#xD;
-&gt; done: CardSteps.GivenCardForTeamIsRegistered(Yellow, 1) (3.3s)&#xD;
And I clicked on latest "Corner" event in action log&#xD;
-&gt; done: ActionLogSteps.GivenIClickOnLatestEventInActionLog(Corner) (0.2s)&#xD;
And I entered new conceded event time of "0030"&#xD;
-&gt; done: EditFormSteps.GivenIEnterNewConcededEventTimeOf("0030") (1.0s)&#xD;
And I clicked Save button in action edit form&#xD;
-&gt; done: EditFormSteps.ClickSaveButtonInActionEditForm() (0.6s)&#xD;
And I remembered current players on pitch shirt numbers&#xD;
-&gt; done: GoalEditSteps.GivenIRememberCurrentPlayersOnPitch() (1.1s)&#xD;
When I click Expand Action log button&#xD;
-&gt; done: ActionLogSteps.WhenIClickExpandActionLogButton() (0.1s)&#xD;
And I click last action in expanded action log&#xD;
-&gt; done: ExpandedActionLogSteps.WhenIClickLastActionInExpandedActionLog() (0.1s)&#xD;
And I click insert after button in expanded action log&#xD;
-&gt; done: ExpandedActionLogSteps.WhenIClickInsertAfterButtonInExpandedActionLog() (0.1s)&#xD;
And I click insert Goal button in insert after dropdown&#xD;
-&gt; done: ExpandedActionLogSteps.WhenIClickInsertGoalButtonInInsertAfterDropdown() (0.1s)&#xD;
And I click "VAR" toggle&#xD;
-&gt; done: EditFormSteps.GivenIClickToggleToEnable() (0.1s)&#xD;
And I click Var "Stands" button&#xD;
-&gt; done: EditFormSteps.WhenIClickVarStandsButton() (0.1s)&#xD;
And I click VAR reason button&#xD;
-&gt; done: EditFormSteps.WhenIClickVarReasonButton() (0.0s)&#xD;
And I select VAR reason Offside&#xD;
-&gt; done: EditFormSteps.WhenISelectVarReason("Offside") (0.1s)&#xD;
Then Save button is disabled in action edit form&#xD;
-&gt; done: EditFormSteps.SaveButtonIsDisabled() (0.0s)&#xD;
sandbox: CleanUpAfterTestRun started.&#xD;
sandbox: application pages != null: True&#xD;
sandbox: web driver!= null: True&#xD;
sandbox: CleanUpAfterTestRun complete.</StdOut>
      </Output>
    </UnitTestResult>
    <UnitTestResult executionId="32f52e3c-c6a0-4b5f-bfc9-ac074a7db56b" testId="3cca0e93-b7e4-f8d6-68da-a0929d9a8de5" testName="NoOnVARForPenaltySecondStep(&quot;1&quot;,null)" computerName="EC2AMAZ-JEOO151" duration="00:00:10.6670000" startTime="2019-07-11T19:58:32.0000000+00:00" endTime="2019-07-11T19:58:43.0000000+00:00" testType="13cdc9d9-ddb5-4fa4-a97d-d965ccfc6d4b" outcome="Passed" testListId="8c84fa94-04c1-424b-9868-57a2d4851a1d" relativeResultsDirectory="32f52e3c-c6a0-4b5f-bfc9-ac074a7db56b">
      <Output>
        <StdOut>sandbox: PrepareForTestRun started.&#xD;
sandbox: football liveStatsApp != null: True &#xD;
sandbox: football liveStatsApp.IsProcessRunning: True &#xD;
sandbox: setupLocalData: localDatabaseProvider != null: True&#xD;
sandbox: applicationPages != null: True&#xD;
sandbox: applicationPages.Webdriver != null: True&#xD;
sandbox: finished setuping local data&#xD;
sandbox: PrepareForTestRun complete.&#xD;
Given Match started with kick off from existing game&#xD;
-&gt; done: SetupGameSteps.GivenMatchStartedWithKickOffButtonFromExistingGame() (3.3s)&#xD;
When I click "Possible Penalty" button for team 1&#xD;
-&gt; done: TeamActionButtonSteps.GivenIClickPossiblePenaltyButtonForTeam(1) (0.6s)&#xD;
And I click on pitch x 90 and y 50&#xD;
Failed to find element with query '[data-qa='activePitchOverlay']'. Web driver timeout exception.&#xD;
Given action failed. Retrying after a timeout.&#xD;
Failed to find element with query '[data-qa='activePitchOverlay']'. Web driver timeout exception.&#xD;
-&gt; done: PitchScreenSteps.WhenIClickOnPitch(90, 50) (4.4s)&#xD;
And I click "Possible VAR" Button&#xD;
-&gt; done: WorkflowSteps.WhenIClickButton() (0.1s)&#xD;
And I click "No" button in confirmation dialog&#xD;
-&gt; done: WorkflowSteps.WhenIClickNoButtonInConfirmationDialog() (0.2s)&#xD;
Then VAR label is shown in Penalty event action log&#xD;
-&gt; done: ActionLogSteps.ThenOffenceIsShownInPenaltyEventActionLog("VAR", Penalty) (0.2s)&#xD;
And VAR label of "Penalty" event in action log is in team 1 color&#xD;
-&gt; done: ActionLogSteps.ThenSubItemOfEventInActionLogIsInTeamColor("VAR", Penalty, 1) (0.1s)&#xD;
And VAR label of "Penalty" event in action log contains "Penalty Overturned" message&#xD;
-&gt; done: ActionLogSteps.ThenSubItemOfEventInActionLogIsInTeamColor("VAR", Penalty, "Penalty Overturned") (0.1s)&#xD;
And Latest "Penalty" event is completed&#xD;
-&gt; done: ActionLogSteps.ThenLatestEventIsConfirmed(Penalty) (0.0s)&#xD;
And Action Buttons are enabled&#xD;
-&gt; done: TeamActionButtonSteps.ThenActionButtonsAreEnabled() (0.7s)&#xD;
sandbox: CleanUpAfterTestRun started.&#xD;
sandbox: application pages != null: True&#xD;
sandbox: web driver!= null: True&#xD;
sandbox: CleanUpAfterTestRun complete.</StdOut>
      </Output>
    </UnitTestResult>
    <UnitTestResult executionId="15ec6149-a1d3-421f-a6be-25766d4a2f07" testId="df410fd5-2617-1d60-2c44-580d11f442e1" testName="PlayersTabFieldsAreDisplayed" computerName="EC2AMAZ-JEOO151" duration="00:00:10.2400000" startTime="2019-07-11T17:38:40.0000000+00:00" endTime="2019-07-11T17:38:50.0000000+00:00" testType="13cdc9d9-ddb5-4fa4-a97d-d965ccfc6d4b" outcome="Passed" testListId="8c84fa94-04c1-424b-9868-57a2d4851a1d" relativeResultsDirectory="15ec6149-a1d3-421f-a6be-25766d4a2f07">
      <Output>
        <StdOut>sandbox: PrepareForTestRun started.&#xD;
sandbox: football liveStatsApp != null: True &#xD;
sandbox: football liveStatsApp.IsProcessRunning: True &#xD;
sandbox: setupLocalData: localDatabaseProvider != null: True&#xD;
sandbox: applicationPages != null: True&#xD;
sandbox: applicationPages.Webdriver != null: True&#xD;
sandbox: finished setuping local data&#xD;
sandbox: PrepareForTestRun complete.&#xD;
Given I am in players tab&#xD;
-&gt; done: PlayersTabSteps.GivenIAmInPlayersTab() (3.0s)&#xD;
Then Team 1 player table is displayed&#xD;
-&gt; done: PlayersTabSteps.ThenTeamPlayerTableIsDisplayed(1) (0.1s)&#xD;
And Team 2 player table is displayed&#xD;
-&gt; done: PlayersTabSteps.ThenTeamPlayerTableIsDisplayed(2) (0.1s)&#xD;
And table columns "No.", "First Name", "Last Name" and "Position" are displayed&#xD;
-&gt; done: PlayersTabSteps.ThenTableColumnsNoFirstNameLastNameAndPositionAreDisplayed() (3.0s)&#xD;
And "Capt.", "Playing" and "Starter" boxes are displayed for every line&#xD;
-&gt; done: PlayersTabSteps.ThenCaptPlayingAndStarterBoxesAreDisplayedForEveryLine() (2.3s)&#xD;
And (+) sign is displayed at the bottom of the table with "Add Player" line title&#xD;
-&gt; done: PlayersTabSteps.ThenPlusSignIsDisplayedAtTheBottomOfTheTableWithAddPlayerTitle() (0.1s)&#xD;
sandbox: CleanUpAfterTestRun started.&#xD;
sandbox: application pages != null: True&#xD;
sandbox: web driver!= null: True&#xD;
Given action failed. Retrying after a timeout. Most likely UI was not fast enough to refresh itself.&#xD;
sandbox: CleanUpAfterTestRun complete.</StdOut>
      </Output>
    </UnitTestResult>
    <UnitTestResult executionId="6344403a-361c-41e2-9a0e-e7db2b563461" testId="a2435da7-1509-ea03-f1cb-1c86c07f2c74" testName="ActionTimeUpdatedForFreeKick" computerName="EC2AMAZ-JEOO151" duration="00:00:08.8820000" startTime="2019-07-11T17:55:30.0000000+00:00" endTime="2019-07-11T17:55:39.0000000+00:00" testType="13cdc9d9-ddb5-4fa4-a97d-d965ccfc6d4b" outcome="Passed" testListId="8c84fa94-04c1-424b-9868-57a2d4851a1d" relativeResultsDirectory="6344403a-361c-41e2-9a0e-e7db2b563461">
      <Output>
        <StdOut>sandbox: PrepareForTestRun started.&#xD;
sandbox: football liveStatsApp != null: True &#xD;
sandbox: football liveStatsApp.IsProcessRunning: True &#xD;
sandbox: setupLocalData: localDatabaseProvider != null: True&#xD;
sandbox: applicationPages != null: True&#xD;
sandbox: applicationPages.Webdriver != null: True&#xD;
sandbox: finished setuping local data&#xD;
sandbox: PrepareForTestRun complete.&#xD;
Given Match started with kick off from existing game&#xD;
-&gt; done: SetupGameSteps.GivenMatchStartedWithKickOffButtonFromExistingGame() (3.3s)&#xD;
And I remembered current players on pitch shirt numbers&#xD;
-&gt; done: GoalEditSteps.GivenIRememberCurrentPlayersOnPitch() (1.6s)&#xD;
Given Freekick for Team 1 is registered&#xD;
Given action failed. Retrying after a timeout.&#xD;
-&gt; done: FreeKickSteps.GivenFreekickForTeamIsRegistered(1) (1.2s)&#xD;
When I click on latest "FreeKick" event in action log&#xD;
-&gt; done: ActionLogSteps.GivenIClickOnLatestEventInActionLog(FreeKick) (0.2s)&#xD;
And I change action time to 1020&#xD;
-&gt; done: EditFormSteps.WhenIChangeActionTimeTo("1020") (1.0s)&#xD;
And I click Save button in action edit form&#xD;
-&gt; done: EditFormSteps.ClickSaveButtonInActionEditForm() (0.6s)&#xD;
Then Latest "Free Kick" event in action log conceded time is "10:20"&#xD;
-&gt; done: ActionLogSteps.ThenLatestEventInActionLogConcededTimeIs(FreeKick, "10:20") (0.0s)&#xD;
sandbox: CleanUpAfterTestRun started.&#xD;
sandbox: application pages != null: True&#xD;
sandbox: web driver!= null: True&#xD;
sandbox: CleanUpAfterTestRun complete.</StdOut>
      </Output>
    </UnitTestResult>
    <UnitTestResult executionId="905e34bc-8e22-4f6c-8e73-813aa49e1e57" testId="2366ccf7-6468-7c28-2426-a0d267bd2de4" testName="InsertGoalKickAfterOrBeforeLastEvent(&quot;after&quot;,&quot;0035&quot;,&quot;00:35&quot;,&quot;1&quot;,&quot;1&quot;,&quot;left&quot;,null)" computerName="EC2AMAZ-JEOO151" duration="00:00:20.7160000" startTime="2019-07-11T18:16:49.0000000+00:00" endTime="2019-07-11T18:17:09.0000000+00:00" testType="13cdc9d9-ddb5-4fa4-a97d-d965ccfc6d4b" outcome="Passed" testListId="8c84fa94-04c1-424b-9868-57a2d4851a1d" relativeResultsDirectory="905e34bc-8e22-4f6c-8e73-813aa49e1e57">
      <Output>
        <StdOut>sandbox: PrepareForTestRun started.&#xD;
sandbox: football liveStatsApp != null: True &#xD;
sandbox: football liveStatsApp.IsProcessRunning: True &#xD;
sandbox: setupLocalData: localDatabaseProvider != null: True&#xD;
sandbox: applicationPages != null: True&#xD;
sandbox: applicationPages.Webdriver != null: True&#xD;
sandbox: finished setuping local data&#xD;
sandbox: PrepareForTestRun complete.&#xD;
Given Match started with kick off from existing game&#xD;
-&gt; done: SetupGameSteps.GivenMatchStartedWithKickOffButtonFromExistingGame() (3.4s)&#xD;
And "Yellow" Card for Team 1 is registered&#xD;
-&gt; done: CardSteps.GivenCardForTeamIsRegistered(Yellow, 1) (3.4s)&#xD;
And "Top right" corner added for Team 1&#xD;
Given action failed. Retrying after a timeout.&#xD;
-&gt; done: CornerSteps.GivenCornerAddedForTeam("Top right", 1) (3.0s)&#xD;
And I clicked on latest "Corner" event in action log&#xD;
-&gt; done: ActionLogSteps.GivenIClickOnLatestEventInActionLog(Corner) (0.3s)&#xD;
And I entered new conceded event time of "0030"&#xD;
-&gt; done: EditFormSteps.GivenIEnterNewConcededEventTimeOf("0030") (1.0s)&#xD;
And I clicked Save button in action edit form&#xD;
-&gt; done: EditFormSteps.ClickSaveButtonInActionEditForm() (0.6s)&#xD;
When I click Expand Action log button&#xD;
-&gt; done: ActionLogSteps.WhenIClickExpandActionLogButton() (0.1s)&#xD;
And I click last action in expanded action log&#xD;
-&gt; done: ExpandedActionLogSteps.WhenIClickLastActionInExpandedActionLog() (0.1s)&#xD;
And I click insert after button in expanded action log&#xD;
-&gt; done: ExpandedActionLogSteps.WhenIClickInsertAfterButtonInExpandedActionLog() (0.1s)&#xD;
And I click insert Goal Kick button in insert after dropdown&#xD;
-&gt; done: ExpandedActionLogSteps.WhenIClickInsertGoalKickButtonInInsertAfterDropdown() (0.1s)&#xD;
And I enter new conceded event time of "0035"&#xD;
-&gt; done: EditFormSteps.GivenIEnterNewConcededEventTimeOf("0035") (1.0s)&#xD;
And I enter new taken event time of "0035"&#xD;
-&gt; done: EditFormSteps.GivenIEnterNewTakenEventTimeOf("0035") (1.1s)&#xD;
And I click team 1 in edit form&#xD;
-&gt; done: EditFormSteps.WhenIClickTeamInEditForm(1) (0.1s)&#xD;
And I change ball landing location to x 10 and y 80&#xD;
-&gt; done: GoalKickEditSteps.WhenIChangeBallLandingLocationToXAndY(10, 80) (0.3s)&#xD;
And I change taken from location to bottom in left goal box area&#xD;
Failed to find data-qa element with tag 'setPitchLocationButton'. No such element exception.&#xD;
-&gt; done: GoalKickEditSteps.WhenIChangeGoalKickTakenFromLocationToBottom() (2.3s)&#xD;
And I click Save button in action edit form&#xD;
-&gt; done: EditFormSteps.ClickSaveButtonInActionEditForm() (0.6s)&#xD;
Then Goal kick insert view is not visible&#xD;
Failed to find element with query '[data-qa='goalKickEditScreen']'. Web driver timeout exception.&#xD;
-&gt; done: GoalKickEditSteps.ThenGoalKickEditViewIsNotVisible() (2.0s)&#xD;
And "Goal Kick" Action is displayed at 1 in expanded action log&#xD;
-&gt; done: ExpandedActionLogSteps.ThenGoalActionIsDisplayedAtInExpandedActionLog("Goal Kick", 1) (0.0s)&#xD;
And Action at position 1 half is displayed as "H1"&#xD;
-&gt; done: ExpandedActionLogSteps.ThenActionAtPositionHalfIsDisplayedAs(1, "H1") (0.1s)&#xD;
And Action at position 1 time is displayed as "00:35"&#xD;
-&gt; done: ExpandedActionLogSteps.ThenActionAtPositionTimeIsDisplayedAs(1, "00:35") (0.0s)&#xD;
And Action at position 1 do not have first qualifier&#xD;
-&gt; done: ExpandedActionLogSteps.ThenActionAtPositionDoNotHaveFirstQualifier(1) (0.0s)&#xD;
And Action at position 1 do not have second qualifier&#xD;
-&gt; done: ExpandedActionLogSteps.ThenActionAtPositionDoNotHaveSecondQualifier(1) (0.0s)&#xD;
And Action at position 1 do not have score&#xD;
-&gt; done: ExpandedActionLogSteps.ThenActionAtPositionDoNotHaveScore(1) (0.0s)&#xD;
And Action at position 1 contains team 1 name&#xD;
-&gt; done: ExpandedActionLogSteps.ThenActionAtPositionContainsTeam(1, 1) (0.0s)&#xD;
And Action at position 1 do not have player&#xD;
-&gt; done: ExpandedActionLogSteps.ThenActionAtPositionDoNotHavePlayer(1) (0.0s)&#xD;
sandbox: CleanUpAfterTestRun started.&#xD;
sandbox: application pages != null: True&#xD;
sandbox: web driver!= null: True&#xD;
sandbox: CleanUpAfterTestRun complete.</StdOut>
      </Output>
    </UnitTestResult>
    <UnitTestResult executionId="49b050ea-60ae-44ca-9133-f39ac44efd2e" testId="86681a82-a690-acbb-ae4e-f3670320a582" testName="GivenGame_WhenUpdatingTeamFormations_ThenFormationsUpdated(&quot;4-1-4-1&quot;,&quot;4-4-2&quot;)" computerName="EC2AMAZ-JEOO151" duration="00:00:14.2890000" startTime="2019-07-11T20:08:29.0000000+00:00" endTime="2019-07-11T20:08:43.0000000+00:00" testType="13cdc9d9-ddb5-4fa4-a97d-d965ccfc6d4b" outcome="Passed" testListId="8c84fa94-04c1-424b-9868-57a2d4851a1d" relativeResultsDirectory="49b050ea-60ae-44ca-9133-f39ac44efd2e">
      <Output>
        <StdOut>sandbox: PrepareForTestRun started.&#xD;
sandbox: football liveStatsApp != null: True &#xD;
sandbox: football liveStatsApp.IsProcessRunning: True &#xD;
sandbox: setupLocalData: localDatabaseProvider != null: True&#xD;
sandbox: applicationPages != null: True&#xD;
sandbox: applicationPages.Webdriver != null: True&#xD;
sandbox: finished setuping local data&#xD;
sandbox: PrepareForTestRun complete.&#xD;
sandbox: CleanUpAfterTestRun started.&#xD;
sandbox: application pages != null: True&#xD;
sandbox: web driver!= null: True&#xD;
Given action failed. Retrying after a timeout. Most likely UI was not fast enough to refresh itself.&#xD;
sandbox: CleanUpAfterTestRun complete.</StdOut>
      </Output>
    </UnitTestResult>
    <UnitTestResult executionId="cfec73d9-19ff-4523-ac32-7c19acf657c0" testId="d0b5073f-6d1d-7f7d-895d-e21925277012" testName="CannotProceedWithoutBlankMandatoryFields(&quot;2&quot;,&quot;short name&quot;,&quot;Team's short name is required&quot;,null)" computerName="EC2AMAZ-JEOO151" duration="00:00:04.3120000" startTime="2019-07-11T17:39:20.0000000+00:00" endTime="2019-07-11T17:39:24.0000000+00:00" testType="13cdc9d9-ddb5-4fa4-a97d-d965ccfc6d4b" outcome="Passed" testListId="8c84fa94-04c1-424b-9868-57a2d4851a1d" relativeResultsDirectory="cfec73d9-19ff-4523-ac32-7c19acf657c0">
      <Output>
        <StdOut>sandbox: PrepareForTestRun started.&#xD;
sandbox: football liveStatsApp != null: True &#xD;
sandbox: football liveStatsApp.IsProcessRunning: True &#xD;
sandbox: setupLocalData: localDatabaseProvider != null: True&#xD;
sandbox: applicationPages != null: True&#xD;
sandbox: applicationPages.Webdriver != null: True&#xD;
sandbox: finished setuping local data&#xD;
sandbox: PrepareForTestRun complete.&#xD;
Given Teams tab is opened&#xD;
-&gt; done: TeamDetailsTabSteps.WhenTeamsTabIsOpened() (1.4s)&#xD;
And all information for both teams are available&#xD;
-&gt; done: TeamDetailsTabSteps.GivenAllInformationForBothTeamsAreAvailable() (1.3s)&#xD;
When 2 - short name is cleared&#xD;
-&gt; done: TeamDetailsTabSteps.WhenIsCleared(2, "short name") (0.1s)&#xD;
And Save &amp; Next button is clicked&#xD;
-&gt; done: GameSetupSteps.WhenSaveNextButtonIsClicked() (0.1s)&#xD;
Then Team's short name is required message is displayed, that 2 short name could not be blank&#xD;
-&gt; done: GameSetupSteps.ThenWarningMessageIsDisplayedThatCouldNotBeBlank("Team's short name...", "2 short", "name") (0.0s)&#xD;
sandbox: CleanUpAfterTestRun started.&#xD;
sandbox: application pages != null: True&#xD;
sandbox: web driver!= null: True&#xD;
Given action failed. Retrying after a timeout. Most likely UI was not fast enough to refresh itself.&#xD;
sandbox: CleanUpAfterTestRun complete.</StdOut>
      </Output>
    </UnitTestResult>
    <UnitTestResult executionId="9ff5b211-370d-45e3-9e16-fb7335964ed7" testId="26ec210f-7154-73ea-ee6a-852efff392f5" testName="CanProceedWithBlankOfficialFields" computerName="EC2AMAZ-JEOO151" duration="00:00:02.9060000" startTime="2019-07-11T17:23:05.0000000+00:00" endTime="2019-07-11T17:23:08.0000000+00:00" testType="13cdc9d9-ddb5-4fa4-a97d-d965ccfc6d4b" outcome="Passed" testListId="8c84fa94-04c1-424b-9868-57a2d4851a1d" relativeResultsDirectory="9ff5b211-370d-45e3-9e16-fb7335964ed7">
      <Output>
        <StdOut>sandbox: PrepareForTestRun started.&#xD;
sandbox: football liveStatsApp != null: True &#xD;
sandbox: football liveStatsApp.IsProcessRunning: True &#xD;
sandbox: setupLocalData: localDatabaseProvider != null: True&#xD;
sandbox: applicationPages != null: True&#xD;
sandbox: applicationPages.Webdriver != null: True&#xD;
sandbox: finished setuping local data&#xD;
sandbox: PrepareForTestRun complete.&#xD;
Given Home screen is visible&#xD;
-&gt; done: DashBoardSteps.GivenPrimaryApplicationHomeScreenIsVisible() (0.2s)&#xD;
When I click on enter game details manually&#xD;
-&gt; done: DashBoardSteps.WhenAsPrimaryIClickOnEnterGameDetailsManuallyButton() (0.1s)&#xD;
When mandatory game fields "Game Number", "Competition" and "Date &amp; Time" are filled&#xD;
-&gt; done: GameInformationTabSteps.GivenMandatoryGameFieldsAndAreFilled() (0.9s)&#xD;
And I click Save &amp; Next button&#xD;
-&gt; done: GameSetupSteps.WhenIClickSaveNextButton() (0.1s)&#xD;
Then Teams tab opens&#xD;
-&gt; done: TeamDetailsTabSteps.ThenTeamsTabOpens() (0.2s)&#xD;
sandbox: CleanUpAfterTestRun started.&#xD;
sandbox: application pages != null: True&#xD;
sandbox: web driver!= null: True&#xD;
Given action failed. Retrying after a timeout. Most likely UI was not fast enough to refresh itself.&#xD;
sandbox: CleanUpAfterTestRun complete.</StdOut>
      </Output>
    </UnitTestResult>
    <UnitTestResult executionId="7f01641c-d03b-4175-aef1-bf525f6da874" testId="ff74abee-2611-2d2c-9dff-144059110441" testName="GivenGameInProgress_WhenStartingGoalWorkflow_ThenWorkflowInitiated" computerName="EC2AMAZ-JEOO151" duration="00:00:06.2320000" startTime="2019-07-11T21:04:01.0000000+00:00" endTime="2019-07-11T21:04:07.0000000+00:00" testType="13cdc9d9-ddb5-4fa4-a97d-d965ccfc6d4b" outcome="Passed" testListId="8c84fa94-04c1-424b-9868-57a2d4851a1d" relativeResultsDirectory="7f01641c-d03b-4175-aef1-bf525f6da874">
      <Output>
        <StdOut>sandbox: PrepareForTestRun started.&#xD;
sandbox: football liveStatsApp != null: True &#xD;
sandbox: football liveStatsApp.IsProcessRunning: True &#xD;
sandbox: setupLocalData: localDatabaseProvider != null: True&#xD;
sandbox: applicationPages != null: True&#xD;
sandbox: applicationPages.Webdriver != null: True&#xD;
sandbox: finished setuping local data&#xD;
sandbox: PrepareForTestRun complete.&#xD;
Given action failed. Retrying after a timeout.&#xD;
sandbox: CleanUpAfterTestRun started.&#xD;
sandbox: application pages != null: True&#xD;
sandbox: web driver!= null: True&#xD;
sandbox: CleanUpAfterTestRun complete.</StdOut>
      </Output>
    </UnitTestResult>
    <UnitTestResult executionId="2353ea57-7ceb-4022-b11f-37bc3bd1c0f1" testId="2127c001-9ff3-5897-0a37-d2ad20f39f18" testName="FlagAndContinueShotLocationSteps" computerName="EC2AMAZ-JEOO151" duration="00:00:05.8330000" startTime="2019-07-11T19:47:20.0000000+00:00" endTime="2019-07-11T19:47:25.0000000+00:00" testType="13cdc9d9-ddb5-4fa4-a97d-d965ccfc6d4b" outcome="Passed" testListId="8c84fa94-04c1-424b-9868-57a2d4851a1d" relativeResultsDirectory="2353ea57-7ceb-4022-b11f-37bc3bd1c0f1">
      <Output>
        <StdOut>sandbox: PrepareForTestRun started.&#xD;
sandbox: football liveStatsApp != null: True &#xD;
sandbox: football liveStatsApp.IsProcessRunning: True &#xD;
sandbox: setupLocalData: localDatabaseProvider != null: True&#xD;
sandbox: applicationPages != null: True&#xD;
sandbox: applicationPages.Webdriver != null: True&#xD;
sandbox: finished setuping local data&#xD;
sandbox: PrepareForTestRun complete.&#xD;
Given Match started with kick off from existing game&#xD;
-&gt; done: SetupGameSteps.GivenMatchStartedWithKickOffButtonFromExistingGame() (3.3s)&#xD;
When I click "Shot" button for team 1&#xD;
-&gt; done: TeamActionButtonSteps.GivenIClickShotButtonForTeam(1) (0.7s)&#xD;
And I flag and continue&#xD;
-&gt; done: WorkflowSteps.WhenIFlagAndContinue() (0.1s)&#xD;
And I flag and continue&#xD;
-&gt; done: WorkflowSteps.WhenIFlagAndContinue() (0.2s)&#xD;
And I Click "Shot On Target" button&#xD;
-&gt; done: ShotRegistrationSteps.WhenClickIShotOnTargetButton() (0.1s)&#xD;
And I flag and continue&#xD;
-&gt; done: WorkflowSteps.WhenIFlagAndContinue() (0.2s)&#xD;
And I flag and continue&#xD;
-&gt; done: WorkflowSteps.WhenIFlagAndContinue() (0.1s)&#xD;
And I click on latest "Shot" event in action log&#xD;
-&gt; done: ActionLogSteps.GivenIClickOnLatestEventInActionLog(Shot) (0.2s)&#xD;
And I click review flags button in game action edit window&#xD;
-&gt; done: EditFormSteps.WhenIClickReviewFlagsButtonInGameActionEditWindow() (0.1s)&#xD;
Then 1 event in action log of type "Shot" is flagged&#xD;
-&gt; done: ActionLogSteps.ThenEventInActionLogOfTypeIsFlagged(1, Shot) (0.0s)&#xD;
And "This item was flagged by the User." is visible in review action flags dialog&#xD;
-&gt; done: EditWindowFlagsDropDownSteps.ThenIsVisibleInReviewActionFlagsDialog("This item was fla...") (0.0s)&#xD;
sandbox: CleanUpAfterTestRun started.&#xD;
sandbox: application pages != null: True&#xD;
sandbox: web driver!= null: True&#xD;
sandbox: CleanUpAfterTestRun complete.</StdOut>
      </Output>
    </UnitTestResult>
    <UnitTestResult executionId="2260863a-5d0b-4c45-aead-d08ee861a957" testId="8ac3fb20-f06b-94ae-f49f-0ddbc59cba3c" testName="ShotActionFlagCanBeReviewedInActionEditScreen" computerName="EC2AMAZ-JEOO151" duration="00:00:06.3160000" startTime="2019-07-11T19:42:47.0000000+00:00" endTime="2019-07-11T19:42:53.0000000+00:00" testType="13cdc9d9-ddb5-4fa4-a97d-d965ccfc6d4b" outcome="Passed" testListId="8c84fa94-04c1-424b-9868-57a2d4851a1d" relativeResultsDirectory="2260863a-5d0b-4c45-aead-d08ee861a957">
      <Output>
        <StdOut>sandbox: PrepareForTestRun started.&#xD;
sandbox: football liveStatsApp != null: True &#xD;
sandbox: football liveStatsApp.IsProcessRunning: True &#xD;
sandbox: setupLocalData: localDatabaseProvider != null: True&#xD;
sandbox: applicationPages != null: True&#xD;
sandbox: applicationPages.Webdriver != null: True&#xD;
sandbox: finished setuping local data&#xD;
sandbox: PrepareForTestRun complete.&#xD;
Given Match started with kick off from existing game&#xD;
-&gt; done: SetupGameSteps.GivenMatchStartedWithKickOffButtonFromExistingGame() (3.2s)&#xD;
Given Shot for Team 1 is registered&#xD;
Given action failed. Retrying after a timeout.&#xD;
-&gt; done: ShotEditSteps.GivenShotForTeamIsRegistered(1) (1.4s)&#xD;
When I click on latest "Shot" event in action log&#xD;
-&gt; done: ActionLogSteps.GivenIClickOnLatestEventInActionLog(Shot) (0.2s)&#xD;
And I click Flag &amp; Save button in action edit form&#xD;
-&gt; done: EditFormSteps.ClickFlagAndSaveInActionEditForm() (0.4s)&#xD;
And I click on latest "Shot" event in action log&#xD;
-&gt; done: ActionLogSteps.GivenIClickOnLatestEventInActionLog(Shot) (0.1s)&#xD;
And I click review flags button in game action edit window&#xD;
-&gt; done: EditFormSteps.WhenIClickReviewFlagsButtonInGameActionEditWindow() (0.1s)&#xD;
Then Review action flags dialog opens&#xD;
-&gt; done: EditFormSteps.ThenReviewActionFlagsDialogOpens() (0.0s)&#xD;
And "This item was flagged by the User." is visible in review action flags dialog&#xD;
-&gt; done: EditWindowFlagsDropDownSteps.ThenIsVisibleInReviewActionFlagsDialog("This item was fla...") (0.0s)&#xD;
sandbox: CleanUpAfterTestRun started.&#xD;
sandbox: application pages != null: True&#xD;
sandbox: web driver!= null: True&#xD;
sandbox: CleanUpAfterTestRun complete.</StdOut>
      </Output>
    </UnitTestResult>
    <UnitTestResult executionId="157301bd-0d50-44f3-b904-abfefdb44e74" testId="452737d3-1555-0b1e-522a-2533beac486c" testName="GivenPsoKickEditOpened_WhenUpdatingOutcome_ThenNewOutcomeSeenInPitchPage" computerName="EC2AMAZ-JEOO151" duration="00:00:24.5310000" startTime="2019-07-11T20:39:59.0000000+00:00" endTime="2019-07-11T20:40:23.0000000+00:00" testType="13cdc9d9-ddb5-4fa4-a97d-d965ccfc6d4b" outcome="Passed" testListId="8c84fa94-04c1-424b-9868-57a2d4851a1d" relativeResultsDirectory="157301bd-0d50-44f3-b904-abfefdb44e74">
      <Output>
        <StdOut>sandbox: PrepareForTestRun started.&#xD;
sandbox: football liveStatsApp != null: True &#xD;
sandbox: football liveStatsApp.IsProcessRunning: True &#xD;
sandbox: setupLocalData: localDatabaseProvider != null: True&#xD;
sandbox: applicationPages != null: True&#xD;
sandbox: applicationPages.Webdriver != null: True&#xD;
sandbox: finished setuping local data&#xD;
sandbox: PrepareForTestRun complete.&#xD;
Given action failed. Retrying after a timeout. Most likely UI was not fast enough to refresh itself.&#xD;
sandbox: CleanUpAfterTestRun started.&#xD;
sandbox: application pages != null: True&#xD;
sandbox: web driver!= null: True&#xD;
sandbox: CleanUpAfterTestRun complete.</StdOut>
      </Output>
    </UnitTestResult>
    <UnitTestResult executionId="d019b309-5ea9-4131-89ae-7bd7d36c2f4c" testId="a9e8d053-b83b-df7a-3c91-eded390ff92e" testName="FootballFinishPenaltyShot_OffMissWorkflow(&quot;2&quot;,&quot;1&quot;,&quot;Save&quot;,&quot;10&quot;,&quot;50&quot;,&quot;8&quot;,&quot;11&quot;,null)" computerName="EC2AMAZ-JEOO151" duration="00:00:16.3170000" startTime="2019-07-11T19:04:03.0000000+00:00" endTime="2019-07-11T19:04:19.0000000+00:00" testType="13cdc9d9-ddb5-4fa4-a97d-d965ccfc6d4b" outcome="Passed" testListId="8c84fa94-04c1-424b-9868-57a2d4851a1d" relativeResultsDirectory="d019b309-5ea9-4131-89ae-7bd7d36c2f4c">
      <Output>
        <StdOut>sandbox: PrepareForTestRun started.&#xD;
sandbox: football liveStatsApp != null: True &#xD;
sandbox: football liveStatsApp.IsProcessRunning: True &#xD;
sandbox: setupLocalData: localDatabaseProvider != null: True&#xD;
sandbox: applicationPages != null: True&#xD;
sandbox: applicationPages.Webdriver != null: True&#xD;
sandbox: finished setuping local data&#xD;
sandbox: PrepareForTestRun complete.&#xD;
Given Match started with kick off from existing game&#xD;
-&gt; done: SetupGameSteps.GivenMatchStartedWithKickOffButtonFromExistingGame() (3.3s)&#xD;
When I click "Possible Penalty" button for team 2&#xD;
Given action failed. Retrying after a timeout.&#xD;
-&gt; done: TeamActionButtonSteps.GivenIClickPossiblePenaltyButtonForTeam(2) (0.8s)&#xD;
And I confirm penalty by clicking "Confirm" button&#xD;
-&gt; done: PenaltySteps.WhenIConfirmPenaltyByClickingButton() (2.3s)&#xD;
And I click on pitch x 10 and y 50&#xD;
Failed to find element with query '[data-qa='activePitchOverlay']'. Web driver timeout exception.&#xD;
Given action failed. Retrying after a timeout.&#xD;
Failed to find element with query '[data-qa='activePitchOverlay']'. Web driver timeout exception.&#xD;
-&gt; done: PitchScreenSteps.WhenIClickOnPitch(10, 50) (4.5s)&#xD;
And I click "Foul" reason button&#xD;
-&gt; done: CardSteps.WhenIClickReasonButton("Foul") (0.2s)&#xD;
And I click on team 1 player on pitch with shirt number 8&#xD;
-&gt; done: PitchPlayersComponentSteps.WhenIClickOnTeamPlayerOnPitchWithShirtNumber(1, 8) (0.3s)&#xD;
And I click on team 2 player on pitch with shirt number 11&#xD;
-&gt; done: PitchPlayersComponentSteps.WhenIClickOnTeamPlayerOnPitchWithShirtNumber(2, 11) (0.4s)&#xD;
And I click "Penalty Shot Off Target" Button&#xD;
-&gt; done: PenaltySteps.WhenIClickPenaltyShotOffTargetButton() (0.2s)&#xD;
And I click on net x "10" and y "10"&#xD;
-&gt; done: NetSectionSteps.WhenIClickOnNetXAndY(10, 10) (0.2s)&#xD;
And I click "Save" Button&#xD;
-&gt; done: PenaltySteps.WhenIClickSaveButton() (0.3s)&#xD;
Then Pitch View is shown&#xD;
-&gt; done: PitchScreenSteps.PitchViewIsShown() (0.0s)&#xD;
And Score is 0 for team 2&#xD;
-&gt; done: ScoreBoardSteps.ThenScoreIsForTeam(0, 2) (0.1s)&#xD;
And Score is 0 for team 1&#xD;
-&gt; done: ScoreBoardSteps.ThenScoreIsForTeam(0, 1) (0.1s)&#xD;
And Action Buttons are enabled&#xD;
-&gt; done: TeamActionButtonSteps.ThenActionButtonsAreEnabled() (0.7s)&#xD;
And Player on pitch with shirt number 11 of team 2 do not have goal icon&#xD;
Failed to find data-qa element with tag 'playerGoals'. No such element exception.&#xD;
-&gt; done: PitchPlayersComponentSteps.ThenPlayerOnPitchWithShirtNumberOfTeamDoNotHaveGoalIcon(11, 2) (2.2s)&#xD;
sandbox: CleanUpAfterTestRun started.&#xD;
sandbox: application pages != null: True&#xD;
sandbox: web driver!= null: True&#xD;
sandbox: CleanUpAfterTestRun complete.</StdOut>
      </Output>
    </UnitTestResult>
    <UnitTestResult executionId="06f7c20e-17e5-493e-9eee-f9d8d6814537" testId="47b16b41-c458-ff1a-a3bf-ac9f24d2dd30" testName="GivenGameInProgress_WhenUpdatingPlayersWithActions_ThenPitchIsVisible" computerName="EC2AMAZ-JEOO151" duration="00:00:11.5680000" startTime="2019-07-11T20:05:55.0000000+00:00" endTime="2019-07-11T20:06:07.0000000+00:00" testType="13cdc9d9-ddb5-4fa4-a97d-d965ccfc6d4b" outcome="Passed" testListId="8c84fa94-04c1-424b-9868-57a2d4851a1d" relativeResultsDirectory="06f7c20e-17e5-493e-9eee-f9d8d6814537">
      <Output>
        <StdOut>sandbox: PrepareForTestRun started.&#xD;
sandbox: football liveStatsApp != null: True &#xD;
sandbox: football liveStatsApp.IsProcessRunning: True &#xD;
sandbox: setupLocalData: localDatabaseProvider != null: True&#xD;
sandbox: applicationPages != null: True&#xD;
sandbox: applicationPages.Webdriver != null: True&#xD;
sandbox: finished setuping local data&#xD;
sandbox: PrepareForTestRun complete.&#xD;
sandbox: CleanUpAfterTestRun started.&#xD;
sandbox: application pages != null: True&#xD;
sandbox: web driver!= null: True&#xD;
sandbox: CleanUpAfterTestRun complete.</StdOut>
      </Output>
    </UnitTestResult>
    <UnitTestResult executionId="de2db40d-66a1-4278-bc10-d6952970b592" testId="a79c10af-32d3-3f57-2087-1645d475d080" testName="ChangePlayerForCommittedAndFouled(&quot;1&quot;,&quot;2&quot;,null)" computerName="EC2AMAZ-JEOO151" duration="00:00:07.1320000" startTime="2019-07-11T18:55:58.0000000+00:00" endTime="2019-07-11T18:56:05.0000000+00:00" testType="13cdc9d9-ddb5-4fa4-a97d-d965ccfc6d4b" outcome="Passed" testListId="8c84fa94-04c1-424b-9868-57a2d4851a1d" relativeResultsDirectory="de2db40d-66a1-4278-bc10-d6952970b592">
      <Output>
        <StdOut>sandbox: PrepareForTestRun started.&#xD;
sandbox: football liveStatsApp != null: True &#xD;
sandbox: football liveStatsApp.IsProcessRunning: True &#xD;
sandbox: setupLocalData: localDatabaseProvider != null: True&#xD;
sandbox: applicationPages != null: True&#xD;
sandbox: applicationPages.Webdriver != null: True&#xD;
sandbox: finished setuping local data&#xD;
sandbox: PrepareForTestRun complete.&#xD;
Given Match started with kick off from existing game&#xD;
-&gt; done: SetupGameSteps.GivenMatchStartedWithKickOffButtonFromExistingGame() (3.2s)&#xD;
When I click Freekick button for team 1&#xD;
-&gt; done: TeamActionButtonSteps.WhenIClickFreekickButtonForTeam(1) (0.6s)&#xD;
And I click on pitch x 20 and y 50&#xD;
-&gt; done: PitchScreenSteps.WhenIClickOnPitch(20, 50) (0.1s)&#xD;
And I click "Foul" button in freekick reason dialog&#xD;
-&gt; done: FreeKickSteps.WhenIClickButtonInFreekickReasonDialog("Foul") (0.2s)&#xD;
And I click player 1 from team 2&#xD;
-&gt; done: PitchPlayersComponentSteps.WhenIClickPlayerFromTeam(1, 2) (0.2s)&#xD;
And I click player 1 from team 1&#xD;
-&gt; done: PitchPlayersComponentSteps.WhenIClickPlayerFromTeam(1, 1) (0.2s)&#xD;
And I click "Back" button in workflow&#xD;
-&gt; done: WorkflowSteps.WhenIClickBackButtonInWorkflow() (0.2s)&#xD;
And I click "Back" button in workflow&#xD;
-&gt; done: WorkflowSteps.WhenIClickBackButtonInWorkflow() (0.1s)&#xD;
And I click player 2 from team 2&#xD;
-&gt; done: PitchPlayersComponentSteps.WhenIClickPlayerFromTeam(2, 2) (0.1s)&#xD;
And I click player 2 from team 1&#xD;
-&gt; done: PitchPlayersComponentSteps.WhenIClickPlayerFromTeam(2, 1) (0.2s)&#xD;
Then Player2 from team2 is added to freekick event action&#xD;
-&gt; done: ActionLogSteps.ThenPlayerFromTeamIsAddedToFreekickEventAction(2, 2) (0.3s)&#xD;
And Player2 from team1 is added to freekick event action&#xD;
-&gt; done: ActionLogSteps.ThenPlayerFromTeamIsAddedToFreekickEventAction(2, 1) (0.1s)&#xD;
sandbox: CleanUpAfterTestRun started.&#xD;
sandbox: application pages != null: True&#xD;
sandbox: web driver!= null: True&#xD;
sandbox: CleanUpAfterTestRun complete.</StdOut>
      </Output>
    </UnitTestResult>
    <UnitTestResult executionId="424d37a5-0177-41cd-a1a5-844f673bcf96" testId="3ad1ff71-94ad-d8d0-ea4e-122f6ddf10d6" testName="FootballPenaltyShot_OffMissWithLocation(&quot;1&quot;,&quot;2&quot;,&quot;90&quot;,&quot;50&quot;,&quot;5&quot;,&quot;16&quot;,null)" computerName="EC2AMAZ-JEOO151" duration="00:00:16.0640000" startTime="2019-07-11T19:04:44.0000000+00:00" endTime="2019-07-11T19:05:00.0000000+00:00" testType="13cdc9d9-ddb5-4fa4-a97d-d965ccfc6d4b" outcome="Passed" testListId="8c84fa94-04c1-424b-9868-57a2d4851a1d" relativeResultsDirectory="424d37a5-0177-41cd-a1a5-844f673bcf96">
      <Output>
        <StdOut>sandbox: PrepareForTestRun started.&#xD;
sandbox: football liveStatsApp != null: True &#xD;
sandbox: football liveStatsApp.IsProcessRunning: True &#xD;
sandbox: setupLocalData: localDatabaseProvider != null: True&#xD;
sandbox: applicationPages != null: True&#xD;
sandbox: applicationPages.Webdriver != null: True&#xD;
sandbox: finished setuping local data&#xD;
sandbox: PrepareForTestRun complete.&#xD;
Given Match started with kick off from existing game&#xD;
-&gt; done: SetupGameSteps.GivenMatchStartedWithKickOffButtonFromExistingGame() (3.3s)&#xD;
When I click "Possible Penalty" button for team 1&#xD;
Given action failed. Retrying after a timeout.&#xD;
-&gt; done: TeamActionButtonSteps.GivenIClickPossiblePenaltyButtonForTeam(1) (0.9s)&#xD;
And I confirm penalty by clicking "Confirm" button&#xD;
-&gt; done: PenaltySteps.WhenIConfirmPenaltyByClickingButton() (2.2s)&#xD;
And I click on pitch x 90 and y 50&#xD;
Failed to find element with query '[data-qa='activePitchOverlay']'. Web driver timeout exception.&#xD;
Given action failed. Retrying after a timeout.&#xD;
Failed to find element with query '[data-qa='activePitchOverlay']'. Web driver timeout exception.&#xD;
-&gt; done: PitchScreenSteps.WhenIClickOnPitch(90, 50) (4.5s)&#xD;
And I click "Foul" reason button&#xD;
-&gt; done: CardSteps.WhenIClickReasonButton("Foul") (0.2s)&#xD;
And I click on team 2 player on pitch with shirt number 5&#xD;
-&gt; done: PitchPlayersComponentSteps.WhenIClickOnTeamPlayerOnPitchWithShirtNumber(2, 5) (0.3s)&#xD;
And I click on team 1 player on pitch with shirt number 16&#xD;
-&gt; done: PitchPlayersComponentSteps.WhenIClickOnTeamPlayerOnPitchWithShirtNumber(1, 16) (0.4s)&#xD;
And I click "Penalty Shot Off Target" Button&#xD;
-&gt; done: PenaltySteps.WhenIClickPenaltyShotOffTargetButton() (0.2s)&#xD;
And I click on net x "10" and y "10"&#xD;
-&gt; done: NetSectionSteps.WhenIClickOnNetXAndY(10, 10) (0.2s)&#xD;
Then "Goalkeeper save?" save title is shown&#xD;
-&gt; done: PenaltySteps.ThenSaveTitleIsShown("Goalkeeper save?") (0.2s)&#xD;
And Score is 0 for team 1&#xD;
-&gt; done: ScoreBoardSteps.ThenScoreIsForTeam(0, 1) (0.1s)&#xD;
And Score is 0 for team 2&#xD;
-&gt; done: ScoreBoardSteps.ThenScoreIsForTeam(0, 2) (0.1s)&#xD;
And All action buttons except card and goal buttons are disabled for both teams&#xD;
-&gt; done: TeamActionButtonSteps.ThenAllActionButtonsExceptCardAndGoalButtonsAreDisabledForBothTeams() (0.6s)&#xD;
And penalty action button is selected for team "1"&#xD;
-&gt; done: TeamActionButtonSteps.ThenPenaltyActionButtonIsSelected(1) (0.0s)&#xD;
And Player on pitch with shirt number 16 of team 1 do not have goal icon&#xD;
Failed to find data-qa element with tag 'playerGoals'. No such element exception.&#xD;
-&gt; done: PitchPlayersComponentSteps.ThenPlayerOnPitchWithShirtNumberOfTeamDoNotHaveGoalIcon(16, 1) (2.2s)&#xD;
And Penalty "Save" button is shown&#xD;
-&gt; done: PenaltySteps.ThenPenaltySaveButtonIsShown() (0.0s)&#xD;
And Penalty "No Save" button is shown&#xD;
-&gt; done: PenaltySteps.ThenPenaltyNoSaveButtonIsShown() (0.0s)&#xD;
sandbox: CleanUpAfterTestRun started.&#xD;
sandbox: application pages != null: True&#xD;
sandbox: web driver!= null: True&#xD;
sandbox: CleanUpAfterTestRun complete.</StdOut>
      </Output>
    </UnitTestResult>
    <UnitTestResult executionId="09da4793-3f7d-4352-ab62-d386ce09a213" testId="ded313f0-0a7a-62b0-58d2-f52e404347d6" testName="GivenPlayerEjectedByCard_WhenRecordingYellow_ThenPlayerIsDisabled(SecondYellow,2,5,&quot;2nd Yellow&quot;)" computerName="EC2AMAZ-JEOO151" duration="00:00:11.0500000" startTime="2019-07-11T20:59:00.0000000+00:00" endTime="2019-07-11T20:59:11.0000000+00:00" testType="13cdc9d9-ddb5-4fa4-a97d-d965ccfc6d4b" outcome="Passed" testListId="8c84fa94-04c1-424b-9868-57a2d4851a1d" relativeResultsDirectory="09da4793-3f7d-4352-ab62-d386ce09a213">
      <Output>
        <StdOut>sandbox: PrepareForTestRun started.&#xD;
sandbox: football liveStatsApp != null: True &#xD;
sandbox: football liveStatsApp.IsProcessRunning: True &#xD;
sandbox: setupLocalData: localDatabaseProvider != null: True&#xD;
sandbox: applicationPages != null: True&#xD;
sandbox: applicationPages.Webdriver != null: True&#xD;
sandbox: finished setuping local data&#xD;
sandbox: PrepareForTestRun complete.&#xD;
Given action failed. Retrying after a timeout.&#xD;
sandbox: CleanUpAfterTestRun started.&#xD;
sandbox: application pages != null: True&#xD;
sandbox: web driver!= null: True&#xD;
sandbox: CleanUpAfterTestRun complete.</StdOut>
      </Output>
    </UnitTestResult>
    <UnitTestResult executionId="e0ddd386-7224-45ef-a942-7b241d067c67" testId="61fbd6a5-c0b6-804a-541a-233fb3e3a5fc" testName="ShotRecordedActionCanBeFlagged" computerName="EC2AMAZ-JEOO151" duration="00:00:05.9670000" startTime="2019-07-11T19:42:53.0000000+00:00" endTime="2019-07-11T19:42:59.0000000+00:00" testType="13cdc9d9-ddb5-4fa4-a97d-d965ccfc6d4b" outcome="Passed" testListId="8c84fa94-04c1-424b-9868-57a2d4851a1d" relativeResultsDirectory="e0ddd386-7224-45ef-a942-7b241d067c67">
      <Output>
        <StdOut>sandbox: PrepareForTestRun started.&#xD;
sandbox: football liveStatsApp != null: True &#xD;
sandbox: football liveStatsApp.IsProcessRunning: True &#xD;
sandbox: setupLocalData: localDatabaseProvider != null: True&#xD;
sandbox: applicationPages != null: True&#xD;
sandbox: applicationPages.Webdriver != null: True&#xD;
sandbox: finished setuping local data&#xD;
sandbox: PrepareForTestRun complete.&#xD;
Given Match started with kick off from existing game&#xD;
-&gt; done: SetupGameSteps.GivenMatchStartedWithKickOffButtonFromExistingGame() (3.2s)&#xD;
Given Shot for Team 1 is registered&#xD;
Given action failed. Retrying after a timeout.&#xD;
-&gt; done: ShotEditSteps.GivenShotForTeamIsRegistered(1) (1.3s)&#xD;
When I click on latest "Shot" event in action log&#xD;
-&gt; done: ActionLogSteps.GivenIClickOnLatestEventInActionLog(Shot) (0.2s)&#xD;
And I click Flag &amp; Save button in action edit form&#xD;
-&gt; done: EditFormSteps.ClickFlagAndSaveInActionEditForm() (0.4s)&#xD;
Then 1 event in action log of type "Shot" is flagged&#xD;
-&gt; done: ActionLogSteps.ThenEventInActionLogOfTypeIsFlagged(1, Shot) (0.0s)&#xD;
sandbox: CleanUpAfterTestRun started.&#xD;
sandbox: application pages != null: True&#xD;
sandbox: web driver!= null: True&#xD;
sandbox: CleanUpAfterTestRun complete.</StdOut>
      </Output>
    </UnitTestResult>
    <UnitTestResult executionId="1b2612b0-3be8-4ada-84ea-2bfb80a255ce" testId="79215461-d29a-148e-8e12-55ea681d5461" testName="ChangeFromMissToMade(&quot;2&quot;,&quot;1&quot;,&quot;10&quot;,&quot;50&quot;,&quot;8&quot;,&quot;11&quot;,null)" computerName="EC2AMAZ-JEOO151" duration="00:00:13.8320000" startTime="2019-07-11T19:02:02.0000000+00:00" endTime="2019-07-11T19:02:16.0000000+00:00" testType="13cdc9d9-ddb5-4fa4-a97d-d965ccfc6d4b" outcome="Passed" testListId="8c84fa94-04c1-424b-9868-57a2d4851a1d" relativeResultsDirectory="1b2612b0-3be8-4ada-84ea-2bfb80a255ce">
      <Output>
        <StdOut>sandbox: PrepareForTestRun started.&#xD;
sandbox: football liveStatsApp != null: True &#xD;
sandbox: football liveStatsApp.IsProcessRunning: True &#xD;
sandbox: setupLocalData: localDatabaseProvider != null: True&#xD;
sandbox: applicationPages != null: True&#xD;
sandbox: applicationPages.Webdriver != null: True&#xD;
sandbox: finished setuping local data&#xD;
sandbox: PrepareForTestRun complete.&#xD;
Given Match started with kick off from existing game&#xD;
-&gt; done: SetupGameSteps.GivenMatchStartedWithKickOffButtonFromExistingGame() (3.2s)&#xD;
When I click "Possible Penalty" button for team 2&#xD;
-&gt; done: TeamActionButtonSteps.GivenIClickPossiblePenaltyButtonForTeam(2) (0.5s)&#xD;
And I confirm penalty by clicking "Confirm" button&#xD;
-&gt; done: PenaltySteps.WhenIConfirmPenaltyByClickingButton() (2.3s)&#xD;
And I click on pitch x 10 and y 50&#xD;
Failed to find element with query '[data-qa='activePitchOverlay']'. Web driver timeout exception.&#xD;
Given action failed. Retrying after a timeout.&#xD;
Failed to find element with query '[data-qa='activePitchOverlay']'. Web driver timeout exception.&#xD;
-&gt; done: PitchScreenSteps.WhenIClickOnPitch(10, 50) (4.5s)&#xD;
And I click "Foul" reason button&#xD;
-&gt; done: CardSteps.WhenIClickReasonButton("Foul") (0.2s)&#xD;
And I click on team 1 player on pitch with shirt number 8&#xD;
-&gt; done: PitchPlayersComponentSteps.WhenIClickOnTeamPlayerOnPitchWithShirtNumber(1, 8) (0.3s)&#xD;
And I click on team 2 player on pitch with shirt number 11&#xD;
-&gt; done: PitchPlayersComponentSteps.WhenIClickOnTeamPlayerOnPitchWithShirtNumber(2, 11) (0.4s)&#xD;
And I click "Penalty Shot Off Target" Button&#xD;
-&gt; done: PenaltySteps.WhenIClickPenaltyShotOffTargetButton() (0.2s)&#xD;
And I click "Back" button in workflow&#xD;
-&gt; done: WorkflowSteps.WhenIClickBackButtonInWorkflow() (0.2s)&#xD;
And I click "Penalty Goal" Button&#xD;
-&gt; done: PenaltySteps.WhenIClickPenaltyGoalButton() (0.1s)&#xD;
Then "Penalty Goal" confirmation dialog is visible&#xD;
-&gt; done: GoalSteps.ThenConfirmationDialogIsVisible() (0.2s)&#xD;
And Score is 1 for team 2&#xD;
-&gt; done: ScoreBoardSteps.ThenScoreIsForTeam(1, 2) (0.1s)&#xD;
And Score is 0 for team 1&#xD;
-&gt; done: ScoreBoardSteps.ThenScoreIsForTeam(0, 1) (0.1s)&#xD;
And All action buttons except card and goal buttons are disabled for both teams&#xD;
-&gt; done: TeamActionButtonSteps.ThenAllActionButtonsExceptCardAndGoalButtonsAreDisabledForBothTeams() (0.6s)&#xD;
And penalty action button is selected for team "2"&#xD;
-&gt; done: TeamActionButtonSteps.ThenPenaltyActionButtonIsSelected(2) (0.0s)&#xD;
And Ball icon is shown on player on pitch with shirt number 11 of team 2&#xD;
-&gt; done: PitchPlayersComponentSteps.ThenBallIconIsShownOnPlayerOnPitchWithShirtNumberOfTeamButton(11, 2) (0.2s)&#xD;
sandbox: CleanUpAfterTestRun started.&#xD;
sandbox: application pages != null: True&#xD;
sandbox: web driver!= null: True&#xD;
sandbox: CleanUpAfterTestRun complete.</StdOut>
      </Output>
    </UnitTestResult>
    <UnitTestResult executionId="9951df7a-d170-4d3c-8699-ecad650560b2" testId="5b7340de-96f5-9ecd-33f7-da0f35f1c055" testName="YesOnVARBeforeConfirming(&quot;2&quot;,&quot;Yellow&quot;,&quot;1&quot;,null)" computerName="EC2AMAZ-JEOO151" duration="00:00:05.2020000" startTime="2019-07-11T19:55:44.0000000+00:00" endTime="2019-07-11T19:55:50.0000000+00:00" testType="13cdc9d9-ddb5-4fa4-a97d-d965ccfc6d4b" outcome="Passed" testListId="8c84fa94-04c1-424b-9868-57a2d4851a1d" relativeResultsDirectory="9951df7a-d170-4d3c-8699-ecad650560b2">
      <Output>
        <StdOut>sandbox: PrepareForTestRun started.&#xD;
sandbox: football liveStatsApp != null: True &#xD;
sandbox: football liveStatsApp.IsProcessRunning: True &#xD;
sandbox: setupLocalData: localDatabaseProvider != null: True&#xD;
sandbox: applicationPages != null: True&#xD;
sandbox: applicationPages.Webdriver != null: True&#xD;
sandbox: finished setuping local data&#xD;
sandbox: PrepareForTestRun complete.&#xD;
Given Match started with kick off from existing game&#xD;
-&gt; done: SetupGameSteps.GivenMatchStartedWithKickOffButtonFromExistingGame() (3.2s)&#xD;
When I click on team 2 possible "Yellow"&#xD;
-&gt; done: TeamActionButtonSteps.StartPossibleCardRegistration(2, Yellow) (0.6s)&#xD;
And I click "Yellow" card button&#xD;
-&gt; done: TeamActionButtonSteps.WhenIClickCardButton("Yellow") (0.1s)&#xD;
And I click "Possible VAR" button in workflow&#xD;
-&gt; done: WorkflowSteps.WhenIClickPossibleVarButtonInWorkflow() (0.1s)&#xD;
And I click var confirmation "yes" button&#xD;
-&gt; done: WorkflowSteps.WhenIClickVarConfirmationButton("yes") (0.2s)&#xD;
Then Confirmation dialog is displayed&#xD;
-&gt; done: CardSteps.ThenConfirmationDialogIsDisplayed() (0.2s)&#xD;
sandbox: CleanUpAfterTestRun started.&#xD;
sandbox: application pages != null: True&#xD;
sandbox: web driver!= null: True&#xD;
sandbox: CleanUpAfterTestRun complete.</StdOut>
      </Output>
    </UnitTestResult>
    <UnitTestResult executionId="2a634ec2-0ea0-42b2-8ebb-cf7dcd80e43c" testId="d0011cc1-9b27-4f53-5bd5-911806f08d5f" testName="GivenGameInProgress_WhenDeactivatingGameOfficial_ThenGameOfficialDeactivated" computerName="EC2AMAZ-JEOO151" duration="00:00:05.4530000" startTime="2019-07-11T20:03:49.0000000+00:00" endTime="2019-07-11T20:03:55.0000000+00:00" testType="13cdc9d9-ddb5-4fa4-a97d-d965ccfc6d4b" outcome="Passed" testListId="8c84fa94-04c1-424b-9868-57a2d4851a1d" relativeResultsDirectory="2a634ec2-0ea0-42b2-8ebb-cf7dcd80e43c">
      <Output>
        <StdOut>sandbox: PrepareForTestRun started.&#xD;
sandbox: football liveStatsApp != null: True &#xD;
sandbox: football liveStatsApp.IsProcessRunning: True &#xD;
sandbox: setupLocalData: localDatabaseProvider != null: True&#xD;
sandbox: applicationPages != null: True&#xD;
sandbox: applicationPages.Webdriver != null: True&#xD;
sandbox: finished setuping local data&#xD;
sandbox: PrepareForTestRun complete.&#xD;
sandbox: CleanUpAfterTestRun started.&#xD;
sandbox: application pages != null: True&#xD;
sandbox: web driver!= null: True&#xD;
sandbox: CleanUpAfterTestRun complete.</StdOut>
      </Output>
    </UnitTestResult>
    <UnitTestResult executionId="8530913f-c7a5-456c-880f-2c30b97c2b6a" testId="9fa58553-5174-5368-0928-c84907947286" testName="SelectFreekickLocation(&quot;1&quot;,null)" computerName="EC2AMAZ-JEOO151" duration="00:00:05.2490000" startTime="2019-07-11T18:56:50.0000000+00:00" endTime="2019-07-11T18:56:55.0000000+00:00" testType="13cdc9d9-ddb5-4fa4-a97d-d965ccfc6d4b" outcome="Passed" testListId="8c84fa94-04c1-424b-9868-57a2d4851a1d" relativeResultsDirectory="8530913f-c7a5-456c-880f-2c30b97c2b6a">
      <Output>
        <StdOut>sandbox: PrepareForTestRun started.&#xD;
sandbox: football liveStatsApp != null: True &#xD;
sandbox: football liveStatsApp.IsProcessRunning: True &#xD;
sandbox: setupLocalData: localDatabaseProvider != null: True&#xD;
sandbox: applicationPages != null: True&#xD;
sandbox: applicationPages.Webdriver != null: True&#xD;
sandbox: finished setuping local data&#xD;
sandbox: PrepareForTestRun complete.&#xD;
Given Match started with kick off from existing game&#xD;
-&gt; done: SetupGameSteps.GivenMatchStartedWithKickOffButtonFromExistingGame() (3.2s)&#xD;
When I click Freekick button for team 1&#xD;
Given action failed. Retrying after a timeout.&#xD;
-&gt; done: TeamActionButtonSteps.WhenIClickFreekickButtonForTeam(1) (0.9s)&#xD;
And I click on pitch x 20 and y 50&#xD;
-&gt; done: PitchScreenSteps.WhenIClickOnPitch(20, 50) (0.1s)&#xD;
Then Reason for Freekick dialog is shown&#xD;
-&gt; done: FreeKickSteps.ThenDialogIsShown() (0.1s)&#xD;
And "Foul" button is shown in freekick reason dialog&#xD;
-&gt; done: FreeKickSteps.ThenButtonIsShownInFreekickReasonDialog("Foul") (0.0s)&#xD;
And "Offence" button is shown in freekick reason dialog&#xD;
-&gt; done: FreeKickSteps.ThenButtonIsShownInFreekickReasonDialog("Offence") (0.0s)&#xD;
And "Offside" button is shown in freekick reason dialog&#xD;
-&gt; done: FreeKickSteps.ThenButtonIsShownInFreekickReasonDialog("Offside") (0.0s)&#xD;
sandbox: CleanUpAfterTestRun started.&#xD;
sandbox: application pages != null: True&#xD;
sandbox: web driver!= null: True&#xD;
sandbox: CleanUpAfterTestRun complete.</StdOut>
      </Output>
    </UnitTestResult>
    <UnitTestResult executionId="b408dad0-5bd3-487d-8086-ebeac317a014" testId="4977991a-bb22-6509-0851-eef7c98ce406" testName="GivenGameWithShotsRegistered_WhenSelectingTwoShotFilters_ThenShowsOnlySelectedShots" computerName="EC2AMAZ-JEOO151" duration="00:00:09.1350000" startTime="2019-07-11T21:23:19.0000000+00:00" endTime="2019-07-11T21:23:28.0000000+00:00" testType="13cdc9d9-ddb5-4fa4-a97d-d965ccfc6d4b" outcome="Passed" testListId="8c84fa94-04c1-424b-9868-57a2d4851a1d" relativeResultsDirectory="b408dad0-5bd3-487d-8086-ebeac317a014">
      <Output>
        <StdOut>sandbox: PrepareForTestRun started.&#xD;
sandbox: football liveStatsApp != null: True &#xD;
sandbox: football liveStatsApp.IsProcessRunning: True &#xD;
sandbox: setupLocalData: localDatabaseProvider != null: True&#xD;
sandbox: applicationPages != null: True&#xD;
sandbox: applicationPages.Webdriver != null: True&#xD;
sandbox: finished setuping local data&#xD;
sandbox: PrepareForTestRun complete.&#xD;
Given action failed. Retrying after a timeout.&#xD;
sandbox: CleanUpAfterTestRun started.&#xD;
sandbox: application pages != null: True&#xD;
sandbox: web driver!= null: True&#xD;
sandbox: CleanUpAfterTestRun complete.</StdOut>
      </Output>
    </UnitTestResult>
    <UnitTestResult executionId="277c4471-c5a9-43ea-90f2-b4e879abedb4" testId="25a5292d-5768-f75b-3cd1-9d0b1e8c6146" testName="GivenSubStarted_WhenEditingSubOutPerson_ThenDifferentPersonIsSelected" computerName="EC2AMAZ-JEOO151" duration="00:00:05.8670000" startTime="2019-07-11T21:13:55.0000000+00:00" endTime="2019-07-11T21:14:01.0000000+00:00" testType="13cdc9d9-ddb5-4fa4-a97d-d965ccfc6d4b" outcome="Passed" testListId="8c84fa94-04c1-424b-9868-57a2d4851a1d" relativeResultsDirectory="277c4471-c5a9-43ea-90f2-b4e879abedb4">
      <Output>
        <StdOut>sandbox: PrepareForTestRun started.&#xD;
sandbox: football liveStatsApp != null: True &#xD;
sandbox: football liveStatsApp.IsProcessRunning: True &#xD;
sandbox: setupLocalData: localDatabaseProvider != null: True&#xD;
sandbox: applicationPages != null: True&#xD;
sandbox: applicationPages.Webdriver != null: True&#xD;
sandbox: finished setuping local data&#xD;
sandbox: PrepareForTestRun complete.&#xD;
sandbox: CleanUpAfterTestRun started.&#xD;
sandbox: application pages != null: True&#xD;
sandbox: web driver!= null: True&#xD;
sandbox: CleanUpAfterTestRun complete.</StdOut>
      </Output>
    </UnitTestResult>
    <UnitTestResult executionId="a4b501be-8c3c-4f6c-9b1b-78be40d89b4c" testId="200fa7a4-c66b-f526-dd80-bf4bc2260072" testName="SelectPlayerForFoulFreekick(&quot;2&quot;,&quot;1&quot;,null)" computerName="EC2AMAZ-JEOO151" duration="00:00:07.1320000" startTime="2019-07-11T18:57:42.0000000+00:00" endTime="2019-07-11T18:57:49.0000000+00:00" testType="13cdc9d9-ddb5-4fa4-a97d-d965ccfc6d4b" outcome="Passed" testListId="8c84fa94-04c1-424b-9868-57a2d4851a1d" relativeResultsDirectory="a4b501be-8c3c-4f6c-9b1b-78be40d89b4c">
      <Output>
        <StdOut>sandbox: PrepareForTestRun started.&#xD;
sandbox: football liveStatsApp != null: True &#xD;
sandbox: football liveStatsApp.IsProcessRunning: True &#xD;
sandbox: setupLocalData: localDatabaseProvider != null: True&#xD;
sandbox: applicationPages != null: True&#xD;
sandbox: applicationPages.Webdriver != null: True&#xD;
sandbox: finished setuping local data&#xD;
sandbox: PrepareForTestRun complete.&#xD;
Given Match started with kick off from existing game&#xD;
-&gt; done: SetupGameSteps.GivenMatchStartedWithKickOffButtonFromExistingGame() (3.3s)&#xD;
When I click Freekick button for team 2&#xD;
Given action failed. Retrying after a timeout.&#xD;
-&gt; done: TeamActionButtonSteps.WhenIClickFreekickButtonForTeam(2) (0.9s)&#xD;
And I click on pitch x 20 and y 50&#xD;
-&gt; done: PitchScreenSteps.WhenIClickOnPitch(20, 50) (0.1s)&#xD;
And I click "Foul" button in freekick reason dialog&#xD;
-&gt; done: FreeKickSteps.WhenIClickButtonInFreekickReasonDialog("Foul") (0.2s)&#xD;
And I click player 1 from team 1&#xD;
-&gt; done: PitchPlayersComponentSteps.WhenIClickPlayerFromTeam(1, 1) (0.2s)&#xD;
And I click player 1 from team 2&#xD;
-&gt; done: PitchPlayersComponentSteps.WhenIClickPlayerFromTeam(1, 2) (0.2s)&#xD;
Then Player1 from team2 is added to freekick event action&#xD;
-&gt; done: ActionLogSteps.ThenPlayerFromTeamIsAddedToFreekickEventAction(1, 2) (0.2s)&#xD;
And Notification "Indicate where the ball has landed..." is shown&#xD;
-&gt; done: PitchBottomMessageBarSteps.ThenIsShown("Indicate where th...") (0.1s)&#xD;
sandbox: CleanUpAfterTestRun started.&#xD;
sandbox: application pages != null: True&#xD;
sandbox: web driver!= null: True&#xD;
sandbox: CleanUpAfterTestRun complete.</StdOut>
      </Output>
    </UnitTestResult>
    <UnitTestResult executionId="16a7e789-e78c-4b49-ba37-653503231f6a" testId="facc2723-5980-e6a9-5afe-71354f3d5f88" testName="GivenGameInProgress_WhenDeactivatingGameOfficialWithInvalidData_ThenPitchViewShown" computerName="EC2AMAZ-JEOO151" duration="00:00:05.5980000" startTime="2019-07-11T20:03:55.0000000+00:00" endTime="2019-07-11T20:04:00.0000000+00:00" testType="13cdc9d9-ddb5-4fa4-a97d-d965ccfc6d4b" outcome="Passed" testListId="8c84fa94-04c1-424b-9868-57a2d4851a1d" relativeResultsDirectory="16a7e789-e78c-4b49-ba37-653503231f6a">
      <Output>
        <StdOut>sandbox: PrepareForTestRun started.&#xD;
sandbox: football liveStatsApp != null: True &#xD;
sandbox: football liveStatsApp.IsProcessRunning: True &#xD;
sandbox: setupLocalData: localDatabaseProvider != null: True&#xD;
sandbox: applicationPages != null: True&#xD;
sandbox: applicationPages.Webdriver != null: True&#xD;
sandbox: finished setuping local data&#xD;
sandbox: PrepareForTestRun complete.&#xD;
sandbox: CleanUpAfterTestRun started.&#xD;
sandbox: application pages != null: True&#xD;
sandbox: web driver!= null: True&#xD;
sandbox: CleanUpAfterTestRun complete.</StdOut>
      </Output>
    </UnitTestResult>
    <UnitTestResult executionId="cb2e2463-558a-432f-8842-ecbd9e2c0725" testId="42694d02-4851-b3d6-8df1-06218e375605" testName="ShotHasSameLocationAsFreeKick" computerName="EC2AMAZ-JEOO151" duration="00:00:08.6130000" startTime="2019-07-11T19:26:16.0000000+00:00" endTime="2019-07-11T19:26:24.0000000+00:00" testType="13cdc9d9-ddb5-4fa4-a97d-d965ccfc6d4b" outcome="Passed" testListId="8c84fa94-04c1-424b-9868-57a2d4851a1d" relativeResultsDirectory="cb2e2463-558a-432f-8842-ecbd9e2c0725">
      <Output>
        <StdOut>sandbox: PrepareForTestRun started.&#xD;
sandbox: football liveStatsApp != null: True &#xD;
sandbox: football liveStatsApp.IsProcessRunning: True &#xD;
sandbox: setupLocalData: localDatabaseProvider != null: True&#xD;
sandbox: applicationPages != null: True&#xD;
sandbox: applicationPages.Webdriver != null: True&#xD;
sandbox: finished setuping local data&#xD;
sandbox: PrepareForTestRun complete.&#xD;
Given Match started with kick off from existing game&#xD;
-&gt; done: SetupGameSteps.GivenMatchStartedWithKickOffButtonFromExistingGame() (3.2s)&#xD;
Given I clicked Freekick button for team 1&#xD;
Given action failed. Retrying after a timeout.&#xD;
-&gt; done: TeamActionButtonSteps.WhenIClickFreekickButtonForTeam(1) (1.0s)&#xD;
When I click on pitch x 30 and y 40&#xD;
-&gt; done: PitchScreenSteps.WhenIClickOnPitch(30, 40) (0.1s)&#xD;
And I click "Shot" button for team 1&#xD;
Given action failed. Retrying after a timeout.&#xD;
-&gt; done: TeamActionButtonSteps.GivenIClickShotButtonForTeam(1) (0.5s)&#xD;
And I click on team 1 player on pitch with shirt number 13&#xD;
-&gt; done: PitchPlayersComponentSteps.WhenIClickOnTeamPlayerOnPitchWithShirtNumber(1, 13) (0.1s)&#xD;
And I click on pitch x 50 and y 50&#xD;
-&gt; done: PitchScreenSteps.WhenIClickOnPitch(50, 50) (0.2s)&#xD;
And I Click "Shot Blocked" button&#xD;
-&gt; done: ShotRegistrationSteps.WhenClickIShotBlockedButton() (0.1s)&#xD;
And I click on latest "Shot" event in action log&#xD;
-&gt; done: ActionLogSteps.GivenIClickOnLatestEventInActionLog(Shot) (0.4s)&#xD;
And I click "adjust" pitch location button in edit window&#xD;
Failed to find data-qa element with tag 'setPitchLocationButton'. No such element exception.&#xD;
-&gt; done: MiniPitchEditPageElementSteps.WhenIClickButtonForFreeKickLocation() (2.2s)&#xD;
Then current pitch marker is at x 50 and y 50&#xD;
-&gt; done: MiniPitchEditPageElementSteps.ThenCurrentPitchMarkerIsAtXAndY(50, 50) (0.1s)&#xD;
sandbox: CleanUpAfterTestRun started.&#xD;
sandbox: application pages != null: True&#xD;
sandbox: web driver!= null: True&#xD;
sandbox: CleanUpAfterTestRun complete.</StdOut>
      </Output>
    </UnitTestResult>
    <UnitTestResult executionId="52bbc557-f20f-4538-831d-50a379979ea0" testId="8ef6a67f-294b-4cd1-854f-487e2c8870f8" testName="GivenGameInProgress_WhenEditingClockByArrowUpSeconds_ThenClockEdited" computerName="EC2AMAZ-JEOO151" duration="00:00:07.1030000" startTime="2019-07-11T21:16:07.0000000+00:00" endTime="2019-07-11T21:16:14.0000000+00:00" testType="13cdc9d9-ddb5-4fa4-a97d-d965ccfc6d4b" outcome="Passed" testListId="8c84fa94-04c1-424b-9868-57a2d4851a1d" relativeResultsDirectory="52bbc557-f20f-4538-831d-50a379979ea0">
      <Output>
        <StdOut>sandbox: PrepareForTestRun started.&#xD;
sandbox: football liveStatsApp != null: True &#xD;
sandbox: football liveStatsApp.IsProcessRunning: True &#xD;
sandbox: setupLocalData: localDatabaseProvider != null: True&#xD;
sandbox: applicationPages != null: True&#xD;
sandbox: applicationPages.Webdriver != null: True&#xD;
sandbox: finished setuping local data&#xD;
sandbox: PrepareForTestRun complete.&#xD;
sandbox: CleanUpAfterTestRun started.&#xD;
sandbox: application pages != null: True&#xD;
sandbox: web driver!= null: True&#xD;
sandbox: CleanUpAfterTestRun complete.</StdOut>
      </Output>
    </UnitTestResult>
    <UnitTestResult executionId="4cf8baad-8983-4f97-9f8b-83204223408d" testId="e0644a33-f6db-45b5-4876-0bff2f27be21" testName="ClickBackInAfterSelectingPlayer(&quot;Red&quot;,&quot;Red&quot;,null)" computerName="EC2AMAZ-JEOO151" duration="00:00:11.8340000" startTime="2019-07-11T18:51:38.0000000+00:00" endTime="2019-07-11T18:51:50.0000000+00:00" testType="13cdc9d9-ddb5-4fa4-a97d-d965ccfc6d4b" outcome="Passed" testListId="8c84fa94-04c1-424b-9868-57a2d4851a1d" relativeResultsDirectory="4cf8baad-8983-4f97-9f8b-83204223408d">
      <Output>
        <StdOut>sandbox: PrepareForTestRun started.&#xD;
sandbox: football liveStatsApp != null: True &#xD;
sandbox: football liveStatsApp.IsProcessRunning: True &#xD;
sandbox: setupLocalData: localDatabaseProvider != null: True&#xD;
sandbox: applicationPages != null: True&#xD;
sandbox: applicationPages.Webdriver != null: True&#xD;
sandbox: finished setuping local data&#xD;
sandbox: PrepareForTestRun complete.&#xD;
Given Match started with kick off from existing game&#xD;
-&gt; done: SetupGameSteps.GivenMatchStartedWithKickOffButtonFromExistingGame() (3.3s)&#xD;
When I click on team 2 possible "Red"&#xD;
-&gt; done: TeamActionButtonSteps.StartPossibleCardRegistration(2, Red) (0.6s)&#xD;
And I click "Red" card button&#xD;
-&gt; done: TeamActionButtonSteps.WhenIClickCardButton("Red") (0.1s)&#xD;
And I confirm booking by clicking "Confirm" button&#xD;
-&gt; done: CardSteps.WhenIConfirmActionByClickingButton() (2.2s)&#xD;
And I click on team 2 player on pitch with shirt number 1&#xD;
-&gt; done: PitchPlayersComponentSteps.WhenIClickOnTeamPlayerOnPitchWithShirtNumber(2, 1) (0.1s)&#xD;
And I click "Back" button in workflow&#xD;
-&gt; done: WorkflowSteps.WhenIClickBackButtonInWorkflow() (0.2s)&#xD;
And I click "Back" button in workflow&#xD;
-&gt; done: WorkflowSteps.WhenIClickBackButtonInWorkflow() (0.1s)&#xD;
And I cancel action workflow by clicking "Cancel &amp; Delete" button&#xD;
-&gt; done: WorkflowSteps.WhenICancelActionWorkflowByClickingButton() (0.3s)&#xD;
Then card event is deleted in Action log&#xD;
-&gt; done: ActionLogSteps.ThenCardEventIsDeletedInActionLog() (2.0s)&#xD;
And Pitch View is shown&#xD;
-&gt; done: PitchScreenSteps.PitchViewIsShown() (0.0s)&#xD;
And Red line removed from player with shirt id 1 of team 2&#xD;
Failed to find element with query 'redCardIndicator' under parent. No such element exception.&#xD;
-&gt; done: PitchPlayersComponentSteps.ThenYellowLineRemovedFromPlayerWithShirtIdOfTeam(Red, 1, 2) (2.1s)&#xD;
sandbox: CleanUpAfterTestRun started.&#xD;
sandbox: application pages != null: True&#xD;
sandbox: web driver!= null: True&#xD;
sandbox: CleanUpAfterTestRun complete.</StdOut>
      </Output>
    </UnitTestResult>
    <UnitTestResult executionId="ab59ee79-3f57-45f9-a216-f0815ad421a2" testId="3f0b50ff-cba9-f5e4-bcaf-9f7b40f3a064" testName="GivenGoalNetLocationSelected_WhenCancelingWorkflow_ThenGoalDeleted(2,7)" computerName="EC2AMAZ-JEOO151" duration="00:00:10.5990000" startTime="2019-07-11T21:05:01.0000000+00:00" endTime="2019-07-11T21:05:12.0000000+00:00" testType="13cdc9d9-ddb5-4fa4-a97d-d965ccfc6d4b" outcome="Passed" testListId="8c84fa94-04c1-424b-9868-57a2d4851a1d" relativeResultsDirectory="ab59ee79-3f57-45f9-a216-f0815ad421a2">
      <Output>
        <StdOut>sandbox: PrepareForTestRun started.&#xD;
sandbox: football liveStatsApp != null: True &#xD;
sandbox: football liveStatsApp.IsProcessRunning: True &#xD;
sandbox: setupLocalData: localDatabaseProvider != null: True&#xD;
sandbox: applicationPages != null: True&#xD;
sandbox: applicationPages.Webdriver != null: True&#xD;
sandbox: finished setuping local data&#xD;
sandbox: PrepareForTestRun complete.&#xD;
Given action failed. Retrying after a timeout.&#xD;
Failed to find data-qa element with tag 'playerGoals'. No such element exception.&#xD;
sandbox: CleanUpAfterTestRun started.&#xD;
sandbox: application pages != null: True&#xD;
sandbox: web driver!= null: True&#xD;
sandbox: CleanUpAfterTestRun complete.</StdOut>
      </Output>
    </UnitTestResult>
    <UnitTestResult executionId="a2884201-fc48-42cd-988f-afdea9be1493" testId="eee8025f-7c48-bd89-335b-3320e701defc" testName="RedCardsFilterInExpandedLogShowOnlyRedCards" computerName="EC2AMAZ-JEOO151" duration="00:00:15.1060000" startTime="2019-07-11T19:33:25.0000000+00:00" endTime="2019-07-11T19:33:40.0000000+00:00" testType="13cdc9d9-ddb5-4fa4-a97d-d965ccfc6d4b" outcome="Passed" testListId="8c84fa94-04c1-424b-9868-57a2d4851a1d" relativeResultsDirectory="a2884201-fc48-42cd-988f-afdea9be1493">
      <Output>
        <StdOut>sandbox: PrepareForTestRun started.&#xD;
sandbox: football liveStatsApp != null: True &#xD;
sandbox: football liveStatsApp.IsProcessRunning: True &#xD;
sandbox: setupLocalData: localDatabaseProvider != null: True&#xD;
sandbox: applicationPages != null: True&#xD;
sandbox: applicationPages.Webdriver != null: True&#xD;
sandbox: finished setuping local data&#xD;
sandbox: PrepareForTestRun complete.&#xD;
Given Match started with kick off from existing game&#xD;
-&gt; done: SetupGameSteps.GivenMatchStartedWithKickOffButtonFromExistingGame() (3.4s)&#xD;
And "Red" Card for Team 1 is registered&#xD;
-&gt; done: CardSteps.GivenCardForTeamIsRegistered(Red, 1) (3.4s)&#xD;
And "Yellow" Card for Team "1" player with shirt number "6" is registered&#xD;
-&gt; done: CardSteps.GivenCardForTeamPlayerWithShirtNumberIsRegistered(Yellow, 1, 6) (3.1s)&#xD;
And "SecondYellow" Card for Team "1" player with shirt number "8" is registered&#xD;
-&gt; done: CardSteps.GivenCardForTeamPlayerWithShirtNumberIsRegistered(SecondYellow, 1, 8) (3.2s)&#xD;
Given GoalKick for Team 1 is registered&#xD;
Given action failed. Retrying after a timeout.&#xD;
-&gt; done: GoalKickSteps.GivenGoalKickForTeamIsRegistered(1) (0.7s)&#xD;
When I open Expanded Action log&#xD;
-&gt; done: ActionLogSteps.WhenIClickExpandActionLogButton() (0.3s)&#xD;
And I expand Cards filter&#xD;
-&gt; done: FilterSteps.WhenIExpandCardsFilter() (0.1s)&#xD;
And I select red cards filter&#xD;
-&gt; done: FilterSteps.WhenISelectRedCardsFilter() (0.1s)&#xD;
Then Expanded action log contains "1" items&#xD;
-&gt; done: ExpandedActionLogSteps.ThenExpandedActionLogContainsItemsCount(1) (0.0s)&#xD;
And "Red Card" Action is displayed at 1 in expanded action log&#xD;
-&gt; done: ExpandedActionLogSteps.ThenGoalActionIsDisplayedAtInExpandedActionLog("Red Card", 1) (0.0s)&#xD;
sandbox: CleanUpAfterTestRun started.&#xD;
sandbox: application pages != null: True&#xD;
sandbox: web driver!= null: True&#xD;
sandbox: CleanUpAfterTestRun complete.</StdOut>
      </Output>
    </UnitTestResult>
    <UnitTestResult executionId="51616591-4b7e-4823-afe2-aec907abde5d" testId="04794404-f80d-031f-5267-24edce7443ce" testName="PitchAndPossessionIsSetOnETFirstHalf" computerName="EC2AMAZ-JEOO151" duration="00:00:20.8490000" startTime="2019-07-11T19:52:11.0000000+00:00" endTime="2019-07-11T19:52:32.0000000+00:00" testType="13cdc9d9-ddb5-4fa4-a97d-d965ccfc6d4b" outcome="Passed" testListId="8c84fa94-04c1-424b-9868-57a2d4851a1d" relativeResultsDirectory="51616591-4b7e-4823-afe2-aec907abde5d">
      <Output>
        <StdOut>sandbox: PrepareForTestRun started.&#xD;
sandbox: football liveStatsApp != null: True &#xD;
sandbox: football liveStatsApp.IsProcessRunning: True &#xD;
sandbox: setupLocalData: localDatabaseProvider != null: True&#xD;
sandbox: applicationPages != null: True&#xD;
sandbox: applicationPages.Webdriver != null: True&#xD;
sandbox: finished setuping local data&#xD;
sandbox: PrepareForTestRun complete.&#xD;
Given Game is kicked of with No. of subs set to 1 and Period Length to 45 and Extra Time set to true and Penalty Shoot-Out set to true&#xD;
-&gt; done: SetupGameSteps.GivenGameIsKickedOfWithNoOfPeriodsSetToAndPeriodLengthToAndExtraTimeSetToFalse(1, 45, True, True) (8.9s)&#xD;
And I clicked on pitch x 50 and y 60&#xD;
Failed to find element with query '[data-qa='activePitchOverlay']'. Web driver timeout exception.&#xD;
Given action failed. Retrying after a timeout.&#xD;
Failed to find element with query '[data-qa='activePitchOverlay']'. Web driver timeout exception.&#xD;
-&gt; done: PitchScreenSteps.WhenIClickOnPitch(50, 60) (4.5s)&#xD;
And I set clock and end half&#xD;
-&gt; done: PitchClockSteps.WhenFirstHalfIsEndedWithoutTime() (2.3s)&#xD;
When I confirm ended half&#xD;
-&gt; done: PitchClockSteps.WhenIConfirmEndedHalf() (0.4s)&#xD;
And I start next half&#xD;
-&gt; done: PitchClockSteps.WhenStartNextHalf() (0.4s)&#xD;
And I set clock and end half&#xD;
-&gt; done: PitchClockSteps.WhenFirstHalfIsEndedWithoutTime() (2.2s)&#xD;
And I confirm ended half&#xD;
-&gt; done: PitchClockSteps.WhenIConfirmEndedHalf() (0.4s)&#xD;
And I start next half&#xD;
-&gt; done: PitchClockSteps.WhenStartNextHalf() (0.3s)&#xD;
Then team 2 possession button is not highligthed&#xD;
-&gt; done: ScoreBoardSteps.ThenTeamPossessionButtonIsNotHighligthed(2) (0.2s)&#xD;
And team 1 possession button is highligthed&#xD;
-&gt; done: ScoreBoardSteps.ThenTeamPossessionButtonIsHighligthed(1) (0.1s)&#xD;
And ball marker is shown in the centre of the pitch&#xD;
-&gt; done: BallMarkerSteps.ThenBallMarkerIsShownInTheCentreOfThePitch() (0.1s)&#xD;
sandbox: CleanUpAfterTestRun started.&#xD;
sandbox: application pages != null: True&#xD;
sandbox: web driver!= null: True&#xD;
sandbox: CleanUpAfterTestRun complete.</StdOut>
      </Output>
    </UnitTestResult>
    <UnitTestResult executionId="dab0020d-bf73-4ab5-825c-454c2139f5ef" testId="2ea49c75-9df4-96a4-9c3d-c0368fdd6dda" testName="FootballAfterGameSetupSubsCountIsCorrect" computerName="EC2AMAZ-JEOO151" duration="00:00:09.2670000" startTime="2019-07-11T19:29:20.0000000+00:00" endTime="2019-07-11T19:29:29.0000000+00:00" testType="13cdc9d9-ddb5-4fa4-a97d-d965ccfc6d4b" outcome="Passed" testListId="8c84fa94-04c1-424b-9868-57a2d4851a1d" relativeResultsDirectory="dab0020d-bf73-4ab5-825c-454c2139f5ef">
      <Output>
        <StdOut>sandbox: PrepareForTestRun started.&#xD;
sandbox: football liveStatsApp != null: True &#xD;
sandbox: football liveStatsApp.IsProcessRunning: True &#xD;
sandbox: setupLocalData: localDatabaseProvider != null: True&#xD;
sandbox: applicationPages != null: True&#xD;
sandbox: applicationPages.Webdriver != null: True&#xD;
sandbox: finished setuping local data&#xD;
sandbox: PrepareForTestRun complete.&#xD;
Given Game setup is finished with No. of subs set to 4 and Period Length to 45 and Extra Time set to true&#xD;
-&gt; done: SetupGameSteps.GivenGameSetupIsFinishedWithSetToAndToAndSetToFalse(4, 45, True) (7.7s)&#xD;
Then substitutions for team "1" button on pitch shows "4" remaining and "4" available subs&#xD;
-&gt; done: SubstitutionSteps.ThenSubsForTeamButtonOnPitchShowsCompletedAndAvailableSubs(1, 4, 4) (0.0s)&#xD;
And substitutions for team "2" button on pitch shows "4" remaining and "4" available subs&#xD;
-&gt; done: SubstitutionSteps.ThenSubsForTeamButtonOnPitchShowsCompletedAndAvailableSubs(2, 4, 4) (0.0s)&#xD;
sandbox: CleanUpAfterTestRun started.&#xD;
sandbox: application pages != null: True&#xD;
sandbox: web driver!= null: True&#xD;
Given action failed. Retrying after a timeout. Most likely UI was not fast enough to refresh itself.&#xD;
sandbox: CleanUpAfterTestRun complete.</StdOut>
      </Output>
    </UnitTestResult>
    <UnitTestResult executionId="59ddaead-684a-43bc-9efe-57a58700d1c1" testId="ec01bfb8-53be-cb50-753a-1ee591890f44" testName="FlagAndContinueAllFreeKickPlayersSelectionSteps" computerName="EC2AMAZ-JEOO151" duration="00:00:06.0500000" startTime="2019-07-11T19:45:49.0000000+00:00" endTime="2019-07-11T19:45:55.0000000+00:00" testType="13cdc9d9-ddb5-4fa4-a97d-d965ccfc6d4b" outcome="Passed" testListId="8c84fa94-04c1-424b-9868-57a2d4851a1d" relativeResultsDirectory="59ddaead-684a-43bc-9efe-57a58700d1c1">
      <Output>
        <StdOut>sandbox: PrepareForTestRun started.&#xD;
sandbox: football liveStatsApp != null: True &#xD;
sandbox: football liveStatsApp.IsProcessRunning: True &#xD;
sandbox: setupLocalData: localDatabaseProvider != null: True&#xD;
sandbox: applicationPages != null: True&#xD;
sandbox: applicationPages.Webdriver != null: True&#xD;
sandbox: finished setuping local data&#xD;
sandbox: PrepareForTestRun complete.&#xD;
Given Match started with kick off from existing game&#xD;
-&gt; done: SetupGameSteps.GivenMatchStartedWithKickOffButtonFromExistingGame() (3.2s)&#xD;
When I click Freekick button for team 1&#xD;
-&gt; done: TeamActionButtonSteps.WhenIClickFreekickButtonForTeam(1) (0.7s)&#xD;
And I flag and continue&#xD;
-&gt; done: WorkflowSteps.WhenIFlagAndContinue() (0.1s)&#xD;
And I click "Offence" button in freekick reason dialog&#xD;
-&gt; done: FreeKickSteps.WhenIClickButtonInFreekickReasonDialog("Offence") (0.2s)&#xD;
And I flag and continue&#xD;
-&gt; done: WorkflowSteps.WhenIFlagAndContinue() (0.2s)&#xD;
And I flag and continue&#xD;
-&gt; done: WorkflowSteps.WhenIFlagAndContinue() (0.2s)&#xD;
And I click on pitch x 90 and y 40&#xD;
-&gt; done: PitchScreenSteps.WhenIClickOnPitch(90, 40) (0.1s)&#xD;
And I click on latest "FreeKick" event in action log&#xD;
-&gt; done: ActionLogSteps.GivenIClickOnLatestEventInActionLog(FreeKick) (0.3s)&#xD;
And I click review flags button in game action edit window&#xD;
-&gt; done: EditFormSteps.WhenIClickReviewFlagsButtonInGameActionEditWindow() (0.1s)&#xD;
Then 1 event in action log of type "FreeKick" is flagged&#xD;
-&gt; done: ActionLogSteps.ThenEventInActionLogOfTypeIsFlagged(1, FreeKick) (0.0s)&#xD;
And "This item was flagged by the User." is visible in review action flags dialog&#xD;
-&gt; done: EditWindowFlagsDropDownSteps.ThenIsVisibleInReviewActionFlagsDialog("This item was fla...") (0.0s)&#xD;
sandbox: CleanUpAfterTestRun started.&#xD;
sandbox: application pages != null: True&#xD;
sandbox: web driver!= null: True&#xD;
sandbox: CleanUpAfterTestRun complete.</StdOut>
      </Output>
    </UnitTestResult>
    <UnitTestResult executionId="9892a51e-b037-4410-915c-067a02c10c48" testId="900c402a-8090-f9f7-0d00-c6466ad361c0" testName="FootballPenaltyShootoutShot_OffMiss(&quot;1&quot;,&quot;2&quot;,&quot;90&quot;,&quot;50&quot;,&quot;5&quot;,&quot;16&quot;,null)" computerName="EC2AMAZ-JEOO151" duration="00:00:17.3150000" startTime="2019-07-11T19:12:51.0000000+00:00" endTime="2019-07-11T19:13:09.0000000+00:00" testType="13cdc9d9-ddb5-4fa4-a97d-d965ccfc6d4b" outcome="Passed" testListId="8c84fa94-04c1-424b-9868-57a2d4851a1d" relativeResultsDirectory="9892a51e-b037-4410-915c-067a02c10c48">
      <Output>
        <StdOut>sandbox: PrepareForTestRun started.&#xD;
sandbox: football liveStatsApp != null: True &#xD;
sandbox: football liveStatsApp.IsProcessRunning: True &#xD;
sandbox: setupLocalData: localDatabaseProvider != null: True&#xD;
sandbox: applicationPages != null: True&#xD;
sandbox: applicationPages.Webdriver != null: True&#xD;
sandbox: finished setuping local data&#xD;
sandbox: PrepareForTestRun complete.&#xD;
Given penalty shoot-out phase started&#xD;
-&gt; done: PitchClockSteps.GivenGamePenaltyShoot_OutPhaseStarted() (14.4s)&#xD;
When I click on team 1 player on pitch with shirt number 16&#xD;
-&gt; done: PitchPlayersComponentSteps.WhenIClickOnTeamPlayerOnPitchWithShirtNumber(1, 16) (0.4s)&#xD;
And I click "Penalty Shot Off Target" Button&#xD;
-&gt; done: PenaltySteps.WhenIClickPenaltyShotOffTargetButton() (0.2s)&#xD;
And I click on net x "10" and y "10"&#xD;
-&gt; done: NetSectionSteps.WhenIClickOnNetXAndY(10, 10) (0.2s)&#xD;
And I click "Save" Button&#xD;
-&gt; done: PenaltySteps.WhenIClickSaveButton() (0.1s)&#xD;
Then Score is 0 for team 1&#xD;
-&gt; done: ScoreBoardSteps.ThenScoreIsForTeam(0, 1) (0.2s)&#xD;
And Score is 0 for team 2&#xD;
-&gt; done: ScoreBoardSteps.ThenScoreIsForTeam(0, 2) (0.1s)&#xD;
And Team 1 has 1 penalty shoot-out miss in score board&#xD;
-&gt; done: PenaltyShootoutSteps.ThenTeamHasPenaltyShoot_OutMiss(1, 1) (0.1s)&#xD;
And Latest "PenaltyShootout" event is completed&#xD;
-&gt; done: ActionLogSteps.ThenLatestEventIsConfirmed(PenaltyShootout) (0.1s)&#xD;
sandbox: CleanUpAfterTestRun started.&#xD;
sandbox: application pages != null: True&#xD;
sandbox: web driver!= null: True&#xD;
Given action failed. Retrying after a timeout. Most likely UI was not fast enough to refresh itself.&#xD;
sandbox: CleanUpAfterTestRun complete.</StdOut>
      </Output>
    </UnitTestResult>
    <UnitTestResult executionId="95114e32-49e8-494c-8f5c-132f581eaee9" testId="83037501-1e70-b466-0069-a0da9042c704" testName="SelectLocationForFoulFreekick(&quot;2&quot;,&quot;1&quot;,null)" computerName="EC2AMAZ-JEOO151" duration="00:00:05.7370000" startTime="2019-07-11T18:57:05.0000000+00:00" endTime="2019-07-11T18:57:11.0000000+00:00" testType="13cdc9d9-ddb5-4fa4-a97d-d965ccfc6d4b" outcome="Passed" testListId="8c84fa94-04c1-424b-9868-57a2d4851a1d" relativeResultsDirectory="95114e32-49e8-494c-8f5c-132f581eaee9">
      <Output>
        <StdOut>sandbox: PrepareForTestRun started.&#xD;
sandbox: football liveStatsApp != null: True &#xD;
sandbox: football liveStatsApp.IsProcessRunning: True &#xD;
sandbox: setupLocalData: localDatabaseProvider != null: True&#xD;
sandbox: applicationPages != null: True&#xD;
sandbox: applicationPages.Webdriver != null: True&#xD;
sandbox: finished setuping local data&#xD;
sandbox: PrepareForTestRun complete.&#xD;
Given Match started with kick off from existing game&#xD;
-&gt; done: SetupGameSteps.GivenMatchStartedWithKickOffButtonFromExistingGame() (3.2s)&#xD;
When I click Freekick button for team 2&#xD;
-&gt; done: TeamActionButtonSteps.WhenIClickFreekickButtonForTeam(2) (0.6s)&#xD;
And I click on pitch x 20 and y 50&#xD;
-&gt; done: PitchScreenSteps.WhenIClickOnPitch(20, 50) (0.1s)&#xD;
And I click "Foul" button in freekick reason dialog&#xD;
-&gt; done: FreeKickSteps.WhenIClickButtonInFreekickReasonDialog("Foul") (0.2s)&#xD;
And I click player 1 from team 1&#xD;
-&gt; done: PitchPlayersComponentSteps.WhenIClickPlayerFromTeam(1, 1) (0.2s)&#xD;
And I click player 1 from team 2&#xD;
-&gt; done: PitchPlayersComponentSteps.WhenIClickPlayerFromTeam(1, 2) (0.3s)&#xD;
And I click on pitch x 50 and y 50&#xD;
-&gt; done: PitchScreenSteps.WhenIClickOnPitch(50, 50) (0.2s)&#xD;
Then Latest freekick event is completed&#xD;
-&gt; done: ActionLogSteps.ThenFreekickEventIsCompleted() (0.2s)&#xD;
And Pitch View is shown&#xD;
-&gt; done: PitchScreenSteps.PitchViewIsShown() (0.0s)&#xD;
sandbox: CleanUpAfterTestRun started.&#xD;
sandbox: application pages != null: True&#xD;
sandbox: web driver!= null: True&#xD;
sandbox: CleanUpAfterTestRun complete.</StdOut>
      </Output>
    </UnitTestResult>
    <UnitTestResult executionId="76fcf578-c974-436f-a25e-b71f81f482e0" testId="77fd1dc2-7239-1208-6131-50d52ad75eeb" testName="CancellingShotWorkflowResumesCornerWorkflow(&quot;taken&quot;,&quot;1&quot;,&quot;taken&quot;,null)" computerName="EC2AMAZ-JEOO151" duration="00:00:08.1170000" startTime="2019-07-11T19:23:44.0000000+00:00" endTime="2019-07-11T19:23:52.0000000+00:00" testType="13cdc9d9-ddb5-4fa4-a97d-d965ccfc6d4b" outcome="Passed" testListId="8c84fa94-04c1-424b-9868-57a2d4851a1d" relativeResultsDirectory="76fcf578-c974-436f-a25e-b71f81f482e0">
      <Output>
        <StdOut>sandbox: PrepareForTestRun started.&#xD;
sandbox: football liveStatsApp != null: True &#xD;
sandbox: football liveStatsApp.IsProcessRunning: True &#xD;
sandbox: setupLocalData: localDatabaseProvider != null: True&#xD;
sandbox: applicationPages != null: True&#xD;
sandbox: applicationPages.Webdriver != null: True&#xD;
sandbox: finished setuping local data&#xD;
sandbox: PrepareForTestRun complete.&#xD;
Given Match started with kick off from existing game&#xD;
-&gt; done: SetupGameSteps.GivenMatchStartedWithKickOffButtonFromExistingGame() (3.2s)&#xD;
Given Corner for team "1" workflow entered till taken selection&#xD;
-&gt; done: CornerSteps.GivenCornerForTeamAndWorkflowEnteredTillFoulBySelection(1) (3.1s)&#xD;
And I clicked "Shot" button for team 1&#xD;
Given action failed. Retrying after a timeout.&#xD;
-&gt; done: TeamActionButtonSteps.GivenIClickShotButtonForTeam(1) (0.4s)&#xD;
When I cancel action workflow by clicking "Cancel &amp; Delete" button&#xD;
-&gt; done: WorkflowSteps.WhenICancelActionWorkflowByClickingButton() (0.2s)&#xD;
Then Latest "Corner" event is in progress&#xD;
-&gt; done: ActionLogSteps.ThenLatestEventInProgress(Corner) (0.0s)&#xD;
And Current corner step is taken selection&#xD;
-&gt; done: CornerSteps.ThenCurrentCornerStepIsTakenSelection() (0.2s)&#xD;
And Latest action in log is of type "Corner"&#xD;
-&gt; done: ActionLogSteps.ThenLatestActionIsOfTypeGoal(Corner) (0.0s)&#xD;
And Latest action of type "Corner" is not flagged&#xD;
-&gt; done: ActionLogSteps.ThenLatestEventInActionLogOfTypeIsNotFlagged(Corner) (0.0s)&#xD;
sandbox: CleanUpAfterTestRun started.&#xD;
sandbox: application pages != null: True&#xD;
sandbox: web driver!= null: True&#xD;
sandbox: CleanUpAfterTestRun complete.</StdOut>
      </Output>
    </UnitTestResult>
    <UnitTestResult executionId="c7ef7a31-526a-47a5-be85-a6281b366b16" testId="0e9c0fb5-739b-49ff-c403-838fc40fd070" testName="CanOpenExpandedActionLogDuringPenaltyWorkflow" computerName="EC2AMAZ-JEOO151" duration="00:00:05.0190000" startTime="2019-07-11T18:50:14.0000000+00:00" endTime="2019-07-11T18:50:19.0000000+00:00" testType="13cdc9d9-ddb5-4fa4-a97d-d965ccfc6d4b" outcome="Passed" testListId="8c84fa94-04c1-424b-9868-57a2d4851a1d" relativeResultsDirectory="c7ef7a31-526a-47a5-be85-a6281b366b16">
      <Output>
        <StdOut>sandbox: PrepareForTestRun started.&#xD;
sandbox: football liveStatsApp != null: True &#xD;
sandbox: football liveStatsApp.IsProcessRunning: True &#xD;
sandbox: setupLocalData: localDatabaseProvider != null: True&#xD;
sandbox: applicationPages != null: True&#xD;
sandbox: applicationPages.Webdriver != null: True&#xD;
sandbox: finished setuping local data&#xD;
sandbox: PrepareForTestRun complete.&#xD;
Given Match started with kick off from existing game&#xD;
-&gt; done: SetupGameSteps.GivenMatchStartedWithKickOffButtonFromExistingGame() (3.3s)&#xD;
Given "Penalty" record workflow is started for team "1"&#xD;
Given action failed. Retrying after a timeout.&#xD;
-&gt; done: TeamActionButtonSteps.GivenStartedRecordWorkflow(Penalty, 1) (0.8s)&#xD;
When I open Expanded Action log&#xD;
-&gt; done: ActionLogSteps.WhenIClickExpandActionLogButton() (0.1s)&#xD;
Then expanded action log is shown&#xD;
-&gt; done: ExpandedActionLogSteps.ThenExpandedActionLogIsShown() (0.0s)&#xD;
sandbox: CleanUpAfterTestRun started.&#xD;
sandbox: application pages != null: True&#xD;
sandbox: web driver!= null: True&#xD;
sandbox: CleanUpAfterTestRun complete.</StdOut>
      </Output>
    </UnitTestResult>
    <UnitTestResult executionId="06a9db20-2986-452c-8d8e-8bc2d2e31b15" testId="b444ffd3-343f-2413-7d3e-54eddea84c1d" testName="GivenGameInPso_WhenOverturnedPsoShot_ThenLabelInContainerAdded" computerName="EC2AMAZ-JEOO151" duration="00:00:28.2210000" startTime="2019-07-11T20:35:51.0000000+00:00" endTime="2019-07-11T20:36:19.0000000+00:00" testType="13cdc9d9-ddb5-4fa4-a97d-d965ccfc6d4b" outcome="Passed" testListId="8c84fa94-04c1-424b-9868-57a2d4851a1d" relativeResultsDirectory="06a9db20-2986-452c-8d8e-8bc2d2e31b15">
      <Output>
        <StdOut>sandbox: PrepareForTestRun started.&#xD;
sandbox: football liveStatsApp != null: True &#xD;
sandbox: football liveStatsApp.IsProcessRunning: True &#xD;
sandbox: setupLocalData: localDatabaseProvider != null: True&#xD;
sandbox: applicationPages != null: True&#xD;
sandbox: applicationPages.Webdriver != null: True&#xD;
sandbox: finished setuping local data&#xD;
sandbox: PrepareForTestRun complete.&#xD;
Given action failed. Retrying after a timeout. Most likely UI was not fast enough to refresh itself.&#xD;
sandbox: CleanUpAfterTestRun started.&#xD;
sandbox: application pages != null: True&#xD;
sandbox: web driver!= null: True&#xD;
sandbox: CleanUpAfterTestRun complete.</StdOut>
      </Output>
    </UnitTestResult>
    <UnitTestResult executionId="9f73b101-daa3-4589-ad2b-5a079e58b758" testId="f5557c5a-f858-ebbe-2929-6b6c144ddfcf" testName="GivenGameInProgress_WhenRecordingCorner_ThenTeamStatsUpdatedAndContainerCompleted" computerName="EC2AMAZ-JEOO151" duration="00:00:16.0650000" startTime="2019-07-11T21:00:43.0000000+00:00" endTime="2019-07-11T21:00:59.0000000+00:00" testType="13cdc9d9-ddb5-4fa4-a97d-d965ccfc6d4b" outcome="Passed" testListId="8c84fa94-04c1-424b-9868-57a2d4851a1d" relativeResultsDirectory="9f73b101-daa3-4589-ad2b-5a079e58b758">
      <Output>
        <StdOut>sandbox: PrepareForTestRun started.&#xD;
sandbox: football liveStatsApp != null: True &#xD;
sandbox: football liveStatsApp.IsProcessRunning: True &#xD;
sandbox: setupLocalData: localDatabaseProvider != null: True&#xD;
sandbox: applicationPages != null: True&#xD;
sandbox: applicationPages.Webdriver != null: True&#xD;
sandbox: finished setuping local data&#xD;
sandbox: PrepareForTestRun complete.&#xD;
Given action failed. Retrying after a timeout.&#xD;
Failed to find data-qa element with tag 'dangerZoneText'. No such element exception.&#xD;
Failed to find data-qa element with tag 'dangerZoneText'. No such element exception.&#xD;
Failed to find data-qa element with tag 'dangerZoneText'. No such element exception.&#xD;
Failed to find data-qa element with tag 'dangerZoneText'. No such element exception.&#xD;
sandbox: CleanUpAfterTestRun started.&#xD;
sandbox: application pages != null: True&#xD;
sandbox: web driver!= null: True&#xD;
sandbox: CleanUpAfterTestRun complete.</StdOut>
      </Output>
    </UnitTestResult>
    <UnitTestResult executionId="ac23ce04-87b2-4588-8ac1-9767b9ec97af" testId="5004dae6-4d61-0738-4a19-0627d5692068" testName="SaveCardVARWithStandsOutcome" computerName="EC2AMAZ-JEOO151" duration="00:00:09.9490000" startTime="2019-07-11T17:50:29.0000000+00:00" endTime="2019-07-11T17:50:39.0000000+00:00" testType="13cdc9d9-ddb5-4fa4-a97d-d965ccfc6d4b" outcome="Passed" testListId="8c84fa94-04c1-424b-9868-57a2d4851a1d" relativeResultsDirectory="ac23ce04-87b2-4588-8ac1-9767b9ec97af">
      <Output>
        <StdOut>sandbox: PrepareForTestRun started.&#xD;
sandbox: football liveStatsApp != null: True &#xD;
sandbox: football liveStatsApp.IsProcessRunning: True &#xD;
sandbox: setupLocalData: localDatabaseProvider != null: True&#xD;
sandbox: applicationPages != null: True&#xD;
sandbox: applicationPages.Webdriver != null: True&#xD;
sandbox: finished setuping local data&#xD;
sandbox: PrepareForTestRun complete.&#xD;
Given Match started with kick off from existing game&#xD;
-&gt; done: SetupGameSteps.GivenMatchStartedWithKickOffButtonFromExistingGame() (3.3s)&#xD;
And I remembered current players on pitch shirt numbers&#xD;
-&gt; done: GoalEditSteps.GivenIRememberCurrentPlayersOnPitch() (1.5s)&#xD;
Given "Yellow" Card for Team "1" player with shirt number "4" is registered&#xD;
Given action failed. Retrying after a timeout.&#xD;
-&gt; done: CardSteps.GivenCardForTeamPlayerWithShirtNumberIsRegistered(Yellow, 1, 4) (3.2s)&#xD;
When I click on 1 of type "Booking" event in action log&#xD;
-&gt; done: ActionLogSteps.GivenIClickOnLatestEventInActionLog(1, Booking) (0.2s)&#xD;
And I click "VAR" toggle&#xD;
-&gt; done: EditFormSteps.GivenIClickToggleToEnable() (0.1s)&#xD;
And I click Var "Stands" button&#xD;
-&gt; done: EditFormSteps.WhenIClickVarStandsButton() (0.1s)&#xD;
And I click Save button in action edit form&#xD;
-&gt; done: EditFormSteps.ClickSaveButtonInActionEditForm() (0.6s)&#xD;
Then VAR label is shown in Booking event action log&#xD;
-&gt; done: ActionLogSteps.ThenOffenceIsShownInPenaltyEventActionLog("VAR", Booking) (0.1s)&#xD;
And VAR label of "Booking" event in action log contains "Card Stands" message&#xD;
-&gt; done: ActionLogSteps.ThenSubItemOfEventInActionLogIsInTeamColor("VAR", Booking, "Card Stands") (0.1s)&#xD;
sandbox: CleanUpAfterTestRun started.&#xD;
sandbox: application pages != null: True&#xD;
sandbox: web driver!= null: True&#xD;
sandbox: CleanUpAfterTestRun complete.</StdOut>
      </Output>
    </UnitTestResult>
    <UnitTestResult executionId="b1eb2d41-f632-40ae-9c29-99d879432326" testId="c2820a40-5ed4-cd46-997f-46b42502f8bd" testName="GivenGameWithDeadBall_WhenClickingTabButton_ThenSetsPossessionToFirstTeam" computerName="EC2AMAZ-JEOO151" duration="00:00:05.0520000" startTime="2019-07-11T21:18:22.0000000+00:00" endTime="2019-07-11T21:18:27.0000000+00:00" testType="13cdc9d9-ddb5-4fa4-a97d-d965ccfc6d4b" outcome="Passed" testListId="8c84fa94-04c1-424b-9868-57a2d4851a1d" relativeResultsDirectory="b1eb2d41-f632-40ae-9c29-99d879432326">
      <Output>
        <StdOut>sandbox: PrepareForTestRun started.&#xD;
sandbox: football liveStatsApp != null: True &#xD;
sandbox: football liveStatsApp.IsProcessRunning: True &#xD;
sandbox: setupLocalData: localDatabaseProvider != null: True&#xD;
sandbox: applicationPages != null: True&#xD;
sandbox: applicationPages.Webdriver != null: True&#xD;
sandbox: finished setuping local data&#xD;
sandbox: PrepareForTestRun complete.&#xD;
sandbox: CleanUpAfterTestRun started.&#xD;
sandbox: application pages != null: True&#xD;
sandbox: web driver!= null: True&#xD;
sandbox: CleanUpAfterTestRun complete.</StdOut>
      </Output>
    </UnitTestResult>
    <UnitTestResult executionId="14d25a75-d9f9-4d7c-ab53-8177d0b92b8c" testId="9f30d879-be44-c57d-e5d2-4f85f358c604" testName="GivenPlayerWithInjury_WhenSettingPlayerToRemainOnPitch_ThenPlayerNotRecovered" computerName="EC2AMAZ-JEOO151" duration="00:00:05.3680000" startTime="2019-07-11T21:06:33.0000000+00:00" endTime="2019-07-11T21:06:38.0000000+00:00" testType="13cdc9d9-ddb5-4fa4-a97d-d965ccfc6d4b" outcome="Passed" testListId="8c84fa94-04c1-424b-9868-57a2d4851a1d" relativeResultsDirectory="14d25a75-d9f9-4d7c-ab53-8177d0b92b8c">
      <Output>
        <StdOut>sandbox: PrepareForTestRun started.&#xD;
sandbox: football liveStatsApp != null: True &#xD;
sandbox: football liveStatsApp.IsProcessRunning: True &#xD;
sandbox: setupLocalData: localDatabaseProvider != null: True&#xD;
sandbox: applicationPages != null: True&#xD;
sandbox: applicationPages.Webdriver != null: True&#xD;
sandbox: finished setuping local data&#xD;
sandbox: PrepareForTestRun complete.&#xD;
sandbox: CleanUpAfterTestRun started.&#xD;
sandbox: application pages != null: True&#xD;
sandbox: web driver!= null: True&#xD;
sandbox: CleanUpAfterTestRun complete.</StdOut>
      </Output>
    </UnitTestResult>
    <UnitTestResult executionId="9a952502-a7b4-4124-a5ea-291744fe886b" testId="79bae442-5d47-f611-a0a6-dbcf5e6d8588" testName="GivenGoalLastSteps_WhenGoingBackAndCancelingWorkflow_ThenGoalDeleted" computerName="EC2AMAZ-JEOO151" duration="00:00:11.0960000" startTime="2019-07-11T21:04:27.0000000+00:00" endTime="2019-07-11T21:04:39.0000000+00:00" testType="13cdc9d9-ddb5-4fa4-a97d-d965ccfc6d4b" outcome="Passed" testListId="8c84fa94-04c1-424b-9868-57a2d4851a1d" relativeResultsDirectory="9a952502-a7b4-4124-a5ea-291744fe886b">
      <Output>
        <StdOut>sandbox: PrepareForTestRun started.&#xD;
sandbox: football liveStatsApp != null: True &#xD;
sandbox: football liveStatsApp.IsProcessRunning: True &#xD;
sandbox: setupLocalData: localDatabaseProvider != null: True&#xD;
sandbox: applicationPages != null: True&#xD;
sandbox: applicationPages.Webdriver != null: True&#xD;
sandbox: finished setuping local data&#xD;
sandbox: PrepareForTestRun complete.&#xD;
Given action failed. Retrying after a timeout.&#xD;
Failed to find data-qa element with tag 'playerGoals'. No such element exception.&#xD;
sandbox: CleanUpAfterTestRun started.&#xD;
sandbox: application pages != null: True&#xD;
sandbox: web driver!= null: True&#xD;
sandbox: CleanUpAfterTestRun complete.</StdOut>
      </Output>
    </UnitTestResult>
    <UnitTestResult executionId="1b12b258-c7db-4ac1-ae73-060ac7dcb5df" testId="12697e55-7c33-4e3e-f1db-7eac666103fc" testName="GivenActionRegistered_WhenDeletingFromExpandedActionLog_ThenDeletedInExpanded(ThrowIn)" computerName="EC2AMAZ-JEOO151" duration="00:00:07.7500000" startTime="2019-07-11T20:16:55.0000000+00:00" endTime="2019-07-11T20:17:02.0000000+00:00" testType="13cdc9d9-ddb5-4fa4-a97d-d965ccfc6d4b" outcome="Passed" testListId="8c84fa94-04c1-424b-9868-57a2d4851a1d" relativeResultsDirectory="1b12b258-c7db-4ac1-ae73-060ac7dcb5df">
      <Output>
        <StdOut>sandbox: PrepareForTestRun started.&#xD;
sandbox: football liveStatsApp != null: True &#xD;
sandbox: football liveStatsApp.IsProcessRunning: True &#xD;
sandbox: setupLocalData: localDatabaseProvider != null: True&#xD;
sandbox: applicationPages != null: True&#xD;
sandbox: applicationPages.Webdriver != null: True&#xD;
sandbox: finished setuping local data&#xD;
sandbox: PrepareForTestRun complete.&#xD;
sandbox: CleanUpAfterTestRun started.&#xD;
sandbox: application pages != null: True&#xD;
sandbox: web driver!= null: True&#xD;
sandbox: CleanUpAfterTestRun complete.</StdOut>
      </Output>
    </UnitTestResult>
    <UnitTestResult executionId="e4db525e-9a4e-45eb-b332-f0df694f1eca" testId="d13326fa-85d5-f8e6-9db5-df0deda5a1eb" testName="CardReasonUpdate(&quot;Red&quot;,&quot;Violent Conduct&quot;,null)" computerName="EC2AMAZ-JEOO151" duration="00:00:10.5340000" startTime="2019-07-11T17:46:57.0000000+00:00" endTime="2019-07-11T17:47:07.0000000+00:00" testType="13cdc9d9-ddb5-4fa4-a97d-d965ccfc6d4b" outcome="Passed" testListId="8c84fa94-04c1-424b-9868-57a2d4851a1d" relativeResultsDirectory="e4db525e-9a4e-45eb-b332-f0df694f1eca">
      <Output>
        <StdOut>sandbox: PrepareForTestRun started.&#xD;
sandbox: football liveStatsApp != null: True &#xD;
sandbox: football liveStatsApp.IsProcessRunning: True &#xD;
sandbox: setupLocalData: localDatabaseProvider != null: True&#xD;
sandbox: applicationPages != null: True&#xD;
sandbox: applicationPages.Webdriver != null: True&#xD;
sandbox: finished setuping local data&#xD;
sandbox: PrepareForTestRun complete.&#xD;
Given Match started with kick off from existing game&#xD;
-&gt; done: SetupGameSteps.GivenMatchStartedWithKickOffButtonFromExistingGame() (3.2s)&#xD;
And I remembered current players on pitch shirt numbers&#xD;
-&gt; done: GoalEditSteps.GivenIRememberCurrentPlayersOnPitch() (1.6s)&#xD;
Given "Red" Card for Team "1" player with shirt number "4" is registered&#xD;
Given action failed. Retrying after a timeout.&#xD;
-&gt; done: CardSteps.GivenCardForTeamPlayerWithShirtNumberIsRegistered(Red, 1, 4) (3.2s)&#xD;
When I click on 1 of type "Booking" event in action log&#xD;
-&gt; done: ActionLogSteps.GivenIClickOnLatestEventInActionLog(1, Booking) (0.3s)&#xD;
And I click "select reason for card" button in card edit page&#xD;
-&gt; done: CardEditSteps.WhenIClickButtonInCardEditPage() (0.0s)&#xD;
And I click "Violent Conduct" reason button&#xD;
-&gt; done: CardSteps.WhenIClickReasonButton("Violent Conduct") (0.1s)&#xD;
And I select player with shirt number 10 in to receive the card in card edit page&#xD;
-&gt; done: CardEditSteps.WhenISelectPlayerInToReceiveTheCardInCardEditPage(10) (0.3s)&#xD;
And I click Save button in action edit form&#xD;
-&gt; done: EditFormSteps.ClickSaveButtonInActionEditForm() (0.6s)&#xD;
Then Pitch View is shown&#xD;
-&gt; done: PitchScreenSteps.PitchViewIsShown() (0.0s)&#xD;
And Red label is shown in Booking event action log&#xD;
-&gt; done: ActionLogSteps.ThenOffenceIsShownInPenaltyEventActionLog("Red", Booking) (0.1s)&#xD;
And "Red" label of "Booking" event in action log contains "Red" card icon&#xD;
-&gt; done: ActionLogSteps.ThenLabelOfEventInActionLogContainsCardIcon("Red", Booking, "Red") (0.1s)&#xD;
And Player on pitch by shirt number 10 of team 1 is shown in Red of "Booking" event in action log&#xD;
-&gt; done: ActionLogSteps.ThenPlayerOnPitchByShirtNumberOfTeamIsShownInGoalOfEventInActionLog(10, 1, "Red", Booking) (0.3s)&#xD;
sandbox: CleanUpAfterTestRun started.&#xD;
sandbox: application pages != null: True&#xD;
sandbox: web driver!= null: True&#xD;
sandbox: CleanUpAfterTestRun complete.</StdOut>
      </Output>
    </UnitTestResult>
    <UnitTestResult executionId="f480d72a-b348-480d-9a56-5d52736e62dc" testId="5feb72cb-303e-0fb3-947e-9fe5781ce97f" testName="ChangePlayerForIn" computerName="EC2AMAZ-JEOO151" duration="00:00:07.1010000" startTime="2019-07-11T18:10:35.0000000+00:00" endTime="2019-07-11T18:10:42.0000000+00:00" testType="13cdc9d9-ddb5-4fa4-a97d-d965ccfc6d4b" outcome="Passed" testListId="8c84fa94-04c1-424b-9868-57a2d4851a1d" relativeResultsDirectory="f480d72a-b348-480d-9a56-5d52736e62dc">
      <Output>
        <StdOut>sandbox: PrepareForTestRun started.&#xD;
sandbox: football liveStatsApp != null: True &#xD;
sandbox: football liveStatsApp.IsProcessRunning: True &#xD;
sandbox: setupLocalData: localDatabaseProvider != null: True&#xD;
sandbox: applicationPages != null: True&#xD;
sandbox: applicationPages.Webdriver != null: True&#xD;
sandbox: finished setuping local data&#xD;
sandbox: PrepareForTestRun complete.&#xD;
Given Match started with kick off from existing game&#xD;
-&gt; done: SetupGameSteps.GivenMatchStartedWithKickOffButtonFromExistingGame() (3.3s)&#xD;
Given added substitution for in player "24" and out player "4" in team "2"&#xD;
-&gt; done: SubstitutionEditSteps.GivenIAddSubstitutionForBothTeams(24, 4, 2) (2.0s)&#xD;
When I click on latest "Substitution" event in action log&#xD;
-&gt; done: ActionLogSteps.GivenIClickOnLatestEventInActionLog(Substitution) (0.1s)&#xD;
And I click player with shirt number 26 from "bench" list&#xD;
-&gt; done: SubstitutionEditSteps.WhenIClickPlayerWithShirtNumberFromList(26, "bench") (0.5s)&#xD;
Then player "26" from team "2" is highlighted with team color in "bench" list&#xD;
-&gt; done: SubstitutionEditSteps.ThenPlayerFromTeamIsHighlightedWithTeamColorInList(26, 2, "bench") (0.3s)&#xD;
sandbox: CleanUpAfterTestRun started.&#xD;
sandbox: application pages != null: True&#xD;
sandbox: web driver!= null: True&#xD;
sandbox: CleanUpAfterTestRun complete.</StdOut>
      </Output>
    </UnitTestResult>
    <UnitTestResult executionId="9dc29eee-bbe3-4974-87b4-95a22ef55ffc" testId="a8c8f60c-43b3-4f31-fd52-e133af690153" testName="GoalKickActionCanBeUnflagged" computerName="EC2AMAZ-JEOO151" duration="00:00:06.5370000" startTime="2019-07-11T19:41:42.0000000+00:00" endTime="2019-07-11T19:41:48.0000000+00:00" testType="13cdc9d9-ddb5-4fa4-a97d-d965ccfc6d4b" outcome="Passed" testListId="8c84fa94-04c1-424b-9868-57a2d4851a1d" relativeResultsDirectory="9dc29eee-bbe3-4974-87b4-95a22ef55ffc">
      <Output>
        <StdOut>sandbox: PrepareForTestRun started.&#xD;
sandbox: football liveStatsApp != null: True &#xD;
sandbox: football liveStatsApp.IsProcessRunning: True &#xD;
sandbox: setupLocalData: localDatabaseProvider != null: True&#xD;
sandbox: applicationPages != null: True&#xD;
sandbox: applicationPages.Webdriver != null: True&#xD;
sandbox: finished setuping local data&#xD;
sandbox: PrepareForTestRun complete.&#xD;
Given Match started with kick off from existing game&#xD;
-&gt; done: SetupGameSteps.GivenMatchStartedWithKickOffButtonFromExistingGame() (3.2s)&#xD;
Given GoalKick for Team 1 is registered&#xD;
Given action failed. Retrying after a timeout.&#xD;
-&gt; done: GoalKickSteps.GivenGoalKickForTeamIsRegistered(1) (1.1s)&#xD;
When I click on latest "GoalKick" event in action log&#xD;
-&gt; done: ActionLogSteps.GivenIClickOnLatestEventInActionLog(GoalKick) (0.3s)&#xD;
And I click Flag &amp; Save button in action edit form&#xD;
-&gt; done: EditFormSteps.ClickFlagAndSaveInActionEditForm() (0.4s)&#xD;
And I click on latest "GoalKick" event in action log&#xD;
-&gt; done: ActionLogSteps.GivenIClickOnLatestEventInActionLog(GoalKick) (0.1s)&#xD;
And I click Save button in action edit form&#xD;
-&gt; done: EditFormSteps.ClickSaveButtonInActionEditForm() (0.6s)&#xD;
Then 1 event in action log of type "GoalKick" is not flagged&#xD;
-&gt; done: ActionLogSteps.ThenEventInActionLogOfTypeIsNotFlagged(1, GoalKick) (0.0s)&#xD;
sandbox: CleanUpAfterTestRun started.&#xD;
sandbox: application pages != null: True&#xD;
sandbox: web driver!= null: True&#xD;
sandbox: CleanUpAfterTestRun complete.</StdOut>
      </Output>
    </UnitTestResult>
  </Results>
  <TestDefinitions>
    <UnitTest name="GivenGameFinalizeConfirmPrompted_WhenClickingYes_ThenFinalizesGame" storage="c:\gitlab-runner\builds\wr8mmwyb\0\livestats\livestats.football\source\test\functionaltests\bin\automation\net472\geniussports.livestats.football.functionaltests.dll" id="974090e8-3cf0-4fb7-5ea3-d47ee980423a">
      <Execution id="4b680f12-db08-433e-9e75-fc68348b2cda" />
      <TestMethod codeBase="C:\GitLab-Runner\builds\wr8MmWYb\0\LiveStats\LiveStats.Football\Source\Test\FunctionalTests\bin\Automation\net472\GeniusSports.LiveStats.Football.FunctionalTests.dll" adapterTypeName="executor://nunit3testexecutor/" className="GeniusSports.LiveStats.Football.FunctionalTests.Tests.PitchScreen.MatchCanBeFinalizedTests" name="GivenGameFinalizeConfirmPrompted_WhenClickingYes_ThenFinalizesGame" />
    </UnitTest>
    <UnitTest name="GivenHalfTimeReportsOpened_ThenDownloadIsAvailable" storage="c:\gitlab-runner\builds\wr8mmwyb\0\livestats\livestats.football\source\test\functionaltests\bin\automation\net472\geniussports.livestats.football.functionaltests.dll" id="e5326710-ed3d-1257-22c6-b61ba5933cc0">
      <Execution id="742b86ec-7f19-4bcd-bf26-652a601499a9" />
      <TestMethod codeBase="C:\GitLab-Runner\builds\wr8MmWYb\0\LiveStats\LiveStats.Football\Source\Test\FunctionalTests\bin\Automation\net472\GeniusSports.LiveStats.Football.FunctionalTests.dll" adapterTypeName="executor://nunit3testexecutor/" className="GeniusSports.LiveStats.Football.FunctionalTests.Tests.PitchScreen.PreviewReportsTests" name="GivenHalfTimeReportsOpened_ThenDownloadIsAvailable" />
    </UnitTest>
    <UnitTest name="GivenGoalKickStarted_WhenSkippingTakenFromLocationAndLanding_ThenGoalKickFlagged" storage="c:\gitlab-runner\builds\wr8mmwyb\0\livestats\livestats.football\source\test\functionaltests\bin\automation\net472\geniussports.livestats.football.functionaltests.dll" id="c1e6e960-66f5-6125-b361-65919b6e2ab2">
      <Execution id="24da286a-192c-4ea3-bc31-0a7ae44c803d" />
      <TestMethod codeBase="C:\GitLab-Runner\builds\wr8MmWYb\0\LiveStats\LiveStats.Football\Source\Test\FunctionalTests\bin\Automation\net472\GeniusSports.LiveStats.Football.FunctionalTests.dll" adapterTypeName="executor://nunit3testexecutor/" className="GeniusSports.LiveStats.Football.FunctionalTests.Tests.PitchScreen.ActionRegistration.GoalKickRegistrationTests" name="GivenGoalKickStarted_WhenSkippingTakenFromLocationAndLanding_ThenGoalKickFlagged" />
    </UnitTest>
    <UnitTest name="GivenPeriodBreak_WhenOpeningInterruptions_ThenInterruptionsDialogOpened" storage="c:\gitlab-runner\builds\wr8mmwyb\0\livestats\livestats.football\source\test\functionaltests\bin\automation\net472\geniussports.livestats.football.functionaltests.dll" id="f65e015b-3006-f4de-bce1-d2a4ba14caf4">
      <Execution id="80a85431-1175-4edf-b031-b9c0bdbf2d08" />
      <TestMethod codeBase="C:\GitLab-Runner\builds\wr8MmWYb\0\LiveStats\LiveStats.Football\Source\Test\FunctionalTests\bin\Automation\net472\GeniusSports.LiveStats.Football.FunctionalTests.dll" adapterTypeName="executor://nunit3testexecutor/" className="GeniusSports.LiveStats.Football.FunctionalTests.Tests.PitchScreen.GameMessages.GameInterruptionTests" name="GivenPeriodBreak_WhenOpeningInterruptions_ThenInterruptionsDialogOpened" />
    </UnitTest>
    <UnitTest name="InsertShotOffPenaltyShootoutKickWithNoSaveAfter" storage="c:\gitlab-runner\builds\wr8mmwyb\0\livestats\livestats.football\source\test\functionaltests\bin\automation\net472\geniussports.livestats.football.functionaltests.dll" id="1aaab8f6-2e93-57a1-dd6c-9dabd82afc5a">
      <Execution id="c18af175-52cd-46d8-a841-f93fba355103" />
      <TestMethod codeBase="C:\GitLab-Runner\builds\wr8MmWYb\0\LiveStats\LiveStats.Football\Source\Test\FunctionalTests\bin\Automation\net472\GeniusSports.LiveStats.Football.FunctionalTests.dll" adapterTypeName="executor://nunit3testexecutor/" className="GeniusSports.LiveStats.Football.FunctionalTests.Features.PitchScreen.ActionInserts.PenaltyShootoutInsertFeature" name="InsertShotOffPenaltyShootoutKickWithNoSaveAfter" />
    </UnitTest>
    <UnitTest name="WhenActionTimeChangedToSameTimeAsAnotherActionAndActionMovedAfterAndSaved" storage="c:\gitlab-runner\builds\wr8mmwyb\0\livestats\livestats.football\source\test\functionaltests\bin\automation\net472\geniussports.livestats.football.functionaltests.dll" id="fca54134-7763-95bf-b2cf-9fb9b6d2a6bd">
      <Execution id="9aa9edde-acd0-4894-ae6f-9b7ccb869977" />
      <TestMethod codeBase="C:\GitLab-Runner\builds\wr8MmWYb\0\LiveStats\LiveStats.Football\Source\Test\FunctionalTests\bin\Automation\net472\GeniusSports.LiveStats.Football.FunctionalTests.dll" adapterTypeName="executor://nunit3testexecutor/" className="GeniusSports.LiveStats.Football.FunctionalTests.Features.PitchScreen.ActionEdits.ActionContainersAreAutomaticallyReorderedFeature" name="WhenActionTimeChangedToSameTimeAsAnotherActionAndActionMovedAfterAndSaved" />
    </UnitTest>
    <UnitTest name="GivenGameReadyToKickOff_WhenGoingBackAndEditingAttackDirection_ThenTeamsChangeSidesAndKickOffButtonGrayedOut(1,ToRight)" storage="c:\gitlab-runner\builds\wr8mmwyb\0\livestats\livestats.football\source\test\functionaltests\bin\automation\net472\geniussports.livestats.football.functionaltests.dll" id="e26e38af-6253-68e2-b0fc-b6a3b720ce0e">
      <Execution id="59e713ee-1e49-4ee6-a65c-44ebb21129a4" />
      <TestMethod codeBase="C:\GitLab-Runner\builds\wr8MmWYb\0\LiveStats\LiveStats.Football\Source\Test\FunctionalTests\bin\Automation\net472\GeniusSports.LiveStats.Football.FunctionalTests.dll" adapterTypeName="executor://nunit3testexecutor/" className="GeniusSports.LiveStats.Football.FunctionalTests.Tests.PitchScreen.KickOffGameTests" name="GivenGameReadyToKickOff_WhenGoingBackAndEditingAttackDirection_ThenTeamsChangeSidesAndKickOffButtonGrayedOut(1,ToRight)" />
    </UnitTest>
    <UnitTest name="SelectPenaltyLocation(&quot;2&quot;,&quot;1&quot;,&quot;10&quot;,&quot;50&quot;,null)" storage="c:\gitlab-runner\builds\wr8mmwyb\0\livestats\livestats.football\source\test\functionaltests\bin\automation\net472\geniussports.livestats.football.functionaltests.dll" id="1fe5a80d-49a5-4084-10d7-1c3d0a44d899">
      <Execution id="ea4219fe-fc47-4edc-8228-134770671728" />
      <TestMethod codeBase="C:\GitLab-Runner\builds\wr8MmWYb\0\LiveStats\LiveStats.Football\Source\Test\FunctionalTests\bin\Automation\net472\GeniusSports.LiveStats.Football.FunctionalTests.dll" adapterTypeName="executor://nunit3testexecutor/" className="GeniusSports.LiveStats.Football.FunctionalTests.Features.PitchScreen.ActionRegistration.PenaltyRegistrationFeature" name="SelectPenaltyLocation(&quot;2&quot;,&quot;1&quot;,&quot;10&quot;,&quot;50&quot;,null)" />
    </UnitTest>
    <UnitTest name="VarOnSecondStepOfRecordCardWorkflow(&quot;2&quot;,&quot;Yellow&quot;,null)" storage="c:\gitlab-runner\builds\wr8mmwyb\0\livestats\livestats.football\source\test\functionaltests\bin\automation\net472\geniussports.livestats.football.functionaltests.dll" id="6f0a5011-5e7e-afcf-75b8-f301c51609d8">
      <Execution id="bf3c9dc7-71f5-48a0-9393-eb14b2c952cb" />
      <TestMethod codeBase="C:\GitLab-Runner\builds\wr8MmWYb\0\LiveStats\LiveStats.Football\Source\Test\FunctionalTests\bin\Automation\net472\GeniusSports.LiveStats.Football.FunctionalTests.dll" adapterTypeName="executor://nunit3testexecutor/" className="GeniusSports.LiveStats.Football.FunctionalTests.Features.PitchScreen.VideoAssistantReferee.CardsVarRegistrationFeature" name="VarOnSecondStepOfRecordCardWorkflow(&quot;2&quot;,&quot;Yellow&quot;,null)" />
    </UnitTest>
    <UnitTest name="GivenGameInProgress_WhenFinishingGoalKick_ThenWorkflowCompleted" storage="c:\gitlab-runner\builds\wr8mmwyb\0\livestats\livestats.football\source\test\functionaltests\bin\automation\net472\geniussports.livestats.football.functionaltests.dll" id="2d1b951b-cc6f-ec62-f5d5-4d3e33b442a9">
      <Execution id="06d71500-c459-420a-ae4e-b7ae451eeb9c" />
      <TestMethod codeBase="C:\GitLab-Runner\builds\wr8MmWYb\0\LiveStats\LiveStats.Football\Source\Test\FunctionalTests\bin\Automation\net472\GeniusSports.LiveStats.Football.FunctionalTests.dll" adapterTypeName="executor://nunit3testexecutor/" className="GeniusSports.LiveStats.Football.FunctionalTests.Tests.PitchScreen.ActionRegistration.GoalKickRegistrationTests" name="GivenGameInProgress_WhenFinishingGoalKick_ThenWorkflowCompleted" />
    </UnitTest>
    <UnitTest name="GivenCardRecorded_WhenEditingWithFlag_ThenActionFlagged" storage="c:\gitlab-runner\builds\wr8mmwyb\0\livestats\livestats.football\source\test\functionaltests\bin\automation\net472\geniussports.livestats.football.functionaltests.dll" id="539b444f-8edb-d5cf-222c-56bd71d50b8c">
      <Execution id="13cac234-1c79-4ed3-b01c-6cb6ea931f33" />
      <TestMethod codeBase="C:\GitLab-Runner\builds\wr8MmWYb\0\LiveStats\LiveStats.Football\Source\Test\FunctionalTests\bin\Automation\net472\GeniusSports.LiveStats.Football.FunctionalTests.dll" adapterTypeName="executor://nunit3testexecutor/" className="GeniusSports.LiveStats.Football.FunctionalTests.Tests.PitchScreen.Flagging.AddManualFlagTests" name="GivenCardRecorded_WhenEditingWithFlag_ThenActionFlagged" />
    </UnitTest>
    <UnitTest name="SubstitutionBenchButtonEnabledAndClicked" storage="c:\gitlab-runner\builds\wr8mmwyb\0\livestats\livestats.football\source\test\functionaltests\bin\automation\net472\geniussports.livestats.football.functionaltests.dll" id="37be0177-7849-776c-62c5-fec0e2b41ed4">
      <Execution id="b5f83ef0-ecaf-4917-b9ca-f45ac7a0272d" />
      <TestMethod codeBase="C:\GitLab-Runner\builds\wr8MmWYb\0\LiveStats\LiveStats.Football\Source\Test\FunctionalTests\bin\Automation\net472\GeniusSports.LiveStats.Football.FunctionalTests.dll" adapterTypeName="executor://nunit3testexecutor/" className="GeniusSports.LiveStats.Football.FunctionalTests.Features.PitchScreen.ActionRegistration.Substitutions.RecordingSubstitutionFeature" name="SubstitutionBenchButtonEnabledAndClicked" />
    </UnitTest>
    <UnitTest name="GivenGameInProgress_WhenConfirmingCard_ThenCardIsRegisteredForPlayer(Red,2,5,Red,&quot;Red&quot;)" storage="c:\gitlab-runner\builds\wr8mmwyb\0\livestats\livestats.football\source\test\functionaltests\bin\automation\net472\geniussports.livestats.football.functionaltests.dll" id="0a94e079-8b07-b2c2-8ed2-766e538570c2">
      <Execution id="2d8971f7-9893-44b2-92d1-b77d8ca9fe9a" />
      <TestMethod codeBase="C:\GitLab-Runner\builds\wr8MmWYb\0\LiveStats\LiveStats.Football\Source\Test\FunctionalTests\bin\Automation\net472\GeniusSports.LiveStats.Football.FunctionalTests.dll" adapterTypeName="executor://nunit3testexecutor/" className="GeniusSports.LiveStats.Football.FunctionalTests.Tests.PitchScreen.ActionRegistration.CardRegistrationTests" name="GivenGameInProgress_WhenConfirmingCard_ThenCardIsRegisteredForPlayer(Red,2,5,Red,&quot;Red&quot;)" />
    </UnitTest>
    <UnitTest name="GivenGameInProgress_WhenOpeningMenuTab_ThenSwitchSidesIsAvailable" storage="c:\gitlab-runner\builds\wr8mmwyb\0\livestats\livestats.football\source\test\functionaltests\bin\automation\net472\geniussports.livestats.football.functionaltests.dll" id="cf6cff02-1693-234d-9bd0-e4025b9aa52d">
      <Execution id="9af9e939-19d7-483c-91c8-2bd9cddc68d5" />
      <TestMethod codeBase="C:\GitLab-Runner\builds\wr8MmWYb\0\LiveStats\LiveStats.Football\Source\Test\FunctionalTests\bin\Automation\net472\GeniusSports.LiveStats.Football.FunctionalTests.dll" adapterTypeName="executor://nunit3testexecutor/" className="GeniusSports.LiveStats.Football.FunctionalTests.Tests.PitchScreen.SwitchTeamSidesTests" name="GivenGameInProgress_WhenOpeningMenuTab_ThenSwitchSidesIsAvailable" />
    </UnitTest>
    <UnitTest name="PrintSettingsFieldsAreAvailable" storage="c:\gitlab-runner\builds\wr8mmwyb\0\livestats\livestats.football\source\test\functionaltests\bin\automation\net472\geniussports.livestats.football.functionaltests.dll" id="5197ad87-1314-f19c-dac2-7c6b6ee618a0">
      <Execution id="19c31213-d5ba-4915-8d65-c1f36a51feb9" />
      <TestMethod codeBase="C:\GitLab-Runner\builds\wr8MmWYb\0\LiveStats\LiveStats.Football\Source\Test\FunctionalTests\bin\Automation\net472\GeniusSports.LiveStats.Football.FunctionalTests.dll" adapterTypeName="executor://nunit3testexecutor/" className="GeniusSports.LiveStats.Football.FunctionalTests.Features.GameSetup.SetupPrintSettingsFeature" name="PrintSettingsFieldsAreAvailable" />
    </UnitTest>
    <UnitTest name="CannotFlagAndContinueGoalConfirmationStep" storage="c:\gitlab-runner\builds\wr8mmwyb\0\livestats\livestats.football\source\test\functionaltests\bin\automation\net472\geniussports.livestats.football.functionaltests.dll" id="33ec4ec7-2baa-da39-4227-e93d4c61c051">
      <Execution id="a7274d5d-2c7a-4d8c-afde-ae06f3296e91" />
      <TestMethod codeBase="C:\GitLab-Runner\builds\wr8MmWYb\0\LiveStats\LiveStats.Football\Source\Test\FunctionalTests\bin\Automation\net472\GeniusSports.LiveStats.Football.FunctionalTests.dll" adapterTypeName="executor://nunit3testexecutor/" className="GeniusSports.LiveStats.Football.FunctionalTests.Features.PitchScreen.Flagging.FlagAndContinueFeature" name="CannotFlagAndContinueGoalConfirmationStep" />
    </UnitTest>
    <UnitTest name="InsertCornerAfterOrBeforeLastEvent(&quot;after&quot;,&quot;0035&quot;,&quot;0036&quot;,&quot;00:35&quot;,&quot;2&quot;,&quot;1&quot;,&quot;bottom left&quot;,null)" storage="c:\gitlab-runner\builds\wr8mmwyb\0\livestats\livestats.football\source\test\functionaltests\bin\automation\net472\geniussports.livestats.football.functionaltests.dll" id="054db292-1111-64c7-34ac-8efe6395cda2">
      <Execution id="a3ff52df-52b7-4437-afd5-13cf426593b5" />
      <TestMethod codeBase="C:\GitLab-Runner\builds\wr8MmWYb\0\LiveStats\LiveStats.Football\Source\Test\FunctionalTests\bin\Automation\net472\GeniusSports.LiveStats.Football.FunctionalTests.dll" adapterTypeName="executor://nunit3testexecutor/" className="GeniusSports.LiveStats.Football.FunctionalTests.Features.PitchScreen.ActionInserts.CornerInsertFeature" name="InsertCornerAfterOrBeforeLastEvent(&quot;after&quot;,&quot;0035&quot;,&quot;0036&quot;,&quot;00:35&quot;,&quot;2&quot;,&quot;1&quot;,&quot;bottom left&quot;,null)" />
    </UnitTest>
    <UnitTest name="GivenPso_WhenChangingPsoKickTeam_ThenResultingDataIsCorrect" storage="c:\gitlab-runner\builds\wr8mmwyb\0\livestats\livestats.football\source\test\functionaltests\bin\automation\net472\geniussports.livestats.football.functionaltests.dll" id="73508a2f-8ea6-cc3b-56bf-f0af3c507544">
      <Execution id="e03e541f-b38a-4d4b-884c-ef0828b69b1e" />
      <TestMethod codeBase="C:\GitLab-Runner\builds\wr8MmWYb\0\LiveStats\LiveStats.Football\Source\Test\FunctionalTests\bin\Automation\net472\GeniusSports.LiveStats.Football.FunctionalTests.dll" adapterTypeName="executor://nunit3testexecutor/" className="GeniusSports.LiveStats.Football.FunctionalTests.Tests.PitchScreen.ActionEdits.PenaltyShootoutEditTests" name="GivenPso_WhenChangingPsoKickTeam_ThenResultingDataIsCorrect" />
    </UnitTest>
    <UnitTest name="GivenGameInProgress_WhenFilingCard_ThenScoreboardsStatsAreUpdated(2,Red)" storage="c:\gitlab-runner\builds\wr8mmwyb\0\livestats\livestats.football\source\test\functionaltests\bin\automation\net472\geniussports.livestats.football.functionaltests.dll" id="00e63f2b-774f-2f86-02ee-5e6f0170a8b6">
      <Execution id="0a6351c2-34cd-4776-bb08-ffb80ee5dac3" />
      <TestMethod codeBase="C:\GitLab-Runner\builds\wr8MmWYb\0\LiveStats\LiveStats.Football\Source\Test\FunctionalTests\bin\Automation\net472\GeniusSports.LiveStats.Football.FunctionalTests.dll" adapterTypeName="executor://nunit3testexecutor/" className="GeniusSports.LiveStats.Football.FunctionalTests.Tests.PitchScreen.PitchTeamStatsCalculatedTests" name="GivenGameInProgress_WhenFilingCard_ThenScoreboardsStatsAreUpdated(2,Red)" />
    </UnitTest>
    <UnitTest name="GivenExpandedLog_WhenInsertingCardBeforeForCoach_ThenInsertedCorrectly(SecondYellow,&quot;second yellow card&quot;)" storage="c:\gitlab-runner\builds\wr8mmwyb\0\livestats\livestats.football\source\test\functionaltests\bin\automation\net472\geniussports.livestats.football.functionaltests.dll" id="5a3092e1-1ec3-2b89-26e7-4af89a879ff5">
      <Execution id="f46798e8-56a9-42c4-a78b-7e514b11b5ca" />
      <TestMethod codeBase="C:\GitLab-Runner\builds\wr8MmWYb\0\LiveStats\LiveStats.Football\Source\Test\FunctionalTests\bin\Automation\net472\GeniusSports.LiveStats.Football.FunctionalTests.dll" adapterTypeName="executor://nunit3testexecutor/" className="GeniusSports.LiveStats.Football.FunctionalTests.Tests.PitchScreen.ActionInserts.InsertCardTests" name="GivenExpandedLog_WhenInsertingCardBeforeForCoach_ThenInsertedCorrectly(SecondYellow,&quot;second yellow card&quot;)" />
    </UnitTest>
    <UnitTest name="GivenGameGameStarted_WhenEndingSecondHalf_ThenPossessionAndPitchLocationCleared" storage="c:\gitlab-runner\builds\wr8mmwyb\0\livestats\livestats.football\source\test\functionaltests\bin\automation\net472\geniussports.livestats.football.functionaltests.dll" id="af8b4f95-5ba6-7ebf-4618-8b7f4971850d">
      <Execution id="c399b20f-4867-43da-a2af-021eb004fb44" />
      <TestMethod codeBase="C:\GitLab-Runner\builds\wr8MmWYb\0\LiveStats\LiveStats.Football\Source\Test\FunctionalTests\bin\Automation\net472\GeniusSports.LiveStats.Football.FunctionalTests.dll" adapterTypeName="executor://nunit3testexecutor/" className="GeniusSports.LiveStats.Football.FunctionalTests.Tests.PitchScreen.GameState.BallPossessionAndLocationBetweenHalvesTests" name="GivenGameGameStarted_WhenEndingSecondHalf_ThenPossessionAndPitchLocationCleared" />
    </UnitTest>
    <UnitTest name="FootballClearShotLocation" storage="c:\gitlab-runner\builds\wr8mmwyb\0\livestats\livestats.football\source\test\functionaltests\bin\automation\net472\geniussports.livestats.football.functionaltests.dll" id="678771f1-ab9c-d1d6-749d-d10845579ef7">
      <Execution id="58921a64-13ea-4df2-829d-8dc4d551d453" />
      <TestMethod codeBase="C:\GitLab-Runner\builds\wr8MmWYb\0\LiveStats\LiveStats.Football\Source\Test\FunctionalTests\bin\Automation\net472\GeniusSports.LiveStats.Football.FunctionalTests.dll" adapterTypeName="executor://nunit3testexecutor/" className="GeniusSports.LiveStats.Football.FunctionalTests.Features.PitchScreen.ActionEdits.GoalEditFeature" name="FootballClearShotLocation" />
    </UnitTest>
    <UnitTest name="VarAvailableAfterCardSelection(&quot;1&quot;,&quot;Red&quot;,null)" storage="c:\gitlab-runner\builds\wr8mmwyb\0\livestats\livestats.football\source\test\functionaltests\bin\automation\net472\geniussports.livestats.football.functionaltests.dll" id="2cb90f13-9eb3-484b-9b07-2e99ed3a9d51">
      <Execution id="94c03bec-5df2-49a3-b42f-44db107f0b89" />
      <TestMethod codeBase="C:\GitLab-Runner\builds\wr8MmWYb\0\LiveStats\LiveStats.Football\Source\Test\FunctionalTests\bin\Automation\net472\GeniusSports.LiveStats.Football.FunctionalTests.dll" adapterTypeName="executor://nunit3testexecutor/" className="GeniusSports.LiveStats.Football.FunctionalTests.Features.PitchScreen.VideoAssistantReferee.CardsVarRegistrationFeature" name="VarAvailableAfterCardSelection(&quot;1&quot;,&quot;Red&quot;,null)" />
    </UnitTest>
    <UnitTest name="FootballChangeShotType" storage="c:\gitlab-runner\builds\wr8mmwyb\0\livestats\livestats.football\source\test\functionaltests\bin\automation\net472\geniussports.livestats.football.functionaltests.dll" id="e9bd6c28-8a3f-5ad9-0264-6ebc04c9a681">
      <Execution id="3f51fbd5-a0cc-4a59-a762-b6e36ca41b38" />
      <TestMethod codeBase="C:\GitLab-Runner\builds\wr8MmWYb\0\LiveStats\LiveStats.Football\Source\Test\FunctionalTests\bin\Automation\net472\GeniusSports.LiveStats.Football.FunctionalTests.dll" adapterTypeName="executor://nunit3testexecutor/" className="GeniusSports.LiveStats.Football.FunctionalTests.Features.PitchScreen.ActionEdits.GoalEditFeature" name="FootballChangeShotType" />
    </UnitTest>
    <UnitTest name="GivenGamePhaseEnding_WhenAddingTime_ThenTimeAdded" storage="c:\gitlab-runner\builds\wr8mmwyb\0\livestats\livestats.football\source\test\functionaltests\bin\automation\net472\geniussports.livestats.football.functionaltests.dll" id="03a786c5-a1af-74e0-866d-699a1f38d672">
      <Execution id="fc39b778-8b0a-4b68-891a-abb277ab005d" />
      <TestMethod codeBase="C:\GitLab-Runner\builds\wr8MmWYb\0\LiveStats\LiveStats.Football\Source\Test\FunctionalTests\bin\Automation\net472\GeniusSports.LiveStats.Football.FunctionalTests.dll" adapterTypeName="executor://nunit3testexecutor/" className="GeniusSports.LiveStats.Football.FunctionalTests.Tests.PitchScreen.Clock.AddedTimeRecordingTests" name="GivenGamePhaseEnding_WhenAddingTime_ThenTimeAdded" />
    </UnitTest>
    <UnitTest name="GivenThrowInInsert_WhenCancelingInsert_ThenInsertCanceled" storage="c:\gitlab-runner\builds\wr8mmwyb\0\livestats\livestats.football\source\test\functionaltests\bin\automation\net472\geniussports.livestats.football.functionaltests.dll" id="087158de-7d42-8ec5-e6d8-6d024d31f254">
      <Execution id="a61f13cd-0200-4df6-82ab-68dd811fb9f0" />
      <TestMethod codeBase="C:\GitLab-Runner\builds\wr8MmWYb\0\LiveStats\LiveStats.Football\Source\Test\FunctionalTests\bin\Automation\net472\GeniusSports.LiveStats.Football.FunctionalTests.dll" adapterTypeName="executor://nunit3testexecutor/" className="GeniusSports.LiveStats.Football.FunctionalTests.Tests.PitchScreen.ActionInserts.ThrowInInsertTests" name="GivenThrowInInsert_WhenCancelingInsert_ThenInsertCanceled" />
    </UnitTest>
    <UnitTest name="InsertPenaltyAfterFoulWithVARStand" storage="c:\gitlab-runner\builds\wr8mmwyb\0\livestats\livestats.football\source\test\functionaltests\bin\automation\net472\geniussports.livestats.football.functionaltests.dll" id="8752860b-7193-c260-b776-1678dca2befb">
      <Execution id="4614c9cf-de55-4556-9a89-140464bc77e1" />
      <TestMethod codeBase="C:\GitLab-Runner\builds\wr8MmWYb\0\LiveStats\LiveStats.Football\Source\Test\FunctionalTests\bin\Automation\net472\GeniusSports.LiveStats.Football.FunctionalTests.dll" adapterTypeName="executor://nunit3testexecutor/" className="GeniusSports.LiveStats.Football.FunctionalTests.Features.PitchScreen.ActionInserts.PenaltyInsertFeature" name="InsertPenaltyAfterFoulWithVARStand" />
    </UnitTest>
    <UnitTest name="FirstPeriodKick_OffCantBeDeletedIfThereIsActionRegisteredAfter" storage="c:\gitlab-runner\builds\wr8mmwyb\0\livestats\livestats.football\source\test\functionaltests\bin\automation\net472\geniussports.livestats.football.functionaltests.dll" id="bcc267a4-dbda-8a01-880c-73e1727bc467">
      <Execution id="9a31ea8b-6bf5-4777-ae7f-ae2a6119d43d" />
      <TestMethod codeBase="C:\GitLab-Runner\builds\wr8MmWYb\0\LiveStats\LiveStats.Football\Source\Test\FunctionalTests\bin\Automation\net472\GeniusSports.LiveStats.Football.FunctionalTests.dll" adapterTypeName="executor://nunit3testexecutor/" className="GeniusSports.LiveStats.Football.FunctionalTests.Features.PitchScreen.ActionDeletes.KickOffsDeleteFeature" name="FirstPeriodKick_OffCantBeDeletedIfThereIsActionRegisteredAfter" />
    </UnitTest>
    <UnitTest name="EditCardDuringWorkflowFromExpandedActionLog" storage="c:\gitlab-runner\builds\wr8mmwyb\0\livestats\livestats.football\source\test\functionaltests\bin\automation\net472\geniussports.livestats.football.functionaltests.dll" id="4dbab8a2-ae49-9b10-8224-5e9be10e3bba">
      <Execution id="27c33c9e-20c7-46ef-93bc-8f2def97bc96" />
      <TestMethod codeBase="C:\GitLab-Runner\builds\wr8MmWYb\0\LiveStats\LiveStats.Football\Source\Test\FunctionalTests\bin\Automation\net472\GeniusSports.LiveStats.Football.FunctionalTests.dll" adapterTypeName="executor://nunit3testexecutor/" className="GeniusSports.LiveStats.Football.FunctionalTests.Features.PitchScreen.ActionEdits.EditsPossibleDuringOtherWorkflowsFeature" name="EditCardDuringWorkflowFromExpandedActionLog" />
    </UnitTest>
    <UnitTest name="GivenGame_WhenUpdatingTeamFormations_ThenFormationsUpdated(&quot;4-4-2&quot;,&quot;4-3-3&quot;)" storage="c:\gitlab-runner\builds\wr8mmwyb\0\livestats\livestats.football\source\test\functionaltests\bin\automation\net472\geniussports.livestats.football.functionaltests.dll" id="9a58035f-97bb-2835-0487-fbee1dd72eeb">
      <Execution id="09080ba2-4715-419f-bb56-50d2d6d6416a" />
      <TestMethod codeBase="C:\GitLab-Runner\builds\wr8MmWYb\0\LiveStats\LiveStats.Football\Source\Test\FunctionalTests\bin\Automation\net472\GeniusSports.LiveStats.Football.FunctionalTests.dll" adapterTypeName="executor://nunit3testexecutor/" className="GeniusSports.LiveStats.Football.FunctionalTests.Tests.GameSetup.SetupTeamFormationsTests" name="GivenGame_WhenUpdatingTeamFormations_ThenFormationsUpdated(&quot;4-4-2&quot;,&quot;4-3-3&quot;)" />
    </UnitTest>
    <UnitTest name="ClearShotInGoalInsert(&quot;adjust&quot;,null)" storage="c:\gitlab-runner\builds\wr8mmwyb\0\livestats\livestats.football\source\test\functionaltests\bin\automation\net472\geniussports.livestats.football.functionaltests.dll" id="d33f4a04-5811-9706-114a-efa812b88724">
      <Execution id="76a6d4e7-8e28-4c50-8b28-249ca8bcb5a9" />
      <TestMethod codeBase="C:\GitLab-Runner\builds\wr8MmWYb\0\LiveStats\LiveStats.Football\Source\Test\FunctionalTests\bin\Automation\net472\GeniusSports.LiveStats.Football.FunctionalTests.dll" adapterTypeName="executor://nunit3testexecutor/" className="GeniusSports.LiveStats.Football.FunctionalTests.Features.PitchScreen.ActionInserts.InsertGoalFeature" name="ClearShotInGoalInsert(&quot;adjust&quot;,null)" />
    </UnitTest>
    <UnitTest name="RecordVAROverturnForPenaltyShoot_OutKickStep2" storage="c:\gitlab-runner\builds\wr8mmwyb\0\livestats\livestats.football\source\test\functionaltests\bin\automation\net472\geniussports.livestats.football.functionaltests.dll" id="fd251c3b-fdab-7e33-0be9-e621a5cfefa0">
      <Execution id="0a368463-832a-4a14-99d1-491b1e0386ff" />
      <TestMethod codeBase="C:\GitLab-Runner\builds\wr8MmWYb\0\LiveStats\LiveStats.Football\Source\Test\FunctionalTests\bin\Automation\net472\GeniusSports.LiveStats.Football.FunctionalTests.dll" adapterTypeName="executor://nunit3testexecutor/" className="GeniusSports.LiveStats.Football.FunctionalTests.Features.PitchScreen.VideoAssistantReferee.PenaltyShootoutKickVarRegistrationFeature" name="RecordVAROverturnForPenaltyShoot_OutKickStep2" />
    </UnitTest>
    <UnitTest name="InsertedCornerIsPresentedInScoreboard(&quot;2&quot;,&quot;1&quot;,&quot;bottom left&quot;,null)" storage="c:\gitlab-runner\builds\wr8mmwyb\0\livestats\livestats.football\source\test\functionaltests\bin\automation\net472\geniussports.livestats.football.functionaltests.dll" id="3514f624-b15c-11da-d2d4-cfbab4a2107a">
      <Execution id="e9ed4b5a-b0f6-4217-a743-314f8ce0c286" />
      <TestMethod codeBase="C:\GitLab-Runner\builds\wr8MmWYb\0\LiveStats\LiveStats.Football\Source\Test\FunctionalTests\bin\Automation\net472\GeniusSports.LiveStats.Football.FunctionalTests.dll" adapterTypeName="executor://nunit3testexecutor/" className="GeniusSports.LiveStats.Football.FunctionalTests.Features.PitchScreen.ActionInserts.CornerInsertFeature" name="InsertedCornerIsPresentedInScoreboard(&quot;2&quot;,&quot;1&quot;,&quot;bottom left&quot;,null)" />
    </UnitTest>
    <UnitTest name="CardReasonUpdate(&quot;Yellow&quot;,&quot;Dissent&quot;,null)" storage="c:\gitlab-runner\builds\wr8mmwyb\0\livestats\livestats.football\source\test\functionaltests\bin\automation\net472\geniussports.livestats.football.functionaltests.dll" id="ce77f76f-935a-0e03-cb74-da87d9d87f14">
      <Execution id="23869e20-13af-462a-ab3f-68387919f144" />
      <TestMethod codeBase="C:\GitLab-Runner\builds\wr8MmWYb\0\LiveStats\LiveStats.Football\Source\Test\FunctionalTests\bin\Automation\net472\GeniusSports.LiveStats.Football.FunctionalTests.dll" adapterTypeName="executor://nunit3testexecutor/" className="GeniusSports.LiveStats.Football.FunctionalTests.Features.PitchScreen.ActionEdits.CardEditFeature" name="CardReasonUpdate(&quot;Yellow&quot;,&quot;Dissent&quot;,null)" />
    </UnitTest>
    <UnitTest name="GivenHalfTimeReportsOpened_WhenClickingClose_ThenReportIsClosed" storage="c:\gitlab-runner\builds\wr8mmwyb\0\livestats\livestats.football\source\test\functionaltests\bin\automation\net472\geniussports.livestats.football.functionaltests.dll" id="bdaeea25-d7fe-2f8d-66ae-904eb77fc65e">
      <Execution id="3b3ab523-294c-4b51-99c3-90e1a1abf9e1" />
      <TestMethod codeBase="C:\GitLab-Runner\builds\wr8MmWYb\0\LiveStats\LiveStats.Football\Source\Test\FunctionalTests\bin\Automation\net472\GeniusSports.LiveStats.Football.FunctionalTests.dll" adapterTypeName="executor://nunit3testexecutor/" className="GeniusSports.LiveStats.Football.FunctionalTests.Tests.PitchScreen.PreviewReportsTests" name="GivenHalfTimeReportsOpened_WhenClickingClose_ThenReportIsClosed" />
    </UnitTest>
    <UnitTest name="InsertGoalWithNoDataAndOverturnedVAR" storage="c:\gitlab-runner\builds\wr8mmwyb\0\livestats\livestats.football\source\test\functionaltests\bin\automation\net472\geniussports.livestats.football.functionaltests.dll" id="b32f2fb2-2d05-eb1b-6fa8-3def892a3b27">
      <Execution id="de5be1c1-af01-4358-8d2c-e77a57e83b7a" />
      <TestMethod codeBase="C:\GitLab-Runner\builds\wr8MmWYb\0\LiveStats\LiveStats.Football\Source\Test\FunctionalTests\bin\Automation\net472\GeniusSports.LiveStats.Football.FunctionalTests.dll" adapterTypeName="executor://nunit3testexecutor/" className="GeniusSports.LiveStats.Football.FunctionalTests.Features.PitchScreen.ActionInserts.InsertGoalFeature" name="InsertGoalWithNoDataAndOverturnedVAR" />
    </UnitTest>
    <UnitTest name="GivenGoalPlayerSelected_WhenDeclaringVar_ThenVarOptionPrompted" storage="c:\gitlab-runner\builds\wr8mmwyb\0\livestats\livestats.football\source\test\functionaltests\bin\automation\net472\geniussports.livestats.football.functionaltests.dll" id="bdbefc40-e06f-d103-3967-2f1279260a38">
      <Execution id="877b96dc-d386-417f-a100-a76f8dbdf5f6" />
      <TestMethod codeBase="C:\GitLab-Runner\builds\wr8MmWYb\0\LiveStats\LiveStats.Football\Source\Test\FunctionalTests\bin\Automation\net472\GeniusSports.LiveStats.Football.FunctionalTests.dll" adapterTypeName="executor://nunit3testexecutor/" className="GeniusSports.LiveStats.Football.FunctionalTests.Tests.PitchScreen.VideoAssistantReferee.GoalVarRegistrationTests" name="GivenGoalPlayerSelected_WhenDeclaringVar_ThenVarOptionPrompted" />
    </UnitTest>
    <UnitTest name="FlagAndContinueAllPenaltySteps" storage="c:\gitlab-runner\builds\wr8mmwyb\0\livestats\livestats.football\source\test\functionaltests\bin\automation\net472\geniussports.livestats.football.functionaltests.dll" id="f3391d98-707e-a5d3-b686-fd2b1659d2f1">
      <Execution id="fb3d2a8a-e497-422a-83c9-ae91c8e9d264" />
      <TestMethod codeBase="C:\GitLab-Runner\builds\wr8MmWYb\0\LiveStats\LiveStats.Football\Source\Test\FunctionalTests\bin\Automation\net472\GeniusSports.LiveStats.Football.FunctionalTests.dll" adapterTypeName="executor://nunit3testexecutor/" className="GeniusSports.LiveStats.Football.FunctionalTests.Features.PitchScreen.Flagging.FlagAndContinueFeature" name="FlagAndContinueAllPenaltySteps" />
    </UnitTest>
    <UnitTest name="GivenGameInProgress_WhenFilingCard_ThenScoreboardsStatsAreUpdated(2,Yellow)" storage="c:\gitlab-runner\builds\wr8mmwyb\0\livestats\livestats.football\source\test\functionaltests\bin\automation\net472\geniussports.livestats.football.functionaltests.dll" id="dcf84de5-01c4-1532-6bef-86afde18789d">
      <Execution id="684b249d-b393-42ca-9403-cda12037928e" />
      <TestMethod codeBase="C:\GitLab-Runner\builds\wr8MmWYb\0\LiveStats\LiveStats.Football\Source\Test\FunctionalTests\bin\Automation\net472\GeniusSports.LiveStats.Football.FunctionalTests.dll" adapterTypeName="executor://nunit3testexecutor/" className="GeniusSports.LiveStats.Football.FunctionalTests.Tests.PitchScreen.PitchTeamStatsCalculatedTests" name="GivenGameInProgress_WhenFilingCard_ThenScoreboardsStatsAreUpdated(2,Yellow)" />
    </UnitTest>
    <UnitTest name="GivenGameInProgress_WhenUpdatingPlayersWithActions_ThenPitchIsVisible" storage="c:\gitlab-runner\builds\wr8mmwyb\0\livestats\livestats.football\source\test\functionaltests\bin\automation\net472\geniussports.livestats.football.functionaltests.dll" id="47b16b41-c458-ff1a-a3bf-ac9f24d2dd30">
      <Execution id="06f7c20e-17e5-493e-9eee-f9d8d6814537" />
      <TestMethod codeBase="C:\GitLab-Runner\builds\wr8MmWYb\0\LiveStats\LiveStats.Football\Source\Test\FunctionalTests\bin\Automation\net472\GeniusSports.LiveStats.Football.FunctionalTests.dll" adapterTypeName="executor://nunit3testexecutor/" className="GeniusSports.LiveStats.Football.FunctionalTests.Tests.GameSetup.EditGameSetupTests" name="GivenGameInProgress_WhenUpdatingPlayersWithActions_ThenPitchIsVisible" />
    </UnitTest>
    <UnitTest name="GivenGameWithActions_WhenInsertBeforeOrAfterShot_ThenInsertedInExpandedLog(After,1,35,1,0)" storage="c:\gitlab-runner\builds\wr8mmwyb\0\livestats\livestats.football\source\test\functionaltests\bin\automation\net472\geniussports.livestats.football.functionaltests.dll" id="4d364ccf-eec8-9cc8-2d95-71dfa3b4e048">
      <Execution id="3e1c5e14-4f39-49d1-817a-6db193f74d72" />
      <TestMethod codeBase="C:\GitLab-Runner\builds\wr8MmWYb\0\LiveStats\LiveStats.Football\Source\Test\FunctionalTests\bin\Automation\net472\GeniusSports.LiveStats.Football.FunctionalTests.dll" adapterTypeName="executor://nunit3testexecutor/" className="GeniusSports.LiveStats.Football.FunctionalTests.Tests.PitchScreen.ActionInserts.ShotInsertTests" name="GivenGameWithActions_WhenInsertBeforeOrAfterShot_ThenInsertedInExpandedLog(After,1,35,1,0)" />
    </UnitTest>
    <UnitTest name="SelectOffenceForPenalty(&quot;1&quot;,&quot;2&quot;,&quot;90&quot;,&quot;50&quot;,null)" storage="c:\gitlab-runner\builds\wr8mmwyb\0\livestats\livestats.football\source\test\functionaltests\bin\automation\net472\geniussports.livestats.football.functionaltests.dll" id="04dbf16f-0da6-bcb3-606c-bedb6b0c5c42">
      <Execution id="b19b54ef-4300-4ad1-9722-29ee4963ea0d" />
      <TestMethod codeBase="C:\GitLab-Runner\builds\wr8MmWYb\0\LiveStats\LiveStats.Football\Source\Test\FunctionalTests\bin\Automation\net472\GeniusSports.LiveStats.Football.FunctionalTests.dll" adapterTypeName="executor://nunit3testexecutor/" className="GeniusSports.LiveStats.Football.FunctionalTests.Features.PitchScreen.ActionRegistration.PenaltyRegistrationFeature" name="SelectOffenceForPenalty(&quot;1&quot;,&quot;2&quot;,&quot;90&quot;,&quot;50&quot;,null)" />
    </UnitTest>
    <UnitTest name="GivenPlayerEjectedByCard_WhenRecordingYellow_ThenPlayerIsDisabled(SecondYellow,2,5,&quot;2nd Yellow&quot;)" storage="c:\gitlab-runner\builds\wr8mmwyb\0\livestats\livestats.football\source\test\functionaltests\bin\automation\net472\geniussports.livestats.football.functionaltests.dll" id="ded313f0-0a7a-62b0-58d2-f52e404347d6">
      <Execution id="09da4793-3f7d-4352-ab62-d386ce09a213" />
      <TestMethod codeBase="C:\GitLab-Runner\builds\wr8MmWYb\0\LiveStats\LiveStats.Football\Source\Test\FunctionalTests\bin\Automation\net472\GeniusSports.LiveStats.Football.FunctionalTests.dll" adapterTypeName="executor://nunit3testexecutor/" className="GeniusSports.LiveStats.Football.FunctionalTests.Tests.PitchScreen.ActionRegistration.CardRegistrationTests" name="GivenPlayerEjectedByCard_WhenRecordingYellow_ThenPlayerIsDisabled(SecondYellow,2,5,&quot;2nd Yellow&quot;)" />
    </UnitTest>
    <UnitTest name="StartShotFromCornerWorkflow(&quot;confirmation&quot;,&quot;1&quot;,null)" storage="c:\gitlab-runner\builds\wr8mmwyb\0\livestats\livestats.football\source\test\functionaltests\bin\automation\net472\geniussports.livestats.football.functionaltests.dll" id="50420cd9-6dc3-9c0b-b1e4-285678d9971e">
      <Execution id="3bc73c29-99ed-42a0-8468-0d886c2955ee" />
      <TestMethod codeBase="C:\GitLab-Runner\builds\wr8MmWYb\0\LiveStats\LiveStats.Football\Source\Test\FunctionalTests\bin\Automation\net472\GeniusSports.LiveStats.Football.FunctionalTests.dll" adapterTypeName="executor://nunit3testexecutor/" className="GeniusSports.LiveStats.Football.FunctionalTests.Features.PitchScreen.ActionRegistration.ShotRegistrationFromCornerFeature" name="StartShotFromCornerWorkflow(&quot;confirmation&quot;,&quot;1&quot;,null)" />
    </UnitTest>
    <UnitTest name="CardTypeAndReasonUpdate(&quot;Red&quot;,&quot;Yellow&quot;,&quot;Time Wasting&quot;,null)" storage="c:\gitlab-runner\builds\wr8mmwyb\0\livestats\livestats.football\source\test\functionaltests\bin\automation\net472\geniussports.livestats.football.functionaltests.dll" id="29c1f417-b476-0d2a-a835-00fd7c1385f1">
      <Execution id="d2be25f7-6161-41c4-ac5c-5bfb0a56c22b" />
      <TestMethod codeBase="C:\GitLab-Runner\builds\wr8MmWYb\0\LiveStats\LiveStats.Football\Source\Test\FunctionalTests\bin\Automation\net472\GeniusSports.LiveStats.Football.FunctionalTests.dll" adapterTypeName="executor://nunit3testexecutor/" className="GeniusSports.LiveStats.Football.FunctionalTests.Features.PitchScreen.ActionEdits.CardEditFeature" name="CardTypeAndReasonUpdate(&quot;Red&quot;,&quot;Yellow&quot;,&quot;Time Wasting&quot;,null)" />
    </UnitTest>
    <UnitTest name="GivenInjuryInProgress_WhenSettingPossession_PossessionIsChanged(1)" storage="c:\gitlab-runner\builds\wr8mmwyb\0\livestats\livestats.football\source\test\functionaltests\bin\automation\net472\geniussports.livestats.football.functionaltests.dll" id="e52d3001-1eb3-8086-d6bd-955799f73715">
      <Execution id="11d52da8-611e-415e-b616-06f78b671207" />
      <TestMethod codeBase="C:\GitLab-Runner\builds\wr8MmWYb\0\LiveStats\LiveStats.Football\Source\Test\FunctionalTests\bin\Automation\net472\GeniusSports.LiveStats.Football.FunctionalTests.dll" adapterTypeName="executor://nunit3testexecutor/" className="GeniusSports.LiveStats.Football.FunctionalTests.Tests.PitchScreen.PossessionChangeTests" name="GivenInjuryInProgress_WhenSettingPossession_PossessionIsChanged(1)" />
    </UnitTest>
    <UnitTest name="FootballPenaltyShootoutShot_OffMiss(&quot;2&quot;,&quot;1&quot;,&quot;10&quot;,&quot;50&quot;,&quot;8&quot;,&quot;11&quot;,null)" storage="c:\gitlab-runner\builds\wr8mmwyb\0\livestats\livestats.football\source\test\functionaltests\bin\automation\net472\geniussports.livestats.football.functionaltests.dll" id="711c7514-a791-0110-79d7-ee959029dd3d">
      <Execution id="0d672f3d-7545-4178-82bb-c5d7700f8c34" />
      <TestMethod codeBase="C:\GitLab-Runner\builds\wr8MmWYb\0\LiveStats\LiveStats.Football\Source\Test\FunctionalTests\bin\Automation\net472\GeniusSports.LiveStats.Football.FunctionalTests.dll" adapterTypeName="executor://nunit3testexecutor/" className="GeniusSports.LiveStats.Football.FunctionalTests.Features.PitchScreen.ActionRegistration.PenaltyShootoutRecordFeature" name="FootballPenaltyShootoutShot_OffMiss(&quot;2&quot;,&quot;1&quot;,&quot;10&quot;,&quot;50&quot;,&quot;8&quot;,&quot;11&quot;,null)" />
    </UnitTest>
    <UnitTest name="GivenAppStarted_WhenLaunchingGameFromFixtureKey_ThenGameSetupStarted(&quot;152OZG089RYM4N5KQHR8&quot;)" storage="c:\gitlab-runner\builds\wr8mmwyb\0\livestats\livestats.football\source\test\functionaltests\bin\automation\net472\geniussports.livestats.football.functionaltests.dll" id="1d45dc6e-5329-350c-7bc3-a589d087856b">
      <Execution id="0c04fdf9-d272-4cb4-bcd9-9eefb8c13a3f" />
      <TestMethod codeBase="C:\GitLab-Runner\builds\wr8MmWYb\0\LiveStats\LiveStats.Football\Source\Test\FunctionalTests\bin\Automation\net472\GeniusSports.LiveStats.Football.FunctionalTests.dll" adapterTypeName="executor://nunit3testexecutor/" className="GeniusSports.LiveStats.Football.FunctionalTests.Tests.GameSetup.LoadGameUsingMatchKeyTests" name="GivenAppStarted_WhenLaunchingGameFromFixtureKey_ThenGameSetupStarted(&quot;152OZG089RYM4N5KQHR8&quot;)" />
    </UnitTest>
    <UnitTest name="EditGoalKickDuringWorkflowInPSOFromActionLog" storage="c:\gitlab-runner\builds\wr8mmwyb\0\livestats\livestats.football\source\test\functionaltests\bin\automation\net472\geniussports.livestats.football.functionaltests.dll" id="ff4d7ce5-889f-e94f-94c5-bc636996a1d0">
      <Execution id="39ab945e-3919-45f1-bd28-2a86aaf70dc6" />
      <TestMethod codeBase="C:\GitLab-Runner\builds\wr8MmWYb\0\LiveStats\LiveStats.Football\Source\Test\FunctionalTests\bin\Automation\net472\GeniusSports.LiveStats.Football.FunctionalTests.dll" adapterTypeName="executor://nunit3testexecutor/" className="GeniusSports.LiveStats.Football.FunctionalTests.Features.PitchScreen.ActionEdits.EditsPossibleDuringOtherWorkflowsFeature" name="EditGoalKickDuringWorkflowInPSOFromActionLog" />
    </UnitTest>
    <UnitTest name="GivenGameGoalStarted_WhenSelectingGoalLocation_ThenActionUpdated" storage="c:\gitlab-runner\builds\wr8mmwyb\0\livestats\livestats.football\source\test\functionaltests\bin\automation\net472\geniussports.livestats.football.functionaltests.dll" id="83dcd369-77ce-9f21-44a8-1b5b3c523bc1">
      <Execution id="19c7c487-91c3-4565-8fe1-e04c39a01694" />
      <TestMethod codeBase="C:\GitLab-Runner\builds\wr8MmWYb\0\LiveStats\LiveStats.Football\Source\Test\FunctionalTests\bin\Automation\net472\GeniusSports.LiveStats.Football.FunctionalTests.dll" adapterTypeName="executor://nunit3testexecutor/" className="GeniusSports.LiveStats.Football.FunctionalTests.Tests.PitchScreen.ActionRegistration.GoalRegistrationTests" name="GivenGameGoalStarted_WhenSelectingGoalLocation_ThenActionUpdated" />
    </UnitTest>
    <UnitTest name="GivenActionRegistered_WhenDeletingFromActionLog_ThenDeleted(ThrowIn)" storage="c:\gitlab-runner\builds\wr8mmwyb\0\livestats\livestats.football\source\test\functionaltests\bin\automation\net472\geniussports.livestats.football.functionaltests.dll" id="a2f96103-f2d4-4c5c-0476-20a61d87198c">
      <Execution id="ab5136e1-5cf3-451c-8c08-9da7aa14e7b6" />
      <TestMethod codeBase="C:\GitLab-Runner\builds\wr8MmWYb\0\LiveStats\LiveStats.Football\Source\Test\FunctionalTests\bin\Automation\net472\GeniusSports.LiveStats.Football.FunctionalTests.dll" adapterTypeName="executor://nunit3testexecutor/" className="GeniusSports.LiveStats.Football.FunctionalTests.Tests.PitchScreen.ActionDeletes.GameActionDeleteTests" name="GivenActionRegistered_WhenDeletingFromActionLog_ThenDeleted(ThrowIn)" />
    </UnitTest>
    <UnitTest name="FreekickStarted(&quot;1&quot;,null)" storage="c:\gitlab-runner\builds\wr8mmwyb\0\livestats\livestats.football\source\test\functionaltests\bin\automation\net472\geniussports.livestats.football.functionaltests.dll" id="a0573905-da2b-cda8-1f31-b77a0a0ce167">
      <Execution id="b63a776c-7a01-4e25-be6e-dd90abec9ec9" />
      <TestMethod codeBase="C:\GitLab-Runner\builds\wr8MmWYb\0\LiveStats\LiveStats.Football\Source\Test\FunctionalTests\bin\Automation\net472\GeniusSports.LiveStats.Football.FunctionalTests.dll" adapterTypeName="executor://nunit3testexecutor/" className="GeniusSports.LiveStats.Football.FunctionalTests.Features.PitchScreen.ActionRegistration.FreeKickRegistrationFeature" name="FreekickStarted(&quot;1&quot;,null)" />
    </UnitTest>
    <UnitTest name="GivenActionRegistered_WhenDeletingFromActionLog_ThenDeleted(GoalKick)" storage="c:\gitlab-runner\builds\wr8mmwyb\0\livestats\livestats.football\source\test\functionaltests\bin\automation\net472\geniussports.livestats.football.functionaltests.dll" id="428769b5-1187-c112-dcfb-0d0ffe790c0f">
      <Execution id="7fda3bc7-0f68-45b4-97e7-4caabc51bb5b" />
      <TestMethod codeBase="C:\GitLab-Runner\builds\wr8MmWYb\0\LiveStats\LiveStats.Football\Source\Test\FunctionalTests\bin\Automation\net472\GeniusSports.LiveStats.Football.FunctionalTests.dll" adapterTypeName="executor://nunit3testexecutor/" className="GeniusSports.LiveStats.Football.FunctionalTests.Tests.PitchScreen.ActionDeletes.GameActionDeleteTests" name="GivenActionRegistered_WhenDeletingFromActionLog_ThenDeleted(GoalKick)" />
    </UnitTest>
    <UnitTest name="FootballSelectVAROutcome(&quot;Overturned&quot;,null)" storage="c:\gitlab-runner\builds\wr8mmwyb\0\livestats\livestats.football\source\test\functionaltests\bin\automation\net472\geniussports.livestats.football.functionaltests.dll" id="5de5123f-c7e8-12b0-b644-bcf749184a01">
      <Execution id="01dc0ef7-d505-46ac-a5f3-331645b090dd" />
      <TestMethod codeBase="C:\GitLab-Runner\builds\wr8MmWYb\0\LiveStats\LiveStats.Football\Source\Test\FunctionalTests\bin\Automation\net472\GeniusSports.LiveStats.Football.FunctionalTests.dll" adapterTypeName="executor://nunit3testexecutor/" className="GeniusSports.LiveStats.Football.FunctionalTests.Features.PitchScreen.ActionEdits.GoalEditFeature" name="FootballSelectVAROutcome(&quot;Overturned&quot;,null)" />
    </UnitTest>
    <UnitTest name="GoalkeeperCannotBeAddedToOtherFormationLocation" storage="c:\gitlab-runner\builds\wr8mmwyb\0\livestats\livestats.football\source\test\functionaltests\bin\automation\net472\geniussports.livestats.football.functionaltests.dll" id="fd99a87a-3bb8-a325-d4f2-ce35f679de35">
      <Execution id="de3fe304-dc4f-4ce4-88ed-08dfe0a7d036" />
      <TestMethod codeBase="C:\GitLab-Runner\builds\wr8MmWYb\0\LiveStats\LiveStats.Football\Source\Test\FunctionalTests\bin\Automation\net472\GeniusSports.LiveStats.Football.FunctionalTests.dll" adapterTypeName="executor://nunit3testexecutor/" className="GeniusSports.LiveStats.Football.FunctionalTests.Features.GameSetup.SetupTeamsFormationsFeature" name="GoalkeeperCannotBeAddedToOtherFormationLocation" />
    </UnitTest>
    <UnitTest name="GivenGameInProgress_WhenRecordingInjuryOffPitch_ThenPlayerMarkedAsInjured" storage="c:\gitlab-runner\builds\wr8mmwyb\0\livestats\livestats.football\source\test\functionaltests\bin\automation\net472\geniussports.livestats.football.functionaltests.dll" id="31acf1dd-9c4a-61fc-f04a-7670072f8cee">
      <Execution id="0fc22fcc-ae05-43ed-b871-54c5ebecbf62" />
      <TestMethod codeBase="C:\GitLab-Runner\builds\wr8MmWYb\0\LiveStats\LiveStats.Football\Source\Test\FunctionalTests\bin\Automation\net472\GeniusSports.LiveStats.Football.FunctionalTests.dll" adapterTypeName="executor://nunit3testexecutor/" className="GeniusSports.LiveStats.Football.FunctionalTests.Tests.PitchScreen.ActionRegistration.InjuryRegistrationTests" name="GivenGameInProgress_WhenRecordingInjuryOffPitch_ThenPlayerMarkedAsInjured" />
    </UnitTest>
    <UnitTest name="PenaltyTeamChangeIsSaved" storage="c:\gitlab-runner\builds\wr8mmwyb\0\livestats\livestats.football\source\test\functionaltests\bin\automation\net472\geniussports.livestats.football.functionaltests.dll" id="f5f981f3-fd2c-ad44-7c19-00be5ddfaa43">
      <Execution id="e0c96461-dd92-45af-94fd-5137ed1ab44b" />
      <TestMethod codeBase="C:\GitLab-Runner\builds\wr8MmWYb\0\LiveStats\LiveStats.Football\Source\Test\FunctionalTests\bin\Automation\net472\GeniusSports.LiveStats.Football.FunctionalTests.dll" adapterTypeName="executor://nunit3testexecutor/" className="GeniusSports.LiveStats.Football.FunctionalTests.Features.PitchScreen.ActionEdits.PenaltyEditFeature" name="PenaltyTeamChangeIsSaved" />
    </UnitTest>
    <UnitTest name="GivenGameInProgress_WhenRegisteringCardForAssistantCouch_ThenCardIsRegisteredForAssistantCoach(SecondYellow,1,SecondYellow,&quot;SecondYellow&quot;)" storage="c:\gitlab-runner\builds\wr8mmwyb\0\livestats\livestats.football\source\test\functionaltests\bin\automation\net472\geniussports.livestats.football.functionaltests.dll" id="3427bb45-5a79-dc09-771b-43979f92c5bb">
      <Execution id="7a6eee7b-0c3f-4780-b7e9-155f88dd561c" />
      <TestMethod codeBase="C:\GitLab-Runner\builds\wr8MmWYb\0\LiveStats\LiveStats.Football\Source\Test\FunctionalTests\bin\Automation\net472\GeniusSports.LiveStats.Football.FunctionalTests.dll" adapterTypeName="executor://nunit3testexecutor/" className="GeniusSports.LiveStats.Football.FunctionalTests.Tests.PitchScreen.ActionRegistration.CardRegistrationTests" name="GivenGameInProgress_WhenRegisteringCardForAssistantCouch_ThenCardIsRegisteredForAssistantCoach(SecondYellow,1,SecondYellow,&quot;SecondYellow&quot;)" />
    </UnitTest>
    <UnitTest name="GivenHelpMenuOpened_WhenClickingEndUserLicenceAgreement_ThenLicencePreviewPopupDisplayed" storage="c:\gitlab-runner\builds\wr8mmwyb\0\livestats\livestats.football\source\test\functionaltests\bin\automation\net472\geniussports.livestats.football.functionaltests.dll" id="251dc894-45b7-8e89-c9ad-3ba26910b0a7">
      <Execution id="e23976c5-4237-4d33-9f51-6e127fbb16ba" />
      <TestMethod codeBase="C:\GitLab-Runner\builds\wr8MmWYb\0\LiveStats\LiveStats.Football\Source\Test\FunctionalTests\bin\Automation\net472\GeniusSports.LiveStats.Football.FunctionalTests.dll" adapterTypeName="executor://nunit3testexecutor/" className="GeniusSports.LiveStats.Football.FunctionalTests.Tests.HelpMenuTests" name="GivenHelpMenuOpened_WhenClickingEndUserLicenceAgreement_ThenLicencePreviewPopupDisplayed" />
    </UnitTest>
    <UnitTest name="YesOnVAROnSecondStepOfRecordCardWorkflow(&quot;2&quot;,&quot;Yellow&quot;,null)" storage="c:\gitlab-runner\builds\wr8mmwyb\0\livestats\livestats.football\source\test\functionaltests\bin\automation\net472\geniussports.livestats.football.functionaltests.dll" id="6ca89bc1-806e-1409-c701-61950415ad74">
      <Execution id="942a441f-f669-4b4b-9046-5139c1e4585f" />
      <TestMethod codeBase="C:\GitLab-Runner\builds\wr8MmWYb\0\LiveStats\LiveStats.Football\Source\Test\FunctionalTests\bin\Automation\net472\GeniusSports.LiveStats.Football.FunctionalTests.dll" adapterTypeName="executor://nunit3testexecutor/" className="GeniusSports.LiveStats.Football.FunctionalTests.Features.PitchScreen.VideoAssistantReferee.CardsVarRegistrationFeature" name="YesOnVAROnSecondStepOfRecordCardWorkflow(&quot;2&quot;,&quot;Yellow&quot;,null)" />
    </UnitTest>
    <UnitTest name="GivenSetupFinished_WhenClickingPlayersOnPitch_ThenKickOffTeamSelectionIsPresented" storage="c:\gitlab-runner\builds\wr8mmwyb\0\livestats\livestats.football\source\test\functionaltests\bin\automation\net472\geniussports.livestats.football.functionaltests.dll" id="decc0c9d-f3ef-1a45-69e5-e3fe056e921c">
      <Execution id="a04cee12-3ccd-41e8-b9f0-11b8bf3ff000" />
      <TestMethod codeBase="C:\GitLab-Runner\builds\wr8MmWYb\0\LiveStats\LiveStats.Football\Source\Test\FunctionalTests\bin\Automation\net472\GeniusSports.LiveStats.Football.FunctionalTests.dll" adapterTypeName="executor://nunit3testexecutor/" className="GeniusSports.LiveStats.Football.FunctionalTests.Tests.PitchScreen.KickOffGameTests" name="GivenSetupFinished_WhenClickingPlayersOnPitch_ThenKickOffTeamSelectionIsPresented" />
    </UnitTest>
    <UnitTest name="SubstitutionFinished" storage="c:\gitlab-runner\builds\wr8mmwyb\0\livestats\livestats.football\source\test\functionaltests\bin\automation\net472\geniussports.livestats.football.functionaltests.dll" id="cc05241f-4bb8-6f2c-4dcf-62a5e028f147">
      <Execution id="fbe3bb6a-e80d-469c-a0e9-7f0dca0d9d2d" />
      <TestMethod codeBase="C:\GitLab-Runner\builds\wr8MmWYb\0\LiveStats\LiveStats.Football\Source\Test\FunctionalTests\bin\Automation\net472\GeniusSports.LiveStats.Football.FunctionalTests.dll" adapterTypeName="executor://nunit3testexecutor/" className="GeniusSports.LiveStats.Football.FunctionalTests.Features.PitchScreen.ActionRegistration.Substitutions.RecordingSubstitutionFeature" name="SubstitutionFinished" />
    </UnitTest>
    <UnitTest name="VARStartedOnPenaltyWithLocationSelected(&quot;1&quot;,&quot;90&quot;,&quot;50&quot;,null)" storage="c:\gitlab-runner\builds\wr8mmwyb\0\livestats\livestats.football\source\test\functionaltests\bin\automation\net472\geniussports.livestats.football.functionaltests.dll" id="8852e37c-fd3e-4727-bb2e-e219c28a22ca">
      <Execution id="74385865-85a2-4669-bfe0-c3f9d26bca12" />
      <TestMethod codeBase="C:\GitLab-Runner\builds\wr8MmWYb\0\LiveStats\LiveStats.Football\Source\Test\FunctionalTests\bin\Automation\net472\GeniusSports.LiveStats.Football.FunctionalTests.dll" adapterTypeName="executor://nunit3testexecutor/" className="GeniusSports.LiveStats.Football.FunctionalTests.Features.PitchScreen.VideoAssistantReferee.VarRegistrationDuringPenaltyFeature" name="VARStartedOnPenaltyWithLocationSelected(&quot;1&quot;,&quot;90&quot;,&quot;50&quot;,null)" />
    </UnitTest>
    <UnitTest name="WhenAllPlayersHaveFinishedKickingInPenaltyShoot_OutTheyAreEnabledAgain" storage="c:\gitlab-runner\builds\wr8mmwyb\0\livestats\livestats.football\source\test\functionaltests\bin\automation\net472\geniussports.livestats.football.functionaltests.dll" id="73a3dfae-0cf8-9a75-96ca-858bc4a0a3dc">
      <Execution id="dd42eb3c-3874-476c-b733-3375be894d5a" />
      <TestMethod codeBase="C:\GitLab-Runner\builds\wr8MmWYb\0\LiveStats\LiveStats.Football\Source\Test\FunctionalTests\bin\Automation\net472\GeniusSports.LiveStats.Football.FunctionalTests.dll" adapterTypeName="executor://nunit3testexecutor/" className="GeniusSports.LiveStats.Football.FunctionalTests.Features.PitchScreen.ActionRegistration.PenaltyShootoutRecordFeature" name="WhenAllPlayersHaveFinishedKickingInPenaltyShoot_OutTheyAreEnabledAgain" />
    </UnitTest>
    <UnitTest name="YesOnVarOnFirstStepOfRecordCardWorkflow(&quot;1&quot;,&quot;Yellow&quot;,null)" storage="c:\gitlab-runner\builds\wr8mmwyb\0\livestats\livestats.football\source\test\functionaltests\bin\automation\net472\geniussports.livestats.football.functionaltests.dll" id="d5d64fc4-30f5-5996-cbf3-2982310c8b8f">
      <Execution id="d19dbcfc-637c-4904-bc46-3688f27391fa" />
      <TestMethod codeBase="C:\GitLab-Runner\builds\wr8MmWYb\0\LiveStats\LiveStats.Football\Source\Test\FunctionalTests\bin\Automation\net472\GeniusSports.LiveStats.Football.FunctionalTests.dll" adapterTypeName="executor://nunit3testexecutor/" className="GeniusSports.LiveStats.Football.FunctionalTests.Features.PitchScreen.VideoAssistantReferee.CardsVarRegistrationFeature" name="YesOnVarOnFirstStepOfRecordCardWorkflow(&quot;1&quot;,&quot;Yellow&quot;,null)" />
    </UnitTest>
    <UnitTest name="NoOnVarOnFirstStepOfRecordCardWorkflow(&quot;2&quot;,&quot;Yellow&quot;,null)" storage="c:\gitlab-runner\builds\wr8mmwyb\0\livestats\livestats.football\source\test\functionaltests\bin\automation\net472\geniussports.livestats.football.functionaltests.dll" id="ee259f95-d2ce-cd65-822d-37f841002ac3">
      <Execution id="1fbf13f6-c5e8-4b18-ac22-8859fcb3b95b" />
      <TestMethod codeBase="C:\GitLab-Runner\builds\wr8MmWYb\0\LiveStats\LiveStats.Football\Source\Test\FunctionalTests\bin\Automation\net472\GeniusSports.LiveStats.Football.FunctionalTests.dll" adapterTypeName="executor://nunit3testexecutor/" className="GeniusSports.LiveStats.Football.FunctionalTests.Features.PitchScreen.VideoAssistantReferee.CardsVarRegistrationFeature" name="NoOnVarOnFirstStepOfRecordCardWorkflow(&quot;2&quot;,&quot;Yellow&quot;,null)" />
    </UnitTest>
    <UnitTest name="GivenFirstHalfEnded_WhenEndHalfDeleted_ThenCanEndHalfAgain" storage="c:\gitlab-runner\builds\wr8mmwyb\0\livestats\livestats.football\source\test\functionaltests\bin\automation\net472\geniussports.livestats.football.functionaltests.dll" id="ad913bcf-371e-aa07-8f2f-4b8f1f6ea95c">
      <Execution id="6bc3d7e2-c724-40da-9880-56c56220f8c4" />
      <TestMethod codeBase="C:\GitLab-Runner\builds\wr8MmWYb\0\LiveStats\LiveStats.Football\Source\Test\FunctionalTests\bin\Automation\net472\GeniusSports.LiveStats.Football.FunctionalTests.dll" adapterTypeName="executor://nunit3testexecutor/" className="GeniusSports.LiveStats.Football.FunctionalTests.Tests.PitchScreen.ActionDeletes.PeriodAndGameEndsDeleteTests" name="GivenFirstHalfEnded_WhenEndHalfDeleted_ThenCanEndHalfAgain" />
    </UnitTest>
    <UnitTest name="SelectLocationForPenaltyGoal(&quot;1&quot;,&quot;2&quot;,&quot;90&quot;,&quot;50&quot;,&quot;5&quot;,&quot;16&quot;,null)" storage="c:\gitlab-runner\builds\wr8mmwyb\0\livestats\livestats.football\source\test\functionaltests\bin\automation\net472\geniussports.livestats.football.functionaltests.dll" id="1ee54112-9f60-8170-1cca-6e069b534b00">
      <Execution id="5c1140ed-c066-458b-b71a-2ef73e7afa84" />
      <TestMethod codeBase="C:\GitLab-Runner\builds\wr8MmWYb\0\LiveStats\LiveStats.Football\Source\Test\FunctionalTests\bin\Automation\net472\GeniusSports.LiveStats.Football.FunctionalTests.dll" adapterTypeName="executor://nunit3testexecutor/" className="GeniusSports.LiveStats.Football.FunctionalTests.Features.PitchScreen.ActionRegistration.PenaltyRegistrationFeature" name="SelectLocationForPenaltyGoal(&quot;1&quot;,&quot;2&quot;,&quot;90&quot;,&quot;50&quot;,&quot;5&quot;,&quot;16&quot;,null)" />
    </UnitTest>
    <UnitTest name="ClickBackInAfterSelectingPlayer(&quot;Yellow&quot;,&quot;2nd Yellow&quot;,null)" storage="c:\gitlab-runner\builds\wr8mmwyb\0\livestats\livestats.football\source\test\functionaltests\bin\automation\net472\geniussports.livestats.football.functionaltests.dll" id="999db0a8-fe24-5bde-4c85-d7b9f0b6f9aa">
      <Execution id="850eedae-b95b-4edc-95f9-c9afb83d5ea4" />
      <TestMethod codeBase="C:\GitLab-Runner\builds\wr8MmWYb\0\LiveStats\LiveStats.Football\Source\Test\FunctionalTests\bin\Automation\net472\GeniusSports.LiveStats.Football.FunctionalTests.dll" adapterTypeName="executor://nunit3testexecutor/" className="GeniusSports.LiveStats.Football.FunctionalTests.Features.PitchScreen.ActionRegistration.CardRegistrationFeature" name="ClickBackInAfterSelectingPlayer(&quot;Yellow&quot;,&quot;2nd Yellow&quot;,null)" />
    </UnitTest>
    <UnitTest name="GivenActionRegistered_WhenDeletingFromActionLog_ThenDeleted(FreeKick)" storage="c:\gitlab-runner\builds\wr8mmwyb\0\livestats\livestats.football\source\test\functionaltests\bin\automation\net472\geniussports.livestats.football.functionaltests.dll" id="1f143944-a4e5-337c-6083-a9ac7190250f">
      <Execution id="708dca31-99bd-4d71-99ed-fbbe2e11ba47" />
      <TestMethod codeBase="C:\GitLab-Runner\builds\wr8MmWYb\0\LiveStats\LiveStats.Football\Source\Test\FunctionalTests\bin\Automation\net472\GeniusSports.LiveStats.Football.FunctionalTests.dll" adapterTypeName="executor://nunit3testexecutor/" className="GeniusSports.LiveStats.Football.FunctionalTests.Tests.PitchScreen.ActionDeletes.GameActionDeleteTests" name="GivenActionRegistered_WhenDeletingFromActionLog_ThenDeleted(FreeKick)" />
    </UnitTest>
    <UnitTest name="GivenAssistantCouchInactive_WhenRegisteringCard_ThenCannotAllocateToAssistantCouch" storage="c:\gitlab-runner\builds\wr8mmwyb\0\livestats\livestats.football\source\test\functionaltests\bin\automation\net472\geniussports.livestats.football.functionaltests.dll" id="5c643f84-7344-3992-557d-52d90c512dfb">
      <Execution id="63937bbe-b5f6-493d-85b0-6d5de8883763" />
      <TestMethod codeBase="C:\GitLab-Runner\builds\wr8MmWYb\0\LiveStats\LiveStats.Football\Source\Test\FunctionalTests\bin\Automation\net472\GeniusSports.LiveStats.Football.FunctionalTests.dll" adapterTypeName="executor://nunit3testexecutor/" className="GeniusSports.LiveStats.Football.FunctionalTests.Tests.GameSetup.EditGameSetupTests" name="GivenAssistantCouchInactive_WhenRegisteringCard_ThenCannotAllocateToAssistantCouch" />
    </UnitTest>
    <UnitTest name="GivenStatisticianForm_WhenEnteringCorrectDetails_ThenSuccessfulRegistration" storage="c:\gitlab-runner\builds\wr8mmwyb\0\livestats\livestats.football\source\test\functionaltests\bin\automation\net472\geniussports.livestats.football.functionaltests.dll" id="645818c3-0cd1-93a6-da6f-59b97404a77f">
      <Execution id="981c6afc-584e-4f21-b3cb-6ed65a553ee5" />
      <TestMethod codeBase="C:\GitLab-Runner\builds\wr8MmWYb\0\LiveStats\LiveStats.Football\Source\Test\FunctionalTests\bin\Automation\net472\GeniusSports.LiveStats.Football.FunctionalTests.dll" adapterTypeName="executor://nunit3testexecutor/" className="GeniusSports.LiveStats.Football.FunctionalTests.Tests.GameSetup.StatisticiansNetworkTests" name="GivenStatisticianForm_WhenEnteringCorrectDetails_ThenSuccessfulRegistration" />
    </UnitTest>
    <UnitTest name="GivenGameInProgress_WhenDefaultPrinterUpdated_ThenUpdatedSuccessfully" storage="c:\gitlab-runner\builds\wr8mmwyb\0\livestats\livestats.football\source\test\functionaltests\bin\automation\net472\geniussports.livestats.football.functionaltests.dll" id="d1263a09-a8e7-ede3-86ad-b5e6f11830b9">
      <Execution id="9da427f2-745d-4fd2-8f9b-9f42eeca243d" />
      <TestMethod codeBase="C:\GitLab-Runner\builds\wr8MmWYb\0\LiveStats\LiveStats.Football\Source\Test\FunctionalTests\bin\Automation\net472\GeniusSports.LiveStats.Football.FunctionalTests.dll" adapterTypeName="executor://nunit3testexecutor/" className="GeniusSports.LiveStats.Football.FunctionalTests.Tests.GameSetup.EditGameSetupTests" name="GivenGameInProgress_WhenDefaultPrinterUpdated_ThenUpdatedSuccessfully" />
    </UnitTest>
    <UnitTest name="CanOpenExpandedActionLogDuringGoalWorkflow" storage="c:\gitlab-runner\builds\wr8mmwyb\0\livestats\livestats.football\source\test\functionaltests\bin\automation\net472\geniussports.livestats.football.functionaltests.dll" id="d7e0cac5-55f2-091f-0ebc-f8be6af5620b">
      <Execution id="7c814dd0-b301-473b-a15a-37bcff97c72d" />
      <TestMethod codeBase="C:\GitLab-Runner\builds\wr8MmWYb\0\LiveStats\LiveStats.Football\Source\Test\FunctionalTests\bin\Automation\net472\GeniusSports.LiveStats.Football.FunctionalTests.dll" adapterTypeName="executor://nunit3testexecutor/" className="GeniusSports.LiveStats.Football.FunctionalTests.Features.PitchScreen.ActionRegistration.ActionsDuringWorkflowsFeature" name="CanOpenExpandedActionLogDuringGoalWorkflow" />
    </UnitTest>
    <UnitTest name="WhenRecordingTwoYellowCardsSecondYellowIsFlagged" storage="c:\gitlab-runner\builds\wr8mmwyb\0\livestats\livestats.football\source\test\functionaltests\bin\automation\net472\geniussports.livestats.football.functionaltests.dll" id="4dd8e939-d4e2-70ad-ab18-443e02c86863">
      <Execution id="ca321e75-67be-4955-a926-f568ad6721ee" />
      <TestMethod codeBase="C:\GitLab-Runner\builds\wr8MmWYb\0\LiveStats\LiveStats.Football\Source\Test\FunctionalTests\bin\Automation\net472\GeniusSports.LiveStats.Football.FunctionalTests.dll" adapterTypeName="executor://nunit3testexecutor/" className="GeniusSports.LiveStats.Football.FunctionalTests.Features.PitchScreen.Flagging.ExcessiveYellowCardsFlaggerTestsFeature" name="WhenRecordingTwoYellowCardsSecondYellowIsFlagged" />
    </UnitTest>
    <UnitTest name="InsertedGoalPenaltyIsPresentedInScoreboard" storage="c:\gitlab-runner\builds\wr8mmwyb\0\livestats\livestats.football\source\test\functionaltests\bin\automation\net472\geniussports.livestats.football.functionaltests.dll" id="d3161439-cbb6-62e4-d892-e90025dfdf44">
      <Execution id="4c85f544-1351-4f55-9f9b-ec63d26af350" />
      <TestMethod codeBase="C:\GitLab-Runner\builds\wr8MmWYb\0\LiveStats\LiveStats.Football\Source\Test\FunctionalTests\bin\Automation\net472\GeniusSports.LiveStats.Football.FunctionalTests.dll" adapterTypeName="executor://nunit3testexecutor/" className="GeniusSports.LiveStats.Football.FunctionalTests.Features.PitchScreen.ActionInserts.PenaltyInsertFeature" name="InsertedGoalPenaltyIsPresentedInScoreboard" />
    </UnitTest>
    <UnitTest name="GivenExpandedLog_WhenInsertingCardAfterForCoach_ThenScoreboardIsPresentedCorrectly(Yellow,Yellow,1,0)" storage="c:\gitlab-runner\builds\wr8mmwyb\0\livestats\livestats.football\source\test\functionaltests\bin\automation\net472\geniussports.livestats.football.functionaltests.dll" id="61babfdb-3040-2b2d-0747-d07ca27c918f">
      <Execution id="6cbbfa37-2483-4c74-99e2-04c9b786f685" />
      <TestMethod codeBase="C:\GitLab-Runner\builds\wr8MmWYb\0\LiveStats\LiveStats.Football\Source\Test\FunctionalTests\bin\Automation\net472\GeniusSports.LiveStats.Football.FunctionalTests.dll" adapterTypeName="executor://nunit3testexecutor/" className="GeniusSports.LiveStats.Football.FunctionalTests.Tests.PitchScreen.ActionInserts.InsertCardTests" name="GivenExpandedLog_WhenInsertingCardAfterForCoach_ThenScoreboardIsPresentedCorrectly(Yellow,Yellow,1,0)" />
    </UnitTest>
    <UnitTest name="WhenTeamsTieAfter5GoalsPenaltyShootoutButtonIsNotEnabled" storage="c:\gitlab-runner\builds\wr8mmwyb\0\livestats\livestats.football\source\test\functionaltests\bin\automation\net472\geniussports.livestats.football.functionaltests.dll" id="9a162b94-48e2-e6d1-23a4-b996d54ac228">
      <Execution id="f4601463-b18f-4793-ba25-f5de96519815" />
      <TestMethod codeBase="C:\GitLab-Runner\builds\wr8MmWYb\0\LiveStats\LiveStats.Football\Source\Test\FunctionalTests\bin\Automation\net472\GeniusSports.LiveStats.Football.FunctionalTests.dll" adapterTypeName="executor://nunit3testexecutor/" className="GeniusSports.LiveStats.Football.FunctionalTests.Features.PitchScreen.ActionRegistration.PenaltyShootoutRecordFeature" name="WhenTeamsTieAfter5GoalsPenaltyShootoutButtonIsNotEnabled" />
    </UnitTest>
    <UnitTest name="FootballAssistantCoachFilterDoesNotShowItemsThatAreNotForThisAssistantCoach" storage="c:\gitlab-runner\builds\wr8mmwyb\0\livestats\livestats.football\source\test\functionaltests\bin\automation\net472\geniussports.livestats.football.functionaltests.dll" id="984c9fd7-b64e-1467-d44f-2bbe37c81f05">
      <Execution id="5eca17b2-2b31-4222-bd73-7ee35392029f" />
      <TestMethod codeBase="C:\GitLab-Runner\builds\wr8MmWYb\0\LiveStats\LiveStats.Football\Source\Test\FunctionalTests\bin\Automation\net472\GeniusSports.LiveStats.Football.FunctionalTests.dll" adapterTypeName="executor://nunit3testexecutor/" className="GeniusSports.LiveStats.Football.FunctionalTests.Features.PitchScreen.Filters.StaffFilterFeature" name="FootballAssistantCoachFilterDoesNotShowItemsThatAreNotForThisAssistantCoach" />
    </UnitTest>
    <UnitTest name="TeamTitlesShouldContainTeamNamesAsEnteredInTeamsTab" storage="c:\gitlab-runner\builds\wr8mmwyb\0\livestats\livestats.football\source\test\functionaltests\bin\automation\net472\geniussports.livestats.football.functionaltests.dll" id="0737b253-ca9b-eb9c-ae39-f7da15f04f1c">
      <Execution id="fa78548c-950a-4d4f-9788-fbd70ac3bde2" />
      <TestMethod codeBase="C:\GitLab-Runner\builds\wr8MmWYb\0\LiveStats\LiveStats.Football\Source\Test\FunctionalTests\bin\Automation\net472\GeniusSports.LiveStats.Football.FunctionalTests.dll" adapterTypeName="executor://nunit3testexecutor/" className="GeniusSports.LiveStats.Football.FunctionalTests.Features.GameSetup.SetupTeamsPlayersFeature" name="TeamTitlesShouldContainTeamNamesAsEnteredInTeamsTab" />
    </UnitTest>
    <UnitTest name="GivenFootballReportsOpened_WhenOpeningReport_ReportPreviewIsShown(&quot;Half Time&quot;)" storage="c:\gitlab-runner\builds\wr8mmwyb\0\livestats\livestats.football\source\test\functionaltests\bin\automation\net472\geniussports.livestats.football.functionaltests.dll" id="6245f60f-2ce1-1db0-a119-b35adfd57346">
      <Execution id="4d1b248f-205f-4f84-8438-8ea5d5385b20" />
      <TestMethod codeBase="C:\GitLab-Runner\builds\wr8MmWYb\0\LiveStats\LiveStats.Football\Source\Test\FunctionalTests\bin\Automation\net472\GeniusSports.LiveStats.Football.FunctionalTests.dll" adapterTypeName="executor://nunit3testexecutor/" className="GeniusSports.LiveStats.Football.FunctionalTests.Tests.PitchScreen.PreviewReportsTests" name="GivenFootballReportsOpened_WhenOpeningReport_ReportPreviewIsShown(&quot;Half Time&quot;)" />
    </UnitTest>
    <UnitTest name="FootballSaveGoalVARWithOverturned(&quot;Overturned&quot;,&quot;Offside&quot;,null)" storage="c:\gitlab-runner\builds\wr8mmwyb\0\livestats\livestats.football\source\test\functionaltests\bin\automation\net472\geniussports.livestats.football.functionaltests.dll" id="5b767526-35e9-08fb-6f9e-b46ae1d88b7e">
      <Execution id="328dda92-8a29-4b5b-908d-54cdebccebcf" />
      <TestMethod codeBase="C:\GitLab-Runner\builds\wr8MmWYb\0\LiveStats\LiveStats.Football\Source\Test\FunctionalTests\bin\Automation\net472\GeniusSports.LiveStats.Football.FunctionalTests.dll" adapterTypeName="executor://nunit3testexecutor/" className="GeniusSports.LiveStats.Football.FunctionalTests.Features.PitchScreen.ActionEdits.GoalEditFeature" name="FootballSaveGoalVARWithOverturned(&quot;Overturned&quot;,&quot;Offside&quot;,null)" />
    </UnitTest>
    <UnitTest name="SaveCardVARWithOverturnedOutcome" storage="c:\gitlab-runner\builds\wr8mmwyb\0\livestats\livestats.football\source\test\functionaltests\bin\automation\net472\geniussports.livestats.football.functionaltests.dll" id="b7e4bff4-2350-92b5-523e-a85eada67484">
      <Execution id="8ec0da96-5bac-4a3a-a4ca-b2e73f18cff5" />
      <TestMethod codeBase="C:\GitLab-Runner\builds\wr8MmWYb\0\LiveStats\LiveStats.Football\Source\Test\FunctionalTests\bin\Automation\net472\GeniusSports.LiveStats.Football.FunctionalTests.dll" adapterTypeName="executor://nunit3testexecutor/" className="GeniusSports.LiveStats.Football.FunctionalTests.Features.PitchScreen.ActionEdits.CardEditFeature" name="SaveCardVARWithOverturnedOutcome" />
    </UnitTest>
    <UnitTest name="SetAdjustShotLocationForGoalInsert(&quot;set&quot;,null)" storage="c:\gitlab-runner\builds\wr8mmwyb\0\livestats\livestats.football\source\test\functionaltests\bin\automation\net472\geniussports.livestats.football.functionaltests.dll" id="2fd00c3c-4d8e-d6e1-89e8-dbcd7cea9619">
      <Execution id="cbd01e9f-785a-4769-aef7-02e79a9483e8" />
      <TestMethod codeBase="C:\GitLab-Runner\builds\wr8MmWYb\0\LiveStats\LiveStats.Football\Source\Test\FunctionalTests\bin\Automation\net472\GeniusSports.LiveStats.Football.FunctionalTests.dll" adapterTypeName="executor://nunit3testexecutor/" className="GeniusSports.LiveStats.Football.FunctionalTests.Features.PitchScreen.ActionInserts.InsertGoalFeature" name="SetAdjustShotLocationForGoalInsert(&quot;set&quot;,null)" />
    </UnitTest>
    <UnitTest name="SetAdjustPitchPositionForGoalInsert(&quot;set&quot;,null)" storage="c:\gitlab-runner\builds\wr8mmwyb\0\livestats\livestats.football\source\test\functionaltests\bin\automation\net472\geniussports.livestats.football.functionaltests.dll" id="f8f339f4-028b-03e3-29b4-8358de996a80">
      <Execution id="eec38745-ac1f-4088-96f2-635f777826df" />
      <TestMethod codeBase="C:\GitLab-Runner\builds\wr8MmWYb\0\LiveStats\LiveStats.Football\Source\Test\FunctionalTests\bin\Automation\net472\GeniusSports.LiveStats.Football.FunctionalTests.dll" adapterTypeName="executor://nunit3testexecutor/" className="GeniusSports.LiveStats.Football.FunctionalTests.Features.PitchScreen.ActionInserts.InsertGoalFeature" name="SetAdjustPitchPositionForGoalInsert(&quot;set&quot;,null)" />
    </UnitTest>
    <UnitTest name="CornerActionCanBeUnflagged" storage="c:\gitlab-runner\builds\wr8mmwyb\0\livestats\livestats.football\source\test\functionaltests\bin\automation\net472\geniussports.livestats.football.functionaltests.dll" id="3bf67842-d389-e99d-bc24-9487c13ccd24">
      <Execution id="34fbf2bf-10ea-420c-9f5f-2bf8729660c3" />
      <TestMethod codeBase="C:\GitLab-Runner\builds\wr8MmWYb\0\LiveStats\LiveStats.Football\Source\Test\FunctionalTests\bin\Automation\net472\GeniusSports.LiveStats.Football.FunctionalTests.dll" adapterTypeName="executor://nunit3testexecutor/" className="GeniusSports.LiveStats.Football.FunctionalTests.Features.PitchScreen.Flagging.AddManualFlagFeature" name="CornerActionCanBeUnflagged" />
    </UnitTest>
    <UnitTest name="ThrowInRecordedActionCanBeFlagged" storage="c:\gitlab-runner\builds\wr8mmwyb\0\livestats\livestats.football\source\test\functionaltests\bin\automation\net472\geniussports.livestats.football.functionaltests.dll" id="a311a666-095f-1997-b809-dfc342ea9a68">
      <Execution id="1e913f67-661d-47bf-80ad-a4e84799441a" />
      <TestMethod codeBase="C:\GitLab-Runner\builds\wr8MmWYb\0\LiveStats\LiveStats.Football\Source\Test\FunctionalTests\bin\Automation\net472\GeniusSports.LiveStats.Football.FunctionalTests.dll" adapterTypeName="executor://nunit3testexecutor/" className="GeniusSports.LiveStats.Football.FunctionalTests.Features.PitchScreen.Flagging.AddManualFlagFeature" name="ThrowInRecordedActionCanBeFlagged" />
    </UnitTest>
    <UnitTest name="SelectTeamAndGoalTypeInGoalInsert(&quot;1&quot;,&quot;Other&quot;,null)" storage="c:\gitlab-runner\builds\wr8mmwyb\0\livestats\livestats.football\source\test\functionaltests\bin\automation\net472\geniussports.livestats.football.functionaltests.dll" id="28402380-9c1f-1cf1-3069-1b4e9df61ce9">
      <Execution id="66a283e0-6649-42e6-92b0-b4ddc9f2dca1" />
      <TestMethod codeBase="C:\GitLab-Runner\builds\wr8MmWYb\0\LiveStats\LiveStats.Football\Source\Test\FunctionalTests\bin\Automation\net472\GeniusSports.LiveStats.Football.FunctionalTests.dll" adapterTypeName="executor://nunit3testexecutor/" className="GeniusSports.LiveStats.Football.FunctionalTests.Features.PitchScreen.ActionInserts.InsertGoalFeature" name="SelectTeamAndGoalTypeInGoalInsert(&quot;1&quot;,&quot;Other&quot;,null)" />
    </UnitTest>
    <UnitTest name="VarAvailableAfterCardSelection(&quot;1&quot;,&quot;Yellow&quot;,null)" storage="c:\gitlab-runner\builds\wr8mmwyb\0\livestats\livestats.football\source\test\functionaltests\bin\automation\net472\geniussports.livestats.football.functionaltests.dll" id="9f235108-1712-c227-3c20-9fae0f0cf672">
      <Execution id="80aa4394-99b8-4dae-a4fe-143b03df4496" />
      <TestMethod codeBase="C:\GitLab-Runner\builds\wr8MmWYb\0\LiveStats\LiveStats.Football\Source\Test\FunctionalTests\bin\Automation\net472\GeniusSports.LiveStats.Football.FunctionalTests.dll" adapterTypeName="executor://nunit3testexecutor/" className="GeniusSports.LiveStats.Football.FunctionalTests.Features.PitchScreen.VideoAssistantReferee.CardsVarRegistrationFeature" name="VarAvailableAfterCardSelection(&quot;1&quot;,&quot;Yellow&quot;,null)" />
    </UnitTest>
    <UnitTest name="InsertGoalKickAfterOrBeforeLastEvent(&quot;before&quot;,&quot;0025&quot;,&quot;00:25&quot;,&quot;1&quot;,&quot;2&quot;,&quot;left&quot;,null)" storage="c:\gitlab-runner\builds\wr8mmwyb\0\livestats\livestats.football\source\test\functionaltests\bin\automation\net472\geniussports.livestats.football.functionaltests.dll" id="c5cd8e8a-c12d-2b55-47ee-ad9dd0bffdd6">
      <Execution id="a138d23b-3d99-4cc6-adc8-ebdb42b2e0f4" />
      <TestMethod codeBase="C:\GitLab-Runner\builds\wr8MmWYb\0\LiveStats\LiveStats.Football\Source\Test\FunctionalTests\bin\Automation\net472\GeniusSports.LiveStats.Football.FunctionalTests.dll" adapterTypeName="executor://nunit3testexecutor/" className="GeniusSports.LiveStats.Football.FunctionalTests.Features.PitchScreen.ActionInserts.GoalKickInsertFeature" name="InsertGoalKickAfterOrBeforeLastEvent(&quot;before&quot;,&quot;0025&quot;,&quot;00:25&quot;,&quot;1&quot;,&quot;2&quot;,&quot;left&quot;,null)" />
    </UnitTest>
    <UnitTest name="GivenGameInProgressWithActiveAssCouch_WhenDeactivatingAssCouchWithNoData_ThenAssCouchDeactivated" storage="c:\gitlab-runner\builds\wr8mmwyb\0\livestats\livestats.football\source\test\functionaltests\bin\automation\net472\geniussports.livestats.football.functionaltests.dll" id="cbd1e7fd-5dbf-bad2-6fb6-d3dacfbd496e">
      <Execution id="ba8c45f3-8dbe-4434-b79b-ecb13b641220" />
      <TestMethod codeBase="C:\GitLab-Runner\builds\wr8MmWYb\0\LiveStats\LiveStats.Football\Source\Test\FunctionalTests\bin\Automation\net472\GeniusSports.LiveStats.Football.FunctionalTests.dll" adapterTypeName="executor://nunit3testexecutor/" className="GeniusSports.LiveStats.Football.FunctionalTests.Tests.GameSetup.EditGameSetupTests" name="GivenGameInProgressWithActiveAssCouch_WhenDeactivatingAssCouchWithNoData_ThenAssCouchDeactivated" />
    </UnitTest>
    <UnitTest name="GivenShotStarted_WhenSelectingShotWithNonBlockType_ThenSavePrompted(OffTarget)" storage="c:\gitlab-runner\builds\wr8mmwyb\0\livestats\livestats.football\source\test\functionaltests\bin\automation\net472\geniussports.livestats.football.functionaltests.dll" id="4a12e0c6-615e-d8dd-1e98-14db8b295a95">
      <Execution id="5591729c-77e9-42a8-82fa-63997c7a4c48" />
      <TestMethod codeBase="C:\GitLab-Runner\builds\wr8MmWYb\0\LiveStats\LiveStats.Football\Source\Test\FunctionalTests\bin\Automation\net472\GeniusSports.LiveStats.Football.FunctionalTests.dll" adapterTypeName="executor://nunit3testexecutor/" className="GeniusSports.LiveStats.Football.FunctionalTests.Tests.PitchScreen.ActionRegistration.ShotRegistrationTests" name="GivenShotStarted_WhenSelectingShotWithNonBlockType_ThenSavePrompted(OffTarget)" />
    </UnitTest>
    <UnitTest name="CannotProceedWithoutBlankMandatoryFields(&quot;1&quot;,&quot;short name&quot;,&quot;Team's short name is required&quot;,null)" storage="c:\gitlab-runner\builds\wr8mmwyb\0\livestats\livestats.football\source\test\functionaltests\bin\automation\net472\geniussports.livestats.football.functionaltests.dll" id="7fc58d88-6f58-3682-efab-bea92e06341a">
      <Execution id="5b864fb0-9199-41c7-a3ce-eba665a3ea1f" />
      <TestMethod codeBase="C:\GitLab-Runner\builds\wr8MmWYb\0\LiveStats\LiveStats.Football\Source\Test\FunctionalTests\bin\Automation\net472\GeniusSports.LiveStats.Football.FunctionalTests.dll" adapterTypeName="executor://nunit3testexecutor/" className="GeniusSports.LiveStats.Football.FunctionalTests.Features.GameSetup.TeamsFeature" name="CannotProceedWithoutBlankMandatoryFields(&quot;1&quot;,&quot;short name&quot;,&quot;Team's short name is required&quot;,null)" />
    </UnitTest>
    <UnitTest name="InsertPenaltyAfterReasonWithVAROverturned" storage="c:\gitlab-runner\builds\wr8mmwyb\0\livestats\livestats.football\source\test\functionaltests\bin\automation\net472\geniussports.livestats.football.functionaltests.dll" id="6e575553-df8e-7c0b-989c-9ec81c179c2c">
      <Execution id="8db153c8-0eb5-44f0-b6ff-1915df9dfe5c" />
      <TestMethod codeBase="C:\GitLab-Runner\builds\wr8MmWYb\0\LiveStats\LiveStats.Football\Source\Test\FunctionalTests\bin\Automation\net472\GeniusSports.LiveStats.Football.FunctionalTests.dll" adapterTypeName="executor://nunit3testexecutor/" className="GeniusSports.LiveStats.Football.FunctionalTests.Features.PitchScreen.ActionInserts.PenaltyInsertFeature" name="InsertPenaltyAfterReasonWithVAROverturned" />
    </UnitTest>
    <UnitTest name="GivenFiltersSelected_WhenDeselectingFiltersFromSide_ThenShowCorrectFilteredItems" storage="c:\gitlab-runner\builds\wr8mmwyb\0\livestats\livestats.football\source\test\functionaltests\bin\automation\net472\geniussports.livestats.football.functionaltests.dll" id="5870dfb3-c080-3094-24b8-1b166777ab3f">
      <Execution id="f0392b28-a9b3-40d0-ab9a-5f5a18949209" />
      <TestMethod codeBase="C:\GitLab-Runner\builds\wr8MmWYb\0\LiveStats\LiveStats.Football\Source\Test\FunctionalTests\bin\Automation\net472\GeniusSports.LiveStats.Football.FunctionalTests.dll" adapterTypeName="executor://nunit3testexecutor/" className="GeniusSports.LiveStats.Football.FunctionalTests.Tests.PitchScreen.Filters.ShotFilterTests" name="GivenFiltersSelected_WhenDeselectingFiltersFromSide_ThenShowCorrectFilteredItems" />
    </UnitTest>
    <UnitTest name="EmptyOrInvalidMatchKeyIsRejected(&quot;&quot;,null)" storage="c:\gitlab-runner\builds\wr8mmwyb\0\livestats\livestats.football\source\test\functionaltests\bin\automation\net472\geniussports.livestats.football.functionaltests.dll" id="fe64d621-dcff-6d81-182c-eb8346a5f723">
      <Execution id="abf93cd8-feb9-44c7-9832-3b29ff3d924f" />
      <TestMethod codeBase="C:\GitLab-Runner\builds\wr8MmWYb\0\LiveStats\LiveStats.Football\Source\Test\FunctionalTests\bin\Automation\net472\GeniusSports.LiveStats.Football.FunctionalTests.dll" adapterTypeName="executor://nunit3testexecutor/" className="GeniusSports.LiveStats.Football.FunctionalTests.Features.GameSetup.LoadGameUsingMatchKeyFeature" name="EmptyOrInvalidMatchKeyIsRejected(&quot;&quot;,null)" />
    </UnitTest>
    <UnitTest name="InsertOnTargetShotBeforeLastAction" storage="c:\gitlab-runner\builds\wr8mmwyb\0\livestats\livestats.football\source\test\functionaltests\bin\automation\net472\geniussports.livestats.football.functionaltests.dll" id="2b98ef9d-aa4a-c188-6ab4-dd30f98640fe">
      <Execution id="6130fc3b-6d2f-487c-bad7-9c15b8ba80f5" />
      <TestMethod codeBase="C:\GitLab-Runner\builds\wr8MmWYb\0\LiveStats\LiveStats.Football\Source\Test\FunctionalTests\bin\Automation\net472\GeniusSports.LiveStats.Football.FunctionalTests.dll" adapterTypeName="executor://nunit3testexecutor/" className="GeniusSports.LiveStats.Football.FunctionalTests.Features.PitchScreen.ActionInserts.ShotInsertFeature" name="InsertOnTargetShotBeforeLastAction" />
    </UnitTest>
    <UnitTest name="GivenActionRegistered_WhenDeletingFromActionLog_ThenDeleted(Penalty)" storage="c:\gitlab-runner\builds\wr8mmwyb\0\livestats\livestats.football\source\test\functionaltests\bin\automation\net472\geniussports.livestats.football.functionaltests.dll" id="568a5fb7-d3e0-2f1b-9d2d-dade0008626b">
      <Execution id="0d7b747f-06a1-49e3-9d81-7291ac6fea65" />
      <TestMethod codeBase="C:\GitLab-Runner\builds\wr8MmWYb\0\LiveStats\LiveStats.Football\Source\Test\FunctionalTests\bin\Automation\net472\GeniusSports.LiveStats.Football.FunctionalTests.dll" adapterTypeName="executor://nunit3testexecutor/" className="GeniusSports.LiveStats.Football.FunctionalTests.Tests.PitchScreen.ActionDeletes.GameActionDeleteTests" name="GivenActionRegistered_WhenDeletingFromActionLog_ThenDeleted(Penalty)" />
    </UnitTest>
    <UnitTest name="NoOnVAROnSecondStepOfRecordCardWorkflow(&quot;2&quot;,&quot;Red&quot;,null)" storage="c:\gitlab-runner\builds\wr8mmwyb\0\livestats\livestats.football\source\test\functionaltests\bin\automation\net472\geniussports.livestats.football.functionaltests.dll" id="73070904-8e4b-bee6-8735-a554724cb62d">
      <Execution id="d6c62b5f-b0f4-4661-8763-31a6da390fcf" />
      <TestMethod codeBase="C:\GitLab-Runner\builds\wr8MmWYb\0\LiveStats\LiveStats.Football\Source\Test\FunctionalTests\bin\Automation\net472\GeniusSports.LiveStats.Football.FunctionalTests.dll" adapterTypeName="executor://nunit3testexecutor/" className="GeniusSports.LiveStats.Football.FunctionalTests.Features.PitchScreen.VideoAssistantReferee.CardsVarRegistrationFeature" name="NoOnVAROnSecondStepOfRecordCardWorkflow(&quot;2&quot;,&quot;Red&quot;,null)" />
    </UnitTest>
    <UnitTest name="NoOnVarOnFirstStepOfRecordCardWorkflow(&quot;1&quot;,&quot;Yellow&quot;,null)" storage="c:\gitlab-runner\builds\wr8mmwyb\0\livestats\livestats.football\source\test\functionaltests\bin\automation\net472\geniussports.livestats.football.functionaltests.dll" id="4da5b30a-93f0-c040-5cd4-6b36c18a1e35">
      <Execution id="712f5ffa-f5ff-4835-85da-7f48bf533c75" />
      <TestMethod codeBase="C:\GitLab-Runner\builds\wr8MmWYb\0\LiveStats\LiveStats.Football\Source\Test\FunctionalTests\bin\Automation\net472\GeniusSports.LiveStats.Football.FunctionalTests.dll" adapterTypeName="executor://nunit3testexecutor/" className="GeniusSports.LiveStats.Football.FunctionalTests.Features.PitchScreen.VideoAssistantReferee.CardsVarRegistrationFeature" name="NoOnVarOnFirstStepOfRecordCardWorkflow(&quot;1&quot;,&quot;Yellow&quot;,null)" />
    </UnitTest>
    <UnitTest name="StartGoalFromFreeKickWorkflow(&quot;taken&quot;,&quot;2&quot;,&quot;1&quot;,&quot;0&quot;,null)" storage="c:\gitlab-runner\builds\wr8mmwyb\0\livestats\livestats.football\source\test\functionaltests\bin\automation\net472\geniussports.livestats.football.functionaltests.dll" id="f03ab956-1d7e-5115-088d-1f3aa08c6797">
      <Execution id="1dbd4f57-adad-46b4-bd82-cd7aafe10d38" />
      <TestMethod codeBase="C:\GitLab-Runner\builds\wr8MmWYb\0\LiveStats\LiveStats.Football\Source\Test\FunctionalTests\bin\Automation\net472\GeniusSports.LiveStats.Football.FunctionalTests.dll" adapterTypeName="executor://nunit3testexecutor/" className="GeniusSports.LiveStats.Football.FunctionalTests.Features.PitchScreen.ActionRegistration.GoalRegistrationFromFreeKickFeature" name="StartGoalFromFreeKickWorkflow(&quot;taken&quot;,&quot;2&quot;,&quot;1&quot;,&quot;0&quot;,null)" />
    </UnitTest>
    <UnitTest name="StaffFiltersNotShowItemsThatAreNotRelatedWithStaff" storage="c:\gitlab-runner\builds\wr8mmwyb\0\livestats\livestats.football\source\test\functionaltests\bin\automation\net472\geniussports.livestats.football.functionaltests.dll" id="43096a15-c0cc-69f8-22c3-d5e23247a6f4">
      <Execution id="596640ee-a926-4067-909a-d32b37eed955" />
      <TestMethod codeBase="C:\GitLab-Runner\builds\wr8MmWYb\0\LiveStats\LiveStats.Football\Source\Test\FunctionalTests\bin\Automation\net472\GeniusSports.LiveStats.Football.FunctionalTests.dll" adapterTypeName="executor://nunit3testexecutor/" className="GeniusSports.LiveStats.Football.FunctionalTests.Features.PitchScreen.Filters.StaffFilterFeature" name="StaffFiltersNotShowItemsThatAreNotRelatedWithStaff" />
    </UnitTest>
    <UnitTest name="ShotWorkflowCanBeStartedDuringAnyFreeKickWorkflowStep(&quot;reason&quot;,&quot;2&quot;,null)" storage="c:\gitlab-runner\builds\wr8mmwyb\0\livestats\livestats.football\source\test\functionaltests\bin\automation\net472\geniussports.livestats.football.functionaltests.dll" id="7d781c54-ceca-9077-07cb-a72bdd42239c">
      <Execution id="2ecc3abe-5f26-4e82-a277-f7ae541aaef2" />
      <TestMethod codeBase="C:\GitLab-Runner\builds\wr8MmWYb\0\LiveStats\LiveStats.Football\Source\Test\FunctionalTests\bin\Automation\net472\GeniusSports.LiveStats.Football.FunctionalTests.dll" adapterTypeName="executor://nunit3testexecutor/" className="GeniusSports.LiveStats.Football.FunctionalTests.Features.PitchScreen.ActionRegistration.ShotRegistrationFromFreeKickFeature" name="ShotWorkflowCanBeStartedDuringAnyFreeKickWorkflowStep(&quot;reason&quot;,&quot;2&quot;,null)" />
    </UnitTest>
    <UnitTest name="GivenPsoStartDeleted_WhenStartingPso_ThenPsoStarted" storage="c:\gitlab-runner\builds\wr8mmwyb\0\livestats\livestats.football\source\test\functionaltests\bin\automation\net472\geniussports.livestats.football.functionaltests.dll" id="9d2cc440-14b0-6094-fcb6-c449f930cafd">
      <Execution id="e67eaa9b-4bbd-4dec-ba68-86cd9b93d7c8" />
      <TestMethod codeBase="C:\GitLab-Runner\builds\wr8MmWYb\0\LiveStats\LiveStats.Football\Source\Test\FunctionalTests\bin\Automation\net472\GeniusSports.LiveStats.Football.FunctionalTests.dll" adapterTypeName="executor://nunit3testexecutor/" className="GeniusSports.LiveStats.Football.FunctionalTests.Tests.PitchScreen.ActionDeletes.KickOffsDeleteTests" name="GivenPsoStartDeleted_WhenStartingPso_ThenPsoStarted" />
    </UnitTest>
    <UnitTest name="FootballSelectVarReason(&quot;Offence&quot;,null)" storage="c:\gitlab-runner\builds\wr8mmwyb\0\livestats\livestats.football\source\test\functionaltests\bin\automation\net472\geniussports.livestats.football.functionaltests.dll" id="37a24c4f-568d-b131-2d71-092e478c4744">
      <Execution id="8f59dec2-ab15-4b74-a432-b86ffc9c16f5" />
      <TestMethod codeBase="C:\GitLab-Runner\builds\wr8MmWYb\0\LiveStats\LiveStats.Football\Source\Test\FunctionalTests\bin\Automation\net472\GeniusSports.LiveStats.Football.FunctionalTests.dll" adapterTypeName="executor://nunit3testexecutor/" className="GeniusSports.LiveStats.Football.FunctionalTests.Features.PitchScreen.ActionEdits.GoalEditFeature" name="FootballSelectVarReason(&quot;Offence&quot;,null)" />
    </UnitTest>
    <UnitTest name="EditPlayerInjuryDuringWorkflowFromExpandedActionLog" storage="c:\gitlab-runner\builds\wr8mmwyb\0\livestats\livestats.football\source\test\functionaltests\bin\automation\net472\geniussports.livestats.football.functionaltests.dll" id="925f92c7-47fd-6099-9180-bd8ef9d29bf3">
      <Execution id="f48ad646-56ea-4480-911c-44c43d11509f" />
      <TestMethod codeBase="C:\GitLab-Runner\builds\wr8MmWYb\0\LiveStats\LiveStats.Football\Source\Test\FunctionalTests\bin\Automation\net472\GeniusSports.LiveStats.Football.FunctionalTests.dll" adapterTypeName="executor://nunit3testexecutor/" className="GeniusSports.LiveStats.Football.FunctionalTests.Features.PitchScreen.ActionEdits.EditsPossibleDuringOtherWorkflowsFeature" name="EditPlayerInjuryDuringWorkflowFromExpandedActionLog" />
    </UnitTest>
    <UnitTest name="FootballFinishPenaltyShot_OffMissWorkflow(&quot;2&quot;,&quot;1&quot;,&quot;Save&quot;,&quot;10&quot;,&quot;50&quot;,&quot;8&quot;,&quot;11&quot;,null)" storage="c:\gitlab-runner\builds\wr8mmwyb\0\livestats\livestats.football\source\test\functionaltests\bin\automation\net472\geniussports.livestats.football.functionaltests.dll" id="a9e8d053-b83b-df7a-3c91-eded390ff92e">
      <Execution id="d019b309-5ea9-4131-89ae-7bd7d36c2f4c" />
      <TestMethod codeBase="C:\GitLab-Runner\builds\wr8MmWYb\0\LiveStats\LiveStats.Football\Source\Test\FunctionalTests\bin\Automation\net472\GeniusSports.LiveStats.Football.FunctionalTests.dll" adapterTypeName="executor://nunit3testexecutor/" className="GeniusSports.LiveStats.Football.FunctionalTests.Features.PitchScreen.ActionRegistration.PenaltyRegistrationFeature" name="FootballFinishPenaltyShot_OffMissWorkflow(&quot;2&quot;,&quot;1&quot;,&quot;Save&quot;,&quot;10&quot;,&quot;50&quot;,&quot;8&quot;,&quot;11&quot;,null)" />
    </UnitTest>
    <UnitTest name="GivenCouchEjectedByCard_WhenRecordingYellow_ThenCouchIsDisabled(SecondYellow)" storage="c:\gitlab-runner\builds\wr8mmwyb\0\livestats\livestats.football\source\test\functionaltests\bin\automation\net472\geniussports.livestats.football.functionaltests.dll" id="9b9a17e0-0471-5a05-27a8-56046193c8be">
      <Execution id="6b910de4-df35-45b0-ae7c-131cfe9ad547" />
      <TestMethod codeBase="C:\GitLab-Runner\builds\wr8MmWYb\0\LiveStats\LiveStats.Football\Source\Test\FunctionalTests\bin\Automation\net472\GeniusSports.LiveStats.Football.FunctionalTests.dll" adapterTypeName="executor://nunit3testexecutor/" className="GeniusSports.LiveStats.Football.FunctionalTests.Tests.PitchScreen.ActionRegistration.CardRegistrationTests" name="GivenCouchEjectedByCard_WhenRecordingYellow_ThenCouchIsDisabled(SecondYellow)" />
    </UnitTest>
    <UnitTest name="ShotActionCanBeUnflagged" storage="c:\gitlab-runner\builds\wr8mmwyb\0\livestats\livestats.football\source\test\functionaltests\bin\automation\net472\geniussports.livestats.football.functionaltests.dll" id="9a03c6f5-c08c-ceff-81af-c1112c7f3c16">
      <Execution id="1b305ecb-71d1-4c0f-9f7b-d167e45dc4f4" />
      <TestMethod codeBase="C:\GitLab-Runner\builds\wr8MmWYb\0\LiveStats\LiveStats.Football\Source\Test\FunctionalTests\bin\Automation\net472\GeniusSports.LiveStats.Football.FunctionalTests.dll" adapterTypeName="executor://nunit3testexecutor/" className="GeniusSports.LiveStats.Football.FunctionalTests.Features.PitchScreen.Flagging.AddManualFlagFeature" name="ShotActionCanBeUnflagged" />
    </UnitTest>
    <UnitTest name="GivenGameInProgress_WhenRegisteringShotOnMiss_ThenUpdatesGameState(2,10,50,13,8)" storage="c:\gitlab-runner\builds\wr8mmwyb\0\livestats\livestats.football\source\test\functionaltests\bin\automation\net472\geniussports.livestats.football.functionaltests.dll" id="b51257bb-fe5b-ad83-89d5-fb56b614e7c2">
      <Execution id="fcf14106-cb90-436e-bd15-5af62cd67869" />
      <TestMethod codeBase="C:\GitLab-Runner\builds\wr8MmWYb\0\LiveStats\LiveStats.Football\Source\Test\FunctionalTests\bin\Automation\net472\GeniusSports.LiveStats.Football.FunctionalTests.dll" adapterTypeName="executor://nunit3testexecutor/" className="GeniusSports.LiveStats.Football.FunctionalTests.Tests.PitchScreen.ActionRegistration.PenaltyRegistrationTests" name="GivenGameInProgress_WhenRegisteringShotOnMiss_ThenUpdatesGameState(2,10,50,13,8)" />
    </UnitTest>
    <UnitTest name="GoalKickWithoutFromLocationCannotBeInserted" storage="c:\gitlab-runner\builds\wr8mmwyb\0\livestats\livestats.football\source\test\functionaltests\bin\automation\net472\geniussports.livestats.football.functionaltests.dll" id="9df32449-564b-0ce9-0e63-c308b1a26b74">
      <Execution id="ecdf1b7c-d362-4244-91e6-e9cc0109e125" />
      <TestMethod codeBase="C:\GitLab-Runner\builds\wr8MmWYb\0\LiveStats\LiveStats.Football\Source\Test\FunctionalTests\bin\Automation\net472\GeniusSports.LiveStats.Football.FunctionalTests.dll" adapterTypeName="executor://nunit3testexecutor/" className="GeniusSports.LiveStats.Football.FunctionalTests.Features.PitchScreen.ActionInserts.GoalKickInsertFeature" name="GoalKickWithoutFromLocationCannotBeInserted" />
    </UnitTest>
    <UnitTest name="GivenGameWithShotsRegistered_WhenSelectingTwoShotFilters_ThenShowsOnlySelectedShots" storage="c:\gitlab-runner\builds\wr8mmwyb\0\livestats\livestats.football\source\test\functionaltests\bin\automation\net472\geniussports.livestats.football.functionaltests.dll" id="4977991a-bb22-6509-0851-eef7c98ce406">
      <Execution id="b408dad0-5bd3-487d-8086-ebeac317a014" />
      <TestMethod codeBase="C:\GitLab-Runner\builds\wr8MmWYb\0\LiveStats\LiveStats.Football\Source\Test\FunctionalTests\bin\Automation\net472\GeniusSports.LiveStats.Football.FunctionalTests.dll" adapterTypeName="executor://nunit3testexecutor/" className="GeniusSports.LiveStats.Football.FunctionalTests.Tests.PitchScreen.Filters.ShotFilterTests" name="GivenGameWithShotsRegistered_WhenSelectingTwoShotFilters_ThenShowsOnlySelectedShots" />
    </UnitTest>
    <UnitTest name="OpenCornerForEdit" storage="c:\gitlab-runner\builds\wr8mmwyb\0\livestats\livestats.football\source\test\functionaltests\bin\automation\net472\geniussports.livestats.football.functionaltests.dll" id="6be0df20-5ee7-8efb-9d0e-0b3b85da85f3">
      <Execution id="fad66819-d293-442c-bf77-11a7cb68acde" />
      <TestMethod codeBase="C:\GitLab-Runner\builds\wr8MmWYb\0\LiveStats\LiveStats.Football\Source\Test\FunctionalTests\bin\Automation\net472\GeniusSports.LiveStats.Football.FunctionalTests.dll" adapterTypeName="executor://nunit3testexecutor/" className="GeniusSports.LiveStats.Football.FunctionalTests.Features.PitchScreen.ActionEdits.CornerEditFeature" name="OpenCornerForEdit" />
    </UnitTest>
    <UnitTest name="GivenPsoKickEditOpened_WhenEditingShotLocation_ThenShotLocationUpdatedInEdit" storage="c:\gitlab-runner\builds\wr8mmwyb\0\livestats\livestats.football\source\test\functionaltests\bin\automation\net472\geniussports.livestats.football.functionaltests.dll" id="3f40c314-6f32-7fd6-0c77-ac727e1ca0f1">
      <Execution id="d0e51274-57d6-4be1-bd57-34e381423337" />
      <TestMethod codeBase="C:\GitLab-Runner\builds\wr8MmWYb\0\LiveStats\LiveStats.Football\Source\Test\FunctionalTests\bin\Automation\net472\GeniusSports.LiveStats.Football.FunctionalTests.dll" adapterTypeName="executor://nunit3testexecutor/" className="GeniusSports.LiveStats.Football.FunctionalTests.Tests.PitchScreen.ActionEdits.PenaltyShootoutEditTests" name="GivenPsoKickEditOpened_WhenEditingShotLocation_ThenShotLocationUpdatedInEdit" />
    </UnitTest>
    <UnitTest name="GivenFiltersActive_WhenEditingItemToNotMatchFilter_ThenFilterResultIsUpdated" storage="c:\gitlab-runner\builds\wr8mmwyb\0\livestats\livestats.football\source\test\functionaltests\bin\automation\net472\geniussports.livestats.football.functionaltests.dll" id="669da7e5-1046-822b-2e2e-aed378031119">
      <Execution id="f1baf35b-d70b-4ba3-a1b7-8d34326e82b6" />
      <TestMethod codeBase="C:\GitLab-Runner\builds\wr8MmWYb\0\LiveStats\LiveStats.Football\Source\Test\FunctionalTests\bin\Automation\net472\GeniusSports.LiveStats.Football.FunctionalTests.dll" adapterTypeName="executor://nunit3testexecutor/" className="GeniusSports.LiveStats.Football.FunctionalTests.Tests.PitchScreen.Filters.ActionTypesFiltersTests" name="GivenFiltersActive_WhenEditingItemToNotMatchFilter_ThenFilterResultIsUpdated" />
    </UnitTest>
    <UnitTest name="GivenBenchHasCards_WhenUsingFiltersForCoaches_ThenCorrectItemsReturned" storage="c:\gitlab-runner\builds\wr8mmwyb\0\livestats\livestats.football\source\test\functionaltests\bin\automation\net472\geniussports.livestats.football.functionaltests.dll" id="753e3bea-35f3-6647-e866-9d6153b1c19d">
      <Execution id="fbf95667-c3da-4f1e-b54f-9ce6d3a7987c" />
      <TestMethod codeBase="C:\GitLab-Runner\builds\wr8MmWYb\0\LiveStats\LiveStats.Football\Source\Test\FunctionalTests\bin\Automation\net472\GeniusSports.LiveStats.Football.FunctionalTests.dll" adapterTypeName="executor://nunit3testexecutor/" className="GeniusSports.LiveStats.Football.FunctionalTests.Tests.PitchScreen.Filters.PlayerFilterTests" name="GivenBenchHasCards_WhenUsingFiltersForCoaches_ThenCorrectItemsReturned" />
    </UnitTest>
    <UnitTest name="GoalKickActionCanBeUnflagged" storage="c:\gitlab-runner\builds\wr8mmwyb\0\livestats\livestats.football\source\test\functionaltests\bin\automation\net472\geniussports.livestats.football.functionaltests.dll" id="a8c8f60c-43b3-4f31-fd52-e133af690153">
      <Execution id="9dc29eee-bbe3-4974-87b4-95a22ef55ffc" />
      <TestMethod codeBase="C:\GitLab-Runner\builds\wr8MmWYb\0\LiveStats\LiveStats.Football\Source\Test\FunctionalTests\bin\Automation\net472\GeniusSports.LiveStats.Football.FunctionalTests.dll" adapterTypeName="executor://nunit3testexecutor/" className="GeniusSports.LiveStats.Football.FunctionalTests.Features.PitchScreen.Flagging.AddManualFlagFeature" name="GoalKickActionCanBeUnflagged" />
    </UnitTest>
    <UnitTest name="GivenSecondExtraHalfEndedAndCardFiled_WhenOpeningExpandedLog_LatestPhaseEndIsNotDeletableInLog" storage="c:\gitlab-runner\builds\wr8mmwyb\0\livestats\livestats.football\source\test\functionaltests\bin\automation\net472\geniussports.livestats.football.functionaltests.dll" id="be65bb04-5f6d-b069-aaf9-354e861bc208">
      <Execution id="f51bdb0e-4203-4f25-a359-ca339b63a61d" />
      <TestMethod codeBase="C:\GitLab-Runner\builds\wr8MmWYb\0\LiveStats\LiveStats.Football\Source\Test\FunctionalTests\bin\Automation\net472\GeniusSports.LiveStats.Football.FunctionalTests.dll" adapterTypeName="executor://nunit3testexecutor/" className="GeniusSports.LiveStats.Football.FunctionalTests.Tests.PitchScreen.ActionDeletes.PeriodAndGameEndsDeleteTests" name="GivenSecondExtraHalfEndedAndCardFiled_WhenOpeningExpandedLog_LatestPhaseEndIsNotDeletableInLog" />
    </UnitTest>
    <UnitTest name="GivenGameInProgress_WhenPuttingCardOnHold_ThenSetsCardAsIncompleteAction(Red,1)" storage="c:\gitlab-runner\builds\wr8mmwyb\0\livestats\livestats.football\source\test\functionaltests\bin\automation\net472\geniussports.livestats.football.functionaltests.dll" id="7bea220f-3fbb-08e0-29a1-fc992a4c331f">
      <Execution id="ad7f41bd-10f0-4e85-999b-b9d8072618f7" />
      <TestMethod codeBase="C:\GitLab-Runner\builds\wr8MmWYb\0\LiveStats\LiveStats.Football\Source\Test\FunctionalTests\bin\Automation\net472\GeniusSports.LiveStats.Football.FunctionalTests.dll" adapterTypeName="executor://nunit3testexecutor/" className="GeniusSports.LiveStats.Football.FunctionalTests.Tests.PitchScreen.ActionRegistration.CardRegistrationTests" name="GivenGameInProgress_WhenPuttingCardOnHold_ThenSetsCardAsIncompleteAction(Red,1)" />
    </UnitTest>
    <UnitTest name="SelectPlayerForYellowCardAndYellowReasonsAreShown(&quot;Yellow&quot;,&quot;2nd Yellow&quot;,&quot;Unsporting&quot;,&quot;Dissent&quot;,&quot;Persistent Infringement&quot;,&quot;Time Wasting&quot;,&quot;Yellow Red&quot;,null)" storage="c:\gitlab-runner\builds\wr8mmwyb\0\livestats\livestats.football\source\test\functionaltests\bin\automation\net472\geniussports.livestats.football.functionaltests.dll" id="80de09ea-9a56-2aae-f6d0-c4b53a14a1a0">
      <Execution id="0fa95fbd-6178-498a-94b6-34150b9f445f" />
      <TestMethod codeBase="C:\GitLab-Runner\builds\wr8MmWYb\0\LiveStats\LiveStats.Football\Source\Test\FunctionalTests\bin\Automation\net472\GeniusSports.LiveStats.Football.FunctionalTests.dll" adapterTypeName="executor://nunit3testexecutor/" className="GeniusSports.LiveStats.Football.FunctionalTests.Features.PitchScreen.ActionRegistration.CardRegistrationFeature" name="SelectPlayerForYellowCardAndYellowReasonsAreShown(&quot;Yellow&quot;,&quot;2nd Yellow&quot;,&quot;Unsporting&quot;,&quot;Dissent&quot;,&quot;Persistent Infringement&quot;,&quot;Time Wasting&quot;,&quot;Yellow Red&quot;,null)" />
    </UnitTest>
    <UnitTest name="GivenGameDelay_WhenCancelingByDropDownOption_ThenDelayCanceled" storage="c:\gitlab-runner\builds\wr8mmwyb\0\livestats\livestats.football\source\test\functionaltests\bin\automation\net472\geniussports.livestats.football.functionaltests.dll" id="6be7179b-c90f-ef30-55a7-f3bdf629afa9">
      <Execution id="7c3b2627-638b-4886-ac65-eba3b3b969d2" />
      <TestMethod codeBase="C:\GitLab-Runner\builds\wr8MmWYb\0\LiveStats\LiveStats.Football\Source\Test\FunctionalTests\bin\Automation\net472\GeniusSports.LiveStats.Football.FunctionalTests.dll" adapterTypeName="executor://nunit3testexecutor/" className="GeniusSports.LiveStats.Football.FunctionalTests.Tests.PitchScreen.GameMessages.GameDelayTests" name="GivenGameDelay_WhenCancelingByDropDownOption_ThenDelayCanceled" />
    </UnitTest>
    <UnitTest name="GivenGameInProgress_WhenPitchIsClicked_ThenCorrespondingDangerZoneHighlights(20,50,0)" storage="c:\gitlab-runner\builds\wr8mmwyb\0\livestats\livestats.football\source\test\functionaltests\bin\automation\net472\geniussports.livestats.football.functionaltests.dll" id="37a9cb03-b295-1171-ed55-730c9514d1d7">
      <Execution id="48fe00a9-4465-4e63-ac27-c8d8d6263412" />
      <TestMethod codeBase="C:\GitLab-Runner\builds\wr8MmWYb\0\LiveStats\LiveStats.Football\Source\Test\FunctionalTests\bin\Automation\net472\GeniusSports.LiveStats.Football.FunctionalTests.dll" adapterTypeName="executor://nunit3testexecutor/" className="GeniusSports.LiveStats.Football.FunctionalTests.Tests.PitchScreen.DangerZoneTests" name="GivenGameInProgress_WhenPitchIsClicked_ThenCorrespondingDangerZoneHighlights(20,50,0)" />
    </UnitTest>
    <UnitTest name="GivenGameWithGoalKickInFirstHalf_WhenEditingGoalKickWhileInSecondHalf_ThenCanSaveData" storage="c:\gitlab-runner\builds\wr8mmwyb\0\livestats\livestats.football\source\test\functionaltests\bin\automation\net472\geniussports.livestats.football.functionaltests.dll" id="b87348ee-9f7a-741e-afac-ef15bd84e9b4">
      <Execution id="beea9ef9-40a8-4625-8919-22d84c93c05a" />
      <TestMethod codeBase="C:\GitLab-Runner\builds\wr8MmWYb\0\LiveStats\LiveStats.Football\Source\Test\FunctionalTests\bin\Automation\net472\GeniusSports.LiveStats.Football.FunctionalTests.dll" adapterTypeName="executor://nunit3testexecutor/" className="GeniusSports.LiveStats.Football.FunctionalTests.Tests.PitchScreen.ActionEdits.GoalKickEditTests" name="GivenGameWithGoalKickInFirstHalf_WhenEditingGoalKickWhileInSecondHalf_ThenCanSaveData" />
    </UnitTest>
    <UnitTest name="FlaggedFilterDoesNotShowItemsThatAreNotFlagged" storage="c:\gitlab-runner\builds\wr8mmwyb\0\livestats\livestats.football\source\test\functionaltests\bin\automation\net472\geniussports.livestats.football.functionaltests.dll" id="ca16625d-eb92-64b7-3952-e8f31978169a">
      <Execution id="1169bdd9-338b-42e9-bb48-dede6d66119d" />
      <TestMethod codeBase="C:\GitLab-Runner\builds\wr8MmWYb\0\LiveStats\LiveStats.Football\Source\Test\FunctionalTests\bin\Automation\net472\GeniusSports.LiveStats.Football.FunctionalTests.dll" adapterTypeName="executor://nunit3testexecutor/" className="GeniusSports.LiveStats.Football.FunctionalTests.Features.PitchScreen.Filters.FlaggedFilterFeature" name="FlaggedFilterDoesNotShowItemsThatAreNotFlagged" />
    </UnitTest>
    <UnitTest name="InsertShotOnPenaltyWithFoulReasonAfterOrBeforeLastEvent(&quot;after&quot;,&quot;1&quot;,&quot;2&quot;,&quot;0035&quot;,&quot;0036&quot;,&quot;00:35&quot;,&quot;00:36&quot;,&quot;2&quot;,&quot;3&quot;,&quot;1&quot;,null)" storage="c:\gitlab-runner\builds\wr8mmwyb\0\livestats\livestats.football\source\test\functionaltests\bin\automation\net472\geniussports.livestats.football.functionaltests.dll" id="3e789a91-c151-b4bf-1dcf-0295463f6c3d">
      <Execution id="650d12a6-73ab-4474-a5a1-fc23ca8a49e8" />
      <TestMethod codeBase="C:\GitLab-Runner\builds\wr8MmWYb\0\LiveStats\LiveStats.Football\Source\Test\FunctionalTests\bin\Automation\net472\GeniusSports.LiveStats.Football.FunctionalTests.dll" adapterTypeName="executor://nunit3testexecutor/" className="GeniusSports.LiveStats.Football.FunctionalTests.Features.PitchScreen.ActionInserts.PenaltyInsertFeature" name="InsertShotOnPenaltyWithFoulReasonAfterOrBeforeLastEvent(&quot;after&quot;,&quot;1&quot;,&quot;2&quot;,&quot;0035&quot;,&quot;0036&quot;,&quot;00:35&quot;,&quot;00:36&quot;,&quot;2&quot;,&quot;3&quot;,&quot;1&quot;,null)" />
    </UnitTest>
    <UnitTest name="CardFiltersCanBeDeselectedFromTopFilters" storage="c:\gitlab-runner\builds\wr8mmwyb\0\livestats\livestats.football\source\test\functionaltests\bin\automation\net472\geniussports.livestats.football.functionaltests.dll" id="7557ea97-c212-d2e0-6f82-6033a7c43fab">
      <Execution id="8e76bb91-15c9-4df4-9173-c97f9bf5c28a" />
      <TestMethod codeBase="C:\GitLab-Runner\builds\wr8MmWYb\0\LiveStats\LiveStats.Football\Source\Test\FunctionalTests\bin\Automation\net472\GeniusSports.LiveStats.Football.FunctionalTests.dll" adapterTypeName="executor://nunit3testexecutor/" className="GeniusSports.LiveStats.Football.FunctionalTests.Features.PitchScreen.Filters.CardsFilterFeature" name="CardFiltersCanBeDeselectedFromTopFilters" />
    </UnitTest>
    <UnitTest name="CanOpenExpandedActionLogDuringFreeKickWorkflow" storage="c:\gitlab-runner\builds\wr8mmwyb\0\livestats\livestats.football\source\test\functionaltests\bin\automation\net472\geniussports.livestats.football.functionaltests.dll" id="bd42a8a7-76b8-0146-51c7-301b8b8c93a9">
      <Execution id="07289e1e-a6a0-476e-ad86-7b83b42b95c8" />
      <TestMethod codeBase="C:\GitLab-Runner\builds\wr8MmWYb\0\LiveStats\LiveStats.Football\Source\Test\FunctionalTests\bin\Automation\net472\GeniusSports.LiveStats.Football.FunctionalTests.dll" adapterTypeName="executor://nunit3testexecutor/" className="GeniusSports.LiveStats.Football.FunctionalTests.Features.PitchScreen.ActionRegistration.ActionsDuringWorkflowsFeature" name="CanOpenExpandedActionLogDuringFreeKickWorkflow" />
    </UnitTest>
    <UnitTest name="OpenAddedTimeAdded" storage="c:\gitlab-runner\builds\wr8mmwyb\0\livestats\livestats.football\source\test\functionaltests\bin\automation\net472\geniussports.livestats.football.functionaltests.dll" id="9b4206bd-7900-2ee0-29c0-9dde7834f5d2">
      <Execution id="3c5f92a0-bfc3-4529-b213-1b801d468404" />
      <TestMethod codeBase="C:\GitLab-Runner\builds\wr8MmWYb\0\LiveStats\LiveStats.Football\Source\Test\FunctionalTests\bin\Automation\net472\GeniusSports.LiveStats.Football.FunctionalTests.dll" adapterTypeName="executor://nunit3testexecutor/" className="GeniusSports.LiveStats.Football.FunctionalTests.Features.PitchScreen.ActionEdits.EditAddedTimeFeature" name="OpenAddedTimeAdded" />
    </UnitTest>
    <UnitTest name="GivenGameGoalStarted_WhenSelectingPlayer_ThenActionUpdated(2,1)" storage="c:\gitlab-runner\builds\wr8mmwyb\0\livestats\livestats.football\source\test\functionaltests\bin\automation\net472\geniussports.livestats.football.functionaltests.dll" id="21674827-1e6f-7aa3-7884-8284165c4572">
      <Execution id="b518611c-b098-46fb-b893-f40b391eae38" />
      <TestMethod codeBase="C:\GitLab-Runner\builds\wr8MmWYb\0\LiveStats\LiveStats.Football\Source\Test\FunctionalTests\bin\Automation\net472\GeniusSports.LiveStats.Football.FunctionalTests.dll" adapterTypeName="executor://nunit3testexecutor/" className="GeniusSports.LiveStats.Football.FunctionalTests.Tests.PitchScreen.ActionRegistration.GoalRegistrationTests" name="GivenGameGoalStarted_WhenSelectingPlayer_ThenActionUpdated(2,1)" />
    </UnitTest>
    <UnitTest name="When1TeamIsGoingToWinForSureTableFillsCorrectDataAndEndPenaltyShootoutButtonGetsEnabled" storage="c:\gitlab-runner\builds\wr8mmwyb\0\livestats\livestats.football\source\test\functionaltests\bin\automation\net472\geniussports.livestats.football.functionaltests.dll" id="d3e9aee3-f24a-afaf-ee30-7f62a8d07d8b">
      <Execution id="66b8a4be-dc16-4350-a6c1-dc4a352ede1f" />
      <TestMethod codeBase="C:\GitLab-Runner\builds\wr8MmWYb\0\LiveStats\LiveStats.Football\Source\Test\FunctionalTests\bin\Automation\net472\GeniusSports.LiveStats.Football.FunctionalTests.dll" adapterTypeName="executor://nunit3testexecutor/" className="GeniusSports.LiveStats.Football.FunctionalTests.Features.PitchScreen.ActionRegistration.PenaltyShootoutRecordFeature" name="When1TeamIsGoingToWinForSureTableFillsCorrectDataAndEndPenaltyShootoutButtonGetsEnabled" />
    </UnitTest>
    <UnitTest name="GivenGameInProgress_WhenAddingCardAndCornerAndMovingToSecondHalf_ThenScoreboardsStatsAreUpdated(2,Red)" storage="c:\gitlab-runner\builds\wr8mmwyb\0\livestats\livestats.football\source\test\functionaltests\bin\automation\net472\geniussports.livestats.football.functionaltests.dll" id="e31f15a3-c2be-ab5c-a0db-270325ca6356">
      <Execution id="9953e3c5-d9a8-4b73-a07b-eae8f5340df3" />
      <TestMethod codeBase="C:\GitLab-Runner\builds\wr8MmWYb\0\LiveStats\LiveStats.Football\Source\Test\FunctionalTests\bin\Automation\net472\GeniusSports.LiveStats.Football.FunctionalTests.dll" adapterTypeName="executor://nunit3testexecutor/" className="GeniusSports.LiveStats.Football.FunctionalTests.Tests.PitchScreen.PitchTeamStatsCalculatedTests" name="GivenGameInProgress_WhenAddingCardAndCornerAndMovingToSecondHalf_ThenScoreboardsStatsAreUpdated(2,Red)" />
    </UnitTest>
    <UnitTest name="GivenGameInPso_WhenOneTeamHasLessPlayersDueCards_ThenPlayersAreEnabledAgainAfterEveryoneShot" storage="c:\gitlab-runner\builds\wr8mmwyb\0\livestats\livestats.football\source\test\functionaltests\bin\automation\net472\geniussports.livestats.football.functionaltests.dll" id="3bdb4c95-1d2d-5f32-7c1a-d2332fcf184f">
      <Execution id="644697f5-5889-4c7c-b113-beffef00b51a" />
      <TestMethod codeBase="C:\GitLab-Runner\builds\wr8MmWYb\0\LiveStats\LiveStats.Football\Source\Test\FunctionalTests\bin\Automation\net472\GeniusSports.LiveStats.Football.FunctionalTests.dll" adapterTypeName="executor://nunit3testexecutor/" className="GeniusSports.LiveStats.Football.FunctionalTests.Tests.PitchScreen.ActionRegistration.PenaltyShootoutRecordTests" name="GivenGameInPso_WhenOneTeamHasLessPlayersDueCards_ThenPlayersAreEnabledAgainAfterEveryoneShot" />
    </UnitTest>
    <UnitTest name="GoalWorkflowCanBeStartedDuringAnyFreeKickWorkflowStep(&quot;foul by&quot;,&quot;2&quot;,null)" storage="c:\gitlab-runner\builds\wr8mmwyb\0\livestats\livestats.football\source\test\functionaltests\bin\automation\net472\geniussports.livestats.football.functionaltests.dll" id="2df695cc-bcc2-9ce4-e8e5-4ccc91ae1d63">
      <Execution id="e4f57ab4-a678-43b3-bdaf-578310f480e4" />
      <TestMethod codeBase="C:\GitLab-Runner\builds\wr8MmWYb\0\LiveStats\LiveStats.Football\Source\Test\FunctionalTests\bin\Automation\net472\GeniusSports.LiveStats.Football.FunctionalTests.dll" adapterTypeName="executor://nunit3testexecutor/" className="GeniusSports.LiveStats.Football.FunctionalTests.Features.PitchScreen.ActionRegistration.GoalRegistrationFromFreeKickFeature" name="GoalWorkflowCanBeStartedDuringAnyFreeKickWorkflowStep(&quot;foul by&quot;,&quot;2&quot;,null)" />
    </UnitTest>
    <UnitTest name="FreeKickByTeamUpdate" storage="c:\gitlab-runner\builds\wr8mmwyb\0\livestats\livestats.football\source\test\functionaltests\bin\automation\net472\geniussports.livestats.football.functionaltests.dll" id="311e105e-4b34-d8a8-fe9c-00fb1c4d5b07">
      <Execution id="8a5224be-fe7b-451c-bfda-644f435f0ab5" />
      <TestMethod codeBase="C:\GitLab-Runner\builds\wr8MmWYb\0\LiveStats\LiveStats.Football\Source\Test\FunctionalTests\bin\Automation\net472\GeniusSports.LiveStats.Football.FunctionalTests.dll" adapterTypeName="executor://nunit3testexecutor/" className="GeniusSports.LiveStats.Football.FunctionalTests.Features.PitchScreen.ActionEdits.FreeKickEditFeature" name="FreeKickByTeamUpdate" />
    </UnitTest>
    <UnitTest name="WhenActionTimeChangedToSameTimeAsAnotherActionPopupForMovingIsShown" storage="c:\gitlab-runner\builds\wr8mmwyb\0\livestats\livestats.football\source\test\functionaltests\bin\automation\net472\geniussports.livestats.football.functionaltests.dll" id="f10b3bb8-3c14-b016-81d4-2a9b9235c880">
      <Execution id="10f5f873-3961-4e14-9869-aeef19469a16" />
      <TestMethod codeBase="C:\GitLab-Runner\builds\wr8MmWYb\0\LiveStats\LiveStats.Football\Source\Test\FunctionalTests\bin\Automation\net472\GeniusSports.LiveStats.Football.FunctionalTests.dll" adapterTypeName="executor://nunit3testexecutor/" className="GeniusSports.LiveStats.Football.FunctionalTests.Features.PitchScreen.ActionEdits.ActionContainersAreAutomaticallyReorderedFeature" name="WhenActionTimeChangedToSameTimeAsAnotherActionPopupForMovingIsShown" />
    </UnitTest>
    <UnitTest name="SelectTeamAndGoalResultInGoalInsert(&quot;2&quot;,&quot;1&quot;,null)" storage="c:\gitlab-runner\builds\wr8mmwyb\0\livestats\livestats.football\source\test\functionaltests\bin\automation\net472\geniussports.livestats.football.functionaltests.dll" id="d63b7b96-55a7-b874-55cd-fe8e63b308fb">
      <Execution id="8194cda4-4d7a-43e7-98d0-a3042e2d9609" />
      <TestMethod codeBase="C:\GitLab-Runner\builds\wr8MmWYb\0\LiveStats\LiveStats.Football\Source\Test\FunctionalTests\bin\Automation\net472\GeniusSports.LiveStats.Football.FunctionalTests.dll" adapterTypeName="executor://nunit3testexecutor/" className="GeniusSports.LiveStats.Football.FunctionalTests.Features.PitchScreen.ActionInserts.InsertGoalFeature" name="SelectTeamAndGoalResultInGoalInsert(&quot;2&quot;,&quot;1&quot;,null)" />
    </UnitTest>
    <UnitTest name="GivenGameGoalStarted_WhenSelectingPlayer_ThenActionUpdated(1,13)" storage="c:\gitlab-runner\builds\wr8mmwyb\0\livestats\livestats.football\source\test\functionaltests\bin\automation\net472\geniussports.livestats.football.functionaltests.dll" id="67076169-7d9b-9522-005e-e18ca3f15afe">
      <Execution id="201e9d7e-9dff-4b6b-a33d-1c912825ee13" />
      <TestMethod codeBase="C:\GitLab-Runner\builds\wr8MmWYb\0\LiveStats\LiveStats.Football\Source\Test\FunctionalTests\bin\Automation\net472\GeniusSports.LiveStats.Football.FunctionalTests.dll" adapterTypeName="executor://nunit3testexecutor/" className="GeniusSports.LiveStats.Football.FunctionalTests.Tests.PitchScreen.ActionRegistration.GoalRegistrationTests" name="GivenGameGoalStarted_WhenSelectingPlayer_ThenActionUpdated(1,13)" />
    </UnitTest>
    <UnitTest name="GivenSecondPeriodKickOffDeleted_WhenKickingOffAgain_ThenGameInProgress" storage="c:\gitlab-runner\builds\wr8mmwyb\0\livestats\livestats.football\source\test\functionaltests\bin\automation\net472\geniussports.livestats.football.functionaltests.dll" id="d8767549-77b2-5985-f67a-83aa93b99959">
      <Execution id="a3492672-8e82-47c2-bff1-001130499c82" />
      <TestMethod codeBase="C:\GitLab-Runner\builds\wr8MmWYb\0\LiveStats\LiveStats.Football\Source\Test\FunctionalTests\bin\Automation\net472\GeniusSports.LiveStats.Football.FunctionalTests.dll" adapterTypeName="executor://nunit3testexecutor/" className="GeniusSports.LiveStats.Football.FunctionalTests.Tests.PitchScreen.ActionDeletes.KickOffsDeleteTests" name="GivenSecondPeriodKickOffDeleted_WhenKickingOffAgain_ThenGameInProgress" />
    </UnitTest>
    <UnitTest name="InsertShotOffPenaltyAfterFoulWithNoSave" storage="c:\gitlab-runner\builds\wr8mmwyb\0\livestats\livestats.football\source\test\functionaltests\bin\automation\net472\geniussports.livestats.football.functionaltests.dll" id="0ce11532-137a-7e8e-b2fa-b2fd7718f05e">
      <Execution id="00ef27ae-0a02-4ff8-ba38-2f15fec9f069" />
      <TestMethod codeBase="C:\GitLab-Runner\builds\wr8MmWYb\0\LiveStats\LiveStats.Football\Source\Test\FunctionalTests\bin\Automation\net472\GeniusSports.LiveStats.Football.FunctionalTests.dll" adapterTypeName="executor://nunit3testexecutor/" className="GeniusSports.LiveStats.Football.FunctionalTests.Features.PitchScreen.ActionInserts.PenaltyInsertFeature" name="InsertShotOffPenaltyAfterFoulWithNoSave" />
    </UnitTest>
    <UnitTest name="GivenCornerInitiated_WhenConfirmingCorner_ThenLandingIsPrompted" storage="c:\gitlab-runner\builds\wr8mmwyb\0\livestats\livestats.football\source\test\functionaltests\bin\automation\net472\geniussports.livestats.football.functionaltests.dll" id="2c965403-78bd-451a-0ab5-355ffa3e97db">
      <Execution id="e21f9149-9339-41a2-90b3-62a18ecbed39" />
      <TestMethod codeBase="C:\GitLab-Runner\builds\wr8MmWYb\0\LiveStats\LiveStats.Football\Source\Test\FunctionalTests\bin\Automation\net472\GeniusSports.LiveStats.Football.FunctionalTests.dll" adapterTypeName="executor://nunit3testexecutor/" className="GeniusSports.LiveStats.Football.FunctionalTests.Tests.PitchScreen.ActionRegistration.CornerRegistrationTests" name="GivenCornerInitiated_WhenConfirmingCorner_ThenLandingIsPrompted" />
    </UnitTest>
    <UnitTest name="CardTypeChangeAndReasonReset(&quot;Red&quot;,&quot;Yellow&quot;,null)" storage="c:\gitlab-runner\builds\wr8mmwyb\0\livestats\livestats.football\source\test\functionaltests\bin\automation\net472\geniussports.livestats.football.functionaltests.dll" id="fda395e9-c61d-a188-e536-ef589283ca3f">
      <Execution id="c75f7e2c-f18d-433a-b4d1-28a05dfa270e" />
      <TestMethod codeBase="C:\GitLab-Runner\builds\wr8MmWYb\0\LiveStats\LiveStats.Football\Source\Test\FunctionalTests\bin\Automation\net472\GeniusSports.LiveStats.Football.FunctionalTests.dll" adapterTypeName="executor://nunit3testexecutor/" className="GeniusSports.LiveStats.Football.FunctionalTests.Features.PitchScreen.ActionEdits.CardEditFeature" name="CardTypeChangeAndReasonReset(&quot;Red&quot;,&quot;Yellow&quot;,null)" />
    </UnitTest>
    <UnitTest name="ShotWorkflowCanBeStartedDuringAnyFreeKickWorkflowStep(&quot;taken&quot;,&quot;1&quot;,null)" storage="c:\gitlab-runner\builds\wr8mmwyb\0\livestats\livestats.football\source\test\functionaltests\bin\automation\net472\geniussports.livestats.football.functionaltests.dll" id="203fece4-ae35-14a6-564c-793868ca15fc">
      <Execution id="ea6abee6-49a2-4d10-90b5-c823effc6ab5" />
      <TestMethod codeBase="C:\GitLab-Runner\builds\wr8MmWYb\0\LiveStats\LiveStats.Football\Source\Test\FunctionalTests\bin\Automation\net472\GeniusSports.LiveStats.Football.FunctionalTests.dll" adapterTypeName="executor://nunit3testexecutor/" className="GeniusSports.LiveStats.Football.FunctionalTests.Features.PitchScreen.ActionRegistration.ShotRegistrationFromFreeKickFeature" name="ShotWorkflowCanBeStartedDuringAnyFreeKickWorkflowStep(&quot;taken&quot;,&quot;1&quot;,null)" />
    </UnitTest>
    <UnitTest name="VARStartedOnPenaltyFirstStep(&quot;2&quot;,null)" storage="c:\gitlab-runner\builds\wr8mmwyb\0\livestats\livestats.football\source\test\functionaltests\bin\automation\net472\geniussports.livestats.football.functionaltests.dll" id="7ee1b64c-1187-8769-0b85-f4e9576bca63">
      <Execution id="294e7e6d-386a-417f-b1fc-ae48f3da427d" />
      <TestMethod codeBase="C:\GitLab-Runner\builds\wr8MmWYb\0\LiveStats\LiveStats.Football\Source\Test\FunctionalTests\bin\Automation\net472\GeniusSports.LiveStats.Football.FunctionalTests.dll" adapterTypeName="executor://nunit3testexecutor/" className="GeniusSports.LiveStats.Football.FunctionalTests.Features.PitchScreen.VideoAssistantReferee.VarRegistrationDuringPenaltyFeature" name="VARStartedOnPenaltyFirstStep(&quot;2&quot;,null)" />
    </UnitTest>
    <UnitTest name="PenaltyShootOutKickCannotBeRetakenAfterGoalConfirmation" storage="c:\gitlab-runner\builds\wr8mmwyb\0\livestats\livestats.football\source\test\functionaltests\bin\automation\net472\geniussports.livestats.football.functionaltests.dll" id="7bf3de47-b6ff-f2f9-2ef8-7aa6730440d2">
      <Execution id="27d5b913-5422-4c9b-82ea-ef9a66384146" />
      <TestMethod codeBase="C:\GitLab-Runner\builds\wr8MmWYb\0\LiveStats\LiveStats.Football\Source\Test\FunctionalTests\bin\Automation\net472\GeniusSports.LiveStats.Football.FunctionalTests.dll" adapterTypeName="executor://nunit3testexecutor/" className="GeniusSports.LiveStats.Football.FunctionalTests.Features.PitchScreen.ActionRegistration.PenaltyShootoutRecordFeature" name="PenaltyShootOutKickCannotBeRetakenAfterGoalConfirmation" />
    </UnitTest>
    <UnitTest name="FreekickStarted(&quot;2&quot;,null)" storage="c:\gitlab-runner\builds\wr8mmwyb\0\livestats\livestats.football\source\test\functionaltests\bin\automation\net472\geniussports.livestats.football.functionaltests.dll" id="b8c8f7bd-ed9a-ac96-a790-8ee85c4e65ad">
      <Execution id="8db34fa1-707d-4408-9784-7824849ae419" />
      <TestMethod codeBase="C:\GitLab-Runner\builds\wr8MmWYb\0\LiveStats\LiveStats.Football\Source\Test\FunctionalTests\bin\Automation\net472\GeniusSports.LiveStats.Football.FunctionalTests.dll" adapterTypeName="executor://nunit3testexecutor/" className="GeniusSports.LiveStats.Football.FunctionalTests.Features.PitchScreen.ActionRegistration.FreeKickRegistrationFeature" name="FreekickStarted(&quot;2&quot;,null)" />
    </UnitTest>
    <UnitTest name="CorrectRequiredDataIsFilledInGameInformationTab" storage="c:\gitlab-runner\builds\wr8mmwyb\0\livestats\livestats.football\source\test\functionaltests\bin\automation\net472\geniussports.livestats.football.functionaltests.dll" id="2aea91a3-6a22-0d67-bb68-7e591be64de1">
      <Execution id="cabaceb0-75ba-4c18-a108-f20bead761e0" />
      <TestMethod codeBase="C:\GitLab-Runner\builds\wr8MmWYb\0\LiveStats\LiveStats.Football\Source\Test\FunctionalTests\bin\Automation\net472\GeniusSports.LiveStats.Football.FunctionalTests.dll" adapterTypeName="executor://nunit3testexecutor/" className="GeniusSports.LiveStats.Football.FunctionalTests.Features.GameSetup.SetupGeneralGameInformationFeature" name="CorrectRequiredDataIsFilledInGameInformationTab" />
    </UnitTest>
    <UnitTest name="GivenGameGoalStarted_WhenConfirming_ThenActionUpdated" storage="c:\gitlab-runner\builds\wr8mmwyb\0\livestats\livestats.football\source\test\functionaltests\bin\automation\net472\geniussports.livestats.football.functionaltests.dll" id="8990d43c-509d-4d73-2a49-328d0e7df656">
      <Execution id="a205ed24-5a86-4f87-8c7c-f4cb69359213" />
      <TestMethod codeBase="C:\GitLab-Runner\builds\wr8MmWYb\0\LiveStats\LiveStats.Football\Source\Test\FunctionalTests\bin\Automation\net472\GeniusSports.LiveStats.Football.FunctionalTests.dll" adapterTypeName="executor://nunit3testexecutor/" className="GeniusSports.LiveStats.Football.FunctionalTests.Tests.PitchScreen.ActionRegistration.GoalRegistrationTests" name="GivenGameGoalStarted_WhenConfirming_ThenActionUpdated" />
    </UnitTest>
    <UnitTest name="FootballChangingCoachFilterToAssistantCoachChangesItemsInTheList" storage="c:\gitlab-runner\builds\wr8mmwyb\0\livestats\livestats.football\source\test\functionaltests\bin\automation\net472\geniussports.livestats.football.functionaltests.dll" id="4c717b35-0eb0-c1bf-a513-e6a50dbcc2ab">
      <Execution id="99ed481b-81f3-409d-b7a5-6de0f2705e45" />
      <TestMethod codeBase="C:\GitLab-Runner\builds\wr8MmWYb\0\LiveStats\LiveStats.Football\Source\Test\FunctionalTests\bin\Automation\net472\GeniusSports.LiveStats.Football.FunctionalTests.dll" adapterTypeName="executor://nunit3testexecutor/" className="GeniusSports.LiveStats.Football.FunctionalTests.Features.PitchScreen.Filters.StaffFilterFeature" name="FootballChangingCoachFilterToAssistantCoachChangesItemsInTheList" />
    </UnitTest>
    <UnitTest name="GivenPlayerWithInjury_WhenRecordingInjuryForSamePlayer_ThenReturnToPitchIsAvailable" storage="c:\gitlab-runner\builds\wr8mmwyb\0\livestats\livestats.football\source\test\functionaltests\bin\automation\net472\geniussports.livestats.football.functionaltests.dll" id="8e2963c4-6e6a-b32b-0d2f-7a4d5e27153c">
      <Execution id="7d8b5776-5c7c-4d33-9f43-cfe2d9ed2a15" />
      <TestMethod codeBase="C:\GitLab-Runner\builds\wr8MmWYb\0\LiveStats\LiveStats.Football\Source\Test\FunctionalTests\bin\Automation\net472\GeniusSports.LiveStats.Football.FunctionalTests.dll" adapterTypeName="executor://nunit3testexecutor/" className="GeniusSports.LiveStats.Football.FunctionalTests.Tests.PitchScreen.ActionRegistration.InjuryRegistrationTests" name="GivenPlayerWithInjury_WhenRecordingInjuryForSamePlayer_ThenReturnToPitchIsAvailable" />
    </UnitTest>
    <UnitTest name="SelectOffsideForFreekick(&quot;1&quot;,null)" storage="c:\gitlab-runner\builds\wr8mmwyb\0\livestats\livestats.football\source\test\functionaltests\bin\automation\net472\geniussports.livestats.football.functionaltests.dll" id="d5462037-2a12-d65c-66a6-3c74a9227ebc">
      <Execution id="a8a8fd09-9464-4cc8-a56a-415bdc0ffc8e" />
      <TestMethod codeBase="C:\GitLab-Runner\builds\wr8MmWYb\0\LiveStats\LiveStats.Football\Source\Test\FunctionalTests\bin\Automation\net472\GeniusSports.LiveStats.Football.FunctionalTests.dll" adapterTypeName="executor://nunit3testexecutor/" className="GeniusSports.LiveStats.Football.FunctionalTests.Features.PitchScreen.ActionRegistration.FreeKickRegistrationFeature" name="SelectOffsideForFreekick(&quot;1&quot;,null)" />
    </UnitTest>
    <UnitTest name="CardReasonUpdate(&quot;Red&quot;,&quot;Dissent&quot;,null)" storage="c:\gitlab-runner\builds\wr8mmwyb\0\livestats\livestats.football\source\test\functionaltests\bin\automation\net472\geniussports.livestats.football.functionaltests.dll" id="a04d36e0-e343-241a-eaa9-5521394ff528">
      <Execution id="5bde0f0f-f7ad-4fb7-83f7-f44f6fda658c" />
      <TestMethod codeBase="C:\GitLab-Runner\builds\wr8MmWYb\0\LiveStats\LiveStats.Football\Source\Test\FunctionalTests\bin\Automation\net472\GeniusSports.LiveStats.Football.FunctionalTests.dll" adapterTypeName="executor://nunit3testexecutor/" className="GeniusSports.LiveStats.Football.FunctionalTests.Features.PitchScreen.ActionEdits.CardEditFeature" name="CardReasonUpdate(&quot;Red&quot;,&quot;Dissent&quot;,null)" />
    </UnitTest>
    <UnitTest name="GivenGameInProgress_WhenRecordingThrowIn_ThenActionCompleted" storage="c:\gitlab-runner\builds\wr8mmwyb\0\livestats\livestats.football\source\test\functionaltests\bin\automation\net472\geniussports.livestats.football.functionaltests.dll" id="8bc7ae59-2fda-0585-d8e3-ba263855489b">
      <Execution id="44c46a4c-8a63-421f-a6ba-045ac2e67254" />
      <TestMethod codeBase="C:\GitLab-Runner\builds\wr8MmWYb\0\LiveStats\LiveStats.Football\Source\Test\FunctionalTests\bin\Automation\net472\GeniusSports.LiveStats.Football.FunctionalTests.dll" adapterTypeName="executor://nunit3testexecutor/" className="GeniusSports.LiveStats.Football.FunctionalTests.Tests.PitchScreen.ActionRegistration.ThrowInRegistrationTests" name="GivenGameInProgress_WhenRecordingThrowIn_ThenActionCompleted" />
    </UnitTest>
    <UnitTest name="SecondPenaltyRetake(&quot;2&quot;,&quot;11&quot;,null)" storage="c:\gitlab-runner\builds\wr8mmwyb\0\livestats\livestats.football\source\test\functionaltests\bin\automation\net472\geniussports.livestats.football.functionaltests.dll" id="dc54ca0b-5c07-c4a8-5212-f3a9e5b55fd7">
      <Execution id="1254c13b-67bf-4cb8-9dfd-8b694e22edd4" />
      <TestMethod codeBase="C:\GitLab-Runner\builds\wr8MmWYb\0\LiveStats\LiveStats.Football\Source\Test\FunctionalTests\bin\Automation\net472\GeniusSports.LiveStats.Football.FunctionalTests.dll" adapterTypeName="executor://nunit3testexecutor/" className="GeniusSports.LiveStats.Football.FunctionalTests.Features.PitchScreen.ActionRegistration.PenaltyRegistrationFeature" name="SecondPenaltyRetake(&quot;2&quot;,&quot;11&quot;,null)" />
    </UnitTest>
    <UnitTest name="FootballOpenGoalEdit" storage="c:\gitlab-runner\builds\wr8mmwyb\0\livestats\livestats.football\source\test\functionaltests\bin\automation\net472\geniussports.livestats.football.functionaltests.dll" id="666911d8-673c-0f69-ce0a-f569581199c9">
      <Execution id="301b8195-6ae6-410e-b02e-9bb4dc79046a" />
      <TestMethod codeBase="C:\GitLab-Runner\builds\wr8MmWYb\0\LiveStats\LiveStats.Football\Source\Test\FunctionalTests\bin\Automation\net472\GeniusSports.LiveStats.Football.FunctionalTests.dll" adapterTypeName="executor://nunit3testexecutor/" className="GeniusSports.LiveStats.Football.FunctionalTests.Features.PitchScreen.ActionEdits.GoalEditFeature" name="FootballOpenGoalEdit" />
    </UnitTest>
    <UnitTest name="CannotProceedWithoutBlankMandatoryFields(&quot;2&quot;,&quot;short team code&quot;,&quot;Team's short code is not valid&quot;,null)" storage="c:\gitlab-runner\builds\wr8mmwyb\0\livestats\livestats.football\source\test\functionaltests\bin\automation\net472\geniussports.livestats.football.functionaltests.dll" id="9c229252-bc66-2929-d6fe-8ae8c76a82e7">
      <Execution id="868bd90e-d620-4720-b136-483be15a1e98" />
      <TestMethod codeBase="C:\GitLab-Runner\builds\wr8MmWYb\0\LiveStats\LiveStats.Football\Source\Test\FunctionalTests\bin\Automation\net472\GeniusSports.LiveStats.Football.FunctionalTests.dll" adapterTypeName="executor://nunit3testexecutor/" className="GeniusSports.LiveStats.Football.FunctionalTests.Features.GameSetup.TeamsFeature" name="CannotProceedWithoutBlankMandatoryFields(&quot;2&quot;,&quot;short team code&quot;,&quot;Team's short code is not valid&quot;,null)" />
    </UnitTest>
    <UnitTest name="GivenSetupFinished_WhenGoingBackToKickOffTeamSelectionFromAttackDirection_ThenKickOffTeamSelectionIsPreselected(2)" storage="c:\gitlab-runner\builds\wr8mmwyb\0\livestats\livestats.football\source\test\functionaltests\bin\automation\net472\geniussports.livestats.football.functionaltests.dll" id="e3dde6ab-3fc1-1f6f-8532-8782c43f19d1">
      <Execution id="a63c9168-a592-4bd1-8b22-9f797d81ebff" />
      <TestMethod codeBase="C:\GitLab-Runner\builds\wr8MmWYb\0\LiveStats\LiveStats.Football\Source\Test\FunctionalTests\bin\Automation\net472\GeniusSports.LiveStats.Football.FunctionalTests.dll" adapterTypeName="executor://nunit3testexecutor/" className="GeniusSports.LiveStats.Football.FunctionalTests.Tests.PitchScreen.KickOffGameTests" name="GivenSetupFinished_WhenGoingBackToKickOffTeamSelectionFromAttackDirection_ThenKickOffTeamSelectionIsPreselected(2)" />
    </UnitTest>
    <UnitTest name="SelectVAROutcome(&quot;Overturned&quot;,null)" storage="c:\gitlab-runner\builds\wr8mmwyb\0\livestats\livestats.football\source\test\functionaltests\bin\automation\net472\geniussports.livestats.football.functionaltests.dll" id="068f1522-c469-ea43-a0ba-1144ac2dc32f">
      <Execution id="47025b1b-ce13-4df4-9ff1-8c78f118239c" />
      <TestMethod codeBase="C:\GitLab-Runner\builds\wr8MmWYb\0\LiveStats\LiveStats.Football\Source\Test\FunctionalTests\bin\Automation\net472\GeniusSports.LiveStats.Football.FunctionalTests.dll" adapterTypeName="executor://nunit3testexecutor/" className="GeniusSports.LiveStats.Football.FunctionalTests.Features.PitchScreen.ActionInserts.InsertGoalFeature" name="SelectVAROutcome(&quot;Overturned&quot;,null)" />
    </UnitTest>
    <UnitTest name="GivenFlaggedActionsWithPlayersRegistered_WhenSelectingAllFilters_ThenReturnsCorrectOutput" storage="c:\gitlab-runner\builds\wr8mmwyb\0\livestats\livestats.football\source\test\functionaltests\bin\automation\net472\geniussports.livestats.football.functionaltests.dll" id="32b19b64-7240-4df0-7f32-a6ccafe690a1">
      <Execution id="9c36ff1a-3b5e-4abd-bda8-e74d8d6e0f5a" />
      <TestMethod codeBase="C:\GitLab-Runner\builds\wr8MmWYb\0\LiveStats\LiveStats.Football\Source\Test\FunctionalTests\bin\Automation\net472\GeniusSports.LiveStats.Football.FunctionalTests.dll" adapterTypeName="executor://nunit3testexecutor/" className="GeniusSports.LiveStats.Football.FunctionalTests.Tests.PitchScreen.Filters.MultipleFiltersTests" name="GivenFlaggedActionsWithPlayersRegistered_WhenSelectingAllFilters_ThenReturnsCorrectOutput" />
    </UnitTest>
    <UnitTest name="ChangeFromMissToMade(&quot;2&quot;,&quot;1&quot;,&quot;10&quot;,&quot;50&quot;,&quot;8&quot;,&quot;11&quot;,null)" storage="c:\gitlab-runner\builds\wr8mmwyb\0\livestats\livestats.football\source\test\functionaltests\bin\automation\net472\geniussports.livestats.football.functionaltests.dll" id="79215461-d29a-148e-8e12-55ea681d5461">
      <Execution id="1b2612b0-3be8-4ada-84ea-2bfb80a255ce" />
      <TestMethod codeBase="C:\GitLab-Runner\builds\wr8MmWYb\0\LiveStats\LiveStats.Football\Source\Test\FunctionalTests\bin\Automation\net472\GeniusSports.LiveStats.Football.FunctionalTests.dll" adapterTypeName="executor://nunit3testexecutor/" className="GeniusSports.LiveStats.Football.FunctionalTests.Features.PitchScreen.ActionRegistration.PenaltyRegistrationFeature" name="ChangeFromMissToMade(&quot;2&quot;,&quot;1&quot;,&quot;10&quot;,&quot;50&quot;,&quot;8&quot;,&quot;11&quot;,null)" />
    </UnitTest>
    <UnitTest name="InsertGoalKickAfterOrBeforeLastEvent(&quot;before&quot;,&quot;0025&quot;,&quot;00:25&quot;,&quot;2&quot;,&quot;2&quot;,&quot;right&quot;,null)" storage="c:\gitlab-runner\builds\wr8mmwyb\0\livestats\livestats.football\source\test\functionaltests\bin\automation\net472\geniussports.livestats.football.functionaltests.dll" id="2ad75ba2-db35-50aa-2732-80bf10ef6972">
      <Execution id="1983ed7b-473c-4963-b1ec-3c4b92bdbe9c" />
      <TestMethod codeBase="C:\GitLab-Runner\builds\wr8MmWYb\0\LiveStats\LiveStats.Football\Source\Test\FunctionalTests\bin\Automation\net472\GeniusSports.LiveStats.Football.FunctionalTests.dll" adapterTypeName="executor://nunit3testexecutor/" className="GeniusSports.LiveStats.Football.FunctionalTests.Features.PitchScreen.ActionInserts.GoalKickInsertFeature" name="InsertGoalKickAfterOrBeforeLastEvent(&quot;before&quot;,&quot;0025&quot;,&quot;00:25&quot;,&quot;2&quot;,&quot;2&quot;,&quot;right&quot;,null)" />
    </UnitTest>
    <UnitTest name="FootballSaveGoalVARWithStandsOutcome(&quot;Offside&quot;,null)" storage="c:\gitlab-runner\builds\wr8mmwyb\0\livestats\livestats.football\source\test\functionaltests\bin\automation\net472\geniussports.livestats.football.functionaltests.dll" id="da211e3c-9f1d-f546-44e8-9e7f99b45ad8">
      <Execution id="1e196de0-fda7-4cad-a279-5cc22d7c5c2c" />
      <TestMethod codeBase="C:\GitLab-Runner\builds\wr8MmWYb\0\LiveStats\LiveStats.Football\Source\Test\FunctionalTests\bin\Automation\net472\GeniusSports.LiveStats.Football.FunctionalTests.dll" adapterTypeName="executor://nunit3testexecutor/" className="GeniusSports.LiveStats.Football.FunctionalTests.Features.PitchScreen.ActionEdits.GoalEditFeature" name="FootballSaveGoalVARWithStandsOutcome(&quot;Offside&quot;,null)" />
    </UnitTest>
    <UnitTest name="ChangeFromMissToMade(&quot;1&quot;,&quot;2&quot;,&quot;90&quot;,&quot;50&quot;,&quot;5&quot;,&quot;16&quot;,null)" storage="c:\gitlab-runner\builds\wr8mmwyb\0\livestats\livestats.football\source\test\functionaltests\bin\automation\net472\geniussports.livestats.football.functionaltests.dll" id="18ad1a95-220e-d52b-4dec-8e4797b77877">
      <Execution id="ae94e72a-00b5-4619-9415-9c699c0f7fa0" />
      <TestMethod codeBase="C:\GitLab-Runner\builds\wr8MmWYb\0\LiveStats\LiveStats.Football\Source\Test\FunctionalTests\bin\Automation\net472\GeniusSports.LiveStats.Football.FunctionalTests.dll" adapterTypeName="executor://nunit3testexecutor/" className="GeniusSports.LiveStats.Football.FunctionalTests.Features.PitchScreen.ActionRegistration.PenaltyRegistrationFeature" name="ChangeFromMissToMade(&quot;1&quot;,&quot;2&quot;,&quot;90&quot;,&quot;50&quot;,&quot;5&quot;,&quot;16&quot;,null)" />
    </UnitTest>
    <UnitTest name="GivenCorrectStatisticianSupplied_WhenValidating_ShowsDataAndAllowsToPassTab" storage="c:\gitlab-runner\builds\wr8mmwyb\0\livestats\livestats.football\source\test\functionaltests\bin\automation\net472\geniussports.livestats.football.functionaltests.dll" id="c16ac3df-8251-c19f-2c13-bf2227eec130">
      <Execution id="f0321132-fd0e-4e37-8881-495e4a701116" />
      <TestMethod codeBase="C:\GitLab-Runner\builds\wr8MmWYb\0\LiveStats\LiveStats.Football\Source\Test\FunctionalTests\bin\Automation\net472\GeniusSports.LiveStats.Football.FunctionalTests.dll" adapterTypeName="executor://nunit3testexecutor/" className="GeniusSports.LiveStats.Football.FunctionalTests.Tests.GameSetup.StatisticiansNetworkTests" name="GivenCorrectStatisticianSupplied_WhenValidating_ShowsDataAndAllowsToPassTab" />
    </UnitTest>
    <UnitTest name="GivenThrowInEditOpen_WhenChangingTakenFromLocation_ThenUpdatesThrowIn" storage="c:\gitlab-runner\builds\wr8mmwyb\0\livestats\livestats.football\source\test\functionaltests\bin\automation\net472\geniussports.livestats.football.functionaltests.dll" id="19cfa543-c693-3b19-afc5-22690314e36f">
      <Execution id="c848e8c1-d992-4ee1-9c3c-f16215126de8" />
      <TestMethod codeBase="C:\GitLab-Runner\builds\wr8MmWYb\0\LiveStats\LiveStats.Football\Source\Test\FunctionalTests\bin\Automation\net472\GeniusSports.LiveStats.Football.FunctionalTests.dll" adapterTypeName="executor://nunit3testexecutor/" className="GeniusSports.LiveStats.Football.FunctionalTests.Tests.PitchScreen.ActionEdits.ThrowInEditTests" name="GivenThrowInEditOpen_WhenChangingTakenFromLocation_ThenUpdatesThrowIn" />
    </UnitTest>
    <UnitTest name="GivenActionRegistered_WhenDeletingFromActionLog_ThenDeleted(Injury)" storage="c:\gitlab-runner\builds\wr8mmwyb\0\livestats\livestats.football\source\test\functionaltests\bin\automation\net472\geniussports.livestats.football.functionaltests.dll" id="5cb39f4e-4f2c-e2a9-1928-80f97dd474f8">
      <Execution id="9ba71dd0-a438-4e32-9f64-2fe557b2f49a" />
      <TestMethod codeBase="C:\GitLab-Runner\builds\wr8MmWYb\0\LiveStats\LiveStats.Football\Source\Test\FunctionalTests\bin\Automation\net472\GeniusSports.LiveStats.Football.FunctionalTests.dll" adapterTypeName="executor://nunit3testexecutor/" className="GeniusSports.LiveStats.Football.FunctionalTests.Tests.PitchScreen.ActionDeletes.GameActionDeleteTests" name="GivenActionRegistered_WhenDeletingFromActionLog_ThenDeleted(Injury)" />
    </UnitTest>
    <UnitTest name="GivenThrowInEditOpen_WhenChangingTeamAndSaving_ThenUpdatesThrowIn" storage="c:\gitlab-runner\builds\wr8mmwyb\0\livestats\livestats.football\source\test\functionaltests\bin\automation\net472\geniussports.livestats.football.functionaltests.dll" id="82d91444-8c71-e007-2855-3331e4c7f17f">
      <Execution id="f055d48f-b869-42f1-b59f-56edc25389d7" />
      <TestMethod codeBase="C:\GitLab-Runner\builds\wr8MmWYb\0\LiveStats\LiveStats.Football\Source\Test\FunctionalTests\bin\Automation\net472\GeniusSports.LiveStats.Football.FunctionalTests.dll" adapterTypeName="executor://nunit3testexecutor/" className="GeniusSports.LiveStats.Football.FunctionalTests.Tests.PitchScreen.ActionEdits.ThrowInEditTests" name="GivenThrowInEditOpen_WhenChangingTeamAndSaving_ThenUpdatesThrowIn" />
    </UnitTest>
    <UnitTest name="FreekickActionCanBeUnflagged" storage="c:\gitlab-runner\builds\wr8mmwyb\0\livestats\livestats.football\source\test\functionaltests\bin\automation\net472\geniussports.livestats.football.functionaltests.dll" id="8a3c251b-7e90-2167-1650-91d0fdb08a0e">
      <Execution id="d7cbc80c-259d-400b-99ad-22bad1a980b0" />
      <TestMethod codeBase="C:\GitLab-Runner\builds\wr8MmWYb\0\LiveStats\LiveStats.Football\Source\Test\FunctionalTests\bin\Automation\net472\GeniusSports.LiveStats.Football.FunctionalTests.dll" adapterTypeName="executor://nunit3testexecutor/" className="GeniusSports.LiveStats.Football.FunctionalTests.Features.PitchScreen.Flagging.AddManualFlagFeature" name="FreekickActionCanBeUnflagged" />
    </UnitTest>
    <UnitTest name="GivenGameInProgress_WhenConfirmingCardForSubstitutePlayer_ThenCardIsRegisteredForPlayer(Yellow,2,20,Red,&quot;Red&quot;)" storage="c:\gitlab-runner\builds\wr8mmwyb\0\livestats\livestats.football\source\test\functionaltests\bin\automation\net472\geniussports.livestats.football.functionaltests.dll" id="dfcfa37a-4112-3eba-0985-fe9793023de9">
      <Execution id="4ef94c21-d44a-44b6-9beb-0c97ee9f2ef3" />
      <TestMethod codeBase="C:\GitLab-Runner\builds\wr8MmWYb\0\LiveStats\LiveStats.Football\Source\Test\FunctionalTests\bin\Automation\net472\GeniusSports.LiveStats.Football.FunctionalTests.dll" adapterTypeName="executor://nunit3testexecutor/" className="GeniusSports.LiveStats.Football.FunctionalTests.Tests.PitchScreen.ActionRegistration.CardRegistrationTests" name="GivenGameInProgress_WhenConfirmingCardForSubstitutePlayer_ThenCardIsRegisteredForPlayer(Yellow,2,20,Red,&quot;Red&quot;)" />
    </UnitTest>
    <UnitTest name="GivenGameInProgress_WhenSettingPossession_ThenPossessionIsSetAndDangerZoneInTeamColor(1)" storage="c:\gitlab-runner\builds\wr8mmwyb\0\livestats\livestats.football\source\test\functionaltests\bin\automation\net472\geniussports.livestats.football.functionaltests.dll" id="5173fa7e-dd28-7d5d-a09e-d22035dde249">
      <Execution id="7fef7ad0-ea94-45f7-a680-4116329693d8" />
      <TestMethod codeBase="C:\GitLab-Runner\builds\wr8MmWYb\0\LiveStats\LiveStats.Football\Source\Test\FunctionalTests\bin\Automation\net472\GeniusSports.LiveStats.Football.FunctionalTests.dll" adapterTypeName="executor://nunit3testexecutor/" className="GeniusSports.LiveStats.Football.FunctionalTests.Tests.PitchScreen.PossessionChangeTests" name="GivenGameInProgress_WhenSettingPossession_ThenPossessionIsSetAndDangerZoneInTeamColor(1)" />
    </UnitTest>
    <UnitTest name="FootballFlagAndContinuePenaltyOutcomeLocation" storage="c:\gitlab-runner\builds\wr8mmwyb\0\livestats\livestats.football\source\test\functionaltests\bin\automation\net472\geniussports.livestats.football.functionaltests.dll" id="f056005c-1fc5-6c36-b064-9be0579d6f95">
      <Execution id="41962183-d427-47ad-b91c-65524934d07b" />
      <TestMethod codeBase="C:\GitLab-Runner\builds\wr8MmWYb\0\LiveStats\LiveStats.Football\Source\Test\FunctionalTests\bin\Automation\net472\GeniusSports.LiveStats.Football.FunctionalTests.dll" adapterTypeName="executor://nunit3testexecutor/" className="GeniusSports.LiveStats.Football.FunctionalTests.Features.PitchScreen.Flagging.FlagAndContinueFeature" name="FootballFlagAndContinuePenaltyOutcomeLocation" />
    </UnitTest>
    <UnitTest name="FlagsFreekickIfGoalStartedFromMiddleOfFreekickWorkflow(&quot;reason&quot;,&quot;1&quot;,null)" storage="c:\gitlab-runner\builds\wr8mmwyb\0\livestats\livestats.football\source\test\functionaltests\bin\automation\net472\geniussports.livestats.football.functionaltests.dll" id="020c4d8c-be48-f690-61a1-1b2bb9bb4434">
      <Execution id="a6284b3e-ff36-4c11-8d75-0e0dcb2116d8" />
      <TestMethod codeBase="C:\GitLab-Runner\builds\wr8MmWYb\0\LiveStats\LiveStats.Football\Source\Test\FunctionalTests\bin\Automation\net472\GeniusSports.LiveStats.Football.FunctionalTests.dll" adapterTypeName="executor://nunit3testexecutor/" className="GeniusSports.LiveStats.Football.FunctionalTests.Features.PitchScreen.ActionRegistration.GoalRegistrationFromFreeKickFeature" name="FlagsFreekickIfGoalStartedFromMiddleOfFreekickWorkflow(&quot;reason&quot;,&quot;1&quot;,null)" />
    </UnitTest>
    <UnitTest name="ExtraTime1StHalfCantBeDeletedIfThereIsActionRegisteredAfter" storage="c:\gitlab-runner\builds\wr8mmwyb\0\livestats\livestats.football\source\test\functionaltests\bin\automation\net472\geniussports.livestats.football.functionaltests.dll" id="037184c9-45eb-a02f-27dc-5a050eff0112">
      <Execution id="d4355c3e-6c3c-4f18-9655-c444697ac0ad" />
      <TestMethod codeBase="C:\GitLab-Runner\builds\wr8MmWYb\0\LiveStats\LiveStats.Football\Source\Test\FunctionalTests\bin\Automation\net472\GeniusSports.LiveStats.Football.FunctionalTests.dll" adapterTypeName="executor://nunit3testexecutor/" className="GeniusSports.LiveStats.Football.FunctionalTests.Features.PitchScreen.ActionDeletes.KickOffsDeleteFeature" name="ExtraTime1StHalfCantBeDeletedIfThereIsActionRegisteredAfter" />
    </UnitTest>
    <UnitTest name="FootballSaveGoalVARWithOverturned(&quot;Overturned&quot;,&quot;Foul&quot;,null)" storage="c:\gitlab-runner\builds\wr8mmwyb\0\livestats\livestats.football\source\test\functionaltests\bin\automation\net472\geniussports.livestats.football.functionaltests.dll" id="0832b3b8-7062-e85f-d997-5fd7d869a8c5">
      <Execution id="de2292f7-5518-4f85-a21b-0304ab6c6215" />
      <TestMethod codeBase="C:\GitLab-Runner\builds\wr8MmWYb\0\LiveStats\LiveStats.Football\Source\Test\FunctionalTests\bin\Automation\net472\GeniusSports.LiveStats.Football.FunctionalTests.dll" adapterTypeName="executor://nunit3testexecutor/" className="GeniusSports.LiveStats.Football.FunctionalTests.Features.PitchScreen.ActionEdits.GoalEditFeature" name="FootballSaveGoalVARWithOverturned(&quot;Overturned&quot;,&quot;Foul&quot;,null)" />
    </UnitTest>
    <UnitTest name="CanOpenExpandedActionLogDuringShotWorkflow" storage="c:\gitlab-runner\builds\wr8mmwyb\0\livestats\livestats.football\source\test\functionaltests\bin\automation\net472\geniussports.livestats.football.functionaltests.dll" id="3e375d1e-6dd5-8039-f74c-79155a0723e4">
      <Execution id="505731ae-5c80-4e2b-abb5-419e922103b4" />
      <TestMethod codeBase="C:\GitLab-Runner\builds\wr8MmWYb\0\LiveStats\LiveStats.Football\Source\Test\FunctionalTests\bin\Automation\net472\GeniusSports.LiveStats.Football.FunctionalTests.dll" adapterTypeName="executor://nunit3testexecutor/" className="GeniusSports.LiveStats.Football.FunctionalTests.Features.PitchScreen.ActionRegistration.ActionsDuringWorkflowsFeature" name="CanOpenExpandedActionLogDuringShotWorkflow" />
    </UnitTest>
    <UnitTest name="GivenGameWithLeftPossession_WhenSelectingRightPossession_ThenRightTeamHasPossession" storage="c:\gitlab-runner\builds\wr8mmwyb\0\livestats\livestats.football\source\test\functionaltests\bin\automation\net472\geniussports.livestats.football.functionaltests.dll" id="2420a728-acdf-ba03-0c50-4da45ba0dce0">
      <Execution id="23ec7c2c-22e9-43af-91ff-22e2294ee9e9" />
      <TestMethod codeBase="C:\GitLab-Runner\builds\wr8MmWYb\0\LiveStats\LiveStats.Football\Source\Test\FunctionalTests\bin\Automation\net472\GeniusSports.LiveStats.Football.FunctionalTests.dll" adapterTypeName="executor://nunit3testexecutor/" className="GeniusSports.LiveStats.Football.FunctionalTests.Tests.PitchScreen.DeadBallTests" name="GivenGameWithLeftPossession_WhenSelectingRightPossession_ThenRightTeamHasPossession" />
    </UnitTest>
    <UnitTest name="CornerRecordedActionCanBeFlagged" storage="c:\gitlab-runner\builds\wr8mmwyb\0\livestats\livestats.football\source\test\functionaltests\bin\automation\net472\geniussports.livestats.football.functionaltests.dll" id="d69fb7d9-0f17-5e56-ea54-40ae8d9f865b">
      <Execution id="b4642ab0-429b-4e73-ab30-bf42621a30e8" />
      <TestMethod codeBase="C:\GitLab-Runner\builds\wr8MmWYb\0\LiveStats\LiveStats.Football\Source\Test\FunctionalTests\bin\Automation\net472\GeniusSports.LiveStats.Football.FunctionalTests.dll" adapterTypeName="executor://nunit3testexecutor/" className="GeniusSports.LiveStats.Football.FunctionalTests.Features.PitchScreen.Flagging.AddManualFlagFeature" name="CornerRecordedActionCanBeFlagged" />
    </UnitTest>
    <UnitTest name="InsertCornerAfterOrBeforeLastEvent(&quot;after&quot;,&quot;0035&quot;,&quot;0036&quot;,&quot;00:35&quot;,&quot;1&quot;,&quot;1&quot;,&quot;bottom right&quot;,null)" storage="c:\gitlab-runner\builds\wr8mmwyb\0\livestats\livestats.football\source\test\functionaltests\bin\automation\net472\geniussports.livestats.football.functionaltests.dll" id="8451c11b-2a0c-c2f5-ab15-76541e1e2d70">
      <Execution id="33394f40-d6dc-4bae-9cb2-5c3e53aa3f5e" />
      <TestMethod codeBase="C:\GitLab-Runner\builds\wr8MmWYb\0\LiveStats\LiveStats.Football\Source\Test\FunctionalTests\bin\Automation\net472\GeniusSports.LiveStats.Football.FunctionalTests.dll" adapterTypeName="executor://nunit3testexecutor/" className="GeniusSports.LiveStats.Football.FunctionalTests.Features.PitchScreen.ActionInserts.CornerInsertFeature" name="InsertCornerAfterOrBeforeLastEvent(&quot;after&quot;,&quot;0035&quot;,&quot;0036&quot;,&quot;00:35&quot;,&quot;1&quot;,&quot;1&quot;,&quot;bottom right&quot;,null)" />
    </UnitTest>
    <UnitTest name="GivenShotRegistered_WhenUpdatingAllFields_ThenUpdateSuccessfully" storage="c:\gitlab-runner\builds\wr8mmwyb\0\livestats\livestats.football\source\test\functionaltests\bin\automation\net472\geniussports.livestats.football.functionaltests.dll" id="6096d157-3686-33f5-c2bb-33775040699d">
      <Execution id="c952b868-121c-492d-b575-9d2da6572f74" />
      <TestMethod codeBase="C:\GitLab-Runner\builds\wr8MmWYb\0\LiveStats\LiveStats.Football\Source\Test\FunctionalTests\bin\Automation\net472\GeniusSports.LiveStats.Football.FunctionalTests.dll" adapterTypeName="executor://nunit3testexecutor/" className="GeniusSports.LiveStats.Football.FunctionalTests.Tests.PitchScreen.ActionEdits.ShotEditTests" name="GivenShotRegistered_WhenUpdatingAllFields_ThenUpdateSuccessfully" />
    </UnitTest>
    <UnitTest name="CanUnselectChosenPlayersForSubstitution" storage="c:\gitlab-runner\builds\wr8mmwyb\0\livestats\livestats.football\source\test\functionaltests\bin\automation\net472\geniussports.livestats.football.functionaltests.dll" id="f074ce04-b802-bb2e-450f-076534cec91c">
      <Execution id="44bc150e-53e9-4c56-ad84-680d0a147a98" />
      <TestMethod codeBase="C:\GitLab-Runner\builds\wr8MmWYb\0\LiveStats\LiveStats.Football\Source\Test\FunctionalTests\bin\Automation\net472\GeniusSports.LiveStats.Football.FunctionalTests.dll" adapterTypeName="executor://nunit3testexecutor/" className="GeniusSports.LiveStats.Football.FunctionalTests.Features.PitchScreen.ActionRegistration.Substitutions.RecordingSubstitutionFeature" name="CanUnselectChosenPlayersForSubstitution" />
    </UnitTest>
    <UnitTest name="GivenPregame_WhenRegisteringCard_CardIsRegistered" storage="c:\gitlab-runner\builds\wr8mmwyb\0\livestats\livestats.football\source\test\functionaltests\bin\automation\net472\geniussports.livestats.football.functionaltests.dll" id="b579a8c2-c39e-0783-d31f-448a4ac14fd2">
      <Execution id="3433176e-75b1-4c57-8e4a-55d07fa429da" />
      <TestMethod codeBase="C:\GitLab-Runner\builds\wr8MmWYb\0\LiveStats\LiveStats.Football\Source\Test\FunctionalTests\bin\Automation\net472\GeniusSports.LiveStats.Football.FunctionalTests.dll" adapterTypeName="executor://nunit3testexecutor/" className="GeniusSports.LiveStats.Football.FunctionalTests.Tests.CardsInNotActivePhaseRegistrationTests" name="GivenPregame_WhenRegisteringCard_CardIsRegistered" />
    </UnitTest>
    <UnitTest name="TwoCardFiltersCanBeActivatedAtTheSameTime" storage="c:\gitlab-runner\builds\wr8mmwyb\0\livestats\livestats.football\source\test\functionaltests\bin\automation\net472\geniussports.livestats.football.functionaltests.dll" id="7e880aec-3986-2354-2b12-5dd0110e0560">
      <Execution id="e75190aa-4ace-4c57-bc01-95b6004703a6" />
      <TestMethod codeBase="C:\GitLab-Runner\builds\wr8MmWYb\0\LiveStats\LiveStats.Football\Source\Test\FunctionalTests\bin\Automation\net472\GeniusSports.LiveStats.Football.FunctionalTests.dll" adapterTypeName="executor://nunit3testexecutor/" className="GeniusSports.LiveStats.Football.FunctionalTests.Features.PitchScreen.Filters.CardsFilterFeature" name="TwoCardFiltersCanBeActivatedAtTheSameTime" />
    </UnitTest>
    <UnitTest name="GivenPeriodBreak_WhenInterruptingGame_ThenInterruptionIsPresnet" storage="c:\gitlab-runner\builds\wr8mmwyb\0\livestats\livestats.football\source\test\functionaltests\bin\automation\net472\geniussports.livestats.football.functionaltests.dll" id="290679ce-7672-f4a9-bf2b-d2fbfafd5710">
      <Execution id="e38c51a2-c5af-4e8d-bcdc-1de203867c25" />
      <TestMethod codeBase="C:\GitLab-Runner\builds\wr8MmWYb\0\LiveStats\LiveStats.Football\Source\Test\FunctionalTests\bin\Automation\net472\GeniusSports.LiveStats.Football.FunctionalTests.dll" adapterTypeName="executor://nunit3testexecutor/" className="GeniusSports.LiveStats.Football.FunctionalTests.Tests.PitchScreen.GameMessages.GameInterruptionTests" name="GivenPeriodBreak_WhenInterruptingGame_ThenInterruptionIsPresnet" />
    </UnitTest>
    <UnitTest name="GivenManualGameStarted_WhenClosingWithDiscard_ThenGameNotShownInDashboard" storage="c:\gitlab-runner\builds\wr8mmwyb\0\livestats\livestats.football\source\test\functionaltests\bin\automation\net472\geniussports.livestats.football.functionaltests.dll" id="07463560-fe1e-1bf5-756c-3855b7e10c80">
      <Execution id="402fca38-b713-4f73-807b-3f623c190e6f" />
      <TestMethod codeBase="C:\GitLab-Runner\builds\wr8MmWYb\0\LiveStats\LiveStats.Football\Source\Test\FunctionalTests\bin\Automation\net472\GeniusSports.LiveStats.Football.FunctionalTests.dll" adapterTypeName="executor://nunit3testexecutor/" className="GeniusSports.LiveStats.Football.FunctionalTests.Tests.GameSetup.DiscardAndCloseGameTests" name="GivenManualGameStarted_WhenClosingWithDiscard_ThenGameNotShownInDashboard" />
    </UnitTest>
    <UnitTest name="GivenSecondHalfEndedAndCardFiled_WhenOpeningExpandedLog_LatestPhaseEndIsNotDeletableInLog" storage="c:\gitlab-runner\builds\wr8mmwyb\0\livestats\livestats.football\source\test\functionaltests\bin\automation\net472\geniussports.livestats.football.functionaltests.dll" id="5c0fecb4-1c64-07b7-0fb2-b842f26dc76e">
      <Execution id="5afc0a13-595d-424f-94d9-999f2814e287" />
      <TestMethod codeBase="C:\GitLab-Runner\builds\wr8MmWYb\0\LiveStats\LiveStats.Football\Source\Test\FunctionalTests\bin\Automation\net472\GeniusSports.LiveStats.Football.FunctionalTests.dll" adapterTypeName="executor://nunit3testexecutor/" className="GeniusSports.LiveStats.Football.FunctionalTests.Tests.PitchScreen.ActionDeletes.PeriodAndGameEndsDeleteTests" name="GivenSecondHalfEndedAndCardFiled_WhenOpeningExpandedLog_LatestPhaseEndIsNotDeletableInLog" />
    </UnitTest>
    <UnitTest name="GivenShotStarted_WhenSelectingShotWithNonBlockType_ThenSavePrompted(OnTarget)" storage="c:\gitlab-runner\builds\wr8mmwyb\0\livestats\livestats.football\source\test\functionaltests\bin\automation\net472\geniussports.livestats.football.functionaltests.dll" id="0e47ca21-df86-1f9c-4ad8-b0a2b8ab37c6">
      <Execution id="71930cbb-cf3b-4eb0-9b4a-5e7af76648ce" />
      <TestMethod codeBase="C:\GitLab-Runner\builds\wr8MmWYb\0\LiveStats\LiveStats.Football\Source\Test\FunctionalTests\bin\Automation\net472\GeniusSports.LiveStats.Football.FunctionalTests.dll" adapterTypeName="executor://nunit3testexecutor/" className="GeniusSports.LiveStats.Football.FunctionalTests.Tests.PitchScreen.ActionRegistration.ShotRegistrationTests" name="GivenShotStarted_WhenSelectingShotWithNonBlockType_ThenSavePrompted(OnTarget)" />
    </UnitTest>
    <UnitTest name="NoOnVARForPenaltySecondStep(&quot;1&quot;,null)" storage="c:\gitlab-runner\builds\wr8mmwyb\0\livestats\livestats.football\source\test\functionaltests\bin\automation\net472\geniussports.livestats.football.functionaltests.dll" id="3cca0e93-b7e4-f8d6-68da-a0929d9a8de5">
      <Execution id="32f52e3c-c6a0-4b5f-bfc9-ac074a7db56b" />
      <TestMethod codeBase="C:\GitLab-Runner\builds\wr8MmWYb\0\LiveStats\LiveStats.Football\Source\Test\FunctionalTests\bin\Automation\net472\GeniusSports.LiveStats.Football.FunctionalTests.dll" adapterTypeName="executor://nunit3testexecutor/" className="GeniusSports.LiveStats.Football.FunctionalTests.Features.PitchScreen.VideoAssistantReferee.VarRegistrationDuringPenaltyFeature" name="NoOnVARForPenaltySecondStep(&quot;1&quot;,null)" />
    </UnitTest>
    <UnitTest name="GivenGameInProgress_WhenUpdatingDefaultQuickPrint_ThenUpdatedSuccessfully(&quot;Half Time&quot;)" storage="c:\gitlab-runner\builds\wr8mmwyb\0\livestats\livestats.football\source\test\functionaltests\bin\automation\net472\geniussports.livestats.football.functionaltests.dll" id="2709d763-421f-8a89-4799-28e1959048dd">
      <Execution id="dc5036dd-501e-446c-955d-bfca74c3c350" />
      <TestMethod codeBase="C:\GitLab-Runner\builds\wr8MmWYb\0\LiveStats\LiveStats.Football\Source\Test\FunctionalTests\bin\Automation\net472\GeniusSports.LiveStats.Football.FunctionalTests.dll" adapterTypeName="executor://nunit3testexecutor/" className="GeniusSports.LiveStats.Football.FunctionalTests.Tests.GameSetup.EditGameSetupTests" name="GivenGameInProgress_WhenUpdatingDefaultQuickPrint_ThenUpdatedSuccessfully(&quot;Half Time&quot;)" />
    </UnitTest>
    <UnitTest name="GivenCornerTypeSelected_WhenGoingBackAndFinishingCornerWithDifferentCorner_ThenCornerFinished" storage="c:\gitlab-runner\builds\wr8mmwyb\0\livestats\livestats.football\source\test\functionaltests\bin\automation\net472\geniussports.livestats.football.functionaltests.dll" id="35ebc062-0eb1-ecb5-9b8d-aabb21dbeedf">
      <Execution id="c16d6c8c-b105-4a63-932e-0699cd0e13e0" />
      <TestMethod codeBase="C:\GitLab-Runner\builds\wr8MmWYb\0\LiveStats\LiveStats.Football\Source\Test\FunctionalTests\bin\Automation\net472\GeniusSports.LiveStats.Football.FunctionalTests.dll" adapterTypeName="executor://nunit3testexecutor/" className="GeniusSports.LiveStats.Football.FunctionalTests.Tests.PitchScreen.ActionRegistration.CornerRegistrationTests" name="GivenCornerTypeSelected_WhenGoingBackAndFinishingCornerWithDifferentCorner_ThenCornerFinished" />
    </UnitTest>
    <UnitTest name="ChangeFoulToOffence(&quot;2&quot;,null)" storage="c:\gitlab-runner\builds\wr8mmwyb\0\livestats\livestats.football\source\test\functionaltests\bin\automation\net472\geniussports.livestats.football.functionaltests.dll" id="daebd5c5-198d-5ec4-2e2a-8412837058b4">
      <Execution id="df49ec6c-9730-403c-9559-5c9b3caa238e" />
      <TestMethod codeBase="C:\GitLab-Runner\builds\wr8MmWYb\0\LiveStats\LiveStats.Football\Source\Test\FunctionalTests\bin\Automation\net472\GeniusSports.LiveStats.Football.FunctionalTests.dll" adapterTypeName="executor://nunit3testexecutor/" className="GeniusSports.LiveStats.Football.FunctionalTests.Features.PitchScreen.ActionRegistration.FreeKickRegistrationFeature" name="ChangeFoulToOffence(&quot;2&quot;,null)" />
    </UnitTest>
    <UnitTest name="GivenFootballReportsOpened_WhenOpeningReport_ReportPreviewIsShown(&quot;Full Time&quot;)" storage="c:\gitlab-runner\builds\wr8mmwyb\0\livestats\livestats.football\source\test\functionaltests\bin\automation\net472\geniussports.livestats.football.functionaltests.dll" id="16d4b4cc-38aa-df1c-e06d-bd6db292bd31">
      <Execution id="df2e0504-e923-4735-bc5c-cfd3164007eb" />
      <TestMethod codeBase="C:\GitLab-Runner\builds\wr8MmWYb\0\LiveStats\LiveStats.Football\Source\Test\FunctionalTests\bin\Automation\net472\GeniusSports.LiveStats.Football.FunctionalTests.dll" adapterTypeName="executor://nunit3testexecutor/" className="GeniusSports.LiveStats.Football.FunctionalTests.Tests.PitchScreen.PreviewReportsTests" name="GivenFootballReportsOpened_WhenOpeningReport_ReportPreviewIsShown(&quot;Full Time&quot;)" />
    </UnitTest>
    <UnitTest name="SelectLocationForFoulFreekick(&quot;1&quot;,&quot;2&quot;,null)" storage="c:\gitlab-runner\builds\wr8mmwyb\0\livestats\livestats.football\source\test\functionaltests\bin\automation\net472\geniussports.livestats.football.functionaltests.dll" id="5a0fa8bf-8cb9-50fb-82b4-e76854011ec5">
      <Execution id="02f6c5ce-b652-46b8-aa5b-8076176e8279" />
      <TestMethod codeBase="C:\GitLab-Runner\builds\wr8MmWYb\0\LiveStats\LiveStats.Football\Source\Test\FunctionalTests\bin\Automation\net472\GeniusSports.LiveStats.Football.FunctionalTests.dll" adapterTypeName="executor://nunit3testexecutor/" className="GeniusSports.LiveStats.Football.FunctionalTests.Features.PitchScreen.ActionRegistration.FreeKickRegistrationFeature" name="SelectLocationForFoulFreekick(&quot;1&quot;,&quot;2&quot;,null)" />
    </UnitTest>
    <UnitTest name="CanDeleteActionInExpandedActionLogDuringActionWorkflowAndThenContinueWorkflow" storage="c:\gitlab-runner\builds\wr8mmwyb\0\livestats\livestats.football\source\test\functionaltests\bin\automation\net472\geniussports.livestats.football.functionaltests.dll" id="43b104e2-d8af-e3e4-9cfc-dc948d297e9c">
      <Execution id="d709fadf-d8fe-46dc-b82b-06400227e368" />
      <TestMethod codeBase="C:\GitLab-Runner\builds\wr8MmWYb\0\LiveStats\LiveStats.Football\Source\Test\FunctionalTests\bin\Automation\net472\GeniusSports.LiveStats.Football.FunctionalTests.dll" adapterTypeName="executor://nunit3testexecutor/" className="GeniusSports.LiveStats.Football.FunctionalTests.Features.PitchScreen.ActionRegistration.ActionsDuringWorkflowsFeature" name="CanDeleteActionInExpandedActionLogDuringActionWorkflowAndThenContinueWorkflow" />
    </UnitTest>
    <UnitTest name="GivenGameInProgress_WhenDeactivatingGameOfficialWithNoData_ThenOfficialDeactivated" storage="c:\gitlab-runner\builds\wr8mmwyb\0\livestats\livestats.football\source\test\functionaltests\bin\automation\net472\geniussports.livestats.football.functionaltests.dll" id="c86c8c6a-e565-4cbe-d5ec-bdd427fb4f9f">
      <Execution id="5b1a2dc5-1152-45bb-9145-e467884cff95" />
      <TestMethod codeBase="C:\GitLab-Runner\builds\wr8MmWYb\0\LiveStats\LiveStats.Football\Source\Test\FunctionalTests\bin\Automation\net472\GeniusSports.LiveStats.Football.FunctionalTests.dll" adapterTypeName="executor://nunit3testexecutor/" className="GeniusSports.LiveStats.Football.FunctionalTests.Tests.GameSetup.EditGameSetupTests" name="GivenGameInProgress_WhenDeactivatingGameOfficialWithNoData_ThenOfficialDeactivated" />
    </UnitTest>
    <UnitTest name="AddedTimeCanBeFiltered" storage="c:\gitlab-runner\builds\wr8mmwyb\0\livestats\livestats.football\source\test\functionaltests\bin\automation\net472\geniussports.livestats.football.functionaltests.dll" id="a4e4199c-c3af-5a47-4cc1-56f460e731c7">
      <Execution id="4fcffe72-a60d-4e45-9431-6c6dbf01a5a4" />
      <TestMethod codeBase="C:\GitLab-Runner\builds\wr8MmWYb\0\LiveStats\LiveStats.Football\Source\Test\FunctionalTests\bin\Automation\net472\GeniusSports.LiveStats.Football.FunctionalTests.dll" adapterTypeName="executor://nunit3testexecutor/" className="GeniusSports.LiveStats.Football.FunctionalTests.Features.PitchScreen.Filters.ActionTypesFiltersFeature" name="AddedTimeCanBeFiltered" />
    </UnitTest>
    <UnitTest name="CancellingGoalWorkflowResumesFreeKickWorkflow(&quot;reason&quot;,&quot;2&quot;,null)" storage="c:\gitlab-runner\builds\wr8mmwyb\0\livestats\livestats.football\source\test\functionaltests\bin\automation\net472\geniussports.livestats.football.functionaltests.dll" id="caf70aff-1097-250a-4e97-5be3a2b13024">
      <Execution id="8c054472-b505-4d0d-b19c-23928bb5492e" />
      <TestMethod codeBase="C:\GitLab-Runner\builds\wr8MmWYb\0\LiveStats\LiveStats.Football\Source\Test\FunctionalTests\bin\Automation\net472\GeniusSports.LiveStats.Football.FunctionalTests.dll" adapterTypeName="executor://nunit3testexecutor/" className="GeniusSports.LiveStats.Football.FunctionalTests.Features.PitchScreen.ActionRegistration.GoalRegistrationFromFreeKickFeature" name="CancellingGoalWorkflowResumesFreeKickWorkflow(&quot;reason&quot;,&quot;2&quot;,null)" />
    </UnitTest>
    <UnitTest name="GivenThrowInEditOpen_WhenChangingConcededTime_ThenUpdatesTime" storage="c:\gitlab-runner\builds\wr8mmwyb\0\livestats\livestats.football\source\test\functionaltests\bin\automation\net472\geniussports.livestats.football.functionaltests.dll" id="1fbac9c6-21c4-2e70-075e-e9ac833e3e65">
      <Execution id="201a40c2-b45b-4922-b226-6b02b635497f" />
      <TestMethod codeBase="C:\GitLab-Runner\builds\wr8MmWYb\0\LiveStats\LiveStats.Football\Source\Test\FunctionalTests\bin\Automation\net472\GeniusSports.LiveStats.Football.FunctionalTests.dll" adapterTypeName="executor://nunit3testexecutor/" className="GeniusSports.LiveStats.Football.FunctionalTests.Tests.PitchScreen.ActionEdits.ThrowInEditTests" name="GivenThrowInEditOpen_WhenChangingConcededTime_ThenUpdatesTime" />
    </UnitTest>
    <UnitTest name="CannotProceedWithDuplicateOfficials" storage="c:\gitlab-runner\builds\wr8mmwyb\0\livestats\livestats.football\source\test\functionaltests\bin\automation\net472\geniussports.livestats.football.functionaltests.dll" id="9ad99718-52a8-059d-7740-a95aa81d6a3c">
      <Execution id="f4a9fa6b-ba77-45b6-b62c-f37fe69dc99b" />
      <TestMethod codeBase="C:\GitLab-Runner\builds\wr8MmWYb\0\LiveStats\LiveStats.Football\Source\Test\FunctionalTests\bin\Automation\net472\GeniusSports.LiveStats.Football.FunctionalTests.dll" adapterTypeName="executor://nunit3testexecutor/" className="GeniusSports.LiveStats.Football.FunctionalTests.Features.GameSetup.SetupGeneralGameInformationFeature" name="CannotProceedWithDuplicateOfficials" />
    </UnitTest>
    <UnitTest name="GivenActionRegistered_WhenDeletingFromActionLog_ThenDeleted(Booking)" storage="c:\gitlab-runner\builds\wr8mmwyb\0\livestats\livestats.football\source\test\functionaltests\bin\automation\net472\geniussports.livestats.football.functionaltests.dll" id="c13958cc-7902-f554-05aa-e958585052ec">
      <Execution id="d6caf8d6-a16f-44f3-bb7f-808781ad3bf6" />
      <TestMethod codeBase="C:\GitLab-Runner\builds\wr8MmWYb\0\LiveStats\LiveStats.Football\Source\Test\FunctionalTests\bin\Automation\net472\GeniusSports.LiveStats.Football.FunctionalTests.dll" adapterTypeName="executor://nunit3testexecutor/" className="GeniusSports.LiveStats.Football.FunctionalTests.Tests.PitchScreen.ActionDeletes.GameActionDeleteTests" name="GivenActionRegistered_WhenDeletingFromActionLog_ThenDeleted(Booking)" />
    </UnitTest>
    <UnitTest name="SelectVAROutcome(&quot;Overturned&quot;,null)" storage="c:\gitlab-runner\builds\wr8mmwyb\0\livestats\livestats.football\source\test\functionaltests\bin\automation\net472\geniussports.livestats.football.functionaltests.dll" id="17ad507b-256a-a099-8c8d-e3603a739c60">
      <Execution id="3c2dc4d2-e31c-4b1d-9867-3e9f3607864d" />
      <TestMethod codeBase="C:\GitLab-Runner\builds\wr8MmWYb\0\LiveStats\LiveStats.Football\Source\Test\FunctionalTests\bin\Automation\net472\GeniusSports.LiveStats.Football.FunctionalTests.dll" adapterTypeName="executor://nunit3testexecutor/" className="GeniusSports.LiveStats.Football.FunctionalTests.Features.PitchScreen.ActionEdits.CardEditFeature" name="SelectVAROutcome(&quot;Overturned&quot;,null)" />
    </UnitTest>
    <UnitTest name="GivenSetupFinished_WhenSelectingReadyForKickOff_ThenKickOffIsEnabled(2,ToLeft)" storage="c:\gitlab-runner\builds\wr8mmwyb\0\livestats\livestats.football\source\test\functionaltests\bin\automation\net472\geniussports.livestats.football.functionaltests.dll" id="b1696c9f-46c1-c364-8cc3-3831176fbb87">
      <Execution id="d2423b6d-8f9a-4911-9e49-4fa1b8e50a7e" />
      <TestMethod codeBase="C:\GitLab-Runner\builds\wr8MmWYb\0\LiveStats\LiveStats.Football\Source\Test\FunctionalTests\bin\Automation\net472\GeniusSports.LiveStats.Football.FunctionalTests.dll" adapterTypeName="executor://nunit3testexecutor/" className="GeniusSports.LiveStats.Football.FunctionalTests.Tests.PitchScreen.KickOffGameTests" name="GivenSetupFinished_WhenSelectingReadyForKickOff_ThenKickOffIsEnabled(2,ToLeft)" />
    </UnitTest>
    <UnitTest name="CanUnselectAllChosenPlayersForSubstitution" storage="c:\gitlab-runner\builds\wr8mmwyb\0\livestats\livestats.football\source\test\functionaltests\bin\automation\net472\geniussports.livestats.football.functionaltests.dll" id="ecf44896-5fca-1e81-c0c2-b04df6dffab0">
      <Execution id="67d36d2b-4382-440e-abad-8dcc8dcc3865" />
      <TestMethod codeBase="C:\GitLab-Runner\builds\wr8MmWYb\0\LiveStats\LiveStats.Football\Source\Test\FunctionalTests\bin\Automation\net472\GeniusSports.LiveStats.Football.FunctionalTests.dll" adapterTypeName="executor://nunit3testexecutor/" className="GeniusSports.LiveStats.Football.FunctionalTests.Features.PitchScreen.ActionRegistration.Substitutions.RecordingSubstitutionFeature" name="CanUnselectAllChosenPlayersForSubstitution" />
    </UnitTest>
    <UnitTest name="ClearPitchPositionForBallLandingLocation" storage="c:\gitlab-runner\builds\wr8mmwyb\0\livestats\livestats.football\source\test\functionaltests\bin\automation\net472\geniussports.livestats.football.functionaltests.dll" id="a526dd4a-94ed-630b-7aaf-9ae0b56fd332">
      <Execution id="988d865b-9d48-4f6e-8770-80cc82b10964" />
      <TestMethod codeBase="C:\GitLab-Runner\builds\wr8MmWYb\0\LiveStats\LiveStats.Football\Source\Test\FunctionalTests\bin\Automation\net472\GeniusSports.LiveStats.Football.FunctionalTests.dll" adapterTypeName="executor://nunit3testexecutor/" className="GeniusSports.LiveStats.Football.FunctionalTests.Features.PitchScreen.ActionEdits.FreeKickEditFeature" name="ClearPitchPositionForBallLandingLocation" />
    </UnitTest>
    <UnitTest name="PenaltyShot_OnMissWithLocation(&quot;2&quot;,&quot;1&quot;,&quot;10&quot;,&quot;50&quot;,&quot;8&quot;,&quot;12&quot;,null)" storage="c:\gitlab-runner\builds\wr8mmwyb\0\livestats\livestats.football\source\test\functionaltests\bin\automation\net472\geniussports.livestats.football.functionaltests.dll" id="f246bbdb-d2a3-6c8f-bb94-d35bae8f6097">
      <Execution id="caffd1de-ee73-404d-bfae-8b0ccfadd583" />
      <TestMethod codeBase="C:\GitLab-Runner\builds\wr8MmWYb\0\LiveStats\LiveStats.Football\Source\Test\FunctionalTests\bin\Automation\net472\GeniusSports.LiveStats.Football.FunctionalTests.dll" adapterTypeName="executor://nunit3testexecutor/" className="GeniusSports.LiveStats.Football.FunctionalTests.Features.PitchScreen.ActionRegistration.PenaltyRegistrationFeature" name="PenaltyShot_OnMissWithLocation(&quot;2&quot;,&quot;1&quot;,&quot;10&quot;,&quot;50&quot;,&quot;8&quot;,&quot;12&quot;,null)" />
    </UnitTest>
    <UnitTest name="CanDeleteAllSubPairs" storage="c:\gitlab-runner\builds\wr8mmwyb\0\livestats\livestats.football\source\test\functionaltests\bin\automation\net472\geniussports.livestats.football.functionaltests.dll" id="f6a6fd39-0017-7a0e-0a41-cd0d1f619004">
      <Execution id="d17e6118-db33-4465-a6a8-50635076ddaa" />
      <TestMethod codeBase="C:\GitLab-Runner\builds\wr8MmWYb\0\LiveStats\LiveStats.Football\Source\Test\FunctionalTests\bin\Automation\net472\GeniusSports.LiveStats.Football.FunctionalTests.dll" adapterTypeName="executor://nunit3testexecutor/" className="GeniusSports.LiveStats.Football.FunctionalTests.Features.PitchScreen.ActionRegistration.Substitutions.RecordingSubstitutionFeature" name="CanDeleteAllSubPairs" />
    </UnitTest>
    <UnitTest name="InsertCornerAfterOrBeforeLastEvent(&quot;before&quot;,&quot;0025&quot;,&quot;0026&quot;,&quot;00:25&quot;,&quot;2&quot;,&quot;2&quot;,&quot;bottom left&quot;,null)" storage="c:\gitlab-runner\builds\wr8mmwyb\0\livestats\livestats.football\source\test\functionaltests\bin\automation\net472\geniussports.livestats.football.functionaltests.dll" id="abd9c7b5-fcd9-2a51-d6ef-aa3432dc275c">
      <Execution id="d8caa9d7-e0f5-408b-a5e8-2b8b99dc5957" />
      <TestMethod codeBase="C:\GitLab-Runner\builds\wr8MmWYb\0\LiveStats\LiveStats.Football\Source\Test\FunctionalTests\bin\Automation\net472\GeniusSports.LiveStats.Football.FunctionalTests.dll" adapterTypeName="executor://nunit3testexecutor/" className="GeniusSports.LiveStats.Football.FunctionalTests.Features.PitchScreen.ActionInserts.CornerInsertFeature" name="InsertCornerAfterOrBeforeLastEvent(&quot;before&quot;,&quot;0025&quot;,&quot;0026&quot;,&quot;00:25&quot;,&quot;2&quot;,&quot;2&quot;,&quot;bottom left&quot;,null)" />
    </UnitTest>
    <UnitTest name="ClickNoOnConfirm" storage="c:\gitlab-runner\builds\wr8mmwyb\0\livestats\livestats.football\source\test\functionaltests\bin\automation\net472\geniussports.livestats.football.functionaltests.dll" id="2bd5312f-e6eb-8eda-1c46-14a62ffbb29b">
      <Execution id="661c1185-dfd6-4597-b549-304a05fb24b4" />
      <TestMethod codeBase="C:\GitLab-Runner\builds\wr8MmWYb\0\LiveStats\LiveStats.Football\Source\Test\FunctionalTests\bin\Automation\net472\GeniusSports.LiveStats.Football.FunctionalTests.dll" adapterTypeName="executor://nunit3testexecutor/" className="GeniusSports.LiveStats.Football.FunctionalTests.Features.PitchScreen.ActionRegistration.Substitutions.RecordingSubstitutionFeature" name="ClickNoOnConfirm" />
    </UnitTest>
    <UnitTest name="GivenGameInProgress_WhenAddingYellowAndRedCardsForCoach_ThenCoachIsMarkedWithSecondYellowLine(2,SecondYellow)" storage="c:\gitlab-runner\builds\wr8mmwyb\0\livestats\livestats.football\source\test\functionaltests\bin\automation\net472\geniussports.livestats.football.functionaltests.dll" id="eb85a7dc-ac1e-7755-6e59-0727c16f5b26">
      <Execution id="7f9c444f-5224-4af0-9c01-5248a4f13d52" />
      <TestMethod codeBase="C:\GitLab-Runner\builds\wr8MmWYb\0\LiveStats\LiveStats.Football\Source\Test\FunctionalTests\bin\Automation\net472\GeniusSports.LiveStats.Football.FunctionalTests.dll" adapterTypeName="executor://nunit3testexecutor/" className="GeniusSports.LiveStats.Football.FunctionalTests.Tests.PitchScreen.ActionRegistration.CardRegistrationTests" name="GivenGameInProgress_WhenAddingYellowAndRedCardsForCoach_ThenCoachIsMarkedWithSecondYellowLine(2,SecondYellow)" />
    </UnitTest>
    <UnitTest name="CancellingShotWorkflowResumesFreeKickWorkflow(&quot;foul by&quot;,&quot;2&quot;,null)" storage="c:\gitlab-runner\builds\wr8mmwyb\0\livestats\livestats.football\source\test\functionaltests\bin\automation\net472\geniussports.livestats.football.functionaltests.dll" id="1934c119-1ece-bf42-2c60-ccdd5e52fcee">
      <Execution id="b7b602c6-c1c2-4a8c-befd-195ec6da1ca7" />
      <TestMethod codeBase="C:\GitLab-Runner\builds\wr8MmWYb\0\LiveStats\LiveStats.Football\Source\Test\FunctionalTests\bin\Automation\net472\GeniusSports.LiveStats.Football.FunctionalTests.dll" adapterTypeName="executor://nunit3testexecutor/" className="GeniusSports.LiveStats.Football.FunctionalTests.Features.PitchScreen.ActionRegistration.ShotRegistrationFromFreeKickFeature" name="CancellingShotWorkflowResumesFreeKickWorkflow(&quot;foul by&quot;,&quot;2&quot;,null)" />
    </UnitTest>
    <UnitTest name="GivenThrowInStarted_WhenSelectingThrowInFrom_ThenPitchEnabled" storage="c:\gitlab-runner\builds\wr8mmwyb\0\livestats\livestats.football\source\test\functionaltests\bin\automation\net472\geniussports.livestats.football.functionaltests.dll" id="69b5dc6b-4b1d-3b64-ca4f-b32083d720ea">
      <Execution id="c0940db4-30d1-4b8e-9ecc-fa27c5153005" />
      <TestMethod codeBase="C:\GitLab-Runner\builds\wr8MmWYb\0\LiveStats\LiveStats.Football\Source\Test\FunctionalTests\bin\Automation\net472\GeniusSports.LiveStats.Football.FunctionalTests.dll" adapterTypeName="executor://nunit3testexecutor/" className="GeniusSports.LiveStats.Football.FunctionalTests.Tests.PitchScreen.ActionRegistration.ThrowInRegistrationTests" name="GivenThrowInStarted_WhenSelectingThrowInFrom_ThenPitchEnabled" />
    </UnitTest>
    <UnitTest name="GivenGameGoalStarted_WhenSelectingGoalNetLocation_ThenActionUpdated" storage="c:\gitlab-runner\builds\wr8mmwyb\0\livestats\livestats.football\source\test\functionaltests\bin\automation\net472\geniussports.livestats.football.functionaltests.dll" id="7a2f595b-b003-8ea5-7267-c830e23c887f">
      <Execution id="3c440982-3998-479e-bc86-a17def4475f9" />
      <TestMethod codeBase="C:\GitLab-Runner\builds\wr8MmWYb\0\LiveStats\LiveStats.Football\Source\Test\FunctionalTests\bin\Automation\net472\GeniusSports.LiveStats.Football.FunctionalTests.dll" adapterTypeName="executor://nunit3testexecutor/" className="GeniusSports.LiveStats.Football.FunctionalTests.Tests.PitchScreen.ActionRegistration.GoalRegistrationTests" name="GivenGameGoalStarted_WhenSelectingGoalNetLocation_ThenActionUpdated" />
    </UnitTest>
    <UnitTest name="WhenMissingPenaltyWithTeam2IndicatorShowsCorrectScoreAndPlayerGetsDisabledOnPitch" storage="c:\gitlab-runner\builds\wr8mmwyb\0\livestats\livestats.football\source\test\functionaltests\bin\automation\net472\geniussports.livestats.football.functionaltests.dll" id="7a16f5d0-5f7e-d4d9-b8aa-731da472cf7f">
      <Execution id="6e216e09-62c0-4bc2-b8c7-e31f1c153622" />
      <TestMethod codeBase="C:\GitLab-Runner\builds\wr8MmWYb\0\LiveStats\LiveStats.Football\Source\Test\FunctionalTests\bin\Automation\net472\GeniusSports.LiveStats.Football.FunctionalTests.dll" adapterTypeName="executor://nunit3testexecutor/" className="GeniusSports.LiveStats.Football.FunctionalTests.Features.PitchScreen.ActionRegistration.PenaltyShootoutRecordFeature" name="WhenMissingPenaltyWithTeam2IndicatorShowsCorrectScoreAndPlayerGetsDisabledOnPitch" />
    </UnitTest>
    <UnitTest name="SelectVarOnFirstStepOfRecordCardWorkflow(&quot;2&quot;,&quot;Red&quot;,null)" storage="c:\gitlab-runner\builds\wr8mmwyb\0\livestats\livestats.football\source\test\functionaltests\bin\automation\net472\geniussports.livestats.football.functionaltests.dll" id="3d3af38b-9b8c-3bbb-1258-4e1e5e06fa92">
      <Execution id="fcfa341c-8d0e-40d1-bae9-3ac002fbd8a5" />
      <TestMethod codeBase="C:\GitLab-Runner\builds\wr8MmWYb\0\LiveStats\LiveStats.Football\Source\Test\FunctionalTests\bin\Automation\net472\GeniusSports.LiveStats.Football.FunctionalTests.dll" adapterTypeName="executor://nunit3testexecutor/" className="GeniusSports.LiveStats.Football.FunctionalTests.Features.PitchScreen.VideoAssistantReferee.CardsVarRegistrationFeature" name="SelectVarOnFirstStepOfRecordCardWorkflow(&quot;2&quot;,&quot;Red&quot;,null)" />
    </UnitTest>
    <UnitTest name="CardFiltersCanBeDeselectedFromSideFilters" storage="c:\gitlab-runner\builds\wr8mmwyb\0\livestats\livestats.football\source\test\functionaltests\bin\automation\net472\geniussports.livestats.football.functionaltests.dll" id="5477f9ad-cfa0-e3ca-dd59-b5cd48fdbe49">
      <Execution id="ab495e4f-cfeb-4d51-abc8-4882d8b2916a" />
      <TestMethod codeBase="C:\GitLab-Runner\builds\wr8MmWYb\0\LiveStats\LiveStats.Football\Source\Test\FunctionalTests\bin\Automation\net472\GeniusSports.LiveStats.Football.FunctionalTests.dll" adapterTypeName="executor://nunit3testexecutor/" className="GeniusSports.LiveStats.Football.FunctionalTests.Features.PitchScreen.Filters.CardsFilterFeature" name="CardFiltersCanBeDeselectedFromSideFilters" />
    </UnitTest>
    <UnitTest name="ChangePenaltyRetakeCount" storage="c:\gitlab-runner\builds\wr8mmwyb\0\livestats\livestats.football\source\test\functionaltests\bin\automation\net472\geniussports.livestats.football.functionaltests.dll" id="29a66d57-49d9-0576-102c-de0011c4e183">
      <Execution id="26626a23-2ebd-4f12-a49b-2b3b7f7a90db" />
      <TestMethod codeBase="C:\GitLab-Runner\builds\wr8MmWYb\0\LiveStats\LiveStats.Football\Source\Test\FunctionalTests\bin\Automation\net472\GeniusSports.LiveStats.Football.FunctionalTests.dll" adapterTypeName="executor://nunit3testexecutor/" className="GeniusSports.LiveStats.Football.FunctionalTests.Features.PitchScreen.ActionEdits.PenaltyEditFeature" name="ChangePenaltyRetakeCount" />
    </UnitTest>
    <UnitTest name="GivenThrowInLastStep_WhenCancelingAction_ThenActionRemovedFromActionLog" storage="c:\gitlab-runner\builds\wr8mmwyb\0\livestats\livestats.football\source\test\functionaltests\bin\automation\net472\geniussports.livestats.football.functionaltests.dll" id="5ce4bcf7-4af4-871a-3210-77da068607b5">
      <Execution id="74f90139-f1f1-4418-9193-844d37ebfb01" />
      <TestMethod codeBase="C:\GitLab-Runner\builds\wr8MmWYb\0\LiveStats\LiveStats.Football\Source\Test\FunctionalTests\bin\Automation\net472\GeniusSports.LiveStats.Football.FunctionalTests.dll" adapterTypeName="executor://nunit3testexecutor/" className="GeniusSports.LiveStats.Football.FunctionalTests.Tests.PitchScreen.ActionRegistration.ThrowInRegistrationTests" name="GivenThrowInLastStep_WhenCancelingAction_ThenActionRemovedFromActionLog" />
    </UnitTest>
    <UnitTest name="GivenPlayerWithInjury_WhenSettingPlayerToRemainOnPitch_ThenPlayerNotRecovered" storage="c:\gitlab-runner\builds\wr8mmwyb\0\livestats\livestats.football\source\test\functionaltests\bin\automation\net472\geniussports.livestats.football.functionaltests.dll" id="9f30d879-be44-c57d-e5d2-4f85f358c604">
      <Execution id="14d25a75-d9f9-4d7c-ab53-8177d0b92b8c" />
      <TestMethod codeBase="C:\GitLab-Runner\builds\wr8MmWYb\0\LiveStats\LiveStats.Football\Source\Test\FunctionalTests\bin\Automation\net472\GeniusSports.LiveStats.Football.FunctionalTests.dll" adapterTypeName="executor://nunit3testexecutor/" className="GeniusSports.LiveStats.Football.FunctionalTests.Tests.PitchScreen.ActionRegistration.InjuryRegistrationTests" name="GivenPlayerWithInjury_WhenSettingPlayerToRemainOnPitch_ThenPlayerNotRecovered" />
    </UnitTest>
    <UnitTest name="EditFreeKickDuringWorkflowFromExpandedActionLog" storage="c:\gitlab-runner\builds\wr8mmwyb\0\livestats\livestats.football\source\test\functionaltests\bin\automation\net472\geniussports.livestats.football.functionaltests.dll" id="42b81550-3c14-0024-62dd-189fa8dbb063">
      <Execution id="15e700de-7431-4fa7-a4e4-b407c88c334d" />
      <TestMethod codeBase="C:\GitLab-Runner\builds\wr8MmWYb\0\LiveStats\LiveStats.Football\Source\Test\FunctionalTests\bin\Automation\net472\GeniusSports.LiveStats.Football.FunctionalTests.dll" adapterTypeName="executor://nunit3testexecutor/" className="GeniusSports.LiveStats.Football.FunctionalTests.Features.PitchScreen.ActionEdits.EditsPossibleDuringOtherWorkflowsFeature" name="EditFreeKickDuringWorkflowFromExpandedActionLog" />
    </UnitTest>
    <UnitTest name="AfterPenaltyRetakeIsPossibleToSelectSamePenaltyOutcome(&quot;Penalty Shot On Target&quot;,null)" storage="c:\gitlab-runner\builds\wr8mmwyb\0\livestats\livestats.football\source\test\functionaltests\bin\automation\net472\geniussports.livestats.football.functionaltests.dll" id="3547d335-bf84-997d-85d8-cd3f2300c058">
      <Execution id="5b6ecac6-ba11-4ce1-9bb7-bd4dc17978b1" />
      <TestMethod codeBase="C:\GitLab-Runner\builds\wr8MmWYb\0\LiveStats\LiveStats.Football\Source\Test\FunctionalTests\bin\Automation\net472\GeniusSports.LiveStats.Football.FunctionalTests.dll" adapterTypeName="executor://nunit3testexecutor/" className="GeniusSports.LiveStats.Football.FunctionalTests.Features.PitchScreen.ActionRegistration.PenaltyRegistrationFeature" name="AfterPenaltyRetakeIsPossibleToSelectSamePenaltyOutcome(&quot;Penalty Shot On Target&quot;,null)" />
    </UnitTest>
    <UnitTest name="CanInsertCardIntoPeriodBreak(&quot;before&quot;,&quot;GameStart&quot;,&quot;6&quot;,&quot;00:00&quot;,null)" storage="c:\gitlab-runner\builds\wr8mmwyb\0\livestats\livestats.football\source\test\functionaltests\bin\automation\net472\geniussports.livestats.football.functionaltests.dll" id="f21b28f2-1142-cb8e-f9a5-d61fe4f81b02">
      <Execution id="1a46cbcd-50ad-42a9-8d2c-911cee93ba64" />
      <TestMethod codeBase="C:\GitLab-Runner\builds\wr8MmWYb\0\LiveStats\LiveStats.Football\Source\Test\FunctionalTests\bin\Automation\net472\GeniusSports.LiveStats.Football.FunctionalTests.dll" adapterTypeName="executor://nunit3testexecutor/" className="GeniusSports.LiveStats.Football.FunctionalTests.Features.PitchScreen.ActionInserts.PeriodBreakInsertFeature" name="CanInsertCardIntoPeriodBreak(&quot;before&quot;,&quot;GameStart&quot;,&quot;6&quot;,&quot;00:00&quot;,null)" />
    </UnitTest>
    <UnitTest name="CardByTeamAndPlayerUpdated" storage="c:\gitlab-runner\builds\wr8mmwyb\0\livestats\livestats.football\source\test\functionaltests\bin\automation\net472\geniussports.livestats.football.functionaltests.dll" id="51d3669f-0f97-519f-1da5-e755f2beed1c">
      <Execution id="a44d4de4-ed47-4a9b-b3f8-d940955d74b8" />
      <TestMethod codeBase="C:\GitLab-Runner\builds\wr8MmWYb\0\LiveStats\LiveStats.Football\Source\Test\FunctionalTests\bin\Automation\net472\GeniusSports.LiveStats.Football.FunctionalTests.dll" adapterTypeName="executor://nunit3testexecutor/" className="GeniusSports.LiveStats.Football.FunctionalTests.Features.PitchScreen.ActionEdits.CardEditFeature" name="CardByTeamAndPlayerUpdated" />
    </UnitTest>
    <UnitTest name="WhenActionTimeChangedToSameTimeAsAnotherActionAndExistingOrderSaved" storage="c:\gitlab-runner\builds\wr8mmwyb\0\livestats\livestats.football\source\test\functionaltests\bin\automation\net472\geniussports.livestats.football.functionaltests.dll" id="998206b6-4540-a34b-8ae2-f57051df64e0">
      <Execution id="7e7dcae2-f4af-4d29-b844-5f295c1d25ce" />
      <TestMethod codeBase="C:\GitLab-Runner\builds\wr8MmWYb\0\LiveStats\LiveStats.Football\Source\Test\FunctionalTests\bin\Automation\net472\GeniusSports.LiveStats.Football.FunctionalTests.dll" adapterTypeName="executor://nunit3testexecutor/" className="GeniusSports.LiveStats.Football.FunctionalTests.Features.PitchScreen.ActionEdits.ActionContainersAreAutomaticallyReorderedFeature" name="WhenActionTimeChangedToSameTimeAsAnotherActionAndExistingOrderSaved" />
    </UnitTest>
    <UnitTest name="FlagAndContinueAllFreeKickSteps" storage="c:\gitlab-runner\builds\wr8mmwyb\0\livestats\livestats.football\source\test\functionaltests\bin\automation\net472\geniussports.livestats.football.functionaltests.dll" id="9748ae26-e883-a8aa-bec9-de913407505e">
      <Execution id="fc58d8bd-64c5-4260-866e-248477decf5b" />
      <TestMethod codeBase="C:\GitLab-Runner\builds\wr8MmWYb\0\LiveStats\LiveStats.Football\Source\Test\FunctionalTests\bin\Automation\net472\GeniusSports.LiveStats.Football.FunctionalTests.dll" adapterTypeName="executor://nunit3testexecutor/" className="GeniusSports.LiveStats.Football.FunctionalTests.Features.PitchScreen.Flagging.FlagAndContinueFeature" name="FlagAndContinueAllFreeKickSteps" />
    </UnitTest>
    <UnitTest name="SelectVAROutcome(&quot;Stands&quot;,null)" storage="c:\gitlab-runner\builds\wr8mmwyb\0\livestats\livestats.football\source\test\functionaltests\bin\automation\net472\geniussports.livestats.football.functionaltests.dll" id="59025813-169b-8b22-bc99-c025029c359d">
      <Execution id="3ccfd052-be36-43b9-8956-7e86a829b789" />
      <TestMethod codeBase="C:\GitLab-Runner\builds\wr8MmWYb\0\LiveStats\LiveStats.Football\Source\Test\FunctionalTests\bin\Automation\net472\GeniusSports.LiveStats.Football.FunctionalTests.dll" adapterTypeName="executor://nunit3testexecutor/" className="GeniusSports.LiveStats.Football.FunctionalTests.Features.PitchScreen.ActionEdits.CardEditFeature" name="SelectVAROutcome(&quot;Stands&quot;,null)" />
    </UnitTest>
    <UnitTest name="GivenGameInProgress_WhenConfirmingCard_ThenCardIsRegisteredForPlayer(Yellow,2,5,Yellow,&quot;Yellow&quot;)" storage="c:\gitlab-runner\builds\wr8mmwyb\0\livestats\livestats.football\source\test\functionaltests\bin\automation\net472\geniussports.livestats.football.functionaltests.dll" id="431f9f04-5185-e697-d426-f34fd6435357">
      <Execution id="69e4ffdc-688c-4313-8711-650db8df8734" />
      <TestMethod codeBase="C:\GitLab-Runner\builds\wr8MmWYb\0\LiveStats\LiveStats.Football\Source\Test\FunctionalTests\bin\Automation\net472\GeniusSports.LiveStats.Football.FunctionalTests.dll" adapterTypeName="executor://nunit3testexecutor/" className="GeniusSports.LiveStats.Football.FunctionalTests.Tests.PitchScreen.ActionRegistration.CardRegistrationTests" name="GivenGameInProgress_WhenConfirmingCard_ThenCardIsRegisteredForPlayer(Yellow,2,5,Yellow,&quot;Yellow&quot;)" />
    </UnitTest>
    <UnitTest name="GivenGoalStarted_WhenDeclaringVar_ThenVarOptionPrompted" storage="c:\gitlab-runner\builds\wr8mmwyb\0\livestats\livestats.football\source\test\functionaltests\bin\automation\net472\geniussports.livestats.football.functionaltests.dll" id="3fd9c283-fdc2-7941-439c-504671e5fc07">
      <Execution id="9f3141db-4dfc-4207-8f5c-431206a052a1" />
      <TestMethod codeBase="C:\GitLab-Runner\builds\wr8MmWYb\0\LiveStats\LiveStats.Football\Source\Test\FunctionalTests\bin\Automation\net472\GeniusSports.LiveStats.Football.FunctionalTests.dll" adapterTypeName="executor://nunit3testexecutor/" className="GeniusSports.LiveStats.Football.FunctionalTests.Tests.PitchScreen.VideoAssistantReferee.GoalVarRegistrationTests" name="GivenGoalStarted_WhenDeclaringVar_ThenVarOptionPrompted" />
    </UnitTest>
    <UnitTest name="CannotProceedWithIncorrectPlayerNo_" storage="c:\gitlab-runner\builds\wr8mmwyb\0\livestats\livestats.football\source\test\functionaltests\bin\automation\net472\geniussports.livestats.football.functionaltests.dll" id="af9beff1-2bbe-d0d7-60e1-750942868f7d">
      <Execution id="fefc9d4a-2a1a-49b9-aadb-e5231402d8af" />
      <TestMethod codeBase="C:\GitLab-Runner\builds\wr8MmWYb\0\LiveStats\LiveStats.Football\Source\Test\FunctionalTests\bin\Automation\net472\GeniusSports.LiveStats.Football.FunctionalTests.dll" adapterTypeName="executor://nunit3testexecutor/" className="GeniusSports.LiveStats.Football.FunctionalTests.Features.GameSetup.SetupTeamsPlayersFeature" name="CannotProceedWithIncorrectPlayerNo_" />
    </UnitTest>
    <UnitTest name="RemoveOverturnedVARForGoal" storage="c:\gitlab-runner\builds\wr8mmwyb\0\livestats\livestats.football\source\test\functionaltests\bin\automation\net472\geniussports.livestats.football.functionaltests.dll" id="b6077d4b-571b-5181-20c4-9514a98262d0">
      <Execution id="b92947da-9d77-4448-a43c-13c4fc2086fa" />
      <TestMethod codeBase="C:\GitLab-Runner\builds\wr8MmWYb\0\LiveStats\LiveStats.Football\Source\Test\FunctionalTests\bin\Automation\net472\GeniusSports.LiveStats.Football.FunctionalTests.dll" adapterTypeName="executor://nunit3testexecutor/" className="GeniusSports.LiveStats.Football.FunctionalTests.Features.PitchScreen.ActionEdits.GoalEditFeature" name="RemoveOverturnedVARForGoal" />
    </UnitTest>
    <UnitTest name="CannotFlagAndContinueCardConfirmationStep(&quot;Red&quot;,&quot;Red&quot;,&quot;1&quot;,null)" storage="c:\gitlab-runner\builds\wr8mmwyb\0\livestats\livestats.football\source\test\functionaltests\bin\automation\net472\geniussports.livestats.football.functionaltests.dll" id="23af5bd3-3f5f-e610-7aaf-347eb170593a">
      <Execution id="d5105edf-7da3-448c-815e-4d3e2b730241" />
      <TestMethod codeBase="C:\GitLab-Runner\builds\wr8MmWYb\0\LiveStats\LiveStats.Football\Source\Test\FunctionalTests\bin\Automation\net472\GeniusSports.LiveStats.Football.FunctionalTests.dll" adapterTypeName="executor://nunit3testexecutor/" className="GeniusSports.LiveStats.Football.FunctionalTests.Features.PitchScreen.Flagging.FlagAndContinueFeature" name="CannotFlagAndContinueCardConfirmationStep(&quot;Red&quot;,&quot;Red&quot;,&quot;1&quot;,null)" />
    </UnitTest>
    <UnitTest name="GivenGoalRecorded_WithEditingSelectingAssists_ThenCanSelectNoMoreThanOneAssist" storage="c:\gitlab-runner\builds\wr8mmwyb\0\livestats\livestats.football\source\test\functionaltests\bin\automation\net472\geniussports.livestats.football.functionaltests.dll" id="1d7d5082-7cb0-60d7-a394-8a458d0bc21d">
      <Execution id="105516af-b3e5-4abc-be8c-a52c180227d3" />
      <TestMethod codeBase="C:\GitLab-Runner\builds\wr8MmWYb\0\LiveStats\LiveStats.Football\Source\Test\FunctionalTests\bin\Automation\net472\GeniusSports.LiveStats.Football.FunctionalTests.dll" adapterTypeName="executor://nunit3testexecutor/" className="GeniusSports.LiveStats.Football.FunctionalTests.Tests.PitchScreen.ActionEdits.GoalEditTests" name="GivenGoalRecorded_WithEditingSelectingAssists_ThenCanSelectNoMoreThanOneAssist" />
    </UnitTest>
    <UnitTest name="SelectPlayerForFoulFreekickAvailable(&quot;1&quot;,&quot;2&quot;,&quot;1&quot;,null)" storage="c:\gitlab-runner\builds\wr8mmwyb\0\livestats\livestats.football\source\test\functionaltests\bin\automation\net472\geniussports.livestats.football.functionaltests.dll" id="279f4416-7f8f-308d-6eeb-d3685df7dea5">
      <Execution id="e228729c-49ef-473c-adb4-9e22741ba787" />
      <TestMethod codeBase="C:\GitLab-Runner\builds\wr8MmWYb\0\LiveStats\LiveStats.Football\Source\Test\FunctionalTests\bin\Automation\net472\GeniusSports.LiveStats.Football.FunctionalTests.dll" adapterTypeName="executor://nunit3testexecutor/" className="GeniusSports.LiveStats.Football.FunctionalTests.Features.PitchScreen.ActionRegistration.FreeKickRegistrationFeature" name="SelectPlayerForFoulFreekickAvailable(&quot;1&quot;,&quot;2&quot;,&quot;1&quot;,null)" />
    </UnitTest>
    <UnitTest name="GivenGameWithActions_WhenInsertBeforeOrAfterShot_ThenInsertedInExpandedLog(Before,2,25,2,1)" storage="c:\gitlab-runner\builds\wr8mmwyb\0\livestats\livestats.football\source\test\functionaltests\bin\automation\net472\geniussports.livestats.football.functionaltests.dll" id="bde20442-e8af-861b-49b2-22b138e6c73b">
      <Execution id="4ec071ae-2645-4a1b-9a85-da006acf23bc" />
      <TestMethod codeBase="C:\GitLab-Runner\builds\wr8MmWYb\0\LiveStats\LiveStats.Football\Source\Test\FunctionalTests\bin\Automation\net472\GeniusSports.LiveStats.Football.FunctionalTests.dll" adapterTypeName="executor://nunit3testexecutor/" className="GeniusSports.LiveStats.Football.FunctionalTests.Tests.PitchScreen.ActionInserts.ShotInsertTests" name="GivenGameWithActions_WhenInsertBeforeOrAfterShot_ThenInsertedInExpandedLog(Before,2,25,2,1)" />
    </UnitTest>
    <UnitTest name="VerifyTeamColorForGoalInsertOptions(&quot;1&quot;,null)" storage="c:\gitlab-runner\builds\wr8mmwyb\0\livestats\livestats.football\source\test\functionaltests\bin\automation\net472\geniussports.livestats.football.functionaltests.dll" id="61448ba0-49fd-2e66-4506-6cd646796647">
      <Execution id="8345ae86-b878-4195-96b7-6772b62bd7f1" />
      <TestMethod codeBase="C:\GitLab-Runner\builds\wr8MmWYb\0\LiveStats\LiveStats.Football\Source\Test\FunctionalTests\bin\Automation\net472\GeniusSports.LiveStats.Football.FunctionalTests.dll" adapterTypeName="executor://nunit3testexecutor/" className="GeniusSports.LiveStats.Football.FunctionalTests.Features.PitchScreen.ActionInserts.InsertGoalFeature" name="VerifyTeamColorForGoalInsertOptions(&quot;1&quot;,null)" />
    </UnitTest>
    <UnitTest name="SelectFreekickLocation(&quot;1&quot;,null)" storage="c:\gitlab-runner\builds\wr8mmwyb\0\livestats\livestats.football\source\test\functionaltests\bin\automation\net472\geniussports.livestats.football.functionaltests.dll" id="9fa58553-5174-5368-0928-c84907947286">
      <Execution id="8530913f-c7a5-456c-880f-2c30b97c2b6a" />
      <TestMethod codeBase="C:\GitLab-Runner\builds\wr8MmWYb\0\LiveStats\LiveStats.Football\Source\Test\FunctionalTests\bin\Automation\net472\GeniusSports.LiveStats.Football.FunctionalTests.dll" adapterTypeName="executor://nunit3testexecutor/" className="GeniusSports.LiveStats.Football.FunctionalTests.Features.PitchScreen.ActionRegistration.FreeKickRegistrationFeature" name="SelectFreekickLocation(&quot;1&quot;,null)" />
    </UnitTest>
    <UnitTest name="InsertGoalPenaltyWithOffenceReasonAfterOrBeforeLastEvent(&quot;after&quot;,&quot;1&quot;,&quot;2&quot;,&quot;0035&quot;,&quot;0036&quot;,&quot;00:35&quot;,&quot;00:36&quot;,&quot;1 - 0&quot;,&quot;2&quot;,&quot;1&quot;,&quot;3&quot;,null)" storage="c:\gitlab-runner\builds\wr8mmwyb\0\livestats\livestats.football\source\test\functionaltests\bin\automation\net472\geniussports.livestats.football.functionaltests.dll" id="b4284103-16e6-167a-83c5-92b0f2244d05">
      <Execution id="5420217b-2310-4bee-86ee-b7038380b07c" />
      <TestMethod codeBase="C:\GitLab-Runner\builds\wr8MmWYb\0\LiveStats\LiveStats.Football\Source\Test\FunctionalTests\bin\Automation\net472\GeniusSports.LiveStats.Football.FunctionalTests.dll" adapterTypeName="executor://nunit3testexecutor/" className="GeniusSports.LiveStats.Football.FunctionalTests.Features.PitchScreen.ActionInserts.PenaltyInsertFeature" name="InsertGoalPenaltyWithOffenceReasonAfterOrBeforeLastEvent(&quot;after&quot;,&quot;1&quot;,&quot;2&quot;,&quot;0035&quot;,&quot;0036&quot;,&quot;00:35&quot;,&quot;00:36&quot;,&quot;1 - 0&quot;,&quot;2&quot;,&quot;1&quot;,&quot;3&quot;,null)" />
    </UnitTest>
    <UnitTest name="SecondPeriodKick_OffCantBeDeletedIfThereIsActionRegisteredAfter" storage="c:\gitlab-runner\builds\wr8mmwyb\0\livestats\livestats.football\source\test\functionaltests\bin\automation\net472\geniussports.livestats.football.functionaltests.dll" id="6e344cf5-138c-676c-9944-32aa8e1e7d32">
      <Execution id="bfc3e2a4-ac43-48d0-8746-519ba3bf86ca" />
      <TestMethod codeBase="C:\GitLab-Runner\builds\wr8MmWYb\0\LiveStats\LiveStats.Football\Source\Test\FunctionalTests\bin\Automation\net472\GeniusSports.LiveStats.Football.FunctionalTests.dll" adapterTypeName="executor://nunit3testexecutor/" className="GeniusSports.LiveStats.Football.FunctionalTests.Features.PitchScreen.ActionDeletes.KickOffsDeleteFeature" name="SecondPeriodKick_OffCantBeDeletedIfThereIsActionRegisteredAfter" />
    </UnitTest>
    <UnitTest name="EditGoalKickDuringWorkflowFromActionLog" storage="c:\gitlab-runner\builds\wr8mmwyb\0\livestats\livestats.football\source\test\functionaltests\bin\automation\net472\geniussports.livestats.football.functionaltests.dll" id="d473d460-3b9b-1b85-9b7d-ca7d1e18e985">
      <Execution id="a991f380-8eda-4e75-802b-3de0aea2aee9" />
      <TestMethod codeBase="C:\GitLab-Runner\builds\wr8MmWYb\0\LiveStats\LiveStats.Football\Source\Test\FunctionalTests\bin\Automation\net472\GeniusSports.LiveStats.Football.FunctionalTests.dll" adapterTypeName="executor://nunit3testexecutor/" className="GeniusSports.LiveStats.Football.FunctionalTests.Features.PitchScreen.ActionEdits.EditsPossibleDuringOtherWorkflowsFeature" name="EditGoalKickDuringWorkflowFromActionLog" />
    </UnitTest>
    <UnitTest name="GivenSetupFinished_WhenSelectingReadyForKickOff_ThenKickOffIsEnabled(1,ToLeft)" storage="c:\gitlab-runner\builds\wr8mmwyb\0\livestats\livestats.football\source\test\functionaltests\bin\automation\net472\geniussports.livestats.football.functionaltests.dll" id="e802a487-30d6-1fc8-857f-4323778d45f2">
      <Execution id="0ed6df2a-8c4b-4325-83d3-0372efd02a8b" />
      <TestMethod codeBase="C:\GitLab-Runner\builds\wr8MmWYb\0\LiveStats\LiveStats.Football\Source\Test\FunctionalTests\bin\Automation\net472\GeniusSports.LiveStats.Football.FunctionalTests.dll" adapterTypeName="executor://nunit3testexecutor/" className="GeniusSports.LiveStats.Football.FunctionalTests.Tests.PitchScreen.KickOffGameTests" name="GivenSetupFinished_WhenSelectingReadyForKickOff_ThenKickOffIsEnabled(1,ToLeft)" />
    </UnitTest>
    <UnitTest name="MandatoryFieldsAreHighlightedWhenMissingData" storage="c:\gitlab-runner\builds\wr8mmwyb\0\livestats\livestats.football\source\test\functionaltests\bin\automation\net472\geniussports.livestats.football.functionaltests.dll" id="bf2dc78c-88ba-67d1-89ae-08056cb8aeee">
      <Execution id="63fec24b-8dd5-4473-9535-1eab174c8f6d" />
      <TestMethod codeBase="C:\GitLab-Runner\builds\wr8MmWYb\0\LiveStats\LiveStats.Football\Source\Test\FunctionalTests\bin\Automation\net472\GeniusSports.LiveStats.Football.FunctionalTests.dll" adapterTypeName="executor://nunit3testexecutor/" className="GeniusSports.LiveStats.Football.FunctionalTests.Features.GameSetup.SetupTeamsPlayersFeature" name="MandatoryFieldsAreHighlightedWhenMissingData" />
    </UnitTest>
    <UnitTest name="InsertedCornerIsPresentedInEditForm" storage="c:\gitlab-runner\builds\wr8mmwyb\0\livestats\livestats.football\source\test\functionaltests\bin\automation\net472\geniussports.livestats.football.functionaltests.dll" id="894c8d78-58d4-d7b0-7314-fa342d79a13f">
      <Execution id="11120259-afed-4c77-8ae6-c7d95169491c" />
      <TestMethod codeBase="C:\GitLab-Runner\builds\wr8MmWYb\0\LiveStats\LiveStats.Football\Source\Test\FunctionalTests\bin\Automation\net472\GeniusSports.LiveStats.Football.FunctionalTests.dll" adapterTypeName="executor://nunit3testexecutor/" className="GeniusSports.LiveStats.Football.FunctionalTests.Features.PitchScreen.ActionInserts.CornerInsertFeature" name="InsertedCornerIsPresentedInEditForm" />
    </UnitTest>
    <UnitTest name="GivenGameInProgress_WhenPuttingCardOnHold_ThenSetsCardAsIncompleteAction(Yellow,2)" storage="c:\gitlab-runner\builds\wr8mmwyb\0\livestats\livestats.football\source\test\functionaltests\bin\automation\net472\geniussports.livestats.football.functionaltests.dll" id="1b7bc708-f9aa-11a7-c1d2-36c8d7c00150">
      <Execution id="e99658c4-e87f-4e32-922f-5fcd02d3544e" />
      <TestMethod codeBase="C:\GitLab-Runner\builds\wr8MmWYb\0\LiveStats\LiveStats.Football\Source\Test\FunctionalTests\bin\Automation\net472\GeniusSports.LiveStats.Football.FunctionalTests.dll" adapterTypeName="executor://nunit3testexecutor/" className="GeniusSports.LiveStats.Football.FunctionalTests.Tests.PitchScreen.ActionRegistration.CardRegistrationTests" name="GivenGameInProgress_WhenPuttingCardOnHold_ThenSetsCardAsIncompleteAction(Yellow,2)" />
    </UnitTest>
    <UnitTest name="SelectFoulForFreekick(&quot;1&quot;,&quot;2&quot;,&quot;2&quot;,null)" storage="c:\gitlab-runner\builds\wr8mmwyb\0\livestats\livestats.football\source\test\functionaltests\bin\automation\net472\geniussports.livestats.football.functionaltests.dll" id="a0136020-d783-3612-470f-41f2568d9aa6">
      <Execution id="cd953867-fe11-4e6b-b00e-f0cf6a017769" />
      <TestMethod codeBase="C:\GitLab-Runner\builds\wr8MmWYb\0\LiveStats\LiveStats.Football\Source\Test\FunctionalTests\bin\Automation\net472\GeniusSports.LiveStats.Football.FunctionalTests.dll" adapterTypeName="executor://nunit3testexecutor/" className="GeniusSports.LiveStats.Football.FunctionalTests.Features.PitchScreen.ActionRegistration.FreeKickRegistrationFeature" name="SelectFoulForFreekick(&quot;1&quot;,&quot;2&quot;,&quot;2&quot;,null)" />
    </UnitTest>
    <UnitTest name="VarBeforeConfirmingTheCard(&quot;2&quot;,&quot;Yellow&quot;,&quot;1&quot;,null)" storage="c:\gitlab-runner\builds\wr8mmwyb\0\livestats\livestats.football\source\test\functionaltests\bin\automation\net472\geniussports.livestats.football.functionaltests.dll" id="cda5a7e7-0681-8eb0-815d-fcce846114b2">
      <Execution id="bf65b711-d09d-4559-b09f-de71d58bdbe3" />
      <TestMethod codeBase="C:\GitLab-Runner\builds\wr8MmWYb\0\LiveStats\LiveStats.Football\Source\Test\FunctionalTests\bin\Automation\net472\GeniusSports.LiveStats.Football.FunctionalTests.dll" adapterTypeName="executor://nunit3testexecutor/" className="GeniusSports.LiveStats.Football.FunctionalTests.Features.PitchScreen.VideoAssistantReferee.CardsVarRegistrationFeature" name="VarBeforeConfirmingTheCard(&quot;2&quot;,&quot;Yellow&quot;,&quot;1&quot;,null)" />
    </UnitTest>
    <UnitTest name="GivenFootballGameStarted_ThenClockIsTickingUp" storage="c:\gitlab-runner\builds\wr8mmwyb\0\livestats\livestats.football\source\test\functionaltests\bin\automation\net472\geniussports.livestats.football.functionaltests.dll" id="521bfdfb-3991-2cf3-3203-ee5831ed1e56">
      <Execution id="d2b55a0c-9a27-4d7c-bc21-8e9396716e35" />
      <TestMethod codeBase="C:\GitLab-Runner\builds\wr8MmWYb\0\LiveStats\LiveStats.Football\Source\Test\FunctionalTests\bin\Automation\net472\GeniusSports.LiveStats.Football.FunctionalTests.dll" adapterTypeName="executor://nunit3testexecutor/" className="GeniusSports.LiveStats.Football.FunctionalTests.Tests.PitchScreen.Clock.ClockManipulationTests" name="GivenFootballGameStarted_ThenClockIsTickingUp" />
    </UnitTest>
    <UnitTest name="FlagAndContinuePenalty" storage="c:\gitlab-runner\builds\wr8mmwyb\0\livestats\livestats.football\source\test\functionaltests\bin\automation\net472\geniussports.livestats.football.functionaltests.dll" id="56af6457-aa47-2b12-e9d4-fe3df80c8121">
      <Execution id="f7eff71f-c8ac-4a15-9f00-6b0365cda0eb" />
      <TestMethod codeBase="C:\GitLab-Runner\builds\wr8MmWYb\0\LiveStats\LiveStats.Football\Source\Test\FunctionalTests\bin\Automation\net472\GeniusSports.LiveStats.Football.FunctionalTests.dll" adapterTypeName="executor://nunit3testexecutor/" className="GeniusSports.LiveStats.Football.FunctionalTests.Features.PitchScreen.Flagging.FlagAndContinueFeature" name="FlagAndContinuePenalty" />
    </UnitTest>
    <UnitTest name="GivenGameInProgress_WhenSelectingInterruptReason_ThenConfirmationIsPrompted" storage="c:\gitlab-runner\builds\wr8mmwyb\0\livestats\livestats.football\source\test\functionaltests\bin\automation\net472\geniussports.livestats.football.functionaltests.dll" id="bbc13080-731c-8f84-ed08-5747215f8e83">
      <Execution id="322c5940-3168-4bed-88ad-ac9b198b0b94" />
      <TestMethod codeBase="C:\GitLab-Runner\builds\wr8MmWYb\0\LiveStats\LiveStats.Football\Source\Test\FunctionalTests\bin\Automation\net472\GeniusSports.LiveStats.Football.FunctionalTests.dll" adapterTypeName="executor://nunit3testexecutor/" className="GeniusSports.LiveStats.Football.FunctionalTests.Tests.PitchScreen.GameMessages.GameInterruptionTests" name="GivenGameInProgress_WhenSelectingInterruptReason_ThenConfirmationIsPrompted" />
    </UnitTest>
    <UnitTest name="KickOffAfterPenaltyGoal(&quot;1&quot;,&quot;2&quot;,&quot;90&quot;,&quot;50&quot;,&quot;5&quot;,&quot;16&quot;,null)" storage="c:\gitlab-runner\builds\wr8mmwyb\0\livestats\livestats.football\source\test\functionaltests\bin\automation\net472\geniussports.livestats.football.functionaltests.dll" id="03ddbc4a-ed60-f1dc-6540-68bce5bb90a7">
      <Execution id="a1c66635-acfd-4043-90c4-735ccf0119bf" />
      <TestMethod codeBase="C:\GitLab-Runner\builds\wr8MmWYb\0\LiveStats\LiveStats.Football\Source\Test\FunctionalTests\bin\Automation\net472\GeniusSports.LiveStats.Football.FunctionalTests.dll" adapterTypeName="executor://nunit3testexecutor/" className="GeniusSports.LiveStats.Football.FunctionalTests.Features.PitchScreen.ActionRegistration.PenaltyRegistrationFeature" name="KickOffAfterPenaltyGoal(&quot;1&quot;,&quot;2&quot;,&quot;90&quot;,&quot;50&quot;,&quot;5&quot;,&quot;16&quot;,null)" />
    </UnitTest>
    <UnitTest name="NoOnVarOnFirstStepOfRecordCardWorkflow(&quot;1&quot;,&quot;Red&quot;,null)" storage="c:\gitlab-runner\builds\wr8mmwyb\0\livestats\livestats.football\source\test\functionaltests\bin\automation\net472\geniussports.livestats.football.functionaltests.dll" id="b207ab7c-0ff3-35a9-ed53-f2165c656383">
      <Execution id="930b0a10-f0ec-49ee-b65c-56114add6a59" />
      <TestMethod codeBase="C:\GitLab-Runner\builds\wr8MmWYb\0\LiveStats\LiveStats.Football\Source\Test\FunctionalTests\bin\Automation\net472\GeniusSports.LiveStats.Football.FunctionalTests.dll" adapterTypeName="executor://nunit3testexecutor/" className="GeniusSports.LiveStats.Football.FunctionalTests.Features.PitchScreen.VideoAssistantReferee.CardsVarRegistrationFeature" name="NoOnVarOnFirstStepOfRecordCardWorkflow(&quot;1&quot;,&quot;Red&quot;,null)" />
    </UnitTest>
    <UnitTest name="DisableVARInCardEdit" storage="c:\gitlab-runner\builds\wr8mmwyb\0\livestats\livestats.football\source\test\functionaltests\bin\automation\net472\geniussports.livestats.football.functionaltests.dll" id="bc586551-68b2-3cb5-02cb-860992fb758f">
      <Execution id="8520ac0b-54e1-4025-b245-c7e746477509" />
      <TestMethod codeBase="C:\GitLab-Runner\builds\wr8MmWYb\0\LiveStats\LiveStats.Football\Source\Test\FunctionalTests\bin\Automation\net472\GeniusSports.LiveStats.Football.FunctionalTests.dll" adapterTypeName="executor://nunit3testexecutor/" className="GeniusSports.LiveStats.Football.FunctionalTests.Features.PitchScreen.ActionEdits.CardEditFeature" name="DisableVARInCardEdit" />
    </UnitTest>
    <UnitTest name="PenaltyShootOutKickRetake(&quot;Penalty Shot Off Target&quot;,null)" storage="c:\gitlab-runner\builds\wr8mmwyb\0\livestats\livestats.football\source\test\functionaltests\bin\automation\net472\geniussports.livestats.football.functionaltests.dll" id="802fc36c-d76f-f85f-feab-b59fa3ba8fec">
      <Execution id="7a9f9fef-f41e-4c20-b770-38dc09025602" />
      <TestMethod codeBase="C:\GitLab-Runner\builds\wr8MmWYb\0\LiveStats\LiveStats.Football\Source\Test\FunctionalTests\bin\Automation\net472\GeniusSports.LiveStats.Football.FunctionalTests.dll" adapterTypeName="executor://nunit3testexecutor/" className="GeniusSports.LiveStats.Football.FunctionalTests.Features.PitchScreen.ActionRegistration.PenaltyShootoutRecordFeature" name="PenaltyShootOutKickRetake(&quot;Penalty Shot Off Target&quot;,null)" />
    </UnitTest>
    <UnitTest name="YesOnVARForPenaltyFirstStep(&quot;2&quot;,null)" storage="c:\gitlab-runner\builds\wr8mmwyb\0\livestats\livestats.football\source\test\functionaltests\bin\automation\net472\geniussports.livestats.football.functionaltests.dll" id="3733016d-1e43-357d-a866-742e560c03a0">
      <Execution id="753deac7-26e0-4250-b455-51f47d5cc7ed" />
      <TestMethod codeBase="C:\GitLab-Runner\builds\wr8MmWYb\0\LiveStats\LiveStats.Football\Source\Test\FunctionalTests\bin\Automation\net472\GeniusSports.LiveStats.Football.FunctionalTests.dll" adapterTypeName="executor://nunit3testexecutor/" className="GeniusSports.LiveStats.Football.FunctionalTests.Features.PitchScreen.VideoAssistantReferee.VarRegistrationDuringPenaltyFeature" name="YesOnVARForPenaltyFirstStep(&quot;2&quot;,null)" />
    </UnitTest>
    <UnitTest name="SelectPenaltyLocation(&quot;1&quot;,&quot;2&quot;,&quot;90&quot;,&quot;50&quot;,null)" storage="c:\gitlab-runner\builds\wr8mmwyb\0\livestats\livestats.football\source\test\functionaltests\bin\automation\net472\geniussports.livestats.football.functionaltests.dll" id="1407b4a8-ad1d-da96-eab0-21cf14cca9b4">
      <Execution id="fdde9ae7-631e-4af4-85da-75b994b0e7bf" />
      <TestMethod codeBase="C:\GitLab-Runner\builds\wr8MmWYb\0\LiveStats\LiveStats.Football\Source\Test\FunctionalTests\bin\Automation\net472\GeniusSports.LiveStats.Football.FunctionalTests.dll" adapterTypeName="executor://nunit3testexecutor/" className="GeniusSports.LiveStats.Football.FunctionalTests.Features.PitchScreen.ActionRegistration.PenaltyRegistrationFeature" name="SelectPenaltyLocation(&quot;1&quot;,&quot;2&quot;,&quot;90&quot;,&quot;50&quot;,null)" />
    </UnitTest>
    <UnitTest name="GivenFootballExtraTimeFirstHalfKickedOff_WhenDeletingKickOff_ThenBackInPendingState" storage="c:\gitlab-runner\builds\wr8mmwyb\0\livestats\livestats.football\source\test\functionaltests\bin\automation\net472\geniussports.livestats.football.functionaltests.dll" id="e262f44c-3ea9-f8eb-ec23-3aaff9fddc0c">
      <Execution id="b274ccbe-e9f6-4c43-9f1b-9bfe80ec09e9" />
      <TestMethod codeBase="C:\GitLab-Runner\builds\wr8MmWYb\0\LiveStats\LiveStats.Football\Source\Test\FunctionalTests\bin\Automation\net472\GeniusSports.LiveStats.Football.FunctionalTests.dll" adapterTypeName="executor://nunit3testexecutor/" className="GeniusSports.LiveStats.Football.FunctionalTests.Tests.PitchScreen.ActionDeletes.KickOffsDeleteTests" name="GivenFootballExtraTimeFirstHalfKickedOff_WhenDeletingKickOff_ThenBackInPendingState" />
    </UnitTest>
    <UnitTest name="EditPlayerInjuryDuringWorkflowFromActionLog" storage="c:\gitlab-runner\builds\wr8mmwyb\0\livestats\livestats.football\source\test\functionaltests\bin\automation\net472\geniussports.livestats.football.functionaltests.dll" id="5efc04d2-01a2-524e-f80e-c41d3ac05f99">
      <Execution id="b9e0dacf-830a-4240-b3dd-e6f127198f92" />
      <TestMethod codeBase="C:\GitLab-Runner\builds\wr8MmWYb\0\LiveStats\LiveStats.Football\Source\Test\FunctionalTests\bin\Automation\net472\GeniusSports.LiveStats.Football.FunctionalTests.dll" adapterTypeName="executor://nunit3testexecutor/" className="GeniusSports.LiveStats.Football.FunctionalTests.Features.PitchScreen.ActionEdits.EditsPossibleDuringOtherWorkflowsFeature" name="EditPlayerInjuryDuringWorkflowFromActionLog" />
    </UnitTest>
    <UnitTest name="GivenGoalGameInProgress_WhenStartingGoalKick_ThenTakenFromLocationStepInitiated" storage="c:\gitlab-runner\builds\wr8mmwyb\0\livestats\livestats.football\source\test\functionaltests\bin\automation\net472\geniussports.livestats.football.functionaltests.dll" id="09eaf8a5-ab9b-ef36-be84-de0e92978a50">
      <Execution id="ca4edbe9-8312-4f52-a963-1957ab10fa2e" />
      <TestMethod codeBase="C:\GitLab-Runner\builds\wr8MmWYb\0\LiveStats\LiveStats.Football\Source\Test\FunctionalTests\bin\Automation\net472\GeniusSports.LiveStats.Football.FunctionalTests.dll" adapterTypeName="executor://nunit3testexecutor/" className="GeniusSports.LiveStats.Football.FunctionalTests.Tests.PitchScreen.ActionRegistration.GoalKickRegistrationTests" name="GivenGoalGameInProgress_WhenStartingGoalKick_ThenTakenFromLocationStepInitiated" />
    </UnitTest>
    <UnitTest name="FootballDisableVARInGoalEdit" storage="c:\gitlab-runner\builds\wr8mmwyb\0\livestats\livestats.football\source\test\functionaltests\bin\automation\net472\geniussports.livestats.football.functionaltests.dll" id="89846cfd-29f5-2547-78e8-a8c8ecf0a09d">
      <Execution id="329ba51d-e157-4d94-87a2-fbfacfdc327b" />
      <TestMethod codeBase="C:\GitLab-Runner\builds\wr8MmWYb\0\LiveStats\LiveStats.Football\Source\Test\FunctionalTests\bin\Automation\net472\GeniusSports.LiveStats.Football.FunctionalTests.dll" adapterTypeName="executor://nunit3testexecutor/" className="GeniusSports.LiveStats.Football.FunctionalTests.Features.PitchScreen.ActionEdits.GoalEditFeature" name="FootballDisableVARInGoalEdit" />
    </UnitTest>
    <UnitTest name="SelectPlayerForYellowCardAndYellowReasonsAreShown(&quot;Yellow&quot;,&quot;Yellow&quot;,&quot;Unsporting&quot;,&quot;Dissent&quot;,&quot;Persistent Infringement&quot;,&quot;Time Wasting&quot;,&quot;Yellow&quot;,null)" storage="c:\gitlab-runner\builds\wr8mmwyb\0\livestats\livestats.football\source\test\functionaltests\bin\automation\net472\geniussports.livestats.football.functionaltests.dll" id="746bf9ae-c9a5-9aa7-ee9e-677654851519">
      <Execution id="46a208f4-528b-4080-ac96-16dd219896f5" />
      <TestMethod codeBase="C:\GitLab-Runner\builds\wr8MmWYb\0\LiveStats\LiveStats.Football\Source\Test\FunctionalTests\bin\Automation\net472\GeniusSports.LiveStats.Football.FunctionalTests.dll" adapterTypeName="executor://nunit3testexecutor/" className="GeniusSports.LiveStats.Football.FunctionalTests.Features.PitchScreen.ActionRegistration.CardRegistrationFeature" name="SelectPlayerForYellowCardAndYellowReasonsAreShown(&quot;Yellow&quot;,&quot;Yellow&quot;,&quot;Unsporting&quot;,&quot;Dissent&quot;,&quot;Persistent Infringement&quot;,&quot;Time Wasting&quot;,&quot;Yellow&quot;,null)" />
    </UnitTest>
    <UnitTest name="InjuredPlayerCanBeChanged" storage="c:\gitlab-runner\builds\wr8mmwyb\0\livestats\livestats.football\source\test\functionaltests\bin\automation\net472\geniussports.livestats.football.functionaltests.dll" id="30bd53c2-6fa8-984a-e7c5-341de2dfcf3a">
      <Execution id="5d0ce9f6-cd59-492d-9f17-b0fd21405ab7" />
      <TestMethod codeBase="C:\GitLab-Runner\builds\wr8MmWYb\0\LiveStats\LiveStats.Football\Source\Test\FunctionalTests\bin\Automation\net472\GeniusSports.LiveStats.Football.FunctionalTests.dll" adapterTypeName="executor://nunit3testexecutor/" className="GeniusSports.LiveStats.Football.FunctionalTests.Features.PitchScreen.ActionEdits.PlayerInjuryEditFeature" name="InjuredPlayerCanBeChanged" />
    </UnitTest>
    <UnitTest name="GivenGoalNetLocationSelected_WhenCancelingWorkflow_ThenGoalDeleted(2,7)" storage="c:\gitlab-runner\builds\wr8mmwyb\0\livestats\livestats.football\source\test\functionaltests\bin\automation\net472\geniussports.livestats.football.functionaltests.dll" id="3f0b50ff-cba9-f5e4-bcaf-9f7b40f3a064">
      <Execution id="ab59ee79-3f57-45f9-a216-f0815ad421a2" />
      <TestMethod codeBase="C:\GitLab-Runner\builds\wr8MmWYb\0\LiveStats\LiveStats.Football\Source\Test\FunctionalTests\bin\Automation\net472\GeniusSports.LiveStats.Football.FunctionalTests.dll" adapterTypeName="executor://nunit3testexecutor/" className="GeniusSports.LiveStats.Football.FunctionalTests.Tests.PitchScreen.ActionRegistration.GoalRegistrationTests" name="GivenGoalNetLocationSelected_WhenCancelingWorkflow_ThenGoalDeleted(2,7)" />
    </UnitTest>
    <UnitTest name="GoalWorkflowCanBeStartedDuringAnyFreeKickWorkflowStep(&quot;location&quot;,&quot;2&quot;,null)" storage="c:\gitlab-runner\builds\wr8mmwyb\0\livestats\livestats.football\source\test\functionaltests\bin\automation\net472\geniussports.livestats.football.functionaltests.dll" id="fd374e01-ec03-bb99-fc7d-820905a73387">
      <Execution id="739e7669-9de2-448a-b98d-1658116a3655" />
      <TestMethod codeBase="C:\GitLab-Runner\builds\wr8MmWYb\0\LiveStats\LiveStats.Football\Source\Test\FunctionalTests\bin\Automation\net472\GeniusSports.LiveStats.Football.FunctionalTests.dll" adapterTypeName="executor://nunit3testexecutor/" className="GeniusSports.LiveStats.Football.FunctionalTests.Features.PitchScreen.ActionRegistration.GoalRegistrationFromFreeKickFeature" name="GoalWorkflowCanBeStartedDuringAnyFreeKickWorkflowStep(&quot;location&quot;,&quot;2&quot;,null)" />
    </UnitTest>
    <UnitTest name="GivenTrainingGameStarted_WhenCompletingSetupAndKickingOff_ThenClockTickingAndTeamActionsEnabled" storage="c:\gitlab-runner\builds\wr8mmwyb\0\livestats\livestats.football\source\test\functionaltests\bin\automation\net472\geniussports.livestats.football.functionaltests.dll" id="e749c31a-4c53-6542-cdd5-ec2ef67a14a6">
      <Execution id="33dd0588-6006-4cd8-b1b3-43d617bf3f25" />
      <TestMethod codeBase="C:\GitLab-Runner\builds\wr8MmWYb\0\LiveStats\LiveStats.Football\Source\Test\FunctionalTests\bin\Automation\net472\GeniusSports.LiveStats.Football.FunctionalTests.dll" adapterTypeName="executor://nunit3testexecutor/" className="GeniusSports.LiveStats.Football.FunctionalTests.Tests.GameSetup.TrainingGameSetupTests" name="GivenTrainingGameStarted_WhenCompletingSetupAndKickingOff_ThenClockTickingAndTeamActionsEnabled" />
    </UnitTest>
    <UnitTest name="FootballSaveGoalVARWithStandsOutcome(&quot;Offence&quot;,null)" storage="c:\gitlab-runner\builds\wr8mmwyb\0\livestats\livestats.football\source\test\functionaltests\bin\automation\net472\geniussports.livestats.football.functionaltests.dll" id="faf5a96a-ee69-9665-2cc0-0a84ba762afb">
      <Execution id="124a1c7f-b183-46f7-bd19-69ae2974458a" />
      <TestMethod codeBase="C:\GitLab-Runner\builds\wr8MmWYb\0\LiveStats\LiveStats.Football\Source\Test\FunctionalTests\bin\Automation\net472\GeniusSports.LiveStats.Football.FunctionalTests.dll" adapterTypeName="executor://nunit3testexecutor/" className="GeniusSports.LiveStats.Football.FunctionalTests.Features.PitchScreen.ActionEdits.GoalEditFeature" name="FootballSaveGoalVARWithStandsOutcome(&quot;Offence&quot;,null)" />
    </UnitTest>
    <UnitTest name="InsertInjuryAfterOrBeforeLastEvent(&quot;before&quot;,&quot;0025&quot;,&quot;00:25&quot;,&quot;1&quot;,&quot;2&quot;,null)" storage="c:\gitlab-runner\builds\wr8mmwyb\0\livestats\livestats.football\source\test\functionaltests\bin\automation\net472\geniussports.livestats.football.functionaltests.dll" id="dd031793-9835-a725-1ec8-295ead7214c7">
      <Execution id="41351b0a-fd7c-4543-a41e-06d54578d162" />
      <TestMethod codeBase="C:\GitLab-Runner\builds\wr8MmWYb\0\LiveStats\LiveStats.Football\Source\Test\FunctionalTests\bin\Automation\net472\GeniusSports.LiveStats.Football.FunctionalTests.dll" adapterTypeName="executor://nunit3testexecutor/" className="GeniusSports.LiveStats.Football.FunctionalTests.Features.PitchScreen.ActionInserts.PlayerInjuryInsertFeature" name="InsertInjuryAfterOrBeforeLastEvent(&quot;before&quot;,&quot;0025&quot;,&quot;00:25&quot;,&quot;1&quot;,&quot;2&quot;,null)" />
    </UnitTest>
    <UnitTest name="CannotEditCurrentActionInExpandedActionLog" storage="c:\gitlab-runner\builds\wr8mmwyb\0\livestats\livestats.football\source\test\functionaltests\bin\automation\net472\geniussports.livestats.football.functionaltests.dll" id="14878dc4-b38a-7e72-6133-029a998c9d6f">
      <Execution id="5432b7c0-49a1-403b-8d23-15ad8bfbbfb3" />
      <TestMethod codeBase="C:\GitLab-Runner\builds\wr8MmWYb\0\LiveStats\LiveStats.Football\Source\Test\FunctionalTests\bin\Automation\net472\GeniusSports.LiveStats.Football.FunctionalTests.dll" adapterTypeName="executor://nunit3testexecutor/" className="GeniusSports.LiveStats.Football.FunctionalTests.Features.PitchScreen.ActionRegistration.ActionsDuringWorkflowsFeature" name="CannotEditCurrentActionInExpandedActionLog" />
    </UnitTest>
    <UnitTest name="CheckShotLocationInGoalInsert(&quot;adjust&quot;,null)" storage="c:\gitlab-runner\builds\wr8mmwyb\0\livestats\livestats.football\source\test\functionaltests\bin\automation\net472\geniussports.livestats.football.functionaltests.dll" id="0bbd952d-f4b4-ed3e-a48a-3f50e9c087f8">
      <Execution id="14d0a126-a596-48c3-a8e1-d84cbc80a91a" />
      <TestMethod codeBase="C:\GitLab-Runner\builds\wr8MmWYb\0\LiveStats\LiveStats.Football\Source\Test\FunctionalTests\bin\Automation\net472\GeniusSports.LiveStats.Football.FunctionalTests.dll" adapterTypeName="executor://nunit3testexecutor/" className="GeniusSports.LiveStats.Football.FunctionalTests.Features.PitchScreen.ActionInserts.InsertGoalFeature" name="CheckShotLocationInGoalInsert(&quot;adjust&quot;,null)" />
    </UnitTest>
    <UnitTest name="FootballCoachFilterDoesNotShowItemsThatAreNotForThisCoach" storage="c:\gitlab-runner\builds\wr8mmwyb\0\livestats\livestats.football\source\test\functionaltests\bin\automation\net472\geniussports.livestats.football.functionaltests.dll" id="0d1f6f00-beb6-1719-047c-8e871149f0dc">
      <Execution id="227880a7-a6c9-4e75-87fa-a4ca5965eaf0" />
      <TestMethod codeBase="C:\GitLab-Runner\builds\wr8MmWYb\0\LiveStats\LiveStats.Football\Source\Test\FunctionalTests\bin\Automation\net472\GeniusSports.LiveStats.Football.FunctionalTests.dll" adapterTypeName="executor://nunit3testexecutor/" className="GeniusSports.LiveStats.Football.FunctionalTests.Features.PitchScreen.Filters.StaffFilterFeature" name="FootballCoachFilterDoesNotShowItemsThatAreNotForThisCoach" />
    </UnitTest>
    <UnitTest name="FootballChangeShotLocation" storage="c:\gitlab-runner\builds\wr8mmwyb\0\livestats\livestats.football\source\test\functionaltests\bin\automation\net472\geniussports.livestats.football.functionaltests.dll" id="405b3a67-5121-71ce-032e-a94b9ecde432">
      <Execution id="649a3d08-31e5-4e64-8ad2-d555dee4f24d" />
      <TestMethod codeBase="C:\GitLab-Runner\builds\wr8MmWYb\0\LiveStats\LiveStats.Football\Source\Test\FunctionalTests\bin\Automation\net472\GeniusSports.LiveStats.Football.FunctionalTests.dll" adapterTypeName="executor://nunit3testexecutor/" className="GeniusSports.LiveStats.Football.FunctionalTests.Features.PitchScreen.ActionEdits.ShotEditFeature" name="FootballChangeShotLocation" />
    </UnitTest>
    <UnitTest name="InsertedSubstitutionWithPlayerThatWasSubbedInAndOutIsFlagged" storage="c:\gitlab-runner\builds\wr8mmwyb\0\livestats\livestats.football\source\test\functionaltests\bin\automation\net472\geniussports.livestats.football.functionaltests.dll" id="87d4cb00-5d9e-6090-a1e7-ca4ede2b114b">
      <Execution id="7905a44c-e489-4667-b15a-9b77c92dced1" />
      <TestMethod codeBase="C:\GitLab-Runner\builds\wr8MmWYb\0\LiveStats\LiveStats.Football\Source\Test\FunctionalTests\bin\Automation\net472\GeniusSports.LiveStats.Football.FunctionalTests.dll" adapterTypeName="executor://nunit3testexecutor/" className="GeniusSports.LiveStats.Football.FunctionalTests.Features.PitchScreen.Flagging.PlayerInMultipleSubstitutionsFlagFeature" name="InsertedSubstitutionWithPlayerThatWasSubbedInAndOutIsFlagged" />
    </UnitTest>
    <UnitTest name="GivenShortRegistered_WhenUpdatingPitchPosition_ThenPopupDialogPresented" storage="c:\gitlab-runner\builds\wr8mmwyb\0\livestats\livestats.football\source\test\functionaltests\bin\automation\net472\geniussports.livestats.football.functionaltests.dll" id="8ae3d849-049d-275c-2358-19ac233f8356">
      <Execution id="c71fca20-4b8a-4424-ba23-51aec4105557" />
      <TestMethod codeBase="C:\GitLab-Runner\builds\wr8MmWYb\0\LiveStats\LiveStats.Football\Source\Test\FunctionalTests\bin\Automation\net472\GeniusSports.LiveStats.Football.FunctionalTests.dll" adapterTypeName="executor://nunit3testexecutor/" className="GeniusSports.LiveStats.Football.FunctionalTests.Tests.PitchScreen.ActionEdits.ShotEditTests" name="GivenShortRegistered_WhenUpdatingPitchPosition_ThenPopupDialogPresented" />
    </UnitTest>
    <UnitTest name="FlagsFreekickIfShotStartedFromMiddleOfFreekickWorkflow(&quot;foul by&quot;,&quot;2&quot;,null)" storage="c:\gitlab-runner\builds\wr8mmwyb\0\livestats\livestats.football\source\test\functionaltests\bin\automation\net472\geniussports.livestats.football.functionaltests.dll" id="037debbf-18a4-076b-2633-87be9ce1534a">
      <Execution id="d0a7ffbc-dfe6-4948-85d7-9c91d5a43cc4" />
      <TestMethod codeBase="C:\GitLab-Runner\builds\wr8MmWYb\0\LiveStats\LiveStats.Football\Source\Test\FunctionalTests\bin\Automation\net472\GeniusSports.LiveStats.Football.FunctionalTests.dll" adapterTypeName="executor://nunit3testexecutor/" className="GeniusSports.LiveStats.Football.FunctionalTests.Features.PitchScreen.ActionRegistration.ShotRegistrationFromFreeKickFeature" name="FlagsFreekickIfShotStartedFromMiddleOfFreekickWorkflow(&quot;foul by&quot;,&quot;2&quot;,null)" />
    </UnitTest>
    <UnitTest name="CannotProceedWithoutGoalkeeperInStarters" storage="c:\gitlab-runner\builds\wr8mmwyb\0\livestats\livestats.football\source\test\functionaltests\bin\automation\net472\geniussports.livestats.football.functionaltests.dll" id="a56fb8ec-f6a4-19a2-0346-57853bc64bb9">
      <Execution id="761f5082-fbd1-4e66-8322-35b3213603b1" />
      <TestMethod codeBase="C:\GitLab-Runner\builds\wr8MmWYb\0\LiveStats\LiveStats.Football\Source\Test\FunctionalTests\bin\Automation\net472\GeniusSports.LiveStats.Football.FunctionalTests.dll" adapterTypeName="executor://nunit3testexecutor/" className="GeniusSports.LiveStats.Football.FunctionalTests.Features.GameSetup.SetupTeamsPlayersFeature" name="CannotProceedWithoutGoalkeeperInStarters" />
    </UnitTest>
    <UnitTest name="GivenGoalInProgress_WhenSettingPossession_PossessionIsChanged(1)" storage="c:\gitlab-runner\builds\wr8mmwyb\0\livestats\livestats.football\source\test\functionaltests\bin\automation\net472\geniussports.livestats.football.functionaltests.dll" id="e0bd48f6-acfe-7195-a764-a3ddf2f68b3c">
      <Execution id="b3f5e612-c8c1-4241-baf6-0d85af3c4664" />
      <TestMethod codeBase="C:\GitLab-Runner\builds\wr8MmWYb\0\LiveStats\LiveStats.Football\Source\Test\FunctionalTests\bin\Automation\net472\GeniusSports.LiveStats.Football.FunctionalTests.dll" adapterTypeName="executor://nunit3testexecutor/" className="GeniusSports.LiveStats.Football.FunctionalTests.Tests.PitchScreen.PossessionChangeTests" name="GivenGoalInProgress_WhenSettingPossession_PossessionIsChanged(1)" />
    </UnitTest>
    <UnitTest name="StartGoalFromFreeKickWorkflow(&quot;foul on&quot;,&quot;1&quot;,&quot;0&quot;,&quot;1&quot;,null)" storage="c:\gitlab-runner\builds\wr8mmwyb\0\livestats\livestats.football\source\test\functionaltests\bin\automation\net472\geniussports.livestats.football.functionaltests.dll" id="f220e0ea-eb3b-f156-e087-7f7f38577f18">
      <Execution id="bd2ee7a7-64b2-4a0c-950d-33aa6fad7870" />
      <TestMethod codeBase="C:\GitLab-Runner\builds\wr8MmWYb\0\LiveStats\LiveStats.Football\Source\Test\FunctionalTests\bin\Automation\net472\GeniusSports.LiveStats.Football.FunctionalTests.dll" adapterTypeName="executor://nunit3testexecutor/" className="GeniusSports.LiveStats.Football.FunctionalTests.Features.PitchScreen.ActionRegistration.GoalRegistrationFromFreeKickFeature" name="StartGoalFromFreeKickWorkflow(&quot;foul on&quot;,&quot;1&quot;,&quot;0&quot;,&quot;1&quot;,null)" />
    </UnitTest>
    <UnitTest name="GivenGameWithShotsRegistered_WhenSelectingShotFilters_ThenShowsOnlyShots" storage="c:\gitlab-runner\builds\wr8mmwyb\0\livestats\livestats.football\source\test\functionaltests\bin\automation\net472\geniussports.livestats.football.functionaltests.dll" id="8160dcac-1e7b-c78c-5791-b21536596c57">
      <Execution id="f319febc-9fe6-4a2c-ab5a-d97d4dca420e" />
      <TestMethod codeBase="C:\GitLab-Runner\builds\wr8MmWYb\0\LiveStats\LiveStats.Football\Source\Test\FunctionalTests\bin\Automation\net472\GeniusSports.LiveStats.Football.FunctionalTests.dll" adapterTypeName="executor://nunit3testexecutor/" className="GeniusSports.LiveStats.Football.FunctionalTests.Tests.PitchScreen.Filters.ShotFilterTests" name="GivenGameWithShotsRegistered_WhenSelectingShotFilters_ThenShowsOnlyShots" />
    </UnitTest>
    <UnitTest name="InsertGoalKickAfterOrBeforeLastEvent(&quot;after&quot;,&quot;0035&quot;,&quot;00:35&quot;,&quot;2&quot;,&quot;1&quot;,&quot;right&quot;,null)" storage="c:\gitlab-runner\builds\wr8mmwyb\0\livestats\livestats.football\source\test\functionaltests\bin\automation\net472\geniussports.livestats.football.functionaltests.dll" id="a1ec1066-7b62-3d85-8f40-52942f2a84c4">
      <Execution id="d07ab3a5-dd26-4a08-b2ee-a352a06dc402" />
      <TestMethod codeBase="C:\GitLab-Runner\builds\wr8MmWYb\0\LiveStats\LiveStats.Football\Source\Test\FunctionalTests\bin\Automation\net472\GeniusSports.LiveStats.Football.FunctionalTests.dll" adapterTypeName="executor://nunit3testexecutor/" className="GeniusSports.LiveStats.Football.FunctionalTests.Features.PitchScreen.ActionInserts.GoalKickInsertFeature" name="InsertGoalKickAfterOrBeforeLastEvent(&quot;after&quot;,&quot;0035&quot;,&quot;00:35&quot;,&quot;2&quot;,&quot;1&quot;,&quot;right&quot;,null)" />
    </UnitTest>
    <UnitTest name="ChangingTeamFilterChangesItemsInTheList" storage="c:\gitlab-runner\builds\wr8mmwyb\0\livestats\livestats.football\source\test\functionaltests\bin\automation\net472\geniussports.livestats.football.functionaltests.dll" id="4dd1d98c-b88c-4c41-1458-ec2a8b07aa1f">
      <Execution id="92f32573-1fec-4c17-879d-287ad0b69987" />
      <TestMethod codeBase="C:\GitLab-Runner\builds\wr8MmWYb\0\LiveStats\LiveStats.Football\Source\Test\FunctionalTests\bin\Automation\net472\GeniusSports.LiveStats.Football.FunctionalTests.dll" adapterTypeName="executor://nunit3testexecutor/" className="GeniusSports.LiveStats.Football.FunctionalTests.Features.PitchScreen.Filters.TeamFilterFeature" name="ChangingTeamFilterChangesItemsInTheList" />
    </UnitTest>
    <UnitTest name="GivenCouchInactive_WhenRegisteringCard_ThenCannotAllocateToCouch" storage="c:\gitlab-runner\builds\wr8mmwyb\0\livestats\livestats.football\source\test\functionaltests\bin\automation\net472\geniussports.livestats.football.functionaltests.dll" id="f348b6da-bbf3-61cc-cd8f-57a5153821a4">
      <Execution id="2f84a7e7-689e-43c1-a00e-513a5d954012" />
      <TestMethod codeBase="C:\GitLab-Runner\builds\wr8MmWYb\0\LiveStats\LiveStats.Football\Source\Test\FunctionalTests\bin\Automation\net472\GeniusSports.LiveStats.Football.FunctionalTests.dll" adapterTypeName="executor://nunit3testexecutor/" className="GeniusSports.LiveStats.Football.FunctionalTests.Tests.GameSetup.EditGameSetupTests" name="GivenCouchInactive_WhenRegisteringCard_ThenCannotAllocateToCouch" />
    </UnitTest>
    <UnitTest name="GivenActionRegistered_WhenDeletingFromExpandedActionLog_ThenDeletedInExpanded" storage="c:\gitlab-runner\builds\wr8mmwyb\0\livestats\livestats.football\source\test\functionaltests\bin\automation\net472\geniussports.livestats.football.functionaltests.dll" id="50207fdf-451d-bb1a-86fa-dec2102947f7">
      <Execution id="31c9dc66-d590-4a28-8f31-b02e5ad04e24" />
      <TestMethod codeBase="C:\GitLab-Runner\builds\wr8MmWYb\0\LiveStats\LiveStats.Football\Source\Test\FunctionalTests\bin\Automation\net472\GeniusSports.LiveStats.Football.FunctionalTests.dll" adapterTypeName="executor://nunit3testexecutor/" className="GeniusSports.LiveStats.Football.FunctionalTests.Tests.PitchScreen.ActionDeletes.PenaltyShootoutDeleteTests" name="GivenActionRegistered_WhenDeletingFromExpandedActionLog_ThenDeletedInExpanded" />
    </UnitTest>
    <UnitTest name="GivenGameWithKickOffInFirstHalf_WhenEditingKickOffWhileInSecondHalf_ThenCanSaveData" storage="c:\gitlab-runner\builds\wr8mmwyb\0\livestats\livestats.football\source\test\functionaltests\bin\automation\net472\geniussports.livestats.football.functionaltests.dll" id="7c69d78d-a106-c3dd-9431-bdacc7d56cd9">
      <Execution id="664082ea-2c67-44b3-8db0-254725361419" />
      <TestMethod codeBase="C:\GitLab-Runner\builds\wr8MmWYb\0\LiveStats\LiveStats.Football\Source\Test\FunctionalTests\bin\Automation\net472\GeniusSports.LiveStats.Football.FunctionalTests.dll" adapterTypeName="executor://nunit3testexecutor/" className="GeniusSports.LiveStats.Football.FunctionalTests.Tests.PitchScreen.ActionEdits.KickOffGameEditTests" name="GivenGameWithKickOffInFirstHalf_WhenEditingKickOffWhileInSecondHalf_ThenCanSaveData" />
    </UnitTest>
    <UnitTest name="EditGoalWithVARInGoalFirstStep(&quot;Offence&quot;,null)" storage="c:\gitlab-runner\builds\wr8mmwyb\0\livestats\livestats.football\source\test\functionaltests\bin\automation\net472\geniussports.livestats.football.functionaltests.dll" id="522c7cfe-fd63-d137-e45a-042bbfe7d3ca">
      <Execution id="05c06412-a339-4f8e-b9e9-aa4ffa734717" />
      <TestMethod codeBase="C:\GitLab-Runner\builds\wr8MmWYb\0\LiveStats\LiveStats.Football\Source\Test\FunctionalTests\bin\Automation\net472\GeniusSports.LiveStats.Football.FunctionalTests.dll" adapterTypeName="executor://nunit3testexecutor/" className="GeniusSports.LiveStats.Football.FunctionalTests.Features.PitchScreen.ActionEdits.GoalEditFeature" name="EditGoalWithVARInGoalFirstStep(&quot;Offence&quot;,null)" />
    </UnitTest>
    <UnitTest name="GivenPsoKickEditOpened_WhenUpdatingOutcome_ThenNewOutcomeSeenInPitchPage" storage="c:\gitlab-runner\builds\wr8mmwyb\0\livestats\livestats.football\source\test\functionaltests\bin\automation\net472\geniussports.livestats.football.functionaltests.dll" id="452737d3-1555-0b1e-522a-2533beac486c">
      <Execution id="157301bd-0d50-44f3-b904-abfefdb44e74" />
      <TestMethod codeBase="C:\GitLab-Runner\builds\wr8MmWYb\0\LiveStats\LiveStats.Football\Source\Test\FunctionalTests\bin\Automation\net472\GeniusSports.LiveStats.Football.FunctionalTests.dll" adapterTypeName="executor://nunit3testexecutor/" className="GeniusSports.LiveStats.Football.FunctionalTests.Tests.PitchScreen.ActionEdits.PenaltyShootoutEditTests" name="GivenPsoKickEditOpened_WhenUpdatingOutcome_ThenNewOutcomeSeenInPitchPage" />
    </UnitTest>
    <UnitTest name="FlagsFreekickIfShotStartedFromMiddleOfFreekickWorkflow(&quot;reason&quot;,&quot;1&quot;,null)" storage="c:\gitlab-runner\builds\wr8mmwyb\0\livestats\livestats.football\source\test\functionaltests\bin\automation\net472\geniussports.livestats.football.functionaltests.dll" id="6a906e3b-7bd3-5db8-ea69-9e52186d851f">
      <Execution id="5f763046-57da-449b-8c79-d2c1f49dacd2" />
      <TestMethod codeBase="C:\GitLab-Runner\builds\wr8MmWYb\0\LiveStats\LiveStats.Football\Source\Test\FunctionalTests\bin\Automation\net472\GeniusSports.LiveStats.Football.FunctionalTests.dll" adapterTypeName="executor://nunit3testexecutor/" className="GeniusSports.LiveStats.Football.FunctionalTests.Features.PitchScreen.ActionRegistration.ShotRegistrationFromFreeKickFeature" name="FlagsFreekickIfShotStartedFromMiddleOfFreekickWorkflow(&quot;reason&quot;,&quot;1&quot;,null)" />
    </UnitTest>
    <UnitTest name="GivenGameInProgressWithActiveCouch_WhenDeactivatingCouchWithNoData_ThenCouchDeactivated" storage="c:\gitlab-runner\builds\wr8mmwyb\0\livestats\livestats.football\source\test\functionaltests\bin\automation\net472\geniussports.livestats.football.functionaltests.dll" id="a7df633d-84ec-905b-3149-3cda13d24f30">
      <Execution id="c848b178-78bc-4414-9c48-73ba33427f4b" />
      <TestMethod codeBase="C:\GitLab-Runner\builds\wr8MmWYb\0\LiveStats\LiveStats.Football\Source\Test\FunctionalTests\bin\Automation\net472\GeniusSports.LiveStats.Football.FunctionalTests.dll" adapterTypeName="executor://nunit3testexecutor/" className="GeniusSports.LiveStats.Football.FunctionalTests.Tests.GameSetup.EditGameSetupTests" name="GivenGameInProgressWithActiveCouch_WhenDeactivatingCouchWithNoData_ThenCouchDeactivated" />
    </UnitTest>
    <UnitTest name="AbleToInsertActionsAfterBeforePeriodBreak(&quot;after&quot;,&quot;GameStart&quot;,null)" storage="c:\gitlab-runner\builds\wr8mmwyb\0\livestats\livestats.football\source\test\functionaltests\bin\automation\net472\geniussports.livestats.football.functionaltests.dll" id="2831753c-e0a8-cb82-d36a-3e699b2dbfae">
      <Execution id="ae7fac68-8e23-4bf5-bd26-bab5ad00e21b" />
      <TestMethod codeBase="C:\GitLab-Runner\builds\wr8MmWYb\0\LiveStats\LiveStats.Football\Source\Test\FunctionalTests\bin\Automation\net472\GeniusSports.LiveStats.Football.FunctionalTests.dll" adapterTypeName="executor://nunit3testexecutor/" className="GeniusSports.LiveStats.Football.FunctionalTests.Features.PitchScreen.ActionInserts.PeriodBreakInsertFeature" name="AbleToInsertActionsAfterBeforePeriodBreak(&quot;after&quot;,&quot;GameStart&quot;,null)" />
    </UnitTest>
    <UnitTest name="GivenGameKickedOff_WhenEndingHalf_ThenPossessionMarkerAndZonesCleared" storage="c:\gitlab-runner\builds\wr8mmwyb\0\livestats\livestats.football\source\test\functionaltests\bin\automation\net472\geniussports.livestats.football.functionaltests.dll" id="6904de1d-8642-73e4-2976-f8befe5e14fe">
      <Execution id="97e7a59a-d204-4cd3-98e6-06a964538766" />
      <TestMethod codeBase="C:\GitLab-Runner\builds\wr8MmWYb\0\LiveStats\LiveStats.Football\Source\Test\FunctionalTests\bin\Automation\net472\GeniusSports.LiveStats.Football.FunctionalTests.dll" adapterTypeName="executor://nunit3testexecutor/" className="GeniusSports.LiveStats.Football.FunctionalTests.Tests.PitchScreen.GameState.BallPossessionAndLocationBetweenHalvesTests" name="GivenGameKickedOff_WhenEndingHalf_ThenPossessionMarkerAndZonesCleared" />
    </UnitTest>
    <UnitTest name="WhenActionIsOnTheTopInActionLogItCannotBeMovedAfter" storage="c:\gitlab-runner\builds\wr8mmwyb\0\livestats\livestats.football\source\test\functionaltests\bin\automation\net472\geniussports.livestats.football.functionaltests.dll" id="35e4f218-4695-8650-6ea0-6200f3d1385c">
      <Execution id="21433a08-244a-4e23-b173-86b0ff533a31" />
      <TestMethod codeBase="C:\GitLab-Runner\builds\wr8MmWYb\0\LiveStats\LiveStats.Football\Source\Test\FunctionalTests\bin\Automation\net472\GeniusSports.LiveStats.Football.FunctionalTests.dll" adapterTypeName="executor://nunit3testexecutor/" className="GeniusSports.LiveStats.Football.FunctionalTests.Features.PitchScreen.ActionEdits.ActionContainersAreAutomaticallyReorderedFeature" name="WhenActionIsOnTheTopInActionLogItCannotBeMovedAfter" />
    </UnitTest>
    <UnitTest name="ClickCard(&quot;2&quot;,&quot;Red&quot;,null)" storage="c:\gitlab-runner\builds\wr8mmwyb\0\livestats\livestats.football\source\test\functionaltests\bin\automation\net472\geniussports.livestats.football.functionaltests.dll" id="79338952-b03d-f061-72ec-ced1a3aab149">
      <Execution id="e0827335-5952-406f-96b7-fd8d1317ff38" />
      <TestMethod codeBase="C:\GitLab-Runner\builds\wr8MmWYb\0\LiveStats\LiveStats.Football\Source\Test\FunctionalTests\bin\Automation\net472\GeniusSports.LiveStats.Football.FunctionalTests.dll" adapterTypeName="executor://nunit3testexecutor/" className="GeniusSports.LiveStats.Football.FunctionalTests.Features.PitchScreen.ActionRegistration.CardRegistrationFeature" name="ClickCard(&quot;2&quot;,&quot;Red&quot;,null)" />
    </UnitTest>
    <UnitTest name="StartShotFromFreeKickWorkflow(&quot;foul on&quot;,&quot;1&quot;,null)" storage="c:\gitlab-runner\builds\wr8mmwyb\0\livestats\livestats.football\source\test\functionaltests\bin\automation\net472\geniussports.livestats.football.functionaltests.dll" id="29100679-efe3-a3b8-226e-cde7573cd572">
      <Execution id="878b9d4e-5aaa-4e6f-bccb-d158411b52da" />
      <TestMethod codeBase="C:\GitLab-Runner\builds\wr8MmWYb\0\LiveStats\LiveStats.Football\Source\Test\FunctionalTests\bin\Automation\net472\GeniusSports.LiveStats.Football.FunctionalTests.dll" adapterTypeName="executor://nunit3testexecutor/" className="GeniusSports.LiveStats.Football.FunctionalTests.Features.PitchScreen.ActionRegistration.ShotRegistrationFromFreeKickFeature" name="StartShotFromFreeKickWorkflow(&quot;foul on&quot;,&quot;1&quot;,null)" />
    </UnitTest>
    <UnitTest name="GivenPsoKickEditOpened_ThenCorrectShotDataIsVisible" storage="c:\gitlab-runner\builds\wr8mmwyb\0\livestats\livestats.football\source\test\functionaltests\bin\automation\net472\geniussports.livestats.football.functionaltests.dll" id="7d1ecd41-a563-f7c4-fc1d-2d8298fdde71">
      <Execution id="8da0dfbe-f960-4ce5-82b7-454a580564c9" />
      <TestMethod codeBase="C:\GitLab-Runner\builds\wr8MmWYb\0\LiveStats\LiveStats.Football\Source\Test\FunctionalTests\bin\Automation\net472\GeniusSports.LiveStats.Football.FunctionalTests.dll" adapterTypeName="executor://nunit3testexecutor/" className="GeniusSports.LiveStats.Football.FunctionalTests.Tests.PitchScreen.ActionEdits.PenaltyShootoutEditTests" name="GivenPsoKickEditOpened_ThenCorrectShotDataIsVisible" />
    </UnitTest>
    <UnitTest name="SelectOffenceForPenalty(&quot;2&quot;,&quot;1&quot;,&quot;10&quot;,&quot;50&quot;,null)" storage="c:\gitlab-runner\builds\wr8mmwyb\0\livestats\livestats.football\source\test\functionaltests\bin\automation\net472\geniussports.livestats.football.functionaltests.dll" id="ee75619c-1e06-1fa6-ad85-d581914567ba">
      <Execution id="b72290e1-e451-4207-a64e-de5bdba6f6fc" />
      <TestMethod codeBase="C:\GitLab-Runner\builds\wr8MmWYb\0\LiveStats\LiveStats.Football\Source\Test\FunctionalTests\bin\Automation\net472\GeniusSports.LiveStats.Football.FunctionalTests.dll" adapterTypeName="executor://nunit3testexecutor/" className="GeniusSports.LiveStats.Football.FunctionalTests.Features.PitchScreen.ActionRegistration.PenaltyRegistrationFeature" name="SelectOffenceForPenalty(&quot;2&quot;,&quot;1&quot;,&quot;10&quot;,&quot;50&quot;,null)" />
    </UnitTest>
    <UnitTest name="GameInformationFieldsAreAvailableAndDefaultGameRulesAreSet" storage="c:\gitlab-runner\builds\wr8mmwyb\0\livestats\livestats.football\source\test\functionaltests\bin\automation\net472\geniussports.livestats.football.functionaltests.dll" id="317783c4-28af-c5c1-7246-e9567c42fc9b">
      <Execution id="c1142dc2-cbab-4c62-807a-4861b5e3aa87" />
      <TestMethod codeBase="C:\GitLab-Runner\builds\wr8MmWYb\0\LiveStats\LiveStats.Football\Source\Test\FunctionalTests\bin\Automation\net472\GeniusSports.LiveStats.Football.FunctionalTests.dll" adapterTypeName="executor://nunit3testexecutor/" className="GeniusSports.LiveStats.Football.FunctionalTests.Features.GameSetup.SetupGeneralGameInformationFeature" name="GameInformationFieldsAreAvailableAndDefaultGameRulesAreSet" />
    </UnitTest>
    <UnitTest name="GoBackToFirstStep(&quot;2&quot;,&quot;1&quot;,null)" storage="c:\gitlab-runner\builds\wr8mmwyb\0\livestats\livestats.football\source\test\functionaltests\bin\automation\net472\geniussports.livestats.football.functionaltests.dll" id="d541bf76-8abd-5bef-601d-765588aacd98">
      <Execution id="9d6adf57-5f3f-4ae7-b068-e0b5b451f263" />
      <TestMethod codeBase="C:\GitLab-Runner\builds\wr8MmWYb\0\LiveStats\LiveStats.Football\Source\Test\FunctionalTests\bin\Automation\net472\GeniusSports.LiveStats.Football.FunctionalTests.dll" adapterTypeName="executor://nunit3testexecutor/" className="GeniusSports.LiveStats.Football.FunctionalTests.Features.PitchScreen.ActionRegistration.FreeKickRegistrationFeature" name="GoBackToFirstStep(&quot;2&quot;,&quot;1&quot;,null)" />
    </UnitTest>
    <UnitTest name="PenaltyGoalAfterPenaltyRetake(&quot;1&quot;,&quot;2&quot;,&quot;90&quot;,&quot;50&quot;,&quot;5&quot;,&quot;16&quot;,null)" storage="c:\gitlab-runner\builds\wr8mmwyb\0\livestats\livestats.football\source\test\functionaltests\bin\automation\net472\geniussports.livestats.football.functionaltests.dll" id="4e0443d1-afba-cf3a-7874-d9db31d17633">
      <Execution id="23a7f38b-67ca-4b2c-b118-fd5dc26c172c" />
      <TestMethod codeBase="C:\GitLab-Runner\builds\wr8MmWYb\0\LiveStats\LiveStats.Football\Source\Test\FunctionalTests\bin\Automation\net472\GeniusSports.LiveStats.Football.FunctionalTests.dll" adapterTypeName="executor://nunit3testexecutor/" className="GeniusSports.LiveStats.Football.FunctionalTests.Features.PitchScreen.ActionRegistration.PenaltyRegistrationFeature" name="PenaltyGoalAfterPenaltyRetake(&quot;1&quot;,&quot;2&quot;,&quot;90&quot;,&quot;50&quot;,&quot;5&quot;,&quot;16&quot;,null)" />
    </UnitTest>
    <UnitTest name="GivenGameGoalStarted_WhenSelectingAssist_ThenActionUpdated" storage="c:\gitlab-runner\builds\wr8mmwyb\0\livestats\livestats.football\source\test\functionaltests\bin\automation\net472\geniussports.livestats.football.functionaltests.dll" id="b6394e13-8ba6-788f-b10e-91098bf30b2d">
      <Execution id="eeaa0783-67d3-4c84-afa5-77ea7b5737e0" />
      <TestMethod codeBase="C:\GitLab-Runner\builds\wr8MmWYb\0\LiveStats\LiveStats.Football\Source\Test\FunctionalTests\bin\Automation\net472\GeniusSports.LiveStats.Football.FunctionalTests.dll" adapterTypeName="executor://nunit3testexecutor/" className="GeniusSports.LiveStats.Football.FunctionalTests.Tests.PitchScreen.ActionRegistration.GoalRegistrationTests" name="GivenGameGoalStarted_WhenSelectingAssist_ThenActionUpdated" />
    </UnitTest>
    <UnitTest name="ShotRecordedActionCanBeFlagged" storage="c:\gitlab-runner\builds\wr8mmwyb\0\livestats\livestats.football\source\test\functionaltests\bin\automation\net472\geniussports.livestats.football.functionaltests.dll" id="61fbd6a5-c0b6-804a-541a-233fb3e3a5fc">
      <Execution id="e0ddd386-7224-45ef-a942-7b241d067c67" />
      <TestMethod codeBase="C:\GitLab-Runner\builds\wr8MmWYb\0\LiveStats\LiveStats.Football\Source\Test\FunctionalTests\bin\Automation\net472\GeniusSports.LiveStats.Football.FunctionalTests.dll" adapterTypeName="executor://nunit3testexecutor/" className="GeniusSports.LiveStats.Football.FunctionalTests.Features.PitchScreen.Flagging.AddManualFlagFeature" name="ShotRecordedActionCanBeFlagged" />
    </UnitTest>
    <UnitTest name="SelectVarReason(&quot;Offside&quot;,null)" storage="c:\gitlab-runner\builds\wr8mmwyb\0\livestats\livestats.football\source\test\functionaltests\bin\automation\net472\geniussports.livestats.football.functionaltests.dll" id="99f1e0b9-2f70-cad3-d49a-2a1fbeb50d00">
      <Execution id="93d1f764-a1c4-4f0b-aaad-6f64d71e3ca2" />
      <TestMethod codeBase="C:\GitLab-Runner\builds\wr8MmWYb\0\LiveStats\LiveStats.Football\Source\Test\FunctionalTests\bin\Automation\net472\GeniusSports.LiveStats.Football.FunctionalTests.dll" adapterTypeName="executor://nunit3testexecutor/" className="GeniusSports.LiveStats.Football.FunctionalTests.Features.PitchScreen.ActionInserts.InsertGoalFeature" name="SelectVarReason(&quot;Offside&quot;,null)" />
    </UnitTest>
    <UnitTest name="SelectNoAssistByTeamInGoalInsert" storage="c:\gitlab-runner\builds\wr8mmwyb\0\livestats\livestats.football\source\test\functionaltests\bin\automation\net472\geniussports.livestats.football.functionaltests.dll" id="96c57aa3-e0e6-4f77-4298-a85e35bfb726">
      <Execution id="9bbe1e2e-d2d7-409e-a40b-44a9375e6887" />
      <TestMethod codeBase="C:\GitLab-Runner\builds\wr8MmWYb\0\LiveStats\LiveStats.Football\Source\Test\FunctionalTests\bin\Automation\net472\GeniusSports.LiveStats.Football.FunctionalTests.dll" adapterTypeName="executor://nunit3testexecutor/" className="GeniusSports.LiveStats.Football.FunctionalTests.Features.PitchScreen.ActionInserts.InsertGoalFeature" name="SelectNoAssistByTeamInGoalInsert" />
    </UnitTest>
    <UnitTest name="GivenGameInProgress_WhenConfirmingCardForSubstitutePlayer_ThenCardIsRegisteredForPlayer(Red,2,20,Yellow,&quot;Yellow&quot;)" storage="c:\gitlab-runner\builds\wr8mmwyb\0\livestats\livestats.football\source\test\functionaltests\bin\automation\net472\geniussports.livestats.football.functionaltests.dll" id="f04faca6-d19b-bc2c-1aef-88b5bbcf3342">
      <Execution id="5c60c5f0-f78e-47ef-b662-4cd87bc671f5" />
      <TestMethod codeBase="C:\GitLab-Runner\builds\wr8MmWYb\0\LiveStats\LiveStats.Football\Source\Test\FunctionalTests\bin\Automation\net472\GeniusSports.LiveStats.Football.FunctionalTests.dll" adapterTypeName="executor://nunit3testexecutor/" className="GeniusSports.LiveStats.Football.FunctionalTests.Tests.PitchScreen.ActionRegistration.CardRegistrationTests" name="GivenGameInProgress_WhenConfirmingCardForSubstitutePlayer_ThenCardIsRegisteredForPlayer(Red,2,20,Yellow,&quot;Yellow&quot;)" />
    </UnitTest>
    <UnitTest name="GivenGameKickedOff_WhenDoingAllWorkFlowsOneByOne_ThenFullGameCanBeScouted" storage="c:\gitlab-runner\builds\wr8mmwyb\0\livestats\livestats.football\source\test\functionaltests\bin\automation\net472\geniussports.livestats.football.functionaltests.dll" id="edbcfb6d-2881-58b1-12eb-77371c6c622f">
      <Execution id="36a85a65-36db-4682-ad66-96fe4b0b5f15" />
      <TestMethod codeBase="C:\GitLab-Runner\builds\wr8MmWYb\0\LiveStats\LiveStats.Football\Source\Test\FunctionalTests\bin\Automation\net472\GeniusSports.LiveStats.Football.FunctionalTests.dll" adapterTypeName="executor://nunit3testexecutor/" className="GeniusSports.LiveStats.Football.FunctionalTests.Tests.FullGameCanBeScouted" name="GivenGameKickedOff_WhenDoingAllWorkFlowsOneByOne_ThenFullGameCanBeScouted" />
    </UnitTest>
    <UnitTest name="GivenSetupFinished_WhenKickingOffGame_ThenGameIsStarted(1,ToLeft)" storage="c:\gitlab-runner\builds\wr8mmwyb\0\livestats\livestats.football\source\test\functionaltests\bin\automation\net472\geniussports.livestats.football.functionaltests.dll" id="d157b734-d76e-3fdf-df94-971d8fc58186">
      <Execution id="9f3f1779-8537-4ec7-8fec-ff13fdfbefb8" />
      <TestMethod codeBase="C:\GitLab-Runner\builds\wr8MmWYb\0\LiveStats\LiveStats.Football\Source\Test\FunctionalTests\bin\Automation\net472\GeniusSports.LiveStats.Football.FunctionalTests.dll" adapterTypeName="executor://nunit3testexecutor/" className="GeniusSports.LiveStats.Football.FunctionalTests.Tests.PitchScreen.KickOffGameTests" name="GivenSetupFinished_WhenKickingOffGame_ThenGameIsStarted(1,ToLeft)" />
    </UnitTest>
    <UnitTest name="CoachRolesArePopulatedInDropdown" storage="c:\gitlab-runner\builds\wr8mmwyb\0\livestats\livestats.football\source\test\functionaltests\bin\automation\net472\geniussports.livestats.football.functionaltests.dll" id="dfcd0ef9-4e6e-c739-ceec-7fd364d9b49a">
      <Execution id="d2a2dfa8-4632-43b4-8588-afed773f3ddd" />
      <TestMethod codeBase="C:\GitLab-Runner\builds\wr8MmWYb\0\LiveStats\LiveStats.Football\Source\Test\FunctionalTests\bin\Automation\net472\GeniusSports.LiveStats.Football.FunctionalTests.dll" adapterTypeName="executor://nunit3testexecutor/" className="GeniusSports.LiveStats.Football.FunctionalTests.Features.GameSetup.TeamsFeature" name="CoachRolesArePopulatedInDropdown" />
    </UnitTest>
    <UnitTest name="SelectPlayerForOffencePenalty(&quot;2&quot;,&quot;1&quot;,&quot;10&quot;,&quot;50&quot;,&quot;8&quot;,null)" storage="c:\gitlab-runner\builds\wr8mmwyb\0\livestats\livestats.football\source\test\functionaltests\bin\automation\net472\geniussports.livestats.football.functionaltests.dll" id="342822e5-bff4-5665-1674-e9de85f281af">
      <Execution id="37fbf391-d913-4413-9c5c-99abb75f2705" />
      <TestMethod codeBase="C:\GitLab-Runner\builds\wr8MmWYb\0\LiveStats\LiveStats.Football\Source\Test\FunctionalTests\bin\Automation\net472\GeniusSports.LiveStats.Football.FunctionalTests.dll" adapterTypeName="executor://nunit3testexecutor/" className="GeniusSports.LiveStats.Football.FunctionalTests.Features.PitchScreen.ActionRegistration.PenaltyRegistrationFeature" name="SelectPlayerForOffencePenalty(&quot;2&quot;,&quot;1&quot;,&quot;10&quot;,&quot;50&quot;,&quot;8&quot;,null)" />
    </UnitTest>
    <UnitTest name="AllowToSaveCardWithMissingDataWhenOverturedByVAR" storage="c:\gitlab-runner\builds\wr8mmwyb\0\livestats\livestats.football\source\test\functionaltests\bin\automation\net472\geniussports.livestats.football.functionaltests.dll" id="31b4ecf9-c7c4-1f46-d9b0-7593bb9e9631">
      <Execution id="78308ad4-43b9-435d-9bb7-269c0b312e78" />
      <TestMethod codeBase="C:\GitLab-Runner\builds\wr8MmWYb\0\LiveStats\LiveStats.Football\Source\Test\FunctionalTests\bin\Automation\net472\GeniusSports.LiveStats.Football.FunctionalTests.dll" adapterTypeName="executor://nunit3testexecutor/" className="GeniusSports.LiveStats.Football.FunctionalTests.Features.PitchScreen.ActionEdits.CardEditFeature" name="AllowToSaveCardWithMissingDataWhenOverturedByVAR" />
    </UnitTest>
    <UnitTest name="GivenGameInProgress_WhenAddingCardAndCornerAndMovingToSecondHalf_ThenScoreboardsStatsAreUpdated(2,Yellow)" storage="c:\gitlab-runner\builds\wr8mmwyb\0\livestats\livestats.football\source\test\functionaltests\bin\automation\net472\geniussports.livestats.football.functionaltests.dll" id="1f235f94-fed2-06ca-6116-db4b8f3db6c1">
      <Execution id="b6934cf1-988f-4885-a16a-0c1346b20977" />
      <TestMethod codeBase="C:\GitLab-Runner\builds\wr8MmWYb\0\LiveStats\LiveStats.Football\Source\Test\FunctionalTests\bin\Automation\net472\GeniusSports.LiveStats.Football.FunctionalTests.dll" adapterTypeName="executor://nunit3testexecutor/" className="GeniusSports.LiveStats.Football.FunctionalTests.Tests.PitchScreen.PitchTeamStatsCalculatedTests" name="GivenGameInProgress_WhenAddingCardAndCornerAndMovingToSecondHalf_ThenScoreboardsStatsAreUpdated(2,Yellow)" />
    </UnitTest>
    <UnitTest name="GivenActionRegistered_WhenDeletingFromExpandedActionLog_ThenDeletedInExpanded(Injury)" storage="c:\gitlab-runner\builds\wr8mmwyb\0\livestats\livestats.football\source\test\functionaltests\bin\automation\net472\geniussports.livestats.football.functionaltests.dll" id="95c487cf-3867-9103-0c20-4def221c634a">
      <Execution id="0b54827a-06a0-4d5b-8ae3-f8fde61b5186" />
      <TestMethod codeBase="C:\GitLab-Runner\builds\wr8MmWYb\0\LiveStats\LiveStats.Football\Source\Test\FunctionalTests\bin\Automation\net472\GeniusSports.LiveStats.Football.FunctionalTests.dll" adapterTypeName="executor://nunit3testexecutor/" className="GeniusSports.LiveStats.Football.FunctionalTests.Tests.PitchScreen.ActionDeletes.GameActionDeleteTests" name="GivenActionRegistered_WhenDeletingFromExpandedActionLog_ThenDeletedInExpanded(Injury)" />
    </UnitTest>
    <UnitTest name="FootballShotUpdatedToOwnGoal" storage="c:\gitlab-runner\builds\wr8mmwyb\0\livestats\livestats.football\source\test\functionaltests\bin\automation\net472\geniussports.livestats.football.functionaltests.dll" id="60e14eb6-d547-f5a0-5358-c97b0aeb0dbb">
      <Execution id="7f0e13b2-7bcc-4ee9-882b-2b0708a72f4b" />
      <TestMethod codeBase="C:\GitLab-Runner\builds\wr8MmWYb\0\LiveStats\LiveStats.Football\Source\Test\FunctionalTests\bin\Automation\net472\GeniusSports.LiveStats.Football.FunctionalTests.dll" adapterTypeName="executor://nunit3testexecutor/" className="GeniusSports.LiveStats.Football.FunctionalTests.Features.PitchScreen.ActionEdits.GoalEditFeature" name="FootballShotUpdatedToOwnGoal" />
    </UnitTest>
    <UnitTest name="GivenGameInProgress_WhenConfirmingCard_ThenCardIsRegisteredForPlayer(Yellow,2,5,Red,&quot;Red&quot;)" storage="c:\gitlab-runner\builds\wr8mmwyb\0\livestats\livestats.football\source\test\functionaltests\bin\automation\net472\geniussports.livestats.football.functionaltests.dll" id="94eb6e65-ad91-9632-9ba1-3f9e762ebc4a">
      <Execution id="fc9302c7-022e-43e8-ae81-7a7b536c24ee" />
      <TestMethod codeBase="C:\GitLab-Runner\builds\wr8MmWYb\0\LiveStats\LiveStats.Football\Source\Test\FunctionalTests\bin\Automation\net472\GeniusSports.LiveStats.Football.FunctionalTests.dll" adapterTypeName="executor://nunit3testexecutor/" className="GeniusSports.LiveStats.Football.FunctionalTests.Tests.PitchScreen.ActionRegistration.CardRegistrationTests" name="GivenGameInProgress_WhenConfirmingCard_ThenCardIsRegisteredForPlayer(Yellow,2,5,Red,&quot;Red&quot;)" />
    </UnitTest>
    <UnitTest name="GivenGameGoalStarted_WhenSelectingNoAssist_ThenActionUpdated" storage="c:\gitlab-runner\builds\wr8mmwyb\0\livestats\livestats.football\source\test\functionaltests\bin\automation\net472\geniussports.livestats.football.functionaltests.dll" id="15a66753-3c97-8162-2993-e79ecb32bc5c">
      <Execution id="8fc8339d-6691-4b42-968a-3f9d1c3e30e5" />
      <TestMethod codeBase="C:\GitLab-Runner\builds\wr8MmWYb\0\LiveStats\LiveStats.Football\Source\Test\FunctionalTests\bin\Automation\net472\GeniusSports.LiveStats.Football.FunctionalTests.dll" adapterTypeName="executor://nunit3testexecutor/" className="GeniusSports.LiveStats.Football.FunctionalTests.Tests.PitchScreen.ActionRegistration.GoalRegistrationTests" name="GivenGameGoalStarted_WhenSelectingNoAssist_ThenActionUpdated" />
    </UnitTest>
    <UnitTest name="InsertPenaltyWithNoDataSpecifiedWhenOverturnedByVAR" storage="c:\gitlab-runner\builds\wr8mmwyb\0\livestats\livestats.football\source\test\functionaltests\bin\automation\net472\geniussports.livestats.football.functionaltests.dll" id="ae669d33-6e18-5320-517a-4aa71f4f1dc9">
      <Execution id="1bd45d36-c941-4cd7-b38f-d47ba2cdb584" />
      <TestMethod codeBase="C:\GitLab-Runner\builds\wr8MmWYb\0\LiveStats\LiveStats.Football\Source\Test\FunctionalTests\bin\Automation\net472\GeniusSports.LiveStats.Football.FunctionalTests.dll" adapterTypeName="executor://nunit3testexecutor/" className="GeniusSports.LiveStats.Football.FunctionalTests.Features.PitchScreen.ActionInserts.PenaltyInsertFeature" name="InsertPenaltyWithNoDataSpecifiedWhenOverturnedByVAR" />
    </UnitTest>
    <UnitTest name="GivenPsoKickEditOpened_WhenToVarStands_ThenPsoStateUpdated" storage="c:\gitlab-runner\builds\wr8mmwyb\0\livestats\livestats.football\source\test\functionaltests\bin\automation\net472\geniussports.livestats.football.functionaltests.dll" id="33535701-d412-1c7b-a73f-0362eca7055b">
      <Execution id="8b093b08-9297-4e97-896c-085ecccf1f9b" />
      <TestMethod codeBase="C:\GitLab-Runner\builds\wr8MmWYb\0\LiveStats\LiveStats.Football\Source\Test\FunctionalTests\bin\Automation\net472\GeniusSports.LiveStats.Football.FunctionalTests.dll" adapterTypeName="executor://nunit3testexecutor/" className="GeniusSports.LiveStats.Football.FunctionalTests.Tests.PitchScreen.ActionEdits.PenaltyShootoutEditTests" name="GivenPsoKickEditOpened_WhenToVarStands_ThenPsoStateUpdated" />
    </UnitTest>
    <UnitTest name="InsertInjuryAfterOrBeforeLastEvent(&quot;before&quot;,&quot;0025&quot;,&quot;00:25&quot;,&quot;2&quot;,&quot;2&quot;,null)" storage="c:\gitlab-runner\builds\wr8mmwyb\0\livestats\livestats.football\source\test\functionaltests\bin\automation\net472\geniussports.livestats.football.functionaltests.dll" id="fda5dcd8-6d0a-660c-059e-b5ffe8989d93">
      <Execution id="28d7f177-35fb-4b5e-bf1d-237ed3b9ada4" />
      <TestMethod codeBase="C:\GitLab-Runner\builds\wr8MmWYb\0\LiveStats\LiveStats.Football\Source\Test\FunctionalTests\bin\Automation\net472\GeniusSports.LiveStats.Football.FunctionalTests.dll" adapterTypeName="executor://nunit3testexecutor/" className="GeniusSports.LiveStats.Football.FunctionalTests.Features.PitchScreen.ActionInserts.PlayerInjuryInsertFeature" name="InsertInjuryAfterOrBeforeLastEvent(&quot;before&quot;,&quot;0025&quot;,&quot;00:25&quot;,&quot;2&quot;,&quot;2&quot;,null)" />
    </UnitTest>
    <UnitTest name="GoalWorkflowCanBeStartedDuringAnyFreeKickWorkflowStep(&quot;taken&quot;,&quot;2&quot;,null)" storage="c:\gitlab-runner\builds\wr8mmwyb\0\livestats\livestats.football\source\test\functionaltests\bin\automation\net472\geniussports.livestats.football.functionaltests.dll" id="03cba5a0-838f-910e-3bf1-34edf1ddbb81">
      <Execution id="9430dcdd-282e-42e7-b383-b39c3aec603f" />
      <TestMethod codeBase="C:\GitLab-Runner\builds\wr8MmWYb\0\LiveStats\LiveStats.Football\Source\Test\FunctionalTests\bin\Automation\net472\GeniusSports.LiveStats.Football.FunctionalTests.dll" adapterTypeName="executor://nunit3testexecutor/" className="GeniusSports.LiveStats.Football.FunctionalTests.Features.PitchScreen.ActionRegistration.GoalRegistrationFromFreeKickFeature" name="GoalWorkflowCanBeStartedDuringAnyFreeKickWorkflowStep(&quot;taken&quot;,&quot;2&quot;,null)" />
    </UnitTest>
    <UnitTest name="GivenActionRegistered_WhenDeletingFromActionLog_ThenDeleted(Substitution)" storage="c:\gitlab-runner\builds\wr8mmwyb\0\livestats\livestats.football\source\test\functionaltests\bin\automation\net472\geniussports.livestats.football.functionaltests.dll" id="cc40382d-72cc-8c90-04f7-db82e05cebca">
      <Execution id="df1476d5-7173-4a84-941b-3c0e0d022101" />
      <TestMethod codeBase="C:\GitLab-Runner\builds\wr8MmWYb\0\LiveStats\LiveStats.Football\Source\Test\FunctionalTests\bin\Automation\net472\GeniusSports.LiveStats.Football.FunctionalTests.dll" adapterTypeName="executor://nunit3testexecutor/" className="GeniusSports.LiveStats.Football.FunctionalTests.Tests.PitchScreen.ActionDeletes.GameActionDeleteTests" name="GivenActionRegistered_WhenDeletingFromActionLog_ThenDeleted(Substitution)" />
    </UnitTest>
    <UnitTest name="SelectPlayerForFoulFreekick(&quot;1&quot;,&quot;2&quot;,null)" storage="c:\gitlab-runner\builds\wr8mmwyb\0\livestats\livestats.football\source\test\functionaltests\bin\automation\net472\geniussports.livestats.football.functionaltests.dll" id="30d85ed0-21bd-cba8-926e-14fb5b910ae0">
      <Execution id="2bc97e78-5740-4599-ba83-793a2addfbbf" />
      <TestMethod codeBase="C:\GitLab-Runner\builds\wr8MmWYb\0\LiveStats\LiveStats.Football\Source\Test\FunctionalTests\bin\Automation\net472\GeniusSports.LiveStats.Football.FunctionalTests.dll" adapterTypeName="executor://nunit3testexecutor/" className="GeniusSports.LiveStats.Football.FunctionalTests.Features.PitchScreen.ActionRegistration.FreeKickRegistrationFeature" name="SelectPlayerForFoulFreekick(&quot;1&quot;,&quot;2&quot;,null)" />
    </UnitTest>
    <UnitTest name="CardActionFlagCanBeReviewedInActionEditScreen(&quot;1&quot;,null)" storage="c:\gitlab-runner\builds\wr8mmwyb\0\livestats\livestats.football\source\test\functionaltests\bin\automation\net472\geniussports.livestats.football.functionaltests.dll" id="b62d97bf-8c6f-2fee-8cf5-b5142ddee6d6">
      <Execution id="3133089f-0553-4ce5-b874-b6357149b5c1" />
      <TestMethod codeBase="C:\GitLab-Runner\builds\wr8MmWYb\0\LiveStats\LiveStats.Football\Source\Test\FunctionalTests\bin\Automation\net472\GeniusSports.LiveStats.Football.FunctionalTests.dll" adapterTypeName="executor://nunit3testexecutor/" className="GeniusSports.LiveStats.Football.FunctionalTests.Features.PitchScreen.Flagging.AddManualFlagFeature" name="CardActionFlagCanBeReviewedInActionEditScreen(&quot;1&quot;,null)" />
    </UnitTest>
    <UnitTest name="GivenFootballFirstExtraTimeHalfEnded_WhenEndHalfDeleted_ThenGameBackInProgress" storage="c:\gitlab-runner\builds\wr8mmwyb\0\livestats\livestats.football\source\test\functionaltests\bin\automation\net472\geniussports.livestats.football.functionaltests.dll" id="47d756ca-fec0-fd08-354d-78a033626b68">
      <Execution id="a14e1e1e-c6a2-452c-af8b-dbaca4a6cbc6" />
      <TestMethod codeBase="C:\GitLab-Runner\builds\wr8MmWYb\0\LiveStats\LiveStats.Football\Source\Test\FunctionalTests\bin\Automation\net472\GeniusSports.LiveStats.Football.FunctionalTests.dll" adapterTypeName="executor://nunit3testexecutor/" className="GeniusSports.LiveStats.Football.FunctionalTests.Tests.PitchScreen.ActionDeletes.PeriodAndGameEndsDeleteTests" name="GivenFootballFirstExtraTimeHalfEnded_WhenEndHalfDeleted_ThenGameBackInProgress" />
    </UnitTest>
    <UnitTest name="CardReasonUpdate(&quot;Yellow&quot;,&quot;Persistent Infringement&quot;,null)" storage="c:\gitlab-runner\builds\wr8mmwyb\0\livestats\livestats.football\source\test\functionaltests\bin\automation\net472\geniussports.livestats.football.functionaltests.dll" id="1cd93476-56a8-2af2-62ea-c262e76b1dfa">
      <Execution id="68cfd28a-7d5b-4549-b58e-fffa83cc8f65" />
      <TestMethod codeBase="C:\GitLab-Runner\builds\wr8MmWYb\0\LiveStats\LiveStats.Football\Source\Test\FunctionalTests\bin\Automation\net472\GeniusSports.LiveStats.Football.FunctionalTests.dll" adapterTypeName="executor://nunit3testexecutor/" className="GeniusSports.LiveStats.Football.FunctionalTests.Features.PitchScreen.ActionEdits.CardEditFeature" name="CardReasonUpdate(&quot;Yellow&quot;,&quot;Persistent Infringement&quot;,null)" />
    </UnitTest>
    <UnitTest name="PenaltyShootoutShot_OnMiss(&quot;1&quot;,&quot;2&quot;,&quot;90&quot;,&quot;50&quot;,&quot;5&quot;,&quot;16&quot;,null)" storage="c:\gitlab-runner\builds\wr8mmwyb\0\livestats\livestats.football\source\test\functionaltests\bin\automation\net472\geniussports.livestats.football.functionaltests.dll" id="37946cf9-f9e4-2b84-2d29-443a054db975">
      <Execution id="c984aeb1-d97e-4b39-a1ce-9a18ef62960b" />
      <TestMethod codeBase="C:\GitLab-Runner\builds\wr8MmWYb\0\LiveStats\LiveStats.Football\Source\Test\FunctionalTests\bin\Automation\net472\GeniusSports.LiveStats.Football.FunctionalTests.dll" adapterTypeName="executor://nunit3testexecutor/" className="GeniusSports.LiveStats.Football.FunctionalTests.Features.PitchScreen.ActionRegistration.PenaltyShootoutRecordFeature" name="PenaltyShootoutShot_OnMiss(&quot;1&quot;,&quot;2&quot;,&quot;90&quot;,&quot;50&quot;,&quot;5&quot;,&quot;16&quot;,null)" />
    </UnitTest>
    <UnitTest name="FootballShotWithUpdatedTeamAndPlayerSaved" storage="c:\gitlab-runner\builds\wr8mmwyb\0\livestats\livestats.football\source\test\functionaltests\bin\automation\net472\geniussports.livestats.football.functionaltests.dll" id="ccb34560-c82b-1676-175f-c83fafa37876">
      <Execution id="fc0b751d-3148-44cf-b34b-c0c20693d1fa" />
      <TestMethod codeBase="C:\GitLab-Runner\builds\wr8MmWYb\0\LiveStats\LiveStats.Football\Source\Test\FunctionalTests\bin\Automation\net472\GeniusSports.LiveStats.Football.FunctionalTests.dll" adapterTypeName="executor://nunit3testexecutor/" className="GeniusSports.LiveStats.Football.FunctionalTests.Features.PitchScreen.ActionEdits.GoalEditFeature" name="FootballShotWithUpdatedTeamAndPlayerSaved" />
    </UnitTest>
    <UnitTest name="WhenInsertingBeforeActionInSecondHalfThatHasLessTimeThanLastActionInFirstHalf" storage="c:\gitlab-runner\builds\wr8mmwyb\0\livestats\livestats.football\source\test\functionaltests\bin\automation\net472\geniussports.livestats.football.functionaltests.dll" id="2fbdb939-7206-b5e5-9383-5bbb6c877063">
      <Execution id="68bd6a0f-2ec8-46a8-b6d2-10da19e12b5d" />
      <TestMethod codeBase="C:\GitLab-Runner\builds\wr8MmWYb\0\LiveStats\LiveStats.Football\Source\Test\FunctionalTests\bin\Automation\net472\GeniusSports.LiveStats.Football.FunctionalTests.dll" adapterTypeName="executor://nunit3testexecutor/" className="GeniusSports.LiveStats.Football.FunctionalTests.Features.PitchScreen.ActionEdits.ActionContainersAreAutomaticallyReorderedFeature" name="WhenInsertingBeforeActionInSecondHalfThatHasLessTimeThanLastActionInFirstHalf" />
    </UnitTest>
    <UnitTest name="SkippedAllCardStepsAndConfirmingWontAllowToContinueWorkflow" storage="c:\gitlab-runner\builds\wr8mmwyb\0\livestats\livestats.football\source\test\functionaltests\bin\automation\net472\geniussports.livestats.football.functionaltests.dll" id="a1db3b3f-69d4-e99f-3baf-bbe924305764">
      <Execution id="1264a98d-af72-49fb-83fa-bd4581162776" />
      <TestMethod codeBase="C:\GitLab-Runner\builds\wr8MmWYb\0\LiveStats\LiveStats.Football\Source\Test\FunctionalTests\bin\Automation\net472\GeniusSports.LiveStats.Football.FunctionalTests.dll" adapterTypeName="executor://nunit3testexecutor/" className="GeniusSports.LiveStats.Football.FunctionalTests.Features.PitchScreen.ActionRegistration.CardRegistrationFeature" name="SkippedAllCardStepsAndConfirmingWontAllowToContinueWorkflow" />
    </UnitTest>
    <UnitTest name="FootballTimeUpdatedForShot" storage="c:\gitlab-runner\builds\wr8mmwyb\0\livestats\livestats.football\source\test\functionaltests\bin\automation\net472\geniussports.livestats.football.functionaltests.dll" id="4fdabef6-52f5-6b77-84b4-4bfdc4692753">
      <Execution id="59d034e4-ce41-441b-869d-777174ae8d35" />
      <TestMethod codeBase="C:\GitLab-Runner\builds\wr8MmWYb\0\LiveStats\LiveStats.Football\Source\Test\FunctionalTests\bin\Automation\net472\GeniusSports.LiveStats.Football.FunctionalTests.dll" adapterTypeName="executor://nunit3testexecutor/" className="GeniusSports.LiveStats.Football.FunctionalTests.Features.PitchScreen.ActionEdits.ShotEditFeature" name="FootballTimeUpdatedForShot" />
    </UnitTest>
    <UnitTest name="GivenPeriodBreakWithInterruption_WhenNextHalfKickedOff_ThenInterruptionIsCanceled" storage="c:\gitlab-runner\builds\wr8mmwyb\0\livestats\livestats.football\source\test\functionaltests\bin\automation\net472\geniussports.livestats.football.functionaltests.dll" id="1a787aee-0a5f-2a98-acaa-46db56af4937">
      <Execution id="ff185c37-2e7c-4220-93ca-3548ec92938c" />
      <TestMethod codeBase="C:\GitLab-Runner\builds\wr8MmWYb\0\LiveStats\LiveStats.Football\Source\Test\FunctionalTests\bin\Automation\net472\GeniusSports.LiveStats.Football.FunctionalTests.dll" adapterTypeName="executor://nunit3testexecutor/" className="GeniusSports.LiveStats.Football.FunctionalTests.Tests.PitchScreen.GameMessages.GameInterruptionTests" name="GivenPeriodBreakWithInterruption_WhenNextHalfKickedOff_ThenInterruptionIsCanceled" />
    </UnitTest>
    <UnitTest name="GivenFirstHalfEnded_WhenDeletingHalfEnd_ThenPhaseBackInProgress" storage="c:\gitlab-runner\builds\wr8mmwyb\0\livestats\livestats.football\source\test\functionaltests\bin\automation\net472\geniussports.livestats.football.functionaltests.dll" id="6fb67ebc-7f71-5733-1807-5e2ff6922e54">
      <Execution id="66c50b10-abae-44d6-8b0e-1cbbc953a0ca" />
      <TestMethod codeBase="C:\GitLab-Runner\builds\wr8MmWYb\0\LiveStats\LiveStats.Football\Source\Test\FunctionalTests\bin\Automation\net472\GeniusSports.LiveStats.Football.FunctionalTests.dll" adapterTypeName="executor://nunit3testexecutor/" className="GeniusSports.LiveStats.Football.FunctionalTests.Tests.PitchScreen.ActionDeletes.PeriodAndGameEndsDeleteTests" name="GivenFirstHalfEnded_WhenDeletingHalfEnd_ThenPhaseBackInProgress" />
    </UnitTest>
    <UnitTest name="StartGoalFromFreeKickWorkflow(&quot;location&quot;,&quot;2&quot;,&quot;1&quot;,&quot;0&quot;,null)" storage="c:\gitlab-runner\builds\wr8mmwyb\0\livestats\livestats.football\source\test\functionaltests\bin\automation\net472\geniussports.livestats.football.functionaltests.dll" id="cffa0719-803d-0355-0822-927853c24186">
      <Execution id="0a228207-745e-4382-85b0-a05ace991c16" />
      <TestMethod codeBase="C:\GitLab-Runner\builds\wr8MmWYb\0\LiveStats\LiveStats.Football\Source\Test\FunctionalTests\bin\Automation\net472\GeniusSports.LiveStats.Football.FunctionalTests.dll" adapterTypeName="executor://nunit3testexecutor/" className="GeniusSports.LiveStats.Football.FunctionalTests.Features.PitchScreen.ActionRegistration.GoalRegistrationFromFreeKickFeature" name="StartGoalFromFreeKickWorkflow(&quot;location&quot;,&quot;2&quot;,&quot;1&quot;,&quot;0&quot;,null)" />
    </UnitTest>
    <UnitTest name="GivenExpandedActionLog_WhenInsertingThrowInAfterFirst_ThenInsertsCorrectly" storage="c:\gitlab-runner\builds\wr8mmwyb\0\livestats\livestats.football\source\test\functionaltests\bin\automation\net472\geniussports.livestats.football.functionaltests.dll" id="a3a948ff-828c-453c-488c-b459ceffe5b2">
      <Execution id="96420bcf-ba44-419b-ba94-ec27ad2c5936" />
      <TestMethod codeBase="C:\GitLab-Runner\builds\wr8MmWYb\0\LiveStats\LiveStats.Football\Source\Test\FunctionalTests\bin\Automation\net472\GeniusSports.LiveStats.Football.FunctionalTests.dll" adapterTypeName="executor://nunit3testexecutor/" className="GeniusSports.LiveStats.Football.FunctionalTests.Tests.PitchScreen.ActionInserts.ThrowInInsertTests" name="GivenExpandedActionLog_WhenInsertingThrowInAfterFirst_ThenInsertsCorrectly" />
    </UnitTest>
    <UnitTest name="GivenSeveralActionsWithPlayersRegistered_WhenFilteringByShirtIdOfPlayerWithActions_ThenOnlyPlayerResultsReturned" storage="c:\gitlab-runner\builds\wr8mmwyb\0\livestats\livestats.football\source\test\functionaltests\bin\automation\net472\geniussports.livestats.football.functionaltests.dll" id="70648f68-0583-176b-bbb8-a316279966b9">
      <Execution id="e3153469-8e4f-449f-9f42-e9f341a93ab1" />
      <TestMethod codeBase="C:\GitLab-Runner\builds\wr8MmWYb\0\LiveStats\LiveStats.Football\Source\Test\FunctionalTests\bin\Automation\net472\GeniusSports.LiveStats.Football.FunctionalTests.dll" adapterTypeName="executor://nunit3testexecutor/" className="GeniusSports.LiveStats.Football.FunctionalTests.Tests.PitchScreen.Filters.PlayerFilterTests" name="GivenSeveralActionsWithPlayersRegistered_WhenFilteringByShirtIdOfPlayerWithActions_ThenOnlyPlayerResultsReturned" />
    </UnitTest>
    <UnitTest name="GivenShotRegistered_WhenEditingTeamAndPlayer_ThenSaveButtonEnabled" storage="c:\gitlab-runner\builds\wr8mmwyb\0\livestats\livestats.football\source\test\functionaltests\bin\automation\net472\geniussports.livestats.football.functionaltests.dll" id="2de92347-7fcf-2175-a4d2-cecd917b42b7">
      <Execution id="545fc8d0-a594-4d6d-9178-59d7407e2e10" />
      <TestMethod codeBase="C:\GitLab-Runner\builds\wr8MmWYb\0\LiveStats\LiveStats.Football\Source\Test\FunctionalTests\bin\Automation\net472\GeniusSports.LiveStats.Football.FunctionalTests.dll" adapterTypeName="executor://nunit3testexecutor/" className="GeniusSports.LiveStats.Football.FunctionalTests.Tests.PitchScreen.ActionEdits.ShotEditTests" name="GivenShotRegistered_WhenEditingTeamAndPlayer_ThenSaveButtonEnabled" />
    </UnitTest>
    <UnitTest name="GivenReportsOpened_WhenOpeningReportForTeamSquadList_ReportPreviewIsShown(2)" storage="c:\gitlab-runner\builds\wr8mmwyb\0\livestats\livestats.football\source\test\functionaltests\bin\automation\net472\geniussports.livestats.football.functionaltests.dll" id="8a6355ad-a3d7-e1a7-0e82-dbfd584dff16">
      <Execution id="49039b23-b4ad-4914-87b1-89c3c626d519" />
      <TestMethod codeBase="C:\GitLab-Runner\builds\wr8MmWYb\0\LiveStats\LiveStats.Football\Source\Test\FunctionalTests\bin\Automation\net472\GeniusSports.LiveStats.Football.FunctionalTests.dll" adapterTypeName="executor://nunit3testexecutor/" className="GeniusSports.LiveStats.Football.FunctionalTests.Tests.PitchScreen.PreviewReportsTests" name="GivenReportsOpened_WhenOpeningReportForTeamSquadList_ReportPreviewIsShown(2)" />
    </UnitTest>
    <UnitTest name="GivenGoalStartedAndConfirmed_WhenCancelingWorkflow_ThenGoalDeleted(2,7)" storage="c:\gitlab-runner\builds\wr8mmwyb\0\livestats\livestats.football\source\test\functionaltests\bin\automation\net472\geniussports.livestats.football.functionaltests.dll" id="36c90cc2-c2aa-72ca-b051-efd59a5aadbf">
      <Execution id="88388bdd-e28a-4a1a-a3df-8505fdae9f03" />
      <TestMethod codeBase="C:\GitLab-Runner\builds\wr8MmWYb\0\LiveStats\LiveStats.Football\Source\Test\FunctionalTests\bin\Automation\net472\GeniusSports.LiveStats.Football.FunctionalTests.dll" adapterTypeName="executor://nunit3testexecutor/" className="GeniusSports.LiveStats.Football.FunctionalTests.Tests.PitchScreen.ActionRegistration.GoalRegistrationTests" name="GivenGoalStartedAndConfirmed_WhenCancelingWorkflow_ThenGoalDeleted(2,7)" />
    </UnitTest>
    <UnitTest name="ClickCard(&quot;1&quot;,&quot;Yellow&quot;,null)" storage="c:\gitlab-runner\builds\wr8mmwyb\0\livestats\livestats.football\source\test\functionaltests\bin\automation\net472\geniussports.livestats.football.functionaltests.dll" id="37832c98-a65f-a059-abf8-bf96858513b0">
      <Execution id="44a5ab32-7004-4afe-856a-e44f1cacd906" />
      <TestMethod codeBase="C:\GitLab-Runner\builds\wr8MmWYb\0\LiveStats\LiveStats.Football\Source\Test\FunctionalTests\bin\Automation\net472\GeniusSports.LiveStats.Football.FunctionalTests.dll" adapterTypeName="executor://nunit3testexecutor/" className="GeniusSports.LiveStats.Football.FunctionalTests.Features.PitchScreen.ActionRegistration.CardRegistrationFeature" name="ClickCard(&quot;1&quot;,&quot;Yellow&quot;,null)" />
    </UnitTest>
    <UnitTest name="ActionWithPlayerThatIsNotOnPitchIsFlagged" storage="c:\gitlab-runner\builds\wr8mmwyb\0\livestats\livestats.football\source\test\functionaltests\bin\automation\net472\geniussports.livestats.football.functionaltests.dll" id="32b204cd-cbe0-cb64-c0ed-ce6bf04393ce">
      <Execution id="a67b3d8f-52b0-4b81-bfce-85158435b762" />
      <TestMethod codeBase="C:\GitLab-Runner\builds\wr8MmWYb\0\LiveStats\LiveStats.Football\Source\Test\FunctionalTests\bin\Automation\net472\GeniusSports.LiveStats.Football.FunctionalTests.dll" adapterTypeName="executor://nunit3testexecutor/" className="GeniusSports.LiveStats.Football.FunctionalTests.Features.PitchScreen.Flagging.PlayerNotOnPitchFlagFeature" name="ActionWithPlayerThatIsNotOnPitchIsFlagged" />
    </UnitTest>
    <UnitTest name="GivenGameInPenaltyShootout_WhenCloseAndOpenDifferentGame_ThenLoadsGameInPitchView" storage="c:\gitlab-runner\builds\wr8mmwyb\0\livestats\livestats.football\source\test\functionaltests\bin\automation\net472\geniussports.livestats.football.functionaltests.dll" id="aa9b43db-077e-5d3c-9a36-cbfc1e9e6228">
      <Execution id="dea5b99f-fabe-4cc8-9c6a-82f63b53e3ef" />
      <TestMethod codeBase="C:\GitLab-Runner\builds\wr8MmWYb\0\LiveStats\LiveStats.Football\Source\Test\FunctionalTests\bin\Automation\net472\GeniusSports.LiveStats.Football.FunctionalTests.dll" adapterTypeName="executor://nunit3testexecutor/" className="GeniusSports.LiveStats.Football.FunctionalTests.Tests.PitchScreen.OpeningGameInPenaltyShootout" name="GivenGameInPenaltyShootout_WhenCloseAndOpenDifferentGame_ThenLoadsGameInPitchView" />
    </UnitTest>
    <UnitTest name="CannotFlagAndContinuePenaltyGoalConfirmation" storage="c:\gitlab-runner\builds\wr8mmwyb\0\livestats\livestats.football\source\test\functionaltests\bin\automation\net472\geniussports.livestats.football.functionaltests.dll" id="1282e406-4618-cf83-e8d1-29535ae742a8">
      <Execution id="4f64d9fc-f98c-4ff9-a745-5f9df200fb7a" />
      <TestMethod codeBase="C:\GitLab-Runner\builds\wr8MmWYb\0\LiveStats\LiveStats.Football\Source\Test\FunctionalTests\bin\Automation\net472\GeniusSports.LiveStats.Football.FunctionalTests.dll" adapterTypeName="executor://nunit3testexecutor/" className="GeniusSports.LiveStats.Football.FunctionalTests.Features.PitchScreen.Flagging.FlagAndContinueFeature" name="CannotFlagAndContinuePenaltyGoalConfirmation" />
    </UnitTest>
    <UnitTest name="GivenGoalInsertedWithEjectedPlayer_WhenEjectionDeleted_ThenGoalIsNotFlagged" storage="c:\gitlab-runner\builds\wr8mmwyb\0\livestats\livestats.football\source\test\functionaltests\bin\automation\net472\geniussports.livestats.football.functionaltests.dll" id="6d2cf5a4-f1c9-4c3e-2231-c1ee6cd41f1c">
      <Execution id="a689ce52-8284-473f-b5bc-910b7e25aca0" />
      <TestMethod codeBase="C:\GitLab-Runner\builds\wr8MmWYb\0\LiveStats\LiveStats.Football\Source\Test\FunctionalTests\bin\Automation\net472\GeniusSports.LiveStats.Football.FunctionalTests.dll" adapterTypeName="executor://nunit3testexecutor/" className="GeniusSports.LiveStats.Football.FunctionalTests.Tests.PitchScreen.Flagging.CardEjectedPlayerFlaggingTests" name="GivenGoalInsertedWithEjectedPlayer_WhenEjectionDeleted_ThenGoalIsNotFlagged" />
    </UnitTest>
    <UnitTest name="PenaltyRetake(&quot;Penalty Goal&quot;,null)" storage="c:\gitlab-runner\builds\wr8mmwyb\0\livestats\livestats.football\source\test\functionaltests\bin\automation\net472\geniussports.livestats.football.functionaltests.dll" id="27bf0f5e-8444-e80c-393e-502115225cea">
      <Execution id="aa74a0ad-f430-4e9e-81b0-7c639cf39bae" />
      <TestMethod codeBase="C:\GitLab-Runner\builds\wr8MmWYb\0\LiveStats\LiveStats.Football\Source\Test\FunctionalTests\bin\Automation\net472\GeniusSports.LiveStats.Football.FunctionalTests.dll" adapterTypeName="executor://nunit3testexecutor/" className="GeniusSports.LiveStats.Football.FunctionalTests.Features.PitchScreen.ActionRegistration.PenaltyRegistrationFeature" name="PenaltyRetake(&quot;Penalty Goal&quot;,null)" />
    </UnitTest>
    <UnitTest name="GivenPSOHalfEnded_WhenPSOHalfEnd_ThenPSOHalfEndIsDeleted" storage="c:\gitlab-runner\builds\wr8mmwyb\0\livestats\livestats.football\source\test\functionaltests\bin\automation\net472\geniussports.livestats.football.functionaltests.dll" id="a95f2e32-53e4-d967-7674-1f96d1c70f2f">
      <Execution id="72fb2672-8df6-4a5f-a49e-d3d9a3fe487c" />
      <TestMethod codeBase="C:\GitLab-Runner\builds\wr8MmWYb\0\LiveStats\LiveStats.Football\Source\Test\FunctionalTests\bin\Automation\net472\GeniusSports.LiveStats.Football.FunctionalTests.dll" adapterTypeName="executor://nunit3testexecutor/" className="GeniusSports.LiveStats.Football.FunctionalTests.Tests.PitchScreen.ActionDeletes.PeriodAndGameEndsDeleteTests" name="GivenPSOHalfEnded_WhenPSOHalfEnd_ThenPSOHalfEndIsDeleted" />
    </UnitTest>
    <UnitTest name="CanInsertActionDuringActionWorkflowAndThenContinueWorkflow" storage="c:\gitlab-runner\builds\wr8mmwyb\0\livestats\livestats.football\source\test\functionaltests\bin\automation\net472\geniussports.livestats.football.functionaltests.dll" id="58ff2731-a6d4-e896-1cdf-e24fa681a560">
      <Execution id="c19a4f86-a225-479e-aeb8-bad81c9f62e7" />
      <TestMethod codeBase="C:\GitLab-Runner\builds\wr8MmWYb\0\LiveStats\LiveStats.Football\Source\Test\FunctionalTests\bin\Automation\net472\GeniusSports.LiveStats.Football.FunctionalTests.dll" adapterTypeName="executor://nunit3testexecutor/" className="GeniusSports.LiveStats.Football.FunctionalTests.Features.PitchScreen.ActionRegistration.ActionsDuringWorkflowsFeature" name="CanInsertActionDuringActionWorkflowAndThenContinueWorkflow" />
    </UnitTest>
    <UnitTest name="GivenActionRegistered_WhenDeletingFromExpandedActionLog_ThenDeletedInExpanded(GoalKick)" storage="c:\gitlab-runner\builds\wr8mmwyb\0\livestats\livestats.football\source\test\functionaltests\bin\automation\net472\geniussports.livestats.football.functionaltests.dll" id="9de5fc4f-9888-1567-9d1c-d6099a9364b8">
      <Execution id="33a4cb88-ff95-4900-8d5a-70c763e10fd1" />
      <TestMethod codeBase="C:\GitLab-Runner\builds\wr8MmWYb\0\LiveStats\LiveStats.Football\Source\Test\FunctionalTests\bin\Automation\net472\GeniusSports.LiveStats.Football.FunctionalTests.dll" adapterTypeName="executor://nunit3testexecutor/" className="GeniusSports.LiveStats.Football.FunctionalTests.Tests.PitchScreen.ActionDeletes.GameActionDeleteTests" name="GivenActionRegistered_WhenDeletingFromExpandedActionLog_ThenDeletedInExpanded(GoalKick)" />
    </UnitTest>
    <UnitTest name="PenaltyGoal(&quot;2&quot;,&quot;1&quot;,&quot;10&quot;,&quot;50&quot;,&quot;8&quot;,&quot;11&quot;,null)" storage="c:\gitlab-runner\builds\wr8mmwyb\0\livestats\livestats.football\source\test\functionaltests\bin\automation\net472\geniussports.livestats.football.functionaltests.dll" id="95a62091-f9f8-8b15-46ec-443a071bcd17">
      <Execution id="036ed74e-b2cb-4a32-bb3e-67b6c7596c0c" />
      <TestMethod codeBase="C:\GitLab-Runner\builds\wr8MmWYb\0\LiveStats\LiveStats.Football\Source\Test\FunctionalTests\bin\Automation\net472\GeniusSports.LiveStats.Football.FunctionalTests.dll" adapterTypeName="executor://nunit3testexecutor/" className="GeniusSports.LiveStats.Football.FunctionalTests.Features.PitchScreen.ActionRegistration.PenaltyRegistrationFeature" name="PenaltyGoal(&quot;2&quot;,&quot;1&quot;,&quot;10&quot;,&quot;50&quot;,&quot;8&quot;,&quot;11&quot;,null)" />
    </UnitTest>
    <UnitTest name="GivenGameInProgress_WhenFilingCard_ThenScoreboardsStatsAreUpdated(1,Yellow)" storage="c:\gitlab-runner\builds\wr8mmwyb\0\livestats\livestats.football\source\test\functionaltests\bin\automation\net472\geniussports.livestats.football.functionaltests.dll" id="b4332307-28e1-d620-83fa-5f3f0d9f1144">
      <Execution id="98ac6f12-69f6-43f4-88a4-73ca0e98b73f" />
      <TestMethod codeBase="C:\GitLab-Runner\builds\wr8MmWYb\0\LiveStats\LiveStats.Football\Source\Test\FunctionalTests\bin\Automation\net472\GeniusSports.LiveStats.Football.FunctionalTests.dll" adapterTypeName="executor://nunit3testexecutor/" className="GeniusSports.LiveStats.Football.FunctionalTests.Tests.PitchScreen.PitchTeamStatsCalculatedTests" name="GivenGameInProgress_WhenFilingCard_ThenScoreboardsStatsAreUpdated(1,Yellow)" />
    </UnitTest>
    <UnitTest name="ConfirmedCardCannotBePutOnHold" storage="c:\gitlab-runner\builds\wr8mmwyb\0\livestats\livestats.football\source\test\functionaltests\bin\automation\net472\geniussports.livestats.football.functionaltests.dll" id="2cecdd2f-eea1-dbef-9b53-175de938e3a7">
      <Execution id="3ca84d77-3fe9-4461-b70d-b5bf65282ac9" />
      <TestMethod codeBase="C:\GitLab-Runner\builds\wr8MmWYb\0\LiveStats\LiveStats.Football\Source\Test\FunctionalTests\bin\Automation\net472\GeniusSports.LiveStats.Football.FunctionalTests.dll" adapterTypeName="executor://nunit3testexecutor/" className="GeniusSports.LiveStats.Football.FunctionalTests.Features.PitchScreen.ActionRegistration.CardRegistrationFeature" name="ConfirmedCardCannotBePutOnHold" />
    </UnitTest>
    <UnitTest name="GivenGameInProgress_WhenPitchIsClicked_ThenCorrespondingDangerZoneHighlights(40,50,1)" storage="c:\gitlab-runner\builds\wr8mmwyb\0\livestats\livestats.football\source\test\functionaltests\bin\automation\net472\geniussports.livestats.football.functionaltests.dll" id="7794a212-8453-33eb-b065-090626d5124b">
      <Execution id="8fd17b74-d6f5-4f67-9298-197e93377441" />
      <TestMethod codeBase="C:\GitLab-Runner\builds\wr8MmWYb\0\LiveStats\LiveStats.Football\Source\Test\FunctionalTests\bin\Automation\net472\GeniusSports.LiveStats.Football.FunctionalTests.dll" adapterTypeName="executor://nunit3testexecutor/" className="GeniusSports.LiveStats.Football.FunctionalTests.Tests.PitchScreen.DangerZoneTests" name="GivenGameInProgress_WhenPitchIsClicked_ThenCorrespondingDangerZoneHighlights(40,50,1)" />
    </UnitTest>
    <UnitTest name="VARButtonOnPenaltyFirstStep(&quot;2&quot;,null)" storage="c:\gitlab-runner\builds\wr8mmwyb\0\livestats\livestats.football\source\test\functionaltests\bin\automation\net472\geniussports.livestats.football.functionaltests.dll" id="946454dd-77e0-b1db-d827-48b6ef2dd370">
      <Execution id="bf47969d-21dd-46bf-bd05-9b85ee16dec8" />
      <TestMethod codeBase="C:\GitLab-Runner\builds\wr8MmWYb\0\LiveStats\LiveStats.Football\Source\Test\FunctionalTests\bin\Automation\net472\GeniusSports.LiveStats.Football.FunctionalTests.dll" adapterTypeName="executor://nunit3testexecutor/" className="GeniusSports.LiveStats.Football.FunctionalTests.Features.PitchScreen.VideoAssistantReferee.VarRegistrationDuringPenaltyFeature" name="VARButtonOnPenaltyFirstStep(&quot;2&quot;,null)" />
    </UnitTest>
    <UnitTest name="DeleteCardAfterSelectingAssistantCoach(&quot;Yellow&quot;,&quot;Yellow&quot;,&quot;Yellow&quot;,null)" storage="c:\gitlab-runner\builds\wr8mmwyb\0\livestats\livestats.football\source\test\functionaltests\bin\automation\net472\geniussports.livestats.football.functionaltests.dll" id="5c65ae24-ee3d-180a-7d62-85ad9e101963">
      <Execution id="66c2b860-6fe1-419a-bbf4-6753fe0490b8" />
      <TestMethod codeBase="C:\GitLab-Runner\builds\wr8MmWYb\0\LiveStats\LiveStats.Football\Source\Test\FunctionalTests\bin\Automation\net472\GeniusSports.LiveStats.Football.FunctionalTests.dll" adapterTypeName="executor://nunit3testexecutor/" className="GeniusSports.LiveStats.Football.FunctionalTests.Features.PitchScreen.ActionRegistration.CardRegistrationFeature" name="DeleteCardAfterSelectingAssistantCoach(&quot;Yellow&quot;,&quot;Yellow&quot;,&quot;Yellow&quot;,null)" />
    </UnitTest>
    <UnitTest name="AfterPenaltyShootOutKickRetakeIsPossibleToSelectSamePenaltyOutcome(&quot;Penalty Shot On Target&quot;,null)" storage="c:\gitlab-runner\builds\wr8mmwyb\0\livestats\livestats.football\source\test\functionaltests\bin\automation\net472\geniussports.livestats.football.functionaltests.dll" id="8448cd19-ba30-a81b-7fe5-e5ed55668eb4">
      <Execution id="a0d3fd37-9af1-4d31-b3c8-620743a17150" />
      <TestMethod codeBase="C:\GitLab-Runner\builds\wr8MmWYb\0\LiveStats\LiveStats.Football\Source\Test\FunctionalTests\bin\Automation\net472\GeniusSports.LiveStats.Football.FunctionalTests.dll" adapterTypeName="executor://nunit3testexecutor/" className="GeniusSports.LiveStats.Football.FunctionalTests.Features.PitchScreen.ActionRegistration.PenaltyShootoutRecordFeature" name="AfterPenaltyShootOutKickRetakeIsPossibleToSelectSamePenaltyOutcome(&quot;Penalty Shot On Target&quot;,null)" />
    </UnitTest>
    <UnitTest name="FiltersCanBeAppliedDuringActiveGoalKickWorkflow" storage="c:\gitlab-runner\builds\wr8mmwyb\0\livestats\livestats.football\source\test\functionaltests\bin\automation\net472\geniussports.livestats.football.functionaltests.dll" id="a7cc8d2f-f2a8-e6d5-c67c-4e711d1cff3a">
      <Execution id="d4b9872e-8106-4702-b1e5-1275ffe970ff" />
      <TestMethod codeBase="C:\GitLab-Runner\builds\wr8MmWYb\0\LiveStats\LiveStats.Football\Source\Test\FunctionalTests\bin\Automation\net472\GeniusSports.LiveStats.Football.FunctionalTests.dll" adapterTypeName="executor://nunit3testexecutor/" className="GeniusSports.LiveStats.Football.FunctionalTests.Features.PitchScreen.Filters.PitchActionLogFiltersFeature" name="FiltersCanBeAppliedDuringActiveGoalKickWorkflow" />
    </UnitTest>
    <UnitTest name="FootballFinishPenaltyShot_OffMissWorkflow(&quot;1&quot;,&quot;2&quot;,&quot;No Save&quot;,&quot;90&quot;,&quot;50&quot;,&quot;5&quot;,&quot;16&quot;,null)" storage="c:\gitlab-runner\builds\wr8mmwyb\0\livestats\livestats.football\source\test\functionaltests\bin\automation\net472\geniussports.livestats.football.functionaltests.dll" id="3ba81560-6629-867e-861b-88653148870f">
      <Execution id="37a9ef14-516b-4d15-bb1c-eb569631fc7c" />
      <TestMethod codeBase="C:\GitLab-Runner\builds\wr8MmWYb\0\LiveStats\LiveStats.Football\Source\Test\FunctionalTests\bin\Automation\net472\GeniusSports.LiveStats.Football.FunctionalTests.dll" adapterTypeName="executor://nunit3testexecutor/" className="GeniusSports.LiveStats.Football.FunctionalTests.Features.PitchScreen.ActionRegistration.PenaltyRegistrationFeature" name="FootballFinishPenaltyShot_OffMissWorkflow(&quot;1&quot;,&quot;2&quot;,&quot;No Save&quot;,&quot;90&quot;,&quot;50&quot;,&quot;5&quot;,&quot;16&quot;,null)" />
    </UnitTest>
    <UnitTest name="SecondYellowCardsFilterInExpandedLogShowOnlySecondYellowCards" storage="c:\gitlab-runner\builds\wr8mmwyb\0\livestats\livestats.football\source\test\functionaltests\bin\automation\net472\geniussports.livestats.football.functionaltests.dll" id="169260f1-29c4-8298-1fd1-b1ccd331c669">
      <Execution id="b2300a92-e524-4afd-837e-ba39b32761d8" />
      <TestMethod codeBase="C:\GitLab-Runner\builds\wr8MmWYb\0\LiveStats\LiveStats.Football\Source\Test\FunctionalTests\bin\Automation\net472\GeniusSports.LiveStats.Football.FunctionalTests.dll" adapterTypeName="executor://nunit3testexecutor/" className="GeniusSports.LiveStats.Football.FunctionalTests.Features.PitchScreen.Filters.CardsFilterFeature" name="SecondYellowCardsFilterInExpandedLogShowOnlySecondYellowCards" />
    </UnitTest>
    <UnitTest name="SubstitutionActionCanBeUnflagged" storage="c:\gitlab-runner\builds\wr8mmwyb\0\livestats\livestats.football\source\test\functionaltests\bin\automation\net472\geniussports.livestats.football.functionaltests.dll" id="a521625e-c08d-c600-83fe-45c2deb80088">
      <Execution id="a41cfb5d-cef7-4842-b865-c54c9556ee34" />
      <TestMethod codeBase="C:\GitLab-Runner\builds\wr8MmWYb\0\LiveStats\LiveStats.Football\Source\Test\FunctionalTests\bin\Automation\net472\GeniusSports.LiveStats.Football.FunctionalTests.dll" adapterTypeName="executor://nunit3testexecutor/" className="GeniusSports.LiveStats.Football.FunctionalTests.Features.PitchScreen.Flagging.AddManualFlagFeature" name="SubstitutionActionCanBeUnflagged" />
    </UnitTest>
    <UnitTest name="WhenActionTimeChangedToSameTimeAsAnotherActionAndActionMovedBeforeAndSaved" storage="c:\gitlab-runner\builds\wr8mmwyb\0\livestats\livestats.football\source\test\functionaltests\bin\automation\net472\geniussports.livestats.football.functionaltests.dll" id="1708372b-575c-5dad-0808-2f813c427744">
      <Execution id="a1dcd6db-243a-4fa5-b40b-8f2b008bfd22" />
      <TestMethod codeBase="C:\GitLab-Runner\builds\wr8MmWYb\0\LiveStats\LiveStats.Football\Source\Test\FunctionalTests\bin\Automation\net472\GeniusSports.LiveStats.Football.FunctionalTests.dll" adapterTypeName="executor://nunit3testexecutor/" className="GeniusSports.LiveStats.Football.FunctionalTests.Features.PitchScreen.ActionEdits.ActionContainersAreAutomaticallyReorderedFeature" name="WhenActionTimeChangedToSameTimeAsAnotherActionAndActionMovedBeforeAndSaved" />
    </UnitTest>
    <UnitTest name="GivenFootballReportsOpened_WhenOpeningReport_ReportPreviewIsShown(&quot;Team 2 Squad List&quot;)" storage="c:\gitlab-runner\builds\wr8mmwyb\0\livestats\livestats.football\source\test\functionaltests\bin\automation\net472\geniussports.livestats.football.functionaltests.dll" id="9f89a9d1-c9e6-bffe-c977-4a26b57503c1">
      <Execution id="9edebca2-047d-44c7-b513-c4ee3b8712f8" />
      <TestMethod codeBase="C:\GitLab-Runner\builds\wr8MmWYb\0\LiveStats\LiveStats.Football\Source\Test\FunctionalTests\bin\Automation\net472\GeniusSports.LiveStats.Football.FunctionalTests.dll" adapterTypeName="executor://nunit3testexecutor/" className="GeniusSports.LiveStats.Football.FunctionalTests.Tests.PitchScreen.PreviewReportsTests" name="GivenFootballReportsOpened_WhenOpeningReport_ReportPreviewIsShown(&quot;Team 2 Squad List&quot;)" />
    </UnitTest>
    <UnitTest name="FreeKickByTeamUpdateLocationsFoulOnPlayerAndFoulByPlayerSaved" storage="c:\gitlab-runner\builds\wr8mmwyb\0\livestats\livestats.football\source\test\functionaltests\bin\automation\net472\geniussports.livestats.football.functionaltests.dll" id="02be8512-4cf1-f4b9-d992-118a1f2f6bc1">
      <Execution id="7e301dec-b724-4848-8fbb-12f9f48c4d1c" />
      <TestMethod codeBase="C:\GitLab-Runner\builds\wr8MmWYb\0\LiveStats\LiveStats.Football\Source\Test\FunctionalTests\bin\Automation\net472\GeniusSports.LiveStats.Football.FunctionalTests.dll" adapterTypeName="executor://nunit3testexecutor/" className="GeniusSports.LiveStats.Football.FunctionalTests.Features.PitchScreen.ActionEdits.FreeKickEditFeature" name="FreeKickByTeamUpdateLocationsFoulOnPlayerAndFoulByPlayerSaved" />
    </UnitTest>
    <UnitTest name="EmptyOrInvalidMatchKeyIsRejected(&quot;NOT_VALID_MATCH_KEY&quot;,null)" storage="c:\gitlab-runner\builds\wr8mmwyb\0\livestats\livestats.football\source\test\functionaltests\bin\automation\net472\geniussports.livestats.football.functionaltests.dll" id="184976a3-1d46-6cd6-0f59-bd844a34964b">
      <Execution id="9aef123a-a173-4491-8d72-72a10d64bda7" />
      <TestMethod codeBase="C:\GitLab-Runner\builds\wr8MmWYb\0\LiveStats\LiveStats.Football\Source\Test\FunctionalTests\bin\Automation\net472\GeniusSports.LiveStats.Football.FunctionalTests.dll" adapterTypeName="executor://nunit3testexecutor/" className="GeniusSports.LiveStats.Football.FunctionalTests.Features.GameSetup.LoadGameUsingMatchKeyFeature" name="EmptyOrInvalidMatchKeyIsRejected(&quot;NOT_VALID_MATCH_KEY&quot;,null)" />
    </UnitTest>
    <UnitTest name="SelectTeamAndGoalTypeInGoalInsert(&quot;2&quot;,&quot;Other&quot;,null)" storage="c:\gitlab-runner\builds\wr8mmwyb\0\livestats\livestats.football\source\test\functionaltests\bin\automation\net472\geniussports.livestats.football.functionaltests.dll" id="f94d9504-a317-ec85-e49b-f3239e3e9385">
      <Execution id="3e5c6cb4-8f3a-4a2a-bd0a-a3298f0c866f" />
      <TestMethod codeBase="C:\GitLab-Runner\builds\wr8MmWYb\0\LiveStats\LiveStats.Football\Source\Test\FunctionalTests\bin\Automation\net472\GeniusSports.LiveStats.Football.FunctionalTests.dll" adapterTypeName="executor://nunit3testexecutor/" className="GeniusSports.LiveStats.Football.FunctionalTests.Features.PitchScreen.ActionInserts.InsertGoalFeature" name="SelectTeamAndGoalTypeInGoalInsert(&quot;2&quot;,&quot;Other&quot;,null)" />
    </UnitTest>
    <UnitTest name="VarBeforeConfirmingTheCard(&quot;1&quot;,&quot;Yellow&quot;,&quot;13&quot;,null)" storage="c:\gitlab-runner\builds\wr8mmwyb\0\livestats\livestats.football\source\test\functionaltests\bin\automation\net472\geniussports.livestats.football.functionaltests.dll" id="b9fdbf77-34bb-737a-bbe2-cfeca3325c25">
      <Execution id="85b26c68-87f1-46c3-9605-9f6d8ac8911f" />
      <TestMethod codeBase="C:\GitLab-Runner\builds\wr8MmWYb\0\LiveStats\LiveStats.Football\Source\Test\FunctionalTests\bin\Automation\net472\GeniusSports.LiveStats.Football.FunctionalTests.dll" adapterTypeName="executor://nunit3testexecutor/" className="GeniusSports.LiveStats.Football.FunctionalTests.Features.PitchScreen.VideoAssistantReferee.CardsVarRegistrationFeature" name="VarBeforeConfirmingTheCard(&quot;1&quot;,&quot;Yellow&quot;,&quot;13&quot;,null)" />
    </UnitTest>
    <UnitTest name="ExtraPlayerCanBeAdded" storage="c:\gitlab-runner\builds\wr8mmwyb\0\livestats\livestats.football\source\test\functionaltests\bin\automation\net472\geniussports.livestats.football.functionaltests.dll" id="1e7aa579-ee8e-5ec6-5268-0562e6ae4137">
      <Execution id="1a972931-2c75-4172-95fa-64efd86bc36e" />
      <TestMethod codeBase="C:\GitLab-Runner\builds\wr8MmWYb\0\LiveStats\LiveStats.Football\Source\Test\FunctionalTests\bin\Automation\net472\GeniusSports.LiveStats.Football.FunctionalTests.dll" adapterTypeName="executor://nunit3testexecutor/" className="GeniusSports.LiveStats.Football.FunctionalTests.Features.GameSetup.SetupTeamsPlayersFeature" name="ExtraPlayerCanBeAdded" />
    </UnitTest>
    <UnitTest name="ThrowInCanBeFiltered" storage="c:\gitlab-runner\builds\wr8mmwyb\0\livestats\livestats.football\source\test\functionaltests\bin\automation\net472\geniussports.livestats.football.functionaltests.dll" id="832eb6e3-7745-a3c2-5dcc-1e878272d1e1">
      <Execution id="3a63e075-73b7-4b7d-b34c-806f919477ef" />
      <TestMethod codeBase="C:\GitLab-Runner\builds\wr8MmWYb\0\LiveStats\LiveStats.Football\Source\Test\FunctionalTests\bin\Automation\net472\GeniusSports.LiveStats.Football.FunctionalTests.dll" adapterTypeName="executor://nunit3testexecutor/" className="GeniusSports.LiveStats.Football.FunctionalTests.Features.PitchScreen.Filters.ActionTypesFiltersFeature" name="ThrowInCanBeFiltered" />
    </UnitTest>
    <UnitTest name="CanProceedWithBlankOfficialFields" storage="c:\gitlab-runner\builds\wr8mmwyb\0\livestats\livestats.football\source\test\functionaltests\bin\automation\net472\geniussports.livestats.football.functionaltests.dll" id="26ec210f-7154-73ea-ee6a-852efff392f5">
      <Execution id="9ff5b211-370d-45e3-9e16-fb7335964ed7" />
      <TestMethod codeBase="C:\GitLab-Runner\builds\wr8MmWYb\0\LiveStats\LiveStats.Football\Source\Test\FunctionalTests\bin\Automation\net472\GeniusSports.LiveStats.Football.FunctionalTests.dll" adapterTypeName="executor://nunit3testexecutor/" className="GeniusSports.LiveStats.Football.FunctionalTests.Features.GameSetup.SetupGeneralGameInformationFeature" name="CanProceedWithBlankOfficialFields" />
    </UnitTest>
    <UnitTest name="SelectFoulForPenalty(&quot;2&quot;,&quot;1&quot;,&quot;10&quot;,&quot;50&quot;,null)" storage="c:\gitlab-runner\builds\wr8mmwyb\0\livestats\livestats.football\source\test\functionaltests\bin\automation\net472\geniussports.livestats.football.functionaltests.dll" id="abc33e42-0ff0-18db-5a03-9f2c86a1fab2">
      <Execution id="348db932-26c6-45d6-8b07-1946b924da6d" />
      <TestMethod codeBase="C:\GitLab-Runner\builds\wr8MmWYb\0\LiveStats\LiveStats.Football\Source\Test\FunctionalTests\bin\Automation\net472\GeniusSports.LiveStats.Football.FunctionalTests.dll" adapterTypeName="executor://nunit3testexecutor/" className="GeniusSports.LiveStats.Football.FunctionalTests.Features.PitchScreen.ActionRegistration.PenaltyRegistrationFeature" name="SelectFoulForPenalty(&quot;2&quot;,&quot;1&quot;,&quot;10&quot;,&quot;50&quot;,null)" />
    </UnitTest>
    <UnitTest name="GivenGoalKickRegistered_WhenUpdatingGoalKickTakenTime_ThenEnablesSaveButton" storage="c:\gitlab-runner\builds\wr8mmwyb\0\livestats\livestats.football\source\test\functionaltests\bin\automation\net472\geniussports.livestats.football.functionaltests.dll" id="d566d8f0-3834-70a1-7633-671fea77a3e6">
      <Execution id="ad66bd19-0288-4f3a-a287-9f5482c9679b" />
      <TestMethod codeBase="C:\GitLab-Runner\builds\wr8MmWYb\0\LiveStats\LiveStats.Football\Source\Test\FunctionalTests\bin\Automation\net472\GeniusSports.LiveStats.Football.FunctionalTests.dll" adapterTypeName="executor://nunit3testexecutor/" className="GeniusSports.LiveStats.Football.FunctionalTests.Tests.PitchScreen.ActionEdits.GoalKickEditTests" name="GivenGoalKickRegistered_WhenUpdatingGoalKickTakenTime_ThenEnablesSaveButton" />
    </UnitTest>
    <UnitTest name="GivenGoalEdit_WhenEditingPitchLocation_ThenPitchLocationUpdated" storage="c:\gitlab-runner\builds\wr8mmwyb\0\livestats\livestats.football\source\test\functionaltests\bin\automation\net472\geniussports.livestats.football.functionaltests.dll" id="b99ccc33-e29f-bdb8-2df6-2873fcea41d3">
      <Execution id="3f4fd039-cf74-4b42-8bfc-db0250753b1d" />
      <TestMethod codeBase="C:\GitLab-Runner\builds\wr8MmWYb\0\LiveStats\LiveStats.Football\Source\Test\FunctionalTests\bin\Automation\net472\GeniusSports.LiveStats.Football.FunctionalTests.dll" adapterTypeName="executor://nunit3testexecutor/" className="GeniusSports.LiveStats.Football.FunctionalTests.Tests.PitchScreen.ActionEdits.GoalEditTests" name="GivenGoalEdit_WhenEditingPitchLocation_ThenPitchLocationUpdated" />
    </UnitTest>
    <UnitTest name="ClockEditByAddingTime" storage="c:\gitlab-runner\builds\wr8mmwyb\0\livestats\livestats.football\source\test\functionaltests\bin\automation\net472\geniussports.livestats.football.functionaltests.dll" id="eaeaa9c4-5ecc-3a09-9a78-59f1bc55dbb4">
      <Execution id="f28b64bc-e270-443e-813e-02233855f0f6" />
      <TestMethod codeBase="C:\GitLab-Runner\builds\wr8MmWYb\0\LiveStats\LiveStats.Football\Source\Test\FunctionalTests\bin\Automation\net472\GeniusSports.LiveStats.Football.FunctionalTests.dll" adapterTypeName="executor://nunit3testexecutor/" className="GeniusSports.LiveStats.Football.FunctionalTests.Features.PitchScreen.Clock.ClockManipulationFeature" name="ClockEditByAddingTime" />
    </UnitTest>
    <UnitTest name="AddPitchLocationInGoalInsert(&quot;set&quot;,null)" storage="c:\gitlab-runner\builds\wr8mmwyb\0\livestats\livestats.football\source\test\functionaltests\bin\automation\net472\geniussports.livestats.football.functionaltests.dll" id="914d91b5-25df-3720-04eb-989380e3b4c3">
      <Execution id="a257ec43-88fa-4fac-ba0e-7c37577e5578" />
      <TestMethod codeBase="C:\GitLab-Runner\builds\wr8MmWYb\0\LiveStats\LiveStats.Football\Source\Test\FunctionalTests\bin\Automation\net472\GeniusSports.LiveStats.Football.FunctionalTests.dll" adapterTypeName="executor://nunit3testexecutor/" className="GeniusSports.LiveStats.Football.FunctionalTests.Features.PitchScreen.ActionInserts.InsertGoalFeature" name="AddPitchLocationInGoalInsert(&quot;set&quot;,null)" />
    </UnitTest>
    <UnitTest name="NoOnVAROnSecondStepOfRecordCardWorkflow(&quot;1&quot;,&quot;Yellow&quot;,null)" storage="c:\gitlab-runner\builds\wr8mmwyb\0\livestats\livestats.football\source\test\functionaltests\bin\automation\net472\geniussports.livestats.football.functionaltests.dll" id="d3c71dff-0cc8-6f9d-f6bc-c072923bc120">
      <Execution id="91d3fc3b-911f-4b11-baac-d300517cb961" />
      <TestMethod codeBase="C:\GitLab-Runner\builds\wr8MmWYb\0\LiveStats\LiveStats.Football\Source\Test\FunctionalTests\bin\Automation\net472\GeniusSports.LiveStats.Football.FunctionalTests.dll" adapterTypeName="executor://nunit3testexecutor/" className="GeniusSports.LiveStats.Football.FunctionalTests.Features.PitchScreen.VideoAssistantReferee.CardsVarRegistrationFeature" name="NoOnVAROnSecondStepOfRecordCardWorkflow(&quot;1&quot;,&quot;Yellow&quot;,null)" />
    </UnitTest>
    <UnitTest name="GivenSetupFinishedAndPreGameStarted_WhenSelectingTeamForKickOff_ThenAttackDirectionSelectionIsPresentedAndPossessionIsSet(1)" storage="c:\gitlab-runner\builds\wr8mmwyb\0\livestats\livestats.football\source\test\functionaltests\bin\automation\net472\geniussports.livestats.football.functionaltests.dll" id="68f8b9b9-2a87-77c7-6313-4ba22b7e2498">
      <Execution id="d62583b6-76a9-47e5-99c0-d491205e405a" />
      <TestMethod codeBase="C:\GitLab-Runner\builds\wr8MmWYb\0\LiveStats\LiveStats.Football\Source\Test\FunctionalTests\bin\Automation\net472\GeniusSports.LiveStats.Football.FunctionalTests.dll" adapterTypeName="executor://nunit3testexecutor/" className="GeniusSports.LiveStats.Football.FunctionalTests.Tests.PitchScreen.KickOffGameTests" name="GivenSetupFinishedAndPreGameStarted_WhenSelectingTeamForKickOff_ThenAttackDirectionSelectionIsPresentedAndPossessionIsSet(1)" />
    </UnitTest>
    <UnitTest name="GivenFootballGameInProgress_WhenEditingTeamDetailsTab_ThenTeamDetailsAreUpdated" storage="c:\gitlab-runner\builds\wr8mmwyb\0\livestats\livestats.football\source\test\functionaltests\bin\automation\net472\geniussports.livestats.football.functionaltests.dll" id="12773473-5ac0-2591-5109-b243f309d115">
      <Execution id="c6536cba-0828-4a22-8468-10501d54bbab" />
      <TestMethod codeBase="C:\GitLab-Runner\builds\wr8MmWYb\0\LiveStats\LiveStats.Football\Source\Test\FunctionalTests\bin\Automation\net472\GeniusSports.LiveStats.Football.FunctionalTests.dll" adapterTypeName="executor://nunit3testexecutor/" className="GeniusSports.LiveStats.Football.FunctionalTests.Tests.GameSetup.Teams" name="GivenFootballGameInProgress_WhenEditingTeamDetailsTab_ThenTeamDetailsAreUpdated" />
    </UnitTest>
    <UnitTest name="CannotProceedWithoutCaptain" storage="c:\gitlab-runner\builds\wr8mmwyb\0\livestats\livestats.football\source\test\functionaltests\bin\automation\net472\geniussports.livestats.football.functionaltests.dll" id="ec4cb6bc-1d60-207c-7593-29f9a3271912">
      <Execution id="258a88b7-06cb-4373-b193-573d61a966c1" />
      <TestMethod codeBase="C:\GitLab-Runner\builds\wr8MmWYb\0\LiveStats\LiveStats.Football\Source\Test\FunctionalTests\bin\Automation\net472\GeniusSports.LiveStats.Football.FunctionalTests.dll" adapterTypeName="executor://nunit3testexecutor/" className="GeniusSports.LiveStats.Football.FunctionalTests.Features.GameSetup.SetupTeamsPlayersFeature" name="CannotProceedWithoutCaptain" />
    </UnitTest>
    <UnitTest name="GivenShotsRegistered_WhenSelectingOnTargetShots_ThenShowOnlyOnTargetShots" storage="c:\gitlab-runner\builds\wr8mmwyb\0\livestats\livestats.football\source\test\functionaltests\bin\automation\net472\geniussports.livestats.football.functionaltests.dll" id="a860d21c-33c8-b393-32bd-a26a2059b5f0">
      <Execution id="7155e38d-f495-43b5-808e-ee21d36f57cc" />
      <TestMethod codeBase="C:\GitLab-Runner\builds\wr8MmWYb\0\LiveStats\LiveStats.Football\Source\Test\FunctionalTests\bin\Automation\net472\GeniusSports.LiveStats.Football.FunctionalTests.dll" adapterTypeName="executor://nunit3testexecutor/" className="GeniusSports.LiveStats.Football.FunctionalTests.Tests.PitchScreen.Filters.ShotFilterTests" name="GivenShotsRegistered_WhenSelectingOnTargetShots_ThenShowOnlyOnTargetShots" />
    </UnitTest>
    <UnitTest name="PenaltyTakerChangeIsSaved" storage="c:\gitlab-runner\builds\wr8mmwyb\0\livestats\livestats.football\source\test\functionaltests\bin\automation\net472\geniussports.livestats.football.functionaltests.dll" id="b3bcd033-b4a2-5398-3144-bf0f2eb2af9c">
      <Execution id="761303ff-06ce-433e-b98e-8146ed2e421d" />
      <TestMethod codeBase="C:\GitLab-Runner\builds\wr8MmWYb\0\LiveStats\LiveStats.Football\Source\Test\FunctionalTests\bin\Automation\net472\GeniusSports.LiveStats.Football.FunctionalTests.dll" adapterTypeName="executor://nunit3testexecutor/" className="GeniusSports.LiveStats.Football.FunctionalTests.Features.PitchScreen.ActionEdits.PenaltyEditFeature" name="PenaltyTakerChangeIsSaved" />
    </UnitTest>
    <UnitTest name="GivenManualGameStarted_WhenClosingWithDiscardAndClose_ThenConfirmationPrompted" storage="c:\gitlab-runner\builds\wr8mmwyb\0\livestats\livestats.football\source\test\functionaltests\bin\automation\net472\geniussports.livestats.football.functionaltests.dll" id="7f869b4b-a93a-b358-dfb0-0f05af5a77e8">
      <Execution id="984c1574-0147-4605-ae40-bd6f69279bb0" />
      <TestMethod codeBase="C:\GitLab-Runner\builds\wr8MmWYb\0\LiveStats\LiveStats.Football\Source\Test\FunctionalTests\bin\Automation\net472\GeniusSports.LiveStats.Football.FunctionalTests.dll" adapterTypeName="executor://nunit3testexecutor/" className="GeniusSports.LiveStats.Football.FunctionalTests.Tests.GameSetup.DiscardAndCloseGameTests" name="GivenManualGameStarted_WhenClosingWithDiscardAndClose_ThenConfirmationPrompted" />
    </UnitTest>
    <UnitTest name="GivenGameInProgress_WhenOpeningGameInformation_ThenFieldsArePresent" storage="c:\gitlab-runner\builds\wr8mmwyb\0\livestats\livestats.football\source\test\functionaltests\bin\automation\net472\geniussports.livestats.football.functionaltests.dll" id="632b2044-4566-e2fa-1051-ad6cc894e228">
      <Execution id="7987bc4a-4a1d-4d1d-9b7d-83972ea4094d" />
      <TestMethod codeBase="C:\GitLab-Runner\builds\wr8MmWYb\0\LiveStats\LiveStats.Football\Source\Test\FunctionalTests\bin\Automation\net472\GeniusSports.LiveStats.Football.FunctionalTests.dll" adapterTypeName="executor://nunit3testexecutor/" className="GeniusSports.LiveStats.Football.FunctionalTests.Tests.GameSetup.EditGameSetupTests" name="GivenGameInProgress_WhenOpeningGameInformation_ThenFieldsArePresent" />
    </UnitTest>
    <UnitTest name="PenaltyShot_OffMiss(&quot;2&quot;,&quot;1&quot;,&quot;10&quot;,&quot;50&quot;,&quot;8&quot;,&quot;11&quot;,null)" storage="c:\gitlab-runner\builds\wr8mmwyb\0\livestats\livestats.football\source\test\functionaltests\bin\automation\net472\geniussports.livestats.football.functionaltests.dll" id="1a5dee41-8651-9d09-732a-b8579841e66f">
      <Execution id="12e8327f-d932-4ff5-bc12-508d4737e3a2" />
      <TestMethod codeBase="C:\GitLab-Runner\builds\wr8MmWYb\0\LiveStats\LiveStats.Football\Source\Test\FunctionalTests\bin\Automation\net472\GeniusSports.LiveStats.Football.FunctionalTests.dll" adapterTypeName="executor://nunit3testexecutor/" className="GeniusSports.LiveStats.Football.FunctionalTests.Features.PitchScreen.ActionRegistration.PenaltyRegistrationFeature" name="PenaltyShot_OffMiss(&quot;2&quot;,&quot;1&quot;,&quot;10&quot;,&quot;50&quot;,&quot;8&quot;,&quot;11&quot;,null)" />
    </UnitTest>
    <UnitTest name="YesOnVARForPenaltyFirstStep(&quot;1&quot;,null)" storage="c:\gitlab-runner\builds\wr8mmwyb\0\livestats\livestats.football\source\test\functionaltests\bin\automation\net472\geniussports.livestats.football.functionaltests.dll" id="5a6a5e24-924e-15b5-bc04-d97987339752">
      <Execution id="3ad5bbdb-6706-43ae-ba7a-04d9f936e11d" />
      <TestMethod codeBase="C:\GitLab-Runner\builds\wr8MmWYb\0\LiveStats\LiveStats.Football\Source\Test\FunctionalTests\bin\Automation\net472\GeniusSports.LiveStats.Football.FunctionalTests.dll" adapterTypeName="executor://nunit3testexecutor/" className="GeniusSports.LiveStats.Football.FunctionalTests.Features.PitchScreen.VideoAssistantReferee.VarRegistrationDuringPenaltyFeature" name="YesOnVARForPenaltyFirstStep(&quot;1&quot;,null)" />
    </UnitTest>
    <UnitTest name="ChangePlayerForCommittedAndFouled(&quot;2&quot;,&quot;1&quot;,null)" storage="c:\gitlab-runner\builds\wr8mmwyb\0\livestats\livestats.football\source\test\functionaltests\bin\automation\net472\geniussports.livestats.football.functionaltests.dll" id="6186473b-a19d-e4ea-9d9f-857c741c8301">
      <Execution id="35451442-a1ed-4839-9174-07aa52c63b64" />
      <TestMethod codeBase="C:\GitLab-Runner\builds\wr8MmWYb\0\LiveStats\LiveStats.Football\Source\Test\FunctionalTests\bin\Automation\net472\GeniusSports.LiveStats.Football.FunctionalTests.dll" adapterTypeName="executor://nunit3testexecutor/" className="GeniusSports.LiveStats.Football.FunctionalTests.Features.PitchScreen.ActionRegistration.FreeKickRegistrationFeature" name="ChangePlayerForCommittedAndFouled(&quot;2&quot;,&quot;1&quot;,null)" />
    </UnitTest>
    <UnitTest name="CanSwapPlayersOnCourt" storage="c:\gitlab-runner\builds\wr8mmwyb\0\livestats\livestats.football\source\test\functionaltests\bin\automation\net472\geniussports.livestats.football.functionaltests.dll" id="12332f85-6332-b624-8bc2-754c4631dc45">
      <Execution id="62ee2cb2-8192-4022-9415-67ed2b82ef50" />
      <TestMethod codeBase="C:\GitLab-Runner\builds\wr8MmWYb\0\LiveStats\LiveStats.Football\Source\Test\FunctionalTests\bin\Automation\net472\GeniusSports.LiveStats.Football.FunctionalTests.dll" adapterTypeName="executor://nunit3testexecutor/" className="GeniusSports.LiveStats.Football.FunctionalTests.Features.GameSetup.SetupTeamsFormationsFeature" name="CanSwapPlayersOnCourt" />
    </UnitTest>
    <UnitTest name="GivenFirstPeriodKickOffDeleted_WhenKickingOffAgain_ThenGameInProgress" storage="c:\gitlab-runner\builds\wr8mmwyb\0\livestats\livestats.football\source\test\functionaltests\bin\automation\net472\geniussports.livestats.football.functionaltests.dll" id="c559bc6f-7219-24a2-5b39-f01df9cbe003">
      <Execution id="e23e6635-c6bb-4147-bd77-9131d9229ba0" />
      <TestMethod codeBase="C:\GitLab-Runner\builds\wr8MmWYb\0\LiveStats\LiveStats.Football\Source\Test\FunctionalTests\bin\Automation\net472\GeniusSports.LiveStats.Football.FunctionalTests.dll" adapterTypeName="executor://nunit3testexecutor/" className="GeniusSports.LiveStats.Football.FunctionalTests.Tests.PitchScreen.ActionDeletes.KickOffsDeleteTests" name="GivenFirstPeriodKickOffDeleted_WhenKickingOffAgain_ThenGameInProgress" />
    </UnitTest>
    <UnitTest name="GivenPeriodBreakWithInterruption_WhenPsoKickedOff_ThenInterruptionIsCanceled" storage="c:\gitlab-runner\builds\wr8mmwyb\0\livestats\livestats.football\source\test\functionaltests\bin\automation\net472\geniussports.livestats.football.functionaltests.dll" id="1650692f-cf74-7410-7f60-45fd69f4276c">
      <Execution id="c74c9362-759e-424f-b821-2959f9946cef" />
      <TestMethod codeBase="C:\GitLab-Runner\builds\wr8MmWYb\0\LiveStats\LiveStats.Football\Source\Test\FunctionalTests\bin\Automation\net472\GeniusSports.LiveStats.Football.FunctionalTests.dll" adapterTypeName="executor://nunit3testexecutor/" className="GeniusSports.LiveStats.Football.FunctionalTests.Tests.PitchScreen.GameMessages.GameInterruptionTests" name="GivenPeriodBreakWithInterruption_WhenPsoKickedOff_ThenInterruptionIsCanceled" />
    </UnitTest>
    <UnitTest name="GivenShotRegistered_WhenChangingPitchLocation_ThenLocationUpdated" storage="c:\gitlab-runner\builds\wr8mmwyb\0\livestats\livestats.football\source\test\functionaltests\bin\automation\net472\geniussports.livestats.football.functionaltests.dll" id="8f5e5fbf-29cc-375d-84f4-ad483afe82b7">
      <Execution id="9ccd13db-9752-46ec-a6d7-d8ed7d4c635b" />
      <TestMethod codeBase="C:\GitLab-Runner\builds\wr8MmWYb\0\LiveStats\LiveStats.Football\Source\Test\FunctionalTests\bin\Automation\net472\GeniusSports.LiveStats.Football.FunctionalTests.dll" adapterTypeName="executor://nunit3testexecutor/" className="GeniusSports.LiveStats.Football.FunctionalTests.Tests.PitchScreen.ActionEdits.ShotEditTests" name="GivenShotRegistered_WhenChangingPitchLocation_ThenLocationUpdated" />
    </UnitTest>
    <UnitTest name="AfterPenaltyRetakeIsPossibleToSelectSamePenaltyOutcome(&quot;Penalty Goal&quot;,null)" storage="c:\gitlab-runner\builds\wr8mmwyb\0\livestats\livestats.football\source\test\functionaltests\bin\automation\net472\geniussports.livestats.football.functionaltests.dll" id="fac26745-a1c0-94c3-e00b-99c2b0e1e942">
      <Execution id="b92889c5-5438-4876-bac2-f986090b0a93" />
      <TestMethod codeBase="C:\GitLab-Runner\builds\wr8MmWYb\0\LiveStats\LiveStats.Football\Source\Test\FunctionalTests\bin\Automation\net472\GeniusSports.LiveStats.Football.FunctionalTests.dll" adapterTypeName="executor://nunit3testexecutor/" className="GeniusSports.LiveStats.Football.FunctionalTests.Features.PitchScreen.ActionRegistration.PenaltyRegistrationFeature" name="AfterPenaltyRetakeIsPossibleToSelectSamePenaltyOutcome(&quot;Penalty Goal&quot;,null)" />
    </UnitTest>
    <UnitTest name="CannotInsertOnPitchInjuryBeforeInjuryLocationIsSelected" storage="c:\gitlab-runner\builds\wr8mmwyb\0\livestats\livestats.football\source\test\functionaltests\bin\automation\net472\geniussports.livestats.football.functionaltests.dll" id="2cd7c729-8b9c-01ea-3772-5ce1e0ea2a94">
      <Execution id="034416d7-a3ac-4e1b-84b4-f35dc5d901d3" />
      <TestMethod codeBase="C:\GitLab-Runner\builds\wr8MmWYb\0\LiveStats\LiveStats.Football\Source\Test\FunctionalTests\bin\Automation\net472\GeniusSports.LiveStats.Football.FunctionalTests.dll" adapterTypeName="executor://nunit3testexecutor/" className="GeniusSports.LiveStats.Football.FunctionalTests.Features.PitchScreen.ActionInserts.PlayerInjuryInsertFeature" name="CannotInsertOnPitchInjuryBeforeInjuryLocationIsSelected" />
    </UnitTest>
    <UnitTest name="CannotInsertActionsIntoPeriodBreak(&quot;before&quot;,&quot;PhaseStart&quot;,null)" storage="c:\gitlab-runner\builds\wr8mmwyb\0\livestats\livestats.football\source\test\functionaltests\bin\automation\net472\geniussports.livestats.football.functionaltests.dll" id="e31d3e1b-198e-7866-11bb-0bc64eb8cbfe">
      <Execution id="486e5ac9-537e-42c8-9bef-6f6d49042534" />
      <TestMethod codeBase="C:\GitLab-Runner\builds\wr8MmWYb\0\LiveStats\LiveStats.Football\Source\Test\FunctionalTests\bin\Automation\net472\GeniusSports.LiveStats.Football.FunctionalTests.dll" adapterTypeName="executor://nunit3testexecutor/" className="GeniusSports.LiveStats.Football.FunctionalTests.Features.PitchScreen.ActionInserts.PeriodBreakInsertFeature" name="CannotInsertActionsIntoPeriodBreak(&quot;before&quot;,&quot;PhaseStart&quot;,null)" />
    </UnitTest>
    <UnitTest name="GoalWorkflowCanBeStartedDuringAnyFreeKickWorkflowStep(&quot;reason&quot;,&quot;1&quot;,null)" storage="c:\gitlab-runner\builds\wr8mmwyb\0\livestats\livestats.football\source\test\functionaltests\bin\automation\net472\geniussports.livestats.football.functionaltests.dll" id="90ff0f29-abe1-1956-2708-b75276e328c6">
      <Execution id="76798c84-244f-4e69-b0de-120b6cc47d76" />
      <TestMethod codeBase="C:\GitLab-Runner\builds\wr8MmWYb\0\LiveStats\LiveStats.Football\Source\Test\FunctionalTests\bin\Automation\net472\GeniusSports.LiveStats.Football.FunctionalTests.dll" adapterTypeName="executor://nunit3testexecutor/" className="GeniusSports.LiveStats.Football.FunctionalTests.Features.PitchScreen.ActionRegistration.GoalRegistrationFromFreeKickFeature" name="GoalWorkflowCanBeStartedDuringAnyFreeKickWorkflowStep(&quot;reason&quot;,&quot;1&quot;,null)" />
    </UnitTest>
    <UnitTest name="GivenFootballReportsOpened_WhenOpeningReport_ReportPreviewIsShown(&quot;Tactical Line-up&quot;)" storage="c:\gitlab-runner\builds\wr8mmwyb\0\livestats\livestats.football\source\test\functionaltests\bin\automation\net472\geniussports.livestats.football.functionaltests.dll" id="626df5fe-6b1c-36cd-6515-23fdcc1e3a8c">
      <Execution id="214cab1b-ed06-4a72-ba95-c37885a6f9a4" />
      <TestMethod codeBase="C:\GitLab-Runner\builds\wr8MmWYb\0\LiveStats\LiveStats.Football\Source\Test\FunctionalTests\bin\Automation\net472\GeniusSports.LiveStats.Football.FunctionalTests.dll" adapterTypeName="executor://nunit3testexecutor/" className="GeniusSports.LiveStats.Football.FunctionalTests.Tests.PitchScreen.PreviewReportsTests" name="GivenFootballReportsOpened_WhenOpeningReport_ReportPreviewIsShown(&quot;Tactical Line-up&quot;)" />
    </UnitTest>
    <UnitTest name="WhenTeamsGetsLeadAfter6GoalsAndOtherTeamShot6ThKickPenaltyWithMissShootoutButtonIsEnabled" storage="c:\gitlab-runner\builds\wr8mmwyb\0\livestats\livestats.football\source\test\functionaltests\bin\automation\net472\geniussports.livestats.football.functionaltests.dll" id="e12210ac-d8bb-7768-7733-5a1ce790ca0a">
      <Execution id="11ac6ce2-6ad2-4ee2-b0cf-dede947e2edd" />
      <TestMethod codeBase="C:\GitLab-Runner\builds\wr8MmWYb\0\LiveStats\LiveStats.Football\Source\Test\FunctionalTests\bin\Automation\net472\GeniusSports.LiveStats.Football.FunctionalTests.dll" adapterTypeName="executor://nunit3testexecutor/" className="GeniusSports.LiveStats.Football.FunctionalTests.Features.PitchScreen.ActionRegistration.PenaltyShootoutRecordFeature" name="WhenTeamsGetsLeadAfter6GoalsAndOtherTeamShot6ThKickPenaltyWithMissShootoutButtonIsEnabled" />
    </UnitTest>
    <UnitTest name="FootballAssistantCoachFilterOnlyShowsAssistnatCoachItems" storage="c:\gitlab-runner\builds\wr8mmwyb\0\livestats\livestats.football\source\test\functionaltests\bin\automation\net472\geniussports.livestats.football.functionaltests.dll" id="81daf2bb-1785-9564-6e31-74e9048a3a24">
      <Execution id="60528fac-3e89-4a28-b37f-3337f2820823" />
      <TestMethod codeBase="C:\GitLab-Runner\builds\wr8MmWYb\0\LiveStats\LiveStats.Football\Source\Test\FunctionalTests\bin\Automation\net472\GeniusSports.LiveStats.Football.FunctionalTests.dll" adapterTypeName="executor://nunit3testexecutor/" className="GeniusSports.LiveStats.Football.FunctionalTests.Features.PitchScreen.Filters.StaffFilterFeature" name="FootballAssistantCoachFilterOnlyShowsAssistnatCoachItems" />
    </UnitTest>
    <UnitTest name="GivenGameInProgress_WhenRecordingCorner_ThenTeamStatsUpdatedAndContainerCompleted" storage="c:\gitlab-runner\builds\wr8mmwyb\0\livestats\livestats.football\source\test\functionaltests\bin\automation\net472\geniussports.livestats.football.functionaltests.dll" id="f5557c5a-f858-ebbe-2929-6b6c144ddfcf">
      <Execution id="9f73b101-daa3-4589-ad2b-5a079e58b758" />
      <TestMethod codeBase="C:\GitLab-Runner\builds\wr8MmWYb\0\LiveStats\LiveStats.Football\Source\Test\FunctionalTests\bin\Automation\net472\GeniusSports.LiveStats.Football.FunctionalTests.dll" adapterTypeName="executor://nunit3testexecutor/" className="GeniusSports.LiveStats.Football.FunctionalTests.Tests.PitchScreen.ActionRegistration.CornerRegistrationTests" name="GivenGameInProgress_WhenRecordingCorner_ThenTeamStatsUpdatedAndContainerCompleted" />
    </UnitTest>
    <UnitTest name="FootballGivenShotWithNoSaveRegistered_WhenOpeningEdit_ThenTeamSaveIsNotAvailable" storage="c:\gitlab-runner\builds\wr8mmwyb\0\livestats\livestats.football\source\test\functionaltests\bin\automation\net472\geniussports.livestats.football.functionaltests.dll" id="37fad7b1-8431-b137-7a51-2b6cda07645e">
      <Execution id="224b7c2d-bf7e-4e4a-b80e-c4501ac4eb56" />
      <TestMethod codeBase="C:\GitLab-Runner\builds\wr8MmWYb\0\LiveStats\LiveStats.Football\Source\Test\FunctionalTests\bin\Automation\net472\GeniusSports.LiveStats.Football.FunctionalTests.dll" adapterTypeName="executor://nunit3testexecutor/" className="GeniusSports.LiveStats.Football.FunctionalTests.Tests.PitchScreen.ActionEdits.ShotEditTests" name="FootballGivenShotWithNoSaveRegistered_WhenOpeningEdit_ThenTeamSaveIsNotAvailable" />
    </UnitTest>
    <UnitTest name="GivenGameFinalizeConfirmPrompted_WhenClickingNo_ThenClosesDialog" storage="c:\gitlab-runner\builds\wr8mmwyb\0\livestats\livestats.football\source\test\functionaltests\bin\automation\net472\geniussports.livestats.football.functionaltests.dll" id="7ed8f684-1492-307d-35f6-d83c75f69840">
      <Execution id="fba414dc-66ca-45dc-a3e6-6c42f4494ccf" />
      <TestMethod codeBase="C:\GitLab-Runner\builds\wr8MmWYb\0\LiveStats\LiveStats.Football\Source\Test\FunctionalTests\bin\Automation\net472\GeniusSports.LiveStats.Football.FunctionalTests.dll" adapterTypeName="executor://nunit3testexecutor/" className="GeniusSports.LiveStats.Football.FunctionalTests.Tests.PitchScreen.MatchCanBeFinalizedTests" name="GivenGameFinalizeConfirmPrompted_WhenClickingNo_ThenClosesDialog" />
    </UnitTest>
    <UnitTest name="GivenGameInProgress_WhenStartingCornerWorkflow_ThenWorkflowInitiatedScoreBoardUpdatedAndActionLogCreated" storage="c:\gitlab-runner\builds\wr8mmwyb\0\livestats\livestats.football\source\test\functionaltests\bin\automation\net472\geniussports.livestats.football.functionaltests.dll" id="c2dd2802-89b6-3b1c-99a9-a03581632232">
      <Execution id="a328cb0e-d856-456f-ae33-877f64f73d13" />
      <TestMethod codeBase="C:\GitLab-Runner\builds\wr8MmWYb\0\LiveStats\LiveStats.Football\Source\Test\FunctionalTests\bin\Automation\net472\GeniusSports.LiveStats.Football.FunctionalTests.dll" adapterTypeName="executor://nunit3testexecutor/" className="GeniusSports.LiveStats.Football.FunctionalTests.Tests.PitchScreen.ActionRegistration.CornerRegistrationTests" name="GivenGameInProgress_WhenStartingCornerWorkflow_ThenWorkflowInitiatedScoreBoardUpdatedAndActionLogCreated" />
    </UnitTest>
    <UnitTest name="FootballChangePenaltyKickResult" storage="c:\gitlab-runner\builds\wr8mmwyb\0\livestats\livestats.football\source\test\functionaltests\bin\automation\net472\geniussports.livestats.football.functionaltests.dll" id="df238237-1393-dfd6-7d1b-bd94250b614d">
      <Execution id="0d4aee73-8db2-4bb7-8fa4-c413e425c1ab" />
      <TestMethod codeBase="C:\GitLab-Runner\builds\wr8MmWYb\0\LiveStats\LiveStats.Football\Source\Test\FunctionalTests\bin\Automation\net472\GeniusSports.LiveStats.Football.FunctionalTests.dll" adapterTypeName="executor://nunit3testexecutor/" className="GeniusSports.LiveStats.Football.FunctionalTests.Features.PitchScreen.ActionEdits.PenaltyEditFeature" name="FootballChangePenaltyKickResult" />
    </UnitTest>
    <UnitTest name="SelectVarReasonAndOutcome(&quot;Stands&quot;,&quot;Foul&quot;,null)" storage="c:\gitlab-runner\builds\wr8mmwyb\0\livestats\livestats.football\source\test\functionaltests\bin\automation\net472\geniussports.livestats.football.functionaltests.dll" id="184db8a1-a1d7-1add-65b8-ac48cd2d0d6b">
      <Execution id="9d1944bf-a823-469b-bdf2-234917d3be60" />
      <TestMethod codeBase="C:\GitLab-Runner\builds\wr8MmWYb\0\LiveStats\LiveStats.Football\Source\Test\FunctionalTests\bin\Automation\net472\GeniusSports.LiveStats.Football.FunctionalTests.dll" adapterTypeName="executor://nunit3testexecutor/" className="GeniusSports.LiveStats.Football.FunctionalTests.Features.PitchScreen.ActionInserts.InsertGoalFeature" name="SelectVarReasonAndOutcome(&quot;Stands&quot;,&quot;Foul&quot;,null)" />
    </UnitTest>
    <UnitTest name="PlayerInjuryRecordedActionCanBeUnflagged" storage="c:\gitlab-runner\builds\wr8mmwyb\0\livestats\livestats.football\source\test\functionaltests\bin\automation\net472\geniussports.livestats.football.functionaltests.dll" id="eafba659-10ae-f9f3-c9b9-f163c68136cb">
      <Execution id="4ce4f9b5-48ed-4d02-b7de-6fafcefc65cc" />
      <TestMethod codeBase="C:\GitLab-Runner\builds\wr8MmWYb\0\LiveStats\LiveStats.Football\Source\Test\FunctionalTests\bin\Automation\net472\GeniusSports.LiveStats.Football.FunctionalTests.dll" adapterTypeName="executor://nunit3testexecutor/" className="GeniusSports.LiveStats.Football.FunctionalTests.Features.PitchScreen.Flagging.AddManualFlagFeature" name="PlayerInjuryRecordedActionCanBeUnflagged" />
    </UnitTest>
    <UnitTest name="FlagAndContinueShot" storage="c:\gitlab-runner\builds\wr8mmwyb\0\livestats\livestats.football\source\test\functionaltests\bin\automation\net472\geniussports.livestats.football.functionaltests.dll" id="6113174b-eb7d-ec0b-603c-c0d108544925">
      <Execution id="7542df8d-7c19-4b1f-af15-05f6e64afa3f" />
      <TestMethod codeBase="C:\GitLab-Runner\builds\wr8MmWYb\0\LiveStats\LiveStats.Football\Source\Test\FunctionalTests\bin\Automation\net472\GeniusSports.LiveStats.Football.FunctionalTests.dll" adapterTypeName="executor://nunit3testexecutor/" className="GeniusSports.LiveStats.Football.FunctionalTests.Features.PitchScreen.Flagging.FlagAndContinueFeature" name="FlagAndContinueShot" />
    </UnitTest>
    <UnitTest name="GivenGameKickOffEdit_WhenClosing_ThenFormCloses" storage="c:\gitlab-runner\builds\wr8mmwyb\0\livestats\livestats.football\source\test\functionaltests\bin\automation\net472\geniussports.livestats.football.functionaltests.dll" id="ecc464d3-6846-60d2-d4e6-8b2ddbcf0832">
      <Execution id="05aebe4f-ae20-4f04-af00-dd7ec709c514" />
      <TestMethod codeBase="C:\GitLab-Runner\builds\wr8MmWYb\0\LiveStats\LiveStats.Football\Source\Test\FunctionalTests\bin\Automation\net472\GeniusSports.LiveStats.Football.FunctionalTests.dll" adapterTypeName="executor://nunit3testexecutor/" className="GeniusSports.LiveStats.Football.FunctionalTests.Tests.PitchScreen.ActionEdits.KickOffGameEditTests" name="GivenGameKickOffEdit_WhenClosing_ThenFormCloses" />
    </UnitTest>
    <UnitTest name="GoalWorkflowCanBeStartedDuringAnyFreeKickWorkflowStep(&quot;foul on&quot;,&quot;1&quot;,null)" storage="c:\gitlab-runner\builds\wr8mmwyb\0\livestats\livestats.football\source\test\functionaltests\bin\automation\net472\geniussports.livestats.football.functionaltests.dll" id="2a9e86ba-67b6-7842-a065-071088811bf7">
      <Execution id="1e3a6671-9598-48d1-8f03-749729644163" />
      <TestMethod codeBase="C:\GitLab-Runner\builds\wr8MmWYb\0\LiveStats\LiveStats.Football\Source\Test\FunctionalTests\bin\Automation\net472\GeniusSports.LiveStats.Football.FunctionalTests.dll" adapterTypeName="executor://nunit3testexecutor/" className="GeniusSports.LiveStats.Football.FunctionalTests.Features.PitchScreen.ActionRegistration.GoalRegistrationFromFreeKickFeature" name="GoalWorkflowCanBeStartedDuringAnyFreeKickWorkflowStep(&quot;foul on&quot;,&quot;1&quot;,null)" />
    </UnitTest>
    <UnitTest name="GivenActionRegistered_WhenDeletingFromExpandedActionLog_ThenDeletedPitchLog" storage="c:\gitlab-runner\builds\wr8mmwyb\0\livestats\livestats.football\source\test\functionaltests\bin\automation\net472\geniussports.livestats.football.functionaltests.dll" id="29787837-54df-deb6-5c8e-b1588fe5f847">
      <Execution id="06dc2526-4e78-43b0-b884-630f3d0dbffa" />
      <TestMethod codeBase="C:\GitLab-Runner\builds\wr8MmWYb\0\LiveStats\LiveStats.Football\Source\Test\FunctionalTests\bin\Automation\net472\GeniusSports.LiveStats.Football.FunctionalTests.dll" adapterTypeName="executor://nunit3testexecutor/" className="GeniusSports.LiveStats.Football.FunctionalTests.Tests.PitchScreen.ActionDeletes.PenaltyShootoutDeleteTests" name="GivenActionRegistered_WhenDeletingFromExpandedActionLog_ThenDeletedPitchLog" />
    </UnitTest>
    <UnitTest name="CardTypeAndReasonUpdate(&quot;Yellow&quot;,&quot;Red&quot;,&quot;Violent Conduct&quot;,null)" storage="c:\gitlab-runner\builds\wr8mmwyb\0\livestats\livestats.football\source\test\functionaltests\bin\automation\net472\geniussports.livestats.football.functionaltests.dll" id="6cdbe40a-91ac-dc79-c675-ff5ce312f301">
      <Execution id="17f4c42f-1f62-417e-b93a-d7f072bfa726" />
      <TestMethod codeBase="C:\GitLab-Runner\builds\wr8MmWYb\0\LiveStats\LiveStats.Football\Source\Test\FunctionalTests\bin\Automation\net472\GeniusSports.LiveStats.Football.FunctionalTests.dll" adapterTypeName="executor://nunit3testexecutor/" className="GeniusSports.LiveStats.Football.FunctionalTests.Features.PitchScreen.ActionEdits.CardEditFeature" name="CardTypeAndReasonUpdate(&quot;Yellow&quot;,&quot;Red&quot;,&quot;Violent Conduct&quot;,null)" />
    </UnitTest>
    <UnitTest name="ClickCard(&quot;2&quot;,&quot;Yellow&quot;,null)" storage="c:\gitlab-runner\builds\wr8mmwyb\0\livestats\livestats.football\source\test\functionaltests\bin\automation\net472\geniussports.livestats.football.functionaltests.dll" id="551bef1d-49f8-fe7d-8cf1-6e35638309c5">
      <Execution id="fa2f52a2-1994-48cf-9246-2d327df94ee2" />
      <TestMethod codeBase="C:\GitLab-Runner\builds\wr8MmWYb\0\LiveStats\LiveStats.Football\Source\Test\FunctionalTests\bin\Automation\net472\GeniusSports.LiveStats.Football.FunctionalTests.dll" adapterTypeName="executor://nunit3testexecutor/" className="GeniusSports.LiveStats.Football.FunctionalTests.Features.PitchScreen.ActionRegistration.CardRegistrationFeature" name="ClickCard(&quot;2&quot;,&quot;Yellow&quot;,null)" />
    </UnitTest>
    <UnitTest name="GivenInterruptPopup_WhenConfirming_ThenInterruptionRegistered" storage="c:\gitlab-runner\builds\wr8mmwyb\0\livestats\livestats.football\source\test\functionaltests\bin\automation\net472\geniussports.livestats.football.functionaltests.dll" id="bf0a5a5b-1ff7-5a22-520a-da68a257e932">
      <Execution id="3728c427-9d43-45bd-95a6-726455d91402" />
      <TestMethod codeBase="C:\GitLab-Runner\builds\wr8MmWYb\0\LiveStats\LiveStats.Football\Source\Test\FunctionalTests\bin\Automation\net472\GeniusSports.LiveStats.Football.FunctionalTests.dll" adapterTypeName="executor://nunit3testexecutor/" className="GeniusSports.LiveStats.Football.FunctionalTests.Tests.PitchScreen.GameMessages.GameInterruptionTests" name="GivenInterruptPopup_WhenConfirming_ThenInterruptionRegistered" />
    </UnitTest>
    <UnitTest name="FootballPenaltyKickResultChangeIsSaved" storage="c:\gitlab-runner\builds\wr8mmwyb\0\livestats\livestats.football\source\test\functionaltests\bin\automation\net472\geniussports.livestats.football.functionaltests.dll" id="8a1fb947-736a-0abc-938f-81c304822ae9">
      <Execution id="a0614a5e-2ae6-4492-940a-21bb226e257d" />
      <TestMethod codeBase="C:\GitLab-Runner\builds\wr8MmWYb\0\LiveStats\LiveStats.Football\Source\Test\FunctionalTests\bin\Automation\net472\GeniusSports.LiveStats.Football.FunctionalTests.dll" adapterTypeName="executor://nunit3testexecutor/" className="GeniusSports.LiveStats.Football.FunctionalTests.Features.PitchScreen.ActionEdits.PenaltyEditFeature" name="FootballPenaltyKickResultChangeIsSaved" />
    </UnitTest>
    <UnitTest name="ShotWorkflowCanBeStartedDuringAnyCornerWorkflowStep(&quot;pitch location&quot;,&quot;1&quot;,null)" storage="c:\gitlab-runner\builds\wr8mmwyb\0\livestats\livestats.football\source\test\functionaltests\bin\automation\net472\geniussports.livestats.football.functionaltests.dll" id="e751f6ce-74e4-08fd-99bf-eeb3a8c9c5ee">
      <Execution id="ffabc660-cee2-4191-a112-f8d11dd1c9a0" />
      <TestMethod codeBase="C:\GitLab-Runner\builds\wr8MmWYb\0\LiveStats\LiveStats.Football\Source\Test\FunctionalTests\bin\Automation\net472\GeniusSports.LiveStats.Football.FunctionalTests.dll" adapterTypeName="executor://nunit3testexecutor/" className="GeniusSports.LiveStats.Football.FunctionalTests.Features.PitchScreen.ActionRegistration.ShotRegistrationFromCornerFeature" name="ShotWorkflowCanBeStartedDuringAnyCornerWorkflowStep(&quot;pitch location&quot;,&quot;1&quot;,null)" />
    </UnitTest>
    <UnitTest name="PenaltyActionCanBeUnflagged" storage="c:\gitlab-runner\builds\wr8mmwyb\0\livestats\livestats.football\source\test\functionaltests\bin\automation\net472\geniussports.livestats.football.functionaltests.dll" id="a6a3b354-f7ab-e7df-6d82-3ac933f7f928">
      <Execution id="5ff3d90d-c3be-43da-be6a-67935214b2b3" />
      <TestMethod codeBase="C:\GitLab-Runner\builds\wr8MmWYb\0\LiveStats\LiveStats.Football\Source\Test\FunctionalTests\bin\Automation\net472\GeniusSports.LiveStats.Football.FunctionalTests.dll" adapterTypeName="executor://nunit3testexecutor/" className="GeniusSports.LiveStats.Football.FunctionalTests.Features.PitchScreen.Flagging.AddManualFlagFeature" name="PenaltyActionCanBeUnflagged" />
    </UnitTest>
    <UnitTest name="AddShotLocationInGoalInsert(&quot;adjust&quot;,null)" storage="c:\gitlab-runner\builds\wr8mmwyb\0\livestats\livestats.football\source\test\functionaltests\bin\automation\net472\geniussports.livestats.football.functionaltests.dll" id="1f02e13f-cbec-3830-6eca-1972994a2904">
      <Execution id="8f9f0e21-da71-4a45-aa5c-06aa092d895f" />
      <TestMethod codeBase="C:\GitLab-Runner\builds\wr8MmWYb\0\LiveStats\LiveStats.Football\Source\Test\FunctionalTests\bin\Automation\net472\GeniusSports.LiveStats.Football.FunctionalTests.dll" adapterTypeName="executor://nunit3testexecutor/" className="GeniusSports.LiveStats.Football.FunctionalTests.Features.PitchScreen.ActionInserts.InsertGoalFeature" name="AddShotLocationInGoalInsert(&quot;adjust&quot;,null)" />
    </UnitTest>
    <UnitTest name="SecondHalfActionsCanBeFiltered" storage="c:\gitlab-runner\builds\wr8mmwyb\0\livestats\livestats.football\source\test\functionaltests\bin\automation\net472\geniussports.livestats.football.functionaltests.dll" id="20256d99-1adc-4540-ff76-9b8399e760d1">
      <Execution id="9f1ad2ba-c0c8-4c9d-909c-25d806c021bf" />
      <TestMethod codeBase="C:\GitLab-Runner\builds\wr8MmWYb\0\LiveStats\LiveStats.Football\Source\Test\FunctionalTests\bin\Automation\net472\GeniusSports.LiveStats.Football.FunctionalTests.dll" adapterTypeName="executor://nunit3testexecutor/" className="GeniusSports.LiveStats.Football.FunctionalTests.Features.PitchScreen.Filters.HalvesFilterFeature" name="SecondHalfActionsCanBeFiltered" />
    </UnitTest>
    <UnitTest name="GivenGameInProgress_WhenDeactivatingPlayersWithActions_ThenShowsError" storage="c:\gitlab-runner\builds\wr8mmwyb\0\livestats\livestats.football\source\test\functionaltests\bin\automation\net472\geniussports.livestats.football.functionaltests.dll" id="1accf2f3-98f9-0858-6047-321c5088b836">
      <Execution id="391a6869-c154-4b97-b28b-78c23fe29a6b" />
      <TestMethod codeBase="C:\GitLab-Runner\builds\wr8MmWYb\0\LiveStats\LiveStats.Football\Source\Test\FunctionalTests\bin\Automation\net472\GeniusSports.LiveStats.Football.FunctionalTests.dll" adapterTypeName="executor://nunit3testexecutor/" className="GeniusSports.LiveStats.Football.FunctionalTests.Tests.GameSetup.EditGameSetupTests" name="GivenGameInProgress_WhenDeactivatingPlayersWithActions_ThenShowsError" />
    </UnitTest>
    <UnitTest name="GivenGameInProgress_WhenDeactivatingAssistantCouch_ThenAssistantCouchDeactivated" storage="c:\gitlab-runner\builds\wr8mmwyb\0\livestats\livestats.football\source\test\functionaltests\bin\automation\net472\geniussports.livestats.football.functionaltests.dll" id="9a10372e-a02d-3f16-421e-34fbd7021c02">
      <Execution id="6ad6cbf2-bd7e-4782-937f-c940311834ff" />
      <TestMethod codeBase="C:\GitLab-Runner\builds\wr8MmWYb\0\LiveStats\LiveStats.Football\Source\Test\FunctionalTests\bin\Automation\net472\GeniusSports.LiveStats.Football.FunctionalTests.dll" adapterTypeName="executor://nunit3testexecutor/" className="GeniusSports.LiveStats.Football.FunctionalTests.Tests.GameSetup.EditGameSetupTests" name="GivenGameInProgress_WhenDeactivatingAssistantCouch_ThenAssistantCouchDeactivated" />
    </UnitTest>
    <UnitTest name="GivenShotStarted_WhenSettingShotTaker_ThenTakerAssigned" storage="c:\gitlab-runner\builds\wr8mmwyb\0\livestats\livestats.football\source\test\functionaltests\bin\automation\net472\geniussports.livestats.football.functionaltests.dll" id="03cfe027-ab11-83ec-ecde-da4765345d39">
      <Execution id="ff148361-c92e-4b26-8114-e72017c1245a" />
      <TestMethod codeBase="C:\GitLab-Runner\builds\wr8MmWYb\0\LiveStats\LiveStats.Football\Source\Test\FunctionalTests\bin\Automation\net472\GeniusSports.LiveStats.Football.FunctionalTests.dll" adapterTypeName="executor://nunit3testexecutor/" className="GeniusSports.LiveStats.Football.FunctionalTests.Tests.PitchScreen.ActionRegistration.ShotRegistrationTests" name="GivenShotStarted_WhenSettingShotTaker_ThenTakerAssigned" />
    </UnitTest>
    <UnitTest name="GivenSetupFinished_WhenAttackDirectionPicked_ThenKickOffGameDialogPresented(2,ToRight)" storage="c:\gitlab-runner\builds\wr8mmwyb\0\livestats\livestats.football\source\test\functionaltests\bin\automation\net472\geniussports.livestats.football.functionaltests.dll" id="5f03517a-8e88-55d8-fcaf-9ada130b5b2a">
      <Execution id="0ccfed0b-efce-45fb-9a4a-eed1cd99ee11" />
      <TestMethod codeBase="C:\GitLab-Runner\builds\wr8MmWYb\0\LiveStats\LiveStats.Football\Source\Test\FunctionalTests\bin\Automation\net472\GeniusSports.LiveStats.Football.FunctionalTests.dll" adapterTypeName="executor://nunit3testexecutor/" className="GeniusSports.LiveStats.Football.FunctionalTests.Tests.PitchScreen.KickOffGameTests" name="GivenSetupFinished_WhenAttackDirectionPicked_ThenKickOffGameDialogPresented(2,ToRight)" />
    </UnitTest>
    <UnitTest name="GivenGoalNetLocationSelected_WhenCancelingWorkflow_ThenGoalDeleted(1,10)" storage="c:\gitlab-runner\builds\wr8mmwyb\0\livestats\livestats.football\source\test\functionaltests\bin\automation\net472\geniussports.livestats.football.functionaltests.dll" id="bda337ad-0cbe-92c9-a2f6-0e645b370c52">
      <Execution id="7a3124a2-dfb3-48ea-a493-539bb847268c" />
      <TestMethod codeBase="C:\GitLab-Runner\builds\wr8MmWYb\0\LiveStats\LiveStats.Football\Source\Test\FunctionalTests\bin\Automation\net472\GeniusSports.LiveStats.Football.FunctionalTests.dll" adapterTypeName="executor://nunit3testexecutor/" className="GeniusSports.LiveStats.Football.FunctionalTests.Tests.PitchScreen.ActionRegistration.GoalRegistrationTests" name="GivenGoalNetLocationSelected_WhenCancelingWorkflow_ThenGoalDeleted(1,10)" />
    </UnitTest>
    <UnitTest name="InjuryCanBeFiltered" storage="c:\gitlab-runner\builds\wr8mmwyb\0\livestats\livestats.football\source\test\functionaltests\bin\automation\net472\geniussports.livestats.football.functionaltests.dll" id="3bac53c8-1dbe-87fb-512c-d9116c44d0f7">
      <Execution id="bdbb74a4-6db0-4341-b527-16f097873fb4" />
      <TestMethod codeBase="C:\GitLab-Runner\builds\wr8MmWYb\0\LiveStats\LiveStats.Football\Source\Test\FunctionalTests\bin\Automation\net472\GeniusSports.LiveStats.Football.FunctionalTests.dll" adapterTypeName="executor://nunit3testexecutor/" className="GeniusSports.LiveStats.Football.FunctionalTests.Features.PitchScreen.Filters.ActionTypesFiltersFeature" name="InjuryCanBeFiltered" />
    </UnitTest>
    <UnitTest name="GivenPlayersTab_WhenEnteringPlayers_ThenCanProceedToFormations" storage="c:\gitlab-runner\builds\wr8mmwyb\0\livestats\livestats.football\source\test\functionaltests\bin\automation\net472\geniussports.livestats.football.functionaltests.dll" id="8953779c-a50a-88a1-9b19-045c77b67e36">
      <Execution id="9fddaf8d-7566-4684-a31f-752f00f9df2a" />
      <TestMethod codeBase="C:\GitLab-Runner\builds\wr8MmWYb\0\LiveStats\LiveStats.Football\Source\Test\FunctionalTests\bin\Automation\net472\GeniusSports.LiveStats.Football.FunctionalTests.dll" adapterTypeName="executor://nunit3testexecutor/" className="GeniusSports.LiveStats.Football.FunctionalTests.Tests.GameSetup.SetupTeamsPlayersTests" name="GivenPlayersTab_WhenEnteringPlayers_ThenCanProceedToFormations" />
    </UnitTest>
    <UnitTest name="GivenShotStarted_WhenGoingBackAndForwardInWorkflow_ThenShotCanBeFinished" storage="c:\gitlab-runner\builds\wr8mmwyb\0\livestats\livestats.football\source\test\functionaltests\bin\automation\net472\geniussports.livestats.football.functionaltests.dll" id="2dfcdf51-9785-5640-9da6-910c46649176">
      <Execution id="3d8e4a91-83e0-431e-a7a6-d81a61ad0151" />
      <TestMethod codeBase="C:\GitLab-Runner\builds\wr8MmWYb\0\LiveStats\LiveStats.Football\Source\Test\FunctionalTests\bin\Automation\net472\GeniusSports.LiveStats.Football.FunctionalTests.dll" adapterTypeName="executor://nunit3testexecutor/" className="GeniusSports.LiveStats.Football.FunctionalTests.Tests.PitchScreen.ActionRegistration.ShotRegistrationTests" name="GivenShotStarted_WhenGoingBackAndForwardInWorkflow_ThenShotCanBeFinished" />
    </UnitTest>
    <UnitTest name="CardActionCanBeUnflagged" storage="c:\gitlab-runner\builds\wr8mmwyb\0\livestats\livestats.football\source\test\functionaltests\bin\automation\net472\geniussports.livestats.football.functionaltests.dll" id="ed9eb185-8212-4c99-bc61-7aeac1e7f22c">
      <Execution id="abf1fdde-010c-4788-b5a2-d637e6d04ce6" />
      <TestMethod codeBase="C:\GitLab-Runner\builds\wr8MmWYb\0\LiveStats\LiveStats.Football\Source\Test\FunctionalTests\bin\Automation\net472\GeniusSports.LiveStats.Football.FunctionalTests.dll" adapterTypeName="executor://nunit3testexecutor/" className="GeniusSports.LiveStats.Football.FunctionalTests.Features.PitchScreen.Flagging.AddManualFlagFeature" name="CardActionCanBeUnflagged" />
    </UnitTest>
    <UnitTest name="GivenSetupFinished_WhenKickingOffGame_ThenGameIsStarted(1,ToRight)" storage="c:\gitlab-runner\builds\wr8mmwyb\0\livestats\livestats.football\source\test\functionaltests\bin\automation\net472\geniussports.livestats.football.functionaltests.dll" id="92cb4fd6-9ad2-df3c-165e-64dbe2469ad2">
      <Execution id="67133b27-7ab4-4dbd-b32b-601007c16c98" />
      <TestMethod codeBase="C:\GitLab-Runner\builds\wr8MmWYb\0\LiveStats\LiveStats.Football\Source\Test\FunctionalTests\bin\Automation\net472\GeniusSports.LiveStats.Football.FunctionalTests.dll" adapterTypeName="executor://nunit3testexecutor/" className="GeniusSports.LiveStats.Football.FunctionalTests.Tests.PitchScreen.KickOffGameTests" name="GivenSetupFinished_WhenKickingOffGame_ThenGameIsStarted(1,ToRight)" />
    </UnitTest>
    <UnitTest name="WhenPlayerFromBenchSubstitutedToFormationThenPlayerShouldBeStarterInPlayersTabs" storage="c:\gitlab-runner\builds\wr8mmwyb\0\livestats\livestats.football\source\test\functionaltests\bin\automation\net472\geniussports.livestats.football.functionaltests.dll" id="f9cb2e83-0057-bd2f-4516-8bf4cfb3b2e8">
      <Execution id="569af393-82b1-40be-ad3a-77bb50d6c526" />
      <TestMethod codeBase="C:\GitLab-Runner\builds\wr8MmWYb\0\LiveStats\LiveStats.Football\Source\Test\FunctionalTests\bin\Automation\net472\GeniusSports.LiveStats.Football.FunctionalTests.dll" adapterTypeName="executor://nunit3testexecutor/" className="GeniusSports.LiveStats.Football.FunctionalTests.Features.GameSetup.SetupTeamsFormationsFeature" name="WhenPlayerFromBenchSubstitutedToFormationThenPlayerShouldBeStarterInPlayersTabs" />
    </UnitTest>
    <UnitTest name="FlagsFreekickIfShotStartedFromMiddleOfFreekickWorkflow(&quot;foul on&quot;,&quot;1&quot;,null)" storage="c:\gitlab-runner\builds\wr8mmwyb\0\livestats\livestats.football\source\test\functionaltests\bin\automation\net472\geniussports.livestats.football.functionaltests.dll" id="51597753-69b7-0cba-11d2-4e0d4b4eb61d">
      <Execution id="c9c2348b-ce15-4a67-800c-971f8ac8a631" />
      <TestMethod codeBase="C:\GitLab-Runner\builds\wr8MmWYb\0\LiveStats\LiveStats.Football\Source\Test\FunctionalTests\bin\Automation\net472\GeniusSports.LiveStats.Football.FunctionalTests.dll" adapterTypeName="executor://nunit3testexecutor/" className="GeniusSports.LiveStats.Football.FunctionalTests.Features.PitchScreen.ActionRegistration.ShotRegistrationFromFreeKickFeature" name="FlagsFreekickIfShotStartedFromMiddleOfFreekickWorkflow(&quot;foul on&quot;,&quot;1&quot;,null)" />
    </UnitTest>
    <UnitTest name="PenaltyShootoutGoal(&quot;2&quot;,&quot;1&quot;,&quot;10&quot;,&quot;50&quot;,&quot;8&quot;,&quot;11&quot;,null)" storage="c:\gitlab-runner\builds\wr8mmwyb\0\livestats\livestats.football\source\test\functionaltests\bin\automation\net472\geniussports.livestats.football.functionaltests.dll" id="15c1bcf6-adbc-1e94-638f-bec8d5e31f27">
      <Execution id="33c71823-c061-44e7-8866-6f75f78deeeb" />
      <TestMethod codeBase="C:\GitLab-Runner\builds\wr8MmWYb\0\LiveStats\LiveStats.Football\Source\Test\FunctionalTests\bin\Automation\net472\GeniusSports.LiveStats.Football.FunctionalTests.dll" adapterTypeName="executor://nunit3testexecutor/" className="GeniusSports.LiveStats.Football.FunctionalTests.Features.PitchScreen.ActionRegistration.PenaltyShootoutRecordFeature" name="PenaltyShootoutGoal(&quot;2&quot;,&quot;1&quot;,&quot;10&quot;,&quot;50&quot;,&quot;8&quot;,&quot;11&quot;,null)" />
    </UnitTest>
    <UnitTest name="GivenGameInProgressWithInactiveAssistantCouch_WhenActivatingAssistantCouch_ThenAssistantCouchActivated" storage="c:\gitlab-runner\builds\wr8mmwyb\0\livestats\livestats.football\source\test\functionaltests\bin\automation\net472\geniussports.livestats.football.functionaltests.dll" id="f97cade4-2f57-d763-2c95-68063348a95c">
      <Execution id="644a9a38-9495-40d8-9e43-522e602dc4a3" />
      <TestMethod codeBase="C:\GitLab-Runner\builds\wr8MmWYb\0\LiveStats\LiveStats.Football\Source\Test\FunctionalTests\bin\Automation\net472\GeniusSports.LiveStats.Football.FunctionalTests.dll" adapterTypeName="executor://nunit3testexecutor/" className="GeniusSports.LiveStats.Football.FunctionalTests.Tests.GameSetup.EditGameSetupTests" name="GivenGameInProgressWithInactiveAssistantCouch_WhenActivatingAssistantCouch_ThenAssistantCouchActivated" />
    </UnitTest>
    <UnitTest name="VarAvailableAfterCardSelection(&quot;2&quot;,&quot;Red&quot;,null)" storage="c:\gitlab-runner\builds\wr8mmwyb\0\livestats\livestats.football\source\test\functionaltests\bin\automation\net472\geniussports.livestats.football.functionaltests.dll" id="ac336e1a-7108-5892-b2db-91d216bb6536">
      <Execution id="a2a12053-ae31-44f8-a150-2bb41ce4547d" />
      <TestMethod codeBase="C:\GitLab-Runner\builds\wr8MmWYb\0\LiveStats\LiveStats.Football\Source\Test\FunctionalTests\bin\Automation\net472\GeniusSports.LiveStats.Football.FunctionalTests.dll" adapterTypeName="executor://nunit3testexecutor/" className="GeniusSports.LiveStats.Football.FunctionalTests.Features.PitchScreen.VideoAssistantReferee.CardsVarRegistrationFeature" name="VarAvailableAfterCardSelection(&quot;2&quot;,&quot;Red&quot;,null)" />
    </UnitTest>
    <UnitTest name="CoachRolesArePopulatedByDefault" storage="c:\gitlab-runner\builds\wr8mmwyb\0\livestats\livestats.football\source\test\functionaltests\bin\automation\net472\geniussports.livestats.football.functionaltests.dll" id="bb2013f2-2b84-03b2-18b8-0737bb0d2a38">
      <Execution id="16e66609-fc06-42c6-849f-ca0bf358d8d6" />
      <TestMethod codeBase="C:\GitLab-Runner\builds\wr8MmWYb\0\LiveStats\LiveStats.Football\Source\Test\FunctionalTests\bin\Automation\net472\GeniusSports.LiveStats.Football.FunctionalTests.dll" adapterTypeName="executor://nunit3testexecutor/" className="GeniusSports.LiveStats.Football.FunctionalTests.Features.GameSetup.TeamsFeature" name="CoachRolesArePopulatedByDefault" />
    </UnitTest>
    <UnitTest name="CancellingShotWorkflowResumesCornerWorkflow(&quot;pitch location&quot;,&quot;2&quot;,&quot;pitch location&quot;,null)" storage="c:\gitlab-runner\builds\wr8mmwyb\0\livestats\livestats.football\source\test\functionaltests\bin\automation\net472\geniussports.livestats.football.functionaltests.dll" id="db94f39b-3847-b19f-f0a8-02041ad8d3fa">
      <Execution id="8616da37-8214-465a-9b76-d7eb51eedbbd" />
      <TestMethod codeBase="C:\GitLab-Runner\builds\wr8MmWYb\0\LiveStats\LiveStats.Football\Source\Test\FunctionalTests\bin\Automation\net472\GeniusSports.LiveStats.Football.FunctionalTests.dll" adapterTypeName="executor://nunit3testexecutor/" className="GeniusSports.LiveStats.Football.FunctionalTests.Features.PitchScreen.ActionRegistration.ShotRegistrationFromCornerFeature" name="CancellingShotWorkflowResumesCornerWorkflow(&quot;pitch location&quot;,&quot;2&quot;,&quot;pitch location&quot;,null)" />
    </UnitTest>
    <UnitTest name="AfterPenaltyRetakeIsPossibleToSelectSamePenaltyOutcome(&quot;Penalty Shot Off Target&quot;,null)" storage="c:\gitlab-runner\builds\wr8mmwyb\0\livestats\livestats.football\source\test\functionaltests\bin\automation\net472\geniussports.livestats.football.functionaltests.dll" id="0a986e80-4b2c-c4ca-6ad6-b5ca2967677f">
      <Execution id="ce3884a7-7422-4c54-aa28-ed0fa85fbe4e" />
      <TestMethod codeBase="C:\GitLab-Runner\builds\wr8MmWYb\0\LiveStats\LiveStats.Football\Source\Test\FunctionalTests\bin\Automation\net472\GeniusSports.LiveStats.Football.FunctionalTests.dll" adapterTypeName="executor://nunit3testexecutor/" className="GeniusSports.LiveStats.Football.FunctionalTests.Features.PitchScreen.ActionRegistration.PenaltyRegistrationFeature" name="AfterPenaltyRetakeIsPossibleToSelectSamePenaltyOutcome(&quot;Penalty Shot Off Target&quot;,null)" />
    </UnitTest>
    <UnitTest name="GivenIncorrectStatisticianSupplied_WhenValidating_ShowsDataAndAllowsToPassTab" storage="c:\gitlab-runner\builds\wr8mmwyb\0\livestats\livestats.football\source\test\functionaltests\bin\automation\net472\geniussports.livestats.football.functionaltests.dll" id="23a2c878-2c55-50c0-3106-95a933b8c5e4">
      <Execution id="b01f23d0-b1bf-4ce0-b98b-39e9ffa20ac1" />
      <TestMethod codeBase="C:\GitLab-Runner\builds\wr8MmWYb\0\LiveStats\LiveStats.Football\Source\Test\FunctionalTests\bin\Automation\net472\GeniusSports.LiveStats.Football.FunctionalTests.dll" adapterTypeName="executor://nunit3testexecutor/" className="GeniusSports.LiveStats.Football.FunctionalTests.Tests.GameSetup.StatisticiansNetworkTests" name="GivenIncorrectStatisticianSupplied_WhenValidating_ShowsDataAndAllowsToPassTab" />
    </UnitTest>
    <UnitTest name="CanOpenExpandedActionLogDuringGoalKickWorkflow" storage="c:\gitlab-runner\builds\wr8mmwyb\0\livestats\livestats.football\source\test\functionaltests\bin\automation\net472\geniussports.livestats.football.functionaltests.dll" id="feb254eb-6b7c-0fc9-1282-e4be8fd787c8">
      <Execution id="2f579397-cd5f-4d6c-8ced-2959d8928849" />
      <TestMethod codeBase="C:\GitLab-Runner\builds\wr8MmWYb\0\LiveStats\LiveStats.Football\Source\Test\FunctionalTests\bin\Automation\net472\GeniusSports.LiveStats.Football.FunctionalTests.dll" adapterTypeName="executor://nunit3testexecutor/" className="GeniusSports.LiveStats.Football.FunctionalTests.Features.PitchScreen.ActionRegistration.ActionsDuringWorkflowsFeature" name="CanOpenExpandedActionLogDuringGoalKickWorkflow" />
    </UnitTest>
    <UnitTest name="TeamFiltersNotShowItemsThatAreNotRelatedWithTeams" storage="c:\gitlab-runner\builds\wr8mmwyb\0\livestats\livestats.football\source\test\functionaltests\bin\automation\net472\geniussports.livestats.football.functionaltests.dll" id="6ab7ecce-158d-f533-b8f5-4f46b513982c">
      <Execution id="249ab5a7-0391-4ccf-9f01-253588472055" />
      <TestMethod codeBase="C:\GitLab-Runner\builds\wr8MmWYb\0\LiveStats\LiveStats.Football\Source\Test\FunctionalTests\bin\Automation\net472\GeniusSports.LiveStats.Football.FunctionalTests.dll" adapterTypeName="executor://nunit3testexecutor/" className="GeniusSports.LiveStats.Football.FunctionalTests.Features.PitchScreen.Filters.TeamFilterFeature" name="TeamFiltersNotShowItemsThatAreNotRelatedWithTeams" />
    </UnitTest>
    <UnitTest name="PenaltyShootOutKickRetakeClearsPenaltyKickOutcome(&quot;Penalty Shot On Target&quot;,&quot;Save&quot;,null)" storage="c:\gitlab-runner\builds\wr8mmwyb\0\livestats\livestats.football\source\test\functionaltests\bin\automation\net472\geniussports.livestats.football.functionaltests.dll" id="615791af-7efe-e999-c9c2-6572ce5f748a">
      <Execution id="8254c7ee-0535-459e-bca6-f3cdcd6f3884" />
      <TestMethod codeBase="C:\GitLab-Runner\builds\wr8MmWYb\0\LiveStats\LiveStats.Football\Source\Test\FunctionalTests\bin\Automation\net472\GeniusSports.LiveStats.Football.FunctionalTests.dll" adapterTypeName="executor://nunit3testexecutor/" className="GeniusSports.LiveStats.Football.FunctionalTests.Features.PitchScreen.ActionRegistration.PenaltyShootoutRecordFeature" name="PenaltyShootOutKickRetakeClearsPenaltyKickOutcome(&quot;Penalty Shot On Target&quot;,&quot;Save&quot;,null)" />
    </UnitTest>
    <UnitTest name="ShotWorkflowCanBeStartedDuringAnyFreeKickWorkflowStep(&quot;foul on&quot;,&quot;2&quot;,null)" storage="c:\gitlab-runner\builds\wr8mmwyb\0\livestats\livestats.football\source\test\functionaltests\bin\automation\net472\geniussports.livestats.football.functionaltests.dll" id="e663807f-d925-9e78-5d7e-fbb4bb48cab8">
      <Execution id="dc3cd66c-9a17-44d4-a13f-f0c853b46564" />
      <TestMethod codeBase="C:\GitLab-Runner\builds\wr8MmWYb\0\LiveStats\LiveStats.Football\Source\Test\FunctionalTests\bin\Automation\net472\GeniusSports.LiveStats.Football.FunctionalTests.dll" adapterTypeName="executor://nunit3testexecutor/" className="GeniusSports.LiveStats.Football.FunctionalTests.Features.PitchScreen.ActionRegistration.ShotRegistrationFromFreeKickFeature" name="ShotWorkflowCanBeStartedDuringAnyFreeKickWorkflowStep(&quot;foul on&quot;,&quot;2&quot;,null)" />
    </UnitTest>
    <UnitTest name="FootballPlayersTabIsPopulatedWithPre_MatchData" storage="c:\gitlab-runner\builds\wr8mmwyb\0\livestats\livestats.football\source\test\functionaltests\bin\automation\net472\geniussports.livestats.football.functionaltests.dll" id="2a8d6886-96cd-123e-3ba7-6f1bfe483f38">
      <Execution id="a2fb5bcd-7ecf-4173-8613-2cb173b9d415" />
      <TestMethod codeBase="C:\GitLab-Runner\builds\wr8MmWYb\0\LiveStats\LiveStats.Football\Source\Test\FunctionalTests\bin\Automation\net472\GeniusSports.LiveStats.Football.FunctionalTests.dll" adapterTypeName="executor://nunit3testexecutor/" className="GeniusSports.LiveStats.Football.FunctionalTests.Features.GameSetup.LoadGameUsingMatchKeyFeature" name="FootballPlayersTabIsPopulatedWithPre_MatchData" />
    </UnitTest>
    <UnitTest name="VarOnSecondStepOfRecordCardWorkflow(&quot;1&quot;,&quot;Yellow&quot;,null)" storage="c:\gitlab-runner\builds\wr8mmwyb\0\livestats\livestats.football\source\test\functionaltests\bin\automation\net472\geniussports.livestats.football.functionaltests.dll" id="76bacc38-1f4b-f58c-d8be-7cccaa601982">
      <Execution id="a323ab0e-a131-4c11-960f-08e4b57c4811" />
      <TestMethod codeBase="C:\GitLab-Runner\builds\wr8MmWYb\0\LiveStats\LiveStats.Football\Source\Test\FunctionalTests\bin\Automation\net472\GeniusSports.LiveStats.Football.FunctionalTests.dll" adapterTypeName="executor://nunit3testexecutor/" className="GeniusSports.LiveStats.Football.FunctionalTests.Features.PitchScreen.VideoAssistantReferee.CardsVarRegistrationFeature" name="VarOnSecondStepOfRecordCardWorkflow(&quot;1&quot;,&quot;Yellow&quot;,null)" />
    </UnitTest>
    <UnitTest name="GivenInterruption_WhenSelectingNoneInterruption_ThenInterruptionCanceled" storage="c:\gitlab-runner\builds\wr8mmwyb\0\livestats\livestats.football\source\test\functionaltests\bin\automation\net472\geniussports.livestats.football.functionaltests.dll" id="7ce78963-5f7a-9707-4d5a-749f6933dcc1">
      <Execution id="ab09f9f7-d9d6-4ed9-ba1b-07ef36b79c7e" />
      <TestMethod codeBase="C:\GitLab-Runner\builds\wr8MmWYb\0\LiveStats\LiveStats.Football\Source\Test\FunctionalTests\bin\Automation\net472\GeniusSports.LiveStats.Football.FunctionalTests.dll" adapterTypeName="executor://nunit3testexecutor/" className="GeniusSports.LiveStats.Football.FunctionalTests.Tests.PitchScreen.GameMessages.GameInterruptionTests" name="GivenInterruption_WhenSelectingNoneInterruption_ThenInterruptionCanceled" />
    </UnitTest>
    <UnitTest name="GivenDelayPopup_WhenConfirmingDelay_ThenDelayRegistered(PreviousGame,855,15)" storage="c:\gitlab-runner\builds\wr8mmwyb\0\livestats\livestats.football\source\test\functionaltests\bin\automation\net472\geniussports.livestats.football.functionaltests.dll" id="00f6296b-fb59-bf77-b1a5-ce2e96ef5721">
      <Execution id="ebefa864-c903-4c4d-9a79-27c377316b12" />
      <TestMethod codeBase="C:\GitLab-Runner\builds\wr8MmWYb\0\LiveStats\LiveStats.Football\Source\Test\FunctionalTests\bin\Automation\net472\GeniusSports.LiveStats.Football.FunctionalTests.dll" adapterTypeName="executor://nunit3testexecutor/" className="GeniusSports.LiveStats.Football.FunctionalTests.Tests.PitchScreen.GameMessages.GameDelayTests" name="GivenDelayPopup_WhenConfirmingDelay_ThenDelayRegistered(PreviousGame,855,15)" />
    </UnitTest>
    <UnitTest name="FormationShouldBeFilled" storage="c:\gitlab-runner\builds\wr8mmwyb\0\livestats\livestats.football\source\test\functionaltests\bin\automation\net472\geniussports.livestats.football.functionaltests.dll" id="a71bf9c0-d28d-f9fc-0c1e-4a480dc60de4">
      <Execution id="d81d7322-3209-4534-8201-e39bbad5a044" />
      <TestMethod codeBase="C:\GitLab-Runner\builds\wr8MmWYb\0\LiveStats\LiveStats.Football\Source\Test\FunctionalTests\bin\Automation\net472\GeniusSports.LiveStats.Football.FunctionalTests.dll" adapterTypeName="executor://nunit3testexecutor/" className="GeniusSports.LiveStats.Football.FunctionalTests.Features.GameSetup.SetupTeamsFormationsFeature" name="FormationShouldBeFilled" />
    </UnitTest>
    <UnitTest name="FootballSaveGoalVARWithOverturned(&quot;Overturned&quot;,&quot;Offence&quot;,null)" storage="c:\gitlab-runner\builds\wr8mmwyb\0\livestats\livestats.football\source\test\functionaltests\bin\automation\net472\geniussports.livestats.football.functionaltests.dll" id="2f4453a7-e295-e7a7-9a6d-bb79a4eb0aad">
      <Execution id="d9c677e9-f07c-4493-a91a-01264bc9859b" />
      <TestMethod codeBase="C:\GitLab-Runner\builds\wr8MmWYb\0\LiveStats\LiveStats.Football\Source\Test\FunctionalTests\bin\Automation\net472\GeniusSports.LiveStats.Football.FunctionalTests.dll" adapterTypeName="executor://nunit3testexecutor/" className="GeniusSports.LiveStats.Football.FunctionalTests.Features.PitchScreen.ActionEdits.GoalEditFeature" name="FootballSaveGoalVARWithOverturned(&quot;Overturned&quot;,&quot;Offence&quot;,null)" />
    </UnitTest>
    <UnitTest name="GivenGameWithInjuryInFirstHalf_WhenEditingInjuryWhileInSecondHalf_ThenCanSaveData" storage="c:\gitlab-runner\builds\wr8mmwyb\0\livestats\livestats.football\source\test\functionaltests\bin\automation\net472\geniussports.livestats.football.functionaltests.dll" id="81c40695-ebb0-552c-41ea-cfec76fbe255">
      <Execution id="32fcf0be-232d-4109-8535-156a31b48b06" />
      <TestMethod codeBase="C:\GitLab-Runner\builds\wr8MmWYb\0\LiveStats\LiveStats.Football\Source\Test\FunctionalTests\bin\Automation\net472\GeniusSports.LiveStats.Football.FunctionalTests.dll" adapterTypeName="executor://nunit3testexecutor/" className="GeniusSports.LiveStats.Football.FunctionalTests.Tests.PitchScreen.ActionEdits.InjuryEditTests" name="GivenGameWithInjuryInFirstHalf_WhenEditingInjuryWhileInSecondHalf_ThenCanSaveData" />
    </UnitTest>
    <UnitTest name="EditThrowInDuringWorkflowFromExpandedActionLog" storage="c:\gitlab-runner\builds\wr8mmwyb\0\livestats\livestats.football\source\test\functionaltests\bin\automation\net472\geniussports.livestats.football.functionaltests.dll" id="6355ed61-5632-c8eb-9efc-f2a1ec331e6e">
      <Execution id="6312057d-85bc-48d9-9329-ca3c29f52ec6" />
      <TestMethod codeBase="C:\GitLab-Runner\builds\wr8MmWYb\0\LiveStats\LiveStats.Football\Source\Test\FunctionalTests\bin\Automation\net472\GeniusSports.LiveStats.Football.FunctionalTests.dll" adapterTypeName="executor://nunit3testexecutor/" className="GeniusSports.LiveStats.Football.FunctionalTests.Features.PitchScreen.ActionEdits.EditsPossibleDuringOtherWorkflowsFeature" name="EditThrowInDuringWorkflowFromExpandedActionLog" />
    </UnitTest>
    <UnitTest name="CannotProceedWithTwoCoaches(&quot;1&quot;,&quot;Duplicate Officials/Staff team's member role is forbidden&quot;,null)" storage="c:\gitlab-runner\builds\wr8mmwyb\0\livestats\livestats.football\source\test\functionaltests\bin\automation\net472\geniussports.livestats.football.functionaltests.dll" id="37f3d440-2df3-c851-151b-68d9f01a14bd">
      <Execution id="d0a38f3a-0afe-44ba-a06c-5b4004194e7d" />
      <TestMethod codeBase="C:\GitLab-Runner\builds\wr8MmWYb\0\LiveStats\LiveStats.Football\Source\Test\FunctionalTests\bin\Automation\net472\GeniusSports.LiveStats.Football.FunctionalTests.dll" adapterTypeName="executor://nunit3testexecutor/" className="GeniusSports.LiveStats.Football.FunctionalTests.Features.GameSetup.TeamsFeature" name="CannotProceedWithTwoCoaches(&quot;1&quot;,&quot;Duplicate Officials/Staff team's member role is forbidden&quot;,null)" />
    </UnitTest>
    <UnitTest name="AfterInsertingItemTheFilteredItemsAreRefreshed" storage="c:\gitlab-runner\builds\wr8mmwyb\0\livestats\livestats.football\source\test\functionaltests\bin\automation\net472\geniussports.livestats.football.functionaltests.dll" id="56837a9f-7c32-b344-c8b9-1ad827b8090e">
      <Execution id="d54d39c6-1d7e-4972-a188-30842ea6e934" />
      <TestMethod codeBase="C:\GitLab-Runner\builds\wr8MmWYb\0\LiveStats\LiveStats.Football\Source\Test\FunctionalTests\bin\Automation\net472\GeniusSports.LiveStats.Football.FunctionalTests.dll" adapterTypeName="executor://nunit3testexecutor/" className="GeniusSports.LiveStats.Football.FunctionalTests.Features.PitchScreen.Filters.ActionTypesFiltersFeature" name="AfterInsertingItemTheFilteredItemsAreRefreshed" />
    </UnitTest>
    <UnitTest name="Football_GivenActionsWithPlayersRegistered_WhenSelectingAllFiltersWithoutFlags_ThenReturnsCorrectOutput" storage="c:\gitlab-runner\builds\wr8mmwyb\0\livestats\livestats.football\source\test\functionaltests\bin\automation\net472\geniussports.livestats.football.functionaltests.dll" id="d82242bf-06d9-7270-6cb2-928112f646ef">
      <Execution id="02a8b9ca-b8f5-4c4b-9b91-44e8881fdaf1" />
      <TestMethod codeBase="C:\GitLab-Runner\builds\wr8MmWYb\0\LiveStats\LiveStats.Football\Source\Test\FunctionalTests\bin\Automation\net472\GeniusSports.LiveStats.Football.FunctionalTests.dll" adapterTypeName="executor://nunit3testexecutor/" className="GeniusSports.LiveStats.Football.FunctionalTests.Tests.PitchScreen.Filters.MultipleFiltersTests" name="Football_GivenActionsWithPlayersRegistered_WhenSelectingAllFiltersWithoutFlags_ThenReturnsCorrectOutput" />
    </UnitTest>
    <UnitTest name="FreeKickByTeamUpdateLocationsFoulOnPlayerAndFoulByPlayerUpdated" storage="c:\gitlab-runner\builds\wr8mmwyb\0\livestats\livestats.football\source\test\functionaltests\bin\automation\net472\geniussports.livestats.football.functionaltests.dll" id="8b3fca40-30e3-7d98-fdbd-7ea4fb7e9751">
      <Execution id="0aa6d74c-8bfe-463d-8626-b3f668a868ff" />
      <TestMethod codeBase="C:\GitLab-Runner\builds\wr8MmWYb\0\LiveStats\LiveStats.Football\Source\Test\FunctionalTests\bin\Automation\net472\GeniusSports.LiveStats.Football.FunctionalTests.dll" adapterTypeName="executor://nunit3testexecutor/" className="GeniusSports.LiveStats.Football.FunctionalTests.Features.PitchScreen.ActionEdits.FreeKickEditFeature" name="FreeKickByTeamUpdateLocationsFoulOnPlayerAndFoulByPlayerUpdated" />
    </UnitTest>
    <UnitTest name="WhenYellowCardIsDeletedBeforeSecondYellowThenItFlagsTheSecondYellow" storage="c:\gitlab-runner\builds\wr8mmwyb\0\livestats\livestats.football\source\test\functionaltests\bin\automation\net472\geniussports.livestats.football.functionaltests.dll" id="04e40e73-5489-6f12-a91e-81097d2d3169">
      <Execution id="817a69bd-fb31-4da8-a9a1-5e20c8128a6f" />
      <TestMethod codeBase="C:\GitLab-Runner\builds\wr8MmWYb\0\LiveStats\LiveStats.Football\Source\Test\FunctionalTests\bin\Automation\net472\GeniusSports.LiveStats.Football.FunctionalTests.dll" adapterTypeName="executor://nunit3testexecutor/" className="GeniusSports.LiveStats.Football.FunctionalTests.Features.PitchScreen.Flagging.SecondYellowWithoutFirstFlaggerTestsFeature" name="WhenYellowCardIsDeletedBeforeSecondYellowThenItFlagsTheSecondYellow" />
    </UnitTest>
    <UnitTest name="ChangeCornerTime" storage="c:\gitlab-runner\builds\wr8mmwyb\0\livestats\livestats.football\source\test\functionaltests\bin\automation\net472\geniussports.livestats.football.functionaltests.dll" id="3023c07a-fe9d-49c7-b947-285ee243e3a7">
      <Execution id="fe488eef-48c6-49ce-8068-cc93fc4eb858" />
      <TestMethod codeBase="C:\GitLab-Runner\builds\wr8MmWYb\0\LiveStats\LiveStats.Football\Source\Test\FunctionalTests\bin\Automation\net472\GeniusSports.LiveStats.Football.FunctionalTests.dll" adapterTypeName="executor://nunit3testexecutor/" className="GeniusSports.LiveStats.Football.FunctionalTests.Features.PitchScreen.ActionEdits.CornerEditFeature" name="ChangeCornerTime" />
    </UnitTest>
    <UnitTest name="GivenSecondHalfEnded_WhenDeletingHalfEndInFootball_ThenGameIsBackInProgress" storage="c:\gitlab-runner\builds\wr8mmwyb\0\livestats\livestats.football\source\test\functionaltests\bin\automation\net472\geniussports.livestats.football.functionaltests.dll" id="1c0feb26-14b5-e0bf-5006-69460105a10d">
      <Execution id="341529fc-3a78-472e-9a33-2f2a6b212192" />
      <TestMethod codeBase="C:\GitLab-Runner\builds\wr8MmWYb\0\LiveStats\LiveStats.Football\Source\Test\FunctionalTests\bin\Automation\net472\GeniusSports.LiveStats.Football.FunctionalTests.dll" adapterTypeName="executor://nunit3testexecutor/" className="GeniusSports.LiveStats.Football.FunctionalTests.Tests.PitchScreen.ActionDeletes.PeriodAndGameEndsDeleteTests" name="GivenSecondHalfEnded_WhenDeletingHalfEndInFootball_ThenGameIsBackInProgress" />
    </UnitTest>
    <UnitTest name="InjuryRecordedActionCanBeFlagged" storage="c:\gitlab-runner\builds\wr8mmwyb\0\livestats\livestats.football\source\test\functionaltests\bin\automation\net472\geniussports.livestats.football.functionaltests.dll" id="39ae52f0-3164-bd0a-19d3-10709b845b30">
      <Execution id="50fd7729-26c2-42d6-88ac-fe150faca83a" />
      <TestMethod codeBase="C:\GitLab-Runner\builds\wr8MmWYb\0\LiveStats\LiveStats.Football\Source\Test\FunctionalTests\bin\Automation\net472\GeniusSports.LiveStats.Football.FunctionalTests.dll" adapterTypeName="executor://nunit3testexecutor/" className="GeniusSports.LiveStats.Football.FunctionalTests.Features.PitchScreen.Flagging.AddManualFlagFeature" name="InjuryRecordedActionCanBeFlagged" />
    </UnitTest>
    <UnitTest name="GivenGameGoalStarted_WhenSelectingGoalBodyPart_ThenActionUpdated" storage="c:\gitlab-runner\builds\wr8mmwyb\0\livestats\livestats.football\source\test\functionaltests\bin\automation\net472\geniussports.livestats.football.functionaltests.dll" id="82eef803-0c94-8e6d-ce57-3d29d67fce81">
      <Execution id="a6a6cf05-794f-4860-995d-8e9b5a6f8ff9" />
      <TestMethod codeBase="C:\GitLab-Runner\builds\wr8MmWYb\0\LiveStats\LiveStats.Football\Source\Test\FunctionalTests\bin\Automation\net472\GeniusSports.LiveStats.Football.FunctionalTests.dll" adapterTypeName="executor://nunit3testexecutor/" className="GeniusSports.LiveStats.Football.FunctionalTests.Tests.PitchScreen.ActionRegistration.GoalRegistrationTests" name="GivenGameGoalStarted_WhenSelectingGoalBodyPart_ThenActionUpdated" />
    </UnitTest>
    <UnitTest name="CanInsertGoalKickAfterBeforePeriodBreak(&quot;before&quot;,&quot;PhaseEnd&quot;,&quot;5&quot;,null)" storage="c:\gitlab-runner\builds\wr8mmwyb\0\livestats\livestats.football\source\test\functionaltests\bin\automation\net472\geniussports.livestats.football.functionaltests.dll" id="987c990d-64cb-80ed-b270-6ef564e67a86">
      <Execution id="140d6da7-7459-49d3-aaff-4e5e931e51a1" />
      <TestMethod codeBase="C:\GitLab-Runner\builds\wr8MmWYb\0\LiveStats\LiveStats.Football\Source\Test\FunctionalTests\bin\Automation\net472\GeniusSports.LiveStats.Football.FunctionalTests.dll" adapterTypeName="executor://nunit3testexecutor/" className="GeniusSports.LiveStats.Football.FunctionalTests.Features.PitchScreen.ActionInserts.PeriodBreakInsertFeature" name="CanInsertGoalKickAfterBeforePeriodBreak(&quot;before&quot;,&quot;PhaseEnd&quot;,&quot;5&quot;,null)" />
    </UnitTest>
    <UnitTest name="StartShotFromCornerWorkflow(&quot;pitch location&quot;,&quot;2&quot;,null)" storage="c:\gitlab-runner\builds\wr8mmwyb\0\livestats\livestats.football\source\test\functionaltests\bin\automation\net472\geniussports.livestats.football.functionaltests.dll" id="9a586b0f-6fab-08a0-1a65-f400d02ce8ec">
      <Execution id="8e659539-fd4f-4fd1-ba5b-62bacca2c0a9" />
      <TestMethod codeBase="C:\GitLab-Runner\builds\wr8MmWYb\0\LiveStats\LiveStats.Football\Source\Test\FunctionalTests\bin\Automation\net472\GeniusSports.LiveStats.Football.FunctionalTests.dll" adapterTypeName="executor://nunit3testexecutor/" className="GeniusSports.LiveStats.Football.FunctionalTests.Features.PitchScreen.ActionRegistration.ShotRegistrationFromCornerFeature" name="StartShotFromCornerWorkflow(&quot;pitch location&quot;,&quot;2&quot;,null)" />
    </UnitTest>
    <UnitTest name="KickOffAfterPenaltyGoal(&quot;2&quot;,&quot;1&quot;,&quot;10&quot;,&quot;50&quot;,&quot;8&quot;,&quot;11&quot;,null)" storage="c:\gitlab-runner\builds\wr8mmwyb\0\livestats\livestats.football\source\test\functionaltests\bin\automation\net472\geniussports.livestats.football.functionaltests.dll" id="5f61eebd-6eb5-1e3a-3a93-06a413d6ff05">
      <Execution id="65266636-a3a4-4c2b-964f-cbb7589ff870" />
      <TestMethod codeBase="C:\GitLab-Runner\builds\wr8MmWYb\0\LiveStats\LiveStats.Football\Source\Test\FunctionalTests\bin\Automation\net472\GeniusSports.LiveStats.Football.FunctionalTests.dll" adapterTypeName="executor://nunit3testexecutor/" className="GeniusSports.LiveStats.Football.FunctionalTests.Features.PitchScreen.ActionRegistration.PenaltyRegistrationFeature" name="KickOffAfterPenaltyGoal(&quot;2&quot;,&quot;1&quot;,&quot;10&quot;,&quot;50&quot;,&quot;8&quot;,&quot;11&quot;,null)" />
    </UnitTest>
    <UnitTest name="CannotInsertActionsIntoPeriodBreak(&quot;before&quot;,&quot;GameStart&quot;,null)" storage="c:\gitlab-runner\builds\wr8mmwyb\0\livestats\livestats.football\source\test\functionaltests\bin\automation\net472\geniussports.livestats.football.functionaltests.dll" id="9a5f1a33-fd5d-e608-f3a4-482b392407d2">
      <Execution id="3f792c0f-7ee6-4cee-b395-2f77a43dadb1" />
      <TestMethod codeBase="C:\GitLab-Runner\builds\wr8MmWYb\0\LiveStats\LiveStats.Football\Source\Test\FunctionalTests\bin\Automation\net472\GeniusSports.LiveStats.Football.FunctionalTests.dll" adapterTypeName="executor://nunit3testexecutor/" className="GeniusSports.LiveStats.Football.FunctionalTests.Features.PitchScreen.ActionInserts.PeriodBreakInsertFeature" name="CannotInsertActionsIntoPeriodBreak(&quot;before&quot;,&quot;GameStart&quot;,null)" />
    </UnitTest>
    <UnitTest name="GivenFootballClockEditStarted_WhenCancelingEdit_ThenClockIsResetToOriginalValue" storage="c:\gitlab-runner\builds\wr8mmwyb\0\livestats\livestats.football\source\test\functionaltests\bin\automation\net472\geniussports.livestats.football.functionaltests.dll" id="e428c88c-e076-7d01-b971-a21ef818218b">
      <Execution id="a4727e90-20a3-4267-8e91-8e82bfb17c69" />
      <TestMethod codeBase="C:\GitLab-Runner\builds\wr8MmWYb\0\LiveStats\LiveStats.Football\Source\Test\FunctionalTests\bin\Automation\net472\GeniusSports.LiveStats.Football.FunctionalTests.dll" adapterTypeName="executor://nunit3testexecutor/" className="GeniusSports.LiveStats.Football.FunctionalTests.Tests.PitchScreen.Clock.ClockManipulationTests" name="GivenFootballClockEditStarted_WhenCancelingEdit_ThenClockIsResetToOriginalValue" />
    </UnitTest>
    <UnitTest name="VarBeforeConfirmingTheCard(&quot;1&quot;,&quot;Red&quot;,&quot;13&quot;,null)" storage="c:\gitlab-runner\builds\wr8mmwyb\0\livestats\livestats.football\source\test\functionaltests\bin\automation\net472\geniussports.livestats.football.functionaltests.dll" id="876f8f72-8c88-918f-8323-2cc9285809e7">
      <Execution id="c59a559a-8fbd-4300-b348-58d247f5cf03" />
      <TestMethod codeBase="C:\GitLab-Runner\builds\wr8MmWYb\0\LiveStats\LiveStats.Football\Source\Test\FunctionalTests\bin\Automation\net472\GeniusSports.LiveStats.Football.FunctionalTests.dll" adapterTypeName="executor://nunit3testexecutor/" className="GeniusSports.LiveStats.Football.FunctionalTests.Features.PitchScreen.VideoAssistantReferee.CardsVarRegistrationFeature" name="VarBeforeConfirmingTheCard(&quot;1&quot;,&quot;Red&quot;,&quot;13&quot;,null)" />
    </UnitTest>
    <UnitTest name="CancellingShotWorkflowResumesFreeKickWorkflow(&quot;location&quot;,&quot;1&quot;,null)" storage="c:\gitlab-runner\builds\wr8mmwyb\0\livestats\livestats.football\source\test\functionaltests\bin\automation\net472\geniussports.livestats.football.functionaltests.dll" id="1a7d4f9e-fa54-cd99-c226-6ec3000c9dc0">
      <Execution id="02180bb8-365c-4ac6-85d1-2bc8d43abf4a" />
      <TestMethod codeBase="C:\GitLab-Runner\builds\wr8MmWYb\0\LiveStats\LiveStats.Football\Source\Test\FunctionalTests\bin\Automation\net472\GeniusSports.LiveStats.Football.FunctionalTests.dll" adapterTypeName="executor://nunit3testexecutor/" className="GeniusSports.LiveStats.Football.FunctionalTests.Features.PitchScreen.ActionRegistration.ShotRegistrationFromFreeKickFeature" name="CancellingShotWorkflowResumesFreeKickWorkflow(&quot;location&quot;,&quot;1&quot;,null)" />
    </UnitTest>
    <UnitTest name="CannotSelectSameColorForBothTeams" storage="c:\gitlab-runner\builds\wr8mmwyb\0\livestats\livestats.football\source\test\functionaltests\bin\automation\net472\geniussports.livestats.football.functionaltests.dll" id="9e95b2e2-1a82-9db2-31de-797bf7ce167a">
      <Execution id="b798a86f-2e23-452f-922a-cc620e8cfa85" />
      <TestMethod codeBase="C:\GitLab-Runner\builds\wr8MmWYb\0\LiveStats\LiveStats.Football\Source\Test\FunctionalTests\bin\Automation\net472\GeniusSports.LiveStats.Football.FunctionalTests.dll" adapterTypeName="executor://nunit3testexecutor/" className="GeniusSports.LiveStats.Football.FunctionalTests.Features.GameSetup.TeamsFeature" name="CannotSelectSameColorForBothTeams" />
    </UnitTest>
    <UnitTest name="GivenPlayerWithInjury_WhenSettingPlayerBackOnPitch_ThenPlayerRecovered" storage="c:\gitlab-runner\builds\wr8mmwyb\0\livestats\livestats.football\source\test\functionaltests\bin\automation\net472\geniussports.livestats.football.functionaltests.dll" id="50b866a2-f973-b573-45bf-538c8e5711cf">
      <Execution id="f0a9653d-47b5-4d61-8159-323d60afcab7" />
      <TestMethod codeBase="C:\GitLab-Runner\builds\wr8MmWYb\0\LiveStats\LiveStats.Football\Source\Test\FunctionalTests\bin\Automation\net472\GeniusSports.LiveStats.Football.FunctionalTests.dll" adapterTypeName="executor://nunit3testexecutor/" className="GeniusSports.LiveStats.Football.FunctionalTests.Tests.PitchScreen.ActionRegistration.InjuryRegistrationTests" name="GivenPlayerWithInjury_WhenSettingPlayerBackOnPitch_ThenPlayerRecovered" />
    </UnitTest>
    <UnitTest name="GivenSetupCompleted_WhenSelectingDelayReason_ThenConfirmationIsPrompted" storage="c:\gitlab-runner\builds\wr8mmwyb\0\livestats\livestats.football\source\test\functionaltests\bin\automation\net472\geniussports.livestats.football.functionaltests.dll" id="5284a755-d478-9e03-4767-a01615927bb9">
      <Execution id="f5355f7b-dfc1-4d77-8b20-d5da86d0ac6c" />
      <TestMethod codeBase="C:\GitLab-Runner\builds\wr8MmWYb\0\LiveStats\LiveStats.Football\Source\Test\FunctionalTests\bin\Automation\net472\GeniusSports.LiveStats.Football.FunctionalTests.dll" adapterTypeName="executor://nunit3testexecutor/" className="GeniusSports.LiveStats.Football.FunctionalTests.Tests.PitchScreen.GameMessages.GameDelayTests" name="GivenSetupCompleted_WhenSelectingDelayReason_ThenConfirmationIsPrompted" />
    </UnitTest>
    <UnitTest name="CannotEditCardTimeInPeriodBreak(&quot;before&quot;,&quot;GameStart&quot;,null)" storage="c:\gitlab-runner\builds\wr8mmwyb\0\livestats\livestats.football\source\test\functionaltests\bin\automation\net472\geniussports.livestats.football.functionaltests.dll" id="a7981135-3d8a-9bf2-6623-1e9f7956dca3">
      <Execution id="a3b53c7e-941f-4f7f-9c35-a52392aa02a4" />
      <TestMethod codeBase="C:\GitLab-Runner\builds\wr8MmWYb\0\LiveStats\LiveStats.Football\Source\Test\FunctionalTests\bin\Automation\net472\GeniusSports.LiveStats.Football.FunctionalTests.dll" adapterTypeName="executor://nunit3testexecutor/" className="GeniusSports.LiveStats.Football.FunctionalTests.Features.PitchScreen.ActionInserts.PeriodBreakInsertFeature" name="CannotEditCardTimeInPeriodBreak(&quot;before&quot;,&quot;GameStart&quot;,null)" />
    </UnitTest>
    <UnitTest name="FootballSelectVarReasonAndOutcome(&quot;Stands&quot;,&quot;Foul&quot;,null)" storage="c:\gitlab-runner\builds\wr8mmwyb\0\livestats\livestats.football\source\test\functionaltests\bin\automation\net472\geniussports.livestats.football.functionaltests.dll" id="ef351caf-f4f6-df73-a6e6-8b9b230e9d0f">
      <Execution id="a1a3088e-027f-47d3-bf7a-a631893a2320" />
      <TestMethod codeBase="C:\GitLab-Runner\builds\wr8MmWYb\0\LiveStats\LiveStats.Football\Source\Test\FunctionalTests\bin\Automation\net472\GeniusSports.LiveStats.Football.FunctionalTests.dll" adapterTypeName="executor://nunit3testexecutor/" className="GeniusSports.LiveStats.Football.FunctionalTests.Features.PitchScreen.ActionEdits.GoalEditFeature" name="FootballSelectVarReasonAndOutcome(&quot;Stands&quot;,&quot;Foul&quot;,null)" />
    </UnitTest>
    <UnitTest name="GivenPso_WhenChangingNotLastPsoKickTeam_ThenTeamForNextShootoutIsNotChanged" storage="c:\gitlab-runner\builds\wr8mmwyb\0\livestats\livestats.football\source\test\functionaltests\bin\automation\net472\geniussports.livestats.football.functionaltests.dll" id="66e0e8df-8d7d-0359-6cf7-f1f12cbce97e">
      <Execution id="83fbc1db-3a5d-43d1-b747-5d2a8e77f029" />
      <TestMethod codeBase="C:\GitLab-Runner\builds\wr8MmWYb\0\LiveStats\LiveStats.Football\Source\Test\FunctionalTests\bin\Automation\net472\GeniusSports.LiveStats.Football.FunctionalTests.dll" adapterTypeName="executor://nunit3testexecutor/" className="GeniusSports.LiveStats.Football.FunctionalTests.Tests.PitchScreen.ActionEdits.PenaltyShootoutEditTests" name="GivenPso_WhenChangingNotLastPsoKickTeam_ThenTeamForNextShootoutIsNotChanged" />
    </UnitTest>
    <UnitTest name="NoOnVARBeforeConfirmingCard(&quot;2&quot;,&quot;Yellow&quot;,&quot;1&quot;,null)" storage="c:\gitlab-runner\builds\wr8mmwyb\0\livestats\livestats.football\source\test\functionaltests\bin\automation\net472\geniussports.livestats.football.functionaltests.dll" id="3450bcd4-355e-8a1c-a9b5-c03089af943d">
      <Execution id="b2fbb326-e690-4e33-a9d3-6a78b463c961" />
      <TestMethod codeBase="C:\GitLab-Runner\builds\wr8MmWYb\0\LiveStats\LiveStats.Football\Source\Test\FunctionalTests\bin\Automation\net472\GeniusSports.LiveStats.Football.FunctionalTests.dll" adapterTypeName="executor://nunit3testexecutor/" className="GeniusSports.LiveStats.Football.FunctionalTests.Features.PitchScreen.VideoAssistantReferee.CardsVarRegistrationFeature" name="NoOnVARBeforeConfirmingCard(&quot;2&quot;,&quot;Yellow&quot;,&quot;1&quot;,null)" />
    </UnitTest>
    <UnitTest name="GoBackToFirstStep(&quot;1&quot;,&quot;2&quot;,null)" storage="c:\gitlab-runner\builds\wr8mmwyb\0\livestats\livestats.football\source\test\functionaltests\bin\automation\net472\geniussports.livestats.football.functionaltests.dll" id="e93f0ea5-20b5-6e65-76e8-b0656ff7831e">
      <Execution id="1d384b7e-fe5e-4c52-8f90-cf03c6724af3" />
      <TestMethod codeBase="C:\GitLab-Runner\builds\wr8MmWYb\0\LiveStats\LiveStats.Football\Source\Test\FunctionalTests\bin\Automation\net472\GeniusSports.LiveStats.Football.FunctionalTests.dll" adapterTypeName="executor://nunit3testexecutor/" className="GeniusSports.LiveStats.Football.FunctionalTests.Features.PitchScreen.ActionRegistration.FreeKickRegistrationFeature" name="GoBackToFirstStep(&quot;1&quot;,&quot;2&quot;,null)" />
    </UnitTest>
    <UnitTest name="FootballTeamDetailsTabIsPopulatedWithPre_MatchData" storage="c:\gitlab-runner\builds\wr8mmwyb\0\livestats\livestats.football\source\test\functionaltests\bin\automation\net472\geniussports.livestats.football.functionaltests.dll" id="1b5efe7b-91dd-2a02-b74e-83af4dea0f63">
      <Execution id="744fab3b-a91c-4fb0-b416-1c8eff00730d" />
      <TestMethod codeBase="C:\GitLab-Runner\builds\wr8MmWYb\0\LiveStats\LiveStats.Football\Source\Test\FunctionalTests\bin\Automation\net472\GeniusSports.LiveStats.Football.FunctionalTests.dll" adapterTypeName="executor://nunit3testexecutor/" className="GeniusSports.LiveStats.Football.FunctionalTests.Features.GameSetup.LoadGameUsingMatchKeyFeature" name="FootballTeamDetailsTabIsPopulatedWithPre_MatchData" />
    </UnitTest>
    <UnitTest name="ClearShotInGoalInsert(&quot;set&quot;,null)" storage="c:\gitlab-runner\builds\wr8mmwyb\0\livestats\livestats.football\source\test\functionaltests\bin\automation\net472\geniussports.livestats.football.functionaltests.dll" id="1064cc7c-e5ed-0c60-7f16-2c2d6feb5842">
      <Execution id="c8612902-3158-4dc3-8ca8-c59d474f7ab3" />
      <TestMethod codeBase="C:\GitLab-Runner\builds\wr8MmWYb\0\LiveStats\LiveStats.Football\Source\Test\FunctionalTests\bin\Automation\net472\GeniusSports.LiveStats.Football.FunctionalTests.dll" adapterTypeName="executor://nunit3testexecutor/" className="GeniusSports.LiveStats.Football.FunctionalTests.Features.PitchScreen.ActionInserts.InsertGoalFeature" name="ClearShotInGoalInsert(&quot;set&quot;,null)" />
    </UnitTest>
    <UnitTest name="GivenVarStartedOnGoal_WhenSelectingStands_ThenConfirmDialogIsShown(1)" storage="c:\gitlab-runner\builds\wr8mmwyb\0\livestats\livestats.football\source\test\functionaltests\bin\automation\net472\geniussports.livestats.football.functionaltests.dll" id="a72c6728-2407-c023-6bbf-cb7e63811402">
      <Execution id="60bd7568-d355-45db-8d7a-85b4d58f7fd7" />
      <TestMethod codeBase="C:\GitLab-Runner\builds\wr8MmWYb\0\LiveStats\LiveStats.Football\Source\Test\FunctionalTests\bin\Automation\net472\GeniusSports.LiveStats.Football.FunctionalTests.dll" adapterTypeName="executor://nunit3testexecutor/" className="GeniusSports.LiveStats.Football.FunctionalTests.Tests.PitchScreen.VideoAssistantReferee.GoalVarRegistrationTests" name="GivenVarStartedOnGoal_WhenSelectingStands_ThenConfirmDialogIsShown(1)" />
    </UnitTest>
    <UnitTest name="CancelInjuryInsert" storage="c:\gitlab-runner\builds\wr8mmwyb\0\livestats\livestats.football\source\test\functionaltests\bin\automation\net472\geniussports.livestats.football.functionaltests.dll" id="4707b336-6260-10a2-1c18-17bcd9e51b43">
      <Execution id="e5fe8517-3787-4bd8-8f44-e09e6bb9c200" />
      <TestMethod codeBase="C:\GitLab-Runner\builds\wr8MmWYb\0\LiveStats\LiveStats.Football\Source\Test\FunctionalTests\bin\Automation\net472\GeniusSports.LiveStats.Football.FunctionalTests.dll" adapterTypeName="executor://nunit3testexecutor/" className="GeniusSports.LiveStats.Football.FunctionalTests.Features.PitchScreen.ActionInserts.PlayerInjuryInsertFeature" name="CancelInjuryInsert" />
    </UnitTest>
    <UnitTest name="InsertSubstitutionInPeriodBreakIsShownOnPitchPlayer(&quot;before&quot;,&quot;PhaseStart&quot;,null)" storage="c:\gitlab-runner\builds\wr8mmwyb\0\livestats\livestats.football\source\test\functionaltests\bin\automation\net472\geniussports.livestats.football.functionaltests.dll" id="2fcc5ca3-e470-4919-05b7-2f45b13c713d">
      <Execution id="4d896133-b5f4-4343-a429-0981919c921d" />
      <TestMethod codeBase="C:\GitLab-Runner\builds\wr8MmWYb\0\LiveStats\LiveStats.Football\Source\Test\FunctionalTests\bin\Automation\net472\GeniusSports.LiveStats.Football.FunctionalTests.dll" adapterTypeName="executor://nunit3testexecutor/" className="GeniusSports.LiveStats.Football.FunctionalTests.Features.PitchScreen.ActionInserts.PeriodBreakInsertFeature" name="InsertSubstitutionInPeriodBreakIsShownOnPitchPlayer(&quot;before&quot;,&quot;PhaseStart&quot;,null)" />
    </UnitTest>
    <UnitTest name="GivenGameInProgress_WhenDeactivatingGameOfficial_ThenGameOfficialDeactivated" storage="c:\gitlab-runner\builds\wr8mmwyb\0\livestats\livestats.football\source\test\functionaltests\bin\automation\net472\geniussports.livestats.football.functionaltests.dll" id="d0011cc1-9b27-4f53-5bd5-911806f08d5f">
      <Execution id="2a634ec2-0ea0-42b2-8ebb-cf7dcd80e43c" />
      <TestMethod codeBase="C:\GitLab-Runner\builds\wr8MmWYb\0\LiveStats\LiveStats.Football\Source\Test\FunctionalTests\bin\Automation\net472\GeniusSports.LiveStats.Football.FunctionalTests.dll" adapterTypeName="executor://nunit3testexecutor/" className="GeniusSports.LiveStats.Football.FunctionalTests.Tests.GameSetup.EditGameSetupTests" name="GivenGameInProgress_WhenDeactivatingGameOfficial_ThenGameOfficialDeactivated" />
    </UnitTest>
    <UnitTest name="SelectLocationForPenaltyGoal(&quot;2&quot;,&quot;1&quot;,&quot;10&quot;,&quot;50&quot;,&quot;8&quot;,&quot;11&quot;,null)" storage="c:\gitlab-runner\builds\wr8mmwyb\0\livestats\livestats.football\source\test\functionaltests\bin\automation\net472\geniussports.livestats.football.functionaltests.dll" id="d764fe56-9d66-34f9-b0fd-99b23d98d7e6">
      <Execution id="9e2d492c-e39f-4e29-a8ef-44ba3cd65131" />
      <TestMethod codeBase="C:\GitLab-Runner\builds\wr8MmWYb\0\LiveStats\LiveStats.Football\Source\Test\FunctionalTests\bin\Automation\net472\GeniusSports.LiveStats.Football.FunctionalTests.dll" adapterTypeName="executor://nunit3testexecutor/" className="GeniusSports.LiveStats.Football.FunctionalTests.Features.PitchScreen.ActionRegistration.PenaltyRegistrationFeature" name="SelectLocationForPenaltyGoal(&quot;2&quot;,&quot;1&quot;,&quot;10&quot;,&quot;50&quot;,&quot;8&quot;,&quot;11&quot;,null)" />
    </UnitTest>
    <UnitTest name="GivenActionRegistered_WhenDeletingFromActionLog_ThenDeleted(Shot)" storage="c:\gitlab-runner\builds\wr8mmwyb\0\livestats\livestats.football\source\test\functionaltests\bin\automation\net472\geniussports.livestats.football.functionaltests.dll" id="c9c56581-649b-19ee-0f46-1f64bfb6a895">
      <Execution id="ada7d03a-5cd5-41e5-9e32-bc1a03bbe4a0" />
      <TestMethod codeBase="C:\GitLab-Runner\builds\wr8MmWYb\0\LiveStats\LiveStats.Football\Source\Test\FunctionalTests\bin\Automation\net472\GeniusSports.LiveStats.Football.FunctionalTests.dll" adapterTypeName="executor://nunit3testexecutor/" className="GeniusSports.LiveStats.Football.FunctionalTests.Tests.PitchScreen.ActionDeletes.GameActionDeleteTests" name="GivenActionRegistered_WhenDeletingFromActionLog_ThenDeleted(Shot)" />
    </UnitTest>
    <UnitTest name="FootballSelectVarReason(&quot;Foul&quot;,null)" storage="c:\gitlab-runner\builds\wr8mmwyb\0\livestats\livestats.football\source\test\functionaltests\bin\automation\net472\geniussports.livestats.football.functionaltests.dll" id="5e31dc9a-950c-d922-8cfe-dd2082b67a64">
      <Execution id="8c496377-b325-4a27-9b48-45c0fd6c00d5" />
      <TestMethod codeBase="C:\GitLab-Runner\builds\wr8MmWYb\0\LiveStats\LiveStats.Football\Source\Test\FunctionalTests\bin\Automation\net472\GeniusSports.LiveStats.Football.FunctionalTests.dll" adapterTypeName="executor://nunit3testexecutor/" className="GeniusSports.LiveStats.Football.FunctionalTests.Features.PitchScreen.ActionEdits.GoalEditFeature" name="FootballSelectVarReason(&quot;Foul&quot;,null)" />
    </UnitTest>
    <UnitTest name="ChangeVARFromOverturnedToStandsOnCardEdit" storage="c:\gitlab-runner\builds\wr8mmwyb\0\livestats\livestats.football\source\test\functionaltests\bin\automation\net472\geniussports.livestats.football.functionaltests.dll" id="650d82de-f0bc-2e5d-bdaa-c729bd3dce92">
      <Execution id="315a1124-11d5-4592-aa79-fac6ca1fea68" />
      <TestMethod codeBase="C:\GitLab-Runner\builds\wr8MmWYb\0\LiveStats\LiveStats.Football\Source\Test\FunctionalTests\bin\Automation\net472\GeniusSports.LiveStats.Football.FunctionalTests.dll" adapterTypeName="executor://nunit3testexecutor/" className="GeniusSports.LiveStats.Football.FunctionalTests.Features.PitchScreen.ActionEdits.CardEditFeature" name="ChangeVARFromOverturnedToStandsOnCardEdit" />
    </UnitTest>
    <UnitTest name="GivenSetupFinished_WhenGoingBackToKickOffTeamSelectionFromAttackDirection_ThenKickOffTeamSelectionIsPreselected(1)" storage="c:\gitlab-runner\builds\wr8mmwyb\0\livestats\livestats.football\source\test\functionaltests\bin\automation\net472\geniussports.livestats.football.functionaltests.dll" id="a3293d1b-c82f-750f-ede2-7ff450151551">
      <Execution id="0f8786c8-e0ed-4b13-b8e6-162a9c85224e" />
      <TestMethod codeBase="C:\GitLab-Runner\builds\wr8MmWYb\0\LiveStats\LiveStats.Football\Source\Test\FunctionalTests\bin\Automation\net472\GeniusSports.LiveStats.Football.FunctionalTests.dll" adapterTypeName="executor://nunit3testexecutor/" className="GeniusSports.LiveStats.Football.FunctionalTests.Tests.PitchScreen.KickOffGameTests" name="GivenSetupFinished_WhenGoingBackToKickOffTeamSelectionFromAttackDirection_ThenKickOffTeamSelectionIsPreselected(1)" />
    </UnitTest>
    <UnitTest name="CannotSelectPlayersForSubstitutionWhenAllSubstitutionsAreFinished" storage="c:\gitlab-runner\builds\wr8mmwyb\0\livestats\livestats.football\source\test\functionaltests\bin\automation\net472\geniussports.livestats.football.functionaltests.dll" id="ccdf537d-e359-2fb8-a3d5-46b239e45d95">
      <Execution id="2cd6b93a-2d26-41b3-bb18-2eed61e6eb33" />
      <TestMethod codeBase="C:\GitLab-Runner\builds\wr8MmWYb\0\LiveStats\LiveStats.Football\Source\Test\FunctionalTests\bin\Automation\net472\GeniusSports.LiveStats.Football.FunctionalTests.dll" adapterTypeName="executor://nunit3testexecutor/" className="GeniusSports.LiveStats.Football.FunctionalTests.Features.PitchScreen.ActionRegistration.Substitutions.RecordingSubstitutionFeature" name="CannotSelectPlayersForSubstitutionWhenAllSubstitutionsAreFinished" />
    </UnitTest>
    <UnitTest name="CancellingGoalWorkflowResumesFreeKickWorkflow(&quot;location&quot;,&quot;1&quot;,null)" storage="c:\gitlab-runner\builds\wr8mmwyb\0\livestats\livestats.football\source\test\functionaltests\bin\automation\net472\geniussports.livestats.football.functionaltests.dll" id="058247e4-847f-9bac-9115-e6e6e1d7b680">
      <Execution id="dec3456b-c391-4a90-b992-5e7ab3909155" />
      <TestMethod codeBase="C:\GitLab-Runner\builds\wr8MmWYb\0\LiveStats\LiveStats.Football\Source\Test\FunctionalTests\bin\Automation\net472\GeniusSports.LiveStats.Football.FunctionalTests.dll" adapterTypeName="executor://nunit3testexecutor/" className="GeniusSports.LiveStats.Football.FunctionalTests.Features.PitchScreen.ActionRegistration.GoalRegistrationFromFreeKickFeature" name="CancellingGoalWorkflowResumesFreeKickWorkflow(&quot;location&quot;,&quot;1&quot;,null)" />
    </UnitTest>
    <UnitTest name="InsertPenaltyShootoutKickWithNoDataSpecifiedWhenOverturnedByVAR" storage="c:\gitlab-runner\builds\wr8mmwyb\0\livestats\livestats.football\source\test\functionaltests\bin\automation\net472\geniussports.livestats.football.functionaltests.dll" id="91410bb8-72e0-702d-454e-a117b70228e9">
      <Execution id="457be07f-332a-4644-b54f-11b176fd4bf7" />
      <TestMethod codeBase="C:\GitLab-Runner\builds\wr8MmWYb\0\LiveStats\LiveStats.Football\Source\Test\FunctionalTests\bin\Automation\net472\GeniusSports.LiveStats.Football.FunctionalTests.dll" adapterTypeName="executor://nunit3testexecutor/" className="GeniusSports.LiveStats.Football.FunctionalTests.Features.PitchScreen.ActionInserts.PenaltyShootoutInsertFeature" name="InsertPenaltyShootoutKickWithNoDataSpecifiedWhenOverturnedByVAR" />
    </UnitTest>
    <UnitTest name="GivenEjectedPlayerAndGoalInsertWithEjectedPlayers_WhenGoalPlayerUpdatedToOtherEjected_ThenFlagsAreUpdated" storage="c:\gitlab-runner\builds\wr8mmwyb\0\livestats\livestats.football\source\test\functionaltests\bin\automation\net472\geniussports.livestats.football.functionaltests.dll" id="a71d81d8-818f-8723-f181-8345e4a8cc35">
      <Execution id="3c04656c-4b8e-4392-ab7f-0f73dbe6b0a5" />
      <TestMethod codeBase="C:\GitLab-Runner\builds\wr8MmWYb\0\LiveStats\LiveStats.Football\Source\Test\FunctionalTests\bin\Automation\net472\GeniusSports.LiveStats.Football.FunctionalTests.dll" adapterTypeName="executor://nunit3testexecutor/" className="GeniusSports.LiveStats.Football.FunctionalTests.Tests.PitchScreen.Flagging.CardEjectedPlayerFlaggingTests" name="GivenEjectedPlayerAndGoalInsertWithEjectedPlayers_WhenGoalPlayerUpdatedToOtherEjected_ThenFlagsAreUpdated" />
    </UnitTest>
    <UnitTest name="FootballSelectVarReasonAndOutcome(&quot;Overturned&quot;,&quot;Foul&quot;,null)" storage="c:\gitlab-runner\builds\wr8mmwyb\0\livestats\livestats.football\source\test\functionaltests\bin\automation\net472\geniussports.livestats.football.functionaltests.dll" id="62319f3e-ca66-e14f-0bd2-6e09382141d9">
      <Execution id="39795836-7ec6-4de4-ad02-f330d2c5de90" />
      <TestMethod codeBase="C:\GitLab-Runner\builds\wr8MmWYb\0\LiveStats\LiveStats.Football\Source\Test\FunctionalTests\bin\Automation\net472\GeniusSports.LiveStats.Football.FunctionalTests.dll" adapterTypeName="executor://nunit3testexecutor/" className="GeniusSports.LiveStats.Football.FunctionalTests.Features.PitchScreen.ActionEdits.GoalEditFeature" name="FootballSelectVarReasonAndOutcome(&quot;Overturned&quot;,&quot;Foul&quot;,null)" />
    </UnitTest>
    <UnitTest name="GivenGameInProgress_WhenRegisteringCardForCouch_ThenCardIsRegisteredForCoach(SecondYellow,1,SecondYellow,&quot;SecondYellow&quot;)" storage="c:\gitlab-runner\builds\wr8mmwyb\0\livestats\livestats.football\source\test\functionaltests\bin\automation\net472\geniussports.livestats.football.functionaltests.dll" id="6042e2d3-3b1b-de7c-91d8-c5acfc5b3d9b">
      <Execution id="6c9c41fd-c6a4-48e6-a41d-1b692b4dad44" />
      <TestMethod codeBase="C:\GitLab-Runner\builds\wr8MmWYb\0\LiveStats\LiveStats.Football\Source\Test\FunctionalTests\bin\Automation\net472\GeniusSports.LiveStats.Football.FunctionalTests.dll" adapterTypeName="executor://nunit3testexecutor/" className="GeniusSports.LiveStats.Football.FunctionalTests.Tests.PitchScreen.ActionRegistration.CardRegistrationTests" name="GivenGameInProgress_WhenRegisteringCardForCouch_ThenCardIsRegisteredForCoach(SecondYellow,1,SecondYellow,&quot;SecondYellow&quot;)" />
    </UnitTest>
    <UnitTest name="GivenGameInProgress_WhenStartingShot_ThenShotWorkflowStarted" storage="c:\gitlab-runner\builds\wr8mmwyb\0\livestats\livestats.football\source\test\functionaltests\bin\automation\net472\geniussports.livestats.football.functionaltests.dll" id="135aef28-98a3-06ed-166f-ead8d4dfbf75">
      <Execution id="43c91429-16e0-402b-906d-3de8199aaf4a" />
      <TestMethod codeBase="C:\GitLab-Runner\builds\wr8MmWYb\0\LiveStats\LiveStats.Football\Source\Test\FunctionalTests\bin\Automation\net472\GeniusSports.LiveStats.Football.FunctionalTests.dll" adapterTypeName="executor://nunit3testexecutor/" className="GeniusSports.LiveStats.Football.FunctionalTests.Tests.PitchScreen.ActionRegistration.ShotRegistrationTests" name="GivenGameInProgress_WhenStartingShot_ThenShotWorkflowStarted" />
    </UnitTest>
    <UnitTest name="GivenGameWithCursorOnPitch_WhenDisablingPossession_ThenBallGetsCleared" storage="c:\gitlab-runner\builds\wr8mmwyb\0\livestats\livestats.football\source\test\functionaltests\bin\automation\net472\geniussports.livestats.football.functionaltests.dll" id="b73cbb88-6d08-19bb-66d8-88ef0f8d2db5">
      <Execution id="db6fc724-609c-4c00-bf6c-34729f9f107b" />
      <TestMethod codeBase="C:\GitLab-Runner\builds\wr8MmWYb\0\LiveStats\LiveStats.Football\Source\Test\FunctionalTests\bin\Automation\net472\GeniusSports.LiveStats.Football.FunctionalTests.dll" adapterTypeName="executor://nunit3testexecutor/" className="GeniusSports.LiveStats.Football.FunctionalTests.Tests.PitchScreen.DeadBallTests" name="GivenGameWithCursorOnPitch_WhenDisablingPossession_ThenBallGetsCleared" />
    </UnitTest>
    <UnitTest name="RemoveOverturnedVARForCard" storage="c:\gitlab-runner\builds\wr8mmwyb\0\livestats\livestats.football\source\test\functionaltests\bin\automation\net472\geniussports.livestats.football.functionaltests.dll" id="c4ceb23f-a823-cd65-6e70-e1c9428e8808">
      <Execution id="a231bd3e-5c30-40ea-a8dd-54aa28251fa4" />
      <TestMethod codeBase="C:\GitLab-Runner\builds\wr8MmWYb\0\LiveStats\LiveStats.Football\Source\Test\FunctionalTests\bin\Automation\net472\GeniusSports.LiveStats.Football.FunctionalTests.dll" adapterTypeName="executor://nunit3testexecutor/" className="GeniusSports.LiveStats.Football.FunctionalTests.Features.PitchScreen.ActionEdits.CardEditFeature" name="RemoveOverturnedVARForCard" />
    </UnitTest>
    <UnitTest name="InsertCornerAfterOrBeforeLastEvent(&quot;before&quot;,&quot;0025&quot;,&quot;0026&quot;,&quot;00:25&quot;,&quot;1&quot;,&quot;2&quot;,&quot;bottom right&quot;,null)" storage="c:\gitlab-runner\builds\wr8mmwyb\0\livestats\livestats.football\source\test\functionaltests\bin\automation\net472\geniussports.livestats.football.functionaltests.dll" id="cebb70fe-62d3-ca1f-e8e9-123060a8f54c">
      <Execution id="190ea4ba-4c62-49c0-8d4d-7d0b52e8b54b" />
      <TestMethod codeBase="C:\GitLab-Runner\builds\wr8MmWYb\0\LiveStats\LiveStats.Football\Source\Test\FunctionalTests\bin\Automation\net472\GeniusSports.LiveStats.Football.FunctionalTests.dll" adapterTypeName="executor://nunit3testexecutor/" className="GeniusSports.LiveStats.Football.FunctionalTests.Features.PitchScreen.ActionInserts.CornerInsertFeature" name="InsertCornerAfterOrBeforeLastEvent(&quot;before&quot;,&quot;0025&quot;,&quot;0026&quot;,&quot;00:25&quot;,&quot;1&quot;,&quot;2&quot;,&quot;bottom right&quot;,null)" />
    </UnitTest>
    <UnitTest name="PenaltyShootoutHalfCanBeEndedAfterHalfEndDeletion" storage="c:\gitlab-runner\builds\wr8mmwyb\0\livestats\livestats.football\source\test\functionaltests\bin\automation\net472\geniussports.livestats.football.functionaltests.dll" id="437df5c3-190e-e2af-9651-ff929b1c2b62">
      <Execution id="e2f9ae7d-c64b-4013-9198-ab82d71c65d7" />
      <TestMethod codeBase="C:\GitLab-Runner\builds\wr8MmWYb\0\LiveStats\LiveStats.Football\Source\Test\FunctionalTests\bin\Automation\net472\GeniusSports.LiveStats.Football.FunctionalTests.dll" adapterTypeName="executor://nunit3testexecutor/" className="GeniusSports.LiveStats.Football.FunctionalTests.Features.PitchScreen.ActionDeletes.PeriodAndGameEndsDeleteFeature" name="PenaltyShootoutHalfCanBeEndedAfterHalfEndDeletion" />
    </UnitTest>
    <UnitTest name="GivenOffTargetShotRegistered_WhenOpenShotLocationInEditForm_ThenShotLocationIsCorrect" storage="c:\gitlab-runner\builds\wr8mmwyb\0\livestats\livestats.football\source\test\functionaltests\bin\automation\net472\geniussports.livestats.football.functionaltests.dll" id="e198b101-f649-0964-5299-70f5b46e0b66">
      <Execution id="f1daa5ea-18ce-4aa5-acd0-38d757d5448f" />
      <TestMethod codeBase="C:\GitLab-Runner\builds\wr8MmWYb\0\LiveStats\LiveStats.Football\Source\Test\FunctionalTests\bin\Automation\net472\GeniusSports.LiveStats.Football.FunctionalTests.dll" adapterTypeName="executor://nunit3testexecutor/" className="GeniusSports.LiveStats.Football.FunctionalTests.Tests.PitchScreen.ActionEdits.ShotEditTests" name="GivenOffTargetShotRegistered_WhenOpenShotLocationInEditForm_ThenShotLocationIsCorrect" />
    </UnitTest>
    <UnitTest name="ExtraTimeFirstHalfActionsCanBeFiltered" storage="c:\gitlab-runner\builds\wr8mmwyb\0\livestats\livestats.football\source\test\functionaltests\bin\automation\net472\geniussports.livestats.football.functionaltests.dll" id="083c3d66-300f-8cff-ab43-566261a19d32">
      <Execution id="04de1858-d8bc-4a57-bd10-288e9ea11662" />
      <TestMethod codeBase="C:\GitLab-Runner\builds\wr8MmWYb\0\LiveStats\LiveStats.Football\Source\Test\FunctionalTests\bin\Automation\net472\GeniusSports.LiveStats.Football.FunctionalTests.dll" adapterTypeName="executor://nunit3testexecutor/" className="GeniusSports.LiveStats.Football.FunctionalTests.Features.PitchScreen.Filters.HalvesFilterFeature" name="ExtraTimeFirstHalfActionsCanBeFiltered" />
    </UnitTest>
    <UnitTest name="InsertingCorrectSubBeforeFlaggedActionUnflagsIt" storage="c:\gitlab-runner\builds\wr8mmwyb\0\livestats\livestats.football\source\test\functionaltests\bin\automation\net472\geniussports.livestats.football.functionaltests.dll" id="ed74c1f6-013f-852c-71ed-0a26c2719037">
      <Execution id="0abd64e1-e0fe-4018-8214-4dd2e46ed43c" />
      <TestMethod codeBase="C:\GitLab-Runner\builds\wr8MmWYb\0\LiveStats\LiveStats.Football\Source\Test\FunctionalTests\bin\Automation\net472\GeniusSports.LiveStats.Football.FunctionalTests.dll" adapterTypeName="executor://nunit3testexecutor/" className="GeniusSports.LiveStats.Football.FunctionalTests.Features.PitchScreen.Flagging.PlayerNotOnPitchFlagFeature" name="InsertingCorrectSubBeforeFlaggedActionUnflagsIt" />
    </UnitTest>
    <UnitTest name="AddShotLocationInGoalInsert(&quot;set&quot;,null)" storage="c:\gitlab-runner\builds\wr8mmwyb\0\livestats\livestats.football\source\test\functionaltests\bin\automation\net472\geniussports.livestats.football.functionaltests.dll" id="56a6f63b-12aa-1ac7-c1cf-ccdb0cdf4704">
      <Execution id="92e6f1de-06eb-494b-aa2a-4a9b29685a81" />
      <TestMethod codeBase="C:\GitLab-Runner\builds\wr8MmWYb\0\LiveStats\LiveStats.Football\Source\Test\FunctionalTests\bin\Automation\net472\GeniusSports.LiveStats.Football.FunctionalTests.dll" adapterTypeName="executor://nunit3testexecutor/" className="GeniusSports.LiveStats.Football.FunctionalTests.Features.PitchScreen.ActionInserts.InsertGoalFeature" name="AddShotLocationInGoalInsert(&quot;set&quot;,null)" />
    </UnitTest>
    <UnitTest name="GivenFreeKickRegistered_WhenEditingFreeKickTimeToBeOldest_ThenContainerMovedToBottom" storage="c:\gitlab-runner\builds\wr8mmwyb\0\livestats\livestats.football\source\test\functionaltests\bin\automation\net472\geniussports.livestats.football.functionaltests.dll" id="b799c5de-5df3-0e4e-b379-6772e3eae327">
      <Execution id="286aae81-c5f4-4100-9e1a-d58b80dd31a0" />
      <TestMethod codeBase="C:\GitLab-Runner\builds\wr8MmWYb\0\LiveStats\LiveStats.Football\Source\Test\FunctionalTests\bin\Automation\net472\GeniusSports.LiveStats.Football.FunctionalTests.dll" adapterTypeName="executor://nunit3testexecutor/" className="GeniusSports.LiveStats.Football.FunctionalTests.Tests.PitchScreen.ActionEdits.ActionContainersAreAutomaticallyReorderedTests" name="GivenFreeKickRegistered_WhenEditingFreeKickTimeToBeOldest_ThenContainerMovedToBottom" />
    </UnitTest>
    <UnitTest name="GoalKickActionFlagCanBeReviewedInActionEditScreen" storage="c:\gitlab-runner\builds\wr8mmwyb\0\livestats\livestats.football\source\test\functionaltests\bin\automation\net472\geniussports.livestats.football.functionaltests.dll" id="48a3bb5f-4fbc-371d-7d2d-9a0ccc0db418">
      <Execution id="49d832ac-727f-49d4-ad48-39286df36d4e" />
      <TestMethod codeBase="C:\GitLab-Runner\builds\wr8MmWYb\0\LiveStats\LiveStats.Football\Source\Test\FunctionalTests\bin\Automation\net472\GeniusSports.LiveStats.Football.FunctionalTests.dll" adapterTypeName="executor://nunit3testexecutor/" className="GeniusSports.LiveStats.Football.FunctionalTests.Features.PitchScreen.Flagging.AddManualFlagFeature" name="GoalKickActionFlagCanBeReviewedInActionEditScreen" />
    </UnitTest>
    <UnitTest name="GivenThrowInEditOpen_WhenChangingTeam_ThenEnablesSave" storage="c:\gitlab-runner\builds\wr8mmwyb\0\livestats\livestats.football\source\test\functionaltests\bin\automation\net472\geniussports.livestats.football.functionaltests.dll" id="dc27714b-38b4-9d81-e7fb-c83946049026">
      <Execution id="48c219cc-9d5b-4fb8-87dd-3ac85bc511b7" />
      <TestMethod codeBase="C:\GitLab-Runner\builds\wr8MmWYb\0\LiveStats\LiveStats.Football\Source\Test\FunctionalTests\bin\Automation\net472\GeniusSports.LiveStats.Football.FunctionalTests.dll" adapterTypeName="executor://nunit3testexecutor/" className="GeniusSports.LiveStats.Football.FunctionalTests.Tests.PitchScreen.ActionEdits.ThrowInEditTests" name="GivenThrowInEditOpen_WhenChangingTeam_ThenEnablesSave" />
    </UnitTest>
    <UnitTest name="FootballClearPitchPosition" storage="c:\gitlab-runner\builds\wr8mmwyb\0\livestats\livestats.football\source\test\functionaltests\bin\automation\net472\geniussports.livestats.football.functionaltests.dll" id="7760dcaf-2150-fde6-0898-6fa9fe96d112">
      <Execution id="8a04ddc3-364b-4bc0-9131-8e3e5ec0d6fb" />
      <TestMethod codeBase="C:\GitLab-Runner\builds\wr8MmWYb\0\LiveStats\LiveStats.Football\Source\Test\FunctionalTests\bin\Automation\net472\GeniusSports.LiveStats.Football.FunctionalTests.dll" adapterTypeName="executor://nunit3testexecutor/" className="GeniusSports.LiveStats.Football.FunctionalTests.Features.PitchScreen.ActionEdits.GoalEditFeature" name="FootballClearPitchPosition" />
    </UnitTest>
    <UnitTest name="SecondYellowWithoutFirstYellowIsFlagged" storage="c:\gitlab-runner\builds\wr8mmwyb\0\livestats\livestats.football\source\test\functionaltests\bin\automation\net472\geniussports.livestats.football.functionaltests.dll" id="1d517d42-75a6-80c4-0c6d-7df485705b83">
      <Execution id="f9a4917f-dc26-4942-9a5a-84df0f41215f" />
      <TestMethod codeBase="C:\GitLab-Runner\builds\wr8MmWYb\0\LiveStats\LiveStats.Football\Source\Test\FunctionalTests\bin\Automation\net472\GeniusSports.LiveStats.Football.FunctionalTests.dll" adapterTypeName="executor://nunit3testexecutor/" className="GeniusSports.LiveStats.Football.FunctionalTests.Features.PitchScreen.Flagging.SecondYellowWithoutFirstFlaggerTestsFeature" name="SecondYellowWithoutFirstYellowIsFlagged" />
    </UnitTest>
    <UnitTest name="EditSubstitution" storage="c:\gitlab-runner\builds\wr8mmwyb\0\livestats\livestats.football\source\test\functionaltests\bin\automation\net472\geniussports.livestats.football.functionaltests.dll" id="6668041a-613c-ff56-a55e-dd6b3357a57f">
      <Execution id="c26d8d3a-00b2-40e7-beaf-e41d5adc2c2f" />
      <TestMethod codeBase="C:\GitLab-Runner\builds\wr8MmWYb\0\LiveStats\LiveStats.Football\Source\Test\FunctionalTests\bin\Automation\net472\GeniusSports.LiveStats.Football.FunctionalTests.dll" adapterTypeName="executor://nunit3testexecutor/" className="GeniusSports.LiveStats.Football.FunctionalTests.Features.PitchScreen.ActionEdits.SubstitutionEditFeature" name="EditSubstitution" />
    </UnitTest>
    <UnitTest name="CannotProceedWithoutBlankMandatoryFields(&quot;2&quot;,&quot;name&quot;,&quot;Team's name is required&quot;,null)" storage="c:\gitlab-runner\builds\wr8mmwyb\0\livestats\livestats.football\source\test\functionaltests\bin\automation\net472\geniussports.livestats.football.functionaltests.dll" id="dba1b91a-434d-3ae5-8b9e-3fa81606e0b6">
      <Execution id="e7058b21-ac3c-46fa-ae22-3ab1373f93c1" />
      <TestMethod codeBase="C:\GitLab-Runner\builds\wr8MmWYb\0\LiveStats\LiveStats.Football\Source\Test\FunctionalTests\bin\Automation\net472\GeniusSports.LiveStats.Football.FunctionalTests.dll" adapterTypeName="executor://nunit3testexecutor/" className="GeniusSports.LiveStats.Football.FunctionalTests.Features.GameSetup.TeamsFeature" name="CannotProceedWithoutBlankMandatoryFields(&quot;2&quot;,&quot;name&quot;,&quot;Team's name is required&quot;,null)" />
    </UnitTest>
    <UnitTest name="InsertShotOnPenaltyShootoutKickAfterOrBeforeLastEvent(&quot;before&quot;,&quot;2&quot;,&quot;1&quot;,&quot;4&quot;,&quot;3&quot;,null)" storage="c:\gitlab-runner\builds\wr8mmwyb\0\livestats\livestats.football\source\test\functionaltests\bin\automation\net472\geniussports.livestats.football.functionaltests.dll" id="588b44cb-56c6-6ca2-4f78-53938037e146">
      <Execution id="69ae00ff-cbe7-4e09-b90b-727b3bd566f3" />
      <TestMethod codeBase="C:\GitLab-Runner\builds\wr8MmWYb\0\LiveStats\LiveStats.Football\Source\Test\FunctionalTests\bin\Automation\net472\GeniusSports.LiveStats.Football.FunctionalTests.dll" adapterTypeName="executor://nunit3testexecutor/" className="GeniusSports.LiveStats.Football.FunctionalTests.Features.PitchScreen.ActionInserts.PenaltyShootoutInsertFeature" name="InsertShotOnPenaltyShootoutKickAfterOrBeforeLastEvent(&quot;before&quot;,&quot;2&quot;,&quot;1&quot;,&quot;4&quot;,&quot;3&quot;,null)" />
    </UnitTest>
    <UnitTest name="GivenShotsRegistered_WhenSelectingBlockedShots_ThenShowOnlyBlockedShots" storage="c:\gitlab-runner\builds\wr8mmwyb\0\livestats\livestats.football\source\test\functionaltests\bin\automation\net472\geniussports.livestats.football.functionaltests.dll" id="736d0ac9-3a40-4a57-2c40-88347483d2e0">
      <Execution id="c6a85c7d-268a-454f-8fa2-cc5700d8fbe6" />
      <TestMethod codeBase="C:\GitLab-Runner\builds\wr8MmWYb\0\LiveStats\LiveStats.Football\Source\Test\FunctionalTests\bin\Automation\net472\GeniusSports.LiveStats.Football.FunctionalTests.dll" adapterTypeName="executor://nunit3testexecutor/" className="GeniusSports.LiveStats.Football.FunctionalTests.Tests.PitchScreen.Filters.ShotFilterTests" name="GivenShotsRegistered_WhenSelectingBlockedShots_ThenShowOnlyBlockedShots" />
    </UnitTest>
    <UnitTest name="SubsCountIsSavedAfterGameSetup(&quot;3&quot;,null)" storage="c:\gitlab-runner\builds\wr8mmwyb\0\livestats\livestats.football\source\test\functionaltests\bin\automation\net472\geniussports.livestats.football.functionaltests.dll" id="a8100980-5686-c9df-e225-c919424807ce">
      <Execution id="85ce8df3-6602-4006-a3e9-63775fd49ac6" />
      <TestMethod codeBase="C:\GitLab-Runner\builds\wr8MmWYb\0\LiveStats\LiveStats.Football\Source\Test\FunctionalTests\bin\Automation\net472\GeniusSports.LiveStats.Football.FunctionalTests.dll" adapterTypeName="executor://nunit3testexecutor/" className="GeniusSports.LiveStats.Football.FunctionalTests.Features.GameSetup.SetupGeneralGameInformationFeature" name="SubsCountIsSavedAfterGameSetup(&quot;3&quot;,null)" />
    </UnitTest>
    <UnitTest name="GivenGameInProgress_WhenUpdatingFormations_ThenFormationsAreUpdated(&quot;4-2-3-1&quot;)" storage="c:\gitlab-runner\builds\wr8mmwyb\0\livestats\livestats.football\source\test\functionaltests\bin\automation\net472\geniussports.livestats.football.functionaltests.dll" id="35d3b2af-88f2-4d57-694e-16750cb932cc">
      <Execution id="19a47691-7ee5-4e87-9b15-de2b51d0eef8" />
      <TestMethod codeBase="C:\GitLab-Runner\builds\wr8MmWYb\0\LiveStats\LiveStats.Football\Source\Test\FunctionalTests\bin\Automation\net472\GeniusSports.LiveStats.Football.FunctionalTests.dll" adapterTypeName="executor://nunit3testexecutor/" className="GeniusSports.LiveStats.Football.FunctionalTests.Tests.GameSetup.EditGameSetupTests" name="GivenGameInProgress_WhenUpdatingFormations_ThenFormationsAreUpdated(&quot;4-2-3-1&quot;)" />
    </UnitTest>
    <UnitTest name="CannotFlagAndContinueGoalKickLastStep" storage="c:\gitlab-runner\builds\wr8mmwyb\0\livestats\livestats.football\source\test\functionaltests\bin\automation\net472\geniussports.livestats.football.functionaltests.dll" id="6d95aba1-d6af-6580-602b-c166348f228d">
      <Execution id="c87f1cc8-0143-4ae9-9279-d2f76fcb450d" />
      <TestMethod codeBase="C:\GitLab-Runner\builds\wr8MmWYb\0\LiveStats\LiveStats.Football\Source\Test\FunctionalTests\bin\Automation\net472\GeniusSports.LiveStats.Football.FunctionalTests.dll" adapterTypeName="executor://nunit3testexecutor/" className="GeniusSports.LiveStats.Football.FunctionalTests.Features.PitchScreen.Flagging.FlagAndContinueFeature" name="CannotFlagAndContinueGoalKickLastStep" />
    </UnitTest>
    <UnitTest name="GivenGameInProgress_WhenUpdatingNumberOfCopiesForPrinter_ThenUpdatedSuccessfully" storage="c:\gitlab-runner\builds\wr8mmwyb\0\livestats\livestats.football\source\test\functionaltests\bin\automation\net472\geniussports.livestats.football.functionaltests.dll" id="0992b424-6060-3ea6-b3c5-2887fa11dae5">
      <Execution id="3dcdf6ac-ae1f-4a38-b635-406293fcc771" />
      <TestMethod codeBase="C:\GitLab-Runner\builds\wr8MmWYb\0\LiveStats\LiveStats.Football\Source\Test\FunctionalTests\bin\Automation\net472\GeniusSports.LiveStats.Football.FunctionalTests.dll" adapterTypeName="executor://nunit3testexecutor/" className="GeniusSports.LiveStats.Football.FunctionalTests.Tests.GameSetup.EditGameSetupTests" name="GivenGameInProgress_WhenUpdatingNumberOfCopiesForPrinter_ThenUpdatedSuccessfully" />
    </UnitTest>
    <UnitTest name="NoOnVAROnSecondStepOfRecordCardWorkflow(&quot;1&quot;,&quot;Red&quot;,null)" storage="c:\gitlab-runner\builds\wr8mmwyb\0\livestats\livestats.football\source\test\functionaltests\bin\automation\net472\geniussports.livestats.football.functionaltests.dll" id="5cf733af-905e-f954-b679-8dae90e117e5">
      <Execution id="dd209429-dd72-4d06-bc04-d26fa6b58798" />
      <TestMethod codeBase="C:\GitLab-Runner\builds\wr8MmWYb\0\LiveStats\LiveStats.Football\Source\Test\FunctionalTests\bin\Automation\net472\GeniusSports.LiveStats.Football.FunctionalTests.dll" adapterTypeName="executor://nunit3testexecutor/" className="GeniusSports.LiveStats.Football.FunctionalTests.Features.PitchScreen.VideoAssistantReferee.CardsVarRegistrationFeature" name="NoOnVAROnSecondStepOfRecordCardWorkflow(&quot;1&quot;,&quot;Red&quot;,null)" />
    </UnitTest>
    <UnitTest name="ExtraTimeSecondHalfActionsCanBeFiltered" storage="c:\gitlab-runner\builds\wr8mmwyb\0\livestats\livestats.football\source\test\functionaltests\bin\automation\net472\geniussports.livestats.football.functionaltests.dll" id="3074c38f-c2e0-023e-bdd3-9b210e51766a">
      <Execution id="48660d09-3616-443e-8869-aefc5e6c5b2f" />
      <TestMethod codeBase="C:\GitLab-Runner\builds\wr8MmWYb\0\LiveStats\LiveStats.Football\Source\Test\FunctionalTests\bin\Automation\net472\GeniusSports.LiveStats.Football.FunctionalTests.dll" adapterTypeName="executor://nunit3testexecutor/" className="GeniusSports.LiveStats.Football.FunctionalTests.Features.PitchScreen.Filters.HalvesFilterFeature" name="ExtraTimeSecondHalfActionsCanBeFiltered" />
    </UnitTest>
    <UnitTest name="CancelShotInsert" storage="c:\gitlab-runner\builds\wr8mmwyb\0\livestats\livestats.football\source\test\functionaltests\bin\automation\net472\geniussports.livestats.football.functionaltests.dll" id="772a4433-5332-a74b-14bb-713f889b544c">
      <Execution id="4c1f5dcc-32e9-4cc1-bc73-e3c677d2c282" />
      <TestMethod codeBase="C:\GitLab-Runner\builds\wr8MmWYb\0\LiveStats\LiveStats.Football\Source\Test\FunctionalTests\bin\Automation\net472\GeniusSports.LiveStats.Football.FunctionalTests.dll" adapterTypeName="executor://nunit3testexecutor/" className="GeniusSports.LiveStats.Football.FunctionalTests.Features.PitchScreen.ActionInserts.ShotInsertFeature" name="CancelShotInsert" />
    </UnitTest>
    <UnitTest name="PenaltyShootoutGoal(&quot;1&quot;,&quot;2&quot;,&quot;90&quot;,&quot;50&quot;,&quot;5&quot;,&quot;16&quot;,null)" storage="c:\gitlab-runner\builds\wr8mmwyb\0\livestats\livestats.football\source\test\functionaltests\bin\automation\net472\geniussports.livestats.football.functionaltests.dll" id="ad2bd731-b7b6-19a6-1d9c-937f22c6f1e5">
      <Execution id="a5c4a7d4-89ca-414a-945f-d65212b3d164" />
      <TestMethod codeBase="C:\GitLab-Runner\builds\wr8MmWYb\0\LiveStats\LiveStats.Football\Source\Test\FunctionalTests\bin\Automation\net472\GeniusSports.LiveStats.Football.FunctionalTests.dll" adapterTypeName="executor://nunit3testexecutor/" className="GeniusSports.LiveStats.Football.FunctionalTests.Features.PitchScreen.ActionRegistration.PenaltyShootoutRecordFeature" name="PenaltyShootoutGoal(&quot;1&quot;,&quot;2&quot;,&quot;90&quot;,&quot;50&quot;,&quot;5&quot;,&quot;16&quot;,null)" />
    </UnitTest>
    <UnitTest name="ClearPitchInGoalInsert(&quot;set&quot;,null)" storage="c:\gitlab-runner\builds\wr8mmwyb\0\livestats\livestats.football\source\test\functionaltests\bin\automation\net472\geniussports.livestats.football.functionaltests.dll" id="2c6192a9-b6dc-0155-4e48-ab53f28c5cf2">
      <Execution id="d2352f44-0f1f-46e1-ad43-bdb39d556a6c" />
      <TestMethod codeBase="C:\GitLab-Runner\builds\wr8MmWYb\0\LiveStats\LiveStats.Football\Source\Test\FunctionalTests\bin\Automation\net472\GeniusSports.LiveStats.Football.FunctionalTests.dll" adapterTypeName="executor://nunit3testexecutor/" className="GeniusSports.LiveStats.Football.FunctionalTests.Features.PitchScreen.ActionInserts.InsertGoalFeature" name="ClearPitchInGoalInsert(&quot;set&quot;,null)" />
    </UnitTest>
    <UnitTest name="PenaltyShootOutKickRetake(&quot;Penalty Goal&quot;,null)" storage="c:\gitlab-runner\builds\wr8mmwyb\0\livestats\livestats.football\source\test\functionaltests\bin\automation\net472\geniussports.livestats.football.functionaltests.dll" id="e10c3a0a-f9c3-9a1e-f4b1-213ac3346d0b">
      <Execution id="8db955b9-c3b0-4685-8af5-250bd5cf5ae8" />
      <TestMethod codeBase="C:\GitLab-Runner\builds\wr8MmWYb\0\LiveStats\LiveStats.Football\Source\Test\FunctionalTests\bin\Automation\net472\GeniusSports.LiveStats.Football.FunctionalTests.dll" adapterTypeName="executor://nunit3testexecutor/" className="GeniusSports.LiveStats.Football.FunctionalTests.Features.PitchScreen.ActionRegistration.PenaltyShootoutRecordFeature" name="PenaltyShootOutKickRetake(&quot;Penalty Goal&quot;,null)" />
    </UnitTest>
    <UnitTest name="GivenGoalKickInProgress_WhenSelectingTakenFromLocation_ThenLandingStepInitiated" storage="c:\gitlab-runner\builds\wr8mmwyb\0\livestats\livestats.football\source\test\functionaltests\bin\automation\net472\geniussports.livestats.football.functionaltests.dll" id="c9123150-a9aa-f9c1-8b3d-f502b5235f26">
      <Execution id="5a55ffdc-e5a6-4fd4-b37d-1bceeded1bb9" />
      <TestMethod codeBase="C:\GitLab-Runner\builds\wr8MmWYb\0\LiveStats\LiveStats.Football\Source\Test\FunctionalTests\bin\Automation\net472\GeniusSports.LiveStats.Football.FunctionalTests.dll" adapterTypeName="executor://nunit3testexecutor/" className="GeniusSports.LiveStats.Football.FunctionalTests.Tests.PitchScreen.ActionRegistration.GoalKickRegistrationTests" name="GivenGoalKickInProgress_WhenSelectingTakenFromLocation_ThenLandingStepInitiated" />
    </UnitTest>
    <UnitTest name="CanSaveDuplicateTeamsInformationAndProceedToHomeScreen(&quot;short team code&quot;,&quot;s11&quot;,null)" storage="c:\gitlab-runner\builds\wr8mmwyb\0\livestats\livestats.football\source\test\functionaltests\bin\automation\net472\geniussports.livestats.football.functionaltests.dll" id="ca027b98-1c81-7fa2-d0a0-e5fb7f924aad">
      <Execution id="d8215e51-e46c-4f69-bd50-a9aa6e288201" />
      <TestMethod codeBase="C:\GitLab-Runner\builds\wr8MmWYb\0\LiveStats\LiveStats.Football\Source\Test\FunctionalTests\bin\Automation\net472\GeniusSports.LiveStats.Football.FunctionalTests.dll" adapterTypeName="executor://nunit3testexecutor/" className="GeniusSports.LiveStats.Football.FunctionalTests.Features.GameSetup.TeamsFeature" name="CanSaveDuplicateTeamsInformationAndProceedToHomeScreen(&quot;short team code&quot;,&quot;s11&quot;,null)" />
    </UnitTest>
    <UnitTest name="InsertSubstitutionInPeriodBreakIsShownOnPitchPlayer(&quot;after&quot;,&quot;PhaseEnd&quot;,null)" storage="c:\gitlab-runner\builds\wr8mmwyb\0\livestats\livestats.football\source\test\functionaltests\bin\automation\net472\geniussports.livestats.football.functionaltests.dll" id="09b6820e-d566-a7e3-1cf1-813b36fa4fd9">
      <Execution id="12da4563-ef5c-4bbc-b414-6f8e81c59f15" />
      <TestMethod codeBase="C:\GitLab-Runner\builds\wr8MmWYb\0\LiveStats\LiveStats.Football\Source\Test\FunctionalTests\bin\Automation\net472\GeniusSports.LiveStats.Football.FunctionalTests.dll" adapterTypeName="executor://nunit3testexecutor/" className="GeniusSports.LiveStats.Football.FunctionalTests.Features.PitchScreen.ActionInserts.PeriodBreakInsertFeature" name="InsertSubstitutionInPeriodBreakIsShownOnPitchPlayer(&quot;after&quot;,&quot;PhaseEnd&quot;,null)" />
    </UnitTest>
    <UnitTest name="CanRecordACardAfterGoalAndBeforeKickoff(&quot;Red&quot;,&quot;2&quot;,null)" storage="c:\gitlab-runner\builds\wr8mmwyb\0\livestats\livestats.football\source\test\functionaltests\bin\automation\net472\geniussports.livestats.football.functionaltests.dll" id="b20b6090-ed2e-0733-9417-6a033f1f6717">
      <Execution id="e5e344c9-670f-4dc6-8bcb-4c9796d0a12a" />
      <TestMethod codeBase="C:\GitLab-Runner\builds\wr8MmWYb\0\LiveStats\LiveStats.Football\Source\Test\FunctionalTests\bin\Automation\net472\GeniusSports.LiveStats.Football.FunctionalTests.dll" adapterTypeName="executor://nunit3testexecutor/" className="GeniusSports.LiveStats.Football.FunctionalTests.Features.PitchScreen.ActionRegistration.CardRegistrationFeature" name="CanRecordACardAfterGoalAndBeforeKickoff(&quot;Red&quot;,&quot;2&quot;,null)" />
    </UnitTest>
    <UnitTest name="FootballPre_SetMatchInformationDataIsCorrect" storage="c:\gitlab-runner\builds\wr8mmwyb\0\livestats\livestats.football\source\test\functionaltests\bin\automation\net472\geniussports.livestats.football.functionaltests.dll" id="ded46a05-8ea9-a2d8-558a-2f1e4ff2bca0">
      <Execution id="42fae776-b79b-44bb-9eb0-ef58bfbb1757" />
      <TestMethod codeBase="C:\GitLab-Runner\builds\wr8MmWYb\0\LiveStats\LiveStats.Football\Source\Test\FunctionalTests\bin\Automation\net472\GeniusSports.LiveStats.Football.FunctionalTests.dll" adapterTypeName="executor://nunit3testexecutor/" className="GeniusSports.LiveStats.Football.FunctionalTests.Features.GameSetup.LoadGameUsingMatchKeyFeature" name="FootballPre_SetMatchInformationDataIsCorrect" />
    </UnitTest>
    <UnitTest name="GivenGame_WhenUpdatingTeamFormations_ThenFormationsUpdated(&quot;4-1-4-1&quot;,&quot;4-4-2&quot;)" storage="c:\gitlab-runner\builds\wr8mmwyb\0\livestats\livestats.football\source\test\functionaltests\bin\automation\net472\geniussports.livestats.football.functionaltests.dll" id="86681a82-a690-acbb-ae4e-f3670320a582">
      <Execution id="49b050ea-60ae-44ca-9133-f39ac44efd2e" />
      <TestMethod codeBase="C:\GitLab-Runner\builds\wr8MmWYb\0\LiveStats\LiveStats.Football\Source\Test\FunctionalTests\bin\Automation\net472\GeniusSports.LiveStats.Football.FunctionalTests.dll" adapterTypeName="executor://nunit3testexecutor/" className="GeniusSports.LiveStats.Football.FunctionalTests.Tests.GameSetup.SetupTeamFormationsTests" name="GivenGame_WhenUpdatingTeamFormations_ThenFormationsUpdated(&quot;4-1-4-1&quot;,&quot;4-4-2&quot;)" />
    </UnitTest>
    <UnitTest name="YesOnVARBeforeConfirming(&quot;1&quot;,&quot;Yellow&quot;,&quot;13&quot;,null)" storage="c:\gitlab-runner\builds\wr8mmwyb\0\livestats\livestats.football\source\test\functionaltests\bin\automation\net472\geniussports.livestats.football.functionaltests.dll" id="38697fda-5a4e-9591-84e9-f9ca02a0edfe">
      <Execution id="ab6e3501-6ea1-4888-a33f-29bbd753f788" />
      <TestMethod codeBase="C:\GitLab-Runner\builds\wr8MmWYb\0\LiveStats\LiveStats.Football\Source\Test\FunctionalTests\bin\Automation\net472\GeniusSports.LiveStats.Football.FunctionalTests.dll" adapterTypeName="executor://nunit3testexecutor/" className="GeniusSports.LiveStats.Football.FunctionalTests.Features.PitchScreen.VideoAssistantReferee.CardsVarRegistrationFeature" name="YesOnVARBeforeConfirming(&quot;1&quot;,&quot;Yellow&quot;,&quot;13&quot;,null)" />
    </UnitTest>
    <UnitTest name="GivenGoalKickStarted_WhenCancelingWorkflow_ThenGoalKickDeleted" storage="c:\gitlab-runner\builds\wr8mmwyb\0\livestats\livestats.football\source\test\functionaltests\bin\automation\net472\geniussports.livestats.football.functionaltests.dll" id="55c99bc0-00c5-a00f-80bf-fb26602d492c">
      <Execution id="a8bbcb51-0e80-49a3-ab80-615839568d3f" />
      <TestMethod codeBase="C:\GitLab-Runner\builds\wr8MmWYb\0\LiveStats\LiveStats.Football\Source\Test\FunctionalTests\bin\Automation\net472\GeniusSports.LiveStats.Football.FunctionalTests.dll" adapterTypeName="executor://nunit3testexecutor/" className="GeniusSports.LiveStats.Football.FunctionalTests.Tests.PitchScreen.ActionRegistration.GoalKickRegistrationTests" name="GivenGoalKickStarted_WhenCancelingWorkflow_ThenGoalKickDeleted" />
    </UnitTest>
    <UnitTest name="SelectTeamAndGoalTypeInGoalInsert(&quot;2&quot;,&quot;Left Foot&quot;,null)" storage="c:\gitlab-runner\builds\wr8mmwyb\0\livestats\livestats.football\source\test\functionaltests\bin\automation\net472\geniussports.livestats.football.functionaltests.dll" id="21129496-8354-770c-d142-9273caacb65e">
      <Execution id="bedfdc55-e5c7-492a-8804-d5a72dd9be6c" />
      <TestMethod codeBase="C:\GitLab-Runner\builds\wr8MmWYb\0\LiveStats\LiveStats.Football\Source\Test\FunctionalTests\bin\Automation\net472\GeniusSports.LiveStats.Football.FunctionalTests.dll" adapterTypeName="executor://nunit3testexecutor/" className="GeniusSports.LiveStats.Football.FunctionalTests.Features.PitchScreen.ActionInserts.InsertGoalFeature" name="SelectTeamAndGoalTypeInGoalInsert(&quot;2&quot;,&quot;Left Foot&quot;,null)" />
    </UnitTest>
    <UnitTest name="NoOnVARBeforeConfirmingCard(&quot;1&quot;,&quot;Yellow&quot;,&quot;13&quot;,null)" storage="c:\gitlab-runner\builds\wr8mmwyb\0\livestats\livestats.football\source\test\functionaltests\bin\automation\net472\geniussports.livestats.football.functionaltests.dll" id="32bb3b22-4944-3792-de71-de01824d4de2">
      <Execution id="d7e16240-a37e-46d3-871b-d49fa93030d2" />
      <TestMethod codeBase="C:\GitLab-Runner\builds\wr8MmWYb\0\LiveStats\LiveStats.Football\Source\Test\FunctionalTests\bin\Automation\net472\GeniusSports.LiveStats.Football.FunctionalTests.dll" adapterTypeName="executor://nunit3testexecutor/" className="GeniusSports.LiveStats.Football.FunctionalTests.Features.PitchScreen.VideoAssistantReferee.CardsVarRegistrationFeature" name="NoOnVARBeforeConfirmingCard(&quot;1&quot;,&quot;Yellow&quot;,&quot;13&quot;,null)" />
    </UnitTest>
    <UnitTest name="GivenPsoKickEditOpened_WhenUpdatingPenaltyTaker_ThenNewTakerSeenInEditForm" storage="c:\gitlab-runner\builds\wr8mmwyb\0\livestats\livestats.football\source\test\functionaltests\bin\automation\net472\geniussports.livestats.football.functionaltests.dll" id="76a00543-3a2f-c358-4dc1-9786800888e4">
      <Execution id="8d44e0e2-c4fe-43a9-9271-6ad9ef3b1978" />
      <TestMethod codeBase="C:\GitLab-Runner\builds\wr8MmWYb\0\LiveStats\LiveStats.Football\Source\Test\FunctionalTests\bin\Automation\net472\GeniusSports.LiveStats.Football.FunctionalTests.dll" adapterTypeName="executor://nunit3testexecutor/" className="GeniusSports.LiveStats.Football.FunctionalTests.Tests.PitchScreen.ActionEdits.PenaltyShootoutEditTests" name="GivenPsoKickEditOpened_WhenUpdatingPenaltyTaker_ThenNewTakerSeenInEditForm" />
    </UnitTest>
    <UnitTest name="OpenFreeKickEdit" storage="c:\gitlab-runner\builds\wr8mmwyb\0\livestats\livestats.football\source\test\functionaltests\bin\automation\net472\geniussports.livestats.football.functionaltests.dll" id="91daca50-67b0-b443-984b-7731aad6a0ec">
      <Execution id="d09fcabc-0d5c-487e-ad81-88144c67e6aa" />
      <TestMethod codeBase="C:\GitLab-Runner\builds\wr8MmWYb\0\LiveStats\LiveStats.Football\Source\Test\FunctionalTests\bin\Automation\net472\GeniusSports.LiveStats.Football.FunctionalTests.dll" adapterTypeName="executor://nunit3testexecutor/" className="GeniusSports.LiveStats.Football.FunctionalTests.Features.PitchScreen.ActionEdits.FreeKickEditFeature" name="OpenFreeKickEdit" />
    </UnitTest>
    <UnitTest name="FootballCanSubstituteAfterGoalAndBeforeKickoff" storage="c:\gitlab-runner\builds\wr8mmwyb\0\livestats\livestats.football\source\test\functionaltests\bin\automation\net472\geniussports.livestats.football.functionaltests.dll" id="c074ffbc-0557-de9c-00dc-5f811a1ab8fb">
      <Execution id="b313331a-0f87-43a3-9487-e5d8991d225e" />
      <TestMethod codeBase="C:\GitLab-Runner\builds\wr8MmWYb\0\LiveStats\LiveStats.Football\Source\Test\FunctionalTests\bin\Automation\net472\GeniusSports.LiveStats.Football.FunctionalTests.dll" adapterTypeName="executor://nunit3testexecutor/" className="GeniusSports.LiveStats.Football.FunctionalTests.Features.PitchScreen.ActionRegistration.Substitutions.RecordingSubstitutionFeature" name="FootballCanSubstituteAfterGoalAndBeforeKickoff" />
    </UnitTest>
    <UnitTest name="GivenGameWithFreeKickInFirstHalf_WhenEditingFreeKickWhileInSecondHalf_ThenCanSaveData" storage="c:\gitlab-runner\builds\wr8mmwyb\0\livestats\livestats.football\source\test\functionaltests\bin\automation\net472\geniussports.livestats.football.functionaltests.dll" id="d3b733d4-8c49-d753-f3d7-bec0657792e5">
      <Execution id="63e04c5c-babf-426c-a793-059aaaa96e30" />
      <TestMethod codeBase="C:\GitLab-Runner\builds\wr8MmWYb\0\LiveStats\LiveStats.Football\Source\Test\FunctionalTests\bin\Automation\net472\GeniusSports.LiveStats.Football.FunctionalTests.dll" adapterTypeName="executor://nunit3testexecutor/" className="GeniusSports.LiveStats.Football.FunctionalTests.Tests.PitchScreen.ActionEdits.FreeKickEditTests" name="GivenGameWithFreeKickInFirstHalf_WhenEditingFreeKickWhileInSecondHalf_ThenCanSaveData" />
    </UnitTest>
    <UnitTest name="GivenCardWorkflowInProgress_WhenCanceling_ThenScoreboardsStatsAreUpdated(2,Yellow)" storage="c:\gitlab-runner\builds\wr8mmwyb\0\livestats\livestats.football\source\test\functionaltests\bin\automation\net472\geniussports.livestats.football.functionaltests.dll" id="736f9864-96ca-7e7c-2a3c-98a8c6b96bb1">
      <Execution id="033892c7-5c00-4c80-a6f7-ca48c1ba6214" />
      <TestMethod codeBase="C:\GitLab-Runner\builds\wr8MmWYb\0\LiveStats\LiveStats.Football\Source\Test\FunctionalTests\bin\Automation\net472\GeniusSports.LiveStats.Football.FunctionalTests.dll" adapterTypeName="executor://nunit3testexecutor/" className="GeniusSports.LiveStats.Football.FunctionalTests.Tests.PitchScreen.PitchTeamStatsCalculatedTests" name="GivenCardWorkflowInProgress_WhenCanceling_ThenScoreboardsStatsAreUpdated(2,Yellow)" />
    </UnitTest>
    <UnitTest name="ThrowInActionCanBeUnflagged" storage="c:\gitlab-runner\builds\wr8mmwyb\0\livestats\livestats.football\source\test\functionaltests\bin\automation\net472\geniussports.livestats.football.functionaltests.dll" id="ad1d5a1f-407c-9bc9-1b83-2085b9d8bc2d">
      <Execution id="b312d997-c8ce-4691-963e-4221c7364f9a" />
      <TestMethod codeBase="C:\GitLab-Runner\builds\wr8MmWYb\0\LiveStats\LiveStats.Football\Source\Test\FunctionalTests\bin\Automation\net472\GeniusSports.LiveStats.Football.FunctionalTests.dll" adapterTypeName="executor://nunit3testexecutor/" className="GeniusSports.LiveStats.Football.FunctionalTests.Features.PitchScreen.Flagging.AddManualFlagFeature" name="ThrowInActionCanBeUnflagged" />
    </UnitTest>
    <UnitTest name="InsertOffenceFreeKickWithPlayersFromExpandedTeamListAfterLastEvent" storage="c:\gitlab-runner\builds\wr8mmwyb\0\livestats\livestats.football\source\test\functionaltests\bin\automation\net472\geniussports.livestats.football.functionaltests.dll" id="f6b58679-db5b-fa3e-70d9-54d38f0abf03">
      <Execution id="0328d8d6-386e-46b8-b8cb-40afaec4b308" />
      <TestMethod codeBase="C:\GitLab-Runner\builds\wr8MmWYb\0\LiveStats\LiveStats.Football\Source\Test\FunctionalTests\bin\Automation\net472\GeniusSports.LiveStats.Football.FunctionalTests.dll" adapterTypeName="executor://nunit3testexecutor/" className="GeniusSports.LiveStats.Football.FunctionalTests.Features.PitchScreen.ActionInserts.FreeKickInsertFeature" name="InsertOffenceFreeKickWithPlayersFromExpandedTeamListAfterLastEvent" />
    </UnitTest>
    <UnitTest name="SelectFreekickLocation(&quot;2&quot;,null)" storage="c:\gitlab-runner\builds\wr8mmwyb\0\livestats\livestats.football\source\test\functionaltests\bin\automation\net472\geniussports.livestats.football.functionaltests.dll" id="65a8036a-5d05-55e5-ec47-96a836d2979b">
      <Execution id="c1eaad79-1346-476b-b1bd-7fedd361ee31" />
      <TestMethod codeBase="C:\GitLab-Runner\builds\wr8MmWYb\0\LiveStats\LiveStats.Football\Source\Test\FunctionalTests\bin\Automation\net472\GeniusSports.LiveStats.Football.FunctionalTests.dll" adapterTypeName="executor://nunit3testexecutor/" className="GeniusSports.LiveStats.Football.FunctionalTests.Features.PitchScreen.ActionRegistration.FreeKickRegistrationFeature" name="SelectFreekickLocation(&quot;2&quot;,null)" />
    </UnitTest>
    <UnitTest name="AfterInjuryInsertPlayerOnPitchIsUpdated(&quot;after&quot;,&quot;0035&quot;,&quot;00:35&quot;,&quot;1&quot;,&quot;1&quot;,&quot;right&quot;,null)" storage="c:\gitlab-runner\builds\wr8mmwyb\0\livestats\livestats.football\source\test\functionaltests\bin\automation\net472\geniussports.livestats.football.functionaltests.dll" id="df354380-bace-5ba7-bc44-e2dc4c49920b">
      <Execution id="c2a615d8-2262-449f-ad35-15a13ced26ed" />
      <TestMethod codeBase="C:\GitLab-Runner\builds\wr8MmWYb\0\LiveStats\LiveStats.Football\Source\Test\FunctionalTests\bin\Automation\net472\GeniusSports.LiveStats.Football.FunctionalTests.dll" adapterTypeName="executor://nunit3testexecutor/" className="GeniusSports.LiveStats.Football.FunctionalTests.Features.PitchScreen.ActionInserts.PlayerInjuryInsertFeature" name="AfterInjuryInsertPlayerOnPitchIsUpdated(&quot;after&quot;,&quot;0035&quot;,&quot;00:35&quot;,&quot;1&quot;,&quot;1&quot;,&quot;right&quot;,null)" />
    </UnitTest>
    <UnitTest name="GivenSubStarted_WhenEditingSubOutPerson_ThenDifferentPersonIsSelected" storage="c:\gitlab-runner\builds\wr8mmwyb\0\livestats\livestats.football\source\test\functionaltests\bin\automation\net472\geniussports.livestats.football.functionaltests.dll" id="25a5292d-5768-f75b-3cd1-9d0b1e8c6146">
      <Execution id="277c4471-c5a9-43ea-90f2-b4e879abedb4" />
      <TestMethod codeBase="C:\GitLab-Runner\builds\wr8MmWYb\0\LiveStats\LiveStats.Football\Source\Test\FunctionalTests\bin\Automation\net472\GeniusSports.LiveStats.Football.FunctionalTests.dll" adapterTypeName="executor://nunit3testexecutor/" className="GeniusSports.LiveStats.Football.FunctionalTests.Tests.PitchScreen.ActionRegistration.SubstitutionRegistrationTests" name="GivenSubStarted_WhenEditingSubOutPerson_ThenDifferentPersonIsSelected" />
    </UnitTest>
    <UnitTest name="OneTeamKicksPenaltyShootoutKickItsPlayersGetDisabled" storage="c:\gitlab-runner\builds\wr8mmwyb\0\livestats\livestats.football\source\test\functionaltests\bin\automation\net472\geniussports.livestats.football.functionaltests.dll" id="254af95f-f959-e396-b466-a66a65e0d7b1">
      <Execution id="4028ea05-957d-4053-bdb4-2d7fb7530633" />
      <TestMethod codeBase="C:\GitLab-Runner\builds\wr8MmWYb\0\LiveStats\LiveStats.Football\Source\Test\FunctionalTests\bin\Automation\net472\GeniusSports.LiveStats.Football.FunctionalTests.dll" adapterTypeName="executor://nunit3testexecutor/" className="GeniusSports.LiveStats.Football.FunctionalTests.Features.PitchScreen.ActionRegistration.PenaltyShootoutRecordFeature" name="OneTeamKicksPenaltyShootoutKickItsPlayersGetDisabled" />
    </UnitTest>
    <UnitTest name="GivenVarStarted_WhenSelectingNoOnConfirm_ThenDoesNotIncreaseScore" storage="c:\gitlab-runner\builds\wr8mmwyb\0\livestats\livestats.football\source\test\functionaltests\bin\automation\net472\geniussports.livestats.football.functionaltests.dll" id="acd1df59-cecf-651a-2ba1-eb3ae8cfb1ea">
      <Execution id="c9162a82-8c9d-41ec-8f7a-26be9975c760" />
      <TestMethod codeBase="C:\GitLab-Runner\builds\wr8MmWYb\0\LiveStats\LiveStats.Football\Source\Test\FunctionalTests\bin\Automation\net472\GeniusSports.LiveStats.Football.FunctionalTests.dll" adapterTypeName="executor://nunit3testexecutor/" className="GeniusSports.LiveStats.Football.FunctionalTests.Tests.PitchScreen.VideoAssistantReferee.GoalVarRegistrationTests" name="GivenVarStarted_WhenSelectingNoOnConfirm_ThenDoesNotIncreaseScore" />
    </UnitTest>
    <UnitTest name="GivenActionRegistered_WhenDeletingFromExpandedActionLog_ThenDeletedPitchLog(Penalty)" storage="c:\gitlab-runner\builds\wr8mmwyb\0\livestats\livestats.football\source\test\functionaltests\bin\automation\net472\geniussports.livestats.football.functionaltests.dll" id="2bae0027-6b69-42b0-a9ea-a6352bed0410">
      <Execution id="2a20b8a4-248a-4ab0-8ffd-f939571c7a5e" />
      <TestMethod codeBase="C:\GitLab-Runner\builds\wr8MmWYb\0\LiveStats\LiveStats.Football\Source\Test\FunctionalTests\bin\Automation\net472\GeniusSports.LiveStats.Football.FunctionalTests.dll" adapterTypeName="executor://nunit3testexecutor/" className="GeniusSports.LiveStats.Football.FunctionalTests.Tests.PitchScreen.ActionDeletes.GameActionDeleteTests" name="GivenActionRegistered_WhenDeletingFromExpandedActionLog_ThenDeletedPitchLog(Penalty)" />
    </UnitTest>
    <UnitTest name="FreeKickReasonTypes" storage="c:\gitlab-runner\builds\wr8mmwyb\0\livestats\livestats.football\source\test\functionaltests\bin\automation\net472\geniussports.livestats.football.functionaltests.dll" id="93df7bd8-2f6d-920b-3936-475f5be4130b">
      <Execution id="85e74b67-b1cf-436e-9fe2-767bf108e154" />
      <TestMethod codeBase="C:\GitLab-Runner\builds\wr8MmWYb\0\LiveStats\LiveStats.Football\Source\Test\FunctionalTests\bin\Automation\net472\GeniusSports.LiveStats.Football.FunctionalTests.dll" adapterTypeName="executor://nunit3testexecutor/" className="GeniusSports.LiveStats.Football.FunctionalTests.Features.PitchScreen.ActionEdits.FreeKickEditFeature" name="FreeKickReasonTypes" />
    </UnitTest>
    <UnitTest name="GivenSetupFinished_ThenPlayersOnPitchWorkflowStepPresent" storage="c:\gitlab-runner\builds\wr8mmwyb\0\livestats\livestats.football\source\test\functionaltests\bin\automation\net472\geniussports.livestats.football.functionaltests.dll" id="fe408873-00c9-aa66-f326-75d9b9175752">
      <Execution id="e756a9bb-17db-4513-8e3b-f40cdcfc9c75" />
      <TestMethod codeBase="C:\GitLab-Runner\builds\wr8MmWYb\0\LiveStats\LiveStats.Football\Source\Test\FunctionalTests\bin\Automation\net472\GeniusSports.LiveStats.Football.FunctionalTests.dll" adapterTypeName="executor://nunit3testexecutor/" className="GeniusSports.LiveStats.Football.FunctionalTests.Tests.PitchScreen.KickOffGameTests" name="GivenSetupFinished_ThenPlayersOnPitchWorkflowStepPresent" />
    </UnitTest>
    <UnitTest name="GivenGameReadyToKickOff_WhenGoingBackAndEditingAttackDirection_ThenTeamsChangeSidesAndKickOffButtonGrayedOut(2,ToRight)" storage="c:\gitlab-runner\builds\wr8mmwyb\0\livestats\livestats.football\source\test\functionaltests\bin\automation\net472\geniussports.livestats.football.functionaltests.dll" id="0eb27f39-d95e-5755-e554-43cf45096402">
      <Execution id="44c9ea25-d1f6-4b5f-a487-87a363e44a60" />
      <TestMethod codeBase="C:\GitLab-Runner\builds\wr8MmWYb\0\LiveStats\LiveStats.Football\Source\Test\FunctionalTests\bin\Automation\net472\GeniusSports.LiveStats.Football.FunctionalTests.dll" adapterTypeName="executor://nunit3testexecutor/" className="GeniusSports.LiveStats.Football.FunctionalTests.Tests.PitchScreen.KickOffGameTests" name="GivenGameReadyToKickOff_WhenGoingBackAndEditingAttackDirection_ThenTeamsChangeSidesAndKickOffButtonGrayedOut(2,ToRight)" />
    </UnitTest>
    <UnitTest name="SubstitutionConfirm" storage="c:\gitlab-runner\builds\wr8mmwyb\0\livestats\livestats.football\source\test\functionaltests\bin\automation\net472\geniussports.livestats.football.functionaltests.dll" id="98730f78-2325-4eeb-b422-1e091e5fddd4">
      <Execution id="565d32d5-67bf-4d8c-b4df-2e654dda6256" />
      <TestMethod codeBase="C:\GitLab-Runner\builds\wr8MmWYb\0\LiveStats\LiveStats.Football\Source\Test\FunctionalTests\bin\Automation\net472\GeniusSports.LiveStats.Football.FunctionalTests.dll" adapterTypeName="executor://nunit3testexecutor/" className="GeniusSports.LiveStats.Football.FunctionalTests.Features.PitchScreen.ActionRegistration.Substitutions.RecordingSubstitutionFeature" name="SubstitutionConfirm" />
    </UnitTest>
    <UnitTest name="CardReasonUpdate(&quot;Yellow&quot;,&quot;Time Wasting&quot;,null)" storage="c:\gitlab-runner\builds\wr8mmwyb\0\livestats\livestats.football\source\test\functionaltests\bin\automation\net472\geniussports.livestats.football.functionaltests.dll" id="f13a778a-c428-f8c6-be15-278d17823c6e">
      <Execution id="87ca2157-19b8-46e6-8689-68ef5f4c5f0a" />
      <TestMethod codeBase="C:\GitLab-Runner\builds\wr8MmWYb\0\LiveStats\LiveStats.Football\Source\Test\FunctionalTests\bin\Automation\net472\GeniusSports.LiveStats.Football.FunctionalTests.dll" adapterTypeName="executor://nunit3testexecutor/" className="GeniusSports.LiveStats.Football.FunctionalTests.Features.PitchScreen.ActionEdits.CardEditFeature" name="CardReasonUpdate(&quot;Yellow&quot;,&quot;Time Wasting&quot;,null)" />
    </UnitTest>
    <UnitTest name="GivenGameInProgress_WhenConfirmingGoalInPenaltyRegistration_ThenPenaltyGoalIsConfirmed(1,2,5,16,90)" storage="c:\gitlab-runner\builds\wr8mmwyb\0\livestats\livestats.football\source\test\functionaltests\bin\automation\net472\geniussports.livestats.football.functionaltests.dll" id="b626aece-e98c-cb02-ff56-6156ba71b48d">
      <Execution id="6a95b87c-ab66-44be-9eca-4e24c8444cce" />
      <TestMethod codeBase="C:\GitLab-Runner\builds\wr8MmWYb\0\LiveStats\LiveStats.Football\Source\Test\FunctionalTests\bin\Automation\net472\GeniusSports.LiveStats.Football.FunctionalTests.dll" adapterTypeName="executor://nunit3testexecutor/" className="GeniusSports.LiveStats.Football.FunctionalTests.Tests.PitchScreen.ActionRegistration.PenaltyRegistrationTests" name="GivenGameInProgress_WhenConfirmingGoalInPenaltyRegistration_ThenPenaltyGoalIsConfirmed(1,2,5,16,90)" />
    </UnitTest>
    <UnitTest name="GivenShotStartedInFootball_WhenSelectingShotWithNoSave_ThenShotFinished(OffTarget)" storage="c:\gitlab-runner\builds\wr8mmwyb\0\livestats\livestats.football\source\test\functionaltests\bin\automation\net472\geniussports.livestats.football.functionaltests.dll" id="474559e1-65e8-19b8-7cb0-fcb1a3e8bda9">
      <Execution id="ddf8615c-bc06-452f-abf1-3ba6dac0858b" />
      <TestMethod codeBase="C:\GitLab-Runner\builds\wr8MmWYb\0\LiveStats\LiveStats.Football\Source\Test\FunctionalTests\bin\Automation\net472\GeniusSports.LiveStats.Football.FunctionalTests.dll" adapterTypeName="executor://nunit3testexecutor/" className="GeniusSports.LiveStats.Football.FunctionalTests.Tests.PitchScreen.ActionRegistration.ShotRegistrationTests" name="GivenShotStartedInFootball_WhenSelectingShotWithNoSave_ThenShotFinished(OffTarget)" />
    </UnitTest>
    <UnitTest name="CancellingShotWorkflowResumesFreeKickWorkflow(&quot;reason&quot;,&quot;2&quot;,null)" storage="c:\gitlab-runner\builds\wr8mmwyb\0\livestats\livestats.football\source\test\functionaltests\bin\automation\net472\geniussports.livestats.football.functionaltests.dll" id="80fd974c-35fe-5919-1400-72571e559edd">
      <Execution id="6370a2cf-25e3-4aef-87d0-f1704988c55f" />
      <TestMethod codeBase="C:\GitLab-Runner\builds\wr8MmWYb\0\LiveStats\LiveStats.Football\Source\Test\FunctionalTests\bin\Automation\net472\GeniusSports.LiveStats.Football.FunctionalTests.dll" adapterTypeName="executor://nunit3testexecutor/" className="GeniusSports.LiveStats.Football.FunctionalTests.Features.PitchScreen.ActionRegistration.ShotRegistrationFromFreeKickFeature" name="CancellingShotWorkflowResumesFreeKickWorkflow(&quot;reason&quot;,&quot;2&quot;,null)" />
    </UnitTest>
    <UnitTest name="CanRecordACardAfterGoalAndBeforeKickoff(&quot;Yellow&quot;,&quot;1&quot;,null)" storage="c:\gitlab-runner\builds\wr8mmwyb\0\livestats\livestats.football\source\test\functionaltests\bin\automation\net472\geniussports.livestats.football.functionaltests.dll" id="154bb94a-6f7f-bef7-b569-248c2f4f732c">
      <Execution id="c8fb3d8c-51de-4625-ab67-7b5253f860cb" />
      <TestMethod codeBase="C:\GitLab-Runner\builds\wr8MmWYb\0\LiveStats\LiveStats.Football\Source\Test\FunctionalTests\bin\Automation\net472\GeniusSports.LiveStats.Football.FunctionalTests.dll" adapterTypeName="executor://nunit3testexecutor/" className="GeniusSports.LiveStats.Football.FunctionalTests.Features.PitchScreen.ActionRegistration.CardRegistrationFeature" name="CanRecordACardAfterGoalAndBeforeKickoff(&quot;Yellow&quot;,&quot;1&quot;,null)" />
    </UnitTest>
    <UnitTest name="GivenGameInProgressWithCursorOnPitch_WhenWaiting21Seconds_ThenCursorStartsPulsing" storage="c:\gitlab-runner\builds\wr8mmwyb\0\livestats\livestats.football\source\test\functionaltests\bin\automation\net472\geniussports.livestats.football.functionaltests.dll" id="459ddc90-d0a3-7300-8e4c-157b6ad37e65">
      <Execution id="96436484-5ff8-4a85-bb5d-285d9f72a7fb" />
      <TestMethod codeBase="C:\GitLab-Runner\builds\wr8MmWYb\0\LiveStats\LiveStats.Football\Source\Test\FunctionalTests\bin\Automation\net472\GeniusSports.LiveStats.Football.FunctionalTests.dll" adapterTypeName="executor://nunit3testexecutor/" className="GeniusSports.LiveStats.Football.FunctionalTests.Tests.PitchScreen.DangerZoneTests" name="GivenGameInProgressWithCursorOnPitch_WhenWaiting21Seconds_ThenCursorStartsPulsing" />
    </UnitTest>
    <UnitTest name="GivenGameKickOffEdit_WhenUpdatingTeam_ThenUpdatesTeam" storage="c:\gitlab-runner\builds\wr8mmwyb\0\livestats\livestats.football\source\test\functionaltests\bin\automation\net472\geniussports.livestats.football.functionaltests.dll" id="e007af40-8a8e-df81-7e4b-96d97f2cd5b1">
      <Execution id="f0976c68-98d6-47a8-933d-5512dd2e4592" />
      <TestMethod codeBase="C:\GitLab-Runner\builds\wr8MmWYb\0\LiveStats\LiveStats.Football\Source\Test\FunctionalTests\bin\Automation\net472\GeniusSports.LiveStats.Football.FunctionalTests.dll" adapterTypeName="executor://nunit3testexecutor/" className="GeniusSports.LiveStats.Football.FunctionalTests.Tests.PitchScreen.ActionEdits.KickOffGameEditTests" name="GivenGameKickOffEdit_WhenUpdatingTeam_ThenUpdatesTeam" />
    </UnitTest>
    <UnitTest name="GivenGameInPso_WhenOverturnedPsoShot_ThenLabelInContainerAdded" storage="c:\gitlab-runner\builds\wr8mmwyb\0\livestats\livestats.football\source\test\functionaltests\bin\automation\net472\geniussports.livestats.football.functionaltests.dll" id="b444ffd3-343f-2413-7d3e-54eddea84c1d">
      <Execution id="06a9db20-2986-452c-8d8e-8bc2d2e31b15" />
      <TestMethod codeBase="C:\GitLab-Runner\builds\wr8MmWYb\0\LiveStats\LiveStats.Football\Source\Test\FunctionalTests\bin\Automation\net472\GeniusSports.LiveStats.Football.FunctionalTests.dll" adapterTypeName="executor://nunit3testexecutor/" className="GeniusSports.LiveStats.Football.FunctionalTests.Tests.PitchScreen.ActionEdits.PenaltyShootoutEditTests" name="GivenGameInPso_WhenOverturnedPsoShot_ThenLabelInContainerAdded" />
    </UnitTest>
    <UnitTest name="ShotHasLocationFromShotPitchLocationStep" storage="c:\gitlab-runner\builds\wr8mmwyb\0\livestats\livestats.football\source\test\functionaltests\bin\automation\net472\geniussports.livestats.football.functionaltests.dll" id="9fdd5097-1d04-0b3b-e96f-9c384fcb7d4b">
      <Execution id="947e4b52-d58e-486e-ab81-4641eec7bfb5" />
      <TestMethod codeBase="C:\GitLab-Runner\builds\wr8MmWYb\0\LiveStats\LiveStats.Football\Source\Test\FunctionalTests\bin\Automation\net472\GeniusSports.LiveStats.Football.FunctionalTests.dll" adapterTypeName="executor://nunit3testexecutor/" className="GeniusSports.LiveStats.Football.FunctionalTests.Features.PitchScreen.ActionRegistration.ShotRegistrationFromCornerFeature" name="ShotHasLocationFromShotPitchLocationStep" />
    </UnitTest>
    <UnitTest name="CancellingGoalWorkflowResumesFreeKickWorkflow(&quot;foul by&quot;,&quot;2&quot;,null)" storage="c:\gitlab-runner\builds\wr8mmwyb\0\livestats\livestats.football\source\test\functionaltests\bin\automation\net472\geniussports.livestats.football.functionaltests.dll" id="ca8e512f-7689-cc80-4409-4fb086071052">
      <Execution id="b362315e-ae08-4849-9f07-5b3d5189c4d8" />
      <TestMethod codeBase="C:\GitLab-Runner\builds\wr8MmWYb\0\LiveStats\LiveStats.Football\Source\Test\FunctionalTests\bin\Automation\net472\GeniusSports.LiveStats.Football.FunctionalTests.dll" adapterTypeName="executor://nunit3testexecutor/" className="GeniusSports.LiveStats.Football.FunctionalTests.Features.PitchScreen.ActionRegistration.GoalRegistrationFromFreeKickFeature" name="CancellingGoalWorkflowResumesFreeKickWorkflow(&quot;foul by&quot;,&quot;2&quot;,null)" />
    </UnitTest>
    <UnitTest name="PenaltyCannotBeRetakenAfterGoalConfirmation" storage="c:\gitlab-runner\builds\wr8mmwyb\0\livestats\livestats.football\source\test\functionaltests\bin\automation\net472\geniussports.livestats.football.functionaltests.dll" id="9edf5ed4-9e04-cfbf-2682-1863ca32badf">
      <Execution id="f45f83f8-c9b1-4e5e-bdbe-a2a5a6df7b10" />
      <TestMethod codeBase="C:\GitLab-Runner\builds\wr8MmWYb\0\LiveStats\LiveStats.Football\Source\Test\FunctionalTests\bin\Automation\net472\GeniusSports.LiveStats.Football.FunctionalTests.dll" adapterTypeName="executor://nunit3testexecutor/" className="GeniusSports.LiveStats.Football.FunctionalTests.Features.PitchScreen.ActionRegistration.PenaltyRegistrationFeature" name="PenaltyCannotBeRetakenAfterGoalConfirmation" />
    </UnitTest>
    <UnitTest name="GivenFirstExtraTimeHalfEnded_WhenEndHalfDeleted_ThenCanEndHalfAgain" storage="c:\gitlab-runner\builds\wr8mmwyb\0\livestats\livestats.football\source\test\functionaltests\bin\automation\net472\geniussports.livestats.football.functionaltests.dll" id="dd4a023e-f066-b50e-79b1-43348d88f43c">
      <Execution id="14a3b8dd-9461-47b8-9eeb-9a23977d37f6" />
      <TestMethod codeBase="C:\GitLab-Runner\builds\wr8MmWYb\0\LiveStats\LiveStats.Football\Source\Test\FunctionalTests\bin\Automation\net472\GeniusSports.LiveStats.Football.FunctionalTests.dll" adapterTypeName="executor://nunit3testexecutor/" className="GeniusSports.LiveStats.Football.FunctionalTests.Tests.PitchScreen.ActionDeletes.PeriodAndGameEndsDeleteTests" name="GivenFirstExtraTimeHalfEnded_WhenEndHalfDeleted_ThenCanEndHalfAgain" />
    </UnitTest>
    <UnitTest name="CannotAddSameColorForBothTeams" storage="c:\gitlab-runner\builds\wr8mmwyb\0\livestats\livestats.football\source\test\functionaltests\bin\automation\net472\geniussports.livestats.football.functionaltests.dll" id="ef69be01-556b-c56b-63f8-0ceb14fae0f3">
      <Execution id="4917dd25-12a6-4bfd-890e-3ecabfe51c1f" />
      <TestMethod codeBase="C:\GitLab-Runner\builds\wr8MmWYb\0\LiveStats\LiveStats.Football\Source\Test\FunctionalTests\bin\Automation\net472\GeniusSports.LiveStats.Football.FunctionalTests.dll" adapterTypeName="executor://nunit3testexecutor/" className="GeniusSports.LiveStats.Football.FunctionalTests.Features.GameSetup.TeamsFeature" name="CannotAddSameColorForBothTeams" />
    </UnitTest>
    <UnitTest name="EnableVARInGoalInsert" storage="c:\gitlab-runner\builds\wr8mmwyb\0\livestats\livestats.football\source\test\functionaltests\bin\automation\net472\geniussports.livestats.football.functionaltests.dll" id="d4a8baf8-e636-e3e7-d4da-06f40e3ac99f">
      <Execution id="7209a854-e594-4252-a988-2d11e84982cf" />
      <TestMethod codeBase="C:\GitLab-Runner\builds\wr8MmWYb\0\LiveStats\LiveStats.Football\Source\Test\FunctionalTests\bin\Automation\net472\GeniusSports.LiveStats.Football.FunctionalTests.dll" adapterTypeName="executor://nunit3testexecutor/" className="GeniusSports.LiveStats.Football.FunctionalTests.Features.PitchScreen.ActionInserts.InsertGoalFeature" name="EnableVARInGoalInsert" />
    </UnitTest>
    <UnitTest name="GivenActionsWithPlayerAndFilterActive_WhenChangingFilter_ThenTableDataRefreshed" storage="c:\gitlab-runner\builds\wr8mmwyb\0\livestats\livestats.football\source\test\functionaltests\bin\automation\net472\geniussports.livestats.football.functionaltests.dll" id="5c2b79f9-4273-c0d8-3752-a20acb02074b">
      <Execution id="bbf15f92-577d-4e6e-b52d-26d23837f68c" />
      <TestMethod codeBase="C:\GitLab-Runner\builds\wr8MmWYb\0\LiveStats\LiveStats.Football\Source\Test\FunctionalTests\bin\Automation\net472\GeniusSports.LiveStats.Football.FunctionalTests.dll" adapterTypeName="executor://nunit3testexecutor/" className="GeniusSports.LiveStats.Football.FunctionalTests.Tests.PitchScreen.Filters.PlayerFilterTests" name="GivenActionsWithPlayerAndFilterActive_WhenChangingFilter_ThenTableDataRefreshed" />
    </UnitTest>
    <UnitTest name="CannotInsertActionsAfterBeforeActionInPeriodBreak(&quot;before&quot;,&quot;GameStart&quot;,null)" storage="c:\gitlab-runner\builds\wr8mmwyb\0\livestats\livestats.football\source\test\functionaltests\bin\automation\net472\geniussports.livestats.football.functionaltests.dll" id="fc71d7eb-12f2-7ccb-0bae-cd20adbe4025">
      <Execution id="40955c77-a6c9-494a-9cd0-60f191f07c6e" />
      <TestMethod codeBase="C:\GitLab-Runner\builds\wr8MmWYb\0\LiveStats\LiveStats.Football\Source\Test\FunctionalTests\bin\Automation\net472\GeniusSports.LiveStats.Football.FunctionalTests.dll" adapterTypeName="executor://nunit3testexecutor/" className="GeniusSports.LiveStats.Football.FunctionalTests.Features.PitchScreen.ActionInserts.PeriodBreakInsertFeature" name="CannotInsertActionsAfterBeforeActionInPeriodBreak(&quot;before&quot;,&quot;GameStart&quot;,null)" />
    </UnitTest>
    <UnitTest name="GivenShotStarted_WhenSelectingShotWithSave_ThenShotFinished(OnTarget)" storage="c:\gitlab-runner\builds\wr8mmwyb\0\livestats\livestats.football\source\test\functionaltests\bin\automation\net472\geniussports.livestats.football.functionaltests.dll" id="5b935ec2-c6ac-c772-e6c6-ffe9e63538e6">
      <Execution id="877ac145-b9f1-4a80-aa3d-35c8bd4a8443" />
      <TestMethod codeBase="C:\GitLab-Runner\builds\wr8MmWYb\0\LiveStats\LiveStats.Football\Source\Test\FunctionalTests\bin\Automation\net472\GeniusSports.LiveStats.Football.FunctionalTests.dll" adapterTypeName="executor://nunit3testexecutor/" className="GeniusSports.LiveStats.Football.FunctionalTests.Tests.PitchScreen.ActionRegistration.ShotRegistrationTests" name="GivenShotStarted_WhenSelectingShotWithSave_ThenShotFinished(OnTarget)" />
    </UnitTest>
    <UnitTest name="OpenSustitutionEventInActionLog" storage="c:\gitlab-runner\builds\wr8mmwyb\0\livestats\livestats.football\source\test\functionaltests\bin\automation\net472\geniussports.livestats.football.functionaltests.dll" id="e5911e32-8c07-a743-c2cd-fddcc02325dc">
      <Execution id="a1f8a789-e51e-4012-8089-93bce3a57f28" />
      <TestMethod codeBase="C:\GitLab-Runner\builds\wr8MmWYb\0\LiveStats\LiveStats.Football\Source\Test\FunctionalTests\bin\Automation\net472\GeniusSports.LiveStats.Football.FunctionalTests.dll" adapterTypeName="executor://nunit3testexecutor/" className="GeniusSports.LiveStats.Football.FunctionalTests.Features.PitchScreen.ActionEdits.SubstitutionEditFeature" name="OpenSustitutionEventInActionLog" />
    </UnitTest>
    <UnitTest name="SelectPlayerForOffenceFreekick(&quot;1&quot;,&quot;2&quot;,&quot;1&quot;,null)" storage="c:\gitlab-runner\builds\wr8mmwyb\0\livestats\livestats.football\source\test\functionaltests\bin\automation\net472\geniussports.livestats.football.functionaltests.dll" id="828544d6-6b7d-b753-659f-0b6818d15060">
      <Execution id="4297ede3-fe2f-4d9f-a3e6-eabef1edb10a" />
      <TestMethod codeBase="C:\GitLab-Runner\builds\wr8MmWYb\0\LiveStats\LiveStats.Football\Source\Test\FunctionalTests\bin\Automation\net472\GeniusSports.LiveStats.Football.FunctionalTests.dll" adapterTypeName="executor://nunit3testexecutor/" className="GeniusSports.LiveStats.Football.FunctionalTests.Features.PitchScreen.ActionRegistration.FreeKickRegistrationFeature" name="SelectPlayerForOffenceFreekick(&quot;1&quot;,&quot;2&quot;,&quot;1&quot;,null)" />
    </UnitTest>
    <UnitTest name="GivenShotStartedInFootball_WhenSelectingShotWithNoSave_ThenShotFinished(OnTarget)" storage="c:\gitlab-runner\builds\wr8mmwyb\0\livestats\livestats.football\source\test\functionaltests\bin\automation\net472\geniussports.livestats.football.functionaltests.dll" id="5c471375-ff23-1497-d321-48f7b4f9f124">
      <Execution id="064cbbb9-01fa-46c7-bf58-31c7d65e7792" />
      <TestMethod codeBase="C:\GitLab-Runner\builds\wr8MmWYb\0\LiveStats\LiveStats.Football\Source\Test\FunctionalTests\bin\Automation\net472\GeniusSports.LiveStats.Football.FunctionalTests.dll" adapterTypeName="executor://nunit3testexecutor/" className="GeniusSports.LiveStats.Football.FunctionalTests.Tests.PitchScreen.ActionRegistration.ShotRegistrationTests" name="GivenShotStartedInFootball_WhenSelectingShotWithNoSave_ThenShotFinished(OnTarget)" />
    </UnitTest>
    <UnitTest name="YesOnVAROnSecondStepOfRecordCardWorkflow(&quot;1&quot;,&quot;Yellow&quot;,null)" storage="c:\gitlab-runner\builds\wr8mmwyb\0\livestats\livestats.football\source\test\functionaltests\bin\automation\net472\geniussports.livestats.football.functionaltests.dll" id="cded159b-a087-6f2b-0e1d-6502b5830bf9">
      <Execution id="2c0f61a7-0f0f-42e4-af9b-be7178025999" />
      <TestMethod codeBase="C:\GitLab-Runner\builds\wr8MmWYb\0\LiveStats\LiveStats.Football\Source\Test\FunctionalTests\bin\Automation\net472\GeniusSports.LiveStats.Football.FunctionalTests.dll" adapterTypeName="executor://nunit3testexecutor/" className="GeniusSports.LiveStats.Football.FunctionalTests.Features.PitchScreen.VideoAssistantReferee.CardsVarRegistrationFeature" name="YesOnVAROnSecondStepOfRecordCardWorkflow(&quot;1&quot;,&quot;Yellow&quot;,null)" />
    </UnitTest>
    <UnitTest name="ChangingPlayerToPlayerThatWasNotSubbedOutUnflagsAction" storage="c:\gitlab-runner\builds\wr8mmwyb\0\livestats\livestats.football\source\test\functionaltests\bin\automation\net472\geniussports.livestats.football.functionaltests.dll" id="ac1e9b21-e3ab-299e-1594-6b114fa3fbf4">
      <Execution id="3143b5a1-6e2e-4cb8-ac65-f82414af67de" />
      <TestMethod codeBase="C:\GitLab-Runner\builds\wr8MmWYb\0\LiveStats\LiveStats.Football\Source\Test\FunctionalTests\bin\Automation\net472\GeniusSports.LiveStats.Football.FunctionalTests.dll" adapterTypeName="executor://nunit3testexecutor/" className="GeniusSports.LiveStats.Football.FunctionalTests.Features.PitchScreen.Flagging.PlayerInMultipleSubstitutionsFlagFeature" name="ChangingPlayerToPlayerThatWasNotSubbedOutUnflagsAction" />
    </UnitTest>
    <UnitTest name="EditShotDuringWorkflowFromActionLog" storage="c:\gitlab-runner\builds\wr8mmwyb\0\livestats\livestats.football\source\test\functionaltests\bin\automation\net472\geniussports.livestats.football.functionaltests.dll" id="1e168f41-5c5b-dd79-95b9-d3a87519a0c3">
      <Execution id="89fc674b-3bae-43cd-b688-f433e745a150" />
      <TestMethod codeBase="C:\GitLab-Runner\builds\wr8MmWYb\0\LiveStats\LiveStats.Football\Source\Test\FunctionalTests\bin\Automation\net472\GeniusSports.LiveStats.Football.FunctionalTests.dll" adapterTypeName="executor://nunit3testexecutor/" className="GeniusSports.LiveStats.Football.FunctionalTests.Features.PitchScreen.ActionEdits.EditsPossibleDuringOtherWorkflowsFeature" name="EditShotDuringWorkflowFromActionLog" />
    </UnitTest>
    <UnitTest name="GivenGameInProgress_WhenUpdatingFormations_ThenFormationsAreUpdated(&quot;4-4-2&quot;)" storage="c:\gitlab-runner\builds\wr8mmwyb\0\livestats\livestats.football\source\test\functionaltests\bin\automation\net472\geniussports.livestats.football.functionaltests.dll" id="383c85b9-44d5-c875-43c8-d4faf3ae3f11">
      <Execution id="613971a8-57c2-408c-888f-d5d7810a19f2" />
      <TestMethod codeBase="C:\GitLab-Runner\builds\wr8MmWYb\0\LiveStats\LiveStats.Football\Source\Test\FunctionalTests\bin\Automation\net472\GeniusSports.LiveStats.Football.FunctionalTests.dll" adapterTypeName="executor://nunit3testexecutor/" className="GeniusSports.LiveStats.Football.FunctionalTests.Tests.GameSetup.EditGameSetupTests" name="GivenGameInProgress_WhenUpdatingFormations_ThenFormationsAreUpdated(&quot;4-4-2&quot;)" />
    </UnitTest>
    <UnitTest name="GivenGameInProgressWithInactiveCouch_WhenActivatingCouch_ThenCouchActivated" storage="c:\gitlab-runner\builds\wr8mmwyb\0\livestats\livestats.football\source\test\functionaltests\bin\automation\net472\geniussports.livestats.football.functionaltests.dll" id="132d5517-ea0c-d2e8-ba4f-fcc8b0b51deb">
      <Execution id="c11bb4a8-3b46-40be-8bb3-b5c49e316ff1" />
      <TestMethod codeBase="C:\GitLab-Runner\builds\wr8MmWYb\0\LiveStats\LiveStats.Football\Source\Test\FunctionalTests\bin\Automation\net472\GeniusSports.LiveStats.Football.FunctionalTests.dll" adapterTypeName="executor://nunit3testexecutor/" className="GeniusSports.LiveStats.Football.FunctionalTests.Tests.GameSetup.EditGameSetupTests" name="GivenGameInProgressWithInactiveCouch_WhenActivatingCouch_ThenCouchActivated" />
    </UnitTest>
    <UnitTest name="GivenGameInProgress_WhenConfirmingEndedHalfNow_ThenSetupOfNextHalfVisible" storage="c:\gitlab-runner\builds\wr8mmwyb\0\livestats\livestats.football\source\test\functionaltests\bin\automation\net472\geniussports.livestats.football.functionaltests.dll" id="06ad3009-6105-fd23-70bb-9730fd70e1b9">
      <Execution id="543357d8-f4c1-43a4-9662-d48473c3fc25" />
      <TestMethod codeBase="C:\GitLab-Runner\builds\wr8MmWYb\0\LiveStats\LiveStats.Football\Source\Test\FunctionalTests\bin\Automation\net472\GeniusSports.LiveStats.Football.FunctionalTests.dll" adapterTypeName="executor://nunit3testexecutor/" className="GeniusSports.LiveStats.Football.FunctionalTests.Tests.PitchScreen.GameState.EndMatchHalfTests" name="GivenGameInProgress_WhenConfirmingEndedHalfNow_ThenSetupOfNextHalfVisible" />
    </UnitTest>
    <UnitTest name="YesOnVarOnFirstStepOfRecordCardWorkflow(&quot;2&quot;,&quot;Red&quot;,null)" storage="c:\gitlab-runner\builds\wr8mmwyb\0\livestats\livestats.football\source\test\functionaltests\bin\automation\net472\geniussports.livestats.football.functionaltests.dll" id="330f0fcb-1dc9-6f82-5d36-1b304a78f752">
      <Execution id="f99efef3-9663-459b-ad8a-ffab52f83cd7" />
      <TestMethod codeBase="C:\GitLab-Runner\builds\wr8MmWYb\0\LiveStats\LiveStats.Football\Source\Test\FunctionalTests\bin\Automation\net472\GeniusSports.LiveStats.Football.FunctionalTests.dll" adapterTypeName="executor://nunit3testexecutor/" className="GeniusSports.LiveStats.Football.FunctionalTests.Features.PitchScreen.VideoAssistantReferee.CardsVarRegistrationFeature" name="YesOnVarOnFirstStepOfRecordCardWorkflow(&quot;2&quot;,&quot;Red&quot;,null)" />
    </UnitTest>
    <UnitTest name="GivenPsoKickEditOpened_WhenUpdatingPenaltyTaker_ThenNewTakerSeenInPitchView" storage="c:\gitlab-runner\builds\wr8mmwyb\0\livestats\livestats.football\source\test\functionaltests\bin\automation\net472\geniussports.livestats.football.functionaltests.dll" id="b0357ab3-db63-13e0-d00e-407226617a77">
      <Execution id="f679c29c-6d5a-4e9f-8399-de983dab708f" />
      <TestMethod codeBase="C:\GitLab-Runner\builds\wr8MmWYb\0\LiveStats\LiveStats.Football\Source\Test\FunctionalTests\bin\Automation\net472\GeniusSports.LiveStats.Football.FunctionalTests.dll" adapterTypeName="executor://nunit3testexecutor/" className="GeniusSports.LiveStats.Football.FunctionalTests.Tests.PitchScreen.ActionEdits.PenaltyShootoutEditTests" name="GivenPsoKickEditOpened_WhenUpdatingPenaltyTaker_ThenNewTakerSeenInPitchView" />
    </UnitTest>
    <UnitTest name="CannotEditInjuryTimeInPeriodBreak(&quot;before&quot;,&quot;PhaseStart&quot;,null)" storage="c:\gitlab-runner\builds\wr8mmwyb\0\livestats\livestats.football\source\test\functionaltests\bin\automation\net472\geniussports.livestats.football.functionaltests.dll" id="1fc26733-9404-611e-7ed7-10decf09dc8c">
      <Execution id="6e902b7c-aaf1-4d95-ae28-79621e5e84f6" />
      <TestMethod codeBase="C:\GitLab-Runner\builds\wr8MmWYb\0\LiveStats\LiveStats.Football\Source\Test\FunctionalTests\bin\Automation\net472\GeniusSports.LiveStats.Football.FunctionalTests.dll" adapterTypeName="executor://nunit3testexecutor/" className="GeniusSports.LiveStats.Football.FunctionalTests.Features.PitchScreen.ActionInserts.PeriodBreakInsertFeature" name="CannotEditInjuryTimeInPeriodBreak(&quot;before&quot;,&quot;PhaseStart&quot;,null)" />
    </UnitTest>
    <UnitTest name="PenaltyGoalAfterPenaltyRetake(&quot;2&quot;,&quot;1&quot;,&quot;10&quot;,&quot;50&quot;,&quot;8&quot;,&quot;11&quot;,null)" storage="c:\gitlab-runner\builds\wr8mmwyb\0\livestats\livestats.football\source\test\functionaltests\bin\automation\net472\geniussports.livestats.football.functionaltests.dll" id="832b8767-1f44-9936-317a-843e1b67c144">
      <Execution id="63a5dcae-2daf-4d98-8ae1-9ec347c86655" />
      <TestMethod codeBase="C:\GitLab-Runner\builds\wr8MmWYb\0\LiveStats\LiveStats.Football\Source\Test\FunctionalTests\bin\Automation\net472\GeniusSports.LiveStats.Football.FunctionalTests.dll" adapterTypeName="executor://nunit3testexecutor/" className="GeniusSports.LiveStats.Football.FunctionalTests.Features.PitchScreen.ActionRegistration.PenaltyRegistrationFeature" name="PenaltyGoalAfterPenaltyRetake(&quot;2&quot;,&quot;1&quot;,&quot;10&quot;,&quot;50&quot;,&quot;8&quot;,&quot;11&quot;,null)" />
    </UnitTest>
    <UnitTest name="EditGoalKickDuringWorkflowInPSOFromExpandedActionLog" storage="c:\gitlab-runner\builds\wr8mmwyb\0\livestats\livestats.football\source\test\functionaltests\bin\automation\net472\geniussports.livestats.football.functionaltests.dll" id="6ce4769e-dd0b-e32e-28bc-c25901aee4e4">
      <Execution id="9e7955ec-4f7a-4929-8ffa-001854e29f29" />
      <TestMethod codeBase="C:\GitLab-Runner\builds\wr8MmWYb\0\LiveStats\LiveStats.Football\Source\Test\FunctionalTests\bin\Automation\net472\GeniusSports.LiveStats.Football.FunctionalTests.dll" adapterTypeName="executor://nunit3testexecutor/" className="GeniusSports.LiveStats.Football.FunctionalTests.Features.PitchScreen.ActionEdits.EditsPossibleDuringOtherWorkflowsFeature" name="EditGoalKickDuringWorkflowInPSOFromExpandedActionLog" />
    </UnitTest>
    <UnitTest name="GivenGameInProgress_WhenAddingCardAndCornerAndMovingToSecondHalf_ThenScoreboardsStatsAreUpdated(1,Red)" storage="c:\gitlab-runner\builds\wr8mmwyb\0\livestats\livestats.football\source\test\functionaltests\bin\automation\net472\geniussports.livestats.football.functionaltests.dll" id="4bf63d1e-e872-2671-b6a6-20e896e4bf6c">
      <Execution id="cb6e2cfa-b430-4cb6-bf81-3eb25f335109" />
      <TestMethod codeBase="C:\GitLab-Runner\builds\wr8MmWYb\0\LiveStats\LiveStats.Football\Source\Test\FunctionalTests\bin\Automation\net472\GeniusSports.LiveStats.Football.FunctionalTests.dll" adapterTypeName="executor://nunit3testexecutor/" className="GeniusSports.LiveStats.Football.FunctionalTests.Tests.PitchScreen.PitchTeamStatsCalculatedTests" name="GivenGameInProgress_WhenAddingCardAndCornerAndMovingToSecondHalf_ThenScoreboardsStatsAreUpdated(1,Red)" />
    </UnitTest>
    <UnitTest name="GivenInProgress_WhenOpeningInterruptionDropDown_ThenOptionsPresentForGameInterrupt" storage="c:\gitlab-runner\builds\wr8mmwyb\0\livestats\livestats.football\source\test\functionaltests\bin\automation\net472\geniussports.livestats.football.functionaltests.dll" id="ad108fc0-aabc-b802-0b63-23a0619224bb">
      <Execution id="aba696ed-4c12-45e2-b034-9314e84c4f3c" />
      <TestMethod codeBase="C:\GitLab-Runner\builds\wr8MmWYb\0\LiveStats\LiveStats.Football\Source\Test\FunctionalTests\bin\Automation\net472\GeniusSports.LiveStats.Football.FunctionalTests.dll" adapterTypeName="executor://nunit3testexecutor/" className="GeniusSports.LiveStats.Football.FunctionalTests.Tests.PitchScreen.GameMessages.GameInterruptionTests" name="GivenInProgress_WhenOpeningInterruptionDropDown_ThenOptionsPresentForGameInterrupt" />
    </UnitTest>
    <UnitTest name="GivenExpandedLog_WhenInsertingCardBeforeForCoach_ThenInsertedCorrectly(Red,&quot;red card&quot;)" storage="c:\gitlab-runner\builds\wr8mmwyb\0\livestats\livestats.football\source\test\functionaltests\bin\automation\net472\geniussports.livestats.football.functionaltests.dll" id="df380552-b51f-d377-07e5-d589f82514e1">
      <Execution id="80a50522-d831-4cac-8a52-c2db3357b0f0" />
      <TestMethod codeBase="C:\GitLab-Runner\builds\wr8MmWYb\0\LiveStats\LiveStats.Football\Source\Test\FunctionalTests\bin\Automation\net472\GeniusSports.LiveStats.Football.FunctionalTests.dll" adapterTypeName="executor://nunit3testexecutor/" className="GeniusSports.LiveStats.Football.FunctionalTests.Tests.PitchScreen.ActionInserts.InsertCardTests" name="GivenExpandedLog_WhenInsertingCardBeforeForCoach_ThenInsertedCorrectly(Red,&quot;red card&quot;)" />
    </UnitTest>
    <UnitTest name="FootballSelectVarReasonAndOutcome(&quot;Stands&quot;,&quot;Offside&quot;,null)" storage="c:\gitlab-runner\builds\wr8mmwyb\0\livestats\livestats.football\source\test\functionaltests\bin\automation\net472\geniussports.livestats.football.functionaltests.dll" id="b42f154c-c4f7-08a0-8100-d2aa2ee94cb4">
      <Execution id="420a834b-acd1-412d-bce2-daafbb2afd98" />
      <TestMethod codeBase="C:\GitLab-Runner\builds\wr8MmWYb\0\LiveStats\LiveStats.Football\Source\Test\FunctionalTests\bin\Automation\net472\GeniusSports.LiveStats.Football.FunctionalTests.dll" adapterTypeName="executor://nunit3testexecutor/" className="GeniusSports.LiveStats.Football.FunctionalTests.Features.PitchScreen.ActionEdits.GoalEditFeature" name="FootballSelectVarReasonAndOutcome(&quot;Stands&quot;,&quot;Offside&quot;,null)" />
    </UnitTest>
    <UnitTest name="GivenActionRegistered_WhenDeletingFromActionLog_ThenDeleted(Corner)" storage="c:\gitlab-runner\builds\wr8mmwyb\0\livestats\livestats.football\source\test\functionaltests\bin\automation\net472\geniussports.livestats.football.functionaltests.dll" id="4b90f96d-8b8f-691b-e5b1-a716211d70db">
      <Execution id="b5f9db58-8d74-4489-a6fc-8cabbd6d0f4f" />
      <TestMethod codeBase="C:\GitLab-Runner\builds\wr8MmWYb\0\LiveStats\LiveStats.Football\Source\Test\FunctionalTests\bin\Automation\net472\GeniusSports.LiveStats.Football.FunctionalTests.dll" adapterTypeName="executor://nunit3testexecutor/" className="GeniusSports.LiveStats.Football.FunctionalTests.Tests.PitchScreen.ActionDeletes.GameActionDeleteTests" name="GivenActionRegistered_WhenDeletingFromActionLog_ThenDeleted(Corner)" />
    </UnitTest>
    <UnitTest name="GivenCornerRegistered_WhenRegisteringAnotherCorner_ThenCornersInDashboardAreCorrect" storage="c:\gitlab-runner\builds\wr8mmwyb\0\livestats\livestats.football\source\test\functionaltests\bin\automation\net472\geniussports.livestats.football.functionaltests.dll" id="944072de-0e25-105a-ae07-55b0bb8df2ce">
      <Execution id="3dc24678-7e44-454b-b7fa-92e5c7d4e0b8" />
      <TestMethod codeBase="C:\GitLab-Runner\builds\wr8MmWYb\0\LiveStats\LiveStats.Football\Source\Test\FunctionalTests\bin\Automation\net472\GeniusSports.LiveStats.Football.FunctionalTests.dll" adapterTypeName="executor://nunit3testexecutor/" className="GeniusSports.LiveStats.Football.FunctionalTests.Tests.PitchScreen.ActionRegistration.CornerRegistrationTests" name="GivenCornerRegistered_WhenRegisteringAnotherCorner_ThenCornersInDashboardAreCorrect" />
    </UnitTest>
    <UnitTest name="GivenGameInProgress_WhenEditingClockByArrowDownMinutes_ThenClockEdited" storage="c:\gitlab-runner\builds\wr8mmwyb\0\livestats\livestats.football\source\test\functionaltests\bin\automation\net472\geniussports.livestats.football.functionaltests.dll" id="842a2206-1fdd-2f74-dccc-0a42046f1be9">
      <Execution id="2707952c-ee61-47c2-b918-d50702d0285d" />
      <TestMethod codeBase="C:\GitLab-Runner\builds\wr8MmWYb\0\LiveStats\LiveStats.Football\Source\Test\FunctionalTests\bin\Automation\net472\GeniusSports.LiveStats.Football.FunctionalTests.dll" adapterTypeName="executor://nunit3testexecutor/" className="GeniusSports.LiveStats.Football.FunctionalTests.Tests.PitchScreen.Clock.ClockManipulationTests" name="GivenGameInProgress_WhenEditingClockByArrowDownMinutes_ThenClockEdited" />
    </UnitTest>
    <UnitTest name="FootballSelectVarReasonAndOutcome(&quot;Overturned&quot;,&quot;Offside&quot;,null)" storage="c:\gitlab-runner\builds\wr8mmwyb\0\livestats\livestats.football\source\test\functionaltests\bin\automation\net472\geniussports.livestats.football.functionaltests.dll" id="2c194c62-ab45-d0a8-6cae-8f7b13a3dc62">
      <Execution id="66d53f51-3907-465b-bce8-0fb108c9fb3e" />
      <TestMethod codeBase="C:\GitLab-Runner\builds\wr8MmWYb\0\LiveStats\LiveStats.Football\Source\Test\FunctionalTests\bin\Automation\net472\GeniusSports.LiveStats.Football.FunctionalTests.dll" adapterTypeName="executor://nunit3testexecutor/" className="GeniusSports.LiveStats.Football.FunctionalTests.Features.PitchScreen.ActionEdits.GoalEditFeature" name="FootballSelectVarReasonAndOutcome(&quot;Overturned&quot;,&quot;Offside&quot;,null)" />
    </UnitTest>
    <UnitTest name="CanOpenExpandedActionLogDuringInjuryWorkflow" storage="c:\gitlab-runner\builds\wr8mmwyb\0\livestats\livestats.football\source\test\functionaltests\bin\automation\net472\geniussports.livestats.football.functionaltests.dll" id="b6a2dadc-f84f-8042-c3d4-10e05917e028">
      <Execution id="724e5587-c4ec-4294-a186-a1b1b64e3b77" />
      <TestMethod codeBase="C:\GitLab-Runner\builds\wr8MmWYb\0\LiveStats\LiveStats.Football\Source\Test\FunctionalTests\bin\Automation\net472\GeniusSports.LiveStats.Football.FunctionalTests.dll" adapterTypeName="executor://nunit3testexecutor/" className="GeniusSports.LiveStats.Football.FunctionalTests.Features.PitchScreen.ActionRegistration.ActionsDuringWorkflowsFeature" name="CanOpenExpandedActionLogDuringInjuryWorkflow" />
    </UnitTest>
    <UnitTest name="GivenExpandedLog_WhenInsertingYellowAfter_ThenInsertedCorrectly" storage="c:\gitlab-runner\builds\wr8mmwyb\0\livestats\livestats.football\source\test\functionaltests\bin\automation\net472\geniussports.livestats.football.functionaltests.dll" id="ffee8f18-3c2c-d843-04cd-c0d1f0deae5c">
      <Execution id="86887703-6b46-4ab1-ad62-57ecb2fdbe06" />
      <TestMethod codeBase="C:\GitLab-Runner\builds\wr8MmWYb\0\LiveStats\LiveStats.Football\Source\Test\FunctionalTests\bin\Automation\net472\GeniusSports.LiveStats.Football.FunctionalTests.dll" adapterTypeName="executor://nunit3testexecutor/" className="GeniusSports.LiveStats.Football.FunctionalTests.Tests.PitchScreen.ActionInserts.InsertCardTests" name="GivenExpandedLog_WhenInsertingYellowAfter_ThenInsertedCorrectly" />
    </UnitTest>
    <UnitTest name="FlagAndContinueThrowIn" storage="c:\gitlab-runner\builds\wr8mmwyb\0\livestats\livestats.football\source\test\functionaltests\bin\automation\net472\geniussports.livestats.football.functionaltests.dll" id="c7ec929e-0594-eb2b-f2a4-a42640c38f44">
      <Execution id="7fbf1884-b655-433d-b845-7c3f0b0c246f" />
      <TestMethod codeBase="C:\GitLab-Runner\builds\wr8MmWYb\0\LiveStats\LiveStats.Football\Source\Test\FunctionalTests\bin\Automation\net472\GeniusSports.LiveStats.Football.FunctionalTests.dll" adapterTypeName="executor://nunit3testexecutor/" className="GeniusSports.LiveStats.Football.FunctionalTests.Features.PitchScreen.Flagging.FlagAndContinueFeature" name="FlagAndContinueThrowIn" />
    </UnitTest>
    <UnitTest name="RemoveVar" storage="c:\gitlab-runner\builds\wr8mmwyb\0\livestats\livestats.football\source\test\functionaltests\bin\automation\net472\geniussports.livestats.football.functionaltests.dll" id="ba55464b-ac9e-206c-ee14-0dcf078b4db7">
      <Execution id="2f69b3c0-134b-422c-bf07-a30cc5c3aabf" />
      <TestMethod codeBase="C:\GitLab-Runner\builds\wr8MmWYb\0\LiveStats\LiveStats.Football\Source\Test\FunctionalTests\bin\Automation\net472\GeniusSports.LiveStats.Football.FunctionalTests.dll" adapterTypeName="executor://nunit3testexecutor/" className="GeniusSports.LiveStats.Football.FunctionalTests.Features.PitchScreen.ActionEdits.PenaltyEditFeature" name="RemoveVar" />
    </UnitTest>
    <UnitTest name="GivenActionRegistered_WhenDeletingFromExpandedActionLog_ThenDeletedInExpanded(ThrowIn)" storage="c:\gitlab-runner\builds\wr8mmwyb\0\livestats\livestats.football\source\test\functionaltests\bin\automation\net472\geniussports.livestats.football.functionaltests.dll" id="12697e55-7c33-4e3e-f1db-7eac666103fc">
      <Execution id="1b12b258-c7db-4ac1-ae73-060ac7dcb5df" />
      <TestMethod codeBase="C:\GitLab-Runner\builds\wr8MmWYb\0\LiveStats\LiveStats.Football\Source\Test\FunctionalTests\bin\Automation\net472\GeniusSports.LiveStats.Football.FunctionalTests.dll" adapterTypeName="executor://nunit3testexecutor/" className="GeniusSports.LiveStats.Football.FunctionalTests.Tests.PitchScreen.ActionDeletes.GameActionDeleteTests" name="GivenActionRegistered_WhenDeletingFromExpandedActionLog_ThenDeletedInExpanded(ThrowIn)" />
    </UnitTest>
    <UnitTest name="GivenCornerConfirmation_WhenNotConfirming_ThenCornerDeleted" storage="c:\gitlab-runner\builds\wr8mmwyb\0\livestats\livestats.football\source\test\functionaltests\bin\automation\net472\geniussports.livestats.football.functionaltests.dll" id="cb0065a1-b422-89d5-ed07-1ffd9c346cdd">
      <Execution id="bbd694b8-496e-4dcd-90f5-5c4dc9cdc89c" />
      <TestMethod codeBase="C:\GitLab-Runner\builds\wr8MmWYb\0\LiveStats\LiveStats.Football\Source\Test\FunctionalTests\bin\Automation\net472\GeniusSports.LiveStats.Football.FunctionalTests.dll" adapterTypeName="executor://nunit3testexecutor/" className="GeniusSports.LiveStats.Football.FunctionalTests.Tests.PitchScreen.ActionRegistration.CornerRegistrationTests" name="GivenCornerConfirmation_WhenNotConfirming_ThenCornerDeleted" />
    </UnitTest>
    <UnitTest name="FlagsFreekickIfShotStartedFromMiddleOfFreekickWorkflow(&quot;location&quot;,&quot;2&quot;,null)" storage="c:\gitlab-runner\builds\wr8mmwyb\0\livestats\livestats.football\source\test\functionaltests\bin\automation\net472\geniussports.livestats.football.functionaltests.dll" id="613fdecb-ff52-2265-5590-c2f1e56c5a93">
      <Execution id="436685de-50c8-4b1f-8f7e-1c731ae12446" />
      <TestMethod codeBase="C:\GitLab-Runner\builds\wr8MmWYb\0\LiveStats\LiveStats.Football\Source\Test\FunctionalTests\bin\Automation\net472\GeniusSports.LiveStats.Football.FunctionalTests.dll" adapterTypeName="executor://nunit3testexecutor/" className="GeniusSports.LiveStats.Football.FunctionalTests.Features.PitchScreen.ActionRegistration.ShotRegistrationFromFreeKickFeature" name="FlagsFreekickIfShotStartedFromMiddleOfFreekickWorkflow(&quot;location&quot;,&quot;2&quot;,null)" />
    </UnitTest>
    <UnitTest name="GivenGoalKickRegistered_WhenEditingGoalKickTimeToCollide_ThenContainerMovedDialogWithArrowsPrompted" storage="c:\gitlab-runner\builds\wr8mmwyb\0\livestats\livestats.football\source\test\functionaltests\bin\automation\net472\geniussports.livestats.football.functionaltests.dll" id="853975eb-3617-2df9-9de9-42854a76b763">
      <Execution id="0e88b8aa-c844-4b8b-8716-a550f5d238cf" />
      <TestMethod codeBase="C:\GitLab-Runner\builds\wr8MmWYb\0\LiveStats\LiveStats.Football\Source\Test\FunctionalTests\bin\Automation\net472\GeniusSports.LiveStats.Football.FunctionalTests.dll" adapterTypeName="executor://nunit3testexecutor/" className="GeniusSports.LiveStats.Football.FunctionalTests.Tests.PitchScreen.ActionEdits.ActionContainersAreAutomaticallyReorderedTests" name="GivenGoalKickRegistered_WhenEditingGoalKickTimeToCollide_ThenContainerMovedDialogWithArrowsPrompted" />
    </UnitTest>
    <UnitTest name="GivenGameInProgress_WhenChangingPlayersInFormationFromBench_ThenFormationsAreUpdated" storage="c:\gitlab-runner\builds\wr8mmwyb\0\livestats\livestats.football\source\test\functionaltests\bin\automation\net472\geniussports.livestats.football.functionaltests.dll" id="0a8cf91f-048e-60e2-3715-ba72c6a21375">
      <Execution id="7c4347c0-95f2-40d4-b789-20f7dc85e0ea" />
      <TestMethod codeBase="C:\GitLab-Runner\builds\wr8MmWYb\0\LiveStats\LiveStats.Football\Source\Test\FunctionalTests\bin\Automation\net472\GeniusSports.LiveStats.Football.FunctionalTests.dll" adapterTypeName="executor://nunit3testexecutor/" className="GeniusSports.LiveStats.Football.FunctionalTests.Tests.GameSetup.EditGameSetupTests" name="GivenGameInProgress_WhenChangingPlayersInFormationFromBench_ThenFormationsAreUpdated" />
    </UnitTest>
    <UnitTest name="GivenSetupFinishedAndPreGameStarted_WhenReopeningSameGame_ThenPregameWorkflowContinues" storage="c:\gitlab-runner\builds\wr8mmwyb\0\livestats\livestats.football\source\test\functionaltests\bin\automation\net472\geniussports.livestats.football.functionaltests.dll" id="126ec2f5-78f0-f13d-b64f-66109967b306">
      <Execution id="c9e64af2-b34b-4688-a5d6-b982f44b60b5" />
      <TestMethod codeBase="C:\GitLab-Runner\builds\wr8MmWYb\0\LiveStats\LiveStats.Football\Source\Test\FunctionalTests\bin\Automation\net472\GeniusSports.LiveStats.Football.FunctionalTests.dll" adapterTypeName="executor://nunit3testexecutor/" className="GeniusSports.LiveStats.Football.FunctionalTests.Tests.PitchScreen.KickOffGameTests" name="GivenSetupFinishedAndPreGameStarted_WhenReopeningSameGame_ThenPregameWorkflowContinues" />
    </UnitTest>
    <UnitTest name="FlagAndContinueFreeKick" storage="c:\gitlab-runner\builds\wr8mmwyb\0\livestats\livestats.football\source\test\functionaltests\bin\automation\net472\geniussports.livestats.football.functionaltests.dll" id="dd49e447-51dc-29f5-c661-4e2e20e10c23">
      <Execution id="5d78275a-1573-4cf4-b437-467a310048ec" />
      <TestMethod codeBase="C:\GitLab-Runner\builds\wr8MmWYb\0\LiveStats\LiveStats.Football\Source\Test\FunctionalTests\bin\Automation\net472\GeniusSports.LiveStats.Football.FunctionalTests.dll" adapterTypeName="executor://nunit3testexecutor/" className="GeniusSports.LiveStats.Football.FunctionalTests.Features.PitchScreen.Flagging.FlagAndContinueFeature" name="FlagAndContinueFreeKick" />
    </UnitTest>
    <UnitTest name="SelectLocationForFoulFreekick(&quot;2&quot;,&quot;1&quot;,null)" storage="c:\gitlab-runner\builds\wr8mmwyb\0\livestats\livestats.football\source\test\functionaltests\bin\automation\net472\geniussports.livestats.football.functionaltests.dll" id="83037501-1e70-b466-0069-a0da9042c704">
      <Execution id="95114e32-49e8-494c-8f5c-132f581eaee9" />
      <TestMethod codeBase="C:\GitLab-Runner\builds\wr8MmWYb\0\LiveStats\LiveStats.Football\Source\Test\FunctionalTests\bin\Automation\net472\GeniusSports.LiveStats.Football.FunctionalTests.dll" adapterTypeName="executor://nunit3testexecutor/" className="GeniusSports.LiveStats.Football.FunctionalTests.Features.PitchScreen.ActionRegistration.FreeKickRegistrationFeature" name="SelectLocationForFoulFreekick(&quot;2&quot;,&quot;1&quot;,null)" />
    </UnitTest>
    <UnitTest name="InsertPenaltyShootoutKickWithVAROverturnedBefore" storage="c:\gitlab-runner\builds\wr8mmwyb\0\livestats\livestats.football\source\test\functionaltests\bin\automation\net472\geniussports.livestats.football.functionaltests.dll" id="fd75355a-6f68-f7ca-8295-2ea7728de692">
      <Execution id="098ed3cc-6050-49ae-a7d9-6f81bfbba39a" />
      <TestMethod codeBase="C:\GitLab-Runner\builds\wr8MmWYb\0\LiveStats\LiveStats.Football\Source\Test\FunctionalTests\bin\Automation\net472\GeniusSports.LiveStats.Football.FunctionalTests.dll" adapterTypeName="executor://nunit3testexecutor/" className="GeniusSports.LiveStats.Football.FunctionalTests.Features.PitchScreen.ActionInserts.PenaltyShootoutInsertFeature" name="InsertPenaltyShootoutKickWithVAROverturnedBefore" />
    </UnitTest>
    <UnitTest name="GivenGameSetupFinished_WhenOpeningDelayDropDown_ThenOptionsPresentForGameDelay" storage="c:\gitlab-runner\builds\wr8mmwyb\0\livestats\livestats.football\source\test\functionaltests\bin\automation\net472\geniussports.livestats.football.functionaltests.dll" id="dfd93325-4a10-2b6c-eb59-d3c054a0e19c">
      <Execution id="d4160510-a9d7-42af-98ec-bb1bb2562679" />
      <TestMethod codeBase="C:\GitLab-Runner\builds\wr8MmWYb\0\LiveStats\LiveStats.Football\Source\Test\FunctionalTests\bin\Automation\net472\GeniusSports.LiveStats.Football.FunctionalTests.dll" adapterTypeName="executor://nunit3testexecutor/" className="GeniusSports.LiveStats.Football.FunctionalTests.Tests.PitchScreen.GameMessages.GameDelayTests" name="GivenGameSetupFinished_WhenOpeningDelayDropDown_ThenOptionsPresentForGameDelay" />
    </UnitTest>
    <UnitTest name="RemoveOverturnedVARForCardWithoutPlayerKeepsSaveButtonDisabled" storage="c:\gitlab-runner\builds\wr8mmwyb\0\livestats\livestats.football\source\test\functionaltests\bin\automation\net472\geniussports.livestats.football.functionaltests.dll" id="1a769f46-0103-6b4b-b260-6bfe2aac0c57">
      <Execution id="7ae798ad-b3f2-4a8f-a0a6-0b4bc312a99c" />
      <TestMethod codeBase="C:\GitLab-Runner\builds\wr8MmWYb\0\LiveStats\LiveStats.Football\Source\Test\FunctionalTests\bin\Automation\net472\GeniusSports.LiveStats.Football.FunctionalTests.dll" adapterTypeName="executor://nunit3testexecutor/" className="GeniusSports.LiveStats.Football.FunctionalTests.Features.PitchScreen.ActionEdits.CardEditFeature" name="RemoveOverturnedVARForCardWithoutPlayerKeepsSaveButtonDisabled" />
    </UnitTest>
    <UnitTest name="GivenCornerInitiated_WhenSelectingCorner_ThenConfirmationPrompted" storage="c:\gitlab-runner\builds\wr8mmwyb\0\livestats\livestats.football\source\test\functionaltests\bin\automation\net472\geniussports.livestats.football.functionaltests.dll" id="29172664-7b44-3e8d-ee5f-36f5e274d7ae">
      <Execution id="52d26b7f-cf35-4da1-a855-da578411ace5" />
      <TestMethod codeBase="C:\GitLab-Runner\builds\wr8MmWYb\0\LiveStats\LiveStats.Football\Source\Test\FunctionalTests\bin\Automation\net472\GeniusSports.LiveStats.Football.FunctionalTests.dll" adapterTypeName="executor://nunit3testexecutor/" className="GeniusSports.LiveStats.Football.FunctionalTests.Tests.PitchScreen.ActionRegistration.CornerRegistrationTests" name="GivenCornerInitiated_WhenSelectingCorner_ThenConfirmationPrompted" />
    </UnitTest>
    <UnitTest name="AddingAnotherYellowAddsSecondYellowInstead" storage="c:\gitlab-runner\builds\wr8mmwyb\0\livestats\livestats.football\source\test\functionaltests\bin\automation\net472\geniussports.livestats.football.functionaltests.dll" id="ea320186-17d6-e4ae-ed1e-a78b4d2ae984">
      <Execution id="dfa68a61-b875-48cf-b9d9-9da650d0ac20" />
      <TestMethod codeBase="C:\GitLab-Runner\builds\wr8MmWYb\0\LiveStats\LiveStats.Football\Source\Test\FunctionalTests\bin\Automation\net472\GeniusSports.LiveStats.Football.FunctionalTests.dll" adapterTypeName="executor://nunit3testexecutor/" className="GeniusSports.LiveStats.Football.FunctionalTests.Features.PitchScreen.ActionRegistration.CardRegistrationFeature" name="AddingAnotherYellowAddsSecondYellowInstead" />
    </UnitTest>
    <UnitTest name="FootballGivenShotWithGoalkeeperSaveRegistered_WhenOpeningEdit_ThenGoalkeeperSaveIsSelected" storage="c:\gitlab-runner\builds\wr8mmwyb\0\livestats\livestats.football\source\test\functionaltests\bin\automation\net472\geniussports.livestats.football.functionaltests.dll" id="e9b5c785-8b63-d2f2-6324-9b531f065458">
      <Execution id="02b00d4b-f2d5-47b0-951d-f70749021c96" />
      <TestMethod codeBase="C:\GitLab-Runner\builds\wr8MmWYb\0\LiveStats\LiveStats.Football\Source\Test\FunctionalTests\bin\Automation\net472\GeniusSports.LiveStats.Football.FunctionalTests.dll" adapterTypeName="executor://nunit3testexecutor/" className="GeniusSports.LiveStats.Football.FunctionalTests.Tests.PitchScreen.ActionEdits.ShotEditTests" name="FootballGivenShotWithGoalkeeperSaveRegistered_WhenOpeningEdit_ThenGoalkeeperSaveIsSelected" />
    </UnitTest>
    <UnitTest name="FootballPenaltyCannotBeRetakenAfterShotMissOffTargetLocationSelectionStep" storage="c:\gitlab-runner\builds\wr8mmwyb\0\livestats\livestats.football\source\test\functionaltests\bin\automation\net472\geniussports.livestats.football.functionaltests.dll" id="0027cc23-c7ac-aada-66b4-37460adf3f10">
      <Execution id="d66e3519-8652-4f2c-84b3-22568b02c37c" />
      <TestMethod codeBase="C:\GitLab-Runner\builds\wr8MmWYb\0\LiveStats\LiveStats.Football\Source\Test\FunctionalTests\bin\Automation\net472\GeniusSports.LiveStats.Football.FunctionalTests.dll" adapterTypeName="executor://nunit3testexecutor/" className="GeniusSports.LiveStats.Football.FunctionalTests.Features.PitchScreen.ActionRegistration.PenaltyRegistrationFeature" name="FootballPenaltyCannotBeRetakenAfterShotMissOffTargetLocationSelectionStep" />
    </UnitTest>
    <UnitTest name="GivenGoalLastSteps_WhenGoingBackAndCancelingWorkflow_ThenGoalDeleted" storage="c:\gitlab-runner\builds\wr8mmwyb\0\livestats\livestats.football\source\test\functionaltests\bin\automation\net472\geniussports.livestats.football.functionaltests.dll" id="79bae442-5d47-f611-a0a6-dbcf5e6d8588">
      <Execution id="9a952502-a7b4-4124-a5ea-291744fe886b" />
      <TestMethod codeBase="C:\GitLab-Runner\builds\wr8MmWYb\0\LiveStats\LiveStats.Football\Source\Test\FunctionalTests\bin\Automation\net472\GeniusSports.LiveStats.Football.FunctionalTests.dll" adapterTypeName="executor://nunit3testexecutor/" className="GeniusSports.LiveStats.Football.FunctionalTests.Tests.PitchScreen.ActionRegistration.GoalRegistrationTests" name="GivenGoalLastSteps_WhenGoingBackAndCancelingWorkflow_ThenGoalDeleted" />
    </UnitTest>
    <UnitTest name="NoOnVARBeforeConfirmingCard(&quot;2&quot;,&quot;Red&quot;,&quot;1&quot;,null)" storage="c:\gitlab-runner\builds\wr8mmwyb\0\livestats\livestats.football\source\test\functionaltests\bin\automation\net472\geniussports.livestats.football.functionaltests.dll" id="afd053cf-5555-93d1-4d34-26f29d829b46">
      <Execution id="1a132e39-97fe-4817-82fc-95904dd8633b" />
      <TestMethod codeBase="C:\GitLab-Runner\builds\wr8MmWYb\0\LiveStats\LiveStats.Football\Source\Test\FunctionalTests\bin\Automation\net472\GeniusSports.LiveStats.Football.FunctionalTests.dll" adapterTypeName="executor://nunit3testexecutor/" className="GeniusSports.LiveStats.Football.FunctionalTests.Features.PitchScreen.VideoAssistantReferee.CardsVarRegistrationFeature" name="NoOnVARBeforeConfirmingCard(&quot;2&quot;,&quot;Red&quot;,&quot;1&quot;,null)" />
    </UnitTest>
    <UnitTest name="ClockEditIsOpened" storage="c:\gitlab-runner\builds\wr8mmwyb\0\livestats\livestats.football\source\test\functionaltests\bin\automation\net472\geniussports.livestats.football.functionaltests.dll" id="6f5feb85-96fb-bd12-712c-d17089389bfe">
      <Execution id="31031246-bc27-4ba2-a231-f367c4c62688" />
      <TestMethod codeBase="C:\GitLab-Runner\builds\wr8MmWYb\0\LiveStats\LiveStats.Football\Source\Test\FunctionalTests\bin\Automation\net472\GeniusSports.LiveStats.Football.FunctionalTests.dll" adapterTypeName="executor://nunit3testexecutor/" className="GeniusSports.LiveStats.Football.FunctionalTests.Features.PitchScreen.Clock.ClockManipulationFeature" name="ClockEditIsOpened" />
    </UnitTest>
    <UnitTest name="InsertedSecondYellowIsFlaggedWhenPlayerHasNoCards" storage="c:\gitlab-runner\builds\wr8mmwyb\0\livestats\livestats.football\source\test\functionaltests\bin\automation\net472\geniussports.livestats.football.functionaltests.dll" id="cd22912d-c070-b311-7732-e83e28f65759">
      <Execution id="a36efd63-867f-4bbd-a171-f298cb5c2ced" />
      <TestMethod codeBase="C:\GitLab-Runner\builds\wr8MmWYb\0\LiveStats\LiveStats.Football\Source\Test\FunctionalTests\bin\Automation\net472\GeniusSports.LiveStats.Football.FunctionalTests.dll" adapterTypeName="executor://nunit3testexecutor/" className="GeniusSports.LiveStats.Football.FunctionalTests.Features.PitchScreen.Flagging.SecondYellowWithoutFirstFlaggerTestsFeature" name="InsertedSecondYellowIsFlaggedWhenPlayerHasNoCards" />
    </UnitTest>
    <UnitTest name="FootballChangingAssistantCoachFilterToCoachChangesItemsInTheList" storage="c:\gitlab-runner\builds\wr8mmwyb\0\livestats\livestats.football\source\test\functionaltests\bin\automation\net472\geniussports.livestats.football.functionaltests.dll" id="967c2ebf-dec5-28bc-117b-7063c87298f8">
      <Execution id="0f612a6f-748c-4c83-a93a-18de5e2d820a" />
      <TestMethod codeBase="C:\GitLab-Runner\builds\wr8MmWYb\0\LiveStats\LiveStats.Football\Source\Test\FunctionalTests\bin\Automation\net472\GeniusSports.LiveStats.Football.FunctionalTests.dll" adapterTypeName="executor://nunit3testexecutor/" className="GeniusSports.LiveStats.Football.FunctionalTests.Features.PitchScreen.Filters.StaffFilterFeature" name="FootballChangingAssistantCoachFilterToCoachChangesItemsInTheList" />
    </UnitTest>
    <UnitTest name="InsertInjuryAfterOrBeforeLastEvent(&quot;after&quot;,&quot;0035&quot;,&quot;00:35&quot;,&quot;2&quot;,&quot;1&quot;,null)" storage="c:\gitlab-runner\builds\wr8mmwyb\0\livestats\livestats.football\source\test\functionaltests\bin\automation\net472\geniussports.livestats.football.functionaltests.dll" id="05b72d7a-5ff3-e227-8a0c-14799869c35a">
      <Execution id="f4f98c55-681e-4648-9715-80df0f368392" />
      <TestMethod codeBase="C:\GitLab-Runner\builds\wr8MmWYb\0\LiveStats\LiveStats.Football\Source\Test\FunctionalTests\bin\Automation\net472\GeniusSports.LiveStats.Football.FunctionalTests.dll" adapterTypeName="executor://nunit3testexecutor/" className="GeniusSports.LiveStats.Football.FunctionalTests.Features.PitchScreen.ActionInserts.PlayerInjuryInsertFeature" name="InsertInjuryAfterOrBeforeLastEvent(&quot;after&quot;,&quot;0035&quot;,&quot;00:35&quot;,&quot;2&quot;,&quot;1&quot;,null)" />
    </UnitTest>
    <UnitTest name="GivenGameWithLeftPossession_WhenClickingTabButton_ThenSetsPossessionToRightTeam" storage="c:\gitlab-runner\builds\wr8mmwyb\0\livestats\livestats.football\source\test\functionaltests\bin\automation\net472\geniussports.livestats.football.functionaltests.dll" id="1449addf-8a46-2d41-309a-2822c189c8e5">
      <Execution id="bcd9055b-ac49-47f6-915b-805a43c0d8cc" />
      <TestMethod codeBase="C:\GitLab-Runner\builds\wr8MmWYb\0\LiveStats\LiveStats.Football\Source\Test\FunctionalTests\bin\Automation\net472\GeniusSports.LiveStats.Football.FunctionalTests.dll" adapterTypeName="executor://nunit3testexecutor/" className="GeniusSports.LiveStats.Football.FunctionalTests.Tests.PitchScreen.DeadBallTests" name="GivenGameWithLeftPossession_WhenClickingTabButton_ThenSetsPossessionToRightTeam" />
    </UnitTest>
    <UnitTest name="GivenDelayPopup_WhenConfirmingEarlyDelay_ThenDelayRegistered(Early,15)" storage="c:\gitlab-runner\builds\wr8mmwyb\0\livestats\livestats.football\source\test\functionaltests\bin\automation\net472\geniussports.livestats.football.functionaltests.dll" id="830b71e0-9ab3-3ce5-4a3d-7717d43b051f">
      <Execution id="7b8b46f7-f1a1-40ab-b7fd-31ac812d16ee" />
      <TestMethod codeBase="C:\GitLab-Runner\builds\wr8MmWYb\0\LiveStats\LiveStats.Football\Source\Test\FunctionalTests\bin\Automation\net472\GeniusSports.LiveStats.Football.FunctionalTests.dll" adapterTypeName="executor://nunit3testexecutor/" className="GeniusSports.LiveStats.Football.FunctionalTests.Tests.PitchScreen.GameMessages.GameDelayTests" name="GivenDelayPopup_WhenConfirmingEarlyDelay_ThenDelayRegistered(Early,15)" />
    </UnitTest>
    <UnitTest name="VerifyTeamColorForGoalInsertOptions(&quot;2&quot;,null)" storage="c:\gitlab-runner\builds\wr8mmwyb\0\livestats\livestats.football\source\test\functionaltests\bin\automation\net472\geniussports.livestats.football.functionaltests.dll" id="ea0968b7-8b69-a0e7-c842-4c3a3eae6c8b">
      <Execution id="38201c6c-dbff-421e-95e5-bfc870e4eacc" />
      <TestMethod codeBase="C:\GitLab-Runner\builds\wr8MmWYb\0\LiveStats\LiveStats.Football\Source\Test\FunctionalTests\bin\Automation\net472\GeniusSports.LiveStats.Football.FunctionalTests.dll" adapterTypeName="executor://nunit3testexecutor/" className="GeniusSports.LiveStats.Football.FunctionalTests.Features.PitchScreen.ActionInserts.InsertGoalFeature" name="VerifyTeamColorForGoalInsertOptions(&quot;2&quot;,null)" />
    </UnitTest>
    <UnitTest name="ShotCompletesCornerWorkflow(&quot;taken&quot;,null)" storage="c:\gitlab-runner\builds\wr8mmwyb\0\livestats\livestats.football\source\test\functionaltests\bin\automation\net472\geniussports.livestats.football.functionaltests.dll" id="355d4230-d6c3-a319-9aa0-56ddaaef82f0">
      <Execution id="d5ae76d3-6f0a-43e4-8560-861e6758e46a" />
      <TestMethod codeBase="C:\GitLab-Runner\builds\wr8MmWYb\0\LiveStats\LiveStats.Football\Source\Test\FunctionalTests\bin\Automation\net472\GeniusSports.LiveStats.Football.FunctionalTests.dll" adapterTypeName="executor://nunit3testexecutor/" className="GeniusSports.LiveStats.Football.FunctionalTests.Features.PitchScreen.ActionRegistration.ShotRegistrationFromCornerFeature" name="ShotCompletesCornerWorkflow(&quot;taken&quot;,null)" />
    </UnitTest>
    <UnitTest name="ClearPitchIsVisibleInGoalInsert(&quot;set&quot;,null)" storage="c:\gitlab-runner\builds\wr8mmwyb\0\livestats\livestats.football\source\test\functionaltests\bin\automation\net472\geniussports.livestats.football.functionaltests.dll" id="4f314e5c-ac18-1029-31e1-e89c7b001012">
      <Execution id="69229e11-0b60-4be1-9689-b58b76628e66" />
      <TestMethod codeBase="C:\GitLab-Runner\builds\wr8MmWYb\0\LiveStats\LiveStats.Football\Source\Test\FunctionalTests\bin\Automation\net472\GeniusSports.LiveStats.Football.FunctionalTests.dll" adapterTypeName="executor://nunit3testexecutor/" className="GeniusSports.LiveStats.Football.FunctionalTests.Features.PitchScreen.ActionInserts.InsertGoalFeature" name="ClearPitchIsVisibleInGoalInsert(&quot;set&quot;,null)" />
    </UnitTest>
    <UnitTest name="LoadGameUsingMatchKeyDialogIsAvailable" storage="c:\gitlab-runner\builds\wr8mmwyb\0\livestats\livestats.football\source\test\functionaltests\bin\automation\net472\geniussports.livestats.football.functionaltests.dll" id="9b379b60-d147-8bde-5cd1-c98a2648a9b2">
      <Execution id="d0d7cb65-fea3-415d-94bf-8fd5e1cdf949" />
      <TestMethod codeBase="C:\GitLab-Runner\builds\wr8MmWYb\0\LiveStats\LiveStats.Football\Source\Test\FunctionalTests\bin\Automation\net472\GeniusSports.LiveStats.Football.FunctionalTests.dll" adapterTypeName="executor://nunit3testexecutor/" className="GeniusSports.LiveStats.Football.FunctionalTests.Features.HomeScreen.OpenLoadGameUsingMatchKeyDialogFeature" name="LoadGameUsingMatchKeyDialogIsAvailable" />
    </UnitTest>
    <UnitTest name="CanEditGameSetupAndComeBackToExistingWorkflow" storage="c:\gitlab-runner\builds\wr8mmwyb\0\livestats\livestats.football\source\test\functionaltests\bin\automation\net472\geniussports.livestats.football.functionaltests.dll" id="680230de-d057-ec72-3454-5353fbc5ac24">
      <Execution id="494c97f9-e1a4-432c-882d-f057fa1b7327" />
      <TestMethod codeBase="C:\GitLab-Runner\builds\wr8MmWYb\0\LiveStats\LiveStats.Football\Source\Test\FunctionalTests\bin\Automation\net472\GeniusSports.LiveStats.Football.FunctionalTests.dll" adapterTypeName="executor://nunit3testexecutor/" className="GeniusSports.LiveStats.Football.FunctionalTests.Features.PitchScreen.ActionEdits.EditsPossibleDuringOtherWorkflowsFeature" name="CanEditGameSetupAndComeBackToExistingWorkflow" />
    </UnitTest>
    <UnitTest name="GivenActionRegistered_WhenDeletingFromExpandedActionLog_ThenDeletedInExpanded(FreeKick)" storage="c:\gitlab-runner\builds\wr8mmwyb\0\livestats\livestats.football\source\test\functionaltests\bin\automation\net472\geniussports.livestats.football.functionaltests.dll" id="81468f94-4933-753b-72f2-76efc0440dc4">
      <Execution id="cc0d7175-3489-43f2-8b6b-398dbaa9de62" />
      <TestMethod codeBase="C:\GitLab-Runner\builds\wr8MmWYb\0\LiveStats\LiveStats.Football\Source\Test\FunctionalTests\bin\Automation\net472\GeniusSports.LiveStats.Football.FunctionalTests.dll" adapterTypeName="executor://nunit3testexecutor/" className="GeniusSports.LiveStats.Football.FunctionalTests.Tests.PitchScreen.ActionDeletes.GameActionDeleteTests" name="GivenActionRegistered_WhenDeletingFromExpandedActionLog_ThenDeletedInExpanded(FreeKick)" />
    </UnitTest>
    <UnitTest name="FootballFinishPenaltyShot_OffMissWorkflow(&quot;2&quot;,&quot;1&quot;,&quot;No Save&quot;,&quot;10&quot;,&quot;50&quot;,&quot;8&quot;,&quot;11&quot;,null)" storage="c:\gitlab-runner\builds\wr8mmwyb\0\livestats\livestats.football\source\test\functionaltests\bin\automation\net472\geniussports.livestats.football.functionaltests.dll" id="24af1ac4-e4b0-4753-147e-71cd6b482e58">
      <Execution id="0dc3f631-1d6d-45fd-91e2-660a5ee89e2f" />
      <TestMethod codeBase="C:\GitLab-Runner\builds\wr8MmWYb\0\LiveStats\LiveStats.Football\Source\Test\FunctionalTests\bin\Automation\net472\GeniusSports.LiveStats.Football.FunctionalTests.dll" adapterTypeName="executor://nunit3testexecutor/" className="GeniusSports.LiveStats.Football.FunctionalTests.Features.PitchScreen.ActionRegistration.PenaltyRegistrationFeature" name="FootballFinishPenaltyShot_OffMissWorkflow(&quot;2&quot;,&quot;1&quot;,&quot;No Save&quot;,&quot;10&quot;,&quot;50&quot;,&quot;8&quot;,&quot;11&quot;,null)" />
    </UnitTest>
    <UnitTest name="GivenGameInProgress_WhenUpdatingPlayersWithoutActions_ThenPitchIsVisible" storage="c:\gitlab-runner\builds\wr8mmwyb\0\livestats\livestats.football\source\test\functionaltests\bin\automation\net472\geniussports.livestats.football.functionaltests.dll" id="4162a00d-7aec-44da-1a43-94162180b1f6">
      <Execution id="c5c478d6-e90b-4d24-a4f9-cfcd0fe278f4" />
      <TestMethod codeBase="C:\GitLab-Runner\builds\wr8MmWYb\0\LiveStats\LiveStats.Football\Source\Test\FunctionalTests\bin\Automation\net472\GeniusSports.LiveStats.Football.FunctionalTests.dll" adapterTypeName="executor://nunit3testexecutor/" className="GeniusSports.LiveStats.Football.FunctionalTests.Tests.GameSetup.EditGameSetupTests" name="GivenGameInProgress_WhenUpdatingPlayersWithoutActions_ThenPitchIsVisible" />
    </UnitTest>
    <UnitTest name="GivenGameInProgress_WhenAddingYellowAndRedCardsForAssistantCoach_ThenAssistantCoachIsMarkedWithSecondYellowLine(2,SecondYellow)" storage="c:\gitlab-runner\builds\wr8mmwyb\0\livestats\livestats.football\source\test\functionaltests\bin\automation\net472\geniussports.livestats.football.functionaltests.dll" id="d0ab3811-f5f5-0cae-2d63-4c1ae6671e36">
      <Execution id="827a5a4d-97c3-40ca-afee-eaf611904cf9" />
      <TestMethod codeBase="C:\GitLab-Runner\builds\wr8MmWYb\0\LiveStats\LiveStats.Football\Source\Test\FunctionalTests\bin\Automation\net472\GeniusSports.LiveStats.Football.FunctionalTests.dll" adapterTypeName="executor://nunit3testexecutor/" className="GeniusSports.LiveStats.Football.FunctionalTests.Tests.PitchScreen.ActionRegistration.CardRegistrationTests" name="GivenGameInProgress_WhenAddingYellowAndRedCardsForAssistantCoach_ThenAssistantCoachIsMarkedWithSecondYellowLine(2,SecondYellow)" />
    </UnitTest>
    <UnitTest name="EditCornerDuringWorkflowFromExpandedActionLog" storage="c:\gitlab-runner\builds\wr8mmwyb\0\livestats\livestats.football\source\test\functionaltests\bin\automation\net472\geniussports.livestats.football.functionaltests.dll" id="7ea6c735-e537-5709-8711-b4d141e85f9a">
      <Execution id="d4e89521-3da8-424c-8329-85c7756c5fce" />
      <TestMethod codeBase="C:\GitLab-Runner\builds\wr8MmWYb\0\LiveStats\LiveStats.Football\Source\Test\FunctionalTests\bin\Automation\net472\GeniusSports.LiveStats.Football.FunctionalTests.dll" adapterTypeName="executor://nunit3testexecutor/" className="GeniusSports.LiveStats.Football.FunctionalTests.Features.PitchScreen.ActionEdits.EditsPossibleDuringOtherWorkflowsFeature" name="EditCornerDuringWorkflowFromExpandedActionLog" />
    </UnitTest>
    <UnitTest name="GivenGoalLocationSelectedAndVarDeclared_WhenConfirmingVar_ThenNetPreviewShown" storage="c:\gitlab-runner\builds\wr8mmwyb\0\livestats\livestats.football\source\test\functionaltests\bin\automation\net472\geniussports.livestats.football.functionaltests.dll" id="4ae9173c-35ae-9533-d648-5bc665d996ec">
      <Execution id="7f6eee4a-095b-492a-865f-c63ab271cc88" />
      <TestMethod codeBase="C:\GitLab-Runner\builds\wr8MmWYb\0\LiveStats\LiveStats.Football\Source\Test\FunctionalTests\bin\Automation\net472\GeniusSports.LiveStats.Football.FunctionalTests.dll" adapterTypeName="executor://nunit3testexecutor/" className="GeniusSports.LiveStats.Football.FunctionalTests.Tests.PitchScreen.VideoAssistantReferee.GoalVarRegistrationTests" name="GivenGoalLocationSelectedAndVarDeclared_WhenConfirmingVar_ThenNetPreviewShown" />
    </UnitTest>
    <UnitTest name="GivenSetupFinished_WhenAttackDirectionPicked_ThenKickOffGameDialogPresented(2,ToLeft)" storage="c:\gitlab-runner\builds\wr8mmwyb\0\livestats\livestats.football\source\test\functionaltests\bin\automation\net472\geniussports.livestats.football.functionaltests.dll" id="378c6bd1-8b6d-9adc-a9b7-a99e73721392">
      <Execution id="dac6fce5-d987-48ad-a7c3-4311a6d0822b" />
      <TestMethod codeBase="C:\GitLab-Runner\builds\wr8MmWYb\0\LiveStats\LiveStats.Football\Source\Test\FunctionalTests\bin\Automation\net472\GeniusSports.LiveStats.Football.FunctionalTests.dll" adapterTypeName="executor://nunit3testexecutor/" className="GeniusSports.LiveStats.Football.FunctionalTests.Tests.PitchScreen.KickOffGameTests" name="GivenSetupFinished_WhenAttackDirectionPicked_ThenKickOffGameDialogPresented(2,ToLeft)" />
    </UnitTest>
    <UnitTest name="SubstitutionsCanBeFiltered" storage="c:\gitlab-runner\builds\wr8mmwyb\0\livestats\livestats.football\source\test\functionaltests\bin\automation\net472\geniussports.livestats.football.functionaltests.dll" id="fa747ce4-e0e4-b9b6-8000-0a766fd8a36a">
      <Execution id="67f6863a-ff2c-47ad-86b6-48824aa19706" />
      <TestMethod codeBase="C:\GitLab-Runner\builds\wr8MmWYb\0\LiveStats\LiveStats.Football\Source\Test\FunctionalTests\bin\Automation\net472\GeniusSports.LiveStats.Football.FunctionalTests.dll" adapterTypeName="executor://nunit3testexecutor/" className="GeniusSports.LiveStats.Football.FunctionalTests.Features.PitchScreen.Filters.ActionTypesFiltersFeature" name="SubstitutionsCanBeFiltered" />
    </UnitTest>
    <UnitTest name="DeleteCardAfterSelectingAssistantCoach(&quot;Red&quot;,&quot;Red&quot;,&quot;Red&quot;,null)" storage="c:\gitlab-runner\builds\wr8mmwyb\0\livestats\livestats.football\source\test\functionaltests\bin\automation\net472\geniussports.livestats.football.functionaltests.dll" id="2494e10a-c4e6-f6ff-960c-484b47d07265">
      <Execution id="fad216fb-0078-4ed9-a496-7f8404e9eb71" />
      <TestMethod codeBase="C:\GitLab-Runner\builds\wr8MmWYb\0\LiveStats\LiveStats.Football\Source\Test\FunctionalTests\bin\Automation\net472\GeniusSports.LiveStats.Football.FunctionalTests.dll" adapterTypeName="executor://nunit3testexecutor/" className="GeniusSports.LiveStats.Football.FunctionalTests.Features.PitchScreen.ActionRegistration.CardRegistrationFeature" name="DeleteCardAfterSelectingAssistantCoach(&quot;Red&quot;,&quot;Red&quot;,&quot;Red&quot;,null)" />
    </UnitTest>
    <UnitTest name="ChangePitchPositionForBallLandingLocation" storage="c:\gitlab-runner\builds\wr8mmwyb\0\livestats\livestats.football\source\test\functionaltests\bin\automation\net472\geniussports.livestats.football.functionaltests.dll" id="6d6e2caa-4488-c6ba-adfe-1faf09cdf232">
      <Execution id="517dbac3-77ef-493c-888e-30bc08f374c9" />
      <TestMethod codeBase="C:\GitLab-Runner\builds\wr8MmWYb\0\LiveStats\LiveStats.Football\Source\Test\FunctionalTests\bin\Automation\net472\GeniusSports.LiveStats.Football.FunctionalTests.dll" adapterTypeName="executor://nunit3testexecutor/" className="GeniusSports.LiveStats.Football.FunctionalTests.Features.PitchScreen.ActionEdits.FreeKickEditFeature" name="ChangePitchPositionForBallLandingLocation" />
    </UnitTest>
    <UnitTest name="InsertedCornerIsPresentedInScoreboard(&quot;1&quot;,&quot;2&quot;,&quot;bottom right&quot;,null)" storage="c:\gitlab-runner\builds\wr8mmwyb\0\livestats\livestats.football\source\test\functionaltests\bin\automation\net472\geniussports.livestats.football.functionaltests.dll" id="f7808d0c-c671-88b6-ec0f-4e4cf2768d98">
      <Execution id="7e1a9be0-fd73-44ba-9d7e-d3f18c9e7fd4" />
      <TestMethod codeBase="C:\GitLab-Runner\builds\wr8MmWYb\0\LiveStats\LiveStats.Football\Source\Test\FunctionalTests\bin\Automation\net472\GeniusSports.LiveStats.Football.FunctionalTests.dll" adapterTypeName="executor://nunit3testexecutor/" className="GeniusSports.LiveStats.Football.FunctionalTests.Features.PitchScreen.ActionInserts.CornerInsertFeature" name="InsertedCornerIsPresentedInScoreboard(&quot;1&quot;,&quot;2&quot;,&quot;bottom right&quot;,null)" />
    </UnitTest>
    <UnitTest name="PlayerWithActionCanBeRemovedFromLine_UpViaPlayersTab" storage="c:\gitlab-runner\builds\wr8mmwyb\0\livestats\livestats.football\source\test\functionaltests\bin\automation\net472\geniussports.livestats.football.functionaltests.dll" id="bddcf661-767e-d552-80e1-f0b41a510352">
      <Execution id="1139978f-f7f9-4eff-80c1-dd4de28d126a" />
      <TestMethod codeBase="C:\GitLab-Runner\builds\wr8MmWYb\0\LiveStats\LiveStats.Football\Source\Test\FunctionalTests\bin\Automation\net472\GeniusSports.LiveStats.Football.FunctionalTests.dll" adapterTypeName="executor://nunit3testexecutor/" className="GeniusSports.LiveStats.Football.FunctionalTests.Features.GameSetup.RemovePlayersFromStartersWithActionsFeature" name="PlayerWithActionCanBeRemovedFromLine_UpViaPlayersTab" />
    </UnitTest>
    <UnitTest name="GivenExpandedLog_WhenInsertingCardAfter_ThenScoreboardIsPresentedCorrectly(Yellow,&quot;yellow&quot;,&quot;yellow&quot;,2,0)" storage="c:\gitlab-runner\builds\wr8mmwyb\0\livestats\livestats.football\source\test\functionaltests\bin\automation\net472\geniussports.livestats.football.functionaltests.dll" id="9dc72f5f-ef18-6d8f-3b12-0bff273e29de">
      <Execution id="7d95aaab-f577-4b1b-9d6d-e95cb4e24f7e" />
      <TestMethod codeBase="C:\GitLab-Runner\builds\wr8MmWYb\0\LiveStats\LiveStats.Football\Source\Test\FunctionalTests\bin\Automation\net472\GeniusSports.LiveStats.Football.FunctionalTests.dll" adapterTypeName="executor://nunit3testexecutor/" className="GeniusSports.LiveStats.Football.FunctionalTests.Tests.PitchScreen.ActionInserts.InsertCardTests" name="GivenExpandedLog_WhenInsertingCardAfter_ThenScoreboardIsPresentedCorrectly(Yellow,&quot;yellow&quot;,&quot;yellow&quot;,2,0)" />
    </UnitTest>
    <UnitTest name="TeamFilterDoesNotShowItemsThatAreNotForThisTeam" storage="c:\gitlab-runner\builds\wr8mmwyb\0\livestats\livestats.football\source\test\functionaltests\bin\automation\net472\geniussports.livestats.football.functionaltests.dll" id="8eedd403-5c42-6abd-e98b-7fa2dd2a34d3">
      <Execution id="5653a57e-facc-4c50-a7d2-e88f906bd3f6" />
      <TestMethod codeBase="C:\GitLab-Runner\builds\wr8MmWYb\0\LiveStats\LiveStats.Football\Source\Test\FunctionalTests\bin\Automation\net472\GeniusSports.LiveStats.Football.FunctionalTests.dll" adapterTypeName="executor://nunit3testexecutor/" className="GeniusSports.LiveStats.Football.FunctionalTests.Features.PitchScreen.Filters.TeamFilterFeature" name="TeamFilterDoesNotShowItemsThatAreNotForThisTeam" />
    </UnitTest>
    <UnitTest name="CanSaveInformationAndGoToHomePageIfOnlyOneNameFieldIsPopulatedForOfficialRow" storage="c:\gitlab-runner\builds\wr8mmwyb\0\livestats\livestats.football\source\test\functionaltests\bin\automation\net472\geniussports.livestats.football.functionaltests.dll" id="3b3020e5-55d5-e445-78ca-5cab5c388528">
      <Execution id="0fd8a022-322c-410d-9217-6532e759e6fd" />
      <TestMethod codeBase="C:\GitLab-Runner\builds\wr8MmWYb\0\LiveStats\LiveStats.Football\Source\Test\FunctionalTests\bin\Automation\net472\GeniusSports.LiveStats.Football.FunctionalTests.dll" adapterTypeName="executor://nunit3testexecutor/" className="GeniusSports.LiveStats.Football.FunctionalTests.Features.GameSetup.SetupGeneralGameInformationFeature" name="CanSaveInformationAndGoToHomePageIfOnlyOneNameFieldIsPopulatedForOfficialRow" />
    </UnitTest>
    <UnitTest name="CardTypeAndReasonUpdate(&quot;Yellow&quot;,&quot;Red&quot;,&quot;Denied Goalscoring Chance&quot;,null)" storage="c:\gitlab-runner\builds\wr8mmwyb\0\livestats\livestats.football\source\test\functionaltests\bin\automation\net472\geniussports.livestats.football.functionaltests.dll" id="855f987d-ebca-43ff-0b31-925b8b9ca53f">
      <Execution id="d35b94e1-8406-4249-9f6d-db72203a2787" />
      <TestMethod codeBase="C:\GitLab-Runner\builds\wr8MmWYb\0\LiveStats\LiveStats.Football\Source\Test\FunctionalTests\bin\Automation\net472\GeniusSports.LiveStats.Football.FunctionalTests.dll" adapterTypeName="executor://nunit3testexecutor/" className="GeniusSports.LiveStats.Football.FunctionalTests.Features.PitchScreen.ActionEdits.CardEditFeature" name="CardTypeAndReasonUpdate(&quot;Yellow&quot;,&quot;Red&quot;,&quot;Denied Goalscoring Chance&quot;,null)" />
    </UnitTest>
    <UnitTest name="PenaltyShootOutKickRetake(&quot;Penalty Shot On Target&quot;,null)" storage="c:\gitlab-runner\builds\wr8mmwyb\0\livestats\livestats.football\source\test\functionaltests\bin\automation\net472\geniussports.livestats.football.functionaltests.dll" id="7d2c4bc8-4e35-b08c-9654-bb36b880df85">
      <Execution id="357d56fd-54e2-42ab-b8ef-ee1d3ae1befd" />
      <TestMethod codeBase="C:\GitLab-Runner\builds\wr8MmWYb\0\LiveStats\LiveStats.Football\Source\Test\FunctionalTests\bin\Automation\net472\GeniusSports.LiveStats.Football.FunctionalTests.dll" adapterTypeName="executor://nunit3testexecutor/" className="GeniusSports.LiveStats.Football.FunctionalTests.Features.PitchScreen.ActionRegistration.PenaltyShootoutRecordFeature" name="PenaltyShootOutKickRetake(&quot;Penalty Shot On Target&quot;,null)" />
    </UnitTest>
    <UnitTest name="FootballOpenAdjustPitchPosition" storage="c:\gitlab-runner\builds\wr8mmwyb\0\livestats\livestats.football\source\test\functionaltests\bin\automation\net472\geniussports.livestats.football.functionaltests.dll" id="39d8d8db-dd10-181e-ff2d-f35ced6f3491">
      <Execution id="7610a8c1-70ba-4943-b503-cdff1721944d" />
      <TestMethod codeBase="C:\GitLab-Runner\builds\wr8MmWYb\0\LiveStats\LiveStats.Football\Source\Test\FunctionalTests\bin\Automation\net472\GeniusSports.LiveStats.Football.FunctionalTests.dll" adapterTypeName="executor://nunit3testexecutor/" className="GeniusSports.LiveStats.Football.FunctionalTests.Features.PitchScreen.ActionEdits.GoalEditFeature" name="FootballOpenAdjustPitchPosition" />
    </UnitTest>
    <UnitTest name="StartSecondSubstitution_RemainingChanged" storage="c:\gitlab-runner\builds\wr8mmwyb\0\livestats\livestats.football\source\test\functionaltests\bin\automation\net472\geniussports.livestats.football.functionaltests.dll" id="9ef54890-bb3e-b7fe-7bd9-e9648e10d985">
      <Execution id="6139628b-501f-4dbc-bc68-6a35a3d65e09" />
      <TestMethod codeBase="C:\GitLab-Runner\builds\wr8MmWYb\0\LiveStats\LiveStats.Football\Source\Test\FunctionalTests\bin\Automation\net472\GeniusSports.LiveStats.Football.FunctionalTests.dll" adapterTypeName="executor://nunit3testexecutor/" className="GeniusSports.LiveStats.Football.FunctionalTests.Features.PitchScreen.ActionRegistration.Substitutions.RecordingSubstitutionFeature" name="StartSecondSubstitution_RemainingChanged" />
    </UnitTest>
    <UnitTest name="AddPitchLocationInGoalInsert(&quot;adjust&quot;,null)" storage="c:\gitlab-runner\builds\wr8mmwyb\0\livestats\livestats.football\source\test\functionaltests\bin\automation\net472\geniussports.livestats.football.functionaltests.dll" id="0d8077bc-4636-7e64-1595-c8989e41ea3e">
      <Execution id="d7effdc4-af4a-447f-b7f2-845f13f569f5" />
      <TestMethod codeBase="C:\GitLab-Runner\builds\wr8MmWYb\0\LiveStats\LiveStats.Football\Source\Test\FunctionalTests\bin\Automation\net472\GeniusSports.LiveStats.Football.FunctionalTests.dll" adapterTypeName="executor://nunit3testexecutor/" className="GeniusSports.LiveStats.Football.FunctionalTests.Features.PitchScreen.ActionInserts.InsertGoalFeature" name="AddPitchLocationInGoalInsert(&quot;adjust&quot;,null)" />
    </UnitTest>
    <UnitTest name="SetAdjustShotLocationForGoalInsert(&quot;adjust&quot;,null)" storage="c:\gitlab-runner\builds\wr8mmwyb\0\livestats\livestats.football\source\test\functionaltests\bin\automation\net472\geniussports.livestats.football.functionaltests.dll" id="598f234b-807a-c270-b145-f5dcb8e4e3a0">
      <Execution id="24ea82be-37d2-4b60-abb5-090bb03486d5" />
      <TestMethod codeBase="C:\GitLab-Runner\builds\wr8MmWYb\0\LiveStats\LiveStats.Football\Source\Test\FunctionalTests\bin\Automation\net472\GeniusSports.LiveStats.Football.FunctionalTests.dll" adapterTypeName="executor://nunit3testexecutor/" className="GeniusSports.LiveStats.Football.FunctionalTests.Features.PitchScreen.ActionInserts.InsertGoalFeature" name="SetAdjustShotLocationForGoalInsert(&quot;adjust&quot;,null)" />
    </UnitTest>
    <UnitTest name="EditGoalWithVARInGoalFirstStep(&quot;Foul&quot;,null)" storage="c:\gitlab-runner\builds\wr8mmwyb\0\livestats\livestats.football\source\test\functionaltests\bin\automation\net472\geniussports.livestats.football.functionaltests.dll" id="b03dd81a-b2be-203e-e586-df4472050e51">
      <Execution id="2dd61f86-056c-49b6-ad8a-d93b7f9b9427" />
      <TestMethod codeBase="C:\GitLab-Runner\builds\wr8MmWYb\0\LiveStats\LiveStats.Football\Source\Test\FunctionalTests\bin\Automation\net472\GeniusSports.LiveStats.Football.FunctionalTests.dll" adapterTypeName="executor://nunit3testexecutor/" className="GeniusSports.LiveStats.Football.FunctionalTests.Features.PitchScreen.ActionEdits.GoalEditFeature" name="EditGoalWithVARInGoalFirstStep(&quot;Foul&quot;,null)" />
    </UnitTest>
    <UnitTest name="AddTimeButtonIsPresentWhenEnteringAddedTime" storage="c:\gitlab-runner\builds\wr8mmwyb\0\livestats\livestats.football\source\test\functionaltests\bin\automation\net472\geniussports.livestats.football.functionaltests.dll" id="6dc067ef-8da7-206a-49cc-b7553eba5980">
      <Execution id="70dfac40-4bb1-40cc-9e6b-a43dada30aa9" />
      <TestMethod codeBase="C:\GitLab-Runner\builds\wr8MmWYb\0\LiveStats\LiveStats.Football\Source\Test\FunctionalTests\bin\Automation\net472\GeniusSports.LiveStats.Football.FunctionalTests.dll" adapterTypeName="executor://nunit3testexecutor/" className="GeniusSports.LiveStats.Football.FunctionalTests.Features.PitchScreen.Clock.AddedTimeRecordingFeature" name="AddTimeButtonIsPresentWhenEnteringAddedTime" />
    </UnitTest>
    <UnitTest name="SubstituteOnePair" storage="c:\gitlab-runner\builds\wr8mmwyb\0\livestats\livestats.football\source\test\functionaltests\bin\automation\net472\geniussports.livestats.football.functionaltests.dll" id="8dad6231-53d9-e530-c3e5-5c0d9bef59c8">
      <Execution id="dd49b9d5-8e3a-4fe4-b293-2a923e9ec577" />
      <TestMethod codeBase="C:\GitLab-Runner\builds\wr8MmWYb\0\LiveStats\LiveStats.Football\Source\Test\FunctionalTests\bin\Automation\net472\GeniusSports.LiveStats.Football.FunctionalTests.dll" adapterTypeName="executor://nunit3testexecutor/" className="GeniusSports.LiveStats.Football.FunctionalTests.Features.PitchScreen.ActionRegistration.Substitutions.RecordingSubstitutionFeature" name="SubstituteOnePair" />
    </UnitTest>
    <UnitTest name="VARStartedOnPenaltyWithLocationSelected(&quot;2&quot;,&quot;10&quot;,&quot;50&quot;,null)" storage="c:\gitlab-runner\builds\wr8mmwyb\0\livestats\livestats.football\source\test\functionaltests\bin\automation\net472\geniussports.livestats.football.functionaltests.dll" id="957125a5-9a23-664e-92fe-e1a2c3c1d353">
      <Execution id="d5df3849-02ef-489a-ba04-438bc98a7ad3" />
      <TestMethod codeBase="C:\GitLab-Runner\builds\wr8MmWYb\0\LiveStats\LiveStats.Football\Source\Test\FunctionalTests\bin\Automation\net472\GeniusSports.LiveStats.Football.FunctionalTests.dll" adapterTypeName="executor://nunit3testexecutor/" className="GeniusSports.LiveStats.Football.FunctionalTests.Features.PitchScreen.VideoAssistantReferee.VarRegistrationDuringPenaltyFeature" name="VARStartedOnPenaltyWithLocationSelected(&quot;2&quot;,&quot;10&quot;,&quot;50&quot;,null)" />
    </UnitTest>
    <UnitTest name="ShotConfirmsCorner" storage="c:\gitlab-runner\builds\wr8mmwyb\0\livestats\livestats.football\source\test\functionaltests\bin\automation\net472\geniussports.livestats.football.functionaltests.dll" id="6f4fa3e2-5ee7-89d0-37a5-a258a52dab8a">
      <Execution id="df90abc4-de5d-4c1f-850b-b0a609b7718a" />
      <TestMethod codeBase="C:\GitLab-Runner\builds\wr8MmWYb\0\LiveStats\LiveStats.Football\Source\Test\FunctionalTests\bin\Automation\net472\GeniusSports.LiveStats.Football.FunctionalTests.dll" adapterTypeName="executor://nunit3testexecutor/" className="GeniusSports.LiveStats.Football.FunctionalTests.Features.PitchScreen.ActionRegistration.ShotRegistrationFromCornerFeature" name="ShotConfirmsCorner" />
    </UnitTest>
    <UnitTest name="GivenFiltersSelected_WhenDeselectingFiltersFromTop_ThenShowCorrectFilteredItems" storage="c:\gitlab-runner\builds\wr8mmwyb\0\livestats\livestats.football\source\test\functionaltests\bin\automation\net472\geniussports.livestats.football.functionaltests.dll" id="01669a6d-01f5-bb77-06d5-063001f47b1f">
      <Execution id="6bdd1d4c-42d2-4451-80df-c322f528a1f4" />
      <TestMethod codeBase="C:\GitLab-Runner\builds\wr8MmWYb\0\LiveStats\LiveStats.Football\Source\Test\FunctionalTests\bin\Automation\net472\GeniusSports.LiveStats.Football.FunctionalTests.dll" adapterTypeName="executor://nunit3testexecutor/" className="GeniusSports.LiveStats.Football.FunctionalTests.Tests.PitchScreen.Filters.ShotFilterTests" name="GivenFiltersSelected_WhenDeselectingFiltersFromTop_ThenShowCorrectFilteredItems" />
    </UnitTest>
    <UnitTest name="FootballWhoScoredAndAssistSelectSamePlayer" storage="c:\gitlab-runner\builds\wr8mmwyb\0\livestats\livestats.football\source\test\functionaltests\bin\automation\net472\geniussports.livestats.football.functionaltests.dll" id="51075111-479a-3010-10eb-24cd0b51f2b7">
      <Execution id="4bc706ce-e9c4-4621-9162-59f62abb1f42" />
      <TestMethod codeBase="C:\GitLab-Runner\builds\wr8MmWYb\0\LiveStats\LiveStats.Football\Source\Test\FunctionalTests\bin\Automation\net472\GeniusSports.LiveStats.Football.FunctionalTests.dll" adapterTypeName="executor://nunit3testexecutor/" className="GeniusSports.LiveStats.Football.FunctionalTests.Features.PitchScreen.ActionEdits.GoalEditFeature" name="FootballWhoScoredAndAssistSelectSamePlayer" />
    </UnitTest>
    <UnitTest name="ChangedFreeKickReasonFromFoulToOffside" storage="c:\gitlab-runner\builds\wr8mmwyb\0\livestats\livestats.football\source\test\functionaltests\bin\automation\net472\geniussports.livestats.football.functionaltests.dll" id="74f52bdc-4426-0c57-e65a-8dddfa4c732c">
      <Execution id="3aa18b91-3d9c-4811-914e-241b7249fa48" />
      <TestMethod codeBase="C:\GitLab-Runner\builds\wr8MmWYb\0\LiveStats\LiveStats.Football\Source\Test\FunctionalTests\bin\Automation\net472\GeniusSports.LiveStats.Football.FunctionalTests.dll" adapterTypeName="executor://nunit3testexecutor/" className="GeniusSports.LiveStats.Football.FunctionalTests.Features.PitchScreen.ActionEdits.FreeKickEditFeature" name="ChangedFreeKickReasonFromFoulToOffside" />
    </UnitTest>
    <UnitTest name="CancelFreeKickInsert" storage="c:\gitlab-runner\builds\wr8mmwyb\0\livestats\livestats.football\source\test\functionaltests\bin\automation\net472\geniussports.livestats.football.functionaltests.dll" id="bbc1038f-21df-f758-7f03-90ce862c9d26">
      <Execution id="ad7b9512-97bd-4ee7-ac96-99851f819e2e" />
      <TestMethod codeBase="C:\GitLab-Runner\builds\wr8MmWYb\0\LiveStats\LiveStats.Football\Source\Test\FunctionalTests\bin\Automation\net472\GeniusSports.LiveStats.Football.FunctionalTests.dll" adapterTypeName="executor://nunit3testexecutor/" className="GeniusSports.LiveStats.Football.FunctionalTests.Features.PitchScreen.ActionInserts.FreeKickInsertFeature" name="CancelFreeKickInsert" />
    </UnitTest>
    <UnitTest name="CannotInsertActionsIntoPeriodBreak(&quot;after&quot;,&quot;PhaseEnd&quot;,null)" storage="c:\gitlab-runner\builds\wr8mmwyb\0\livestats\livestats.football\source\test\functionaltests\bin\automation\net472\geniussports.livestats.football.functionaltests.dll" id="4342eb46-cdf3-89ab-4060-de10513cb31f">
      <Execution id="291f7fe9-8ca9-4759-ac95-60257bb1f9fa" />
      <TestMethod codeBase="C:\GitLab-Runner\builds\wr8MmWYb\0\LiveStats\LiveStats.Football\Source\Test\FunctionalTests\bin\Automation\net472\GeniusSports.LiveStats.Football.FunctionalTests.dll" adapterTypeName="executor://nunit3testexecutor/" className="GeniusSports.LiveStats.Football.FunctionalTests.Features.PitchScreen.ActionInserts.PeriodBreakInsertFeature" name="CannotInsertActionsIntoPeriodBreak(&quot;after&quot;,&quot;PhaseEnd&quot;,null)" />
    </UnitTest>
    <UnitTest name="ChangeFromMadeToMiss(&quot;1&quot;,&quot;2&quot;,&quot;90&quot;,&quot;50&quot;,&quot;5&quot;,&quot;16&quot;,null)" storage="c:\gitlab-runner\builds\wr8mmwyb\0\livestats\livestats.football\source\test\functionaltests\bin\automation\net472\geniussports.livestats.football.functionaltests.dll" id="153bdd6e-7d0b-3261-8368-205a55fa354f">
      <Execution id="6b3082f7-20b5-43a7-ad74-063e4db003b1" />
      <TestMethod codeBase="C:\GitLab-Runner\builds\wr8MmWYb\0\LiveStats\LiveStats.Football\Source\Test\FunctionalTests\bin\Automation\net472\GeniusSports.LiveStats.Football.FunctionalTests.dll" adapterTypeName="executor://nunit3testexecutor/" className="GeniusSports.LiveStats.Football.FunctionalTests.Features.PitchScreen.ActionRegistration.PenaltyRegistrationFeature" name="ChangeFromMadeToMiss(&quot;1&quot;,&quot;2&quot;,&quot;90&quot;,&quot;50&quot;,&quot;5&quot;,&quot;16&quot;,null)" />
    </UnitTest>
    <UnitTest name="GivenGameReadyToKickOff_WhenGoingBackAndEditingAttackDirection_ThenTeamsChangeSidesAndKickOffButtonGrayedOut(2,ToLeft)" storage="c:\gitlab-runner\builds\wr8mmwyb\0\livestats\livestats.football\source\test\functionaltests\bin\automation\net472\geniussports.livestats.football.functionaltests.dll" id="e47ded95-431a-86a3-6d15-6ea2b64683d4">
      <Execution id="b4dd77d1-d7aa-41f9-9140-274f167cc837" />
      <TestMethod codeBase="C:\GitLab-Runner\builds\wr8MmWYb\0\LiveStats\LiveStats.Football\Source\Test\FunctionalTests\bin\Automation\net472\GeniusSports.LiveStats.Football.FunctionalTests.dll" adapterTypeName="executor://nunit3testexecutor/" className="GeniusSports.LiveStats.Football.FunctionalTests.Tests.PitchScreen.KickOffGameTests" name="GivenGameReadyToKickOff_WhenGoingBackAndEditingAttackDirection_ThenTeamsChangeSidesAndKickOffButtonGrayedOut(2,ToLeft)" />
    </UnitTest>
    <UnitTest name="CanOpenExpandedActionLogDuringThrowInWorkflow" storage="c:\gitlab-runner\builds\wr8mmwyb\0\livestats\livestats.football\source\test\functionaltests\bin\automation\net472\geniussports.livestats.football.functionaltests.dll" id="4952678e-922c-b3d1-4429-1108924fd692">
      <Execution id="148ae089-4b6c-4a52-9289-9f28e670643d" />
      <TestMethod codeBase="C:\GitLab-Runner\builds\wr8MmWYb\0\LiveStats\LiveStats.Football\Source\Test\FunctionalTests\bin\Automation\net472\GeniusSports.LiveStats.Football.FunctionalTests.dll" adapterTypeName="executor://nunit3testexecutor/" className="GeniusSports.LiveStats.Football.FunctionalTests.Features.PitchScreen.ActionRegistration.ActionsDuringWorkflowsFeature" name="CanOpenExpandedActionLogDuringThrowInWorkflow" />
    </UnitTest>
    <UnitTest name="ActionTimeUpdatedForFreeKick" storage="c:\gitlab-runner\builds\wr8mmwyb\0\livestats\livestats.football\source\test\functionaltests\bin\automation\net472\geniussports.livestats.football.functionaltests.dll" id="a2435da7-1509-ea03-f1cb-1c86c07f2c74">
      <Execution id="6344403a-361c-41e2-9a0e-e7db2b563461" />
      <TestMethod codeBase="C:\GitLab-Runner\builds\wr8MmWYb\0\LiveStats\LiveStats.Football\Source\Test\FunctionalTests\bin\Automation\net472\GeniusSports.LiveStats.Football.FunctionalTests.dll" adapterTypeName="executor://nunit3testexecutor/" className="GeniusSports.LiveStats.Football.FunctionalTests.Features.PitchScreen.ActionEdits.FreeKickEditFeature" name="ActionTimeUpdatedForFreeKick" />
    </UnitTest>
    <UnitTest name="NoOnVarOnFirstStepOfRecordCardWorkflow(&quot;2&quot;,&quot;Red&quot;,null)" storage="c:\gitlab-runner\builds\wr8mmwyb\0\livestats\livestats.football\source\test\functionaltests\bin\automation\net472\geniussports.livestats.football.functionaltests.dll" id="118489a6-4eda-5bd0-5fb8-6f0d3caa437f">
      <Execution id="f429d539-11ce-4fd5-aa66-7bdf11fe4bae" />
      <TestMethod codeBase="C:\GitLab-Runner\builds\wr8MmWYb\0\LiveStats\LiveStats.Football\Source\Test\FunctionalTests\bin\Automation\net472\GeniusSports.LiveStats.Football.FunctionalTests.dll" adapterTypeName="executor://nunit3testexecutor/" className="GeniusSports.LiveStats.Football.FunctionalTests.Features.PitchScreen.VideoAssistantReferee.CardsVarRegistrationFeature" name="NoOnVarOnFirstStepOfRecordCardWorkflow(&quot;2&quot;,&quot;Red&quot;,null)" />
    </UnitTest>
    <UnitTest name="CannotEditAllActionInExpandedActionLogThatAreNotFinishedRecording" storage="c:\gitlab-runner\builds\wr8mmwyb\0\livestats\livestats.football\source\test\functionaltests\bin\automation\net472\geniussports.livestats.football.functionaltests.dll" id="d86884b3-6ac7-9dc1-0923-e31499cc050d">
      <Execution id="d74a4437-6471-436e-a364-7f4241653426" />
      <TestMethod codeBase="C:\GitLab-Runner\builds\wr8MmWYb\0\LiveStats\LiveStats.Football\Source\Test\FunctionalTests\bin\Automation\net472\GeniusSports.LiveStats.Football.FunctionalTests.dll" adapterTypeName="executor://nunit3testexecutor/" className="GeniusSports.LiveStats.Football.FunctionalTests.Features.PitchScreen.ActionRegistration.ActionsDuringWorkflowsFeature" name="CannotEditAllActionInExpandedActionLogThatAreNotFinishedRecording" />
    </UnitTest>
    <UnitTest name="GivenSetupFinished_WhenAttackDirectionPicked_ThenKickOffGameDialogPresented(1,ToRight)" storage="c:\gitlab-runner\builds\wr8mmwyb\0\livestats\livestats.football\source\test\functionaltests\bin\automation\net472\geniussports.livestats.football.functionaltests.dll" id="75655149-dd9f-1a7b-5272-1b0125ee587f">
      <Execution id="9f1f4374-4d99-4fec-bead-4014db8f6bf1" />
      <TestMethod codeBase="C:\GitLab-Runner\builds\wr8MmWYb\0\LiveStats\LiveStats.Football\Source\Test\FunctionalTests\bin\Automation\net472\GeniusSports.LiveStats.Football.FunctionalTests.dll" adapterTypeName="executor://nunit3testexecutor/" className="GeniusSports.LiveStats.Football.FunctionalTests.Tests.PitchScreen.KickOffGameTests" name="GivenSetupFinished_WhenAttackDirectionPicked_ThenKickOffGameDialogPresented(1,ToRight)" />
    </UnitTest>
    <UnitTest name="FootballSelectVAROutcome(&quot;Stands&quot;,null)" storage="c:\gitlab-runner\builds\wr8mmwyb\0\livestats\livestats.football\source\test\functionaltests\bin\automation\net472\geniussports.livestats.football.functionaltests.dll" id="98ef8332-67aa-fa62-879c-1bd696d0ea47">
      <Execution id="06edba81-e04b-4e4d-a7fc-9b976099c5e2" />
      <TestMethod codeBase="C:\GitLab-Runner\builds\wr8MmWYb\0\LiveStats\LiveStats.Football\Source\Test\FunctionalTests\bin\Automation\net472\GeniusSports.LiveStats.Football.FunctionalTests.dll" adapterTypeName="executor://nunit3testexecutor/" className="GeniusSports.LiveStats.Football.FunctionalTests.Features.PitchScreen.ActionEdits.GoalEditFeature" name="FootballSelectVAROutcome(&quot;Stands&quot;,null)" />
    </UnitTest>
    <UnitTest name="AddedTimeRecordedActionCanBeFlagged" storage="c:\gitlab-runner\builds\wr8mmwyb\0\livestats\livestats.football\source\test\functionaltests\bin\automation\net472\geniussports.livestats.football.functionaltests.dll" id="cf527e1c-c810-98ad-0b88-c9eecff14159">
      <Execution id="3ab27508-659e-4784-b982-5097f48dec9f" />
      <TestMethod codeBase="C:\GitLab-Runner\builds\wr8MmWYb\0\LiveStats\LiveStats.Football\Source\Test\FunctionalTests\bin\Automation\net472\GeniusSports.LiveStats.Football.FunctionalTests.dll" adapterTypeName="executor://nunit3testexecutor/" className="GeniusSports.LiveStats.Football.FunctionalTests.Features.PitchScreen.Flagging.AddManualFlagFeature" name="AddedTimeRecordedActionCanBeFlagged" />
    </UnitTest>
    <UnitTest name="GivenShotRegistered_WhenUpdatingTeam_ThenShotUpdatedInEditForm" storage="c:\gitlab-runner\builds\wr8mmwyb\0\livestats\livestats.football\source\test\functionaltests\bin\automation\net472\geniussports.livestats.football.functionaltests.dll" id="95134662-59a9-f0ec-1416-338af46c8e81">
      <Execution id="febba8e4-7968-427d-8bcd-e9eb1983a920" />
      <TestMethod codeBase="C:\GitLab-Runner\builds\wr8MmWYb\0\LiveStats\LiveStats.Football\Source\Test\FunctionalTests\bin\Automation\net472\GeniusSports.LiveStats.Football.FunctionalTests.dll" adapterTypeName="executor://nunit3testexecutor/" className="GeniusSports.LiveStats.Football.FunctionalTests.Tests.PitchScreen.ActionEdits.ShotEditTests" name="GivenShotRegistered_WhenUpdatingTeam_ThenShotUpdatedInEditForm" />
    </UnitTest>
    <UnitTest name="DoNotConfirmOffencePenalty(&quot;1&quot;,&quot;2&quot;,&quot;90&quot;,&quot;50&quot;,&quot;5&quot;,null)" storage="c:\gitlab-runner\builds\wr8mmwyb\0\livestats\livestats.football\source\test\functionaltests\bin\automation\net472\geniussports.livestats.football.functionaltests.dll" id="6dbc52b6-cefb-3dce-0ffd-3051dbdc8d07">
      <Execution id="1695edf5-b200-40f4-be11-7671c2a0618d" />
      <TestMethod codeBase="C:\GitLab-Runner\builds\wr8MmWYb\0\LiveStats\LiveStats.Football\Source\Test\FunctionalTests\bin\Automation\net472\GeniusSports.LiveStats.Football.FunctionalTests.dll" adapterTypeName="executor://nunit3testexecutor/" className="GeniusSports.LiveStats.Football.FunctionalTests.Features.PitchScreen.ActionRegistration.PenaltyRegistrationFeature" name="DoNotConfirmOffencePenalty(&quot;1&quot;,&quot;2&quot;,&quot;90&quot;,&quot;50&quot;,&quot;5&quot;,null)" />
    </UnitTest>
    <UnitTest name="FootballCoachFilterOnlyShowsCoachItems" storage="c:\gitlab-runner\builds\wr8mmwyb\0\livestats\livestats.football\source\test\functionaltests\bin\automation\net472\geniussports.livestats.football.functionaltests.dll" id="d7e9a40e-5aae-ca6b-0730-d7b298794003">
      <Execution id="d9f25653-c9e1-4923-aa54-abd92ddb4ad3" />
      <TestMethod codeBase="C:\GitLab-Runner\builds\wr8MmWYb\0\LiveStats\LiveStats.Football\Source\Test\FunctionalTests\bin\Automation\net472\GeniusSports.LiveStats.Football.FunctionalTests.dll" adapterTypeName="executor://nunit3testexecutor/" className="GeniusSports.LiveStats.Football.FunctionalTests.Features.PitchScreen.Filters.StaffFilterFeature" name="FootballCoachFilterOnlyShowsCoachItems" />
    </UnitTest>
    <UnitTest name="GivenGameInProgress_WhenChangingYellowCardIntoRedDuringCardWorkflow_ThenRedCardIsRegistered(2,5,4)" storage="c:\gitlab-runner\builds\wr8mmwyb\0\livestats\livestats.football\source\test\functionaltests\bin\automation\net472\geniussports.livestats.football.functionaltests.dll" id="f9eff9f1-e62a-9c53-550b-bfc72a51974a">
      <Execution id="400f4539-268d-4d8d-af3e-6285c03ca890" />
      <TestMethod codeBase="C:\GitLab-Runner\builds\wr8MmWYb\0\LiveStats\LiveStats.Football\Source\Test\FunctionalTests\bin\Automation\net472\GeniusSports.LiveStats.Football.FunctionalTests.dll" adapterTypeName="executor://nunit3testexecutor/" className="GeniusSports.LiveStats.Football.FunctionalTests.Tests.PitchScreen.ActionRegistration.CardRegistrationTests" name="GivenGameInProgress_WhenChangingYellowCardIntoRedDuringCardWorkflow_ThenRedCardIsRegistered(2,5,4)" />
    </UnitTest>
    <UnitTest name="GivenGoalLocationSelectedAndVarDeclared_WhenClickingCancelOnConfirm_ThenPlayerHasNoGoal" storage="c:\gitlab-runner\builds\wr8mmwyb\0\livestats\livestats.football\source\test\functionaltests\bin\automation\net472\geniussports.livestats.football.functionaltests.dll" id="1d256cb6-d14a-6003-7aa7-f7489200f8a9">
      <Execution id="79abde85-67ca-41b2-b7ca-c7ceecf4757c" />
      <TestMethod codeBase="C:\GitLab-Runner\builds\wr8MmWYb\0\LiveStats\LiveStats.Football\Source\Test\FunctionalTests\bin\Automation\net472\GeniusSports.LiveStats.Football.FunctionalTests.dll" adapterTypeName="executor://nunit3testexecutor/" className="GeniusSports.LiveStats.Football.FunctionalTests.Tests.PitchScreen.VideoAssistantReferee.GoalVarRegistrationTests" name="GivenGoalLocationSelectedAndVarDeclared_WhenClickingCancelOnConfirm_ThenPlayerHasNoGoal" />
    </UnitTest>
    <UnitTest name="TimeAndCorrespondingFieldsAreAvailable" storage="c:\gitlab-runner\builds\wr8mmwyb\0\livestats\livestats.football\source\test\functionaltests\bin\automation\net472\geniussports.livestats.football.functionaltests.dll" id="157508d9-f7f3-a19e-4ab1-8412c3fc7ccb">
      <Execution id="ea8dbb0f-491c-42ba-a564-c7186c6a5998" />
      <TestMethod codeBase="C:\GitLab-Runner\builds\wr8MmWYb\0\LiveStats\LiveStats.Football\Source\Test\FunctionalTests\bin\Automation\net472\GeniusSports.LiveStats.Football.FunctionalTests.dll" adapterTypeName="executor://nunit3testexecutor/" className="GeniusSports.LiveStats.Football.FunctionalTests.Features.PitchScreen.Clock.AddedTimeRecordingFeature" name="TimeAndCorrespondingFieldsAreAvailable" />
    </UnitTest>
    <UnitTest name="CancelPenaltyGoalWorkflow(&quot;1&quot;,&quot;2&quot;,&quot;90&quot;,&quot;50&quot;,&quot;5&quot;,&quot;16&quot;,null)" storage="c:\gitlab-runner\builds\wr8mmwyb\0\livestats\livestats.football\source\test\functionaltests\bin\automation\net472\geniussports.livestats.football.functionaltests.dll" id="2856bc4f-fb68-a4c0-503f-93cbc2924598">
      <Execution id="403a24c7-9ccc-4cce-a5ff-db7ef61f6954" />
      <TestMethod codeBase="C:\GitLab-Runner\builds\wr8MmWYb\0\LiveStats\LiveStats.Football\Source\Test\FunctionalTests\bin\Automation\net472\GeniusSports.LiveStats.Football.FunctionalTests.dll" adapterTypeName="executor://nunit3testexecutor/" className="GeniusSports.LiveStats.Football.FunctionalTests.Features.PitchScreen.ActionRegistration.PenaltyRegistrationFeature" name="CancelPenaltyGoalWorkflow(&quot;1&quot;,&quot;2&quot;,&quot;90&quot;,&quot;50&quot;,&quot;5&quot;,&quot;16&quot;,null)" />
    </UnitTest>
    <UnitTest name="CannotProceedWithTwoCoaches(&quot;2&quot;,&quot;Duplicate Officials/Staff team's member role is forbidden&quot;,null)" storage="c:\gitlab-runner\builds\wr8mmwyb\0\livestats\livestats.football\source\test\functionaltests\bin\automation\net472\geniussports.livestats.football.functionaltests.dll" id="763742c7-8ce1-f0a1-de31-fc1adc350762">
      <Execution id="5eb3f300-6922-4556-bea9-45650d4cfb4e" />
      <TestMethod codeBase="C:\GitLab-Runner\builds\wr8MmWYb\0\LiveStats\LiveStats.Football\Source\Test\FunctionalTests\bin\Automation\net472\GeniusSports.LiveStats.Football.FunctionalTests.dll" adapterTypeName="executor://nunit3testexecutor/" className="GeniusSports.LiveStats.Football.FunctionalTests.Features.GameSetup.TeamsFeature" name="CannotProceedWithTwoCoaches(&quot;2&quot;,&quot;Duplicate Officials/Staff team's member role is forbidden&quot;,null)" />
    </UnitTest>
    <UnitTest name="FlagsFreekickIfGoalStartedFromMiddleOfFreekickWorkflow(&quot;foul by&quot;,&quot;2&quot;,null)" storage="c:\gitlab-runner\builds\wr8mmwyb\0\livestats\livestats.football\source\test\functionaltests\bin\automation\net472\geniussports.livestats.football.functionaltests.dll" id="48a4402d-bc3f-86bb-1444-6d4a708481e7">
      <Execution id="d3eadfe6-a8bc-4b86-bfbc-f66555529013" />
      <TestMethod codeBase="C:\GitLab-Runner\builds\wr8MmWYb\0\LiveStats\LiveStats.Football\Source\Test\FunctionalTests\bin\Automation\net472\GeniusSports.LiveStats.Football.FunctionalTests.dll" adapterTypeName="executor://nunit3testexecutor/" className="GeniusSports.LiveStats.Football.FunctionalTests.Features.PitchScreen.ActionRegistration.GoalRegistrationFromFreeKickFeature" name="FlagsFreekickIfGoalStartedFromMiddleOfFreekickWorkflow(&quot;foul by&quot;,&quot;2&quot;,null)" />
    </UnitTest>
    <UnitTest name="EnableVARInCardEdit" storage="c:\gitlab-runner\builds\wr8mmwyb\0\livestats\livestats.football\source\test\functionaltests\bin\automation\net472\geniussports.livestats.football.functionaltests.dll" id="266e7389-d34e-9dbc-4fb9-2c4e574522be">
      <Execution id="20cd42ee-586c-4601-b4e8-b651ffcd8935" />
      <TestMethod codeBase="C:\GitLab-Runner\builds\wr8MmWYb\0\LiveStats\LiveStats.Football\Source\Test\FunctionalTests\bin\Automation\net472\GeniusSports.LiveStats.Football.FunctionalTests.dll" adapterTypeName="executor://nunit3testexecutor/" className="GeniusSports.LiveStats.Football.FunctionalTests.Features.PitchScreen.ActionEdits.CardEditFeature" name="EnableVARInCardEdit" />
    </UnitTest>
    <UnitTest name="GivenGameEndedAndConfirmed_WhenOpeningExpandedLog_ThenCannotDeleteGameEnd" storage="c:\gitlab-runner\builds\wr8mmwyb\0\livestats\livestats.football\source\test\functionaltests\bin\automation\net472\geniussports.livestats.football.functionaltests.dll" id="566d8a6c-d9d8-ff2d-0b16-6a502171aa86">
      <Execution id="ff732e7a-530b-4609-a23e-73cf6a17025a" />
      <TestMethod codeBase="C:\GitLab-Runner\builds\wr8MmWYb\0\LiveStats\LiveStats.Football\Source\Test\FunctionalTests\bin\Automation\net472\GeniusSports.LiveStats.Football.FunctionalTests.dll" adapterTypeName="executor://nunit3testexecutor/" className="GeniusSports.LiveStats.Football.FunctionalTests.Tests.PitchScreen.ActionDeletes.PeriodAndGameEndsDeleteTests" name="GivenGameEndedAndConfirmed_WhenOpeningExpandedLog_ThenCannotDeleteGameEnd" />
    </UnitTest>
    <UnitTest name="GivenSecondExtraTimeHalfEndedInFootball_WhenDeletingHalfEnd_ThenHalfIsBackInProgress" storage="c:\gitlab-runner\builds\wr8mmwyb\0\livestats\livestats.football\source\test\functionaltests\bin\automation\net472\geniussports.livestats.football.functionaltests.dll" id="2810eee5-cfbd-92f3-6788-92e1c51766d5">
      <Execution id="02bef6bf-3a22-414d-a600-852eeb2239ae" />
      <TestMethod codeBase="C:\GitLab-Runner\builds\wr8MmWYb\0\LiveStats\LiveStats.Football\Source\Test\FunctionalTests\bin\Automation\net472\GeniusSports.LiveStats.Football.FunctionalTests.dll" adapterTypeName="executor://nunit3testexecutor/" className="GeniusSports.LiveStats.Football.FunctionalTests.Tests.PitchScreen.ActionDeletes.PeriodAndGameEndsDeleteTests" name="GivenSecondExtraTimeHalfEndedInFootball_WhenDeletingHalfEnd_ThenHalfIsBackInProgress" />
    </UnitTest>
    <UnitTest name="GivenGameReadyToKickOff_WhenGoingBackAndEditingAttackDirection_ThenTeamsChangeSidesAndKickOffButtonGrayedOut(1,ToLeft)" storage="c:\gitlab-runner\builds\wr8mmwyb\0\livestats\livestats.football\source\test\functionaltests\bin\automation\net472\geniussports.livestats.football.functionaltests.dll" id="52a01c3d-bc4c-038b-493e-85a8850bed35">
      <Execution id="b987b812-2c70-4a43-90f9-6b6765dc20d7" />
      <TestMethod codeBase="C:\GitLab-Runner\builds\wr8MmWYb\0\LiveStats\LiveStats.Football\Source\Test\FunctionalTests\bin\Automation\net472\GeniusSports.LiveStats.Football.FunctionalTests.dll" adapterTypeName="executor://nunit3testexecutor/" className="GeniusSports.LiveStats.Football.FunctionalTests.Tests.PitchScreen.KickOffGameTests" name="GivenGameReadyToKickOff_WhenGoingBackAndEditingAttackDirection_ThenTeamsChangeSidesAndKickOffButtonGrayedOut(1,ToLeft)" />
    </UnitTest>
    <UnitTest name="GivenGameInProgress_WhenGoalStarted_ThenVarOptionPresent" storage="c:\gitlab-runner\builds\wr8mmwyb\0\livestats\livestats.football\source\test\functionaltests\bin\automation\net472\geniussports.livestats.football.functionaltests.dll" id="8539d9ca-7eb2-df45-7efe-55f128b6f8fd">
      <Execution id="73921885-1a2a-4c75-9fda-c3d921ae9ae2" />
      <TestMethod codeBase="C:\GitLab-Runner\builds\wr8MmWYb\0\LiveStats\LiveStats.Football\Source\Test\FunctionalTests\bin\Automation\net472\GeniusSports.LiveStats.Football.FunctionalTests.dll" adapterTypeName="executor://nunit3testexecutor/" className="GeniusSports.LiveStats.Football.FunctionalTests.Tests.PitchScreen.VideoAssistantReferee.GoalVarRegistrationTests" name="GivenGameInProgress_WhenGoalStarted_ThenVarOptionPresent" />
    </UnitTest>
    <UnitTest name="CannotProceedWithEmptyPlayerSurname" storage="c:\gitlab-runner\builds\wr8mmwyb\0\livestats\livestats.football\source\test\functionaltests\bin\automation\net472\geniussports.livestats.football.functionaltests.dll" id="b542e3ed-57be-985b-6cc6-cee461b05e8b">
      <Execution id="451377d8-bd2e-4c88-acac-809acb3972a0" />
      <TestMethod codeBase="C:\GitLab-Runner\builds\wr8MmWYb\0\LiveStats\LiveStats.Football\Source\Test\FunctionalTests\bin\Automation\net472\GeniusSports.LiveStats.Football.FunctionalTests.dll" adapterTypeName="executor://nunit3testexecutor/" className="GeniusSports.LiveStats.Football.FunctionalTests.Features.GameSetup.SetupTeamsPlayersFeature" name="CannotProceedWithEmptyPlayerSurname" />
    </UnitTest>
    <UnitTest name="SelectTeamAndPlayerInGoalInsert" storage="c:\gitlab-runner\builds\wr8mmwyb\0\livestats\livestats.football\source\test\functionaltests\bin\automation\net472\geniussports.livestats.football.functionaltests.dll" id="1681c78a-0edb-4b9a-e54a-7eea34853482">
      <Execution id="89cbf93e-6e27-46f1-a21c-0bb6f2746d4c" />
      <TestMethod codeBase="C:\GitLab-Runner\builds\wr8MmWYb\0\LiveStats\LiveStats.Football\Source\Test\FunctionalTests\bin\Automation\net472\GeniusSports.LiveStats.Football.FunctionalTests.dll" adapterTypeName="executor://nunit3testexecutor/" className="GeniusSports.LiveStats.Football.FunctionalTests.Features.PitchScreen.ActionInserts.InsertGoalFeature" name="SelectTeamAndPlayerInGoalInsert" />
    </UnitTest>
    <UnitTest name="GivenActionRegistered_WhenDeletingFromExpandedActionLog_ThenDeletedInExpanded(Shot)" storage="c:\gitlab-runner\builds\wr8mmwyb\0\livestats\livestats.football\source\test\functionaltests\bin\automation\net472\geniussports.livestats.football.functionaltests.dll" id="25e8c811-dbbc-0230-eb34-5cc81beb197d">
      <Execution id="09023695-1df8-4a84-b5b5-723c7a56c7e7" />
      <TestMethod codeBase="C:\GitLab-Runner\builds\wr8MmWYb\0\LiveStats\LiveStats.Football\Source\Test\FunctionalTests\bin\Automation\net472\GeniusSports.LiveStats.Football.FunctionalTests.dll" adapterTypeName="executor://nunit3testexecutor/" className="GeniusSports.LiveStats.Football.FunctionalTests.Tests.PitchScreen.ActionDeletes.GameActionDeleteTests" name="GivenActionRegistered_WhenDeletingFromExpandedActionLog_ThenDeletedInExpanded(Shot)" />
    </UnitTest>
    <UnitTest name="ClickBackInAfterSelectingPlayer(&quot;Red&quot;,&quot;Red&quot;,null)" storage="c:\gitlab-runner\builds\wr8mmwyb\0\livestats\livestats.football\source\test\functionaltests\bin\automation\net472\geniussports.livestats.football.functionaltests.dll" id="e0644a33-f6db-45b5-4876-0bff2f27be21">
      <Execution id="4cf8baad-8983-4f97-9f8b-83204223408d" />
      <TestMethod codeBase="C:\GitLab-Runner\builds\wr8MmWYb\0\LiveStats\LiveStats.Football\Source\Test\FunctionalTests\bin\Automation\net472\GeniusSports.LiveStats.Football.FunctionalTests.dll" adapterTypeName="executor://nunit3testexecutor/" className="GeniusSports.LiveStats.Football.FunctionalTests.Features.PitchScreen.ActionRegistration.CardRegistrationFeature" name="ClickBackInAfterSelectingPlayer(&quot;Red&quot;,&quot;Red&quot;,null)" />
    </UnitTest>
    <UnitTest name="GivenGameInProgress_WhenRegisteringCardForCouch_ThenCardIsRegisteredForCoach(Yellow,1,Yellow,&quot;Yellow&quot;)" storage="c:\gitlab-runner\builds\wr8mmwyb\0\livestats\livestats.football\source\test\functionaltests\bin\automation\net472\geniussports.livestats.football.functionaltests.dll" id="3bf0cbba-65bc-6b58-af24-9fe597245c8b">
      <Execution id="33eb496c-928d-4872-a87b-ddff928081aa" />
      <TestMethod codeBase="C:\GitLab-Runner\builds\wr8MmWYb\0\LiveStats\LiveStats.Football\Source\Test\FunctionalTests\bin\Automation\net472\GeniusSports.LiveStats.Football.FunctionalTests.dll" adapterTypeName="executor://nunit3testexecutor/" className="GeniusSports.LiveStats.Football.FunctionalTests.Tests.PitchScreen.ActionRegistration.CardRegistrationTests" name="GivenGameInProgress_WhenRegisteringCardForCouch_ThenCardIsRegisteredForCoach(Yellow,1,Yellow,&quot;Yellow&quot;)" />
    </UnitTest>
    <UnitTest name="GivenShotsRegistered_WhenSelectingOffTargetShots_ThenShowOnlyOffTargetShots" storage="c:\gitlab-runner\builds\wr8mmwyb\0\livestats\livestats.football\source\test\functionaltests\bin\automation\net472\geniussports.livestats.football.functionaltests.dll" id="7effa090-6a62-da1e-ce40-a59e580c75cf">
      <Execution id="68eff7de-4a3d-4554-84c6-7e8bd9c2f4e9" />
      <TestMethod codeBase="C:\GitLab-Runner\builds\wr8MmWYb\0\LiveStats\LiveStats.Football\Source\Test\FunctionalTests\bin\Automation\net472\GeniusSports.LiveStats.Football.FunctionalTests.dll" adapterTypeName="executor://nunit3testexecutor/" className="GeniusSports.LiveStats.Football.FunctionalTests.Tests.PitchScreen.Filters.ShotFilterTests" name="GivenShotsRegistered_WhenSelectingOffTargetShots_ThenShowOnlyOffTargetShots" />
    </UnitTest>
    <UnitTest name="EditCornerDuringWorkflowFromActionLog" storage="c:\gitlab-runner\builds\wr8mmwyb\0\livestats\livestats.football\source\test\functionaltests\bin\automation\net472\geniussports.livestats.football.functionaltests.dll" id="c7bed3c2-aa42-c1b2-3ecf-39c2603ad52d">
      <Execution id="5d1141f3-f12e-4199-9ce3-0df655b4b62a" />
      <TestMethod codeBase="C:\GitLab-Runner\builds\wr8MmWYb\0\LiveStats\LiveStats.Football\Source\Test\FunctionalTests\bin\Automation\net472\GeniusSports.LiveStats.Football.FunctionalTests.dll" adapterTypeName="executor://nunit3testexecutor/" className="GeniusSports.LiveStats.Football.FunctionalTests.Features.PitchScreen.ActionEdits.EditsPossibleDuringOtherWorkflowsFeature" name="EditCornerDuringWorkflowFromActionLog" />
    </UnitTest>
    <UnitTest name="SelectPlayerForOffenceFreekick(&quot;2&quot;,&quot;1&quot;,&quot;2&quot;,null)" storage="c:\gitlab-runner\builds\wr8mmwyb\0\livestats\livestats.football\source\test\functionaltests\bin\automation\net472\geniussports.livestats.football.functionaltests.dll" id="7d3add77-fda7-a5cb-ed90-5c43a7940643">
      <Execution id="b334f93a-70aa-411a-96d0-d35a498f6ea5" />
      <TestMethod codeBase="C:\GitLab-Runner\builds\wr8MmWYb\0\LiveStats\LiveStats.Football\Source\Test\FunctionalTests\bin\Automation\net472\GeniusSports.LiveStats.Football.FunctionalTests.dll" adapterTypeName="executor://nunit3testexecutor/" className="GeniusSports.LiveStats.Football.FunctionalTests.Features.PitchScreen.ActionRegistration.FreeKickRegistrationFeature" name="SelectPlayerForOffenceFreekick(&quot;2&quot;,&quot;1&quot;,&quot;2&quot;,null)" />
    </UnitTest>
    <UnitTest name="CanInsertCardIntoPeriodBreak(&quot;after&quot;,&quot;PhaseEnd&quot;,&quot;3&quot;,&quot;45:00&quot;,null)" storage="c:\gitlab-runner\builds\wr8mmwyb\0\livestats\livestats.football\source\test\functionaltests\bin\automation\net472\geniussports.livestats.football.functionaltests.dll" id="df483ce9-49ce-3b6d-0f26-60aec68729bd">
      <Execution id="b6aad0fb-4845-4755-a0cc-627ec22fc7e8" />
      <TestMethod codeBase="C:\GitLab-Runner\builds\wr8MmWYb\0\LiveStats\LiveStats.Football\Source\Test\FunctionalTests\bin\Automation\net472\GeniusSports.LiveStats.Football.FunctionalTests.dll" adapterTypeName="executor://nunit3testexecutor/" className="GeniusSports.LiveStats.Football.FunctionalTests.Features.PitchScreen.ActionInserts.PeriodBreakInsertFeature" name="CanInsertCardIntoPeriodBreak(&quot;after&quot;,&quot;PhaseEnd&quot;,&quot;3&quot;,&quot;45:00&quot;,null)" />
    </UnitTest>
    <UnitTest name="CheckShotLocationInGoalInsert(&quot;set&quot;,null)" storage="c:\gitlab-runner\builds\wr8mmwyb\0\livestats\livestats.football\source\test\functionaltests\bin\automation\net472\geniussports.livestats.football.functionaltests.dll" id="734b0c72-a53e-b1ba-2cd2-4dd52935ba52">
      <Execution id="ac99561d-3774-446a-af59-bb6f94973be8" />
      <TestMethod codeBase="C:\GitLab-Runner\builds\wr8MmWYb\0\LiveStats\LiveStats.Football\Source\Test\FunctionalTests\bin\Automation\net472\GeniusSports.LiveStats.Football.FunctionalTests.dll" adapterTypeName="executor://nunit3testexecutor/" className="GeniusSports.LiveStats.Football.FunctionalTests.Features.PitchScreen.ActionInserts.InsertGoalFeature" name="CheckShotLocationInGoalInsert(&quot;set&quot;,null)" />
    </UnitTest>
    <UnitTest name="OffenceCanBeFiltered" storage="c:\gitlab-runner\builds\wr8mmwyb\0\livestats\livestats.football\source\test\functionaltests\bin\automation\net472\geniussports.livestats.football.functionaltests.dll" id="9e3647e0-66bb-8113-2d16-effb4387a6c3">
      <Execution id="6e52455e-62b6-427b-9abf-c0a8a9b15bed" />
      <TestMethod codeBase="C:\GitLab-Runner\builds\wr8MmWYb\0\LiveStats\LiveStats.Football\Source\Test\FunctionalTests\bin\Automation\net472\GeniusSports.LiveStats.Football.FunctionalTests.dll" adapterTypeName="executor://nunit3testexecutor/" className="GeniusSports.LiveStats.Football.FunctionalTests.Features.PitchScreen.Filters.ActionTypesFiltersFeature" name="OffenceCanBeFiltered" />
    </UnitTest>
    <UnitTest name="DoNotConfirmPenaltyGoal(&quot;2&quot;,&quot;1&quot;,&quot;10&quot;,&quot;50&quot;,&quot;8&quot;,&quot;11&quot;,null)" storage="c:\gitlab-runner\builds\wr8mmwyb\0\livestats\livestats.football\source\test\functionaltests\bin\automation\net472\geniussports.livestats.football.functionaltests.dll" id="307301a0-917c-b41f-004d-5422441b30aa">
      <Execution id="3d16d3b2-367d-4a97-8bd1-c52bef1fd0be" />
      <TestMethod codeBase="C:\GitLab-Runner\builds\wr8MmWYb\0\LiveStats\LiveStats.Football\Source\Test\FunctionalTests\bin\Automation\net472\GeniusSports.LiveStats.Football.FunctionalTests.dll" adapterTypeName="executor://nunit3testexecutor/" className="GeniusSports.LiveStats.Football.FunctionalTests.Features.PitchScreen.ActionRegistration.PenaltyRegistrationFeature" name="DoNotConfirmPenaltyGoal(&quot;2&quot;,&quot;1&quot;,&quot;10&quot;,&quot;50&quot;,&quot;8&quot;,&quot;11&quot;,null)" />
    </UnitTest>
    <UnitTest name="GivenSetupFinished_WhenSelectingReadyForKickOff_ThenKickOffIsEnabled(1,ToRight)" storage="c:\gitlab-runner\builds\wr8mmwyb\0\livestats\livestats.football\source\test\functionaltests\bin\automation\net472\geniussports.livestats.football.functionaltests.dll" id="16fdaea3-66b8-c6bb-56c9-c417fe066388">
      <Execution id="bf3f907c-0c53-44d4-8509-a618f1ed19e0" />
      <TestMethod codeBase="C:\GitLab-Runner\builds\wr8MmWYb\0\LiveStats\LiveStats.Football\Source\Test\FunctionalTests\bin\Automation\net472\GeniusSports.LiveStats.Football.FunctionalTests.dll" adapterTypeName="executor://nunit3testexecutor/" className="GeniusSports.LiveStats.Football.FunctionalTests.Tests.PitchScreen.KickOffGameTests" name="GivenSetupFinished_WhenSelectingReadyForKickOff_ThenKickOffIsEnabled(1,ToRight)" />
    </UnitTest>
    <UnitTest name="CanInsertCardIntoPeriodBreak(&quot;before&quot;,&quot;PhaseStart&quot;,&quot;3&quot;,&quot;45:00&quot;,null)" storage="c:\gitlab-runner\builds\wr8mmwyb\0\livestats\livestats.football\source\test\functionaltests\bin\automation\net472\geniussports.livestats.football.functionaltests.dll" id="d94a2925-a625-eb3b-3412-7470befe99fc">
      <Execution id="91ac35ae-01b4-40d8-94be-df4974de4378" />
      <TestMethod codeBase="C:\GitLab-Runner\builds\wr8MmWYb\0\LiveStats\LiveStats.Football\Source\Test\FunctionalTests\bin\Automation\net472\GeniusSports.LiveStats.Football.FunctionalTests.dll" adapterTypeName="executor://nunit3testexecutor/" className="GeniusSports.LiveStats.Football.FunctionalTests.Features.PitchScreen.ActionInserts.PeriodBreakInsertFeature" name="CanInsertCardIntoPeriodBreak(&quot;before&quot;,&quot;PhaseStart&quot;,&quot;3&quot;,&quot;45:00&quot;,null)" />
    </UnitTest>
    <UnitTest name="FootballSelectPlayerForRedCardAndRedReasonsAreShown(&quot;Red&quot;,&quot;Red&quot;,&quot;Serious Foul Play&quot;,&quot;Violent Conduct&quot;,&quot;Dissent&quot;,&quot;Denied Goalscoring Chance&quot;,&quot;Red&quot;,null)" storage="c:\gitlab-runner\builds\wr8mmwyb\0\livestats\livestats.football\source\test\functionaltests\bin\automation\net472\geniussports.livestats.football.functionaltests.dll" id="bca35587-b250-3ed2-6c48-304e67e0c172">
      <Execution id="8b8e2443-7970-4e7f-86bf-26c4ef2fbc90" />
      <TestMethod codeBase="C:\GitLab-Runner\builds\wr8MmWYb\0\LiveStats\LiveStats.Football\Source\Test\FunctionalTests\bin\Automation\net472\GeniusSports.LiveStats.Football.FunctionalTests.dll" adapterTypeName="executor://nunit3testexecutor/" className="GeniusSports.LiveStats.Football.FunctionalTests.Features.PitchScreen.ActionRegistration.CardRegistrationFeature" name="FootballSelectPlayerForRedCardAndRedReasonsAreShown(&quot;Red&quot;,&quot;Red&quot;,&quot;Serious Foul Play&quot;,&quot;Violent Conduct&quot;,&quot;Dissent&quot;,&quot;Denied Goalscoring Chance&quot;,&quot;Red&quot;,null)" />
    </UnitTest>
    <UnitTest name="PenaltyRetakeClearsPenaltyShotOutcome(&quot;Penalty Goal&quot;,&quot;Goal&quot;,null)" storage="c:\gitlab-runner\builds\wr8mmwyb\0\livestats\livestats.football\source\test\functionaltests\bin\automation\net472\geniussports.livestats.football.functionaltests.dll" id="0b3193f9-50d8-a1ff-a301-f1d32e779793">
      <Execution id="68c6fe7b-8424-4a70-9336-166b44e5a257" />
      <TestMethod codeBase="C:\GitLab-Runner\builds\wr8MmWYb\0\LiveStats\LiveStats.Football\Source\Test\FunctionalTests\bin\Automation\net472\GeniusSports.LiveStats.Football.FunctionalTests.dll" adapterTypeName="executor://nunit3testexecutor/" className="GeniusSports.LiveStats.Football.FunctionalTests.Features.PitchScreen.ActionRegistration.PenaltyRegistrationFeature" name="PenaltyRetakeClearsPenaltyShotOutcome(&quot;Penalty Goal&quot;,&quot;Goal&quot;,null)" />
    </UnitTest>
    <UnitTest name="GivenInterruption_WhenRecordingSub_ThenInterruptionNotCanceled" storage="c:\gitlab-runner\builds\wr8mmwyb\0\livestats\livestats.football\source\test\functionaltests\bin\automation\net472\geniussports.livestats.football.functionaltests.dll" id="e6da396d-9f54-a041-f842-a1a240f9a822">
      <Execution id="6958c6e2-136d-4d54-9917-d27415b94c08" />
      <TestMethod codeBase="C:\GitLab-Runner\builds\wr8MmWYb\0\LiveStats\LiveStats.Football\Source\Test\FunctionalTests\bin\Automation\net472\GeniusSports.LiveStats.Football.FunctionalTests.dll" adapterTypeName="executor://nunit3testexecutor/" className="GeniusSports.LiveStats.Football.FunctionalTests.Tests.PitchScreen.GameMessages.GameInterruptionTests" name="GivenInterruption_WhenRecordingSub_ThenInterruptionNotCanceled" />
    </UnitTest>
    <UnitTest name="GivenGoalStartedAndConfirmed_WhenCancelingWorkflow_ThenGoalDeleted(1,10)" storage="c:\gitlab-runner\builds\wr8mmwyb\0\livestats\livestats.football\source\test\functionaltests\bin\automation\net472\geniussports.livestats.football.functionaltests.dll" id="7c1a2b1d-1b4f-6516-7336-9c16471e3095">
      <Execution id="d4c2ef07-d561-47ca-a856-099318b18051" />
      <TestMethod codeBase="C:\GitLab-Runner\builds\wr8MmWYb\0\LiveStats\LiveStats.Football\Source\Test\FunctionalTests\bin\Automation\net472\GeniusSports.LiveStats.Football.FunctionalTests.dll" adapterTypeName="executor://nunit3testexecutor/" className="GeniusSports.LiveStats.Football.FunctionalTests.Tests.PitchScreen.ActionRegistration.GoalRegistrationTests" name="GivenGoalStartedAndConfirmed_WhenCancelingWorkflow_ThenGoalDeleted(1,10)" />
    </UnitTest>
    <UnitTest name="YesOnVarOnFirstStepOfRecordCardWorkflow(&quot;1&quot;,&quot;Red&quot;,null)" storage="c:\gitlab-runner\builds\wr8mmwyb\0\livestats\livestats.football\source\test\functionaltests\bin\automation\net472\geniussports.livestats.football.functionaltests.dll" id="b341acd8-c186-c7db-76e8-4e41176d6c3c">
      <Execution id="3e6e55c7-9b9d-4ad8-be4e-8e10efe179ab" />
      <TestMethod codeBase="C:\GitLab-Runner\builds\wr8MmWYb\0\LiveStats\LiveStats.Football\Source\Test\FunctionalTests\bin\Automation\net472\GeniusSports.LiveStats.Football.FunctionalTests.dll" adapterTypeName="executor://nunit3testexecutor/" className="GeniusSports.LiveStats.Football.FunctionalTests.Features.PitchScreen.VideoAssistantReferee.CardsVarRegistrationFeature" name="YesOnVarOnFirstStepOfRecordCardWorkflow(&quot;1&quot;,&quot;Red&quot;,null)" />
    </UnitTest>
    <UnitTest name="FootballSaveNoAssist" storage="c:\gitlab-runner\builds\wr8mmwyb\0\livestats\livestats.football\source\test\functionaltests\bin\automation\net472\geniussports.livestats.football.functionaltests.dll" id="3dcfcd25-4ae4-3f30-d7f6-68b148849149">
      <Execution id="4c48be47-04e8-446f-b064-7d7fe0c66b28" />
      <TestMethod codeBase="C:\GitLab-Runner\builds\wr8MmWYb\0\LiveStats\LiveStats.Football\Source\Test\FunctionalTests\bin\Automation\net472\GeniusSports.LiveStats.Football.FunctionalTests.dll" adapterTypeName="executor://nunit3testexecutor/" className="GeniusSports.LiveStats.Football.FunctionalTests.Features.PitchScreen.ActionEdits.GoalEditFeature" name="FootballSaveNoAssist" />
    </UnitTest>
    <UnitTest name="GivenExtraPeriodKickOffDeleted_WhenKickingOffAgain_ThenGameInProgress" storage="c:\gitlab-runner\builds\wr8mmwyb\0\livestats\livestats.football\source\test\functionaltests\bin\automation\net472\geniussports.livestats.football.functionaltests.dll" id="a2565e45-0e0a-7e6f-a072-da28af752c83">
      <Execution id="25aa8866-2ceb-49aa-9042-0dc086e1ab18" />
      <TestMethod codeBase="C:\GitLab-Runner\builds\wr8MmWYb\0\LiveStats\LiveStats.Football\Source\Test\FunctionalTests\bin\Automation\net472\GeniusSports.LiveStats.Football.FunctionalTests.dll" adapterTypeName="executor://nunit3testexecutor/" className="GeniusSports.LiveStats.Football.FunctionalTests.Tests.PitchScreen.ActionDeletes.KickOffsDeleteTests" name="GivenExtraPeriodKickOffDeleted_WhenKickingOffAgain_ThenGameInProgress" />
    </UnitTest>
    <UnitTest name="GivenGameInProgress_WhenConfirmingCardForSubstitutePlayer_ThenCardIsRegisteredForPlayer(Yellow,2,20,SecondYellow,&quot;2nd Yellow&quot;)" storage="c:\gitlab-runner\builds\wr8mmwyb\0\livestats\livestats.football\source\test\functionaltests\bin\automation\net472\geniussports.livestats.football.functionaltests.dll" id="4bf0c5d6-494e-20e5-513c-dca0fc225525">
      <Execution id="431b2f09-4acc-497a-9239-1c504fedc9d8" />
      <TestMethod codeBase="C:\GitLab-Runner\builds\wr8MmWYb\0\LiveStats\LiveStats.Football\Source\Test\FunctionalTests\bin\Automation\net472\GeniusSports.LiveStats.Football.FunctionalTests.dll" adapterTypeName="executor://nunit3testexecutor/" className="GeniusSports.LiveStats.Football.FunctionalTests.Tests.PitchScreen.ActionRegistration.CardRegistrationTests" name="GivenGameInProgress_WhenConfirmingCardForSubstitutePlayer_ThenCardIsRegisteredForPlayer(Yellow,2,20,SecondYellow,&quot;2nd Yellow&quot;)" />
    </UnitTest>
    <UnitTest name="ChangePlayerForIn" storage="c:\gitlab-runner\builds\wr8mmwyb\0\livestats\livestats.football\source\test\functionaltests\bin\automation\net472\geniussports.livestats.football.functionaltests.dll" id="5feb72cb-303e-0fb3-947e-9fe5781ce97f">
      <Execution id="f480d72a-b348-480d-9a56-5d52736e62dc" />
      <TestMethod codeBase="C:\GitLab-Runner\builds\wr8MmWYb\0\LiveStats\LiveStats.Football\Source\Test\FunctionalTests\bin\Automation\net472\GeniusSports.LiveStats.Football.FunctionalTests.dll" adapterTypeName="executor://nunit3testexecutor/" className="GeniusSports.LiveStats.Football.FunctionalTests.Features.PitchScreen.ActionEdits.SubstitutionEditFeature" name="ChangePlayerForIn" />
    </UnitTest>
    <UnitTest name="GivenDelayPopup_WhenConfirmingDelay_ThenDelayRegistered(TeamLate,855,15)" storage="c:\gitlab-runner\builds\wr8mmwyb\0\livestats\livestats.football\source\test\functionaltests\bin\automation\net472\geniussports.livestats.football.functionaltests.dll" id="a59eb1c7-5d27-0ea0-6495-ceb441210684">
      <Execution id="ef19e35e-cd6f-45a3-9ef2-e916fa0028c0" />
      <TestMethod codeBase="C:\GitLab-Runner\builds\wr8MmWYb\0\LiveStats\LiveStats.Football\Source\Test\FunctionalTests\bin\Automation\net472\GeniusSports.LiveStats.Football.FunctionalTests.dll" adapterTypeName="executor://nunit3testexecutor/" className="GeniusSports.LiveStats.Football.FunctionalTests.Tests.PitchScreen.GameMessages.GameDelayTests" name="GivenDelayPopup_WhenConfirmingDelay_ThenDelayRegistered(TeamLate,855,15)" />
    </UnitTest>
    <UnitTest name="ChangePenaltyTaker" storage="c:\gitlab-runner\builds\wr8mmwyb\0\livestats\livestats.football\source\test\functionaltests\bin\automation\net472\geniussports.livestats.football.functionaltests.dll" id="83513a41-a165-7df7-64f0-0d973ff00b4e">
      <Execution id="ece25bf7-68e8-4d8a-a69c-8c24233c9739" />
      <TestMethod codeBase="C:\GitLab-Runner\builds\wr8MmWYb\0\LiveStats\LiveStats.Football\Source\Test\FunctionalTests\bin\Automation\net472\GeniusSports.LiveStats.Football.FunctionalTests.dll" adapterTypeName="executor://nunit3testexecutor/" className="GeniusSports.LiveStats.Football.FunctionalTests.Features.PitchScreen.ActionEdits.PenaltyEditFeature" name="ChangePenaltyTaker" />
    </UnitTest>
    <UnitTest name="VarOnSecondStepOfRecordCardWorkflow(&quot;1&quot;,&quot;Red&quot;,null)" storage="c:\gitlab-runner\builds\wr8mmwyb\0\livestats\livestats.football\source\test\functionaltests\bin\automation\net472\geniussports.livestats.football.functionaltests.dll" id="fdcbda02-55d9-36d0-e524-4fe388a82b96">
      <Execution id="7a1620ef-dcd0-494a-9439-380bbad9f542" />
      <TestMethod codeBase="C:\GitLab-Runner\builds\wr8MmWYb\0\LiveStats\LiveStats.Football\Source\Test\FunctionalTests\bin\Automation\net472\GeniusSports.LiveStats.Football.FunctionalTests.dll" adapterTypeName="executor://nunit3testexecutor/" className="GeniusSports.LiveStats.Football.FunctionalTests.Features.PitchScreen.VideoAssistantReferee.CardsVarRegistrationFeature" name="VarOnSecondStepOfRecordCardWorkflow(&quot;1&quot;,&quot;Red&quot;,null)" />
    </UnitTest>
    <UnitTest name="GivenCornerOnLastStep_WhenCancelingWorkflow_ThenCornerDeleted" storage="c:\gitlab-runner\builds\wr8mmwyb\0\livestats\livestats.football\source\test\functionaltests\bin\automation\net472\geniussports.livestats.football.functionaltests.dll" id="a1cf5d31-3723-288c-6cbd-4f82c8630470">
      <Execution id="949ece79-f856-4d7f-a254-e1d217e7032e" />
      <TestMethod codeBase="C:\GitLab-Runner\builds\wr8MmWYb\0\LiveStats\LiveStats.Football\Source\Test\FunctionalTests\bin\Automation\net472\GeniusSports.LiveStats.Football.FunctionalTests.dll" adapterTypeName="executor://nunit3testexecutor/" className="GeniusSports.LiveStats.Football.FunctionalTests.Tests.PitchScreen.ActionRegistration.CornerRegistrationTests" name="GivenCornerOnLastStep_WhenCancelingWorkflow_ThenCornerDeleted" />
    </UnitTest>
    <UnitTest name="DeletingInjuryUnflagsFlaggedContainer" storage="c:\gitlab-runner\builds\wr8mmwyb\0\livestats\livestats.football\source\test\functionaltests\bin\automation\net472\geniussports.livestats.football.functionaltests.dll" id="ac8989ab-4506-2967-44b3-351b0a721ca6">
      <Execution id="793d88fc-f9cb-48c0-b429-3ece0dbf8904" />
      <TestMethod codeBase="C:\GitLab-Runner\builds\wr8MmWYb\0\LiveStats\LiveStats.Football\Source\Test\FunctionalTests\bin\Automation\net472\GeniusSports.LiveStats.Football.FunctionalTests.dll" adapterTypeName="executor://nunit3testexecutor/" className="GeniusSports.LiveStats.Football.FunctionalTests.Features.PitchScreen.Flagging.InjuredPlayerNotOnPitchFlagFeature" name="DeletingInjuryUnflagsFlaggedContainer" />
    </UnitTest>
    <UnitTest name="InsertPenaltyShootoutKickWithVARStandAfter" storage="c:\gitlab-runner\builds\wr8mmwyb\0\livestats\livestats.football\source\test\functionaltests\bin\automation\net472\geniussports.livestats.football.functionaltests.dll" id="7ee32afa-294d-1386-31ea-d7f4c95980c2">
      <Execution id="450422ab-a37b-46d9-9023-d9822e03f3a1" />
      <TestMethod codeBase="C:\GitLab-Runner\builds\wr8MmWYb\0\LiveStats\LiveStats.Football\Source\Test\FunctionalTests\bin\Automation\net472\GeniusSports.LiveStats.Football.FunctionalTests.dll" adapterTypeName="executor://nunit3testexecutor/" className="GeniusSports.LiveStats.Football.FunctionalTests.Features.PitchScreen.ActionInserts.PenaltyShootoutInsertFeature" name="InsertPenaltyShootoutKickWithVARStandAfter" />
    </UnitTest>
    <UnitTest name="SecondPeriodKick_OffCanBeDeleted" storage="c:\gitlab-runner\builds\wr8mmwyb\0\livestats\livestats.football\source\test\functionaltests\bin\automation\net472\geniussports.livestats.football.functionaltests.dll" id="116dcf32-ec23-0fb3-1dbb-7e75d8c8a848">
      <Execution id="f96d113b-fd57-45b7-b6de-f3a4f453ab06" />
      <TestMethod codeBase="C:\GitLab-Runner\builds\wr8MmWYb\0\LiveStats\LiveStats.Football\Source\Test\FunctionalTests\bin\Automation\net472\GeniusSports.LiveStats.Football.FunctionalTests.dll" adapterTypeName="executor://nunit3testexecutor/" className="GeniusSports.LiveStats.Football.FunctionalTests.Features.PitchScreen.ActionDeletes.KickOffsDeleteFeature" name="SecondPeriodKick_OffCanBeDeleted" />
    </UnitTest>
    <UnitTest name="VarAvailableAfterCardSelection(&quot;2&quot;,&quot;Yellow&quot;,null)" storage="c:\gitlab-runner\builds\wr8mmwyb\0\livestats\livestats.football\source\test\functionaltests\bin\automation\net472\geniussports.livestats.football.functionaltests.dll" id="fbff5455-ddab-d914-44c0-c484d7c1e7e1">
      <Execution id="20c39807-8286-4049-9dac-2a9eab585866" />
      <TestMethod codeBase="C:\GitLab-Runner\builds\wr8MmWYb\0\LiveStats\LiveStats.Football\Source\Test\FunctionalTests\bin\Automation\net472\GeniusSports.LiveStats.Football.FunctionalTests.dll" adapterTypeName="executor://nunit3testexecutor/" className="GeniusSports.LiveStats.Football.FunctionalTests.Features.PitchScreen.VideoAssistantReferee.CardsVarRegistrationFeature" name="VarAvailableAfterCardSelection(&quot;2&quot;,&quot;Yellow&quot;,null)" />
    </UnitTest>
    <UnitTest name="GivenExpandedActionLog_WhenInsertingGoalAfterWithAssistAndVar_ThenInsertsCorrectly" storage="c:\gitlab-runner\builds\wr8mmwyb\0\livestats\livestats.football\source\test\functionaltests\bin\automation\net472\geniussports.livestats.football.functionaltests.dll" id="21595624-a971-b92b-5cce-97e512083bc7">
      <Execution id="74184867-d4a4-4717-ac52-d9100d7d5ea4" />
      <TestMethod codeBase="C:\GitLab-Runner\builds\wr8MmWYb\0\LiveStats\LiveStats.Football\Source\Test\FunctionalTests\bin\Automation\net472\GeniusSports.LiveStats.Football.FunctionalTests.dll" adapterTypeName="executor://nunit3testexecutor/" className="GeniusSports.LiveStats.Football.FunctionalTests.Tests.PitchScreen.ActionInserts.InsertGoalTests" name="GivenExpandedActionLog_WhenInsertingGoalAfterWithAssistAndVar_ThenInsertsCorrectly" />
    </UnitTest>
    <UnitTest name="ChangeTeam" storage="c:\gitlab-runner\builds\wr8mmwyb\0\livestats\livestats.football\source\test\functionaltests\bin\automation\net472\geniussports.livestats.football.functionaltests.dll" id="15d7fe6a-05d6-1038-ea32-d74fb118e40a">
      <Execution id="e2b2333c-7dbc-452e-9395-bf83ee6818ea" />
      <TestMethod codeBase="C:\GitLab-Runner\builds\wr8MmWYb\0\LiveStats\LiveStats.Football\Source\Test\FunctionalTests\bin\Automation\net472\GeniusSports.LiveStats.Football.FunctionalTests.dll" adapterTypeName="executor://nunit3testexecutor/" className="GeniusSports.LiveStats.Football.FunctionalTests.Features.PitchScreen.ActionEdits.CornerEditFeature" name="ChangeTeam" />
    </UnitTest>
    <UnitTest name="GivenGameGameStarted_WhenKickingOffSecondHalf_ThenPossessionAndPitchLocationSet" storage="c:\gitlab-runner\builds\wr8mmwyb\0\livestats\livestats.football\source\test\functionaltests\bin\automation\net472\geniussports.livestats.football.functionaltests.dll" id="ed3d581c-6e13-ba26-eb14-4288c79f876b">
      <Execution id="001bbd6f-7534-407d-9e31-7beabec3d7c8" />
      <TestMethod codeBase="C:\GitLab-Runner\builds\wr8MmWYb\0\LiveStats\LiveStats.Football\Source\Test\FunctionalTests\bin\Automation\net472\GeniusSports.LiveStats.Football.FunctionalTests.dll" adapterTypeName="executor://nunit3testexecutor/" className="GeniusSports.LiveStats.Football.FunctionalTests.Tests.PitchScreen.GameState.BallPossessionAndLocationBetweenHalvesTests" name="GivenGameGameStarted_WhenKickingOffSecondHalf_ThenPossessionAndPitchLocationSet" />
    </UnitTest>
    <UnitTest name="InsertSubstitutionIsShownOnPitchPlayer(&quot;after&quot;,&quot;0035&quot;,&quot;00:35&quot;,&quot;1&quot;,&quot;2&quot;,null)" storage="c:\gitlab-runner\builds\wr8mmwyb\0\livestats\livestats.football\source\test\functionaltests\bin\automation\net472\geniussports.livestats.football.functionaltests.dll" id="a31ea1ce-0eb0-cb0f-88af-a7d7264afb65">
      <Execution id="7609e9e9-78cf-4186-abd6-61324073cd9c" />
      <TestMethod codeBase="C:\GitLab-Runner\builds\wr8MmWYb\0\LiveStats\LiveStats.Football\Source\Test\FunctionalTests\bin\Automation\net472\GeniusSports.LiveStats.Football.FunctionalTests.dll" adapterTypeName="executor://nunit3testexecutor/" className="GeniusSports.LiveStats.Football.FunctionalTests.Features.PitchScreen.ActionInserts.SubstitutionInsertFeature" name="InsertSubstitutionIsShownOnPitchPlayer(&quot;after&quot;,&quot;0035&quot;,&quot;00:35&quot;,&quot;1&quot;,&quot;2&quot;,null)" />
    </UnitTest>
    <UnitTest name="GivenExpandedLog_WhenInsertingCardBefore_ThenInsertedCorrectly(Red,&quot;red card&quot;)" storage="c:\gitlab-runner\builds\wr8mmwyb\0\livestats\livestats.football\source\test\functionaltests\bin\automation\net472\geniussports.livestats.football.functionaltests.dll" id="b7ac0ab8-fbfe-7ccd-2479-ffd17ce66903">
      <Execution id="ea4c2131-783b-49d6-8013-a5cf2c1bb2ba" />
      <TestMethod codeBase="C:\GitLab-Runner\builds\wr8MmWYb\0\LiveStats\LiveStats.Football\Source\Test\FunctionalTests\bin\Automation\net472\GeniusSports.LiveStats.Football.FunctionalTests.dll" adapterTypeName="executor://nunit3testexecutor/" className="GeniusSports.LiveStats.Football.FunctionalTests.Tests.PitchScreen.ActionInserts.InsertCardTests" name="GivenExpandedLog_WhenInsertingCardBefore_ThenInsertedCorrectly(Red,&quot;red card&quot;)" />
    </UnitTest>
    <UnitTest name="SelectPlayerForOffencePenalty(&quot;1&quot;,&quot;2&quot;,&quot;90&quot;,&quot;50&quot;,&quot;5&quot;,null)" storage="c:\gitlab-runner\builds\wr8mmwyb\0\livestats\livestats.football\source\test\functionaltests\bin\automation\net472\geniussports.livestats.football.functionaltests.dll" id="a3d0da4e-9160-fd4a-3221-a23e27180d71">
      <Execution id="63607bbf-6bb4-423c-aa54-8fe21036cdc2" />
      <TestMethod codeBase="C:\GitLab-Runner\builds\wr8MmWYb\0\LiveStats\LiveStats.Football\Source\Test\FunctionalTests\bin\Automation\net472\GeniusSports.LiveStats.Football.FunctionalTests.dll" adapterTypeName="executor://nunit3testexecutor/" className="GeniusSports.LiveStats.Football.FunctionalTests.Features.PitchScreen.ActionRegistration.PenaltyRegistrationFeature" name="SelectPlayerForOffencePenalty(&quot;1&quot;,&quot;2&quot;,&quot;90&quot;,&quot;50&quot;,&quot;5&quot;,null)" />
    </UnitTest>
    <UnitTest name="InsertCardWithNoDataSpecifiedWhenOverturnedByVAR" storage="c:\gitlab-runner\builds\wr8mmwyb\0\livestats\livestats.football\source\test\functionaltests\bin\automation\net472\geniussports.livestats.football.functionaltests.dll" id="c5dca657-00b3-8217-fbed-c2108e62ff6e">
      <Execution id="62eeaba2-c794-4ed4-9899-759a02eb0e49" />
      <TestMethod codeBase="C:\GitLab-Runner\builds\wr8MmWYb\0\LiveStats\LiveStats.Football\Source\Test\FunctionalTests\bin\Automation\net472\GeniusSports.LiveStats.Football.FunctionalTests.dll" adapterTypeName="executor://nunit3testexecutor/" className="GeniusSports.LiveStats.Football.FunctionalTests.Features.PitchScreen.ActionInserts.CardsInsertFeature" name="InsertCardWithNoDataSpecifiedWhenOverturnedByVAR" />
    </UnitTest>
    <UnitTest name="InsertedFreeKickIsPresentedInEditForm(&quot;offence&quot;,&quot;Offence&quot;,null)" storage="c:\gitlab-runner\builds\wr8mmwyb\0\livestats\livestats.football\source\test\functionaltests\bin\automation\net472\geniussports.livestats.football.functionaltests.dll" id="c66bcd80-3373-f3fc-60a9-aa983c1c6327">
      <Execution id="27d0eeff-01a3-47c3-8891-5130b0322b4d" />
      <TestMethod codeBase="C:\GitLab-Runner\builds\wr8MmWYb\0\LiveStats\LiveStats.Football\Source\Test\FunctionalTests\bin\Automation\net472\GeniusSports.LiveStats.Football.FunctionalTests.dll" adapterTypeName="executor://nunit3testexecutor/" className="GeniusSports.LiveStats.Football.FunctionalTests.Features.PitchScreen.ActionInserts.FreeKickInsertFeature" name="InsertedFreeKickIsPresentedInEditForm(&quot;offence&quot;,&quot;Offence&quot;,null)" />
    </UnitTest>
    <UnitTest name="SubstituteTwoPairs" storage="c:\gitlab-runner\builds\wr8mmwyb\0\livestats\livestats.football\source\test\functionaltests\bin\automation\net472\geniussports.livestats.football.functionaltests.dll" id="120acc02-5586-da4d-c7a2-93f36e85a847">
      <Execution id="7b34fe7f-f03f-461a-b780-32cced839f6c" />
      <TestMethod codeBase="C:\GitLab-Runner\builds\wr8MmWYb\0\LiveStats\LiveStats.Football\Source\Test\FunctionalTests\bin\Automation\net472\GeniusSports.LiveStats.Football.FunctionalTests.dll" adapterTypeName="executor://nunit3testexecutor/" className="GeniusSports.LiveStats.Football.FunctionalTests.Features.PitchScreen.ActionRegistration.Substitutions.RecordingSubstitutionFeature" name="SubstituteTwoPairs" />
    </UnitTest>
    <UnitTest name="GivenSetupFinished_WhenKickingOffGame_ThenGameIsStarted(2,ToRight)" storage="c:\gitlab-runner\builds\wr8mmwyb\0\livestats\livestats.football\source\test\functionaltests\bin\automation\net472\geniussports.livestats.football.functionaltests.dll" id="64bb4e25-b113-44d7-30fd-5cb57666a7c3">
      <Execution id="71d69b16-9437-4a4f-b4ec-7026771c1f18" />
      <TestMethod codeBase="C:\GitLab-Runner\builds\wr8MmWYb\0\LiveStats\LiveStats.Football\Source\Test\FunctionalTests\bin\Automation\net472\GeniusSports.LiveStats.Football.FunctionalTests.dll" adapterTypeName="executor://nunit3testexecutor/" className="GeniusSports.LiveStats.Football.FunctionalTests.Tests.PitchScreen.KickOffGameTests" name="GivenSetupFinished_WhenKickingOffGame_ThenGameIsStarted(2,ToRight)" />
    </UnitTest>
    <UnitTest name="FlaggedFilterShowsUserFlaggedItems" storage="c:\gitlab-runner\builds\wr8mmwyb\0\livestats\livestats.football\source\test\functionaltests\bin\automation\net472\geniussports.livestats.football.functionaltests.dll" id="ba1649d0-d90b-8d78-fe21-fe24d5401f26">
      <Execution id="38fb2f7d-ad0a-4262-8881-cb7d3918a3ce" />
      <TestMethod codeBase="C:\GitLab-Runner\builds\wr8MmWYb\0\LiveStats\LiveStats.Football\Source\Test\FunctionalTests\bin\Automation\net472\GeniusSports.LiveStats.Football.FunctionalTests.dll" adapterTypeName="executor://nunit3testexecutor/" className="GeniusSports.LiveStats.Football.FunctionalTests.Features.PitchScreen.Filters.FlaggedFilterFeature" name="FlaggedFilterShowsUserFlaggedItems" />
    </UnitTest>
    <UnitTest name="OpenAdjustPitchPositionForBallLandingLocation" storage="c:\gitlab-runner\builds\wr8mmwyb\0\livestats\livestats.football\source\test\functionaltests\bin\automation\net472\geniussports.livestats.football.functionaltests.dll" id="e80f6ae1-1e8f-d4e3-64a5-e606c8692dc1">
      <Execution id="0a61667f-461e-46e4-9dc5-4cbbb4edb7d6" />
      <TestMethod codeBase="C:\GitLab-Runner\builds\wr8MmWYb\0\LiveStats\LiveStats.Football\Source\Test\FunctionalTests\bin\Automation\net472\GeniusSports.LiveStats.Football.FunctionalTests.dll" adapterTypeName="executor://nunit3testexecutor/" className="GeniusSports.LiveStats.Football.FunctionalTests.Features.PitchScreen.ActionEdits.FreeKickEditFeature" name="OpenAdjustPitchPositionForBallLandingLocation" />
    </UnitTest>
    <UnitTest name="FreeKickActionFlagCanBeReviewedInActionEditScreen" storage="c:\gitlab-runner\builds\wr8mmwyb\0\livestats\livestats.football\source\test\functionaltests\bin\automation\net472\geniussports.livestats.football.functionaltests.dll" id="b59e576a-0116-63e6-f879-38431e482fbf">
      <Execution id="df78fe68-97d7-4aaf-a7b6-92a7cc5d9cf3" />
      <TestMethod codeBase="C:\GitLab-Runner\builds\wr8MmWYb\0\LiveStats\LiveStats.Football\Source\Test\FunctionalTests\bin\Automation\net472\GeniusSports.LiveStats.Football.FunctionalTests.dll" adapterTypeName="executor://nunit3testexecutor/" className="GeniusSports.LiveStats.Football.FunctionalTests.Features.PitchScreen.Flagging.AddManualFlagFeature" name="FreeKickActionFlagCanBeReviewedInActionEditScreen" />
    </UnitTest>
    <UnitTest name="CardTypeAndReasonUpdate(&quot;Red&quot;,&quot;Yellow&quot;,&quot;Unsporting&quot;,null)" storage="c:\gitlab-runner\builds\wr8mmwyb\0\livestats\livestats.football\source\test\functionaltests\bin\automation\net472\geniussports.livestats.football.functionaltests.dll" id="d4c369b2-c48c-7ff5-ae07-630a40b7d486">
      <Execution id="780269c1-5dd8-47db-9c4e-47e1a2422558" />
      <TestMethod codeBase="C:\GitLab-Runner\builds\wr8MmWYb\0\LiveStats\LiveStats.Football\Source\Test\FunctionalTests\bin\Automation\net472\GeniusSports.LiveStats.Football.FunctionalTests.dll" adapterTypeName="executor://nunit3testexecutor/" className="GeniusSports.LiveStats.Football.FunctionalTests.Features.PitchScreen.ActionEdits.CardEditFeature" name="CardTypeAndReasonUpdate(&quot;Red&quot;,&quot;Yellow&quot;,&quot;Unsporting&quot;,null)" />
    </UnitTest>
    <UnitTest name="CurrentWorkflowActionIsFlaggedIfPreviousEditsImpactCurrentItem" storage="c:\gitlab-runner\builds\wr8mmwyb\0\livestats\livestats.football\source\test\functionaltests\bin\automation\net472\geniussports.livestats.football.functionaltests.dll" id="45c5e6e4-b783-e923-7ad9-9a490ccd8f2d">
      <Execution id="372604b2-29d6-4271-bd04-a03a7ee29e38" />
      <TestMethod codeBase="C:\GitLab-Runner\builds\wr8MmWYb\0\LiveStats\LiveStats.Football\Source\Test\FunctionalTests\bin\Automation\net472\GeniusSports.LiveStats.Football.FunctionalTests.dll" adapterTypeName="executor://nunit3testexecutor/" className="GeniusSports.LiveStats.Football.FunctionalTests.Features.PitchScreen.ActionEdits.EditsPossibleDuringOtherWorkflowsFeature" name="CurrentWorkflowActionIsFlaggedIfPreviousEditsImpactCurrentItem" />
    </UnitTest>
    <UnitTest name="CardReasonUpdate(&quot;Yellow&quot;,&quot;Unsporting&quot;,null)" storage="c:\gitlab-runner\builds\wr8mmwyb\0\livestats\livestats.football\source\test\functionaltests\bin\automation\net472\geniussports.livestats.football.functionaltests.dll" id="a205501e-ca94-3c5d-0275-b693d8b9c2ad">
      <Execution id="1e7b8498-f73e-4f93-8bd9-36e6da281c39" />
      <TestMethod codeBase="C:\GitLab-Runner\builds\wr8MmWYb\0\LiveStats\LiveStats.Football\Source\Test\FunctionalTests\bin\Automation\net472\GeniusSports.LiveStats.Football.FunctionalTests.dll" adapterTypeName="executor://nunit3testexecutor/" className="GeniusSports.LiveStats.Football.FunctionalTests.Features.PitchScreen.ActionEdits.CardEditFeature" name="CardReasonUpdate(&quot;Yellow&quot;,&quot;Unsporting&quot;,null)" />
    </UnitTest>
    <UnitTest name="GivenGameInProgress_WhenSelectingPlayerForPenaltyKick_ThenPlayerIsSelectedForPenaltyKick(2,1,8,11,10)" storage="c:\gitlab-runner\builds\wr8mmwyb\0\livestats\livestats.football\source\test\functionaltests\bin\automation\net472\geniussports.livestats.football.functionaltests.dll" id="d6f3f09b-826a-3e5c-8544-20afd485ccbb">
      <Execution id="260b5b07-a4fc-43d2-94f0-9187636457ef" />
      <TestMethod codeBase="C:\GitLab-Runner\builds\wr8MmWYb\0\LiveStats\LiveStats.Football\Source\Test\FunctionalTests\bin\Automation\net472\GeniusSports.LiveStats.Football.FunctionalTests.dll" adapterTypeName="executor://nunit3testexecutor/" className="GeniusSports.LiveStats.Football.FunctionalTests.Tests.PitchScreen.ActionRegistration.PenaltyRegistrationTests" name="GivenGameInProgress_WhenSelectingPlayerForPenaltyKick_ThenPlayerIsSelectedForPenaltyKick(2,1,8,11,10)" />
    </UnitTest>
    <UnitTest name="PitchAndPossessionIsNotSetOnPSO" storage="c:\gitlab-runner\builds\wr8mmwyb\0\livestats\livestats.football\source\test\functionaltests\bin\automation\net472\geniussports.livestats.football.functionaltests.dll" id="ce3778e1-125d-b1a2-3bd9-f526e2538448">
      <Execution id="163805fd-8773-4847-861b-ec9355ac6d53" />
      <TestMethod codeBase="C:\GitLab-Runner\builds\wr8MmWYb\0\LiveStats\LiveStats.Football\Source\Test\FunctionalTests\bin\Automation\net472\GeniusSports.LiveStats.Football.FunctionalTests.dll" adapterTypeName="executor://nunit3testexecutor/" className="GeniusSports.LiveStats.Football.FunctionalTests.Features.PitchScreen.GameState.BallPossessionAndLocationBetweenHalvesFeature" name="PitchAndPossessionIsNotSetOnPSO" />
    </UnitTest>
    <UnitTest name="EditCardWithVAROverturnedInCardFirstStep" storage="c:\gitlab-runner\builds\wr8mmwyb\0\livestats\livestats.football\source\test\functionaltests\bin\automation\net472\geniussports.livestats.football.functionaltests.dll" id="269a1108-5a5f-17df-157a-8c53ca134932">
      <Execution id="87839024-1ff2-4217-9bbc-2fc36d5cab15" />
      <TestMethod codeBase="C:\GitLab-Runner\builds\wr8MmWYb\0\LiveStats\LiveStats.Football\Source\Test\FunctionalTests\bin\Automation\net472\GeniusSports.LiveStats.Football.FunctionalTests.dll" adapterTypeName="executor://nunit3testexecutor/" className="GeniusSports.LiveStats.Football.FunctionalTests.Features.PitchScreen.ActionEdits.CardEditFeature" name="EditCardWithVAROverturnedInCardFirstStep" />
    </UnitTest>
    <UnitTest name="CornerCanBeFiltered" storage="c:\gitlab-runner\builds\wr8mmwyb\0\livestats\livestats.football\source\test\functionaltests\bin\automation\net472\geniussports.livestats.football.functionaltests.dll" id="942ced9d-6e83-c15f-48d5-103b0ff318dd">
      <Execution id="ced64c95-2d10-4fb2-9870-8284d03c6d34" />
      <TestMethod codeBase="C:\GitLab-Runner\builds\wr8MmWYb\0\LiveStats\LiveStats.Football\Source\Test\FunctionalTests\bin\Automation\net472\GeniusSports.LiveStats.Football.FunctionalTests.dll" adapterTypeName="executor://nunit3testexecutor/" className="GeniusSports.LiveStats.Football.FunctionalTests.Features.PitchScreen.Filters.ActionTypesFiltersFeature" name="CornerCanBeFiltered" />
    </UnitTest>
    <UnitTest name="WhenFinishingGameWithTiesWhenShootoutsEnabledEntersShootoutPhase" storage="c:\gitlab-runner\builds\wr8mmwyb\0\livestats\livestats.football\source\test\functionaltests\bin\automation\net472\geniussports.livestats.football.functionaltests.dll" id="4e3bbbf8-cf87-ae69-42eb-d6c859fbae47">
      <Execution id="d2a8a1de-a020-40d6-90ff-a9ca46c1169e" />
      <TestMethod codeBase="C:\GitLab-Runner\builds\wr8MmWYb\0\LiveStats\LiveStats.Football\Source\Test\FunctionalTests\bin\Automation\net472\GeniusSports.LiveStats.Football.FunctionalTests.dll" adapterTypeName="executor://nunit3testexecutor/" className="GeniusSports.LiveStats.Football.FunctionalTests.Features.PitchScreen.ActionRegistration.PenaltyShootoutRecordFeature" name="WhenFinishingGameWithTiesWhenShootoutsEnabledEntersShootoutPhase" />
    </UnitTest>
    <UnitTest name="DeletingSubBeforeActionFlagsWhenPlayerNotOnPitchAnymore" storage="c:\gitlab-runner\builds\wr8mmwyb\0\livestats\livestats.football\source\test\functionaltests\bin\automation\net472\geniussports.livestats.football.functionaltests.dll" id="ccf3aece-10d3-6d53-0976-97791e35a263">
      <Execution id="6d58d161-9220-44af-86d3-aafe53ce6cb7" />
      <TestMethod codeBase="C:\GitLab-Runner\builds\wr8MmWYb\0\LiveStats\LiveStats.Football\Source\Test\FunctionalTests\bin\Automation\net472\GeniusSports.LiveStats.Football.FunctionalTests.dll" adapterTypeName="executor://nunit3testexecutor/" className="GeniusSports.LiveStats.Football.FunctionalTests.Features.PitchScreen.Flagging.PlayerNotOnPitchFlagFeature" name="DeletingSubBeforeActionFlagsWhenPlayerNotOnPitchAnymore" />
    </UnitTest>
    <UnitTest name="GivenManualGameStarted_WhenClosingWithSave_ThenGameShownInDashboard" storage="c:\gitlab-runner\builds\wr8mmwyb\0\livestats\livestats.football\source\test\functionaltests\bin\automation\net472\geniussports.livestats.football.functionaltests.dll" id="905803e2-0f4e-5ccc-43f8-49d751706147">
      <Execution id="d56e3412-f913-4ba4-9b3e-d528c7b05689" />
      <TestMethod codeBase="C:\GitLab-Runner\builds\wr8MmWYb\0\LiveStats\LiveStats.Football\Source\Test\FunctionalTests\bin\Automation\net472\GeniusSports.LiveStats.Football.FunctionalTests.dll" adapterTypeName="executor://nunit3testexecutor/" className="GeniusSports.LiveStats.Football.FunctionalTests.Tests.GameSetup.DiscardAndCloseGameTests" name="GivenManualGameStarted_WhenClosingWithSave_ThenGameShownInDashboard" />
    </UnitTest>
    <UnitTest name="DeleteCardColorCardAfterSelectingPlayer(&quot;Yellow&quot;,&quot;2nd Yellow&quot;,null)" storage="c:\gitlab-runner\builds\wr8mmwyb\0\livestats\livestats.football\source\test\functionaltests\bin\automation\net472\geniussports.livestats.football.functionaltests.dll" id="ed3dd5c8-9500-0285-7163-30226d53f2e9">
      <Execution id="85ebdc69-d270-4cf4-b146-cb5cf5b256ed" />
      <TestMethod codeBase="C:\GitLab-Runner\builds\wr8MmWYb\0\LiveStats\LiveStats.Football\Source\Test\FunctionalTests\bin\Automation\net472\GeniusSports.LiveStats.Football.FunctionalTests.dll" adapterTypeName="executor://nunit3testexecutor/" className="GeniusSports.LiveStats.Football.FunctionalTests.Features.PitchScreen.ActionRegistration.CardRegistrationFeature" name="DeleteCardColorCardAfterSelectingPlayer(&quot;Yellow&quot;,&quot;2nd Yellow&quot;,null)" />
    </UnitTest>
    <UnitTest name="GivenFreeKickStarted_WhenFinishingFreeKickWithGoal_ThenFreeKickIsCompleted" storage="c:\gitlab-runner\builds\wr8mmwyb\0\livestats\livestats.football\source\test\functionaltests\bin\automation\net472\geniussports.livestats.football.functionaltests.dll" id="47f3c121-e4be-5c7e-3477-dd005ee30e46">
      <Execution id="abb72597-93df-45e0-bdd0-27ea61857595" />
      <TestMethod codeBase="C:\GitLab-Runner\builds\wr8MmWYb\0\LiveStats\LiveStats.Football\Source\Test\FunctionalTests\bin\Automation\net472\GeniusSports.LiveStats.Football.FunctionalTests.dll" adapterTypeName="executor://nunit3testexecutor/" className="GeniusSports.LiveStats.Football.FunctionalTests.Tests.PitchScreen.ActionRegistration.GoalRegistrationFromFreeKickTests" name="GivenFreeKickStarted_WhenFinishingFreeKickWithGoal_ThenFreeKickIsCompleted" />
    </UnitTest>
    <UnitTest name="GivenFixtureGameStartedAndFilled_WhenClosingWithDiscardAndOpeningAgain_ThenOpensFreshGame" storage="c:\gitlab-runner\builds\wr8mmwyb\0\livestats\livestats.football\source\test\functionaltests\bin\automation\net472\geniussports.livestats.football.functionaltests.dll" id="b2021c3c-fc6b-47f1-cc1b-7aa63fa1552e">
      <Execution id="3436393b-70f5-4641-8124-146d1c92bcf0" />
      <TestMethod codeBase="C:\GitLab-Runner\builds\wr8MmWYb\0\LiveStats\LiveStats.Football\Source\Test\FunctionalTests\bin\Automation\net472\GeniusSports.LiveStats.Football.FunctionalTests.dll" adapterTypeName="executor://nunit3testexecutor/" className="GeniusSports.LiveStats.Football.FunctionalTests.Tests.GameSetup.DiscardAndCloseGameTests" name="GivenFixtureGameStartedAndFilled_WhenClosingWithDiscardAndOpeningAgain_ThenOpensFreshGame" />
    </UnitTest>
    <UnitTest name="ShotCompletesFreeKickWorkflow" storage="c:\gitlab-runner\builds\wr8mmwyb\0\livestats\livestats.football\source\test\functionaltests\bin\automation\net472\geniussports.livestats.football.functionaltests.dll" id="e1f3da68-1daa-09fd-00ec-6cd4a8afd07f">
      <Execution id="a5ec29fb-41b2-4eb3-a780-2aa7d324b50b" />
      <TestMethod codeBase="C:\GitLab-Runner\builds\wr8MmWYb\0\LiveStats\LiveStats.Football\Source\Test\FunctionalTests\bin\Automation\net472\GeniusSports.LiveStats.Football.FunctionalTests.dll" adapterTypeName="executor://nunit3testexecutor/" className="GeniusSports.LiveStats.Football.FunctionalTests.Features.PitchScreen.ActionRegistration.ShotRegistrationFromFreeKickFeature" name="ShotCompletesFreeKickWorkflow" />
    </UnitTest>
    <UnitTest name="SelectVarReasonAndOutcomeOverturned(&quot;Overturned&quot;,&quot;Foul&quot;,null)" storage="c:\gitlab-runner\builds\wr8mmwyb\0\livestats\livestats.football\source\test\functionaltests\bin\automation\net472\geniussports.livestats.football.functionaltests.dll" id="b776a997-ce4a-5476-c42b-7fe379d4c9bf">
      <Execution id="2060a15d-eb4f-48dd-b3c2-53a64a169405" />
      <TestMethod codeBase="C:\GitLab-Runner\builds\wr8MmWYb\0\LiveStats\LiveStats.Football\Source\Test\FunctionalTests\bin\Automation\net472\GeniusSports.LiveStats.Football.FunctionalTests.dll" adapterTypeName="executor://nunit3testexecutor/" className="GeniusSports.LiveStats.Football.FunctionalTests.Features.PitchScreen.ActionInserts.InsertGoalFeature" name="SelectVarReasonAndOutcomeOverturned(&quot;Overturned&quot;,&quot;Foul&quot;,null)" />
    </UnitTest>
    <UnitTest name="InsertGoalPenaltyShootoutKickIsPresentedInScoreboard" storage="c:\gitlab-runner\builds\wr8mmwyb\0\livestats\livestats.football\source\test\functionaltests\bin\automation\net472\geniussports.livestats.football.functionaltests.dll" id="80905701-2cf2-a947-7638-ee653bc99316">
      <Execution id="3b4dfa67-8ea9-4ebb-ab34-3a3686e52031" />
      <TestMethod codeBase="C:\GitLab-Runner\builds\wr8MmWYb\0\LiveStats\LiveStats.Football\Source\Test\FunctionalTests\bin\Automation\net472\GeniusSports.LiveStats.Football.FunctionalTests.dll" adapterTypeName="executor://nunit3testexecutor/" className="GeniusSports.LiveStats.Football.FunctionalTests.Features.PitchScreen.ActionInserts.PenaltyShootoutInsertFeature" name="InsertGoalPenaltyShootoutKickIsPresentedInScoreboard" />
    </UnitTest>
    <UnitTest name="WhenDeletingExcessiveYellowsThenUnflags" storage="c:\gitlab-runner\builds\wr8mmwyb\0\livestats\livestats.football\source\test\functionaltests\bin\automation\net472\geniussports.livestats.football.functionaltests.dll" id="43e808d4-c780-45d1-f5af-d9817b304f58">
      <Execution id="4c0e138d-545a-4cc5-ab1b-185ab963b31b" />
      <TestMethod codeBase="C:\GitLab-Runner\builds\wr8MmWYb\0\LiveStats\LiveStats.Football\Source\Test\FunctionalTests\bin\Automation\net472\GeniusSports.LiveStats.Football.FunctionalTests.dll" adapterTypeName="executor://nunit3testexecutor/" className="GeniusSports.LiveStats.Football.FunctionalTests.Features.PitchScreen.Flagging.ExcessiveYellowCardsFlaggerTestsFeature" name="WhenDeletingExcessiveYellowsThenUnflags" />
    </UnitTest>
    <UnitTest name="SelectTeamInGoalInsert" storage="c:\gitlab-runner\builds\wr8mmwyb\0\livestats\livestats.football\source\test\functionaltests\bin\automation\net472\geniussports.livestats.football.functionaltests.dll" id="df42a367-e0bc-d33d-edc5-cf1b5578e4e0">
      <Execution id="9ac7814d-3558-4dd6-a9c1-9f7524ef7c73" />
      <TestMethod codeBase="C:\GitLab-Runner\builds\wr8MmWYb\0\LiveStats\LiveStats.Football\Source\Test\FunctionalTests\bin\Automation\net472\GeniusSports.LiveStats.Football.FunctionalTests.dll" adapterTypeName="executor://nunit3testexecutor/" className="GeniusSports.LiveStats.Football.FunctionalTests.Features.PitchScreen.ActionInserts.InsertGoalFeature" name="SelectTeamInGoalInsert" />
    </UnitTest>
    <UnitTest name="GivenActionRegistered_WhenDeletingFromExpandedActionLog_ThenDeletedPitchLog(Injury)" storage="c:\gitlab-runner\builds\wr8mmwyb\0\livestats\livestats.football\source\test\functionaltests\bin\automation\net472\geniussports.livestats.football.functionaltests.dll" id="6599ce3e-a47e-9e66-f3d1-c5bac03ccb7a">
      <Execution id="43f1b539-c26c-4918-834c-10b10d68a440" />
      <TestMethod codeBase="C:\GitLab-Runner\builds\wr8MmWYb\0\LiveStats\LiveStats.Football\Source\Test\FunctionalTests\bin\Automation\net472\GeniusSports.LiveStats.Football.FunctionalTests.dll" adapterTypeName="executor://nunit3testexecutor/" className="GeniusSports.LiveStats.Football.FunctionalTests.Tests.PitchScreen.ActionDeletes.GameActionDeleteTests" name="GivenActionRegistered_WhenDeletingFromExpandedActionLog_ThenDeletedPitchLog(Injury)" />
    </UnitTest>
    <UnitTest name="PenaltyShootOutKickRetakeClearsPenaltyKickOutcome(&quot;Penalty Goal&quot;,&quot;Goal&quot;,null)" storage="c:\gitlab-runner\builds\wr8mmwyb\0\livestats\livestats.football\source\test\functionaltests\bin\automation\net472\geniussports.livestats.football.functionaltests.dll" id="583c5328-d59a-2b93-48f8-f744087cf7ee">
      <Execution id="1e007aab-7ce8-48dd-8424-4a48b3f59372" />
      <TestMethod codeBase="C:\GitLab-Runner\builds\wr8MmWYb\0\LiveStats\LiveStats.Football\Source\Test\FunctionalTests\bin\Automation\net472\GeniusSports.LiveStats.Football.FunctionalTests.dll" adapterTypeName="executor://nunit3testexecutor/" className="GeniusSports.LiveStats.Football.FunctionalTests.Features.PitchScreen.ActionRegistration.PenaltyShootoutRecordFeature" name="PenaltyShootOutKickRetakeClearsPenaltyKickOutcome(&quot;Penalty Goal&quot;,&quot;Goal&quot;,null)" />
    </UnitTest>
    <UnitTest name="GivenGameWithCard_WhenEditingCardTeam_ThenTeamUpdated" storage="c:\gitlab-runner\builds\wr8mmwyb\0\livestats\livestats.football\source\test\functionaltests\bin\automation\net472\geniussports.livestats.football.functionaltests.dll" id="9ab8b65b-6014-6ddc-117c-47f5b9c0e082">
      <Execution id="6d0b411c-dc84-4ce2-84c6-c154b718c743" />
      <TestMethod codeBase="C:\GitLab-Runner\builds\wr8MmWYb\0\LiveStats\LiveStats.Football\Source\Test\FunctionalTests\bin\Automation\net472\GeniusSports.LiveStats.Football.FunctionalTests.dll" adapterTypeName="executor://nunit3testexecutor/" className="GeniusSports.LiveStats.Football.FunctionalTests.Tests.PitchScreen.ActionEdits.CardEditTests" name="GivenGameWithCard_WhenEditingCardTeam_ThenTeamUpdated" />
    </UnitTest>
    <UnitTest name="GivenShotRegistered_WhenClearingPitchLocation_ThenLocationCleared" storage="c:\gitlab-runner\builds\wr8mmwyb\0\livestats\livestats.football\source\test\functionaltests\bin\automation\net472\geniussports.livestats.football.functionaltests.dll" id="d7440e85-ec36-609a-d296-034a734bba77">
      <Execution id="88c8a1fd-d68a-42f3-8a53-cfc58bf976f5" />
      <TestMethod codeBase="C:\GitLab-Runner\builds\wr8MmWYb\0\LiveStats\LiveStats.Football\Source\Test\FunctionalTests\bin\Automation\net472\GeniusSports.LiveStats.Football.FunctionalTests.dll" adapterTypeName="executor://nunit3testexecutor/" className="GeniusSports.LiveStats.Football.FunctionalTests.Tests.PitchScreen.ActionEdits.ShotEditTests" name="GivenShotRegistered_WhenClearingPitchLocation_ThenLocationCleared" />
    </UnitTest>
    <UnitTest name="SelectFoulForPenalty(&quot;1&quot;,&quot;2&quot;,&quot;90&quot;,&quot;50&quot;,null)" storage="c:\gitlab-runner\builds\wr8mmwyb\0\livestats\livestats.football\source\test\functionaltests\bin\automation\net472\geniussports.livestats.football.functionaltests.dll" id="870b8c6b-fb2c-26ac-79d5-e8e135097185">
      <Execution id="c3af6a96-b4ef-40ce-afd4-1ae5635fc84f" />
      <TestMethod codeBase="C:\GitLab-Runner\builds\wr8MmWYb\0\LiveStats\LiveStats.Football\Source\Test\FunctionalTests\bin\Automation\net472\GeniusSports.LiveStats.Football.FunctionalTests.dll" adapterTypeName="executor://nunit3testexecutor/" className="GeniusSports.LiveStats.Football.FunctionalTests.Features.PitchScreen.ActionRegistration.PenaltyRegistrationFeature" name="SelectFoulForPenalty(&quot;1&quot;,&quot;2&quot;,&quot;90&quot;,&quot;50&quot;,null)" />
    </UnitTest>
    <UnitTest name="GivenGameInProgress_WhenGoalWorkflowFinished_ThenScoreUpdatedAndPitchShown" storage="c:\gitlab-runner\builds\wr8mmwyb\0\livestats\livestats.football\source\test\functionaltests\bin\automation\net472\geniussports.livestats.football.functionaltests.dll" id="e8d90dfe-8834-cd7d-4ecf-0490de9e074d">
      <Execution id="71656b08-4694-4c71-bf52-5cad59fa0dab" />
      <TestMethod codeBase="C:\GitLab-Runner\builds\wr8MmWYb\0\LiveStats\LiveStats.Football\Source\Test\FunctionalTests\bin\Automation\net472\GeniusSports.LiveStats.Football.FunctionalTests.dll" adapterTypeName="executor://nunit3testexecutor/" className="GeniusSports.LiveStats.Football.FunctionalTests.Tests.PitchScreen.ActionRegistration.GoalRegistrationTests" name="GivenGameInProgress_WhenGoalWorkflowFinished_ThenScoreUpdatedAndPitchShown" />
    </UnitTest>
    <UnitTest name="GivenFootballReportsOpened_WhenOpeningReport_ReportPreviewIsShown(&quot;Player/Team Statistics&quot;)" storage="c:\gitlab-runner\builds\wr8mmwyb\0\livestats\livestats.football\source\test\functionaltests\bin\automation\net472\geniussports.livestats.football.functionaltests.dll" id="a7114cc2-e08c-eb82-f48e-ef010e743954">
      <Execution id="13d196e1-e425-4698-82cb-8f1c64cdace8" />
      <TestMethod codeBase="C:\GitLab-Runner\builds\wr8MmWYb\0\LiveStats\LiveStats.Football\Source\Test\FunctionalTests\bin\Automation\net472\GeniusSports.LiveStats.Football.FunctionalTests.dll" adapterTypeName="executor://nunit3testexecutor/" className="GeniusSports.LiveStats.Football.FunctionalTests.Tests.PitchScreen.PreviewReportsTests" name="GivenFootballReportsOpened_WhenOpeningReport_ReportPreviewIsShown(&quot;Player/Team Statistics&quot;)" />
    </UnitTest>
    <UnitTest name="GivenActionRegistered_WhenDeletingFromExpandedActionLog_ThenDeletedInExpanded(Penalty)" storage="c:\gitlab-runner\builds\wr8mmwyb\0\livestats\livestats.football\source\test\functionaltests\bin\automation\net472\geniussports.livestats.football.functionaltests.dll" id="6814db7f-f796-9a01-a76c-c5a1dad62384">
      <Execution id="4ef09e59-9c3d-4347-b186-d97bed560fa0" />
      <TestMethod codeBase="C:\GitLab-Runner\builds\wr8MmWYb\0\LiveStats\LiveStats.Football\Source\Test\FunctionalTests\bin\Automation\net472\GeniusSports.LiveStats.Football.FunctionalTests.dll" adapterTypeName="executor://nunit3testexecutor/" className="GeniusSports.LiveStats.Football.FunctionalTests.Tests.PitchScreen.ActionDeletes.GameActionDeleteTests" name="GivenActionRegistered_WhenDeletingFromExpandedActionLog_ThenDeletedInExpanded(Penalty)" />
    </UnitTest>
    <UnitTest name="PenaltyShootOutKickCannotBeRetakenAfterShotMissOffTargetLocationSelectionStep" storage="c:\gitlab-runner\builds\wr8mmwyb\0\livestats\livestats.football\source\test\functionaltests\bin\automation\net472\geniussports.livestats.football.functionaltests.dll" id="ae8edc06-8b3e-5685-9354-3bb3309c3f1b">
      <Execution id="801150d6-65fc-4b52-99b0-e587e3364279" />
      <TestMethod codeBase="C:\GitLab-Runner\builds\wr8MmWYb\0\LiveStats\LiveStats.Football\Source\Test\FunctionalTests\bin\Automation\net472\GeniusSports.LiveStats.Football.FunctionalTests.dll" adapterTypeName="executor://nunit3testexecutor/" className="GeniusSports.LiveStats.Football.FunctionalTests.Features.PitchScreen.ActionRegistration.PenaltyShootoutRecordFeature" name="PenaltyShootOutKickCannotBeRetakenAfterShotMissOffTargetLocationSelectionStep" />
    </UnitTest>
    <UnitTest name="NoOnVARBeforeConfirmingCard(&quot;1&quot;,&quot;Red&quot;,&quot;13&quot;,null)" storage="c:\gitlab-runner\builds\wr8mmwyb\0\livestats\livestats.football\source\test\functionaltests\bin\automation\net472\geniussports.livestats.football.functionaltests.dll" id="cce01d2d-e528-bfa8-3acc-03d60826c4a6">
      <Execution id="cb0cec30-08e7-43ba-8b23-eed6697ba6d9" />
      <TestMethod codeBase="C:\GitLab-Runner\builds\wr8MmWYb\0\LiveStats\LiveStats.Football\Source\Test\FunctionalTests\bin\Automation\net472\GeniusSports.LiveStats.Football.FunctionalTests.dll" adapterTypeName="executor://nunit3testexecutor/" className="GeniusSports.LiveStats.Football.FunctionalTests.Features.PitchScreen.VideoAssistantReferee.CardsVarRegistrationFeature" name="NoOnVARBeforeConfirmingCard(&quot;1&quot;,&quot;Red&quot;,&quot;13&quot;,null)" />
    </UnitTest>
    <UnitTest name="GivenCardWorkflowInProgress_WhenCanceling_ThenScoreboardsStatsAreUpdated(2,Red)" storage="c:\gitlab-runner\builds\wr8mmwyb\0\livestats\livestats.football\source\test\functionaltests\bin\automation\net472\geniussports.livestats.football.functionaltests.dll" id="559c0fd0-b338-3172-7c3c-4f7c960e40e0">
      <Execution id="65be5b44-89d5-4354-acc6-9b1be7dc15f3" />
      <TestMethod codeBase="C:\GitLab-Runner\builds\wr8MmWYb\0\LiveStats\LiveStats.Football\Source\Test\FunctionalTests\bin\Automation\net472\GeniusSports.LiveStats.Football.FunctionalTests.dll" adapterTypeName="executor://nunit3testexecutor/" className="GeniusSports.LiveStats.Football.FunctionalTests.Tests.PitchScreen.PitchTeamStatsCalculatedTests" name="GivenCardWorkflowInProgress_WhenCanceling_ThenScoreboardsStatsAreUpdated(2,Red)" />
    </UnitTest>
    <UnitTest name="SubsCountIsSavedAfterGameSetup(&quot;2&quot;,null)" storage="c:\gitlab-runner\builds\wr8mmwyb\0\livestats\livestats.football\source\test\functionaltests\bin\automation\net472\geniussports.livestats.football.functionaltests.dll" id="949ba8a1-4832-9275-16cf-961d92f0c18c">
      <Execution id="e8335bc1-bf75-4140-a5af-20db78a793e1" />
      <TestMethod codeBase="C:\GitLab-Runner\builds\wr8MmWYb\0\LiveStats\LiveStats.Football\Source\Test\FunctionalTests\bin\Automation\net472\GeniusSports.LiveStats.Football.FunctionalTests.dll" adapterTypeName="executor://nunit3testexecutor/" className="GeniusSports.LiveStats.Football.FunctionalTests.Features.GameSetup.SetupGeneralGameInformationFeature" name="SubsCountIsSavedAfterGameSetup(&quot;2&quot;,null)" />
    </UnitTest>
    <UnitTest name="GivenExpandedLog_WhenInsertingGoalAfterWithAssistAndNoVar_ThenGoalInserted" storage="c:\gitlab-runner\builds\wr8mmwyb\0\livestats\livestats.football\source\test\functionaltests\bin\automation\net472\geniussports.livestats.football.functionaltests.dll" id="62d4fa7a-e1d4-1fd8-3511-ca904d221795">
      <Execution id="b1c63e76-46d3-4a7d-8bb9-fa8df16fc21f" />
      <TestMethod codeBase="C:\GitLab-Runner\builds\wr8MmWYb\0\LiveStats\LiveStats.Football\Source\Test\FunctionalTests\bin\Automation\net472\GeniusSports.LiveStats.Football.FunctionalTests.dll" adapterTypeName="executor://nunit3testexecutor/" className="GeniusSports.LiveStats.Football.FunctionalTests.Tests.PitchScreen.ActionInserts.InsertGoalTests" name="GivenExpandedLog_WhenInsertingGoalAfterWithAssistAndNoVar_ThenGoalInserted" />
    </UnitTest>
    <UnitTest name="GivenShotRegistered_WhenOpeningEdit_ThenFieldsPresent" storage="c:\gitlab-runner\builds\wr8mmwyb\0\livestats\livestats.football\source\test\functionaltests\bin\automation\net472\geniussports.livestats.football.functionaltests.dll" id="9a4351fc-01ca-74af-c2b4-21fe7c17c49e">
      <Execution id="d5064636-43b6-4e32-8324-32824623745f" />
      <TestMethod codeBase="C:\GitLab-Runner\builds\wr8MmWYb\0\LiveStats\LiveStats.Football\Source\Test\FunctionalTests\bin\Automation\net472\GeniusSports.LiveStats.Football.FunctionalTests.dll" adapterTypeName="executor://nunit3testexecutor/" className="GeniusSports.LiveStats.Football.FunctionalTests.Tests.PitchScreen.ActionEdits.ShotEditTests" name="GivenShotRegistered_WhenOpeningEdit_ThenFieldsPresent" />
    </UnitTest>
    <UnitTest name="CancelPenaltyGoalWorkflow(&quot;2&quot;,&quot;1&quot;,&quot;10&quot;,&quot;50&quot;,&quot;8&quot;,&quot;11&quot;,null)" storage="c:\gitlab-runner\builds\wr8mmwyb\0\livestats\livestats.football\source\test\functionaltests\bin\automation\net472\geniussports.livestats.football.functionaltests.dll" id="4383a3be-ebc1-359d-c4db-861fedf44e65">
      <Execution id="a9787d0a-8493-47b1-9c48-1f6b2687702f" />
      <TestMethod codeBase="C:\GitLab-Runner\builds\wr8MmWYb\0\LiveStats\LiveStats.Football\Source\Test\FunctionalTests\bin\Automation\net472\GeniusSports.LiveStats.Football.FunctionalTests.dll" adapterTypeName="executor://nunit3testexecutor/" className="GeniusSports.LiveStats.Football.FunctionalTests.Features.PitchScreen.ActionRegistration.PenaltyRegistrationFeature" name="CancelPenaltyGoalWorkflow(&quot;2&quot;,&quot;1&quot;,&quot;10&quot;,&quot;50&quot;,&quot;8&quot;,&quot;11&quot;,null)" />
    </UnitTest>
    <UnitTest name="StartVAROnPenaltyShoot_OutKickStep1" storage="c:\gitlab-runner\builds\wr8mmwyb\0\livestats\livestats.football\source\test\functionaltests\bin\automation\net472\geniussports.livestats.football.functionaltests.dll" id="45f8b405-99cf-83f8-6159-d05d943d98ae">
      <Execution id="868b98e3-a675-4f84-b81b-a120bd431b61" />
      <TestMethod codeBase="C:\GitLab-Runner\builds\wr8MmWYb\0\LiveStats\LiveStats.Football\Source\Test\FunctionalTests\bin\Automation\net472\GeniusSports.LiveStats.Football.FunctionalTests.dll" adapterTypeName="executor://nunit3testexecutor/" className="GeniusSports.LiveStats.Football.FunctionalTests.Features.PitchScreen.VideoAssistantReferee.PenaltyShootoutKickVarRegistrationFeature" name="StartVAROnPenaltyShoot_OutKickStep1" />
    </UnitTest>
    <UnitTest name="GoalsCanBeFilteredInFootball" storage="c:\gitlab-runner\builds\wr8mmwyb\0\livestats\livestats.football\source\test\functionaltests\bin\automation\net472\geniussports.livestats.football.functionaltests.dll" id="56e50292-6644-e32c-ae47-5ee8e814db72">
      <Execution id="c5e88ab6-f7de-4e80-8a68-78ab412101c4" />
      <TestMethod codeBase="C:\GitLab-Runner\builds\wr8MmWYb\0\LiveStats\LiveStats.Football\Source\Test\FunctionalTests\bin\Automation\net472\GeniusSports.LiveStats.Football.FunctionalTests.dll" adapterTypeName="executor://nunit3testexecutor/" className="GeniusSports.LiveStats.Football.FunctionalTests.Features.PitchScreen.Filters.ActionTypesFiltersFeature" name="GoalsCanBeFilteredInFootball" />
    </UnitTest>
    <UnitTest name="TeamsTabInformationIsDisplayed" storage="c:\gitlab-runner\builds\wr8mmwyb\0\livestats\livestats.football\source\test\functionaltests\bin\automation\net472\geniussports.livestats.football.functionaltests.dll" id="15559fe9-5cdf-aa18-146a-29ea7e125801">
      <Execution id="c16f27c8-94bb-4473-ac68-7504c546d86c" />
      <TestMethod codeBase="C:\GitLab-Runner\builds\wr8MmWYb\0\LiveStats\LiveStats.Football\Source\Test\FunctionalTests\bin\Automation\net472\GeniusSports.LiveStats.Football.FunctionalTests.dll" adapterTypeName="executor://nunit3testexecutor/" className="GeniusSports.LiveStats.Football.FunctionalTests.Features.GameSetup.TeamsFeature" name="TeamsTabInformationIsDisplayed" />
    </UnitTest>
    <UnitTest name="GivenGameWithDeadBall_WhenClickingOnPitch_ThenMovesDeadBall" storage="c:\gitlab-runner\builds\wr8mmwyb\0\livestats\livestats.football\source\test\functionaltests\bin\automation\net472\geniussports.livestats.football.functionaltests.dll" id="a2b2de87-f73a-9919-47a6-2de9893e0dea">
      <Execution id="51435317-8757-4436-83af-79936fd028fa" />
      <TestMethod codeBase="C:\GitLab-Runner\builds\wr8MmWYb\0\LiveStats\LiveStats.Football\Source\Test\FunctionalTests\bin\Automation\net472\GeniusSports.LiveStats.Football.FunctionalTests.dll" adapterTypeName="executor://nunit3testexecutor/" className="GeniusSports.LiveStats.Football.FunctionalTests.Tests.PitchScreen.DeadBallTests" name="GivenGameWithDeadBall_WhenClickingOnPitch_ThenMovesDeadBall" />
    </UnitTest>
    <UnitTest name="CannotProceedWithEmptyPlayerName" storage="c:\gitlab-runner\builds\wr8mmwyb\0\livestats\livestats.football\source\test\functionaltests\bin\automation\net472\geniussports.livestats.football.functionaltests.dll" id="d07880c6-fb87-92d3-30f9-e0df26d4a707">
      <Execution id="5162e459-f380-4e90-b8d6-504269109984" />
      <TestMethod codeBase="C:\GitLab-Runner\builds\wr8MmWYb\0\LiveStats\LiveStats.Football\Source\Test\FunctionalTests\bin\Automation\net472\GeniusSports.LiveStats.Football.FunctionalTests.dll" adapterTypeName="executor://nunit3testexecutor/" className="GeniusSports.LiveStats.Football.FunctionalTests.Features.GameSetup.SetupTeamsPlayersFeature" name="CannotProceedWithEmptyPlayerName" />
    </UnitTest>
    <UnitTest name="GivenFreeKickInProgress_WhenSettingPossession_PossessionIsChanged(2)" storage="c:\gitlab-runner\builds\wr8mmwyb\0\livestats\livestats.football\source\test\functionaltests\bin\automation\net472\geniussports.livestats.football.functionaltests.dll" id="7eb45eca-622b-d741-ed62-f8f66e702697">
      <Execution id="a161a545-bf57-4084-8b6d-097ad320bfd0" />
      <TestMethod codeBase="C:\GitLab-Runner\builds\wr8MmWYb\0\LiveStats\LiveStats.Football\Source\Test\FunctionalTests\bin\Automation\net472\GeniusSports.LiveStats.Football.FunctionalTests.dll" adapterTypeName="executor://nunit3testexecutor/" className="GeniusSports.LiveStats.Football.FunctionalTests.Tests.PitchScreen.PossessionChangeTests" name="GivenFreeKickInProgress_WhenSettingPossession_PossessionIsChanged(2)" />
    </UnitTest>
    <UnitTest name="StartGoalFromFreeKickWorkflow(&quot;foul by&quot;,&quot;2&quot;,&quot;1&quot;,&quot;0&quot;,null)" storage="c:\gitlab-runner\builds\wr8mmwyb\0\livestats\livestats.football\source\test\functionaltests\bin\automation\net472\geniussports.livestats.football.functionaltests.dll" id="0c388706-424e-2389-7ecb-8ffd910f2d2c">
      <Execution id="aa2ede2c-0200-4c5e-82ff-6c3749cda432" />
      <TestMethod codeBase="C:\GitLab-Runner\builds\wr8MmWYb\0\LiveStats\LiveStats.Football\Source\Test\FunctionalTests\bin\Automation\net472\GeniusSports.LiveStats.Football.FunctionalTests.dll" adapterTypeName="executor://nunit3testexecutor/" className="GeniusSports.LiveStats.Football.FunctionalTests.Features.PitchScreen.ActionRegistration.GoalRegistrationFromFreeKickFeature" name="StartGoalFromFreeKickWorkflow(&quot;foul by&quot;,&quot;2&quot;,&quot;1&quot;,&quot;0&quot;,null)" />
    </UnitTest>
    <UnitTest name="CancelCornerInsert" storage="c:\gitlab-runner\builds\wr8mmwyb\0\livestats\livestats.football\source\test\functionaltests\bin\automation\net472\geniussports.livestats.football.functionaltests.dll" id="b2016798-b691-4b85-b0ca-780151f458b4">
      <Execution id="95b3eb76-cb35-4319-818f-44b6269129e0" />
      <TestMethod codeBase="C:\GitLab-Runner\builds\wr8MmWYb\0\LiveStats\LiveStats.Football\Source\Test\FunctionalTests\bin\Automation\net472\GeniusSports.LiveStats.Football.FunctionalTests.dll" adapterTypeName="executor://nunit3testexecutor/" className="GeniusSports.LiveStats.Football.FunctionalTests.Features.PitchScreen.ActionInserts.CornerInsertFeature" name="CancelCornerInsert" />
    </UnitTest>
    <UnitTest name="SelectTeamAndGoalTypeInGoalInsert(&quot;2&quot;,&quot;Right Foot&quot;,null)" storage="c:\gitlab-runner\builds\wr8mmwyb\0\livestats\livestats.football\source\test\functionaltests\bin\automation\net472\geniussports.livestats.football.functionaltests.dll" id="ed4965a1-8496-fe07-7a15-a4b6ff3a6c01">
      <Execution id="3b2ed6d9-37d1-4ff6-8a4e-767c426390c0" />
      <TestMethod codeBase="C:\GitLab-Runner\builds\wr8MmWYb\0\LiveStats\LiveStats.Football\Source\Test\FunctionalTests\bin\Automation\net472\GeniusSports.LiveStats.Football.FunctionalTests.dll" adapterTypeName="executor://nunit3testexecutor/" className="GeniusSports.LiveStats.Football.FunctionalTests.Features.PitchScreen.ActionInserts.InsertGoalFeature" name="SelectTeamAndGoalTypeInGoalInsert(&quot;2&quot;,&quot;Right Foot&quot;,null)" />
    </UnitTest>
    <UnitTest name="FootballEnableVARInGoalEdit" storage="c:\gitlab-runner\builds\wr8mmwyb\0\livestats\livestats.football\source\test\functionaltests\bin\automation\net472\geniussports.livestats.football.functionaltests.dll" id="f35f823c-5b8b-7f34-edf6-9eaf8000c529">
      <Execution id="5deda467-97c2-4468-a7a2-5e8b317c1f3f" />
      <TestMethod codeBase="C:\GitLab-Runner\builds\wr8MmWYb\0\LiveStats\LiveStats.Football\Source\Test\FunctionalTests\bin\Automation\net472\GeniusSports.LiveStats.Football.FunctionalTests.dll" adapterTypeName="executor://nunit3testexecutor/" className="GeniusSports.LiveStats.Football.FunctionalTests.Features.PitchScreen.ActionEdits.GoalEditFeature" name="FootballEnableVARInGoalEdit" />
    </UnitTest>
    <UnitTest name="CannotInsertActionsAfterBeforeActionInPeriodBreak(&quot;after&quot;,&quot;PhaseStart&quot;,null)" storage="c:\gitlab-runner\builds\wr8mmwyb\0\livestats\livestats.football\source\test\functionaltests\bin\automation\net472\geniussports.livestats.football.functionaltests.dll" id="6aee3411-2ecc-d80a-957e-4feadbc697c2">
      <Execution id="b23ab4b4-91f6-4b34-b231-ca0850c211ae" />
      <TestMethod codeBase="C:\GitLab-Runner\builds\wr8MmWYb\0\LiveStats\LiveStats.Football\Source\Test\FunctionalTests\bin\Automation\net472\GeniusSports.LiveStats.Football.FunctionalTests.dll" adapterTypeName="executor://nunit3testexecutor/" className="GeniusSports.LiveStats.Football.FunctionalTests.Features.PitchScreen.ActionInserts.PeriodBreakInsertFeature" name="CannotInsertActionsAfterBeforeActionInPeriodBreak(&quot;after&quot;,&quot;PhaseStart&quot;,null)" />
    </UnitTest>
    <UnitTest name="InsertSubstitutionAfterOrBeforeLastEvent(&quot;before&quot;,&quot;0025&quot;,&quot;00:25&quot;,&quot;2&quot;,&quot;3&quot;,null)" storage="c:\gitlab-runner\builds\wr8mmwyb\0\livestats\livestats.football\source\test\functionaltests\bin\automation\net472\geniussports.livestats.football.functionaltests.dll" id="772f3595-a3f6-0d44-a530-20557b04375b">
      <Execution id="1a41690b-9633-401d-82a1-2916950b3e1f" />
      <TestMethod codeBase="C:\GitLab-Runner\builds\wr8MmWYb\0\LiveStats\LiveStats.Football\Source\Test\FunctionalTests\bin\Automation\net472\GeniusSports.LiveStats.Football.FunctionalTests.dll" adapterTypeName="executor://nunit3testexecutor/" className="GeniusSports.LiveStats.Football.FunctionalTests.Features.PitchScreen.ActionInserts.SubstitutionInsertFeature" name="InsertSubstitutionAfterOrBeforeLastEvent(&quot;before&quot;,&quot;0025&quot;,&quot;00:25&quot;,&quot;2&quot;,&quot;3&quot;,null)" />
    </UnitTest>
    <UnitTest name="ClickBackInAfterSelectingPlayer(&quot;Yellow&quot;,&quot;Yellow&quot;,null)" storage="c:\gitlab-runner\builds\wr8mmwyb\0\livestats\livestats.football\source\test\functionaltests\bin\automation\net472\geniussports.livestats.football.functionaltests.dll" id="d4092ce7-57e8-c975-df1a-95b65e00c918">
      <Execution id="152b3bcd-b6c3-4af2-a93f-e925c72a3b53" />
      <TestMethod codeBase="C:\GitLab-Runner\builds\wr8MmWYb\0\LiveStats\LiveStats.Football\Source\Test\FunctionalTests\bin\Automation\net472\GeniusSports.LiveStats.Football.FunctionalTests.dll" adapterTypeName="executor://nunit3testexecutor/" className="GeniusSports.LiveStats.Football.FunctionalTests.Features.PitchScreen.ActionRegistration.CardRegistrationFeature" name="ClickBackInAfterSelectingPlayer(&quot;Yellow&quot;,&quot;Yellow&quot;,null)" />
    </UnitTest>
    <UnitTest name="CanOpenExpandedActionLogDuringSubstitutionWorkflow" storage="c:\gitlab-runner\builds\wr8mmwyb\0\livestats\livestats.football\source\test\functionaltests\bin\automation\net472\geniussports.livestats.football.functionaltests.dll" id="574748ab-0a1d-af9a-cc8d-34771226e0ed">
      <Execution id="69c165fd-11c9-4aea-9284-759a745dbf7b" />
      <TestMethod codeBase="C:\GitLab-Runner\builds\wr8MmWYb\0\LiveStats\LiveStats.Football\Source\Test\FunctionalTests\bin\Automation\net472\GeniusSports.LiveStats.Football.FunctionalTests.dll" adapterTypeName="executor://nunit3testexecutor/" className="GeniusSports.LiveStats.Football.FunctionalTests.Features.PitchScreen.ActionRegistration.ActionsDuringWorkflowsFeature" name="CanOpenExpandedActionLogDuringSubstitutionWorkflow" />
    </UnitTest>
    <UnitTest name="DoNotConfirmCardColorCard(&quot;Yellow&quot;,&quot;Yellow&quot;,null)" storage="c:\gitlab-runner\builds\wr8mmwyb\0\livestats\livestats.football\source\test\functionaltests\bin\automation\net472\geniussports.livestats.football.functionaltests.dll" id="c7112c3b-9ca7-3e65-9da1-326b058209d9">
      <Execution id="b91889f2-f2e1-48b5-bc59-7a4be7e6e8f7" />
      <TestMethod codeBase="C:\GitLab-Runner\builds\wr8MmWYb\0\LiveStats\LiveStats.Football\Source\Test\FunctionalTests\bin\Automation\net472\GeniusSports.LiveStats.Football.FunctionalTests.dll" adapterTypeName="executor://nunit3testexecutor/" className="GeniusSports.LiveStats.Football.FunctionalTests.Features.PitchScreen.ActionRegistration.CardRegistrationFeature" name="DoNotConfirmCardColorCard(&quot;Yellow&quot;,&quot;Yellow&quot;,null)" />
    </UnitTest>
    <UnitTest name="YesOnVARBeforeConfirming(&quot;1&quot;,&quot;Red&quot;,&quot;13&quot;,null)" storage="c:\gitlab-runner\builds\wr8mmwyb\0\livestats\livestats.football\source\test\functionaltests\bin\automation\net472\geniussports.livestats.football.functionaltests.dll" id="7582c349-3c04-913a-5046-2d612153a732">
      <Execution id="f163a163-3395-41db-8984-cd3559d3ed05" />
      <TestMethod codeBase="C:\GitLab-Runner\builds\wr8MmWYb\0\LiveStats\LiveStats.Football\Source\Test\FunctionalTests\bin\Automation\net472\GeniusSports.LiveStats.Football.FunctionalTests.dll" adapterTypeName="executor://nunit3testexecutor/" className="GeniusSports.LiveStats.Football.FunctionalTests.Features.PitchScreen.VideoAssistantReferee.CardsVarRegistrationFeature" name="YesOnVARBeforeConfirming(&quot;1&quot;,&quot;Red&quot;,&quot;13&quot;,null)" />
    </UnitTest>
    <UnitTest name="CardActionFlagCanBeReviewedInActionEditScreen(&quot;2&quot;,null)" storage="c:\gitlab-runner\builds\wr8mmwyb\0\livestats\livestats.football\source\test\functionaltests\bin\automation\net472\geniussports.livestats.football.functionaltests.dll" id="846e41ec-c89e-b452-a47c-cc21b7bfc735">
      <Execution id="b350c4c1-bfc8-4728-958c-485e8ae7c3ab" />
      <TestMethod codeBase="C:\GitLab-Runner\builds\wr8MmWYb\0\LiveStats\LiveStats.Football\Source\Test\FunctionalTests\bin\Automation\net472\GeniusSports.LiveStats.Football.FunctionalTests.dll" adapterTypeName="executor://nunit3testexecutor/" className="GeniusSports.LiveStats.Football.FunctionalTests.Features.PitchScreen.Flagging.AddManualFlagFeature" name="CardActionFlagCanBeReviewedInActionEditScreen(&quot;2&quot;,null)" />
    </UnitTest>
    <UnitTest name="YesOnVarOnFirstStepOfRecordCardWorkflow(&quot;2&quot;,&quot;Yellow&quot;,null)" storage="c:\gitlab-runner\builds\wr8mmwyb\0\livestats\livestats.football\source\test\functionaltests\bin\automation\net472\geniussports.livestats.football.functionaltests.dll" id="9b2e51c3-25e9-65b9-3577-190ec69d9819">
      <Execution id="d84e3170-060d-486c-a10e-0be9152d7a4a" />
      <TestMethod codeBase="C:\GitLab-Runner\builds\wr8MmWYb\0\LiveStats\LiveStats.Football\Source\Test\FunctionalTests\bin\Automation\net472\GeniusSports.LiveStats.Football.FunctionalTests.dll" adapterTypeName="executor://nunit3testexecutor/" className="GeniusSports.LiveStats.Football.FunctionalTests.Features.PitchScreen.VideoAssistantReferee.CardsVarRegistrationFeature" name="YesOnVarOnFirstStepOfRecordCardWorkflow(&quot;2&quot;,&quot;Yellow&quot;,null)" />
    </UnitTest>
    <UnitTest name="GivenGameInProgress_WhenStartingCornerWorkflow_ThenScoreboardsStatsAreUpdated(2)" storage="c:\gitlab-runner\builds\wr8mmwyb\0\livestats\livestats.football\source\test\functionaltests\bin\automation\net472\geniussports.livestats.football.functionaltests.dll" id="b112afa7-3d69-8892-6dfd-863701db5086">
      <Execution id="d8b5645f-f829-44e0-b08d-716de11de20f" />
      <TestMethod codeBase="C:\GitLab-Runner\builds\wr8MmWYb\0\LiveStats\LiveStats.Football\Source\Test\FunctionalTests\bin\Automation\net472\GeniusSports.LiveStats.Football.FunctionalTests.dll" adapterTypeName="executor://nunit3testexecutor/" className="GeniusSports.LiveStats.Football.FunctionalTests.Tests.PitchScreen.PitchTeamStatsCalculatedTests" name="GivenGameInProgress_WhenStartingCornerWorkflow_ThenScoreboardsStatsAreUpdated(2)" />
    </UnitTest>
    <UnitTest name="ChangeFouledPlayer" storage="c:\gitlab-runner\builds\wr8mmwyb\0\livestats\livestats.football\source\test\functionaltests\bin\automation\net472\geniussports.livestats.football.functionaltests.dll" id="f373ceae-17f3-e55f-bb9a-5a99d40ed536">
      <Execution id="ecccbbbb-12b8-4ca9-bbe5-d9d6dfe2cf35" />
      <TestMethod codeBase="C:\GitLab-Runner\builds\wr8MmWYb\0\LiveStats\LiveStats.Football\Source\Test\FunctionalTests\bin\Automation\net472\GeniusSports.LiveStats.Football.FunctionalTests.dll" adapterTypeName="executor://nunit3testexecutor/" className="GeniusSports.LiveStats.Football.FunctionalTests.Features.PitchScreen.ActionEdits.PenaltyEditFeature" name="ChangeFouledPlayer" />
    </UnitTest>
    <UnitTest name="NoOnVAROnSecondStepOfRecordCardWorkflow(&quot;2&quot;,&quot;Yellow&quot;,null)" storage="c:\gitlab-runner\builds\wr8mmwyb\0\livestats\livestats.football\source\test\functionaltests\bin\automation\net472\geniussports.livestats.football.functionaltests.dll" id="e712e465-254c-2678-58e8-7eab91c4acca">
      <Execution id="9dc17caf-3657-478f-b646-cdaf3db7beb3" />
      <TestMethod codeBase="C:\GitLab-Runner\builds\wr8MmWYb\0\LiveStats\LiveStats.Football\Source\Test\FunctionalTests\bin\Automation\net472\GeniusSports.LiveStats.Football.FunctionalTests.dll" adapterTypeName="executor://nunit3testexecutor/" className="GeniusSports.LiveStats.Football.FunctionalTests.Features.PitchScreen.VideoAssistantReferee.CardsVarRegistrationFeature" name="NoOnVAROnSecondStepOfRecordCardWorkflow(&quot;2&quot;,&quot;Yellow&quot;,null)" />
    </UnitTest>
    <UnitTest name="GivenGameWithGoalInFirstHalf_WhenEditingGoalWhileInSecondHalf_ThenCanSaveData" storage="c:\gitlab-runner\builds\wr8mmwyb\0\livestats\livestats.football\source\test\functionaltests\bin\automation\net472\geniussports.livestats.football.functionaltests.dll" id="27ad5ee7-f887-563b-49c6-144de33d87d4">
      <Execution id="cc82e180-2004-41d4-b575-8f639db99f45" />
      <TestMethod codeBase="C:\GitLab-Runner\builds\wr8MmWYb\0\LiveStats\LiveStats.Football\Source\Test\FunctionalTests\bin\Automation\net472\GeniusSports.LiveStats.Football.FunctionalTests.dll" adapterTypeName="executor://nunit3testexecutor/" className="GeniusSports.LiveStats.Football.FunctionalTests.Tests.PitchScreen.ActionEdits.GoalEditTests" name="GivenGameWithGoalInFirstHalf_WhenEditingGoalWhileInSecondHalf_ThenCanSaveData" />
    </UnitTest>
    <UnitTest name="GivenGameWithShotInFirstHalf_WhenEditingShotWhileInSecondHalf_ThenCanSaveData" storage="c:\gitlab-runner\builds\wr8mmwyb\0\livestats\livestats.football\source\test\functionaltests\bin\automation\net472\geniussports.livestats.football.functionaltests.dll" id="19b82c5e-c6a1-335f-7f89-04cedd19fdf0">
      <Execution id="9ad73bdc-1075-4ea9-b48d-06b5f52dedfa" />
      <TestMethod codeBase="C:\GitLab-Runner\builds\wr8MmWYb\0\LiveStats\LiveStats.Football\Source\Test\FunctionalTests\bin\Automation\net472\GeniusSports.LiveStats.Football.FunctionalTests.dll" adapterTypeName="executor://nunit3testexecutor/" className="GeniusSports.LiveStats.Football.FunctionalTests.Tests.PitchScreen.ActionEdits.ShotEditTests" name="GivenGameWithShotInFirstHalf_WhenEditingShotWhileInSecondHalf_ThenCanSaveData" />
    </UnitTest>
    <UnitTest name="FlagAndContinueShotLocationSteps" storage="c:\gitlab-runner\builds\wr8mmwyb\0\livestats\livestats.football\source\test\functionaltests\bin\automation\net472\geniussports.livestats.football.functionaltests.dll" id="2127c001-9ff3-5897-0a37-d2ad20f39f18">
      <Execution id="2353ea57-7ceb-4022-b11f-37bc3bd1c0f1" />
      <TestMethod codeBase="C:\GitLab-Runner\builds\wr8MmWYb\0\LiveStats\LiveStats.Football\Source\Test\FunctionalTests\bin\Automation\net472\GeniusSports.LiveStats.Football.FunctionalTests.dll" adapterTypeName="executor://nunit3testexecutor/" className="GeniusSports.LiveStats.Football.FunctionalTests.Features.PitchScreen.Flagging.FlagAndContinueFeature" name="FlagAndContinueShotLocationSteps" />
    </UnitTest>
    <UnitTest name="ClearPitchInGoalInsert(&quot;adjust&quot;,null)" storage="c:\gitlab-runner\builds\wr8mmwyb\0\livestats\livestats.football\source\test\functionaltests\bin\automation\net472\geniussports.livestats.football.functionaltests.dll" id="dd43662e-817a-5b1f-b263-d45e374fa79a">
      <Execution id="9b9e2af5-eb0e-4021-be9b-b5ae594135d3" />
      <TestMethod codeBase="C:\GitLab-Runner\builds\wr8MmWYb\0\LiveStats\LiveStats.Football\Source\Test\FunctionalTests\bin\Automation\net472\GeniusSports.LiveStats.Football.FunctionalTests.dll" adapterTypeName="executor://nunit3testexecutor/" className="GeniusSports.LiveStats.Football.FunctionalTests.Features.PitchScreen.ActionInserts.InsertGoalFeature" name="ClearPitchInGoalInsert(&quot;adjust&quot;,null)" />
    </UnitTest>
    <UnitTest name="GivenVarStarted_WhenSelectingReason_ThenVarOptionPrompted" storage="c:\gitlab-runner\builds\wr8mmwyb\0\livestats\livestats.football\source\test\functionaltests\bin\automation\net472\geniussports.livestats.football.functionaltests.dll" id="157535c0-6d6d-8664-7db6-9ffba866481f">
      <Execution id="236201c0-4bea-4362-8d18-48ff2f5d82a0" />
      <TestMethod codeBase="C:\GitLab-Runner\builds\wr8MmWYb\0\LiveStats\LiveStats.Football\Source\Test\FunctionalTests\bin\Automation\net472\GeniusSports.LiveStats.Football.FunctionalTests.dll" adapterTypeName="executor://nunit3testexecutor/" className="GeniusSports.LiveStats.Football.FunctionalTests.Tests.PitchScreen.VideoAssistantReferee.GoalVarRegistrationTests" name="GivenVarStarted_WhenSelectingReason_ThenVarOptionPrompted" />
    </UnitTest>
    <UnitTest name="CanSubstitutePlayerFromBench" storage="c:\gitlab-runner\builds\wr8mmwyb\0\livestats\livestats.football\source\test\functionaltests\bin\automation\net472\geniussports.livestats.football.functionaltests.dll" id="dc164155-0997-146f-0c88-fb287b956124">
      <Execution id="900a3301-e5a0-4e86-a4f8-3face70017f3" />
      <TestMethod codeBase="C:\GitLab-Runner\builds\wr8MmWYb\0\LiveStats\LiveStats.Football\Source\Test\FunctionalTests\bin\Automation\net472\GeniusSports.LiveStats.Football.FunctionalTests.dll" adapterTypeName="executor://nunit3testexecutor/" className="GeniusSports.LiveStats.Football.FunctionalTests.Features.GameSetup.SetupTeamsFormationsFeature" name="CanSubstitutePlayerFromBench" />
    </UnitTest>
    <UnitTest name="PenaltyShot_OnMissWithLocation(&quot;1&quot;,&quot;2&quot;,&quot;90&quot;,&quot;50&quot;,&quot;5&quot;,&quot;17&quot;,null)" storage="c:\gitlab-runner\builds\wr8mmwyb\0\livestats\livestats.football\source\test\functionaltests\bin\automation\net472\geniussports.livestats.football.functionaltests.dll" id="880d027b-b44b-ca4c-ce2e-4673ea102d5e">
      <Execution id="814a85c0-48a6-4122-85d3-7e1f4fc9a7ac" />
      <TestMethod codeBase="C:\GitLab-Runner\builds\wr8MmWYb\0\LiveStats\LiveStats.Football\Source\Test\FunctionalTests\bin\Automation\net472\GeniusSports.LiveStats.Football.FunctionalTests.dll" adapterTypeName="executor://nunit3testexecutor/" className="GeniusSports.LiveStats.Football.FunctionalTests.Features.PitchScreen.ActionRegistration.PenaltyRegistrationFeature" name="PenaltyShot_OnMissWithLocation(&quot;1&quot;,&quot;2&quot;,&quot;90&quot;,&quot;50&quot;,&quot;5&quot;,&quot;17&quot;,null)" />
    </UnitTest>
    <UnitTest name="GivenGameInProgress_WhenSetupNextHalf_ThenSecondHalfSetupDone" storage="c:\gitlab-runner\builds\wr8mmwyb\0\livestats\livestats.football\source\test\functionaltests\bin\automation\net472\geniussports.livestats.football.functionaltests.dll" id="cce49e2c-de90-7701-b38f-a89a88ba7a8b">
      <Execution id="35c085e9-4919-4a86-b074-1df16d7fa7e0" />
      <TestMethod codeBase="C:\GitLab-Runner\builds\wr8MmWYb\0\LiveStats\LiveStats.Football\Source\Test\FunctionalTests\bin\Automation\net472\GeniusSports.LiveStats.Football.FunctionalTests.dll" adapterTypeName="executor://nunit3testexecutor/" className="GeniusSports.LiveStats.Football.FunctionalTests.Tests.PitchScreen.GameState.EndMatchHalfTests" name="GivenGameInProgress_WhenSetupNextHalf_ThenSecondHalfSetupDone" />
    </UnitTest>
    <UnitTest name="CanOpenExpandedActionLogDuringBookingWorkflow" storage="c:\gitlab-runner\builds\wr8mmwyb\0\livestats\livestats.football\source\test\functionaltests\bin\automation\net472\geniussports.livestats.football.functionaltests.dll" id="cb4ee736-599a-3a69-94ed-b9c42c12de7b">
      <Execution id="57643e43-c217-4bdc-bd9f-c11f3452088e" />
      <TestMethod codeBase="C:\GitLab-Runner\builds\wr8MmWYb\0\LiveStats\LiveStats.Football\Source\Test\FunctionalTests\bin\Automation\net472\GeniusSports.LiveStats.Football.FunctionalTests.dll" adapterTypeName="executor://nunit3testexecutor/" className="GeniusSports.LiveStats.Football.FunctionalTests.Features.PitchScreen.ActionRegistration.ActionsDuringWorkflowsFeature" name="CanOpenExpandedActionLogDuringBookingWorkflow" />
    </UnitTest>
    <UnitTest name="DeleteCardAfterSelectingAssistantCoach(&quot;Yellow&quot;,&quot;2nd Yellow&quot;,&quot;SecondYellow&quot;,null)" storage="c:\gitlab-runner\builds\wr8mmwyb\0\livestats\livestats.football\source\test\functionaltests\bin\automation\net472\geniussports.livestats.football.functionaltests.dll" id="ea564cd8-8339-8080-3ce7-b5ea3281b775">
      <Execution id="bcfa707e-6968-4034-8d75-ec0620366b3b" />
      <TestMethod codeBase="C:\GitLab-Runner\builds\wr8MmWYb\0\LiveStats\LiveStats.Football\Source\Test\FunctionalTests\bin\Automation\net472\GeniusSports.LiveStats.Football.FunctionalTests.dll" adapterTypeName="executor://nunit3testexecutor/" className="GeniusSports.LiveStats.Football.FunctionalTests.Features.PitchScreen.ActionRegistration.CardRegistrationFeature" name="DeleteCardAfterSelectingAssistantCoach(&quot;Yellow&quot;,&quot;2nd Yellow&quot;,&quot;SecondYellow&quot;,null)" />
    </UnitTest>
    <UnitTest name="GivenTeamCouchWithYellowCard_WhenSettingCouchInactive_ThenErrorIsShown" storage="c:\gitlab-runner\builds\wr8mmwyb\0\livestats\livestats.football\source\test\functionaltests\bin\automation\net472\geniussports.livestats.football.functionaltests.dll" id="41290831-2371-f6d7-eeb6-ca0952005caf">
      <Execution id="e139167c-050f-4750-9c68-6a15f75450b0" />
      <TestMethod codeBase="C:\GitLab-Runner\builds\wr8MmWYb\0\LiveStats\LiveStats.Football\Source\Test\FunctionalTests\bin\Automation\net472\GeniusSports.LiveStats.Football.FunctionalTests.dll" adapterTypeName="executor://nunit3testexecutor/" className="GeniusSports.LiveStats.Football.FunctionalTests.Tests.GameSetup.EditGameSetupTests" name="GivenTeamCouchWithYellowCard_WhenSettingCouchInactive_ThenErrorIsShown" />
    </UnitTest>
    <UnitTest name="FreeKickByTeamUpdateLocationsAndFoulOnPlayerUpdated" storage="c:\gitlab-runner\builds\wr8mmwyb\0\livestats\livestats.football\source\test\functionaltests\bin\automation\net472\geniussports.livestats.football.functionaltests.dll" id="c01b2432-b051-27ae-42c0-70c0a49dea81">
      <Execution id="9eab8f44-fa8d-488e-82a8-f46e4271220e" />
      <TestMethod codeBase="C:\GitLab-Runner\builds\wr8MmWYb\0\LiveStats\LiveStats.Football\Source\Test\FunctionalTests\bin\Automation\net472\GeniusSports.LiveStats.Football.FunctionalTests.dll" adapterTypeName="executor://nunit3testexecutor/" className="GeniusSports.LiveStats.Football.FunctionalTests.Features.PitchScreen.ActionEdits.FreeKickEditFeature" name="FreeKickByTeamUpdateLocationsAndFoulOnPlayerUpdated" />
    </UnitTest>
    <UnitTest name="InsertFreeKickAfterOrBeforeLastEvent(&quot;after&quot;,&quot;0035&quot;,&quot;0036&quot;,&quot;00:35&quot;,&quot;1&quot;,&quot;2&quot;,&quot;1&quot;,&quot;2&quot;,null)" storage="c:\gitlab-runner\builds\wr8mmwyb\0\livestats\livestats.football\source\test\functionaltests\bin\automation\net472\geniussports.livestats.football.functionaltests.dll" id="34e367dd-ac50-89e6-2021-78514f0a3207">
      <Execution id="d886acf4-007f-42ee-8061-7083a0e2ca61" />
      <TestMethod codeBase="C:\GitLab-Runner\builds\wr8MmWYb\0\LiveStats\LiveStats.Football\Source\Test\FunctionalTests\bin\Automation\net472\GeniusSports.LiveStats.Football.FunctionalTests.dll" adapterTypeName="executor://nunit3testexecutor/" className="GeniusSports.LiveStats.Football.FunctionalTests.Features.PitchScreen.ActionInserts.FreeKickInsertFeature" name="InsertFreeKickAfterOrBeforeLastEvent(&quot;after&quot;,&quot;0035&quot;,&quot;0036&quot;,&quot;00:35&quot;,&quot;1&quot;,&quot;2&quot;,&quot;1&quot;,&quot;2&quot;,null)" />
    </UnitTest>
    <UnitTest name="ChangePlayerForCommittedAndFouled(&quot;1&quot;,&quot;2&quot;,null)" storage="c:\gitlab-runner\builds\wr8mmwyb\0\livestats\livestats.football\source\test\functionaltests\bin\automation\net472\geniussports.livestats.football.functionaltests.dll" id="a79c10af-32d3-3f57-2087-1645d475d080">
      <Execution id="de2db40d-66a1-4278-bc10-d6952970b592" />
      <TestMethod codeBase="C:\GitLab-Runner\builds\wr8MmWYb\0\LiveStats\LiveStats.Football\Source\Test\FunctionalTests\bin\Automation\net472\GeniusSports.LiveStats.Football.FunctionalTests.dll" adapterTypeName="executor://nunit3testexecutor/" className="GeniusSports.LiveStats.Football.FunctionalTests.Features.PitchScreen.ActionRegistration.FreeKickRegistrationFeature" name="ChangePlayerForCommittedAndFouled(&quot;1&quot;,&quot;2&quot;,null)" />
    </UnitTest>
    <UnitTest name="ChangeFromMadeToMiss(&quot;2&quot;,&quot;1&quot;,&quot;10&quot;,&quot;50&quot;,&quot;8&quot;,&quot;11&quot;,null)" storage="c:\gitlab-runner\builds\wr8mmwyb\0\livestats\livestats.football\source\test\functionaltests\bin\automation\net472\geniussports.livestats.football.functionaltests.dll" id="96478b34-1683-bc92-f61f-768c8eb375f5">
      <Execution id="d78a83da-ee07-4f32-b01a-10d23a4e3457" />
      <TestMethod codeBase="C:\GitLab-Runner\builds\wr8MmWYb\0\LiveStats\LiveStats.Football\Source\Test\FunctionalTests\bin\Automation\net472\GeniusSports.LiveStats.Football.FunctionalTests.dll" adapterTypeName="executor://nunit3testexecutor/" className="GeniusSports.LiveStats.Football.FunctionalTests.Features.PitchScreen.ActionRegistration.PenaltyRegistrationFeature" name="ChangeFromMadeToMiss(&quot;2&quot;,&quot;1&quot;,&quot;10&quot;,&quot;50&quot;,&quot;8&quot;,&quot;11&quot;,null)" />
    </UnitTest>
    <UnitTest name="InsertSubstitutionInPeriodBreakIsShownOnPitchPlayer(&quot;before&quot;,&quot;GameStart&quot;,null)" storage="c:\gitlab-runner\builds\wr8mmwyb\0\livestats\livestats.football\source\test\functionaltests\bin\automation\net472\geniussports.livestats.football.functionaltests.dll" id="759f43f9-33c5-80a8-9279-d613492ce3d4">
      <Execution id="d74d434b-6812-4827-8ed4-732698b6e77e" />
      <TestMethod codeBase="C:\GitLab-Runner\builds\wr8MmWYb\0\LiveStats\LiveStats.Football\Source\Test\FunctionalTests\bin\Automation\net472\GeniusSports.LiveStats.Football.FunctionalTests.dll" adapterTypeName="executor://nunit3testexecutor/" className="GeniusSports.LiveStats.Football.FunctionalTests.Features.PitchScreen.ActionInserts.PeriodBreakInsertFeature" name="InsertSubstitutionInPeriodBreakIsShownOnPitchPlayer(&quot;before&quot;,&quot;GameStart&quot;,null)" />
    </UnitTest>
    <UnitTest name="GivenFreeKickInProgress_WhenSettingPossession_PossessionIsChanged(1)" storage="c:\gitlab-runner\builds\wr8mmwyb\0\livestats\livestats.football\source\test\functionaltests\bin\automation\net472\geniussports.livestats.football.functionaltests.dll" id="11cee9f6-efc2-39eb-8a4b-8345739474ad">
      <Execution id="8ce3d536-67ea-40df-abde-f4f6d3e30c22" />
      <TestMethod codeBase="C:\GitLab-Runner\builds\wr8MmWYb\0\LiveStats\LiveStats.Football\Source\Test\FunctionalTests\bin\Automation\net472\GeniusSports.LiveStats.Football.FunctionalTests.dll" adapterTypeName="executor://nunit3testexecutor/" className="GeniusSports.LiveStats.Football.FunctionalTests.Tests.PitchScreen.PossessionChangeTests" name="GivenFreeKickInProgress_WhenSettingPossession_PossessionIsChanged(1)" />
    </UnitTest>
    <UnitTest name="InsertSubstitutionIsShownOnPitchPlayer(&quot;before&quot;,&quot;0025&quot;,&quot;00:25&quot;,&quot;2&quot;,&quot;3&quot;,null)" storage="c:\gitlab-runner\builds\wr8mmwyb\0\livestats\livestats.football\source\test\functionaltests\bin\automation\net472\geniussports.livestats.football.functionaltests.dll" id="f7b15b66-0ea7-682f-98f9-6fd189f4abe8">
      <Execution id="152384c7-28c0-4340-958b-9ee89d9435b2" />
      <TestMethod codeBase="C:\GitLab-Runner\builds\wr8MmWYb\0\LiveStats\LiveStats.Football\Source\Test\FunctionalTests\bin\Automation\net472\GeniusSports.LiveStats.Football.FunctionalTests.dll" adapterTypeName="executor://nunit3testexecutor/" className="GeniusSports.LiveStats.Football.FunctionalTests.Features.PitchScreen.ActionInserts.SubstitutionInsertFeature" name="InsertSubstitutionIsShownOnPitchPlayer(&quot;before&quot;,&quot;0025&quot;,&quot;00:25&quot;,&quot;2&quot;,&quot;3&quot;,null)" />
    </UnitTest>
    <UnitTest name="PlayerWithActionCanBeRemovedFromLine_UpViaFormationsTab" storage="c:\gitlab-runner\builds\wr8mmwyb\0\livestats\livestats.football\source\test\functionaltests\bin\automation\net472\geniussports.livestats.football.functionaltests.dll" id="ccd33390-7d3a-708d-008c-b7c64c126dc6">
      <Execution id="154542e2-c42a-4a88-8d03-acc8355422c8" />
      <TestMethod codeBase="C:\GitLab-Runner\builds\wr8MmWYb\0\LiveStats\LiveStats.Football\Source\Test\FunctionalTests\bin\Automation\net472\GeniusSports.LiveStats.Football.FunctionalTests.dll" adapterTypeName="executor://nunit3testexecutor/" className="GeniusSports.LiveStats.Football.FunctionalTests.Features.GameSetup.RemovePlayersFromStartersWithActionsFeature" name="PlayerWithActionCanBeRemovedFromLine_UpViaFormationsTab" />
    </UnitTest>
    <UnitTest name="GivenCornerRegisteredAndAttackSideChanged_WhenEditingCorner_ThenActiveCornersChanged" storage="c:\gitlab-runner\builds\wr8mmwyb\0\livestats\livestats.football\source\test\functionaltests\bin\automation\net472\geniussports.livestats.football.functionaltests.dll" id="2c3cd761-4e86-ef7c-b574-db6b4a6faa87">
      <Execution id="d609431a-3d2d-4fc2-b3b1-8d17b8879788" />
      <TestMethod codeBase="C:\GitLab-Runner\builds\wr8MmWYb\0\LiveStats\LiveStats.Football\Source\Test\FunctionalTests\bin\Automation\net472\GeniusSports.LiveStats.Football.FunctionalTests.dll" adapterTypeName="executor://nunit3testexecutor/" className="GeniusSports.LiveStats.Football.FunctionalTests.Tests.PitchScreen.ActionEdits.CornerEditTests" name="GivenCornerRegisteredAndAttackSideChanged_WhenEditingCorner_ThenActiveCornersChanged" />
    </UnitTest>
    <UnitTest name="ClearPitchPositionForFreeKickLocation" storage="c:\gitlab-runner\builds\wr8mmwyb\0\livestats\livestats.football\source\test\functionaltests\bin\automation\net472\geniussports.livestats.football.functionaltests.dll" id="4f7f897d-5989-0211-ef22-e80a20e44536">
      <Execution id="946f3386-e9f4-4170-a67b-f991fca5ff7b" />
      <TestMethod codeBase="C:\GitLab-Runner\builds\wr8MmWYb\0\LiveStats\LiveStats.Football\Source\Test\FunctionalTests\bin\Automation\net472\GeniusSports.LiveStats.Football.FunctionalTests.dll" adapterTypeName="executor://nunit3testexecutor/" className="GeniusSports.LiveStats.Football.FunctionalTests.Features.PitchScreen.ActionEdits.FreeKickEditFeature" name="ClearPitchPositionForFreeKickLocation" />
    </UnitTest>
    <UnitTest name="SelectVAROutcome(&quot;Stands&quot;,null)" storage="c:\gitlab-runner\builds\wr8mmwyb\0\livestats\livestats.football\source\test\functionaltests\bin\automation\net472\geniussports.livestats.football.functionaltests.dll" id="025a785d-86d4-6c5a-e4fc-18951a9e0b20">
      <Execution id="8cb7adff-c677-4307-bf25-3679ff1250f6" />
      <TestMethod codeBase="C:\GitLab-Runner\builds\wr8MmWYb\0\LiveStats\LiveStats.Football\Source\Test\FunctionalTests\bin\Automation\net472\GeniusSports.LiveStats.Football.FunctionalTests.dll" adapterTypeName="executor://nunit3testexecutor/" className="GeniusSports.LiveStats.Football.FunctionalTests.Features.PitchScreen.ActionInserts.InsertGoalFeature" name="SelectVAROutcome(&quot;Stands&quot;,null)" />
    </UnitTest>
    <UnitTest name="GivenActionRegistered_WhenDeletingFromActionLog_ThenDeleted(Goal)" storage="c:\gitlab-runner\builds\wr8mmwyb\0\livestats\livestats.football\source\test\functionaltests\bin\automation\net472\geniussports.livestats.football.functionaltests.dll" id="bca74496-ac35-e27b-3cdf-2aef74af7b87">
      <Execution id="13223ecc-4d90-4f1b-8810-18e27d3f89fc" />
      <TestMethod codeBase="C:\GitLab-Runner\builds\wr8MmWYb\0\LiveStats\LiveStats.Football\Source\Test\FunctionalTests\bin\Automation\net472\GeniusSports.LiveStats.Football.FunctionalTests.dll" adapterTypeName="executor://nunit3testexecutor/" className="GeniusSports.LiveStats.Football.FunctionalTests.Tests.PitchScreen.ActionDeletes.GameActionDeleteTests" name="GivenActionRegistered_WhenDeletingFromActionLog_ThenDeleted(Goal)" />
    </UnitTest>
    <UnitTest name="RecordVARStandsForPenaltyShoot_OutKickStep1" storage="c:\gitlab-runner\builds\wr8mmwyb\0\livestats\livestats.football\source\test\functionaltests\bin\automation\net472\geniussports.livestats.football.functionaltests.dll" id="6f2cb4ff-d28e-61ae-1c45-0637ef74dc8c">
      <Execution id="e2ee1d80-1357-4885-bc40-70a32c7bf8e2" />
      <TestMethod codeBase="C:\GitLab-Runner\builds\wr8MmWYb\0\LiveStats\LiveStats.Football\Source\Test\FunctionalTests\bin\Automation\net472\GeniusSports.LiveStats.Football.FunctionalTests.dll" adapterTypeName="executor://nunit3testexecutor/" className="GeniusSports.LiveStats.Football.FunctionalTests.Features.PitchScreen.VideoAssistantReferee.PenaltyShootoutKickVarRegistrationFeature" name="RecordVARStandsForPenaltyShoot_OutKickStep1" />
    </UnitTest>
    <UnitTest name="OpenCardEdit" storage="c:\gitlab-runner\builds\wr8mmwyb\0\livestats\livestats.football\source\test\functionaltests\bin\automation\net472\geniussports.livestats.football.functionaltests.dll" id="0c6a5639-2d52-39b1-bf88-a4bbd5da00a5">
      <Execution id="b104dbf5-0bdb-4e0b-825d-296b8d1e6fe7" />
      <TestMethod codeBase="C:\GitLab-Runner\builds\wr8MmWYb\0\LiveStats\LiveStats.Football\Source\Test\FunctionalTests\bin\Automation\net472\GeniusSports.LiveStats.Football.FunctionalTests.dll" adapterTypeName="executor://nunit3testexecutor/" className="GeniusSports.LiveStats.Football.FunctionalTests.Features.PitchScreen.ActionEdits.CardEditFeature" name="OpenCardEdit" />
    </UnitTest>
    <UnitTest name="SelectVarReason(&quot;Offence&quot;,null)" storage="c:\gitlab-runner\builds\wr8mmwyb\0\livestats\livestats.football\source\test\functionaltests\bin\automation\net472\geniussports.livestats.football.functionaltests.dll" id="0acfbd51-964d-2fdb-c458-f237dda8597f">
      <Execution id="8fbe3a04-6e9e-4921-9146-cec45a9361b9" />
      <TestMethod codeBase="C:\GitLab-Runner\builds\wr8MmWYb\0\LiveStats\LiveStats.Football\Source\Test\FunctionalTests\bin\Automation\net472\GeniusSports.LiveStats.Football.FunctionalTests.dll" adapterTypeName="executor://nunit3testexecutor/" className="GeniusSports.LiveStats.Football.FunctionalTests.Features.PitchScreen.ActionInserts.InsertGoalFeature" name="SelectVarReason(&quot;Offence&quot;,null)" />
    </UnitTest>
    <UnitTest name="InsertOffsideFreeKickWithNoPlayersBeforeLastEvent" storage="c:\gitlab-runner\builds\wr8mmwyb\0\livestats\livestats.football\source\test\functionaltests\bin\automation\net472\geniussports.livestats.football.functionaltests.dll" id="6f04060a-56ef-e577-7930-b5f1308011ba">
      <Execution id="004a02dd-5353-46e2-b847-bfb921be1da9" />
      <TestMethod codeBase="C:\GitLab-Runner\builds\wr8MmWYb\0\LiveStats\LiveStats.Football\Source\Test\FunctionalTests\bin\Automation\net472\GeniusSports.LiveStats.Football.FunctionalTests.dll" adapterTypeName="executor://nunit3testexecutor/" className="GeniusSports.LiveStats.Football.FunctionalTests.Features.PitchScreen.ActionInserts.FreeKickInsertFeature" name="InsertOffsideFreeKickWithNoPlayersBeforeLastEvent" />
    </UnitTest>
    <UnitTest name="FlagAndContinueCard(&quot;Red&quot;,&quot;Red&quot;,&quot;1&quot;,null)" storage="c:\gitlab-runner\builds\wr8mmwyb\0\livestats\livestats.football\source\test\functionaltests\bin\automation\net472\geniussports.livestats.football.functionaltests.dll" id="1790f997-a280-486d-6909-1ce938712f4d">
      <Execution id="e8980e7a-93db-47fe-8f61-5fd42b201934" />
      <TestMethod codeBase="C:\GitLab-Runner\builds\wr8MmWYb\0\LiveStats\LiveStats.Football\Source\Test\FunctionalTests\bin\Automation\net472\GeniusSports.LiveStats.Football.FunctionalTests.dll" adapterTypeName="executor://nunit3testexecutor/" className="GeniusSports.LiveStats.Football.FunctionalTests.Features.PitchScreen.Flagging.FlagAndContinueFeature" name="FlagAndContinueCard(&quot;Red&quot;,&quot;Red&quot;,&quot;1&quot;,null)" />
    </UnitTest>
    <UnitTest name="GivenSecondExtraTimeHalfEndDeleted_WhenEndingAgain_ThenHalfIsEnded" storage="c:\gitlab-runner\builds\wr8mmwyb\0\livestats\livestats.football\source\test\functionaltests\bin\automation\net472\geniussports.livestats.football.functionaltests.dll" id="4c6bb65c-d87f-ed64-903c-eefc4e42a781">
      <Execution id="1c0ae205-e706-47b9-b2bb-96355e87bbd4" />
      <TestMethod codeBase="C:\GitLab-Runner\builds\wr8MmWYb\0\LiveStats\LiveStats.Football\Source\Test\FunctionalTests\bin\Automation\net472\GeniusSports.LiveStats.Football.FunctionalTests.dll" adapterTypeName="executor://nunit3testexecutor/" className="GeniusSports.LiveStats.Football.FunctionalTests.Tests.PitchScreen.ActionDeletes.PeriodAndGameEndsDeleteTests" name="GivenSecondExtraTimeHalfEndDeleted_WhenEndingAgain_ThenHalfIsEnded" />
    </UnitTest>
    <UnitTest name="InsertShotOffPenaltyShootoutKickWithSaveBefore" storage="c:\gitlab-runner\builds\wr8mmwyb\0\livestats\livestats.football\source\test\functionaltests\bin\automation\net472\geniussports.livestats.football.functionaltests.dll" id="9ff39c7b-55d3-feb0-e360-93e7964f2466">
      <Execution id="2e4c2358-3bd9-4cbc-955b-2e212dd5bdf6" />
      <TestMethod codeBase="C:\GitLab-Runner\builds\wr8MmWYb\0\LiveStats\LiveStats.Football\Source\Test\FunctionalTests\bin\Automation\net472\GeniusSports.LiveStats.Football.FunctionalTests.dll" adapterTypeName="executor://nunit3testexecutor/" className="GeniusSports.LiveStats.Football.FunctionalTests.Features.PitchScreen.ActionInserts.PenaltyShootoutInsertFeature" name="InsertShotOffPenaltyShootoutKickWithSaveBefore" />
    </UnitTest>
    <UnitTest name="InsertShotOnPenaltyShootoutKickAfterOrBeforeLastEvent(&quot;after&quot;,&quot;1&quot;,&quot;2&quot;,&quot;2&quot;,&quot;1&quot;,null)" storage="c:\gitlab-runner\builds\wr8mmwyb\0\livestats\livestats.football\source\test\functionaltests\bin\automation\net472\geniussports.livestats.football.functionaltests.dll" id="178d97f4-53ce-0e48-99f9-a2f46d027471">
      <Execution id="7ea08ef4-68f2-4d8f-8605-a8bfe8256a80" />
      <TestMethod codeBase="C:\GitLab-Runner\builds\wr8MmWYb\0\LiveStats\LiveStats.Football\Source\Test\FunctionalTests\bin\Automation\net472\GeniusSports.LiveStats.Football.FunctionalTests.dll" adapterTypeName="executor://nunit3testexecutor/" className="GeniusSports.LiveStats.Football.FunctionalTests.Features.PitchScreen.ActionInserts.PenaltyShootoutInsertFeature" name="InsertShotOnPenaltyShootoutKickAfterOrBeforeLastEvent(&quot;after&quot;,&quot;1&quot;,&quot;2&quot;,&quot;2&quot;,&quot;1&quot;,null)" />
    </UnitTest>
    <UnitTest name="GivenGameInProgress_WhenEditingGameInformationOfficials_ThenOfficialsAreUpdated" storage="c:\gitlab-runner\builds\wr8mmwyb\0\livestats\livestats.football\source\test\functionaltests\bin\automation\net472\geniussports.livestats.football.functionaltests.dll" id="651e472b-f2e8-6e20-2f5b-de1e6c174caf">
      <Execution id="d72d8bb6-f646-4a7e-962a-438ae0ff9370" />
      <TestMethod codeBase="C:\GitLab-Runner\builds\wr8MmWYb\0\LiveStats\LiveStats.Football\Source\Test\FunctionalTests\bin\Automation\net472\GeniusSports.LiveStats.Football.FunctionalTests.dll" adapterTypeName="executor://nunit3testexecutor/" className="GeniusSports.LiveStats.Football.FunctionalTests.Tests.GameSetup.EditGameSetupTests" name="GivenGameInProgress_WhenEditingGameInformationOfficials_ThenOfficialsAreUpdated" />
    </UnitTest>
    <UnitTest name="GivenGameInProgress_WhenRegisteringCardForCouch_ThenCardIsRegisteredForCoach(Red,1,Red,&quot;Red&quot;)" storage="c:\gitlab-runner\builds\wr8mmwyb\0\livestats\livestats.football\source\test\functionaltests\bin\automation\net472\geniussports.livestats.football.functionaltests.dll" id="18f8ead9-7e9a-cc21-bd87-39c439852f26">
      <Execution id="52ca405e-e85a-4ffe-9ada-5213e68ccf3b" />
      <TestMethod codeBase="C:\GitLab-Runner\builds\wr8MmWYb\0\LiveStats\LiveStats.Football\Source\Test\FunctionalTests\bin\Automation\net472\GeniusSports.LiveStats.Football.FunctionalTests.dll" adapterTypeName="executor://nunit3testexecutor/" className="GeniusSports.LiveStats.Football.FunctionalTests.Tests.PitchScreen.ActionRegistration.CardRegistrationTests" name="GivenGameInProgress_WhenRegisteringCardForCouch_ThenCardIsRegisteredForCoach(Red,1,Red,&quot;Red&quot;)" />
    </UnitTest>
    <UnitTest name="GivenGameInPso_ThenCannotChangePossession" storage="c:\gitlab-runner\builds\wr8mmwyb\0\livestats\livestats.football\source\test\functionaltests\bin\automation\net472\geniussports.livestats.football.functionaltests.dll" id="4ecdc156-983a-a1e5-1bea-d19b8b8ea940">
      <Execution id="01466b87-1551-4be1-afc6-302fb7e719c1" />
      <TestMethod codeBase="C:\GitLab-Runner\builds\wr8MmWYb\0\LiveStats\LiveStats.Football\Source\Test\FunctionalTests\bin\Automation\net472\GeniusSports.LiveStats.Football.FunctionalTests.dll" adapterTypeName="executor://nunit3testexecutor/" className="GeniusSports.LiveStats.Football.FunctionalTests.Tests.PitchScreen.OpeningGameInPenaltyShootout" name="GivenGameInPso_ThenCannotChangePossession" />
    </UnitTest>
    <UnitTest name="CanOpenExpandedActionLogDuringCornerWorkflow" storage="c:\gitlab-runner\builds\wr8mmwyb\0\livestats\livestats.football\source\test\functionaltests\bin\automation\net472\geniussports.livestats.football.functionaltests.dll" id="11b93a96-c4dc-da75-9985-8cff113e49de">
      <Execution id="4990ef1b-0b12-459d-8cb8-24aeb5f30b1e" />
      <TestMethod codeBase="C:\GitLab-Runner\builds\wr8MmWYb\0\LiveStats\LiveStats.Football\Source\Test\FunctionalTests\bin\Automation\net472\GeniusSports.LiveStats.Football.FunctionalTests.dll" adapterTypeName="executor://nunit3testexecutor/" className="GeniusSports.LiveStats.Football.FunctionalTests.Features.PitchScreen.ActionRegistration.ActionsDuringWorkflowsFeature" name="CanOpenExpandedActionLogDuringCornerWorkflow" />
    </UnitTest>
    <UnitTest name="WhenActionTimeChangeToSameAsPeriodKickOffActionItCannotBeMovedBefore" storage="c:\gitlab-runner\builds\wr8mmwyb\0\livestats\livestats.football\source\test\functionaltests\bin\automation\net472\geniussports.livestats.football.functionaltests.dll" id="68eca081-fbfa-278b-7674-49ba5f237380">
      <Execution id="b620c949-87a1-49b9-acb7-e3eb275d38b7" />
      <TestMethod codeBase="C:\GitLab-Runner\builds\wr8MmWYb\0\LiveStats\LiveStats.Football\Source\Test\FunctionalTests\bin\Automation\net472\GeniusSports.LiveStats.Football.FunctionalTests.dll" adapterTypeName="executor://nunit3testexecutor/" className="GeniusSports.LiveStats.Football.FunctionalTests.Features.PitchScreen.ActionEdits.ActionContainersAreAutomaticallyReorderedFeature" name="WhenActionTimeChangeToSameAsPeriodKickOffActionItCannotBeMovedBefore" />
    </UnitTest>
    <UnitTest name="GivenStatisticianForm_WhenEnteringIncorrectDetails_ThenRegistrationNotSuccessful" storage="c:\gitlab-runner\builds\wr8mmwyb\0\livestats\livestats.football\source\test\functionaltests\bin\automation\net472\geniussports.livestats.football.functionaltests.dll" id="3f27eb6a-4bb5-77f0-4e78-3f7c05533a07">
      <Execution id="d8f4bb59-8f8b-4720-bfdc-3e8c514570f2" />
      <TestMethod codeBase="C:\GitLab-Runner\builds\wr8MmWYb\0\LiveStats\LiveStats.Football\Source\Test\FunctionalTests\bin\Automation\net472\GeniusSports.LiveStats.Football.FunctionalTests.dll" adapterTypeName="executor://nunit3testexecutor/" className="GeniusSports.LiveStats.Football.FunctionalTests.Tests.GameSetup.StatisticiansNetworkTests" name="GivenStatisticianForm_WhenEnteringIncorrectDetails_ThenRegistrationNotSuccessful" />
    </UnitTest>
    <UnitTest name="GivenGameInProgress_WhenUpdatingPlayersWithoutActions_ThenPlayerIsUpdated" storage="c:\gitlab-runner\builds\wr8mmwyb\0\livestats\livestats.football\source\test\functionaltests\bin\automation\net472\geniussports.livestats.football.functionaltests.dll" id="ce259a0d-c4d9-33f0-3155-07704fc0f49a">
      <Execution id="2c755c4e-d08e-4960-bf58-4144473a10ae" />
      <TestMethod codeBase="C:\GitLab-Runner\builds\wr8MmWYb\0\LiveStats\LiveStats.Football\Source\Test\FunctionalTests\bin\Automation\net472\GeniusSports.LiveStats.Football.FunctionalTests.dll" adapterTypeName="executor://nunit3testexecutor/" className="GeniusSports.LiveStats.Football.FunctionalTests.Tests.GameSetup.EditGameSetupTests" name="GivenGameInProgress_WhenUpdatingPlayersWithoutActions_ThenPlayerIsUpdated" />
    </UnitTest>
    <UnitTest name="AllCardsFilterInExpandedLogShowOnlyCards" storage="c:\gitlab-runner\builds\wr8mmwyb\0\livestats\livestats.football\source\test\functionaltests\bin\automation\net472\geniussports.livestats.football.functionaltests.dll" id="5cbf35a0-5e56-37b5-8aac-d649040264f2">
      <Execution id="8c2e4a28-b55c-47da-a2d9-63c73a511da4" />
      <TestMethod codeBase="C:\GitLab-Runner\builds\wr8MmWYb\0\LiveStats\LiveStats.Football\Source\Test\FunctionalTests\bin\Automation\net472\GeniusSports.LiveStats.Football.FunctionalTests.dll" adapterTypeName="executor://nunit3testexecutor/" className="GeniusSports.LiveStats.Football.FunctionalTests.Features.PitchScreen.Filters.CardsFilterFeature" name="AllCardsFilterInExpandedLogShowOnlyCards" />
    </UnitTest>
    <UnitTest name="PenaltyShootoutHalfEndCannotBeDeletedIfThereIsActionRegisteredAfterEnd" storage="c:\gitlab-runner\builds\wr8mmwyb\0\livestats\livestats.football\source\test\functionaltests\bin\automation\net472\geniussports.livestats.football.functionaltests.dll" id="60ba069d-d0d8-6edf-64c1-48ae9af957e0">
      <Execution id="3681f7aa-5843-4f16-a024-c3cf677d4144" />
      <TestMethod codeBase="C:\GitLab-Runner\builds\wr8MmWYb\0\LiveStats\LiveStats.Football\Source\Test\FunctionalTests\bin\Automation\net472\GeniusSports.LiveStats.Football.FunctionalTests.dll" adapterTypeName="executor://nunit3testexecutor/" className="GeniusSports.LiveStats.Football.FunctionalTests.Features.PitchScreen.ActionDeletes.PeriodAndGameEndsDeleteFeature" name="PenaltyShootoutHalfEndCannotBeDeletedIfThereIsActionRegisteredAfterEnd" />
    </UnitTest>
    <UnitTest name="PenaltiesCanBeFiltered" storage="c:\gitlab-runner\builds\wr8mmwyb\0\livestats\livestats.football\source\test\functionaltests\bin\automation\net472\geniussports.livestats.football.functionaltests.dll" id="1eb3878d-cf9e-c9e8-6372-693392d06d91">
      <Execution id="1ba8dbc2-238a-482a-82a3-0834ad3dd971" />
      <TestMethod codeBase="C:\GitLab-Runner\builds\wr8MmWYb\0\LiveStats\LiveStats.Football\Source\Test\FunctionalTests\bin\Automation\net472\GeniusSports.LiveStats.Football.FunctionalTests.dll" adapterTypeName="executor://nunit3testexecutor/" className="GeniusSports.LiveStats.Football.FunctionalTests.Features.PitchScreen.Filters.ActionTypesFiltersFeature" name="PenaltiesCanBeFiltered" />
    </UnitTest>
    <UnitTest name="FootballSaveCanBeFiltered" storage="c:\gitlab-runner\builds\wr8mmwyb\0\livestats\livestats.football\source\test\functionaltests\bin\automation\net472\geniussports.livestats.football.functionaltests.dll" id="4bb072d1-c271-3076-df75-b482ce8eb668">
      <Execution id="c9dc7f2c-7d9b-4424-9948-cc2eabe64e5f" />
      <TestMethod codeBase="C:\GitLab-Runner\builds\wr8MmWYb\0\LiveStats\LiveStats.Football\Source\Test\FunctionalTests\bin\Automation\net472\GeniusSports.LiveStats.Football.FunctionalTests.dll" adapterTypeName="executor://nunit3testexecutor/" className="GeniusSports.LiveStats.Football.FunctionalTests.Features.PitchScreen.Filters.ActionTypesFiltersFeature" name="FootballSaveCanBeFiltered" />
    </UnitTest>
    <UnitTest name="CannotProceedWithoutBlankMandatoryFields(&quot;2&quot;,&quot;short name&quot;,&quot;Team's short name is required&quot;,null)" storage="c:\gitlab-runner\builds\wr8mmwyb\0\livestats\livestats.football\source\test\functionaltests\bin\automation\net472\geniussports.livestats.football.functionaltests.dll" id="d0b5073f-6d1d-7f7d-895d-e21925277012">
      <Execution id="cfec73d9-19ff-4523-ac32-7c19acf657c0" />
      <TestMethod codeBase="C:\GitLab-Runner\builds\wr8MmWYb\0\LiveStats\LiveStats.Football\Source\Test\FunctionalTests\bin\Automation\net472\GeniusSports.LiveStats.Football.FunctionalTests.dll" adapterTypeName="executor://nunit3testexecutor/" className="GeniusSports.LiveStats.Football.FunctionalTests.Features.GameSetup.TeamsFeature" name="CannotProceedWithoutBlankMandatoryFields(&quot;2&quot;,&quot;short name&quot;,&quot;Team's short name is required&quot;,null)" />
    </UnitTest>
    <UnitTest name="GivenGameInProgress_WhenConfirmingCard_ThenCardIsRegisteredForPlayer(Yellow,2,5,SecondYellow,&quot;2nd Yellow&quot;)" storage="c:\gitlab-runner\builds\wr8mmwyb\0\livestats\livestats.football\source\test\functionaltests\bin\automation\net472\geniussports.livestats.football.functionaltests.dll" id="14ee41d2-1f7a-af41-92a0-3449d9364bfa">
      <Execution id="23af049a-fac9-471d-8d06-efa6dd4a1797" />
      <TestMethod codeBase="C:\GitLab-Runner\builds\wr8MmWYb\0\LiveStats\LiveStats.Football\Source\Test\FunctionalTests\bin\Automation\net472\GeniusSports.LiveStats.Football.FunctionalTests.dll" adapterTypeName="executor://nunit3testexecutor/" className="GeniusSports.LiveStats.Football.FunctionalTests.Tests.PitchScreen.ActionRegistration.CardRegistrationTests" name="GivenGameInProgress_WhenConfirmingCard_ThenCardIsRegisteredForPlayer(Yellow,2,5,SecondYellow,&quot;2nd Yellow&quot;)" />
    </UnitTest>
    <UnitTest name="InsertFreeKickAfterOrBeforeLastEvent(&quot;before&quot;,&quot;0025&quot;,&quot;0026&quot;,&quot;00:25&quot;,&quot;2&quot;,&quot;1&quot;,&quot;2&quot;,&quot;3&quot;,null)" storage="c:\gitlab-runner\builds\wr8mmwyb\0\livestats\livestats.football\source\test\functionaltests\bin\automation\net472\geniussports.livestats.football.functionaltests.dll" id="7f873223-3311-a379-eb2c-47786448388a">
      <Execution id="36502195-6bbe-4117-8c02-3bfe4df5029b" />
      <TestMethod codeBase="C:\GitLab-Runner\builds\wr8MmWYb\0\LiveStats\LiveStats.Football\Source\Test\FunctionalTests\bin\Automation\net472\GeniusSports.LiveStats.Football.FunctionalTests.dll" adapterTypeName="executor://nunit3testexecutor/" className="GeniusSports.LiveStats.Football.FunctionalTests.Features.PitchScreen.ActionInserts.FreeKickInsertFeature" name="InsertFreeKickAfterOrBeforeLastEvent(&quot;before&quot;,&quot;0025&quot;,&quot;0026&quot;,&quot;00:25&quot;,&quot;2&quot;,&quot;1&quot;,&quot;2&quot;,&quot;3&quot;,null)" />
    </UnitTest>
    <UnitTest name="GivenGameInProgress_WhenUpdatingFormations_ThenFormationsAreUpdated(&quot;3-5-1-1&quot;)" storage="c:\gitlab-runner\builds\wr8mmwyb\0\livestats\livestats.football\source\test\functionaltests\bin\automation\net472\geniussports.livestats.football.functionaltests.dll" id="465f1316-d524-e5ee-fb6d-de2f5bca3b7c">
      <Execution id="afd3deb8-2a3d-47fc-8be7-5c9c1edc3b80" />
      <TestMethod codeBase="C:\GitLab-Runner\builds\wr8MmWYb\0\LiveStats\LiveStats.Football\Source\Test\FunctionalTests\bin\Automation\net472\GeniusSports.LiveStats.Football.FunctionalTests.dll" adapterTypeName="executor://nunit3testexecutor/" className="GeniusSports.LiveStats.Football.FunctionalTests.Tests.GameSetup.EditGameSetupTests" name="GivenGameInProgress_WhenUpdatingFormations_ThenFormationsAreUpdated(&quot;3-5-1-1&quot;)" />
    </UnitTest>
    <UnitTest name="VARStartedOnPenaltyFirstStep(&quot;1&quot;,null)" storage="c:\gitlab-runner\builds\wr8mmwyb\0\livestats\livestats.football\source\test\functionaltests\bin\automation\net472\geniussports.livestats.football.functionaltests.dll" id="8e89c124-b06d-05ca-6188-2acb21e3a847">
      <Execution id="4a5bcab9-025b-45b3-a545-db643419bb2d" />
      <TestMethod codeBase="C:\GitLab-Runner\builds\wr8MmWYb\0\LiveStats\LiveStats.Football\Source\Test\FunctionalTests\bin\Automation\net472\GeniusSports.LiveStats.Football.FunctionalTests.dll" adapterTypeName="executor://nunit3testexecutor/" className="GeniusSports.LiveStats.Football.FunctionalTests.Features.PitchScreen.VideoAssistantReferee.VarRegistrationDuringPenaltyFeature" name="VARStartedOnPenaltyFirstStep(&quot;1&quot;,null)" />
    </UnitTest>
    <UnitTest name="GivenPsoKickEditOpened_WhenUpdatingOutcome_ThenNewOutcomeSeenInEdit" storage="c:\gitlab-runner\builds\wr8mmwyb\0\livestats\livestats.football\source\test\functionaltests\bin\automation\net472\geniussports.livestats.football.functionaltests.dll" id="c6ee5cc1-2850-e8ba-1194-652677d97783">
      <Execution id="34a3957e-88e6-4ad6-9534-e417690c4191" />
      <TestMethod codeBase="C:\GitLab-Runner\builds\wr8MmWYb\0\LiveStats\LiveStats.Football\Source\Test\FunctionalTests\bin\Automation\net472\GeniusSports.LiveStats.Football.FunctionalTests.dll" adapterTypeName="executor://nunit3testexecutor/" className="GeniusSports.LiveStats.Football.FunctionalTests.Tests.PitchScreen.ActionEdits.PenaltyShootoutEditTests" name="GivenPsoKickEditOpened_WhenUpdatingOutcome_ThenNewOutcomeSeenInEdit" />
    </UnitTest>
    <UnitTest name="DoNotConfirmOffencePenalty(&quot;2&quot;,&quot;1&quot;,&quot;10&quot;,&quot;50&quot;,&quot;8&quot;,null)" storage="c:\gitlab-runner\builds\wr8mmwyb\0\livestats\livestats.football\source\test\functionaltests\bin\automation\net472\geniussports.livestats.football.functionaltests.dll" id="5344ae04-52c1-3357-d0fb-63a07a2114d2">
      <Execution id="0aa370ae-9543-496d-8c7a-d50fb600ac32" />
      <TestMethod codeBase="C:\GitLab-Runner\builds\wr8MmWYb\0\LiveStats\LiveStats.Football\Source\Test\FunctionalTests\bin\Automation\net472\GeniusSports.LiveStats.Football.FunctionalTests.dll" adapterTypeName="executor://nunit3testexecutor/" className="GeniusSports.LiveStats.Football.FunctionalTests.Features.PitchScreen.ActionRegistration.PenaltyRegistrationFeature" name="DoNotConfirmOffencePenalty(&quot;2&quot;,&quot;1&quot;,&quot;10&quot;,&quot;50&quot;,&quot;8&quot;,null)" />
    </UnitTest>
    <UnitTest name="CancellingShotWorkflowResumesCornerWorkflow(&quot;taken&quot;,&quot;1&quot;,&quot;taken&quot;,null)" storage="c:\gitlab-runner\builds\wr8mmwyb\0\livestats\livestats.football\source\test\functionaltests\bin\automation\net472\geniussports.livestats.football.functionaltests.dll" id="77fd1dc2-7239-1208-6131-50d52ad75eeb">
      <Execution id="76fcf578-c974-436f-a25e-b71f81f482e0" />
      <TestMethod codeBase="C:\GitLab-Runner\builds\wr8MmWYb\0\LiveStats\LiveStats.Football\Source\Test\FunctionalTests\bin\Automation\net472\GeniusSports.LiveStats.Football.FunctionalTests.dll" adapterTypeName="executor://nunit3testexecutor/" className="GeniusSports.LiveStats.Football.FunctionalTests.Features.PitchScreen.ActionRegistration.ShotRegistrationFromCornerFeature" name="CancellingShotWorkflowResumesCornerWorkflow(&quot;taken&quot;,&quot;1&quot;,&quot;taken&quot;,null)" />
    </UnitTest>
    <UnitTest name="PenaltyRetake(&quot;Penalty Shot Off Target&quot;,null)" storage="c:\gitlab-runner\builds\wr8mmwyb\0\livestats\livestats.football\source\test\functionaltests\bin\automation\net472\geniussports.livestats.football.functionaltests.dll" id="ffb00ba4-ce02-a130-df4a-6e8b9cb86ac4">
      <Execution id="092bcb87-6f1a-43b0-a4f9-06536ee03c75" />
      <TestMethod codeBase="C:\GitLab-Runner\builds\wr8MmWYb\0\LiveStats\LiveStats.Football\Source\Test\FunctionalTests\bin\Automation\net472\GeniusSports.LiveStats.Football.FunctionalTests.dll" adapterTypeName="executor://nunit3testexecutor/" className="GeniusSports.LiveStats.Football.FunctionalTests.Features.PitchScreen.ActionRegistration.PenaltyRegistrationFeature" name="PenaltyRetake(&quot;Penalty Shot Off Target&quot;,null)" />
    </UnitTest>
    <UnitTest name="SecondYellowEditToCorrectFlagUnflagsIt" storage="c:\gitlab-runner\builds\wr8mmwyb\0\livestats\livestats.football\source\test\functionaltests\bin\automation\net472\geniussports.livestats.football.functionaltests.dll" id="2f58f0d3-4c29-f36f-82cb-62be3f362487">
      <Execution id="01e47322-32d7-4bd8-a506-ce311a6cd709" />
      <TestMethod codeBase="C:\GitLab-Runner\builds\wr8MmWYb\0\LiveStats\LiveStats.Football\Source\Test\FunctionalTests\bin\Automation\net472\GeniusSports.LiveStats.Football.FunctionalTests.dll" adapterTypeName="executor://nunit3testexecutor/" className="GeniusSports.LiveStats.Football.FunctionalTests.Features.PitchScreen.Flagging.SecondYellowWithoutFirstFlaggerTestsFeature" name="SecondYellowEditToCorrectFlagUnflagsIt" />
    </UnitTest>
    <UnitTest name="PenaltyActionFlagCanBeReviewedInActionEditScreen" storage="c:\gitlab-runner\builds\wr8mmwyb\0\livestats\livestats.football\source\test\functionaltests\bin\automation\net472\geniussports.livestats.football.functionaltests.dll" id="c9228c24-3074-3781-0e6a-c0028a7dc859">
      <Execution id="1a7ae999-ca4f-4398-9ca0-40256f636456" />
      <TestMethod codeBase="C:\GitLab-Runner\builds\wr8MmWYb\0\LiveStats\LiveStats.Football\Source\Test\FunctionalTests\bin\Automation\net472\GeniusSports.LiveStats.Football.FunctionalTests.dll" adapterTypeName="executor://nunit3testexecutor/" className="GeniusSports.LiveStats.Football.FunctionalTests.Features.PitchScreen.Flagging.AddManualFlagFeature" name="PenaltyActionFlagCanBeReviewedInActionEditScreen" />
    </UnitTest>
    <UnitTest name="GivenActionRegistered_WhenDeletingFromExpandedActionLog_ThenDeletedInExpanded(Corner)" storage="c:\gitlab-runner\builds\wr8mmwyb\0\livestats\livestats.football\source\test\functionaltests\bin\automation\net472\geniussports.livestats.football.functionaltests.dll" id="79819c52-4d86-8a61-0367-b9e5021ccbec">
      <Execution id="e6a4b3dd-550a-4ff2-81d4-7630b1e0ad64" />
      <TestMethod codeBase="C:\GitLab-Runner\builds\wr8MmWYb\0\LiveStats\LiveStats.Football\Source\Test\FunctionalTests\bin\Automation\net472\GeniusSports.LiveStats.Football.FunctionalTests.dll" adapterTypeName="executor://nunit3testexecutor/" className="GeniusSports.LiveStats.Football.FunctionalTests.Tests.PitchScreen.ActionDeletes.GameActionDeleteTests" name="GivenActionRegistered_WhenDeletingFromExpandedActionLog_ThenDeletedInExpanded(Corner)" />
    </UnitTest>
    <UnitTest name="AfterPenaltyShootOutKickRetakeIsPossibleToSelectSamePenaltyOutcome(&quot;Penalty Shot Off Target&quot;,null)" storage="c:\gitlab-runner\builds\wr8mmwyb\0\livestats\livestats.football\source\test\functionaltests\bin\automation\net472\geniussports.livestats.football.functionaltests.dll" id="0c62fdff-bc7a-ba98-0d37-2c839a1d22a5">
      <Execution id="1fe4944c-e590-465f-8c8a-5c453557671b" />
      <TestMethod codeBase="C:\GitLab-Runner\builds\wr8MmWYb\0\LiveStats\LiveStats.Football\Source\Test\FunctionalTests\bin\Automation\net472\GeniusSports.LiveStats.Football.FunctionalTests.dll" adapterTypeName="executor://nunit3testexecutor/" className="GeniusSports.LiveStats.Football.FunctionalTests.Features.PitchScreen.ActionRegistration.PenaltyShootoutRecordFeature" name="AfterPenaltyShootOutKickRetakeIsPossibleToSelectSamePenaltyOutcome(&quot;Penalty Shot Off Target&quot;,null)" />
    </UnitTest>
    <UnitTest name="GivenGameInPSo_WhenEditingRetakesCount_ThenRetakesUpdated" storage="c:\gitlab-runner\builds\wr8mmwyb\0\livestats\livestats.football\source\test\functionaltests\bin\automation\net472\geniussports.livestats.football.functionaltests.dll" id="d041a802-7e00-fcc1-9dc8-735e51fcc846">
      <Execution id="a15776f4-7aa5-403c-8984-8c84faa4363f" />
      <TestMethod codeBase="C:\GitLab-Runner\builds\wr8MmWYb\0\LiveStats\LiveStats.Football\Source\Test\FunctionalTests\bin\Automation\net472\GeniusSports.LiveStats.Football.FunctionalTests.dll" adapterTypeName="executor://nunit3testexecutor/" className="GeniusSports.LiveStats.Football.FunctionalTests.Tests.PitchScreen.ActionEdits.PenaltyShootoutEditTests" name="GivenGameInPSo_WhenEditingRetakesCount_ThenRetakesUpdated" />
    </UnitTest>
    <UnitTest name="DeleteCardColorCardAfterSelectingPlayer(&quot;Red&quot;,&quot;Red&quot;,null)" storage="c:\gitlab-runner\builds\wr8mmwyb\0\livestats\livestats.football\source\test\functionaltests\bin\automation\net472\geniussports.livestats.football.functionaltests.dll" id="32df2db9-9a70-a4a0-d5c7-ca3be50fb1c8">
      <Execution id="823d3692-7456-4f5d-ae0c-59b960d0ed30" />
      <TestMethod codeBase="C:\GitLab-Runner\builds\wr8MmWYb\0\LiveStats\LiveStats.Football\Source\Test\FunctionalTests\bin\Automation\net472\GeniusSports.LiveStats.Football.FunctionalTests.dll" adapterTypeName="executor://nunit3testexecutor/" className="GeniusSports.LiveStats.Football.FunctionalTests.Features.PitchScreen.ActionRegistration.CardRegistrationFeature" name="DeleteCardColorCardAfterSelectingPlayer(&quot;Red&quot;,&quot;Red&quot;,null)" />
    </UnitTest>
    <UnitTest name="SubstitutionRecordedActionCanBeFlagged" storage="c:\gitlab-runner\builds\wr8mmwyb\0\livestats\livestats.football\source\test\functionaltests\bin\automation\net472\geniussports.livestats.football.functionaltests.dll" id="4dbb7553-3600-86ae-f942-a7991d08ae58">
      <Execution id="e0c1982c-e9d2-4271-b0e5-ff675dfdd084" />
      <TestMethod codeBase="C:\GitLab-Runner\builds\wr8MmWYb\0\LiveStats\LiveStats.Football\Source\Test\FunctionalTests\bin\Automation\net472\GeniusSports.LiveStats.Football.FunctionalTests.dll" adapterTypeName="executor://nunit3testexecutor/" className="GeniusSports.LiveStats.Football.FunctionalTests.Features.PitchScreen.Flagging.AddManualFlagFeature" name="SubstitutionRecordedActionCanBeFlagged" />
    </UnitTest>
    <UnitTest name="ClickCard(&quot;1&quot;,&quot;Red&quot;,null)" storage="c:\gitlab-runner\builds\wr8mmwyb\0\livestats\livestats.football\source\test\functionaltests\bin\automation\net472\geniussports.livestats.football.functionaltests.dll" id="3f9155d1-c6b3-1bf7-dda4-e5559c022318">
      <Execution id="7da878ce-ee6a-4df9-8d18-bd0fd59ea2c4" />
      <TestMethod codeBase="C:\GitLab-Runner\builds\wr8MmWYb\0\LiveStats\LiveStats.Football\Source\Test\FunctionalTests\bin\Automation\net472\GeniusSports.LiveStats.Football.FunctionalTests.dll" adapterTypeName="executor://nunit3testexecutor/" className="GeniusSports.LiveStats.Football.FunctionalTests.Features.PitchScreen.ActionRegistration.CardRegistrationFeature" name="ClickCard(&quot;1&quot;,&quot;Red&quot;,null)" />
    </UnitTest>
    <UnitTest name="GivenSubStarted_WhenEditingSubInPerson_ThenDifferentPersonIsSelected" storage="c:\gitlab-runner\builds\wr8mmwyb\0\livestats\livestats.football\source\test\functionaltests\bin\automation\net472\geniussports.livestats.football.functionaltests.dll" id="1c74bd27-33bc-3f65-0829-4d3dab9c3c68">
      <Execution id="74d3ae76-87cf-427c-9770-bc6a7206959b" />
      <TestMethod codeBase="C:\GitLab-Runner\builds\wr8MmWYb\0\LiveStats\LiveStats.Football\Source\Test\FunctionalTests\bin\Automation\net472\GeniusSports.LiveStats.Football.FunctionalTests.dll" adapterTypeName="executor://nunit3testexecutor/" className="GeniusSports.LiveStats.Football.FunctionalTests.Tests.PitchScreen.ActionRegistration.SubstitutionRegistrationTests" name="GivenSubStarted_WhenEditingSubInPerson_ThenDifferentPersonIsSelected" />
    </UnitTest>
    <UnitTest name="CannotFlagAndContinuePenaltyConfirmation" storage="c:\gitlab-runner\builds\wr8mmwyb\0\livestats\livestats.football\source\test\functionaltests\bin\automation\net472\geniussports.livestats.football.functionaltests.dll" id="bf6eb813-921c-0f4c-1e88-86e955a5d0c8">
      <Execution id="a80ec395-22de-44d9-b9be-6c9485e3f19a" />
      <TestMethod codeBase="C:\GitLab-Runner\builds\wr8MmWYb\0\LiveStats\LiveStats.Football\Source\Test\FunctionalTests\bin\Automation\net472\GeniusSports.LiveStats.Football.FunctionalTests.dll" adapterTypeName="executor://nunit3testexecutor/" className="GeniusSports.LiveStats.Football.FunctionalTests.Features.PitchScreen.Flagging.FlagAndContinueFeature" name="CannotFlagAndContinuePenaltyConfirmation" />
    </UnitTest>
    <UnitTest name="FootballPenaltyShot_OffMissWithLocation(&quot;1&quot;,&quot;2&quot;,&quot;90&quot;,&quot;50&quot;,&quot;5&quot;,&quot;16&quot;,null)" storage="c:\gitlab-runner\builds\wr8mmwyb\0\livestats\livestats.football\source\test\functionaltests\bin\automation\net472\geniussports.livestats.football.functionaltests.dll" id="3ad1ff71-94ad-d8d0-ea4e-122f6ddf10d6">
      <Execution id="424d37a5-0177-41cd-a1a5-844f673bcf96" />
      <TestMethod codeBase="C:\GitLab-Runner\builds\wr8MmWYb\0\LiveStats\LiveStats.Football\Source\Test\FunctionalTests\bin\Automation\net472\GeniusSports.LiveStats.Football.FunctionalTests.dll" adapterTypeName="executor://nunit3testexecutor/" className="GeniusSports.LiveStats.Football.FunctionalTests.Features.PitchScreen.ActionRegistration.PenaltyRegistrationFeature" name="FootballPenaltyShot_OffMissWithLocation(&quot;1&quot;,&quot;2&quot;,&quot;90&quot;,&quot;50&quot;,&quot;5&quot;,&quot;16&quot;,null)" />
    </UnitTest>
    <UnitTest name="SelectVarReasonAndOutcomeOverturned(&quot;Overturned&quot;,&quot;Offside&quot;,null)" storage="c:\gitlab-runner\builds\wr8mmwyb\0\livestats\livestats.football\source\test\functionaltests\bin\automation\net472\geniussports.livestats.football.functionaltests.dll" id="73c5897a-ea53-807d-e346-42d9510d84c0">
      <Execution id="c2106af1-a35e-4ae8-a312-b0249db6680f" />
      <TestMethod codeBase="C:\GitLab-Runner\builds\wr8MmWYb\0\LiveStats\LiveStats.Football\Source\Test\FunctionalTests\bin\Automation\net472\GeniusSports.LiveStats.Football.FunctionalTests.dll" adapterTypeName="executor://nunit3testexecutor/" className="GeniusSports.LiveStats.Football.FunctionalTests.Features.PitchScreen.ActionInserts.InsertGoalFeature" name="SelectVarReasonAndOutcomeOverturned(&quot;Overturned&quot;,&quot;Offside&quot;,null)" />
    </UnitTest>
    <UnitTest name="SubsCountIsSavedAfterGameSetup(&quot;1&quot;,null)" storage="c:\gitlab-runner\builds\wr8mmwyb\0\livestats\livestats.football\source\test\functionaltests\bin\automation\net472\geniussports.livestats.football.functionaltests.dll" id="f0912efc-fd75-b36a-35d4-77d21960e273">
      <Execution id="230176be-3363-4ef6-ae81-c0b2e752cc09" />
      <TestMethod codeBase="C:\GitLab-Runner\builds\wr8MmWYb\0\LiveStats\LiveStats.Football\Source\Test\FunctionalTests\bin\Automation\net472\GeniusSports.LiveStats.Football.FunctionalTests.dll" adapterTypeName="executor://nunit3testexecutor/" className="GeniusSports.LiveStats.Football.FunctionalTests.Features.GameSetup.SetupGeneralGameInformationFeature" name="SubsCountIsSavedAfterGameSetup(&quot;1&quot;,null)" />
    </UnitTest>
    <UnitTest name="LastMinuteControlsAreEnabled" storage="c:\gitlab-runner\builds\wr8mmwyb\0\livestats\livestats.football\source\test\functionaltests\bin\automation\net472\geniussports.livestats.football.functionaltests.dll" id="32c3d94f-009d-0f4c-73ae-8aff5de79c9b">
      <Execution id="448fcebc-9dab-4f0b-8b22-b04c9115ef16" />
      <TestMethod codeBase="C:\GitLab-Runner\builds\wr8MmWYb\0\LiveStats\LiveStats.Football\Source\Test\FunctionalTests\bin\Automation\net472\GeniusSports.LiveStats.Football.FunctionalTests.dll" adapterTypeName="executor://nunit3testexecutor/" className="GeniusSports.LiveStats.Football.FunctionalTests.Features.PitchScreen.Clock.AddedTimeRecordingFeature" name="LastMinuteControlsAreEnabled" />
    </UnitTest>
    <UnitTest name="SubstitutionActionFlagCanBeReviewedInActionEditScreen" storage="c:\gitlab-runner\builds\wr8mmwyb\0\livestats\livestats.football\source\test\functionaltests\bin\automation\net472\geniussports.livestats.football.functionaltests.dll" id="e40a4c54-fcff-302e-da28-9d086acda988">
      <Execution id="e8a9e8a9-8f16-4b20-85cf-ea2ce94fa109" />
      <TestMethod codeBase="C:\GitLab-Runner\builds\wr8MmWYb\0\LiveStats\LiveStats.Football\Source\Test\FunctionalTests\bin\Automation\net472\GeniusSports.LiveStats.Football.FunctionalTests.dll" adapterTypeName="executor://nunit3testexecutor/" className="GeniusSports.LiveStats.Football.FunctionalTests.Features.PitchScreen.Flagging.AddManualFlagFeature" name="SubstitutionActionFlagCanBeReviewedInActionEditScreen" />
    </UnitTest>
    <UnitTest name="NoOnVARForPenaltyFirstStep(&quot;1&quot;,null)" storage="c:\gitlab-runner\builds\wr8mmwyb\0\livestats\livestats.football\source\test\functionaltests\bin\automation\net472\geniussports.livestats.football.functionaltests.dll" id="f34db3bd-596b-f9a9-8424-fe822485b97a">
      <Execution id="9b93d230-4f24-479b-a75f-d290ad892fe6" />
      <TestMethod codeBase="C:\GitLab-Runner\builds\wr8MmWYb\0\LiveStats\LiveStats.Football\Source\Test\FunctionalTests\bin\Automation\net472\GeniusSports.LiveStats.Football.FunctionalTests.dll" adapterTypeName="executor://nunit3testexecutor/" className="GeniusSports.LiveStats.Football.FunctionalTests.Features.PitchScreen.VideoAssistantReferee.VarRegistrationDuringPenaltyFeature" name="NoOnVARForPenaltyFirstStep(&quot;1&quot;,null)" />
    </UnitTest>
    <UnitTest name="SaveClockEdit" storage="c:\gitlab-runner\builds\wr8mmwyb\0\livestats\livestats.football\source\test\functionaltests\bin\automation\net472\geniussports.livestats.football.functionaltests.dll" id="22b5b0e6-3e9d-2853-826a-12bde0ab8ece">
      <Execution id="4f089fb1-a9f5-42e6-8d8e-d76ea891cd86" />
      <TestMethod codeBase="C:\GitLab-Runner\builds\wr8MmWYb\0\LiveStats\LiveStats.Football\Source\Test\FunctionalTests\bin\Automation\net472\GeniusSports.LiveStats.Football.FunctionalTests.dll" adapterTypeName="executor://nunit3testexecutor/" className="GeniusSports.LiveStats.Football.FunctionalTests.Features.PitchScreen.Clock.ClockManipulationFeature" name="SaveClockEdit" />
    </UnitTest>
    <UnitTest name="YesOnVARForPenaltySecondStep(&quot;1&quot;,&quot;90&quot;,null)" storage="c:\gitlab-runner\builds\wr8mmwyb\0\livestats\livestats.football\source\test\functionaltests\bin\automation\net472\geniussports.livestats.football.functionaltests.dll" id="fdbbecb2-7c92-acb2-df58-d90b88ac4eb2">
      <Execution id="dc589e60-7547-4d20-96e5-4015536b219c" />
      <TestMethod codeBase="C:\GitLab-Runner\builds\wr8MmWYb\0\LiveStats\LiveStats.Football\Source\Test\FunctionalTests\bin\Automation\net472\GeniusSports.LiveStats.Football.FunctionalTests.dll" adapterTypeName="executor://nunit3testexecutor/" className="GeniusSports.LiveStats.Football.FunctionalTests.Features.PitchScreen.VideoAssistantReferee.VarRegistrationDuringPenaltyFeature" name="YesOnVARForPenaltySecondStep(&quot;1&quot;,&quot;90&quot;,null)" />
    </UnitTest>
    <UnitTest name="SelectVarReason(&quot;Foul&quot;,null)" storage="c:\gitlab-runner\builds\wr8mmwyb\0\livestats\livestats.football\source\test\functionaltests\bin\automation\net472\geniussports.livestats.football.functionaltests.dll" id="ccf97412-38b2-3e05-4b68-03dd113b2081">
      <Execution id="8e9b05db-b462-4fd5-af6e-c306cffced19" />
      <TestMethod codeBase="C:\GitLab-Runner\builds\wr8MmWYb\0\LiveStats\LiveStats.Football\Source\Test\FunctionalTests\bin\Automation\net472\GeniusSports.LiveStats.Football.FunctionalTests.dll" adapterTypeName="executor://nunit3testexecutor/" className="GeniusSports.LiveStats.Football.FunctionalTests.Features.PitchScreen.ActionInserts.InsertGoalFeature" name="SelectVarReason(&quot;Foul&quot;,null)" />
    </UnitTest>
    <UnitTest name="PenaltyStarted(&quot;1&quot;,&quot;2&quot;,null)" storage="c:\gitlab-runner\builds\wr8mmwyb\0\livestats\livestats.football\source\test\functionaltests\bin\automation\net472\geniussports.livestats.football.functionaltests.dll" id="1800f679-8a71-ac55-c78e-b70aa78a205d">
      <Execution id="03ae1948-3f45-4986-8ae6-c8bc4b6dd365" />
      <TestMethod codeBase="C:\GitLab-Runner\builds\wr8MmWYb\0\LiveStats\LiveStats.Football\Source\Test\FunctionalTests\bin\Automation\net472\GeniusSports.LiveStats.Football.FunctionalTests.dll" adapterTypeName="executor://nunit3testexecutor/" className="GeniusSports.LiveStats.Football.FunctionalTests.Features.PitchScreen.ActionRegistration.PenaltyRegistrationFeature" name="PenaltyStarted(&quot;1&quot;,&quot;2&quot;,null)" />
    </UnitTest>
    <UnitTest name="SelectFoulForFreekick(&quot;2&quot;,&quot;1&quot;,&quot;1&quot;,null)" storage="c:\gitlab-runner\builds\wr8mmwyb\0\livestats\livestats.football\source\test\functionaltests\bin\automation\net472\geniussports.livestats.football.functionaltests.dll" id="c52785bb-5406-46ea-53c3-9b46df46d67c">
      <Execution id="b3fc51f6-a685-45b6-87d0-7317beb36ed2" />
      <TestMethod codeBase="C:\GitLab-Runner\builds\wr8MmWYb\0\LiveStats\LiveStats.Football\Source\Test\FunctionalTests\bin\Automation\net472\GeniusSports.LiveStats.Football.FunctionalTests.dll" adapterTypeName="executor://nunit3testexecutor/" className="GeniusSports.LiveStats.Football.FunctionalTests.Features.PitchScreen.ActionRegistration.FreeKickRegistrationFeature" name="SelectFoulForFreekick(&quot;2&quot;,&quot;1&quot;,&quot;1&quot;,null)" />
    </UnitTest>
    <UnitTest name="EditPenaltyDuringWorkflowFromActionLog" storage="c:\gitlab-runner\builds\wr8mmwyb\0\livestats\livestats.football\source\test\functionaltests\bin\automation\net472\geniussports.livestats.football.functionaltests.dll" id="4d0db3b2-cd4d-0d3c-fffc-148b0c4a1e3e">
      <Execution id="830c1630-5cf1-4e91-a3b9-fc2fd5b375f4" />
      <TestMethod codeBase="C:\GitLab-Runner\builds\wr8MmWYb\0\LiveStats\LiveStats.Football\Source\Test\FunctionalTests\bin\Automation\net472\GeniusSports.LiveStats.Football.FunctionalTests.dll" adapterTypeName="executor://nunit3testexecutor/" className="GeniusSports.LiveStats.Football.FunctionalTests.Features.PitchScreen.ActionEdits.EditsPossibleDuringOtherWorkflowsFeature" name="EditPenaltyDuringWorkflowFromActionLog" />
    </UnitTest>
    <UnitTest name="WholePeriodCanBeResetByDeletingActionsInIt" storage="c:\gitlab-runner\builds\wr8mmwyb\0\livestats\livestats.football\source\test\functionaltests\bin\automation\net472\geniussports.livestats.football.functionaltests.dll" id="644be06e-96c4-12f5-8bdc-5cf891a675ae">
      <Execution id="9f8f0a26-d509-4b7b-bf1c-32c8b477d72d" />
      <TestMethod codeBase="C:\GitLab-Runner\builds\wr8MmWYb\0\LiveStats\LiveStats.Football\Source\Test\FunctionalTests\bin\Automation\net472\GeniusSports.LiveStats.Football.FunctionalTests.dll" adapterTypeName="executor://nunit3testexecutor/" className="GeniusSports.LiveStats.Football.FunctionalTests.Features.PitchScreen.ActionDeletes.KickOffsDeleteFeature" name="WholePeriodCanBeResetByDeletingActionsInIt" />
    </UnitTest>
    <UnitTest name="FreeKickCanBeFiltered" storage="c:\gitlab-runner\builds\wr8mmwyb\0\livestats\livestats.football\source\test\functionaltests\bin\automation\net472\geniussports.livestats.football.functionaltests.dll" id="05caba38-b268-e051-742e-8f82dd707b5a">
      <Execution id="da78acd5-be5b-44dc-bf6b-d35e24d0d85e" />
      <TestMethod codeBase="C:\GitLab-Runner\builds\wr8MmWYb\0\LiveStats\LiveStats.Football\Source\Test\FunctionalTests\bin\Automation\net472\GeniusSports.LiveStats.Football.FunctionalTests.dll" adapterTypeName="executor://nunit3testexecutor/" className="GeniusSports.LiveStats.Football.FunctionalTests.Features.PitchScreen.Filters.ActionTypesFiltersFeature" name="FreeKickCanBeFiltered" />
    </UnitTest>
    <UnitTest name="GivenGameHalfEnded_WhenConfirmingPeriod_ThenConfirmationPrompted" storage="c:\gitlab-runner\builds\wr8mmwyb\0\livestats\livestats.football\source\test\functionaltests\bin\automation\net472\geniussports.livestats.football.functionaltests.dll" id="f67c6668-ef6a-cae8-034d-55c7ccde1bda">
      <Execution id="65d22f29-2e9e-40eb-8c14-5942103b848b" />
      <TestMethod codeBase="C:\GitLab-Runner\builds\wr8MmWYb\0\LiveStats\LiveStats.Football\Source\Test\FunctionalTests\bin\Automation\net472\GeniusSports.LiveStats.Football.FunctionalTests.dll" adapterTypeName="executor://nunit3testexecutor/" className="GeniusSports.LiveStats.Football.FunctionalTests.Tests.PitchScreen.Clock.ClockManipulationTests" name="GivenGameHalfEnded_WhenConfirmingPeriod_ThenConfirmationPrompted" />
    </UnitTest>
    <UnitTest name="GivenGameInProgress_WhenConfirmingGoalInPenaltyRegistration_ThenPenaltyGoalIsConfirmed(2,1,8,11,10)" storage="c:\gitlab-runner\builds\wr8mmwyb\0\livestats\livestats.football\source\test\functionaltests\bin\automation\net472\geniussports.livestats.football.functionaltests.dll" id="688dc57c-c208-28b7-33f2-3305ef050101">
      <Execution id="b95b9aaf-624d-4a68-b401-965eb59cbf08" />
      <TestMethod codeBase="C:\GitLab-Runner\builds\wr8MmWYb\0\LiveStats\LiveStats.Football\Source\Test\FunctionalTests\bin\Automation\net472\GeniusSports.LiveStats.Football.FunctionalTests.dll" adapterTypeName="executor://nunit3testexecutor/" className="GeniusSports.LiveStats.Football.FunctionalTests.Tests.PitchScreen.ActionRegistration.PenaltyRegistrationTests" name="GivenGameInProgress_WhenConfirmingGoalInPenaltyRegistration_ThenPenaltyGoalIsConfirmed(2,1,8,11,10)" />
    </UnitTest>
    <UnitTest name="RecordVARStandsForPenaltyShoot_OutKickStep2" storage="c:\gitlab-runner\builds\wr8mmwyb\0\livestats\livestats.football\source\test\functionaltests\bin\automation\net472\geniussports.livestats.football.functionaltests.dll" id="77591aa7-53b8-3d76-c4a8-25eb00d97aaf">
      <Execution id="d4153eff-eccb-4c69-885b-89568f9f4cf0" />
      <TestMethod codeBase="C:\GitLab-Runner\builds\wr8MmWYb\0\LiveStats\LiveStats.Football\Source\Test\FunctionalTests\bin\Automation\net472\GeniusSports.LiveStats.Football.FunctionalTests.dll" adapterTypeName="executor://nunit3testexecutor/" className="GeniusSports.LiveStats.Football.FunctionalTests.Features.PitchScreen.VideoAssistantReferee.PenaltyShootoutKickVarRegistrationFeature" name="RecordVARStandsForPenaltyShoot_OutKickStep2" />
    </UnitTest>
    <UnitTest name="CancelPenaltyInsert" storage="c:\gitlab-runner\builds\wr8mmwyb\0\livestats\livestats.football\source\test\functionaltests\bin\automation\net472\geniussports.livestats.football.functionaltests.dll" id="d175420c-7aa4-d110-c036-c1c12795b5e9">
      <Execution id="8b0509db-3adf-4132-8097-a9b1a82c5272" />
      <TestMethod codeBase="C:\GitLab-Runner\builds\wr8MmWYb\0\LiveStats\LiveStats.Football\Source\Test\FunctionalTests\bin\Automation\net472\GeniusSports.LiveStats.Football.FunctionalTests.dll" adapterTypeName="executor://nunit3testexecutor/" className="GeniusSports.LiveStats.Football.FunctionalTests.Features.PitchScreen.ActionInserts.PenaltyInsertFeature" name="CancelPenaltyInsert" />
    </UnitTest>
    <UnitTest name="GivenFootballReportsOpened_WhenOpeningReport_ReportPreviewIsShown(&quot;Shot Summary&quot;)" storage="c:\gitlab-runner\builds\wr8mmwyb\0\livestats\livestats.football\source\test\functionaltests\bin\automation\net472\geniussports.livestats.football.functionaltests.dll" id="2351d0bb-75c3-9745-c119-d4a62753b1ea">
      <Execution id="6dbff49c-db24-4147-ae38-c3341f0e1530" />
      <TestMethod codeBase="C:\GitLab-Runner\builds\wr8MmWYb\0\LiveStats\LiveStats.Football\Source\Test\FunctionalTests\bin\Automation\net472\GeniusSports.LiveStats.Football.FunctionalTests.dll" adapterTypeName="executor://nunit3testexecutor/" className="GeniusSports.LiveStats.Football.FunctionalTests.Tests.PitchScreen.PreviewReportsTests" name="GivenFootballReportsOpened_WhenOpeningReport_ReportPreviewIsShown(&quot;Shot Summary&quot;)" />
    </UnitTest>
    <UnitTest name="PenaltyShootOutKickGoalAfterRetake" storage="c:\gitlab-runner\builds\wr8mmwyb\0\livestats\livestats.football\source\test\functionaltests\bin\automation\net472\geniussports.livestats.football.functionaltests.dll" id="08d124b4-16eb-759b-68d0-24244a726e65">
      <Execution id="06c1beb3-bc36-44d7-879c-1f22c305031e" />
      <TestMethod codeBase="C:\GitLab-Runner\builds\wr8MmWYb\0\LiveStats\LiveStats.Football\Source\Test\FunctionalTests\bin\Automation\net472\GeniusSports.LiveStats.Football.FunctionalTests.dll" adapterTypeName="executor://nunit3testexecutor/" className="GeniusSports.LiveStats.Football.FunctionalTests.Features.PitchScreen.ActionRegistration.PenaltyShootoutRecordFeature" name="PenaltyShootOutKickGoalAfterRetake" />
    </UnitTest>
    <UnitTest name="CannotAddSubstitutionWhenNoLimitIsReached" storage="c:\gitlab-runner\builds\wr8mmwyb\0\livestats\livestats.football\source\test\functionaltests\bin\automation\net472\geniussports.livestats.football.functionaltests.dll" id="d20651f2-ef3d-3318-a944-2dda0b276835">
      <Execution id="90c7d7a2-6538-429c-bfcf-0dc527114217" />
      <TestMethod codeBase="C:\GitLab-Runner\builds\wr8MmWYb\0\LiveStats\LiveStats.Football\Source\Test\FunctionalTests\bin\Automation\net472\GeniusSports.LiveStats.Football.FunctionalTests.dll" adapterTypeName="executor://nunit3testexecutor/" className="GeniusSports.LiveStats.Football.FunctionalTests.Features.PitchScreen.ActionRegistration.Substitutions.RecordingSubstitutionFeature" name="CannotAddSubstitutionWhenNoLimitIsReached" />
    </UnitTest>
    <UnitTest name="GivenExpandedLog_WhenInsertingCardAfterForCoach_ThenScoreboardIsPresentedCorrectly(Red,Red,0,1)" storage="c:\gitlab-runner\builds\wr8mmwyb\0\livestats\livestats.football\source\test\functionaltests\bin\automation\net472\geniussports.livestats.football.functionaltests.dll" id="0a789065-2390-d57d-c9d6-72b12c33d4b7">
      <Execution id="59087420-08e3-4517-bbd4-cf916bd20062" />
      <TestMethod codeBase="C:\GitLab-Runner\builds\wr8MmWYb\0\LiveStats\LiveStats.Football\Source\Test\FunctionalTests\bin\Automation\net472\GeniusSports.LiveStats.Football.FunctionalTests.dll" adapterTypeName="executor://nunit3testexecutor/" className="GeniusSports.LiveStats.Football.FunctionalTests.Tests.PitchScreen.ActionInserts.InsertCardTests" name="GivenExpandedLog_WhenInsertingCardAfterForCoach_ThenScoreboardIsPresentedCorrectly(Red,Red,0,1)" />
    </UnitTest>
    <UnitTest name="AbleToInsertActionsAfterBeforePeriodBreak(&quot;before&quot;,&quot;PhaseEnd&quot;,null)" storage="c:\gitlab-runner\builds\wr8mmwyb\0\livestats\livestats.football\source\test\functionaltests\bin\automation\net472\geniussports.livestats.football.functionaltests.dll" id="6cdb9cda-1a3c-2aeb-882c-86835b969d20">
      <Execution id="1cec0ac2-441a-4d7d-8fab-2352771c0b65" />
      <TestMethod codeBase="C:\GitLab-Runner\builds\wr8MmWYb\0\LiveStats\LiveStats.Football\Source\Test\FunctionalTests\bin\Automation\net472\GeniusSports.LiveStats.Football.FunctionalTests.dll" adapterTypeName="executor://nunit3testexecutor/" className="GeniusSports.LiveStats.Football.FunctionalTests.Features.PitchScreen.ActionInserts.PeriodBreakInsertFeature" name="AbleToInsertActionsAfterBeforePeriodBreak(&quot;before&quot;,&quot;PhaseEnd&quot;,null)" />
    </UnitTest>
    <UnitTest name="GivenSetupFinished_WhenKickingOffGame_ThenGameIsStarted(2,ToLeft)" storage="c:\gitlab-runner\builds\wr8mmwyb\0\livestats\livestats.football\source\test\functionaltests\bin\automation\net472\geniussports.livestats.football.functionaltests.dll" id="7f941bed-1af0-42bd-3c14-b53564e83559">
      <Execution id="af77238c-deeb-49ee-8a64-23ee53eab146" />
      <TestMethod codeBase="C:\GitLab-Runner\builds\wr8MmWYb\0\LiveStats\LiveStats.Football\Source\Test\FunctionalTests\bin\Automation\net472\GeniusSports.LiveStats.Football.FunctionalTests.dll" adapterTypeName="executor://nunit3testexecutor/" className="GeniusSports.LiveStats.Football.FunctionalTests.Tests.PitchScreen.KickOffGameTests" name="GivenSetupFinished_WhenKickingOffGame_ThenGameIsStarted(2,ToLeft)" />
    </UnitTest>
    <UnitTest name="EditPenaltyDuringWorkflowFromExpandedActionLog" storage="c:\gitlab-runner\builds\wr8mmwyb\0\livestats\livestats.football\source\test\functionaltests\bin\automation\net472\geniussports.livestats.football.functionaltests.dll" id="52eae5ba-3986-692a-b3ed-31e6a316594c">
      <Execution id="7f170bf8-860d-4128-bde6-0b84929e8d16" />
      <TestMethod codeBase="C:\GitLab-Runner\builds\wr8MmWYb\0\LiveStats\LiveStats.Football\Source\Test\FunctionalTests\bin\Automation\net472\GeniusSports.LiveStats.Football.FunctionalTests.dll" adapterTypeName="executor://nunit3testexecutor/" className="GeniusSports.LiveStats.Football.FunctionalTests.Features.PitchScreen.ActionEdits.EditsPossibleDuringOtherWorkflowsFeature" name="EditPenaltyDuringWorkflowFromExpandedActionLog" />
    </UnitTest>
    <UnitTest name="FootballSelectVarReason(&quot;Offside&quot;,null)" storage="c:\gitlab-runner\builds\wr8mmwyb\0\livestats\livestats.football\source\test\functionaltests\bin\automation\net472\geniussports.livestats.football.functionaltests.dll" id="e722a292-9687-3474-819e-5bf10d7a7ac7">
      <Execution id="d2eee235-d4a1-4ae0-9789-793773b15c6a" />
      <TestMethod codeBase="C:\GitLab-Runner\builds\wr8MmWYb\0\LiveStats\LiveStats.Football\Source\Test\FunctionalTests\bin\Automation\net472\GeniusSports.LiveStats.Football.FunctionalTests.dll" adapterTypeName="executor://nunit3testexecutor/" className="GeniusSports.LiveStats.Football.FunctionalTests.Features.PitchScreen.ActionEdits.GoalEditFeature" name="FootballSelectVarReason(&quot;Offside&quot;,null)" />
    </UnitTest>
    <UnitTest name="AddedTimeRecordedActionCanBeUnflagged" storage="c:\gitlab-runner\builds\wr8mmwyb\0\livestats\livestats.football\source\test\functionaltests\bin\automation\net472\geniussports.livestats.football.functionaltests.dll" id="e1d9adae-f3ac-4793-2916-a7ac3c855e70">
      <Execution id="0893beea-6e3c-4145-8978-772671e2bad2" />
      <TestMethod codeBase="C:\GitLab-Runner\builds\wr8MmWYb\0\LiveStats\LiveStats.Football\Source\Test\FunctionalTests\bin\Automation\net472\GeniusSports.LiveStats.Football.FunctionalTests.dll" adapterTypeName="executor://nunit3testexecutor/" className="GeniusSports.LiveStats.Football.FunctionalTests.Features.PitchScreen.Flagging.AddManualFlagFeature" name="AddedTimeRecordedActionCanBeUnflagged" />
    </UnitTest>
    <UnitTest name="GivenGoalInProgress_WhenSettingPossession_PossessionIsChanged(2)" storage="c:\gitlab-runner\builds\wr8mmwyb\0\livestats\livestats.football\source\test\functionaltests\bin\automation\net472\geniussports.livestats.football.functionaltests.dll" id="4a87650f-3c7d-5b4d-44c4-80fa92890d86">
      <Execution id="7e4fce6b-e554-48dd-acec-154149095dda" />
      <TestMethod codeBase="C:\GitLab-Runner\builds\wr8MmWYb\0\LiveStats\LiveStats.Football\Source\Test\FunctionalTests\bin\Automation\net472\GeniusSports.LiveStats.Football.FunctionalTests.dll" adapterTypeName="executor://nunit3testexecutor/" className="GeniusSports.LiveStats.Football.FunctionalTests.Tests.PitchScreen.PossessionChangeTests" name="GivenGoalInProgress_WhenSettingPossession_PossessionIsChanged(2)" />
    </UnitTest>
    <UnitTest name="CornerActionFlagCanBeReviewedInActionEditScreen" storage="c:\gitlab-runner\builds\wr8mmwyb\0\livestats\livestats.football\source\test\functionaltests\bin\automation\net472\geniussports.livestats.football.functionaltests.dll" id="321e9a78-f502-35e9-eac4-7457cab4e66c">
      <Execution id="8e312421-d782-4b60-a356-817d904d9637" />
      <TestMethod codeBase="C:\GitLab-Runner\builds\wr8MmWYb\0\LiveStats\LiveStats.Football\Source\Test\FunctionalTests\bin\Automation\net472\GeniusSports.LiveStats.Football.FunctionalTests.dll" adapterTypeName="executor://nunit3testexecutor/" className="GeniusSports.LiveStats.Football.FunctionalTests.Features.PitchScreen.Flagging.AddManualFlagFeature" name="CornerActionFlagCanBeReviewedInActionEditScreen" />
    </UnitTest>
    <UnitTest name="PenaltyRetakeClearsPenaltyShotOutcome(&quot;Penalty Shot On Target&quot;,&quot;Save&quot;,null)" storage="c:\gitlab-runner\builds\wr8mmwyb\0\livestats\livestats.football\source\test\functionaltests\bin\automation\net472\geniussports.livestats.football.functionaltests.dll" id="1a0889f9-b90f-ce46-f85b-43667fcbf57e">
      <Execution id="07f0ab45-3462-4fff-8b9e-4f875eb656cd" />
      <TestMethod codeBase="C:\GitLab-Runner\builds\wr8MmWYb\0\LiveStats\LiveStats.Football\Source\Test\FunctionalTests\bin\Automation\net472\GeniusSports.LiveStats.Football.FunctionalTests.dll" adapterTypeName="executor://nunit3testexecutor/" className="GeniusSports.LiveStats.Football.FunctionalTests.Features.PitchScreen.ActionRegistration.PenaltyRegistrationFeature" name="PenaltyRetakeClearsPenaltyShotOutcome(&quot;Penalty Shot On Target&quot;,&quot;Save&quot;,null)" />
    </UnitTest>
    <UnitTest name="EditGoalKickDuringWorkflowFromExpandedActionLog" storage="c:\gitlab-runner\builds\wr8mmwyb\0\livestats\livestats.football\source\test\functionaltests\bin\automation\net472\geniussports.livestats.football.functionaltests.dll" id="e2e588f0-7f36-04cd-7d69-1ffd957b93cb">
      <Execution id="4b5ac99c-1a96-4413-a114-c5ae3f0d7dc6" />
      <TestMethod codeBase="C:\GitLab-Runner\builds\wr8MmWYb\0\LiveStats\LiveStats.Football\Source\Test\FunctionalTests\bin\Automation\net472\GeniusSports.LiveStats.Football.FunctionalTests.dll" adapterTypeName="executor://nunit3testexecutor/" className="GeniusSports.LiveStats.Football.FunctionalTests.Features.PitchScreen.ActionEdits.EditsPossibleDuringOtherWorkflowsFeature" name="EditGoalKickDuringWorkflowFromExpandedActionLog" />
    </UnitTest>
    <UnitTest name="CardWithUpdatedTeamAndPlayerSaved" storage="c:\gitlab-runner\builds\wr8mmwyb\0\livestats\livestats.football\source\test\functionaltests\bin\automation\net472\geniussports.livestats.football.functionaltests.dll" id="969b62f7-27c4-1c30-a171-2dfac7a21dc9">
      <Execution id="ef87d250-b2c7-4ebe-874c-14a47d7025ea" />
      <TestMethod codeBase="C:\GitLab-Runner\builds\wr8MmWYb\0\LiveStats\LiveStats.Football\Source\Test\FunctionalTests\bin\Automation\net472\GeniusSports.LiveStats.Football.FunctionalTests.dll" adapterTypeName="executor://nunit3testexecutor/" className="GeniusSports.LiveStats.Football.FunctionalTests.Features.PitchScreen.ActionEdits.CardEditFeature" name="CardWithUpdatedTeamAndPlayerSaved" />
    </UnitTest>
    <UnitTest name="FootballSaveGoalVARWithStandsOutcome(&quot;Foul&quot;,null)" storage="c:\gitlab-runner\builds\wr8mmwyb\0\livestats\livestats.football\source\test\functionaltests\bin\automation\net472\geniussports.livestats.football.functionaltests.dll" id="3aa71e6b-e61d-5c47-81e0-96f4a048bbd7">
      <Execution id="fa126ad8-0b0b-4b90-a6d4-6f55ecd73413" />
      <TestMethod codeBase="C:\GitLab-Runner\builds\wr8MmWYb\0\LiveStats\LiveStats.Football\Source\Test\FunctionalTests\bin\Automation\net472\GeniusSports.LiveStats.Football.FunctionalTests.dll" adapterTypeName="executor://nunit3testexecutor/" className="GeniusSports.LiveStats.Football.FunctionalTests.Features.PitchScreen.ActionEdits.GoalEditFeature" name="FootballSaveGoalVARWithStandsOutcome(&quot;Foul&quot;,null)" />
    </UnitTest>
    <UnitTest name="OpenAdjustPitchPositionForFreeKickLocation" storage="c:\gitlab-runner\builds\wr8mmwyb\0\livestats\livestats.football\source\test\functionaltests\bin\automation\net472\geniussports.livestats.football.functionaltests.dll" id="c3ef722b-59c8-3f01-ece0-3e26035a6380">
      <Execution id="79c7fba4-f6c4-4f81-99c0-e4cc979a52cf" />
      <TestMethod codeBase="C:\GitLab-Runner\builds\wr8MmWYb\0\LiveStats\LiveStats.Football\Source\Test\FunctionalTests\bin\Automation\net472\GeniusSports.LiveStats.Football.FunctionalTests.dll" adapterTypeName="executor://nunit3testexecutor/" className="GeniusSports.LiveStats.Football.FunctionalTests.Features.PitchScreen.ActionEdits.FreeKickEditFeature" name="OpenAdjustPitchPositionForFreeKickLocation" />
    </UnitTest>
    <UnitTest name="CanDeleteSubPair" storage="c:\gitlab-runner\builds\wr8mmwyb\0\livestats\livestats.football\source\test\functionaltests\bin\automation\net472\geniussports.livestats.football.functionaltests.dll" id="68eb6fd4-dec1-cbd1-64ca-686c6e76b77e">
      <Execution id="0697acfc-06e9-437e-ac4e-de5f4a7101cf" />
      <TestMethod codeBase="C:\GitLab-Runner\builds\wr8MmWYb\0\LiveStats\LiveStats.Football\Source\Test\FunctionalTests\bin\Automation\net472\GeniusSports.LiveStats.Football.FunctionalTests.dll" adapterTypeName="executor://nunit3testexecutor/" className="GeniusSports.LiveStats.Football.FunctionalTests.Features.PitchScreen.ActionRegistration.Substitutions.RecordingSubstitutionFeature" name="CanDeleteSubPair" />
    </UnitTest>
    <UnitTest name="GoalkeeperCanBeSubstitutedToGoalkeeperLocation" storage="c:\gitlab-runner\builds\wr8mmwyb\0\livestats\livestats.football\source\test\functionaltests\bin\automation\net472\geniussports.livestats.football.functionaltests.dll" id="7e309a71-e6b8-3094-ee99-9c3a8deb9244">
      <Execution id="4c213917-a3f7-4fe3-9f7c-963e2790c9dc" />
      <TestMethod codeBase="C:\GitLab-Runner\builds\wr8MmWYb\0\LiveStats\LiveStats.Football\Source\Test\FunctionalTests\bin\Automation\net472\GeniusSports.LiveStats.Football.FunctionalTests.dll" adapterTypeName="executor://nunit3testexecutor/" className="GeniusSports.LiveStats.Football.FunctionalTests.Features.GameSetup.SetupTeamsFormationsFeature" name="GoalkeeperCanBeSubstitutedToGoalkeeperLocation" />
    </UnitTest>
    <UnitTest name="InsertShotOnPenaltyShootoutKickIsPresentedInScoreboard" storage="c:\gitlab-runner\builds\wr8mmwyb\0\livestats\livestats.football\source\test\functionaltests\bin\automation\net472\geniussports.livestats.football.functionaltests.dll" id="b806521c-353e-9515-3cc2-053ec340b7d8">
      <Execution id="c11770b4-e5a7-47b7-9654-e6f4ce8cced5" />
      <TestMethod codeBase="C:\GitLab-Runner\builds\wr8MmWYb\0\LiveStats\LiveStats.Football\Source\Test\FunctionalTests\bin\Automation\net472\GeniusSports.LiveStats.Football.FunctionalTests.dll" adapterTypeName="executor://nunit3testexecutor/" className="GeniusSports.LiveStats.Football.FunctionalTests.Features.PitchScreen.ActionInserts.PenaltyShootoutInsertFeature" name="InsertShotOnPenaltyShootoutKickIsPresentedInScoreboard" />
    </UnitTest>
    <UnitTest name="CannotEditInjuryTimeInPeriodBreak(&quot;before&quot;,&quot;GameStart&quot;,null)" storage="c:\gitlab-runner\builds\wr8mmwyb\0\livestats\livestats.football\source\test\functionaltests\bin\automation\net472\geniussports.livestats.football.functionaltests.dll" id="30d06da3-1b27-9146-8e4f-c5f83ae3b739">
      <Execution id="ba5be155-62fb-4221-836d-87a358bc40bf" />
      <TestMethod codeBase="C:\GitLab-Runner\builds\wr8MmWYb\0\LiveStats\LiveStats.Football\Source\Test\FunctionalTests\bin\Automation\net472\GeniusSports.LiveStats.Football.FunctionalTests.dll" adapterTypeName="executor://nunit3testexecutor/" className="GeniusSports.LiveStats.Football.FunctionalTests.Features.PitchScreen.ActionInserts.PeriodBreakInsertFeature" name="CannotEditInjuryTimeInPeriodBreak(&quot;before&quot;,&quot;GameStart&quot;,null)" />
    </UnitTest>
    <UnitTest name="FootballSelectVarReasonAndOutcome(&quot;Stands&quot;,&quot;Offence&quot;,null)" storage="c:\gitlab-runner\builds\wr8mmwyb\0\livestats\livestats.football\source\test\functionaltests\bin\automation\net472\geniussports.livestats.football.functionaltests.dll" id="1e996225-6981-7956-f651-caf67dcb7b96">
      <Execution id="d92bd502-062d-43e0-85fe-6ded8adbba0c" />
      <TestMethod codeBase="C:\GitLab-Runner\builds\wr8MmWYb\0\LiveStats\LiveStats.Football\Source\Test\FunctionalTests\bin\Automation\net472\GeniusSports.LiveStats.Football.FunctionalTests.dll" adapterTypeName="executor://nunit3testexecutor/" className="GeniusSports.LiveStats.Football.FunctionalTests.Features.PitchScreen.ActionEdits.GoalEditFeature" name="FootballSelectVarReasonAndOutcome(&quot;Stands&quot;,&quot;Offence&quot;,null)" />
    </UnitTest>
    <UnitTest name="CanSaveAndGoToHomeScreenWhenMandatoryFieldsAreNotFilledForPlayer" storage="c:\gitlab-runner\builds\wr8mmwyb\0\livestats\livestats.football\source\test\functionaltests\bin\automation\net472\geniussports.livestats.football.functionaltests.dll" id="5a023ec4-6f43-fe7d-3a9d-c67839893fee">
      <Execution id="865c6f80-323c-4744-84ba-b76f8d3be625" />
      <TestMethod codeBase="C:\GitLab-Runner\builds\wr8MmWYb\0\LiveStats\LiveStats.Football\Source\Test\FunctionalTests\bin\Automation\net472\GeniusSports.LiveStats.Football.FunctionalTests.dll" adapterTypeName="executor://nunit3testexecutor/" className="GeniusSports.LiveStats.Football.FunctionalTests.Features.GameSetup.SetupTeamsPlayersFeature" name="CanSaveAndGoToHomeScreenWhenMandatoryFieldsAreNotFilledForPlayer" />
    </UnitTest>
    <UnitTest name="DeleteCardAfterSelectingCoach(&quot;Yellow&quot;,&quot;2nd Yellow&quot;,&quot;SecondYellow&quot;,null)" storage="c:\gitlab-runner\builds\wr8mmwyb\0\livestats\livestats.football\source\test\functionaltests\bin\automation\net472\geniussports.livestats.football.functionaltests.dll" id="83788b33-a272-5ffb-61fa-2eb86af11bbf">
      <Execution id="b57f76d5-ee59-4f55-ae55-736b2ef5fbc7" />
      <TestMethod codeBase="C:\GitLab-Runner\builds\wr8MmWYb\0\LiveStats\LiveStats.Football\Source\Test\FunctionalTests\bin\Automation\net472\GeniusSports.LiveStats.Football.FunctionalTests.dll" adapterTypeName="executor://nunit3testexecutor/" className="GeniusSports.LiveStats.Football.FunctionalTests.Features.PitchScreen.ActionRegistration.CardRegistrationFeature" name="DeleteCardAfterSelectingCoach(&quot;Yellow&quot;,&quot;2nd Yellow&quot;,&quot;SecondYellow&quot;,null)" />
    </UnitTest>
    <UnitTest name="GivenGameWithPenaltyInFirstHalf_WhenEditingPenaltyWhileInSecondHalf_ThenCanSaveData" storage="c:\gitlab-runner\builds\wr8mmwyb\0\livestats\livestats.football\source\test\functionaltests\bin\automation\net472\geniussports.livestats.football.functionaltests.dll" id="deb2b41e-e9bb-04ac-5d00-0ed57bf93b0d">
      <Execution id="2ce3335a-65b1-452e-ac6c-e339e291cd97" />
      <TestMethod codeBase="C:\GitLab-Runner\builds\wr8MmWYb\0\LiveStats\LiveStats.Football\Source\Test\FunctionalTests\bin\Automation\net472\GeniusSports.LiveStats.Football.FunctionalTests.dll" adapterTypeName="executor://nunit3testexecutor/" className="GeniusSports.LiveStats.Football.FunctionalTests.Tests.PitchScreen.ActionEdits.PenaltyEditTests" name="GivenGameWithPenaltyInFirstHalf_WhenEditingPenaltyWhileInSecondHalf_ThenCanSaveData" />
    </UnitTest>
    <UnitTest name="SelectOtherCornerZone" storage="c:\gitlab-runner\builds\wr8mmwyb\0\livestats\livestats.football\source\test\functionaltests\bin\automation\net472\geniussports.livestats.football.functionaltests.dll" id="93787c08-48b9-8a4f-2129-c6d0b65007ed">
      <Execution id="a4ad19c6-9423-4c5c-8498-7ba003c8d949" />
      <TestMethod codeBase="C:\GitLab-Runner\builds\wr8MmWYb\0\LiveStats\LiveStats.Football\Source\Test\FunctionalTests\bin\Automation\net472\GeniusSports.LiveStats.Football.FunctionalTests.dll" adapterTypeName="executor://nunit3testexecutor/" className="GeniusSports.LiveStats.Football.FunctionalTests.Features.PitchScreen.ActionEdits.CornerEditFeature" name="SelectOtherCornerZone" />
    </UnitTest>
    <UnitTest name="OverturnedVarIsSaved" storage="c:\gitlab-runner\builds\wr8mmwyb\0\livestats\livestats.football\source\test\functionaltests\bin\automation\net472\geniussports.livestats.football.functionaltests.dll" id="0721a9ef-9e55-8c41-0cea-47c433dd392d">
      <Execution id="4c5df168-8739-464c-914b-f1654d872f66" />
      <TestMethod codeBase="C:\GitLab-Runner\builds\wr8MmWYb\0\LiveStats\LiveStats.Football\Source\Test\FunctionalTests\bin\Automation\net472\GeniusSports.LiveStats.Football.FunctionalTests.dll" adapterTypeName="executor://nunit3testexecutor/" className="GeniusSports.LiveStats.Football.FunctionalTests.Features.PitchScreen.ActionEdits.PenaltyEditFeature" name="OverturnedVarIsSaved" />
    </UnitTest>
    <UnitTest name="GivenGameInProgress_WhenAddingYellowAndRedCardsForPlayer_ThenPlayerIsMarkedWithYellowAndRedCards(2,5)" storage="c:\gitlab-runner\builds\wr8mmwyb\0\livestats\livestats.football\source\test\functionaltests\bin\automation\net472\geniussports.livestats.football.functionaltests.dll" id="a9f33cc8-2483-d755-ae14-00d4f9f3d242">
      <Execution id="1c46bcfd-8952-4bd1-8b84-e2cedc14713e" />
      <TestMethod codeBase="C:\GitLab-Runner\builds\wr8MmWYb\0\LiveStats\LiveStats.Football\Source\Test\FunctionalTests\bin\Automation\net472\GeniusSports.LiveStats.Football.FunctionalTests.dll" adapterTypeName="executor://nunit3testexecutor/" className="GeniusSports.LiveStats.Football.FunctionalTests.Tests.PitchScreen.ActionRegistration.CardRegistrationTests" name="GivenGameInProgress_WhenAddingYellowAndRedCardsForPlayer_ThenPlayerIsMarkedWithYellowAndRedCards(2,5)" />
    </UnitTest>
    <UnitTest name="OpenGoalInsert" storage="c:\gitlab-runner\builds\wr8mmwyb\0\livestats\livestats.football\source\test\functionaltests\bin\automation\net472\geniussports.livestats.football.functionaltests.dll" id="b02062cd-af07-4d5d-72f2-22a7b794a111">
      <Execution id="1ca36ce6-5057-4735-a23c-ae294fe531a5" />
      <TestMethod codeBase="C:\GitLab-Runner\builds\wr8MmWYb\0\LiveStats\LiveStats.Football\Source\Test\FunctionalTests\bin\Automation\net472\GeniusSports.LiveStats.Football.FunctionalTests.dll" adapterTypeName="executor://nunit3testexecutor/" className="GeniusSports.LiveStats.Football.FunctionalTests.Features.PitchScreen.ActionInserts.InsertGoalFeature" name="OpenGoalInsert" />
    </UnitTest>
    <UnitTest name="GivenGameInProgress_WhenStartingCornerWorkflow_ThenScoreboardsStatsAreUpdated(1)" storage="c:\gitlab-runner\builds\wr8mmwyb\0\livestats\livestats.football\source\test\functionaltests\bin\automation\net472\geniussports.livestats.football.functionaltests.dll" id="7f5d3dd7-684a-90e4-a08f-d714debe896f">
      <Execution id="b59f2685-b118-46ca-9def-380f123ee9cb" />
      <TestMethod codeBase="C:\GitLab-Runner\builds\wr8MmWYb\0\LiveStats\LiveStats.Football\Source\Test\FunctionalTests\bin\Automation\net472\GeniusSports.LiveStats.Football.FunctionalTests.dll" adapterTypeName="executor://nunit3testexecutor/" className="GeniusSports.LiveStats.Football.FunctionalTests.Tests.PitchScreen.PitchTeamStatsCalculatedTests" name="GivenGameInProgress_WhenStartingCornerWorkflow_ThenScoreboardsStatsAreUpdated(1)" />
    </UnitTest>
    <UnitTest name="GivenGameInProgress_WhenDeactivatingGameOfficialWithInvalidData_ThenPitchViewShown" storage="c:\gitlab-runner\builds\wr8mmwyb\0\livestats\livestats.football\source\test\functionaltests\bin\automation\net472\geniussports.livestats.football.functionaltests.dll" id="facc2723-5980-e6a9-5afe-71354f3d5f88">
      <Execution id="16a7e789-e78c-4b49-ba37-653503231f6a" />
      <TestMethod codeBase="C:\GitLab-Runner\builds\wr8MmWYb\0\LiveStats\LiveStats.Football\Source\Test\FunctionalTests\bin\Automation\net472\GeniusSports.LiveStats.Football.FunctionalTests.dll" adapterTypeName="executor://nunit3testexecutor/" className="GeniusSports.LiveStats.Football.FunctionalTests.Tests.GameSetup.EditGameSetupTests" name="GivenGameInProgress_WhenDeactivatingGameOfficialWithInvalidData_ThenPitchViewShown" />
    </UnitTest>
    <UnitTest name="GivenFreeKickStarted_WhenFinishingFreeKickWithGoal_ThenActionsHaveSameTime" storage="c:\gitlab-runner\builds\wr8mmwyb\0\livestats\livestats.football\source\test\functionaltests\bin\automation\net472\geniussports.livestats.football.functionaltests.dll" id="2065da21-8ffc-c930-8b41-b06ee48f89d0">
      <Execution id="fbbef1a3-f3f1-4f6a-b84c-a8066130cff3" />
      <TestMethod codeBase="C:\GitLab-Runner\builds\wr8MmWYb\0\LiveStats\LiveStats.Football\Source\Test\FunctionalTests\bin\Automation\net472\GeniusSports.LiveStats.Football.FunctionalTests.dll" adapterTypeName="executor://nunit3testexecutor/" className="GeniusSports.LiveStats.Football.FunctionalTests.Tests.PitchScreen.ActionRegistration.GoalRegistrationFromFreeKickTests" name="GivenFreeKickStarted_WhenFinishingFreeKickWithGoal_ThenActionsHaveSameTime" />
    </UnitTest>
    <UnitTest name="GivenActionRegistered_WhenDeletingFromExpandedActionLog_ThenDeletedInExpanded(Booking)" storage="c:\gitlab-runner\builds\wr8mmwyb\0\livestats\livestats.football\source\test\functionaltests\bin\automation\net472\geniussports.livestats.football.functionaltests.dll" id="abec8062-9286-fdc1-b017-60b465879c9a">
      <Execution id="26a76909-4eae-4f03-a924-d1411f355b65" />
      <TestMethod codeBase="C:\GitLab-Runner\builds\wr8MmWYb\0\LiveStats\LiveStats.Football\Source\Test\FunctionalTests\bin\Automation\net472\GeniusSports.LiveStats.Football.FunctionalTests.dll" adapterTypeName="executor://nunit3testexecutor/" className="GeniusSports.LiveStats.Football.FunctionalTests.Tests.PitchScreen.ActionDeletes.GameActionDeleteTests" name="GivenActionRegistered_WhenDeletingFromExpandedActionLog_ThenDeletedInExpanded(Booking)" />
    </UnitTest>
    <UnitTest name="DataFromRecordedPenaltyIsDisplayed" storage="c:\gitlab-runner\builds\wr8mmwyb\0\livestats\livestats.football\source\test\functionaltests\bin\automation\net472\geniussports.livestats.football.functionaltests.dll" id="d094a225-3834-4cbf-cbf4-5fc26c8c5dab">
      <Execution id="faf44d5b-465c-49a9-a46b-6583f9a09ee2" />
      <TestMethod codeBase="C:\GitLab-Runner\builds\wr8MmWYb\0\LiveStats\LiveStats.Football\Source\Test\FunctionalTests\bin\Automation\net472\GeniusSports.LiveStats.Football.FunctionalTests.dll" adapterTypeName="executor://nunit3testexecutor/" className="GeniusSports.LiveStats.Football.FunctionalTests.Features.PitchScreen.ActionEdits.PenaltyEditFeature" name="DataFromRecordedPenaltyIsDisplayed" />
    </UnitTest>
    <UnitTest name="SurnameFieldIsHighlightedWhenOnlyNameFieldIsFilled" storage="c:\gitlab-runner\builds\wr8mmwyb\0\livestats\livestats.football\source\test\functionaltests\bin\automation\net472\geniussports.livestats.football.functionaltests.dll" id="5378d93d-5ac8-e1b3-7ed6-c1800b220c7c">
      <Execution id="57f374bf-e779-40d8-b373-98490ff1909a" />
      <TestMethod codeBase="C:\GitLab-Runner\builds\wr8MmWYb\0\LiveStats\LiveStats.Football\Source\Test\FunctionalTests\bin\Automation\net472\GeniusSports.LiveStats.Football.FunctionalTests.dll" adapterTypeName="executor://nunit3testexecutor/" className="GeniusSports.LiveStats.Football.FunctionalTests.Features.GameSetup.SetupGeneralGameInformationFeature" name="SurnameFieldIsHighlightedWhenOnlyNameFieldIsFilled" />
    </UnitTest>
    <UnitTest name="FlagsCornerIfShotStartedFromMiddleOfCornerWorkflow(&quot;pitch location&quot;,&quot;1&quot;,null)" storage="c:\gitlab-runner\builds\wr8mmwyb\0\livestats\livestats.football\source\test\functionaltests\bin\automation\net472\geniussports.livestats.football.functionaltests.dll" id="8b0acf21-dec6-2072-b083-f6d758829c4b">
      <Execution id="102c1afe-119a-4a7f-b99e-25cbe20b2626" />
      <TestMethod codeBase="C:\GitLab-Runner\builds\wr8MmWYb\0\LiveStats\LiveStats.Football\Source\Test\FunctionalTests\bin\Automation\net472\GeniusSports.LiveStats.Football.FunctionalTests.dll" adapterTypeName="executor://nunit3testexecutor/" className="GeniusSports.LiveStats.Football.FunctionalTests.Features.PitchScreen.ActionRegistration.ShotRegistrationFromCornerFeature" name="FlagsCornerIfShotStartedFromMiddleOfCornerWorkflow(&quot;pitch location&quot;,&quot;1&quot;,null)" />
    </UnitTest>
    <UnitTest name="CanProceedWithFilledOfficialData" storage="c:\gitlab-runner\builds\wr8mmwyb\0\livestats\livestats.football\source\test\functionaltests\bin\automation\net472\geniussports.livestats.football.functionaltests.dll" id="a26c62bc-0b62-3cf0-fbc6-41bf9d15ef61">
      <Execution id="74c2c3fd-0a4c-445b-b9de-e76d41b626a4" />
      <TestMethod codeBase="C:\GitLab-Runner\builds\wr8MmWYb\0\LiveStats\LiveStats.Football\Source\Test\FunctionalTests\bin\Automation\net472\GeniusSports.LiveStats.Football.FunctionalTests.dll" adapterTypeName="executor://nunit3testexecutor/" className="GeniusSports.LiveStats.Football.FunctionalTests.Features.GameSetup.SetupGeneralGameInformationFeature" name="CanProceedWithFilledOfficialData" />
    </UnitTest>
    <UnitTest name="FootballGoalActionFlagCanBeReviewedInActionEditScreen" storage="c:\gitlab-runner\builds\wr8mmwyb\0\livestats\livestats.football\source\test\functionaltests\bin\automation\net472\geniussports.livestats.football.functionaltests.dll" id="35db2846-15a2-cb05-a8dc-cf4350777768">
      <Execution id="5cda1414-43dd-4fda-8f09-b4acb9a4efc2" />
      <TestMethod codeBase="C:\GitLab-Runner\builds\wr8MmWYb\0\LiveStats\LiveStats.Football\Source\Test\FunctionalTests\bin\Automation\net472\GeniusSports.LiveStats.Football.FunctionalTests.dll" adapterTypeName="executor://nunit3testexecutor/" className="GeniusSports.LiveStats.Football.FunctionalTests.Features.PitchScreen.Flagging.AddManualFlagFeature" name="FootballGoalActionFlagCanBeReviewedInActionEditScreen" />
    </UnitTest>
    <UnitTest name="ChangeVARFromOverturnedToStandsOnGoalEdit" storage="c:\gitlab-runner\builds\wr8mmwyb\0\livestats\livestats.football\source\test\functionaltests\bin\automation\net472\geniussports.livestats.football.functionaltests.dll" id="450aef5d-9b7d-18e0-fe10-9a7d62759d02">
      <Execution id="9594e780-972f-4ffd-8824-1ffdc4912b89" />
      <TestMethod codeBase="C:\GitLab-Runner\builds\wr8MmWYb\0\LiveStats\LiveStats.Football\Source\Test\FunctionalTests\bin\Automation\net472\GeniusSports.LiveStats.Football.FunctionalTests.dll" adapterTypeName="executor://nunit3testexecutor/" className="GeniusSports.LiveStats.Football.FunctionalTests.Features.PitchScreen.ActionEdits.GoalEditFeature" name="ChangeVARFromOverturnedToStandsOnGoalEdit" />
    </UnitTest>
    <UnitTest name="DoNotConfirmPenaltyGoal(&quot;1&quot;,&quot;2&quot;,&quot;90&quot;,&quot;50&quot;,&quot;5&quot;,&quot;16&quot;,null)" storage="c:\gitlab-runner\builds\wr8mmwyb\0\livestats\livestats.football\source\test\functionaltests\bin\automation\net472\geniussports.livestats.football.functionaltests.dll" id="708f1f23-5346-173d-bab3-c1ec4924ad5d">
      <Execution id="9ad4b3a6-8403-4a0c-a89b-ebc82a6bad17" />
      <TestMethod codeBase="C:\GitLab-Runner\builds\wr8MmWYb\0\LiveStats\LiveStats.Football\Source\Test\FunctionalTests\bin\Automation\net472\GeniusSports.LiveStats.Football.FunctionalTests.dll" adapterTypeName="executor://nunit3testexecutor/" className="GeniusSports.LiveStats.Football.FunctionalTests.Features.PitchScreen.ActionRegistration.PenaltyRegistrationFeature" name="DoNotConfirmPenaltyGoal(&quot;1&quot;,&quot;2&quot;,&quot;90&quot;,&quot;50&quot;,&quot;5&quot;,&quot;16&quot;,null)" />
    </UnitTest>
    <UnitTest name="CardEditedWithCoachIsSaved" storage="c:\gitlab-runner\builds\wr8mmwyb\0\livestats\livestats.football\source\test\functionaltests\bin\automation\net472\geniussports.livestats.football.functionaltests.dll" id="cce57b44-8dfa-504c-9ea1-a88ffab0efb4">
      <Execution id="7a00f01f-3f45-4e5f-b517-98ab1ac7edd1" />
      <TestMethod codeBase="C:\GitLab-Runner\builds\wr8MmWYb\0\LiveStats\LiveStats.Football\Source\Test\FunctionalTests\bin\Automation\net472\GeniusSports.LiveStats.Football.FunctionalTests.dll" adapterTypeName="executor://nunit3testexecutor/" className="GeniusSports.LiveStats.Football.FunctionalTests.Features.PitchScreen.ActionEdits.CardEditFeature" name="CardEditedWithCoachIsSaved" />
    </UnitTest>
    <UnitTest name="GivenInjuryInProgress_WhenSettingPossession_PossessionIsChanged(2)" storage="c:\gitlab-runner\builds\wr8mmwyb\0\livestats\livestats.football\source\test\functionaltests\bin\automation\net472\geniussports.livestats.football.functionaltests.dll" id="1ae7b195-1985-b16e-d017-dcbc079dd325">
      <Execution id="7f958570-5913-48b5-92c0-441c59ecc1de" />
      <TestMethod codeBase="C:\GitLab-Runner\builds\wr8MmWYb\0\LiveStats\LiveStats.Football\Source\Test\FunctionalTests\bin\Automation\net472\GeniusSports.LiveStats.Football.FunctionalTests.dll" adapterTypeName="executor://nunit3testexecutor/" className="GeniusSports.LiveStats.Football.FunctionalTests.Tests.PitchScreen.PossessionChangeTests" name="GivenInjuryInProgress_WhenSettingPossession_PossessionIsChanged(2)" />
    </UnitTest>
    <UnitTest name="GivenPsoKickEditOpened_WhenToVarOverturned_ThenPsoStateUpdated" storage="c:\gitlab-runner\builds\wr8mmwyb\0\livestats\livestats.football\source\test\functionaltests\bin\automation\net472\geniussports.livestats.football.functionaltests.dll" id="147bc523-ba92-e043-9818-bc12e6aa8405">
      <Execution id="08ec9f5e-9c61-4a94-a5a3-6777ebbf0fff" />
      <TestMethod codeBase="C:\GitLab-Runner\builds\wr8MmWYb\0\LiveStats\LiveStats.Football\Source\Test\FunctionalTests\bin\Automation\net472\GeniusSports.LiveStats.Football.FunctionalTests.dll" adapterTypeName="executor://nunit3testexecutor/" className="GeniusSports.LiveStats.Football.FunctionalTests.Tests.PitchScreen.ActionEdits.PenaltyShootoutEditTests" name="GivenPsoKickEditOpened_WhenToVarOverturned_ThenPsoStateUpdated" />
    </UnitTest>
    <UnitTest name="FootballGoalActionCanBeUnflagged" storage="c:\gitlab-runner\builds\wr8mmwyb\0\livestats\livestats.football\source\test\functionaltests\bin\automation\net472\geniussports.livestats.football.functionaltests.dll" id="2c54ac8a-aef8-960b-687e-64742cbff580">
      <Execution id="d841d638-184f-4854-b7f4-c259a037754b" />
      <TestMethod codeBase="C:\GitLab-Runner\builds\wr8MmWYb\0\LiveStats\LiveStats.Football\Source\Test\FunctionalTests\bin\Automation\net472\GeniusSports.LiveStats.Football.FunctionalTests.dll" adapterTypeName="executor://nunit3testexecutor/" className="GeniusSports.LiveStats.Football.FunctionalTests.Features.PitchScreen.Flagging.AddManualFlagFeature" name="FootballGoalActionCanBeUnflagged" />
    </UnitTest>
    <UnitTest name="GivenPlayerEjectedByCard_WhenRecordingYellow_ThenPlayerIsDisabled(Red,2,5,&quot;Red&quot;)" storage="c:\gitlab-runner\builds\wr8mmwyb\0\livestats\livestats.football\source\test\functionaltests\bin\automation\net472\geniussports.livestats.football.functionaltests.dll" id="ac77f56a-f855-efc9-71f6-cada2a3afb7d">
      <Execution id="4e00fc45-cd92-48e2-a2a5-0e5c0ab23e5e" />
      <TestMethod codeBase="C:\GitLab-Runner\builds\wr8MmWYb\0\LiveStats\LiveStats.Football\Source\Test\FunctionalTests\bin\Automation\net472\GeniusSports.LiveStats.Football.FunctionalTests.dll" adapterTypeName="executor://nunit3testexecutor/" className="GeniusSports.LiveStats.Football.FunctionalTests.Tests.PitchScreen.ActionRegistration.CardRegistrationTests" name="GivenPlayerEjectedByCard_WhenRecordingYellow_ThenPlayerIsDisabled(Red,2,5,&quot;Red&quot;)" />
    </UnitTest>
    <UnitTest name="InsertedFreeKickIsPresentedInEditForm(&quot;foul&quot;,&quot;Foul&quot;,null)" storage="c:\gitlab-runner\builds\wr8mmwyb\0\livestats\livestats.football\source\test\functionaltests\bin\automation\net472\geniussports.livestats.football.functionaltests.dll" id="7c2eaf3a-425f-c336-f3bb-e6360e6af888">
      <Execution id="9cb0f47a-7538-408a-b61a-c46d7d2f0ad1" />
      <TestMethod codeBase="C:\GitLab-Runner\builds\wr8MmWYb\0\LiveStats\LiveStats.Football\Source\Test\FunctionalTests\bin\Automation\net472\GeniusSports.LiveStats.Football.FunctionalTests.dll" adapterTypeName="executor://nunit3testexecutor/" className="GeniusSports.LiveStats.Football.FunctionalTests.Features.PitchScreen.ActionInserts.FreeKickInsertFeature" name="InsertedFreeKickIsPresentedInEditForm(&quot;foul&quot;,&quot;Foul&quot;,null)" />
    </UnitTest>
    <UnitTest name="CardTypeAndReasonUpdate(&quot;Red&quot;,&quot;Yellow&quot;,&quot;Persistent Infringement&quot;,null)" storage="c:\gitlab-runner\builds\wr8mmwyb\0\livestats\livestats.football\source\test\functionaltests\bin\automation\net472\geniussports.livestats.football.functionaltests.dll" id="ad9e0aae-c1d9-2ec3-96b9-b437c6a6347c">
      <Execution id="d1d370ca-890f-4793-99a5-877de0c3ad02" />
      <TestMethod codeBase="C:\GitLab-Runner\builds\wr8MmWYb\0\LiveStats\LiveStats.Football\Source\Test\FunctionalTests\bin\Automation\net472\GeniusSports.LiveStats.Football.FunctionalTests.dll" adapterTypeName="executor://nunit3testexecutor/" className="GeniusSports.LiveStats.Football.FunctionalTests.Features.PitchScreen.ActionEdits.CardEditFeature" name="CardTypeAndReasonUpdate(&quot;Red&quot;,&quot;Yellow&quot;,&quot;Persistent Infringement&quot;,null)" />
    </UnitTest>
    <UnitTest name="GivenGoalRegistered_WhenEditingAssist_ThenChangesSaved" storage="c:\gitlab-runner\builds\wr8mmwyb\0\livestats\livestats.football\source\test\functionaltests\bin\automation\net472\geniussports.livestats.football.functionaltests.dll" id="a1d28d38-c134-8ce5-8aa4-73774c266ed6">
      <Execution id="9a544c2a-87d6-4236-a2bc-ac6807d806f6" />
      <TestMethod codeBase="C:\GitLab-Runner\builds\wr8MmWYb\0\LiveStats\LiveStats.Football\Source\Test\FunctionalTests\bin\Automation\net472\GeniusSports.LiveStats.Football.FunctionalTests.dll" adapterTypeName="executor://nunit3testexecutor/" className="GeniusSports.LiveStats.Football.FunctionalTests.Tests.PitchScreen.ActionEdits.GoalEditTests" name="GivenGoalRegistered_WhenEditingAssist_ThenChangesSaved" />
    </UnitTest>
    <UnitTest name="GivenGameInProgress_WhenPitchIsClicked_ThenCorrespondingDangerZoneHighlights(60,50,2)" storage="c:\gitlab-runner\builds\wr8mmwyb\0\livestats\livestats.football\source\test\functionaltests\bin\automation\net472\geniussports.livestats.football.functionaltests.dll" id="f1199bbb-3849-9efe-320b-e6d6d2de8afc">
      <Execution id="94cabc27-71f0-4555-9a78-a6caf23f24f1" />
      <TestMethod codeBase="C:\GitLab-Runner\builds\wr8MmWYb\0\LiveStats\LiveStats.Football\Source\Test\FunctionalTests\bin\Automation\net472\GeniusSports.LiveStats.Football.FunctionalTests.dll" adapterTypeName="executor://nunit3testexecutor/" className="GeniusSports.LiveStats.Football.FunctionalTests.Tests.PitchScreen.DangerZoneTests" name="GivenGameInProgress_WhenPitchIsClicked_ThenCorrespondingDangerZoneHighlights(60,50,2)" />
    </UnitTest>
    <UnitTest name="FlagsFreekickIfGoalStartedFromMiddleOfFreekickWorkflow(&quot;foul on&quot;,&quot;1&quot;,null)" storage="c:\gitlab-runner\builds\wr8mmwyb\0\livestats\livestats.football\source\test\functionaltests\bin\automation\net472\geniussports.livestats.football.functionaltests.dll" id="c25d3397-c652-ef2d-5179-297748ed165e">
      <Execution id="a9263238-4ec0-4684-9fe1-cf607bae33b0" />
      <TestMethod codeBase="C:\GitLab-Runner\builds\wr8MmWYb\0\LiveStats\LiveStats.Football\Source\Test\FunctionalTests\bin\Automation\net472\GeniusSports.LiveStats.Football.FunctionalTests.dll" adapterTypeName="executor://nunit3testexecutor/" className="GeniusSports.LiveStats.Football.FunctionalTests.Features.PitchScreen.ActionRegistration.GoalRegistrationFromFreeKickFeature" name="FlagsFreekickIfGoalStartedFromMiddleOfFreekickWorkflow(&quot;foul on&quot;,&quot;1&quot;,null)" />
    </UnitTest>
    <UnitTest name="SelectVarReasonAndOutcome(&quot;Stands&quot;,&quot;Offside&quot;,null)" storage="c:\gitlab-runner\builds\wr8mmwyb\0\livestats\livestats.football\source\test\functionaltests\bin\automation\net472\geniussports.livestats.football.functionaltests.dll" id="2367d3ae-ffdb-2f98-2971-2356e90fe0de">
      <Execution id="ec43e91a-e8f5-4309-82a7-d26ec6ba9c82" />
      <TestMethod codeBase="C:\GitLab-Runner\builds\wr8MmWYb\0\LiveStats\LiveStats.Football\Source\Test\FunctionalTests\bin\Automation\net472\GeniusSports.LiveStats.Football.FunctionalTests.dll" adapterTypeName="executor://nunit3testexecutor/" className="GeniusSports.LiveStats.Football.FunctionalTests.Features.PitchScreen.ActionInserts.InsertGoalFeature" name="SelectVarReasonAndOutcome(&quot;Stands&quot;,&quot;Offside&quot;,null)" />
    </UnitTest>
    <UnitTest name="GivenGameInProgress_WhenFilingCard_ThenScoreboardsStatsAreUpdated(1,Red)" storage="c:\gitlab-runner\builds\wr8mmwyb\0\livestats\livestats.football\source\test\functionaltests\bin\automation\net472\geniussports.livestats.football.functionaltests.dll" id="4889572c-9904-75a4-9287-bc7b3d9c6fef">
      <Execution id="0290adaa-23b6-4ae0-9cb1-b2caafad815e" />
      <TestMethod codeBase="C:\GitLab-Runner\builds\wr8MmWYb\0\LiveStats\LiveStats.Football\Source\Test\FunctionalTests\bin\Automation\net472\GeniusSports.LiveStats.Football.FunctionalTests.dll" adapterTypeName="executor://nunit3testexecutor/" className="GeniusSports.LiveStats.Football.FunctionalTests.Tests.PitchScreen.PitchTeamStatsCalculatedTests" name="GivenGameInProgress_WhenFilingCard_ThenScoreboardsStatsAreUpdated(1,Red)" />
    </UnitTest>
    <UnitTest name="PitchAndPossessionIsSetOnETSecondHalf" storage="c:\gitlab-runner\builds\wr8mmwyb\0\livestats\livestats.football\source\test\functionaltests\bin\automation\net472\geniussports.livestats.football.functionaltests.dll" id="fc530fd0-958c-e633-ce08-b5fee4bbee5b">
      <Execution id="7f8e8559-eed1-405b-90db-d2b8909ee3d8" />
      <TestMethod codeBase="C:\GitLab-Runner\builds\wr8MmWYb\0\LiveStats\LiveStats.Football\Source\Test\FunctionalTests\bin\Automation\net472\GeniusSports.LiveStats.Football.FunctionalTests.dll" adapterTypeName="executor://nunit3testexecutor/" className="GeniusSports.LiveStats.Football.FunctionalTests.Features.PitchScreen.GameState.BallPossessionAndLocationBetweenHalvesFeature" name="PitchAndPossessionIsSetOnETSecondHalf" />
    </UnitTest>
    <UnitTest name="GivenInterruptDialogPresent_WhenCancelingDialog_ThenClosesAndDoesntSetInterrupt" storage="c:\gitlab-runner\builds\wr8mmwyb\0\livestats\livestats.football\source\test\functionaltests\bin\automation\net472\geniussports.livestats.football.functionaltests.dll" id="c9f87d29-1016-11af-9ba3-b7a1187f2c12">
      <Execution id="d692a57a-4662-4221-8a27-4dad450f61fb" />
      <TestMethod codeBase="C:\GitLab-Runner\builds\wr8MmWYb\0\LiveStats\LiveStats.Football\Source\Test\FunctionalTests\bin\Automation\net472\GeniusSports.LiveStats.Football.FunctionalTests.dll" adapterTypeName="executor://nunit3testexecutor/" className="GeniusSports.LiveStats.Football.FunctionalTests.Tests.PitchScreen.GameMessages.GameInterruptionTests" name="GivenInterruptDialogPresent_WhenCancelingDialog_ThenClosesAndDoesntSetInterrupt" />
    </UnitTest>
    <UnitTest name="FootballCannotSubInPlayerWhichWasSubbedOut" storage="c:\gitlab-runner\builds\wr8mmwyb\0\livestats\livestats.football\source\test\functionaltests\bin\automation\net472\geniussports.livestats.football.functionaltests.dll" id="efee5f5b-bf2f-af97-afb6-89c78910439c">
      <Execution id="1fb0ad86-98ba-41b4-964e-e08fd2c7d32f" />
      <TestMethod codeBase="C:\GitLab-Runner\builds\wr8MmWYb\0\LiveStats\LiveStats.Football\Source\Test\FunctionalTests\bin\Automation\net472\GeniusSports.LiveStats.Football.FunctionalTests.dll" adapterTypeName="executor://nunit3testexecutor/" className="GeniusSports.LiveStats.Football.FunctionalTests.Features.PitchScreen.ActionRegistration.Substitutions.RecordingSubstitutionFeature" name="FootballCannotSubInPlayerWhichWasSubbedOut" />
    </UnitTest>
    <UnitTest name="SelectCard(&quot;Red&quot;,&quot;Red&quot;,null)" storage="c:\gitlab-runner\builds\wr8mmwyb\0\livestats\livestats.football\source\test\functionaltests\bin\automation\net472\geniussports.livestats.football.functionaltests.dll" id="ddf853f2-88b6-cc4f-e264-5fa70a2464c6">
      <Execution id="7a674048-a2cc-46e5-82d6-3be764ef58da" />
      <TestMethod codeBase="C:\GitLab-Runner\builds\wr8MmWYb\0\LiveStats\LiveStats.Football\Source\Test\FunctionalTests\bin\Automation\net472\GeniusSports.LiveStats.Football.FunctionalTests.dll" adapterTypeName="executor://nunit3testexecutor/" className="GeniusSports.LiveStats.Football.FunctionalTests.Features.PitchScreen.ActionRegistration.CardRegistrationFeature" name="SelectCard(&quot;Red&quot;,&quot;Red&quot;,null)" />
    </UnitTest>
    <UnitTest name="YesOnVARBeforeConfirming(&quot;2&quot;,&quot;Yellow&quot;,&quot;1&quot;,null)" storage="c:\gitlab-runner\builds\wr8mmwyb\0\livestats\livestats.football\source\test\functionaltests\bin\automation\net472\geniussports.livestats.football.functionaltests.dll" id="5b7340de-96f5-9ecd-33f7-da0f35f1c055">
      <Execution id="9951df7a-d170-4d3c-8699-ecad650560b2" />
      <TestMethod codeBase="C:\GitLab-Runner\builds\wr8MmWYb\0\LiveStats\LiveStats.Football\Source\Test\FunctionalTests\bin\Automation\net472\GeniusSports.LiveStats.Football.FunctionalTests.dll" adapterTypeName="executor://nunit3testexecutor/" className="GeniusSports.LiveStats.Football.FunctionalTests.Features.PitchScreen.VideoAssistantReferee.CardsVarRegistrationFeature" name="YesOnVARBeforeConfirming(&quot;2&quot;,&quot;Yellow&quot;,&quot;1&quot;,null)" />
    </UnitTest>
    <UnitTest name="GivenGameWithThrowInInFirstHalf_WhenEditingThrowInWhileInSecondHalf_ThenCanSaveData" storage="c:\gitlab-runner\builds\wr8mmwyb\0\livestats\livestats.football\source\test\functionaltests\bin\automation\net472\geniussports.livestats.football.functionaltests.dll" id="40bd7596-4015-d1a3-5a1e-dad11732760d">
      <Execution id="abf0a809-f6ee-4745-a36b-d3474a881074" />
      <TestMethod codeBase="C:\GitLab-Runner\builds\wr8MmWYb\0\LiveStats\LiveStats.Football\Source\Test\FunctionalTests\bin\Automation\net472\GeniusSports.LiveStats.Football.FunctionalTests.dll" adapterTypeName="executor://nunit3testexecutor/" className="GeniusSports.LiveStats.Football.FunctionalTests.Tests.PitchScreen.ActionEdits.ThrowInEditTests" name="GivenGameWithThrowInInFirstHalf_WhenEditingThrowInWhileInSecondHalf_ThenCanSaveData" />
    </UnitTest>
    <UnitTest name="CancelCardInsert" storage="c:\gitlab-runner\builds\wr8mmwyb\0\livestats\livestats.football\source\test\functionaltests\bin\automation\net472\geniussports.livestats.football.functionaltests.dll" id="46a5f47a-6760-34a9-90af-c8f5d839385c">
      <Execution id="e4ddee2c-ce5e-4cc2-9150-b2fdc2a01046" />
      <TestMethod codeBase="C:\GitLab-Runner\builds\wr8MmWYb\0\LiveStats\LiveStats.Football\Source\Test\FunctionalTests\bin\Automation\net472\GeniusSports.LiveStats.Football.FunctionalTests.dll" adapterTypeName="executor://nunit3testexecutor/" className="GeniusSports.LiveStats.Football.FunctionalTests.Features.PitchScreen.ActionInserts.CardsInsertFeature" name="CancelCardInsert" />
    </UnitTest>
    <UnitTest name="DeleteCardAfterSelectingCoach(&quot;Yellow&quot;,&quot;Yellow&quot;,&quot;Yellow&quot;,null)" storage="c:\gitlab-runner\builds\wr8mmwyb\0\livestats\livestats.football\source\test\functionaltests\bin\automation\net472\geniussports.livestats.football.functionaltests.dll" id="ebdc8bc7-c9d1-c647-c65b-bcdffe6a5ff4">
      <Execution id="339830d1-0c0c-4fbf-914d-75c7da11bc02" />
      <TestMethod codeBase="C:\GitLab-Runner\builds\wr8MmWYb\0\LiveStats\LiveStats.Football\Source\Test\FunctionalTests\bin\Automation\net472\GeniusSports.LiveStats.Football.FunctionalTests.dll" adapterTypeName="executor://nunit3testexecutor/" className="GeniusSports.LiveStats.Football.FunctionalTests.Features.PitchScreen.ActionRegistration.CardRegistrationFeature" name="DeleteCardAfterSelectingCoach(&quot;Yellow&quot;,&quot;Yellow&quot;,&quot;Yellow&quot;,null)" />
    </UnitTest>
    <UnitTest name="GivenActionRegistered_WhenDeletingFromExpandedActionLog_ThenDeletedPitchLog(ThrowIn)" storage="c:\gitlab-runner\builds\wr8mmwyb\0\livestats\livestats.football\source\test\functionaltests\bin\automation\net472\geniussports.livestats.football.functionaltests.dll" id="78a6a2a0-b36c-dab2-3954-d5bf8b33e3c2">
      <Execution id="dd5a194b-9961-4727-ab75-2b66fb966988" />
      <TestMethod codeBase="C:\GitLab-Runner\builds\wr8MmWYb\0\LiveStats\LiveStats.Football\Source\Test\FunctionalTests\bin\Automation\net472\GeniusSports.LiveStats.Football.FunctionalTests.dll" adapterTypeName="executor://nunit3testexecutor/" className="GeniusSports.LiveStats.Football.FunctionalTests.Tests.PitchScreen.ActionDeletes.GameActionDeleteTests" name="GivenActionRegistered_WhenDeletingFromExpandedActionLog_ThenDeletedPitchLog(ThrowIn)" />
    </UnitTest>
    <UnitTest name="GivenActionRegistered_WhenDeletingFromExpandedActionLog_ThenDeletedPitchLog(Goal)" storage="c:\gitlab-runner\builds\wr8mmwyb\0\livestats\livestats.football\source\test\functionaltests\bin\automation\net472\geniussports.livestats.football.functionaltests.dll" id="795e5286-1277-f509-a808-08c33de21ca9">
      <Execution id="164c19a8-7c70-4fe2-b42b-ae7511d2103f" />
      <TestMethod codeBase="C:\GitLab-Runner\builds\wr8MmWYb\0\LiveStats\LiveStats.Football\Source\Test\FunctionalTests\bin\Automation\net472\GeniusSports.LiveStats.Football.FunctionalTests.dll" adapterTypeName="executor://nunit3testexecutor/" className="GeniusSports.LiveStats.Football.FunctionalTests.Tests.PitchScreen.ActionDeletes.GameActionDeleteTests" name="GivenActionRegistered_WhenDeletingFromExpandedActionLog_ThenDeletedPitchLog(Goal)" />
    </UnitTest>
    <UnitTest name="SelectPlayerForFoulFreekickAvailable(&quot;2&quot;,&quot;1&quot;,&quot;2&quot;,null)" storage="c:\gitlab-runner\builds\wr8mmwyb\0\livestats\livestats.football\source\test\functionaltests\bin\automation\net472\geniussports.livestats.football.functionaltests.dll" id="f4605aa5-7cce-03e7-4788-380dcfd11226">
      <Execution id="9a1c5f50-0efc-4bc8-9743-8e70f1cd6894" />
      <TestMethod codeBase="C:\GitLab-Runner\builds\wr8MmWYb\0\LiveStats\LiveStats.Football\Source\Test\FunctionalTests\bin\Automation\net472\GeniusSports.LiveStats.Football.FunctionalTests.dll" adapterTypeName="executor://nunit3testexecutor/" className="GeniusSports.LiveStats.Football.FunctionalTests.Features.PitchScreen.ActionRegistration.FreeKickRegistrationFeature" name="SelectPlayerForFoulFreekickAvailable(&quot;2&quot;,&quot;1&quot;,&quot;2&quot;,null)" />
    </UnitTest>
    <UnitTest name="GivenInterruption_WhenStartingCorner_ThenInterruptionCanceled" storage="c:\gitlab-runner\builds\wr8mmwyb\0\livestats\livestats.football\source\test\functionaltests\bin\automation\net472\geniussports.livestats.football.functionaltests.dll" id="8ef3405e-27c6-cd37-3706-0a9818d45f10">
      <Execution id="d5c7db8f-1100-4986-bce5-d02c4b56be6f" />
      <TestMethod codeBase="C:\GitLab-Runner\builds\wr8MmWYb\0\LiveStats\LiveStats.Football\Source\Test\FunctionalTests\bin\Automation\net472\GeniusSports.LiveStats.Football.FunctionalTests.dll" adapterTypeName="executor://nunit3testexecutor/" className="GeniusSports.LiveStats.Football.FunctionalTests.Tests.PitchScreen.GameMessages.GameInterruptionTests" name="GivenInterruption_WhenStartingCorner_ThenInterruptionCanceled" />
    </UnitTest>
    <UnitTest name="GivenGameInProgress_WhenEditingGameInformation_ThenFieldsAreUpdated" storage="c:\gitlab-runner\builds\wr8mmwyb\0\livestats\livestats.football\source\test\functionaltests\bin\automation\net472\geniussports.livestats.football.functionaltests.dll" id="3aa5ef5e-c2d9-9075-fe0e-d1529f8c94d8">
      <Execution id="066fc357-7a9e-4db7-b93b-7a1ed0061b29" />
      <TestMethod codeBase="C:\GitLab-Runner\builds\wr8MmWYb\0\LiveStats\LiveStats.Football\Source\Test\FunctionalTests\bin\Automation\net472\GeniusSports.LiveStats.Football.FunctionalTests.dll" adapterTypeName="executor://nunit3testexecutor/" className="GeniusSports.LiveStats.Football.FunctionalTests.Tests.GameSetup.EditGameSetupTests" name="GivenGameInProgress_WhenEditingGameInformation_ThenFieldsAreUpdated" />
    </UnitTest>
    <UnitTest name="ClearShotIsVisibleInGoalInsert(&quot;set&quot;,null)" storage="c:\gitlab-runner\builds\wr8mmwyb\0\livestats\livestats.football\source\test\functionaltests\bin\automation\net472\geniussports.livestats.football.functionaltests.dll" id="48caba76-fb8e-f90d-2590-e786a9b4e1c4">
      <Execution id="2bd5261a-722f-4089-934f-c4c840e5fa4a" />
      <TestMethod codeBase="C:\GitLab-Runner\builds\wr8MmWYb\0\LiveStats\LiveStats.Football\Source\Test\FunctionalTests\bin\Automation\net472\GeniusSports.LiveStats.Football.FunctionalTests.dll" adapterTypeName="executor://nunit3testexecutor/" className="GeniusSports.LiveStats.Football.FunctionalTests.Features.PitchScreen.ActionInserts.InsertGoalFeature" name="ClearShotIsVisibleInGoalInsert(&quot;set&quot;,null)" />
    </UnitTest>
    <UnitTest name="GivenCouchEjectedByCard_WhenRecordingYellow_ThenCouchIsDisabled(Red)" storage="c:\gitlab-runner\builds\wr8mmwyb\0\livestats\livestats.football\source\test\functionaltests\bin\automation\net472\geniussports.livestats.football.functionaltests.dll" id="ef80f2ee-9f09-d435-7d20-d5bdea049860">
      <Execution id="5641c883-6369-40a7-8a0f-bfb04679efa8" />
      <TestMethod codeBase="C:\GitLab-Runner\builds\wr8MmWYb\0\LiveStats\LiveStats.Football\Source\Test\FunctionalTests\bin\Automation\net472\GeniusSports.LiveStats.Football.FunctionalTests.dll" adapterTypeName="executor://nunit3testexecutor/" className="GeniusSports.LiveStats.Football.FunctionalTests.Tests.PitchScreen.ActionRegistration.CardRegistrationTests" name="GivenCouchEjectedByCard_WhenRecordingYellow_ThenCouchIsDisabled(Red)" />
    </UnitTest>
    <UnitTest name="GivenSeveralActionsWithPlayersRegistered_WhenFilteringByShirtIdOfPlayerWithoutActions_ThenEmptyResultsReturned" storage="c:\gitlab-runner\builds\wr8mmwyb\0\livestats\livestats.football\source\test\functionaltests\bin\automation\net472\geniussports.livestats.football.functionaltests.dll" id="54a66a51-cc02-a892-1c0f-37881a2a64e0">
      <Execution id="60fe3fee-9178-4fae-ac55-b3c1fd1d2319" />
      <TestMethod codeBase="C:\GitLab-Runner\builds\wr8MmWYb\0\LiveStats\LiveStats.Football\Source\Test\FunctionalTests\bin\Automation\net472\GeniusSports.LiveStats.Football.FunctionalTests.dll" adapterTypeName="executor://nunit3testexecutor/" className="GeniusSports.LiveStats.Football.FunctionalTests.Tests.PitchScreen.Filters.PlayerFilterTests" name="GivenSeveralActionsWithPlayersRegistered_WhenFilteringByShirtIdOfPlayerWithoutActions_ThenEmptyResultsReturned" />
    </UnitTest>
    <UnitTest name="GivenGameInProgress_WhenConfirmingEndedHalf_ThenConfirmEndOfHalfShown" storage="c:\gitlab-runner\builds\wr8mmwyb\0\livestats\livestats.football\source\test\functionaltests\bin\automation\net472\geniussports.livestats.football.functionaltests.dll" id="6c45cc68-2adb-34c5-4302-f70fc3cddf0d">
      <Execution id="6ae6b120-a520-4607-a3ac-e3868cb17dc4" />
      <TestMethod codeBase="C:\GitLab-Runner\builds\wr8MmWYb\0\LiveStats\LiveStats.Football\Source\Test\FunctionalTests\bin\Automation\net472\GeniusSports.LiveStats.Football.FunctionalTests.dll" adapterTypeName="executor://nunit3testexecutor/" className="GeniusSports.LiveStats.Football.FunctionalTests.Tests.PitchScreen.GameState.EndMatchHalfTests" name="GivenGameInProgress_WhenConfirmingEndedHalf_ThenConfirmEndOfHalfShown" />
    </UnitTest>
    <UnitTest name="GivenExpandedLog_WhenInsertingCardAfter_ThenScoreboardIsPresentedCorrectly(Red,&quot;red&quot;,&quot;red&quot;,1,1)" storage="c:\gitlab-runner\builds\wr8mmwyb\0\livestats\livestats.football\source\test\functionaltests\bin\automation\net472\geniussports.livestats.football.functionaltests.dll" id="c4dac473-59ad-bdba-f890-7b328a3e345b">
      <Execution id="39f5f1ae-bd2c-4b3d-ad07-57ab02ca9089" />
      <TestMethod codeBase="C:\GitLab-Runner\builds\wr8MmWYb\0\LiveStats\LiveStats.Football\Source\Test\FunctionalTests\bin\Automation\net472\GeniusSports.LiveStats.Football.FunctionalTests.dll" adapterTypeName="executor://nunit3testexecutor/" className="GeniusSports.LiveStats.Football.FunctionalTests.Tests.PitchScreen.ActionInserts.InsertCardTests" name="GivenExpandedLog_WhenInsertingCardAfter_ThenScoreboardIsPresentedCorrectly(Red,&quot;red&quot;,&quot;red&quot;,1,1)" />
    </UnitTest>
    <UnitTest name="GivenGoalLocationSelected_WhenDeclaringVar_ThenVarOptionPrompted" storage="c:\gitlab-runner\builds\wr8mmwyb\0\livestats\livestats.football\source\test\functionaltests\bin\automation\net472\geniussports.livestats.football.functionaltests.dll" id="13a38238-ac94-d2b9-556a-5b92f34e033c">
      <Execution id="d1bd4d31-1427-4ddf-8b72-b27b071baae8" />
      <TestMethod codeBase="C:\GitLab-Runner\builds\wr8MmWYb\0\LiveStats\LiveStats.Football\Source\Test\FunctionalTests\bin\Automation\net472\GeniusSports.LiveStats.Football.FunctionalTests.dll" adapterTypeName="executor://nunit3testexecutor/" className="GeniusSports.LiveStats.Football.FunctionalTests.Tests.PitchScreen.VideoAssistantReferee.GoalVarRegistrationTests" name="GivenGoalLocationSelected_WhenDeclaringVar_ThenVarOptionPrompted" />
    </UnitTest>
    <UnitTest name="StartGoalFromFreeKickWorkflow(&quot;reason&quot;,&quot;1&quot;,&quot;0&quot;,&quot;1&quot;,null)" storage="c:\gitlab-runner\builds\wr8mmwyb\0\livestats\livestats.football\source\test\functionaltests\bin\automation\net472\geniussports.livestats.football.functionaltests.dll" id="3c144ff1-7703-0de9-679c-f1f6bba70c9c">
      <Execution id="8399d640-ec78-46c7-a7fa-a064632e4c85" />
      <TestMethod codeBase="C:\GitLab-Runner\builds\wr8MmWYb\0\LiveStats\LiveStats.Football\Source\Test\FunctionalTests\bin\Automation\net472\GeniusSports.LiveStats.Football.FunctionalTests.dll" adapterTypeName="executor://nunit3testexecutor/" className="GeniusSports.LiveStats.Football.FunctionalTests.Features.PitchScreen.ActionRegistration.GoalRegistrationFromFreeKickFeature" name="StartGoalFromFreeKickWorkflow(&quot;reason&quot;,&quot;1&quot;,&quot;0&quot;,&quot;1&quot;,null)" />
    </UnitTest>
    <UnitTest name="SelectVarReasonAndOutcome(&quot;Stands&quot;,&quot;Offence&quot;,null)" storage="c:\gitlab-runner\builds\wr8mmwyb\0\livestats\livestats.football\source\test\functionaltests\bin\automation\net472\geniussports.livestats.football.functionaltests.dll" id="d5a8d00a-c0b7-11ae-742d-e867bc241a41">
      <Execution id="2180005b-a58e-460a-82ea-5401d5644057" />
      <TestMethod codeBase="C:\GitLab-Runner\builds\wr8MmWYb\0\LiveStats\LiveStats.Football\Source\Test\FunctionalTests\bin\Automation\net472\GeniusSports.LiveStats.Football.FunctionalTests.dll" adapterTypeName="executor://nunit3testexecutor/" className="GeniusSports.LiveStats.Football.FunctionalTests.Features.PitchScreen.ActionInserts.InsertGoalFeature" name="SelectVarReasonAndOutcome(&quot;Stands&quot;,&quot;Offence&quot;,null)" />
    </UnitTest>
    <UnitTest name="FlagAndContinueGoal" storage="c:\gitlab-runner\builds\wr8mmwyb\0\livestats\livestats.football\source\test\functionaltests\bin\automation\net472\geniussports.livestats.football.functionaltests.dll" id="5ae81975-7c04-40e1-fdbb-65b83ea56b6e">
      <Execution id="31071832-de34-4ce0-9e55-7d277e727129" />
      <TestMethod codeBase="C:\GitLab-Runner\builds\wr8MmWYb\0\LiveStats\LiveStats.Football\Source\Test\FunctionalTests\bin\Automation\net472\GeniusSports.LiveStats.Football.FunctionalTests.dll" adapterTypeName="executor://nunit3testexecutor/" className="GeniusSports.LiveStats.Football.FunctionalTests.Features.PitchScreen.Flagging.FlagAndContinueFeature" name="FlagAndContinueGoal" />
    </UnitTest>
    <UnitTest name="CancellingShotWorkflowResumesFreeKickWorkflow(&quot;foul on&quot;,&quot;2&quot;,null)" storage="c:\gitlab-runner\builds\wr8mmwyb\0\livestats\livestats.football\source\test\functionaltests\bin\automation\net472\geniussports.livestats.football.functionaltests.dll" id="3901c743-3bc8-184d-30a4-6a3d5f4c1187">
      <Execution id="6c0dbbfa-6e43-4f36-92cc-efb035e2769b" />
      <TestMethod codeBase="C:\GitLab-Runner\builds\wr8MmWYb\0\LiveStats\LiveStats.Football\Source\Test\FunctionalTests\bin\Automation\net472\GeniusSports.LiveStats.Football.FunctionalTests.dll" adapterTypeName="executor://nunit3testexecutor/" className="GeniusSports.LiveStats.Football.FunctionalTests.Features.PitchScreen.ActionRegistration.ShotRegistrationFromFreeKickFeature" name="CancellingShotWorkflowResumesFreeKickWorkflow(&quot;foul on&quot;,&quot;2&quot;,null)" />
    </UnitTest>
    <UnitTest name="FewActionFiltersFilterItemsCorrectly" storage="c:\gitlab-runner\builds\wr8mmwyb\0\livestats\livestats.football\source\test\functionaltests\bin\automation\net472\geniussports.livestats.football.functionaltests.dll" id="7c33f04b-d682-1181-92bf-9ca395572ce2">
      <Execution id="b2600c48-a0c6-4835-8f4d-5abdf47771f6" />
      <TestMethod codeBase="C:\GitLab-Runner\builds\wr8MmWYb\0\LiveStats\LiveStats.Football\Source\Test\FunctionalTests\bin\Automation\net472\GeniusSports.LiveStats.Football.FunctionalTests.dll" adapterTypeName="executor://nunit3testexecutor/" className="GeniusSports.LiveStats.Football.FunctionalTests.Features.PitchScreen.Filters.MultipleFiltersFeature" name="FewActionFiltersFilterItemsCorrectly" />
    </UnitTest>
    <UnitTest name="InsertingAnotherYellowCardFlagsIt" storage="c:\gitlab-runner\builds\wr8mmwyb\0\livestats\livestats.football\source\test\functionaltests\bin\automation\net472\geniussports.livestats.football.functionaltests.dll" id="f40c12be-310d-8260-8cea-d2b442f5379c">
      <Execution id="1db69cac-cda6-44a9-aff5-ed5ee3baba83" />
      <TestMethod codeBase="C:\GitLab-Runner\builds\wr8MmWYb\0\LiveStats\LiveStats.Football\Source\Test\FunctionalTests\bin\Automation\net472\GeniusSports.LiveStats.Football.FunctionalTests.dll" adapterTypeName="executor://nunit3testexecutor/" className="GeniusSports.LiveStats.Football.FunctionalTests.Features.PitchScreen.Flagging.ExcessiveYellowCardsFlaggerTestsFeature" name="InsertingAnotherYellowCardFlagsIt" />
    </UnitTest>
    <UnitTest name="GivenGameInProgress_WhenPuttingCardOnHold_ThenSetsCardAsIncompleteAction(Yellow,1)" storage="c:\gitlab-runner\builds\wr8mmwyb\0\livestats\livestats.football\source\test\functionaltests\bin\automation\net472\geniussports.livestats.football.functionaltests.dll" id="fb0190e1-4388-a6f7-a049-b2623a19e548">
      <Execution id="6093f322-2faf-4596-a9db-1c8e7aa04a3e" />
      <TestMethod codeBase="C:\GitLab-Runner\builds\wr8MmWYb\0\LiveStats\LiveStats.Football\Source\Test\FunctionalTests\bin\Automation\net472\GeniusSports.LiveStats.Football.FunctionalTests.dll" adapterTypeName="executor://nunit3testexecutor/" className="GeniusSports.LiveStats.Football.FunctionalTests.Tests.PitchScreen.ActionRegistration.CardRegistrationTests" name="GivenGameInProgress_WhenPuttingCardOnHold_ThenSetsCardAsIncompleteAction(Yellow,1)" />
    </UnitTest>
    <UnitTest name="StartShotFromFreeKickWorkflow(&quot;taken&quot;,&quot;2&quot;,null)" storage="c:\gitlab-runner\builds\wr8mmwyb\0\livestats\livestats.football\source\test\functionaltests\bin\automation\net472\geniussports.livestats.football.functionaltests.dll" id="9c5a72b4-9a15-e04e-f20f-8b6eeefebc9c">
      <Execution id="9ad5ac1a-f15f-4dfa-9cb5-01c5fc454588" />
      <TestMethod codeBase="C:\GitLab-Runner\builds\wr8MmWYb\0\LiveStats\LiveStats.Football\Source\Test\FunctionalTests\bin\Automation\net472\GeniusSports.LiveStats.Football.FunctionalTests.dll" adapterTypeName="executor://nunit3testexecutor/" className="GeniusSports.LiveStats.Football.FunctionalTests.Features.PitchScreen.ActionRegistration.ShotRegistrationFromFreeKickFeature" name="StartShotFromFreeKickWorkflow(&quot;taken&quot;,&quot;2&quot;,null)" />
    </UnitTest>
    <UnitTest name="DisableVARInGoalInsert" storage="c:\gitlab-runner\builds\wr8mmwyb\0\livestats\livestats.football\source\test\functionaltests\bin\automation\net472\geniussports.livestats.football.functionaltests.dll" id="b8603ca2-faf5-7420-1ff2-ebda2290fe51">
      <Execution id="bdb60c6c-9060-4ce8-83d7-0b1f97564e01" />
      <TestMethod codeBase="C:\GitLab-Runner\builds\wr8MmWYb\0\LiveStats\LiveStats.Football\Source\Test\FunctionalTests\bin\Automation\net472\GeniusSports.LiveStats.Football.FunctionalTests.dll" adapterTypeName="executor://nunit3testexecutor/" className="GeniusSports.LiveStats.Football.FunctionalTests.Features.PitchScreen.ActionInserts.InsertGoalFeature" name="DisableVARInGoalInsert" />
    </UnitTest>
    <UnitTest name="GivenVarStartedOnGoal_WhenSelectingStands_ThenConfirmDialogIsShown(2)" storage="c:\gitlab-runner\builds\wr8mmwyb\0\livestats\livestats.football\source\test\functionaltests\bin\automation\net472\geniussports.livestats.football.functionaltests.dll" id="2cade19e-7449-7465-4ce3-6687f49185b7">
      <Execution id="e59c729c-b1f0-4818-9f99-89d71c96ea35" />
      <TestMethod codeBase="C:\GitLab-Runner\builds\wr8MmWYb\0\LiveStats\LiveStats.Football\Source\Test\FunctionalTests\bin\Automation\net472\GeniusSports.LiveStats.Football.FunctionalTests.dll" adapterTypeName="executor://nunit3testexecutor/" className="GeniusSports.LiveStats.Football.FunctionalTests.Tests.PitchScreen.VideoAssistantReferee.GoalVarRegistrationTests" name="GivenVarStartedOnGoal_WhenSelectingStands_ThenConfirmDialogIsShown(2)" />
    </UnitTest>
    <UnitTest name="GivenPsoKickWithVarOverturned_WhenRemovingVar_ThenPsoStateUpdated" storage="c:\gitlab-runner\builds\wr8mmwyb\0\livestats\livestats.football\source\test\functionaltests\bin\automation\net472\geniussports.livestats.football.functionaltests.dll" id="4fa532ad-f72c-34a1-5338-96db1d0f8641">
      <Execution id="462782a8-4842-405f-9e27-922db4720a93" />
      <TestMethod codeBase="C:\GitLab-Runner\builds\wr8MmWYb\0\LiveStats\LiveStats.Football\Source\Test\FunctionalTests\bin\Automation\net472\GeniusSports.LiveStats.Football.FunctionalTests.dll" adapterTypeName="executor://nunit3testexecutor/" className="GeniusSports.LiveStats.Football.FunctionalTests.Tests.PitchScreen.ActionEdits.PenaltyShootoutEditTests" name="GivenPsoKickWithVarOverturned_WhenRemovingVar_ThenPsoStateUpdated" />
    </UnitTest>
    <UnitTest name="FlagAndContinueCornerAllSteps" storage="c:\gitlab-runner\builds\wr8mmwyb\0\livestats\livestats.football\source\test\functionaltests\bin\automation\net472\geniussports.livestats.football.functionaltests.dll" id="5bf20f40-a01c-d0b9-1efb-e834cdac909e">
      <Execution id="6ff4ec67-94c3-4369-b7c6-1999eba17811" />
      <TestMethod codeBase="C:\GitLab-Runner\builds\wr8MmWYb\0\LiveStats\LiveStats.Football\Source\Test\FunctionalTests\bin\Automation\net472\GeniusSports.LiveStats.Football.FunctionalTests.dll" adapterTypeName="executor://nunit3testexecutor/" className="GeniusSports.LiveStats.Football.FunctionalTests.Features.PitchScreen.Flagging.FlagAndContinueFeature" name="FlagAndContinueCornerAllSteps" />
    </UnitTest>
    <UnitTest name="GivenExpandedLog_WhenInsertingGoalBeforeWithoutAssistAndNoVar_ThenInsertedCorrectly" storage="c:\gitlab-runner\builds\wr8mmwyb\0\livestats\livestats.football\source\test\functionaltests\bin\automation\net472\geniussports.livestats.football.functionaltests.dll" id="dfb4e488-f0ca-2f9a-4f19-0d2f43e1be8a">
      <Execution id="54bcc78e-c019-460d-8c4f-047d4ae33678" />
      <TestMethod codeBase="C:\GitLab-Runner\builds\wr8MmWYb\0\LiveStats\LiveStats.Football\Source\Test\FunctionalTests\bin\Automation\net472\GeniusSports.LiveStats.Football.FunctionalTests.dll" adapterTypeName="executor://nunit3testexecutor/" className="GeniusSports.LiveStats.Football.FunctionalTests.Tests.PitchScreen.ActionInserts.InsertGoalTests" name="GivenExpandedLog_WhenInsertingGoalBeforeWithoutAssistAndNoVar_ThenInsertedCorrectly" />
    </UnitTest>
    <UnitTest name="InsertGoalPenaltyShootoutKickAfterOrBeforeLastEvent(&quot;before&quot;,&quot;2&quot;,&quot;0 - 0 (0 - 1)&quot;,&quot;4&quot;,&quot;3&quot;,null)" storage="c:\gitlab-runner\builds\wr8mmwyb\0\livestats\livestats.football\source\test\functionaltests\bin\automation\net472\geniussports.livestats.football.functionaltests.dll" id="8131496b-3be6-94fb-d1e9-9002d4ddeb64">
      <Execution id="bccef42d-5dd9-4dd6-9955-beda7caeac1f" />
      <TestMethod codeBase="C:\GitLab-Runner\builds\wr8MmWYb\0\LiveStats\LiveStats.Football\Source\Test\FunctionalTests\bin\Automation\net472\GeniusSports.LiveStats.Football.FunctionalTests.dll" adapterTypeName="executor://nunit3testexecutor/" className="GeniusSports.LiveStats.Football.FunctionalTests.Features.PitchScreen.ActionInserts.PenaltyShootoutInsertFeature" name="InsertGoalPenaltyShootoutKickAfterOrBeforeLastEvent(&quot;before&quot;,&quot;2&quot;,&quot;0 - 0 (0 - 1)&quot;,&quot;4&quot;,&quot;3&quot;,null)" />
    </UnitTest>
    <UnitTest name="GivenPlayersEjectedAndInsertedGoalWithEjectedPlayer_WhenOneOfEjectionDeleted_ThenFlagOneIsRemaining" storage="c:\gitlab-runner\builds\wr8mmwyb\0\livestats\livestats.football\source\test\functionaltests\bin\automation\net472\geniussports.livestats.football.functionaltests.dll" id="51c3110d-61a5-9c03-a99c-2cb129581e3e">
      <Execution id="f9f41380-519f-43cc-9772-7b84ff7ad82f" />
      <TestMethod codeBase="C:\GitLab-Runner\builds\wr8MmWYb\0\LiveStats\LiveStats.Football\Source\Test\FunctionalTests\bin\Automation\net472\GeniusSports.LiveStats.Football.FunctionalTests.dll" adapterTypeName="executor://nunit3testexecutor/" className="GeniusSports.LiveStats.Football.FunctionalTests.Tests.PitchScreen.Flagging.CardEjectedPlayerFlaggingTests" name="GivenPlayersEjectedAndInsertedGoalWithEjectedPlayer_WhenOneOfEjectionDeleted_ThenFlagOneIsRemaining" />
    </UnitTest>
    <UnitTest name="GivenGameInProgress_WhenEditingClockByArrowUpSeconds_ThenClockEdited" storage="c:\gitlab-runner\builds\wr8mmwyb\0\livestats\livestats.football\source\test\functionaltests\bin\automation\net472\geniussports.livestats.football.functionaltests.dll" id="8ef6a67f-294b-4cd1-854f-487e2c8870f8">
      <Execution id="52bbc557-f20f-4538-831d-50a379979ea0" />
      <TestMethod codeBase="C:\GitLab-Runner\builds\wr8MmWYb\0\LiveStats\LiveStats.Football\Source\Test\FunctionalTests\bin\Automation\net472\GeniusSports.LiveStats.Football.FunctionalTests.dll" adapterTypeName="executor://nunit3testexecutor/" className="GeniusSports.LiveStats.Football.FunctionalTests.Tests.PitchScreen.Clock.ClockManipulationTests" name="GivenGameInProgress_WhenEditingClockByArrowUpSeconds_ThenClockEdited" />
    </UnitTest>
    <UnitTest name="FlagsFreekickIfGoalStartedFromMiddleOfFreekickWorkflow(&quot;location&quot;,&quot;2&quot;,null)" storage="c:\gitlab-runner\builds\wr8mmwyb\0\livestats\livestats.football\source\test\functionaltests\bin\automation\net472\geniussports.livestats.football.functionaltests.dll" id="1e38d579-e822-5f60-a802-a1aa63058892">
      <Execution id="d7bdb523-1ce4-4296-8897-ba735135ad38" />
      <TestMethod codeBase="C:\GitLab-Runner\builds\wr8MmWYb\0\LiveStats\LiveStats.Football\Source\Test\FunctionalTests\bin\Automation\net472\GeniusSports.LiveStats.Football.FunctionalTests.dll" adapterTypeName="executor://nunit3testexecutor/" className="GeniusSports.LiveStats.Football.FunctionalTests.Features.PitchScreen.ActionRegistration.GoalRegistrationFromFreeKickFeature" name="FlagsFreekickIfGoalStartedFromMiddleOfFreekickWorkflow(&quot;location&quot;,&quot;2&quot;,null)" />
    </UnitTest>
    <UnitTest name="ShotHasSameLocationAsFreeKick" storage="c:\gitlab-runner\builds\wr8mmwyb\0\livestats\livestats.football\source\test\functionaltests\bin\automation\net472\geniussports.livestats.football.functionaltests.dll" id="42694d02-4851-b3d6-8df1-06218e375605">
      <Execution id="cb2e2463-558a-432f-8842-ecbd9e2c0725" />
      <TestMethod codeBase="C:\GitLab-Runner\builds\wr8MmWYb\0\LiveStats\LiveStats.Football\Source\Test\FunctionalTests\bin\Automation\net472\GeniusSports.LiveStats.Football.FunctionalTests.dll" adapterTypeName="executor://nunit3testexecutor/" className="GeniusSports.LiveStats.Football.FunctionalTests.Features.PitchScreen.ActionRegistration.ShotRegistrationFromFreeKickFeature" name="ShotHasSameLocationAsFreeKick" />
    </UnitTest>
    <UnitTest name="GivenGameInProgress_WhenEndingHalf_ThenGameStopped" storage="c:\gitlab-runner\builds\wr8mmwyb\0\livestats\livestats.football\source\test\functionaltests\bin\automation\net472\geniussports.livestats.football.functionaltests.dll" id="fe114671-4c38-65fd-a120-18f4888df8c8">
      <Execution id="f5279b7b-3293-45bb-865f-d99222b65ecf" />
      <TestMethod codeBase="C:\GitLab-Runner\builds\wr8MmWYb\0\LiveStats\LiveStats.Football\Source\Test\FunctionalTests\bin\Automation\net472\GeniusSports.LiveStats.Football.FunctionalTests.dll" adapterTypeName="executor://nunit3testexecutor/" className="GeniusSports.LiveStats.Football.FunctionalTests.Tests.PitchScreen.GameState.EndMatchHalfTests" name="GivenGameInProgress_WhenEndingHalf_ThenGameStopped" />
    </UnitTest>
    <UnitTest name="CannotEditInjuryTimeInPeriodBreak(&quot;after&quot;,&quot;PhaseEnd&quot;,null)" storage="c:\gitlab-runner\builds\wr8mmwyb\0\livestats\livestats.football\source\test\functionaltests\bin\automation\net472\geniussports.livestats.football.functionaltests.dll" id="126cfce9-3322-1067-7cd5-e3870c5557bb">
      <Execution id="d0ddc9a7-bf06-423d-9976-d6e6bc966a2c" />
      <TestMethod codeBase="C:\GitLab-Runner\builds\wr8MmWYb\0\LiveStats\LiveStats.Football\Source\Test\FunctionalTests\bin\Automation\net472\GeniusSports.LiveStats.Football.FunctionalTests.dll" adapterTypeName="executor://nunit3testexecutor/" className="GeniusSports.LiveStats.Football.FunctionalTests.Features.PitchScreen.ActionInserts.PeriodBreakInsertFeature" name="CannotEditInjuryTimeInPeriodBreak(&quot;after&quot;,&quot;PhaseEnd&quot;,null)" />
    </UnitTest>
    <UnitTest name="SelectOffenceForFreekick(&quot;2&quot;,&quot;1&quot;,&quot;1&quot;,null)" storage="c:\gitlab-runner\builds\wr8mmwyb\0\livestats\livestats.football\source\test\functionaltests\bin\automation\net472\geniussports.livestats.football.functionaltests.dll" id="3694d1de-1c29-6ee6-b58d-57aba913ff96">
      <Execution id="97af21d2-f67a-46c0-b882-fd0eaf42913f" />
      <TestMethod codeBase="C:\GitLab-Runner\builds\wr8MmWYb\0\LiveStats\LiveStats.Football\Source\Test\FunctionalTests\bin\Automation\net472\GeniusSports.LiveStats.Football.FunctionalTests.dll" adapterTypeName="executor://nunit3testexecutor/" className="GeniusSports.LiveStats.Football.FunctionalTests.Features.PitchScreen.ActionRegistration.FreeKickRegistrationFeature" name="SelectOffenceForFreekick(&quot;2&quot;,&quot;1&quot;,&quot;1&quot;,null)" />
    </UnitTest>
    <UnitTest name="ConfirmOffencePenalty(&quot;2&quot;,&quot;1&quot;,&quot;10&quot;,&quot;50&quot;,&quot;8&quot;,&quot;6&quot;,null)" storage="c:\gitlab-runner\builds\wr8mmwyb\0\livestats\livestats.football\source\test\functionaltests\bin\automation\net472\geniussports.livestats.football.functionaltests.dll" id="ad914e26-aef4-6fc6-ca0e-f04bee9bb23a">
      <Execution id="40a8dc91-b05c-4232-9270-6e0164a5da2b" />
      <TestMethod codeBase="C:\GitLab-Runner\builds\wr8MmWYb\0\LiveStats\LiveStats.Football\Source\Test\FunctionalTests\bin\Automation\net472\GeniusSports.LiveStats.Football.FunctionalTests.dll" adapterTypeName="executor://nunit3testexecutor/" className="GeniusSports.LiveStats.Football.FunctionalTests.Features.PitchScreen.ActionRegistration.PenaltyRegistrationFeature" name="ConfirmOffencePenalty(&quot;2&quot;,&quot;1&quot;,&quot;10&quot;,&quot;50&quot;,&quot;8&quot;,&quot;6&quot;,null)" />
    </UnitTest>
    <UnitTest name="GivenGoalKickRegistered_WhenUpdatingGoalKickAllData_ThenUpdatesSuccessfully" storage="c:\gitlab-runner\builds\wr8mmwyb\0\livestats\livestats.football\source\test\functionaltests\bin\automation\net472\geniussports.livestats.football.functionaltests.dll" id="c83b9074-7e52-4161-f148-626234f2b57e">
      <Execution id="f5e47c06-8fd3-4741-b396-71ecb6beffff" />
      <TestMethod codeBase="C:\GitLab-Runner\builds\wr8MmWYb\0\LiveStats\LiveStats.Football\Source\Test\FunctionalTests\bin\Automation\net472\GeniusSports.LiveStats.Football.FunctionalTests.dll" adapterTypeName="executor://nunit3testexecutor/" className="GeniusSports.LiveStats.Football.FunctionalTests.Tests.PitchScreen.ActionEdits.GoalKickEditTests" name="GivenGoalKickRegistered_WhenUpdatingGoalKickAllData_ThenUpdatesSuccessfully" />
    </UnitTest>
    <UnitTest name="PlayerCannotBeSubstitutedToGoalkeeperLocation" storage="c:\gitlab-runner\builds\wr8mmwyb\0\livestats\livestats.football\source\test\functionaltests\bin\automation\net472\geniussports.livestats.football.functionaltests.dll" id="ed105ca6-c0e9-fd31-1c43-3eca41614b59">
      <Execution id="6f2466af-9e5d-481f-829b-63eeac7607c2" />
      <TestMethod codeBase="C:\GitLab-Runner\builds\wr8MmWYb\0\LiveStats\LiveStats.Football\Source\Test\FunctionalTests\bin\Automation\net472\GeniusSports.LiveStats.Football.FunctionalTests.dll" adapterTypeName="executor://nunit3testexecutor/" className="GeniusSports.LiveStats.Football.FunctionalTests.Features.GameSetup.SetupTeamsFormationsFeature" name="PlayerCannotBeSubstitutedToGoalkeeperLocation" />
    </UnitTest>
    <UnitTest name="ChangePenaltyReason" storage="c:\gitlab-runner\builds\wr8mmwyb\0\livestats\livestats.football\source\test\functionaltests\bin\automation\net472\geniussports.livestats.football.functionaltests.dll" id="4450d7af-ec53-66d8-dc6a-528ea8cc7f2d">
      <Execution id="483d4cb5-39db-4baf-a577-06f4a7f36dd1" />
      <TestMethod codeBase="C:\GitLab-Runner\builds\wr8MmWYb\0\LiveStats\LiveStats.Football\Source\Test\FunctionalTests\bin\Automation\net472\GeniusSports.LiveStats.Football.FunctionalTests.dll" adapterTypeName="executor://nunit3testexecutor/" className="GeniusSports.LiveStats.Football.FunctionalTests.Features.PitchScreen.ActionEdits.PenaltyEditFeature" name="ChangePenaltyReason" />
    </UnitTest>
    <UnitTest name="GivenGoalLastSteps_WhenGoingBackAndFinishingWorkflow_ThenGoalFinished" storage="c:\gitlab-runner\builds\wr8mmwyb\0\livestats\livestats.football\source\test\functionaltests\bin\automation\net472\geniussports.livestats.football.functionaltests.dll" id="4c2caa39-d3fc-8056-8a74-2d37c63efb2e">
      <Execution id="3886ab61-6ab1-488e-bd18-c6cb3464a06d" />
      <TestMethod codeBase="C:\GitLab-Runner\builds\wr8MmWYb\0\LiveStats\LiveStats.Football\Source\Test\FunctionalTests\bin\Automation\net472\GeniusSports.LiveStats.Football.FunctionalTests.dll" adapterTypeName="executor://nunit3testexecutor/" className="GeniusSports.LiveStats.Football.FunctionalTests.Tests.PitchScreen.ActionRegistration.GoalRegistrationTests" name="GivenGoalLastSteps_WhenGoingBackAndFinishingWorkflow_ThenGoalFinished" />
    </UnitTest>
    <UnitTest name="StartShotFromFreeKickWorkflow(&quot;foul by&quot;,&quot;2&quot;,null)" storage="c:\gitlab-runner\builds\wr8mmwyb\0\livestats\livestats.football\source\test\functionaltests\bin\automation\net472\geniussports.livestats.football.functionaltests.dll" id="47998901-775b-2ffc-9f7a-789c28e0bf4e">
      <Execution id="33dbb34e-864e-49ed-86b0-62d2dfd9def7" />
      <TestMethod codeBase="C:\GitLab-Runner\builds\wr8MmWYb\0\LiveStats\LiveStats.Football\Source\Test\FunctionalTests\bin\Automation\net472\GeniusSports.LiveStats.Football.FunctionalTests.dll" adapterTypeName="executor://nunit3testexecutor/" className="GeniusSports.LiveStats.Football.FunctionalTests.Features.PitchScreen.ActionRegistration.ShotRegistrationFromFreeKickFeature" name="StartShotFromFreeKickWorkflow(&quot;foul by&quot;,&quot;2&quot;,null)" />
    </UnitTest>
    <UnitTest name="DefaultReportForQuickPrintAreAvailable" storage="c:\gitlab-runner\builds\wr8mmwyb\0\livestats\livestats.football\source\test\functionaltests\bin\automation\net472\geniussports.livestats.football.functionaltests.dll" id="1362948c-4ccf-67fc-3a80-29a76df6f23f">
      <Execution id="9b94cad8-a362-4a6c-ba86-49fbbebea193" />
      <TestMethod codeBase="C:\GitLab-Runner\builds\wr8MmWYb\0\LiveStats\LiveStats.Football\Source\Test\FunctionalTests\bin\Automation\net472\GeniusSports.LiveStats.Football.FunctionalTests.dll" adapterTypeName="executor://nunit3testexecutor/" className="GeniusSports.LiveStats.Football.FunctionalTests.Features.GameSetup.SetupPrintSettingsFeature" name="DefaultReportForQuickPrintAreAvailable" />
    </UnitTest>
    <UnitTest name="CanInsertGoalKickAfterBeforePeriodBreak(&quot;after&quot;,&quot;PhaseStart&quot;,&quot;1&quot;,null)" storage="c:\gitlab-runner\builds\wr8mmwyb\0\livestats\livestats.football\source\test\functionaltests\bin\automation\net472\geniussports.livestats.football.functionaltests.dll" id="80976485-9c18-f0b2-bd35-3c0150058c1c">
      <Execution id="c3e84347-d95a-482b-b462-9c3c432e9bfd" />
      <TestMethod codeBase="C:\GitLab-Runner\builds\wr8MmWYb\0\LiveStats\LiveStats.Football\Source\Test\FunctionalTests\bin\Automation\net472\GeniusSports.LiveStats.Football.FunctionalTests.dll" adapterTypeName="executor://nunit3testexecutor/" className="GeniusSports.LiveStats.Football.FunctionalTests.Features.PitchScreen.ActionInserts.PeriodBreakInsertFeature" name="CanInsertGoalKickAfterBeforePeriodBreak(&quot;after&quot;,&quot;PhaseStart&quot;,&quot;1&quot;,null)" />
    </UnitTest>
    <UnitTest name="GivenGoalWorkflow_WithAssistSelected_ThenKickOffShownAndNoSecondAssistPrompted" storage="c:\gitlab-runner\builds\wr8mmwyb\0\livestats\livestats.football\source\test\functionaltests\bin\automation\net472\geniussports.livestats.football.functionaltests.dll" id="3103dd75-6c85-ed05-7237-d2eb1fec1411">
      <Execution id="73a0808f-b91b-4002-8cb4-4657de1689ea" />
      <TestMethod codeBase="C:\GitLab-Runner\builds\wr8MmWYb\0\LiveStats\LiveStats.Football\Source\Test\FunctionalTests\bin\Automation\net472\GeniusSports.LiveStats.Football.FunctionalTests.dll" adapterTypeName="executor://nunit3testexecutor/" className="GeniusSports.LiveStats.Football.FunctionalTests.Tests.PitchScreen.ActionRegistration.GoalRegistrationTests" name="GivenGoalWorkflow_WithAssistSelected_ThenKickOffShownAndNoSecondAssistPrompted" />
    </UnitTest>
    <UnitTest name="PenaltyGoal(&quot;1&quot;,&quot;2&quot;,&quot;90&quot;,&quot;50&quot;,&quot;5&quot;,&quot;16&quot;,null)" storage="c:\gitlab-runner\builds\wr8mmwyb\0\livestats\livestats.football\source\test\functionaltests\bin\automation\net472\geniussports.livestats.football.functionaltests.dll" id="21391641-1613-6500-6bc7-1eeae99248ae">
      <Execution id="7bc2149a-f456-457c-b782-d162fe110d30" />
      <TestMethod codeBase="C:\GitLab-Runner\builds\wr8MmWYb\0\LiveStats\LiveStats.Football\Source\Test\FunctionalTests\bin\Automation\net472\GeniusSports.LiveStats.Football.FunctionalTests.dll" adapterTypeName="executor://nunit3testexecutor/" className="GeniusSports.LiveStats.Football.FunctionalTests.Features.PitchScreen.ActionRegistration.PenaltyRegistrationFeature" name="PenaltyGoal(&quot;1&quot;,&quot;2&quot;,&quot;90&quot;,&quot;50&quot;,&quot;5&quot;,&quot;16&quot;,null)" />
    </UnitTest>
    <UnitTest name="GivenGameInProgress_WhenDeactivatingCouch_ThenCouchDeactivated" storage="c:\gitlab-runner\builds\wr8mmwyb\0\livestats\livestats.football\source\test\functionaltests\bin\automation\net472\geniussports.livestats.football.functionaltests.dll" id="7de68bd8-47b0-35ed-37c1-dfe8b355f221">
      <Execution id="d5692168-9c07-4332-adb3-1b208e7a2055" />
      <TestMethod codeBase="C:\GitLab-Runner\builds\wr8MmWYb\0\LiveStats\LiveStats.Football\Source\Test\FunctionalTests\bin\Automation\net472\GeniusSports.LiveStats.Football.FunctionalTests.dll" adapterTypeName="executor://nunit3testexecutor/" className="GeniusSports.LiveStats.Football.FunctionalTests.Tests.GameSetup.EditGameSetupTests" name="GivenGameInProgress_WhenDeactivatingCouch_ThenCouchDeactivated" />
    </UnitTest>
    <UnitTest name="YesOnVAROnSecondStepOfRecordCardWorkflow(&quot;1&quot;,&quot;Red&quot;,null)" storage="c:\gitlab-runner\builds\wr8mmwyb\0\livestats\livestats.football\source\test\functionaltests\bin\automation\net472\geniussports.livestats.football.functionaltests.dll" id="d8334741-67e6-1d50-8d6d-a7ceda3609cf">
      <Execution id="afad2fa4-dafd-4458-be24-8dc7a3f7c317" />
      <TestMethod codeBase="C:\GitLab-Runner\builds\wr8MmWYb\0\LiveStats\LiveStats.Football\Source\Test\FunctionalTests\bin\Automation\net472\GeniusSports.LiveStats.Football.FunctionalTests.dll" adapterTypeName="executor://nunit3testexecutor/" className="GeniusSports.LiveStats.Football.FunctionalTests.Features.PitchScreen.VideoAssistantReferee.CardsVarRegistrationFeature" name="YesOnVAROnSecondStepOfRecordCardWorkflow(&quot;1&quot;,&quot;Red&quot;,null)" />
    </UnitTest>
    <UnitTest name="InsertedSubstitutionWithPlayerThatWasSubbedOutIsFlagged" storage="c:\gitlab-runner\builds\wr8mmwyb\0\livestats\livestats.football\source\test\functionaltests\bin\automation\net472\geniussports.livestats.football.functionaltests.dll" id="d77d6c60-c24c-46fb-b143-28dfb7b12cc3">
      <Execution id="39e455d3-fd6d-42d0-b5a7-ce99052de00a" />
      <TestMethod codeBase="C:\GitLab-Runner\builds\wr8MmWYb\0\LiveStats\LiveStats.Football\Source\Test\FunctionalTests\bin\Automation\net472\GeniusSports.LiveStats.Football.FunctionalTests.dll" adapterTypeName="executor://nunit3testexecutor/" className="GeniusSports.LiveStats.Football.FunctionalTests.Features.PitchScreen.Flagging.PlayerInMultipleSubstitutionsFlagFeature" name="InsertedSubstitutionWithPlayerThatWasSubbedOutIsFlagged" />
    </UnitTest>
    <UnitTest name="EditCardDuringWorkflowFromActionLog" storage="c:\gitlab-runner\builds\wr8mmwyb\0\livestats\livestats.football\source\test\functionaltests\bin\automation\net472\geniussports.livestats.football.functionaltests.dll" id="d203d1a1-11b9-4858-e2bb-c35b4b01d710">
      <Execution id="4f7f09d0-1986-4eef-b513-ebaf6c9ad778" />
      <TestMethod codeBase="C:\GitLab-Runner\builds\wr8MmWYb\0\LiveStats\LiveStats.Football\Source\Test\FunctionalTests\bin\Automation\net472\GeniusSports.LiveStats.Football.FunctionalTests.dll" adapterTypeName="executor://nunit3testexecutor/" className="GeniusSports.LiveStats.Football.FunctionalTests.Features.PitchScreen.ActionEdits.EditsPossibleDuringOtherWorkflowsFeature" name="EditCardDuringWorkflowFromActionLog" />
    </UnitTest>
    <UnitTest name="ChangeFreeKickReasonType(&quot;offence&quot;,null)" storage="c:\gitlab-runner\builds\wr8mmwyb\0\livestats\livestats.football\source\test\functionaltests\bin\automation\net472\geniussports.livestats.football.functionaltests.dll" id="efaf2291-8a1a-e9b0-ff23-00c2e4311fa5">
      <Execution id="61a1bfe2-2ac7-4a3c-9838-f029ca3c44b6" />
      <TestMethod codeBase="C:\GitLab-Runner\builds\wr8MmWYb\0\LiveStats\LiveStats.Football\Source\Test\FunctionalTests\bin\Automation\net472\GeniusSports.LiveStats.Football.FunctionalTests.dll" adapterTypeName="executor://nunit3testexecutor/" className="GeniusSports.LiveStats.Football.FunctionalTests.Features.PitchScreen.ActionEdits.FreeKickEditFeature" name="ChangeFreeKickReasonType(&quot;offence&quot;,null)" />
    </UnitTest>
    <UnitTest name="GivenGameWithCardInFirstHalf_WhenEditingCardWhileInSecondHalf_ThenCanSaveData" storage="c:\gitlab-runner\builds\wr8mmwyb\0\livestats\livestats.football\source\test\functionaltests\bin\automation\net472\geniussports.livestats.football.functionaltests.dll" id="01fccf0f-d10a-5af5-06a0-b814f64e0beb">
      <Execution id="bdc70566-b97b-48a4-bd9c-88d84856c521" />
      <TestMethod codeBase="C:\GitLab-Runner\builds\wr8MmWYb\0\LiveStats\LiveStats.Football\Source\Test\FunctionalTests\bin\Automation\net472\GeniusSports.LiveStats.Football.FunctionalTests.dll" adapterTypeName="executor://nunit3testexecutor/" className="GeniusSports.LiveStats.Football.FunctionalTests.Tests.PitchScreen.ActionEdits.CardEditTests" name="GivenGameWithCardInFirstHalf_WhenEditingCardWhileInSecondHalf_ThenCanSaveData" />
    </UnitTest>
    <UnitTest name="GivenGameInProgress_WhenUpdatingSubCaptainAndLineUp_ThenUpdatedSuccessfully" storage="c:\gitlab-runner\builds\wr8mmwyb\0\livestats\livestats.football\source\test\functionaltests\bin\automation\net472\geniussports.livestats.football.functionaltests.dll" id="751ffb17-2587-dff7-cb91-dc622a8e07bc">
      <Execution id="79d00177-8cad-4f12-8bda-e8c95660bd6c" />
      <TestMethod codeBase="C:\GitLab-Runner\builds\wr8MmWYb\0\LiveStats\LiveStats.Football\Source\Test\FunctionalTests\bin\Automation\net472\GeniusSports.LiveStats.Football.FunctionalTests.dll" adapterTypeName="executor://nunit3testexecutor/" className="GeniusSports.LiveStats.Football.FunctionalTests.Tests.GameSetup.EditGameSetupTests" name="GivenGameInProgress_WhenUpdatingSubCaptainAndLineUp_ThenUpdatedSuccessfully" />
    </UnitTest>
    <UnitTest name="YellowCardsFilterInExpandedLogShowOnlyYellowCards" storage="c:\gitlab-runner\builds\wr8mmwyb\0\livestats\livestats.football\source\test\functionaltests\bin\automation\net472\geniussports.livestats.football.functionaltests.dll" id="349975a9-1a74-25ad-f290-c12ccaa4b66f">
      <Execution id="c78084a9-0f40-4044-82fa-a4f957a625d1" />
      <TestMethod codeBase="C:\GitLab-Runner\builds\wr8MmWYb\0\LiveStats\LiveStats.Football\Source\Test\FunctionalTests\bin\Automation\net472\GeniusSports.LiveStats.Football.FunctionalTests.dll" adapterTypeName="executor://nunit3testexecutor/" className="GeniusSports.LiveStats.Football.FunctionalTests.Features.PitchScreen.Filters.CardsFilterFeature" name="YellowCardsFilterInExpandedLogShowOnlyYellowCards" />
    </UnitTest>
    <UnitTest name="FootballSelectVarReasonAndOutcome(&quot;Overturned&quot;,&quot;Offence&quot;,null)" storage="c:\gitlab-runner\builds\wr8mmwyb\0\livestats\livestats.football\source\test\functionaltests\bin\automation\net472\geniussports.livestats.football.functionaltests.dll" id="72f01043-00dd-aa01-fb44-20e2efefe167">
      <Execution id="cb595c83-4aff-4c75-b9c7-a8881e8306c7" />
      <TestMethod codeBase="C:\GitLab-Runner\builds\wr8MmWYb\0\LiveStats\LiveStats.Football\Source\Test\FunctionalTests\bin\Automation\net472\GeniusSports.LiveStats.Football.FunctionalTests.dll" adapterTypeName="executor://nunit3testexecutor/" className="GeniusSports.LiveStats.Football.FunctionalTests.Features.PitchScreen.ActionEdits.GoalEditFeature" name="FootballSelectVarReasonAndOutcome(&quot;Overturned&quot;,&quot;Offence&quot;,null)" />
    </UnitTest>
    <UnitTest name="GivenReportsOpened_WhenOpeningReportForTeamSquadList_ReportPreviewIsShown(1)" storage="c:\gitlab-runner\builds\wr8mmwyb\0\livestats\livestats.football\source\test\functionaltests\bin\automation\net472\geniussports.livestats.football.functionaltests.dll" id="85a33156-f6c4-0ffe-cede-493853ad59a4">
      <Execution id="f5e512d6-2d23-4c8e-b8df-6e2f599ce179" />
      <TestMethod codeBase="C:\GitLab-Runner\builds\wr8MmWYb\0\LiveStats\LiveStats.Football\Source\Test\FunctionalTests\bin\Automation\net472\GeniusSports.LiveStats.Football.FunctionalTests.dll" adapterTypeName="executor://nunit3testexecutor/" className="GeniusSports.LiveStats.Football.FunctionalTests.Tests.PitchScreen.PreviewReportsTests" name="GivenReportsOpened_WhenOpeningReportForTeamSquadList_ReportPreviewIsShown(1)" />
    </UnitTest>
    <UnitTest name="CanInsertGoalKickAfterBeforePeriodBreak(&quot;after&quot;,&quot;GameStart&quot;,&quot;5&quot;,null)" storage="c:\gitlab-runner\builds\wr8mmwyb\0\livestats\livestats.football\source\test\functionaltests\bin\automation\net472\geniussports.livestats.football.functionaltests.dll" id="fccd413b-aff1-6268-fea0-a593badbd6e3">
      <Execution id="d87a6d4e-6a66-4855-8a80-44f16054fed4" />
      <TestMethod codeBase="C:\GitLab-Runner\builds\wr8MmWYb\0\LiveStats\LiveStats.Football\Source\Test\FunctionalTests\bin\Automation\net472\GeniusSports.LiveStats.Football.FunctionalTests.dll" adapterTypeName="executor://nunit3testexecutor/" className="GeniusSports.LiveStats.Football.FunctionalTests.Features.PitchScreen.ActionInserts.PeriodBreakInsertFeature" name="CanInsertGoalKickAfterBeforePeriodBreak(&quot;after&quot;,&quot;GameStart&quot;,&quot;5&quot;,null)" />
    </UnitTest>
    <UnitTest name="ChangeFreeKickReasonType(&quot;offside&quot;,null)" storage="c:\gitlab-runner\builds\wr8mmwyb\0\livestats\livestats.football\source\test\functionaltests\bin\automation\net472\geniussports.livestats.football.functionaltests.dll" id="afa8bbab-8291-43a0-ab8b-cb48bb6d0d29">
      <Execution id="33d7441b-556b-4b30-af32-69586786ccad" />
      <TestMethod codeBase="C:\GitLab-Runner\builds\wr8MmWYb\0\LiveStats\LiveStats.Football\Source\Test\FunctionalTests\bin\Automation\net472\GeniusSports.LiveStats.Football.FunctionalTests.dll" adapterTypeName="executor://nunit3testexecutor/" className="GeniusSports.LiveStats.Football.FunctionalTests.Features.PitchScreen.ActionEdits.FreeKickEditFeature" name="ChangeFreeKickReasonType(&quot;offside&quot;,null)" />
    </UnitTest>
    <UnitTest name="StartShotFromFreeKickWorkflow(&quot;reason&quot;,&quot;1&quot;,null)" storage="c:\gitlab-runner\builds\wr8mmwyb\0\livestats\livestats.football\source\test\functionaltests\bin\automation\net472\geniussports.livestats.football.functionaltests.dll" id="54cddd3b-7b8a-0544-4a04-2296cb9c27fa">
      <Execution id="7972b750-c740-455f-8651-e37b0a2daf82" />
      <TestMethod codeBase="C:\GitLab-Runner\builds\wr8MmWYb\0\LiveStats\LiveStats.Football\Source\Test\FunctionalTests\bin\Automation\net472\GeniusSports.LiveStats.Football.FunctionalTests.dll" adapterTypeName="executor://nunit3testexecutor/" className="GeniusSports.LiveStats.Football.FunctionalTests.Features.PitchScreen.ActionRegistration.ShotRegistrationFromFreeKickFeature" name="StartShotFromFreeKickWorkflow(&quot;reason&quot;,&quot;1&quot;,null)" />
    </UnitTest>
    <UnitTest name="CheckPitchLocationInGoalInsert(&quot;adjust&quot;,null)" storage="c:\gitlab-runner\builds\wr8mmwyb\0\livestats\livestats.football\source\test\functionaltests\bin\automation\net472\geniussports.livestats.football.functionaltests.dll" id="67a0a90f-1fe2-a3a5-20be-ce02f516e697">
      <Execution id="a2999a56-653f-4851-a664-23833d4a457a" />
      <TestMethod codeBase="C:\GitLab-Runner\builds\wr8MmWYb\0\LiveStats\LiveStats.Football\Source\Test\FunctionalTests\bin\Automation\net472\GeniusSports.LiveStats.Football.FunctionalTests.dll" adapterTypeName="executor://nunit3testexecutor/" className="GeniusSports.LiveStats.Football.FunctionalTests.Features.PitchScreen.ActionInserts.InsertGoalFeature" name="CheckPitchLocationInGoalInsert(&quot;adjust&quot;,null)" />
    </UnitTest>
    <UnitTest name="GivenGameWithDeadBall_WhenClickingTabButton_ThenSetsPossessionToFirstTeam" storage="c:\gitlab-runner\builds\wr8mmwyb\0\livestats\livestats.football\source\test\functionaltests\bin\automation\net472\geniussports.livestats.football.functionaltests.dll" id="c2820a40-5ed4-cd46-997f-46b42502f8bd">
      <Execution id="b1eb2d41-f632-40ae-9c29-99d879432326" />
      <TestMethod codeBase="C:\GitLab-Runner\builds\wr8MmWYb\0\LiveStats\LiveStats.Football\Source\Test\FunctionalTests\bin\Automation\net472\GeniusSports.LiveStats.Football.FunctionalTests.dll" adapterTypeName="executor://nunit3testexecutor/" className="GeniusSports.LiveStats.Football.FunctionalTests.Tests.PitchScreen.DeadBallTests" name="GivenGameWithDeadBall_WhenClickingTabButton_ThenSetsPossessionToFirstTeam" />
    </UnitTest>
    <UnitTest name="WhenActionTimeChangedBetweenItemsItIsMovedBetweenThemInActionLog" storage="c:\gitlab-runner\builds\wr8mmwyb\0\livestats\livestats.football\source\test\functionaltests\bin\automation\net472\geniussports.livestats.football.functionaltests.dll" id="087faf8f-6fab-0dbd-8e63-d64db86590fa">
      <Execution id="cd8ca114-8a6e-4307-be60-9929961e0af0" />
      <TestMethod codeBase="C:\GitLab-Runner\builds\wr8MmWYb\0\LiveStats\LiveStats.Football\Source\Test\FunctionalTests\bin\Automation\net472\GeniusSports.LiveStats.Football.FunctionalTests.dll" adapterTypeName="executor://nunit3testexecutor/" className="GeniusSports.LiveStats.Football.FunctionalTests.Features.PitchScreen.ActionEdits.ActionContainersAreAutomaticallyReorderedFeature" name="WhenActionTimeChangedBetweenItemsItIsMovedBetweenThemInActionLog" />
    </UnitTest>
    <UnitTest name="ChangeActionTimeAndTakenTime" storage="c:\gitlab-runner\builds\wr8mmwyb\0\livestats\livestats.football\source\test\functionaltests\bin\automation\net472\geniussports.livestats.football.functionaltests.dll" id="1f2f1b08-8482-c1b3-6602-1af4be0ea2ce">
      <Execution id="e5f40947-3db6-40e7-840d-2a42bf61e926" />
      <TestMethod codeBase="C:\GitLab-Runner\builds\wr8MmWYb\0\LiveStats\LiveStats.Football\Source\Test\FunctionalTests\bin\Automation\net472\GeniusSports.LiveStats.Football.FunctionalTests.dll" adapterTypeName="executor://nunit3testexecutor/" className="GeniusSports.LiveStats.Football.FunctionalTests.Features.PitchScreen.ActionEdits.PenaltyEditFeature" name="ChangeActionTimeAndTakenTime" />
    </UnitTest>
    <UnitTest name="GivenSetupFinished_WhenAttackDirectionPicked_ThenKickOffGameDialogPresented(1,ToLeft)" storage="c:\gitlab-runner\builds\wr8mmwyb\0\livestats\livestats.football\source\test\functionaltests\bin\automation\net472\geniussports.livestats.football.functionaltests.dll" id="2943b319-44b9-ca4f-38e9-12da6faac645">
      <Execution id="9d604e88-f589-437e-99a8-61fcfaf0523c" />
      <TestMethod codeBase="C:\GitLab-Runner\builds\wr8MmWYb\0\LiveStats\LiveStats.Football\Source\Test\FunctionalTests\bin\Automation\net472\GeniusSports.LiveStats.Football.FunctionalTests.dll" adapterTypeName="executor://nunit3testexecutor/" className="GeniusSports.LiveStats.Football.FunctionalTests.Tests.PitchScreen.KickOffGameTests" name="GivenSetupFinished_WhenAttackDirectionPicked_ThenKickOffGameDialogPresented(1,ToLeft)" />
    </UnitTest>
    <UnitTest name="ChangeTeamAndSelectZone" storage="c:\gitlab-runner\builds\wr8mmwyb\0\livestats\livestats.football\source\test\functionaltests\bin\automation\net472\geniussports.livestats.football.functionaltests.dll" id="47832043-a82b-08d9-e902-26ee4f0abf2f">
      <Execution id="fd96685c-8497-4c92-93d4-bbdeeb25d195" />
      <TestMethod codeBase="C:\GitLab-Runner\builds\wr8MmWYb\0\LiveStats\LiveStats.Football\Source\Test\FunctionalTests\bin\Automation\net472\GeniusSports.LiveStats.Football.FunctionalTests.dll" adapterTypeName="executor://nunit3testexecutor/" className="GeniusSports.LiveStats.Football.FunctionalTests.Features.PitchScreen.ActionEdits.CornerEditFeature" name="ChangeTeamAndSelectZone" />
    </UnitTest>
    <UnitTest name="GivenShotStarted_WhenSelectingShotPitchLocation_ThenShotTypeSelectionPrompted" storage="c:\gitlab-runner\builds\wr8mmwyb\0\livestats\livestats.football\source\test\functionaltests\bin\automation\net472\geniussports.livestats.football.functionaltests.dll" id="7adbc949-2890-c898-d8f2-631fea07e38b">
      <Execution id="f8ac7fff-5830-467d-8a82-8339dfb3d7d6" />
      <TestMethod codeBase="C:\GitLab-Runner\builds\wr8MmWYb\0\LiveStats\LiveStats.Football\Source\Test\FunctionalTests\bin\Automation\net472\GeniusSports.LiveStats.Football.FunctionalTests.dll" adapterTypeName="executor://nunit3testexecutor/" className="GeniusSports.LiveStats.Football.FunctionalTests.Tests.PitchScreen.ActionRegistration.ShotRegistrationTests" name="GivenShotStarted_WhenSelectingShotPitchLocation_ThenShotTypeSelectionPrompted" />
    </UnitTest>
    <UnitTest name="GivenSetupFinishedAndPreGameStarted_WhenSelectingTeamForKickOff_ThenAttackDirectionSelectionIsPresentedAndPossessionIsSet(2)" storage="c:\gitlab-runner\builds\wr8mmwyb\0\livestats\livestats.football\source\test\functionaltests\bin\automation\net472\geniussports.livestats.football.functionaltests.dll" id="d6cc6866-ecc3-8771-accb-af4a2454732c">
      <Execution id="2457b25b-1375-4b5c-8d4f-a249521c65e5" />
      <TestMethod codeBase="C:\GitLab-Runner\builds\wr8MmWYb\0\LiveStats\LiveStats.Football\Source\Test\FunctionalTests\bin\Automation\net472\GeniusSports.LiveStats.Football.FunctionalTests.dll" adapterTypeName="executor://nunit3testexecutor/" className="GeniusSports.LiveStats.Football.FunctionalTests.Tests.PitchScreen.KickOffGameTests" name="GivenSetupFinishedAndPreGameStarted_WhenSelectingTeamForKickOff_ThenAttackDirectionSelectionIsPresentedAndPossessionIsSet(2)" />
    </UnitTest>
    <UnitTest name="CancellingShotWorkflowResumesFreeKickWorkflow(&quot;taken&quot;,&quot;1&quot;,null)" storage="c:\gitlab-runner\builds\wr8mmwyb\0\livestats\livestats.football\source\test\functionaltests\bin\automation\net472\geniussports.livestats.football.functionaltests.dll" id="1660e8cc-26ea-d322-18b6-63871367505e">
      <Execution id="eee03a72-1922-449a-8e33-89b86d1e5062" />
      <TestMethod codeBase="C:\GitLab-Runner\builds\wr8MmWYb\0\LiveStats\LiveStats.Football\Source\Test\FunctionalTests\bin\Automation\net472\GeniusSports.LiveStats.Football.FunctionalTests.dll" adapterTypeName="executor://nunit3testexecutor/" className="GeniusSports.LiveStats.Football.FunctionalTests.Features.PitchScreen.ActionRegistration.ShotRegistrationFromFreeKickFeature" name="CancellingShotWorkflowResumesFreeKickWorkflow(&quot;taken&quot;,&quot;1&quot;,null)" />
    </UnitTest>
    <UnitTest name="GivenGameInProgress_WhenRegisteringShotOnTarget_RegistersShotOnTarget" storage="c:\gitlab-runner\builds\wr8mmwyb\0\livestats\livestats.football\source\test\functionaltests\bin\automation\net472\geniussports.livestats.football.functionaltests.dll" id="6340b443-6c83-41ad-4a6f-d2dcc5129466">
      <Execution id="002d77bd-4c24-4bdf-b4fe-851d164c2aa7" />
      <TestMethod codeBase="C:\GitLab-Runner\builds\wr8MmWYb\0\LiveStats\LiveStats.Football\Source\Test\FunctionalTests\bin\Automation\net472\GeniusSports.LiveStats.Football.FunctionalTests.dll" adapterTypeName="executor://nunit3testexecutor/" className="GeniusSports.LiveStats.Football.FunctionalTests.Tests.PitchScreen.ActionRegistration.ShotRegistrationTests" name="GivenGameInProgress_WhenRegisteringShotOnTarget_RegistersShotOnTarget" />
    </UnitTest>
    <UnitTest name="GivenSetupFinished_WhenSelectingReadyForKickOff_ThenKickOffIsEnabled(2,ToRight)" storage="c:\gitlab-runner\builds\wr8mmwyb\0\livestats\livestats.football\source\test\functionaltests\bin\automation\net472\geniussports.livestats.football.functionaltests.dll" id="843695b6-a2e3-b71d-7238-e90dab1dab81">
      <Execution id="fd2d774c-3a61-4116-9ff6-c0ea37a84f3c" />
      <TestMethod codeBase="C:\GitLab-Runner\builds\wr8MmWYb\0\LiveStats\LiveStats.Football\Source\Test\FunctionalTests\bin\Automation\net472\GeniusSports.LiveStats.Football.FunctionalTests.dll" adapterTypeName="executor://nunit3testexecutor/" className="GeniusSports.LiveStats.Football.FunctionalTests.Tests.PitchScreen.KickOffGameTests" name="GivenSetupFinished_WhenSelectingReadyForKickOff_ThenKickOffIsEnabled(2,ToRight)" />
    </UnitTest>
    <UnitTest name="FootballChangeShotResultToBlocked" storage="c:\gitlab-runner\builds\wr8mmwyb\0\livestats\livestats.football\source\test\functionaltests\bin\automation\net472\geniussports.livestats.football.functionaltests.dll" id="d3a8022c-b643-cf3b-3848-d02e1675e535">
      <Execution id="4fa6ff54-cf51-497c-ab5a-164870399f19" />
      <TestMethod codeBase="C:\GitLab-Runner\builds\wr8MmWYb\0\LiveStats\LiveStats.Football\Source\Test\FunctionalTests\bin\Automation\net472\GeniusSports.LiveStats.Football.FunctionalTests.dll" adapterTypeName="executor://nunit3testexecutor/" className="GeniusSports.LiveStats.Football.FunctionalTests.Features.PitchScreen.ActionEdits.ShotEditFeature" name="FootballChangeShotResultToBlocked" />
    </UnitTest>
    <UnitTest name="CanOpenExpandedActionLogDuringPenaltyWorkflow" storage="c:\gitlab-runner\builds\wr8mmwyb\0\livestats\livestats.football\source\test\functionaltests\bin\automation\net472\geniussports.livestats.football.functionaltests.dll" id="0e9c0fb5-739b-49ff-c403-838fc40fd070">
      <Execution id="c7ef7a31-526a-47a5-be85-a6281b366b16" />
      <TestMethod codeBase="C:\GitLab-Runner\builds\wr8MmWYb\0\LiveStats\LiveStats.Football\Source\Test\FunctionalTests\bin\Automation\net472\GeniusSports.LiveStats.Football.FunctionalTests.dll" adapterTypeName="executor://nunit3testexecutor/" className="GeniusSports.LiveStats.Football.FunctionalTests.Features.PitchScreen.ActionRegistration.ActionsDuringWorkflowsFeature" name="CanOpenExpandedActionLogDuringPenaltyWorkflow" />
    </UnitTest>
    <UnitTest name="ShotCompletesCornerWorkflow(&quot;confirmation&quot;,null)" storage="c:\gitlab-runner\builds\wr8mmwyb\0\livestats\livestats.football\source\test\functionaltests\bin\automation\net472\geniussports.livestats.football.functionaltests.dll" id="309c8816-9aaf-e6d1-03a2-3c4ead80ca13">
      <Execution id="4913e56a-fcab-4456-bc80-d1055fac230e" />
      <TestMethod codeBase="C:\GitLab-Runner\builds\wr8MmWYb\0\LiveStats\LiveStats.Football\Source\Test\FunctionalTests\bin\Automation\net472\GeniusSports.LiveStats.Football.FunctionalTests.dll" adapterTypeName="executor://nunit3testexecutor/" className="GeniusSports.LiveStats.Football.FunctionalTests.Features.PitchScreen.ActionRegistration.ShotRegistrationFromCornerFeature" name="ShotCompletesCornerWorkflow(&quot;confirmation&quot;,null)" />
    </UnitTest>
    <UnitTest name="SelectOffenceForFreekick(&quot;1&quot;,&quot;2&quot;,&quot;2&quot;,null)" storage="c:\gitlab-runner\builds\wr8mmwyb\0\livestats\livestats.football\source\test\functionaltests\bin\automation\net472\geniussports.livestats.football.functionaltests.dll" id="84b7df23-5565-1ddd-5d29-d2e86d817cf5">
      <Execution id="278d7f3c-fcb9-4a8b-959d-658aebcfbd55" />
      <TestMethod codeBase="C:\GitLab-Runner\builds\wr8MmWYb\0\LiveStats\LiveStats.Football\Source\Test\FunctionalTests\bin\Automation\net472\GeniusSports.LiveStats.Football.FunctionalTests.dll" adapterTypeName="executor://nunit3testexecutor/" className="GeniusSports.LiveStats.Football.FunctionalTests.Features.PitchScreen.ActionRegistration.FreeKickRegistrationFeature" name="SelectOffenceForFreekick(&quot;1&quot;,&quot;2&quot;,&quot;2&quot;,null)" />
    </UnitTest>
    <UnitTest name="FlagAndContinueAllCardSteps(&quot;Yellow&quot;,&quot;Yellow&quot;,&quot;1&quot;,null)" storage="c:\gitlab-runner\builds\wr8mmwyb\0\livestats\livestats.football\source\test\functionaltests\bin\automation\net472\geniussports.livestats.football.functionaltests.dll" id="78d47071-7999-80f1-fba9-50a95ad170aa">
      <Execution id="026d4393-1739-4ca0-beed-6fa5d2cc3009" />
      <TestMethod codeBase="C:\GitLab-Runner\builds\wr8MmWYb\0\LiveStats\LiveStats.Football\Source\Test\FunctionalTests\bin\Automation\net472\GeniusSports.LiveStats.Football.FunctionalTests.dll" adapterTypeName="executor://nunit3testexecutor/" className="GeniusSports.LiveStats.Football.FunctionalTests.Features.PitchScreen.Flagging.FlagAndContinueFeature" name="FlagAndContinueAllCardSteps(&quot;Yellow&quot;,&quot;Yellow&quot;,&quot;1&quot;,null)" />
    </UnitTest>
    <UnitTest name="FootballGoalActionCanBeFlagged" storage="c:\gitlab-runner\builds\wr8mmwyb\0\livestats\livestats.football\source\test\functionaltests\bin\automation\net472\geniussports.livestats.football.functionaltests.dll" id="163bd945-437a-e9b8-26ce-f2d01f813a17">
      <Execution id="292a93ae-a7a3-4c5f-96c1-1ecaef02b9a5" />
      <TestMethod codeBase="C:\GitLab-Runner\builds\wr8MmWYb\0\LiveStats\LiveStats.Football\Source\Test\FunctionalTests\bin\Automation\net472\GeniusSports.LiveStats.Football.FunctionalTests.dll" adapterTypeName="executor://nunit3testexecutor/" className="GeniusSports.LiveStats.Football.FunctionalTests.Features.PitchScreen.Flagging.AddManualFlagFeature" name="FootballGoalActionCanBeFlagged" />
    </UnitTest>
    <UnitTest name="GivenGameWithActions_WhenSelectingDifferentTypeFilters_ThenReturnsCorrectOutput" storage="c:\gitlab-runner\builds\wr8mmwyb\0\livestats\livestats.football\source\test\functionaltests\bin\automation\net472\geniussports.livestats.football.functionaltests.dll" id="f11de6ce-e725-4373-d40f-3ebfb6a95bbf">
      <Execution id="ee5de899-c4cc-4784-8af3-5a5d2a83a312" />
      <TestMethod codeBase="C:\GitLab-Runner\builds\wr8MmWYb\0\LiveStats\LiveStats.Football\Source\Test\FunctionalTests\bin\Automation\net472\GeniusSports.LiveStats.Football.FunctionalTests.dll" adapterTypeName="executor://nunit3testexecutor/" className="GeniusSports.LiveStats.Football.FunctionalTests.Tests.PitchScreen.Filters.MultipleFiltersTests" name="GivenGameWithActions_WhenSelectingDifferentTypeFilters_ThenReturnsCorrectOutput" />
    </UnitTest>
    <UnitTest name="GivenAssistantCouchEjectedByCard_WhenRecordingYellow_ThenAssistantCouchIsDisabled(Red)" storage="c:\gitlab-runner\builds\wr8mmwyb\0\livestats\livestats.football\source\test\functionaltests\bin\automation\net472\geniussports.livestats.football.functionaltests.dll" id="7ba4c3e1-e73b-3dc9-2bcb-a0096fd7fad4">
      <Execution id="53b6c9ef-7f8b-4328-9fc4-142dff9f6173" />
      <TestMethod codeBase="C:\GitLab-Runner\builds\wr8MmWYb\0\LiveStats\LiveStats.Football\Source\Test\FunctionalTests\bin\Automation\net472\GeniusSports.LiveStats.Football.FunctionalTests.dll" adapterTypeName="executor://nunit3testexecutor/" className="GeniusSports.LiveStats.Football.FunctionalTests.Tests.PitchScreen.ActionRegistration.CardRegistrationTests" name="GivenAssistantCouchEjectedByCard_WhenRecordingYellow_ThenAssistantCouchIsDisabled(Red)" />
    </UnitTest>
    <UnitTest name="GivenInterruption_WhenStartingCard_ThenInterruptionNotCanceled" storage="c:\gitlab-runner\builds\wr8mmwyb\0\livestats\livestats.football\source\test\functionaltests\bin\automation\net472\geniussports.livestats.football.functionaltests.dll" id="42ab4b7d-f8d6-d8a7-183e-4ac5431f7a98">
      <Execution id="94401a60-eed8-47a8-9950-9acd2bd31f36" />
      <TestMethod codeBase="C:\GitLab-Runner\builds\wr8MmWYb\0\LiveStats\LiveStats.Football\Source\Test\FunctionalTests\bin\Automation\net472\GeniusSports.LiveStats.Football.FunctionalTests.dll" adapterTypeName="executor://nunit3testexecutor/" className="GeniusSports.LiveStats.Football.FunctionalTests.Tests.PitchScreen.GameMessages.GameInterruptionTests" name="GivenInterruption_WhenStartingCard_ThenInterruptionNotCanceled" />
    </UnitTest>
    <UnitTest name="CardTypeAndReasonUpdate(&quot;Red&quot;,&quot;Yellow&quot;,&quot;Dissent&quot;,null)" storage="c:\gitlab-runner\builds\wr8mmwyb\0\livestats\livestats.football\source\test\functionaltests\bin\automation\net472\geniussports.livestats.football.functionaltests.dll" id="cddf26ee-280d-91a2-0a09-66efa5b75eb8">
      <Execution id="94d48613-2229-4885-abfd-085ccc481e3d" />
      <TestMethod codeBase="C:\GitLab-Runner\builds\wr8MmWYb\0\LiveStats\LiveStats.Football\Source\Test\FunctionalTests\bin\Automation\net472\GeniusSports.LiveStats.Football.FunctionalTests.dll" adapterTypeName="executor://nunit3testexecutor/" className="GeniusSports.LiveStats.Football.FunctionalTests.Features.PitchScreen.ActionEdits.CardEditFeature" name="CardTypeAndReasonUpdate(&quot;Red&quot;,&quot;Yellow&quot;,&quot;Dissent&quot;,null)" />
    </UnitTest>
    <UnitTest name="ConfirmOffencePenalty(&quot;1&quot;,&quot;2&quot;,&quot;90&quot;,&quot;50&quot;,&quot;5&quot;,&quot;4&quot;,null)" storage="c:\gitlab-runner\builds\wr8mmwyb\0\livestats\livestats.football\source\test\functionaltests\bin\automation\net472\geniussports.livestats.football.functionaltests.dll" id="0ca04293-efac-78d1-6558-fc7af529c05b">
      <Execution id="71ae8e2b-1d05-49ad-aae2-22ab77cf1d98" />
      <TestMethod codeBase="C:\GitLab-Runner\builds\wr8MmWYb\0\LiveStats\LiveStats.Football\Source\Test\FunctionalTests\bin\Automation\net472\GeniusSports.LiveStats.Football.FunctionalTests.dll" adapterTypeName="executor://nunit3testexecutor/" className="GeniusSports.LiveStats.Football.FunctionalTests.Features.PitchScreen.ActionRegistration.PenaltyRegistrationFeature" name="ConfirmOffencePenalty(&quot;1&quot;,&quot;2&quot;,&quot;90&quot;,&quot;50&quot;,&quot;5&quot;,&quot;4&quot;,null)" />
    </UnitTest>
    <UnitTest name="DeleteCardColorCardAfterSelectingPlayer(&quot;Yellow&quot;,&quot;Yellow&quot;,null)" storage="c:\gitlab-runner\builds\wr8mmwyb\0\livestats\livestats.football\source\test\functionaltests\bin\automation\net472\geniussports.livestats.football.functionaltests.dll" id="f1bf17d0-4149-5d0f-1731-7b0d910fbb11">
      <Execution id="51425c21-6373-4fb7-8c9d-5cf21d9dcf69" />
      <TestMethod codeBase="C:\GitLab-Runner\builds\wr8MmWYb\0\LiveStats\LiveStats.Football\Source\Test\FunctionalTests\bin\Automation\net472\GeniusSports.LiveStats.Football.FunctionalTests.dll" adapterTypeName="executor://nunit3testexecutor/" className="GeniusSports.LiveStats.Football.FunctionalTests.Features.PitchScreen.ActionRegistration.CardRegistrationFeature" name="DeleteCardColorCardAfterSelectingPlayer(&quot;Yellow&quot;,&quot;Yellow&quot;,null)" />
    </UnitTest>
    <UnitTest name="ResolvingInjuryDoesNotUnflagActionsInbetween" storage="c:\gitlab-runner\builds\wr8mmwyb\0\livestats\livestats.football\source\test\functionaltests\bin\automation\net472\geniussports.livestats.football.functionaltests.dll" id="3c4b8c91-4107-f07e-9d5e-d4f1479fead5">
      <Execution id="0c3a65da-244d-43fb-adab-073d1db21105" />
      <TestMethod codeBase="C:\GitLab-Runner\builds\wr8MmWYb\0\LiveStats\LiveStats.Football\Source\Test\FunctionalTests\bin\Automation\net472\GeniusSports.LiveStats.Football.FunctionalTests.dll" adapterTypeName="executor://nunit3testexecutor/" className="GeniusSports.LiveStats.Football.FunctionalTests.Features.PitchScreen.Flagging.InjuredPlayerNotOnPitchFlagFeature" name="ResolvingInjuryDoesNotUnflagActionsInbetween" />
    </UnitTest>
    <UnitTest name="InsertGoalPenaltyWithOffenceReasonAfterOrBeforeLastEvent(&quot;before&quot;,&quot;2&quot;,&quot;1&quot;,&quot;0025&quot;,&quot;0026&quot;,&quot;00:25&quot;,&quot;00:26&quot;,&quot;0 - 1&quot;,&quot;3&quot;,&quot;2&quot;,&quot;4&quot;,null)" storage="c:\gitlab-runner\builds\wr8mmwyb\0\livestats\livestats.football\source\test\functionaltests\bin\automation\net472\geniussports.livestats.football.functionaltests.dll" id="ba23ddbe-d58a-c082-2960-d651cb87094c">
      <Execution id="58bd9ad5-b4fb-4c37-99de-5aa8cc8bde44" />
      <TestMethod codeBase="C:\GitLab-Runner\builds\wr8MmWYb\0\LiveStats\LiveStats.Football\Source\Test\FunctionalTests\bin\Automation\net472\GeniusSports.LiveStats.Football.FunctionalTests.dll" adapterTypeName="executor://nunit3testexecutor/" className="GeniusSports.LiveStats.Football.FunctionalTests.Features.PitchScreen.ActionInserts.PenaltyInsertFeature" name="InsertGoalPenaltyWithOffenceReasonAfterOrBeforeLastEvent(&quot;before&quot;,&quot;2&quot;,&quot;1&quot;,&quot;0025&quot;,&quot;0026&quot;,&quot;00:25&quot;,&quot;00:26&quot;,&quot;0 - 1&quot;,&quot;3&quot;,&quot;2&quot;,&quot;4&quot;,null)" />
    </UnitTest>
    <UnitTest name="GivenActionRegistered_WhenDeletingFromExpandedActionLog_ThenDeletedInExpanded(Goal)" storage="c:\gitlab-runner\builds\wr8mmwyb\0\livestats\livestats.football\source\test\functionaltests\bin\automation\net472\geniussports.livestats.football.functionaltests.dll" id="e0606c1c-d3d6-09f5-6948-d863918f34ea">
      <Execution id="a3298d3f-f1d5-47cc-85e0-db154400b1bf" />
      <TestMethod codeBase="C:\GitLab-Runner\builds\wr8MmWYb\0\LiveStats\LiveStats.Football\Source\Test\FunctionalTests\bin\Automation\net472\GeniusSports.LiveStats.Football.FunctionalTests.dll" adapterTypeName="executor://nunit3testexecutor/" className="GeniusSports.LiveStats.Football.FunctionalTests.Tests.PitchScreen.ActionDeletes.GameActionDeleteTests" name="GivenActionRegistered_WhenDeletingFromExpandedActionLog_ThenDeletedInExpanded(Goal)" />
    </UnitTest>
    <UnitTest name="ShotHasSameTimeAsFreeKickTaken" storage="c:\gitlab-runner\builds\wr8mmwyb\0\livestats\livestats.football\source\test\functionaltests\bin\automation\net472\geniussports.livestats.football.functionaltests.dll" id="ac373a8f-4885-332b-4c79-c9b64144f5d1">
      <Execution id="71ce108b-5182-4019-9af8-1528e03a51b5" />
      <TestMethod codeBase="C:\GitLab-Runner\builds\wr8MmWYb\0\LiveStats\LiveStats.Football\Source\Test\FunctionalTests\bin\Automation\net472\GeniusSports.LiveStats.Football.FunctionalTests.dll" adapterTypeName="executor://nunit3testexecutor/" className="GeniusSports.LiveStats.Football.FunctionalTests.Features.PitchScreen.ActionRegistration.ShotRegistrationFromFreeKickFeature" name="ShotHasSameTimeAsFreeKickTaken" />
    </UnitTest>
    <UnitTest name="VarOnSecondStepOfRecordCardWorkflow(&quot;2&quot;,&quot;Red&quot;,null)" storage="c:\gitlab-runner\builds\wr8mmwyb\0\livestats\livestats.football\source\test\functionaltests\bin\automation\net472\geniussports.livestats.football.functionaltests.dll" id="7e44869b-b724-93bf-fe36-6c343d2520af">
      <Execution id="55417ee5-298a-400d-bb3f-05fceab088f3" />
      <TestMethod codeBase="C:\GitLab-Runner\builds\wr8MmWYb\0\LiveStats\LiveStats.Football\Source\Test\FunctionalTests\bin\Automation\net472\GeniusSports.LiveStats.Football.FunctionalTests.dll" adapterTypeName="executor://nunit3testexecutor/" className="GeniusSports.LiveStats.Football.FunctionalTests.Features.PitchScreen.VideoAssistantReferee.CardsVarRegistrationFeature" name="VarOnSecondStepOfRecordCardWorkflow(&quot;2&quot;,&quot;Red&quot;,null)" />
    </UnitTest>
    <UnitTest name="DoNotConfirmCardColorCard(&quot;Red&quot;,&quot;Red&quot;,null)" storage="c:\gitlab-runner\builds\wr8mmwyb\0\livestats\livestats.football\source\test\functionaltests\bin\automation\net472\geniussports.livestats.football.functionaltests.dll" id="fc2c6f79-5254-f419-3058-da0213584ee8">
      <Execution id="344b6027-941e-4126-9a87-c0a3ead6d4a5" />
      <TestMethod codeBase="C:\GitLab-Runner\builds\wr8MmWYb\0\LiveStats\LiveStats.Football\Source\Test\FunctionalTests\bin\Automation\net472\GeniusSports.LiveStats.Football.FunctionalTests.dll" adapterTypeName="executor://nunit3testexecutor/" className="GeniusSports.LiveStats.Football.FunctionalTests.Features.PitchScreen.ActionRegistration.CardRegistrationFeature" name="DoNotConfirmCardColorCard(&quot;Red&quot;,&quot;Red&quot;,null)" />
    </UnitTest>
    <UnitTest name="ThrowInActionFlagCanBeReviewedInActionEditScreen" storage="c:\gitlab-runner\builds\wr8mmwyb\0\livestats\livestats.football\source\test\functionaltests\bin\automation\net472\geniussports.livestats.football.functionaltests.dll" id="f8918184-193a-4005-1867-2b9f4003d068">
      <Execution id="9132f783-6a93-4572-bed6-5c09f05cab2e" />
      <TestMethod codeBase="C:\GitLab-Runner\builds\wr8MmWYb\0\LiveStats\LiveStats.Football\Source\Test\FunctionalTests\bin\Automation\net472\GeniusSports.LiveStats.Football.FunctionalTests.dll" adapterTypeName="executor://nunit3testexecutor/" className="GeniusSports.LiveStats.Football.FunctionalTests.Features.PitchScreen.Flagging.AddManualFlagFeature" name="ThrowInActionFlagCanBeReviewedInActionEditScreen" />
    </UnitTest>
    <UnitTest name="CancelSubstitutionInsert" storage="c:\gitlab-runner\builds\wr8mmwyb\0\livestats\livestats.football\source\test\functionaltests\bin\automation\net472\geniussports.livestats.football.functionaltests.dll" id="2ab41897-9335-9086-565f-7e5bd711f3f8">
      <Execution id="30aa74e6-4c40-4d30-a061-deface3dd449" />
      <TestMethod codeBase="C:\GitLab-Runner\builds\wr8MmWYb\0\LiveStats\LiveStats.Football\Source\Test\FunctionalTests\bin\Automation\net472\GeniusSports.LiveStats.Football.FunctionalTests.dll" adapterTypeName="executor://nunit3testexecutor/" className="GeniusSports.LiveStats.Football.FunctionalTests.Features.PitchScreen.ActionInserts.SubstitutionInsertFeature" name="CancelSubstitutionInsert" />
    </UnitTest>
    <UnitTest name="SelectCard(&quot;Yellow&quot;,&quot;2nd Yellow&quot;,null)" storage="c:\gitlab-runner\builds\wr8mmwyb\0\livestats\livestats.football\source\test\functionaltests\bin\automation\net472\geniussports.livestats.football.functionaltests.dll" id="baa95d35-778c-34c0-050e-2bf69706c86f">
      <Execution id="3e0c0740-9096-4744-a1ef-6896e4febb1a" />
      <TestMethod codeBase="C:\GitLab-Runner\builds\wr8MmWYb\0\LiveStats\LiveStats.Football\Source\Test\FunctionalTests\bin\Automation\net472\GeniusSports.LiveStats.Football.FunctionalTests.dll" adapterTypeName="executor://nunit3testexecutor/" className="GeniusSports.LiveStats.Football.FunctionalTests.Features.PitchScreen.ActionRegistration.CardRegistrationFeature" name="SelectCard(&quot;Yellow&quot;,&quot;2nd Yellow&quot;,null)" />
    </UnitTest>
    <UnitTest name="FootballWhoScoredTeamList" storage="c:\gitlab-runner\builds\wr8mmwyb\0\livestats\livestats.football\source\test\functionaltests\bin\automation\net472\geniussports.livestats.football.functionaltests.dll" id="e78d9291-d393-a0f2-7923-8957b9ea5ea8">
      <Execution id="f1761e05-7327-4431-80fb-cecabac9b089" />
      <TestMethod codeBase="C:\GitLab-Runner\builds\wr8MmWYb\0\LiveStats\LiveStats.Football\Source\Test\FunctionalTests\bin\Automation\net472\GeniusSports.LiveStats.Football.FunctionalTests.dll" adapterTypeName="executor://nunit3testexecutor/" className="GeniusSports.LiveStats.Football.FunctionalTests.Features.PitchScreen.ActionEdits.GoalEditFeature" name="FootballWhoScoredTeamList" />
    </UnitTest>
    <UnitTest name="CannotProceedWithLessThanRequiredNumberOfPlayers" storage="c:\gitlab-runner\builds\wr8mmwyb\0\livestats\livestats.football\source\test\functionaltests\bin\automation\net472\geniussports.livestats.football.functionaltests.dll" id="00380bb8-e736-2a37-0d69-10f69e658127">
      <Execution id="cf4f5eeb-2f4a-4d6a-be2f-b403e97ea8d3" />
      <TestMethod codeBase="C:\GitLab-Runner\builds\wr8MmWYb\0\LiveStats\LiveStats.Football\Source\Test\FunctionalTests\bin\Automation\net472\GeniusSports.LiveStats.Football.FunctionalTests.dll" adapterTypeName="executor://nunit3testexecutor/" className="GeniusSports.LiveStats.Football.FunctionalTests.Features.GameSetup.SetupTeamsPlayersFeature" name="CannotProceedWithLessThanRequiredNumberOfPlayers" />
    </UnitTest>
    <UnitTest name="CardEditedWithTeamAndCoachIsSaved" storage="c:\gitlab-runner\builds\wr8mmwyb\0\livestats\livestats.football\source\test\functionaltests\bin\automation\net472\geniussports.livestats.football.functionaltests.dll" id="3d4d2dbe-cca0-c9ca-ef22-df9774e0fe06">
      <Execution id="79a5f898-d8de-481c-b3e6-35238713b50a" />
      <TestMethod codeBase="C:\GitLab-Runner\builds\wr8MmWYb\0\LiveStats\LiveStats.Football\Source\Test\FunctionalTests\bin\Automation\net472\GeniusSports.LiveStats.Football.FunctionalTests.dll" adapterTypeName="executor://nunit3testexecutor/" className="GeniusSports.LiveStats.Football.FunctionalTests.Features.PitchScreen.ActionEdits.CardEditFeature" name="CardEditedWithTeamAndCoachIsSaved" />
    </UnitTest>
    <UnitTest name="GivenGameInProgress_WhenSwitchingSides_ThenTeamsChangeSides" storage="c:\gitlab-runner\builds\wr8mmwyb\0\livestats\livestats.football\source\test\functionaltests\bin\automation\net472\geniussports.livestats.football.functionaltests.dll" id="776f1bbf-796f-f53a-5ebd-33ae0ebddf01">
      <Execution id="6c0f6112-7350-42e4-be1c-35933c358a71" />
      <TestMethod codeBase="C:\GitLab-Runner\builds\wr8MmWYb\0\LiveStats\LiveStats.Football\Source\Test\FunctionalTests\bin\Automation\net472\GeniusSports.LiveStats.Football.FunctionalTests.dll" adapterTypeName="executor://nunit3testexecutor/" className="GeniusSports.LiveStats.Football.FunctionalTests.Tests.PitchScreen.SwitchTeamSidesTests" name="GivenGameInProgress_WhenSwitchingSides_ThenTeamsChangeSides" />
    </UnitTest>
    <UnitTest name="FootballChangeShotResultToOffTarget" storage="c:\gitlab-runner\builds\wr8mmwyb\0\livestats\livestats.football\source\test\functionaltests\bin\automation\net472\geniussports.livestats.football.functionaltests.dll" id="7173b3f6-eae6-db4a-3f60-642b558803ad">
      <Execution id="a4e458ab-b686-4f79-b40f-da0dc0318aa1" />
      <TestMethod codeBase="C:\GitLab-Runner\builds\wr8MmWYb\0\LiveStats\LiveStats.Football\Source\Test\FunctionalTests\bin\Automation\net472\GeniusSports.LiveStats.Football.FunctionalTests.dll" adapterTypeName="executor://nunit3testexecutor/" className="GeniusSports.LiveStats.Football.FunctionalTests.Features.PitchScreen.ActionEdits.ShotEditFeature" name="FootballChangeShotResultToOffTarget" />
    </UnitTest>
    <UnitTest name="GivenGameInProgress_WhenRegisteringShotOnMiss_ThenUpdatesGameState(1,90,50,18,5)" storage="c:\gitlab-runner\builds\wr8mmwyb\0\livestats\livestats.football\source\test\functionaltests\bin\automation\net472\geniussports.livestats.football.functionaltests.dll" id="e8104667-3a9c-6de0-7851-28bc0545c756">
      <Execution id="35a1c04d-8cf2-4152-85c3-24c5f059be56" />
      <TestMethod codeBase="C:\GitLab-Runner\builds\wr8MmWYb\0\LiveStats\LiveStats.Football\Source\Test\FunctionalTests\bin\Automation\net472\GeniusSports.LiveStats.Football.FunctionalTests.dll" adapterTypeName="executor://nunit3testexecutor/" className="GeniusSports.LiveStats.Football.FunctionalTests.Tests.PitchScreen.ActionRegistration.PenaltyRegistrationTests" name="GivenGameInProgress_WhenRegisteringShotOnMiss_ThenUpdatesGameState(1,90,50,18,5)" />
    </UnitTest>
    <UnitTest name="GivenGameInProgress_WhenStartingThrowIn_ThenWorkflowStarts" storage="c:\gitlab-runner\builds\wr8mmwyb\0\livestats\livestats.football\source\test\functionaltests\bin\automation\net472\geniussports.livestats.football.functionaltests.dll" id="fdf038d0-16c7-356c-e9fa-5a5d4e5842fc">
      <Execution id="2ec8cc67-91bf-498d-82e4-d5b80a301a98" />
      <TestMethod codeBase="C:\GitLab-Runner\builds\wr8MmWYb\0\LiveStats\LiveStats.Football\Source\Test\FunctionalTests\bin\Automation\net472\GeniusSports.LiveStats.Football.FunctionalTests.dll" adapterTypeName="executor://nunit3testexecutor/" className="GeniusSports.LiveStats.Football.FunctionalTests.Tests.PitchScreen.ActionRegistration.ThrowInRegistrationTests" name="GivenGameInProgress_WhenStartingThrowIn_ThenWorkflowStarts" />
    </UnitTest>
    <UnitTest name="StartShotFromFreeKickWorkflow(&quot;location&quot;,&quot;2&quot;,null)" storage="c:\gitlab-runner\builds\wr8mmwyb\0\livestats\livestats.football\source\test\functionaltests\bin\automation\net472\geniussports.livestats.football.functionaltests.dll" id="c69df7f8-4128-658f-60af-a8141484e82c">
      <Execution id="e757231f-4603-494e-a246-49cbba12eb52" />
      <TestMethod codeBase="C:\GitLab-Runner\builds\wr8MmWYb\0\LiveStats\LiveStats.Football\Source\Test\FunctionalTests\bin\Automation\net472\GeniusSports.LiveStats.Football.FunctionalTests.dll" adapterTypeName="executor://nunit3testexecutor/" className="GeniusSports.LiveStats.Football.FunctionalTests.Features.PitchScreen.ActionRegistration.ShotRegistrationFromFreeKickFeature" name="StartShotFromFreeKickWorkflow(&quot;location&quot;,&quot;2&quot;,null)" />
    </UnitTest>
    <UnitTest name="GivenGameInProgressWithActiveAssCouch_WhenDeactivatingAssCouchWithInvalidData_ThenPitchShown" storage="c:\gitlab-runner\builds\wr8mmwyb\0\livestats\livestats.football\source\test\functionaltests\bin\automation\net472\geniussports.livestats.football.functionaltests.dll" id="af5f2034-dfe4-31b8-67c1-abf4ef4afa28">
      <Execution id="407506b0-a4a4-423a-9be1-21aedd7cda48" />
      <TestMethod codeBase="C:\GitLab-Runner\builds\wr8MmWYb\0\LiveStats\LiveStats.Football\Source\Test\FunctionalTests\bin\Automation\net472\GeniusSports.LiveStats.Football.FunctionalTests.dll" adapterTypeName="executor://nunit3testexecutor/" className="GeniusSports.LiveStats.Football.FunctionalTests.Tests.GameSetup.EditGameSetupTests" name="GivenGameInProgressWithActiveAssCouch_WhenDeactivatingAssCouchWithInvalidData_ThenPitchShown" />
    </UnitTest>
    <UnitTest name="WhenTeamsGetsLeadAfter6GoalsBeforeOtherTeamShot6ThKickPenaltyShootoutButtonIsNotEnabled" storage="c:\gitlab-runner\builds\wr8mmwyb\0\livestats\livestats.football\source\test\functionaltests\bin\automation\net472\geniussports.livestats.football.functionaltests.dll" id="5d4bb7b0-d05e-a221-6c48-f9b636b6b22a">
      <Execution id="dd51731a-9096-47a5-8e14-4125ac86fc51" />
      <TestMethod codeBase="C:\GitLab-Runner\builds\wr8MmWYb\0\LiveStats\LiveStats.Football\Source\Test\FunctionalTests\bin\Automation\net472\GeniusSports.LiveStats.Football.FunctionalTests.dll" adapterTypeName="executor://nunit3testexecutor/" className="GeniusSports.LiveStats.Football.FunctionalTests.Features.PitchScreen.ActionRegistration.PenaltyShootoutRecordFeature" name="WhenTeamsGetsLeadAfter6GoalsBeforeOtherTeamShot6ThKickPenaltyShootoutButtonIsNotEnabled" />
    </UnitTest>
    <UnitTest name="GivenCorrectOperatorSupplied_WhenValidating_ShowsDataAndAllowsToPassTab" storage="c:\gitlab-runner\builds\wr8mmwyb\0\livestats\livestats.football\source\test\functionaltests\bin\automation\net472\geniussports.livestats.football.functionaltests.dll" id="0d10ff3f-15a1-241b-64fe-f488cdfabdb2">
      <Execution id="f486f3ae-fda5-4870-8af6-29601b8c7da0" />
      <TestMethod codeBase="C:\GitLab-Runner\builds\wr8MmWYb\0\LiveStats\LiveStats.Football\Source\Test\FunctionalTests\bin\Automation\net472\GeniusSports.LiveStats.Football.FunctionalTests.dll" adapterTypeName="executor://nunit3testexecutor/" className="GeniusSports.LiveStats.Football.FunctionalTests.Tests.GameSetup.StatisticiansNetworkTests" name="GivenCorrectOperatorSupplied_WhenValidating_ShowsDataAndAllowsToPassTab" />
    </UnitTest>
    <UnitTest name="GivenGameInProgress_WhenStartingGoalWorkflow_ThenWorkflowInitiated" storage="c:\gitlab-runner\builds\wr8mmwyb\0\livestats\livestats.football\source\test\functionaltests\bin\automation\net472\geniussports.livestats.football.functionaltests.dll" id="ff74abee-2611-2d2c-9dff-144059110441">
      <Execution id="7f01641c-d03b-4175-aef1-bf525f6da874" />
      <TestMethod codeBase="C:\GitLab-Runner\builds\wr8MmWYb\0\LiveStats\LiveStats.Football\Source\Test\FunctionalTests\bin\Automation\net472\GeniusSports.LiveStats.Football.FunctionalTests.dll" adapterTypeName="executor://nunit3testexecutor/" className="GeniusSports.LiveStats.Football.FunctionalTests.Tests.PitchScreen.ActionRegistration.GoalRegistrationTests" name="GivenGameInProgress_WhenStartingGoalWorkflow_ThenWorkflowInitiated" />
    </UnitTest>
    <UnitTest name="EditSubDuringWorkflowFromActionLog" storage="c:\gitlab-runner\builds\wr8mmwyb\0\livestats\livestats.football\source\test\functionaltests\bin\automation\net472\geniussports.livestats.football.functionaltests.dll" id="aa04ca42-80d6-3bbb-c8f8-bf402ed0d254">
      <Execution id="8d79a5f2-a965-4a4d-bbec-cd68ed662639" />
      <TestMethod codeBase="C:\GitLab-Runner\builds\wr8MmWYb\0\LiveStats\LiveStats.Football\Source\Test\FunctionalTests\bin\Automation\net472\GeniusSports.LiveStats.Football.FunctionalTests.dll" adapterTypeName="executor://nunit3testexecutor/" className="GeniusSports.LiveStats.Football.FunctionalTests.Features.PitchScreen.ActionEdits.EditsPossibleDuringOtherWorkflowsFeature" name="EditSubDuringWorkflowFromActionLog" />
    </UnitTest>
    <UnitTest name="GivenPso_WhenOpeningPsoKickEditFromTable_ThenEditOpened" storage="c:\gitlab-runner\builds\wr8mmwyb\0\livestats\livestats.football\source\test\functionaltests\bin\automation\net472\geniussports.livestats.football.functionaltests.dll" id="1457077c-3dad-dfe0-90c9-c60b8511fc1e">
      <Execution id="ef1666fc-637f-41d3-a181-caca9f492565" />
      <TestMethod codeBase="C:\GitLab-Runner\builds\wr8MmWYb\0\LiveStats\LiveStats.Football\Source\Test\FunctionalTests\bin\Automation\net472\GeniusSports.LiveStats.Football.FunctionalTests.dll" adapterTypeName="executor://nunit3testexecutor/" className="GeniusSports.LiveStats.Football.FunctionalTests.Tests.PitchScreen.ActionEdits.PenaltyShootoutEditTests" name="GivenPso_WhenOpeningPsoKickEditFromTable_ThenEditOpened" />
    </UnitTest>
    <UnitTest name="GivenGameKickOffEdit_ThenAllFormElementsPresent" storage="c:\gitlab-runner\builds\wr8mmwyb\0\livestats\livestats.football\source\test\functionaltests\bin\automation\net472\geniussports.livestats.football.functionaltests.dll" id="c8dc907a-d532-d029-aad5-dd206da62c62">
      <Execution id="ad9fda82-c29b-4d0f-ae8a-8ce9e8d50181" />
      <TestMethod codeBase="C:\GitLab-Runner\builds\wr8MmWYb\0\LiveStats\LiveStats.Football\Source\Test\FunctionalTests\bin\Automation\net472\GeniusSports.LiveStats.Football.FunctionalTests.dll" adapterTypeName="executor://nunit3testexecutor/" className="GeniusSports.LiveStats.Football.FunctionalTests.Tests.PitchScreen.ActionEdits.KickOffGameEditTests" name="GivenGameKickOffEdit_ThenAllFormElementsPresent" />
    </UnitTest>
    <UnitTest name="FiltersCanBeTurnedOffAfterAppliedDuringActiveGoalKickWorkflow" storage="c:\gitlab-runner\builds\wr8mmwyb\0\livestats\livestats.football\source\test\functionaltests\bin\automation\net472\geniussports.livestats.football.functionaltests.dll" id="dab7e6b6-6911-2ebc-a8bd-4ce22fb72ec5">
      <Execution id="18e39cf2-8367-4863-965d-ba414c4f6963" />
      <TestMethod codeBase="C:\GitLab-Runner\builds\wr8MmWYb\0\LiveStats\LiveStats.Football\Source\Test\FunctionalTests\bin\Automation\net472\GeniusSports.LiveStats.Football.FunctionalTests.dll" adapterTypeName="executor://nunit3testexecutor/" className="GeniusSports.LiveStats.Football.FunctionalTests.Features.PitchScreen.Filters.PitchActionLogFiltersFeature" name="FiltersCanBeTurnedOffAfterAppliedDuringActiveGoalKickWorkflow" />
    </UnitTest>
    <UnitTest name="InsertedOffsideFreeKickIsPresentedInEditForm" storage="c:\gitlab-runner\builds\wr8mmwyb\0\livestats\livestats.football\source\test\functionaltests\bin\automation\net472\geniussports.livestats.football.functionaltests.dll" id="62b42567-841c-e722-15e5-d8fb4949f3a3">
      <Execution id="23750fab-5285-4af2-b0b0-501093158c5d" />
      <TestMethod codeBase="C:\GitLab-Runner\builds\wr8MmWYb\0\LiveStats\LiveStats.Football\Source\Test\FunctionalTests\bin\Automation\net472\GeniusSports.LiveStats.Football.FunctionalTests.dll" adapterTypeName="executor://nunit3testexecutor/" className="GeniusSports.LiveStats.Football.FunctionalTests.Features.PitchScreen.ActionInserts.FreeKickInsertFeature" name="InsertedOffsideFreeKickIsPresentedInEditForm" />
    </UnitTest>
    <UnitTest name="AddingTwoYellowsThenChangingPlayerRecordsYellowForNewPlayer" storage="c:\gitlab-runner\builds\wr8mmwyb\0\livestats\livestats.football\source\test\functionaltests\bin\automation\net472\geniussports.livestats.football.functionaltests.dll" id="2a37a367-1b88-028d-434e-2b5a8708e26e">
      <Execution id="efe76e48-244f-45dc-be36-91d0447a4a65" />
      <TestMethod codeBase="C:\GitLab-Runner\builds\wr8MmWYb\0\LiveStats\LiveStats.Football\Source\Test\FunctionalTests\bin\Automation\net472\GeniusSports.LiveStats.Football.FunctionalTests.dll" adapterTypeName="executor://nunit3testexecutor/" className="GeniusSports.LiveStats.Football.FunctionalTests.Features.PitchScreen.ActionRegistration.CardRegistrationFeature" name="AddingTwoYellowsThenChangingPlayerRecordsYellowForNewPlayer" />
    </UnitTest>
    <UnitTest name="CannotFlagAndContinueCardConfirmationStep(&quot;Yellow&quot;,&quot;Yellow&quot;,&quot;1&quot;,null)" storage="c:\gitlab-runner\builds\wr8mmwyb\0\livestats\livestats.football\source\test\functionaltests\bin\automation\net472\geniussports.livestats.football.functionaltests.dll" id="69d3ee5d-6f5a-f395-3762-5012a45f6e34">
      <Execution id="cc17fa0e-da8e-43b3-b40f-da45d19ef9dd" />
      <TestMethod codeBase="C:\GitLab-Runner\builds\wr8MmWYb\0\LiveStats\LiveStats.Football\Source\Test\FunctionalTests\bin\Automation\net472\GeniusSports.LiveStats.Football.FunctionalTests.dll" adapterTypeName="executor://nunit3testexecutor/" className="GeniusSports.LiveStats.Football.FunctionalTests.Features.PitchScreen.Flagging.FlagAndContinueFeature" name="CannotFlagAndContinueCardConfirmationStep(&quot;Yellow&quot;,&quot;Yellow&quot;,&quot;1&quot;,null)" />
    </UnitTest>
    <UnitTest name="SelectVarReasonAndOutcomeOverturned(&quot;Overturned&quot;,&quot;Offence&quot;,null)" storage="c:\gitlab-runner\builds\wr8mmwyb\0\livestats\livestats.football\source\test\functionaltests\bin\automation\net472\geniussports.livestats.football.functionaltests.dll" id="ca3465e7-216d-d841-26cd-36ce7c64d384">
      <Execution id="70995a68-13a7-4fa1-863b-db90189e6ad8" />
      <TestMethod codeBase="C:\GitLab-Runner\builds\wr8MmWYb\0\LiveStats\LiveStats.Football\Source\Test\FunctionalTests\bin\Automation\net472\GeniusSports.LiveStats.Football.FunctionalTests.dll" adapterTypeName="executor://nunit3testexecutor/" className="GeniusSports.LiveStats.Football.FunctionalTests.Features.PitchScreen.ActionInserts.InsertGoalFeature" name="SelectVarReasonAndOutcomeOverturned(&quot;Overturned&quot;,&quot;Offence&quot;,null)" />
    </UnitTest>
    <UnitTest name="GivenGameFinished_WhenFinalizingGame_ThenConfirmationIsPrompted" storage="c:\gitlab-runner\builds\wr8mmwyb\0\livestats\livestats.football\source\test\functionaltests\bin\automation\net472\geniussports.livestats.football.functionaltests.dll" id="62aef17d-f3e9-627c-ab39-bae98a08c36d">
      <Execution id="ddf60269-ce47-4ba0-aac4-f7b0ee286b0e" />
      <TestMethod codeBase="C:\GitLab-Runner\builds\wr8MmWYb\0\LiveStats\LiveStats.Football\Source\Test\FunctionalTests\bin\Automation\net472\GeniusSports.LiveStats.Football.FunctionalTests.dll" adapterTypeName="executor://nunit3testexecutor/" className="GeniusSports.LiveStats.Football.FunctionalTests.Tests.PitchScreen.MatchCanBeFinalizedTests" name="GivenGameFinished_WhenFinalizingGame_ThenConfirmationIsPrompted" />
    </UnitTest>
    <UnitTest name="FootballPenaltyShot_OffMissWithLocation(&quot;2&quot;,&quot;1&quot;,&quot;10&quot;,&quot;50&quot;,&quot;8&quot;,&quot;11&quot;,null)" storage="c:\gitlab-runner\builds\wr8mmwyb\0\livestats\livestats.football\source\test\functionaltests\bin\automation\net472\geniussports.livestats.football.functionaltests.dll" id="b0804731-5670-00b3-ffc0-22442c65a212">
      <Execution id="d26e3d5b-37de-4746-ba02-06c5537cd001" />
      <TestMethod codeBase="C:\GitLab-Runner\builds\wr8MmWYb\0\LiveStats\LiveStats.Football\Source\Test\FunctionalTests\bin\Automation\net472\GeniusSports.LiveStats.Football.FunctionalTests.dll" adapterTypeName="executor://nunit3testexecutor/" className="GeniusSports.LiveStats.Football.FunctionalTests.Features.PitchScreen.ActionRegistration.PenaltyRegistrationFeature" name="FootballPenaltyShot_OffMissWithLocation(&quot;2&quot;,&quot;1&quot;,&quot;10&quot;,&quot;50&quot;,&quot;8&quot;,&quot;11&quot;,null)" />
    </UnitTest>
    <UnitTest name="PenaltyShootOutCanBeCompletedAfterMovingToEditGameSetup" storage="c:\gitlab-runner\builds\wr8mmwyb\0\livestats\livestats.football\source\test\functionaltests\bin\automation\net472\geniussports.livestats.football.functionaltests.dll" id="776e7282-ea02-0f96-7f33-d02be126a7e6">
      <Execution id="df4122e3-9bf9-4591-93e0-777d80de7d9b" />
      <TestMethod codeBase="C:\GitLab-Runner\builds\wr8MmWYb\0\LiveStats\LiveStats.Football\Source\Test\FunctionalTests\bin\Automation\net472\GeniusSports.LiveStats.Football.FunctionalTests.dll" adapterTypeName="executor://nunit3testexecutor/" className="GeniusSports.LiveStats.Football.FunctionalTests.Features.PitchScreen.ActionRegistration.PenaltyShootoutRecordFeature" name="PenaltyShootOutCanBeCompletedAfterMovingToEditGameSetup" />
    </UnitTest>
    <UnitTest name="InsertShotOffPenaltyAfterOffenceWithSave" storage="c:\gitlab-runner\builds\wr8mmwyb\0\livestats\livestats.football\source\test\functionaltests\bin\automation\net472\geniussports.livestats.football.functionaltests.dll" id="5ede6058-311e-9d05-d9df-a64d91ec04f3">
      <Execution id="e3af1813-0c34-44b7-9886-62c573f717a5" />
      <TestMethod codeBase="C:\GitLab-Runner\builds\wr8MmWYb\0\LiveStats\LiveStats.Football\Source\Test\FunctionalTests\bin\Automation\net472\GeniusSports.LiveStats.Football.FunctionalTests.dll" adapterTypeName="executor://nunit3testexecutor/" className="GeniusSports.LiveStats.Football.FunctionalTests.Features.PitchScreen.ActionInserts.PenaltyInsertFeature" name="InsertShotOffPenaltyAfterOffenceWithSave" />
    </UnitTest>
    <UnitTest name="CancelGoalKickInsert" storage="c:\gitlab-runner\builds\wr8mmwyb\0\livestats\livestats.football\source\test\functionaltests\bin\automation\net472\geniussports.livestats.football.functionaltests.dll" id="4440d98c-4bf4-3fe5-9d56-b98b0834d3a0">
      <Execution id="43e6b474-5424-42dc-a654-8fd3307804da" />
      <TestMethod codeBase="C:\GitLab-Runner\builds\wr8MmWYb\0\LiveStats\LiveStats.Football\Source\Test\FunctionalTests\bin\Automation\net472\GeniusSports.LiveStats.Football.FunctionalTests.dll" adapterTypeName="executor://nunit3testexecutor/" className="GeniusSports.LiveStats.Football.FunctionalTests.Features.PitchScreen.ActionInserts.GoalKickInsertFeature" name="CancelGoalKickInsert" />
    </UnitTest>
    <UnitTest name="FirstHalfActionsCanBeFiltered" storage="c:\gitlab-runner\builds\wr8mmwyb\0\livestats\livestats.football\source\test\functionaltests\bin\automation\net472\geniussports.livestats.football.functionaltests.dll" id="0b16cd31-f558-0ec2-3246-324551080331">
      <Execution id="cc2f12c6-e81c-46d5-87e8-573454ee601b" />
      <TestMethod codeBase="C:\GitLab-Runner\builds\wr8MmWYb\0\LiveStats\LiveStats.Football\Source\Test\FunctionalTests\bin\Automation\net472\GeniusSports.LiveStats.Football.FunctionalTests.dll" adapterTypeName="executor://nunit3testexecutor/" className="GeniusSports.LiveStats.Football.FunctionalTests.Features.PitchScreen.Filters.HalvesFilterFeature" name="FirstHalfActionsCanBeFiltered" />
    </UnitTest>
    <UnitTest name="FreeKickActionCanBeFlagged" storage="c:\gitlab-runner\builds\wr8mmwyb\0\livestats\livestats.football\source\test\functionaltests\bin\automation\net472\geniussports.livestats.football.functionaltests.dll" id="1f618a68-de7a-7347-3213-c0f6ccf36a3c">
      <Execution id="37d8111b-75d8-46ad-bfeb-635bb94bae7b" />
      <TestMethod codeBase="C:\GitLab-Runner\builds\wr8MmWYb\0\LiveStats\LiveStats.Football\Source\Test\FunctionalTests\bin\Automation\net472\GeniusSports.LiveStats.Football.FunctionalTests.dll" adapterTypeName="executor://nunit3testexecutor/" className="GeniusSports.LiveStats.Football.FunctionalTests.Features.PitchScreen.Flagging.AddManualFlagFeature" name="FreeKickActionCanBeFlagged" />
    </UnitTest>
    <UnitTest name="SelectedBothTeamFiltersShowAllTeamsItems" storage="c:\gitlab-runner\builds\wr8mmwyb\0\livestats\livestats.football\source\test\functionaltests\bin\automation\net472\geniussports.livestats.football.functionaltests.dll" id="3286a5db-d7f8-375b-2303-5567959b9acd">
      <Execution id="da1a498d-0650-400f-82d0-392bf01c6606" />
      <TestMethod codeBase="C:\GitLab-Runner\builds\wr8MmWYb\0\LiveStats\LiveStats.Football\Source\Test\FunctionalTests\bin\Automation\net472\GeniusSports.LiveStats.Football.FunctionalTests.dll" adapterTypeName="executor://nunit3testexecutor/" className="GeniusSports.LiveStats.Football.FunctionalTests.Features.PitchScreen.Filters.TeamFilterFeature" name="SelectedBothTeamFiltersShowAllTeamsItems" />
    </UnitTest>
    <UnitTest name="AfterInjuryInsertPlayerOnPitchIsUpdated(&quot;before&quot;,&quot;0025&quot;,&quot;00:25&quot;,&quot;1&quot;,&quot;2&quot;,&quot;right&quot;,null)" storage="c:\gitlab-runner\builds\wr8mmwyb\0\livestats\livestats.football\source\test\functionaltests\bin\automation\net472\geniussports.livestats.football.functionaltests.dll" id="66cb9aa0-f8a5-c870-e19c-174838607ec3">
      <Execution id="e0b0e540-81f1-411f-a7d7-ddefed3f7dd7" />
      <TestMethod codeBase="C:\GitLab-Runner\builds\wr8MmWYb\0\LiveStats\LiveStats.Football\Source\Test\FunctionalTests\bin\Automation\net472\GeniusSports.LiveStats.Football.FunctionalTests.dll" adapterTypeName="executor://nunit3testexecutor/" className="GeniusSports.LiveStats.Football.FunctionalTests.Features.PitchScreen.ActionInserts.PlayerInjuryInsertFeature" name="AfterInjuryInsertPlayerOnPitchIsUpdated(&quot;before&quot;,&quot;0025&quot;,&quot;00:25&quot;,&quot;1&quot;,&quot;2&quot;,&quot;right&quot;,null)" />
    </UnitTest>
    <UnitTest name="FootballGameInformationTabIsPopulatedWithPre_MatchData" storage="c:\gitlab-runner\builds\wr8mmwyb\0\livestats\livestats.football\source\test\functionaltests\bin\automation\net472\geniussports.livestats.football.functionaltests.dll" id="46e07748-d409-46ce-f865-c7d6bad8aec6">
      <Execution id="277065dd-f38e-4c0d-9cee-bb6e433cee6e" />
      <TestMethod codeBase="C:\GitLab-Runner\builds\wr8MmWYb\0\LiveStats\LiveStats.Football\Source\Test\FunctionalTests\bin\Automation\net472\GeniusSports.LiveStats.Football.FunctionalTests.dll" adapterTypeName="executor://nunit3testexecutor/" className="GeniusSports.LiveStats.Football.FunctionalTests.Features.GameSetup.LoadGameUsingMatchKeyFeature" name="FootballGameInformationTabIsPopulatedWithPre_MatchData" />
    </UnitTest>
    <UnitTest name="GivenGameInProgress_WhenPuttingCardOnHold_ThenSetsCardAsIncompleteAction(Red,2)" storage="c:\gitlab-runner\builds\wr8mmwyb\0\livestats\livestats.football\source\test\functionaltests\bin\automation\net472\geniussports.livestats.football.functionaltests.dll" id="6d313e24-f034-2521-c314-1c338721a766">
      <Execution id="235af493-0567-4197-a660-526e90f8b28d" />
      <TestMethod codeBase="C:\GitLab-Runner\builds\wr8MmWYb\0\LiveStats\LiveStats.Football\Source\Test\FunctionalTests\bin\Automation\net472\GeniusSports.LiveStats.Football.FunctionalTests.dll" adapterTypeName="executor://nunit3testexecutor/" className="GeniusSports.LiveStats.Football.FunctionalTests.Tests.PitchScreen.ActionRegistration.CardRegistrationTests" name="GivenGameInProgress_WhenPuttingCardOnHold_ThenSetsCardAsIncompleteAction(Red,2)" />
    </UnitTest>
    <UnitTest name="GivenGameInProgress_WhenOpeningPlayerDetails_ThenPlayerDetailsAreShown" storage="c:\gitlab-runner\builds\wr8mmwyb\0\livestats\livestats.football\source\test\functionaltests\bin\automation\net472\geniussports.livestats.football.functionaltests.dll" id="0ed72089-665d-a99b-cb93-76f80acaa3f6">
      <Execution id="33113aa8-c4cb-4cc4-9e50-a25b4601e462" />
      <TestMethod codeBase="C:\GitLab-Runner\builds\wr8MmWYb\0\LiveStats\LiveStats.Football\Source\Test\FunctionalTests\bin\Automation\net472\GeniusSports.LiveStats.Football.FunctionalTests.dll" adapterTypeName="executor://nunit3testexecutor/" className="GeniusSports.LiveStats.Football.FunctionalTests.Tests.GameSetup.EditGameSetupTests" name="GivenGameInProgress_WhenOpeningPlayerDetails_ThenPlayerDetailsAreShown" />
    </UnitTest>
    <UnitTest name="VarBeforeConfirmingTheCard(&quot;2&quot;,&quot;Red&quot;,&quot;1&quot;,null)" storage="c:\gitlab-runner\builds\wr8mmwyb\0\livestats\livestats.football\source\test\functionaltests\bin\automation\net472\geniussports.livestats.football.functionaltests.dll" id="980109d5-5d0e-da71-b73e-06f3706a3bf7">
      <Execution id="15198d52-3f80-4e27-a2bf-13ce340a881a" />
      <TestMethod codeBase="C:\GitLab-Runner\builds\wr8MmWYb\0\LiveStats\LiveStats.Football\Source\Test\FunctionalTests\bin\Automation\net472\GeniusSports.LiveStats.Football.FunctionalTests.dll" adapterTypeName="executor://nunit3testexecutor/" className="GeniusSports.LiveStats.Football.FunctionalTests.Features.PitchScreen.VideoAssistantReferee.CardsVarRegistrationFeature" name="VarBeforeConfirmingTheCard(&quot;2&quot;,&quot;Red&quot;,&quot;1&quot;,null)" />
    </UnitTest>
    <UnitTest name="CardTypeAndReasonUpdate(&quot;Yellow&quot;,&quot;Red&quot;,&quot;Serious Foul Play&quot;,null)" storage="c:\gitlab-runner\builds\wr8mmwyb\0\livestats\livestats.football\source\test\functionaltests\bin\automation\net472\geniussports.livestats.football.functionaltests.dll" id="d6fec4a4-196d-66f2-74a6-e4dfbd15ae52">
      <Execution id="24f82db8-bab9-4455-8b4a-f3eb351d1b48" />
      <TestMethod codeBase="C:\GitLab-Runner\builds\wr8MmWYb\0\LiveStats\LiveStats.Football\Source\Test\FunctionalTests\bin\Automation\net472\GeniusSports.LiveStats.Football.FunctionalTests.dll" adapterTypeName="executor://nunit3testexecutor/" className="GeniusSports.LiveStats.Football.FunctionalTests.Features.PitchScreen.ActionEdits.CardEditFeature" name="CardTypeAndReasonUpdate(&quot;Yellow&quot;,&quot;Red&quot;,&quot;Serious Foul Play&quot;,null)" />
    </UnitTest>
    <UnitTest name="GivenGameInProgress_WhenRegisteringCardForAssistantCouch_ThenCardIsRegisteredForAssistantCoach(Red,1,Red,&quot;Red&quot;)" storage="c:\gitlab-runner\builds\wr8mmwyb\0\livestats\livestats.football\source\test\functionaltests\bin\automation\net472\geniussports.livestats.football.functionaltests.dll" id="1bae435c-6727-c50b-5903-4986a9cbf064">
      <Execution id="3e442188-2c22-40a8-b87e-d23830bea0a4" />
      <TestMethod codeBase="C:\GitLab-Runner\builds\wr8MmWYb\0\LiveStats\LiveStats.Football\Source\Test\FunctionalTests\bin\Automation\net472\GeniusSports.LiveStats.Football.FunctionalTests.dll" adapterTypeName="executor://nunit3testexecutor/" className="GeniusSports.LiveStats.Football.FunctionalTests.Tests.PitchScreen.ActionRegistration.CardRegistrationTests" name="GivenGameInProgress_WhenRegisteringCardForAssistantCouch_ThenCardIsRegisteredForAssistantCoach(Red,1,Red,&quot;Red&quot;)" />
    </UnitTest>
    <UnitTest name="PenaltyRetake(&quot;Penalty Shot On Target&quot;,null)" storage="c:\gitlab-runner\builds\wr8mmwyb\0\livestats\livestats.football\source\test\functionaltests\bin\automation\net472\geniussports.livestats.football.functionaltests.dll" id="0a404afc-7221-6448-ba5d-200f8c23d8ba">
      <Execution id="95a5df3a-0656-4f12-a60b-37dfa09443a5" />
      <TestMethod codeBase="C:\GitLab-Runner\builds\wr8MmWYb\0\LiveStats\LiveStats.Football\Source\Test\FunctionalTests\bin\Automation\net472\GeniusSports.LiveStats.Football.FunctionalTests.dll" adapterTypeName="executor://nunit3testexecutor/" className="GeniusSports.LiveStats.Football.FunctionalTests.Features.PitchScreen.ActionRegistration.PenaltyRegistrationFeature" name="PenaltyRetake(&quot;Penalty Shot On Target&quot;,null)" />
    </UnitTest>
    <UnitTest name="GivenActionRegistered_WhenDeletingFromExpandedActionLog_ThenDeletedPitchLog(Shot)" storage="c:\gitlab-runner\builds\wr8mmwyb\0\livestats\livestats.football\source\test\functionaltests\bin\automation\net472\geniussports.livestats.football.functionaltests.dll" id="c14341cd-e9ef-f28f-acc2-198ed92bdbc9">
      <Execution id="11c29658-718d-4987-9117-d7384038bd42" />
      <TestMethod codeBase="C:\GitLab-Runner\builds\wr8MmWYb\0\LiveStats\LiveStats.Football\Source\Test\FunctionalTests\bin\Automation\net472\GeniusSports.LiveStats.Football.FunctionalTests.dll" adapterTypeName="executor://nunit3testexecutor/" className="GeniusSports.LiveStats.Football.FunctionalTests.Tests.PitchScreen.ActionDeletes.GameActionDeleteTests" name="GivenActionRegistered_WhenDeletingFromExpandedActionLog_ThenDeletedPitchLog(Shot)" />
    </UnitTest>
    <UnitTest name="GivenGame_WhenUpdatingTeamFormations_ThenFormationsUpdated(&quot;4-4-2&quot;,&quot;4-1-4-1&quot;)" storage="c:\gitlab-runner\builds\wr8mmwyb\0\livestats\livestats.football\source\test\functionaltests\bin\automation\net472\geniussports.livestats.football.functionaltests.dll" id="50266b9f-b52f-f595-8d3f-f87d6b567e90">
      <Execution id="fc771e28-56fb-430c-b190-2f338b6a8e44" />
      <TestMethod codeBase="C:\GitLab-Runner\builds\wr8MmWYb\0\LiveStats\LiveStats.Football\Source\Test\FunctionalTests\bin\Automation\net472\GeniusSports.LiveStats.Football.FunctionalTests.dll" adapterTypeName="executor://nunit3testexecutor/" className="GeniusSports.LiveStats.Football.FunctionalTests.Tests.GameSetup.SetupTeamFormationsTests" name="GivenGame_WhenUpdatingTeamFormations_ThenFormationsUpdated(&quot;4-4-2&quot;,&quot;4-1-4-1&quot;)" />
    </UnitTest>
    <UnitTest name="GivenPso_WhenChangingLastPenaltyShootoutKickTeam_ThenTeamForNextShootoutIsChanged" storage="c:\gitlab-runner\builds\wr8mmwyb\0\livestats\livestats.football\source\test\functionaltests\bin\automation\net472\geniussports.livestats.football.functionaltests.dll" id="fd3a580b-8fed-0fa4-ed40-f41aa0936ab3">
      <Execution id="671fb451-6fe6-4a1d-85c8-fa07787c7409" />
      <TestMethod codeBase="C:\GitLab-Runner\builds\wr8MmWYb\0\LiveStats\LiveStats.Football\Source\Test\FunctionalTests\bin\Automation\net472\GeniusSports.LiveStats.Football.FunctionalTests.dll" adapterTypeName="executor://nunit3testexecutor/" className="GeniusSports.LiveStats.Football.FunctionalTests.Tests.PitchScreen.ActionEdits.PenaltyShootoutEditTests" name="GivenPso_WhenChangingLastPenaltyShootoutKickTeam_ThenTeamForNextShootoutIsChanged" />
    </UnitTest>
    <UnitTest name="GivenPsokWithInterruption_WhenPsoKicked_ThenInterruptionIsCanceled" storage="c:\gitlab-runner\builds\wr8mmwyb\0\livestats\livestats.football\source\test\functionaltests\bin\automation\net472\geniussports.livestats.football.functionaltests.dll" id="25ed4304-0d0a-563f-db47-a3a7ca682118">
      <Execution id="17b2be04-6af0-451f-b0d3-e8dfae366ba7" />
      <TestMethod codeBase="C:\GitLab-Runner\builds\wr8MmWYb\0\LiveStats\LiveStats.Football\Source\Test\FunctionalTests\bin\Automation\net472\GeniusSports.LiveStats.Football.FunctionalTests.dll" adapterTypeName="executor://nunit3testexecutor/" className="GeniusSports.LiveStats.Football.FunctionalTests.Tests.PitchScreen.GameMessages.GameInterruptionTests" name="GivenPsokWithInterruption_WhenPsoKicked_ThenInterruptionIsCanceled" />
    </UnitTest>
    <UnitTest name="GivenGoalKick_WhenEditingToKickOffTime_ThenCannotMoveBeforeKickOff" storage="c:\gitlab-runner\builds\wr8mmwyb\0\livestats\livestats.football\source\test\functionaltests\bin\automation\net472\geniussports.livestats.football.functionaltests.dll" id="457431ad-3e56-d876-aebe-2281d76b36c4">
      <Execution id="ff9a6743-5a0f-4b27-b854-c704e4be643f" />
      <TestMethod codeBase="C:\GitLab-Runner\builds\wr8MmWYb\0\LiveStats\LiveStats.Football\Source\Test\FunctionalTests\bin\Automation\net472\GeniusSports.LiveStats.Football.FunctionalTests.dll" adapterTypeName="executor://nunit3testexecutor/" className="GeniusSports.LiveStats.Football.FunctionalTests.Tests.PitchScreen.ActionEdits.ActionContainersAreAutomaticallyReorderedTests" name="GivenGoalKick_WhenEditingToKickOffTime_ThenCannotMoveBeforeKickOff" />
    </UnitTest>
    <UnitTest name="GivenGameInProgressWithActiveCouch_WhenDeactivatingCouchWithInvalidData_ThenPitchShown" storage="c:\gitlab-runner\builds\wr8mmwyb\0\livestats\livestats.football\source\test\functionaltests\bin\automation\net472\geniussports.livestats.football.functionaltests.dll" id="21e58dad-c869-061e-8d4b-897f231f8f4e">
      <Execution id="6f69e27a-633b-4453-9467-bd87b42f95c3" />
      <TestMethod codeBase="C:\GitLab-Runner\builds\wr8MmWYb\0\LiveStats\LiveStats.Football\Source\Test\FunctionalTests\bin\Automation\net472\GeniusSports.LiveStats.Football.FunctionalTests.dll" adapterTypeName="executor://nunit3testexecutor/" className="GeniusSports.LiveStats.Football.FunctionalTests.Tests.GameSetup.EditGameSetupTests" name="GivenGameInProgressWithActiveCouch_WhenDeactivatingCouchWithInvalidData_ThenPitchShown" />
    </UnitTest>
    <UnitTest name="SelectVarOnFirstStepOfRecordCardWorkflow(&quot;2&quot;,&quot;Yellow&quot;,null)" storage="c:\gitlab-runner\builds\wr8mmwyb\0\livestats\livestats.football\source\test\functionaltests\bin\automation\net472\geniussports.livestats.football.functionaltests.dll" id="09ceba7c-dcc6-b9c1-a812-b416649d8906">
      <Execution id="55a1bbee-8970-49f0-977a-c76d3e9818f8" />
      <TestMethod codeBase="C:\GitLab-Runner\builds\wr8MmWYb\0\LiveStats\LiveStats.Football\Source\Test\FunctionalTests\bin\Automation\net472\GeniusSports.LiveStats.Football.FunctionalTests.dll" adapterTypeName="executor://nunit3testexecutor/" className="GeniusSports.LiveStats.Football.FunctionalTests.Features.PitchScreen.VideoAssistantReferee.CardsVarRegistrationFeature" name="SelectVarOnFirstStepOfRecordCardWorkflow(&quot;2&quot;,&quot;Yellow&quot;,null)" />
    </UnitTest>
    <UnitTest name="CannotProceedIfOnlyOneNameFieldIsPopulatedForOfficialRow" storage="c:\gitlab-runner\builds\wr8mmwyb\0\livestats\livestats.football\source\test\functionaltests\bin\automation\net472\geniussports.livestats.football.functionaltests.dll" id="9d8aeece-6b57-25d1-6659-a1fd0f75ce6a">
      <Execution id="830827d5-14ff-4536-9aed-b1eb0b319cff" />
      <TestMethod codeBase="C:\GitLab-Runner\builds\wr8MmWYb\0\LiveStats\LiveStats.Football\Source\Test\FunctionalTests\bin\Automation\net472\GeniusSports.LiveStats.Football.FunctionalTests.dll" adapterTypeName="executor://nunit3testexecutor/" className="GeniusSports.LiveStats.Football.FunctionalTests.Features.GameSetup.SetupGeneralGameInformationFeature" name="CannotProceedIfOnlyOneNameFieldIsPopulatedForOfficialRow" />
    </UnitTest>
    <UnitTest name="PenaltyShootoutShot_OnMiss(&quot;2&quot;,&quot;1&quot;,&quot;10&quot;,&quot;50&quot;,&quot;8&quot;,&quot;11&quot;,null)" storage="c:\gitlab-runner\builds\wr8mmwyb\0\livestats\livestats.football\source\test\functionaltests\bin\automation\net472\geniussports.livestats.football.functionaltests.dll" id="cd0d440a-1e33-0734-0152-97341ad9d19b">
      <Execution id="7453ce11-26aa-4d80-aba4-f77512364e7b" />
      <TestMethod codeBase="C:\GitLab-Runner\builds\wr8MmWYb\0\LiveStats\LiveStats.Football\Source\Test\FunctionalTests\bin\Automation\net472\GeniusSports.LiveStats.Football.FunctionalTests.dll" adapterTypeName="executor://nunit3testexecutor/" className="GeniusSports.LiveStats.Football.FunctionalTests.Features.PitchScreen.ActionRegistration.PenaltyShootoutRecordFeature" name="PenaltyShootoutShot_OnMiss(&quot;2&quot;,&quot;1&quot;,&quot;10&quot;,&quot;50&quot;,&quot;8&quot;,&quot;11&quot;,null)" />
    </UnitTest>
    <UnitTest name="CorrectEditUnflagsCard" storage="c:\gitlab-runner\builds\wr8mmwyb\0\livestats\livestats.football\source\test\functionaltests\bin\automation\net472\geniussports.livestats.football.functionaltests.dll" id="daa58567-4168-4597-01b1-3549fe008ec4">
      <Execution id="b455c7b7-7e01-4f7c-aaed-42429cf58b95" />
      <TestMethod codeBase="C:\GitLab-Runner\builds\wr8MmWYb\0\LiveStats\LiveStats.Football\Source\Test\FunctionalTests\bin\Automation\net472\GeniusSports.LiveStats.Football.FunctionalTests.dll" adapterTypeName="executor://nunit3testexecutor/" className="GeniusSports.LiveStats.Football.FunctionalTests.Features.PitchScreen.Flagging.ExcessiveYellowCardsFlaggerTestsFeature" name="CorrectEditUnflagsCard" />
    </UnitTest>
    <UnitTest name="FlaggedFilterShowsNonUserFlags" storage="c:\gitlab-runner\builds\wr8mmwyb\0\livestats\livestats.football\source\test\functionaltests\bin\automation\net472\geniussports.livestats.football.functionaltests.dll" id="dc0f48ee-8a73-73a1-3620-377815e34fac">
      <Execution id="cbb58e73-3a55-4941-8062-9c5806afff7b" />
      <TestMethod codeBase="C:\GitLab-Runner\builds\wr8MmWYb\0\LiveStats\LiveStats.Football\Source\Test\FunctionalTests\bin\Automation\net472\GeniusSports.LiveStats.Football.FunctionalTests.dll" adapterTypeName="executor://nunit3testexecutor/" className="GeniusSports.LiveStats.Football.FunctionalTests.Features.PitchScreen.Filters.FlaggedFilterFeature" name="FlaggedFilterShowsNonUserFlags" />
    </UnitTest>
    <UnitTest name="GivenActionRegistered_WhenDeletingFromExpandedActionLog_ThenDeletedInExpanded(Substitution)" storage="c:\gitlab-runner\builds\wr8mmwyb\0\livestats\livestats.football\source\test\functionaltests\bin\automation\net472\geniussports.livestats.football.functionaltests.dll" id="592d80d2-b6ca-526a-29b7-e2fae05428e8">
      <Execution id="a20da154-3095-4012-ac49-7a8eead4a300" />
      <TestMethod codeBase="C:\GitLab-Runner\builds\wr8MmWYb\0\LiveStats\LiveStats.Football\Source\Test\FunctionalTests\bin\Automation\net472\GeniusSports.LiveStats.Football.FunctionalTests.dll" adapterTypeName="executor://nunit3testexecutor/" className="GeniusSports.LiveStats.Football.FunctionalTests.Tests.PitchScreen.ActionDeletes.GameActionDeleteTests" name="GivenActionRegistered_WhenDeletingFromExpandedActionLog_ThenDeletedInExpanded(Substitution)" />
    </UnitTest>
    <UnitTest name="RedCardsFilterInExpandedLogShowOnlyRedCards" storage="c:\gitlab-runner\builds\wr8mmwyb\0\livestats\livestats.football\source\test\functionaltests\bin\automation\net472\geniussports.livestats.football.functionaltests.dll" id="eee8025f-7c48-bd89-335b-3320e701defc">
      <Execution id="a2884201-fc48-42cd-988f-afdea9be1493" />
      <TestMethod codeBase="C:\GitLab-Runner\builds\wr8MmWYb\0\LiveStats\LiveStats.Football\Source\Test\FunctionalTests\bin\Automation\net472\GeniusSports.LiveStats.Football.FunctionalTests.dll" adapterTypeName="executor://nunit3testexecutor/" className="GeniusSports.LiveStats.Football.FunctionalTests.Features.PitchScreen.Filters.CardsFilterFeature" name="RedCardsFilterInExpandedLogShowOnlyRedCards" />
    </UnitTest>
    <UnitTest name="AllowToSavePenaltyWithMissingDataWhenOverturedByVAR" storage="c:\gitlab-runner\builds\wr8mmwyb\0\livestats\livestats.football\source\test\functionaltests\bin\automation\net472\geniussports.livestats.football.functionaltests.dll" id="92e5e17e-3edd-20d0-9b06-0034c762369e">
      <Execution id="b0802294-b1dc-410f-8a69-be5aef858979" />
      <TestMethod codeBase="C:\GitLab-Runner\builds\wr8MmWYb\0\LiveStats\LiveStats.Football\Source\Test\FunctionalTests\bin\Automation\net472\GeniusSports.LiveStats.Football.FunctionalTests.dll" adapterTypeName="executor://nunit3testexecutor/" className="GeniusSports.LiveStats.Football.FunctionalTests.Features.PitchScreen.ActionEdits.PenaltyEditFeature" name="AllowToSavePenaltyWithMissingDataWhenOverturedByVAR" />
    </UnitTest>
    <UnitTest name="EditGoalWithVARInGoalFirstStep(&quot;Offside&quot;,null)" storage="c:\gitlab-runner\builds\wr8mmwyb\0\livestats\livestats.football\source\test\functionaltests\bin\automation\net472\geniussports.livestats.football.functionaltests.dll" id="fccff3fd-46d8-d47f-84f5-cad0cdc16ad3">
      <Execution id="af0cea02-98df-461f-ab3c-3608e16499a8" />
      <TestMethod codeBase="C:\GitLab-Runner\builds\wr8MmWYb\0\LiveStats\LiveStats.Football\Source\Test\FunctionalTests\bin\Automation\net472\GeniusSports.LiveStats.Football.FunctionalTests.dll" adapterTypeName="executor://nunit3testexecutor/" className="GeniusSports.LiveStats.Football.FunctionalTests.Features.PitchScreen.ActionEdits.GoalEditFeature" name="EditGoalWithVARInGoalFirstStep(&quot;Offside&quot;,null)" />
    </UnitTest>
    <UnitTest name="AfterPenaltyShootOutKickRetakeIsPossibleToSelectSamePenaltyOutcome(&quot;Penalty Goal&quot;,null)" storage="c:\gitlab-runner\builds\wr8mmwyb\0\livestats\livestats.football\source\test\functionaltests\bin\automation\net472\geniussports.livestats.football.functionaltests.dll" id="c29c98de-0771-fe59-8178-aee2a68bbd44">
      <Execution id="5e372208-ef8a-4a87-841b-327e056b481a" />
      <TestMethod codeBase="C:\GitLab-Runner\builds\wr8MmWYb\0\LiveStats\LiveStats.Football\Source\Test\FunctionalTests\bin\Automation\net472\GeniusSports.LiveStats.Football.FunctionalTests.dll" adapterTypeName="executor://nunit3testexecutor/" className="GeniusSports.LiveStats.Football.FunctionalTests.Features.PitchScreen.ActionRegistration.PenaltyShootoutRecordFeature" name="AfterPenaltyShootOutKickRetakeIsPossibleToSelectSamePenaltyOutcome(&quot;Penalty Goal&quot;,null)" />
    </UnitTest>
    <UnitTest name="ChangePenaltyShotLocation" storage="c:\gitlab-runner\builds\wr8mmwyb\0\livestats\livestats.football\source\test\functionaltests\bin\automation\net472\geniussports.livestats.football.functionaltests.dll" id="dbe22186-d10c-320b-995f-ef38724627d0">
      <Execution id="64dd23be-56ed-4276-8c70-4b6e07575fed" />
      <TestMethod codeBase="C:\GitLab-Runner\builds\wr8MmWYb\0\LiveStats\LiveStats.Football\Source\Test\FunctionalTests\bin\Automation\net472\GeniusSports.LiveStats.Football.FunctionalTests.dll" adapterTypeName="executor://nunit3testexecutor/" className="GeniusSports.LiveStats.Football.FunctionalTests.Features.PitchScreen.ActionEdits.PenaltyEditFeature" name="ChangePenaltyShotLocation" />
    </UnitTest>
    <UnitTest name="InsertBlockedShotAfterBeforeLastAction" storage="c:\gitlab-runner\builds\wr8mmwyb\0\livestats\livestats.football\source\test\functionaltests\bin\automation\net472\geniussports.livestats.football.functionaltests.dll" id="5238ca88-bc0d-5cca-5b73-20c0fbd8597b">
      <Execution id="90ccd982-abb7-45f5-891a-6bdcf568f94c" />
      <TestMethod codeBase="C:\GitLab-Runner\builds\wr8MmWYb\0\LiveStats\LiveStats.Football\Source\Test\FunctionalTests\bin\Automation\net472\GeniusSports.LiveStats.Football.FunctionalTests.dll" adapterTypeName="executor://nunit3testexecutor/" className="GeniusSports.LiveStats.Football.FunctionalTests.Features.PitchScreen.ActionInserts.ShotInsertFeature" name="InsertBlockedShotAfterBeforeLastAction" />
    </UnitTest>
    <UnitTest name="SelectCard(&quot;Yellow&quot;,&quot;Yellow&quot;,null)" storage="c:\gitlab-runner\builds\wr8mmwyb\0\livestats\livestats.football\source\test\functionaltests\bin\automation\net472\geniussports.livestats.football.functionaltests.dll" id="c74ffe54-2bb8-fe11-802b-11dfa7f4c0e8">
      <Execution id="68bea65b-75a3-45f2-8923-5ec7b060b3c3" />
      <TestMethod codeBase="C:\GitLab-Runner\builds\wr8MmWYb\0\LiveStats\LiveStats.Football\Source\Test\FunctionalTests\bin\Automation\net472\GeniusSports.LiveStats.Football.FunctionalTests.dll" adapterTypeName="executor://nunit3testexecutor/" className="GeniusSports.LiveStats.Football.FunctionalTests.Features.PitchScreen.ActionRegistration.CardRegistrationFeature" name="SelectCard(&quot;Yellow&quot;,&quot;Yellow&quot;,null)" />
    </UnitTest>
    <UnitTest name="CancelGoalInsert" storage="c:\gitlab-runner\builds\wr8mmwyb\0\livestats\livestats.football\source\test\functionaltests\bin\automation\net472\geniussports.livestats.football.functionaltests.dll" id="bdf44010-b43d-adf1-5547-2534d0eae7c4">
      <Execution id="a5b21050-5e62-4dd8-b3cd-d8c90dd07e56" />
      <TestMethod codeBase="C:\GitLab-Runner\builds\wr8MmWYb\0\LiveStats\LiveStats.Football\Source\Test\FunctionalTests\bin\Automation\net472\GeniusSports.LiveStats.Football.FunctionalTests.dll" adapterTypeName="executor://nunit3testexecutor/" className="GeniusSports.LiveStats.Football.FunctionalTests.Features.PitchScreen.ActionInserts.InsertGoalFeature" name="CancelGoalInsert" />
    </UnitTest>
    <UnitTest name="EditActionTime" storage="c:\gitlab-runner\builds\wr8mmwyb\0\livestats\livestats.football\source\test\functionaltests\bin\automation\net472\geniussports.livestats.football.functionaltests.dll" id="f07df440-d472-657b-f285-d46525476c4a">
      <Execution id="d56e655d-3d16-4cdb-a53f-03476e9b2d85" />
      <TestMethod codeBase="C:\GitLab-Runner\builds\wr8MmWYb\0\LiveStats\LiveStats.Football\Source\Test\FunctionalTests\bin\Automation\net472\GeniusSports.LiveStats.Football.FunctionalTests.dll" adapterTypeName="executor://nunit3testexecutor/" className="GeniusSports.LiveStats.Football.FunctionalTests.Features.PitchScreen.ActionEdits.EditAddedTimeFeature" name="EditActionTime" />
    </UnitTest>
    <UnitTest name="GivenGameFinished_ThenGameFinalizeIsAvailable" storage="c:\gitlab-runner\builds\wr8mmwyb\0\livestats\livestats.football\source\test\functionaltests\bin\automation\net472\geniussports.livestats.football.functionaltests.dll" id="e63b80f4-a542-adfd-8bf6-d9ceb9cbfada">
      <Execution id="d91c84f9-51b4-494e-8d28-c24576773dcf" />
      <TestMethod codeBase="C:\GitLab-Runner\builds\wr8MmWYb\0\LiveStats\LiveStats.Football\Source\Test\FunctionalTests\bin\Automation\net472\GeniusSports.LiveStats.Football.FunctionalTests.dll" adapterTypeName="executor://nunit3testexecutor/" className="GeniusSports.LiveStats.Football.FunctionalTests.Tests.PitchScreen.MatchCanBeFinalizedTests" name="GivenGameFinished_ThenGameFinalizeIsAvailable" />
    </UnitTest>
    <UnitTest name="ClearShotIsVisibleInGoalInsert(&quot;adjust&quot;,null)" storage="c:\gitlab-runner\builds\wr8mmwyb\0\livestats\livestats.football\source\test\functionaltests\bin\automation\net472\geniussports.livestats.football.functionaltests.dll" id="180ddb40-5d57-80dd-86e5-d2d247b50e5f">
      <Execution id="27e460c6-ff61-4495-9a65-03c95b0b54ec" />
      <TestMethod codeBase="C:\GitLab-Runner\builds\wr8MmWYb\0\LiveStats\LiveStats.Football\Source\Test\FunctionalTests\bin\Automation\net472\GeniusSports.LiveStats.Football.FunctionalTests.dll" adapterTypeName="executor://nunit3testexecutor/" className="GeniusSports.LiveStats.Football.FunctionalTests.Features.PitchScreen.ActionInserts.InsertGoalFeature" name="ClearShotIsVisibleInGoalInsert(&quot;adjust&quot;,null)" />
    </UnitTest>
    <UnitTest name="CancellingGoalWorkflowResumesFreeKickWorkflow(&quot;taken&quot;,&quot;1&quot;,null)" storage="c:\gitlab-runner\builds\wr8mmwyb\0\livestats\livestats.football\source\test\functionaltests\bin\automation\net472\geniussports.livestats.football.functionaltests.dll" id="bb7f604a-8cc3-3c56-03bd-c533e2cd59bb">
      <Execution id="02ca47cd-dbba-4a9b-ac2f-db95a78e8121" />
      <TestMethod codeBase="C:\GitLab-Runner\builds\wr8MmWYb\0\LiveStats\LiveStats.Football\Source\Test\FunctionalTests\bin\Automation\net472\GeniusSports.LiveStats.Football.FunctionalTests.dll" adapterTypeName="executor://nunit3testexecutor/" className="GeniusSports.LiveStats.Football.FunctionalTests.Features.PitchScreen.ActionRegistration.GoalRegistrationFromFreeKickFeature" name="CancellingGoalWorkflowResumesFreeKickWorkflow(&quot;taken&quot;,&quot;1&quot;,null)" />
    </UnitTest>
    <UnitTest name="GivenGameIsFinished_WhenRegisteringCard_CardIsRegistered" storage="c:\gitlab-runner\builds\wr8mmwyb\0\livestats\livestats.football\source\test\functionaltests\bin\automation\net472\geniussports.livestats.football.functionaltests.dll" id="9282e98f-a41a-55e1-55ef-0b141ce67829">
      <Execution id="f2cefc30-2b06-4afc-ae99-3a26445c1013" />
      <TestMethod codeBase="C:\GitLab-Runner\builds\wr8MmWYb\0\LiveStats\LiveStats.Football\Source\Test\FunctionalTests\bin\Automation\net472\GeniusSports.LiveStats.Football.FunctionalTests.dll" adapterTypeName="executor://nunit3testexecutor/" className="GeniusSports.LiveStats.Football.FunctionalTests.Tests.CardsInNotActivePhaseRegistrationTests" name="GivenGameIsFinished_WhenRegisteringCard_CardIsRegistered" />
    </UnitTest>
    <UnitTest name="GivenDelayDialogPresent_WhenCancelingDialog_ThenClosesAndDoesntSetDelay" storage="c:\gitlab-runner\builds\wr8mmwyb\0\livestats\livestats.football\source\test\functionaltests\bin\automation\net472\geniussports.livestats.football.functionaltests.dll" id="bf35735d-d699-c727-e807-963731ad9661">
      <Execution id="a4c3ecfe-c2ac-4494-b394-1043d65f2313" />
      <TestMethod codeBase="C:\GitLab-Runner\builds\wr8MmWYb\0\LiveStats\LiveStats.Football\Source\Test\FunctionalTests\bin\Automation\net472\GeniusSports.LiveStats.Football.FunctionalTests.dll" adapterTypeName="executor://nunit3testexecutor/" className="GeniusSports.LiveStats.Football.FunctionalTests.Tests.PitchScreen.GameMessages.GameDelayTests" name="GivenDelayDialogPresent_WhenCancelingDialog_ThenClosesAndDoesntSetDelay" />
    </UnitTest>
    <UnitTest name="SelectAssistByTeamInGoalInsert" storage="c:\gitlab-runner\builds\wr8mmwyb\0\livestats\livestats.football\source\test\functionaltests\bin\automation\net472\geniussports.livestats.football.functionaltests.dll" id="5b791213-f2d8-6134-e806-cb0d0397583c">
      <Execution id="d4f5ebd2-1299-4db6-a61f-59ef6fd673b0" />
      <TestMethod codeBase="C:\GitLab-Runner\builds\wr8MmWYb\0\LiveStats\LiveStats.Football\Source\Test\FunctionalTests\bin\Automation\net472\GeniusSports.LiveStats.Football.FunctionalTests.dll" adapterTypeName="executor://nunit3testexecutor/" className="GeniusSports.LiveStats.Football.FunctionalTests.Features.PitchScreen.ActionInserts.InsertGoalFeature" name="SelectAssistByTeamInGoalInsert" />
    </UnitTest>
    <UnitTest name="GivenActionRegistered_WhenDeletingFromExpandedActionLog_ThenDeletedPitchLog(FreeKick)" storage="c:\gitlab-runner\builds\wr8mmwyb\0\livestats\livestats.football\source\test\functionaltests\bin\automation\net472\geniussports.livestats.football.functionaltests.dll" id="d2a97e96-3756-f88f-183f-f8ff17fcffad">
      <Execution id="bd946e2d-1770-45c8-9b99-543f6d4d1890" />
      <TestMethod codeBase="C:\GitLab-Runner\builds\wr8MmWYb\0\LiveStats\LiveStats.Football\Source\Test\FunctionalTests\bin\Automation\net472\GeniusSports.LiveStats.Football.FunctionalTests.dll" adapterTypeName="executor://nunit3testexecutor/" className="GeniusSports.LiveStats.Football.FunctionalTests.Tests.PitchScreen.ActionDeletes.GameActionDeleteTests" name="GivenActionRegistered_WhenDeletingFromExpandedActionLog_ThenDeletedPitchLog(FreeKick)" />
    </UnitTest>
    <UnitTest name="AddedTimeActionFlagCanBeReviewedInActionEditScreen" storage="c:\gitlab-runner\builds\wr8mmwyb\0\livestats\livestats.football\source\test\functionaltests\bin\automation\net472\geniussports.livestats.football.functionaltests.dll" id="3242b08a-8c53-6305-a1a6-4d41edc1a585">
      <Execution id="b1fd69ea-d7c3-41e8-9300-a2e4a638c98b" />
      <TestMethod codeBase="C:\GitLab-Runner\builds\wr8MmWYb\0\LiveStats\LiveStats.Football\Source\Test\FunctionalTests\bin\Automation\net472\GeniusSports.LiveStats.Football.FunctionalTests.dll" adapterTypeName="executor://nunit3testexecutor/" className="GeniusSports.LiveStats.Football.FunctionalTests.Features.PitchScreen.Flagging.AddManualFlagFeature" name="AddedTimeActionFlagCanBeReviewedInActionEditScreen" />
    </UnitTest>
    <UnitTest name="GivenShotStarted_WhenSelectingShotBlocked_ThenShotFinished" storage="c:\gitlab-runner\builds\wr8mmwyb\0\livestats\livestats.football\source\test\functionaltests\bin\automation\net472\geniussports.livestats.football.functionaltests.dll" id="e8e95448-281b-aec0-b668-da2e28f01232">
      <Execution id="c38530ec-09d9-48e6-9db4-58aff3a7c96d" />
      <TestMethod codeBase="C:\GitLab-Runner\builds\wr8MmWYb\0\LiveStats\LiveStats.Football\Source\Test\FunctionalTests\bin\Automation\net472\GeniusSports.LiveStats.Football.FunctionalTests.dll" adapterTypeName="executor://nunit3testexecutor/" className="GeniusSports.LiveStats.Football.FunctionalTests.Tests.PitchScreen.ActionRegistration.ShotRegistrationTests" name="GivenShotStarted_WhenSelectingShotBlocked_ThenShotFinished" />
    </UnitTest>
    <UnitTest name="CancellingGoalWorkflowResumesFreeKickWorkflow(&quot;foul on&quot;,&quot;2&quot;,null)" storage="c:\gitlab-runner\builds\wr8mmwyb\0\livestats\livestats.football\source\test\functionaltests\bin\automation\net472\geniussports.livestats.football.functionaltests.dll" id="106eebc6-6d29-7cdb-8a0b-513c465d3403">
      <Execution id="254a7669-32b2-45ac-8970-14a5d85cc6ad" />
      <TestMethod codeBase="C:\GitLab-Runner\builds\wr8MmWYb\0\LiveStats\LiveStats.Football\Source\Test\FunctionalTests\bin\Automation\net472\GeniusSports.LiveStats.Football.FunctionalTests.dll" adapterTypeName="executor://nunit3testexecutor/" className="GeniusSports.LiveStats.Football.FunctionalTests.Features.PitchScreen.ActionRegistration.GoalRegistrationFromFreeKickFeature" name="CancellingGoalWorkflowResumesFreeKickWorkflow(&quot;foul on&quot;,&quot;2&quot;,null)" />
    </UnitTest>
    <UnitTest name="DeleteCardAfterSelectingCoach(&quot;Red&quot;,&quot;Red&quot;,&quot;Red&quot;,null)" storage="c:\gitlab-runner\builds\wr8mmwyb\0\livestats\livestats.football\source\test\functionaltests\bin\automation\net472\geniussports.livestats.football.functionaltests.dll" id="ecc3c336-73a1-207b-b118-01c7f31bd0f7">
      <Execution id="dd046af1-12d4-4f80-93b4-14fbed872f72" />
      <TestMethod codeBase="C:\GitLab-Runner\builds\wr8MmWYb\0\LiveStats\LiveStats.Football\Source\Test\FunctionalTests\bin\Automation\net472\GeniusSports.LiveStats.Football.FunctionalTests.dll" adapterTypeName="executor://nunit3testexecutor/" className="GeniusSports.LiveStats.Football.FunctionalTests.Features.PitchScreen.ActionRegistration.CardRegistrationFeature" name="DeleteCardAfterSelectingCoach(&quot;Red&quot;,&quot;Red&quot;,&quot;Red&quot;,null)" />
    </UnitTest>
    <UnitTest name="SelectVarOnFirstStepOfRecordCardWorkflow(&quot;1&quot;,&quot;Red&quot;,null)" storage="c:\gitlab-runner\builds\wr8mmwyb\0\livestats\livestats.football\source\test\functionaltests\bin\automation\net472\geniussports.livestats.football.functionaltests.dll" id="77ce66c9-e663-9aa5-83a3-d82f06f308f8">
      <Execution id="d6e1fce4-bfa0-4c7e-859f-c4d0d8f6768d" />
      <TestMethod codeBase="C:\GitLab-Runner\builds\wr8MmWYb\0\LiveStats\LiveStats.Football\Source\Test\FunctionalTests\bin\Automation\net472\GeniusSports.LiveStats.Football.FunctionalTests.dll" adapterTypeName="executor://nunit3testexecutor/" className="GeniusSports.LiveStats.Football.FunctionalTests.Features.PitchScreen.VideoAssistantReferee.CardsVarRegistrationFeature" name="SelectVarOnFirstStepOfRecordCardWorkflow(&quot;1&quot;,&quot;Red&quot;,null)" />
    </UnitTest>
    <UnitTest name="CardReasonUpdate(&quot;Red&quot;,&quot;Denied Goalscoring Chance&quot;,null)" storage="c:\gitlab-runner\builds\wr8mmwyb\0\livestats\livestats.football\source\test\functionaltests\bin\automation\net472\geniussports.livestats.football.functionaltests.dll" id="a734f1cd-c30f-c348-4df2-8992e5cb9d89">
      <Execution id="d9ec1198-5590-40e4-ab7b-845d26fbb70e" />
      <TestMethod codeBase="C:\GitLab-Runner\builds\wr8MmWYb\0\LiveStats\LiveStats.Football\Source\Test\FunctionalTests\bin\Automation\net472\GeniusSports.LiveStats.Football.FunctionalTests.dll" adapterTypeName="executor://nunit3testexecutor/" className="GeniusSports.LiveStats.Football.FunctionalTests.Features.PitchScreen.ActionEdits.CardEditFeature" name="CardReasonUpdate(&quot;Red&quot;,&quot;Denied Goalscoring Chance&quot;,null)" />
    </UnitTest>
    <UnitTest name="GivenTeamAssistantCouchWithYellowCard_WhenSettingCouchInactive_ThenErrorIsShown" storage="c:\gitlab-runner\builds\wr8mmwyb\0\livestats\livestats.football\source\test\functionaltests\bin\automation\net472\geniussports.livestats.football.functionaltests.dll" id="d6944ee2-ddaa-8328-1f31-7f9c8412b776">
      <Execution id="17f00310-3e92-4b60-b302-c9f07ec0b39c" />
      <TestMethod codeBase="C:\GitLab-Runner\builds\wr8MmWYb\0\LiveStats\LiveStats.Football\Source\Test\FunctionalTests\bin\Automation\net472\GeniusSports.LiveStats.Football.FunctionalTests.dll" adapterTypeName="executor://nunit3testexecutor/" className="GeniusSports.LiveStats.Football.FunctionalTests.Tests.GameSetup.EditGameSetupTests" name="GivenTeamAssistantCouchWithYellowCard_WhenSettingCouchInactive_ThenErrorIsShown" />
    </UnitTest>
    <UnitTest name="GivenExpandedActionLog_WhenInsertingGoalBeforeWithAssistAndVar_ThenInsertsCorrectly" storage="c:\gitlab-runner\builds\wr8mmwyb\0\livestats\livestats.football\source\test\functionaltests\bin\automation\net472\geniussports.livestats.football.functionaltests.dll" id="e2df0604-0141-4df6-2cf0-39bc905357b5">
      <Execution id="410ea00a-1d2e-42eb-be7e-96dd77b659e4" />
      <TestMethod codeBase="C:\GitLab-Runner\builds\wr8MmWYb\0\LiveStats\LiveStats.Football\Source\Test\FunctionalTests\bin\Automation\net472\GeniusSports.LiveStats.Football.FunctionalTests.dll" adapterTypeName="executor://nunit3testexecutor/" className="GeniusSports.LiveStats.Football.FunctionalTests.Tests.PitchScreen.ActionInserts.InsertGoalTests" name="GivenExpandedActionLog_WhenInsertingGoalBeforeWithAssistAndVar_ThenInsertsCorrectly" />
    </UnitTest>
    <UnitTest name="GivenGoalKickRegistered_WhenUpdatingGoalTakenFromLocation_ThenUpdatesSuccessfully" storage="c:\gitlab-runner\builds\wr8mmwyb\0\livestats\livestats.football\source\test\functionaltests\bin\automation\net472\geniussports.livestats.football.functionaltests.dll" id="5a1040a6-1f43-40aa-3c1a-d05cf0251cf2">
      <Execution id="3e140ddc-f5bf-4a88-b334-a27b0846a509" />
      <TestMethod codeBase="C:\GitLab-Runner\builds\wr8MmWYb\0\LiveStats\LiveStats.Football\Source\Test\FunctionalTests\bin\Automation\net472\GeniusSports.LiveStats.Football.FunctionalTests.dll" adapterTypeName="executor://nunit3testexecutor/" className="GeniusSports.LiveStats.Football.FunctionalTests.Tests.PitchScreen.ActionEdits.GoalKickEditTests" name="GivenGoalKickRegistered_WhenUpdatingGoalTakenFromLocation_ThenUpdatesSuccessfully" />
    </UnitTest>
    <UnitTest name="GivenFreeKickRegistered_WhenEditingFreeKickTimeToBeLatest_ThenContainerMovedToTop" storage="c:\gitlab-runner\builds\wr8mmwyb\0\livestats\livestats.football\source\test\functionaltests\bin\automation\net472\geniussports.livestats.football.functionaltests.dll" id="7d625488-5b7f-bd24-1103-e5546d8fc643">
      <Execution id="061b1211-8899-4132-a247-2067ba5a34fc" />
      <TestMethod codeBase="C:\GitLab-Runner\builds\wr8MmWYb\0\LiveStats\LiveStats.Football\Source\Test\FunctionalTests\bin\Automation\net472\GeniusSports.LiveStats.Football.FunctionalTests.dll" adapterTypeName="executor://nunit3testexecutor/" className="GeniusSports.LiveStats.Football.FunctionalTests.Tests.PitchScreen.ActionEdits.ActionContainersAreAutomaticallyReorderedTests" name="GivenFreeKickRegistered_WhenEditingFreeKickTimeToBeLatest_ThenContainerMovedToTop" />
    </UnitTest>
    <UnitTest name="GivenPsoStarted_WhenDeletingPsoKickOff_ThenPsoPending" storage="c:\gitlab-runner\builds\wr8mmwyb\0\livestats\livestats.football\source\test\functionaltests\bin\automation\net472\geniussports.livestats.football.functionaltests.dll" id="0ceb62cb-e4d0-2213-b2e5-004793d74119">
      <Execution id="9b845037-054f-4aca-ac1d-eab6830b57a5" />
      <TestMethod codeBase="C:\GitLab-Runner\builds\wr8MmWYb\0\LiveStats\LiveStats.Football\Source\Test\FunctionalTests\bin\Automation\net472\GeniusSports.LiveStats.Football.FunctionalTests.dll" adapterTypeName="executor://nunit3testexecutor/" className="GeniusSports.LiveStats.Football.FunctionalTests.Tests.PitchScreen.ActionDeletes.KickOffsDeleteTests" name="GivenPsoStarted_WhenDeletingPsoKickOff_ThenPsoPending" />
    </UnitTest>
    <UnitTest name="GivenGameInProgress_WhenUpdatingPlayersWithActions_ThenPlayerIsUpdated" storage="c:\gitlab-runner\builds\wr8mmwyb\0\livestats\livestats.football\source\test\functionaltests\bin\automation\net472\geniussports.livestats.football.functionaltests.dll" id="14b020e4-ba33-71d6-d2c0-4e490d69da19">
      <Execution id="22e3be82-6bd6-401b-a47d-3cb356ff1952" />
      <TestMethod codeBase="C:\GitLab-Runner\builds\wr8MmWYb\0\LiveStats\LiveStats.Football\Source\Test\FunctionalTests\bin\Automation\net472\GeniusSports.LiveStats.Football.FunctionalTests.dll" adapterTypeName="executor://nunit3testexecutor/" className="GeniusSports.LiveStats.Football.FunctionalTests.Tests.GameSetup.EditGameSetupTests" name="GivenGameInProgress_WhenUpdatingPlayersWithActions_ThenPlayerIsUpdated" />
    </UnitTest>
    <UnitTest name="InsertSubstitutionAfterOrBeforeLastEvent(&quot;after&quot;,&quot;0035&quot;,&quot;00:35&quot;,&quot;1&quot;,&quot;2&quot;,null)" storage="c:\gitlab-runner\builds\wr8mmwyb\0\livestats\livestats.football\source\test\functionaltests\bin\automation\net472\geniussports.livestats.football.functionaltests.dll" id="ca9891f0-25c1-0c6f-1e90-eda587dd06fd">
      <Execution id="94d1ed33-ffa1-4a62-92c7-39c7c5087e06" />
      <TestMethod codeBase="C:\GitLab-Runner\builds\wr8MmWYb\0\LiveStats\LiveStats.Football\Source\Test\FunctionalTests\bin\Automation\net472\GeniusSports.LiveStats.Football.FunctionalTests.dll" adapterTypeName="executor://nunit3testexecutor/" className="GeniusSports.LiveStats.Football.FunctionalTests.Features.PitchScreen.ActionInserts.SubstitutionInsertFeature" name="InsertSubstitutionAfterOrBeforeLastEvent(&quot;after&quot;,&quot;0035&quot;,&quot;00:35&quot;,&quot;1&quot;,&quot;2&quot;,null)" />
    </UnitTest>
    <UnitTest name="GivenExpandedLog_WhenInsertingCardBefore_ThenInsertedCorrectly(SecondYellow,&quot;second yellow card&quot;)" storage="c:\gitlab-runner\builds\wr8mmwyb\0\livestats\livestats.football\source\test\functionaltests\bin\automation\net472\geniussports.livestats.football.functionaltests.dll" id="8c0d7c37-5aab-766b-77e4-cd7408c64f61">
      <Execution id="5654caac-c3f6-4c8a-a774-291834bf32b2" />
      <TestMethod codeBase="C:\GitLab-Runner\builds\wr8MmWYb\0\LiveStats\LiveStats.Football\Source\Test\FunctionalTests\bin\Automation\net472\GeniusSports.LiveStats.Football.FunctionalTests.dll" adapterTypeName="executor://nunit3testexecutor/" className="GeniusSports.LiveStats.Football.FunctionalTests.Tests.PitchScreen.ActionInserts.InsertCardTests" name="GivenExpandedLog_WhenInsertingCardBefore_ThenInsertedCorrectly(SecondYellow,&quot;second yellow card&quot;)" />
    </UnitTest>
    <UnitTest name="ShotHasSameTimeAsCornerTaken" storage="c:\gitlab-runner\builds\wr8mmwyb\0\livestats\livestats.football\source\test\functionaltests\bin\automation\net472\geniussports.livestats.football.functionaltests.dll" id="cdd84f39-c6d5-16dd-8b97-f413a5f77aa4">
      <Execution id="d3d19a51-9467-4d19-8994-44149341fd86" />
      <TestMethod codeBase="C:\GitLab-Runner\builds\wr8MmWYb\0\LiveStats\LiveStats.Football\Source\Test\FunctionalTests\bin\Automation\net472\GeniusSports.LiveStats.Football.FunctionalTests.dll" adapterTypeName="executor://nunit3testexecutor/" className="GeniusSports.LiveStats.Football.FunctionalTests.Features.PitchScreen.ActionRegistration.ShotRegistrationFromCornerFeature" name="ShotHasSameTimeAsCornerTaken" />
    </UnitTest>
    <UnitTest name="InsertOffenceFreeKickWithNoPlayersBeforeLastEvent" storage="c:\gitlab-runner\builds\wr8mmwyb\0\livestats\livestats.football\source\test\functionaltests\bin\automation\net472\geniussports.livestats.football.functionaltests.dll" id="6e86560a-66c6-69c9-bcab-294a0c953afa">
      <Execution id="a8f44500-e99f-4d14-9d50-e75337787776" />
      <TestMethod codeBase="C:\GitLab-Runner\builds\wr8MmWYb\0\LiveStats\LiveStats.Football\Source\Test\FunctionalTests\bin\Automation\net472\GeniusSports.LiveStats.Football.FunctionalTests.dll" adapterTypeName="executor://nunit3testexecutor/" className="GeniusSports.LiveStats.Football.FunctionalTests.Features.PitchScreen.ActionInserts.FreeKickInsertFeature" name="InsertOffenceFreeKickWithNoPlayersBeforeLastEvent" />
    </UnitTest>
    <UnitTest name="TakenTimeUpdatedForFreeKick" storage="c:\gitlab-runner\builds\wr8mmwyb\0\livestats\livestats.football\source\test\functionaltests\bin\automation\net472\geniussports.livestats.football.functionaltests.dll" id="2db17fc0-3878-17cb-da45-6e2f289142e9">
      <Execution id="eb022e05-ee42-48de-b768-63d64bda1f67" />
      <TestMethod codeBase="C:\GitLab-Runner\builds\wr8MmWYb\0\LiveStats\LiveStats.Football\Source\Test\FunctionalTests\bin\Automation\net472\GeniusSports.LiveStats.Football.FunctionalTests.dll" adapterTypeName="executor://nunit3testexecutor/" className="GeniusSports.LiveStats.Football.FunctionalTests.Features.PitchScreen.ActionEdits.FreeKickEditFeature" name="TakenTimeUpdatedForFreeKick" />
    </UnitTest>
    <UnitTest name="ChangeFoulToOffence(&quot;1&quot;,null)" storage="c:\gitlab-runner\builds\wr8mmwyb\0\livestats\livestats.football\source\test\functionaltests\bin\automation\net472\geniussports.livestats.football.functionaltests.dll" id="843ee867-83af-0c42-5867-81d2e79ed992">
      <Execution id="dabf748d-4131-49ab-a787-44816a7b0811" />
      <TestMethod codeBase="C:\GitLab-Runner\builds\wr8MmWYb\0\LiveStats\LiveStats.Football\Source\Test\FunctionalTests\bin\Automation\net472\GeniusSports.LiveStats.Football.FunctionalTests.dll" adapterTypeName="executor://nunit3testexecutor/" className="GeniusSports.LiveStats.Football.FunctionalTests.Features.PitchScreen.ActionRegistration.FreeKickRegistrationFeature" name="ChangeFoulToOffence(&quot;1&quot;,null)" />
    </UnitTest>
    <UnitTest name="CheckPitchLocationInGoalInsert(&quot;set&quot;,null)" storage="c:\gitlab-runner\builds\wr8mmwyb\0\livestats\livestats.football\source\test\functionaltests\bin\automation\net472\geniussports.livestats.football.functionaltests.dll" id="db7c512d-2b57-d992-cb96-ff568e8c144c">
      <Execution id="27cba2aa-b400-4fd2-9241-ccb0db050a87" />
      <TestMethod codeBase="C:\GitLab-Runner\builds\wr8MmWYb\0\LiveStats\LiveStats.Football\Source\Test\FunctionalTests\bin\Automation\net472\GeniusSports.LiveStats.Football.FunctionalTests.dll" adapterTypeName="executor://nunit3testexecutor/" className="GeniusSports.LiveStats.Football.FunctionalTests.Features.PitchScreen.ActionInserts.InsertGoalFeature" name="CheckPitchLocationInGoalInsert(&quot;set&quot;,null)" />
    </UnitTest>
    <UnitTest name="GivenPenaltyRegistered_WhenUpdatingPitchLocation_ThenLocationUpdated" storage="c:\gitlab-runner\builds\wr8mmwyb\0\livestats\livestats.football\source\test\functionaltests\bin\automation\net472\geniussports.livestats.football.functionaltests.dll" id="425efe76-0a8a-0dce-9ee8-9216b9bef0b1">
      <Execution id="ba48abb3-9f8d-4e55-a855-70bdaf386d1b" />
      <TestMethod codeBase="C:\GitLab-Runner\builds\wr8MmWYb\0\LiveStats\LiveStats.Football\Source\Test\FunctionalTests\bin\Automation\net472\GeniusSports.LiveStats.Football.FunctionalTests.dll" adapterTypeName="executor://nunit3testexecutor/" className="GeniusSports.LiveStats.Football.FunctionalTests.Tests.PitchScreen.ActionEdits.PenaltyEditTests" name="GivenPenaltyRegistered_WhenUpdatingPitchLocation_ThenLocationUpdated" />
    </UnitTest>
    <UnitTest name="PenaltyRecordedActionCanBeFlagged" storage="c:\gitlab-runner\builds\wr8mmwyb\0\livestats\livestats.football\source\test\functionaltests\bin\automation\net472\geniussports.livestats.football.functionaltests.dll" id="d31f9a87-1a3e-5ff2-4334-d136e5e7557d">
      <Execution id="106465ef-29d1-4684-be61-7b2f95e1b4fa" />
      <TestMethod codeBase="C:\GitLab-Runner\builds\wr8MmWYb\0\LiveStats\LiveStats.Football\Source\Test\FunctionalTests\bin\Automation\net472\GeniusSports.LiveStats.Football.FunctionalTests.dll" adapterTypeName="executor://nunit3testexecutor/" className="GeniusSports.LiveStats.Football.FunctionalTests.Features.PitchScreen.Flagging.AddManualFlagFeature" name="PenaltyRecordedActionCanBeFlagged" />
    </UnitTest>
    <UnitTest name="FootballOpenShotLocation" storage="c:\gitlab-runner\builds\wr8mmwyb\0\livestats\livestats.football\source\test\functionaltests\bin\automation\net472\geniussports.livestats.football.functionaltests.dll" id="480f575c-d37a-4706-bcca-d9f6728f8904">
      <Execution id="6e26adea-f6ba-4570-8327-059fa3285ffe" />
      <TestMethod codeBase="C:\GitLab-Runner\builds\wr8MmWYb\0\LiveStats\LiveStats.Football\Source\Test\FunctionalTests\bin\Automation\net472\GeniusSports.LiveStats.Football.FunctionalTests.dll" adapterTypeName="executor://nunit3testexecutor/" className="GeniusSports.LiveStats.Football.FunctionalTests.Features.PitchScreen.ActionEdits.GoalEditFeature" name="FootballOpenShotLocation" />
    </UnitTest>
    <UnitTest name="YesOnVAROnSecondStepOfRecordCardWorkflow(&quot;2&quot;,&quot;Red&quot;,null)" storage="c:\gitlab-runner\builds\wr8mmwyb\0\livestats\livestats.football\source\test\functionaltests\bin\automation\net472\geniussports.livestats.football.functionaltests.dll" id="03cca6ec-42d3-c37a-a545-f4fb095588f2">
      <Execution id="b85fee03-7cf2-4e0b-9f87-0f001af6d8ff" />
      <TestMethod codeBase="C:\GitLab-Runner\builds\wr8MmWYb\0\LiveStats\LiveStats.Football\Source\Test\FunctionalTests\bin\Automation\net472\GeniusSports.LiveStats.Football.FunctionalTests.dll" adapterTypeName="executor://nunit3testexecutor/" className="GeniusSports.LiveStats.Football.FunctionalTests.Features.PitchScreen.VideoAssistantReferee.CardsVarRegistrationFeature" name="YesOnVAROnSecondStepOfRecordCardWorkflow(&quot;2&quot;,&quot;Red&quot;,null)" />
    </UnitTest>
    <UnitTest name="GivenGameInProgressWithInactiveOfficial_WhenActivatingGameOfficial_ThenGameOfficialDeactivated" storage="c:\gitlab-runner\builds\wr8mmwyb\0\livestats\livestats.football\source\test\functionaltests\bin\automation\net472\geniussports.livestats.football.functionaltests.dll" id="05be5159-af89-3ad7-4ccf-cba9ac9ac4d4">
      <Execution id="b18ada70-b644-4826-be4e-972631865ae0" />
      <TestMethod codeBase="C:\GitLab-Runner\builds\wr8MmWYb\0\LiveStats\LiveStats.Football\Source\Test\FunctionalTests\bin\Automation\net472\GeniusSports.LiveStats.Football.FunctionalTests.dll" adapterTypeName="executor://nunit3testexecutor/" className="GeniusSports.LiveStats.Football.FunctionalTests.Tests.GameSetup.EditGameSetupTests" name="GivenGameInProgressWithInactiveOfficial_WhenActivatingGameOfficial_ThenGameOfficialDeactivated" />
    </UnitTest>
    <UnitTest name="GivenGamePlayerHasGoal_WhenRegisteringSecondGoalForSamePlayer_ThenPlayerHasTwoGoals" storage="c:\gitlab-runner\builds\wr8mmwyb\0\livestats\livestats.football\source\test\functionaltests\bin\automation\net472\geniussports.livestats.football.functionaltests.dll" id="2c0681f8-be72-0583-ef88-0b401557b674">
      <Execution id="8083f47c-2ff3-45f4-be6d-f63c0eae06f7" />
      <TestMethod codeBase="C:\GitLab-Runner\builds\wr8MmWYb\0\LiveStats\LiveStats.Football\Source\Test\FunctionalTests\bin\Automation\net472\GeniusSports.LiveStats.Football.FunctionalTests.dll" adapterTypeName="executor://nunit3testexecutor/" className="GeniusSports.LiveStats.Football.FunctionalTests.Tests.PitchScreen.ActionRegistration.GoalRegistrationTests" name="GivenGamePlayerHasGoal_WhenRegisteringSecondGoalForSamePlayer_ThenPlayerHasTwoGoals" />
    </UnitTest>
    <UnitTest name="GivenGameInProgress_WhenConfirmingCard_ThenCardIsRegisteredForPlayer(Red,2,5,Yellow,&quot;Yellow&quot;)" storage="c:\gitlab-runner\builds\wr8mmwyb\0\livestats\livestats.football\source\test\functionaltests\bin\automation\net472\geniussports.livestats.football.functionaltests.dll" id="5ae7b343-844f-3211-1925-f8494414b632">
      <Execution id="ad29c8f5-d02e-4e94-8a11-4d37fe5d8115" />
      <TestMethod codeBase="C:\GitLab-Runner\builds\wr8MmWYb\0\LiveStats\LiveStats.Football\Source\Test\FunctionalTests\bin\Automation\net472\GeniusSports.LiveStats.Football.FunctionalTests.dll" adapterTypeName="executor://nunit3testexecutor/" className="GeniusSports.LiveStats.Football.FunctionalTests.Tests.PitchScreen.ActionRegistration.CardRegistrationTests" name="GivenGameInProgress_WhenConfirmingCard_ThenCardIsRegisteredForPlayer(Red,2,5,Yellow,&quot;Yellow&quot;)" />
    </UnitTest>
    <UnitTest name="GivenHalfTimeReportsOpened_ThenInteractionsWithReportAreAvailable" storage="c:\gitlab-runner\builds\wr8mmwyb\0\livestats\livestats.football\source\test\functionaltests\bin\automation\net472\geniussports.livestats.football.functionaltests.dll" id="17f39ca0-4cc1-897c-e6b0-64ee7aecd8d4">
      <Execution id="47955732-f12e-450b-9cfc-806478ceb191" />
      <TestMethod codeBase="C:\GitLab-Runner\builds\wr8MmWYb\0\LiveStats\LiveStats.Football\Source\Test\FunctionalTests\bin\Automation\net472\GeniusSports.LiveStats.Football.FunctionalTests.dll" adapterTypeName="executor://nunit3testexecutor/" className="GeniusSports.LiveStats.Football.FunctionalTests.Tests.PitchScreen.PreviewReportsTests" name="GivenHalfTimeReportsOpened_ThenInteractionsWithReportAreAvailable" />
    </UnitTest>
    <UnitTest name="GivenGameOwnGoalStarted_WhenFillingData_ThenAssistStepIsSkipped" storage="c:\gitlab-runner\builds\wr8mmwyb\0\livestats\livestats.football\source\test\functionaltests\bin\automation\net472\geniussports.livestats.football.functionaltests.dll" id="ddd6bd5b-1a8a-f0eb-fc8b-af81b60cbccb">
      <Execution id="0a16cf23-574f-4479-9cb0-93f412518366" />
      <TestMethod codeBase="C:\GitLab-Runner\builds\wr8MmWYb\0\LiveStats\LiveStats.Football\Source\Test\FunctionalTests\bin\Automation\net472\GeniusSports.LiveStats.Football.FunctionalTests.dll" adapterTypeName="executor://nunit3testexecutor/" className="GeniusSports.LiveStats.Football.FunctionalTests.Tests.PitchScreen.ActionRegistration.GoalRegistrationTests" name="GivenGameOwnGoalStarted_WhenFillingData_ThenAssistStepIsSkipped" />
    </UnitTest>
    <UnitTest name="GivenGameInProgress_WhenSelectingInjuryButton_ThenTwoOptionsAvailable" storage="c:\gitlab-runner\builds\wr8mmwyb\0\livestats\livestats.football\source\test\functionaltests\bin\automation\net472\geniussports.livestats.football.functionaltests.dll" id="22dd0328-f290-168a-e5eb-a9e9d4a64452">
      <Execution id="02de41ec-128d-48de-97bf-23ff9010a2f2" />
      <TestMethod codeBase="C:\GitLab-Runner\builds\wr8MmWYb\0\LiveStats\LiveStats.Football\Source\Test\FunctionalTests\bin\Automation\net472\GeniusSports.LiveStats.Football.FunctionalTests.dll" adapterTypeName="executor://nunit3testexecutor/" className="GeniusSports.LiveStats.Football.FunctionalTests.Tests.PitchScreen.ActionRegistration.InjuryRegistrationTests" name="GivenGameInProgress_WhenSelectingInjuryButton_ThenTwoOptionsAvailable" />
    </UnitTest>
    <UnitTest name="PenaltyStarted(&quot;2&quot;,&quot;1&quot;,null)" storage="c:\gitlab-runner\builds\wr8mmwyb\0\livestats\livestats.football\source\test\functionaltests\bin\automation\net472\geniussports.livestats.football.functionaltests.dll" id="98cee799-1173-1f51-c0c5-0aa687288212">
      <Execution id="4b1d38b4-b969-4a4d-8e75-90be0fd0007e" />
      <TestMethod codeBase="C:\GitLab-Runner\builds\wr8MmWYb\0\LiveStats\LiveStats.Football\Source\Test\FunctionalTests\bin\Automation\net472\GeniusSports.LiveStats.Football.FunctionalTests.dll" adapterTypeName="executor://nunit3testexecutor/" className="GeniusSports.LiveStats.Football.FunctionalTests.Features.PitchScreen.ActionRegistration.PenaltyRegistrationFeature" name="PenaltyStarted(&quot;2&quot;,&quot;1&quot;,null)" />
    </UnitTest>
    <UnitTest name="CannotFlagAndContinueCornerConfirmation" storage="c:\gitlab-runner\builds\wr8mmwyb\0\livestats\livestats.football\source\test\functionaltests\bin\automation\net472\geniussports.livestats.football.functionaltests.dll" id="18ba73a3-1128-0da5-67da-b5bf1c980278">
      <Execution id="87e2db94-7c9a-4746-98c4-67e806230038" />
      <TestMethod codeBase="C:\GitLab-Runner\builds\wr8MmWYb\0\LiveStats\LiveStats.Football\Source\Test\FunctionalTests\bin\Automation\net472\GeniusSports.LiveStats.Football.FunctionalTests.dll" adapterTypeName="executor://nunit3testexecutor/" className="GeniusSports.LiveStats.Football.FunctionalTests.Features.PitchScreen.Flagging.FlagAndContinueFeature" name="CannotFlagAndContinueCornerConfirmation" />
    </UnitTest>
    <UnitTest name="ChangingPlayerToOnPitchOneUnflagsAction" storage="c:\gitlab-runner\builds\wr8mmwyb\0\livestats\livestats.football\source\test\functionaltests\bin\automation\net472\geniussports.livestats.football.functionaltests.dll" id="09373060-bc77-4df3-57f2-856acaa2b3be">
      <Execution id="563de038-7194-4716-93bc-08ebff9347e3" />
      <TestMethod codeBase="C:\GitLab-Runner\builds\wr8MmWYb\0\LiveStats\LiveStats.Football\Source\Test\FunctionalTests\bin\Automation\net472\GeniusSports.LiveStats.Football.FunctionalTests.dll" adapterTypeName="executor://nunit3testexecutor/" className="GeniusSports.LiveStats.Football.FunctionalTests.Features.PitchScreen.Flagging.PlayerNotOnPitchFlagFeature" name="ChangingPlayerToOnPitchOneUnflagsAction" />
    </UnitTest>
    <UnitTest name="GivenGameInProgress_WhenRecordingInjuryOnPitch_ThenActionLogItemCreated" storage="c:\gitlab-runner\builds\wr8mmwyb\0\livestats\livestats.football\source\test\functionaltests\bin\automation\net472\geniussports.livestats.football.functionaltests.dll" id="4ade69ff-5028-abf7-8c4a-82edd6b49f0f">
      <Execution id="f1e4df82-5dd6-45be-a8f2-f63971d64b1c" />
      <TestMethod codeBase="C:\GitLab-Runner\builds\wr8MmWYb\0\LiveStats\LiveStats.Football\Source\Test\FunctionalTests\bin\Automation\net472\GeniusSports.LiveStats.Football.FunctionalTests.dll" adapterTypeName="executor://nunit3testexecutor/" className="GeniusSports.LiveStats.Football.FunctionalTests.Tests.PitchScreen.ActionRegistration.InjuryRegistrationTests" name="GivenGameInProgress_WhenRecordingInjuryOnPitch_ThenActionLogItemCreated" />
    </UnitTest>
    <UnitTest name="PitchAndPossessionIsClearedAfterETSecondHalf" storage="c:\gitlab-runner\builds\wr8mmwyb\0\livestats\livestats.football\source\test\functionaltests\bin\automation\net472\geniussports.livestats.football.functionaltests.dll" id="f3b66c9f-63cf-69f4-071b-1a0ba5a345ac">
      <Execution id="5e43aaed-f806-4102-a1f0-9cdf6920a165" />
      <TestMethod codeBase="C:\GitLab-Runner\builds\wr8MmWYb\0\LiveStats\LiveStats.Football\Source\Test\FunctionalTests\bin\Automation\net472\GeniusSports.LiveStats.Football.FunctionalTests.dll" adapterTypeName="executor://nunit3testexecutor/" className="GeniusSports.LiveStats.Football.FunctionalTests.Features.PitchScreen.GameState.BallPossessionAndLocationBetweenHalvesFeature" name="PitchAndPossessionIsClearedAfterETSecondHalf" />
    </UnitTest>
    <UnitTest name="AbleToInsertActionsAfterBeforePeriodBreak(&quot;after&quot;,&quot;PhaseStart&quot;,null)" storage="c:\gitlab-runner\builds\wr8mmwyb\0\livestats\livestats.football\source\test\functionaltests\bin\automation\net472\geniussports.livestats.football.functionaltests.dll" id="ea9a05e2-5bd3-5602-7391-bc6e5146430a">
      <Execution id="ae76eb51-7ef9-4287-89fa-8fae9335ec4e" />
      <TestMethod codeBase="C:\GitLab-Runner\builds\wr8MmWYb\0\LiveStats\LiveStats.Football\Source\Test\FunctionalTests\bin\Automation\net472\GeniusSports.LiveStats.Football.FunctionalTests.dll" adapterTypeName="executor://nunit3testexecutor/" className="GeniusSports.LiveStats.Football.FunctionalTests.Features.PitchScreen.ActionInserts.PeriodBreakInsertFeature" name="AbleToInsertActionsAfterBeforePeriodBreak(&quot;after&quot;,&quot;PhaseStart&quot;,null)" />
    </UnitTest>
    <UnitTest name="GivenShotStarted_WhenCancelingWorkflow_ThenShotDeleted" storage="c:\gitlab-runner\builds\wr8mmwyb\0\livestats\livestats.football\source\test\functionaltests\bin\automation\net472\geniussports.livestats.football.functionaltests.dll" id="b2c74c40-dde3-52e0-b284-826a41a6d2cc">
      <Execution id="a2b7a230-0bee-44f6-a2e8-f6776cca2f58" />
      <TestMethod codeBase="C:\GitLab-Runner\builds\wr8MmWYb\0\LiveStats\LiveStats.Football\Source\Test\FunctionalTests\bin\Automation\net472\GeniusSports.LiveStats.Football.FunctionalTests.dll" adapterTypeName="executor://nunit3testexecutor/" className="GeniusSports.LiveStats.Football.FunctionalTests.Tests.PitchScreen.ActionRegistration.ShotRegistrationTests" name="GivenShotStarted_WhenCancelingWorkflow_ThenShotDeleted" />
    </UnitTest>
    <UnitTest name="FlagAndContinueShotAllSteps" storage="c:\gitlab-runner\builds\wr8mmwyb\0\livestats\livestats.football\source\test\functionaltests\bin\automation\net472\geniussports.livestats.football.functionaltests.dll" id="acc62f43-9424-2a76-92c2-d3725a798c8d">
      <Execution id="9f5bb587-667c-4640-b051-3879f9738d30" />
      <TestMethod codeBase="C:\GitLab-Runner\builds\wr8MmWYb\0\LiveStats\LiveStats.Football\Source\Test\FunctionalTests\bin\Automation\net472\GeniusSports.LiveStats.Football.FunctionalTests.dll" adapterTypeName="executor://nunit3testexecutor/" className="GeniusSports.LiveStats.Football.FunctionalTests.Features.PitchScreen.Flagging.FlagAndContinueFeature" name="FlagAndContinueShotAllSteps" />
    </UnitTest>
    <UnitTest name="FlagAndContinueAllFreeKickPlayersSelectionSteps" storage="c:\gitlab-runner\builds\wr8mmwyb\0\livestats\livestats.football\source\test\functionaltests\bin\automation\net472\geniussports.livestats.football.functionaltests.dll" id="ec01bfb8-53be-cb50-753a-1ee591890f44">
      <Execution id="59ddaead-684a-43bc-9efe-57a58700d1c1" />
      <TestMethod codeBase="C:\GitLab-Runner\builds\wr8MmWYb\0\LiveStats\LiveStats.Football\Source\Test\FunctionalTests\bin\Automation\net472\GeniusSports.LiveStats.Football.FunctionalTests.dll" adapterTypeName="executor://nunit3testexecutor/" className="GeniusSports.LiveStats.Football.FunctionalTests.Features.PitchScreen.Flagging.FlagAndContinueFeature" name="FlagAndContinueAllFreeKickPlayersSelectionSteps" />
    </UnitTest>
    <UnitTest name="CannotFlagAndContinueTakenStepInThrowIn" storage="c:\gitlab-runner\builds\wr8mmwyb\0\livestats\livestats.football\source\test\functionaltests\bin\automation\net472\geniussports.livestats.football.functionaltests.dll" id="34062ffc-142c-1f70-571a-14a92d69e4ef">
      <Execution id="7bbe10f5-26f6-49d9-8f81-77915be82944" />
      <TestMethod codeBase="C:\GitLab-Runner\builds\wr8MmWYb\0\LiveStats\LiveStats.Football\Source\Test\FunctionalTests\bin\Automation\net472\GeniusSports.LiveStats.Football.FunctionalTests.dll" adapterTypeName="executor://nunit3testexecutor/" className="GeniusSports.LiveStats.Football.FunctionalTests.Features.PitchScreen.Flagging.FlagAndContinueFeature" name="CannotFlagAndContinueTakenStepInThrowIn" />
    </UnitTest>
    <UnitTest name="CannotEditCardTimeInPeriodBreak(&quot;before&quot;,&quot;PhaseStart&quot;,null)" storage="c:\gitlab-runner\builds\wr8mmwyb\0\livestats\livestats.football\source\test\functionaltests\bin\automation\net472\geniussports.livestats.football.functionaltests.dll" id="3fbb787e-13ab-f686-9ea9-f1b0a26b4308">
      <Execution id="426fe5b7-b20e-4071-8f1f-0ed2cbbbcd8f" />
      <TestMethod codeBase="C:\GitLab-Runner\builds\wr8MmWYb\0\LiveStats\LiveStats.Football\Source\Test\FunctionalTests\bin\Automation\net472\GeniusSports.LiveStats.Football.FunctionalTests.dll" adapterTypeName="executor://nunit3testexecutor/" className="GeniusSports.LiveStats.Football.FunctionalTests.Features.PitchScreen.ActionInserts.PeriodBreakInsertFeature" name="CannotEditCardTimeInPeriodBreak(&quot;before&quot;,&quot;PhaseStart&quot;,null)" />
    </UnitTest>
    <UnitTest name="WholeFirstPeriodCanBeResetByDeletingActionsInIt" storage="c:\gitlab-runner\builds\wr8mmwyb\0\livestats\livestats.football\source\test\functionaltests\bin\automation\net472\geniussports.livestats.football.functionaltests.dll" id="47ab085b-c1a5-3dc4-23bb-6ecee7b5f6bd">
      <Execution id="bc680ad4-421c-456b-a181-d315ad177d46" />
      <TestMethod codeBase="C:\GitLab-Runner\builds\wr8MmWYb\0\LiveStats\LiveStats.Football\Source\Test\FunctionalTests\bin\Automation\net472\GeniusSports.LiveStats.Football.FunctionalTests.dll" adapterTypeName="executor://nunit3testexecutor/" className="GeniusSports.LiveStats.Football.FunctionalTests.Features.PitchScreen.ActionDeletes.KickOffsDeleteFeature" name="WholeFirstPeriodCanBeResetByDeletingActionsInIt" />
    </UnitTest>
    <UnitTest name="GivenPlayerEjected_WhenInsertingGoalWithEjectedPlayer_ThenGoalIsFlagged" storage="c:\gitlab-runner\builds\wr8mmwyb\0\livestats\livestats.football\source\test\functionaltests\bin\automation\net472\geniussports.livestats.football.functionaltests.dll" id="8e46f521-34e4-ed5f-2fa9-d5dd2ace410e">
      <Execution id="75f7b0fd-ee72-4708-84ab-89d92fea920e" />
      <TestMethod codeBase="C:\GitLab-Runner\builds\wr8MmWYb\0\LiveStats\LiveStats.Football\Source\Test\FunctionalTests\bin\Automation\net472\GeniusSports.LiveStats.Football.FunctionalTests.dll" adapterTypeName="executor://nunit3testexecutor/" className="GeniusSports.LiveStats.Football.FunctionalTests.Tests.PitchScreen.Flagging.CardEjectedPlayerFlaggingTests" name="GivenPlayerEjected_WhenInsertingGoalWithEjectedPlayer_ThenGoalIsFlagged" />
    </UnitTest>
    <UnitTest name="CannotAddDuplicateInformationBothTeams(&quot;short team code&quot;,&quot;s11&quot;,null)" storage="c:\gitlab-runner\builds\wr8mmwyb\0\livestats\livestats.football\source\test\functionaltests\bin\automation\net472\geniussports.livestats.football.functionaltests.dll" id="7537791c-a8c3-13a4-c6e7-ceb3674c27d5">
      <Execution id="12da9be9-9dac-401c-a0f9-d676b8368f58" />
      <TestMethod codeBase="C:\GitLab-Runner\builds\wr8MmWYb\0\LiveStats\LiveStats.Football\Source\Test\FunctionalTests\bin\Automation\net472\GeniusSports.LiveStats.Football.FunctionalTests.dll" adapterTypeName="executor://nunit3testexecutor/" className="GeniusSports.LiveStats.Football.FunctionalTests.Features.GameSetup.TeamsFeature" name="CannotAddDuplicateInformationBothTeams(&quot;short team code&quot;,&quot;s11&quot;,null)" />
    </UnitTest>
    <UnitTest name="FootballFoulCanBeFiltered" storage="c:\gitlab-runner\builds\wr8mmwyb\0\livestats\livestats.football\source\test\functionaltests\bin\automation\net472\geniussports.livestats.football.functionaltests.dll" id="7b6bfab2-6e4c-8c59-6a77-c7a514025d80">
      <Execution id="907ef287-aaf4-4820-878f-1b1283988b47" />
      <TestMethod codeBase="C:\GitLab-Runner\builds\wr8MmWYb\0\LiveStats\LiveStats.Football\Source\Test\FunctionalTests\bin\Automation\net472\GeniusSports.LiveStats.Football.FunctionalTests.dll" adapterTypeName="executor://nunit3testexecutor/" className="GeniusSports.LiveStats.Football.FunctionalTests.Features.PitchScreen.Filters.ActionTypesFiltersFeature" name="FootballFoulCanBeFiltered" />
    </UnitTest>
    <UnitTest name="FootballShotByTeamUpdate" storage="c:\gitlab-runner\builds\wr8mmwyb\0\livestats\livestats.football\source\test\functionaltests\bin\automation\net472\geniussports.livestats.football.functionaltests.dll" id="66aa9436-5b98-6d1a-e6fa-02a00ce7bee7">
      <Execution id="608dde59-85c5-47bf-a8fc-6707e996b606" />
      <TestMethod codeBase="C:\GitLab-Runner\builds\wr8MmWYb\0\LiveStats\LiveStats.Football\Source\Test\FunctionalTests\bin\Automation\net472\GeniusSports.LiveStats.Football.FunctionalTests.dll" adapterTypeName="executor://nunit3testexecutor/" className="GeniusSports.LiveStats.Football.FunctionalTests.Features.PitchScreen.ActionEdits.GoalEditFeature" name="FootballShotByTeamUpdate" />
    </UnitTest>
    <UnitTest name="GivenGameInProgress_WhenUpdatingDefaultQuickPrint_ThenUpdatedSuccessfully(&quot;Full Time&quot;)" storage="c:\gitlab-runner\builds\wr8mmwyb\0\livestats\livestats.football\source\test\functionaltests\bin\automation\net472\geniussports.livestats.football.functionaltests.dll" id="f6b72aa2-0f9c-5a9a-2ee4-37f24deead51">
      <Execution id="1fac6ed7-f24a-4c77-86be-66ac90411406" />
      <TestMethod codeBase="C:\GitLab-Runner\builds\wr8MmWYb\0\LiveStats\LiveStats.Football\Source\Test\FunctionalTests\bin\Automation\net472\GeniusSports.LiveStats.Football.FunctionalTests.dll" adapterTypeName="executor://nunit3testexecutor/" className="GeniusSports.LiveStats.Football.FunctionalTests.Tests.GameSetup.EditGameSetupTests" name="GivenGameInProgress_WhenUpdatingDefaultQuickPrint_ThenUpdatedSuccessfully(&quot;Full Time&quot;)" />
    </UnitTest>
    <UnitTest name="VARButtonOnPenaltyFirstStep(&quot;1&quot;,null)" storage="c:\gitlab-runner\builds\wr8mmwyb\0\livestats\livestats.football\source\test\functionaltests\bin\automation\net472\geniussports.livestats.football.functionaltests.dll" id="6b2a4857-fd9b-1c25-f3b0-4cf284eb4aab">
      <Execution id="34017800-111a-4ae0-b144-7d86be848ec1" />
      <TestMethod codeBase="C:\GitLab-Runner\builds\wr8MmWYb\0\LiveStats\LiveStats.Football\Source\Test\FunctionalTests\bin\Automation\net472\GeniusSports.LiveStats.Football.FunctionalTests.dll" adapterTypeName="executor://nunit3testexecutor/" className="GeniusSports.LiveStats.Football.FunctionalTests.Features.PitchScreen.VideoAssistantReferee.VarRegistrationDuringPenaltyFeature" name="VARButtonOnPenaltyFirstStep(&quot;1&quot;,null)" />
    </UnitTest>
    <UnitTest name="GivenActionRegistered_WhenDeletingFromExpandedActionLog_ThenDeletedPitchLog(Substitution)" storage="c:\gitlab-runner\builds\wr8mmwyb\0\livestats\livestats.football\source\test\functionaltests\bin\automation\net472\geniussports.livestats.football.functionaltests.dll" id="6a4ecd70-1afe-5e62-42b9-979f47ae7e6b">
      <Execution id="ab599766-88a7-49ea-ab6a-ea5c3b9b070f" />
      <TestMethod codeBase="C:\GitLab-Runner\builds\wr8MmWYb\0\LiveStats\LiveStats.Football\Source\Test\FunctionalTests\bin\Automation\net472\GeniusSports.LiveStats.Football.FunctionalTests.dll" adapterTypeName="executor://nunit3testexecutor/" className="GeniusSports.LiveStats.Football.FunctionalTests.Tests.PitchScreen.ActionDeletes.GameActionDeleteTests" name="GivenActionRegistered_WhenDeletingFromExpandedActionLog_ThenDeletedPitchLog(Substitution)" />
    </UnitTest>
    <UnitTest name="GivenPeriodCompletedAndNextPeriodIsNotSetup_WhenRegisteringCard_CardIsRegistered" storage="c:\gitlab-runner\builds\wr8mmwyb\0\livestats\livestats.football\source\test\functionaltests\bin\automation\net472\geniussports.livestats.football.functionaltests.dll" id="71f6d80c-4b66-2723-5c5e-af6557ade01e">
      <Execution id="b50e2c60-8240-4117-9b1f-9f0ba6026b68" />
      <TestMethod codeBase="C:\GitLab-Runner\builds\wr8MmWYb\0\LiveStats\LiveStats.Football\Source\Test\FunctionalTests\bin\Automation\net472\GeniusSports.LiveStats.Football.FunctionalTests.dll" adapterTypeName="executor://nunit3testexecutor/" className="GeniusSports.LiveStats.Football.FunctionalTests.Tests.CardsInNotActivePhaseRegistrationTests" name="GivenPeriodCompletedAndNextPeriodIsNotSetup_WhenRegisteringCard_CardIsRegistered" />
    </UnitTest>
    <UnitTest name="CancellingShotWorkflowResumesCornerWorkflow(&quot;confirmation&quot;,&quot;2&quot;,&quot;taken&quot;,null)" storage="c:\gitlab-runner\builds\wr8mmwyb\0\livestats\livestats.football\source\test\functionaltests\bin\automation\net472\geniussports.livestats.football.functionaltests.dll" id="ef301bd5-ee29-7ade-f8d3-e4b31d787bc2">
      <Execution id="cd91a0d6-ceac-4b10-aa2f-9594d4b2afc6" />
      <TestMethod codeBase="C:\GitLab-Runner\builds\wr8MmWYb\0\LiveStats\LiveStats.Football\Source\Test\FunctionalTests\bin\Automation\net472\GeniusSports.LiveStats.Football.FunctionalTests.dll" adapterTypeName="executor://nunit3testexecutor/" className="GeniusSports.LiveStats.Football.FunctionalTests.Features.PitchScreen.ActionRegistration.ShotRegistrationFromCornerFeature" name="CancellingShotWorkflowResumesCornerWorkflow(&quot;confirmation&quot;,&quot;2&quot;,&quot;taken&quot;,null)" />
    </UnitTest>
    <UnitTest name="SelectTeamAndGoalTypeInGoalInsert(&quot;1&quot;,&quot;Head&quot;,null)" storage="c:\gitlab-runner\builds\wr8mmwyb\0\livestats\livestats.football\source\test\functionaltests\bin\automation\net472\geniussports.livestats.football.functionaltests.dll" id="3f89c941-0c75-3b45-d0e3-5f635acbf9f5">
      <Execution id="eecc6454-ccd3-4e60-8d27-952463236ebc" />
      <TestMethod codeBase="C:\GitLab-Runner\builds\wr8MmWYb\0\LiveStats\LiveStats.Football\Source\Test\FunctionalTests\bin\Automation\net472\GeniusSports.LiveStats.Football.FunctionalTests.dll" adapterTypeName="executor://nunit3testexecutor/" className="GeniusSports.LiveStats.Football.FunctionalTests.Features.PitchScreen.ActionInserts.InsertGoalFeature" name="SelectTeamAndGoalTypeInGoalInsert(&quot;1&quot;,&quot;Head&quot;,null)" />
    </UnitTest>
    <UnitTest name="GivenGameInProgress_WhenSettingPossession_ThenPossessionIsSetAndDangerZoneInTeamColor(2)" storage="c:\gitlab-runner\builds\wr8mmwyb\0\livestats\livestats.football\source\test\functionaltests\bin\automation\net472\geniussports.livestats.football.functionaltests.dll" id="65466124-d26d-7382-a9ec-0248204b0641">
      <Execution id="f3393c11-7547-479d-9cbb-78ac7b7d72a5" />
      <TestMethod codeBase="C:\GitLab-Runner\builds\wr8MmWYb\0\LiveStats\LiveStats.Football\Source\Test\FunctionalTests\bin\Automation\net472\GeniusSports.LiveStats.Football.FunctionalTests.dll" adapterTypeName="executor://nunit3testexecutor/" className="GeniusSports.LiveStats.Football.FunctionalTests.Tests.PitchScreen.PossessionChangeTests" name="GivenGameInProgress_WhenSettingPossession_ThenPossessionIsSetAndDangerZoneInTeamColor(2)" />
    </UnitTest>
    <UnitTest name="GivenPlayersTab_WhenEnteringExtraPlayers_ThenCanProceedToFormations" storage="c:\gitlab-runner\builds\wr8mmwyb\0\livestats\livestats.football\source\test\functionaltests\bin\automation\net472\geniussports.livestats.football.functionaltests.dll" id="609e94f4-278c-20fd-1ecb-4a79b44bd18a">
      <Execution id="3bb028d2-0074-402b-a737-e58d00522ab2" />
      <TestMethod codeBase="C:\GitLab-Runner\builds\wr8MmWYb\0\LiveStats\LiveStats.Football\Source\Test\FunctionalTests\bin\Automation\net472\GeniusSports.LiveStats.Football.FunctionalTests.dll" adapterTypeName="executor://nunit3testexecutor/" className="GeniusSports.LiveStats.Football.FunctionalTests.Tests.GameSetup.SetupTeamsPlayersTests" name="GivenPlayersTab_WhenEnteringExtraPlayers_ThenCanProceedToFormations" />
    </UnitTest>
    <UnitTest name="SelectTeamAndGoalTypeInGoalInsert(&quot;1&quot;,&quot;Left Foot&quot;,null)" storage="c:\gitlab-runner\builds\wr8mmwyb\0\livestats\livestats.football\source\test\functionaltests\bin\automation\net472\geniussports.livestats.football.functionaltests.dll" id="d6ebd321-e6fb-5951-f224-50f674f04339">
      <Execution id="cb549839-2ccc-41d8-8ac3-23102ff22955" />
      <TestMethod codeBase="C:\GitLab-Runner\builds\wr8MmWYb\0\LiveStats\LiveStats.Football\Source\Test\FunctionalTests\bin\Automation\net472\GeniusSports.LiveStats.Football.FunctionalTests.dll" adapterTypeName="executor://nunit3testexecutor/" className="GeniusSports.LiveStats.Football.FunctionalTests.Features.PitchScreen.ActionInserts.InsertGoalFeature" name="SelectTeamAndGoalTypeInGoalInsert(&quot;1&quot;,&quot;Left Foot&quot;,null)" />
    </UnitTest>
    <UnitTest name="StartShotFromCornerWorkflow(&quot;taken&quot;,&quot;2&quot;,null)" storage="c:\gitlab-runner\builds\wr8mmwyb\0\livestats\livestats.football\source\test\functionaltests\bin\automation\net472\geniussports.livestats.football.functionaltests.dll" id="ecb8bf32-5a61-2b0c-83cb-797a0a9a98e5">
      <Execution id="3add484d-1d68-40bf-8785-386c0af0b2e2" />
      <TestMethod codeBase="C:\GitLab-Runner\builds\wr8MmWYb\0\LiveStats\LiveStats.Football\Source\Test\FunctionalTests\bin\Automation\net472\GeniusSports.LiveStats.Football.FunctionalTests.dll" adapterTypeName="executor://nunit3testexecutor/" className="GeniusSports.LiveStats.Football.FunctionalTests.Features.PitchScreen.ActionRegistration.ShotRegistrationFromCornerFeature" name="StartShotFromCornerWorkflow(&quot;taken&quot;,&quot;2&quot;,null)" />
    </UnitTest>
    <UnitTest name="CardTypeChangeAndReasonReset(&quot;Yellow&quot;,&quot;Red&quot;,null)" storage="c:\gitlab-runner\builds\wr8mmwyb\0\livestats\livestats.football\source\test\functionaltests\bin\automation\net472\geniussports.livestats.football.functionaltests.dll" id="487327dd-7f40-8526-e7f6-0ee182f24e7f">
      <Execution id="a3d589ac-dc6e-413b-a018-854e8dd3caf3" />
      <TestMethod codeBase="C:\GitLab-Runner\builds\wr8MmWYb\0\LiveStats\LiveStats.Football\Source\Test\FunctionalTests\bin\Automation\net472\GeniusSports.LiveStats.Football.FunctionalTests.dll" adapterTypeName="executor://nunit3testexecutor/" className="GeniusSports.LiveStats.Football.FunctionalTests.Features.PitchScreen.ActionEdits.CardEditFeature" name="CardTypeChangeAndReasonReset(&quot;Yellow&quot;,&quot;Red&quot;,null)" />
    </UnitTest>
    <UnitTest name="GivenThrowInLastStep_WhenGoingBack_ThenReturnsToPreviousStep" storage="c:\gitlab-runner\builds\wr8mmwyb\0\livestats\livestats.football\source\test\functionaltests\bin\automation\net472\geniussports.livestats.football.functionaltests.dll" id="29d5745a-450d-0a3f-753c-d48a1b2d99ff">
      <Execution id="e9e33f4e-b0db-4e47-b192-192bb0bb6d0d" />
      <TestMethod codeBase="C:\GitLab-Runner\builds\wr8MmWYb\0\LiveStats\LiveStats.Football\Source\Test\FunctionalTests\bin\Automation\net472\GeniusSports.LiveStats.Football.FunctionalTests.dll" adapterTypeName="executor://nunit3testexecutor/" className="GeniusSports.LiveStats.Football.FunctionalTests.Tests.PitchScreen.ActionRegistration.ThrowInRegistrationTests" name="GivenThrowInLastStep_WhenGoingBack_ThenReturnsToPreviousStep" />
    </UnitTest>
    <UnitTest name="GivenGoalKickRegistered_WhenOpeningGoalKickEdit_ThenFormIsLoaded" storage="c:\gitlab-runner\builds\wr8mmwyb\0\livestats\livestats.football\source\test\functionaltests\bin\automation\net472\geniussports.livestats.football.functionaltests.dll" id="33f68f15-b6d0-3ac0-d559-a4e80e130817">
      <Execution id="a118f159-ad2b-49ab-aa75-cd5c1d10dc88" />
      <TestMethod codeBase="C:\GitLab-Runner\builds\wr8MmWYb\0\LiveStats\LiveStats.Football\Source\Test\FunctionalTests\bin\Automation\net472\GeniusSports.LiveStats.Football.FunctionalTests.dll" adapterTypeName="executor://nunit3testexecutor/" className="GeniusSports.LiveStats.Football.FunctionalTests.Tests.PitchScreen.ActionEdits.GoalKickEditTests" name="GivenGoalKickRegistered_WhenOpeningGoalKickEdit_ThenFormIsLoaded" />
    </UnitTest>
    <UnitTest name="ChangeGoalVARToOverturnedAndSaveWithoutData" storage="c:\gitlab-runner\builds\wr8mmwyb\0\livestats\livestats.football\source\test\functionaltests\bin\automation\net472\geniussports.livestats.football.functionaltests.dll" id="441e70dc-883d-30e4-903a-559d4e7bd13e">
      <Execution id="a7da5c6c-9af6-4f1b-85e2-af39f4790bc2" />
      <TestMethod codeBase="C:\GitLab-Runner\builds\wr8MmWYb\0\LiveStats\LiveStats.Football\Source\Test\FunctionalTests\bin\Automation\net472\GeniusSports.LiveStats.Football.FunctionalTests.dll" adapterTypeName="executor://nunit3testexecutor/" className="GeniusSports.LiveStats.Football.FunctionalTests.Features.PitchScreen.ActionEdits.GoalEditFeature" name="ChangeGoalVARToOverturnedAndSaveWithoutData" />
    </UnitTest>
    <UnitTest name="WhenScoringPenaltyWithTeam2IndicatorShowsCorrectScoreAndPlayerGetsDisabledOnPitch" storage="c:\gitlab-runner\builds\wr8mmwyb\0\livestats\livestats.football\source\test\functionaltests\bin\automation\net472\geniussports.livestats.football.functionaltests.dll" id="9722cb49-0b08-84c4-60d0-b1660e616bb5">
      <Execution id="0ce21262-6b91-431a-8679-3b8ab2dbc7c3" />
      <TestMethod codeBase="C:\GitLab-Runner\builds\wr8MmWYb\0\LiveStats\LiveStats.Football\Source\Test\FunctionalTests\bin\Automation\net472\GeniusSports.LiveStats.Football.FunctionalTests.dll" adapterTypeName="executor://nunit3testexecutor/" className="GeniusSports.LiveStats.Football.FunctionalTests.Features.PitchScreen.ActionRegistration.PenaltyShootoutRecordFeature" name="WhenScoringPenaltyWithTeam2IndicatorShowsCorrectScoreAndPlayerGetsDisabledOnPitch" />
    </UnitTest>
    <UnitTest name="CardReasonUpdate(&quot;Red&quot;,&quot;Violent Conduct&quot;,null)" storage="c:\gitlab-runner\builds\wr8mmwyb\0\livestats\livestats.football\source\test\functionaltests\bin\automation\net472\geniussports.livestats.football.functionaltests.dll" id="d13326fa-85d5-f8e6-9db5-df0deda5a1eb">
      <Execution id="e4db525e-9a4e-45eb-b332-f0df694f1eca" />
      <TestMethod codeBase="C:\GitLab-Runner\builds\wr8MmWYb\0\LiveStats\LiveStats.Football\Source\Test\FunctionalTests\bin\Automation\net472\GeniusSports.LiveStats.Football.FunctionalTests.dll" adapterTypeName="executor://nunit3testexecutor/" className="GeniusSports.LiveStats.Football.FunctionalTests.Features.PitchScreen.ActionEdits.CardEditFeature" name="CardReasonUpdate(&quot;Red&quot;,&quot;Violent Conduct&quot;,null)" />
    </UnitTest>
    <UnitTest name="CanInsertInjuryIntoPeriodBreak(&quot;before&quot;,&quot;GameStart&quot;,&quot;6&quot;,&quot;00:00&quot;,null)" storage="c:\gitlab-runner\builds\wr8mmwyb\0\livestats\livestats.football\source\test\functionaltests\bin\automation\net472\geniussports.livestats.football.functionaltests.dll" id="a73d93f6-f60e-c4a7-6c69-ffd1a93b15f7">
      <Execution id="882b5440-acda-4c66-be23-2d97dfdef7fc" />
      <TestMethod codeBase="C:\GitLab-Runner\builds\wr8MmWYb\0\LiveStats\LiveStats.Football\Source\Test\FunctionalTests\bin\Automation\net472\GeniusSports.LiveStats.Football.FunctionalTests.dll" adapterTypeName="executor://nunit3testexecutor/" className="GeniusSports.LiveStats.Football.FunctionalTests.Features.PitchScreen.ActionInserts.PeriodBreakInsertFeature" name="CanInsertInjuryIntoPeriodBreak(&quot;before&quot;,&quot;GameStart&quot;,&quot;6&quot;,&quot;00:00&quot;,null)" />
    </UnitTest>
    <UnitTest name="SelectOffsideForFreekick(&quot;2&quot;,null)" storage="c:\gitlab-runner\builds\wr8mmwyb\0\livestats\livestats.football\source\test\functionaltests\bin\automation\net472\geniussports.livestats.football.functionaltests.dll" id="6ac5ed2d-abfc-3048-f8b7-cad7d6dbab46">
      <Execution id="b83b9031-7f47-4848-8934-95722cd97fa1" />
      <TestMethod codeBase="C:\GitLab-Runner\builds\wr8MmWYb\0\LiveStats\LiveStats.Football\Source\Test\FunctionalTests\bin\Automation\net472\GeniusSports.LiveStats.Football.FunctionalTests.dll" adapterTypeName="executor://nunit3testexecutor/" className="GeniusSports.LiveStats.Football.FunctionalTests.Features.PitchScreen.ActionRegistration.FreeKickRegistrationFeature" name="SelectOffsideForFreekick(&quot;2&quot;,null)" />
    </UnitTest>
    <UnitTest name="GivenExpandedLog_WhenInsertingGoalAfterWithoutAssistAndNoVar_ThenInsertedCorrectly" storage="c:\gitlab-runner\builds\wr8mmwyb\0\livestats\livestats.football\source\test\functionaltests\bin\automation\net472\geniussports.livestats.football.functionaltests.dll" id="fbcc55b6-eace-3463-c6a9-4c6adc9f6de6">
      <Execution id="075e6eac-e9c2-423a-9a35-1f2037e08dbb" />
      <TestMethod codeBase="C:\GitLab-Runner\builds\wr8MmWYb\0\LiveStats\LiveStats.Football\Source\Test\FunctionalTests\bin\Automation\net472\GeniusSports.LiveStats.Football.FunctionalTests.dll" adapterTypeName="executor://nunit3testexecutor/" className="GeniusSports.LiveStats.Football.FunctionalTests.Tests.PitchScreen.ActionInserts.InsertGoalTests" name="GivenExpandedLog_WhenInsertingGoalAfterWithoutAssistAndNoVar_ThenInsertedCorrectly" />
    </UnitTest>
    <UnitTest name="PlayerInjuryActionFlagCanBeReviewedInActionEditScreen" storage="c:\gitlab-runner\builds\wr8mmwyb\0\livestats\livestats.football\source\test\functionaltests\bin\automation\net472\geniussports.livestats.football.functionaltests.dll" id="343733bb-b754-f760-a517-10e7cc400613">
      <Execution id="3d3358b1-1f1b-464e-92c7-7fdc278e8900" />
      <TestMethod codeBase="C:\GitLab-Runner\builds\wr8MmWYb\0\LiveStats\LiveStats.Football\Source\Test\FunctionalTests\bin\Automation\net472\GeniusSports.LiveStats.Football.FunctionalTests.dll" adapterTypeName="executor://nunit3testexecutor/" className="GeniusSports.LiveStats.Football.FunctionalTests.Features.PitchScreen.Flagging.AddManualFlagFeature" name="PlayerInjuryActionFlagCanBeReviewedInActionEditScreen" />
    </UnitTest>
    <UnitTest name="GivenGameInProgress_WhenChangingPlayersInFormation_ThenFormationsAreUpdated" storage="c:\gitlab-runner\builds\wr8mmwyb\0\livestats\livestats.football\source\test\functionaltests\bin\automation\net472\geniussports.livestats.football.functionaltests.dll" id="5566deec-df2f-044c-ff6e-8d0376df711e">
      <Execution id="aac9d387-eeef-4bbf-8b66-10e1780ef361" />
      <TestMethod codeBase="C:\GitLab-Runner\builds\wr8MmWYb\0\LiveStats\LiveStats.Football\Source\Test\FunctionalTests\bin\Automation\net472\GeniusSports.LiveStats.Football.FunctionalTests.dll" adapterTypeName="executor://nunit3testexecutor/" className="GeniusSports.LiveStats.Football.FunctionalTests.Tests.GameSetup.EditGameSetupTests" name="GivenGameInProgress_WhenChangingPlayersInFormation_ThenFormationsAreUpdated" />
    </UnitTest>
    <UnitTest name="FreeKickByTeamUpdateAndPlayerUpdated" storage="c:\gitlab-runner\builds\wr8mmwyb\0\livestats\livestats.football\source\test\functionaltests\bin\automation\net472\geniussports.livestats.football.functionaltests.dll" id="c02bad8c-5842-b8fd-c02c-d8db9393b013">
      <Execution id="30768cf7-6977-44a6-98b2-c000139e2893" />
      <TestMethod codeBase="C:\GitLab-Runner\builds\wr8MmWYb\0\LiveStats\LiveStats.Football\Source\Test\FunctionalTests\bin\Automation\net472\GeniusSports.LiveStats.Football.FunctionalTests.dll" adapterTypeName="executor://nunit3testexecutor/" className="GeniusSports.LiveStats.Football.FunctionalTests.Features.PitchScreen.ActionEdits.FreeKickEditFeature" name="FreeKickByTeamUpdateAndPlayerUpdated" />
    </UnitTest>
    <UnitTest name="GivenCardWorkflowInProgress_WhenCanceling_ThenScoreboardsStatsAreUpdated(1,Yellow)" storage="c:\gitlab-runner\builds\wr8mmwyb\0\livestats\livestats.football\source\test\functionaltests\bin\automation\net472\geniussports.livestats.football.functionaltests.dll" id="7ed5fdd7-c74a-aea8-a278-763f2e8e3caf">
      <Execution id="5536b62e-93a6-4c30-b0b7-e0c01aac6a68" />
      <TestMethod codeBase="C:\GitLab-Runner\builds\wr8MmWYb\0\LiveStats\LiveStats.Football\Source\Test\FunctionalTests\bin\Automation\net472\GeniusSports.LiveStats.Football.FunctionalTests.dll" adapterTypeName="executor://nunit3testexecutor/" className="GeniusSports.LiveStats.Football.FunctionalTests.Tests.PitchScreen.PitchTeamStatsCalculatedTests" name="GivenCardWorkflowInProgress_WhenCanceling_ThenScoreboardsStatsAreUpdated(1,Yellow)" />
    </UnitTest>
    <UnitTest name="GivenActionRegistered_WhenDeletingFromExpandedActionLog_ThenDeletedPitchLog(GoalKick)" storage="c:\gitlab-runner\builds\wr8mmwyb\0\livestats\livestats.football\source\test\functionaltests\bin\automation\net472\geniussports.livestats.football.functionaltests.dll" id="17851011-afdc-52ce-3f25-a3f580d057e9">
      <Execution id="52799480-cb58-4abc-a6cb-37e700651acf" />
      <TestMethod codeBase="C:\GitLab-Runner\builds\wr8MmWYb\0\LiveStats\LiveStats.Football\Source\Test\FunctionalTests\bin\Automation\net472\GeniusSports.LiveStats.Football.FunctionalTests.dll" adapterTypeName="executor://nunit3testexecutor/" className="GeniusSports.LiveStats.Football.FunctionalTests.Tests.PitchScreen.ActionDeletes.GameActionDeleteTests" name="GivenActionRegistered_WhenDeletingFromExpandedActionLog_ThenDeletedPitchLog(GoalKick)" />
    </UnitTest>
    <UnitTest name="GivenGoalRegistered_WhenEditingToOwnGoal_ThenNoAssistCanBeSelected" storage="c:\gitlab-runner\builds\wr8mmwyb\0\livestats\livestats.football\source\test\functionaltests\bin\automation\net472\geniussports.livestats.football.functionaltests.dll" id="2c6dc2b7-ebf9-a334-d82e-32bf0a3eea14">
      <Execution id="9ea2a9f8-df99-4a08-9506-11563549e7ae" />
      <TestMethod codeBase="C:\GitLab-Runner\builds\wr8MmWYb\0\LiveStats\LiveStats.Football\Source\Test\FunctionalTests\bin\Automation\net472\GeniusSports.LiveStats.Football.FunctionalTests.dll" adapterTypeName="executor://nunit3testexecutor/" className="GeniusSports.LiveStats.Football.FunctionalTests.Tests.PitchScreen.ActionEdits.GoalEditTests" name="GivenGoalRegistered_WhenEditingToOwnGoal_ThenNoAssistCanBeSelected" />
    </UnitTest>
    <UnitTest name="FootballPenaltyShootoutShot_OffMiss(&quot;1&quot;,&quot;2&quot;,&quot;90&quot;,&quot;50&quot;,&quot;5&quot;,&quot;16&quot;,null)" storage="c:\gitlab-runner\builds\wr8mmwyb\0\livestats\livestats.football\source\test\functionaltests\bin\automation\net472\geniussports.livestats.football.functionaltests.dll" id="900c402a-8090-f9f7-0d00-c6466ad361c0">
      <Execution id="9892a51e-b037-4410-915c-067a02c10c48" />
      <TestMethod codeBase="C:\GitLab-Runner\builds\wr8MmWYb\0\LiveStats\LiveStats.Football\Source\Test\FunctionalTests\bin\Automation\net472\GeniusSports.LiveStats.Football.FunctionalTests.dll" adapterTypeName="executor://nunit3testexecutor/" className="GeniusSports.LiveStats.Football.FunctionalTests.Features.PitchScreen.ActionRegistration.PenaltyShootoutRecordFeature" name="FootballPenaltyShootoutShot_OffMiss(&quot;1&quot;,&quot;2&quot;,&quot;90&quot;,&quot;50&quot;,&quot;5&quot;,&quot;16&quot;,null)" />
    </UnitTest>
    <UnitTest name="SelectVarOnFirstStepOfRecordCardWorkflow(&quot;1&quot;,&quot;Yellow&quot;,null)" storage="c:\gitlab-runner\builds\wr8mmwyb\0\livestats\livestats.football\source\test\functionaltests\bin\automation\net472\geniussports.livestats.football.functionaltests.dll" id="2cfbaae9-5213-77e9-7708-aabc49ae60b3">
      <Execution id="87e43bb8-3bd8-4f57-90c2-81f84d6a0f49" />
      <TestMethod codeBase="C:\GitLab-Runner\builds\wr8MmWYb\0\LiveStats\LiveStats.Football\Source\Test\FunctionalTests\bin\Automation\net472\GeniusSports.LiveStats.Football.FunctionalTests.dll" adapterTypeName="executor://nunit3testexecutor/" className="GeniusSports.LiveStats.Football.FunctionalTests.Features.PitchScreen.VideoAssistantReferee.CardsVarRegistrationFeature" name="SelectVarOnFirstStepOfRecordCardWorkflow(&quot;1&quot;,&quot;Yellow&quot;,null)" />
    </UnitTest>
    <UnitTest name="GoalkickActionCanBeFlagged" storage="c:\gitlab-runner\builds\wr8mmwyb\0\livestats\livestats.football\source\test\functionaltests\bin\automation\net472\geniussports.livestats.football.functionaltests.dll" id="ea6b854f-2645-a296-bdf4-fe142f2ad60e">
      <Execution id="b6832572-8f6a-4891-9b7f-0ebb354f1716" />
      <TestMethod codeBase="C:\GitLab-Runner\builds\wr8MmWYb\0\LiveStats\LiveStats.Football\Source\Test\FunctionalTests\bin\Automation\net472\GeniusSports.LiveStats.Football.FunctionalTests.dll" adapterTypeName="executor://nunit3testexecutor/" className="GeniusSports.LiveStats.Football.FunctionalTests.Features.PitchScreen.Flagging.AddManualFlagFeature" name="GoalkickActionCanBeFlagged" />
    </UnitTest>
    <UnitTest name="FootballFinishPenaltyShot_OffMissWorkflow(&quot;1&quot;,&quot;2&quot;,&quot;Save&quot;,&quot;90&quot;,&quot;50&quot;,&quot;5&quot;,&quot;16&quot;,null)" storage="c:\gitlab-runner\builds\wr8mmwyb\0\livestats\livestats.football\source\test\functionaltests\bin\automation\net472\geniussports.livestats.football.functionaltests.dll" id="246b9f94-3c4f-48df-417b-9ef783d37e7c">
      <Execution id="6d389cd7-1939-431d-aa6e-270fb4cea02d" />
      <TestMethod codeBase="C:\GitLab-Runner\builds\wr8MmWYb\0\LiveStats\LiveStats.Football\Source\Test\FunctionalTests\bin\Automation\net472\GeniusSports.LiveStats.Football.FunctionalTests.dll" adapterTypeName="executor://nunit3testexecutor/" className="GeniusSports.LiveStats.Football.FunctionalTests.Features.PitchScreen.ActionRegistration.PenaltyRegistrationFeature" name="FootballFinishPenaltyShot_OffMissWorkflow(&quot;1&quot;,&quot;2&quot;,&quot;Save&quot;,&quot;90&quot;,&quot;50&quot;,&quot;5&quot;,&quot;16&quot;,null)" />
    </UnitTest>
    <UnitTest name="GivenAssistantCouchEjectedByCard_WhenRecordingYellow_ThenAssistantCouchIsDisabled(SecondYellow)" storage="c:\gitlab-runner\builds\wr8mmwyb\0\livestats\livestats.football\source\test\functionaltests\bin\automation\net472\geniussports.livestats.football.functionaltests.dll" id="a7b390d3-c2da-9901-d5cd-2bc8166af73b">
      <Execution id="4c521ef3-d62b-4835-8f5d-4cffaa40d419" />
      <TestMethod codeBase="C:\GitLab-Runner\builds\wr8MmWYb\0\LiveStats\LiveStats.Football\Source\Test\FunctionalTests\bin\Automation\net472\GeniusSports.LiveStats.Football.FunctionalTests.dll" adapterTypeName="executor://nunit3testexecutor/" className="GeniusSports.LiveStats.Football.FunctionalTests.Tests.PitchScreen.ActionRegistration.CardRegistrationTests" name="GivenAssistantCouchEjectedByCard_WhenRecordingYellow_ThenAssistantCouchIsDisabled(SecondYellow)" />
    </UnitTest>
    <UnitTest name="GivenSecondHalfEnded_WhenDeletingSecondHalfEnd_ThenSecondHalfCanBeEndedAgain" storage="c:\gitlab-runner\builds\wr8mmwyb\0\livestats\livestats.football\source\test\functionaltests\bin\automation\net472\geniussports.livestats.football.functionaltests.dll" id="54c3c125-1ff2-ffa0-0399-83a019778fd4">
      <Execution id="510b754a-cb42-43ce-84e0-1fac73bd4dd0" />
      <TestMethod codeBase="C:\GitLab-Runner\builds\wr8MmWYb\0\LiveStats\LiveStats.Football\Source\Test\FunctionalTests\bin\Automation\net472\GeniusSports.LiveStats.Football.FunctionalTests.dll" adapterTypeName="executor://nunit3testexecutor/" className="GeniusSports.LiveStats.Football.FunctionalTests.Tests.PitchScreen.ActionDeletes.PeriodAndGameEndsDeleteTests" name="GivenSecondHalfEnded_WhenDeletingSecondHalfEnd_ThenSecondHalfCanBeEndedAgain" />
    </UnitTest>
    <UnitTest name="FlagAndContinueAllGoalSteps" storage="c:\gitlab-runner\builds\wr8mmwyb\0\livestats\livestats.football\source\test\functionaltests\bin\automation\net472\geniussports.livestats.football.functionaltests.dll" id="0cebc1fe-3754-a5b8-5ae9-cb0c8bd969bb">
      <Execution id="ac5d3adf-fefd-4a43-987a-277bee807dd3" />
      <TestMethod codeBase="C:\GitLab-Runner\builds\wr8MmWYb\0\LiveStats\LiveStats.Football\Source\Test\FunctionalTests\bin\Automation\net472\GeniusSports.LiveStats.Football.FunctionalTests.dll" adapterTypeName="executor://nunit3testexecutor/" className="GeniusSports.LiveStats.Football.FunctionalTests.Features.PitchScreen.Flagging.FlagAndContinueFeature" name="FlagAndContinueAllGoalSteps" />
    </UnitTest>
    <UnitTest name="ChangePlayerForOut" storage="c:\gitlab-runner\builds\wr8mmwyb\0\livestats\livestats.football\source\test\functionaltests\bin\automation\net472\geniussports.livestats.football.functionaltests.dll" id="bae43588-f2a6-cd63-9a31-16c082c8917d">
      <Execution id="64878f33-cb3a-499e-b7a7-fe2f3c2e377a" />
      <TestMethod codeBase="C:\GitLab-Runner\builds\wr8MmWYb\0\LiveStats\LiveStats.Football\Source\Test\FunctionalTests\bin\Automation\net472\GeniusSports.LiveStats.Football.FunctionalTests.dll" adapterTypeName="executor://nunit3testexecutor/" className="GeniusSports.LiveStats.Football.FunctionalTests.Features.PitchScreen.ActionEdits.SubstitutionEditFeature" name="ChangePlayerForOut" />
    </UnitTest>
    <UnitTest name="RecordVAROverturnForPenaltyShoot_OutKickStep1" storage="c:\gitlab-runner\builds\wr8mmwyb\0\livestats\livestats.football\source\test\functionaltests\bin\automation\net472\geniussports.livestats.football.functionaltests.dll" id="149e8c0e-952f-9dba-6af1-9db3f14e53ba">
      <Execution id="d3a4ddd3-22bf-4f68-af34-8645e91e588f" />
      <TestMethod codeBase="C:\GitLab-Runner\builds\wr8MmWYb\0\LiveStats\LiveStats.Football\Source\Test\FunctionalTests\bin\Automation\net472\GeniusSports.LiveStats.Football.FunctionalTests.dll" adapterTypeName="executor://nunit3testexecutor/" className="GeniusSports.LiveStats.Football.FunctionalTests.Features.PitchScreen.VideoAssistantReferee.PenaltyShootoutKickVarRegistrationFeature" name="RecordVAROverturnForPenaltyShoot_OutKickStep1" />
    </UnitTest>
    <UnitTest name="CardTypeAndReasonUpdate(&quot;Yellow&quot;,&quot;Red&quot;,&quot;Dissent&quot;,null)" storage="c:\gitlab-runner\builds\wr8mmwyb\0\livestats\livestats.football\source\test\functionaltests\bin\automation\net472\geniussports.livestats.football.functionaltests.dll" id="18ce1467-5142-4292-6268-391f33fa9452">
      <Execution id="2bb933b0-36d0-4b94-827a-ad38ae5b8993" />
      <TestMethod codeBase="C:\GitLab-Runner\builds\wr8MmWYb\0\LiveStats\LiveStats.Football\Source\Test\FunctionalTests\bin\Automation\net472\GeniusSports.LiveStats.Football.FunctionalTests.dll" adapterTypeName="executor://nunit3testexecutor/" className="GeniusSports.LiveStats.Football.FunctionalTests.Features.PitchScreen.ActionEdits.CardEditFeature" name="CardTypeAndReasonUpdate(&quot;Yellow&quot;,&quot;Red&quot;,&quot;Dissent&quot;,null)" />
    </UnitTest>
    <UnitTest name="GivenGameInProgress_WhenGoingBackInPenaltyRegistration_ThenCanRegisterPenaltyForwardAgain(1,2,5,16,4,10,90)" storage="c:\gitlab-runner\builds\wr8mmwyb\0\livestats\livestats.football\source\test\functionaltests\bin\automation\net472\geniussports.livestats.football.functionaltests.dll" id="aa4b4e8b-e459-db4a-b833-f3add1a3b794">
      <Execution id="2fa135bc-e2cb-4b18-8642-b99dedf06ab0" />
      <TestMethod codeBase="C:\GitLab-Runner\builds\wr8MmWYb\0\LiveStats\LiveStats.Football\Source\Test\FunctionalTests\bin\Automation\net472\GeniusSports.LiveStats.Football.FunctionalTests.dll" adapterTypeName="executor://nunit3testexecutor/" className="GeniusSports.LiveStats.Football.FunctionalTests.Tests.PitchScreen.ActionRegistration.PenaltyRegistrationTests" name="GivenGameInProgress_WhenGoingBackInPenaltyRegistration_ThenCanRegisterPenaltyForwardAgain(1,2,5,16,4,10,90)" />
    </UnitTest>
    <UnitTest name="CannotInsertActionsAfterBeforeActionInPeriodBreak(&quot;before&quot;,&quot;PhaseStart&quot;,null)" storage="c:\gitlab-runner\builds\wr8mmwyb\0\livestats\livestats.football\source\test\functionaltests\bin\automation\net472\geniussports.livestats.football.functionaltests.dll" id="9fb18c5b-dda6-3443-6e61-07b497a203fd">
      <Execution id="58286a8b-ca39-46d5-bd0b-71d408c6342b" />
      <TestMethod codeBase="C:\GitLab-Runner\builds\wr8MmWYb\0\LiveStats\LiveStats.Football\Source\Test\FunctionalTests\bin\Automation\net472\GeniusSports.LiveStats.Football.FunctionalTests.dll" adapterTypeName="executor://nunit3testexecutor/" className="GeniusSports.LiveStats.Football.FunctionalTests.Features.PitchScreen.ActionInserts.PeriodBreakInsertFeature" name="CannotInsertActionsAfterBeforeActionInPeriodBreak(&quot;before&quot;,&quot;PhaseStart&quot;,null)" />
    </UnitTest>
    <UnitTest name="GivenActionsWithPlayer_WhenActivatingTeamFilter_ThenDoesNotShowPhaseTransitions" storage="c:\gitlab-runner\builds\wr8mmwyb\0\livestats\livestats.football\source\test\functionaltests\bin\automation\net472\geniussports.livestats.football.functionaltests.dll" id="722c0f2a-3b91-23bf-0c78-b78edb87a551">
      <Execution id="9fee286f-b147-493f-a672-332e7636158e" />
      <TestMethod codeBase="C:\GitLab-Runner\builds\wr8MmWYb\0\LiveStats\LiveStats.Football\Source\Test\FunctionalTests\bin\Automation\net472\GeniusSports.LiveStats.Football.FunctionalTests.dll" adapterTypeName="executor://nunit3testexecutor/" className="GeniusSports.LiveStats.Football.FunctionalTests.Tests.PitchScreen.Filters.PlayerFilterTests" name="GivenActionsWithPlayer_WhenActivatingTeamFilter_ThenDoesNotShowPhaseTransitions" />
    </UnitTest>
    <UnitTest name="GivenGameInProgress_WhenRegisteringCardForAssistantCouch_ThenCardIsRegisteredForAssistantCoach(Yellow,1,Yellow,&quot;Yellow&quot;)" storage="c:\gitlab-runner\builds\wr8mmwyb\0\livestats\livestats.football\source\test\functionaltests\bin\automation\net472\geniussports.livestats.football.functionaltests.dll" id="13e2cb98-6645-d7df-b30f-166a2433977a">
      <Execution id="822882dd-4a1f-405c-ac87-20c9218591db" />
      <TestMethod codeBase="C:\GitLab-Runner\builds\wr8MmWYb\0\LiveStats\LiveStats.Football\Source\Test\FunctionalTests\bin\Automation\net472\GeniusSports.LiveStats.Football.FunctionalTests.dll" adapterTypeName="executor://nunit3testexecutor/" className="GeniusSports.LiveStats.Football.FunctionalTests.Tests.PitchScreen.ActionRegistration.CardRegistrationTests" name="GivenGameInProgress_WhenRegisteringCardForAssistantCouch_ThenCardIsRegisteredForAssistantCoach(Yellow,1,Yellow,&quot;Yellow&quot;)" />
    </UnitTest>
    <UnitTest name="GivenGameInProgress_WhenAddingCardAndCornerAndMovingToSecondHalf_ThenScoreboardsStatsAreUpdated(1,Yellow)" storage="c:\gitlab-runner\builds\wr8mmwyb\0\livestats\livestats.football\source\test\functionaltests\bin\automation\net472\geniussports.livestats.football.functionaltests.dll" id="af35ef9e-51c7-b018-3f94-cccf8d954fcc">
      <Execution id="072642bc-8e72-4a1f-ab72-af3907ec0190" />
      <TestMethod codeBase="C:\GitLab-Runner\builds\wr8MmWYb\0\LiveStats\LiveStats.Football\Source\Test\FunctionalTests\bin\Automation\net472\GeniusSports.LiveStats.Football.FunctionalTests.dll" adapterTypeName="executor://nunit3testexecutor/" className="GeniusSports.LiveStats.Football.FunctionalTests.Tests.PitchScreen.PitchTeamStatsCalculatedTests" name="GivenGameInProgress_WhenAddingCardAndCornerAndMovingToSecondHalf_ThenScoreboardsStatsAreUpdated(1,Yellow)" />
    </UnitTest>
    <UnitTest name="GivenCardWorkflowInProgress_WhenCanceling_ThenScoreboardsStatsAreUpdated(1,Red)" storage="c:\gitlab-runner\builds\wr8mmwyb\0\livestats\livestats.football\source\test\functionaltests\bin\automation\net472\geniussports.livestats.football.functionaltests.dll" id="c1ff8488-ea3b-fd7e-2d45-d31ec401fd69">
      <Execution id="3b8bfa20-f42d-414b-9566-cec118e11923" />
      <TestMethod codeBase="C:\GitLab-Runner\builds\wr8MmWYb\0\LiveStats\LiveStats.Football\Source\Test\FunctionalTests\bin\Automation\net472\GeniusSports.LiveStats.Football.FunctionalTests.dll" adapterTypeName="executor://nunit3testexecutor/" className="GeniusSports.LiveStats.Football.FunctionalTests.Tests.PitchScreen.PitchTeamStatsCalculatedTests" name="GivenCardWorkflowInProgress_WhenCanceling_ThenScoreboardsStatsAreUpdated(1,Red)" />
    </UnitTest>
    <UnitTest name="GivenGameInProgress_WhenPitchIsClicked_ThenCorrespondingDangerZoneHighlights(80,50,3)" storage="c:\gitlab-runner\builds\wr8mmwyb\0\livestats\livestats.football\source\test\functionaltests\bin\automation\net472\geniussports.livestats.football.functionaltests.dll" id="86b0a87f-3f16-b173-413e-43329bca5778">
      <Execution id="642ab775-f2a3-4f8e-b2b8-048023308a91" />
      <TestMethod codeBase="C:\GitLab-Runner\builds\wr8MmWYb\0\LiveStats\LiveStats.Football\Source\Test\FunctionalTests\bin\Automation\net472\GeniusSports.LiveStats.Football.FunctionalTests.dll" adapterTypeName="executor://nunit3testexecutor/" className="GeniusSports.LiveStats.Football.FunctionalTests.Tests.PitchScreen.DangerZoneTests" name="GivenGameInProgress_WhenPitchIsClicked_ThenCorrespondingDangerZoneHighlights(80,50,3)" />
    </UnitTest>
    <UnitTest name="GivenGameInProgress_WhenConfirmingCardForSubstitutePlayer_ThenCardIsRegisteredForPlayer(Yellow,2,20,Yellow,&quot;Yellow&quot;)" storage="c:\gitlab-runner\builds\wr8mmwyb\0\livestats\livestats.football\source\test\functionaltests\bin\automation\net472\geniussports.livestats.football.functionaltests.dll" id="0b7eeb6e-7225-9211-328f-29372955b2dc">
      <Execution id="5d568836-70d6-4600-97e2-3c6035b0d240" />
      <TestMethod codeBase="C:\GitLab-Runner\builds\wr8MmWYb\0\LiveStats\LiveStats.Football\Source\Test\FunctionalTests\bin\Automation\net472\GeniusSports.LiveStats.Football.FunctionalTests.dll" adapterTypeName="executor://nunit3testexecutor/" className="GeniusSports.LiveStats.Football.FunctionalTests.Tests.PitchScreen.ActionRegistration.CardRegistrationTests" name="GivenGameInProgress_WhenConfirmingCardForSubstitutePlayer_ThenCardIsRegisteredForPlayer(Yellow,2,20,Yellow,&quot;Yellow&quot;)" />
    </UnitTest>
    <UnitTest name="SelectTeamAndGoalTypeInGoalInsert(&quot;2&quot;,&quot;Head&quot;,null)" storage="c:\gitlab-runner\builds\wr8mmwyb\0\livestats\livestats.football\source\test\functionaltests\bin\automation\net472\geniussports.livestats.football.functionaltests.dll" id="bb1a2f95-ea4f-7130-20ba-8994f558dff9">
      <Execution id="80c00a4d-f346-4352-9327-0bf8c411c427" />
      <TestMethod codeBase="C:\GitLab-Runner\builds\wr8MmWYb\0\LiveStats\LiveStats.Football\Source\Test\FunctionalTests\bin\Automation\net472\GeniusSports.LiveStats.Football.FunctionalTests.dll" adapterTypeName="executor://nunit3testexecutor/" className="GeniusSports.LiveStats.Football.FunctionalTests.Features.PitchScreen.ActionInserts.InsertGoalFeature" name="SelectTeamAndGoalTypeInGoalInsert(&quot;2&quot;,&quot;Head&quot;,null)" />
    </UnitTest>
    <UnitTest name="CannotEditCardTimeInPeriodBreak(&quot;after&quot;,&quot;PhaseEnd&quot;,null)" storage="c:\gitlab-runner\builds\wr8mmwyb\0\livestats\livestats.football\source\test\functionaltests\bin\automation\net472\geniussports.livestats.football.functionaltests.dll" id="3fb3ccb0-bd77-b14c-e410-381a3d2c00db">
      <Execution id="9d1fb288-26ba-43f1-9ff3-c9d1bcde8b51" />
      <TestMethod codeBase="C:\GitLab-Runner\builds\wr8MmWYb\0\LiveStats\LiveStats.Football\Source\Test\FunctionalTests\bin\Automation\net472\GeniusSports.LiveStats.Football.FunctionalTests.dll" adapterTypeName="executor://nunit3testexecutor/" className="GeniusSports.LiveStats.Football.FunctionalTests.Features.PitchScreen.ActionInserts.PeriodBreakInsertFeature" name="CannotEditCardTimeInPeriodBreak(&quot;after&quot;,&quot;PhaseEnd&quot;,null)" />
    </UnitTest>
    <UnitTest name="InjuryTeamCanBeChanged" storage="c:\gitlab-runner\builds\wr8mmwyb\0\livestats\livestats.football\source\test\functionaltests\bin\automation\net472\geniussports.livestats.football.functionaltests.dll" id="9b183153-37a7-d760-01f1-3d6f537a24b6">
      <Execution id="3af1ff84-75fd-401a-a005-1722dbdaf2fc" />
      <TestMethod codeBase="C:\GitLab-Runner\builds\wr8MmWYb\0\LiveStats\LiveStats.Football\Source\Test\FunctionalTests\bin\Automation\net472\GeniusSports.LiveStats.Football.FunctionalTests.dll" adapterTypeName="executor://nunit3testexecutor/" className="GeniusSports.LiveStats.Football.FunctionalTests.Features.PitchScreen.ActionEdits.PlayerInjuryEditFeature" name="InjuryTeamCanBeChanged" />
    </UnitTest>
    <UnitTest name="ShotActionFlagCanBeReviewedInActionEditScreen" storage="c:\gitlab-runner\builds\wr8mmwyb\0\livestats\livestats.football\source\test\functionaltests\bin\automation\net472\geniussports.livestats.football.functionaltests.dll" id="8ac3fb20-f06b-94ae-f49f-0ddbc59cba3c">
      <Execution id="2260863a-5d0b-4c45-aead-d08ee861a957" />
      <TestMethod codeBase="C:\GitLab-Runner\builds\wr8MmWYb\0\LiveStats\LiveStats.Football\Source\Test\FunctionalTests\bin\Automation\net472\GeniusSports.LiveStats.Football.FunctionalTests.dll" adapterTypeName="executor://nunit3testexecutor/" className="GeniusSports.LiveStats.Football.FunctionalTests.Features.PitchScreen.Flagging.AddManualFlagFeature" name="ShotActionFlagCanBeReviewedInActionEditScreen" />
    </UnitTest>
    <UnitTest name="ShotWorkflowCanBeStartedDuringAnyFreeKickWorkflowStep(&quot;foul by&quot;,&quot;1&quot;,null)" storage="c:\gitlab-runner\builds\wr8mmwyb\0\livestats\livestats.football\source\test\functionaltests\bin\automation\net472\geniussports.livestats.football.functionaltests.dll" id="fec72d9a-bf82-75d3-368c-e019470c6306">
      <Execution id="70a098f3-d38c-4b99-8d2c-00e27634f0df" />
      <TestMethod codeBase="C:\GitLab-Runner\builds\wr8MmWYb\0\LiveStats\LiveStats.Football\Source\Test\FunctionalTests\bin\Automation\net472\GeniusSports.LiveStats.Football.FunctionalTests.dll" adapterTypeName="executor://nunit3testexecutor/" className="GeniusSports.LiveStats.Football.FunctionalTests.Features.PitchScreen.ActionRegistration.ShotRegistrationFromFreeKickFeature" name="ShotWorkflowCanBeStartedDuringAnyFreeKickWorkflowStep(&quot;foul by&quot;,&quot;1&quot;,null)" />
    </UnitTest>
    <UnitTest name="TeamFilterOnlyShowsTeamItems" storage="c:\gitlab-runner\builds\wr8mmwyb\0\livestats\livestats.football\source\test\functionaltests\bin\automation\net472\geniussports.livestats.football.functionaltests.dll" id="50c7a418-ed9b-995c-bc59-f789fbdb912c">
      <Execution id="ca072a9d-44fb-438a-b664-24003b04a275" />
      <TestMethod codeBase="C:\GitLab-Runner\builds\wr8MmWYb\0\LiveStats\LiveStats.Football\Source\Test\FunctionalTests\bin\Automation\net472\GeniusSports.LiveStats.Football.FunctionalTests.dll" adapterTypeName="executor://nunit3testexecutor/" className="GeniusSports.LiveStats.Football.FunctionalTests.Features.PitchScreen.Filters.TeamFilterFeature" name="TeamFilterOnlyShowsTeamItems" />
    </UnitTest>
    <UnitTest name="AddOverturnedVar" storage="c:\gitlab-runner\builds\wr8mmwyb\0\livestats\livestats.football\source\test\functionaltests\bin\automation\net472\geniussports.livestats.football.functionaltests.dll" id="8ceca75d-2362-7f90-331c-dead0dc7bc6e">
      <Execution id="8422ead1-8e31-4592-8283-fee4a17ab879" />
      <TestMethod codeBase="C:\GitLab-Runner\builds\wr8MmWYb\0\LiveStats\LiveStats.Football\Source\Test\FunctionalTests\bin\Automation\net472\GeniusSports.LiveStats.Football.FunctionalTests.dll" adapterTypeName="executor://nunit3testexecutor/" className="GeniusSports.LiveStats.Football.FunctionalTests.Features.PitchScreen.ActionEdits.PenaltyEditFeature" name="AddOverturnedVar" />
    </UnitTest>
    <UnitTest name="CannotInsertActionsAfterBeforeActionInPeriodBreak(&quot;after&quot;,&quot;GameStart&quot;,null)" storage="c:\gitlab-runner\builds\wr8mmwyb\0\livestats\livestats.football\source\test\functionaltests\bin\automation\net472\geniussports.livestats.football.functionaltests.dll" id="b4676e09-19e0-3b10-a30b-1c1f1fe6c1aa">
      <Execution id="403eed86-78d5-4ae7-b4e9-13ee83a0f47d" />
      <TestMethod codeBase="C:\GitLab-Runner\builds\wr8MmWYb\0\LiveStats\LiveStats.Football\Source\Test\FunctionalTests\bin\Automation\net472\GeniusSports.LiveStats.Football.FunctionalTests.dll" adapterTypeName="executor://nunit3testexecutor/" className="GeniusSports.LiveStats.Football.FunctionalTests.Features.PitchScreen.ActionInserts.PeriodBreakInsertFeature" name="CannotInsertActionsAfterBeforeActionInPeriodBreak(&quot;after&quot;,&quot;GameStart&quot;,null)" />
    </UnitTest>
    <UnitTest name="NoOnVARForPenaltySecondStep(&quot;2&quot;,null)" storage="c:\gitlab-runner\builds\wr8mmwyb\0\livestats\livestats.football\source\test\functionaltests\bin\automation\net472\geniussports.livestats.football.functionaltests.dll" id="d526249d-51c6-0910-fc59-8245c30da12a">
      <Execution id="4583cd5c-449c-44f6-8e65-6184a143a1dc" />
      <TestMethod codeBase="C:\GitLab-Runner\builds\wr8MmWYb\0\LiveStats\LiveStats.Football\Source\Test\FunctionalTests\bin\Automation\net472\GeniusSports.LiveStats.Football.FunctionalTests.dll" adapterTypeName="executor://nunit3testexecutor/" className="GeniusSports.LiveStats.Football.FunctionalTests.Features.PitchScreen.VideoAssistantReferee.VarRegistrationDuringPenaltyFeature" name="NoOnVARForPenaltySecondStep(&quot;2&quot;,null)" />
    </UnitTest>
    <UnitTest name="GivenActionRegistered_WhenDeletingFromActionLog_ThenDeleted" storage="c:\gitlab-runner\builds\wr8mmwyb\0\livestats\livestats.football\source\test\functionaltests\bin\automation\net472\geniussports.livestats.football.functionaltests.dll" id="3e0b9743-6861-18a4-8431-eb9220f0409e">
      <Execution id="df577e93-517d-4a0c-ae78-4cec24adcf7e" />
      <TestMethod codeBase="C:\GitLab-Runner\builds\wr8MmWYb\0\LiveStats\LiveStats.Football\Source\Test\FunctionalTests\bin\Automation\net472\GeniusSports.LiveStats.Football.FunctionalTests.dll" adapterTypeName="executor://nunit3testexecutor/" className="GeniusSports.LiveStats.Football.FunctionalTests.Tests.PitchScreen.ActionDeletes.PenaltyShootoutDeleteTests" name="GivenActionRegistered_WhenDeletingFromActionLog_ThenDeleted" />
    </UnitTest>
    <UnitTest name="InsertedActionWithInjuredPlayerIsFlagged" storage="c:\gitlab-runner\builds\wr8mmwyb\0\livestats\livestats.football\source\test\functionaltests\bin\automation\net472\geniussports.livestats.football.functionaltests.dll" id="be280c98-fa0b-0699-345d-8b2cb4c43cc6">
      <Execution id="f4df0ec7-9372-4f60-a65c-859ac9a3bdf2" />
      <TestMethod codeBase="C:\GitLab-Runner\builds\wr8MmWYb\0\LiveStats\LiveStats.Football\Source\Test\FunctionalTests\bin\Automation\net472\GeniusSports.LiveStats.Football.FunctionalTests.dll" adapterTypeName="executor://nunit3testexecutor/" className="GeniusSports.LiveStats.Football.FunctionalTests.Features.PitchScreen.Flagging.InjuredPlayerNotOnPitchFlagFeature" name="InsertedActionWithInjuredPlayerIsFlagged" />
    </UnitTest>
    <UnitTest name="FootballClearShotLocation" storage="c:\gitlab-runner\builds\wr8mmwyb\0\livestats\livestats.football\source\test\functionaltests\bin\automation\net472\geniussports.livestats.football.functionaltests.dll" id="955bf9af-17b5-279d-8b6d-06d6d0e58ba8">
      <Execution id="2ae2341f-53cf-4512-b252-b15efa462dfc" />
      <TestMethod codeBase="C:\GitLab-Runner\builds\wr8MmWYb\0\LiveStats\LiveStats.Football\Source\Test\FunctionalTests\bin\Automation\net472\GeniusSports.LiveStats.Football.FunctionalTests.dll" adapterTypeName="executor://nunit3testexecutor/" className="GeniusSports.LiveStats.Football.FunctionalTests.Features.PitchScreen.ActionEdits.ShotEditFeature" name="FootballClearShotLocation" />
    </UnitTest>
    <UnitTest name="YesOnVARBeforeConfirming(&quot;2&quot;,&quot;Red&quot;,&quot;1&quot;,null)" storage="c:\gitlab-runner\builds\wr8mmwyb\0\livestats\livestats.football\source\test\functionaltests\bin\automation\net472\geniussports.livestats.football.functionaltests.dll" id="b6012217-205c-4134-2dca-387341b512a5">
      <Execution id="e5deb30c-43c1-4b87-b6fe-5164b829aade" />
      <TestMethod codeBase="C:\GitLab-Runner\builds\wr8MmWYb\0\LiveStats\LiveStats.Football\Source\Test\FunctionalTests\bin\Automation\net472\GeniusSports.LiveStats.Football.FunctionalTests.dll" adapterTypeName="executor://nunit3testexecutor/" className="GeniusSports.LiveStats.Football.FunctionalTests.Features.PitchScreen.VideoAssistantReferee.CardsVarRegistrationFeature" name="YesOnVARBeforeConfirming(&quot;2&quot;,&quot;Red&quot;,&quot;1&quot;,null)" />
    </UnitTest>
    <UnitTest name="GivenCornerRegisteredAndAttackSideChanged_WhenEditingCornerToOtherTeam_ThenActiveCornersChanged" storage="c:\gitlab-runner\builds\wr8mmwyb\0\livestats\livestats.football\source\test\functionaltests\bin\automation\net472\geniussports.livestats.football.functionaltests.dll" id="34623ff9-3d07-9b5d-98fa-c6b5fa4817ca">
      <Execution id="077f9aa7-8f88-4974-972f-5fea494840f6" />
      <TestMethod codeBase="C:\GitLab-Runner\builds\wr8MmWYb\0\LiveStats\LiveStats.Football\Source\Test\FunctionalTests\bin\Automation\net472\GeniusSports.LiveStats.Football.FunctionalTests.dll" adapterTypeName="executor://nunit3testexecutor/" className="GeniusSports.LiveStats.Football.FunctionalTests.Tests.PitchScreen.ActionEdits.CornerEditTests" name="GivenCornerRegisteredAndAttackSideChanged_WhenEditingCornerToOtherTeam_ThenActiveCornersChanged" />
    </UnitTest>
    <UnitTest name="FlagAndContinueCard(&quot;Yellow&quot;,&quot;Yellow&quot;,&quot;1&quot;,null)" storage="c:\gitlab-runner\builds\wr8mmwyb\0\livestats\livestats.football\source\test\functionaltests\bin\automation\net472\geniussports.livestats.football.functionaltests.dll" id="7c64f456-68f0-5e2b-308e-47c72805dc20">
      <Execution id="5632decb-1eea-4e20-9fe3-95c4bffc8589" />
      <TestMethod codeBase="C:\GitLab-Runner\builds\wr8MmWYb\0\LiveStats\LiveStats.Football\Source\Test\FunctionalTests\bin\Automation\net472\GeniusSports.LiveStats.Football.FunctionalTests.dll" adapterTypeName="executor://nunit3testexecutor/" className="GeniusSports.LiveStats.Football.FunctionalTests.Features.PitchScreen.Flagging.FlagAndContinueFeature" name="FlagAndContinueCard(&quot;Yellow&quot;,&quot;Yellow&quot;,&quot;1&quot;,null)" />
    </UnitTest>
    <UnitTest name="FootballAfterGameSetupSubsCountIsCorrect" storage="c:\gitlab-runner\builds\wr8mmwyb\0\livestats\livestats.football\source\test\functionaltests\bin\automation\net472\geniussports.livestats.football.functionaltests.dll" id="2ea49c75-9df4-96a4-9c3d-c0368fdd6dda">
      <Execution id="dab0020d-bf73-4ab5-825c-454c2139f5ef" />
      <TestMethod codeBase="C:\GitLab-Runner\builds\wr8MmWYb\0\LiveStats\LiveStats.Football\Source\Test\FunctionalTests\bin\Automation\net472\GeniusSports.LiveStats.Football.FunctionalTests.dll" adapterTypeName="executor://nunit3testexecutor/" className="GeniusSports.LiveStats.Football.FunctionalTests.Features.PitchScreen.ActionRegistration.Substitutions.SubstitutionCounterOnPitchFeature" name="FootballAfterGameSetupSubsCountIsCorrect" />
    </UnitTest>
    <UnitTest name="CanRemovePlayerFromCourt" storage="c:\gitlab-runner\builds\wr8mmwyb\0\livestats\livestats.football\source\test\functionaltests\bin\automation\net472\geniussports.livestats.football.functionaltests.dll" id="31a7e7a7-5270-e4ba-77cc-51cd7dd80ee4">
      <Execution id="f0f4383b-2a12-4913-9258-2b9f4fb88054" />
      <TestMethod codeBase="C:\GitLab-Runner\builds\wr8MmWYb\0\LiveStats\LiveStats.Football\Source\Test\FunctionalTests\bin\Automation\net472\GeniusSports.LiveStats.Football.FunctionalTests.dll" adapterTypeName="executor://nunit3testexecutor/" className="GeniusSports.LiveStats.Football.FunctionalTests.Features.GameSetup.SetupTeamsFormationsFeature" name="CanRemovePlayerFromCourt" />
    </UnitTest>
    <UnitTest name="InsertInjuryAfterOrBeforeLastEvent(&quot;after&quot;,&quot;0035&quot;,&quot;00:35&quot;,&quot;1&quot;,&quot;1&quot;,null)" storage="c:\gitlab-runner\builds\wr8mmwyb\0\livestats\livestats.football\source\test\functionaltests\bin\automation\net472\geniussports.livestats.football.functionaltests.dll" id="7221f1dc-9549-1659-cd42-48280a184218">
      <Execution id="adfa9ce9-2c0e-4d44-a206-f618bbabcab6" />
      <TestMethod codeBase="C:\GitLab-Runner\builds\wr8MmWYb\0\LiveStats\LiveStats.Football\Source\Test\FunctionalTests\bin\Automation\net472\GeniusSports.LiveStats.Football.FunctionalTests.dll" adapterTypeName="executor://nunit3testexecutor/" className="GeniusSports.LiveStats.Football.FunctionalTests.Features.PitchScreen.ActionInserts.PlayerInjuryInsertFeature" name="InsertInjuryAfterOrBeforeLastEvent(&quot;after&quot;,&quot;0035&quot;,&quot;00:35&quot;,&quot;1&quot;,&quot;1&quot;,null)" />
    </UnitTest>
    <UnitTest name="EditAddedMinutes" storage="c:\gitlab-runner\builds\wr8mmwyb\0\livestats\livestats.football\source\test\functionaltests\bin\automation\net472\geniussports.livestats.football.functionaltests.dll" id="129c09dd-f9d3-efe4-4715-b19b9b95240b">
      <Execution id="592c9188-275c-4d2d-bc0b-b05e33bb2f08" />
      <TestMethod codeBase="C:\GitLab-Runner\builds\wr8MmWYb\0\LiveStats\LiveStats.Football\Source\Test\FunctionalTests\bin\Automation\net472\GeniusSports.LiveStats.Football.FunctionalTests.dll" adapterTypeName="executor://nunit3testexecutor/" className="GeniusSports.LiveStats.Football.FunctionalTests.Features.PitchScreen.ActionEdits.EditAddedTimeFeature" name="EditAddedMinutes" />
    </UnitTest>
    <UnitTest name="CannotFlagAndContinueCornerTakeStep" storage="c:\gitlab-runner\builds\wr8mmwyb\0\livestats\livestats.football\source\test\functionaltests\bin\automation\net472\geniussports.livestats.football.functionaltests.dll" id="9aaab8f8-f3ae-be1d-e9e8-d181cf84fe09">
      <Execution id="05b53852-6133-4412-9f49-ce3fdb5656ae" />
      <TestMethod codeBase="C:\GitLab-Runner\builds\wr8MmWYb\0\LiveStats\LiveStats.Football\Source\Test\FunctionalTests\bin\Automation\net472\GeniusSports.LiveStats.Football.FunctionalTests.dll" adapterTypeName="executor://nunit3testexecutor/" className="GeniusSports.LiveStats.Football.FunctionalTests.Features.PitchScreen.Flagging.FlagAndContinueFeature" name="CannotFlagAndContinueCornerTakeStep" />
    </UnitTest>
    <UnitTest name="PitchAndPossessionIsSetOnETFirstHalf" storage="c:\gitlab-runner\builds\wr8mmwyb\0\livestats\livestats.football\source\test\functionaltests\bin\automation\net472\geniussports.livestats.football.functionaltests.dll" id="04794404-f80d-031f-5267-24edce7443ce">
      <Execution id="51616591-4b7e-4823-afe2-aec907abde5d" />
      <TestMethod codeBase="C:\GitLab-Runner\builds\wr8MmWYb\0\LiveStats\LiveStats.Football\Source\Test\FunctionalTests\bin\Automation\net472\GeniusSports.LiveStats.Football.FunctionalTests.dll" adapterTypeName="executor://nunit3testexecutor/" className="GeniusSports.LiveStats.Football.FunctionalTests.Features.PitchScreen.GameState.BallPossessionAndLocationBetweenHalvesFeature" name="PitchAndPossessionIsSetOnETFirstHalf" />
    </UnitTest>
    <UnitTest name="GivenGameInProgress_WhenConfirmingCardForSubstitutePlayer_ThenCardIsRegisteredForPlayer(Red,2,20,Red,&quot;Red&quot;)" storage="c:\gitlab-runner\builds\wr8mmwyb\0\livestats\livestats.football\source\test\functionaltests\bin\automation\net472\geniussports.livestats.football.functionaltests.dll" id="1f6dd8c2-5124-10e7-9656-9aad63d7ba41">
      <Execution id="14b450c9-107e-4b80-9f82-cb49ea0d84c1" />
      <TestMethod codeBase="C:\GitLab-Runner\builds\wr8MmWYb\0\LiveStats\LiveStats.Football\Source\Test\FunctionalTests\bin\Automation\net472\GeniusSports.LiveStats.Football.FunctionalTests.dll" adapterTypeName="executor://nunit3testexecutor/" className="GeniusSports.LiveStats.Football.FunctionalTests.Tests.PitchScreen.ActionRegistration.CardRegistrationTests" name="GivenGameInProgress_WhenConfirmingCardForSubstitutePlayer_ThenCardIsRegisteredForPlayer(Red,2,20,Red,&quot;Red&quot;)" />
    </UnitTest>
    <UnitTest name="CancelSubsitution" storage="c:\gitlab-runner\builds\wr8mmwyb\0\livestats\livestats.football\source\test\functionaltests\bin\automation\net472\geniussports.livestats.football.functionaltests.dll" id="da1da512-1073-e758-1686-4b2d3eee922f">
      <Execution id="608ba014-65fb-4d01-bbc4-521571c6990c" />
      <TestMethod codeBase="C:\GitLab-Runner\builds\wr8MmWYb\0\LiveStats\LiveStats.Football\Source\Test\FunctionalTests\bin\Automation\net472\GeniusSports.LiveStats.Football.FunctionalTests.dll" adapterTypeName="executor://nunit3testexecutor/" className="GeniusSports.LiveStats.Football.FunctionalTests.Features.PitchScreen.ActionRegistration.Substitutions.RecordingSubstitutionFeature" name="CancelSubsitution" />
    </UnitTest>
    <UnitTest name="ShotWorkflowCanBeStartedDuringAnyCornerWorkflowStep(&quot;confirmation&quot;,&quot;2&quot;,null)" storage="c:\gitlab-runner\builds\wr8mmwyb\0\livestats\livestats.football\source\test\functionaltests\bin\automation\net472\geniussports.livestats.football.functionaltests.dll" id="af2cf739-8336-d5c9-48c2-bb415975460e">
      <Execution id="d2a5180a-7f08-48e3-a692-add152924a66" />
      <TestMethod codeBase="C:\GitLab-Runner\builds\wr8MmWYb\0\LiveStats\LiveStats.Football\Source\Test\FunctionalTests\bin\Automation\net472\GeniusSports.LiveStats.Football.FunctionalTests.dll" adapterTypeName="executor://nunit3testexecutor/" className="GeniusSports.LiveStats.Football.FunctionalTests.Features.PitchScreen.ActionRegistration.ShotRegistrationFromCornerFeature" name="ShotWorkflowCanBeStartedDuringAnyCornerWorkflowStep(&quot;confirmation&quot;,&quot;2&quot;,null)" />
    </UnitTest>
    <UnitTest name="ChangeActionTimeForCardEdit" storage="c:\gitlab-runner\builds\wr8mmwyb\0\livestats\livestats.football\source\test\functionaltests\bin\automation\net472\geniussports.livestats.football.functionaltests.dll" id="2aa5522e-f7ac-a700-28bc-bc18fb9305ac">
      <Execution id="80f5864d-6142-4fcc-8b16-b9699565ac60" />
      <TestMethod codeBase="C:\GitLab-Runner\builds\wr8MmWYb\0\LiveStats\LiveStats.Football\Source\Test\FunctionalTests\bin\Automation\net472\GeniusSports.LiveStats.Football.FunctionalTests.dll" adapterTypeName="executor://nunit3testexecutor/" className="GeniusSports.LiveStats.Football.FunctionalTests.Features.PitchScreen.ActionEdits.CardEditFeature" name="ChangeActionTimeForCardEdit" />
    </UnitTest>
    <UnitTest name="GivenActionRegistered_WhenDeletingFromExpandedActionLog_ThenDeletedPitchLog(Corner)" storage="c:\gitlab-runner\builds\wr8mmwyb\0\livestats\livestats.football\source\test\functionaltests\bin\automation\net472\geniussports.livestats.football.functionaltests.dll" id="642dd1a6-48fd-99bc-8a74-c00d45b43987">
      <Execution id="cc176c85-4fdb-47bd-97db-00886c33ea17" />
      <TestMethod codeBase="C:\GitLab-Runner\builds\wr8MmWYb\0\LiveStats\LiveStats.Football\Source\Test\FunctionalTests\bin\Automation\net472\GeniusSports.LiveStats.Football.FunctionalTests.dll" adapterTypeName="executor://nunit3testexecutor/" className="GeniusSports.LiveStats.Football.FunctionalTests.Tests.PitchScreen.ActionDeletes.GameActionDeleteTests" name="GivenActionRegistered_WhenDeletingFromExpandedActionLog_ThenDeletedPitchLog(Corner)" />
    </UnitTest>
    <UnitTest name="GivenGameInProgress_WhenSelectingPlayerForPenaltyKick_ThenPlayerIsSelectedForPenaltyKick(1,2,5,16,90)" storage="c:\gitlab-runner\builds\wr8mmwyb\0\livestats\livestats.football\source\test\functionaltests\bin\automation\net472\geniussports.livestats.football.functionaltests.dll" id="ee4da8e7-a93a-1e27-c621-84eb1ad8ccd5">
      <Execution id="257e5962-88e8-4edd-910b-f0686e37f308" />
      <TestMethod codeBase="C:\GitLab-Runner\builds\wr8MmWYb\0\LiveStats\LiveStats.Football\Source\Test\FunctionalTests\bin\Automation\net472\GeniusSports.LiveStats.Football.FunctionalTests.dll" adapterTypeName="executor://nunit3testexecutor/" className="GeniusSports.LiveStats.Football.FunctionalTests.Tests.PitchScreen.ActionRegistration.PenaltyRegistrationTests" name="GivenGameInProgress_WhenSelectingPlayerForPenaltyKick_ThenPlayerIsSelectedForPenaltyKick(1,2,5,16,90)" />
    </UnitTest>
    <UnitTest name="CannotInsertOnPitchInjuryBeforeTeamIsSelected" storage="c:\gitlab-runner\builds\wr8mmwyb\0\livestats\livestats.football\source\test\functionaltests\bin\automation\net472\geniussports.livestats.football.functionaltests.dll" id="f84e6b36-724a-2113-36e5-057dd0394ebd">
      <Execution id="cb724d26-1208-42ae-8e84-fe45cf54c129" />
      <TestMethod codeBase="C:\GitLab-Runner\builds\wr8MmWYb\0\LiveStats\LiveStats.Football\Source\Test\FunctionalTests\bin\Automation\net472\GeniusSports.LiveStats.Football.FunctionalTests.dll" adapterTypeName="executor://nunit3testexecutor/" className="GeniusSports.LiveStats.Football.FunctionalTests.Features.PitchScreen.ActionInserts.PlayerInjuryInsertFeature" name="CannotInsertOnPitchInjuryBeforeTeamIsSelected" />
    </UnitTest>
    <UnitTest name="CanProceedWhenFormationsAreFilled" storage="c:\gitlab-runner\builds\wr8mmwyb\0\livestats\livestats.football\source\test\functionaltests\bin\automation\net472\geniussports.livestats.football.functionaltests.dll" id="2e89b19f-efed-71d6-9931-462d74c72d93">
      <Execution id="9669acc1-80ca-488f-908e-0c1ba682db21" />
      <TestMethod codeBase="C:\GitLab-Runner\builds\wr8MmWYb\0\LiveStats\LiveStats.Football\Source\Test\FunctionalTests\bin\Automation\net472\GeniusSports.LiveStats.Football.FunctionalTests.dll" adapterTypeName="executor://nunit3testexecutor/" className="GeniusSports.LiveStats.Football.FunctionalTests.Features.GameSetup.SetupTeamsFormationsFeature" name="CanProceedWhenFormationsAreFilled" />
    </UnitTest>
    <UnitTest name="InsertGoalKickAfterOrBeforeLastEvent(&quot;after&quot;,&quot;0035&quot;,&quot;00:35&quot;,&quot;1&quot;,&quot;1&quot;,&quot;left&quot;,null)" storage="c:\gitlab-runner\builds\wr8mmwyb\0\livestats\livestats.football\source\test\functionaltests\bin\automation\net472\geniussports.livestats.football.functionaltests.dll" id="2366ccf7-6468-7c28-2426-a0d267bd2de4">
      <Execution id="905e34bc-8e22-4f6c-8e73-813aa49e1e57" />
      <TestMethod codeBase="C:\GitLab-Runner\builds\wr8MmWYb\0\LiveStats\LiveStats.Football\Source\Test\FunctionalTests\bin\Automation\net472\GeniusSports.LiveStats.Football.FunctionalTests.dll" adapterTypeName="executor://nunit3testexecutor/" className="GeniusSports.LiveStats.Football.FunctionalTests.Features.PitchScreen.ActionInserts.GoalKickInsertFeature" name="InsertGoalKickAfterOrBeforeLastEvent(&quot;after&quot;,&quot;0035&quot;,&quot;00:35&quot;,&quot;1&quot;,&quot;1&quot;,&quot;left&quot;,null)" />
    </UnitTest>
    <UnitTest name="GivenActionRegistered_WhenDeletingFromExpandedActionLog_ThenDeletedPitchLog(Booking)" storage="c:\gitlab-runner\builds\wr8mmwyb\0\livestats\livestats.football\source\test\functionaltests\bin\automation\net472\geniussports.livestats.football.functionaltests.dll" id="57a7498c-372f-9fd7-7eaa-8c0ac350954d">
      <Execution id="f11d56c2-167c-41b1-9edf-16a2c60c9e1b" />
      <TestMethod codeBase="C:\GitLab-Runner\builds\wr8MmWYb\0\LiveStats\LiveStats.Football\Source\Test\FunctionalTests\bin\Automation\net472\GeniusSports.LiveStats.Football.FunctionalTests.dll" adapterTypeName="executor://nunit3testexecutor/" className="GeniusSports.LiveStats.Football.FunctionalTests.Tests.PitchScreen.ActionDeletes.GameActionDeleteTests" name="GivenActionRegistered_WhenDeletingFromExpandedActionLog_ThenDeletedPitchLog(Booking)" />
    </UnitTest>
    <UnitTest name="CanContinueActionWorkflowAfterClosingExpandedActionLog" storage="c:\gitlab-runner\builds\wr8mmwyb\0\livestats\livestats.football\source\test\functionaltests\bin\automation\net472\geniussports.livestats.football.functionaltests.dll" id="54ad16c8-6ef8-dbd6-cba2-f3d1d0ce2393">
      <Execution id="8272f74b-6da6-451f-8cc0-69f58255defa" />
      <TestMethod codeBase="C:\GitLab-Runner\builds\wr8MmWYb\0\LiveStats\LiveStats.Football\Source\Test\FunctionalTests\bin\Automation\net472\GeniusSports.LiveStats.Football.FunctionalTests.dll" adapterTypeName="executor://nunit3testexecutor/" className="GeniusSports.LiveStats.Football.FunctionalTests.Features.PitchScreen.ActionRegistration.ActionsDuringWorkflowsFeature" name="CanContinueActionWorkflowAfterClosingExpandedActionLog" />
    </UnitTest>
    <UnitTest name="GivenExpandedLog_WhenInsertingCardAfterForCoach_ThenScoreboardIsPresentedCorrectly(SecondYellow,SecondYellow,2,1)" storage="c:\gitlab-runner\builds\wr8mmwyb\0\livestats\livestats.football\source\test\functionaltests\bin\automation\net472\geniussports.livestats.football.functionaltests.dll" id="a08451da-a240-2a71-d150-508331457ad4">
      <Execution id="d2f66fca-76e3-469e-9f88-bf48dbd3d8e9" />
      <TestMethod codeBase="C:\GitLab-Runner\builds\wr8MmWYb\0\LiveStats\LiveStats.Football\Source\Test\FunctionalTests\bin\Automation\net472\GeniusSports.LiveStats.Football.FunctionalTests.dll" adapterTypeName="executor://nunit3testexecutor/" className="GeniusSports.LiveStats.Football.FunctionalTests.Tests.PitchScreen.ActionInserts.InsertCardTests" name="GivenExpandedLog_WhenInsertingCardAfterForCoach_ThenScoreboardIsPresentedCorrectly(SecondYellow,SecondYellow,2,1)" />
    </UnitTest>
    <UnitTest name="CannotProceedWith12Starters" storage="c:\gitlab-runner\builds\wr8mmwyb\0\livestats\livestats.football\source\test\functionaltests\bin\automation\net472\geniussports.livestats.football.functionaltests.dll" id="811cb989-5d12-2e7d-e9b0-17c816422ae9">
      <Execution id="2d8a9588-daad-4753-8a79-99d2e2548dda" />
      <TestMethod codeBase="C:\GitLab-Runner\builds\wr8MmWYb\0\LiveStats\LiveStats.Football\Source\Test\FunctionalTests\bin\Automation\net472\GeniusSports.LiveStats.Football.FunctionalTests.dll" adapterTypeName="executor://nunit3testexecutor/" className="GeniusSports.LiveStats.Football.FunctionalTests.Features.GameSetup.SetupTeamsPlayersFeature" name="CannotProceedWith12Starters" />
    </UnitTest>
    <UnitTest name="SelectPlayerForFoulFreekick(&quot;2&quot;,&quot;1&quot;,null)" storage="c:\gitlab-runner\builds\wr8mmwyb\0\livestats\livestats.football\source\test\functionaltests\bin\automation\net472\geniussports.livestats.football.functionaltests.dll" id="200fa7a4-c66b-f526-dd80-bf4bc2260072">
      <Execution id="a4b501be-8c3c-4f6c-9b1b-78be40d89b4c" />
      <TestMethod codeBase="C:\GitLab-Runner\builds\wr8MmWYb\0\LiveStats\LiveStats.Football\Source\Test\FunctionalTests\bin\Automation\net472\GeniusSports.LiveStats.Football.FunctionalTests.dll" adapterTypeName="executor://nunit3testexecutor/" className="GeniusSports.LiveStats.Football.FunctionalTests.Features.PitchScreen.ActionRegistration.FreeKickRegistrationFeature" name="SelectPlayerForFoulFreekick(&quot;2&quot;,&quot;1&quot;,null)" />
    </UnitTest>
    <UnitTest name="CannotProceedWhenMandatoryFieldsAreNotFilledForPlayer" storage="c:\gitlab-runner\builds\wr8mmwyb\0\livestats\livestats.football\source\test\functionaltests\bin\automation\net472\geniussports.livestats.football.functionaltests.dll" id="ba113498-b42e-4d60-a4d3-4b2dad643bdf">
      <Execution id="239e0053-bdd3-4dc7-816f-6d1bf871ad19" />
      <TestMethod codeBase="C:\GitLab-Runner\builds\wr8MmWYb\0\LiveStats\LiveStats.Football\Source\Test\FunctionalTests\bin\Automation\net472\GeniusSports.LiveStats.Football.FunctionalTests.dll" adapterTypeName="executor://nunit3testexecutor/" className="GeniusSports.LiveStats.Football.FunctionalTests.Features.GameSetup.SetupTeamsPlayersFeature" name="CannotProceedWhenMandatoryFieldsAreNotFilledForPlayer" />
    </UnitTest>
    <UnitTest name="GivenGameWithPossession_WhenDisablingPossession_ThenNoTeamHasPossession" storage="c:\gitlab-runner\builds\wr8mmwyb\0\livestats\livestats.football\source\test\functionaltests\bin\automation\net472\geniussports.livestats.football.functionaltests.dll" id="e5aa0857-996f-4e36-179f-e8b52c1b5e10">
      <Execution id="b6d2b945-b66c-4149-a04f-4530c19e8049" />
      <TestMethod codeBase="C:\GitLab-Runner\builds\wr8MmWYb\0\LiveStats\LiveStats.Football\Source\Test\FunctionalTests\bin\Automation\net472\GeniusSports.LiveStats.Football.FunctionalTests.dll" adapterTypeName="executor://nunit3testexecutor/" className="GeniusSports.LiveStats.Football.FunctionalTests.Tests.PitchScreen.DeadBallTests" name="GivenGameWithPossession_WhenDisablingPossession_ThenNoTeamHasPossession" />
    </UnitTest>
    <UnitTest name="EditShotDuringWorkflowFromExpandedActionLog" storage="c:\gitlab-runner\builds\wr8mmwyb\0\livestats\livestats.football\source\test\functionaltests\bin\automation\net472\geniussports.livestats.football.functionaltests.dll" id="34285996-8ad4-dbc6-51bc-7e1ff2f46489">
      <Execution id="13c53507-de54-4ad3-b5ba-f2f7a45f6724" />
      <TestMethod codeBase="C:\GitLab-Runner\builds\wr8MmWYb\0\LiveStats\LiveStats.Football\Source\Test\FunctionalTests\bin\Automation\net472\GeniusSports.LiveStats.Football.FunctionalTests.dll" adapterTypeName="executor://nunit3testexecutor/" className="GeniusSports.LiveStats.Football.FunctionalTests.Features.PitchScreen.ActionEdits.EditsPossibleDuringOtherWorkflowsFeature" name="EditShotDuringWorkflowFromExpandedActionLog" />
    </UnitTest>
    <UnitTest name="FootballOpenShotType" storage="c:\gitlab-runner\builds\wr8mmwyb\0\livestats\livestats.football\source\test\functionaltests\bin\automation\net472\geniussports.livestats.football.functionaltests.dll" id="108c5f7e-0dba-4e66-e3bd-8edfba8f7c27">
      <Execution id="f8d931b0-9284-4c8b-9d0f-889bcd7c2488" />
      <TestMethod codeBase="C:\GitLab-Runner\builds\wr8MmWYb\0\LiveStats\LiveStats.Football\Source\Test\FunctionalTests\bin\Automation\net472\GeniusSports.LiveStats.Football.FunctionalTests.dll" adapterTypeName="executor://nunit3testexecutor/" className="GeniusSports.LiveStats.Football.FunctionalTests.Features.PitchScreen.ActionEdits.GoalEditFeature" name="FootballOpenShotType" />
    </UnitTest>
    <UnitTest name="GivenGameWithCornerInFirstHalf_WhenEditingCornerWhileInSecondHalf_ThenCanSaveData" storage="c:\gitlab-runner\builds\wr8mmwyb\0\livestats\livestats.football\source\test\functionaltests\bin\automation\net472\geniussports.livestats.football.functionaltests.dll" id="14449155-8246-e515-9c32-6e90ecf9ad48">
      <Execution id="272cff2a-81a3-44f3-9c52-becf4e208a6d" />
      <TestMethod codeBase="C:\GitLab-Runner\builds\wr8MmWYb\0\LiveStats\LiveStats.Football\Source\Test\FunctionalTests\bin\Automation\net472\GeniusSports.LiveStats.Football.FunctionalTests.dll" adapterTypeName="executor://nunit3testexecutor/" className="GeniusSports.LiveStats.Football.FunctionalTests.Tests.PitchScreen.ActionEdits.CornerEditTests" name="GivenGameWithCornerInFirstHalf_WhenEditingCornerWhileInSecondHalf_ThenCanSaveData" />
    </UnitTest>
    <UnitTest name="InsertShotOnPenaltyWithFoulReasonAfterOrBeforeLastEvent(&quot;before&quot;,&quot;2&quot;,&quot;1&quot;,&quot;0025&quot;,&quot;0026&quot;,&quot;00:25&quot;,&quot;00:26&quot;,&quot;3&quot;,&quot;4&quot;,&quot;2&quot;,null)" storage="c:\gitlab-runner\builds\wr8mmwyb\0\livestats\livestats.football\source\test\functionaltests\bin\automation\net472\geniussports.livestats.football.functionaltests.dll" id="a96be734-8add-1885-ba0d-99429bf0d96a">
      <Execution id="aa6b5a5a-7ddb-47be-bebf-f4d80200a182" />
      <TestMethod codeBase="C:\GitLab-Runner\builds\wr8MmWYb\0\LiveStats\LiveStats.Football\Source\Test\FunctionalTests\bin\Automation\net472\GeniusSports.LiveStats.Football.FunctionalTests.dll" adapterTypeName="executor://nunit3testexecutor/" className="GeniusSports.LiveStats.Football.FunctionalTests.Features.PitchScreen.ActionInserts.PenaltyInsertFeature" name="InsertShotOnPenaltyWithFoulReasonAfterOrBeforeLastEvent(&quot;before&quot;,&quot;2&quot;,&quot;1&quot;,&quot;0025&quot;,&quot;0026&quot;,&quot;00:25&quot;,&quot;00:26&quot;,&quot;3&quot;,&quot;4&quot;,&quot;2&quot;,null)" />
    </UnitTest>
    <UnitTest name="GivenExpandedLog_WhenInsertingCardAfter_ThenScoreboardIsPresentedCorrectly(SecondYellow,&quot;2nd yellow&quot;,&quot;secondyellow&quot;,3,1)" storage="c:\gitlab-runner\builds\wr8mmwyb\0\livestats\livestats.football\source\test\functionaltests\bin\automation\net472\geniussports.livestats.football.functionaltests.dll" id="fe33c301-e26a-9419-fb4e-7b5c3240d467">
      <Execution id="5a9fb169-6de2-46c5-a1eb-6fe8b137d28b" />
      <TestMethod codeBase="C:\GitLab-Runner\builds\wr8MmWYb\0\LiveStats\LiveStats.Football\Source\Test\FunctionalTests\bin\Automation\net472\GeniusSports.LiveStats.Football.FunctionalTests.dll" adapterTypeName="executor://nunit3testexecutor/" className="GeniusSports.LiveStats.Football.FunctionalTests.Tests.PitchScreen.ActionInserts.InsertCardTests" name="GivenExpandedLog_WhenInsertingCardAfter_ThenScoreboardIsPresentedCorrectly(SecondYellow,&quot;2nd yellow&quot;,&quot;secondyellow&quot;,3,1)" />
    </UnitTest>
    <UnitTest name="MovingInjuryAboveFlaggedItemUnflagsIt" storage="c:\gitlab-runner\builds\wr8mmwyb\0\livestats\livestats.football\source\test\functionaltests\bin\automation\net472\geniussports.livestats.football.functionaltests.dll" id="433b7c9e-2d7b-7704-c2d0-6aa8431e573c">
      <Execution id="248fca2b-feba-40be-9c35-2826aac31deb" />
      <TestMethod codeBase="C:\GitLab-Runner\builds\wr8MmWYb\0\LiveStats\LiveStats.Football\Source\Test\FunctionalTests\bin\Automation\net472\GeniusSports.LiveStats.Football.FunctionalTests.dll" adapterTypeName="executor://nunit3testexecutor/" className="GeniusSports.LiveStats.Football.FunctionalTests.Features.PitchScreen.Flagging.InjuredPlayerNotOnPitchFlagFeature" name="MovingInjuryAboveFlaggedItemUnflagsIt" />
    </UnitTest>
    <UnitTest name="GivenGameWithSubInFirstHalf_WhenEditingSubWhileInSecondHalf_ThenCanSaveData" storage="c:\gitlab-runner\builds\wr8mmwyb\0\livestats\livestats.football\source\test\functionaltests\bin\automation\net472\geniussports.livestats.football.functionaltests.dll" id="07a03455-598d-f277-7c52-889e887211b9">
      <Execution id="4afc5d78-da41-4ca8-9683-7fa6a04e7185" />
      <TestMethod codeBase="C:\GitLab-Runner\builds\wr8MmWYb\0\LiveStats\LiveStats.Football\Source\Test\FunctionalTests\bin\Automation\net472\GeniusSports.LiveStats.Football.FunctionalTests.dll" adapterTypeName="executor://nunit3testexecutor/" className="GeniusSports.LiveStats.Football.FunctionalTests.Tests.PitchScreen.ActionEdits.SubstitutionEditTests" name="GivenGameWithSubInFirstHalf_WhenEditingSubWhileInSecondHalf_ThenCanSaveData" />
    </UnitTest>
    <UnitTest name="GivenExpandedLog_WhenInsertingCardAfterForCoach_ThenInsertedCorrectly" storage="c:\gitlab-runner\builds\wr8mmwyb\0\livestats\livestats.football\source\test\functionaltests\bin\automation\net472\geniussports.livestats.football.functionaltests.dll" id="d02cad35-b3bf-84f4-3c6a-ee5653bc6872">
      <Execution id="3de23268-5593-4b2e-a518-47e437859f1c" />
      <TestMethod codeBase="C:\GitLab-Runner\builds\wr8MmWYb\0\LiveStats\LiveStats.Football\Source\Test\FunctionalTests\bin\Automation\net472\GeniusSports.LiveStats.Football.FunctionalTests.dll" adapterTypeName="executor://nunit3testexecutor/" className="GeniusSports.LiveStats.Football.FunctionalTests.Tests.PitchScreen.ActionInserts.InsertCardTests" name="GivenExpandedLog_WhenInsertingCardAfterForCoach_ThenInsertedCorrectly" />
    </UnitTest>
    <UnitTest name="GivenPenaltyRegistered_WhenUpdatingTeam_ThenTeamUpdated" storage="c:\gitlab-runner\builds\wr8mmwyb\0\livestats\livestats.football\source\test\functionaltests\bin\automation\net472\geniussports.livestats.football.functionaltests.dll" id="ff91d518-74fd-8aa1-2962-2daad5009297">
      <Execution id="65f94501-6956-4eba-9424-69fbf3733ec5" />
      <TestMethod codeBase="C:\GitLab-Runner\builds\wr8MmWYb\0\LiveStats\LiveStats.Football\Source\Test\FunctionalTests\bin\Automation\net472\GeniusSports.LiveStats.Football.FunctionalTests.dll" adapterTypeName="executor://nunit3testexecutor/" className="GeniusSports.LiveStats.Football.FunctionalTests.Tests.PitchScreen.ActionEdits.PenaltyEditTests" name="GivenPenaltyRegistered_WhenUpdatingTeam_ThenTeamUpdated" />
    </UnitTest>
    <UnitTest name="GoalKickCanBeFiltered" storage="c:\gitlab-runner\builds\wr8mmwyb\0\livestats\livestats.football\source\test\functionaltests\bin\automation\net472\geniussports.livestats.football.functionaltests.dll" id="12a3dfa9-c764-d1b3-161f-0f8d64125a45">
      <Execution id="833cf840-e4e0-4f87-aaeb-8aca6e4efe3c" />
      <TestMethod codeBase="C:\GitLab-Runner\builds\wr8MmWYb\0\LiveStats\LiveStats.Football\Source\Test\FunctionalTests\bin\Automation\net472\GeniusSports.LiveStats.Football.FunctionalTests.dll" adapterTypeName="executor://nunit3testexecutor/" className="GeniusSports.LiveStats.Football.FunctionalTests.Features.PitchScreen.Filters.ActionTypesFiltersFeature" name="GoalKickCanBeFiltered" />
    </UnitTest>
    <UnitTest name="PenaltyShot_OffMiss(&quot;1&quot;,&quot;2&quot;,&quot;90&quot;,&quot;50&quot;,&quot;5&quot;,&quot;16&quot;,null)" storage="c:\gitlab-runner\builds\wr8mmwyb\0\livestats\livestats.football\source\test\functionaltests\bin\automation\net472\geniussports.livestats.football.functionaltests.dll" id="a2f02ea4-6022-2267-f09e-cdc3432773ef">
      <Execution id="d8e6a31d-3942-41f2-8974-fa8d19ebfa06" />
      <TestMethod codeBase="C:\GitLab-Runner\builds\wr8MmWYb\0\LiveStats\LiveStats.Football\Source\Test\FunctionalTests\bin\Automation\net472\GeniusSports.LiveStats.Football.FunctionalTests.dll" adapterTypeName="executor://nunit3testexecutor/" className="GeniusSports.LiveStats.Football.FunctionalTests.Features.PitchScreen.ActionRegistration.PenaltyRegistrationFeature" name="PenaltyShot_OffMiss(&quot;1&quot;,&quot;2&quot;,&quot;90&quot;,&quot;50&quot;,&quot;5&quot;,&quot;16&quot;,null)" />
    </UnitTest>
    <UnitTest name="GivenGameInProgress_WhenGoingBackInPenaltyRegistration_ThenCanRegisterPenaltyForwardAgain(2,1,8,11,7,7,10)" storage="c:\gitlab-runner\builds\wr8mmwyb\0\livestats\livestats.football\source\test\functionaltests\bin\automation\net472\geniussports.livestats.football.functionaltests.dll" id="ad0dc192-8d69-77ce-e702-7d9da40a7e37">
      <Execution id="e4045190-4c09-42ca-b5a2-552bf99c6efc" />
      <TestMethod codeBase="C:\GitLab-Runner\builds\wr8MmWYb\0\LiveStats\LiveStats.Football\Source\Test\FunctionalTests\bin\Automation\net472\GeniusSports.LiveStats.Football.FunctionalTests.dll" adapterTypeName="executor://nunit3testexecutor/" className="GeniusSports.LiveStats.Football.FunctionalTests.Tests.PitchScreen.ActionRegistration.PenaltyRegistrationTests" name="GivenGameInProgress_WhenGoingBackInPenaltyRegistration_ThenCanRegisterPenaltyForwardAgain(2,1,8,11,7,7,10)" />
    </UnitTest>
    <UnitTest name="GivenGoalRegistered_WhenEditingGoalScorerTeamAndAssist_ThenChangesSaved" storage="c:\gitlab-runner\builds\wr8mmwyb\0\livestats\livestats.football\source\test\functionaltests\bin\automation\net472\geniussports.livestats.football.functionaltests.dll" id="43877d43-86c3-6911-34d5-512b323c634d">
      <Execution id="86e55590-56af-4043-aee0-b87967bcab5c" />
      <TestMethod codeBase="C:\GitLab-Runner\builds\wr8MmWYb\0\LiveStats\LiveStats.Football\Source\Test\FunctionalTests\bin\Automation\net472\GeniusSports.LiveStats.Football.FunctionalTests.dll" adapterTypeName="executor://nunit3testexecutor/" className="GeniusSports.LiveStats.Football.FunctionalTests.Tests.PitchScreen.ActionEdits.GoalEditTests" name="GivenGoalRegistered_WhenEditingGoalScorerTeamAndAssist_ThenChangesSaved" />
    </UnitTest>
    <UnitTest name="CancelPenaltyShootoutKickInsert" storage="c:\gitlab-runner\builds\wr8mmwyb\0\livestats\livestats.football\source\test\functionaltests\bin\automation\net472\geniussports.livestats.football.functionaltests.dll" id="4b1c7127-6c2f-eced-4373-f42d948b1057">
      <Execution id="c0859b0d-934b-4df4-9715-86e399d644aa" />
      <TestMethod codeBase="C:\GitLab-Runner\builds\wr8MmWYb\0\LiveStats\LiveStats.Football\Source\Test\FunctionalTests\bin\Automation\net472\GeniusSports.LiveStats.Football.FunctionalTests.dll" adapterTypeName="executor://nunit3testexecutor/" className="GeniusSports.LiveStats.Football.FunctionalTests.Features.PitchScreen.ActionInserts.PenaltyShootoutInsertFeature" name="CancelPenaltyShootoutKickInsert" />
    </UnitTest>
    <UnitTest name="PitchAndPossessionIsClearedAfterETFirstHalf" storage="c:\gitlab-runner\builds\wr8mmwyb\0\livestats\livestats.football\source\test\functionaltests\bin\automation\net472\geniussports.livestats.football.functionaltests.dll" id="265aac8e-ccd1-b03c-caa4-7170822abb60">
      <Execution id="364a9254-a1be-4964-a6fa-ec863aec0d1d" />
      <TestMethod codeBase="C:\GitLab-Runner\builds\wr8MmWYb\0\LiveStats\LiveStats.Football\Source\Test\FunctionalTests\bin\Automation\net472\GeniusSports.LiveStats.Football.FunctionalTests.dll" adapterTypeName="executor://nunit3testexecutor/" className="GeniusSports.LiveStats.Football.FunctionalTests.Features.PitchScreen.GameState.BallPossessionAndLocationBetweenHalvesFeature" name="PitchAndPossessionIsClearedAfterETFirstHalf" />
    </UnitTest>
    <UnitTest name="GivenGameInProgress_WhenUpdatingFormations_ThenFormationsAreUpdated(&quot;4-3-3&quot;)" storage="c:\gitlab-runner\builds\wr8mmwyb\0\livestats\livestats.football\source\test\functionaltests\bin\automation\net472\geniussports.livestats.football.functionaltests.dll" id="f21626c6-adf4-a600-f1f1-70adb28e4c61">
      <Execution id="821162ef-a5d5-4011-bf95-7c5cb2e3c15d" />
      <TestMethod codeBase="C:\GitLab-Runner\builds\wr8MmWYb\0\LiveStats\LiveStats.Football\Source\Test\FunctionalTests\bin\Automation\net472\GeniusSports.LiveStats.Football.FunctionalTests.dll" adapterTypeName="executor://nunit3testexecutor/" className="GeniusSports.LiveStats.Football.FunctionalTests.Tests.GameSetup.EditGameSetupTests" name="GivenGameInProgress_WhenUpdatingFormations_ThenFormationsAreUpdated(&quot;4-3-3&quot;)" />
    </UnitTest>
    <UnitTest name="CannotProceedWithoutBlankMandatoryFields(&quot;1&quot;,&quot;short team code&quot;,&quot;Team's short code is not valid&quot;,null)" storage="c:\gitlab-runner\builds\wr8mmwyb\0\livestats\livestats.football\source\test\functionaltests\bin\automation\net472\geniussports.livestats.football.functionaltests.dll" id="ebdaa647-ba18-138c-1209-3f425196fd66">
      <Execution id="2ff52906-4356-4458-a77e-d61f1b88b03e" />
      <TestMethod codeBase="C:\GitLab-Runner\builds\wr8MmWYb\0\LiveStats\LiveStats.Football\Source\Test\FunctionalTests\bin\Automation\net472\GeniusSports.LiveStats.Football.FunctionalTests.dll" adapterTypeName="executor://nunit3testexecutor/" className="GeniusSports.LiveStats.Football.FunctionalTests.Features.GameSetup.TeamsFeature" name="CannotProceedWithoutBlankMandatoryFields(&quot;1&quot;,&quot;short team code&quot;,&quot;Team's short code is not valid&quot;,null)" />
    </UnitTest>
    <UnitTest name="GivenFootballReportsOpened_WhenOpeningReport_ReportPreviewIsShown(&quot;Team 1 Squad List&quot;)" storage="c:\gitlab-runner\builds\wr8mmwyb\0\livestats\livestats.football\source\test\functionaltests\bin\automation\net472\geniussports.livestats.football.functionaltests.dll" id="d0322b3e-7253-35eb-8bae-9a60a92b4189">
      <Execution id="aca7a534-709e-4343-9a31-578adabec074" />
      <TestMethod codeBase="C:\GitLab-Runner\builds\wr8MmWYb\0\LiveStats\LiveStats.Football\Source\Test\FunctionalTests\bin\Automation\net472\GeniusSports.LiveStats.Football.FunctionalTests.dll" adapterTypeName="executor://nunit3testexecutor/" className="GeniusSports.LiveStats.Football.FunctionalTests.Tests.PitchScreen.PreviewReportsTests" name="GivenFootballReportsOpened_WhenOpeningReport_ReportPreviewIsShown(&quot;Team 1 Squad List&quot;)" />
    </UnitTest>
    <UnitTest name="ShotWorkflowCanBeStartedDuringAnyFreeKickWorkflowStep(&quot;location&quot;,&quot;1&quot;,null)" storage="c:\gitlab-runner\builds\wr8mmwyb\0\livestats\livestats.football\source\test\functionaltests\bin\automation\net472\geniussports.livestats.football.functionaltests.dll" id="86ea8378-fc01-0bdc-56eb-dc7e97e055fc">
      <Execution id="31a55b1d-5a6f-4f69-ae55-5523a2a730ca" />
      <TestMethod codeBase="C:\GitLab-Runner\builds\wr8MmWYb\0\LiveStats\LiveStats.Football\Source\Test\FunctionalTests\bin\Automation\net472\GeniusSports.LiveStats.Football.FunctionalTests.dll" adapterTypeName="executor://nunit3testexecutor/" className="GeniusSports.LiveStats.Football.FunctionalTests.Features.PitchScreen.ActionRegistration.ShotRegistrationFromFreeKickFeature" name="ShotWorkflowCanBeStartedDuringAnyFreeKickWorkflowStep(&quot;location&quot;,&quot;1&quot;,null)" />
    </UnitTest>
    <UnitTest name="ChangePitchPositionForFreeKickLocation" storage="c:\gitlab-runner\builds\wr8mmwyb\0\livestats\livestats.football\source\test\functionaltests\bin\automation\net472\geniussports.livestats.football.functionaltests.dll" id="6b2a7fc4-35f4-d1bc-0071-bd1450268ecd">
      <Execution id="aa7ab121-3c6a-4530-ba42-37b4999a9404" />
      <TestMethod codeBase="C:\GitLab-Runner\builds\wr8MmWYb\0\LiveStats\LiveStats.Football\Source\Test\FunctionalTests\bin\Automation\net472\GeniusSports.LiveStats.Football.FunctionalTests.dll" adapterTypeName="executor://nunit3testexecutor/" className="GeniusSports.LiveStats.Football.FunctionalTests.Features.PitchScreen.ActionEdits.FreeKickEditFeature" name="ChangePitchPositionForFreeKickLocation" />
    </UnitTest>
    <UnitTest name="EditSubDuringWorkflowFromExpandedActionLog" storage="c:\gitlab-runner\builds\wr8mmwyb\0\livestats\livestats.football\source\test\functionaltests\bin\automation\net472\geniussports.livestats.football.functionaltests.dll" id="b23c755e-0e85-385f-3ef6-e5855a84cd28">
      <Execution id="1af52d82-4e08-4647-93ec-5db8e84ab6ed" />
      <TestMethod codeBase="C:\GitLab-Runner\builds\wr8MmWYb\0\LiveStats\LiveStats.Football\Source\Test\FunctionalTests\bin\Automation\net472\GeniusSports.LiveStats.Football.FunctionalTests.dll" adapterTypeName="executor://nunit3testexecutor/" className="GeniusSports.LiveStats.Football.FunctionalTests.Features.PitchScreen.ActionEdits.EditsPossibleDuringOtherWorkflowsFeature" name="EditSubDuringWorkflowFromExpandedActionLog" />
    </UnitTest>
    <UnitTest name="GivenFirstHalfKickedOff_WhenDeletingKickOff_ThenGameBackInPregame" storage="c:\gitlab-runner\builds\wr8mmwyb\0\livestats\livestats.football\source\test\functionaltests\bin\automation\net472\geniussports.livestats.football.functionaltests.dll" id="54db0e77-cb35-ecea-8bbe-3b739089c0bf">
      <Execution id="517b072f-cdf4-4698-9d84-356f0f1b08c2" />
      <TestMethod codeBase="C:\GitLab-Runner\builds\wr8MmWYb\0\LiveStats\LiveStats.Football\Source\Test\FunctionalTests\bin\Automation\net472\GeniusSports.LiveStats.Football.FunctionalTests.dll" adapterTypeName="executor://nunit3testexecutor/" className="GeniusSports.LiveStats.Football.FunctionalTests.Tests.PitchScreen.ActionDeletes.KickOffsDeleteTests" name="GivenFirstHalfKickedOff_WhenDeletingKickOff_ThenGameBackInPregame" />
    </UnitTest>
    <UnitTest name="PlayersTabFieldsAreDisplayed" storage="c:\gitlab-runner\builds\wr8mmwyb\0\livestats\livestats.football\source\test\functionaltests\bin\automation\net472\geniussports.livestats.football.functionaltests.dll" id="df410fd5-2617-1d60-2c44-580d11f442e1">
      <Execution id="15ec6149-a1d3-421f-a6be-25766d4a2f07" />
      <TestMethod codeBase="C:\GitLab-Runner\builds\wr8MmWYb\0\LiveStats\LiveStats.Football\Source\Test\FunctionalTests\bin\Automation\net472\GeniusSports.LiveStats.Football.FunctionalTests.dll" adapterTypeName="executor://nunit3testexecutor/" className="GeniusSports.LiveStats.Football.FunctionalTests.Features.GameSetup.SetupTeamsPlayersFeature" name="PlayersTabFieldsAreDisplayed" />
    </UnitTest>
    <UnitTest name="GivenExpandedActionLog_WhenInsertingThrowInBeforeFirst_ThenInsertsCorrectly" storage="c:\gitlab-runner\builds\wr8mmwyb\0\livestats\livestats.football\source\test\functionaltests\bin\automation\net472\geniussports.livestats.football.functionaltests.dll" id="2aac34ec-5425-f970-6085-339484e91187">
      <Execution id="3a93e582-8c00-4937-b55c-b6e037a605cc" />
      <TestMethod codeBase="C:\GitLab-Runner\builds\wr8MmWYb\0\LiveStats\LiveStats.Football\Source\Test\FunctionalTests\bin\Automation\net472\GeniusSports.LiveStats.Football.FunctionalTests.dll" adapterTypeName="executor://nunit3testexecutor/" className="GeniusSports.LiveStats.Football.FunctionalTests.Tests.PitchScreen.ActionInserts.ThrowInInsertTests" name="GivenExpandedActionLog_WhenInsertingThrowInBeforeFirst_ThenInsertsCorrectly" />
    </UnitTest>
    <UnitTest name="GivenGame_WhenUpdatingTeamFormations_ThenFormationsUpdated(&quot;4-3-3&quot;,&quot;4-4-2&quot;)" storage="c:\gitlab-runner\builds\wr8mmwyb\0\livestats\livestats.football\source\test\functionaltests\bin\automation\net472\geniussports.livestats.football.functionaltests.dll" id="0a8a55d8-53d4-ecdf-6e7d-d0c261caab30">
      <Execution id="e0dd5c9a-3f1f-4afd-ad5f-b8703dd1b59d" />
      <TestMethod codeBase="C:\GitLab-Runner\builds\wr8MmWYb\0\LiveStats\LiveStats.Football\Source\Test\FunctionalTests\bin\Automation\net472\GeniusSports.LiveStats.Football.FunctionalTests.dll" adapterTypeName="executor://nunit3testexecutor/" className="GeniusSports.LiveStats.Football.FunctionalTests.Tests.GameSetup.SetupTeamFormationsTests" name="GivenGame_WhenUpdatingTeamFormations_ThenFormationsUpdated(&quot;4-3-3&quot;,&quot;4-4-2&quot;)" />
    </UnitTest>
    <UnitTest name="GivenFirstExtraTimeHalfEnded_WhenRegisteringActionsAfterEndHalf_ThenHalfEndCannotBeDeleted" storage="c:\gitlab-runner\builds\wr8mmwyb\0\livestats\livestats.football\source\test\functionaltests\bin\automation\net472\geniussports.livestats.football.functionaltests.dll" id="37264fb5-406a-d203-3631-d9ac1ee63963">
      <Execution id="ebdbc807-7c47-4ff3-84f3-62431349b012" />
      <TestMethod codeBase="C:\GitLab-Runner\builds\wr8MmWYb\0\LiveStats\LiveStats.Football\Source\Test\FunctionalTests\bin\Automation\net472\GeniusSports.LiveStats.Football.FunctionalTests.dll" adapterTypeName="executor://nunit3testexecutor/" className="GeniusSports.LiveStats.Football.FunctionalTests.Tests.PitchScreen.ActionDeletes.PeriodAndGameEndsDeleteTests" name="GivenFirstExtraTimeHalfEnded_WhenRegisteringActionsAfterEndHalf_ThenHalfEndCannotBeDeleted" />
    </UnitTest>
    <UnitTest name="SelectTeamAndGoalResultInGoalInsert(&quot;1&quot;,&quot;2&quot;,null)" storage="c:\gitlab-runner\builds\wr8mmwyb\0\livestats\livestats.football\source\test\functionaltests\bin\automation\net472\geniussports.livestats.football.functionaltests.dll" id="9ab2c969-44a8-260f-e896-b337f3ea3880">
      <Execution id="16b128ff-3c69-42eb-aa3d-9fb85aab117d" />
      <TestMethod codeBase="C:\GitLab-Runner\builds\wr8MmWYb\0\LiveStats\LiveStats.Football\Source\Test\FunctionalTests\bin\Automation\net472\GeniusSports.LiveStats.Football.FunctionalTests.dll" adapterTypeName="executor://nunit3testexecutor/" className="GeniusSports.LiveStats.Football.FunctionalTests.Features.PitchScreen.ActionInserts.InsertGoalFeature" name="SelectTeamAndGoalResultInGoalInsert(&quot;1&quot;,&quot;2&quot;,null)" />
    </UnitTest>
    <UnitTest name="SetAdjustPitchPositionForGoalInsert(&quot;adjust&quot;,null)" storage="c:\gitlab-runner\builds\wr8mmwyb\0\livestats\livestats.football\source\test\functionaltests\bin\automation\net472\geniussports.livestats.football.functionaltests.dll" id="2700f1e9-89c5-a67d-f1c5-2c74e199d0f3">
      <Execution id="a497262b-da7c-4d23-88a6-09e2e1ee30d6" />
      <TestMethod codeBase="C:\GitLab-Runner\builds\wr8MmWYb\0\LiveStats\LiveStats.Football\Source\Test\FunctionalTests\bin\Automation\net472\GeniusSports.LiveStats.Football.FunctionalTests.dll" adapterTypeName="executor://nunit3testexecutor/" className="GeniusSports.LiveStats.Football.FunctionalTests.Features.PitchScreen.ActionInserts.InsertGoalFeature" name="SetAdjustPitchPositionForGoalInsert(&quot;adjust&quot;,null)" />
    </UnitTest>
    <UnitTest name="CannotFlagAndContinueTakenFreeKickSteps" storage="c:\gitlab-runner\builds\wr8mmwyb\0\livestats\livestats.football\source\test\functionaltests\bin\automation\net472\geniussports.livestats.football.functionaltests.dll" id="fb23d2ac-7ebf-1dab-daf6-86904d6479f7">
      <Execution id="e88275f6-b99a-435c-869a-012e9805e316" />
      <TestMethod codeBase="C:\GitLab-Runner\builds\wr8MmWYb\0\LiveStats\LiveStats.Football\Source\Test\FunctionalTests\bin\Automation\net472\GeniusSports.LiveStats.Football.FunctionalTests.dll" adapterTypeName="executor://nunit3testexecutor/" className="GeniusSports.LiveStats.Football.FunctionalTests.Features.PitchScreen.Flagging.FlagAndContinueFeature" name="CannotFlagAndContinueTakenFreeKickSteps" />
    </UnitTest>
    <UnitTest name="DoNotConfirmCardColorCard(&quot;Yellow&quot;,&quot;2nd Yellow&quot;,null)" storage="c:\gitlab-runner\builds\wr8mmwyb\0\livestats\livestats.football\source\test\functionaltests\bin\automation\net472\geniussports.livestats.football.functionaltests.dll" id="d564a2ae-5a94-deb7-828e-a657e7c4fb59">
      <Execution id="406d4689-75bb-4dd5-ba28-02a2fe4985f9" />
      <TestMethod codeBase="C:\GitLab-Runner\builds\wr8MmWYb\0\LiveStats\LiveStats.Football\Source\Test\FunctionalTests\bin\Automation\net472\GeniusSports.LiveStats.Football.FunctionalTests.dll" adapterTypeName="executor://nunit3testexecutor/" className="GeniusSports.LiveStats.Football.FunctionalTests.Features.PitchScreen.ActionRegistration.CardRegistrationFeature" name="DoNotConfirmCardColorCard(&quot;Yellow&quot;,&quot;2nd Yellow&quot;,null)" />
    </UnitTest>
    <UnitTest name="SecondPenaltyRetake(&quot;1&quot;,&quot;16&quot;,null)" storage="c:\gitlab-runner\builds\wr8mmwyb\0\livestats\livestats.football\source\test\functionaltests\bin\automation\net472\geniussports.livestats.football.functionaltests.dll" id="f1738d77-a0de-c47a-e1d6-59e5e97f5147">
      <Execution id="a175fd51-511a-4f7f-bbef-a500352b02ea" />
      <TestMethod codeBase="C:\GitLab-Runner\builds\wr8MmWYb\0\LiveStats\LiveStats.Football\Source\Test\FunctionalTests\bin\Automation\net472\GeniusSports.LiveStats.Football.FunctionalTests.dll" adapterTypeName="executor://nunit3testexecutor/" className="GeniusSports.LiveStats.Football.FunctionalTests.Features.PitchScreen.ActionRegistration.PenaltyRegistrationFeature" name="SecondPenaltyRetake(&quot;1&quot;,&quot;16&quot;,null)" />
    </UnitTest>
    <UnitTest name="WhenWinnerIsClearInPenaltyShootoutsItIsPossibleToCompleteGame" storage="c:\gitlab-runner\builds\wr8mmwyb\0\livestats\livestats.football\source\test\functionaltests\bin\automation\net472\geniussports.livestats.football.functionaltests.dll" id="5c6f60b6-3512-6abe-2e0b-70dc16c1c131">
      <Execution id="9ac53bc9-4987-4548-8678-7f204dcb21ec" />
      <TestMethod codeBase="C:\GitLab-Runner\builds\wr8MmWYb\0\LiveStats\LiveStats.Football\Source\Test\FunctionalTests\bin\Automation\net472\GeniusSports.LiveStats.Football.FunctionalTests.dll" adapterTypeName="executor://nunit3testexecutor/" className="GeniusSports.LiveStats.Football.FunctionalTests.Features.PitchScreen.ActionRegistration.PenaltyShootoutRecordFeature" name="WhenWinnerIsClearInPenaltyShootoutsItIsPossibleToCompleteGame" />
    </UnitTest>
    <UnitTest name="GivenExpandedLog_WhenInsertingGoalBeforeWithAssistAndNoVar_ThenGoalInserted" storage="c:\gitlab-runner\builds\wr8mmwyb\0\livestats\livestats.football\source\test\functionaltests\bin\automation\net472\geniussports.livestats.football.functionaltests.dll" id="dbb17a92-4099-15c2-9af2-d3d5d068b3fb">
      <Execution id="3e0bea70-5038-4458-87ec-4d48290721e0" />
      <TestMethod codeBase="C:\GitLab-Runner\builds\wr8MmWYb\0\LiveStats\LiveStats.Football\Source\Test\FunctionalTests\bin\Automation\net472\GeniusSports.LiveStats.Football.FunctionalTests.dll" adapterTypeName="executor://nunit3testexecutor/" className="GeniusSports.LiveStats.Football.FunctionalTests.Tests.PitchScreen.ActionInserts.InsertGoalTests" name="GivenExpandedLog_WhenInsertingGoalBeforeWithAssistAndNoVar_ThenGoalInserted" />
    </UnitTest>
    <UnitTest name="GivenGameInProgress_WhenEditingClockByArrowUpMinutes_ThenClockEdited" storage="c:\gitlab-runner\builds\wr8mmwyb\0\livestats\livestats.football\source\test\functionaltests\bin\automation\net472\geniussports.livestats.football.functionaltests.dll" id="91b94757-fc96-289a-d0bf-00589354a962">
      <Execution id="66b2151a-2d83-4979-9a85-954bc856175e" />
      <TestMethod codeBase="C:\GitLab-Runner\builds\wr8MmWYb\0\LiveStats\LiveStats.Football\Source\Test\FunctionalTests\bin\Automation\net472\GeniusSports.LiveStats.Football.FunctionalTests.dll" adapterTypeName="executor://nunit3testexecutor/" className="GeniusSports.LiveStats.Football.FunctionalTests.Tests.PitchScreen.Clock.ClockManipulationTests" name="GivenGameInProgress_WhenEditingClockByArrowUpMinutes_ThenClockEdited" />
    </UnitTest>
    <UnitTest name="ChangeTeamWithZoneAndLocation" storage="c:\gitlab-runner\builds\wr8mmwyb\0\livestats\livestats.football\source\test\functionaltests\bin\automation\net472\geniussports.livestats.football.functionaltests.dll" id="ac3b5310-4ae4-6bcd-da18-a84a70a846f0">
      <Execution id="d3a6de9c-b044-4796-8cba-f3b51343c6da" />
      <TestMethod codeBase="C:\GitLab-Runner\builds\wr8MmWYb\0\LiveStats\LiveStats.Football\Source\Test\FunctionalTests\bin\Automation\net472\GeniusSports.LiveStats.Football.FunctionalTests.dll" adapterTypeName="executor://nunit3testexecutor/" className="GeniusSports.LiveStats.Football.FunctionalTests.Features.PitchScreen.ActionEdits.CornerEditFeature" name="ChangeTeamWithZoneAndLocation" />
    </UnitTest>
    <UnitTest name="CardReasonUpdate(&quot;Red&quot;,&quot;Serious Foul Play&quot;,null)" storage="c:\gitlab-runner\builds\wr8mmwyb\0\livestats\livestats.football\source\test\functionaltests\bin\automation\net472\geniussports.livestats.football.functionaltests.dll" id="2520f397-ee78-b2dc-6e6e-e1d9cf079499">
      <Execution id="abefc1c7-2f30-42bc-a6a4-acc36bbba481" />
      <TestMethod codeBase="C:\GitLab-Runner\builds\wr8MmWYb\0\LiveStats\LiveStats.Football\Source\Test\FunctionalTests\bin\Automation\net472\GeniusSports.LiveStats.Football.FunctionalTests.dll" adapterTypeName="executor://nunit3testexecutor/" className="GeniusSports.LiveStats.Football.FunctionalTests.Features.PitchScreen.ActionEdits.CardEditFeature" name="CardReasonUpdate(&quot;Red&quot;,&quot;Serious Foul Play&quot;,null)" />
    </UnitTest>
    <UnitTest name="GivenPlayersEjected_WhenInsertingGoalWithTwoEjectedPlayers_ThenShouldHaveTwoEjectionFlags" storage="c:\gitlab-runner\builds\wr8mmwyb\0\livestats\livestats.football\source\test\functionaltests\bin\automation\net472\geniussports.livestats.football.functionaltests.dll" id="cffb8b87-5d5e-780e-2caf-bd5f5c0276fe">
      <Execution id="cc472aea-4996-4b1e-a804-2b7552092531" />
      <TestMethod codeBase="C:\GitLab-Runner\builds\wr8MmWYb\0\LiveStats\LiveStats.Football\Source\Test\FunctionalTests\bin\Automation\net472\GeniusSports.LiveStats.Football.FunctionalTests.dll" adapterTypeName="executor://nunit3testexecutor/" className="GeniusSports.LiveStats.Football.FunctionalTests.Tests.PitchScreen.Flagging.CardEjectedPlayerFlaggingTests" name="GivenPlayersEjected_WhenInsertingGoalWithTwoEjectedPlayers_ThenShouldHaveTwoEjectionFlags" />
    </UnitTest>
    <UnitTest name="FootballChangeShotLocation" storage="c:\gitlab-runner\builds\wr8mmwyb\0\livestats\livestats.football\source\test\functionaltests\bin\automation\net472\geniussports.livestats.football.functionaltests.dll" id="537dd425-70e9-8038-8aad-92cba2887471">
      <Execution id="ad5f81f7-6295-4bfa-a6dc-7bdf6fd35f78" />
      <TestMethod codeBase="C:\GitLab-Runner\builds\wr8MmWYb\0\LiveStats\LiveStats.Football\Source\Test\FunctionalTests\bin\Automation\net472\GeniusSports.LiveStats.Football.FunctionalTests.dll" adapterTypeName="executor://nunit3testexecutor/" className="GeniusSports.LiveStats.Football.FunctionalTests.Features.PitchScreen.ActionEdits.GoalEditFeature" name="FootballChangeShotLocation" />
    </UnitTest>
    <UnitTest name="ChangedFreeKickReasonFromFoulToOffence" storage="c:\gitlab-runner\builds\wr8mmwyb\0\livestats\livestats.football\source\test\functionaltests\bin\automation\net472\geniussports.livestats.football.functionaltests.dll" id="8917670b-fd60-5fd2-7361-964c5ad89ab6">
      <Execution id="293c7294-c26d-4b16-87bb-2cead575e0a1" />
      <TestMethod codeBase="C:\GitLab-Runner\builds\wr8MmWYb\0\LiveStats\LiveStats.Football\Source\Test\FunctionalTests\bin\Automation\net472\GeniusSports.LiveStats.Football.FunctionalTests.dll" adapterTypeName="executor://nunit3testexecutor/" className="GeniusSports.LiveStats.Football.FunctionalTests.Features.PitchScreen.ActionEdits.FreeKickEditFeature" name="ChangedFreeKickReasonFromFoulToOffence" />
    </UnitTest>
    <UnitTest name="GivenGameInProgress_WhenRecordingInjuryOffPitchWithoutPlayer_ThenWorkflowContinues" storage="c:\gitlab-runner\builds\wr8mmwyb\0\livestats\livestats.football\source\test\functionaltests\bin\automation\net472\geniussports.livestats.football.functionaltests.dll" id="5fb3289c-0898-b637-c578-89fa351cb45a">
      <Execution id="dac99bbf-e7fa-4734-82a2-f7fb2a194312" />
      <TestMethod codeBase="C:\GitLab-Runner\builds\wr8MmWYb\0\LiveStats\LiveStats.Football\Source\Test\FunctionalTests\bin\Automation\net472\GeniusSports.LiveStats.Football.FunctionalTests.dll" adapterTypeName="executor://nunit3testexecutor/" className="GeniusSports.LiveStats.Football.FunctionalTests.Tests.PitchScreen.ActionRegistration.InjuryRegistrationTests" name="GivenGameInProgress_WhenRecordingInjuryOffPitchWithoutPlayer_ThenWorkflowContinues" />
    </UnitTest>
    <UnitTest name="EditThrowInDuringWorkflowFromActionLog" storage="c:\gitlab-runner\builds\wr8mmwyb\0\livestats\livestats.football\source\test\functionaltests\bin\automation\net472\geniussports.livestats.football.functionaltests.dll" id="eaa8eab8-2a4d-c94b-b8e6-a2e16c5f89eb">
      <Execution id="912d1049-19be-469a-b759-e404d0565181" />
      <TestMethod codeBase="C:\GitLab-Runner\builds\wr8MmWYb\0\LiveStats\LiveStats.Football\Source\Test\FunctionalTests\bin\Automation\net472\GeniusSports.LiveStats.Football.FunctionalTests.dll" adapterTypeName="executor://nunit3testexecutor/" className="GeniusSports.LiveStats.Football.FunctionalTests.Features.PitchScreen.ActionEdits.EditsPossibleDuringOtherWorkflowsFeature" name="EditThrowInDuringWorkflowFromActionLog" />
    </UnitTest>
    <UnitTest name="FlagAndContinueCorner" storage="c:\gitlab-runner\builds\wr8mmwyb\0\livestats\livestats.football\source\test\functionaltests\bin\automation\net472\geniussports.livestats.football.functionaltests.dll" id="b9b83c9a-afda-6c60-4bca-59632ca2b92a">
      <Execution id="32f832dc-c2f6-4ec3-977e-28cf94721db7" />
      <TestMethod codeBase="C:\GitLab-Runner\builds\wr8MmWYb\0\LiveStats\LiveStats.Football\Source\Test\FunctionalTests\bin\Automation\net472\GeniusSports.LiveStats.Football.FunctionalTests.dll" adapterTypeName="executor://nunit3testexecutor/" className="GeniusSports.LiveStats.Football.FunctionalTests.Features.PitchScreen.Flagging.FlagAndContinueFeature" name="FlagAndContinueCorner" />
    </UnitTest>
    <UnitTest name="ShotWorkflowCanBeStartedDuringAnyCornerWorkflowStep(&quot;taken&quot;,&quot;1&quot;,null)" storage="c:\gitlab-runner\builds\wr8mmwyb\0\livestats\livestats.football\source\test\functionaltests\bin\automation\net472\geniussports.livestats.football.functionaltests.dll" id="12133a89-3b23-159d-ac72-4cc3e538f5e3">
      <Execution id="3fafe170-0fec-48d2-bc49-ab4614d0bbfb" />
      <TestMethod codeBase="C:\GitLab-Runner\builds\wr8MmWYb\0\LiveStats\LiveStats.Football\Source\Test\FunctionalTests\bin\Automation\net472\GeniusSports.LiveStats.Football.FunctionalTests.dll" adapterTypeName="executor://nunit3testexecutor/" className="GeniusSports.LiveStats.Football.FunctionalTests.Features.PitchScreen.ActionRegistration.ShotRegistrationFromCornerFeature" name="ShotWorkflowCanBeStartedDuringAnyCornerWorkflowStep(&quot;taken&quot;,&quot;1&quot;,null)" />
    </UnitTest>
    <UnitTest name="InsertGoalPenaltyShootoutKickAfterOrBeforeLastEvent(&quot;after&quot;,&quot;1&quot;,&quot;0 - 0 (1 - 1)&quot;,&quot;2&quot;,&quot;1&quot;,null)" storage="c:\gitlab-runner\builds\wr8mmwyb\0\livestats\livestats.football\source\test\functionaltests\bin\automation\net472\geniussports.livestats.football.functionaltests.dll" id="29687d4f-90e3-eaed-29b6-04aad7b34311">
      <Execution id="cb3d4344-0645-4c59-aa13-440f0b12a3cf" />
      <TestMethod codeBase="C:\GitLab-Runner\builds\wr8MmWYb\0\LiveStats\LiveStats.Football\Source\Test\FunctionalTests\bin\Automation\net472\GeniusSports.LiveStats.Football.FunctionalTests.dll" adapterTypeName="executor://nunit3testexecutor/" className="GeniusSports.LiveStats.Football.FunctionalTests.Features.PitchScreen.ActionInserts.PenaltyShootoutInsertFeature" name="InsertGoalPenaltyShootoutKickAfterOrBeforeLastEvent(&quot;after&quot;,&quot;1&quot;,&quot;0 - 0 (1 - 1)&quot;,&quot;2&quot;,&quot;1&quot;,null)" />
    </UnitTest>
    <UnitTest name="GivenGameInProgress_WhenConfirmingEndedHalfLater_ThenLeavesAtConfirmationStep" storage="c:\gitlab-runner\builds\wr8mmwyb\0\livestats\livestats.football\source\test\functionaltests\bin\automation\net472\geniussports.livestats.football.functionaltests.dll" id="32adbb22-1811-d1f2-9cf1-8b6ee8a33774">
      <Execution id="3f7f4269-1d97-4686-8b16-d79cbcffae25" />
      <TestMethod codeBase="C:\GitLab-Runner\builds\wr8MmWYb\0\LiveStats\LiveStats.Football\Source\Test\FunctionalTests\bin\Automation\net472\GeniusSports.LiveStats.Football.FunctionalTests.dll" adapterTypeName="executor://nunit3testexecutor/" className="GeniusSports.LiveStats.Football.FunctionalTests.Tests.PitchScreen.GameState.EndMatchHalfTests" name="GivenGameInProgress_WhenConfirmingEndedHalfLater_ThenLeavesAtConfirmationStep" />
    </UnitTest>
    <UnitTest name="GivenGameWithAddedTimeInFirstHalf_WhenEditingAddedTimeWhileInSecondHalf_ThenCanSaveData" storage="c:\gitlab-runner\builds\wr8mmwyb\0\livestats\livestats.football\source\test\functionaltests\bin\automation\net472\geniussports.livestats.football.functionaltests.dll" id="13ee6a69-acd9-2535-5509-13323134f672">
      <Execution id="4e4b514e-da97-4f96-96a1-ab19261a22d9" />
      <TestMethod codeBase="C:\GitLab-Runner\builds\wr8MmWYb\0\LiveStats\LiveStats.Football\Source\Test\FunctionalTests\bin\Automation\net472\GeniusSports.LiveStats.Football.FunctionalTests.dll" adapterTypeName="executor://nunit3testexecutor/" className="GeniusSports.LiveStats.Football.FunctionalTests.Tests.PitchScreen.ActionEdits.AddedTimeEditTests" name="GivenGameWithAddedTimeInFirstHalf_WhenEditingAddedTimeWhileInSecondHalf_ThenCanSaveData" />
    </UnitTest>
    <UnitTest name="CanInsertInjuryIntoPeriodBreak(&quot;before&quot;,&quot;PhaseStart&quot;,&quot;3&quot;,&quot;45:00&quot;,null)" storage="c:\gitlab-runner\builds\wr8mmwyb\0\livestats\livestats.football\source\test\functionaltests\bin\automation\net472\geniussports.livestats.football.functionaltests.dll" id="cad3c24f-53e5-65ce-28a1-2b067d96c905">
      <Execution id="94bd345c-5816-496e-b43f-2e7a35557e70" />
      <TestMethod codeBase="C:\GitLab-Runner\builds\wr8MmWYb\0\LiveStats\LiveStats.Football\Source\Test\FunctionalTests\bin\Automation\net472\GeniusSports.LiveStats.Football.FunctionalTests.dll" adapterTypeName="executor://nunit3testexecutor/" className="GeniusSports.LiveStats.Football.FunctionalTests.Features.PitchScreen.ActionInserts.PeriodBreakInsertFeature" name="CanInsertInjuryIntoPeriodBreak(&quot;before&quot;,&quot;PhaseStart&quot;,&quot;3&quot;,&quot;45:00&quot;,null)" />
    </UnitTest>
    <UnitTest name="ChangingSubstitutionOrderWithPlayerThatWasSubbedInAndOutUnflagsAction" storage="c:\gitlab-runner\builds\wr8mmwyb\0\livestats\livestats.football\source\test\functionaltests\bin\automation\net472\geniussports.livestats.football.functionaltests.dll" id="02273cdb-96b8-3231-8da1-861dc1ee325d">
      <Execution id="7be42441-9285-4672-856f-d0e4e28490e4" />
      <TestMethod codeBase="C:\GitLab-Runner\builds\wr8MmWYb\0\LiveStats\LiveStats.Football\Source\Test\FunctionalTests\bin\Automation\net472\GeniusSports.LiveStats.Football.FunctionalTests.dll" adapterTypeName="executor://nunit3testexecutor/" className="GeniusSports.LiveStats.Football.FunctionalTests.Features.PitchScreen.Flagging.PlayerInMultipleSubstitutionsFlagFeature" name="ChangingSubstitutionOrderWithPlayerThatWasSubbedInAndOutUnflagsAction" />
    </UnitTest>
    <UnitTest name="GivenGameInProgress_WhenEditingClockByArrowDownSeconds_ThenClockEdited" storage="c:\gitlab-runner\builds\wr8mmwyb\0\livestats\livestats.football\source\test\functionaltests\bin\automation\net472\geniussports.livestats.football.functionaltests.dll" id="672e37fc-e8ae-d345-2a1a-d5a9f79dc318">
      <Execution id="3d8b0235-7078-4f97-8d35-de5a8556cc57" />
      <TestMethod codeBase="C:\GitLab-Runner\builds\wr8MmWYb\0\LiveStats\LiveStats.Football\Source\Test\FunctionalTests\bin\Automation\net472\GeniusSports.LiveStats.Football.FunctionalTests.dll" adapterTypeName="executor://nunit3testexecutor/" className="GeniusSports.LiveStats.Football.FunctionalTests.Tests.PitchScreen.Clock.ClockManipulationTests" name="GivenGameInProgress_WhenEditingClockByArrowDownSeconds_ThenClockEdited" />
    </UnitTest>
    <UnitTest name="EditFreeKickDuringWorkflowFromActionLog" storage="c:\gitlab-runner\builds\wr8mmwyb\0\livestats\livestats.football\source\test\functionaltests\bin\automation\net472\geniussports.livestats.football.functionaltests.dll" id="b19b92f7-831d-8cf3-6cdb-3559e765e691">
      <Execution id="67ea9dc8-7c2e-4a68-9a51-609ee7303344" />
      <TestMethod codeBase="C:\GitLab-Runner\builds\wr8MmWYb\0\LiveStats\LiveStats.Football\Source\Test\FunctionalTests\bin\Automation\net472\GeniusSports.LiveStats.Football.FunctionalTests.dll" adapterTypeName="executor://nunit3testexecutor/" className="GeniusSports.LiveStats.Football.FunctionalTests.Features.PitchScreen.ActionEdits.EditsPossibleDuringOtherWorkflowsFeature" name="EditFreeKickDuringWorkflowFromActionLog" />
    </UnitTest>
    <UnitTest name="GivenThrowInRegistered_WhenOpeningThrowInEdit_ThenOpensForm" storage="c:\gitlab-runner\builds\wr8mmwyb\0\livestats\livestats.football\source\test\functionaltests\bin\automation\net472\geniussports.livestats.football.functionaltests.dll" id="656a898c-e7dd-67d3-945a-f555f6619725">
      <Execution id="a15c4f86-98af-444a-a04b-f967724d053b" />
      <TestMethod codeBase="C:\GitLab-Runner\builds\wr8MmWYb\0\LiveStats\LiveStats.Football\Source\Test\FunctionalTests\bin\Automation\net472\GeniusSports.LiveStats.Football.FunctionalTests.dll" adapterTypeName="executor://nunit3testexecutor/" className="GeniusSports.LiveStats.Football.FunctionalTests.Tests.PitchScreen.ActionEdits.ThrowInEditTests" name="GivenThrowInRegistered_WhenOpeningThrowInEdit_ThenOpensForm" />
    </UnitTest>
    <UnitTest name="GivenGoalKickRegistered_WhenUpdatingGoalKickLandingLocation_ThenLocationUpdatedInForm" storage="c:\gitlab-runner\builds\wr8mmwyb\0\livestats\livestats.football\source\test\functionaltests\bin\automation\net472\geniussports.livestats.football.functionaltests.dll" id="9c73a19d-e360-ec9f-ec0f-30d780c94ce8">
      <Execution id="1ac55b29-45bd-42da-bfcf-50f58e8a4034" />
      <TestMethod codeBase="C:\GitLab-Runner\builds\wr8MmWYb\0\LiveStats\LiveStats.Football\Source\Test\FunctionalTests\bin\Automation\net472\GeniusSports.LiveStats.Football.FunctionalTests.dll" adapterTypeName="executor://nunit3testexecutor/" className="GeniusSports.LiveStats.Football.FunctionalTests.Tests.PitchScreen.ActionEdits.GoalKickEditTests" name="GivenGoalKickRegistered_WhenUpdatingGoalKickLandingLocation_ThenLocationUpdatedInForm" />
    </UnitTest>
    <UnitTest name="SaveCardVARWithStandsOutcome" storage="c:\gitlab-runner\builds\wr8mmwyb\0\livestats\livestats.football\source\test\functionaltests\bin\automation\net472\geniussports.livestats.football.functionaltests.dll" id="5004dae6-4d61-0738-4a19-0627d5692068">
      <Execution id="ac23ce04-87b2-4588-8ac1-9767b9ec97af" />
      <TestMethod codeBase="C:\GitLab-Runner\builds\wr8MmWYb\0\LiveStats\LiveStats.Football\Source\Test\FunctionalTests\bin\Automation\net472\GeniusSports.LiveStats.Football.FunctionalTests.dll" adapterTypeName="executor://nunit3testexecutor/" className="GeniusSports.LiveStats.Football.FunctionalTests.Features.PitchScreen.ActionEdits.CardEditFeature" name="SaveCardVARWithStandsOutcome" />
    </UnitTest>
    <UnitTest name="ClearPitchIsVisibleInGoalInsert(&quot;adjust&quot;,null)" storage="c:\gitlab-runner\builds\wr8mmwyb\0\livestats\livestats.football\source\test\functionaltests\bin\automation\net472\geniussports.livestats.football.functionaltests.dll" id="77dd8cfb-0a83-964d-6289-87e56f14686f">
      <Execution id="3976183b-22f3-477d-8924-d1879b0ceb27" />
      <TestMethod codeBase="C:\GitLab-Runner\builds\wr8MmWYb\0\LiveStats\LiveStats.Football\Source\Test\FunctionalTests\bin\Automation\net472\GeniusSports.LiveStats.Football.FunctionalTests.dll" adapterTypeName="executor://nunit3testexecutor/" className="GeniusSports.LiveStats.Football.FunctionalTests.Features.PitchScreen.ActionInserts.InsertGoalFeature" name="ClearPitchIsVisibleInGoalInsert(&quot;adjust&quot;,null)" />
    </UnitTest>
    <UnitTest name="GivenGoalKickRegistered_WhenUpdatingGoalKickTeam_ThenChangesColorsAndEnablesSave" storage="c:\gitlab-runner\builds\wr8mmwyb\0\livestats\livestats.football\source\test\functionaltests\bin\automation\net472\geniussports.livestats.football.functionaltests.dll" id="136e7f3d-755d-7001-de38-18e572aab7a3">
      <Execution id="2c5555d6-0789-45c0-b30c-d037b349e541" />
      <TestMethod codeBase="C:\GitLab-Runner\builds\wr8MmWYb\0\LiveStats\LiveStats.Football\Source\Test\FunctionalTests\bin\Automation\net472\GeniusSports.LiveStats.Football.FunctionalTests.dll" adapterTypeName="executor://nunit3testexecutor/" className="GeniusSports.LiveStats.Football.FunctionalTests.Tests.PitchScreen.ActionEdits.GoalKickEditTests" name="GivenGoalKickRegistered_WhenUpdatingGoalKickTeam_ThenChangesColorsAndEnablesSave" />
    </UnitTest>
    <UnitTest name="CanInsertInjuryIntoPeriodBreak(&quot;after&quot;,&quot;PhaseEnd&quot;,&quot;3&quot;,&quot;45:00&quot;,null)" storage="c:\gitlab-runner\builds\wr8mmwyb\0\livestats\livestats.football\source\test\functionaltests\bin\automation\net472\geniussports.livestats.football.functionaltests.dll" id="6400466c-4bc1-9896-66a7-4b0274657418">
      <Execution id="634dcf52-d3bb-4c71-a2af-e9cf376893f1" />
      <TestMethod codeBase="C:\GitLab-Runner\builds\wr8MmWYb\0\LiveStats\LiveStats.Football\Source\Test\FunctionalTests\bin\Automation\net472\GeniusSports.LiveStats.Football.FunctionalTests.dll" adapterTypeName="executor://nunit3testexecutor/" className="GeniusSports.LiveStats.Football.FunctionalTests.Features.PitchScreen.ActionInserts.PeriodBreakInsertFeature" name="CanInsertInjuryIntoPeriodBreak(&quot;after&quot;,&quot;PhaseEnd&quot;,&quot;3&quot;,&quot;45:00&quot;,null)" />
    </UnitTest>
    <UnitTest name="GivenPeriodBreakWithInterruption_WhenPreparingForAnotherHalf_ThenInterruptionIsPresnet" storage="c:\gitlab-runner\builds\wr8mmwyb\0\livestats\livestats.football\source\test\functionaltests\bin\automation\net472\geniussports.livestats.football.functionaltests.dll" id="97bcb73c-503b-d1ba-35c3-7e7cca35d64b">
      <Execution id="4698ff97-3907-4e29-85da-63b535c65778" />
      <TestMethod codeBase="C:\GitLab-Runner\builds\wr8MmWYb\0\LiveStats\LiveStats.Football\Source\Test\FunctionalTests\bin\Automation\net472\GeniusSports.LiveStats.Football.FunctionalTests.dll" adapterTypeName="executor://nunit3testexecutor/" className="GeniusSports.LiveStats.Football.FunctionalTests.Tests.PitchScreen.GameMessages.GameInterruptionTests" name="GivenPeriodBreakWithInterruption_WhenPreparingForAnotherHalf_ThenInterruptionIsPresnet" />
    </UnitTest>
    <UnitTest name="SelectTeamAndGoalTypeInGoalInsert(&quot;1&quot;,&quot;Right Foot&quot;,null)" storage="c:\gitlab-runner\builds\wr8mmwyb\0\livestats\livestats.football\source\test\functionaltests\bin\automation\net472\geniussports.livestats.football.functionaltests.dll" id="65bd45d0-1646-705b-483f-3a01f5c153f1">
      <Execution id="b9e0ffa3-a568-4f9d-949d-dc6f281be535" />
      <TestMethod codeBase="C:\GitLab-Runner\builds\wr8MmWYb\0\LiveStats\LiveStats.Football\Source\Test\FunctionalTests\bin\Automation\net472\GeniusSports.LiveStats.Football.FunctionalTests.dll" adapterTypeName="executor://nunit3testexecutor/" className="GeniusSports.LiveStats.Football.FunctionalTests.Features.PitchScreen.ActionInserts.InsertGoalFeature" name="SelectTeamAndGoalTypeInGoalInsert(&quot;1&quot;,&quot;Right Foot&quot;,null)" />
    </UnitTest>
    <UnitTest name="GivenFixtureGameStartedAndFilled_WhenClosingWithSave_ThenUpdatedGameShownInDashboard" storage="c:\gitlab-runner\builds\wr8mmwyb\0\livestats\livestats.football\source\test\functionaltests\bin\automation\net472\geniussports.livestats.football.functionaltests.dll" id="36cde5bb-a63a-90b8-8176-e1a91836a847">
      <Execution id="5f030125-4273-4ce6-841a-4f6cadd18c35" />
      <TestMethod codeBase="C:\GitLab-Runner\builds\wr8MmWYb\0\LiveStats\LiveStats.Football\Source\Test\FunctionalTests\bin\Automation\net472\GeniusSports.LiveStats.Football.FunctionalTests.dll" adapterTypeName="executor://nunit3testexecutor/" className="GeniusSports.LiveStats.Football.FunctionalTests.Tests.GameSetup.DiscardAndCloseGameTests" name="GivenFixtureGameStartedAndFilled_WhenClosingWithSave_ThenUpdatedGameShownInDashboard" />
    </UnitTest>
    <UnitTest name="GivenGameInProgress_WhenRecordingInjuryOffAndSkippingPlayerSelection_ThenContainerFlagged" storage="c:\gitlab-runner\builds\wr8mmwyb\0\livestats\livestats.football\source\test\functionaltests\bin\automation\net472\geniussports.livestats.football.functionaltests.dll" id="7ee2066b-c494-8171-d735-a93865cc9359">
      <Execution id="0c7c69a9-77c7-4afc-a22e-66e0d4fefdc5" />
      <TestMethod codeBase="C:\GitLab-Runner\builds\wr8MmWYb\0\LiveStats\LiveStats.Football\Source\Test\FunctionalTests\bin\Automation\net472\GeniusSports.LiveStats.Football.FunctionalTests.dll" adapterTypeName="executor://nunit3testexecutor/" className="GeniusSports.LiveStats.Football.FunctionalTests.Tests.PitchScreen.ActionRegistration.InjuryRegistrationTests" name="GivenGameInProgress_WhenRecordingInjuryOffAndSkippingPlayerSelection_ThenContainerFlagged" />
    </UnitTest>
    <UnitTest name="GivenGameInProgress_WhenRegisteringShotOffTarget_RegistersShotOffTarget" storage="c:\gitlab-runner\builds\wr8mmwyb\0\livestats\livestats.football\source\test\functionaltests\bin\automation\net472\geniussports.livestats.football.functionaltests.dll" id="2db34fee-8824-5d30-ebb6-3f8f9f51225b">
      <Execution id="49d775a2-d7c1-4e93-a4c7-5467f8a48eb0" />
      <TestMethod codeBase="C:\GitLab-Runner\builds\wr8MmWYb\0\LiveStats\LiveStats.Football\Source\Test\FunctionalTests\bin\Automation\net472\GeniusSports.LiveStats.Football.FunctionalTests.dll" adapterTypeName="executor://nunit3testexecutor/" className="GeniusSports.LiveStats.Football.FunctionalTests.Tests.PitchScreen.ActionRegistration.ShotRegistrationTests" name="GivenGameInProgress_WhenRegisteringShotOffTarget_RegistersShotOffTarget" />
    </UnitTest>
    <UnitTest name="ColorCouldBeSelectedForBothTeams" storage="c:\gitlab-runner\builds\wr8mmwyb\0\livestats\livestats.football\source\test\functionaltests\bin\automation\net472\geniussports.livestats.football.functionaltests.dll" id="57601901-385b-0ef3-ae38-54defbd20b73">
      <Execution id="da768c5e-e7ae-495a-9618-986e62e962cf" />
      <TestMethod codeBase="C:\GitLab-Runner\builds\wr8MmWYb\0\LiveStats\LiveStats.Football\Source\Test\FunctionalTests\bin\Automation\net472\GeniusSports.LiveStats.Football.FunctionalTests.dll" adapterTypeName="executor://nunit3testexecutor/" className="GeniusSports.LiveStats.Football.FunctionalTests.Features.GameSetup.TeamsFeature" name="ColorCouldBeSelectedForBothTeams" />
    </UnitTest>
    <UnitTest name="GivenSeveralActionsRegistered_WhenFilteringByShirtId_ThenCorrectItemsReturned" storage="c:\gitlab-runner\builds\wr8mmwyb\0\livestats\livestats.football\source\test\functionaltests\bin\automation\net472\geniussports.livestats.football.functionaltests.dll" id="ed47db8f-937f-9158-5d29-e76be4779fd5">
      <Execution id="7dfd6752-20e8-438c-8c75-7861e5eb06fb" />
      <TestMethod codeBase="C:\GitLab-Runner\builds\wr8MmWYb\0\LiveStats\LiveStats.Football\Source\Test\FunctionalTests\bin\Automation\net472\GeniusSports.LiveStats.Football.FunctionalTests.dll" adapterTypeName="executor://nunit3testexecutor/" className="GeniusSports.LiveStats.Football.FunctionalTests.Tests.PitchScreen.Filters.PlayerFilterTests" name="GivenSeveralActionsRegistered_WhenFilteringByShirtId_ThenCorrectItemsReturned" />
    </UnitTest>
    <UnitTest name="CannotProceedWithoutBlankMandatoryFields(&quot;1&quot;,&quot;name&quot;,&quot;Team's name is required&quot;,null)" storage="c:\gitlab-runner\builds\wr8mmwyb\0\livestats\livestats.football\source\test\functionaltests\bin\automation\net472\geniussports.livestats.football.functionaltests.dll" id="0823b7c6-3d2d-2e31-1cb3-cb34e5afd251">
      <Execution id="2ccfd8da-156e-40c2-a7ec-db0c665497eb" />
      <TestMethod codeBase="C:\GitLab-Runner\builds\wr8MmWYb\0\LiveStats\LiveStats.Football\Source\Test\FunctionalTests\bin\Automation\net472\GeniusSports.LiveStats.Football.FunctionalTests.dll" adapterTypeName="executor://nunit3testexecutor/" className="GeniusSports.LiveStats.Football.FunctionalTests.Features.GameSetup.TeamsFeature" name="CannotProceedWithoutBlankMandatoryFields(&quot;1&quot;,&quot;name&quot;,&quot;Team's name is required&quot;,null)" />
    </UnitTest>
    <UnitTest name="YesOnVARForPenaltySecondStep(&quot;2&quot;,&quot;10&quot;,null)" storage="c:\gitlab-runner\builds\wr8mmwyb\0\livestats\livestats.football\source\test\functionaltests\bin\automation\net472\geniussports.livestats.football.functionaltests.dll" id="38b1a421-2bc0-21a3-6930-dff8278e117f">
      <Execution id="f427aad1-1e18-4728-af38-c187e8c708a2" />
      <TestMethod codeBase="C:\GitLab-Runner\builds\wr8MmWYb\0\LiveStats\LiveStats.Football\Source\Test\FunctionalTests\bin\Automation\net472\GeniusSports.LiveStats.Football.FunctionalTests.dll" adapterTypeName="executor://nunit3testexecutor/" className="GeniusSports.LiveStats.Football.FunctionalTests.Features.PitchScreen.VideoAssistantReferee.VarRegistrationDuringPenaltyFeature" name="YesOnVARForPenaltySecondStep(&quot;2&quot;,&quot;10&quot;,null)" />
    </UnitTest>
    <UnitTest name="CannotProceedWithTooLongGameNumber" storage="c:\gitlab-runner\builds\wr8mmwyb\0\livestats\livestats.football\source\test\functionaltests\bin\automation\net472\geniussports.livestats.football.functionaltests.dll" id="c0088f5b-e1a5-bb9c-d1b8-3dc97f394428">
      <Execution id="92f4b815-ec76-47b9-8618-7f25f64671f0" />
      <TestMethod codeBase="C:\GitLab-Runner\builds\wr8MmWYb\0\LiveStats\LiveStats.Football\Source\Test\FunctionalTests\bin\Automation\net472\GeniusSports.LiveStats.Football.FunctionalTests.dll" adapterTypeName="executor://nunit3testexecutor/" className="GeniusSports.LiveStats.Football.FunctionalTests.Features.GameSetup.SetupGeneralGameInformationFeature" name="CannotProceedWithTooLongGameNumber" />
    </UnitTest>
    <UnitTest name="CancelSubstitutionEdit" storage="c:\gitlab-runner\builds\wr8mmwyb\0\livestats\livestats.football\source\test\functionaltests\bin\automation\net472\geniussports.livestats.football.functionaltests.dll" id="a83cc73a-9a85-f9ff-b6c3-3dd8d9f7ce7b">
      <Execution id="cd07fbea-22fb-45f9-aac6-6379e168ca18" />
      <TestMethod codeBase="C:\GitLab-Runner\builds\wr8MmWYb\0\LiveStats\LiveStats.Football\Source\Test\FunctionalTests\bin\Automation\net472\GeniusSports.LiveStats.Football.FunctionalTests.dll" adapterTypeName="executor://nunit3testexecutor/" className="GeniusSports.LiveStats.Football.FunctionalTests.Features.PitchScreen.ActionEdits.SubstitutionEditFeature" name="CancelSubstitutionEdit" />
    </UnitTest>
    <UnitTest name="PSOCantBeDeletedIfThereIsActionRegisteredAfter" storage="c:\gitlab-runner\builds\wr8mmwyb\0\livestats\livestats.football\source\test\functionaltests\bin\automation\net472\geniussports.livestats.football.functionaltests.dll" id="1c329d84-de43-d067-f160-f8b21621dfd8">
      <Execution id="e4840ac5-d9a4-4cd2-a1a0-2b181220c122" />
      <TestMethod codeBase="C:\GitLab-Runner\builds\wr8MmWYb\0\LiveStats\LiveStats.Football\Source\Test\FunctionalTests\bin\Automation\net472\GeniusSports.LiveStats.Football.FunctionalTests.dll" adapterTypeName="executor://nunit3testexecutor/" className="GeniusSports.LiveStats.Football.FunctionalTests.Features.PitchScreen.ActionDeletes.KickOffsDeleteFeature" name="PSOCantBeDeletedIfThereIsActionRegisteredAfter" />
    </UnitTest>
    <UnitTest name="FlagAndContinueAllCardSteps(&quot;Red&quot;,&quot;Red&quot;,&quot;1&quot;,null)" storage="c:\gitlab-runner\builds\wr8mmwyb\0\livestats\livestats.football\source\test\functionaltests\bin\automation\net472\geniussports.livestats.football.functionaltests.dll" id="74ebe2c4-8706-2add-953a-94bca4c48fa8">
      <Execution id="db565cab-8b7e-41a2-98d3-136175749add" />
      <TestMethod codeBase="C:\GitLab-Runner\builds\wr8MmWYb\0\LiveStats\LiveStats.Football\Source\Test\FunctionalTests\bin\Automation\net472\GeniusSports.LiveStats.Football.FunctionalTests.dll" adapterTypeName="executor://nunit3testexecutor/" className="GeniusSports.LiveStats.Football.FunctionalTests.Features.PitchScreen.Flagging.FlagAndContinueFeature" name="FlagAndContinueAllCardSteps(&quot;Red&quot;,&quot;Red&quot;,&quot;1&quot;,null)" />
    </UnitTest>
    <UnitTest name="NoOnVARForPenaltyFirstStep(&quot;2&quot;,null)" storage="c:\gitlab-runner\builds\wr8mmwyb\0\livestats\livestats.football\source\test\functionaltests\bin\automation\net472\geniussports.livestats.football.functionaltests.dll" id="d6bac64a-a721-0ba2-b6ab-4b7f36162820">
      <Execution id="52140f77-4623-4ac6-8d03-a3bc96de0f1d" />
      <TestMethod codeBase="C:\GitLab-Runner\builds\wr8MmWYb\0\LiveStats\LiveStats.Football\Source\Test\FunctionalTests\bin\Automation\net472\GeniusSports.LiveStats.Football.FunctionalTests.dll" adapterTypeName="executor://nunit3testexecutor/" className="GeniusSports.LiveStats.Football.FunctionalTests.Features.PitchScreen.VideoAssistantReferee.VarRegistrationDuringPenaltyFeature" name="NoOnVARForPenaltyFirstStep(&quot;2&quot;,null)" />
    </UnitTest>
  </TestDefinitions>
  <TestEntries>
    <TestEntry testId="180ddb40-5d57-80dd-86e5-d2d247b50e5f" executionId="27e460c6-ff61-4495-9a65-03c95b0b54ec" testListId="8c84fa94-04c1-424b-9868-57a2d4851a1d" />
    <TestEntry testId="16d4b4cc-38aa-df1c-e06d-bd6db292bd31" executionId="df2e0504-e923-4735-bc5c-cfd3164007eb" testListId="8c84fa94-04c1-424b-9868-57a2d4851a1d" />
    <TestEntry testId="c9228c24-3074-3781-0e6a-c0028a7dc859" executionId="1a7ae999-ca4f-4398-9ca0-40256f636456" testListId="8c84fa94-04c1-424b-9868-57a2d4851a1d" />
    <TestEntry testId="d6fec4a4-196d-66f2-74a6-e4dfbd15ae52" executionId="24f82db8-bab9-4455-8b4a-f3eb351d1b48" testListId="8c84fa94-04c1-424b-9868-57a2d4851a1d" />
    <TestEntry testId="672e37fc-e8ae-d345-2a1a-d5a9f79dc318" executionId="3d8b0235-7078-4f97-8d35-de5a8556cc57" testListId="8c84fa94-04c1-424b-9868-57a2d4851a1d" />
    <TestEntry testId="f97cade4-2f57-d763-2c95-68063348a95c" executionId="644a9a38-9495-40d8-9e43-522e602dc4a3" testListId="8c84fa94-04c1-424b-9868-57a2d4851a1d" />
    <TestEntry testId="edbcfb6d-2881-58b1-12eb-77371c6c622f" executionId="36a85a65-36db-4682-ad66-96fe4b0b5f15" testListId="8c84fa94-04c1-424b-9868-57a2d4851a1d" />
    <TestEntry testId="33f68f15-b6d0-3ac0-d559-a4e80e130817" executionId="a118f159-ad2b-49ab-aa75-cd5c1d10dc88" testListId="8c84fa94-04c1-424b-9868-57a2d4851a1d" />
    <TestEntry testId="855f987d-ebca-43ff-0b31-925b8b9ca53f" executionId="d35b94e1-8406-4249-9f6d-db72203a2787" testListId="8c84fa94-04c1-424b-9868-57a2d4851a1d" />
    <TestEntry testId="2c0681f8-be72-0583-ef88-0b401557b674" executionId="8083f47c-2ff3-45f4-be6d-f63c0eae06f7" testListId="8c84fa94-04c1-424b-9868-57a2d4851a1d" />
    <TestEntry testId="967c2ebf-dec5-28bc-117b-7063c87298f8" executionId="0f612a6f-748c-4c83-a93a-18de5e2d820a" testListId="8c84fa94-04c1-424b-9868-57a2d4851a1d" />
    <TestEntry testId="c0088f5b-e1a5-bb9c-d1b8-3dc97f394428" executionId="92f4b815-ec76-47b9-8618-7f25f64671f0" testListId="8c84fa94-04c1-424b-9868-57a2d4851a1d" />
    <TestEntry testId="9b4206bd-7900-2ee0-29c0-9dde7834f5d2" executionId="3c5f92a0-bfc3-4529-b213-1b801d468404" testListId="8c84fa94-04c1-424b-9868-57a2d4851a1d" />
    <TestEntry testId="1b7bc708-f9aa-11a7-c1d2-36c8d7c00150" executionId="e99658c4-e87f-4e32-922f-5fcd02d3544e" testListId="8c84fa94-04c1-424b-9868-57a2d4851a1d" />
    <TestEntry testId="25ed4304-0d0a-563f-db47-a3a7ca682118" executionId="17b2be04-6af0-451f-b0d3-e8dfae366ba7" testListId="8c84fa94-04c1-424b-9868-57a2d4851a1d" />
    <TestEntry testId="f7808d0c-c671-88b6-ec0f-4e4cf2768d98" executionId="7e1a9be0-fd73-44ba-9d7e-d3f18c9e7fd4" testListId="8c84fa94-04c1-424b-9868-57a2d4851a1d" />
    <TestEntry testId="c16ac3df-8251-c19f-2c13-bf2227eec130" executionId="f0321132-fd0e-4e37-8881-495e4a701116" testListId="8c84fa94-04c1-424b-9868-57a2d4851a1d" />
    <TestEntry testId="1a769f46-0103-6b4b-b260-6bfe2aac0c57" executionId="7ae798ad-b3f2-4a8f-a0a6-0b4bc312a99c" testListId="8c84fa94-04c1-424b-9868-57a2d4851a1d" />
    <TestEntry testId="f1199bbb-3849-9efe-320b-e6d6d2de8afc" executionId="94cabc27-71f0-4555-9a78-a6caf23f24f1" testListId="8c84fa94-04c1-424b-9868-57a2d4851a1d" />
    <TestEntry testId="feb254eb-6b7c-0fc9-1282-e4be8fd787c8" executionId="2f579397-cd5f-4d6c-8ced-2959d8928849" testListId="8c84fa94-04c1-424b-9868-57a2d4851a1d" />
    <TestEntry testId="a56fb8ec-f6a4-19a2-0346-57853bc64bb9" executionId="761f5082-fbd1-4e66-8322-35b3213603b1" testListId="8c84fa94-04c1-424b-9868-57a2d4851a1d" />
    <TestEntry testId="984c9fd7-b64e-1467-d44f-2bbe37c81f05" executionId="5eca17b2-2b31-4222-bd73-7ee35392029f" testListId="8c84fa94-04c1-424b-9868-57a2d4851a1d" />
    <TestEntry testId="a1ec1066-7b62-3d85-8f40-52942f2a84c4" executionId="d07ab3a5-dd26-4a08-b2ee-a352a06dc402" testListId="8c84fa94-04c1-424b-9868-57a2d4851a1d" />
    <TestEntry testId="bca74496-ac35-e27b-3cdf-2aef74af7b87" executionId="13223ecc-4d90-4f1b-8810-18e27d3f89fc" testListId="8c84fa94-04c1-424b-9868-57a2d4851a1d" />
    <TestEntry testId="00e63f2b-774f-2f86-02ee-5e6f0170a8b6" executionId="0a6351c2-34cd-4776-bb08-ffb80ee5dac3" testListId="8c84fa94-04c1-424b-9868-57a2d4851a1d" />
    <TestEntry testId="c1e6e960-66f5-6125-b361-65919b6e2ab2" executionId="24da286a-192c-4ea3-bc31-0a7ae44c803d" testListId="8c84fa94-04c1-424b-9868-57a2d4851a1d" />
    <TestEntry testId="37a24c4f-568d-b131-2d71-092e478c4744" executionId="8f59dec2-ab15-4b74-a432-b86ffc9c16f5" testListId="8c84fa94-04c1-424b-9868-57a2d4851a1d" />
    <TestEntry testId="7ee2066b-c494-8171-d735-a93865cc9359" executionId="0c7c69a9-77c7-4afc-a22e-66e0d4fefdc5" testListId="8c84fa94-04c1-424b-9868-57a2d4851a1d" />
    <TestEntry testId="6042e2d3-3b1b-de7c-91d8-c5acfc5b3d9b" executionId="6c9c41fd-c6a4-48e6-a41d-1b692b4dad44" testListId="8c84fa94-04c1-424b-9868-57a2d4851a1d" />
    <TestEntry testId="3286a5db-d7f8-375b-2303-5567959b9acd" executionId="da1a498d-0650-400f-82d0-392bf01c6606" testListId="8c84fa94-04c1-424b-9868-57a2d4851a1d" />
    <TestEntry testId="39d8d8db-dd10-181e-ff2d-f35ced6f3491" executionId="7610a8c1-70ba-4943-b503-cdff1721944d" testListId="8c84fa94-04c1-424b-9868-57a2d4851a1d" />
    <TestEntry testId="fdbbecb2-7c92-acb2-df58-d90b88ac4eb2" executionId="dc589e60-7547-4d20-96e5-4015536b219c" testListId="8c84fa94-04c1-424b-9868-57a2d4851a1d" />
    <TestEntry testId="d3c71dff-0cc8-6f9d-f6bc-c072923bc120" executionId="91d3fc3b-911f-4b11-baac-d300517cb961" testListId="8c84fa94-04c1-424b-9868-57a2d4851a1d" />
    <TestEntry testId="af8b4f95-5ba6-7ebf-4618-8b7f4971850d" executionId="c399b20f-4867-43da-a2af-021eb004fb44" testListId="8c84fa94-04c1-424b-9868-57a2d4851a1d" />
    <TestEntry testId="b6012217-205c-4134-2dca-387341b512a5" executionId="e5deb30c-43c1-4b87-b6fe-5164b829aade" testListId="8c84fa94-04c1-424b-9868-57a2d4851a1d" />
    <TestEntry testId="ac373a8f-4885-332b-4c79-c9b64144f5d1" executionId="71ce108b-5182-4019-9af8-1528e03a51b5" testListId="8c84fa94-04c1-424b-9868-57a2d4851a1d" />
    <TestEntry testId="6be0df20-5ee7-8efb-9d0e-0b3b85da85f3" executionId="fad66819-d293-442c-bf77-11a7cb68acde" testListId="8c84fa94-04c1-424b-9868-57a2d4851a1d" />
    <TestEntry testId="1c329d84-de43-d067-f160-f8b21621dfd8" executionId="e4840ac5-d9a4-4cd2-a1a0-2b181220c122" testListId="8c84fa94-04c1-424b-9868-57a2d4851a1d" />
    <TestEntry testId="73a3dfae-0cf8-9a75-96ca-858bc4a0a3dc" executionId="dd42eb3c-3874-476c-b733-3375be894d5a" testListId="8c84fa94-04c1-424b-9868-57a2d4851a1d" />
    <TestEntry testId="31b4ecf9-c7c4-1f46-d9b0-7593bb9e9631" executionId="78308ad4-43b9-435d-9bb7-269c0b312e78" testListId="8c84fa94-04c1-424b-9868-57a2d4851a1d" />
    <TestEntry testId="2cfbaae9-5213-77e9-7708-aabc49ae60b3" executionId="87e43bb8-3bd8-4f57-90c2-81f84d6a0f49" testListId="8c84fa94-04c1-424b-9868-57a2d4851a1d" />
    <TestEntry testId="25e8c811-dbbc-0230-eb34-5cc81beb197d" executionId="09023695-1df8-4a84-b5b5-723c7a56c7e7" testListId="8c84fa94-04c1-424b-9868-57a2d4851a1d" />
    <TestEntry testId="5a0fa8bf-8cb9-50fb-82b4-e76854011ec5" executionId="02f6c5ce-b652-46b8-aa5b-8076176e8279" testListId="8c84fa94-04c1-424b-9868-57a2d4851a1d" />
    <TestEntry testId="fc71d7eb-12f2-7ccb-0bae-cd20adbe4025" executionId="40955c77-a6c9-494a-9cd0-60f191f07c6e" testListId="8c84fa94-04c1-424b-9868-57a2d4851a1d" />
    <TestEntry testId="29787837-54df-deb6-5c8e-b1588fe5f847" executionId="06dc2526-4e78-43b0-b884-630f3d0dbffa" testListId="8c84fa94-04c1-424b-9868-57a2d4851a1d" />
    <TestEntry testId="ca027b98-1c81-7fa2-d0a0-e5fb7f924aad" executionId="d8215e51-e46c-4f69-bd50-a9aa6e288201" testListId="8c84fa94-04c1-424b-9868-57a2d4851a1d" />
    <TestEntry testId="2856bc4f-fb68-a4c0-503f-93cbc2924598" executionId="403a24c7-9ccc-4cce-a5ff-db7ef61f6954" testListId="8c84fa94-04c1-424b-9868-57a2d4851a1d" />
    <TestEntry testId="ac336e1a-7108-5892-b2db-91d216bb6536" executionId="a2a12053-ae31-44f8-a150-2bb41ce4547d" testListId="8c84fa94-04c1-424b-9868-57a2d4851a1d" />
    <TestEntry testId="86ea8378-fc01-0bdc-56eb-dc7e97e055fc" executionId="31a55b1d-5a6f-4f69-ae55-5523a2a730ca" testListId="8c84fa94-04c1-424b-9868-57a2d4851a1d" />
    <TestEntry testId="b59e576a-0116-63e6-f879-38431e482fbf" executionId="df78fe68-97d7-4aaf-a7b6-92a7cc5d9cf3" testListId="8c84fa94-04c1-424b-9868-57a2d4851a1d" />
    <TestEntry testId="cbd1e7fd-5dbf-bad2-6fb6-d3dacfbd496e" executionId="ba8c45f3-8dbe-4434-b79b-ecb13b641220" testListId="8c84fa94-04c1-424b-9868-57a2d4851a1d" />
    <TestEntry testId="651e472b-f2e8-6e20-2f5b-de1e6c174caf" executionId="d72d8bb6-f646-4a7e-962a-438ae0ff9370" testListId="8c84fa94-04c1-424b-9868-57a2d4851a1d" />
    <TestEntry testId="0a8cf91f-048e-60e2-3715-ba72c6a21375" executionId="7c4347c0-95f2-40d4-b789-20f7dc85e0ea" testListId="8c84fa94-04c1-424b-9868-57a2d4851a1d" />
    <TestEntry testId="7f869b4b-a93a-b358-dfb0-0f05af5a77e8" executionId="984c1574-0147-4605-ae40-bd6f69279bb0" testListId="8c84fa94-04c1-424b-9868-57a2d4851a1d" />
    <TestEntry testId="1d7d5082-7cb0-60d7-a394-8a458d0bc21d" executionId="105516af-b3e5-4abc-be8c-a52c180227d3" testListId="8c84fa94-04c1-424b-9868-57a2d4851a1d" />
    <TestEntry testId="0737b253-ca9b-eb9c-ae39-f7da15f04f1c" executionId="fa78548c-950a-4d4f-9788-fbd70ac3bde2" testListId="8c84fa94-04c1-424b-9868-57a2d4851a1d" />
    <TestEntry testId="abec8062-9286-fdc1-b017-60b465879c9a" executionId="26a76909-4eae-4f03-a924-d1411f355b65" testListId="8c84fa94-04c1-424b-9868-57a2d4851a1d" />
    <TestEntry testId="ba23ddbe-d58a-c082-2960-d651cb87094c" executionId="58bd9ad5-b4fb-4c37-99de-5aa8cc8bde44" testListId="8c84fa94-04c1-424b-9868-57a2d4851a1d" />
    <TestEntry testId="431f9f04-5185-e697-d426-f34fd6435357" executionId="69e4ffdc-688c-4313-8711-650db8df8734" testListId="8c84fa94-04c1-424b-9868-57a2d4851a1d" />
    <TestEntry testId="269a1108-5a5f-17df-157a-8c53ca134932" executionId="87839024-1ff2-4217-9bbc-2fc36d5cab15" testListId="8c84fa94-04c1-424b-9868-57a2d4851a1d" />
    <TestEntry testId="e3dde6ab-3fc1-1f6f-8532-8782c43f19d1" executionId="a63c9168-a592-4bd1-8b22-9f797d81ebff" testListId="8c84fa94-04c1-424b-9868-57a2d4851a1d" />
    <TestEntry testId="613fdecb-ff52-2265-5590-c2f1e56c5a93" executionId="436685de-50c8-4b1f-8f7e-1c731ae12446" testListId="8c84fa94-04c1-424b-9868-57a2d4851a1d" />
    <TestEntry testId="ad1d5a1f-407c-9bc9-1b83-2085b9d8bc2d" executionId="b312d997-c8ce-4691-963e-4221c7364f9a" testListId="8c84fa94-04c1-424b-9868-57a2d4851a1d" />
    <TestEntry testId="cdd84f39-c6d5-16dd-8b97-f413a5f77aa4" executionId="d3d19a51-9467-4d19-8994-44149341fd86" testListId="8c84fa94-04c1-424b-9868-57a2d4851a1d" />
    <TestEntry testId="c69df7f8-4128-658f-60af-a8141484e82c" executionId="e757231f-4603-494e-a246-49cbba12eb52" testListId="8c84fa94-04c1-424b-9868-57a2d4851a1d" />
    <TestEntry testId="383c85b9-44d5-c875-43c8-d4faf3ae3f11" executionId="613971a8-57c2-408c-888f-d5d7810a19f2" testListId="8c84fa94-04c1-424b-9868-57a2d4851a1d" />
    <TestEntry testId="bca35587-b250-3ed2-6c48-304e67e0c172" executionId="8b8e2443-7970-4e7f-86bf-26c4ef2fbc90" testListId="8c84fa94-04c1-424b-9868-57a2d4851a1d" />
    <TestEntry testId="734b0c72-a53e-b1ba-2cd2-4dd52935ba52" executionId="ac99561d-3774-446a-af59-bb6f94973be8" testListId="8c84fa94-04c1-424b-9868-57a2d4851a1d" />
    <TestEntry testId="79819c52-4d86-8a61-0367-b9e5021ccbec" executionId="e6a4b3dd-550a-4ff2-81d4-7630b1e0ad64" testListId="8c84fa94-04c1-424b-9868-57a2d4851a1d" />
    <TestEntry testId="43877d43-86c3-6911-34d5-512b323c634d" executionId="86e55590-56af-4043-aee0-b87967bcab5c" testListId="8c84fa94-04c1-424b-9868-57a2d4851a1d" />
    <TestEntry testId="bf6eb813-921c-0f4c-1e88-86e955a5d0c8" executionId="a80ec395-22de-44d9-b9be-6c9485e3f19a" testListId="8c84fa94-04c1-424b-9868-57a2d4851a1d" />
    <TestEntry testId="5c2b79f9-4273-c0d8-3752-a20acb02074b" executionId="bbf15f92-577d-4e6e-b52d-26d23837f68c" testListId="8c84fa94-04c1-424b-9868-57a2d4851a1d" />
    <TestEntry testId="7221f1dc-9549-1659-cd42-48280a184218" executionId="adfa9ce9-2c0e-4d44-a206-f618bbabcab6" testListId="8c84fa94-04c1-424b-9868-57a2d4851a1d" />
    <TestEntry testId="79338952-b03d-f061-72ec-ced1a3aab149" executionId="e0827335-5952-406f-96b7-fd8d1317ff38" testListId="8c84fa94-04c1-424b-9868-57a2d4851a1d" />
    <TestEntry testId="4383a3be-ebc1-359d-c4db-861fedf44e65" executionId="a9787d0a-8493-47b1-9c48-1f6b2687702f" testListId="8c84fa94-04c1-424b-9868-57a2d4851a1d" />
    <TestEntry testId="ef351caf-f4f6-df73-a6e6-8b9b230e9d0f" executionId="a1a3088e-027f-47d3-bf7a-a631893a2320" testListId="8c84fa94-04c1-424b-9868-57a2d4851a1d" />
    <TestEntry testId="33ec4ec7-2baa-da39-4227-e93d4c61c051" executionId="a7274d5d-2c7a-4d8c-afde-ae06f3296e91" testListId="8c84fa94-04c1-424b-9868-57a2d4851a1d" />
    <TestEntry testId="537dd425-70e9-8038-8aad-92cba2887471" executionId="ad5f81f7-6295-4bfa-a6dc-7bdf6fd35f78" testListId="8c84fa94-04c1-424b-9868-57a2d4851a1d" />
    <TestEntry testId="a7981135-3d8a-9bf2-6623-1e9f7956dca3" executionId="a3b53c7e-941f-4f7f-9c35-a52392aa02a4" testListId="8c84fa94-04c1-424b-9868-57a2d4851a1d" />
    <TestEntry testId="74ebe2c4-8706-2add-953a-94bca4c48fa8" executionId="db565cab-8b7e-41a2-98d3-136175749add" testListId="8c84fa94-04c1-424b-9868-57a2d4851a1d" />
    <TestEntry testId="153bdd6e-7d0b-3261-8368-205a55fa354f" executionId="6b3082f7-20b5-43a7-ad74-063e4db003b1" testListId="8c84fa94-04c1-424b-9868-57a2d4851a1d" />
    <TestEntry testId="cd22912d-c070-b311-7732-e83e28f65759" executionId="a36efd63-867f-4bbd-a171-f298cb5c2ced" testListId="8c84fa94-04c1-424b-9868-57a2d4851a1d" />
    <TestEntry testId="266e7389-d34e-9dbc-4fb9-2c4e574522be" executionId="20cd42ee-586c-4601-b4e8-b651ffcd8935" testListId="8c84fa94-04c1-424b-9868-57a2d4851a1d" />
    <TestEntry testId="5a1040a6-1f43-40aa-3c1a-d05cf0251cf2" executionId="3e140ddc-f5bf-4a88-b334-a27b0846a509" testListId="8c84fa94-04c1-424b-9868-57a2d4851a1d" />
    <TestEntry testId="7eb45eca-622b-d741-ed62-f8f66e702697" executionId="a161a545-bf57-4084-8b6d-097ad320bfd0" testListId="8c84fa94-04c1-424b-9868-57a2d4851a1d" />
    <TestEntry testId="6096d157-3686-33f5-c2bb-33775040699d" executionId="c952b868-121c-492d-b575-9d2da6572f74" testListId="8c84fa94-04c1-424b-9868-57a2d4851a1d" />
    <TestEntry testId="d63b7b96-55a7-b874-55cd-fe8e63b308fb" executionId="8194cda4-4d7a-43e7-98d0-a3042e2d9609" testListId="8c84fa94-04c1-424b-9868-57a2d4851a1d" />
    <TestEntry testId="02be8512-4cf1-f4b9-d992-118a1f2f6bc1" executionId="7e301dec-b724-4848-8fbb-12f9f48c4d1c" testListId="8c84fa94-04c1-424b-9868-57a2d4851a1d" />
    <TestEntry testId="8451c11b-2a0c-c2f5-ab15-76541e1e2d70" executionId="33394f40-d6dc-4bae-9cb2-5c3e53aa3f5e" testListId="8c84fa94-04c1-424b-9868-57a2d4851a1d" />
    <TestEntry testId="7794a212-8453-33eb-b065-090626d5124b" executionId="8fd17b74-d6f5-4f67-9298-197e93377441" testListId="8c84fa94-04c1-424b-9868-57a2d4851a1d" />
    <TestEntry testId="853975eb-3617-2df9-9de9-42854a76b763" executionId="0e88b8aa-c844-4b8b-8716-a550f5d238cf" testListId="8c84fa94-04c1-424b-9868-57a2d4851a1d" />
    <TestEntry testId="135aef28-98a3-06ed-166f-ead8d4dfbf75" executionId="43c91429-16e0-402b-906d-3de8199aaf4a" testListId="8c84fa94-04c1-424b-9868-57a2d4851a1d" />
    <TestEntry testId="9edf5ed4-9e04-cfbf-2682-1863ca32badf" executionId="f45f83f8-c9b1-4e5e-bdbe-a2a5a6df7b10" testListId="8c84fa94-04c1-424b-9868-57a2d4851a1d" />
    <TestEntry testId="c4dac473-59ad-bdba-f890-7b328a3e345b" executionId="39f5f1ae-bd2c-4b3d-ad07-57ab02ca9089" testListId="8c84fa94-04c1-424b-9868-57a2d4851a1d" />
    <TestEntry testId="c9f87d29-1016-11af-9ba3-b7a1187f2c12" executionId="d692a57a-4662-4221-8a27-4dad450f61fb" testListId="8c84fa94-04c1-424b-9868-57a2d4851a1d" />
    <TestEntry testId="4dbab8a2-ae49-9b10-8224-5e9be10e3bba" executionId="27c33c9e-20c7-46ef-93bc-8f2def97bc96" testListId="8c84fa94-04c1-424b-9868-57a2d4851a1d" />
    <TestEntry testId="ad913bcf-371e-aa07-8f2f-4b8f1f6ea95c" executionId="6bc3d7e2-c724-40da-9880-56c56220f8c4" testListId="8c84fa94-04c1-424b-9868-57a2d4851a1d" />
    <TestEntry testId="32c3d94f-009d-0f4c-73ae-8aff5de79c9b" executionId="448fcebc-9dab-4f0b-8b22-b04c9115ef16" testListId="8c84fa94-04c1-424b-9868-57a2d4851a1d" />
    <TestEntry testId="fe64d621-dcff-6d81-182c-eb8346a5f723" executionId="abf93cd8-feb9-44c7-9832-3b29ff3d924f" testListId="8c84fa94-04c1-424b-9868-57a2d4851a1d" />
    <TestEntry testId="609e94f4-278c-20fd-1ecb-4a79b44bd18a" executionId="3bb028d2-0074-402b-a737-e58d00522ab2" testListId="8c84fa94-04c1-424b-9868-57a2d4851a1d" />
    <TestEntry testId="1e7aa579-ee8e-5ec6-5268-0562e6ae4137" executionId="1a972931-2c75-4172-95fa-64efd86bc36e" testListId="8c84fa94-04c1-424b-9868-57a2d4851a1d" />
    <TestEntry testId="b4332307-28e1-d620-83fa-5f3f0d9f1144" executionId="98ac6f12-69f6-43f4-88a4-73ca0e98b73f" testListId="8c84fa94-04c1-424b-9868-57a2d4851a1d" />
    <TestEntry testId="b112afa7-3d69-8892-6dfd-863701db5086" executionId="d8b5645f-f829-44e0-b08d-716de11de20f" testListId="8c84fa94-04c1-424b-9868-57a2d4851a1d" />
    <TestEntry testId="c74ffe54-2bb8-fe11-802b-11dfa7f4c0e8" executionId="68bea65b-75a3-45f2-8923-5ec7b060b3c3" testListId="8c84fa94-04c1-424b-9868-57a2d4851a1d" />
    <TestEntry testId="37a9cb03-b295-1171-ed55-730c9514d1d7" executionId="48fe00a9-4465-4e63-ac27-c8d8d6263412" testListId="8c84fa94-04c1-424b-9868-57a2d4851a1d" />
    <TestEntry testId="d6bac64a-a721-0ba2-b6ab-4b7f36162820" executionId="52140f77-4623-4ac6-8d03-a3bc96de0f1d" testListId="8c84fa94-04c1-424b-9868-57a2d4851a1d" />
    <TestEntry testId="9df32449-564b-0ce9-0e63-c308b1a26b74" executionId="ecdf1b7c-d362-4244-91e6-e9cc0109e125" testListId="8c84fa94-04c1-424b-9868-57a2d4851a1d" />
    <TestEntry testId="ccb34560-c82b-1676-175f-c83fafa37876" executionId="fc0b751d-3148-44cf-b34b-c0c20693d1fa" testListId="8c84fa94-04c1-424b-9868-57a2d4851a1d" />
    <TestEntry testId="0ce11532-137a-7e8e-b2fa-b2fd7718f05e" executionId="00ef27ae-0a02-4ff8-ba38-2f15fec9f069" testListId="8c84fa94-04c1-424b-9868-57a2d4851a1d" />
    <TestEntry testId="776f1bbf-796f-f53a-5ebd-33ae0ebddf01" executionId="6c0f6112-7350-42e4-be1c-35933c358a71" testListId="8c84fa94-04c1-424b-9868-57a2d4851a1d" />
    <TestEntry testId="3f40c314-6f32-7fd6-0c77-ac727e1ca0f1" executionId="d0e51274-57d6-4be1-bd57-34e381423337" testListId="8c84fa94-04c1-424b-9868-57a2d4851a1d" />
    <TestEntry testId="fb0190e1-4388-a6f7-a049-b2623a19e548" executionId="6093f322-2faf-4596-a9db-1c8e7aa04a3e" testListId="8c84fa94-04c1-424b-9868-57a2d4851a1d" />
    <TestEntry testId="d4c369b2-c48c-7ff5-ae07-630a40b7d486" executionId="780269c1-5dd8-47db-9c4e-47e1a2422558" testListId="8c84fa94-04c1-424b-9868-57a2d4851a1d" />
    <TestEntry testId="832b8767-1f44-9936-317a-843e1b67c144" executionId="63a5dcae-2daf-4d98-8ae1-9ec347c86655" testListId="8c84fa94-04c1-424b-9868-57a2d4851a1d" />
    <TestEntry testId="28402380-9c1f-1cf1-3069-1b4e9df61ce9" executionId="66a283e0-6649-42e6-92b0-b4ddc9f2dca1" testListId="8c84fa94-04c1-424b-9868-57a2d4851a1d" />
    <TestEntry testId="1f02e13f-cbec-3830-6eca-1972994a2904" executionId="8f9f0e21-da71-4a45-aa5c-06aa092d895f" testListId="8c84fa94-04c1-424b-9868-57a2d4851a1d" />
    <TestEntry testId="58ff2731-a6d4-e896-1cdf-e24fa681a560" executionId="c19a4f86-a225-479e-aeb8-bad81c9f62e7" testListId="8c84fa94-04c1-424b-9868-57a2d4851a1d" />
    <TestEntry testId="61448ba0-49fd-2e66-4506-6cd646796647" executionId="8345ae86-b878-4195-96b7-6772b62bd7f1" testListId="8c84fa94-04c1-424b-9868-57a2d4851a1d" />
    <TestEntry testId="2fbdb939-7206-b5e5-9383-5bbb6c877063" executionId="68bd6a0f-2ec8-46a8-b6d2-10da19e12b5d" testListId="8c84fa94-04c1-424b-9868-57a2d4851a1d" />
    <TestEntry testId="06ad3009-6105-fd23-70bb-9730fd70e1b9" executionId="543357d8-f4c1-43a4-9662-d48473c3fc25" testListId="8c84fa94-04c1-424b-9868-57a2d4851a1d" />
    <TestEntry testId="2d1b951b-cc6f-ec62-f5d5-4d3e33b442a9" executionId="06d71500-c459-420a-ae4e-b7ae451eeb9c" testListId="8c84fa94-04c1-424b-9868-57a2d4851a1d" />
    <TestEntry testId="4c6bb65c-d87f-ed64-903c-eefc4e42a781" executionId="1c0ae205-e706-47b9-b2bb-96355e87bbd4" testListId="8c84fa94-04c1-424b-9868-57a2d4851a1d" />
    <TestEntry testId="0027cc23-c7ac-aada-66b4-37460adf3f10" executionId="d66e3519-8652-4f2c-84b3-22568b02c37c" testListId="8c84fa94-04c1-424b-9868-57a2d4851a1d" />
    <TestEntry testId="a71bf9c0-d28d-f9fc-0c1e-4a480dc60de4" executionId="d81d7322-3209-4534-8201-e39bbad5a044" testListId="8c84fa94-04c1-424b-9868-57a2d4851a1d" />
    <TestEntry testId="2aa5522e-f7ac-a700-28bc-bc18fb9305ac" executionId="80f5864d-6142-4fcc-8b16-b9699565ac60" testListId="8c84fa94-04c1-424b-9868-57a2d4851a1d" />
    <TestEntry testId="b73cbb88-6d08-19bb-66d8-88ef0f8d2db5" executionId="db6fc724-609c-4c00-bf6c-34729f9f107b" testListId="8c84fa94-04c1-424b-9868-57a2d4851a1d" />
    <TestEntry testId="e80f6ae1-1e8f-d4e3-64a5-e606c8692dc1" executionId="0a61667f-461e-46e4-9dc5-4cbbb4edb7d6" testListId="8c84fa94-04c1-424b-9868-57a2d4851a1d" />
    <TestEntry testId="22dd0328-f290-168a-e5eb-a9e9d4a64452" executionId="02de41ec-128d-48de-97bf-23ff9010a2f2" testListId="8c84fa94-04c1-424b-9868-57a2d4851a1d" />
    <TestEntry testId="e52d3001-1eb3-8086-d6bd-955799f73715" executionId="11d52da8-611e-415e-b616-06f78b671207" testListId="8c84fa94-04c1-424b-9868-57a2d4851a1d" />
    <TestEntry testId="b207ab7c-0ff3-35a9-ed53-f2165c656383" executionId="930b0a10-f0ec-49ee-b65c-56114add6a59" testListId="8c84fa94-04c1-424b-9868-57a2d4851a1d" />
    <TestEntry testId="1e168f41-5c5b-dd79-95b9-d3a87519a0c3" executionId="89fc674b-3bae-43cd-b688-f433e745a150" testListId="8c84fa94-04c1-424b-9868-57a2d4851a1d" />
    <TestEntry testId="1a7d4f9e-fa54-cd99-c226-6ec3000c9dc0" executionId="02180bb8-365c-4ac6-85d1-2bc8d43abf4a" testListId="8c84fa94-04c1-424b-9868-57a2d4851a1d" />
    <TestEntry testId="d07880c6-fb87-92d3-30f9-e0df26d4a707" executionId="5162e459-f380-4e90-b8d6-504269109984" testListId="8c84fa94-04c1-424b-9868-57a2d4851a1d" />
    <TestEntry testId="2709d763-421f-8a89-4799-28e1959048dd" executionId="dc5036dd-501e-446c-955d-bfca74c3c350" testListId="8c84fa94-04c1-424b-9868-57a2d4851a1d" />
    <TestEntry testId="a83cc73a-9a85-f9ff-b6c3-3dd8d9f7ce7b" executionId="cd07fbea-22fb-45f9-aac6-6379e168ca18" testListId="8c84fa94-04c1-424b-9868-57a2d4851a1d" />
    <TestEntry testId="349975a9-1a74-25ad-f290-c12ccaa4b66f" executionId="c78084a9-0f40-4044-82fa-a4f957a625d1" testListId="8c84fa94-04c1-424b-9868-57a2d4851a1d" />
    <TestEntry testId="46e07748-d409-46ce-f865-c7d6bad8aec6" executionId="277065dd-f38e-4c0d-9cee-bb6e433cee6e" testListId="8c84fa94-04c1-424b-9868-57a2d4851a1d" />
    <TestEntry testId="96478b34-1683-bc92-f61f-768c8eb375f5" executionId="d78a83da-ee07-4f32-b01a-10d23a4e3457" testListId="8c84fa94-04c1-424b-9868-57a2d4851a1d" />
    <TestEntry testId="b20b6090-ed2e-0733-9417-6a033f1f6717" executionId="e5e344c9-670f-4dc6-8bcb-4c9796d0a12a" testListId="8c84fa94-04c1-424b-9868-57a2d4851a1d" />
    <TestEntry testId="7fc58d88-6f58-3682-efab-bea92e06341a" executionId="5b864fb0-9199-41c7-a3ce-eba665a3ea1f" testListId="8c84fa94-04c1-424b-9868-57a2d4851a1d" />
    <TestEntry testId="2520f397-ee78-b2dc-6e6e-e1d9cf079499" executionId="abefc1c7-2f30-42bc-a6a4-acc36bbba481" testListId="8c84fa94-04c1-424b-9868-57a2d4851a1d" />
    <TestEntry testId="f6b72aa2-0f9c-5a9a-2ee4-37f24deead51" executionId="1fac6ed7-f24a-4c77-86be-66ac90411406" testListId="8c84fa94-04c1-424b-9868-57a2d4851a1d" />
    <TestEntry testId="cded159b-a087-6f2b-0e1d-6502b5830bf9" executionId="2c0f61a7-0f0f-42e4-af9b-be7178025999" testListId="8c84fa94-04c1-424b-9868-57a2d4851a1d" />
    <TestEntry testId="ed3d581c-6e13-ba26-eb14-4288c79f876b" executionId="001bbd6f-7534-407d-9e31-7beabec3d7c8" testListId="8c84fa94-04c1-424b-9868-57a2d4851a1d" />
    <TestEntry testId="03a786c5-a1af-74e0-866d-699a1f38d672" executionId="fc39b778-8b0a-4b68-891a-abb277ab005d" testListId="8c84fa94-04c1-424b-9868-57a2d4851a1d" />
    <TestEntry testId="1e38d579-e822-5f60-a802-a1aa63058892" executionId="d7bdb523-1ce4-4296-8897-ba735135ad38" testListId="8c84fa94-04c1-424b-9868-57a2d4851a1d" />
    <TestEntry testId="e9bd6c28-8a3f-5ad9-0264-6ebc04c9a681" executionId="3f51fbd5-a0cc-4a59-a762-b6e36ca41b38" testListId="8c84fa94-04c1-424b-9868-57a2d4851a1d" />
    <TestEntry testId="03cba5a0-838f-910e-3bf1-34edf1ddbb81" executionId="9430dcdd-282e-42e7-b383-b39c3aec603f" testListId="8c84fa94-04c1-424b-9868-57a2d4851a1d" />
    <TestEntry testId="843695b6-a2e3-b71d-7238-e90dab1dab81" executionId="fd2d774c-3a61-4116-9ff6-c0ea37a84f3c" testListId="8c84fa94-04c1-424b-9868-57a2d4851a1d" />
    <TestEntry testId="8a3c251b-7e90-2167-1650-91d0fdb08a0e" executionId="d7cbc80c-259d-400b-99ad-22bad1a980b0" testListId="8c84fa94-04c1-424b-9868-57a2d4851a1d" />
    <TestEntry testId="e31f15a3-c2be-ab5c-a0db-270325ca6356" executionId="9953e3c5-d9a8-4b73-a07b-eae8f5340df3" testListId="8c84fa94-04c1-424b-9868-57a2d4851a1d" />
    <TestEntry testId="f9cb2e83-0057-bd2f-4516-8bf4cfb3b2e8" executionId="569af393-82b1-40be-ad3a-77bb50d6c526" testListId="8c84fa94-04c1-424b-9868-57a2d4851a1d" />
    <TestEntry testId="ea9a05e2-5bd3-5602-7391-bc6e5146430a" executionId="ae76eb51-7ef9-4287-89fa-8fae9335ec4e" testListId="8c84fa94-04c1-424b-9868-57a2d4851a1d" />
    <TestEntry testId="47d756ca-fec0-fd08-354d-78a033626b68" executionId="a14e1e1e-c6a2-452c-af8b-dbaca4a6cbc6" testListId="8c84fa94-04c1-424b-9868-57a2d4851a1d" />
    <TestEntry testId="2420a728-acdf-ba03-0c50-4da45ba0dce0" executionId="23ec7c2c-22e9-43af-91ff-22e2294ee9e9" testListId="8c84fa94-04c1-424b-9868-57a2d4851a1d" />
    <TestEntry testId="583c5328-d59a-2b93-48f8-f744087cf7ee" executionId="1e007aab-7ce8-48dd-8424-4a48b3f59372" testListId="8c84fa94-04c1-424b-9868-57a2d4851a1d" />
    <TestEntry testId="5b935ec2-c6ac-c772-e6c6-ffe9e63538e6" executionId="877ac145-b9f1-4a80-aa3d-35c8bd4a8443" testListId="8c84fa94-04c1-424b-9868-57a2d4851a1d" />
    <TestEntry testId="6f4fa3e2-5ee7-89d0-37a5-a258a52dab8a" executionId="df90abc4-de5d-4c1f-850b-b0a609b7718a" testListId="8c84fa94-04c1-424b-9868-57a2d4851a1d" />
    <TestEntry testId="df42a367-e0bc-d33d-edc5-cf1b5578e4e0" executionId="9ac7814d-3558-4dd6-a9c1-9f7524ef7c73" testListId="8c84fa94-04c1-424b-9868-57a2d4851a1d" />
    <TestEntry testId="680230de-d057-ec72-3454-5353fbc5ac24" executionId="494c97f9-e1a4-432c-882d-f057fa1b7327" testListId="8c84fa94-04c1-424b-9868-57a2d4851a1d" />
    <TestEntry testId="8dad6231-53d9-e530-c3e5-5c0d9bef59c8" executionId="dd49b9d5-8e3a-4fe4-b293-2a923e9ec577" testListId="8c84fa94-04c1-424b-9868-57a2d4851a1d" />
    <TestEntry testId="81daf2bb-1785-9564-6e31-74e9048a3a24" executionId="60528fac-3e89-4a28-b37f-3337f2820823" testListId="8c84fa94-04c1-424b-9868-57a2d4851a1d" />
    <TestEntry testId="3fd9c283-fdc2-7941-439c-504671e5fc07" executionId="9f3141db-4dfc-4207-8f5c-431206a052a1" testListId="8c84fa94-04c1-424b-9868-57a2d4851a1d" />
    <TestEntry testId="ac77f56a-f855-efc9-71f6-cada2a3afb7d" executionId="4e00fc45-cd92-48e2-a2a5-0e5c0ab23e5e" testListId="8c84fa94-04c1-424b-9868-57a2d4851a1d" />
    <TestEntry testId="7e880aec-3986-2354-2b12-5dd0110e0560" executionId="e75190aa-4ace-4c57-bc01-95b6004703a6" testListId="8c84fa94-04c1-424b-9868-57a2d4851a1d" />
    <TestEntry testId="fd251c3b-fdab-7e33-0be9-e621a5cfefa0" executionId="0a368463-832a-4a14-99d1-491b1e0386ff" testListId="8c84fa94-04c1-424b-9868-57a2d4851a1d" />
    <TestEntry testId="5870dfb3-c080-3094-24b8-1b166777ab3f" executionId="f0392b28-a9b3-40d0-ab9a-5f5a18949209" testListId="8c84fa94-04c1-424b-9868-57a2d4851a1d" />
    <TestEntry testId="77ce66c9-e663-9aa5-83a3-d82f06f308f8" executionId="d6e1fce4-bfa0-4c7e-859f-c4d0d8f6768d" testListId="8c84fa94-04c1-424b-9868-57a2d4851a1d" />
    <TestEntry testId="6d95aba1-d6af-6580-602b-c166348f228d" executionId="c87f1cc8-0143-4ae9-9279-d2f76fcb450d" testListId="8c84fa94-04c1-424b-9868-57a2d4851a1d" />
    <TestEntry testId="ba55464b-ac9e-206c-ee14-0dcf078b4db7" executionId="2f69b3c0-134b-422c-bf07-a30cc5c3aabf" testListId="8c84fa94-04c1-424b-9868-57a2d4851a1d" />
    <TestEntry testId="ce77f76f-935a-0e03-cb74-da87d9d87f14" executionId="23869e20-13af-462a-ab3f-68387919f144" testListId="8c84fa94-04c1-424b-9868-57a2d4851a1d" />
    <TestEntry testId="f04faca6-d19b-bc2c-1aef-88b5bbcf3342" executionId="5c60c5f0-f78e-47ef-b662-4cd87bc671f5" testListId="8c84fa94-04c1-424b-9868-57a2d4851a1d" />
    <TestEntry testId="656a898c-e7dd-67d3-945a-f555f6619725" executionId="a15c4f86-98af-444a-a04b-f967724d053b" testListId="8c84fa94-04c1-424b-9868-57a2d4851a1d" />
    <TestEntry testId="f67c6668-ef6a-cae8-034d-55c7ccde1bda" executionId="65d22f29-2e9e-40eb-8c14-5942103b848b" testListId="8c84fa94-04c1-424b-9868-57a2d4851a1d" />
    <TestEntry testId="73508a2f-8ea6-cc3b-56bf-f0af3c507544" executionId="e03e541f-b38a-4d4b-884c-ef0828b69b1e" testListId="8c84fa94-04c1-424b-9868-57a2d4851a1d" />
    <TestEntry testId="f21b28f2-1142-cb8e-f9a5-d61fe4f81b02" executionId="1a46cbcd-50ad-42a9-8d2c-911cee93ba64" testListId="8c84fa94-04c1-424b-9868-57a2d4851a1d" />
    <TestEntry testId="14b020e4-ba33-71d6-d2c0-4e490d69da19" executionId="22e3be82-6bd6-401b-a47d-3cb356ff1952" testListId="8c84fa94-04c1-424b-9868-57a2d4851a1d" />
    <TestEntry testId="18ba73a3-1128-0da5-67da-b5bf1c980278" executionId="87e2db94-7c9a-4746-98c4-67e806230038" testListId="8c84fa94-04c1-424b-9868-57a2d4851a1d" />
    <TestEntry testId="4b90f96d-8b8f-691b-e5b1-a716211d70db" executionId="b5f9db58-8d74-4489-a6fc-8cabbd6d0f4f" testListId="8c84fa94-04c1-424b-9868-57a2d4851a1d" />
    <TestEntry testId="d3a8022c-b643-cf3b-3848-d02e1675e535" executionId="4fa6ff54-cf51-497c-ab5a-164870399f19" testListId="8c84fa94-04c1-424b-9868-57a2d4851a1d" />
    <TestEntry testId="3f27eb6a-4bb5-77f0-4e78-3f7c05533a07" executionId="d8f4bb59-8f8b-4720-bfdc-3e8c514570f2" testListId="8c84fa94-04c1-424b-9868-57a2d4851a1d" />
    <TestEntry testId="a311a666-095f-1997-b809-dfc342ea9a68" executionId="1e913f67-661d-47bf-80ad-a4e84799441a" testListId="8c84fa94-04c1-424b-9868-57a2d4851a1d" />
    <TestEntry testId="5e31dc9a-950c-d922-8cfe-dd2082b67a64" executionId="8c496377-b325-4a27-9b48-45c0fd6c00d5" testListId="8c84fa94-04c1-424b-9868-57a2d4851a1d" />
    <TestEntry testId="3547d335-bf84-997d-85d8-cd3f2300c058" executionId="5b6ecac6-ba11-4ce1-9bb7-bd4dc17978b1" testListId="8c84fa94-04c1-424b-9868-57a2d4851a1d" />
    <TestEntry testId="2bae0027-6b69-42b0-a9ea-a6352bed0410" executionId="2a20b8a4-248a-4ab0-8ffd-f939571c7a5e" testListId="8c84fa94-04c1-424b-9868-57a2d4851a1d" />
    <TestEntry testId="2aea91a3-6a22-0d67-bb68-7e591be64de1" executionId="cabaceb0-75ba-4c18-a108-f20bead761e0" testListId="8c84fa94-04c1-424b-9868-57a2d4851a1d" />
    <TestEntry testId="7f5d3dd7-684a-90e4-a08f-d714debe896f" executionId="b59f2685-b118-46ca-9def-380f123ee9cb" testListId="8c84fa94-04c1-424b-9868-57a2d4851a1d" />
    <TestEntry testId="ccf3aece-10d3-6d53-0976-97791e35a263" executionId="6d58d161-9220-44af-86d3-aafe53ce6cb7" testListId="8c84fa94-04c1-424b-9868-57a2d4851a1d" />
    <TestEntry testId="09b6820e-d566-a7e3-1cf1-813b36fa4fd9" executionId="12da4563-ef5c-4bbc-b414-6f8e81c59f15" testListId="8c84fa94-04c1-424b-9868-57a2d4851a1d" />
    <TestEntry testId="4bb072d1-c271-3076-df75-b482ce8eb668" executionId="c9dc7f2c-7d9b-4424-9948-cc2eabe64e5f" testListId="8c84fa94-04c1-424b-9868-57a2d4851a1d" />
    <TestEntry testId="136e7f3d-755d-7001-de38-18e572aab7a3" executionId="2c5555d6-0789-45c0-b30c-d037b349e541" testListId="8c84fa94-04c1-424b-9868-57a2d4851a1d" />
    <TestEntry testId="9a4351fc-01ca-74af-c2b4-21fe7c17c49e" executionId="d5064636-43b6-4e32-8324-32824623745f" testListId="8c84fa94-04c1-424b-9868-57a2d4851a1d" />
    <TestEntry testId="66aa9436-5b98-6d1a-e6fa-02a00ce7bee7" executionId="608dde59-85c5-47bf-a8fc-6707e996b606" testListId="8c84fa94-04c1-424b-9868-57a2d4851a1d" />
    <TestEntry testId="7d781c54-ceca-9077-07cb-a72bdd42239c" executionId="2ecc3abe-5f26-4e82-a277-f7ae541aaef2" testListId="8c84fa94-04c1-424b-9868-57a2d4851a1d" />
    <TestEntry testId="ccdf537d-e359-2fb8-a3d5-46b239e45d95" executionId="2cd6b93a-2d26-41b3-bb18-2eed61e6eb33" testListId="8c84fa94-04c1-424b-9868-57a2d4851a1d" />
    <TestEntry testId="e802a487-30d6-1fc8-857f-4323778d45f2" executionId="0ed6df2a-8c4b-4325-83d3-0372efd02a8b" testListId="8c84fa94-04c1-424b-9868-57a2d4851a1d" />
    <TestEntry testId="a1db3b3f-69d4-e99f-3baf-bbe924305764" executionId="1264a98d-af72-49fb-83fa-bd4581162776" testListId="8c84fa94-04c1-424b-9868-57a2d4851a1d" />
    <TestEntry testId="106eebc6-6d29-7cdb-8a0b-513c465d3403" executionId="254a7669-32b2-45ac-8970-14a5d85cc6ad" testListId="8c84fa94-04c1-424b-9868-57a2d4851a1d" />
    <TestEntry testId="f11de6ce-e725-4373-d40f-3ebfb6a95bbf" executionId="ee5de899-c4cc-4784-8af3-5a5d2a83a312" testListId="8c84fa94-04c1-424b-9868-57a2d4851a1d" />
    <TestEntry testId="df380552-b51f-d377-07e5-d589f82514e1" executionId="80a50522-d831-4cac-8a52-c2db3357b0f0" testListId="8c84fa94-04c1-424b-9868-57a2d4851a1d" />
    <TestEntry testId="3450bcd4-355e-8a1c-a9b5-c03089af943d" executionId="b2fbb326-e690-4e33-a9d3-6a78b463c961" testListId="8c84fa94-04c1-424b-9868-57a2d4851a1d" />
    <TestEntry testId="6ab7ecce-158d-f533-b8f5-4f46b513982c" executionId="249ab5a7-0391-4ccf-9f01-253588472055" testListId="8c84fa94-04c1-424b-9868-57a2d4851a1d" />
    <TestEntry testId="bf2dc78c-88ba-67d1-89ae-08056cb8aeee" executionId="63fec24b-8dd5-4473-9535-1eab174c8f6d" testListId="8c84fa94-04c1-424b-9868-57a2d4851a1d" />
    <TestEntry testId="129c09dd-f9d3-efe4-4715-b19b9b95240b" executionId="592c9188-275c-4d2d-bc0b-b05e33bb2f08" testListId="8c84fa94-04c1-424b-9868-57a2d4851a1d" />
    <TestEntry testId="e6da396d-9f54-a041-f842-a1a240f9a822" executionId="6958c6e2-136d-4d54-9917-d27415b94c08" testListId="8c84fa94-04c1-424b-9868-57a2d4851a1d" />
    <TestEntry testId="b2016798-b691-4b85-b0ca-780151f458b4" executionId="95b3eb76-cb35-4319-818f-44b6269129e0" testListId="8c84fa94-04c1-424b-9868-57a2d4851a1d" />
    <TestEntry testId="108c5f7e-0dba-4e66-e3bd-8edfba8f7c27" executionId="f8d931b0-9284-4c8b-9d0f-889bcd7c2488" testListId="8c84fa94-04c1-424b-9868-57a2d4851a1d" />
    <TestEntry testId="a26c62bc-0b62-3cf0-fbc6-41bf9d15ef61" executionId="74c2c3fd-0a4c-445b-b9de-e76d41b626a4" testListId="8c84fa94-04c1-424b-9868-57a2d4851a1d" />
    <TestEntry testId="fc2c6f79-5254-f419-3058-da0213584ee8" executionId="344b6027-941e-4126-9a87-c0a3ead6d4a5" testListId="8c84fa94-04c1-424b-9868-57a2d4851a1d" />
    <TestEntry testId="81c40695-ebb0-552c-41ea-cfec76fbe255" executionId="32fcf0be-232d-4109-8535-156a31b48b06" testListId="8c84fa94-04c1-424b-9868-57a2d4851a1d" />
    <TestEntry testId="ac3b5310-4ae4-6bcd-da18-a84a70a846f0" executionId="d3a6de9c-b044-4796-8cba-f3b51343c6da" testListId="8c84fa94-04c1-424b-9868-57a2d4851a1d" />
    <TestEntry testId="c66bcd80-3373-f3fc-60a9-aa983c1c6327" executionId="27d0eeff-01a3-47c3-8891-5130b0322b4d" testListId="8c84fa94-04c1-424b-9868-57a2d4851a1d" />
    <TestEntry testId="73070904-8e4b-bee6-8735-a554724cb62d" executionId="d6c62b5f-b0f4-4661-8763-31a6da390fcf" testListId="8c84fa94-04c1-424b-9868-57a2d4851a1d" />
    <TestEntry testId="aa9b43db-077e-5d3c-9a36-cbfc1e9e6228" executionId="dea5b99f-fabe-4cc8-9c6a-82f63b53e3ef" testListId="8c84fa94-04c1-424b-9868-57a2d4851a1d" />
    <TestEntry testId="15d7fe6a-05d6-1038-ea32-d74fb118e40a" executionId="e2b2333c-7dbc-452e-9395-bf83ee6818ea" testListId="8c84fa94-04c1-424b-9868-57a2d4851a1d" />
    <TestEntry testId="13ee6a69-acd9-2535-5509-13323134f672" executionId="4e4b514e-da97-4f96-96a1-ab19261a22d9" testListId="8c84fa94-04c1-424b-9868-57a2d4851a1d" />
    <TestEntry testId="67a0a90f-1fe2-a3a5-20be-ce02f516e697" executionId="a2999a56-653f-4851-a664-23833d4a457a" testListId="8c84fa94-04c1-424b-9868-57a2d4851a1d" />
    <TestEntry testId="4707b336-6260-10a2-1c18-17bcd9e51b43" executionId="e5fe8517-3787-4bd8-8f44-e09e6bb9c200" testListId="8c84fa94-04c1-424b-9868-57a2d4851a1d" />
    <TestEntry testId="1f6dd8c2-5124-10e7-9656-9aad63d7ba41" executionId="14b450c9-107e-4b80-9f82-cb49ea0d84c1" testListId="8c84fa94-04c1-424b-9868-57a2d4851a1d" />
    <TestEntry testId="0b3193f9-50d8-a1ff-a301-f1d32e779793" executionId="68c6fe7b-8424-4a70-9336-166b44e5a257" testListId="8c84fa94-04c1-424b-9868-57a2d4851a1d" />
    <TestEntry testId="34285996-8ad4-dbc6-51bc-7e1ff2f46489" executionId="13c53507-de54-4ad3-b5ba-f2f7a45f6724" testListId="8c84fa94-04c1-424b-9868-57a2d4851a1d" />
    <TestEntry testId="0d1f6f00-beb6-1719-047c-8e871149f0dc" executionId="227880a7-a6c9-4e75-87fa-a4ca5965eaf0" testListId="8c84fa94-04c1-424b-9868-57a2d4851a1d" />
    <TestEntry testId="2dfcdf51-9785-5640-9da6-910c46649176" executionId="3d8e4a91-83e0-431e-a7a6-d81a61ad0151" testListId="8c84fa94-04c1-424b-9868-57a2d4851a1d" />
    <TestEntry testId="6d2cf5a4-f1c9-4c3e-2231-c1ee6cd41f1c" executionId="a689ce52-8284-473f-b5bc-910b7e25aca0" testListId="8c84fa94-04c1-424b-9868-57a2d4851a1d" />
    <TestEntry testId="946454dd-77e0-b1db-d827-48b6ef2dd370" executionId="bf47969d-21dd-46bf-bd05-9b85ee16dec8" testListId="8c84fa94-04c1-424b-9868-57a2d4851a1d" />
    <TestEntry testId="d564a2ae-5a94-deb7-828e-a657e7c4fb59" executionId="406d4689-75bb-4dd5-ba28-02a2fe4985f9" testListId="8c84fa94-04c1-424b-9868-57a2d4851a1d" />
    <TestEntry testId="cffa0719-803d-0355-0822-927853c24186" executionId="0a228207-745e-4382-85b0-a05ace991c16" testListId="8c84fa94-04c1-424b-9868-57a2d4851a1d" />
    <TestEntry testId="54db0e77-cb35-ecea-8bbe-3b739089c0bf" executionId="517b072f-cdf4-4698-9d84-356f0f1b08c2" testListId="8c84fa94-04c1-424b-9868-57a2d4851a1d" />
    <TestEntry testId="7de68bd8-47b0-35ed-37c1-dfe8b355f221" executionId="d5692168-9c07-4332-adb3-1b208e7a2055" testListId="8c84fa94-04c1-424b-9868-57a2d4851a1d" />
    <TestEntry testId="ded46a05-8ea9-a2d8-558a-2f1e4ff2bca0" executionId="42fae776-b79b-44bb-9eb0-ef58bfbb1757" testListId="8c84fa94-04c1-424b-9868-57a2d4851a1d" />
    <TestEntry testId="efaf2291-8a1a-e9b0-ff23-00c2e4311fa5" executionId="61a1bfe2-2ac7-4a3c-9838-f029ca3c44b6" testListId="8c84fa94-04c1-424b-9868-57a2d4851a1d" />
    <TestEntry testId="7d1ecd41-a563-f7c4-fc1d-2d8298fdde71" executionId="8da0dfbe-f960-4ce5-82b7-454a580564c9" testListId="8c84fa94-04c1-424b-9868-57a2d4851a1d" />
    <TestEntry testId="acc62f43-9424-2a76-92c2-d3725a798c8d" executionId="9f5bb587-667c-4640-b051-3879f9738d30" testListId="8c84fa94-04c1-424b-9868-57a2d4851a1d" />
    <TestEntry testId="574748ab-0a1d-af9a-cc8d-34771226e0ed" executionId="69c165fd-11c9-4aea-9284-759a745dbf7b" testListId="8c84fa94-04c1-424b-9868-57a2d4851a1d" />
    <TestEntry testId="ee4da8e7-a93a-1e27-c621-84eb1ad8ccd5" executionId="257e5962-88e8-4edd-910b-f0686e37f308" testListId="8c84fa94-04c1-424b-9868-57a2d4851a1d" />
    <TestEntry testId="6e86560a-66c6-69c9-bcab-294a0c953afa" executionId="a8f44500-e99f-4d14-9d50-e75337787776" testListId="8c84fa94-04c1-424b-9868-57a2d4851a1d" />
    <TestEntry testId="184db8a1-a1d7-1add-65b8-ac48cd2d0d6b" executionId="9d1944bf-a823-469b-bdf2-234917d3be60" testListId="8c84fa94-04c1-424b-9868-57a2d4851a1d" />
    <TestEntry testId="52a01c3d-bc4c-038b-493e-85a8850bed35" executionId="b987b812-2c70-4a43-90f9-6b6765dc20d7" testListId="8c84fa94-04c1-424b-9868-57a2d4851a1d" />
    <TestEntry testId="43096a15-c0cc-69f8-22c3-d5e23247a6f4" executionId="596640ee-a926-4067-909a-d32b37eed955" testListId="8c84fa94-04c1-424b-9868-57a2d4851a1d" />
    <TestEntry testId="b806521c-353e-9515-3cc2-053ec340b7d8" executionId="c11770b4-e5a7-47b7-9654-e6f4ce8cced5" testListId="8c84fa94-04c1-424b-9868-57a2d4851a1d" />
    <TestEntry testId="3733016d-1e43-357d-a866-742e560c03a0" executionId="753deac7-26e0-4250-b455-51f47d5cc7ed" testListId="8c84fa94-04c1-424b-9868-57a2d4851a1d" />
    <TestEntry testId="cce57b44-8dfa-504c-9ea1-a88ffab0efb4" executionId="7a00f01f-3f45-4e5f-b517-98ab1ac7edd1" testListId="8c84fa94-04c1-424b-9868-57a2d4851a1d" />
    <TestEntry testId="12a3dfa9-c764-d1b3-161f-0f8d64125a45" executionId="833cf840-e4e0-4f87-aaeb-8aca6e4efe3c" testListId="8c84fa94-04c1-424b-9868-57a2d4851a1d" />
    <TestEntry testId="a7df633d-84ec-905b-3149-3cda13d24f30" executionId="c848b178-78bc-4414-9c48-73ba33427f4b" testListId="8c84fa94-04c1-424b-9868-57a2d4851a1d" />
    <TestEntry testId="54a66a51-cc02-a892-1c0f-37881a2a64e0" executionId="60fe3fee-9178-4fae-ac55-b3c1fd1d2319" testListId="8c84fa94-04c1-424b-9868-57a2d4851a1d" />
    <TestEntry testId="42b81550-3c14-0024-62dd-189fa8dbb063" executionId="15e700de-7431-4fa7-a4e4-b407c88c334d" testListId="8c84fa94-04c1-424b-9868-57a2d4851a1d" />
    <TestEntry testId="bbc1038f-21df-f758-7f03-90ce862c9d26" executionId="ad7b9512-97bd-4ee7-ac96-99851f819e2e" testListId="8c84fa94-04c1-424b-9868-57a2d4851a1d" />
    <TestEntry testId="b7ac0ab8-fbfe-7ccd-2479-ffd17ce66903" executionId="ea4c2131-783b-49d6-8013-a5cf2c1bb2ba" testListId="8c84fa94-04c1-424b-9868-57a2d4851a1d" />
    <TestEntry testId="9e3647e0-66bb-8113-2d16-effb4387a6c3" executionId="6e52455e-62b6-427b-9abf-c0a8a9b15bed" testListId="8c84fa94-04c1-424b-9868-57a2d4851a1d" />
    <TestEntry testId="b32f2fb2-2d05-eb1b-6fa8-3def892a3b27" executionId="de5be1c1-af01-4358-8d2c-e77a57e83b7a" testListId="8c84fa94-04c1-424b-9868-57a2d4851a1d" />
    <TestEntry testId="23a2c878-2c55-50c0-3106-95a933b8c5e4" executionId="b01f23d0-b1bf-4ce0-b98b-39e9ffa20ac1" testListId="8c84fa94-04c1-424b-9868-57a2d4851a1d" />
    <TestEntry testId="2831753c-e0a8-cb82-d36a-3e699b2dbfae" executionId="ae7fac68-8e23-4bf5-bd26-bab5ad00e21b" testListId="8c84fa94-04c1-424b-9868-57a2d4851a1d" />
    <TestEntry testId="355d4230-d6c3-a319-9aa0-56ddaaef82f0" executionId="d5ae76d3-6f0a-43e4-8560-861e6758e46a" testListId="8c84fa94-04c1-424b-9868-57a2d4851a1d" />
    <TestEntry testId="d541bf76-8abd-5bef-601d-765588aacd98" executionId="9d6adf57-5f3f-4ae7-b068-e0b5b451f263" testListId="8c84fa94-04c1-424b-9868-57a2d4851a1d" />
    <TestEntry testId="942ced9d-6e83-c15f-48d5-103b0ff318dd" executionId="ced64c95-2d10-4fb2-9870-8284d03c6d34" testListId="8c84fa94-04c1-424b-9868-57a2d4851a1d" />
    <TestEntry testId="dc54ca0b-5c07-c4a8-5212-f3a9e5b55fd7" executionId="1254c13b-67bf-4cb8-9dfd-8b694e22edd4" testListId="8c84fa94-04c1-424b-9868-57a2d4851a1d" />
    <TestEntry testId="9a5f1a33-fd5d-e608-f3a4-482b392407d2" executionId="3f792c0f-7ee6-4cee-b395-2f77a43dadb1" testListId="8c84fa94-04c1-424b-9868-57a2d4851a1d" />
    <TestEntry testId="b2021c3c-fc6b-47f1-cc1b-7aa63fa1552e" executionId="3436393b-70f5-4641-8124-146d1c92bcf0" testListId="8c84fa94-04c1-424b-9868-57a2d4851a1d" />
    <TestEntry testId="a3a948ff-828c-453c-488c-b459ceffe5b2" executionId="96420bcf-ba44-419b-ba94-ec27ad2c5936" testListId="8c84fa94-04c1-424b-9868-57a2d4851a1d" />
    <TestEntry testId="3fb3ccb0-bd77-b14c-e410-381a3d2c00db" executionId="9d1fb288-26ba-43f1-9ff3-c9d1bcde8b51" testListId="8c84fa94-04c1-424b-9868-57a2d4851a1d" />
    <TestEntry testId="50c7a418-ed9b-995c-bc59-f789fbdb912c" executionId="ca072a9d-44fb-438a-b664-24003b04a275" testListId="8c84fa94-04c1-424b-9868-57a2d4851a1d" />
    <TestEntry testId="6ac5ed2d-abfc-3048-f8b7-cad7d6dbab46" executionId="b83b9031-7f47-4848-8934-95722cd97fa1" testListId="8c84fa94-04c1-424b-9868-57a2d4851a1d" />
    <TestEntry testId="9c5a72b4-9a15-e04e-f20f-8b6eeefebc9c" executionId="9ad5ac1a-f15f-4dfa-9cb5-01c5fc454588" testListId="8c84fa94-04c1-424b-9868-57a2d4851a1d" />
    <TestEntry testId="abc33e42-0ff0-18db-5a03-9f2c86a1fab2" executionId="348db932-26c6-45d6-8b07-1946b924da6d" testListId="8c84fa94-04c1-424b-9868-57a2d4851a1d" />
    <TestEntry testId="a9f33cc8-2483-d755-ae14-00d4f9f3d242" executionId="1c46bcfd-8952-4bd1-8b84-e2cedc14713e" testListId="8c84fa94-04c1-424b-9868-57a2d4851a1d" />
    <TestEntry testId="b6a2dadc-f84f-8042-c3d4-10e05917e028" executionId="724e5587-c4ec-4294-a186-a1b1b64e3b77" testListId="8c84fa94-04c1-424b-9868-57a2d4851a1d" />
    <TestEntry testId="9dc72f5f-ef18-6d8f-3b12-0bff273e29de" executionId="7d95aaab-f577-4b1b-9d6d-e95cb4e24f7e" testListId="8c84fa94-04c1-424b-9868-57a2d4851a1d" />
    <TestEntry testId="22b5b0e6-3e9d-2853-826a-12bde0ab8ece" executionId="4f089fb1-a9f5-42e6-8d8e-d76ea891cd86" testListId="8c84fa94-04c1-424b-9868-57a2d4851a1d" />
    <TestEntry testId="6355ed61-5632-c8eb-9efc-f2a1ec331e6e" executionId="6312057d-85bc-48d9-9329-ca3c29f52ec6" testListId="8c84fa94-04c1-424b-9868-57a2d4851a1d" />
    <TestEntry testId="4e0443d1-afba-cf3a-7874-d9db31d17633" executionId="23a7f38b-67ca-4b2c-b118-fd5dc26c172c" testListId="8c84fa94-04c1-424b-9868-57a2d4851a1d" />
    <TestEntry testId="e428c88c-e076-7d01-b971-a21ef818218b" executionId="a4727e90-20a3-4267-8e91-8e82bfb17c69" testListId="8c84fa94-04c1-424b-9868-57a2d4851a1d" />
    <TestEntry testId="169260f1-29c4-8298-1fd1-b1ccd331c669" executionId="b2300a92-e524-4afd-837e-ba39b32761d8" testListId="8c84fa94-04c1-424b-9868-57a2d4851a1d" />
    <TestEntry testId="e8d90dfe-8834-cd7d-4ecf-0490de9e074d" executionId="71656b08-4694-4c71-bf52-5cad59fa0dab" testListId="8c84fa94-04c1-424b-9868-57a2d4851a1d" />
    <TestEntry testId="21674827-1e6f-7aa3-7884-8284165c4572" executionId="b518611c-b098-46fb-b893-f40b391eae38" testListId="8c84fa94-04c1-424b-9868-57a2d4851a1d" />
    <TestEntry testId="974090e8-3cf0-4fb7-5ea3-d47ee980423a" executionId="4b680f12-db08-433e-9e75-fc68348b2cda" testListId="8c84fa94-04c1-424b-9868-57a2d4851a1d" />
    <TestEntry testId="2810eee5-cfbd-92f3-6788-92e1c51766d5" executionId="02bef6bf-3a22-414d-a600-852eeb2239ae" testListId="8c84fa94-04c1-424b-9868-57a2d4851a1d" />
    <TestEntry testId="fa747ce4-e0e4-b9b6-8000-0a766fd8a36a" executionId="67f6863a-ff2c-47ad-86b6-48824aa19706" testListId="8c84fa94-04c1-424b-9868-57a2d4851a1d" />
    <TestEntry testId="795e5286-1277-f509-a808-08c33de21ca9" executionId="164c19a8-7c70-4fe2-b42b-ae7511d2103f" testListId="8c84fa94-04c1-424b-9868-57a2d4851a1d" />
    <TestEntry testId="0ca04293-efac-78d1-6558-fc7af529c05b" executionId="71ae8e2b-1d05-49ad-aae2-22ab77cf1d98" testListId="8c84fa94-04c1-424b-9868-57a2d4851a1d" />
    <TestEntry testId="7d2c4bc8-4e35-b08c-9654-bb36b880df85" executionId="357d56fd-54e2-42ab-b8ef-ee1d3ae1befd" testListId="8c84fa94-04c1-424b-9868-57a2d4851a1d" />
    <TestEntry testId="1449addf-8a46-2d41-309a-2822c189c8e5" executionId="bcd9055b-ac49-47f6-915b-805a43c0d8cc" testListId="8c84fa94-04c1-424b-9868-57a2d4851a1d" />
    <TestEntry testId="8953779c-a50a-88a1-9b19-045c77b67e36" executionId="9fddaf8d-7566-4684-a31f-752f00f9df2a" testListId="8c84fa94-04c1-424b-9868-57a2d4851a1d" />
    <TestEntry testId="1407b4a8-ad1d-da96-eab0-21cf14cca9b4" executionId="fdde9ae7-631e-4af4-85da-75b994b0e7bf" testListId="8c84fa94-04c1-424b-9868-57a2d4851a1d" />
    <TestEntry testId="b8603ca2-faf5-7420-1ff2-ebda2290fe51" executionId="bdb60c6c-9060-4ce8-83d7-0b1f97564e01" testListId="8c84fa94-04c1-424b-9868-57a2d4851a1d" />
    <TestEntry testId="e26e38af-6253-68e2-b0fc-b6a3b720ce0e" executionId="59e713ee-1e49-4ee6-a65c-44ebb21129a4" testListId="8c84fa94-04c1-424b-9868-57a2d4851a1d" />
    <TestEntry testId="a31ea1ce-0eb0-cb0f-88af-a7d7264afb65" executionId="7609e9e9-78cf-4186-abd6-61324073cd9c" testListId="8c84fa94-04c1-424b-9868-57a2d4851a1d" />
    <TestEntry testId="9b379b60-d147-8bde-5cd1-c98a2648a9b2" executionId="d0d7cb65-fea3-415d-94bf-8fd5e1cdf949" testListId="8c84fa94-04c1-424b-9868-57a2d4851a1d" />
    <TestEntry testId="dfcd0ef9-4e6e-c739-ceec-7fd364d9b49a" executionId="d2a2dfa8-4632-43b4-8588-afed773f3ddd" testListId="8c84fa94-04c1-424b-9868-57a2d4851a1d" />
    <TestEntry testId="f7b15b66-0ea7-682f-98f9-6fd189f4abe8" executionId="152384c7-28c0-4340-958b-9ee89d9435b2" testListId="8c84fa94-04c1-424b-9868-57a2d4851a1d" />
    <TestEntry testId="a0136020-d783-3612-470f-41f2568d9aa6" executionId="cd953867-fe11-4e6b-b00e-f0cf6a017769" testListId="8c84fa94-04c1-424b-9868-57a2d4851a1d" />
    <TestEntry testId="944072de-0e25-105a-ae07-55b0bb8df2ce" executionId="3dc24678-7e44-454b-b7fa-92e5c7d4e0b8" testListId="8c84fa94-04c1-424b-9868-57a2d4851a1d" />
    <TestEntry testId="914d91b5-25df-3720-04eb-989380e3b4c3" executionId="a257ec43-88fa-4fac-ba0e-7c37577e5578" testListId="8c84fa94-04c1-424b-9868-57a2d4851a1d" />
    <TestEntry testId="15c1bcf6-adbc-1e94-638f-bec8d5e31f27" executionId="33c71823-c061-44e7-8866-6f75f78deeeb" testListId="8c84fa94-04c1-424b-9868-57a2d4851a1d" />
    <TestEntry testId="a526dd4a-94ed-630b-7aaf-9ae0b56fd332" executionId="988d865b-9d48-4f6e-8770-80cc82b10964" testListId="8c84fa94-04c1-424b-9868-57a2d4851a1d" />
    <TestEntry testId="d0ab3811-f5f5-0cae-2d63-4c1ae6671e36" executionId="827a5a4d-97c3-40ca-afee-eaf611904cf9" testListId="8c84fa94-04c1-424b-9868-57a2d4851a1d" />
    <TestEntry testId="db94f39b-3847-b19f-f0a8-02041ad8d3fa" executionId="8616da37-8214-465a-9b76-d7eb51eedbbd" testListId="8c84fa94-04c1-424b-9868-57a2d4851a1d" />
    <TestEntry testId="5f03517a-8e88-55d8-fcaf-9ada130b5b2a" executionId="0ccfed0b-efce-45fb-9a4a-eed1cd99ee11" testListId="8c84fa94-04c1-424b-9868-57a2d4851a1d" />
    <TestEntry testId="20256d99-1adc-4540-ff76-9b8399e760d1" executionId="9f1ad2ba-c0c8-4c9d-909c-25d806c021bf" testListId="8c84fa94-04c1-424b-9868-57a2d4851a1d" />
    <TestEntry testId="2a37a367-1b88-028d-434e-2b5a8708e26e" executionId="efe76e48-244f-45dc-be36-91d0447a4a65" testListId="8c84fa94-04c1-424b-9868-57a2d4851a1d" />
    <TestEntry testId="1d45dc6e-5329-350c-7bc3-a589d087856b" executionId="0c04fdf9-d272-4cb4-bcd9-9eefb8c13a3f" testListId="8c84fa94-04c1-424b-9868-57a2d4851a1d" />
    <TestEntry testId="00380bb8-e736-2a37-0d69-10f69e658127" executionId="cf4f5eeb-2f4a-4d6a-be2f-b403e97ea8d3" testListId="8c84fa94-04c1-424b-9868-57a2d4851a1d" />
    <TestEntry testId="91b94757-fc96-289a-d0bf-00589354a962" executionId="66b2151a-2d83-4979-9a85-954bc856175e" testListId="8c84fa94-04c1-424b-9868-57a2d4851a1d" />
    <TestEntry testId="433b7c9e-2d7b-7704-c2d0-6aa8431e573c" executionId="248fca2b-feba-40be-9c35-2826aac31deb" testListId="8c84fa94-04c1-424b-9868-57a2d4851a1d" />
    <TestEntry testId="632b2044-4566-e2fa-1051-ad6cc894e228" executionId="7987bc4a-4a1d-4d1d-9b7d-83972ea4094d" testListId="8c84fa94-04c1-424b-9868-57a2d4851a1d" />
    <TestEntry testId="bda337ad-0cbe-92c9-a2f6-0e645b370c52" executionId="7a3124a2-dfb3-48ea-a493-539bb847268c" testListId="8c84fa94-04c1-424b-9868-57a2d4851a1d" />
    <TestEntry testId="bbc13080-731c-8f84-ed08-5747215f8e83" executionId="322c5940-3168-4bed-88ad-ac9b198b0b94" testListId="8c84fa94-04c1-424b-9868-57a2d4851a1d" />
    <TestEntry testId="96c57aa3-e0e6-4f77-4298-a85e35bfb726" executionId="9bbe1e2e-d2d7-409e-a40b-44a9375e6887" testListId="8c84fa94-04c1-424b-9868-57a2d4851a1d" />
    <TestEntry testId="184976a3-1d46-6cd6-0f59-bd844a34964b" executionId="9aef123a-a173-4491-8d72-72a10d64bda7" testListId="8c84fa94-04c1-424b-9868-57a2d4851a1d" />
    <TestEntry testId="90ff0f29-abe1-1956-2708-b75276e328c6" executionId="76798c84-244f-4e69-b0de-120b6cc47d76" testListId="8c84fa94-04c1-424b-9868-57a2d4851a1d" />
    <TestEntry testId="ed105ca6-c0e9-fd31-1c43-3eca41614b59" executionId="6f2466af-9e5d-481f-829b-63eeac7607c2" testListId="8c84fa94-04c1-424b-9868-57a2d4851a1d" />
    <TestEntry testId="e1f3da68-1daa-09fd-00ec-6cd4a8afd07f" executionId="a5ec29fb-41b2-4eb3-a780-2aa7d324b50b" testListId="8c84fa94-04c1-424b-9868-57a2d4851a1d" />
    <TestEntry testId="f03ab956-1d7e-5115-088d-1f3aa08c6797" executionId="1dbd4f57-adad-46b4-bd82-cd7aafe10d38" testListId="8c84fa94-04c1-424b-9868-57a2d4851a1d" />
    <TestEntry testId="4fdabef6-52f5-6b77-84b4-4bfdc4692753" executionId="59d034e4-ce41-441b-869d-777174ae8d35" testListId="8c84fa94-04c1-424b-9868-57a2d4851a1d" />
    <TestEntry testId="3aa5ef5e-c2d9-9075-fe0e-d1529f8c94d8" executionId="066fc357-7a9e-4db7-b93b-7a1ed0061b29" testListId="8c84fa94-04c1-424b-9868-57a2d4851a1d" />
    <TestEntry testId="598f234b-807a-c270-b145-f5dcb8e4e3a0" executionId="24ea82be-37d2-4b60-abb5-090bb03486d5" testListId="8c84fa94-04c1-424b-9868-57a2d4851a1d" />
    <TestEntry testId="2db17fc0-3878-17cb-da45-6e2f289142e9" executionId="eb022e05-ee42-48de-b768-63d64bda1f67" testListId="8c84fa94-04c1-424b-9868-57a2d4851a1d" />
    <TestEntry testId="e40a4c54-fcff-302e-da28-9d086acda988" executionId="e8a9e8a9-8f16-4b20-85cf-ea2ce94fa109" testListId="8c84fa94-04c1-424b-9868-57a2d4851a1d" />
    <TestEntry testId="1708372b-575c-5dad-0808-2f813c427744" executionId="a1dcd6db-243a-4fa5-b40b-8f2b008bfd22" testListId="8c84fa94-04c1-424b-9868-57a2d4851a1d" />
    <TestEntry testId="037debbf-18a4-076b-2633-87be9ce1534a" executionId="d0a7ffbc-dfe6-4948-85d7-9c91d5a43cc4" testListId="8c84fa94-04c1-424b-9868-57a2d4851a1d" />
    <TestEntry testId="23af5bd3-3f5f-e610-7aaf-347eb170593a" executionId="d5105edf-7da3-448c-815e-4d3e2b730241" testListId="8c84fa94-04c1-424b-9868-57a2d4851a1d" />
    <TestEntry testId="65466124-d26d-7382-a9ec-0248204b0641" executionId="f3393c11-7547-479d-9cbb-78ac7b7d72a5" testListId="8c84fa94-04c1-424b-9868-57a2d4851a1d" />
    <TestEntry testId="5c6f60b6-3512-6abe-2e0b-70dc16c1c131" executionId="9ac53bc9-4987-4548-8678-7f204dcb21ec" testListId="8c84fa94-04c1-424b-9868-57a2d4851a1d" />
    <TestEntry testId="441e70dc-883d-30e4-903a-559d4e7bd13e" executionId="a7da5c6c-9af6-4f1b-85e2-af39f4790bc2" testListId="8c84fa94-04c1-424b-9868-57a2d4851a1d" />
    <TestEntry testId="3d4d2dbe-cca0-c9ca-ef22-df9774e0fe06" executionId="79a5f898-d8de-481c-b3e6-35238713b50a" testListId="8c84fa94-04c1-424b-9868-57a2d4851a1d" />
    <TestEntry testId="f246bbdb-d2a3-6c8f-bb94-d35bae8f6097" executionId="caffd1de-ee73-404d-bfae-8b0ccfadd583" testListId="8c84fa94-04c1-424b-9868-57a2d4851a1d" />
    <TestEntry testId="d473d460-3b9b-1b85-9b7d-ca7d1e18e985" executionId="a991f380-8eda-4e75-802b-3de0aea2aee9" testListId="8c84fa94-04c1-424b-9868-57a2d4851a1d" />
    <TestEntry testId="3e375d1e-6dd5-8039-f74c-79155a0723e4" executionId="505731ae-5c80-4e2b-abb5-419e922103b4" testListId="8c84fa94-04c1-424b-9868-57a2d4851a1d" />
    <TestEntry testId="a95f2e32-53e4-d967-7674-1f96d1c70f2f" executionId="72fb2672-8df6-4a5f-a49e-d3d9a3fe487c" testListId="8c84fa94-04c1-424b-9868-57a2d4851a1d" />
    <TestEntry testId="04e40e73-5489-6f12-a91e-81097d2d3169" executionId="817a69bd-fb31-4da8-a9a1-5e20c8128a6f" testListId="8c84fa94-04c1-424b-9868-57a2d4851a1d" />
    <TestEntry testId="c29c98de-0771-fe59-8178-aee2a68bbd44" executionId="5e372208-ef8a-4a87-841b-327e056b481a" testListId="8c84fa94-04c1-424b-9868-57a2d4851a1d" />
    <TestEntry testId="eb85a7dc-ac1e-7755-6e59-0727c16f5b26" executionId="7f9c444f-5224-4af0-9c01-5248a4f13d52" testListId="8c84fa94-04c1-424b-9868-57a2d4851a1d" />
    <TestEntry testId="e663807f-d925-9e78-5d7e-fbb4bb48cab8" executionId="dc3cd66c-9a17-44d4-a13f-f0c853b46564" testListId="8c84fa94-04c1-424b-9868-57a2d4851a1d" />
    <TestEntry testId="c52785bb-5406-46ea-53c3-9b46df46d67c" executionId="b3fc51f6-a685-45b6-87d0-7317beb36ed2" testListId="8c84fa94-04c1-424b-9868-57a2d4851a1d" />
    <TestEntry testId="2065da21-8ffc-c930-8b41-b06ee48f89d0" executionId="fbbef1a3-f3f1-4f6a-b84c-a8066130cff3" testListId="8c84fa94-04c1-424b-9868-57a2d4851a1d" />
    <TestEntry testId="678771f1-ab9c-d1d6-749d-d10845579ef7" executionId="58921a64-13ea-4df2-829d-8dc4d551d453" testListId="8c84fa94-04c1-424b-9868-57a2d4851a1d" />
    <TestEntry testId="f07df440-d472-657b-f285-d46525476c4a" executionId="d56e655d-3d16-4cdb-a53f-03476e9b2d85" testListId="8c84fa94-04c1-424b-9868-57a2d4851a1d" />
    <TestEntry testId="6f04060a-56ef-e577-7930-b5f1308011ba" executionId="004a02dd-5353-46e2-b847-bfb921be1da9" testListId="8c84fa94-04c1-424b-9868-57a2d4851a1d" />
    <TestEntry testId="8b3fca40-30e3-7d98-fdbd-7ea4fb7e9751" executionId="0aa6d74c-8bfe-463d-8626-b3f668a868ff" testListId="8c84fa94-04c1-424b-9868-57a2d4851a1d" />
    <TestEntry testId="92cb4fd6-9ad2-df3c-165e-64dbe2469ad2" executionId="67133b27-7ab4-4dbd-b32b-601007c16c98" testListId="8c84fa94-04c1-424b-9868-57a2d4851a1d" />
    <TestEntry testId="8ceca75d-2362-7f90-331c-dead0dc7bc6e" executionId="8422ead1-8e31-4592-8283-fee4a17ab879" testListId="8c84fa94-04c1-424b-9868-57a2d4851a1d" />
    <TestEntry testId="daa58567-4168-4597-01b1-3549fe008ec4" executionId="b455c7b7-7e01-4f7c-aaed-42429cf58b95" testListId="8c84fa94-04c1-424b-9868-57a2d4851a1d" />
    <TestEntry testId="1aaab8f6-2e93-57a1-dd6c-9dabd82afc5a" executionId="c18af175-52cd-46d8-a841-f93fba355103" testListId="8c84fa94-04c1-424b-9868-57a2d4851a1d" />
    <TestEntry testId="32df2db9-9a70-a4a0-d5c7-ca3be50fb1c8" executionId="823d3692-7456-4f5d-ae0c-59b960d0ed30" testListId="8c84fa94-04c1-424b-9868-57a2d4851a1d" />
    <TestEntry testId="cddf26ee-280d-91a2-0a09-66efa5b75eb8" executionId="94d48613-2229-4885-abfd-085ccc481e3d" testListId="8c84fa94-04c1-424b-9868-57a2d4851a1d" />
    <TestEntry testId="d20651f2-ef3d-3318-a944-2dda0b276835" executionId="90c7d7a2-6538-429c-bfcf-0dc527114217" testListId="8c84fa94-04c1-424b-9868-57a2d4851a1d" />
    <TestEntry testId="54ad16c8-6ef8-dbd6-cba2-f3d1d0ce2393" executionId="8272f74b-6da6-451f-8cc0-69f58255defa" testListId="8c84fa94-04c1-424b-9868-57a2d4851a1d" />
    <TestEntry testId="16fdaea3-66b8-c6bb-56c9-c417fe066388" executionId="bf3f907c-0c53-44d4-8509-a618f1ed19e0" testListId="8c84fa94-04c1-424b-9868-57a2d4851a1d" />
    <TestEntry testId="21e58dad-c869-061e-8d4b-897f231f8f4e" executionId="6f69e27a-633b-4453-9467-bd87b42f95c3" testListId="8c84fa94-04c1-424b-9868-57a2d4851a1d" />
    <TestEntry testId="163bd945-437a-e9b8-26ce-f2d01f813a17" executionId="292a93ae-a7a3-4c5f-96c1-1ecaef02b9a5" testListId="8c84fa94-04c1-424b-9868-57a2d4851a1d" />
    <TestEntry testId="dd49e447-51dc-29f5-c661-4e2e20e10c23" executionId="5d78275a-1573-4cf4-b437-467a310048ec" testListId="8c84fa94-04c1-424b-9868-57a2d4851a1d" />
    <TestEntry testId="2c6dc2b7-ebf9-a334-d82e-32bf0a3eea14" executionId="9ea2a9f8-df99-4a08-9506-11563549e7ae" testListId="8c84fa94-04c1-424b-9868-57a2d4851a1d" />
    <TestEntry testId="2c54ac8a-aef8-960b-687e-64742cbff580" executionId="d841d638-184f-4854-b7f4-c259a037754b" testListId="8c84fa94-04c1-424b-9868-57a2d4851a1d" />
    <TestEntry testId="80976485-9c18-f0b2-bd35-3c0150058c1c" executionId="c3e84347-d95a-482b-b462-9c3c432e9bfd" testListId="8c84fa94-04c1-424b-9868-57a2d4851a1d" />
    <TestEntry testId="b6394e13-8ba6-788f-b10e-91098bf30b2d" executionId="eeaa0783-67d3-4c84-afa5-77ea7b5737e0" testListId="8c84fa94-04c1-424b-9868-57a2d4851a1d" />
    <TestEntry testId="2b98ef9d-aa4a-c188-6ab4-dd30f98640fe" executionId="6130fc3b-6d2f-487c-bad7-9c15b8ba80f5" testListId="8c84fa94-04c1-424b-9868-57a2d4851a1d" />
    <TestEntry testId="a8100980-5686-c9df-e225-c919424807ce" executionId="85ce8df3-6602-4006-a3e9-63775fd49ac6" testListId="8c84fa94-04c1-424b-9868-57a2d4851a1d" />
    <TestEntry testId="09373060-bc77-4df3-57f2-856acaa2b3be" executionId="563de038-7194-4716-93bc-08ebff9347e3" testListId="8c84fa94-04c1-424b-9868-57a2d4851a1d" />
    <TestEntry testId="51d3669f-0f97-519f-1da5-e755f2beed1c" executionId="a44d4de4-ed47-4a9b-b3f8-d940955d74b8" testListId="8c84fa94-04c1-424b-9868-57a2d4851a1d" />
    <TestEntry testId="1ee54112-9f60-8170-1cca-6e069b534b00" executionId="5c1140ed-c066-458b-b71a-2ef73e7afa84" testListId="8c84fa94-04c1-424b-9868-57a2d4851a1d" />
    <TestEntry testId="6e344cf5-138c-676c-9944-32aa8e1e7d32" executionId="bfc3e2a4-ac43-48d0-8746-519ba3bf86ca" testListId="8c84fa94-04c1-424b-9868-57a2d4851a1d" />
    <TestEntry testId="1a787aee-0a5f-2a98-acaa-46db56af4937" executionId="ff185c37-2e7c-4220-93ca-3548ec92938c" testListId="8c84fa94-04c1-424b-9868-57a2d4851a1d" />
    <TestEntry testId="f40c12be-310d-8260-8cea-d2b442f5379c" executionId="1db69cac-cda6-44a9-aff5-ed5ee3baba83" testListId="8c84fa94-04c1-424b-9868-57a2d4851a1d" />
    <TestEntry testId="d94a2925-a625-eb3b-3412-7470befe99fc" executionId="91ac35ae-01b4-40d8-94be-df4974de4378" testListId="8c84fa94-04c1-424b-9868-57a2d4851a1d" />
    <TestEntry testId="bde20442-e8af-861b-49b2-22b138e6c73b" executionId="4ec071ae-2645-4a1b-9a85-da006acf23bc" testListId="8c84fa94-04c1-424b-9868-57a2d4851a1d" />
    <TestEntry testId="18ce1467-5142-4292-6268-391f33fa9452" executionId="2bb933b0-36d0-4b94-827a-ad38ae5b8993" testListId="8c84fa94-04c1-424b-9868-57a2d4851a1d" />
    <TestEntry testId="4952678e-922c-b3d1-4429-1108924fd692" executionId="148ae089-4b6c-4a52-9289-9f28e670643d" testListId="8c84fa94-04c1-424b-9868-57a2d4851a1d" />
    <TestEntry testId="51c3110d-61a5-9c03-a99c-2cb129581e3e" executionId="f9f41380-519f-43cc-9772-7b84ff7ad82f" testListId="8c84fa94-04c1-424b-9868-57a2d4851a1d" />
    <TestEntry testId="17851011-afdc-52ce-3f25-a3f580d057e9" executionId="52799480-cb58-4abc-a6cb-37e700651acf" testListId="8c84fa94-04c1-424b-9868-57a2d4851a1d" />
    <TestEntry testId="d33f4a04-5811-9706-114a-efa812b88724" executionId="76a6d4e7-8e28-4c50-8b28-249ca8bcb5a9" testListId="8c84fa94-04c1-424b-9868-57a2d4851a1d" />
    <TestEntry testId="e8e95448-281b-aec0-b668-da2e28f01232" executionId="c38530ec-09d9-48e6-9db4-58aff3a7c96d" testListId="8c84fa94-04c1-424b-9868-57a2d4851a1d" />
    <TestEntry testId="0c388706-424e-2389-7ecb-8ffd910f2d2c" executionId="aa2ede2c-0200-4c5e-82ff-6c3749cda432" testListId="8c84fa94-04c1-424b-9868-57a2d4851a1d" />
    <TestEntry testId="3bf0cbba-65bc-6b58-af24-9fe597245c8b" executionId="33eb496c-928d-4872-a87b-ddff928081aa" testListId="8c84fa94-04c1-424b-9868-57a2d4851a1d" />
    <TestEntry testId="9b183153-37a7-d760-01f1-3d6f537a24b6" executionId="3af1ff84-75fd-401a-a005-1722dbdaf2fc" testListId="8c84fa94-04c1-424b-9868-57a2d4851a1d" />
    <TestEntry testId="a2f02ea4-6022-2267-f09e-cdc3432773ef" executionId="d8e6a31d-3942-41f2-8974-fa8d19ebfa06" testListId="8c84fa94-04c1-424b-9868-57a2d4851a1d" />
    <TestEntry testId="78d47071-7999-80f1-fba9-50a95ad170aa" executionId="026d4393-1739-4ca0-beed-6fa5d2cc3009" testListId="8c84fa94-04c1-424b-9868-57a2d4851a1d" />
    <TestEntry testId="465f1316-d524-e5ee-fb6d-de2f5bca3b7c" executionId="afd3deb8-2a3d-47fc-8be7-5c9c1edc3b80" testListId="8c84fa94-04c1-424b-9868-57a2d4851a1d" />
    <TestEntry testId="2ab41897-9335-9086-565f-7e5bd711f3f8" executionId="30aa74e6-4c40-4d30-a061-deface3dd449" testListId="8c84fa94-04c1-424b-9868-57a2d4851a1d" />
    <TestEntry testId="0823b7c6-3d2d-2e31-1cb3-cb34e5afd251" executionId="2ccfd8da-156e-40c2-a7ec-db0c665497eb" testListId="8c84fa94-04c1-424b-9868-57a2d4851a1d" />
    <TestEntry testId="b51257bb-fe5b-ad83-89d5-fb56b614e7c2" executionId="fcf14106-cb90-436e-bd15-5af62cd67869" testListId="8c84fa94-04c1-424b-9868-57a2d4851a1d" />
    <TestEntry testId="00f6296b-fb59-bf77-b1a5-ce2e96ef5721" executionId="ebefa864-c903-4c4d-9a79-27c377316b12" testListId="8c84fa94-04c1-424b-9868-57a2d4851a1d" />
    <TestEntry testId="62319f3e-ca66-e14f-0bd2-6e09382141d9" executionId="39795836-7ec6-4de4-ad02-f330d2c5de90" testListId="8c84fa94-04c1-424b-9868-57a2d4851a1d" />
    <TestEntry testId="d8334741-67e6-1d50-8d6d-a7ceda3609cf" executionId="afad2fa4-dafd-4458-be24-8dc7a3f7c317" testListId="8c84fa94-04c1-424b-9868-57a2d4851a1d" />
    <TestEntry testId="f8918184-193a-4005-1867-2b9f4003d068" executionId="9132f783-6a93-4572-bed6-5c09f05cab2e" testListId="8c84fa94-04c1-424b-9868-57a2d4851a1d" />
    <TestEntry testId="1934c119-1ece-bf42-2c60-ccdd5e52fcee" executionId="b7b602c6-c1c2-4a8c-befd-195ec6da1ca7" testListId="8c84fa94-04c1-424b-9868-57a2d4851a1d" />
    <TestEntry testId="251dc894-45b7-8e89-c9ad-3ba26910b0a7" executionId="e23976c5-4237-4d33-9f51-6e127fbb16ba" testListId="8c84fa94-04c1-424b-9868-57a2d4851a1d" />
    <TestEntry testId="51597753-69b7-0cba-11d2-4e0d4b4eb61d" executionId="c9c2348b-ce15-4a67-800c-971f8ac8a631" testListId="8c84fa94-04c1-424b-9868-57a2d4851a1d" />
    <TestEntry testId="6d313e24-f034-2521-c314-1c338721a766" executionId="235af493-0567-4197-a660-526e90f8b28d" testListId="8c84fa94-04c1-424b-9868-57a2d4851a1d" />
    <TestEntry testId="37fad7b1-8431-b137-7a51-2b6cda07645e" executionId="224b7c2d-bf7e-4e4a-b80e-c4501ac4eb56" testListId="8c84fa94-04c1-424b-9868-57a2d4851a1d" />
    <TestEntry testId="8539d9ca-7eb2-df45-7efe-55f128b6f8fd" executionId="73921885-1a2a-4c75-9fda-c3d921ae9ae2" testListId="8c84fa94-04c1-424b-9868-57a2d4851a1d" />
    <TestEntry testId="8e46f521-34e4-ed5f-2fa9-d5dd2ace410e" executionId="75f7b0fd-ee72-4708-84ab-89d92fea920e" testListId="8c84fa94-04c1-424b-9868-57a2d4851a1d" />
    <TestEntry testId="e31d3e1b-198e-7866-11bb-0bc64eb8cbfe" executionId="486e5ac9-537e-42c8-9bef-6f6d49042534" testListId="8c84fa94-04c1-424b-9868-57a2d4851a1d" />
    <TestEntry testId="1a0889f9-b90f-ce46-f85b-43667fcbf57e" executionId="07f0ab45-3462-4fff-8b9e-4f875eb656cd" testListId="8c84fa94-04c1-424b-9868-57a2d4851a1d" />
    <TestEntry testId="45c5e6e4-b783-e923-7ad9-9a490ccd8f2d" executionId="372604b2-29d6-4271-bd04-a03a7ee29e38" testListId="8c84fa94-04c1-424b-9868-57a2d4851a1d" />
    <TestEntry testId="a08451da-a240-2a71-d150-508331457ad4" executionId="d2f66fca-76e3-469e-9f88-bf48dbd3d8e9" testListId="8c84fa94-04c1-424b-9868-57a2d4851a1d" />
    <TestEntry testId="f6a6fd39-0017-7a0e-0a41-cd0d1f619004" executionId="d17e6118-db33-4465-a6a8-50635076ddaa" testListId="8c84fa94-04c1-424b-9868-57a2d4851a1d" />
    <TestEntry testId="126cfce9-3322-1067-7cd5-e3870c5557bb" executionId="d0ddc9a7-bf06-423d-9976-d6e6bc966a2c" testListId="8c84fa94-04c1-424b-9868-57a2d4851a1d" />
    <TestEntry testId="c5cd8e8a-c12d-2b55-47ee-ad9dd0bffdd6" executionId="a138d23b-3d99-4cc6-adc8-ebdb42b2e0f4" testListId="8c84fa94-04c1-424b-9868-57a2d4851a1d" />
    <TestEntry testId="b0804731-5670-00b3-ffc0-22442c65a212" executionId="d26e3d5b-37de-4746-ba02-06c5537cd001" testListId="8c84fa94-04c1-424b-9868-57a2d4851a1d" />
    <TestEntry testId="776e7282-ea02-0f96-7f33-d02be126a7e6" executionId="df4122e3-9bf9-4591-93e0-777d80de7d9b" testListId="8c84fa94-04c1-424b-9868-57a2d4851a1d" />
    <TestEntry testId="7c64f456-68f0-5e2b-308e-47c72805dc20" executionId="5632decb-1eea-4e20-9fe3-95c4bffc8589" testListId="8c84fa94-04c1-424b-9868-57a2d4851a1d" />
    <TestEntry testId="9e95b2e2-1a82-9db2-31de-797bf7ce167a" executionId="b798a86f-2e23-452f-922a-cc620e8cfa85" testListId="8c84fa94-04c1-424b-9868-57a2d4851a1d" />
    <TestEntry testId="3dcfcd25-4ae4-3f30-d7f6-68b148849149" executionId="4c48be47-04e8-446f-b064-7d7fe0c66b28" testListId="8c84fa94-04c1-424b-9868-57a2d4851a1d" />
    <TestEntry testId="43b104e2-d8af-e3e4-9cfc-dc948d297e9c" executionId="d709fadf-d8fe-46dc-b82b-06400227e368" testListId="8c84fa94-04c1-424b-9868-57a2d4851a1d" />
    <TestEntry testId="89846cfd-29f5-2547-78e8-a8c8ecf0a09d" executionId="329ba51d-e157-4d94-87a2-fbfacfdc327b" testListId="8c84fa94-04c1-424b-9868-57a2d4851a1d" />
    <TestEntry testId="fccff3fd-46d8-d47f-84f5-cad0cdc16ad3" executionId="af0cea02-98df-461f-ab3c-3608e16499a8" testListId="8c84fa94-04c1-424b-9868-57a2d4851a1d" />
    <TestEntry testId="d764fe56-9d66-34f9-b0fd-99b23d98d7e6" executionId="9e2d492c-e39f-4e29-a8ef-44ba3cd65131" testListId="8c84fa94-04c1-424b-9868-57a2d4851a1d" />
    <TestEntry testId="21129496-8354-770c-d142-9273caacb65e" executionId="bedfdc55-e5c7-492a-8804-d5a72dd9be6c" testListId="8c84fa94-04c1-424b-9868-57a2d4851a1d" />
    <TestEntry testId="f6b58679-db5b-fa3e-70d9-54d38f0abf03" executionId="0328d8d6-386e-46b8-b8cb-40afaec4b308" testListId="8c84fa94-04c1-424b-9868-57a2d4851a1d" />
    <TestEntry testId="78a6a2a0-b36c-dab2-3954-d5bf8b33e3c2" executionId="dd5a194b-9961-4727-ab75-2b66fb966988" testListId="8c84fa94-04c1-424b-9868-57a2d4851a1d" />
    <TestEntry testId="d0322b3e-7253-35eb-8bae-9a60a92b4189" executionId="aca7a534-709e-4343-9a31-578adabec074" testListId="8c84fa94-04c1-424b-9868-57a2d4851a1d" />
    <TestEntry testId="650d82de-f0bc-2e5d-bdaa-c729bd3dce92" executionId="315a1124-11d5-4592-aa79-fac6ca1fea68" testListId="8c84fa94-04c1-424b-9868-57a2d4851a1d" />
    <TestEntry testId="a7cc8d2f-f2a8-e6d5-c67c-4e711d1cff3a" executionId="d4b9872e-8106-4702-b1e5-1275ffe970ff" testListId="8c84fa94-04c1-424b-9868-57a2d4851a1d" />
    <TestEntry testId="afd053cf-5555-93d1-4d34-26f29d829b46" executionId="1a132e39-97fe-4817-82fc-95904dd8633b" testListId="8c84fa94-04c1-424b-9868-57a2d4851a1d" />
    <TestEntry testId="645818c3-0cd1-93a6-da6f-59b97404a77f" executionId="981c6afc-584e-4f21-b3cb-6ed65a553ee5" testListId="8c84fa94-04c1-424b-9868-57a2d4851a1d" />
    <TestEntry testId="ed74c1f6-013f-852c-71ed-0a26c2719037" executionId="0abd64e1-e0fe-4018-8214-4dd2e46ed43c" testListId="8c84fa94-04c1-424b-9868-57a2d4851a1d" />
    <TestEntry testId="91daca50-67b0-b443-984b-7731aad6a0ec" executionId="d09fcabc-0d5c-487e-ad81-88144c67e6aa" testListId="8c84fa94-04c1-424b-9868-57a2d4851a1d" />
    <TestEntry testId="bdaeea25-d7fe-2f8d-66ae-904eb77fc65e" executionId="3b3ab523-294c-4b51-99c3-90e1a1abf9e1" testListId="8c84fa94-04c1-424b-9868-57a2d4851a1d" />
    <TestEntry testId="7c1a2b1d-1b4f-6516-7336-9c16471e3095" executionId="d4c2ef07-d561-47ca-a856-099318b18051" testListId="8c84fa94-04c1-424b-9868-57a2d4851a1d" />
    <TestEntry testId="27bf0f5e-8444-e80c-393e-502115225cea" executionId="aa74a0ad-f430-4e9e-81b0-7c639cf39bae" testListId="8c84fa94-04c1-424b-9868-57a2d4851a1d" />
    <TestEntry testId="ba1649d0-d90b-8d78-fe21-fe24d5401f26" executionId="38fb2f7d-ad0a-4262-8881-cb7d3918a3ce" testListId="8c84fa94-04c1-424b-9868-57a2d4851a1d" />
    <TestEntry testId="e5326710-ed3d-1257-22c6-b61ba5933cc0" executionId="742b86ec-7f19-4bcd-bf26-652a601499a9" testListId="8c84fa94-04c1-424b-9868-57a2d4851a1d" />
    <TestEntry testId="f3391d98-707e-a5d3-b686-fd2b1659d2f1" executionId="fb3d2a8a-e497-422a-83c9-ae91c8e9d264" testListId="8c84fa94-04c1-424b-9868-57a2d4851a1d" />
    <TestEntry testId="35e4f218-4695-8650-6ea0-6200f3d1385c" executionId="21433a08-244a-4e23-b173-86b0ff533a31" testListId="8c84fa94-04c1-424b-9868-57a2d4851a1d" />
    <TestEntry testId="f074ce04-b802-bb2e-450f-076534cec91c" executionId="44bc150e-53e9-4c56-ad84-680d0a147a98" testListId="8c84fa94-04c1-424b-9868-57a2d4851a1d" />
    <TestEntry testId="2c965403-78bd-451a-0ab5-355ffa3e97db" executionId="e21f9149-9339-41a2-90b3-62a18ecbed39" testListId="8c84fa94-04c1-424b-9868-57a2d4851a1d" />
    <TestEntry testId="037184c9-45eb-a02f-27dc-5a050eff0112" executionId="d4355c3e-6c3c-4f18-9655-c444697ac0ad" testListId="8c84fa94-04c1-424b-9868-57a2d4851a1d" />
    <TestEntry testId="b341acd8-c186-c7db-76e8-4e41176d6c3c" executionId="3e6e55c7-9b9d-4ad8-be4e-8e10efe179ab" testListId="8c84fa94-04c1-424b-9868-57a2d4851a1d" />
    <TestEntry testId="eafba659-10ae-f9f3-c9b9-f163c68136cb" executionId="4ce4f9b5-48ed-4d02-b7de-6fafcefc65cc" testListId="8c84fa94-04c1-424b-9868-57a2d4851a1d" />
    <TestEntry testId="91410bb8-72e0-702d-454e-a117b70228e9" executionId="457be07f-332a-4644-b54f-11b176fd4bf7" testListId="8c84fa94-04c1-424b-9868-57a2d4851a1d" />
    <TestEntry testId="2df695cc-bcc2-9ce4-e8e5-4ccc91ae1d63" executionId="e4f57ab4-a678-43b3-bdaf-578310f480e4" testListId="8c84fa94-04c1-424b-9868-57a2d4851a1d" />
    <TestEntry testId="6186473b-a19d-e4ea-9d9f-857c741c8301" executionId="35451442-a1ed-4839-9174-07aa52c63b64" testListId="8c84fa94-04c1-424b-9868-57a2d4851a1d" />
    <TestEntry testId="f5f981f3-fd2c-ad44-7c19-00be5ddfaa43" executionId="e0c96461-dd92-45af-94fd-5137ed1ab44b" testListId="8c84fa94-04c1-424b-9868-57a2d4851a1d" />
    <TestEntry testId="76bacc38-1f4b-f58c-d8be-7cccaa601982" executionId="a323ab0e-a131-4c11-960f-08e4b57c4811" testListId="8c84fa94-04c1-424b-9868-57a2d4851a1d" />
    <TestEntry testId="905803e2-0f4e-5ccc-43f8-49d751706147" executionId="d56e3412-f913-4ba4-9b3e-d528c7b05689" testListId="8c84fa94-04c1-424b-9868-57a2d4851a1d" />
    <TestEntry testId="0ceb62cb-e4d0-2213-b2e5-004793d74119" executionId="9b845037-054f-4aca-ac1d-eab6830b57a5" testListId="8c84fa94-04c1-424b-9868-57a2d4851a1d" />
    <TestEntry testId="30d85ed0-21bd-cba8-926e-14fb5b910ae0" executionId="2bc97e78-5740-4599-ba83-793a2addfbbf" testListId="8c84fa94-04c1-424b-9868-57a2d4851a1d" />
    <TestEntry testId="7c69d78d-a106-c3dd-9431-bdacc7d56cd9" executionId="664082ea-2c67-44b3-8db0-254725361419" testListId="8c84fa94-04c1-424b-9868-57a2d4851a1d" />
    <TestEntry testId="c074ffbc-0557-de9c-00dc-5f811a1ab8fb" executionId="b313331a-0f87-43a3-9487-e5d8991d225e" testListId="8c84fa94-04c1-424b-9868-57a2d4851a1d" />
    <TestEntry testId="279f4416-7f8f-308d-6eeb-d3685df7dea5" executionId="e228729c-49ef-473c-adb4-9e22741ba787" testListId="8c84fa94-04c1-424b-9868-57a2d4851a1d" />
    <TestEntry testId="6904de1d-8642-73e4-2976-f8befe5e14fe" executionId="97e7a59a-d204-4cd3-98e6-06a964538766" testListId="8c84fa94-04c1-424b-9868-57a2d4851a1d" />
    <TestEntry testId="e0606c1c-d3d6-09f5-6948-d863918f34ea" executionId="a3298d3f-f1d5-47cc-85e0-db154400b1bf" testListId="8c84fa94-04c1-424b-9868-57a2d4851a1d" />
    <TestEntry testId="154bb94a-6f7f-bef7-b569-248c2f4f732c" executionId="c8fb3d8c-51de-4625-ab67-7b5253f860cb" testListId="8c84fa94-04c1-424b-9868-57a2d4851a1d" />
    <TestEntry testId="4c2caa39-d3fc-8056-8a74-2d37c63efb2e" executionId="3886ab61-6ab1-488e-bd18-c6cb3464a06d" testListId="8c84fa94-04c1-424b-9868-57a2d4851a1d" />
    <TestEntry testId="736d0ac9-3a40-4a57-2c40-88347483d2e0" executionId="c6a85c7d-268a-454f-8fa2-cc5700d8fbe6" testListId="8c84fa94-04c1-424b-9868-57a2d4851a1d" />
    <TestEntry testId="1c0feb26-14b5-e0bf-5006-69460105a10d" executionId="341529fc-3a78-472e-9a33-2f2a6b212192" testListId="8c84fa94-04c1-424b-9868-57a2d4851a1d" />
    <TestEntry testId="8a1fb947-736a-0abc-938f-81c304822ae9" executionId="a0614a5e-2ae6-4492-940a-21bb226e257d" testListId="8c84fa94-04c1-424b-9868-57a2d4851a1d" />
    <TestEntry testId="3103dd75-6c85-ed05-7237-d2eb1fec1411" executionId="73a0808f-b91b-4002-8cb4-4657de1689ea" testListId="8c84fa94-04c1-424b-9868-57a2d4851a1d" />
    <TestEntry testId="987c990d-64cb-80ed-b270-6ef564e67a86" executionId="140d6da7-7459-49d3-aaff-4e5e931e51a1" testListId="8c84fa94-04c1-424b-9868-57a2d4851a1d" />
    <TestEntry testId="ebdc8bc7-c9d1-c647-c65b-bcdffe6a5ff4" executionId="339830d1-0c0c-4fbf-914d-75c7da11bc02" testListId="8c84fa94-04c1-424b-9868-57a2d4851a1d" />
    <TestEntry testId="3514f624-b15c-11da-d2d4-cfbab4a2107a" executionId="e9ed4b5a-b0f6-4217-a743-314f8ce0c286" testListId="8c84fa94-04c1-424b-9868-57a2d4851a1d" />
    <TestEntry testId="83513a41-a165-7df7-64f0-0d973ff00b4e" executionId="ece25bf7-68e8-4d8a-a69c-8c24233c9739" testListId="8c84fa94-04c1-424b-9868-57a2d4851a1d" />
    <TestEntry testId="c7112c3b-9ca7-3e65-9da1-326b058209d9" executionId="b91889f2-f2e1-48b5-bc59-7a4be7e6e8f7" testListId="8c84fa94-04c1-424b-9868-57a2d4851a1d" />
    <TestEntry testId="ff91d518-74fd-8aa1-2962-2daad5009297" executionId="65f94501-6956-4eba-9424-69fbf3733ec5" testListId="8c84fa94-04c1-424b-9868-57a2d4851a1d" />
    <TestEntry testId="4bf0c5d6-494e-20e5-513c-dca0fc225525" executionId="431b2f09-4acc-497a-9239-1c504fedc9d8" testListId="8c84fa94-04c1-424b-9868-57a2d4851a1d" />
    <TestEntry testId="3fbb787e-13ab-f686-9ea9-f1b0a26b4308" executionId="426fe5b7-b20e-4071-8f1f-0ed2cbbbcd8f" testListId="8c84fa94-04c1-424b-9868-57a2d4851a1d" />
    <TestEntry testId="dfcfa37a-4112-3eba-0985-fe9793023de9" executionId="4ef94c21-d44a-44b6-9beb-0c97ee9f2ef3" testListId="8c84fa94-04c1-424b-9868-57a2d4851a1d" />
    <TestEntry testId="7557ea97-c212-d2e0-6f82-6033a7c43fab" executionId="8e76bb91-15c9-4df4-9173-c97f9bf5c28a" testListId="8c84fa94-04c1-424b-9868-57a2d4851a1d" />
    <TestEntry testId="03ddbc4a-ed60-f1dc-6540-68bce5bb90a7" executionId="a1c66635-acfd-4043-90c4-735ccf0119bf" testListId="8c84fa94-04c1-424b-9868-57a2d4851a1d" />
    <TestEntry testId="4ade69ff-5028-abf7-8c4a-82edd6b49f0f" executionId="f1e4df82-5dd6-45be-a8f2-f63971d64b1c" testListId="8c84fa94-04c1-424b-9868-57a2d4851a1d" />
    <TestEntry testId="d1263a09-a8e7-ede3-86ad-b5e6f11830b9" executionId="9da427f2-745d-4fd2-8f9b-9f42eeca243d" testListId="8c84fa94-04c1-424b-9868-57a2d4851a1d" />
    <TestEntry testId="59025813-169b-8b22-bc99-c025029c359d" executionId="3ccfd052-be36-43b9-8956-7e86a829b789" testListId="8c84fa94-04c1-424b-9868-57a2d4851a1d" />
    <TestEntry testId="ad9e0aae-c1d9-2ec3-96b9-b437c6a6347c" executionId="d1d370ca-890f-4793-99a5-877de0c3ad02" testListId="8c84fa94-04c1-424b-9868-57a2d4851a1d" />
    <TestEntry testId="ae8edc06-8b3e-5685-9354-3bb3309c3f1b" executionId="801150d6-65fc-4b52-99b0-e587e3364279" testListId="8c84fa94-04c1-424b-9868-57a2d4851a1d" />
    <TestEntry testId="56e50292-6644-e32c-ae47-5ee8e814db72" executionId="c5e88ab6-f7de-4e80-8a68-78ab412101c4" testListId="8c84fa94-04c1-424b-9868-57a2d4851a1d" />
    <TestEntry testId="ad0dc192-8d69-77ce-e702-7d9da40a7e37" executionId="e4045190-4c09-42ca-b5a2-552bf99c6efc" testListId="8c84fa94-04c1-424b-9868-57a2d4851a1d" />
    <TestEntry testId="47f3c121-e4be-5c7e-3477-dd005ee30e46" executionId="abb72597-93df-45e0-bdd0-27ea61857595" testListId="8c84fa94-04c1-424b-9868-57a2d4851a1d" />
    <TestEntry testId="76a00543-3a2f-c358-4dc1-9786800888e4" executionId="8d44e0e2-c4fe-43a9-9271-6ad9ef3b1978" testListId="8c84fa94-04c1-424b-9868-57a2d4851a1d" />
    <TestEntry testId="45f8b405-99cf-83f8-6159-d05d943d98ae" executionId="868b98e3-a675-4f84-b81b-a120bd431b61" testListId="8c84fa94-04c1-424b-9868-57a2d4851a1d" />
    <TestEntry testId="daebd5c5-198d-5ec4-2e2a-8412837058b4" executionId="df49ec6c-9730-403c-9559-5c9b3caa238e" testListId="8c84fa94-04c1-424b-9868-57a2d4851a1d" />
    <TestEntry testId="3bac53c8-1dbe-87fb-512c-d9116c44d0f7" executionId="bdbb74a4-6db0-4341-b527-16f097873fb4" testListId="8c84fa94-04c1-424b-9868-57a2d4851a1d" />
    <TestEntry testId="fec72d9a-bf82-75d3-368c-e019470c6306" executionId="70a098f3-d38c-4b99-8d2c-00e27634f0df" testListId="8c84fa94-04c1-424b-9868-57a2d4851a1d" />
    <TestEntry testId="450aef5d-9b7d-18e0-fe10-9a7d62759d02" executionId="9594e780-972f-4ffd-8824-1ffdc4912b89" testListId="8c84fa94-04c1-424b-9868-57a2d4851a1d" />
    <TestEntry testId="fd75355a-6f68-f7ca-8295-2ea7728de692" executionId="098ed3cc-6050-49ae-a7d9-6f81bfbba39a" testListId="8c84fa94-04c1-424b-9868-57a2d4851a1d" />
    <TestEntry testId="566d8a6c-d9d8-ff2d-0b16-6a502171aa86" executionId="ff732e7a-530b-4609-a23e-73cf6a17025a" testListId="8c84fa94-04c1-424b-9868-57a2d4851a1d" />
    <TestEntry testId="32b19b64-7240-4df0-7f32-a6ccafe690a1" executionId="9c36ff1a-3b5e-4abd-bda8-e74d8d6e0f5a" testListId="8c84fa94-04c1-424b-9868-57a2d4851a1d" />
    <TestEntry testId="e749c31a-4c53-6542-cdd5-ec2ef67a14a6" executionId="33dd0588-6006-4cd8-b1b3-43d617bf3f25" testListId="8c84fa94-04c1-424b-9868-57a2d4851a1d" />
    <TestEntry testId="bb2013f2-2b84-03b2-18b8-0737bb0d2a38" executionId="16e66609-fc06-42c6-849f-ca0bf358d8d6" testListId="8c84fa94-04c1-424b-9868-57a2d4851a1d" />
    <TestEntry testId="68eb6fd4-dec1-cbd1-64ca-686c6e76b77e" executionId="0697acfc-06e9-437e-ac4e-de5f4a7101cf" testListId="8c84fa94-04c1-424b-9868-57a2d4851a1d" />
    <TestEntry testId="a96be734-8add-1885-ba0d-99429bf0d96a" executionId="aa6b5a5a-7ddb-47be-bebf-f4d80200a182" testListId="8c84fa94-04c1-424b-9868-57a2d4851a1d" />
    <TestEntry testId="c7ec929e-0594-eb2b-f2a4-a42640c38f44" executionId="7fbf1884-b655-433d-b845-7c3f0b0c246f" testListId="8c84fa94-04c1-424b-9868-57a2d4851a1d" />
    <TestEntry testId="52eae5ba-3986-692a-b3ed-31e6a316594c" executionId="7f170bf8-860d-4128-bde6-0b84929e8d16" testListId="8c84fa94-04c1-424b-9868-57a2d4851a1d" />
    <TestEntry testId="13e2cb98-6645-d7df-b30f-166a2433977a" executionId="822882dd-4a1f-405c-ac87-20c9218591db" testListId="8c84fa94-04c1-424b-9868-57a2d4851a1d" />
    <TestEntry testId="7ed5fdd7-c74a-aea8-a278-763f2e8e3caf" executionId="5536b62e-93a6-4c30-b0b7-e0c01aac6a68" testListId="8c84fa94-04c1-424b-9868-57a2d4851a1d" />
    <TestEntry testId="1064cc7c-e5ed-0c60-7f16-2c2d6feb5842" executionId="c8612902-3158-4dc3-8ca8-c59d474f7ab3" testListId="8c84fa94-04c1-424b-9868-57a2d4851a1d" />
    <TestEntry testId="3ba81560-6629-867e-861b-88653148870f" executionId="37a9ef14-516b-4d15-bb1c-eb569631fc7c" testListId="8c84fa94-04c1-424b-9868-57a2d4851a1d" />
    <TestEntry testId="c2dd2802-89b6-3b1c-99a9-a03581632232" executionId="a328cb0e-d856-456f-ae33-877f64f73d13" testListId="8c84fa94-04c1-424b-9868-57a2d4851a1d" />
    <TestEntry testId="0cebc1fe-3754-a5b8-5ae9-cb0c8bd969bb" executionId="ac5d3adf-fefd-4a43-987a-277bee807dd3" testListId="8c84fa94-04c1-424b-9868-57a2d4851a1d" />
    <TestEntry testId="d7440e85-ec36-609a-d296-034a734bba77" executionId="88c8a1fd-d68a-42f3-8a53-cfc58bf976f5" testListId="8c84fa94-04c1-424b-9868-57a2d4851a1d" />
    <TestEntry testId="75655149-dd9f-1a7b-5272-1b0125ee587f" executionId="9f1f4374-4d99-4fec-bead-4014db8f6bf1" testListId="8c84fa94-04c1-424b-9868-57a2d4851a1d" />
    <TestEntry testId="b03dd81a-b2be-203e-e586-df4472050e51" executionId="2dd61f86-056c-49b6-ad8a-d93b7f9b9427" testListId="8c84fa94-04c1-424b-9868-57a2d4851a1d" />
    <TestEntry testId="d82242bf-06d9-7270-6cb2-928112f646ef" executionId="02a8b9ca-b8f5-4c4b-9b91-44e8881fdaf1" testListId="8c84fa94-04c1-424b-9868-57a2d4851a1d" />
    <TestEntry testId="ee75619c-1e06-1fa6-ad85-d581914567ba" executionId="b72290e1-e451-4207-a64e-de5bdba6f6fc" testListId="8c84fa94-04c1-424b-9868-57a2d4851a1d" />
    <TestEntry testId="6cdb9cda-1a3c-2aeb-882c-86835b969d20" executionId="1cec0ac2-441a-4d7d-8fab-2352771c0b65" testListId="8c84fa94-04c1-424b-9868-57a2d4851a1d" />
    <TestEntry testId="dbe22186-d10c-320b-995f-ef38724627d0" executionId="64dd23be-56ed-4276-8c70-4b6e07575fed" testListId="8c84fa94-04c1-424b-9868-57a2d4851a1d" />
    <TestEntry testId="1282e406-4618-cf83-e8d1-29535ae742a8" executionId="4f64d9fc-f98c-4ff9-a745-5f9df200fb7a" testListId="8c84fa94-04c1-424b-9868-57a2d4851a1d" />
    <TestEntry testId="736f9864-96ca-7e7c-2a3c-98a8c6b96bb1" executionId="033892c7-5c00-4c80-a6f7-ca48c1ba6214" testListId="8c84fa94-04c1-424b-9868-57a2d4851a1d" />
    <TestEntry testId="b0357ab3-db63-13e0-d00e-407226617a77" executionId="f679c29c-6d5a-4e9f-8399-de983dab708f" testListId="8c84fa94-04c1-424b-9868-57a2d4851a1d" />
    <TestEntry testId="832eb6e3-7745-a3c2-5dcc-1e878272d1e1" executionId="3a63e075-73b7-4b7d-b34c-806f919477ef" testListId="8c84fa94-04c1-424b-9868-57a2d4851a1d" />
    <TestEntry testId="521bfdfb-3991-2cf3-3203-ee5831ed1e56" executionId="d2b55a0c-9a27-4d7c-bc21-8e9396716e35" testListId="8c84fa94-04c1-424b-9868-57a2d4851a1d" />
    <TestEntry testId="6fb67ebc-7f71-5733-1807-5e2ff6922e54" executionId="66c50b10-abae-44d6-8b0e-1cbbc953a0ca" testListId="8c84fa94-04c1-424b-9868-57a2d4851a1d" />
    <TestEntry testId="1accf2f3-98f9-0858-6047-321c5088b836" executionId="391a6869-c154-4b97-b28b-78c23fe29a6b" testListId="8c84fa94-04c1-424b-9868-57a2d4851a1d" />
    <TestEntry testId="cd0d440a-1e33-0734-0152-97341ad9d19b" executionId="7453ce11-26aa-4d80-aba4-f77512364e7b" testListId="8c84fa94-04c1-424b-9868-57a2d4851a1d" />
    <TestEntry testId="02273cdb-96b8-3231-8da1-861dc1ee325d" executionId="7be42441-9285-4672-856f-d0e4e28490e4" testListId="8c84fa94-04c1-424b-9868-57a2d4851a1d" />
    <TestEntry testId="4c717b35-0eb0-c1bf-a513-e6a50dbcc2ab" executionId="99ed481b-81f3-409d-b7a5-6de0f2705e45" testListId="8c84fa94-04c1-424b-9868-57a2d4851a1d" />
    <TestEntry testId="3074c38f-c2e0-023e-bdd3-9b210e51766a" executionId="48660d09-3616-443e-8869-aefc5e6c5b2f" testListId="8c84fa94-04c1-424b-9868-57a2d4851a1d" />
    <TestEntry testId="7c33f04b-d682-1181-92bf-9ca395572ce2" executionId="b2600c48-a0c6-4835-8f4d-5abdf47771f6" testListId="8c84fa94-04c1-424b-9868-57a2d4851a1d" />
    <TestEntry testId="2cb90f13-9eb3-484b-9b07-2e99ed3a9d51" executionId="94c03bec-5df2-49a3-b42f-44db107f0b89" testListId="8c84fa94-04c1-424b-9868-57a2d4851a1d" />
    <TestEntry testId="30bd53c2-6fa8-984a-e7c5-341de2dfcf3a" executionId="5d0ce9f6-cd59-492d-9f17-b0fd21405ab7" testListId="8c84fa94-04c1-424b-9868-57a2d4851a1d" />
    <TestEntry testId="d77d6c60-c24c-46fb-b143-28dfb7b12cc3" executionId="39e455d3-fd6d-42d0-b5a7-ce99052de00a" testListId="8c84fa94-04c1-424b-9868-57a2d4851a1d" />
    <TestEntry testId="ba113498-b42e-4d60-a4d3-4b2dad643bdf" executionId="239e0053-bdd3-4dc7-816f-6d1bf871ad19" testListId="8c84fa94-04c1-424b-9868-57a2d4851a1d" />
    <TestEntry testId="0eb27f39-d95e-5755-e554-43cf45096402" executionId="44c9ea25-d1f6-4b5f-a487-87a363e44a60" testListId="8c84fa94-04c1-424b-9868-57a2d4851a1d" />
    <TestEntry testId="bc586551-68b2-3cb5-02cb-860992fb758f" executionId="8520ac0b-54e1-4025-b245-c7e746477509" testListId="8c84fa94-04c1-424b-9868-57a2d4851a1d" />
    <TestEntry testId="551bef1d-49f8-fe7d-8cf1-6e35638309c5" executionId="fa2f52a2-1994-48cf-9246-2d327df94ee2" testListId="8c84fa94-04c1-424b-9868-57a2d4851a1d" />
    <TestEntry testId="592d80d2-b6ca-526a-29b7-e2fae05428e8" executionId="a20da154-3095-4012-ac49-7a8eead4a300" testListId="8c84fa94-04c1-424b-9868-57a2d4851a1d" />
    <TestEntry testId="66cb9aa0-f8a5-c870-e19c-174838607ec3" executionId="e0b0e540-81f1-411f-a7d7-ddefed3f7dd7" testListId="8c84fa94-04c1-424b-9868-57a2d4851a1d" />
    <TestEntry testId="3f89c941-0c75-3b45-d0e3-5f635acbf9f5" executionId="eecc6454-ccd3-4e60-8d27-952463236ebc" testListId="8c84fa94-04c1-424b-9868-57a2d4851a1d" />
    <TestEntry testId="50207fdf-451d-bb1a-86fa-dec2102947f7" executionId="31c9dc66-d590-4a28-8f31-b02e5ad04e24" testListId="8c84fa94-04c1-424b-9868-57a2d4851a1d" />
    <TestEntry testId="0bbd952d-f4b4-ed3e-a48a-3f50e9c087f8" executionId="14d0a126-a596-48c3-a8e1-d84cbc80a91a" testListId="8c84fa94-04c1-424b-9868-57a2d4851a1d" />
    <TestEntry testId="05caba38-b268-e051-742e-8f82dd707b5a" executionId="da78acd5-be5b-44dc-bf6b-d35e24d0d85e" testListId="8c84fa94-04c1-424b-9868-57a2d4851a1d" />
    <TestEntry testId="c3ef722b-59c8-3f01-ece0-3e26035a6380" executionId="79c7fba4-f6c4-4f81-99c0-e4cc979a52cf" testListId="8c84fa94-04c1-424b-9868-57a2d4851a1d" />
    <TestEntry testId="47998901-775b-2ffc-9f7a-789c28e0bf4e" executionId="33dbb34e-864e-49ed-86b0-62d2dfd9def7" testListId="8c84fa94-04c1-424b-9868-57a2d4851a1d" />
    <TestEntry testId="8e89c124-b06d-05ca-6188-2acb21e3a847" executionId="4a5bcab9-025b-45b3-a545-db643419bb2d" testListId="8c84fa94-04c1-424b-9868-57a2d4851a1d" />
    <TestEntry testId="8eedd403-5c42-6abd-e98b-7fa2dd2a34d3" executionId="5653a57e-facc-4c50-a7d2-e88f906bd3f6" testListId="8c84fa94-04c1-424b-9868-57a2d4851a1d" />
    <TestEntry testId="f13a778a-c428-f8c6-be15-278d17823c6e" executionId="87ca2157-19b8-46e6-8689-68ef5f4c5f0a" testListId="8c84fa94-04c1-424b-9868-57a2d4851a1d" />
    <TestEntry testId="fe33c301-e26a-9419-fb4e-7b5c3240d467" executionId="5a9fb169-6de2-46c5-a1eb-6fe8b137d28b" testListId="8c84fa94-04c1-424b-9868-57a2d4851a1d" />
    <TestEntry testId="4162a00d-7aec-44da-1a43-94162180b1f6" executionId="c5c478d6-e90b-4d24-a4f9-cfcd0fe278f4" testListId="8c84fa94-04c1-424b-9868-57a2d4851a1d" />
    <TestEntry testId="c9c56581-649b-19ee-0f46-1f64bfb6a895" executionId="ada7d03a-5cd5-41e5-9e32-bc1a03bbe4a0" testListId="8c84fa94-04c1-424b-9868-57a2d4851a1d" />
    <TestEntry testId="7a16f5d0-5f7e-d4d9-b8aa-731da472cf7f" executionId="6e216e09-62c0-4bc2-b8c7-e31f1c153622" testListId="8c84fa94-04c1-424b-9868-57a2d4851a1d" />
    <TestEntry testId="5477f9ad-cfa0-e3ca-dd59-b5cd48fdbe49" executionId="ab495e4f-cfeb-4d51-abc8-4882d8b2916a" testListId="8c84fa94-04c1-424b-9868-57a2d4851a1d" />
    <TestEntry testId="5de5123f-c7e8-12b0-b644-bcf749184a01" executionId="01dc0ef7-d505-46ac-a5f3-331645b090dd" testListId="8c84fa94-04c1-424b-9868-57a2d4851a1d" />
    <TestEntry testId="5cf733af-905e-f954-b679-8dae90e117e5" executionId="dd209429-dd72-4d06-bc04-d26fa6b58798" testListId="8c84fa94-04c1-424b-9868-57a2d4851a1d" />
    <TestEntry testId="6e575553-df8e-7c0b-989c-9ec81c179c2c" executionId="8db153c8-0eb5-44f0-b6ff-1915df9dfe5c" testListId="8c84fa94-04c1-424b-9868-57a2d4851a1d" />
    <TestEntry testId="474559e1-65e8-19b8-7cb0-fcb1a3e8bda9" executionId="ddf8615c-bc06-452f-abf1-3ba6dac0858b" testListId="8c84fa94-04c1-424b-9868-57a2d4851a1d" />
    <TestEntry testId="3694d1de-1c29-6ee6-b58d-57aba913ff96" executionId="97af21d2-f67a-46c0-b882-fd0eaf42913f" testListId="8c84fa94-04c1-424b-9868-57a2d4851a1d" />
    <TestEntry testId="307301a0-917c-b41f-004d-5422441b30aa" executionId="3d16d3b2-367d-4a97-8bd1-c52bef1fd0be" testListId="8c84fa94-04c1-424b-9868-57a2d4851a1d" />
    <TestEntry testId="2351d0bb-75c3-9745-c119-d4a62753b1ea" executionId="6dbff49c-db24-4147-ae38-c3341f0e1530" testListId="8c84fa94-04c1-424b-9868-57a2d4851a1d" />
    <TestEntry testId="37946cf9-f9e4-2b84-2d29-443a054db975" executionId="c984aeb1-d97e-4b39-a1ce-9a18ef62960b" testListId="8c84fa94-04c1-424b-9868-57a2d4851a1d" />
    <TestEntry testId="04dbf16f-0da6-bcb3-606c-bedb6b0c5c42" executionId="b19b54ef-4300-4ad1-9722-29ee4963ea0d" testListId="8c84fa94-04c1-424b-9868-57a2d4851a1d" />
    <TestEntry testId="46a5f47a-6760-34a9-90af-c8f5d839385c" executionId="e4ddee2c-ce5e-4cc2-9150-b2fdc2a01046" testListId="8c84fa94-04c1-424b-9868-57a2d4851a1d" />
    <TestEntry testId="b4676e09-19e0-3b10-a30b-1c1f1fe6c1aa" executionId="403eed86-78d5-4ae7-b4e9-13ee83a0f47d" testListId="8c84fa94-04c1-424b-9868-57a2d4851a1d" />
    <TestEntry testId="7bea220f-3fbb-08e0-29a1-fc992a4c331f" executionId="ad7f41bd-10f0-4e85-999b-b9d8072618f7" testListId="8c84fa94-04c1-424b-9868-57a2d4851a1d" />
    <TestEntry testId="178d97f4-53ce-0e48-99f9-a2f46d027471" executionId="7ea08ef4-68f2-4d8f-8605-a8bfe8256a80" testListId="8c84fa94-04c1-424b-9868-57a2d4851a1d" />
    <TestEntry testId="7537791c-a8c3-13a4-c6e7-ceb3674c27d5" executionId="12da9be9-9dac-401c-a0f9-d676b8368f58" testListId="8c84fa94-04c1-424b-9868-57a2d4851a1d" />
    <TestEntry testId="ea6b854f-2645-a296-bdf4-fe142f2ad60e" executionId="b6832572-8f6a-4891-9b7f-0ebb354f1716" testListId="8c84fa94-04c1-424b-9868-57a2d4851a1d" />
    <TestEntry testId="ea0968b7-8b69-a0e7-c842-4c3a3eae6c8b" executionId="38201c6c-dbff-421e-95e5-bfc870e4eacc" testListId="8c84fa94-04c1-424b-9868-57a2d4851a1d" />
    <TestEntry testId="acd1df59-cecf-651a-2ba1-eb3ae8cfb1ea" executionId="c9162a82-8c9d-41ec-8f7a-26be9975c760" testListId="8c84fa94-04c1-424b-9868-57a2d4851a1d" />
    <TestEntry testId="d4a8baf8-e636-e3e7-d4da-06f40e3ac99f" executionId="7209a854-e594-4252-a988-2d11e84982cf" testListId="8c84fa94-04c1-424b-9868-57a2d4851a1d" />
    <TestEntry testId="ef69be01-556b-c56b-63f8-0ceb14fae0f3" executionId="4917dd25-12a6-4bfd-890e-3ecabfe51c1f" testListId="8c84fa94-04c1-424b-9868-57a2d4851a1d" />
    <TestEntry testId="67076169-7d9b-9522-005e-e18ca3f15afe" executionId="201e9d7e-9dff-4b6b-a33d-1c912825ee13" testListId="8c84fa94-04c1-424b-9868-57a2d4851a1d" />
    <TestEntry testId="54cddd3b-7b8a-0544-4a04-2296cb9c27fa" executionId="7972b750-c740-455f-8651-e37b0a2daf82" testListId="8c84fa94-04c1-424b-9868-57a2d4851a1d" />
    <TestEntry testId="18ad1a95-220e-d52b-4dec-8e4797b77877" executionId="ae94e72a-00b5-4619-9415-9c699c0f7fa0" testListId="8c84fa94-04c1-424b-9868-57a2d4851a1d" />
    <TestEntry testId="644be06e-96c4-12f5-8bdc-5cf891a675ae" executionId="9f8f0a26-d509-4b7b-bf1c-32c8b477d72d" testListId="8c84fa94-04c1-424b-9868-57a2d4851a1d" />
    <TestEntry testId="47ab085b-c1a5-3dc4-23bb-6ecee7b5f6bd" executionId="bc680ad4-421c-456b-a181-d315ad177d46" testListId="8c84fa94-04c1-424b-9868-57a2d4851a1d" />
    <TestEntry testId="c7bed3c2-aa42-c1b2-3ecf-39c2603ad52d" executionId="5d1141f3-f12e-4199-9ce3-0df655b4b62a" testListId="8c84fa94-04c1-424b-9868-57a2d4851a1d" />
    <TestEntry testId="14878dc4-b38a-7e72-6133-029a998c9d6f" executionId="5432b7c0-49a1-403b-8d23-15ad8bfbbfb3" testListId="8c84fa94-04c1-424b-9868-57a2d4851a1d" />
    <TestEntry testId="6ca89bc1-806e-1409-c701-61950415ad74" executionId="942a441f-f669-4b4b-9046-5139c1e4585f" testListId="8c84fa94-04c1-424b-9868-57a2d4851a1d" />
    <TestEntry testId="1f143944-a4e5-337c-6083-a9ac7190250f" executionId="708dca31-99bd-4d71-99ed-fbbe2e11ba47" testListId="8c84fa94-04c1-424b-9868-57a2d4851a1d" />
    <TestEntry testId="fd374e01-ec03-bb99-fc7d-820905a73387" executionId="739e7669-9de2-448a-b98d-1658116a3655" testListId="8c84fa94-04c1-424b-9868-57a2d4851a1d" />
    <TestEntry testId="b799c5de-5df3-0e4e-b379-6772e3eae327" executionId="286aae81-c5f4-4100-9e1a-d58b80dd31a0" testListId="8c84fa94-04c1-424b-9868-57a2d4851a1d" />
    <TestEntry testId="772f3595-a3f6-0d44-a530-20557b04375b" executionId="1a41690b-9633-401d-82a1-2916950b3e1f" testListId="8c84fa94-04c1-424b-9868-57a2d4851a1d" />
    <TestEntry testId="d3e9aee3-f24a-afaf-ee30-7f62a8d07d8b" executionId="66b8a4be-dc16-4350-a6c1-dc4a352ede1f" testListId="8c84fa94-04c1-424b-9868-57a2d4851a1d" />
    <TestEntry testId="be65bb04-5f6d-b069-aaf9-354e861bc208" executionId="f51bdb0e-4203-4f25-a359-ca339b63a61d" testListId="8c84fa94-04c1-424b-9868-57a2d4851a1d" />
    <TestEntry testId="7d3add77-fda7-a5cb-ed90-5c43a7940643" executionId="b334f93a-70aa-411a-96d0-d35a498f6ea5" testListId="8c84fa94-04c1-424b-9868-57a2d4851a1d" />
    <TestEntry testId="51075111-479a-3010-10eb-24cd0b51f2b7" executionId="4bc706ce-e9c4-4621-9162-59f62abb1f42" testListId="8c84fa94-04c1-424b-9868-57a2d4851a1d" />
    <TestEntry testId="925f92c7-47fd-6099-9180-bd8ef9d29bf3" executionId="f48ad646-56ea-4480-911c-44c43d11509f" testListId="8c84fa94-04c1-424b-9868-57a2d4851a1d" />
    <TestEntry testId="df238237-1393-dfd6-7d1b-bd94250b614d" executionId="0d4aee73-8db2-4bb7-8fa4-c413e425c1ab" testListId="8c84fa94-04c1-424b-9868-57a2d4851a1d" />
    <TestEntry testId="4bf63d1e-e872-2671-b6a6-20e896e4bf6c" executionId="cb6e2cfa-b430-4cb6-bf81-3eb25f335109" testListId="8c84fa94-04c1-424b-9868-57a2d4851a1d" />
    <TestEntry testId="3f9155d1-c6b3-1bf7-dda4-e5559c022318" executionId="7da878ce-ee6a-4df9-8d18-bd0fd59ea2c4" testListId="8c84fa94-04c1-424b-9868-57a2d4851a1d" />
    <TestEntry testId="fbcc55b6-eace-3463-c6a9-4c6adc9f6de6" executionId="075e6eac-e9c2-423a-9a35-1f2037e08dbb" testListId="8c84fa94-04c1-424b-9868-57a2d4851a1d" />
    <TestEntry testId="2f58f0d3-4c29-f36f-82cb-62be3f362487" executionId="01e47322-32d7-4bd8-a506-ce311a6cd709" testListId="8c84fa94-04c1-424b-9868-57a2d4851a1d" />
    <TestEntry testId="f056005c-1fc5-6c36-b064-9be0579d6f95" executionId="41962183-d427-47ad-b91c-65524934d07b" testListId="8c84fa94-04c1-424b-9868-57a2d4851a1d" />
    <TestEntry testId="2c3cd761-4e86-ef7c-b574-db6b4a6faa87" executionId="d609431a-3d2d-4fc2-b3b1-8d17b8879788" testListId="8c84fa94-04c1-424b-9868-57a2d4851a1d" />
    <TestEntry testId="6b2a4857-fd9b-1c25-f3b0-4cf284eb4aab" executionId="34017800-111a-4ae0-b144-7d86be848ec1" testListId="8c84fa94-04c1-424b-9868-57a2d4851a1d" />
    <TestEntry testId="29172664-7b44-3e8d-ee5f-36f5e274d7ae" executionId="52d26b7f-cf35-4da1-a855-da578411ace5" testListId="8c84fa94-04c1-424b-9868-57a2d4851a1d" />
    <TestEntry testId="69d3ee5d-6f5a-f395-3762-5012a45f6e34" executionId="cc17fa0e-da8e-43b3-b40f-da45d19ef9dd" testListId="8c84fa94-04c1-424b-9868-57a2d4851a1d" />
    <TestEntry testId="342822e5-bff4-5665-1674-e9de85f281af" executionId="37fbf391-d913-4413-9c5c-99abb75f2705" testListId="8c84fa94-04c1-424b-9868-57a2d4851a1d" />
    <TestEntry testId="669da7e5-1046-822b-2e2e-aed378031119" executionId="f1baf35b-d70b-4ba3-a1b7-8d34326e82b6" testListId="8c84fa94-04c1-424b-9868-57a2d4851a1d" />
    <TestEntry testId="020c4d8c-be48-f690-61a1-1b2bb9bb4434" executionId="a6284b3e-ff36-4c11-8d75-0e0dcb2116d8" testListId="8c84fa94-04c1-424b-9868-57a2d4851a1d" />
    <TestEntry testId="07a03455-598d-f277-7c52-889e887211b9" executionId="4afc5d78-da41-4ca8-9683-7fa6a04e7185" testListId="8c84fa94-04c1-424b-9868-57a2d4851a1d" />
    <TestEntry testId="2a9e86ba-67b6-7842-a065-071088811bf7" executionId="1e3a6671-9598-48d1-8f03-749729644163" testListId="8c84fa94-04c1-424b-9868-57a2d4851a1d" />
    <TestEntry testId="57a7498c-372f-9fd7-7eaa-8c0ac350954d" executionId="f11d56c2-167c-41b1-9edf-16a2c60c9e1b" testListId="8c84fa94-04c1-424b-9868-57a2d4851a1d" />
    <TestEntry testId="da1da512-1073-e758-1686-4b2d3eee922f" executionId="608ba014-65fb-4d01-bbc4-521571c6990c" testListId="8c84fa94-04c1-424b-9868-57a2d4851a1d" />
    <TestEntry testId="0a8a55d8-53d4-ecdf-6e7d-d0c261caab30" executionId="e0dd5c9a-3f1f-4afd-ad5f-b8703dd1b59d" testListId="8c84fa94-04c1-424b-9868-57a2d4851a1d" />
    <TestEntry testId="a1d28d38-c134-8ce5-8aa4-73774c266ed6" executionId="9a544c2a-87d6-4236-a2bc-ac6807d806f6" testListId="8c84fa94-04c1-424b-9868-57a2d4851a1d" />
    <TestEntry testId="321e9a78-f502-35e9-eac4-7457cab4e66c" executionId="8e312421-d782-4b60-a356-817d904d9637" testListId="8c84fa94-04c1-424b-9868-57a2d4851a1d" />
    <TestEntry testId="80905701-2cf2-a947-7638-ee653bc99316" executionId="3b4dfa67-8ea9-4ebb-ab34-3a3686e52031" testListId="8c84fa94-04c1-424b-9868-57a2d4851a1d" />
    <TestEntry testId="8917670b-fd60-5fd2-7361-964c5ad89ab6" executionId="293c7294-c26d-4b16-87bb-2cead575e0a1" testListId="8c84fa94-04c1-424b-9868-57a2d4851a1d" />
    <TestEntry testId="37be0177-7849-776c-62c5-fec0e2b41ed4" executionId="b5f83ef0-ecaf-4917-b9ca-f45ac7a0272d" testListId="8c84fa94-04c1-424b-9868-57a2d4851a1d" />
    <TestEntry testId="56af6457-aa47-2b12-e9d4-fe3df80c8121" executionId="f7eff71f-c8ac-4a15-9f00-6b0365cda0eb" testListId="8c84fa94-04c1-424b-9868-57a2d4851a1d" />
    <TestEntry testId="34e367dd-ac50-89e6-2021-78514f0a3207" executionId="d886acf4-007f-42ee-8061-7083a0e2ca61" testListId="8c84fa94-04c1-424b-9868-57a2d4851a1d" />
    <TestEntry testId="666911d8-673c-0f69-ce0a-f569581199c9" executionId="301b8195-6ae6-410e-b02e-9bb4dc79046a" testListId="8c84fa94-04c1-424b-9868-57a2d4851a1d" />
    <TestEntry testId="955bf9af-17b5-279d-8b6d-06d6d0e58ba8" executionId="2ae2341f-53cf-4512-b252-b15efa462dfc" testListId="8c84fa94-04c1-424b-9868-57a2d4851a1d" />
    <TestEntry testId="ad2bd731-b7b6-19a6-1d9c-937f22c6f1e5" executionId="a5c4a7d4-89ca-414a-945f-d65212b3d164" testListId="8c84fa94-04c1-424b-9868-57a2d4851a1d" />
    <TestEntry testId="5c0fecb4-1c64-07b7-0fb2-b842f26dc76e" executionId="5afc0a13-595d-424f-94d9-999f2814e287" testListId="8c84fa94-04c1-424b-9868-57a2d4851a1d" />
    <TestEntry testId="8e2963c4-6e6a-b32b-0d2f-7a4d5e27153c" executionId="7d8b5776-5c7c-4d33-9f43-cfe2d9ed2a15" testListId="8c84fa94-04c1-424b-9868-57a2d4851a1d" />
    <TestEntry testId="81468f94-4933-753b-72f2-76efc0440dc4" executionId="cc0d7175-3489-43f2-8b6b-398dbaa9de62" testListId="8c84fa94-04c1-424b-9868-57a2d4851a1d" />
    <TestEntry testId="a2565e45-0e0a-7e6f-a072-da28af752c83" executionId="25aa8866-2ceb-49aa-9042-0dc086e1ab18" testListId="8c84fa94-04c1-424b-9868-57a2d4851a1d" />
    <TestEntry testId="a73d93f6-f60e-c4a7-6c69-ffd1a93b15f7" executionId="882b5440-acda-4c66-be23-2d97dfdef7fc" testListId="8c84fa94-04c1-424b-9868-57a2d4851a1d" />
    <TestEntry testId="ef80f2ee-9f09-d435-7d20-d5bdea049860" executionId="5641c883-6369-40a7-8a0f-bfb04679efa8" testListId="8c84fa94-04c1-424b-9868-57a2d4851a1d" />
    <TestEntry testId="459ddc90-d0a3-7300-8e4c-157b6ad37e65" executionId="96436484-5ff8-4a85-bb5d-285d9f72a7fb" testListId="8c84fa94-04c1-424b-9868-57a2d4851a1d" />
    <TestEntry testId="763742c7-8ce1-f0a1-de31-fc1adc350762" executionId="5eb3f300-6922-4556-bea9-45650d4cfb4e" testListId="8c84fa94-04c1-424b-9868-57a2d4851a1d" />
    <TestEntry testId="d6944ee2-ddaa-8328-1f31-7f9c8412b776" executionId="17f00310-3e92-4b60-b302-c9f07ec0b39c" testListId="8c84fa94-04c1-424b-9868-57a2d4851a1d" />
    <TestEntry testId="e198b101-f649-0964-5299-70f5b46e0b66" executionId="f1daa5ea-18ce-4aa5-acd0-38d757d5448f" testListId="8c84fa94-04c1-424b-9868-57a2d4851a1d" />
    <TestEntry testId="bddcf661-767e-d552-80e1-f0b41a510352" executionId="1139978f-f7f9-4eff-80c1-dd4de28d126a" testListId="8c84fa94-04c1-424b-9868-57a2d4851a1d" />
    <TestEntry testId="84b7df23-5565-1ddd-5d29-d2e86d817cf5" executionId="278d7f3c-fcb9-4a8b-959d-658aebcfbd55" testListId="8c84fa94-04c1-424b-9868-57a2d4851a1d" />
    <TestEntry testId="4ecdc156-983a-a1e5-1bea-d19b8b8ea940" executionId="01466b87-1551-4be1-afc6-302fb7e719c1" testListId="8c84fa94-04c1-424b-9868-57a2d4851a1d" />
    <TestEntry testId="d526249d-51c6-0910-fc59-8245c30da12a" executionId="4583cd5c-449c-44f6-8e65-6184a143a1dc" testListId="8c84fa94-04c1-424b-9868-57a2d4851a1d" />
    <TestEntry testId="e47ded95-431a-86a3-6d15-6ea2b64683d4" executionId="b4dd77d1-d7aa-41f9-9140-274f167cc837" testListId="8c84fa94-04c1-424b-9868-57a2d4851a1d" />
    <TestEntry testId="f10b3bb8-3c14-b016-81d4-2a9b9235c880" executionId="10f5f873-3961-4e14-9869-aeef19469a16" testListId="8c84fa94-04c1-424b-9868-57a2d4851a1d" />
    <TestEntry testId="18f8ead9-7e9a-cc21-bd87-39c439852f26" executionId="52ca405e-e85a-4ffe-9ada-5213e68ccf3b" testListId="8c84fa94-04c1-424b-9868-57a2d4851a1d" />
    <TestEntry testId="93df7bd8-2f6d-920b-3936-475f5be4130b" executionId="85e74b67-b1cf-436e-9fe2-767bf108e154" testListId="8c84fa94-04c1-424b-9868-57a2d4851a1d" />
    <TestEntry testId="a1cf5d31-3723-288c-6cbd-4f82c8630470" executionId="949ece79-f856-4d7f-a254-e1d217e7032e" testListId="8c84fa94-04c1-424b-9868-57a2d4851a1d" />
    <TestEntry testId="11cee9f6-efc2-39eb-8a4b-8345739474ad" executionId="8ce3d536-67ea-40df-abde-f4f6d3e30c22" testListId="8c84fa94-04c1-424b-9868-57a2d4851a1d" />
    <TestEntry testId="b62d97bf-8c6f-2fee-8cf5-b5142ddee6d6" executionId="3133089f-0553-4ce5-b874-b6357149b5c1" testListId="8c84fa94-04c1-424b-9868-57a2d4851a1d" />
    <TestEntry testId="dc0f48ee-8a73-73a1-3620-377815e34fac" executionId="cbb58e73-3a55-4941-8062-9c5806afff7b" testListId="8c84fa94-04c1-424b-9868-57a2d4851a1d" />
    <TestEntry testId="af35ef9e-51c7-b018-3f94-cccf8d954fcc" executionId="072642bc-8e72-4a1f-ab72-af3907ec0190" testListId="8c84fa94-04c1-424b-9868-57a2d4851a1d" />
    <TestEntry testId="baa95d35-778c-34c0-050e-2bf69706c86f" executionId="3e0c0740-9096-4744-a1ef-6896e4febb1a" testListId="8c84fa94-04c1-424b-9868-57a2d4851a1d" />
    <TestEntry testId="36cde5bb-a63a-90b8-8176-e1a91836a847" executionId="5f030125-4273-4ce6-841a-4f6cadd18c35" testListId="8c84fa94-04c1-424b-9868-57a2d4851a1d" />
    <TestEntry testId="e751f6ce-74e4-08fd-99bf-eeb3a8c9c5ee" executionId="ffabc660-cee2-4191-a112-f8d11dd1c9a0" testListId="8c84fa94-04c1-424b-9868-57a2d4851a1d" />
    <TestEntry testId="e007af40-8a8e-df81-7e4b-96d97f2cd5b1" executionId="f0976c68-98d6-47a8-933d-5512dd2e4592" testListId="8c84fa94-04c1-424b-9868-57a2d4851a1d" />
    <TestEntry testId="3aa71e6b-e61d-5c47-81e0-96f4a048bbd7" executionId="fa126ad8-0b0b-4b90-a6d4-6f55ecd73413" testListId="8c84fa94-04c1-424b-9868-57a2d4851a1d" />
    <TestEntry testId="f9eff9f1-e62a-9c53-550b-bfc72a51974a" executionId="400f4539-268d-4d8d-af3e-6285c03ca890" testListId="8c84fa94-04c1-424b-9868-57a2d4851a1d" />
    <TestEntry testId="d4092ce7-57e8-c975-df1a-95b65e00c918" executionId="152b3bcd-b6c3-4af2-a93f-e925c72a3b53" testListId="8c84fa94-04c1-424b-9868-57a2d4851a1d" />
    <TestEntry testId="9f235108-1712-c227-3c20-9fae0f0cf672" executionId="80aa4394-99b8-4dae-a4fe-143b03df4496" testListId="8c84fa94-04c1-424b-9868-57a2d4851a1d" />
    <TestEntry testId="a0573905-da2b-cda8-1f31-b77a0a0ce167" executionId="b63a776c-7a01-4e25-be6e-dd90abec9ec9" testListId="8c84fa94-04c1-424b-9868-57a2d4851a1d" />
    <TestEntry testId="5a023ec4-6f43-fe7d-3a9d-c67839893fee" executionId="865c6f80-323c-4744-84ba-b76f8d3be625" testListId="8c84fa94-04c1-424b-9868-57a2d4851a1d" />
    <TestEntry testId="7b6bfab2-6e4c-8c59-6a77-c7a514025d80" executionId="907ef287-aaf4-4820-878f-1b1283988b47" testListId="8c84fa94-04c1-424b-9868-57a2d4851a1d" />
    <TestEntry testId="43e808d4-c780-45d1-f5af-d9817b304f58" executionId="4c0e138d-545a-4cc5-ab1b-185ab963b31b" testListId="8c84fa94-04c1-424b-9868-57a2d4851a1d" />
    <TestEntry testId="b9b83c9a-afda-6c60-4bca-59632ca2b92a" executionId="32f832dc-c2f6-4ec3-977e-28cf94721db7" testListId="8c84fa94-04c1-424b-9868-57a2d4851a1d" />
    <TestEntry testId="77591aa7-53b8-3d76-c4a8-25eb00d97aaf" executionId="d4153eff-eccb-4c69-885b-89568f9f4cf0" testListId="8c84fa94-04c1-424b-9868-57a2d4851a1d" />
    <TestEntry testId="62aef17d-f3e9-627c-ab39-bae98a08c36d" executionId="ddf60269-ce47-4ba0-aac4-f7b0ee286b0e" testListId="8c84fa94-04c1-424b-9868-57a2d4851a1d" />
    <TestEntry testId="05b72d7a-5ff3-e227-8a0c-14799869c35a" executionId="f4f98c55-681e-4648-9715-80df0f368392" testListId="8c84fa94-04c1-424b-9868-57a2d4851a1d" />
    <TestEntry testId="d7e0cac5-55f2-091f-0ebc-f8be6af5620b" executionId="7c814dd0-b301-473b-a15a-37bcff97c72d" testListId="8c84fa94-04c1-424b-9868-57a2d4851a1d" />
    <TestEntry testId="b3bcd033-b4a2-5398-3144-bf0f2eb2af9c" executionId="761303ff-06ce-433e-b98e-8146ed2e421d" testListId="8c84fa94-04c1-424b-9868-57a2d4851a1d" />
    <TestEntry testId="6be7179b-c90f-ef30-55a7-f3bdf629afa9" executionId="7c3b2627-638b-4886-ac65-eba3b3b969d2" testListId="8c84fa94-04c1-424b-9868-57a2d4851a1d" />
    <TestEntry testId="e10c3a0a-f9c3-9a1e-f4b1-213ac3346d0b" executionId="8db955b9-c3b0-4685-8af5-250bd5cf5ae8" testListId="8c84fa94-04c1-424b-9868-57a2d4851a1d" />
    <TestEntry testId="a860d21c-33c8-b393-32bd-a26a2059b5f0" executionId="7155e38d-f495-43b5-808e-ee21d36f57cc" testListId="8c84fa94-04c1-424b-9868-57a2d4851a1d" />
    <TestEntry testId="5cb39f4e-4f2c-e2a9-1928-80f97dd474f8" executionId="9ba71dd0-a438-4e32-9f64-2fe557b2f49a" testListId="8c84fa94-04c1-424b-9868-57a2d4851a1d" />
    <TestEntry testId="ae669d33-6e18-5320-517a-4aa71f4f1dc9" executionId="1bd45d36-c941-4cd7-b38f-d47ba2cdb584" testListId="8c84fa94-04c1-424b-9868-57a2d4851a1d" />
    <TestEntry testId="c14341cd-e9ef-f28f-acc2-198ed92bdbc9" executionId="11c29658-718d-4987-9117-d7384038bd42" testListId="8c84fa94-04c1-424b-9868-57a2d4851a1d" />
    <TestEntry testId="9b2e51c3-25e9-65b9-3577-190ec69d9819" executionId="d84e3170-060d-486c-a10e-0be9152d7a4a" testListId="8c84fa94-04c1-424b-9868-57a2d4851a1d" />
    <TestEntry testId="c1ff8488-ea3b-fd7e-2d45-d31ec401fd69" executionId="3b8bfa20-f42d-414b-9566-cec118e11923" testListId="8c84fa94-04c1-424b-9868-57a2d4851a1d" />
    <TestEntry testId="87d4cb00-5d9e-6090-a1e7-ca4ede2b114b" executionId="7905a44c-e489-4667-b15a-9b77c92dced1" testListId="8c84fa94-04c1-424b-9868-57a2d4851a1d" />
    <TestEntry testId="01669a6d-01f5-bb77-06d5-063001f47b1f" executionId="6bdd1d4c-42d2-4451-80df-c322f528a1f4" testListId="8c84fa94-04c1-424b-9868-57a2d4851a1d" />
    <TestEntry testId="62d4fa7a-e1d4-1fd8-3511-ca904d221795" executionId="b1c63e76-46d3-4a7d-8bb9-fa8df16fc21f" testListId="8c84fa94-04c1-424b-9868-57a2d4851a1d" />
    <TestEntry testId="254af95f-f959-e396-b466-a66a65e0d7b1" executionId="4028ea05-957d-4053-bdb4-2d7fb7530633" testListId="8c84fa94-04c1-424b-9868-57a2d4851a1d" />
    <TestEntry testId="11b93a96-c4dc-da75-9985-8cff113e49de" executionId="4990ef1b-0b12-459d-8cb8-24aeb5f30b1e" testListId="8c84fa94-04c1-424b-9868-57a2d4851a1d" />
    <TestEntry testId="83788b33-a272-5ffb-61fa-2eb86af11bbf" executionId="b57f76d5-ee59-4f55-ae55-736b2ef5fbc7" testListId="8c84fa94-04c1-424b-9868-57a2d4851a1d" />
    <TestEntry testId="dfb4e488-f0ca-2f9a-4f19-0d2f43e1be8a" executionId="54bcc78e-c019-460d-8c4f-047d4ae33678" testListId="8c84fa94-04c1-424b-9868-57a2d4851a1d" />
    <TestEntry testId="ce259a0d-c4d9-33f0-3155-07704fc0f49a" executionId="2c755c4e-d08e-4960-bf58-4144473a10ae" testListId="8c84fa94-04c1-424b-9868-57a2d4851a1d" />
    <TestEntry testId="9ef54890-bb3e-b7fe-7bd9-e9648e10d985" executionId="6139628b-501f-4dbc-bc68-6a35a3d65e09" testListId="8c84fa94-04c1-424b-9868-57a2d4851a1d" />
    <TestEntry testId="ff4d7ce5-889f-e94f-94c5-bc636996a1d0" executionId="39ab945e-3919-45f1-bd28-2a86aaf70dc6" testListId="8c84fa94-04c1-424b-9868-57a2d4851a1d" />
    <TestEntry testId="47832043-a82b-08d9-e902-26ee4f0abf2f" executionId="fd96685c-8497-4c92-93d4-bbdeeb25d195" testListId="8c84fa94-04c1-424b-9868-57a2d4851a1d" />
    <TestEntry testId="14ee41d2-1f7a-af41-92a0-3449d9364bfa" executionId="23af049a-fac9-471d-8d06-efa6dd4a1797" testListId="8c84fa94-04c1-424b-9868-57a2d4851a1d" />
    <TestEntry testId="2cd7c729-8b9c-01ea-3772-5ce1e0ea2a94" executionId="034416d7-a3ac-4e1b-84b4-f35dc5d901d3" testListId="8c84fa94-04c1-424b-9868-57a2d4851a1d" />
    <TestEntry testId="8f5e5fbf-29cc-375d-84f4-ad483afe82b7" executionId="9ccd13db-9752-46ec-a6d7-d8ed7d4c635b" testListId="8c84fa94-04c1-424b-9868-57a2d4851a1d" />
    <TestEntry testId="cce49e2c-de90-7701-b38f-a89a88ba7a8b" executionId="35c085e9-4919-4a86-b074-1df16d7fa7e0" testListId="8c84fa94-04c1-424b-9868-57a2d4851a1d" />
    <TestEntry testId="3e789a91-c151-b4bf-1dcf-0295463f6c3d" executionId="650d12a6-73ab-4474-a5a1-fc23ca8a49e8" testListId="8c84fa94-04c1-424b-9868-57a2d4851a1d" />
    <TestEntry testId="2e89b19f-efed-71d6-9931-462d74c72d93" executionId="9669acc1-80ca-488f-908e-0c1ba682db21" testListId="8c84fa94-04c1-424b-9868-57a2d4851a1d" />
    <TestEntry testId="a7114cc2-e08c-eb82-f48e-ef010e743954" executionId="13d196e1-e425-4698-82cb-8f1c64cdace8" testListId="8c84fa94-04c1-424b-9868-57a2d4851a1d" />
    <TestEntry testId="db7c512d-2b57-d992-cb96-ff568e8c144c" executionId="27cba2aa-b400-4fd2-9241-ccb0db050a87" testListId="8c84fa94-04c1-424b-9868-57a2d4851a1d" />
    <TestEntry testId="d157b734-d76e-3fdf-df94-971d8fc58186" executionId="9f3f1779-8537-4ec7-8fec-ff13fdfbefb8" testListId="8c84fa94-04c1-424b-9868-57a2d4851a1d" />
    <TestEntry testId="d3b733d4-8c49-d753-f3d7-bec0657792e5" executionId="63e04c5c-babf-426c-a793-059aaaa96e30" testListId="8c84fa94-04c1-424b-9868-57a2d4851a1d" />
    <TestEntry testId="f220e0ea-eb3b-f156-e087-7f7f38577f18" executionId="bd2ee7a7-64b2-4a0c-950d-33aa6fad7870" testListId="8c84fa94-04c1-424b-9868-57a2d4851a1d" />
    <TestEntry testId="b626aece-e98c-cb02-ff56-6156ba71b48d" executionId="6a95b87c-ab66-44be-9eca-4e24c8444cce" testListId="8c84fa94-04c1-424b-9868-57a2d4851a1d" />
    <TestEntry testId="e5aa0857-996f-4e36-179f-e8b52c1b5e10" executionId="b6d2b945-b66c-4149-a04f-4530c19e8049" testListId="8c84fa94-04c1-424b-9868-57a2d4851a1d" />
    <TestEntry testId="4d364ccf-eec8-9cc8-2d95-71dfa3b4e048" executionId="3e1c5e14-4f39-49d1-817a-6db193f74d72" testListId="8c84fa94-04c1-424b-9868-57a2d4851a1d" />
    <TestEntry testId="bd42a8a7-76b8-0146-51c7-301b8b8c93a9" executionId="07289e1e-a6a0-476e-ad86-7b83b42b95c8" testListId="8c84fa94-04c1-424b-9868-57a2d4851a1d" />
    <TestEntry testId="fe114671-4c38-65fd-a120-18f4888df8c8" executionId="f5279b7b-3293-45bb-865f-d99222b65ecf" testListId="8c84fa94-04c1-424b-9868-57a2d4851a1d" />
    <TestEntry testId="f35f823c-5b8b-7f34-edf6-9eaf8000c529" executionId="5deda467-97c2-4468-a7a2-5e8b317c1f3f" testListId="8c84fa94-04c1-424b-9868-57a2d4851a1d" />
    <TestEntry testId="539b444f-8edb-d5cf-222c-56bd71d50b8c" executionId="13cac234-1c79-4ed3-b01c-6cb6ea931f33" testListId="8c84fa94-04c1-424b-9868-57a2d4851a1d" />
    <TestEntry testId="0a789065-2390-d57d-c9d6-72b12c33d4b7" executionId="59087420-08e3-4517-bbd4-cf916bd20062" testListId="8c84fa94-04c1-424b-9868-57a2d4851a1d" />
    <TestEntry testId="1eb3878d-cf9e-c9e8-6372-693392d06d91" executionId="1ba8dbc2-238a-482a-82a3-0834ad3dd971" testListId="8c84fa94-04c1-424b-9868-57a2d4851a1d" />
    <TestEntry testId="95a62091-f9f8-8b15-46ec-443a071bcd17" executionId="036ed74e-b2cb-4a32-bb3e-67b6c7596c0c" testListId="8c84fa94-04c1-424b-9868-57a2d4851a1d" />
    <TestEntry testId="0b7eeb6e-7225-9211-328f-29372955b2dc" executionId="5d568836-70d6-4600-97e2-3c6035b0d240" testListId="8c84fa94-04c1-424b-9868-57a2d4851a1d" />
    <TestEntry testId="b87348ee-9f7a-741e-afac-ef15bd84e9b4" executionId="beea9ef9-40a8-4625-8919-22d84c93c05a" testListId="8c84fa94-04c1-424b-9868-57a2d4851a1d" />
    <TestEntry testId="c02bad8c-5842-b8fd-c02c-d8db9393b013" executionId="30768cf7-6977-44a6-98b2-c000139e2893" testListId="8c84fa94-04c1-424b-9868-57a2d4851a1d" />
    <TestEntry testId="5efc04d2-01a2-524e-f80e-c41d3ac05f99" executionId="b9e0dacf-830a-4240-b3dd-e6f127198f92" testListId="8c84fa94-04c1-424b-9868-57a2d4851a1d" />
    <TestEntry testId="d86884b3-6ac7-9dc1-0923-e31499cc050d" executionId="d74a4437-6471-436e-a364-7f4241653426" testListId="8c84fa94-04c1-424b-9868-57a2d4851a1d" />
    <TestEntry testId="378c6bd1-8b6d-9adc-a9b7-a99e73721392" executionId="dac6fce5-d987-48ad-a7c3-4311a6d0822b" testListId="8c84fa94-04c1-424b-9868-57a2d4851a1d" />
    <TestEntry testId="32bb3b22-4944-3792-de71-de01824d4de2" executionId="d7e16240-a37e-46d3-871b-d49fa93030d2" testListId="8c84fa94-04c1-424b-9868-57a2d4851a1d" />
    <TestEntry testId="5344ae04-52c1-3357-d0fb-63a07a2114d2" executionId="0aa370ae-9543-496d-8c7a-d50fb600ac32" testListId="8c84fa94-04c1-424b-9868-57a2d4851a1d" />
    <TestEntry testId="e2e588f0-7f36-04cd-7d69-1ffd957b93cb" executionId="4b5ac99c-1a96-4413-a114-c5ae3f0d7dc6" testListId="8c84fa94-04c1-424b-9868-57a2d4851a1d" />
    <TestEntry testId="3c144ff1-7703-0de9-679c-f1f6bba70c9c" executionId="8399d640-ec78-46c7-a7fa-a064632e4c85" testListId="8c84fa94-04c1-424b-9868-57a2d4851a1d" />
    <TestEntry testId="0acfbd51-964d-2fdb-c458-f237dda8597f" executionId="8fbe3a04-6e9e-4921-9146-cec45a9361b9" testListId="8c84fa94-04c1-424b-9868-57a2d4851a1d" />
    <TestEntry testId="5b767526-35e9-08fb-6f9e-b46ae1d88b7e" executionId="328dda92-8a29-4b5b-908d-54cdebccebcf" testListId="8c84fa94-04c1-424b-9868-57a2d4851a1d" />
    <TestEntry testId="f373ceae-17f3-e55f-bb9a-5a99d40ed536" executionId="ecccbbbb-12b8-4ca9-bbe5-d9d6dfe2cf35" testListId="8c84fa94-04c1-424b-9868-57a2d4851a1d" />
    <TestEntry testId="38b1a421-2bc0-21a3-6930-dff8278e117f" executionId="f427aad1-1e18-4728-af38-c187e8c708a2" testListId="8c84fa94-04c1-424b-9868-57a2d4851a1d" />
    <TestEntry testId="ca3465e7-216d-d841-26cd-36ce7c64d384" executionId="70995a68-13a7-4fa1-863b-db90189e6ad8" testListId="8c84fa94-04c1-424b-9868-57a2d4851a1d" />
    <TestEntry testId="80fd974c-35fe-5919-1400-72571e559edd" executionId="6370a2cf-25e3-4aef-87d0-f1704988c55f" testListId="8c84fa94-04c1-424b-9868-57a2d4851a1d" />
    <TestEntry testId="4d0db3b2-cd4d-0d3c-fffc-148b0c4a1e3e" executionId="830c1630-5cf1-4e91-a3b9-fc2fd5b375f4" testListId="8c84fa94-04c1-424b-9868-57a2d4851a1d" />
    <TestEntry testId="880d027b-b44b-ca4c-ce2e-4673ea102d5e" executionId="814a85c0-48a6-4122-85d3-7e1f4fc9a7ac" testListId="8c84fa94-04c1-424b-9868-57a2d4851a1d" />
    <TestEntry testId="4e3bbbf8-cf87-ae69-42eb-d6c859fbae47" executionId="d2a8a1de-a020-40d6-90ff-a9ca46c1169e" testListId="8c84fa94-04c1-424b-9868-57a2d4851a1d" />
    <TestEntry testId="f94d9504-a317-ec85-e49b-f3239e3e9385" executionId="3e5c6cb4-8f3a-4a2a-bd0a-a3298f0c866f" testListId="8c84fa94-04c1-424b-9868-57a2d4851a1d" />
    <TestEntry testId="9aaab8f8-f3ae-be1d-e9e8-d181cf84fe09" executionId="05b53852-6133-4412-9f49-ce3fdb5656ae" testListId="8c84fa94-04c1-424b-9868-57a2d4851a1d" />
    <TestEntry testId="894c8d78-58d4-d7b0-7314-fa342d79a13f" executionId="11120259-afed-4c77-8ae6-c7d95169491c" testListId="8c84fa94-04c1-424b-9868-57a2d4851a1d" />
    <TestEntry testId="830b71e0-9ab3-3ce5-4a3d-7717d43b051f" executionId="7b8b46f7-f1a1-40ab-b7fd-31ac812d16ee" testListId="8c84fa94-04c1-424b-9868-57a2d4851a1d" />
    <TestEntry testId="4342eb46-cdf3-89ab-4060-de10513cb31f" executionId="291f7fe9-8ca9-4759-ac95-60257bb1f9fa" testListId="8c84fa94-04c1-424b-9868-57a2d4851a1d" />
    <TestEntry testId="6599ce3e-a47e-9e66-f3d1-c5bac03ccb7a" executionId="43f1b539-c26c-4918-834c-10b10d68a440" testListId="8c84fa94-04c1-424b-9868-57a2d4851a1d" />
    <TestEntry testId="c86c8c6a-e565-4cbe-d5ec-bdd427fb4f9f" executionId="5b1a2dc5-1152-45bb-9145-e467884cff95" testListId="8c84fa94-04c1-424b-9868-57a2d4851a1d" />
    <TestEntry testId="dd4a023e-f066-b50e-79b1-43348d88f43c" executionId="14a3b8dd-9461-47b8-9eeb-9a23977d37f6" testListId="8c84fa94-04c1-424b-9868-57a2d4851a1d" />
    <TestEntry testId="5cbf35a0-5e56-37b5-8aac-d649040264f2" executionId="8c2e4a28-b55c-47da-a2d9-63c73a511da4" testListId="8c84fa94-04c1-424b-9868-57a2d4851a1d" />
    <TestEntry testId="cb4ee736-599a-3a69-94ed-b9c42c12de7b" executionId="57643e43-c217-4bdc-bd9f-c11f3452088e" testListId="8c84fa94-04c1-424b-9868-57a2d4851a1d" />
    <TestEntry testId="2f4453a7-e295-e7a7-9a6d-bb79a4eb0aad" executionId="d9c677e9-f07c-4493-a91a-01264bc9859b" testListId="8c84fa94-04c1-424b-9868-57a2d4851a1d" />
    <TestEntry testId="40bd7596-4015-d1a3-5a1e-dad11732760d" executionId="abf0a809-f6ee-4745-a36b-d3474a881074" testListId="8c84fa94-04c1-424b-9868-57a2d4851a1d" />
    <TestEntry testId="d69fb7d9-0f17-5e56-ea54-40ae8d9f865b" executionId="b4642ab0-429b-4e73-ab30-bf42621a30e8" testListId="8c84fa94-04c1-424b-9868-57a2d4851a1d" />
    <TestEntry testId="949ba8a1-4832-9275-16cf-961d92f0c18c" executionId="e8335bc1-bf75-4140-a5af-20db78a793e1" testListId="8c84fa94-04c1-424b-9868-57a2d4851a1d" />
    <TestEntry testId="2943b319-44b9-ca4f-38e9-12da6faac645" executionId="9d604e88-f589-437e-99a8-61fcfaf0523c" testListId="8c84fa94-04c1-424b-9868-57a2d4851a1d" />
    <TestEntry testId="50b866a2-f973-b573-45bf-538c8e5711cf" executionId="f0a9653d-47b5-4d61-8159-323d60afcab7" testListId="8c84fa94-04c1-424b-9868-57a2d4851a1d" />
    <TestEntry testId="d566d8f0-3834-70a1-7633-671fea77a3e6" executionId="ad66bd19-0288-4f3a-a287-9f5482c9679b" testListId="8c84fa94-04c1-424b-9868-57a2d4851a1d" />
    <TestEntry testId="12133a89-3b23-159d-ac72-4cc3e538f5e3" executionId="3fafe170-0fec-48d2-bc49-ab4614d0bbfb" testListId="8c84fa94-04c1-424b-9868-57a2d4851a1d" />
    <TestEntry testId="b19b92f7-831d-8cf3-6cdb-3559e765e691" executionId="67ea9dc8-7c2e-4a68-9a51-609ee7303344" testListId="8c84fa94-04c1-424b-9868-57a2d4851a1d" />
    <TestEntry testId="ca8e512f-7689-cc80-4409-4fb086071052" executionId="b362315e-ae08-4849-9f07-5b3d5189c4d8" testListId="8c84fa94-04c1-424b-9868-57a2d4851a1d" />
    <TestEntry testId="bb7f604a-8cc3-3c56-03bd-c533e2cd59bb" executionId="02ca47cd-dbba-4a9b-ac2f-db95a78e8121" testListId="8c84fa94-04c1-424b-9868-57a2d4851a1d" />
    <TestEntry testId="21391641-1613-6500-6bc7-1eeae99248ae" executionId="7bc2149a-f456-457c-b782-d162fe110d30" testListId="8c84fa94-04c1-424b-9868-57a2d4851a1d" />
    <TestEntry testId="1f2f1b08-8482-c1b3-6602-1af4be0ea2ce" executionId="e5f40947-3db6-40e7-840d-2a42bf61e926" testListId="8c84fa94-04c1-424b-9868-57a2d4851a1d" />
    <TestEntry testId="309c8816-9aaf-e6d1-03a2-3c4ead80ca13" executionId="4913e56a-fcab-4456-bc80-d1055fac230e" testListId="8c84fa94-04c1-424b-9868-57a2d4851a1d" />
    <TestEntry testId="a6a3b354-f7ab-e7df-6d82-3ac933f7f928" executionId="5ff3d90d-c3be-43da-be6a-67935214b2b3" testListId="8c84fa94-04c1-424b-9868-57a2d4851a1d" />
    <TestEntry testId="0721a9ef-9e55-8c41-0cea-47c433dd392d" executionId="4c5df168-8739-464c-914b-f1654d872f66" testListId="8c84fa94-04c1-424b-9868-57a2d4851a1d" />
    <TestEntry testId="ecc464d3-6846-60d2-d4e6-8b2ddbcf0832" executionId="05aebe4f-ae20-4f04-af00-dd7ec709c514" testListId="8c84fa94-04c1-424b-9868-57a2d4851a1d" />
    <TestEntry testId="588b44cb-56c6-6ca2-4f78-53938037e146" executionId="69ae00ff-cbe7-4e09-b90b-727b3bd566f3" testListId="8c84fa94-04c1-424b-9868-57a2d4851a1d" />
    <TestEntry testId="0d8077bc-4636-7e64-1595-c8989e41ea3e" executionId="d7effdc4-af4a-447f-b7f2-845f13f569f5" testListId="8c84fa94-04c1-424b-9868-57a2d4851a1d" />
    <TestEntry testId="64bb4e25-b113-44d7-30fd-5cb57666a7c3" executionId="71d69b16-9437-4a4f-b4ec-7026771c1f18" testListId="8c84fa94-04c1-424b-9868-57a2d4851a1d" />
    <TestEntry testId="cad3c24f-53e5-65ce-28a1-2b067d96c905" executionId="94bd345c-5816-496e-b43f-2e7a35557e70" testListId="8c84fa94-04c1-424b-9868-57a2d4851a1d" />
    <TestEntry testId="56a6f63b-12aa-1ac7-c1cf-ccdb0cdf4704" executionId="92e6f1de-06eb-494b-aa2a-4a9b29685a81" testListId="8c84fa94-04c1-424b-9868-57a2d4851a1d" />
    <TestEntry testId="6245f60f-2ce1-1db0-a119-b35adfd57346" executionId="4d1b248f-205f-4f84-8438-8ea5d5385b20" testListId="8c84fa94-04c1-424b-9868-57a2d4851a1d" />
    <TestEntry testId="4fa532ad-f72c-34a1-5338-96db1d0f8641" executionId="462782a8-4842-405f-9e27-922db4720a93" testListId="8c84fa94-04c1-424b-9868-57a2d4851a1d" />
    <TestEntry testId="69b5dc6b-4b1d-3b64-ca4f-b32083d720ea" executionId="c0940db4-30d1-4b8e-9ecc-fa27c5153005" testListId="8c84fa94-04c1-424b-9868-57a2d4851a1d" />
    <TestEntry testId="cebb70fe-62d3-ca1f-e8e9-123060a8f54c" executionId="190ea4ba-4c62-49c0-8d4d-7d0b52e8b54b" testListId="8c84fa94-04c1-424b-9868-57a2d4851a1d" />
    <TestEntry testId="811cb989-5d12-2e7d-e9b0-17c816422ae9" executionId="2d8a9588-daad-4753-8a79-99d2e2548dda" testListId="8c84fa94-04c1-424b-9868-57a2d4851a1d" />
    <TestEntry testId="dfd93325-4a10-2b6c-eb59-d3c054a0e19c" executionId="d4160510-a9d7-42af-98ec-bb1bb2562679" testListId="8c84fa94-04c1-424b-9868-57a2d4851a1d" />
    <TestEntry testId="decc0c9d-f3ef-1a45-69e5-e3fe056e921c" executionId="a04cee12-3ccd-41e8-b9f0-11b8bf3ff000" testListId="8c84fa94-04c1-424b-9868-57a2d4851a1d" />
    <TestEntry testId="203fece4-ae35-14a6-564c-793868ca15fc" executionId="ea6abee6-49a2-4d10-90b5-c823effc6ab5" testListId="8c84fa94-04c1-424b-9868-57a2d4851a1d" />
    <TestEntry testId="d041a802-7e00-fcc1-9dc8-735e51fcc846" executionId="a15776f4-7aa5-403c-8984-8c84faa4363f" testListId="8c84fa94-04c1-424b-9868-57a2d4851a1d" />
    <TestEntry testId="ef301bd5-ee29-7ade-f8d3-e4b31d787bc2" executionId="cd91a0d6-ceac-4b10-aa2f-9594d4b2afc6" testListId="8c84fa94-04c1-424b-9868-57a2d4851a1d" />
    <TestEntry testId="4a87650f-3c7d-5b4d-44c4-80fa92890d86" executionId="7e4fce6b-e554-48dd-acec-154149095dda" testListId="8c84fa94-04c1-424b-9868-57a2d4851a1d" />
    <TestEntry testId="5173fa7e-dd28-7d5d-a09e-d22035dde249" executionId="7fef7ad0-ea94-45f7-a680-4116329693d8" testListId="8c84fa94-04c1-424b-9868-57a2d4851a1d" />
    <TestEntry testId="d2a97e96-3756-f88f-183f-f8ff17fcffad" executionId="bd946e2d-1770-45c8-9b99-543f6d4d1890" testListId="8c84fa94-04c1-424b-9868-57a2d4851a1d" />
    <TestEntry testId="65a8036a-5d05-55e5-ec47-96a836d2979b" executionId="c1eaad79-1346-476b-b1bd-7fedd361ee31" testListId="8c84fa94-04c1-424b-9868-57a2d4851a1d" />
    <TestEntry testId="a2b2de87-f73a-9919-47a6-2de9893e0dea" executionId="51435317-8757-4436-83af-79936fd028fa" testListId="8c84fa94-04c1-424b-9868-57a2d4851a1d" />
    <TestEntry testId="9722cb49-0b08-84c4-60d0-b1660e616bb5" executionId="0ce21262-6b91-431a-8679-3b8ab2dbc7c3" testListId="8c84fa94-04c1-424b-9868-57a2d4851a1d" />
    <TestEntry testId="86b0a87f-3f16-b173-413e-43329bca5778" executionId="642ab775-f2a3-4f8e-b2b8-048023308a91" testListId="8c84fa94-04c1-424b-9868-57a2d4851a1d" />
    <TestEntry testId="35ebc062-0eb1-ecb5-9b8d-aabb21dbeedf" executionId="c16d6c8c-b105-4a63-932e-0699cd0e13e0" testListId="8c84fa94-04c1-424b-9868-57a2d4851a1d" />
    <TestEntry testId="2aac34ec-5425-f970-6085-339484e91187" executionId="3a93e582-8c00-4937-b55c-b6e037a605cc" testListId="8c84fa94-04c1-424b-9868-57a2d4851a1d" />
    <TestEntry testId="12773473-5ac0-2591-5109-b243f309d115" executionId="c6536cba-0828-4a22-8468-10501d54bbab" testListId="8c84fa94-04c1-424b-9868-57a2d4851a1d" />
    <TestEntry testId="ce3778e1-125d-b1a2-3bd9-f526e2538448" executionId="163805fd-8773-4847-861b-ec9355ac6d53" testListId="8c84fa94-04c1-424b-9868-57a2d4851a1d" />
    <TestEntry testId="b6077d4b-571b-5181-20c4-9514a98262d0" executionId="b92947da-9d77-4448-a43c-13c4fc2086fa" testListId="8c84fa94-04c1-424b-9868-57a2d4851a1d" />
    <TestEntry testId="73c5897a-ea53-807d-e346-42d9510d84c0" executionId="c2106af1-a35e-4ae8-a312-b0249db6680f" testListId="8c84fa94-04c1-424b-9868-57a2d4851a1d" />
    <TestEntry testId="e2df0604-0141-4df6-2cf0-39bc905357b5" executionId="410ea00a-1d2e-42eb-be7e-96dd77b659e4" testListId="8c84fa94-04c1-424b-9868-57a2d4851a1d" />
    <TestEntry testId="a734f1cd-c30f-c348-4df2-8992e5cb9d89" executionId="d9ec1198-5590-40e4-ab7b-845d26fbb70e" testListId="8c84fa94-04c1-424b-9868-57a2d4851a1d" />
    <TestEntry testId="b542e3ed-57be-985b-6cc6-cee461b05e8b" executionId="451377d8-bd2e-4c88-acac-809acb3972a0" testListId="8c84fa94-04c1-424b-9868-57a2d4851a1d" />
    <TestEntry testId="29d5745a-450d-0a3f-753c-d48a1b2d99ff" executionId="e9e33f4e-b0db-4e47-b192-192bb0bb6d0d" testListId="8c84fa94-04c1-424b-9868-57a2d4851a1d" />
    <TestEntry testId="330f0fcb-1dc9-6f82-5d36-1b304a78f752" executionId="f99efef3-9663-459b-ad8a-ffab52f83cd7" testListId="8c84fa94-04c1-424b-9868-57a2d4851a1d" />
    <TestEntry testId="6668041a-613c-ff56-a55e-dd6b3357a57f" executionId="c26d8d3a-00b2-40e7-beaf-e41d5adc2c2f" testListId="8c84fa94-04c1-424b-9868-57a2d4851a1d" />
    <TestEntry testId="e12210ac-d8bb-7768-7733-5a1ce790ca0a" executionId="11ac6ce2-6ad2-4ee2-b0cf-dede947e2edd" testListId="8c84fa94-04c1-424b-9868-57a2d4851a1d" />
    <TestEntry testId="8c0d7c37-5aab-766b-77e4-cd7408c64f61" executionId="5654caac-c3f6-4c8a-a774-291834bf32b2" testListId="8c84fa94-04c1-424b-9868-57a2d4851a1d" />
    <TestEntry testId="d5a8d00a-c0b7-11ae-742d-e867bc241a41" executionId="2180005b-a58e-460a-82ea-5401d5644057" testListId="8c84fa94-04c1-424b-9868-57a2d4851a1d" />
    <TestEntry testId="48a4402d-bc3f-86bb-1444-6d4a708481e7" executionId="d3eadfe6-a8bc-4b86-bfbc-f66555529013" testListId="8c84fa94-04c1-424b-9868-57a2d4851a1d" />
    <TestEntry testId="7ea6c735-e537-5709-8711-b4d141e85f9a" executionId="d4e89521-3da8-424c-8329-85c7756c5fce" testListId="8c84fa94-04c1-424b-9868-57a2d4851a1d" />
    <TestEntry testId="7173b3f6-eae6-db4a-3f60-642b558803ad" executionId="a4e458ab-b686-4f79-b40f-da0dc0318aa1" testListId="8c84fa94-04c1-424b-9868-57a2d4851a1d" />
    <TestEntry testId="1ae7b195-1985-b16e-d017-dcbc079dd325" executionId="7f958570-5913-48b5-92c0-441c59ecc1de" testListId="8c84fa94-04c1-424b-9868-57a2d4851a1d" />
    <TestEntry testId="1800f679-8a71-ac55-c78e-b70aa78a205d" executionId="03ae1948-3f45-4986-8ae6-c8bc4b6dd365" testListId="8c84fa94-04c1-424b-9868-57a2d4851a1d" />
    <TestEntry testId="3b3020e5-55d5-e445-78ca-5cab5c388528" executionId="0fd8a022-322c-410d-9217-6532e759e6fd" testListId="8c84fa94-04c1-424b-9868-57a2d4851a1d" />
    <TestEntry testId="2c6192a9-b6dc-0155-4e48-ab53f28c5cf2" executionId="d2352f44-0f1f-46e1-ad43-bdb39d556a6c" testListId="8c84fa94-04c1-424b-9868-57a2d4851a1d" />
    <TestEntry testId="d8767549-77b2-5985-f67a-83aa93b99959" executionId="a3492672-8e82-47c2-bff1-001130499c82" testListId="8c84fa94-04c1-424b-9868-57a2d4851a1d" />
    <TestEntry testId="9a162b94-48e2-e6d1-23a4-b996d54ac228" executionId="f4601463-b18f-4793-ba25-f5de96519815" testListId="8c84fa94-04c1-424b-9868-57a2d4851a1d" />
    <TestEntry testId="9ab2c969-44a8-260f-e896-b337f3ea3880" executionId="16b128ff-3c69-42eb-aa3d-9fb85aab117d" testListId="8c84fa94-04c1-424b-9868-57a2d4851a1d" />
    <TestEntry testId="457431ad-3e56-d876-aebe-2281d76b36c4" executionId="ff9a6743-5a0f-4b27-b854-c704e4be643f" testListId="8c84fa94-04c1-424b-9868-57a2d4851a1d" />
    <TestEntry testId="5197ad87-1314-f19c-dac2-7c6b6ee618a0" executionId="19c31213-d5ba-4915-8d65-c1f36a51feb9" testListId="8c84fa94-04c1-424b-9868-57a2d4851a1d" />
    <TestEntry testId="15559fe9-5cdf-aa18-146a-29ea7e125801" executionId="c16f27c8-94bb-4473-ac68-7504c546d86c" testListId="8c84fa94-04c1-424b-9868-57a2d4851a1d" />
    <TestEntry testId="c9123150-a9aa-f9c1-8b3d-f502b5235f26" executionId="5a55ffdc-e5a6-4fd4-b37d-1bceeded1bb9" testListId="8c84fa94-04c1-424b-9868-57a2d4851a1d" />
    <TestEntry testId="7ce78963-5f7a-9707-4d5a-749f6933dcc1" executionId="ab09f9f7-d9d6-4ed9-ba1b-07ef36b79c7e" testListId="8c84fa94-04c1-424b-9868-57a2d4851a1d" />
    <TestEntry testId="fdf038d0-16c7-356c-e9fa-5a5d4e5842fc" executionId="2ec8cc67-91bf-498d-82e4-d5b80a301a98" testListId="8c84fa94-04c1-424b-9868-57a2d4851a1d" />
    <TestEntry testId="05be5159-af89-3ad7-4ccf-cba9ac9ac4d4" executionId="b18ada70-b644-4826-be4e-972631865ae0" testListId="8c84fa94-04c1-424b-9868-57a2d4851a1d" />
    <TestEntry testId="4450d7af-ec53-66d8-dc6a-528ea8cc7f2d" executionId="483d4cb5-39db-4baf-a577-06f4a7f36dd1" testListId="8c84fa94-04c1-424b-9868-57a2d4851a1d" />
    <TestEntry testId="7f941bed-1af0-42bd-3c14-b53564e83559" executionId="af77238c-deeb-49ee-8a64-23ee53eab146" testListId="8c84fa94-04c1-424b-9868-57a2d4851a1d" />
    <TestEntry testId="626df5fe-6b1c-36cd-6515-23fdcc1e3a8c" executionId="214cab1b-ed06-4a72-ba95-c37885a6f9a4" testListId="8c84fa94-04c1-424b-9868-57a2d4851a1d" />
    <TestEntry testId="5284a755-d478-9e03-4767-a01615927bb9" executionId="f5355f7b-dfc1-4d77-8b20-d5da86d0ac6c" testListId="8c84fa94-04c1-424b-9868-57a2d4851a1d" />
    <TestEntry testId="41290831-2371-f6d7-eeb6-ca0952005caf" executionId="e139167c-050f-4750-9c68-6a15f75450b0" testListId="8c84fa94-04c1-424b-9868-57a2d4851a1d" />
    <TestEntry testId="99f1e0b9-2f70-cad3-d49a-2a1fbeb50d00" executionId="93d1f764-a1c4-4f0b-aaad-6f64d71e3ca2" testListId="8c84fa94-04c1-424b-9868-57a2d4851a1d" />
    <TestEntry testId="1fe5a80d-49a5-4084-10d7-1c3d0a44d899" executionId="ea4219fe-fc47-4edc-8228-134770671728" testListId="8c84fa94-04c1-424b-9868-57a2d4851a1d" />
    <TestEntry testId="2700f1e9-89c5-a67d-f1c5-2c74e199d0f3" executionId="a497262b-da7c-4d23-88a6-09e2e1ee30d6" testListId="8c84fa94-04c1-424b-9868-57a2d4851a1d" />
    <TestEntry testId="2bd5312f-e6eb-8eda-1c46-14a62ffbb29b" executionId="661c1185-dfd6-4597-b549-304a05fb24b4" testListId="8c84fa94-04c1-424b-9868-57a2d4851a1d" />
    <TestEntry testId="15a66753-3c97-8162-2993-e79ecb32bc5c" executionId="8fc8339d-6691-4b42-968a-3f9d1c3e30e5" testListId="8c84fa94-04c1-424b-9868-57a2d4851a1d" />
    <TestEntry testId="7582c349-3c04-913a-5046-2d612153a732" executionId="f163a163-3395-41db-8984-cd3559d3ed05" testListId="8c84fa94-04c1-424b-9868-57a2d4851a1d" />
    <TestEntry testId="1c74bd27-33bc-3f65-0829-4d3dab9c3c68" executionId="74d3ae76-87cf-427c-9770-bc6a7206959b" testListId="8c84fa94-04c1-424b-9868-57a2d4851a1d" />
    <TestEntry testId="37832c98-a65f-a059-abf8-bf96858513b0" executionId="44a5ab32-7004-4afe-856a-e44f1cacd906" testListId="8c84fa94-04c1-424b-9868-57a2d4851a1d" />
    <TestEntry testId="60e14eb6-d547-f5a0-5358-c97b0aeb0dbb" executionId="7f0e13b2-7bcc-4ee9-882b-2b0708a72f4b" testListId="8c84fa94-04c1-424b-9868-57a2d4851a1d" />
    <TestEntry testId="0d10ff3f-15a1-241b-64fe-f488cdfabdb2" executionId="f486f3ae-fda5-4870-8af6-29601b8c7da0" testListId="8c84fa94-04c1-424b-9868-57a2d4851a1d" />
    <TestEntry testId="7ee32afa-294d-1386-31ea-d7f4c95980c2" executionId="450422ab-a37b-46d9-9023-d9822e03f3a1" testListId="8c84fa94-04c1-424b-9868-57a2d4851a1d" />
    <TestEntry testId="9b9a17e0-0471-5a05-27a8-56046193c8be" executionId="6b910de4-df35-45b0-ae7c-131cfe9ad547" testListId="8c84fa94-04c1-424b-9868-57a2d4851a1d" />
    <TestEntry testId="437df5c3-190e-e2af-9651-ff929b1c2b62" executionId="e2f9ae7d-c64b-4013-9198-ab82d71c65d7" testListId="8c84fa94-04c1-424b-9868-57a2d4851a1d" />
    <TestEntry testId="97bcb73c-503b-d1ba-35c3-7e7cca35d64b" executionId="4698ff97-3907-4e29-85da-63b535c65778" testListId="8c84fa94-04c1-424b-9868-57a2d4851a1d" />
    <TestEntry testId="9282e98f-a41a-55e1-55ef-0b141ce67829" executionId="f2cefc30-2b06-4afc-ae99-3a26445c1013" testListId="8c84fa94-04c1-424b-9868-57a2d4851a1d" />
    <TestEntry testId="39ae52f0-3164-bd0a-19d3-10709b845b30" executionId="50fd7729-26c2-42d6-88ac-fe150faca83a" testListId="8c84fa94-04c1-424b-9868-57a2d4851a1d" />
    <TestEntry testId="ccf97412-38b2-3e05-4b68-03dd113b2081" executionId="8e9b05db-b462-4fd5-af6e-c306cffced19" testListId="8c84fa94-04c1-424b-9868-57a2d4851a1d" />
    <TestEntry testId="e5911e32-8c07-a743-c2cd-fddcc02325dc" executionId="a1f8a789-e51e-4012-8089-93bce3a57f28" testListId="8c84fa94-04c1-424b-9868-57a2d4851a1d" />
    <TestEntry testId="82eef803-0c94-8e6d-ce57-3d29d67fce81" executionId="a6a6cf05-794f-4860-995d-8e9b5a6f8ff9" testListId="8c84fa94-04c1-424b-9868-57a2d4851a1d" />
    <TestEntry testId="e8104667-3a9c-6de0-7851-28bc0545c756" executionId="35a1c04d-8cf2-4152-85c3-24c5f059be56" testListId="8c84fa94-04c1-424b-9868-57a2d4851a1d" />
    <TestEntry testId="a7b390d3-c2da-9901-d5cd-2bc8166af73b" executionId="4c521ef3-d62b-4835-8f5d-4cffaa40d419" testListId="8c84fa94-04c1-424b-9868-57a2d4851a1d" />
    <TestEntry testId="772a4433-5332-a74b-14bb-713f889b544c" executionId="4c1f5dcc-32e9-4cc1-bc73-e3c677d2c282" testListId="8c84fa94-04c1-424b-9868-57a2d4851a1d" />
    <TestEntry testId="5c471375-ff23-1497-d321-48f7b4f9f124" executionId="064cbbb9-01fa-46c7-bf58-31c7d65e7792" testListId="8c84fa94-04c1-424b-9868-57a2d4851a1d" />
    <TestEntry testId="722c0f2a-3b91-23bf-0c78-b78edb87a551" executionId="9fee286f-b147-493f-a672-332e7636158e" testListId="8c84fa94-04c1-424b-9868-57a2d4851a1d" />
    <TestEntry testId="4ae9173c-35ae-9533-d648-5bc665d996ec" executionId="7f6eee4a-095b-492a-865f-c63ab271cc88" testListId="8c84fa94-04c1-424b-9868-57a2d4851a1d" />
    <TestEntry testId="118489a6-4eda-5bd0-5fb8-6f0d3caa437f" executionId="f429d539-11ce-4fd5-aa66-7bdf11fe4bae" testListId="8c84fa94-04c1-424b-9868-57a2d4851a1d" />
    <TestEntry testId="6aee3411-2ecc-d80a-957e-4feadbc697c2" executionId="b23ab4b4-91f6-4b34-b231-ca0850c211ae" testListId="8c84fa94-04c1-424b-9868-57a2d4851a1d" />
    <TestEntry testId="d203d1a1-11b9-4858-e2bb-c35b4b01d710" executionId="4f7f09d0-1986-4eef-b513-ebaf6c9ad778" testListId="8c84fa94-04c1-424b-9868-57a2d4851a1d" />
    <TestEntry testId="5a6a5e24-924e-15b5-bc04-d97987339752" executionId="3ad5bbdb-6706-43ae-ba7a-04d9f936e11d" testListId="8c84fa94-04c1-424b-9868-57a2d4851a1d" />
    <TestEntry testId="1790f997-a280-486d-6909-1ce938712f4d" executionId="e8980e7a-93db-47fe-8f61-5fd42b201934" testListId="8c84fa94-04c1-424b-9868-57a2d4851a1d" />
    <TestEntry testId="dbb17a92-4099-15c2-9af2-d3d5d068b3fb" executionId="3e0bea70-5038-4458-87ec-4d48290721e0" testListId="8c84fa94-04c1-424b-9868-57a2d4851a1d" />
    <TestEntry testId="802fc36c-d76f-f85f-feab-b59fa3ba8fec" executionId="7a9f9fef-f41e-4c20-b770-38dc09025602" testListId="8c84fa94-04c1-424b-9868-57a2d4851a1d" />
    <TestEntry testId="e722a292-9687-3474-819e-5bf10d7a7ac7" executionId="d2eee235-d4a1-4ae0-9789-793773b15c6a" testListId="8c84fa94-04c1-424b-9868-57a2d4851a1d" />
    <TestEntry testId="132d5517-ea0c-d2e8-ba4f-fcc8b0b51deb" executionId="c11bb4a8-3b46-40be-8bb3-b5c49e316ff1" testListId="8c84fa94-04c1-424b-9868-57a2d4851a1d" />
    <TestEntry testId="751ffb17-2587-dff7-cb91-dc622a8e07bc" executionId="79d00177-8cad-4f12-8bda-e8c95660bd6c" testListId="8c84fa94-04c1-424b-9868-57a2d4851a1d" />
    <TestEntry testId="5566deec-df2f-044c-ff6e-8d0376df711e" executionId="aac9d387-eeef-4bbf-8b66-10e1780ef361" testListId="8c84fa94-04c1-424b-9868-57a2d4851a1d" />
    <TestEntry testId="e262f44c-3ea9-f8eb-ec23-3aaff9fddc0c" executionId="b274ccbe-e9f6-4c43-9f1b-9bfe80ec09e9" testListId="8c84fa94-04c1-424b-9868-57a2d4851a1d" />
    <TestEntry testId="120acc02-5586-da4d-c7a2-93f36e85a847" executionId="7b34fe7f-f03f-461a-b780-32cced839f6c" testListId="8c84fa94-04c1-424b-9868-57a2d4851a1d" />
    <TestEntry testId="e712e465-254c-2678-58e8-7eab91c4acca" executionId="9dc17caf-3657-478f-b646-cdaf3db7beb3" testListId="8c84fa94-04c1-424b-9868-57a2d4851a1d" />
    <TestEntry testId="6a906e3b-7bd3-5db8-ea69-9e52186d851f" executionId="5f763046-57da-449b-8c79-d2c1f49dacd2" testListId="8c84fa94-04c1-424b-9868-57a2d4851a1d" />
    <TestEntry testId="fca54134-7763-95bf-b2cf-9fb9b6d2a6bd" executionId="9aa9edde-acd0-4894-ae6f-9b7ccb869977" testListId="8c84fa94-04c1-424b-9868-57a2d4851a1d" />
    <TestEntry testId="7e44869b-b724-93bf-fe36-6c343d2520af" executionId="55417ee5-298a-400d-bb3f-05fceab088f3" testListId="8c84fa94-04c1-424b-9868-57a2d4851a1d" />
    <TestEntry testId="157535c0-6d6d-8664-7db6-9ffba866481f" executionId="236201c0-4bea-4362-8d18-48ff2f5d82a0" testListId="8c84fa94-04c1-424b-9868-57a2d4851a1d" />
    <TestEntry testId="8ae3d849-049d-275c-2358-19ac233f8356" executionId="c71fca20-4b8a-4424-ba23-51aec4105557" testListId="8c84fa94-04c1-424b-9868-57a2d4851a1d" />
    <TestEntry testId="e93f0ea5-20b5-6e65-76e8-b0656ff7831e" executionId="1d384b7e-fe5e-4c52-8f90-cf03c6724af3" testListId="8c84fa94-04c1-424b-9868-57a2d4851a1d" />
    <TestEntry testId="e9b5c785-8b63-d2f2-6324-9b531f065458" executionId="02b00d4b-f2d5-47b0-951d-f70749021c96" testListId="8c84fa94-04c1-424b-9868-57a2d4851a1d" />
    <TestEntry testId="29100679-efe3-a3b8-226e-cde7573cd572" executionId="878b9d4e-5aaa-4e6f-bccb-d158411b52da" testListId="8c84fa94-04c1-424b-9868-57a2d4851a1d" />
    <TestEntry testId="eaeaa9c4-5ecc-3a09-9a78-59f1bc55dbb4" executionId="f28b64bc-e270-443e-813e-02233855f0f6" testListId="8c84fa94-04c1-424b-9868-57a2d4851a1d" />
    <TestEntry testId="068f1522-c469-ea43-a0ba-1144ac2dc32f" executionId="47025b1b-ce13-4df4-9ff1-8c78f118239c" testListId="8c84fa94-04c1-424b-9868-57a2d4851a1d" />
    <TestEntry testId="290679ce-7672-f4a9-bf2b-d2fbfafd5710" executionId="e38c51a2-c5af-4e8d-bcdc-1de203867c25" testListId="8c84fa94-04c1-424b-9868-57a2d4851a1d" />
    <TestEntry testId="dab7e6b6-6911-2ebc-a8bd-4ce22fb72ec5" executionId="18e39cf2-8367-4863-965d-ba414c4f6963" testListId="8c84fa94-04c1-424b-9868-57a2d4851a1d" />
    <TestEntry testId="ec4cb6bc-1d60-207c-7593-29f9a3271912" executionId="258a88b7-06cb-4373-b193-573d61a966c1" testListId="8c84fa94-04c1-424b-9868-57a2d4851a1d" />
    <TestEntry testId="c5dca657-00b3-8217-fbed-c2108e62ff6e" executionId="62eeaba2-c794-4ed4-9899-759a02eb0e49" testListId="8c84fa94-04c1-424b-9868-57a2d4851a1d" />
    <TestEntry testId="311e105e-4b34-d8a8-fe9c-00fb1c4d5b07" executionId="8a5224be-fe7b-451c-bfda-644f435f0ab5" testListId="8c84fa94-04c1-424b-9868-57a2d4851a1d" />
    <TestEntry testId="fe408873-00c9-aa66-f326-75d9b9175752" executionId="e756a9bb-17db-4513-8e3b-f40cdcfc9c75" testListId="8c84fa94-04c1-424b-9868-57a2d4851a1d" />
    <TestEntry testId="3023c07a-fe9d-49c7-b947-285ee243e3a7" executionId="fe488eef-48c6-49ce-8068-cc93fc4eb858" testListId="8c84fa94-04c1-424b-9868-57a2d4851a1d" />
    <TestEntry testId="870b8c6b-fb2c-26ac-79d5-e8e135097185" executionId="c3af6a96-b4ef-40ce-afd4-1ae5635fc84f" testListId="8c84fa94-04c1-424b-9868-57a2d4851a1d" />
    <TestEntry testId="9d8aeece-6b57-25d1-6659-a1fd0f75ce6a" executionId="830827d5-14ff-4536-9aed-b1eb0b319cff" testListId="8c84fa94-04c1-424b-9868-57a2d4851a1d" />
    <TestEntry testId="9748ae26-e883-a8aa-bec9-de913407505e" executionId="fc58d8bd-64c5-4260-866e-248477decf5b" testListId="8c84fa94-04c1-424b-9868-57a2d4851a1d" />
    <TestEntry testId="a4e4199c-c3af-5a47-4cc1-56f460e731c7" executionId="4fcffe72-a60d-4e45-9431-6c6dbf01a5a4" testListId="8c84fa94-04c1-424b-9868-57a2d4851a1d" />
    <TestEntry testId="759f43f9-33c5-80a8-9279-d613492ce3d4" executionId="d74d434b-6812-4827-8ed4-732698b6e77e" testListId="8c84fa94-04c1-424b-9868-57a2d4851a1d" />
    <TestEntry testId="2a8d6886-96cd-123e-3ba7-6f1bfe483f38" executionId="a2fb5bcd-7ecf-4173-8613-2cb173b9d415" testListId="8c84fa94-04c1-424b-9868-57a2d4851a1d" />
    <TestEntry testId="0a94e079-8b07-b2c2-8ed2-766e538570c2" executionId="2d8971f7-9893-44b2-92d1-b77d8ca9fe9a" testListId="8c84fa94-04c1-424b-9868-57a2d4851a1d" />
    <TestEntry testId="dc27714b-38b4-9d81-e7fb-c83946049026" executionId="48c219cc-9d5b-4fb8-87dd-3ac85bc511b7" testListId="8c84fa94-04c1-424b-9868-57a2d4851a1d" />
    <TestEntry testId="ecf44896-5fca-1e81-c0c2-b04df6dffab0" executionId="67d36d2b-4382-440e-abad-8dcc8dcc3865" testListId="8c84fa94-04c1-424b-9868-57a2d4851a1d" />
    <TestEntry testId="24af1ac4-e4b0-4753-147e-71cd6b482e58" executionId="0dc3f631-1d6d-45fd-91e2-660a5ee89e2f" testListId="8c84fa94-04c1-424b-9868-57a2d4851a1d" />
    <TestEntry testId="d5462037-2a12-d65c-66a6-3c74a9227ebc" executionId="a8a8fd09-9464-4cc8-a56a-415bdc0ffc8e" testListId="8c84fa94-04c1-424b-9868-57a2d4851a1d" />
    <TestEntry testId="b7e4bff4-2350-92b5-523e-a85eada67484" executionId="8ec0da96-5bac-4a3a-a4ca-b2e73f18cff5" testListId="8c84fa94-04c1-424b-9868-57a2d4851a1d" />
    <TestEntry testId="ddf853f2-88b6-cc4f-e264-5fa70a2464c6" executionId="7a674048-a2cc-46e5-82d6-3be764ef58da" testListId="8c84fa94-04c1-424b-9868-57a2d4851a1d" />
    <TestEntry testId="6ce4769e-dd0b-e32e-28bc-c25901aee4e4" executionId="9e7955ec-4f7a-4929-8ffa-001854e29f29" testListId="8c84fa94-04c1-424b-9868-57a2d4851a1d" />
    <TestEntry testId="29687d4f-90e3-eaed-29b6-04aad7b34311" executionId="cb3d4344-0645-4c59-aa13-440f0b12a3cf" testListId="8c84fa94-04c1-424b-9868-57a2d4851a1d" />
    <TestEntry testId="fccd413b-aff1-6268-fea0-a593badbd6e3" executionId="d87a6d4e-6a66-4855-8a80-44f16054fed4" testListId="8c84fa94-04c1-424b-9868-57a2d4851a1d" />
    <TestEntry testId="ed4965a1-8496-fe07-7a15-a4b6ff3a6c01" executionId="3b2ed6d9-37d1-4ff6-8a4e-767c426390c0" testListId="8c84fa94-04c1-424b-9868-57a2d4851a1d" />
    <TestEntry testId="07463560-fe1e-1bf5-756c-3855b7e10c80" executionId="402fca38-b713-4f73-807b-3f623c190e6f" testListId="8c84fa94-04c1-424b-9868-57a2d4851a1d" />
    <TestEntry testId="688dc57c-c208-28b7-33f2-3305ef050101" executionId="b95b9aaf-624d-4a68-b401-965eb59cbf08" testListId="8c84fa94-04c1-424b-9868-57a2d4851a1d" />
    <TestEntry testId="35d3b2af-88f2-4d57-694e-16750cb932cc" executionId="19a47691-7ee5-4e87-9b15-de2b51d0eef8" testListId="8c84fa94-04c1-424b-9868-57a2d4851a1d" />
    <TestEntry testId="9de5fc4f-9888-1567-9d1c-d6099a9364b8" executionId="33a4cb88-ff95-4900-8d5a-70c763e10fd1" testListId="8c84fa94-04c1-424b-9868-57a2d4851a1d" />
    <TestEntry testId="34623ff9-3d07-9b5d-98fa-c6b5fa4817ca" executionId="077f9aa7-8f88-4974-972f-5fea494840f6" testListId="8c84fa94-04c1-424b-9868-57a2d4851a1d" />
    <TestEntry testId="1fbac9c6-21c4-2e70-075e-e9ac833e3e65" executionId="201a40c2-b45b-4922-b226-6b02b635497f" testListId="8c84fa94-04c1-424b-9868-57a2d4851a1d" />
    <TestEntry testId="ffb00ba4-ce02-a130-df4a-6e8b9cb86ac4" executionId="092bcb87-6f1a-43b0-a4f9-06536ee03c75" testListId="8c84fa94-04c1-424b-9868-57a2d4851a1d" />
    <TestEntry testId="98730f78-2325-4eeb-b422-1e091e5fddd4" executionId="565d32d5-67bf-4d8c-b4df-2e654dda6256" testListId="8c84fa94-04c1-424b-9868-57a2d4851a1d" />
    <TestEntry testId="126ec2f5-78f0-f13d-b64f-66109967b306" executionId="c9e64af2-b34b-4688-a5d6-b982f44b60b5" testListId="8c84fa94-04c1-424b-9868-57a2d4851a1d" />
    <TestEntry testId="0a986e80-4b2c-c4ca-6ad6-b5ca2967677f" executionId="ce3884a7-7422-4c54-aa28-ed0fa85fbe4e" testListId="8c84fa94-04c1-424b-9868-57a2d4851a1d" />
    <TestEntry testId="92e5e17e-3edd-20d0-9b06-0034c762369e" executionId="b0802294-b1dc-410f-8a69-be5aef858979" testListId="8c84fa94-04c1-424b-9868-57a2d4851a1d" />
    <TestEntry testId="fd99a87a-3bb8-a325-d4f2-ce35f679de35" executionId="de3fe304-dc4f-4ce4-88ed-08dfe0a7d036" testListId="8c84fa94-04c1-424b-9868-57a2d4851a1d" />
    <TestEntry testId="5d4bb7b0-d05e-a221-6c48-f9b636b6b22a" executionId="dd51731a-9096-47a5-8e14-4125ac86fc51" testListId="8c84fa94-04c1-424b-9868-57a2d4851a1d" />
    <TestEntry testId="85a33156-f6c4-0ffe-cede-493853ad59a4" executionId="f5e512d6-2d23-4c8e-b8df-6e2f599ce179" testListId="8c84fa94-04c1-424b-9868-57a2d4851a1d" />
    <TestEntry testId="b579a8c2-c39e-0783-d31f-448a4ac14fd2" executionId="3433176e-75b1-4c57-8e4a-55d07fa429da" testListId="8c84fa94-04c1-424b-9868-57a2d4851a1d" />
    <TestEntry testId="4b1c7127-6c2f-eced-4373-f42d948b1057" executionId="c0859b0d-934b-4df4-9715-86e399d644aa" testListId="8c84fa94-04c1-424b-9868-57a2d4851a1d" />
    <TestEntry testId="087158de-7d42-8ec5-e6d8-6d024d31f254" executionId="a61f13cd-0200-4df6-82ab-68dd811fb9f0" testListId="8c84fa94-04c1-424b-9868-57a2d4851a1d" />
    <TestEntry testId="957125a5-9a23-664e-92fe-e1a2c3c1d353" executionId="d5df3849-02ef-489a-ba04-438bc98a7ad3" testListId="8c84fa94-04c1-424b-9868-57a2d4851a1d" />
    <TestEntry testId="405b3a67-5121-71ce-032e-a94b9ecde432" executionId="649a3d08-31e5-4e64-8ad2-d555dee4f24d" testListId="8c84fa94-04c1-424b-9868-57a2d4851a1d" />
    <TestEntry testId="876f8f72-8c88-918f-8323-2cc9285809e7" executionId="c59a559a-8fbd-4300-b348-58d247f5cf03" testListId="8c84fa94-04c1-424b-9868-57a2d4851a1d" />
    <TestEntry testId="8448cd19-ba30-a81b-7fe5-e5ed55668eb4" executionId="a0d3fd37-9af1-4d31-b3c8-620743a17150" testListId="8c84fa94-04c1-424b-9868-57a2d4851a1d" />
    <TestEntry testId="c6ee5cc1-2850-e8ba-1194-652677d97783" executionId="34a3957e-88e6-4ad6-9534-e417690c4191" testListId="8c84fa94-04c1-424b-9868-57a2d4851a1d" />
    <TestEntry testId="cf527e1c-c810-98ad-0b88-c9eecff14159" executionId="3ab27508-659e-4784-b982-5097f48dec9f" testListId="8c84fa94-04c1-424b-9868-57a2d4851a1d" />
    <TestEntry testId="b2c74c40-dde3-52e0-b284-826a41a6d2cc" executionId="a2b7a230-0bee-44f6-a2e8-f6776cca2f58" testListId="8c84fa94-04c1-424b-9868-57a2d4851a1d" />
    <TestEntry testId="9fb18c5b-dda6-3443-6e61-07b497a203fd" executionId="58286a8b-ca39-46d5-bd0b-71d408c6342b" testListId="8c84fa94-04c1-424b-9868-57a2d4851a1d" />
    <TestEntry testId="1d517d42-75a6-80c4-0c6d-7df485705b83" executionId="f9a4917f-dc26-4942-9a5a-84df0f41215f" testListId="8c84fa94-04c1-424b-9868-57a2d4851a1d" />
    <TestEntry testId="5ce4bcf7-4af4-871a-3210-77da068607b5" executionId="74f90139-f1f1-4418-9193-844d37ebfb01" testListId="8c84fa94-04c1-424b-9868-57a2d4851a1d" />
    <TestEntry testId="fdcbda02-55d9-36d0-e524-4fe388a82b96" executionId="7a1620ef-dcd0-494a-9439-380bbad9f542" testListId="8c84fa94-04c1-424b-9868-57a2d4851a1d" />
    <TestEntry testId="ee259f95-d2ce-cd65-822d-37f841002ac3" executionId="1fbf13f6-c5e8-4b18-ac22-8859fcb3b95b" testListId="8c84fa94-04c1-424b-9868-57a2d4851a1d" />
    <TestEntry testId="8852e37c-fd3e-4727-bb2e-e219c28a22ca" executionId="74385865-85a2-4669-bfe0-c3f9d26bca12" testListId="8c84fa94-04c1-424b-9868-57a2d4851a1d" />
    <TestEntry testId="f4605aa5-7cce-03e7-4788-380dcfd11226" executionId="9a1c5f50-0efc-4bc8-9743-8e70f1cd6894" testListId="8c84fa94-04c1-424b-9868-57a2d4851a1d" />
    <TestEntry testId="b8c8f7bd-ed9a-ac96-a790-8ee85c4e65ad" executionId="8db34fa1-707d-4408-9784-7824849ae419" testListId="8c84fa94-04c1-424b-9868-57a2d4851a1d" />
    <TestEntry testId="cb0065a1-b422-89d5-ed07-1ffd9c346cdd" executionId="bbd694b8-496e-4dcd-90f5-5c4dc9cdc89c" testListId="8c84fa94-04c1-424b-9868-57a2d4851a1d" />
    <TestEntry testId="2cecdd2f-eea1-dbef-9b53-175de938e3a7" executionId="3ca84d77-3fe9-4461-b70d-b5bf65282ac9" testListId="8c84fa94-04c1-424b-9868-57a2d4851a1d" />
    <TestEntry testId="3c4b8c91-4107-f07e-9d5e-d4f1479fead5" executionId="0c3a65da-244d-43fb-adab-073d1db21105" testListId="8c84fa94-04c1-424b-9868-57a2d4851a1d" />
    <TestEntry testId="57601901-385b-0ef3-ae38-54defbd20b73" executionId="da768c5e-e7ae-495a-9618-986e62e962cf" testListId="8c84fa94-04c1-424b-9868-57a2d4851a1d" />
    <TestEntry testId="9a586b0f-6fab-08a0-1a65-f400d02ce8ec" executionId="8e659539-fd4f-4fd1-ba5b-62bacca2c0a9" testListId="8c84fa94-04c1-424b-9868-57a2d4851a1d" />
    <TestEntry testId="a2f96103-f2d4-4c5c-0476-20a61d87198c" executionId="ab5136e1-5cf3-451c-8c08-9da7aa14e7b6" testListId="8c84fa94-04c1-424b-9868-57a2d4851a1d" />
    <TestEntry testId="f0912efc-fd75-b36a-35d4-77d21960e273" executionId="230176be-3363-4ef6-ae81-c0b2e752cc09" testListId="8c84fa94-04c1-424b-9868-57a2d4851a1d" />
    <TestEntry testId="6400466c-4bc1-9896-66a7-4b0274657418" executionId="634dcf52-d3bb-4c71-a2af-e9cf376893f1" testListId="8c84fa94-04c1-424b-9868-57a2d4851a1d" />
    <TestEntry testId="a205501e-ca94-3c5d-0275-b693d8b9c2ad" executionId="1e7b8498-f73e-4f93-8bd9-36e6da281c39" testListId="8c84fa94-04c1-424b-9868-57a2d4851a1d" />
    <TestEntry testId="c83b9074-7e52-4161-f148-626234f2b57e" executionId="f5e47c06-8fd3-4741-b396-71ecb6beffff" testListId="8c84fa94-04c1-424b-9868-57a2d4851a1d" />
    <TestEntry testId="7ee1b64c-1187-8769-0b85-f4e9576bca63" executionId="294e7e6d-386a-417f-b1fc-ae48f3da427d" testListId="8c84fa94-04c1-424b-9868-57a2d4851a1d" />
    <TestEntry testId="c25d3397-c652-ef2d-5179-297748ed165e" executionId="a9263238-4ec0-4684-9fe1-cf607bae33b0" testListId="8c84fa94-04c1-424b-9868-57a2d4851a1d" />
    <TestEntry testId="7bf3de47-b6ff-f2f9-2ef8-7aa6730440d2" executionId="27d5b913-5422-4c9b-82ea-ef9a66384146" testListId="8c84fa94-04c1-424b-9868-57a2d4851a1d" />
    <TestEntry testId="03cca6ec-42d3-c37a-a545-f4fb095588f2" executionId="b85fee03-7cf2-4e0b-9f87-0f001af6d8ff" testListId="8c84fa94-04c1-424b-9868-57a2d4851a1d" />
    <TestEntry testId="522c7cfe-fd63-d137-e45a-042bbfe7d3ca" executionId="05c06412-a339-4f8e-b9e9-aa4ffa734717" testListId="8c84fa94-04c1-424b-9868-57a2d4851a1d" />
    <TestEntry testId="708f1f23-5346-173d-bab3-c1ec4924ad5d" executionId="9ad4b3a6-8403-4a0c-a89b-ebc82a6bad17" testListId="8c84fa94-04c1-424b-9868-57a2d4851a1d" />
    <TestEntry testId="36c90cc2-c2aa-72ca-b051-efd59a5aadbf" executionId="88388bdd-e28a-4a1a-a3df-8505fdae9f03" testListId="8c84fa94-04c1-424b-9868-57a2d4851a1d" />
    <TestEntry testId="01fccf0f-d10a-5af5-06a0-b814f64e0beb" executionId="bdc70566-b97b-48a4-bd9c-88d84856c521" testListId="8c84fa94-04c1-424b-9868-57a2d4851a1d" />
    <TestEntry testId="aa4b4e8b-e459-db4a-b833-f3add1a3b794" executionId="2fa135bc-e2cb-4b18-8642-b99dedf06ab0" testListId="8c84fa94-04c1-424b-9868-57a2d4851a1d" />
    <TestEntry testId="ac1e9b21-e3ab-299e-1594-6b114fa3fbf4" executionId="3143b5a1-6e2e-4cb8-ac65-f82414af67de" testListId="8c84fa94-04c1-424b-9868-57a2d4851a1d" />
    <TestEntry testId="29c1f417-b476-0d2a-a835-00fd7c1385f1" executionId="d2be25f7-6161-41c4-ac5c-5bfb0a56c22b" testListId="8c84fa94-04c1-424b-9868-57a2d4851a1d" />
    <TestEntry testId="559c0fd0-b338-3172-7c3c-4f7c960e40e0" executionId="65be5b44-89d5-4354-acc6-9b1be7dc15f3" testListId="8c84fa94-04c1-424b-9868-57a2d4851a1d" />
    <TestEntry testId="aa04ca42-80d6-3bbb-c8f8-bf402ed0d254" executionId="8d79a5f2-a965-4a4d-bbec-cd68ed662639" testListId="8c84fa94-04c1-424b-9868-57a2d4851a1d" />
    <TestEntry testId="7adbc949-2890-c898-d8f2-631fea07e38b" executionId="f8ac7fff-5830-467d-8a82-8339dfb3d7d6" testListId="8c84fa94-04c1-424b-9868-57a2d4851a1d" />
    <TestEntry testId="61babfdb-3040-2b2d-0747-d07ca27c918f" executionId="6cbbfa37-2483-4c74-99e2-04c9b786f685" testListId="8c84fa94-04c1-424b-9868-57a2d4851a1d" />
    <TestEntry testId="9ab8b65b-6014-6ddc-117c-47f5b9c0e082" executionId="6d0b411c-dc84-4ce2-84c6-c154b718c743" testListId="8c84fa94-04c1-424b-9868-57a2d4851a1d" />
    <TestEntry testId="6f0a5011-5e7e-afcf-75b8-f301c51609d8" executionId="bf3c9dc7-71f5-48a0-9393-eb14b2c952cb" testListId="8c84fa94-04c1-424b-9868-57a2d4851a1d" />
    <TestEntry testId="e0bd48f6-acfe-7195-a764-a3ddf2f68b3c" executionId="b3f5e612-c8c1-4241-baf6-0d85af3c4664" testListId="8c84fa94-04c1-424b-9868-57a2d4851a1d" />
    <TestEntry testId="6c45cc68-2adb-34c5-4302-f70fc3cddf0d" executionId="6ae6b120-a520-4607-a3ac-e3868cb17dc4" testListId="8c84fa94-04c1-424b-9868-57a2d4851a1d" />
    <TestEntry testId="95c487cf-3867-9103-0c20-4def221c634a" executionId="0b54827a-06a0-4d5b-8ae3-f8fde61b5186" testListId="8c84fa94-04c1-424b-9868-57a2d4851a1d" />
    <TestEntry testId="b1696c9f-46c1-c364-8cc3-3831176fbb87" executionId="d2423b6d-8f9a-4911-9e49-4fa1b8e50a7e" testListId="8c84fa94-04c1-424b-9868-57a2d4851a1d" />
    <TestEntry testId="ebdaa647-ba18-138c-1209-3f425196fd66" executionId="2ff52906-4356-4458-a77e-d61f1b88b03e" testListId="8c84fa94-04c1-424b-9868-57a2d4851a1d" />
    <TestEntry testId="32adbb22-1811-d1f2-9cf1-8b6ee8a33774" executionId="3f7f4269-1d97-4686-8b16-d79cbcffae25" testListId="8c84fa94-04c1-424b-9868-57a2d4851a1d" />
    <TestEntry testId="642dd1a6-48fd-99bc-8a74-c00d45b43987" executionId="cc176c85-4fdb-47bd-97db-00886c33ea17" testListId="8c84fa94-04c1-424b-9868-57a2d4851a1d" />
    <TestEntry testId="846e41ec-c89e-b452-a47c-cc21b7bfc735" executionId="b350c4c1-bfc8-4728-958c-485e8ae7c3ab" testListId="8c84fa94-04c1-424b-9868-57a2d4851a1d" />
    <TestEntry testId="7760dcaf-2150-fde6-0898-6fa9fe96d112" executionId="8a04ddc3-364b-4bc0-9131-8e3e5ec0d6fb" testListId="8c84fa94-04c1-424b-9868-57a2d4851a1d" />
    <TestEntry testId="3901c743-3bc8-184d-30a4-6a3d5f4c1187" executionId="6c0dbbfa-6e43-4f36-92cc-efb035e2769b" testListId="8c84fa94-04c1-424b-9868-57a2d4851a1d" />
    <TestEntry testId="bb1a2f95-ea4f-7130-20ba-8994f558dff9" executionId="80c00a4d-f346-4352-9327-0bf8c411c427" testListId="8c84fa94-04c1-424b-9868-57a2d4851a1d" />
    <TestEntry testId="5378d93d-5ac8-e1b3-7ed6-c1800b220c7c" executionId="57f374bf-e779-40d8-b373-98490ff1909a" testListId="8c84fa94-04c1-424b-9868-57a2d4851a1d" />
    <TestEntry testId="19b82c5e-c6a1-335f-7f89-04cedd19fdf0" executionId="9ad73bdc-1075-4ea9-b48d-06b5f52dedfa" testListId="8c84fa94-04c1-424b-9868-57a2d4851a1d" />
    <TestEntry testId="77dd8cfb-0a83-964d-6289-87e56f14686f" executionId="3976183b-22f3-477d-8924-d1879b0ceb27" testListId="8c84fa94-04c1-424b-9868-57a2d4851a1d" />
    <TestEntry testId="c8dc907a-d532-d029-aad5-dd206da62c62" executionId="ad9fda82-c29b-4d0f-ae8a-8ce9e8d50181" testListId="8c84fa94-04c1-424b-9868-57a2d4851a1d" />
    <TestEntry testId="e1d9adae-f3ac-4793-2916-a7ac3c855e70" executionId="0893beea-6e3c-4145-8978-772671e2bad2" testListId="8c84fa94-04c1-424b-9868-57a2d4851a1d" />
    <TestEntry testId="80de09ea-9a56-2aae-f6d0-c4b53a14a1a0" executionId="0fa95fbd-6178-498a-94b6-34150b9f445f" testListId="8c84fa94-04c1-424b-9868-57a2d4851a1d" />
    <TestEntry testId="7effa090-6a62-da1e-ce40-a59e580c75cf" executionId="68eff7de-4a3d-4554-84c6-7e8bd9c2f4e9" testListId="8c84fa94-04c1-424b-9868-57a2d4851a1d" />
    <TestEntry testId="56837a9f-7c32-b344-c8b9-1ad827b8090e" executionId="d54d39c6-1d7e-4972-a188-30842ea6e934" testListId="8c84fa94-04c1-424b-9868-57a2d4851a1d" />
    <TestEntry testId="98ef8332-67aa-fa62-879c-1bd696d0ea47" executionId="06edba81-e04b-4e4d-a7fc-9b976099c5e2" testListId="8c84fa94-04c1-424b-9868-57a2d4851a1d" />
    <TestEntry testId="ca16625d-eb92-64b7-3952-e8f31978169a" executionId="1169bdd9-338b-42e9-bb48-dede6d66119d" testListId="8c84fa94-04c1-424b-9868-57a2d4851a1d" />
    <TestEntry testId="0992b424-6060-3ea6-b3c5-2887fa11dae5" executionId="3dcdf6ac-ae1f-4a38-b635-406293fcc771" testListId="8c84fa94-04c1-424b-9868-57a2d4851a1d" />
    <TestEntry testId="7a2f595b-b003-8ea5-7267-c830e23c887f" executionId="3c440982-3998-479e-bc86-a17def4475f9" testListId="8c84fa94-04c1-424b-9868-57a2d4851a1d" />
    <TestEntry testId="ad914e26-aef4-6fc6-ca0e-f04bee9bb23a" executionId="40a8dc91-b05c-4232-9270-6e0164a5da2b" testListId="8c84fa94-04c1-424b-9868-57a2d4851a1d" />
    <TestEntry testId="1a5dee41-8651-9d09-732a-b8579841e66f" executionId="12e8327f-d932-4ff5-bc12-508d4737e3a2" testListId="8c84fa94-04c1-424b-9868-57a2d4851a1d" />
    <TestEntry testId="1681c78a-0edb-4b9a-e54a-7eea34853482" executionId="89cbf93e-6e27-46f1-a21c-0bb6f2746d4c" testListId="8c84fa94-04c1-424b-9868-57a2d4851a1d" />
    <TestEntry testId="843ee867-83af-0c42-5867-81d2e79ed992" executionId="dabf748d-4131-49ab-a787-44816a7b0811" testListId="8c84fa94-04c1-424b-9868-57a2d4851a1d" />
    <TestEntry testId="8131496b-3be6-94fb-d1e9-9002d4ddeb64" executionId="bccef42d-5dd9-4dd6-9955-beda7caeac1f" testListId="8c84fa94-04c1-424b-9868-57a2d4851a1d" />
    <TestEntry testId="3242b08a-8c53-6305-a1a6-4d41edc1a585" executionId="b1fd69ea-d7c3-41e8-9300-a2e4a638c98b" testListId="8c84fa94-04c1-424b-9868-57a2d4851a1d" />
    <TestEntry testId="2c194c62-ab45-d0a8-6cae-8f7b13a3dc62" executionId="66d53f51-3907-465b-bce8-0fb108c9fb3e" testListId="8c84fa94-04c1-424b-9868-57a2d4851a1d" />
    <TestEntry testId="f1738d77-a0de-c47a-e1d6-59e5e97f5147" executionId="a175fd51-511a-4f7f-bbef-a500352b02ea" testListId="8c84fa94-04c1-424b-9868-57a2d4851a1d" />
    <TestEntry testId="30d06da3-1b27-9146-8e4f-c5f83ae3b739" executionId="ba5be155-62fb-4221-836d-87a358bc40bf" testListId="8c84fa94-04c1-424b-9868-57a2d4851a1d" />
    <TestEntry testId="d6cc6866-ecc3-8771-accb-af4a2454732c" executionId="2457b25b-1375-4b5c-8d4f-a249521c65e5" testListId="8c84fa94-04c1-424b-9868-57a2d4851a1d" />
    <TestEntry testId="55c99bc0-00c5-a00f-80bf-fb26602d492c" executionId="a8bbcb51-0e80-49a3-ab80-615839568d3f" testListId="8c84fa94-04c1-424b-9868-57a2d4851a1d" />
    <TestEntry testId="9c73a19d-e360-ec9f-ec0f-30d780c94ce8" executionId="1ac55b29-45bd-42da-bfcf-50f58e8a4034" testListId="8c84fa94-04c1-424b-9868-57a2d4851a1d" />
    <TestEntry testId="7e309a71-e6b8-3094-ee99-9c3a8deb9244" executionId="4c213917-a3f7-4fe3-9f7c-963e2790c9dc" testListId="8c84fa94-04c1-424b-9868-57a2d4851a1d" />
    <TestEntry testId="ca9891f0-25c1-0c6f-1e90-eda587dd06fd" executionId="94d1ed33-ffa1-4a62-92c7-39c7c5087e06" testListId="8c84fa94-04c1-424b-9868-57a2d4851a1d" />
    <TestEntry testId="428769b5-1187-c112-dcfb-0d0ffe790c0f" executionId="7fda3bc7-0f68-45b4-97e7-4caabc51bb5b" testListId="8c84fa94-04c1-424b-9868-57a2d4851a1d" />
    <TestEntry testId="ccd33390-7d3a-708d-008c-b7c64c126dc6" executionId="154542e2-c42a-4a88-8d03-acc8355422c8" testListId="8c84fa94-04c1-424b-9868-57a2d4851a1d" />
    <TestEntry testId="94eb6e65-ad91-9632-9ba1-3f9e762ebc4a" executionId="fc9302c7-022e-43e8-ae81-7a7b536c24ee" testListId="8c84fa94-04c1-424b-9868-57a2d4851a1d" />
    <TestEntry testId="9fdd5097-1d04-0b3b-e96f-9c384fcb7d4b" executionId="947e4b52-d58e-486e-ab81-4641eec7bfb5" testListId="8c84fa94-04c1-424b-9868-57a2d4851a1d" />
    <TestEntry testId="8752860b-7193-c260-b776-1678dca2befb" executionId="4614c9cf-de55-4556-9a89-140464bc77e1" testListId="8c84fa94-04c1-424b-9868-57a2d4851a1d" />
    <TestEntry testId="ea564cd8-8339-8080-3ce7-b5ea3281b775" executionId="bcfa707e-6968-4034-8d75-ec0620366b3b" testListId="8c84fa94-04c1-424b-9868-57a2d4851a1d" />
    <TestEntry testId="0e47ca21-df86-1f9c-4ad8-b0a2b8ab37c6" executionId="71930cbb-cf3b-4eb0-9b4a-5e7af76648ce" testListId="8c84fa94-04c1-424b-9868-57a2d4851a1d" />
    <TestEntry testId="1f618a68-de7a-7347-3213-c0f6ccf36a3c" executionId="37d8111b-75d8-46ad-bfeb-635bb94bae7b" testListId="8c84fa94-04c1-424b-9868-57a2d4851a1d" />
    <TestEntry testId="5c65ae24-ee3d-180a-7d62-85ad9e101963" executionId="66c2b860-6fe1-419a-bbf4-6753fe0490b8" testListId="8c84fa94-04c1-424b-9868-57a2d4851a1d" />
    <TestEntry testId="9a10372e-a02d-3f16-421e-34fbd7021c02" executionId="6ad6cbf2-bd7e-4782-937f-c940311834ff" testListId="8c84fa94-04c1-424b-9868-57a2d4851a1d" />
    <TestEntry testId="6b2a7fc4-35f4-d1bc-0071-bd1450268ecd" executionId="aa7ab121-3c6a-4530-ba42-37b4999a9404" testListId="8c84fa94-04c1-424b-9868-57a2d4851a1d" />
    <TestEntry testId="8ef3405e-27c6-cd37-3706-0a9818d45f10" executionId="d5c7db8f-1100-4986-bce5-d02c4b56be6f" testListId="8c84fa94-04c1-424b-9868-57a2d4851a1d" />
    <TestEntry testId="af9beff1-2bbe-d0d7-60e1-750942868f7d" executionId="fefc9d4a-2a1a-49b9-aadb-e5231402d8af" testListId="8c84fa94-04c1-424b-9868-57a2d4851a1d" />
    <TestEntry testId="ecb8bf32-5a61-2b0c-83cb-797a0a9a98e5" executionId="3add484d-1d68-40bf-8785-386c0af0b2e2" testListId="8c84fa94-04c1-424b-9868-57a2d4851a1d" />
    <TestEntry testId="09ceba7c-dcc6-b9c1-a812-b416649d8906" executionId="55a1bbee-8970-49f0-977a-c76d3e9818f8" testListId="8c84fa94-04c1-424b-9868-57a2d4851a1d" />
    <TestEntry testId="1f235f94-fed2-06ca-6116-db4b8f3db6c1" executionId="b6934cf1-988f-4885-a16a-0c1346b20977" testListId="8c84fa94-04c1-424b-9868-57a2d4851a1d" />
    <TestEntry testId="df483ce9-49ce-3b6d-0f26-60aec68729bd" executionId="b6aad0fb-4845-4755-a0cc-627ec22fc7e8" testListId="8c84fa94-04c1-424b-9868-57a2d4851a1d" />
    <TestEntry testId="1660e8cc-26ea-d322-18b6-63871367505e" executionId="eee03a72-1922-449a-8e33-89b86d1e5062" testListId="8c84fa94-04c1-424b-9868-57a2d4851a1d" />
    <TestEntry testId="9f89a9d1-c9e6-bffe-c977-4a26b57503c1" executionId="9edebca2-047d-44c7-b513-c4ee3b8712f8" testListId="8c84fa94-04c1-424b-9868-57a2d4851a1d" />
    <TestEntry testId="fbff5455-ddab-d914-44c0-c484d7c1e7e1" executionId="20c39807-8286-4049-9dac-2a9eab585866" testListId="8c84fa94-04c1-424b-9868-57a2d4851a1d" />
    <TestEntry testId="74f52bdc-4426-0c57-e65a-8dddfa4c732c" executionId="3aa18b91-3d9c-4811-914e-241b7249fa48" testListId="8c84fa94-04c1-424b-9868-57a2d4851a1d" />
    <TestEntry testId="faf5a96a-ee69-9665-2cc0-0a84ba762afb" executionId="124a1c7f-b183-46f7-bd19-69ae2974458a" testListId="8c84fa94-04c1-424b-9868-57a2d4851a1d" />
    <TestEntry testId="bf35735d-d699-c727-e807-963731ad9661" executionId="a4c3ecfe-c2ac-4494-b394-1043d65f2313" testListId="8c84fa94-04c1-424b-9868-57a2d4851a1d" />
    <TestEntry testId="5bf20f40-a01c-d0b9-1efb-e834cdac909e" executionId="6ff4ec67-94c3-4369-b7c6-1999eba17811" testListId="8c84fa94-04c1-424b-9868-57a2d4851a1d" />
    <TestEntry testId="ad108fc0-aabc-b802-0b63-23a0619224bb" executionId="aba696ed-4c12-45e2-b034-9314e84c4f3c" testListId="8c84fa94-04c1-424b-9868-57a2d4851a1d" />
    <TestEntry testId="0c62fdff-bc7a-ba98-0d37-2c839a1d22a5" executionId="1fe4944c-e590-465f-8c8a-5c453557671b" testListId="8c84fa94-04c1-424b-9868-57a2d4851a1d" />
    <TestEntry testId="17ad507b-256a-a099-8c8d-e3603a739c60" executionId="3c2dc4d2-e31c-4b1d-9867-3e9f3607864d" testListId="8c84fa94-04c1-424b-9868-57a2d4851a1d" />
    <TestEntry testId="31acf1dd-9c4a-61fc-f04a-7670072f8cee" executionId="0fc22fcc-ae05-43ed-b871-54c5ebecbf62" testListId="8c84fa94-04c1-424b-9868-57a2d4851a1d" />
    <TestEntry testId="f65e015b-3006-f4de-bce1-d2a4ba14caf4" executionId="80a85431-1175-4edf-b031-b9c0bdbf2d08" testListId="8c84fa94-04c1-424b-9868-57a2d4851a1d" />
    <TestEntry testId="d7e9a40e-5aae-ca6b-0730-d7b298794003" executionId="d9f25653-c9e1-4923-aa54-abd92ddb4ad3" testListId="8c84fa94-04c1-424b-9868-57a2d4851a1d" />
    <TestEntry testId="3e0b9743-6861-18a4-8431-eb9220f0409e" executionId="df577e93-517d-4a0c-ae78-4cec24adcf7e" testListId="8c84fa94-04c1-424b-9868-57a2d4851a1d" />
    <TestEntry testId="4dd1d98c-b88c-4c41-1458-ec2a8b07aa1f" executionId="92f32573-1fec-4c17-879d-287ad0b69987" testListId="8c84fa94-04c1-424b-9868-57a2d4851a1d" />
    <TestEntry testId="5b791213-f2d8-6134-e806-cb0d0397583c" executionId="d4f5ebd2-1299-4db6-a61f-59ef6fd673b0" testListId="8c84fa94-04c1-424b-9868-57a2d4851a1d" />
    <TestEntry testId="83dcd369-77ce-9f21-44a8-1b5b3c523bc1" executionId="19c7c487-91c3-4565-8fe1-e04c39a01694" testListId="8c84fa94-04c1-424b-9868-57a2d4851a1d" />
    <TestEntry testId="34062ffc-142c-1f70-571a-14a92d69e4ef" executionId="7bbe10f5-26f6-49d9-8f81-77915be82944" testListId="8c84fa94-04c1-424b-9868-57a2d4851a1d" />
    <TestEntry testId="fd3a580b-8fed-0fa4-ed40-f41aa0936ab3" executionId="671fb451-6fe6-4a1d-85c8-fa07787c7409" testListId="8c84fa94-04c1-424b-9868-57a2d4851a1d" />
    <TestEntry testId="2db34fee-8824-5d30-ebb6-3f8f9f51225b" executionId="49d775a2-d7c1-4e93-a4c7-5467f8a48eb0" testListId="8c84fa94-04c1-424b-9868-57a2d4851a1d" />
    <TestEntry testId="be280c98-fa0b-0699-345d-8b2cb4c43cc6" executionId="f4df0ec7-9372-4f60-a65c-859ac9a3bdf2" testListId="8c84fa94-04c1-424b-9868-57a2d4851a1d" />
    <TestEntry testId="62b42567-841c-e722-15e5-d8fb4949f3a3" executionId="23750fab-5285-4af2-b0b0-501093158c5d" testListId="8c84fa94-04c1-424b-9868-57a2d4851a1d" />
    <TestEntry testId="1cd93476-56a8-2af2-62ea-c262e76b1dfa" executionId="68cfd28a-7d5b-4549-b58e-fffa83cc8f65" testListId="8c84fa94-04c1-424b-9868-57a2d4851a1d" />
    <TestEntry testId="d6f3f09b-826a-3e5c-8544-20afd485ccbb" executionId="260b5b07-a4fc-43d2-94f0-9187636457ef" testListId="8c84fa94-04c1-424b-9868-57a2d4851a1d" />
    <TestEntry testId="5fb3289c-0898-b637-c578-89fa351cb45a" executionId="dac99bbf-e7fa-4734-82a2-f7fb2a194312" testListId="8c84fa94-04c1-424b-9868-57a2d4851a1d" />
    <TestEntry testId="ea320186-17d6-e4ae-ed1e-a78b4d2ae984" executionId="dfa68a61-b875-48cf-b9d9-9da650d0ac20" testListId="8c84fa94-04c1-424b-9868-57a2d4851a1d" />
    <TestEntry testId="9ad99718-52a8-059d-7740-a95aa81d6a3c" executionId="f4a9fa6b-ba77-45b6-b62c-f37fe69dc99b" testListId="8c84fa94-04c1-424b-9868-57a2d4851a1d" />
    <TestEntry testId="68f8b9b9-2a87-77c7-6313-4ba22b7e2498" executionId="d62583b6-76a9-47e5-99c0-d491205e405a" testListId="8c84fa94-04c1-424b-9868-57a2d4851a1d" />
    <TestEntry testId="d5d64fc4-30f5-5996-cbf3-2982310c8b8f" executionId="d19dbcfc-637c-4904-bc46-3688f27391fa" testListId="8c84fa94-04c1-424b-9868-57a2d4851a1d" />
    <TestEntry testId="7c2eaf3a-425f-c336-f3bb-e6360e6af888" executionId="9cb0f47a-7538-408a-b61a-c46d7d2f0ad1" testListId="8c84fa94-04c1-424b-9868-57a2d4851a1d" />
    <TestEntry testId="0a404afc-7221-6448-ba5d-200f8c23d8ba" executionId="95a5df3a-0656-4f12-a60b-37dfa09443a5" testListId="8c84fa94-04c1-424b-9868-57a2d4851a1d" />
    <TestEntry testId="f21626c6-adf4-a600-f1f1-70adb28e4c61" executionId="821162ef-a5d5-4011-bf95-7c5cb2e3c15d" testListId="8c84fa94-04c1-424b-9868-57a2d4851a1d" />
    <TestEntry testId="6f2cb4ff-d28e-61ae-1c45-0637ef74dc8c" executionId="e2ee1d80-1357-4885-bc40-70a32c7bf8e2" testListId="8c84fa94-04c1-424b-9868-57a2d4851a1d" />
    <TestEntry testId="0ed72089-665d-a99b-cb93-76f80acaa3f6" executionId="33113aa8-c4cb-4cc4-9e50-a25b4601e462" testListId="8c84fa94-04c1-424b-9868-57a2d4851a1d" />
    <TestEntry testId="08d124b4-16eb-759b-68d0-24244a726e65" executionId="06c1beb3-bc36-44d7-879c-1f22c305031e" testListId="8c84fa94-04c1-424b-9868-57a2d4851a1d" />
    <TestEntry testId="7f873223-3311-a379-eb2c-47786448388a" executionId="36502195-6bbe-4117-8c02-3bfe4df5029b" testListId="8c84fa94-04c1-424b-9868-57a2d4851a1d" />
    <TestEntry testId="b4284103-16e6-167a-83c5-92b0f2244d05" executionId="5420217b-2310-4bee-86ee-b7038380b07c" testListId="8c84fa94-04c1-424b-9868-57a2d4851a1d" />
    <TestEntry testId="e78d9291-d393-a0f2-7923-8957b9ea5ea8" executionId="f1761e05-7327-4431-80fb-cecabac9b089" testListId="8c84fa94-04c1-424b-9868-57a2d4851a1d" />
    <TestEntry testId="65bd45d0-1646-705b-483f-3a01f5c153f1" executionId="b9e0ffa3-a568-4f9d-949d-dc6f281be535" testListId="8c84fa94-04c1-424b-9868-57a2d4851a1d" />
    <TestEntry testId="cc05241f-4bb8-6f2c-4dcf-62a5e028f147" executionId="fbe3bb6a-e80d-469c-a0e9-7f0dca0d9d2d" testListId="8c84fa94-04c1-424b-9868-57a2d4851a1d" />
    <TestEntry testId="425efe76-0a8a-0dce-9ee8-9216b9bef0b1" executionId="ba48abb3-9f8d-4e55-a855-70bdaf386d1b" testListId="8c84fa94-04c1-424b-9868-57a2d4851a1d" />
    <TestEntry testId="5a3092e1-1ec3-2b89-26e7-4af89a879ff5" executionId="f46798e8-56a9-42c4-a78b-7e514b11b5ca" testListId="8c84fa94-04c1-424b-9868-57a2d4851a1d" />
    <TestEntry testId="abd9c7b5-fcd9-2a51-d6ef-aa3432dc275c" executionId="d8caa9d7-e0f5-408b-a5e8-2b8b99dc5957" testListId="8c84fa94-04c1-424b-9868-57a2d4851a1d" />
    <TestEntry testId="d094a225-3834-4cbf-cbf4-5fc26c8c5dab" executionId="faf44d5b-465c-49a9-a46b-6583f9a09ee2" testListId="8c84fa94-04c1-424b-9868-57a2d4851a1d" />
    <TestEntry testId="ed47db8f-937f-9158-5d29-e76be4779fd5" executionId="7dfd6752-20e8-438c-8c75-7861e5eb06fb" testListId="8c84fa94-04c1-424b-9868-57a2d4851a1d" />
    <TestEntry testId="ecc3c336-73a1-207b-b118-01c7f31bd0f7" executionId="dd046af1-12d4-4f80-93b4-14fbed872f72" testListId="8c84fa94-04c1-424b-9868-57a2d4851a1d" />
    <TestEntry testId="9ff39c7b-55d3-feb0-e360-93e7964f2466" executionId="2e4c2358-3bd9-4cbc-955b-2e212dd5bdf6" testListId="8c84fa94-04c1-424b-9868-57a2d4851a1d" />
    <TestEntry testId="8bc7ae59-2fda-0585-d8e3-ba263855489b" executionId="44c46a4c-8a63-421f-a6ba-045ac2e67254" testListId="8c84fa94-04c1-424b-9868-57a2d4851a1d" />
    <TestEntry testId="17f39ca0-4cc1-897c-e6b0-64ee7aecd8d4" executionId="47955732-f12e-450b-9cfc-806478ceb191" testListId="8c84fa94-04c1-424b-9868-57a2d4851a1d" />
    <TestEntry testId="d02cad35-b3bf-84f4-3c6a-ee5653bc6872" executionId="3de23268-5593-4b2e-a518-47e437859f1c" testListId="8c84fa94-04c1-424b-9868-57a2d4851a1d" />
    <TestEntry testId="93787c08-48b9-8a4f-2129-c6d0b65007ed" executionId="a4ad19c6-9423-4c5c-8498-7ba003c8d949" testListId="8c84fa94-04c1-424b-9868-57a2d4851a1d" />
    <TestEntry testId="14449155-8246-e515-9c32-6e90ecf9ad48" executionId="272cff2a-81a3-44f3-9c52-becf4e208a6d" testListId="8c84fa94-04c1-424b-9868-57a2d4851a1d" />
    <TestEntry testId="149e8c0e-952f-9dba-6af1-9db3f14e53ba" executionId="d3a4ddd3-22bf-4f68-af34-8645e91e588f" testListId="8c84fa94-04c1-424b-9868-57a2d4851a1d" />
    <TestEntry testId="1fc26733-9404-611e-7ed7-10decf09dc8c" executionId="6e902b7c-aaf1-4d95-ae28-79621e5e84f6" testListId="8c84fa94-04c1-424b-9868-57a2d4851a1d" />
    <TestEntry testId="98cee799-1173-1f51-c0c5-0aa687288212" executionId="4b1d38b4-b969-4a4d-8e75-90be0fd0007e" testListId="8c84fa94-04c1-424b-9868-57a2d4851a1d" />
    <TestEntry testId="82d91444-8c71-e007-2855-3331e4c7f17f" executionId="f055d48f-b869-42f1-b59f-56edc25389d7" testListId="8c84fa94-04c1-424b-9868-57a2d4851a1d" />
    <TestEntry testId="ac8989ab-4506-2967-44b3-351b0a721ca6" executionId="793d88fc-f9cb-48c0-b429-3ece0dbf8904" testListId="8c84fa94-04c1-424b-9868-57a2d4851a1d" />
    <TestEntry testId="13a38238-ac94-d2b9-556a-5b92f34e033c" executionId="d1bd4d31-1427-4ddf-8b72-b27b071baae8" testListId="8c84fa94-04c1-424b-9868-57a2d4851a1d" />
    <TestEntry testId="95134662-59a9-f0ec-1416-338af46c8e81" executionId="febba8e4-7968-427d-8bcd-e9eb1983a920" testListId="8c84fa94-04c1-424b-9868-57a2d4851a1d" />
    <TestEntry testId="03cfe027-ab11-83ec-ecde-da4765345d39" executionId="ff148361-c92e-4b26-8114-e72017c1245a" testListId="8c84fa94-04c1-424b-9868-57a2d4851a1d" />
    <TestEntry testId="f8f339f4-028b-03e3-29b4-8358de996a80" executionId="eec38745-ac1f-4088-96f2-635f777826df" testListId="8c84fa94-04c1-424b-9868-57a2d4851a1d" />
    <TestEntry testId="71f6d80c-4b66-2723-5c5e-af6557ade01e" executionId="b50e2c60-8240-4117-9b1f-9f0ba6026b68" testListId="8c84fa94-04c1-424b-9868-57a2d4851a1d" />
    <TestEntry testId="711c7514-a791-0110-79d7-ee959029dd3d" executionId="0d672f3d-7545-4178-82bb-c5d7700f8c34" testListId="8c84fa94-04c1-424b-9868-57a2d4851a1d" />
    <TestEntry testId="66e0e8df-8d7d-0359-6cf7-f1f12cbce97e" executionId="83fbc1db-3a5d-43d1-b747-5d2a8e77f029" testListId="8c84fa94-04c1-424b-9868-57a2d4851a1d" />
    <TestEntry testId="3427bb45-5a79-dc09-771b-43979f92c5bb" executionId="7a6eee7b-0c3f-4780-b7e9-155f88dd561c" testListId="8c84fa94-04c1-424b-9868-57a2d4851a1d" />
    <TestEntry testId="b776a997-ce4a-5476-c42b-7fe379d4c9bf" executionId="2060a15d-eb4f-48dd-b3c2-53a64a169405" testListId="8c84fa94-04c1-424b-9868-57a2d4851a1d" />
    <TestEntry testId="35db2846-15a2-cb05-a8dc-cf4350777768" executionId="5cda1414-43dd-4fda-8f09-b4acb9a4efc2" testListId="8c84fa94-04c1-424b-9868-57a2d4851a1d" />
    <TestEntry testId="480f575c-d37a-4706-bcca-d9f6728f8904" executionId="6e26adea-f6ba-4570-8327-059fa3285ffe" testListId="8c84fa94-04c1-424b-9868-57a2d4851a1d" />
    <TestEntry testId="b9fdbf77-34bb-737a-bbe2-cfeca3325c25" executionId="85b26c68-87f1-46c3-9605-9f6d8ac8911f" testListId="8c84fa94-04c1-424b-9868-57a2d4851a1d" />
    <TestEntry testId="2de92347-7fcf-2175-a4d2-cecd917b42b7" executionId="545fc8d0-a594-4d6d-9178-59d7407e2e10" testListId="8c84fa94-04c1-424b-9868-57a2d4851a1d" />
    <TestEntry testId="842a2206-1fdd-2f74-dccc-0a42046f1be9" executionId="2707952c-ee61-47c2-b918-d50702d0285d" testListId="8c84fa94-04c1-424b-9868-57a2d4851a1d" />
    <TestEntry testId="19cfa543-c693-3b19-afc5-22690314e36f" executionId="c848e8c1-d992-4ee1-9c3c-f16215126de8" testListId="8c84fa94-04c1-424b-9868-57a2d4851a1d" />
    <TestEntry testId="38697fda-5a4e-9591-84e9-f9ca02a0edfe" executionId="ab6e3501-6ea1-4888-a33f-29bbd753f788" testListId="8c84fa94-04c1-424b-9868-57a2d4851a1d" />
    <TestEntry testId="980109d5-5d0e-da71-b73e-06f3706a3bf7" executionId="15198d52-3f80-4e27-a2bf-13ce340a881a" testListId="8c84fa94-04c1-424b-9868-57a2d4851a1d" />
    <TestEntry testId="246b9f94-3c4f-48df-417b-9ef783d37e7c" executionId="6d389cd7-1939-431d-aa6e-270fb4cea02d" testListId="8c84fa94-04c1-424b-9868-57a2d4851a1d" />
    <TestEntry testId="998206b6-4540-a34b-8ae2-f57051df64e0" executionId="7e7dcae2-f4af-4d29-b844-5f295c1d25ce" testListId="8c84fa94-04c1-424b-9868-57a2d4851a1d" />
    <TestEntry testId="087faf8f-6fab-0dbd-8e63-d64db86590fa" executionId="cd8ca114-8a6e-4307-be60-9929961e0af0" testListId="8c84fa94-04c1-424b-9868-57a2d4851a1d" />
    <TestEntry testId="8b0acf21-dec6-2072-b083-f6d758829c4b" executionId="102c1afe-119a-4a7f-b99e-25cbe20b2626" testListId="8c84fa94-04c1-424b-9868-57a2d4851a1d" />
    <TestEntry testId="fc530fd0-958c-e633-ce08-b5fee4bbee5b" executionId="7f8e8559-eed1-405b-90db-d2b8909ee3d8" testListId="8c84fa94-04c1-424b-9868-57a2d4851a1d" />
    <TestEntry testId="8160dcac-1e7b-c78c-5791-b21536596c57" executionId="f319febc-9fe6-4a2c-ab5a-d97d4dca420e" testListId="8c84fa94-04c1-424b-9868-57a2d4851a1d" />
    <TestEntry testId="753e3bea-35f3-6647-e866-9d6153b1c19d" executionId="fbf95667-c3da-4f1e-b54f-9ce6d3a7987c" testListId="8c84fa94-04c1-424b-9868-57a2d4851a1d" />
    <TestEntry testId="ed9eb185-8212-4c99-bc61-7aeac1e7f22c" executionId="abf1fdde-010c-4788-b5a2-d637e6d04ce6" testListId="8c84fa94-04c1-424b-9868-57a2d4851a1d" />
    <TestEntry testId="116dcf32-ec23-0fb3-1dbb-7e75d8c8a848" executionId="f96d113b-fd57-45b7-b6de-f3a4f453ab06" testListId="8c84fa94-04c1-424b-9868-57a2d4851a1d" />
    <TestEntry testId="6113174b-eb7d-ec0b-603c-c0d108544925" executionId="7542df8d-7c19-4b1f-af15-05f6e64afa3f" testListId="8c84fa94-04c1-424b-9868-57a2d4851a1d" />
    <TestEntry testId="487327dd-7f40-8526-e7f6-0ee182f24e7f" executionId="a3d589ac-dc6e-413b-a018-854e8dd3caf3" testListId="8c84fa94-04c1-424b-9868-57a2d4851a1d" />
    <TestEntry testId="dc164155-0997-146f-0c88-fb287b956124" executionId="900a3301-e5a0-4e86-a4f8-3face70017f3" testListId="8c84fa94-04c1-424b-9868-57a2d4851a1d" />
    <TestEntry testId="33535701-d412-1c7b-a73f-0362eca7055b" executionId="8b093b08-9297-4e97-896c-085ecccf1f9b" testListId="8c84fa94-04c1-424b-9868-57a2d4851a1d" />
    <TestEntry testId="e63b80f4-a542-adfd-8bf6-d9ceb9cbfada" executionId="d91c84f9-51b4-494e-8d28-c24576773dcf" testListId="8c84fa94-04c1-424b-9868-57a2d4851a1d" />
    <TestEntry testId="50420cd9-6dc3-9c0b-b1e4-285678d9971e" executionId="3bc73c29-99ed-42a0-8468-0d886c2955ee" testListId="8c84fa94-04c1-424b-9868-57a2d4851a1d" />
    <TestEntry testId="1e996225-6981-7956-f651-caf67dcb7b96" executionId="d92bd502-062d-43e0-85fe-6ded8adbba0c" testListId="8c84fa94-04c1-424b-9868-57a2d4851a1d" />
    <TestEntry testId="42ab4b7d-f8d6-d8a7-183e-4ac5431f7a98" executionId="94401a60-eed8-47a8-9950-9acd2bd31f36" testListId="8c84fa94-04c1-424b-9868-57a2d4851a1d" />
    <TestEntry testId="27ad5ee7-f887-563b-49c6-144de33d87d4" executionId="cc82e180-2004-41d4-b575-8f639db99f45" testListId="8c84fa94-04c1-424b-9868-57a2d4851a1d" />
    <TestEntry testId="c01b2432-b051-27ae-42c0-70c0a49dea81" executionId="9eab8f44-fa8d-488e-82a8-f46e4271220e" testListId="8c84fa94-04c1-424b-9868-57a2d4851a1d" />
    <TestEntry testId="615791af-7efe-e999-c9c2-6572ce5f748a" executionId="8254c7ee-0535-459e-bca6-f3cdcd6f3884" testListId="8c84fa94-04c1-424b-9868-57a2d4851a1d" />
    <TestEntry testId="ffee8f18-3c2c-d843-04cd-c0d1f0deae5c" executionId="86887703-6b46-4ab1-ad62-57ecb2fdbe06" testListId="8c84fa94-04c1-424b-9868-57a2d4851a1d" />
    <TestEntry testId="1650692f-cf74-7410-7f60-45fd69f4276c" executionId="c74c9362-759e-424f-b821-2959f9946cef" testListId="8c84fa94-04c1-424b-9868-57a2d4851a1d" />
    <TestEntry testId="317783c4-28af-c5c1-7246-e9567c42fc9b" executionId="c1142dc2-cbab-4c62-807a-4861b5e3aa87" testListId="8c84fa94-04c1-424b-9868-57a2d4851a1d" />
    <TestEntry testId="5f61eebd-6eb5-1e3a-3a93-06a413d6ff05" executionId="65266636-a3a4-4c2b-964f-cbb7589ff870" testListId="8c84fa94-04c1-424b-9868-57a2d4851a1d" />
    <TestEntry testId="31a7e7a7-5270-e4ba-77cc-51cd7dd80ee4" executionId="f0f4383b-2a12-4913-9258-2b9f4fb88054" testListId="8c84fa94-04c1-424b-9868-57a2d4851a1d" />
    <TestEntry testId="969b62f7-27c4-1c30-a171-2dfac7a21dc9" executionId="ef87d250-b2c7-4ebe-874c-14a47d7025ea" testListId="8c84fa94-04c1-424b-9868-57a2d4851a1d" />
    <TestEntry testId="054db292-1111-64c7-34ac-8efe6395cda2" executionId="a3ff52df-52b7-4437-afd5-13cf426593b5" testListId="8c84fa94-04c1-424b-9868-57a2d4851a1d" />
    <TestEntry testId="37f3d440-2df3-c851-151b-68d9f01a14bd" executionId="d0a38f3a-0afe-44ba-a06c-5b4004194e7d" testListId="8c84fa94-04c1-424b-9868-57a2d4851a1d" />
    <TestEntry testId="1362948c-4ccf-67fc-3a80-29a76df6f23f" executionId="9b94cad8-a362-4a6c-ba86-49fbbebea193" testListId="8c84fa94-04c1-424b-9868-57a2d4851a1d" />
    <TestEntry testId="bdbefc40-e06f-d103-3967-2f1279260a38" executionId="877b96dc-d386-417f-a100-a76f8dbdf5f6" testListId="8c84fa94-04c1-424b-9868-57a2d4851a1d" />
    <TestEntry testId="1bae435c-6727-c50b-5903-4986a9cbf064" executionId="3e442188-2c22-40a8-b87e-d23830bea0a4" testListId="8c84fa94-04c1-424b-9868-57a2d4851a1d" />
    <TestEntry testId="343733bb-b754-f760-a517-10e7cc400613" executionId="3d3358b1-1f1b-464e-92c7-7fdc278e8900" testListId="8c84fa94-04c1-424b-9868-57a2d4851a1d" />
    <TestEntry testId="6d6e2caa-4488-c6ba-adfe-1faf09cdf232" executionId="517dbac3-77ef-493c-888e-30bc08f374c9" testListId="8c84fa94-04c1-424b-9868-57a2d4851a1d" />
    <TestEntry testId="48a3bb5f-4fbc-371d-7d2d-9a0ccc0db418" executionId="49d832ac-727f-49d4-ad48-39286df36d4e" testListId="8c84fa94-04c1-424b-9868-57a2d4851a1d" />
    <TestEntry testId="1457077c-3dad-dfe0-90c9-c60b8511fc1e" executionId="ef1666fc-637f-41d3-a181-caca9f492565" testListId="8c84fa94-04c1-424b-9868-57a2d4851a1d" />
    <TestEntry testId="568a5fb7-d3e0-2f1b-9d2d-dade0008626b" executionId="0d7b747f-06a1-49e3-9d81-7291ac6fea65" testListId="8c84fa94-04c1-424b-9868-57a2d4851a1d" />
    <TestEntry testId="09eaf8a5-ab9b-ef36-be84-de0e92978a50" executionId="ca4edbe9-8312-4f52-a963-1957ab10fa2e" testListId="8c84fa94-04c1-424b-9868-57a2d4851a1d" />
    <TestEntry testId="a04d36e0-e343-241a-eaa9-5521394ff528" executionId="5bde0f0f-f7ad-4fb7-83f7-f44f6fda658c" testListId="8c84fa94-04c1-424b-9868-57a2d4851a1d" />
    <TestEntry testId="1d256cb6-d14a-6003-7aa7-f7489200f8a9" executionId="79abde85-67ca-41b2-b7ca-c7ceecf4757c" testListId="8c84fa94-04c1-424b-9868-57a2d4851a1d" />
    <TestEntry testId="b02062cd-af07-4d5d-72f2-22a7b794a111" executionId="1ca36ce6-5057-4735-a23c-ae294fe531a5" testListId="8c84fa94-04c1-424b-9868-57a2d4851a1d" />
    <TestEntry testId="f84e6b36-724a-2113-36e5-057dd0394ebd" executionId="cb724d26-1208-42ae-8e84-fe45cf54c129" testListId="8c84fa94-04c1-424b-9868-57a2d4851a1d" />
    <TestEntry testId="7ba4c3e1-e73b-3dc9-2bcb-a0096fd7fad4" executionId="53b6c9ef-7f8b-4328-9fc4-142dff9f6173" testListId="8c84fa94-04c1-424b-9868-57a2d4851a1d" />
    <TestEntry testId="72f01043-00dd-aa01-fb44-20e2efefe167" executionId="cb595c83-4aff-4c75-b9c7-a8881e8306c7" testListId="8c84fa94-04c1-424b-9868-57a2d4851a1d" />
    <TestEntry testId="da211e3c-9f1d-f546-44e8-9e7f99b45ad8" executionId="1e196de0-fda7-4cad-a279-5cc22d7c5c2c" testListId="8c84fa94-04c1-424b-9868-57a2d4851a1d" />
    <TestEntry testId="efee5f5b-bf2f-af97-afb6-89c78910439c" executionId="1fb0ad86-98ba-41b4-964e-e08fd2c7d32f" testListId="8c84fa94-04c1-424b-9868-57a2d4851a1d" />
    <TestEntry testId="0c6a5639-2d52-39b1-bf88-a4bbd5da00a5" executionId="b104dbf5-0bdb-4e0b-825d-296b8d1e6fe7" testListId="8c84fa94-04c1-424b-9868-57a2d4851a1d" />
    <TestEntry testId="afa8bbab-8291-43a0-ab8b-cb48bb6d0d29" executionId="33d7441b-556b-4b30-af32-69586786ccad" testListId="8c84fa94-04c1-424b-9868-57a2d4851a1d" />
    <TestEntry testId="f34db3bd-596b-f9a9-8424-fe822485b97a" executionId="9b93d230-4f24-479b-a75f-d290ad892fe6" testListId="8c84fa94-04c1-424b-9868-57a2d4851a1d" />
    <TestEntry testId="4440d98c-4bf4-3fe5-9d56-b98b0834d3a0" executionId="43e6b474-5424-42dc-a654-8fd3307804da" testListId="8c84fa94-04c1-424b-9868-57a2d4851a1d" />
    <TestEntry testId="c559bc6f-7219-24a2-5b39-f01df9cbe003" executionId="e23e6635-c6bb-4147-bd77-9131d9229ba0" testListId="8c84fa94-04c1-424b-9868-57a2d4851a1d" />
    <TestEntry testId="54c3c125-1ff2-ffa0-0399-83a019778fd4" executionId="510b754a-cb42-43ce-84e0-1fac73bd4dd0" testListId="8c84fa94-04c1-424b-9868-57a2d4851a1d" />
    <TestEntry testId="a521625e-c08d-c600-83fe-45c2deb80088" executionId="a41cfb5d-cef7-4842-b865-c54c9556ee34" testListId="8c84fa94-04c1-424b-9868-57a2d4851a1d" />
    <TestEntry testId="fda395e9-c61d-a188-e536-ef589283ca3f" executionId="c75f7e2c-f18d-433a-b4d1-28a05dfa270e" testListId="8c84fa94-04c1-424b-9868-57a2d4851a1d" />
    <TestEntry testId="48caba76-fb8e-f90d-2590-e786a9b4e1c4" executionId="2bd5261a-722f-4089-934f-c4c840e5fa4a" testListId="8c84fa94-04c1-424b-9868-57a2d4851a1d" />
    <TestEntry testId="2cade19e-7449-7465-4ce3-6687f49185b7" executionId="e59c729c-b1f0-4818-9f99-89d71c96ea35" testListId="8c84fa94-04c1-424b-9868-57a2d4851a1d" />
    <TestEntry testId="4f7f897d-5989-0211-ef22-e80a20e44536" executionId="946f3386-e9f4-4170-a67b-f991fca5ff7b" testListId="8c84fa94-04c1-424b-9868-57a2d4851a1d" />
    <TestEntry testId="b23c755e-0e85-385f-3ef6-e5855a84cd28" executionId="1af52d82-4e08-4647-93ec-5db8e84ab6ed" testListId="8c84fa94-04c1-424b-9868-57a2d4851a1d" />
    <TestEntry testId="6814db7f-f796-9a01-a76c-c5a1dad62384" executionId="4ef09e59-9c3d-4347-b186-d97bed560fa0" testListId="8c84fa94-04c1-424b-9868-57a2d4851a1d" />
    <TestEntry testId="9a03c6f5-c08c-ceff-81af-c1112c7f3c16" executionId="1b305ecb-71d1-4c0f-9f7b-d167e45dc4f4" testListId="8c84fa94-04c1-424b-9868-57a2d4851a1d" />
    <TestEntry testId="a3d0da4e-9160-fd4a-3221-a23e27180d71" executionId="63607bbf-6bb4-423c-aa54-8fe21036cdc2" testListId="8c84fa94-04c1-424b-9868-57a2d4851a1d" />
    <TestEntry testId="b99ccc33-e29f-bdb8-2df6-2873fcea41d3" executionId="3f4fd039-cf74-4b42-8bfc-db0250753b1d" testListId="8c84fa94-04c1-424b-9868-57a2d4851a1d" />
    <TestEntry testId="a72c6728-2407-c023-6bbf-cb7e63811402" executionId="60bd7568-d355-45db-8d7a-85b4d58f7fd7" testListId="8c84fa94-04c1-424b-9868-57a2d4851a1d" />
    <TestEntry testId="c4ceb23f-a823-cd65-6e70-e1c9428e8808" executionId="a231bd3e-5c30-40ea-a8dd-54aa28251fa4" testListId="8c84fa94-04c1-424b-9868-57a2d4851a1d" />
    <TestEntry testId="f1bf17d0-4149-5d0f-1731-7b0d910fbb11" executionId="51425c21-6373-4fb7-8c9d-5cf21d9dcf69" testListId="8c84fa94-04c1-424b-9868-57a2d4851a1d" />
    <TestEntry testId="746bf9ae-c9a5-9aa7-ee9e-677654851519" executionId="46a208f4-528b-4080-ac96-16dd219896f5" testListId="8c84fa94-04c1-424b-9868-57a2d4851a1d" />
    <TestEntry testId="2fd00c3c-4d8e-d6e1-89e8-dbcd7cea9619" executionId="cbd01e9f-785a-4769-aef7-02e79a9483e8" testListId="8c84fa94-04c1-424b-9868-57a2d4851a1d" />
    <TestEntry testId="4dbb7553-3600-86ae-f942-a7991d08ae58" executionId="e0c1982c-e9d2-4271-b0e5-ff675dfdd084" testListId="8c84fa94-04c1-424b-9868-57a2d4851a1d" />
    <TestEntry testId="dcf84de5-01c4-1532-6bef-86afde18789d" executionId="684b249d-b393-42ca-9403-cda12037928e" testListId="8c84fa94-04c1-424b-9868-57a2d4851a1d" />
    <TestEntry testId="af5f2034-dfe4-31b8-67c1-abf4ef4afa28" executionId="407506b0-a4a4-423a-9be1-21aedd7cda48" testListId="8c84fa94-04c1-424b-9868-57a2d4851a1d" />
    <TestEntry testId="5ae81975-7c04-40e1-fdbb-65b83ea56b6e" executionId="31071832-de34-4ce0-9e55-7d277e727129" testListId="8c84fa94-04c1-424b-9868-57a2d4851a1d" />
    <TestEntry testId="999db0a8-fe24-5bde-4c85-d7b9f0b6f9aa" executionId="850eedae-b95b-4edc-95f9-c9afb83d5ea4" testListId="8c84fa94-04c1-424b-9868-57a2d4851a1d" />
    <TestEntry testId="af2cf739-8336-d5c9-48c2-bb415975460e" executionId="d2a5180a-7f08-48e3-a692-add152924a66" testListId="8c84fa94-04c1-424b-9868-57a2d4851a1d" />
    <TestEntry testId="fac26745-a1c0-94c3-e00b-99c2b0e1e942" executionId="b92889c5-5438-4876-bac2-f986090b0a93" testListId="8c84fa94-04c1-424b-9868-57a2d4851a1d" />
    <TestEntry testId="dba1b91a-434d-3ae5-8b9e-3fa81606e0b6" executionId="e7058b21-ac3c-46fa-ae22-3ab1373f93c1" testListId="8c84fa94-04c1-424b-9868-57a2d4851a1d" />
    <TestEntry testId="6f5feb85-96fb-bd12-712c-d17089389bfe" executionId="31031246-bc27-4ba2-a231-f367c4c62688" testListId="8c84fa94-04c1-424b-9868-57a2d4851a1d" />
    <TestEntry testId="d175420c-7aa4-d110-c036-c1c12795b5e9" executionId="8b0509db-3adf-4132-8097-a9b1a82c5272" testListId="8c84fa94-04c1-424b-9868-57a2d4851a1d" />
    <TestEntry testId="bcc267a4-dbda-8a01-880c-73e1727bc467" executionId="9a31ea8b-6bf5-4777-ae7f-ae2a6119d43d" testListId="8c84fa94-04c1-424b-9868-57a2d4851a1d" />
    <TestEntry testId="bf0a5a5b-1ff7-5a22-520a-da68a257e932" executionId="3728c427-9d43-45bd-95a6-726455d91402" testListId="8c84fa94-04c1-424b-9868-57a2d4851a1d" />
    <TestEntry testId="0b16cd31-f558-0ec2-3246-324551080331" executionId="cc2f12c6-e81c-46d5-87e8-573454ee601b" testListId="8c84fa94-04c1-424b-9868-57a2d4851a1d" />
    <TestEntry testId="4da5b30a-93f0-c040-5cd4-6b36c18a1e35" executionId="712f5ffa-f5ff-4835-85da-7f48bf533c75" testListId="8c84fa94-04c1-424b-9868-57a2d4851a1d" />
    <TestEntry testId="d31f9a87-1a3e-5ff2-4334-d136e5e7557d" executionId="106465ef-29d1-4684-be61-7b2f95e1b4fa" testListId="8c84fa94-04c1-424b-9868-57a2d4851a1d" />
    <TestEntry testId="2494e10a-c4e6-f6ff-960c-484b47d07265" executionId="fad216fb-0078-4ed9-a496-7f8404e9eb71" testListId="8c84fa94-04c1-424b-9868-57a2d4851a1d" />
    <TestEntry testId="b42f154c-c4f7-08a0-8100-d2aa2ee94cb4" executionId="420a834b-acd1-412d-bce2-daafbb2afd98" testListId="8c84fa94-04c1-424b-9868-57a2d4851a1d" />
    <TestEntry testId="1b5efe7b-91dd-2a02-b74e-83af4dea0f63" executionId="744fab3b-a91c-4fb0-b416-1c8eff00730d" testListId="8c84fa94-04c1-424b-9868-57a2d4851a1d" />
    <TestEntry testId="4889572c-9904-75a4-9287-bc7b3d9c6fef" executionId="0290adaa-23b6-4ae0-9cb1-b2caafad815e" testListId="8c84fa94-04c1-424b-9868-57a2d4851a1d" />
    <TestEntry testId="deb2b41e-e9bb-04ac-5d00-0ed57bf93b0d" executionId="2ce3335a-65b1-452e-ac6c-e339e291cd97" testListId="8c84fa94-04c1-424b-9868-57a2d4851a1d" />
    <TestEntry testId="ddd6bd5b-1a8a-f0eb-fc8b-af81b60cbccb" executionId="0a16cf23-574f-4479-9cb0-93f412518366" testListId="8c84fa94-04c1-424b-9868-57a2d4851a1d" />
    <TestEntry testId="6dc067ef-8da7-206a-49cc-b7553eba5980" executionId="70dfac40-4bb1-40cc-9e6b-a43dada30aa9" testListId="8c84fa94-04c1-424b-9868-57a2d4851a1d" />
    <TestEntry testId="6a4ecd70-1afe-5e62-42b9-979f47ae7e6b" executionId="ab599766-88a7-49ea-ab6a-ea5c3b9b070f" testListId="8c84fa94-04c1-424b-9868-57a2d4851a1d" />
    <TestEntry testId="6cdbe40a-91ac-dc79-c675-ff5ce312f301" executionId="17f4c42f-1f62-417e-b93a-d7f072bfa726" testListId="8c84fa94-04c1-424b-9868-57a2d4851a1d" />
    <TestEntry testId="7d625488-5b7f-bd24-1103-e5546d8fc643" executionId="061b1211-8899-4132-a247-2067ba5a34fc" testListId="8c84fa94-04c1-424b-9868-57a2d4851a1d" />
    <TestEntry testId="32b204cd-cbe0-cb64-c0ed-ce6bf04393ce" executionId="a67b3d8f-52b0-4b81-bfce-85158435b762" testListId="8c84fa94-04c1-424b-9868-57a2d4851a1d" />
    <TestEntry testId="bdf44010-b43d-adf1-5547-2534d0eae7c4" executionId="a5b21050-5e62-4dd8-b3cd-d8c90dd07e56" testListId="8c84fa94-04c1-424b-9868-57a2d4851a1d" />
    <TestEntry testId="4a12e0c6-615e-d8dd-1e98-14db8b295a95" executionId="5591729c-77e9-42a8-82fa-63997c7a4c48" testListId="8c84fa94-04c1-424b-9868-57a2d4851a1d" />
    <TestEntry testId="025a785d-86d4-6c5a-e4fc-18951a9e0b20" executionId="8cb7adff-c677-4307-bf25-3679ff1250f6" testListId="8c84fa94-04c1-424b-9868-57a2d4851a1d" />
    <TestEntry testId="3d3af38b-9b8c-3bbb-1258-4e1e5e06fa92" executionId="fcfa341c-8d0e-40d1-bae9-3ac002fbd8a5" testListId="8c84fa94-04c1-424b-9868-57a2d4851a1d" />
    <TestEntry testId="4dd8e939-d4e2-70ad-ab18-443e02c86863" executionId="ca321e75-67be-4955-a926-f568ad6721ee" testListId="8c84fa94-04c1-424b-9868-57a2d4851a1d" />
    <TestEntry testId="fb23d2ac-7ebf-1dab-daf6-86904d6479f7" executionId="e88275f6-b99a-435c-869a-012e9805e316" testListId="8c84fa94-04c1-424b-9868-57a2d4851a1d" />
    <TestEntry testId="6340b443-6c83-41ad-4a6f-d2dcc5129466" executionId="002d77bd-4c24-4bdf-b4fe-851d164c2aa7" testListId="8c84fa94-04c1-424b-9868-57a2d4851a1d" />
    <TestEntry testId="60ba069d-d0d8-6edf-64c1-48ae9af957e0" executionId="3681f7aa-5843-4f16-a024-c3cf677d4144" testListId="8c84fa94-04c1-424b-9868-57a2d4851a1d" />
    <TestEntry testId="fda5dcd8-6d0a-660c-059e-b5ffe8989d93" executionId="28d7f177-35fb-4b5e-bf1d-237ed3b9ada4" testListId="8c84fa94-04c1-424b-9868-57a2d4851a1d" />
    <TestEntry testId="2ad75ba2-db35-50aa-2732-80bf10ef6972" executionId="1983ed7b-473c-4963-b1ec-3c4b92bdbe9c" testListId="8c84fa94-04c1-424b-9868-57a2d4851a1d" />
    <TestEntry testId="c13958cc-7902-f554-05aa-e958585052ec" executionId="d6caf8d6-a16f-44f3-bb7f-808781ad3bf6" testListId="8c84fa94-04c1-424b-9868-57a2d4851a1d" />
    <TestEntry testId="828544d6-6b7d-b753-659f-0b6818d15060" executionId="4297ede3-fe2f-4d9f-a3e6-eabef1edb10a" testListId="8c84fa94-04c1-424b-9868-57a2d4851a1d" />
    <TestEntry testId="7ed8f684-1492-307d-35f6-d83c75f69840" executionId="fba414dc-66ca-45dc-a3e6-6c42f4494ccf" testListId="8c84fa94-04c1-424b-9868-57a2d4851a1d" />
    <TestEntry testId="a59eb1c7-5d27-0ea0-6495-ceb441210684" executionId="ef19e35e-cd6f-45a3-9ef2-e916fa0028c0" testListId="8c84fa94-04c1-424b-9868-57a2d4851a1d" />
    <TestEntry testId="12332f85-6332-b624-8bc2-754c4631dc45" executionId="62ee2cb2-8192-4022-9415-67ed2b82ef50" testListId="8c84fa94-04c1-424b-9868-57a2d4851a1d" />
    <TestEntry testId="cffb8b87-5d5e-780e-2caf-bd5f5c0276fe" executionId="cc472aea-4996-4b1e-a804-2b7552092531" testListId="8c84fa94-04c1-424b-9868-57a2d4851a1d" />
    <TestEntry testId="0832b3b8-7062-e85f-d997-5fd7d869a8c5" executionId="de2292f7-5518-4f85-a21b-0304ab6c6215" testListId="8c84fa94-04c1-424b-9868-57a2d4851a1d" />
    <TestEntry testId="9c229252-bc66-2929-d6fe-8ae8c76a82e7" executionId="868bd90e-d620-4720-b136-483be15a1e98" testListId="8c84fa94-04c1-424b-9868-57a2d4851a1d" />
    <TestEntry testId="d3161439-cbb6-62e4-d892-e90025dfdf44" executionId="4c85f544-1351-4f55-9f9b-ec63d26af350" testListId="8c84fa94-04c1-424b-9868-57a2d4851a1d" />
    <TestEntry testId="caf70aff-1097-250a-4e97-5be3a2b13024" executionId="8c054472-b505-4d0d-b19c-23928bb5492e" testListId="8c84fa94-04c1-424b-9868-57a2d4851a1d" />
    <TestEntry testId="5ae7b343-844f-3211-1925-f8494414b632" executionId="ad29c8f5-d02e-4e94-8a11-4d37fe5d8115" testListId="8c84fa94-04c1-424b-9868-57a2d4851a1d" />
    <TestEntry testId="cce01d2d-e528-bfa8-3acc-03d60826c4a6" executionId="cb0cec30-08e7-43ba-8b23-eed6697ba6d9" testListId="8c84fa94-04c1-424b-9868-57a2d4851a1d" />
    <TestEntry testId="68eca081-fbfa-278b-7674-49ba5f237380" executionId="b620c949-87a1-49b9-acb7-e3eb275d38b7" testListId="8c84fa94-04c1-424b-9868-57a2d4851a1d" />
    <TestEntry testId="2fcc5ca3-e470-4919-05b7-2f45b13c713d" executionId="4d896133-b5f4-4343-a429-0981919c921d" testListId="8c84fa94-04c1-424b-9868-57a2d4851a1d" />
    <TestEntry testId="bae43588-f2a6-cd63-9a31-16c082c8917d" executionId="64878f33-cb3a-499e-b7a7-fe2f3c2e377a" testListId="8c84fa94-04c1-424b-9868-57a2d4851a1d" />
    <TestEntry testId="a3293d1b-c82f-750f-ede2-7ff450151551" executionId="0f8786c8-e0ed-4b13-b8e6-162a9c85224e" testListId="8c84fa94-04c1-424b-9868-57a2d4851a1d" />
    <TestEntry testId="9d2cc440-14b0-6094-fcb6-c449f930cafd" executionId="e67eaa9b-4bbd-4dec-ba68-86cd9b93d7c8" testListId="8c84fa94-04c1-424b-9868-57a2d4851a1d" />
    <TestEntry testId="eaa8eab8-2a4d-c94b-b8e6-a2e16c5f89eb" executionId="912d1049-19be-469a-b759-e404d0565181" testListId="8c84fa94-04c1-424b-9868-57a2d4851a1d" />
    <TestEntry testId="f348b6da-bbf3-61cc-cd8f-57a5153821a4" executionId="2f84a7e7-689e-43c1-a00e-513a5d954012" testListId="8c84fa94-04c1-424b-9868-57a2d4851a1d" />
    <TestEntry testId="70648f68-0583-176b-bbb8-a316279966b9" executionId="e3153469-8e4f-449f-9f42-e9f341a93ab1" testListId="8c84fa94-04c1-424b-9868-57a2d4851a1d" />
    <TestEntry testId="29a66d57-49d9-0576-102c-de0011c4e183" executionId="26626a23-2ebd-4f12-a49b-2b3b7f7a90db" testListId="8c84fa94-04c1-424b-9868-57a2d4851a1d" />
    <TestEntry testId="6dbc52b6-cefb-3dce-0ffd-3051dbdc8d07" executionId="1695edf5-b200-40f4-be11-7671c2a0618d" testListId="8c84fa94-04c1-424b-9868-57a2d4851a1d" />
    <TestEntry testId="3bdb4c95-1d2d-5f32-7c1a-d2332fcf184f" executionId="644697f5-5889-4c7c-b113-beffef00b51a" testListId="8c84fa94-04c1-424b-9868-57a2d4851a1d" />
    <TestEntry testId="9a58035f-97bb-2835-0487-fbee1dd72eeb" executionId="09080ba2-4715-419f-bb56-50d2d6d6416a" testListId="8c84fa94-04c1-424b-9868-57a2d4851a1d" />
    <TestEntry testId="37264fb5-406a-d203-3631-d9ac1ee63963" executionId="ebdbc807-7c47-4ff3-84f3-62431349b012" testListId="8c84fa94-04c1-424b-9868-57a2d4851a1d" />
    <TestEntry testId="df354380-bace-5ba7-bc44-e2dc4c49920b" executionId="c2a615d8-2262-449f-ad35-15a13ced26ed" testListId="8c84fa94-04c1-424b-9868-57a2d4851a1d" />
    <TestEntry testId="5ede6058-311e-9d05-d9df-a64d91ec04f3" executionId="e3af1813-0c34-44b7-9886-62c573f717a5" testListId="8c84fa94-04c1-424b-9868-57a2d4851a1d" />
    <TestEntry testId="d6ebd321-e6fb-5951-f224-50f674f04339" executionId="cb549839-2ccc-41d8-8ac3-23102ff22955" testListId="8c84fa94-04c1-424b-9868-57a2d4851a1d" />
    <TestEntry testId="083c3d66-300f-8cff-ab43-566261a19d32" executionId="04de1858-d8bc-4a57-bd10-288e9ea11662" testListId="8c84fa94-04c1-424b-9868-57a2d4851a1d" />
    <TestEntry testId="265aac8e-ccd1-b03c-caa4-7170822abb60" executionId="364a9254-a1be-4964-a6fa-ec863aec0d1d" testListId="8c84fa94-04c1-424b-9868-57a2d4851a1d" />
    <TestEntry testId="50266b9f-b52f-f595-8d3f-f87d6b567e90" executionId="fc771e28-56fb-430c-b190-2f338b6a8e44" testListId="8c84fa94-04c1-424b-9868-57a2d4851a1d" />
    <TestEntry testId="8990d43c-509d-4d73-2a49-328d0e7df656" executionId="a205ed24-5a86-4f87-8c7c-f4cb69359213" testListId="8c84fa94-04c1-424b-9868-57a2d4851a1d" />
    <TestEntry testId="147bc523-ba92-e043-9818-bc12e6aa8405" executionId="08ec9f5e-9c61-4a94-a5a3-6777ebbf0fff" testListId="8c84fa94-04c1-424b-9868-57a2d4851a1d" />
    <TestEntry testId="5c643f84-7344-3992-557d-52d90c512dfb" executionId="63937bbe-b5f6-493d-85b0-6d5de8883763" testListId="8c84fa94-04c1-424b-9868-57a2d4851a1d" />
    <TestEntry testId="157508d9-f7f3-a19e-4ab1-8412c3fc7ccb" executionId="ea8dbb0f-491c-42ba-a564-c7186c6a5998" testListId="8c84fa94-04c1-424b-9868-57a2d4851a1d" />
    <TestEntry testId="ed3dd5c8-9500-0285-7163-30226d53f2e9" executionId="85ebdc69-d270-4cf4-b146-cb5cf5b256ed" testListId="8c84fa94-04c1-424b-9868-57a2d4851a1d" />
    <TestEntry testId="f3b66c9f-63cf-69f4-071b-1a0ba5a345ac" executionId="5e43aaed-f806-4102-a1f0-9cdf6920a165" testListId="8c84fa94-04c1-424b-9868-57a2d4851a1d" />
    <TestEntry testId="3bf67842-d389-e99d-bc24-9487c13ccd24" executionId="34fbf2bf-10ea-420c-9f5f-2bf8729660c3" testListId="8c84fa94-04c1-424b-9868-57a2d4851a1d" />
    <TestEntry testId="21595624-a971-b92b-5cce-97e512083bc7" executionId="74184867-d4a4-4717-ac52-d9100d7d5ea4" testListId="8c84fa94-04c1-424b-9868-57a2d4851a1d" />
    <TestEntry testId="cc40382d-72cc-8c90-04f7-db82e05cebca" executionId="df1476d5-7173-4a84-941b-3c0e0d022101" testListId="8c84fa94-04c1-424b-9868-57a2d4851a1d" />
    <TestEntry testId="dd43662e-817a-5b1f-b263-d45e374fa79a" executionId="9b9e2af5-eb0e-4021-be9b-b5ae594135d3" testListId="8c84fa94-04c1-424b-9868-57a2d4851a1d" />
    <TestEntry testId="8a6355ad-a3d7-e1a7-0e82-dbfd584dff16" executionId="49039b23-b4ad-4914-87b1-89c3c626d519" testListId="8c84fa94-04c1-424b-9868-57a2d4851a1d" />
    <TestEntry testId="cf6cff02-1693-234d-9bd0-e4025b9aa52d" executionId="9af9e939-19d7-483c-91c8-2bd9cddc68d5" testListId="8c84fa94-04c1-424b-9868-57a2d4851a1d" />
    <TestEntry testId="5238ca88-bc0d-5cca-5b73-20c0fbd8597b" executionId="90ccd982-abb7-45f5-891a-6bdcf568f94c" testListId="8c84fa94-04c1-424b-9868-57a2d4851a1d" />
    <TestEntry testId="a71d81d8-818f-8723-f181-8345e4a8cc35" executionId="3c04656c-4b8e-4392-ab7f-0f73dbe6b0a5" testListId="8c84fa94-04c1-424b-9868-57a2d4851a1d" />
    <TestEntry testId="cda5a7e7-0681-8eb0-815d-fcce846114b2" executionId="bf65b711-d09d-4559-b09f-de71d58bdbe3" testListId="8c84fa94-04c1-424b-9868-57a2d4851a1d" />
    <TestEntry testId="4f314e5c-ac18-1029-31e1-e89c7b001012" executionId="69229e11-0b60-4be1-9689-b58b76628e66" testListId="8c84fa94-04c1-424b-9868-57a2d4851a1d" />
    <TestEntry testId="dd031793-9835-a725-1ec8-295ead7214c7" executionId="41351b0a-fd7c-4543-a41e-06d54578d162" testListId="8c84fa94-04c1-424b-9868-57a2d4851a1d" />
    <TestEntry testId="058247e4-847f-9bac-9115-e6e6e1d7b680" executionId="dec3456b-c391-4a90-b992-5e7ab3909155" testListId="8c84fa94-04c1-424b-9868-57a2d4851a1d" />
    <TestEntry testId="2367d3ae-ffdb-2f98-2971-2356e90fe0de" executionId="ec43e91a-e8f5-4309-82a7-d26ec6ba9c82" testListId="8c84fa94-04c1-424b-9868-57a2d4851a1d" />
    <TestEntry testId="3cca0e93-b7e4-f8d6-68da-a0929d9a8de5" executionId="32f52e3c-c6a0-4b5f-bfc9-ac074a7db56b" testListId="8c84fa94-04c1-424b-9868-57a2d4851a1d" />
    <TestEntry testId="df410fd5-2617-1d60-2c44-580d11f442e1" executionId="15ec6149-a1d3-421f-a6be-25766d4a2f07" testListId="8c84fa94-04c1-424b-9868-57a2d4851a1d" />
    <TestEntry testId="a2435da7-1509-ea03-f1cb-1c86c07f2c74" executionId="6344403a-361c-41e2-9a0e-e7db2b563461" testListId="8c84fa94-04c1-424b-9868-57a2d4851a1d" />
    <TestEntry testId="2366ccf7-6468-7c28-2426-a0d267bd2de4" executionId="905e34bc-8e22-4f6c-8e73-813aa49e1e57" testListId="8c84fa94-04c1-424b-9868-57a2d4851a1d" />
    <TestEntry testId="86681a82-a690-acbb-ae4e-f3670320a582" executionId="49b050ea-60ae-44ca-9133-f39ac44efd2e" testListId="8c84fa94-04c1-424b-9868-57a2d4851a1d" />
    <TestEntry testId="d0b5073f-6d1d-7f7d-895d-e21925277012" executionId="cfec73d9-19ff-4523-ac32-7c19acf657c0" testListId="8c84fa94-04c1-424b-9868-57a2d4851a1d" />
    <TestEntry testId="26ec210f-7154-73ea-ee6a-852efff392f5" executionId="9ff5b211-370d-45e3-9e16-fb7335964ed7" testListId="8c84fa94-04c1-424b-9868-57a2d4851a1d" />
    <TestEntry testId="ff74abee-2611-2d2c-9dff-144059110441" executionId="7f01641c-d03b-4175-aef1-bf525f6da874" testListId="8c84fa94-04c1-424b-9868-57a2d4851a1d" />
    <TestEntry testId="2127c001-9ff3-5897-0a37-d2ad20f39f18" executionId="2353ea57-7ceb-4022-b11f-37bc3bd1c0f1" testListId="8c84fa94-04c1-424b-9868-57a2d4851a1d" />
    <TestEntry testId="8ac3fb20-f06b-94ae-f49f-0ddbc59cba3c" executionId="2260863a-5d0b-4c45-aead-d08ee861a957" testListId="8c84fa94-04c1-424b-9868-57a2d4851a1d" />
    <TestEntry testId="452737d3-1555-0b1e-522a-2533beac486c" executionId="157301bd-0d50-44f3-b904-abfefdb44e74" testListId="8c84fa94-04c1-424b-9868-57a2d4851a1d" />
    <TestEntry testId="a9e8d053-b83b-df7a-3c91-eded390ff92e" executionId="d019b309-5ea9-4131-89ae-7bd7d36c2f4c" testListId="8c84fa94-04c1-424b-9868-57a2d4851a1d" />
    <TestEntry testId="47b16b41-c458-ff1a-a3bf-ac9f24d2dd30" executionId="06f7c20e-17e5-493e-9eee-f9d8d6814537" testListId="8c84fa94-04c1-424b-9868-57a2d4851a1d" />
    <TestEntry testId="a79c10af-32d3-3f57-2087-1645d475d080" executionId="de2db40d-66a1-4278-bc10-d6952970b592" testListId="8c84fa94-04c1-424b-9868-57a2d4851a1d" />
    <TestEntry testId="3ad1ff71-94ad-d8d0-ea4e-122f6ddf10d6" executionId="424d37a5-0177-41cd-a1a5-844f673bcf96" testListId="8c84fa94-04c1-424b-9868-57a2d4851a1d" />
    <TestEntry testId="ded313f0-0a7a-62b0-58d2-f52e404347d6" executionId="09da4793-3f7d-4352-ab62-d386ce09a213" testListId="8c84fa94-04c1-424b-9868-57a2d4851a1d" />
    <TestEntry testId="61fbd6a5-c0b6-804a-541a-233fb3e3a5fc" executionId="e0ddd386-7224-45ef-a942-7b241d067c67" testListId="8c84fa94-04c1-424b-9868-57a2d4851a1d" />
    <TestEntry testId="79215461-d29a-148e-8e12-55ea681d5461" executionId="1b2612b0-3be8-4ada-84ea-2bfb80a255ce" testListId="8c84fa94-04c1-424b-9868-57a2d4851a1d" />
    <TestEntry testId="5b7340de-96f5-9ecd-33f7-da0f35f1c055" executionId="9951df7a-d170-4d3c-8699-ecad650560b2" testListId="8c84fa94-04c1-424b-9868-57a2d4851a1d" />
    <TestEntry testId="d0011cc1-9b27-4f53-5bd5-911806f08d5f" executionId="2a634ec2-0ea0-42b2-8ebb-cf7dcd80e43c" testListId="8c84fa94-04c1-424b-9868-57a2d4851a1d" />
    <TestEntry testId="9fa58553-5174-5368-0928-c84907947286" executionId="8530913f-c7a5-456c-880f-2c30b97c2b6a" testListId="8c84fa94-04c1-424b-9868-57a2d4851a1d" />
    <TestEntry testId="4977991a-bb22-6509-0851-eef7c98ce406" executionId="b408dad0-5bd3-487d-8086-ebeac317a014" testListId="8c84fa94-04c1-424b-9868-57a2d4851a1d" />
    <TestEntry testId="25a5292d-5768-f75b-3cd1-9d0b1e8c6146" executionId="277c4471-c5a9-43ea-90f2-b4e879abedb4" testListId="8c84fa94-04c1-424b-9868-57a2d4851a1d" />
    <TestEntry testId="200fa7a4-c66b-f526-dd80-bf4bc2260072" executionId="a4b501be-8c3c-4f6c-9b1b-78be40d89b4c" testListId="8c84fa94-04c1-424b-9868-57a2d4851a1d" />
    <TestEntry testId="facc2723-5980-e6a9-5afe-71354f3d5f88" executionId="16a7e789-e78c-4b49-ba37-653503231f6a" testListId="8c84fa94-04c1-424b-9868-57a2d4851a1d" />
    <TestEntry testId="42694d02-4851-b3d6-8df1-06218e375605" executionId="cb2e2463-558a-432f-8842-ecbd9e2c0725" testListId="8c84fa94-04c1-424b-9868-57a2d4851a1d" />
    <TestEntry testId="8ef6a67f-294b-4cd1-854f-487e2c8870f8" executionId="52bbc557-f20f-4538-831d-50a379979ea0" testListId="8c84fa94-04c1-424b-9868-57a2d4851a1d" />
    <TestEntry testId="e0644a33-f6db-45b5-4876-0bff2f27be21" executionId="4cf8baad-8983-4f97-9f8b-83204223408d" testListId="8c84fa94-04c1-424b-9868-57a2d4851a1d" />
    <TestEntry testId="3f0b50ff-cba9-f5e4-bcaf-9f7b40f3a064" executionId="ab59ee79-3f57-45f9-a216-f0815ad421a2" testListId="8c84fa94-04c1-424b-9868-57a2d4851a1d" />
    <TestEntry testId="eee8025f-7c48-bd89-335b-3320e701defc" executionId="a2884201-fc48-42cd-988f-afdea9be1493" testListId="8c84fa94-04c1-424b-9868-57a2d4851a1d" />
    <TestEntry testId="04794404-f80d-031f-5267-24edce7443ce" executionId="51616591-4b7e-4823-afe2-aec907abde5d" testListId="8c84fa94-04c1-424b-9868-57a2d4851a1d" />
    <TestEntry testId="2ea49c75-9df4-96a4-9c3d-c0368fdd6dda" executionId="dab0020d-bf73-4ab5-825c-454c2139f5ef" testListId="8c84fa94-04c1-424b-9868-57a2d4851a1d" />
    <TestEntry testId="ec01bfb8-53be-cb50-753a-1ee591890f44" executionId="59ddaead-684a-43bc-9efe-57a58700d1c1" testListId="8c84fa94-04c1-424b-9868-57a2d4851a1d" />
    <TestEntry testId="900c402a-8090-f9f7-0d00-c6466ad361c0" executionId="9892a51e-b037-4410-915c-067a02c10c48" testListId="8c84fa94-04c1-424b-9868-57a2d4851a1d" />
    <TestEntry testId="83037501-1e70-b466-0069-a0da9042c704" executionId="95114e32-49e8-494c-8f5c-132f581eaee9" testListId="8c84fa94-04c1-424b-9868-57a2d4851a1d" />
    <TestEntry testId="77fd1dc2-7239-1208-6131-50d52ad75eeb" executionId="76fcf578-c974-436f-a25e-b71f81f482e0" testListId="8c84fa94-04c1-424b-9868-57a2d4851a1d" />
    <TestEntry testId="0e9c0fb5-739b-49ff-c403-838fc40fd070" executionId="c7ef7a31-526a-47a5-be85-a6281b366b16" testListId="8c84fa94-04c1-424b-9868-57a2d4851a1d" />
    <TestEntry testId="b444ffd3-343f-2413-7d3e-54eddea84c1d" executionId="06a9db20-2986-452c-8d8e-8bc2d2e31b15" testListId="8c84fa94-04c1-424b-9868-57a2d4851a1d" />
    <TestEntry testId="f5557c5a-f858-ebbe-2929-6b6c144ddfcf" executionId="9f73b101-daa3-4589-ad2b-5a079e58b758" testListId="8c84fa94-04c1-424b-9868-57a2d4851a1d" />
    <TestEntry testId="5004dae6-4d61-0738-4a19-0627d5692068" executionId="ac23ce04-87b2-4588-8ac1-9767b9ec97af" testListId="8c84fa94-04c1-424b-9868-57a2d4851a1d" />
    <TestEntry testId="c2820a40-5ed4-cd46-997f-46b42502f8bd" executionId="b1eb2d41-f632-40ae-9c29-99d879432326" testListId="8c84fa94-04c1-424b-9868-57a2d4851a1d" />
    <TestEntry testId="9f30d879-be44-c57d-e5d2-4f85f358c604" executionId="14d25a75-d9f9-4d7c-ab53-8177d0b92b8c" testListId="8c84fa94-04c1-424b-9868-57a2d4851a1d" />
    <TestEntry testId="79bae442-5d47-f611-a0a6-dbcf5e6d8588" executionId="9a952502-a7b4-4124-a5ea-291744fe886b" testListId="8c84fa94-04c1-424b-9868-57a2d4851a1d" />
    <TestEntry testId="12697e55-7c33-4e3e-f1db-7eac666103fc" executionId="1b12b258-c7db-4ac1-ae73-060ac7dcb5df" testListId="8c84fa94-04c1-424b-9868-57a2d4851a1d" />
    <TestEntry testId="d13326fa-85d5-f8e6-9db5-df0deda5a1eb" executionId="e4db525e-9a4e-45eb-b332-f0df694f1eca" testListId="8c84fa94-04c1-424b-9868-57a2d4851a1d" />
    <TestEntry testId="5feb72cb-303e-0fb3-947e-9fe5781ce97f" executionId="f480d72a-b348-480d-9a56-5d52736e62dc" testListId="8c84fa94-04c1-424b-9868-57a2d4851a1d" />
    <TestEntry testId="a8c8f60c-43b3-4f31-fd52-e133af690153" executionId="9dc29eee-bbe3-4974-87b4-95a22ef55ffc" testListId="8c84fa94-04c1-424b-9868-57a2d4851a1d" />
  </TestEntries>
  <TestLists>
    <TestList name="Results Not in a List" id="8c84fa94-04c1-424b-9868-57a2d4851a1d" />
    <TestList name="All Loaded Results" id="19431567-8539-422a-85d7-44ee4e166bda" />
  </TestLists>
  <ResultSummary outcome="Failed">
    <Counters total="1238" executed="1238" passed="1229" failed="9" error="0" timeout="0" aborted="0" inconclusive="0" passedButRunAborted="0" notRunnable="0" notExecuted="0" disconnected="0" warning="0" completed="0" inProgress="0" pending="0" />
    <Output>
      <StdOut>NUnit Adapter 3.13.0.0: Test execution startedRunning all tests in C:\GitLab-Runner\builds\wr8MmWYb\0\LiveStats\LiveStats.Football\Source\Test\FunctionalTests\bin\Automation\net472\GeniusSports.LiveStats.Football.FunctionalTests.dll   NUnit3TestExecutor converted 1373 of 1373 NUnit test casesNUnit Adapter 3.13.0.0: Test execution complete</StdOut>
    </Output>
  </ResultSummary>
</TestRun>